0.2676 0.288 0.3204
0.2624 0.28612 0.3236
0.26 0.27792 0.2998
0.2634 0.29906 0.338
0.266 0.29124 0.3304
0.2628 0.2918 0.3224
0.2776 0.3074 0.3484
0.2822 0.30436 0.3308
0.2592 0.29002 0.3312
0.265 0.30008 0.348
0.28 0.29876 0.321
0.2738 0.29754 0.3258
0.2836 0.31056 0.3492
0.2916 0.31318 0.3464
0.2828 0.31036 0.334
0.259 0.30562 0.3376
0.2906 0.31422 0.3456
0.2974 0.32108 0.3474
0.2988 0.3177 0.3592
0.2876 0.31442 0.3324
0.274 0.31336 0.3514
0.277 0.3071 0.342
0.2856 0.3103 0.3336
0.3074 0.32684 0.3554
0.2944 0.31582 0.3368
0.2932 0.31438 0.3534
0.2908 0.32046 0.3432
0.2878 0.31572 0.3414
0.2916 0.30838 0.3318
0.2694 0.30098 0.3352
0.2966 0.32236 0.3694
0.2896 0.3128 0.3322
0.2692 0.31798 0.3492
0.2814 0.30492 0.3334
0.2952 0.311 0.3362
0.2748 0.32274 0.3686
0.3054 0.32612 0.3466
0.2816 0.30924 0.3326
0.294 0.32452 0.3506
0.3064 0.3288 0.361
0.3104 0.32834 0.3478
0.305 0.3237 0.351
0.2894 0.31896 0.3378
0.296 0.3245 0.3548
0.305 0.31818 0.3334
0.292 0.32396 0.367
0.3004 0.32292 0.351
0.2946 0.32086 0.3562
0.3116 0.33146 0.3638
0.305 0.32324 0.3454
0.3056 0.33942 0.3764
0.3162 0.33012 0.3484
0.3104 0.33974 0.3612
0.3142 0.3358 0.3608
0.3066 0.33886 0.3772
0.3114 0.34072 0.3882
0.3084 0.33288 0.3496
0.3124 0.32756 0.3498
0.2994 0.32908 0.3626
0.2986 0.33194 0.3736
0.3008 0.32456 0.3472
0.2976 0.32626 0.3472
0.3 0.32634 0.3618
0.297 0.32284 0.354
0.3018 0.32582 0.359
0.3096 0.33586 0.3766
0.3076 0.33382 0.3656
0.307 0.31944 0.3364
0.3006 0.33094 0.3606
0.2874 0.31946 0.342
0.294 0.32442 0.3638
0.311 0.3266 0.3494
0.283 0.3218 0.3488
0.297 0.33042 0.3466
0.3026 0.33434 0.3618
0.3242 0.34354 0.3684
0.3072 0.33948 0.3756
0.3056 0.34118 0.3664
0.3116 0.3418 0.3626
0.3046 0.33818 0.3698
0.309 0.33232 0.3616
0.3186 0.33708 0.3554
0.3088 0.33956 0.3736
0.3098 0.33224 0.3468
0.3098 0.33768 0.3752
0.316 0.33188 0.3514
0.2942 0.32716 0.3598
0.3024 0.3293 0.357
0.298 0.31792 0.3388
0.2872 0.32598 0.36
0.2966 0.32366 0.3478
0.3018 0.33048 0.368
0.2962 0.32166 0.3402
0.2904 0.31686 0.3426
0.3146 0.33872 0.36
0.308 0.33112 0.3508
0.3106 0.3401 0.3718
0.3054 0.32846 0.3462
0.293 0.32854 0.349
0.2938 0.33242 0.3696
0.3216 0.34026 0.377
0.3194 0.34446 0.3782
0.306 0.347 0.3898
0.3134 0.35148 0.3822
0.3366 0.35162 0.3628
0.308 0.34132 0.3528
0.3122 0.33446 0.376
0.328 0.3435 0.3662
0.3038 0.33814 0.3626
0.2904 0.32576 0.3558
0.3192 0.3406 0.3724
0.314 0.33676 0.359
0.2994 0.33818 0.387
0.3268 0.34458 0.3714
0.3026 0.33998 0.379
0.3044 0.33106 0.3582
0.3188 0.33672 0.3738
0.3168 0.35104 0.3912
0.3076 0.34152 0.3764
0.319 0.34928 0.3726
0.3286 0.36206 0.3996
0.3208 0.34968 0.3922
0.302 0.3407 0.366
0.3208 0.34992 0.3936
0.3238 0.35976 0.403
0.323 0.35148 0.3966
0.3172 0.34916 0.3908
0.2978 0.33104 0.363
0.3096 0.34446 0.3708
0.33 0.35064 0.3742
0.318 0.33972 0.3582
0.3144 0.35478 0.3884
0.308 0.35706 0.3886
0.3186 0.35318 0.4118
0.327 0.36678 0.383
0.3346 0.35712 0.3858
0.3104 0.35546 0.373
0.3208 0.35752 0.3834
0.3434 0.36712 0.3936
0.333 0.37596 0.4436
0.3384 0.373 0.4204
0.3496 0.37368 0.402
0.3294 0.3738 0.412
0.3294 0.36058 0.446
0.337 0.3687 0.3924
0.35 0.37594 0.4094
0.3324 0.36102 0.3852
0.3416 0.36448 0.3844
0.3244 0.35946 0.3898
0.3566 0.37744 0.4024
0.3352 0.36992 0.398
0.3454 0.3732 0.4434
0.3456 0.37946 0.4002
0.357 0.38016 0.4202
0.348 0.376 0.4136
0.3392 0.36224 0.3976
0.3548 0.38902 0.4418
0.3272 0.35942 0.4112
0.3342 0.37428 0.4128
0.3412 0.3837 0.418
0.3276 0.37604 0.411
0.3302 0.38056 0.427
0.3532 0.38014 0.4076
0.347 0.3764 0.4182
0.3532 0.38922 0.432
0.369 0.39362 0.4336
0.3544 0.38688 0.4148
0.3324 0.38498 0.4176
0.33 0.3871 0.4172
0.3594 0.3803 0.4112
0.3436 0.37416 0.438
0.3304 0.37394 0.4358
0.3414 0.3702 0.4164
0.3342 0.36048 0.3958
0.3514 0.3701 0.3944
0.324 0.37146 0.4038
0.3474 0.37774 0.423
0.3584 0.38986 0.419
0.3292 0.3675 0.3994
0.3362 0.37036 0.4056
0.3392 0.37534 0.4194
0.3388 0.37328 0.41
0.334 0.37732 0.4164
0.3572 0.38492 0.4224
0.3596 0.37718 0.3952
0.3466 0.3818 0.4336
0.3406 0.38296 0.4092
0.3494 0.37456 0.3896
0.3644 0.38178 0.4154
0.3388 0.37966 0.4032
0.3436 0.3734 0.4008
0.3322 0.38288 0.421
0.3654 0.38926 0.4138
0.3572 0.3919 0.4184
0.3702 0.39742 0.4168
0.3618 0.39368 0.4238
0.3666 0.38772 0.4178
0.368 0.38948 0.4096
0.3448 0.38068 0.4078
0.371 0.3911 0.4226
0.3674 0.38684 0.4114
0.3706 0.3889 0.4156
0.3614 0.39162 0.4326
0.3516 0.38834 0.4076
0.3618 0.37912 0.4088
0.3608 0.3838 0.4246
0.3478 0.38546 0.4236
0.3634 0.391 0.4246
0.3836 0.40014 0.4196
0.3428 0.3767 0.4066
0.369 0.38386 0.397
0.3454 0.37832 0.4182
0.3706 0.3866 0.4136
0.354 0.37448 0.4052
0.345 0.37374 0.4146
0.3472 0.3664 0.3992
0.3558 0.37778 0.4312
0.3134 0.37412 0.419
0.3418 0.35666 0.3722
0.3364 0.37042 0.3882
0.3718 0.39104 0.4104
0.3592 0.3915 0.4448
0.3626 0.3887 0.421
0.3562 0.38018 0.427
0.3636 0.38228 0.4186
0.357 0.3851 0.4104
0.3672 0.39278 0.4284
0.3606 0.3896 0.4134
0.3534 0.38192 0.4056
0.3514 0.38566 0.4168
0.363 0.38004 0.4
0.3466 0.37204 0.3982
0.3574 0.37486 0.3918
0.3628 0.38462 0.4204
0.3574 0.38182 0.395
0.3466 0.3733 0.3968
0.35 0.3782 0.4116
0.338 0.37152 0.405
0.355 0.37792 0.3974
0.3454 0.37644 0.3954
0.3356 0.36514 0.3854
0.3476 0.3821 0.4046
0.3468 0.36416 0.3826
0.347 0.37692 0.4082
0.342 0.37568 0.4106
0.3406 0.38542 0.419
0.3632 0.37816 0.397
0.3668 0.38664 0.403
0.367 0.38414 0.4296
0.3312 0.3738 0.3918
0.3524 0.37492 0.4192
0.3534 0.3787 0.392
0.3414 0.3651 0.3986
0.3278 0.36688 0.395
0.3474 0.38324 0.414
0.3266 0.36084 0.388
0.3416 0.3714 0.4142
0.3488 0.3718 0.4092
0.3362 0.35672 0.3772
0.359 0.3679 0.3776
0.342 0.3654 0.3836
0.3254 0.35784 0.3864
0.3452 0.36616 0.3896
0.3428 0.3769 0.4054
0.3464 0.36952 0.3978
0.3216 0.35956 0.384
0.3258 0.34926 0.3688
0.3518 0.3713 0.3924
0.3312 0.36702 0.391
0.3428 0.36136 0.369
0.3362 0.35484 0.385
0.3356 0.36204 0.385
0.3542 0.37352 0.3914
0.3394 0.366 0.3922
0.3394 0.35728 0.3754
0.3406 0.36276 0.3896
0.3428 0.36058 0.3888
0.3334 0.3628 0.3852
0.3254 0.3567 0.3716
0.3284 0.36356 0.3856
0.3288 0.36718 0.4002
0.335 0.36392 0.3856
0.3494 0.37294 0.397
0.3568 0.37874 0.4148
0.3412 0.3654 0.3966
0.3526 0.38276 0.4188
0.363 0.38344 0.4156
0.3602 0.37228 0.4064
0.3574 0.37674 0.4
0.358 0.37382 0.4034
