-5282.1448249 -1423.71548289 974.028822049
-7723.549189 -2016.09982774 607.558961571
-2587.86677933 -779.895756263 1945.2809109
-7271.92895589 -1243.37216141 1222.08364748
-7196.72622907 -1614.88397065 1465.98079515
-2328.53659624 169.052328976 1482.25373377
-6760.51421214 -867.703044924 1899.56907865
-7160.5202467 -313.489774383 1943.09136327
-7538.52772838 -1510.42475243 -93.4603955267
-278.24728681 768.77855031 1984.51572731
-6476.98283367 -1009.88619381 1527.57501781
-1269.90776871 -142.04313221 1376.30339277
-6579.91126665 -609.54957117 1884.33023919
-1508.32502369 273.995000656 1465.15635889
-914.329778573 -431.696251316 -133.621877697
-6546.93537585 -773.297902105 1826.17089467
-7581.88508135 -858.031192152 1326.31449141
-2964.02506529 90.2687737131 1495.52383231
-730.687476484 60.8429147552 1355.82335786
-5197.08760455 -1358.3976449 258.412804119
-3717.44268233 -85.5830032192 1721.06518504
-6859.42443062 -390.621068353 1838.0636554
-2942.06889958 -607.453826964 309.784350891
-2491.36116076 -430.904565712 981.377475609
-5280.10768212 -632.637048622 1860.8084505
-1405.61047148 117.578435457 1481.43310045
-6780.54361088 -1117.41188387 768.33527368
-6500.32033413 -694.294034316 1943.27563587
-6756.28215403 -763.332685518 1971.5236852
-4065.27639962 -281.091370832 1898.34848638
-455.230437244 289.303841538 1811.20310145
-2295.64488752 319.702875277 1836.72865765
-6667.22645773 -347.936754126 1897.0977769
-7371.40113042 -1421.37886034 950.846316496
-5555.72851507 -650.70238716 1017.71945045
-2335.77493802 164.384444661 1937.94252631
-2086.95184457 9.78252985075 1882.89764697
-492.369257234 209.41084712 1924.16404757
-1273.36823597 -4.26213347385 1607.1856816
-464.689540911 607.058176751 1381.86530949
-967.842107991 179.700755763 1576.78973668
-818.61540083 345.00952271 2071.65527731
-1228.95576149 28.8290876939 1932.43729207
-1171.31398864 346.535301604 1994.44238678
-3354.51070312 -515.806582623 974.667402413
-528.347401721 257.502233479 1867.62974849
-574.959161576 -106.941776773 592.938211316
-1080.35442467 48.8674156159 1511.21547424
-505.711224044 54.2016394108 1268.33340704
-766.81063514 62.3373625319 1800.86770829
-834.652604431 146.498231034 1462.24894901
-502.972173869 753.333214447 1762.36373342
-1902.81655461 -148.853654157 1582.40286931
-986.1845068 -203.970110612 1470.66902284
-351.079398987 379.83705814 1332.70717148
-8422.95589989 -1266.36118924 254.495613009
-3368.58897198 -915.126956834 1361.64577731
-7119.33932758 -1479.83505153 1067.09294551
-7860.95050077 -1087.06697967 1519.97274459
-6499.65506768 -565.916246723 1789.19665605
-4223.66085551 -848.312344198 1446.22535871
-6968.93047264 -1099.49865317 1962.59532604
-6682.5772866 -1269.67448924 1499.34412997
-3775.36203531 -326.619167718 1758.67355116
-6898.56042512 -1023.61321709 1454.49973134
-6727.58587563 -1845.15432894 1702.04374711
-5748.7498817 -667.668715092 1804.30250853
-1738.8569839 651.726089594 1930.66153881
-6711.78562216 -296.572913057 1968.54838107
-7026.02197259 -1971.74097647 1799.81897649
-1446.26130598 -2.17430132159 1519.26397456
-6981.94305487 -519.099154439 1821.41434004
-645.249051459 199.961669819 1430.48982705
-1150.81977952 530.957240995 2007.00611112
-1155.55718349 531.167752321 1906.76287032
-761.311518205 325.848542884 1976.42839342
-7096.00725936 -392.71021148 1925.56196762
-536.107270488 479.431544714 1718.14881826
-264.048702299 869.121903238 1688.37366906
-3084.73088909 39.6878333102 1839.34509882
-4235.24131982 -543.19978089 1471.87166266
-3620.65483664 -285.228869987 863.568173249
-5178.78207665 -632.985726985 1889.64700016
-539.585017994 639.362638568 1993.46567068
-289.855503423 592.30885649 1588.27317197
-231.116733353 542.10516131 1597.69059259
-1868.43895092 -305.412349158 1139.39907239
-521.825876635 611.485264756 2012.09315497
-693.119072395 519.736266257 1571.84885058
-2181.6073435 151.686818888 1440.04205369
-496.973187215 704.753571316 1840.9104283
-809.077787625 739.080403764 2001.61432053
-1570.24669949 43.2917273818 1772.45423471
-410.769639239 209.892706328 1120.87302828
-405.125673077 276.472797903 1989.95474655
-189.653798824 465.082230366 1529.99461312
-5294.38955274 -224.966317421 1720.27110547
-6277.74268909 -168.756420963 2017.7942889
-6631.75160731 -367.405686451 1466.8531401
-6269.65736563 -623.383517228 704.815764812
-777.093553409 919.322720063 1979.71228522
-1107.78677024 220.278723666 1999.96300332
-1788.99835314 141.102498404 1109.83771405
-719.103199848 342.316209908 1608.81218851
-139.047622988 703.972300129 2009.10491357
-843.900391492 139.965441727 1224.75427126
-365.162852884 532.278657596 1909.37419225
-178.921178023 1177.34002984 2008.83022867
-1102.1310106 -39.7748742959 1124.55964217
-212.175184747 444.205840037 1533.58917917
-2857.54470371 262.476065573 2052.29660035
-918.369169104 860.06055139 2008.00910048
-2655.23167374 148.194769147 2027.40254972
-2881.47139532 156.334428427 1924.88197184
-383.179604056 821.759284851 1877.24638862
-102.120629533 758.817226355 2013.04532616
-761.827563876 1030.27231154 2135.88643809
-4875.79600124 -22.4359452059 1964.95201099
-6203.45874713 140.087704794 1684.4826446
-368.540813774 162.787984013 1561.41948426
-3042.00944297 141.889232912 1887.85072039
-6913.47836767 -517.139996073 1716.93286089
-359.601167426 291.3301305 1156.66107169
-7026.86738602 -805.317663736 2104.391486
-6759.43270867 -983.104496298 1719.59932303
-365.759137183 655.313480497 1859.51460093
-336.681591739 202.53554279 1471.42700955
-486.271360324 666.163692813 2032.07714912
-294.79840369 447.749016888 1974.23682814
-182.066198685 1174.16108513 2023.73943081
-263.839739233 540.489343803 1604.6086303
-385.638695631 556.963851611 1467.49281802
-512.519507055 976.668140455 1971.37116893
-315.632296142 1005.69053669 2010.7426823
-1011.5973241 151.733740009 1529.22020947
-201.093622558 522.50587265 1575.8058497
-351.602081912 704.845330799 2039.80357403
-352.466504551 723.471281547 2000.89891445
-421.747872228 497.261060142 1951.6615812
-270.230895916 423.998614521 1998.24067956
-185.133632973 792.825067147 2079.83403155
-241.809758012 1099.42490294 1997.46445501
-6581.51484069 -483.909218941 1540.47511033
616.800829928 1115.55763767 1615.99004945
-445.546663357 208.696959676 1175.57609519
-2129.81710889 296.765910504 1701.08709905
-1780.20797603 45.8668662237 1923.19241351
-310.596439117 814.99155225 1629.78178332
-1849.51512414 192.917480109 2020.61461032
-395.814083707 986.178489221 1911.62383797
-532.989303746 348.99185552 1986.82766643
-513.537427905 870.319437966 1988.94006847
-805.122095929 855.529118815 2065.28191419
-354.692324082 1346.1731466 2119.40595676
-411.59186549 693.574617264 2059.48618929
-541.207089377 243.018745182 1556.44578591
-296.754055582 473.310834975 1876.21023774
-303.642394111 692.387759875 2057.14195564
-271.172784985 597.940752661 1435.77872062
-414.11268861 408.551601808 1951.0217237
-396.9850033 651.459245675 1213.64202211
-634.611574842 554.29856133 1928.21810621
-303.693599604 756.49872585 1881.68074188
-186.087348497 890.262813371 1603.60611505
-2257.99485975 876.82648413 2078.59962163
41.4876941449 1153.01873334 2132.31372518
-220.056773162 637.688096973 1743.75118561
-816.611426949 484.417120726 2114.87674266
-297.672288089 450.120127903 1615.16055091
-678.482385515 348.348007395 1645.1052559
-634.298031531 936.792412455 2047.79006911
-371.647596777 531.827897848 1939.82398064
-1358.94408683 -128.701798939 725.725571924
-417.609509939 871.097865484 1646.32880007
-921.310167444 550.083716845 1681.50574112
-361.923464664 553.431072469 1582.29094638
-341.170415714 825.496796699 2054.59455089
-834.417147976 315.273527577 1140.91640483
-305.75152429 290.819753334 1098.64478362
-487.317604541 226.919055093 1622.07888985
-397.250816308 288.19592501 1275.64289587
-510.242489821 429.283368514 1686.87542893
-2217.9787062 253.741326418 1182.84833772
-985.181606972 682.115547896 2118.14824606
-616.522100568 856.040001498 2047.41726427
-510.996307581 278.89798963 1053.58436109
-448.822215066 443.841991299 1572.0285459
-173.980606181 541.872316359 1615.1488247
-683.035506758 236.449549924 1600.89959562
-786.19927772 450.440474707 1589.73592121
-609.001369007 636.856032935 1624.68177984
-428.893874419 564.695976518 1519.6433619
-411.345141688 278.324598474 1258.39872175
-400.463544609 580.058203811 1522.96474927
-58.057253036 984.336357453 2059.70563951
-567.432052027 209.812846466 1692.08160269
-295.595978374 832.617119885 2102.24640695
-1527.15678924 -3.85339734279 944.475005902
-256.863863635 554.016769706 1645.99823124
-605.665252745 695.054123408 2145.97581529
-375.006242864 821.279405108 2068.4906916
-299.439835733 538.975060667 1866.67047057
-563.864237719 745.925613806 1689.28799183
-168.033888863 651.055786995 1952.55321583
-205.197205354 771.136165489 2058.71610283
-381.670052319 668.682713343 1611.07639797
-419.432948458 330.408743488 1577.88271112
-792.300561723 590.932888267 1640.55560666
-450.95395357 816.89245035 2064.18448854
-636.732863522 782.694191436 1627.77847957
-451.845751301 781.415827358 2028.32385572
-579.789246158 1075.5143868 2045.28219616
-343.26298541 731.670619755 2089.67652953
-624.150234832 493.005675447 1999.98217342
-322.919990926 568.083190553 1668.38174769
-325.482121765 417.178948577 1813.29822541
-189.786967799 1059.24690952 1686.04166403
-499.614796453 959.776228077 1574.75673102
-144.218628137 639.834800419 1944.37441946
-167.984896318 545.593624249 1575.97271028
-579.681972889 912.795289419 1621.53297648
-217.790755912 717.433426543 2011.95098022
-371.354014276 1350.43865501 2148.43050405
-220.687213263 728.741144421 1991.54404059
-586.597847357 379.147252742 2056.36786837
-582.079140351 665.053948257 2096.54108169
-376.939211317 1037.6636911 1995.75390078
-187.875565326 738.491865775 2064.94264952
-489.508496502 637.812098245 1695.65378054
-124.965527567 627.577515396 2067.64256119
-518.93111301 750.020969362 2060.75691662
-369.331702427 937.566934375 2053.88342369
-1232.58840185 714.182510334 1665.82368681
-432.074828754 833.483382122 2050.7294593
-224.576979991 766.301538435 1586.10557591
-465.840727785 919.271514013 2025.58937896
-169.00006687 1068.64963227 2116.96431872
-2127.09418456 33.7154056847 1602.64337671
-127.69661333 1459.26375765 2065.87972259
-452.750862561 554.998169876 2155.90474548
283.30662533 1170.85025146 2062.58908511
-170.917163443 1191.75994144 2144.60429509
-334.18406067 488.961204057 1100.13989245
-310.255035515 561.910904592 2037.05270004
-429.395772776 575.512083772 1657.22116106
-450.878622838 492.546714781 2043.63122023
-273.553410154 795.659895783 2096.66288028
-294.278321032 550.995798344 2050.01396723
-69.4374674058 1211.81550434 2122.76245621
-216.734026108 609.90041952 1145.5065478
-234.075216247 846.513399941 1567.84270463
-211.808339712 1050.05464609 2056.65312542
-156.454443346 794.841928606 2096.82390254
-338.376538117 517.321875791 1557.10331178
-335.816465422 597.255800163 1618.4948989
-443.615194731 922.244834104 2076.02009557
-641.752886874 481.901772172 1682.31485399
-308.585730614 796.486951146 2023.38631054
-251.152525408 695.285884468 2030.11478721
539.030219479 1346.94458541 2090.70875782
-263.418456013 765.174509225 2004.92539307
-532.182723264 612.870093914 2090.47055461
-142.787148937 1077.28109647 2095.57252879
-217.420308147 1067.40681217 2092.72949759
-320.794833232 460.130247256 1648.37542446
-306.40340991 1120.87701869 2097.57911797
-482.511382497 672.734688528 2067.65557725
-245.188718349 832.223039669 2139.62849649
-286.798118265 1015.94978514 2131.6988301
-115.124088779 1013.37082381 1634.77486249
-284.328589775 776.860414719 2082.92541988
-327.4167073 887.419404625 1655.84393881
-297.38118492 342.552099354 892.946405385
197.232273835 952.394379552 1646.38905651
-311.76957776 1014.52340276 2030.61909585
-1724.21713231 889.690037948 2034.86551122
-350.713159693 610.70199861 1641.13559326
-743.733120357 844.804555176 1685.72509101
-330.866521119 424.249546755 1604.89983888
-391.160877792 880.867652467 2106.07795534
-315.14302655 887.879894327 1637.62150933
-2092.44453278 380.704740798 2038.59077332
-394.012293176 817.089719166 2070.95416444
459.351877204 1138.72741649 2163.70985945
-457.381932347 907.965424726 1959.85515792
-339.02880397 358.162609927 1337.37229523
-306.070874183 1045.19604463 2039.49608325
-3947.85415933 554.742568831 2061.55580321
-434.295855163 665.10669469 1656.425701
-307.438921245 538.652872196 2085.77329201
-2024.09281426 562.857767837 2074.43356156
175.323519243 939.986919345 1287.60689095
-378.027807403 566.654427386 2061.81472484
-285.766987241 1246.971763 2110.96763618
-231.632698384 1004.88948259 2106.47033722
-488.806188239 919.665812884 2007.02122043
-471.738021068 470.310732494 1616.60464698
-271.13942382 692.891417659 1640.20165953
