0.136 0.13842 0.14276
0.13668 0.138076 0.141
0.13668 0.139188 0.14232
0.13692 0.139124 0.14284
0.13592 0.138272 0.1404
0.13424 0.138132 0.14208
0.13672 0.138112 0.13976
0.13544 0.138572 0.14156
0.13604 0.13878 0.14132
0.136 0.13792 0.13964
0.13484 0.137956 0.14068
0.13604 0.138344 0.1408
0.1362 0.138392 0.14032
0.13584 0.139892 0.1594
0.13636 0.138284 0.14116
0.13512 0.138232 0.14084
0.13724 0.138456 0.13936
0.13528 0.137752 0.14168
0.13656 0.13854 0.14028
0.13568 0.137768 0.13948
0.1356 0.138152 0.14152
0.13604 0.137944 0.1396
0.1368 0.139228 0.14116
0.1366 0.138756 0.14084
0.13568 0.139136 0.1422
0.13608 0.139112 0.14176
0.13752 0.139252 0.14148
0.1358 0.138416 0.14056
0.13628 0.138344 0.14056
0.1358 0.138028 0.1402
0.1364 0.138364 0.14048
0.13668 0.138624 0.14024
0.13484 0.137676 0.13948
0.13584 0.137228 0.13828
0.13684 0.138144 0.14004
0.13652 0.138608 0.14036
0.13616 0.138032 0.1402
0.13764 0.138712 0.1402
0.1364 0.138704 0.14192
0.13672 0.138548 0.14024
0.13644 0.138288 0.14
0.13584 0.137844 0.14028
0.1348 0.137376 0.14072
0.13504 0.137312 0.13884
0.13608 0.137884 0.1396
0.13472 0.138128 0.14024
0.13644 0.137588 0.13988
0.136 0.137352 0.13956
0.1366 0.137904 0.13968
0.13504 0.13706 0.13944
0.1368 0.138392 0.14068
0.136 0.13814 0.14004
0.13544 0.137376 0.13976
0.13616 0.137588 0.13876
0.1362 0.1375 0.1388
0.13536 0.137372 0.14028
0.13628 0.137692 0.14028
0.13652 0.137488 0.13936
0.13516 0.13724 0.13876
0.13512 0.137152 0.14112
0.13524 0.136604 0.13864
0.13592 0.136628 0.138
0.13456 0.136604 0.13892
0.13464 0.13638 0.13796
0.135 0.136308 0.13808
0.1348 0.136144 0.13784
0.13572 0.137028 0.13988
0.13436 0.1364 0.13768
0.135 0.137212 0.13848
0.13444 0.136184 0.13804
0.13424 0.136852 0.13972
0.13564 0.136392 0.13708
0.13572 0.136976 0.13796
0.13424 0.13678 0.13984
0.13504 0.1368 0.13936
0.13592 0.137568 0.14148
0.13384 0.136032 0.13808
0.13544 0.137252 0.13896
0.1352 0.13798 0.13988
0.13632 0.137668 0.13976
0.13576 0.137568 0.13936
0.1352 0.136904 0.1394
0.13504 0.137324 0.13836
0.13648 0.137744 0.13912
0.13444 0.13712 0.13988
0.13524 0.138204 0.14084
0.13508 0.1372 0.13936
0.13512 0.137248 0.13928
0.1348 0.1369 0.13948
0.13516 0.137376 0.14012
0.13468 0.137 0.13976
0.13448 0.137236 0.13936
0.13584 0.138048 0.13996
0.13492 0.1374 0.14128
0.13572 0.138 0.1408
0.13552 0.138044 0.1392
0.13524 0.137196 0.13864
0.13496 0.136692 0.13764
0.13496 0.137356 0.139
0.13576 0.137672 0.13956
0.13504 0.136956 0.1384
0.13684 0.13782 0.13904
0.13508 0.13822 0.1416
0.136 0.137732 0.13956
0.13476 0.137528 0.14124
0.1354 0.138088 0.13996
0.13512 0.138276 0.14264
0.13768 0.13862 0.14036
0.13504 0.137492 0.13988
0.13624 0.13816 0.14064
0.1362 0.137408 0.14004
0.13404 0.137004 0.1394
0.13612 0.137864 0.14024
0.13488 0.137444 0.13952
0.13536 0.13764 0.13924
0.13604 0.137344 0.14048
0.13464 0.136876 0.13984
0.13584 0.137268 0.13824
0.1362 0.138132 0.14012
0.1354 0.13722 0.13932
0.1358 0.138044 0.14068
0.1352 0.137596 0.14084
0.13704 0.138292 0.1408
0.1368 0.138768 0.14164
0.13576 0.137744 0.14028
0.13748 0.139436 0.14136
0.13688 0.138076 0.13908
0.13668 0.138312 0.14088
0.1352 0.13818 0.14144
0.13556 0.137912 0.13952
0.13636 0.13858 0.14128
0.1336 0.138232 0.14124
0.13556 0.138636 0.14064
0.13412 0.13754 0.1394
0.13556 0.138176 0.14112
0.13504 0.137644 0.13892
0.13496 0.137232 0.13912
0.13592 0.137732 0.13928
0.13604 0.13764 0.1394
0.13628 0.138136 0.13956
0.13424 0.13778 0.14184
0.1368 0.137836 0.13896
0.13528 0.137296 0.13956
0.13584 0.13762 0.13976
0.13436 0.136784 0.14016
0.13552 0.136736 0.13852
0.13624 0.13784 0.14028
0.13508 0.137012 0.13956
0.13616 0.137688 0.14036
0.13488 0.137332 0.13964
0.1354 0.137176 0.1384
0.13552 0.137008 0.13968
0.13512 0.137324 0.13864
0.13552 0.137932 0.141
0.13532 0.137744 0.14012
0.13676 0.137932 0.13956
0.13572 0.137488 0.13896
0.13628 0.138068 0.1402
0.13576 0.137632 0.1394
0.1364 0.138172 0.14028
0.13656 0.137812 0.13972
0.13592 0.13786 0.14168
0.13624 0.1373 0.13852
0.1364 0.13798 0.13976
0.13672 0.138144 0.14004
0.13716 0.138052 0.13948
0.13684 0.138448 0.13984
0.13608 0.137712 0.1394
0.1356 0.138568 0.14004
0.1354 0.13788 0.14016
0.13644 0.138116 0.14076
0.13616 0.138124 0.13976
0.13668 0.138332 0.14032
0.1374 0.138428 0.14024
0.13772 0.138844 0.14024
0.1372 0.138448 0.1398
0.1366 0.137852 0.14012
0.13648 0.138076 0.14092
