-21719.3351944 -14385.3955539 -11032.9021555
-16826.1746225 -14028.2065503 -11601.7685386
-15842.547395 -14128.5687182 -11981.3047892
-15311.6428412 -11500.4988241 -9465.80599705
-15240.2122973 -11416.3174189 -9627.53340586
-15291.571066 -12498.0547058 -10172.819653
-11411.1543195 -9873.92547396 -9006.00536761
-10928.5425765 -9947.72540459 -9217.77406269
-11859.3543921 -10150.327196 -9042.507067
-9822.46134242 -9346.94319357 -9070.69174514
-10767.6480309 -9775.25227279 -9223.09109877
-10283.5895481 -9628.23534155 -8980.44037096
-9871.41774519 -9304.86360242 -8933.78428739
-10481.6162767 -9437.53308083 -9015.18035171
-10327.8235093 -9559.10740902 -9343.71005417
-9374.05900651 -9217.29071221 -9007.27383776
-10003.4039426 -9465.90104373 -9120.96104049
-10002.427949 -9334.49038961 -8863.65117772
-10671.5464316 -9527.70203648 -9014.1898708
-10279.0239526 -9463.05305586 -8905.34269749
-10426.4702835 -9536.69667991 -8933.18602343
-9929.13601172 -9285.86892619 -8975.96943906
-10049.8368768 -9385.11464804 -9063.23567995
-9917.05406993 -9389.87207269 -8953.58229817
-9964.4463818 -9312.44965855 -8923.20199076
-9322.12452996 -9171.46055203 -8905.22002168
-10946.4178352 -9368.12969664 -8951.15001093
-9439.52914435 -9207.19644516 -8947.64283486
-9519.48460402 -9323.63735549 -9130.49390886
-9315.55309295 -9118.25917809 -8933.24849542
-10229.1779742 -9395.34935657 -8899.80416062
-9728.41901655 -9291.04523142 -8925.17778785
-10699.0200935 -9310.27279937 -8908.69100794
-9710.89287042 -9250.22094569 -8931.43554145
-10148.0922012 -9364.53730794 -9030.22267202
-10247.1483396 -9386.58527283 -9041.98580476
-9582.41447023 -9024.28490522 -8874.54124016
-10878.2387741 -9415.5298703 -8852.85177134
-10366.9107016 -9228.73496464 -8936.86143757
-9763.48552897 -9143.83322045 -8887.0732322
-10174.5769617 -9546.14860619 -8898.68453183
-9646.69237856 -9247.92224358 -8876.22677343
-10134.8160571 -9225.23848047 -8910.82465435
-9884.84791753 -9360.69431854 -8970.65461394
-9399.69668171 -9149.18147045 -8917.52745615
-10381.1603967 -9397.00808999 -8915.88837134
-9782.07418259 -9144.60354154 -8835.36328216
-9499.50784488 -9112.79382302 -8954.69813404
-10810.0779907 -9398.36346715 -8768.58759424
-9238.0257387 -8991.98244875 -8834.89887943
-9112.92988369 -9014.32188564 -8898.51825994
-10250.5423225 -9042.58198112 -8721.37145878
-9030.84904764 -8925.93530912 -8764.24985392
-9716.64662391 -9060.72710798 -8847.08333489
-10180.0846447 -9357.62791858 -8698.35795052
-9170.43820717 -8948.6389907 -8711.4503279
-9672.6836911 -9066.06070604 -8760.45287563
-9546.3023144 -9099.98842444 -8690.89621966
-9598.83818673 -9007.30426788 -8794.52548981
-9080.20922469 -8939.72366295 -8718.64726397
-10072.1511504 -9073.12914541 -8728.34866841
-9569.58638632 -9021.59924693 -8834.95153133
-10265.6934165 -9169.46472437 -8715.81551926
-9358.97334814 -8923.97887608 -8640.69300265
-9493.74797334 -8974.8442189 -8730.39944745
-9252.00002873 -9026.77421982 -8732.88629037
-10147.0920678 -9023.28210351 -8768.03365147
-9770.63588191 -8888.65354515 -8707.56516221
-9251.39942919 -8864.01831225 -8622.50451192
-9702.68480102 -9221.09645661 -8848.70709187
-9303.69096758 -8895.01604662 -8679.41459423
-9771.11281553 -9108.50877875 -8800.73338756
-10047.1456244 -9127.61287496 -8674.01392715
-9499.37432016 -8972.88554123 -8749.86685389
-8957.82138786 -8920.87635636 -8872.06777079
-9289.03761212 -8853.63005105 -8641.00459309
-9932.22796175 -8962.40157658 -8763.006326
-9934.20968754 -8989.05637914 -8712.05476599
-9058.13076248 -8829.6922854 -8740.07416782
-9437.42918664 -9005.99922412 -8807.68141943
-8965.21190734 -8830.01243275 -8714.05165198
-9610.34221145 -8981.08099889 -8761.68929353
-9193.43899898 -8945.171647 -8749.52778865
