0.22512 0.425208 0.6
0.18796 0.43308 0.6
0.14776 0.431068 0.6
0.1806 0.336196 0.6
0.17852 0.340248 0.6
0.183 0.311656 0.6
0.15708 0.344516 0.6
0.17908 0.264864 0.42652
0.16512 0.368172 0.6
0.1694 0.360284 0.6
0.16204 0.34656 0.6
0.183 0.349812 0.6
0.19784 0.386584 0.6
0.25388 0.45364 0.6
0.21112 0.420012 0.6
0.20404 0.473012 0.6
0.24476 0.515536 0.6
0.15176 0.406636 0.6
0.26224 0.412224 0.6
0.20824 0.43016 0.6
0.33264 0.43474 0.59732
0.15592 0.45038 0.6
0.21732 0.514372 0.6
0.17836 0.471588 0.6
0.26592 0.431952 0.59952
0.27904 0.426976 0.6
0.17476 0.426192 0.6
0.2518 0.47112 0.6
0.19196 0.438608 0.6
0.22508 0.483832 0.6
0.24596 0.427368 0.6
0.31788 0.443276 0.6
0.15972 0.377188 0.6
0.28352 0.467468 0.6
0.21092 0.381816 0.59084
0.24504 0.39772 0.5402
0.23844 0.402148 0.59976
0.23972 0.41936 0.6
0.20904 0.371368 0.522
0.23956 0.44694 0.6
0.25788 0.37884 0.5974
0.25088 0.391996 0.57792
0.30312 0.45424 0.6
0.27296 0.4586 0.6
0.3456 0.454808 0.6
0.34444 0.403772 0.54352
0.21776 0.500892 0.59892
0.33004 0.457124 0.6
0.25184 0.409276 0.6
0.34856 0.48164 0.6
0.32868 0.428088 0.55016
0.10032 0.104132 0.10748
0.10064 0.103172 0.10664
0.10192 0.104232 0.10672
0.1034 0.105484 0.1068
0.10208 0.105284 0.10924
0.10356 0.105572 0.1076
0.10256 0.104704 0.10656
0.102 0.104868 0.10752
0.10316 0.104792 0.10776
0.10144 0.103896 0.10744
0.103 0.105288 0.1078
0.10108 0.1045 0.10616
0.1022 0.104708 0.10688
0.10324 0.105376 0.10772
0.10508 0.10644 0.10784
0.10248 0.105948 0.10888
0.10292 0.105184 0.10824
0.10392 0.105248 0.10696
0.10192 0.105604 0.10832
0.10168 0.10478 0.10776
0.10408 0.106188 0.10768
0.10432 0.105644 0.10728
0.10236 0.10488 0.10752
0.103 0.104836 0.10664
0.10256 0.104824 0.10784
0.10328 0.10518 0.10644
0.10188 0.105488 0.10904
0.1026 0.104884 0.10752
0.10336 0.105424 0.10772
0.10284 0.10508 0.10816
0.1038 0.105476 0.10664
0.10308 0.105008 0.1068
0.10256 0.106028 0.10816
0.10212 0.104424 0.10728
0.10156 0.10506 0.10668
0.1036 0.105208 0.10664
0.10208 0.104628 0.1064
0.10292 0.104584 0.10636
0.10312 0.104556 0.10692
0.10192 0.1045 0.10608
0.10256 0.10452 0.10656
0.10356 0.104944 0.1076
0.10256 0.104904 0.10904
0.10256 0.104012 0.10572
0.10352 0.105512 0.10684
0.10236 0.104764 0.10712
0.10364 0.105032 0.10672
0.10264 0.104704 0.10796
0.10324 0.105244 0.10776
0.10312 0.10524 0.1072
0.10364 0.105504 0.10728
0.10212 0.104376 0.10596
0.1036 0.105052 0.10708
0.10368 0.105684 0.10876
0.10428 0.10514 0.10664
0.1036 0.105668 0.1078
0.103 0.105044 0.10724
0.10328 0.104948 0.1076
0.1026 0.104952 0.10636
0.10192 0.104536 0.107
0.10248 0.105236 0.10708
0.10216 0.104628 0.10704
0.10236 0.104632 0.10612
0.10304 0.105412 0.10856
0.10296 0.104928 0.10628
0.10332 0.105632 0.10804
0.10392 0.106216 0.10728
0.10296 0.105536 0.10776
0.10364 0.105104 0.10716
0.10412 0.106672 0.10968
0.10372 0.106576 0.10888
0.10224 0.1064 0.10972
0.10388 0.10632 0.10864
0.10412 0.106344 0.10916
0.10508 0.106328 0.10812
0.10516 0.106648 0.10872
0.10388 0.105872 0.10752
0.10308 0.106108 0.10816
0.1056 0.106756 0.10888
0.10356 0.106068 0.10788
0.1054 0.10656 0.10824
0.10416 0.105952 0.10796
0.1026 0.106148 0.10832
0.10412 0.10608 0.10848
0.104 0.105856 0.10724
0.10388 0.106392 0.10776
0.10288 0.106224 0.10936
0.1034 0.1063 0.10936
0.10412 0.105968 0.10904
0.10396 0.105312 0.10636
0.1032 0.106088 0.10832
0.1046 0.105772 0.10812
0.10388 0.10684 0.10832
0.10424 0.106224 0.10808
0.10424 0.105996 0.10812
0.10312 0.106416 0.10924
0.10264 0.105532 0.108
0.10412 0.1061 0.10832
0.10328 0.105548 0.109
0.10292 0.1058 0.10776
0.1034 0.10588 0.10828
0.10352 0.105548 0.10716
0.10372 0.1066 0.11056
0.10448 0.106804 0.10788
0.104 0.106104 0.1076
0.10532 0.106488 0.10824
0.10428 0.106576 0.10872
0.1046 0.106144 0.10796
0.10428 0.107156 0.11096
0.10496 0.106956 0.10808
0.10588 0.106672 0.10828
0.10548 0.107008 0.10928
0.10404 0.106496 0.10936
0.10384 0.106348 0.10836
0.1048 0.106856 0.1084
0.10476 0.107188 0.1096
0.10464 0.106308 0.10816
0.10432 0.10664 0.10856
0.10548 0.107324 0.10984
0.106 0.10746 0.10908
0.10412 0.106704 0.11076
0.10496 0.106956 0.10876
0.10652 0.107844 0.1088
0.10652 0.108128 0.11088
0.1052 0.108152 0.1124
0.10604 0.108104 0.11124
0.1056 0.108204 0.10972
0.10644 0.108128 0.11092
0.10544 0.10812 0.1104
0.10476 0.107864 0.10936
0.10472 0.107124 0.10888
0.10424 0.10688 0.10928
0.10548 0.107996 0.10968
0.10576 0.107996 0.1104
0.10608 0.10842 0.11032
0.10516 0.108996 0.1114
0.10532 0.107096 0.10848
0.10568 0.108048 0.11236
0.10364 0.10718 0.10956
0.1056 0.107868 0.11052
0.10652 0.108192 0.11032
0.107 0.10852 0.11116
0.10496 0.108468 0.11056
0.10296 0.107304 0.10944
0.107 0.109084 0.11076
0.10652 0.108092 0.11024
0.10624 0.108028 0.1106
0.10548 0.107404 0.10944
0.10572 0.108104 0.11012
0.10532 0.106984 0.10908
0.106 0.10786 0.1112
0.10552 0.1076 0.10956
0.1048 0.107492 0.10988
0.1062 0.107664 0.10916
0.1062 0.108104 0.10988
0.10488 0.10728 0.10892
0.1052 0.107296 0.10892
0.1052 0.107308 0.11108
0.10516 0.107144 0.10912
0.10592 0.107624 0.11008
0.10476 0.107244 0.10924
0.105 0.107292 0.10904
0.10576 0.107388 0.10912
0.10496 0.107584 0.11088
0.10444 0.107296 0.10892
0.10444 0.10656 0.10836
0.10584 0.107424 0.1094
0.10572 0.107216 0.10972
0.10548 0.107112 0.10856
0.10444 0.10664 0.10812
0.1052 0.107048 0.11008
0.10396 0.106608 0.1086
0.10556 0.107956 0.1094
0.10512 0.107412 0.11008
0.1056 0.107336 0.10972
0.10456 0.107156 0.11008
0.10588 0.107916 0.1106
0.10576 0.107568 0.11064
0.10584 0.107508 0.11024
0.10588 0.10732 0.10988
0.10472 0.107384 0.1098
0.10532 0.107864 0.10928
0.10632 0.108036 0.10968
0.10532 0.107292 0.10904
0.10472 0.107632 0.10984
0.10416 0.107732 0.10996
0.10684 0.109076 0.11056
0.10576 0.107652 0.11108
0.10464 0.108324 0.11016
0.106 0.107872 0.10996
0.10684 0.108252 0.1098
0.10352 0.10816 0.11024
0.10712 0.109136 0.11116
0.10844 0.109116 0.11004
0.10648 0.108492 0.11012
0.1062 0.108552 0.1108
0.10672 0.108988 0.11112
0.1062 0.10874 0.11132
0.10592 0.108576 0.11152
0.10656 0.107884 0.10928
0.10572 0.108636 0.11068
0.10616 0.108528 0.11028
0.10684 0.107948 0.10948
0.1066 0.108228 0.10968
0.10628 0.1074 0.10972
0.1062 0.107456 0.1108
0.10688 0.107972 0.10912
0.10344 0.107552 0.11048
0.10616 0.107992 0.1114
0.10624 0.10804 0.10964
0.10632 0.108172 0.11032
0.104 0.108128 0.11068
0.1044 0.107868 0.10924
0.10632 0.107264 0.10944
0.10712 0.108392 0.11012
0.10568 0.10856 0.11028
0.10656 0.108324 0.11024
0.10604 0.107304 0.10908
0.10532 0.10828 0.11004
0.1068 0.108148 0.10964
0.106 0.108832 0.11024
0.10592 0.107868 0.11116
0.10612 0.108308 0.11088
0.10584 0.108296 0.11048
0.1064 0.1082 0.11072
0.10548 0.107484 0.10928
0.10512 0.107916 0.1104
0.10524 0.107792 0.11052
0.1062 0.107716 0.1096
0.10684 0.108032 0.10956
0.10704 0.108276 0.11024
0.10592 0.10804 0.11044
0.1052 0.107696 0.1096
0.10648 0.10842 0.11096
0.10668 0.1087 0.1104
0.10636 0.107808 0.10964
0.10664 0.108428 0.11108
0.10688 0.10846 0.10956
0.10632 0.108196 0.10952
0.10568 0.107776 0.1094
0.10544 0.10816 0.10996
0.10636 0.108288 0.11068
0.10648 0.108304 0.11204
0.10744 0.108252 0.1098
0.10548 0.107436 0.10908
0.10488 0.107676 0.10908
0.10596 0.107624 0.11004
0.10604 0.108356 0.1112
0.10648 0.108468 0.11096
0.1052 0.108556 0.11112
0.10556 0.107904 0.10988
0.1074 0.108856 0.11116
0.10672 0.108008 0.1094
0.1068 0.107588 0.10844
0.10552 0.108156 0.1096
0.10564 0.10792 0.10984
0.10648 0.1077 0.10924
0.10424 0.108496 0.11016
0.10608 0.108604 0.11084
0.10388 0.107808 0.10932
0.10792 0.109276 0.11216
0.10568 0.108112 0.11164
0.10808 0.109336 0.11088
0.10496 0.108232 0.11032
0.10628 0.108548 0.11096
0.10552 0.10788 0.11092
0.10532 0.107632 0.11044
0.10576 0.107224 0.11044
0.107 0.108608 0.11096
0.10432 0.107368 0.10988
0.1072 0.108232 0.1104
0.10476 0.108248 0.11084
0.10592 0.108396 0.10976
0.1062 0.108468 0.1104
0.10524 0.10716 0.11048
0.10592 0.107104 0.1092
0.10612 0.107404 0.10912
0.10424 0.106744 0.10856
0.10524 0.10718 0.10984
0.10536 0.107564 0.10992
0.10496 0.107252 0.10924
0.10524 0.107068 0.10904
0.106 0.107736 0.10976
0.10496 0.107376 0.10928
0.10592 0.107356 0.1082
0.10372 0.106528 0.10888
