0.6 0.6 0.6
0.6 0.6 0.6
0.6 0.6 0.6
0.6 0.6 0.6
0.56972 0.596972 0.6
0.59192 0.599148 0.6
0.49392 0.58854 0.6
0.32564 0.5451 0.6
0.36172 0.540656 0.6
0.36836 0.561944 0.6
0.48516 0.574532 0.6
0.57936 0.596076 0.6
0.3014 0.492804 0.6
0.2402 0.418336 0.6
0.2316 0.37216 0.6
0.17956 0.354884 0.6
0.23708 0.46984 0.6
0.17376 0.307916 0.6
0.19548 0.288512 0.6
0.1562 0.253892 0.58336
0.19448 0.34676 0.59344
0.16404 0.216892 0.3236
0.179 0.268052 0.6
0.16176 0.288396 0.6
0.14624 0.290376 0.6
0.16888 0.238732 0.6
0.17696 0.234956 0.57156
0.15548 0.20682 0.34488
0.15364 0.24704 0.59304
0.15168 0.208996 0.3878
0.1664 0.1912 0.24816
0.16464 0.207688 0.24624
0.15544 0.217956 0.6
0.15364 0.223464 0.6
0.15968 0.217356 0.32984
0.15992 0.215668 0.31452
0.14836 0.17988 0.22876
0.15412 0.193316 0.2684
0.16536 0.243544 0.55584
0.14964 0.183756 0.22624
0.14416 0.187112 0.21856
0.14808 0.257908 0.6
0.159 0.176568 0.21876
0.14576 0.180728 0.25324
0.14588 0.182988 0.2556
0.1458 0.194588 0.35396
0.1446 0.163904 0.19608
0.14276 0.2157 0.6
0.1448 0.164208 0.18868
0.14836 0.221536 0.6
0.14796 0.17394 0.2082
0.14448 0.25216 0.6
0.14292 0.207932 0.6
0.1392 0.198124 0.45124
0.143 0.162604 0.1946
0.14004 0.160508 0.18976
0.14376 0.170364 0.21188
0.1434 0.153368 0.17308
0.13968 0.16672 0.22084
0.13832 0.23412 0.56652
0.14156 0.160864 0.20604
0.13652 0.182744 0.36652
0.13688 0.19232 0.5848
0.13052 0.14848 0.16012
0.13168 0.145972 0.177
0.12944 0.144568 0.1674
0.12636 0.143996 0.17376
0.13332 0.162436 0.3006
0.13472 0.187996 0.57408
0.12724 0.187728 0.58196
0.1288 0.142512 0.15544
0.1346 0.139232 0.1448
0.13016 0.141868 0.1558
0.12588 0.173056 0.46756
0.13256 0.137608 0.14576
0.13188 0.167084 0.40752
0.1354 0.202412 0.6
0.13368 0.146284 0.17264
0.12848 0.16744 0.34576
0.13176 0.14504 0.16492
0.1264 0.167764 0.35512
0.13448 0.151156 0.1854
0.13552 0.14546 0.16628
0.13272 0.148096 0.17844
0.15912 0.163012 0.16612
0.1564 0.159424 0.16296
0.1592 0.161364 0.16568
0.15736 0.160492 0.16356
0.15756 0.160236 0.1626
0.15628 0.160524 0.16348
0.15456 0.159108 0.16472
0.1562 0.158012 0.15968
0.15712 0.159844 0.1652
0.1564 0.158244 0.16248
0.15708 0.159052 0.16268
0.156 0.158776 0.16232
0.157 0.158708 0.16088
0.1546 0.158076 0.16132
0.15716 0.159336 0.16156
0.1558 0.157788 0.16036
0.15664 0.159588 0.16272
0.1566 0.159268 0.1626
0.15376 0.158096 0.1604
0.1568 0.159152 0.16272
0.15608 0.158436 0.16076
0.15636 0.159144 0.16144
0.15712 0.159892 0.16196
0.15532 0.158628 0.16164
0.15608 0.159036 0.16468
0.15764 0.159204 0.1608
0.15696 0.158848 0.16208
0.15684 0.158692 0.16076
0.15584 0.158372 0.16108
0.1562 0.158412 0.15968
0.15528 0.158544 0.16152
0.15448 0.157524 0.16
0.15508 0.158312 0.16032
0.15484 0.1577 0.15984
0.15492 0.157408 0.15924
0.15616 0.158612 0.15992
0.15652 0.158852 0.16176
0.1564 0.158804 0.16252
0.15708 0.15886 0.16064
0.15708 0.159128 0.16004
0.15576 0.158512 0.16072
0.15596 0.159376 0.16252
0.15668 0.158804 0.16252
0.156 0.15866 0.15996
0.15652 0.159044 0.16028
0.15488 0.158572 0.16128
0.15528 0.157704 0.15948
0.15432 0.157168 0.15896
0.1542 0.157828 0.15936
0.15644 0.158684 0.16072
0.15448 0.157208 0.15936
0.15516 0.157372 0.15916
0.15596 0.158188 0.1604
0.15404 0.157256 0.1592
0.15628 0.15744 0.15816
0.15528 0.15712 0.15868
0.15448 0.156932 0.15928
0.15568 0.157152 0.16048
0.15436 0.156764 0.1598
0.15372 0.157016 0.16048
0.15544 0.157312 0.15884
0.15492 0.156184 0.15708
0.15372 0.155824 0.15756
0.15524 0.157068 0.15932
0.15464 0.156008 0.15772
0.1542 0.156344 0.16
0.15384 0.156096 0.1582
0.154 0.156112 0.15916
0.15272 0.156316 0.15912
0.15352 0.156684 0.15928
0.15372 0.156944 0.15872
0.15356 0.156032 0.1584
0.15276 0.155264 0.15828
0.15376 0.1556 0.15916
0.15288 0.154948 0.15716
0.1526 0.155276 0.15728
0.15192 0.154532 0.15764
0.15392 0.155616 0.15788
0.15328 0.1553 0.1572
0.15312 0.154848 0.15684
0.15236 0.154944 0.15708
0.15256 0.154744 0.1578
0.15404 0.1557 0.15856
0.15248 0.155096 0.15696
0.15192 0.154336 0.15632
0.14968 0.154576 0.15712
0.15296 0.155196 0.15692
0.15176 0.154864 0.15728
0.15296 0.15494 0.15604
0.15436 0.155444 0.15772
0.15356 0.154924 0.15656
0.15296 0.155508 0.15768
0.15368 0.155296 0.15896
0.15468 0.156216 0.1582
0.15256 0.155176 0.15772
0.15228 0.155656 0.16032
0.15452 0.156696 0.15868
0.15244 0.155556 0.15876
0.1532 0.15656 0.15912
0.15276 0.15574 0.15984
0.15364 0.155048 0.1568
0.15096 0.15576 0.15808
0.152 0.154748 0.15636
0.15316 0.155556 0.15752
0.15352 0.156528 0.15888
0.15424 0.156128 0.15756
0.15368 0.155472 0.1568
0.15296 0.155156 0.1574
0.15384 0.15574 0.15816
0.15348 0.156224 0.15804
0.15324 0.15558 0.15772
0.15284 0.15534 0.158
0.15312 0.155152 0.1566
0.15304 0.156384 0.15912
0.15404 0.15556 0.15668
0.15236 0.154576 0.15724
0.1524 0.154292 0.15676
0.15348 0.155184 0.1576
0.15336 0.15494 0.15656
0.15208 0.154104 0.15664
0.15216 0.154736 0.15636
0.1516 0.155088 0.15696
0.15336 0.155052 0.15684
0.15244 0.155008 0.15784
0.15264 0.155028 0.15736
0.15308 0.154772 0.15628
0.15192 0.154916 0.158
0.15252 0.155 0.157
0.15192 0.1554 0.158
0.1522 0.155284 0.1588
0.1512 0.15556 0.15772
0.15312 0.155496 0.15836
0.15424 0.155844 0.1582
0.15144 0.154304 0.15696
0.1532 0.15452 0.15592
0.15148 0.155096 0.1576
0.15172 0.154408 0.15764
0.153 0.154656 0.15732
0.1514 0.15374 0.15512
0.1524 0.153688 0.1552
0.15092 0.152752 0.15424
0.15088 0.1535 0.1556
0.15096 0.15358 0.15696
0.15164 0.152976 0.15488
0.15228 0.153528 0.15508
0.15048 0.152524 0.15496
0.15072 0.152796 0.15408
0.15096 0.153252 0.15628
0.15012 0.15226 0.15416
0.1508 0.153016 0.15572
0.15228 0.153944 0.1568
0.15092 0.153376 0.15532
0.15168 0.153348 0.15484
0.15212 0.153416 0.15456
0.15156 0.154072 0.15632
0.15136 0.153212 0.155
0.15128 0.153876 0.15644
0.15312 0.154552 0.158
0.15024 0.152944 0.15464
0.15076 0.152432 0.15404
0.15148 0.152968 0.15628
0.1482 0.152288 0.1546
0.15064 0.15226 0.15472
0.14972 0.15184 0.15368
0.1508 0.152436 0.15344
0.14896 0.15186 0.15388
0.14996 0.152276 0.15356
0.1492 0.151948 0.15336
0.14996 0.152204 0.15416
0.1494 0.15154 0.15364
0.15008 0.15158 0.153
0.14872 0.152276 0.15444
0.15008 0.152016 0.1534
0.1498 0.152184 0.15392
0.14984 0.152104 0.15556
0.15128 0.153176 0.1566
0.15136 0.152496 0.15392
0.15164 0.15308 0.15416
0.14964 0.151904 0.15356
0.15128 0.152804 0.15452
0.15092 0.153344 0.15556
0.15048 0.152084 0.15408
0.14976 0.15238 0.15404
0.15076 0.152756 0.15376
