485.990053381 796.685989821 1122.16828457
491.356885863 769.696238171 976.945658591
470.983842704 743.688078894 1074.69379285
629.647145884 828.265927276 1165.30833744
627.254766575 743.450246237 877.959204087
543.25236407 754.024470999 878.230954533
560.717709541 819.841471965 991.344908692
512.586420791 700.422154002 906.981895422
568.538678302 803.245519538 1025.93158047
335.017768796 768.839619861 1056.31254545
473.435554806 810.15951945 1056.02409047
535.953089673 738.567141641 907.453283568
512.063267111 789.728994606 947.680661898
490.59331443 795.662107897 959.705490872
457.398099323 784.712773222 1176.90824974
702.478526534 938.589750455 1328.02230295
582.754456456 797.811683582 1005.89235964
586.281922468 803.311650575 1168.60026999
559.783718932 777.742584365 1192.8510122
628.721093372 929.735611838 1238.75632243
694.353008828 831.624051228 1253.35109327
641.369885478 918.142950892 1222.85550495
646.479550359 780.813395765 878.334143127
492.154716275 873.497811282 1256.46084138
665.03623363 866.498261781 1143.37995588
717.406405828 886.250150425 1105.53559272
560.051192791 852.088524317 1142.39628894
533.245270775 806.185310076 1063.28936819
657.761437039 829.379729858 912.608908351
620.116947969 831.275105781 1115.3616515
500.832881178 816.062048728 1097.75945954
650.194778357 893.294930343 1068.90713482
521.816089339 728.443233376 949.267338196
709.771679981 939.028486255 1092.77944693
704.560088472 864.849938552 1059.13463725
688.929986129 938.714241189 1218.6125326
512.138875097 805.566672334 1040.65015194
808.364841946 951.523754049 1194.12070177
792.634602679 933.28732925 1154.7951354
645.708600981 898.452931787 1118.77611174
441.816535563 788.949015564 1149.29688599
746.07455737 925.416916766 1210.60517816
723.515143033 941.346165828 1193.54263708
523.14813565 820.268381877 1065.72116241
751.536970237 909.347409057 1224.75476388
659.484129071 935.699925952 1138.29767537
702.647162732 853.711056764 1048.87810729
709.2870589 866.665626992 1039.11885606
669.693593794 951.56644191 1298.84358687
503.377757699 852.970063047 1250.50268035
637.456175766 891.307277142 1250.1656956
655.95992148 872.305886445 1195.7629002
699.294363052 905.515292366 1089.83583281
671.118094409 876.769983162 1037.31731564
655.698481339 926.697345371 1201.87265099
723.34402288 894.888569648 1262.41130179
693.665483864 875.525240681 1038.07023993
799.149186003 989.007215256 1170.29454226
796.216652229 949.184787576 1202.82215541
696.705452809 944.794448212 1261.94601548
738.98425597 971.163833515 1453.23031561
688.4927842 845.374855249 965.831480862
636.643922814 972.08146183 1138.65812445
760.325764538 976.729611513 1191.56075919
753.855968702 1018.92850616 1531.86944859
619.685374543 941.527551195 1433.96704267
728.88678346 1030.52198037 1269.16001285
758.271378024 893.506207648 1218.08050934
865.906841638 1066.78604225 1314.93380685
849.792962774 1046.46633934 1330.84582224
889.273214131 1091.02480734 1359.04501835
921.125821303 1075.79789596 1282.05520893
661.115089515 1026.04358046 1250.89577623
669.5507023 932.145996716 1300.59319081
860.106652559 1098.36976227 1268.77448405
637.838193583 1062.32690245 1291.49594309
744.085159528 1089.97275653 1416.56753275
365.627356727 933.599523889 1294.89975248
774.726144519 1057.82351406 1307.04893432
869.654105479 1171.16844185 1543.46770025
841.743830833 1037.74832584 1299.61598275
906.346581189 1103.46727286 1316.48510592
792.789228051 1035.86059261 1406.63699498
627.770105325 1071.45567477 1345.57554233
871.249435413 1061.94942764 1224.84029049
661.330504552 1066.86171015 1246.98319583
737.277051073 973.082149965 1119.08907534
616.32765001 1005.13829661 1384.89796834
752.087633461 1093.61311879 1315.47351252
819.347300777 1003.55284948 1304.63754075
576.077506422 1033.022744 1276.42072574
615.982192392 940.361044646 1249.53355679
576.381295031 954.330070717 1299.03058824
707.618969728 1027.04907635 1382.61298631
568.64614306 1043.25467923 1415.11534608
899.529825219 1082.70774719 1418.92056686
