0.58656 0.596604 0.6
0.57364 0.596012 0.6
0.5866 0.59734 0.6
0.56584 0.591896 0.6
0.51104 0.575152 0.6
0.49576 0.562012 0.6
0.48392 0.559648 0.58764
0.43872 0.529092 0.6
0.45244 0.552116 0.6
0.36764 0.48218 0.5454
0.32884 0.503608 0.59344
0.3696 0.471688 0.5668
0.28564 0.400648 0.54692
0.30424 0.40642 0.5404
0.2866 0.358384 0.49856
0.28028 0.347104 0.4554
0.2648 0.321844 0.39016
0.26872 0.329948 0.42344
0.2586 0.284684 0.32896
0.25836 0.275648 0.31368
0.25816 0.275992 0.3048
0.25424 0.265488 0.27804
0.25572 0.279484 0.332
0.24616 0.271668 0.30852
0.24908 0.272432 0.29796
0.25296 0.270776 0.28692
0.252 0.274288 0.3078
0.24924 0.271724 0.3038
0.24236 0.262732 0.2776
0.2578 0.272072 0.28368
0.25992 0.280312 0.32008
0.27176 0.292816 0.33872
0.26228 0.29134 0.34612
0.25676 0.28242 0.30976
0.25 0.280324 0.31888
0.25968 0.29224 0.31772
0.25864 0.284352 0.32008
0.26664 0.286468 0.3008
0.25744 0.284644 0.31784
0.25596 0.275708 0.31136
0.27196 0.312888 0.46764
0.25896 0.291848 0.35136
0.27492 0.28772 0.34192
0.26068 0.285412 0.31012
0.25912 0.278252 0.31004
0.26868 0.296 0.36164
0.25368 0.288436 0.33628
0.26084 0.281904 0.31216
0.25164 0.299232 0.37536
0.26392 0.296032 0.32264
0.26764 0.284768 0.31784
0.25636 0.288716 0.32996
0.26072 0.291724 0.33704
0.252 0.271764 0.29748
