0.07784 0.084136 0.1098
0.07748 0.082152 0.08636
0.07456 0.082028 0.09068
0.0782 0.082064 0.09216
0.08032 0.083652 0.09112
0.07764 0.083548 0.09032
0.07776 0.082528 0.09188
0.07552 0.0817 0.08844
0.08056 0.082588 0.08592
0.07716 0.081608 0.08556
0.0762 0.080664 0.08416
0.07776 0.082728 0.09028
0.07572 0.08258 0.09548
0.07632 0.080984 0.08568
0.08052 0.084264 0.0866
0.08288 0.086532 0.0932
0.08044 0.086016 0.09808
0.07792 0.0831 0.09036
0.08144 0.087116 0.09472
0.0784 0.084844 0.08948
0.08052 0.08446 0.09104
0.08268 0.085004 0.08924
0.08304 0.085576 0.09348
0.0794 0.08464 0.09312
0.08016 0.085832 0.09612
0.0802 0.08584 0.09336
0.07964 0.084148 0.08748
0.07852 0.084356 0.09104
0.08164 0.084304 0.08916
0.07528 0.084864 0.0896
0.07852 0.084992 0.09144
0.08056 0.085944 0.09196
0.08196 0.084236 0.08708
0.08132 0.085156 0.09064
0.08016 0.08526 0.0902
0.0808 0.08616 0.09476
0.08488 0.087284 0.09308
0.08092 0.085908 0.0956
0.07872 0.084876 0.0896
0.08136 0.086468 0.0914
0.08068 0.084408 0.08908
0.08088 0.083916 0.0892
0.08172 0.085872 0.09104
0.08044 0.086036 0.09264
0.0828 0.085356 0.09352
0.08084 0.084676 0.09176
0.08224 0.08546 0.0886
0.07908 0.085492 0.09236
0.08204 0.08662 0.09396
0.08004 0.08514 0.08876
0.08148 0.08506 0.09116
0.08368 0.086868 0.09116
0.08252 0.086164 0.09148
0.08384 0.087564 0.0924
0.0802 0.086068 0.10052
0.08124 0.08524 0.088
0.08096 0.085344 0.09132
0.08076 0.085108 0.09108
0.08208 0.085376 0.09088
0.07928 0.084732 0.08872
0.08148 0.0853 0.08844
0.08068 0.0842 0.09072
0.08072 0.084836 0.08888
0.08264 0.086068 0.09032
0.0804 0.083636 0.09176
0.08028 0.08342 0.08724
0.08296 0.08652 0.0912
0.08484 0.09002 0.0938
0.08568 0.088916 0.09504
0.08612 0.089896 0.0942
0.08452 0.090796 0.09788
0.08296 0.08892 0.0974
0.0884 0.093824 0.09876
0.0878 0.091744 0.09516
0.08576 0.091308 0.09768
0.08688 0.094288 0.10588
0.0904 0.093812 0.10208
0.0918 0.09484 0.09756
0.08672 0.094604 0.10344
0.0876 0.09618 0.10528
0.09048 0.094048 0.09848
0.09112 0.097784 0.10536
0.0956 0.099984 0.10884
0.09348 0.097756 0.10168
0.09056 0.097708 0.1086
0.09312 0.099008 0.10532
0.09392 0.096368 0.099
0.0892 0.098144 0.10708
0.092 0.097816 0.10516
0.09332 0.099088 0.1074
0.09056 0.096688 0.1028
0.09308 0.100256 0.10552
0.08684 0.097208 0.10436
0.09296 0.101204 0.10828
0.09212 0.096128 0.1012
0.09472 0.099408 0.104
0.08816 0.094088 0.10392
0.09172 0.096524 0.10428
0.09056 0.096196 0.10152
0.09136 0.095616 0.10296
0.09444 0.09992 0.10924
0.08772 0.09564 0.10312
0.09284 0.097388 0.10772
0.08932 0.097048 0.10312
0.09116 0.096556 0.10056
0.08824 0.095408 0.1034
0.09232 0.096368 0.1024
0.0924 0.097012 0.10072
0.08932 0.097204 0.1098
0.0902 0.09722 0.10348
0.09104 0.099708 0.10848
0.09008 0.102664 0.11004
0.09328 0.101184 0.11212
0.09532 0.099836 0.11296
0.09428 0.101116 0.1074
0.0936 0.100164 0.1058
0.09364 0.104224 0.1264
0.08896 0.097184 0.10104
0.095 0.100064 0.11516
0.09476 0.099056 0.10412
0.09376 0.099328 0.10668
0.0936 0.101068 0.1122
0.09796 0.10456 0.11468
0.09352 0.099472 0.1146
0.09372 0.10032 0.10816
0.09432 0.101976 0.10976
0.09412 0.10562 0.11156
0.097 0.104496 0.10996
0.09588 0.107508 0.11524
0.10284 0.107724 0.11284
0.09576 0.10576 0.11504
0.10188 0.106808 0.11268
0.10208 0.107276 0.11648
0.09468 0.102504 0.11688
0.09812 0.106232 0.11372
0.09576 0.103792 0.1128
0.09992 0.105728 0.10944
0.10052 0.10716 0.11344
0.1014 0.1094 0.12268
0.09896 0.106984 0.11716
0.103 0.106756 0.11028
0.09756 0.109244 0.11904
0.09992 0.107276 0.11852
0.0966 0.109208 0.1218
0.10092 0.109816 0.11808
0.10464 0.111492 0.12212
0.10232 0.110792 0.11916
0.09468 0.113104 0.12232
0.10036 0.107712 0.11796
0.10488 0.111188 0.12096
0.09852 0.110452 0.12628
0.10792 0.116028 0.1298
0.09988 0.107376 0.11668
0.10192 0.108408 0.11928
0.09652 0.108664 0.12724
0.09752 0.10876 0.11492
0.10208 0.1086 0.11428
0.10088 0.109936 0.13384
0.09408 0.107388 0.1184
0.1024 0.107568 0.113
0.0958 0.111016 0.12604
0.09764 0.108812 0.1208
0.10148 0.10784 0.12048
0.10352 0.10706 0.11648
0.0984 0.109512 0.12364
0.10252 0.10714 0.11248
0.10004 0.107744 0.11608
0.0998 0.107664 0.11704
0.09984 0.111952 0.12468
0.10032 0.106228 0.1184
0.10212 0.10892 0.13188
0.10304 0.11178 0.12076
0.10924 0.113288 0.11884
0.10352 0.112236 0.12576
0.10332 0.108516 0.11692
0.10352 0.110344 0.11688
0.1006 0.107016 0.11388
0.10316 0.111232 0.1186
0.10276 0.110604 0.12708
0.10232 0.112044 0.12404
0.09784 0.105288 0.11272
0.10604 0.11088 0.12092
0.09816 0.106384 0.11164
0.09708 0.108256 0.12736
0.10228 0.108516 0.11736
0.10216 0.109616 0.12368
0.0966 0.106312 0.1198
0.09852 0.10948 0.1282
0.09992 0.107256 0.11824
0.09888 0.107568 0.11304
0.10148 0.11106 0.12496
0.09692 0.110216 0.11864
0.10268 0.111136 0.1256
0.10272 0.10832 0.1218
0.09468 0.108832 0.1294
0.09932 0.10734 0.12092
0.10332 0.109136 0.11612
0.09668 0.108672 0.12176
0.10084 0.107084 0.11852
0.1028 0.108232 0.11628
0.09928 0.11334 0.1248
0.10264 0.11206 0.12564
0.1034 0.11074 0.11764
0.10204 0.110372 0.12308
0.10276 0.108904 0.11988
0.10116 0.110756 0.12804
0.10008 0.11014 0.12028
0.10352 0.11184 0.12512
0.09796 0.113804 0.12932
0.10108 0.112444 0.12964
0.10104 0.113664 0.12396
0.10176 0.11298 0.12172
0.1024 0.1107 0.12504
0.09916 0.110428 0.121
0.1006 0.108 0.11876
0.10372 0.110796 0.11524
0.09216 0.10494 0.11048
0.09492 0.106172 0.12176
0.10164 0.108576 0.11316
0.10008 0.11 0.11676
0.10148 0.111052 0.1278
0.10144 0.106452 0.1132
0.09828 0.109312 0.11732
0.10332 0.108452 0.11448
0.09452 0.10538 0.11484
0.0944 0.111672 0.127
0.09844 0.107036 0.12408
0.09964 0.10794 0.11788
0.09596 0.113644 0.13768
0.1078 0.112288 0.12472
0.09828 0.10974 0.12144
0.10048 0.114564 0.13108
0.10512 0.114616 0.12844
0.09704 0.108104 0.12004
0.09912 0.111292 0.1206
0.09852 0.111884 0.1298
0.09776 0.115116 0.128
0.10688 0.1136 0.12556
0.10024 0.109496 0.12344
0.1014 0.115552 0.13232
0.10068 0.115036 0.12632
0.10028 0.110708 0.11932
0.10616 0.120024 0.13192
0.11188 0.118388 0.12872
0.106 0.116352 0.12476
0.10728 0.12234 0.135
0.0984 0.113396 0.12796
0.09952 0.111956 0.12492
0.10632 0.121036 0.13184
0.10556 0.118872 0.13172
0.1018 0.111424 0.12132
0.10384 0.11254 0.1314
0.09924 0.109088 0.1214
0.10176 0.112932 0.12188
0.10428 0.110604 0.1176
0.10284 0.113392 0.12756
0.103 0.115476 0.12988
0.0968 0.110216 0.12644
