1683.73104302 2499.13553082 3024.75293585
1908.56399182 2419.10257706 3013.62903662
1376.8186314 2217.10139903 2989.70922741
1067.9727685 1946.96583745 2710.30977788
1655.71322851 2491.33284461 2991.41526489
846.876687435 2281.94963038 2984.57639592
142.904700084 2105.04021197 2957.87898956
1343.25460077 2353.9890763 2693.70293281
1402.09588342 2474.26859416 2958.9752654
1596.02727319 2512.70369986 3017.48802791
1842.95280497 2309.03911631 3021.42068122
1228.44933129 2261.8348195 3023.51014442
1353.88552867 2210.01746881 2693.03393814
1593.50143475 2454.73625536 3020.66730586
1957.08634813 2371.84525058 2693.24337052
1581.12399205 2465.99777969 2998.38895194
1920.50657647 2342.37484666 2962.12839518
1323.96249411 2328.95906908 2958.51294266
1287.03853303 2376.86947673 2962.64963579
1215.35416778 2495.2669125 3025.14468028
1910.99221898 2427.78657107 3002.17066996
1766.45926034 2450.94368549 2968.16750429
1534.80898689 2450.12583345 3036.90875673
1374.64654556 2294.80973389 3018.30037138
154.02394102 2312.70433263 2920.00644266
1173.28827275 2075.67212539 3044.56364021
1247.01007755 2325.04253426 3008.96903145
1719.47822819 2359.3807868 2943.61552619
208.929353661 1926.7465335 2948.74935658
2009.52943939 2461.23615656 2961.45110931
1685.29831676 2461.61710321 3071.59741054
1937.85961604 2417.21078813 2720.15256952
1656.71738385 2471.24878812 2942.48271145
1945.58120273 2442.08086843 3009.2635234
231.89011489 2150.87451852 2679.88001175
1963.06188218 2436.21047856 2679.42903614
1665.88253281 2368.41362108 2682.81781018
2019.93653096 2639.76970414 3039.11207443
673.049701427 2433.09215663 2995.41721269
2011.41273811 2624.08690083 3005.8457715
804.010368625 2065.83641162 2967.15591974
139.953554735 1917.48089065 2662.03215938
1586.24780814 2337.90652595 3003.32708637
1542.5205212 2150.04399575 2692.69319439
1435.26429195 2355.75687709 2981.48417752
1596.71069133 2343.93327462 3034.50792929
1941.35485035 2642.72850734 3024.80489358
1888.19809141 2502.61958551 2955.11721387
1665.84897538 2385.57029669 3021.71309418
1081.16807433 2123.05165771 2702.05093233
1605.83975787 2330.18964648 2931.68902045
2201.02686876 2533.73900959 2930.88835233
1942.47548109 2568.38602181 2995.72344106
856.103915288 2154.73108694 3004.09947825
2046.66122412 2647.91806143 3003.9253439
2064.49562926 2611.75025224 2986.3270913
1662.90645667 2165.68848461 2682.00904584
1734.92417097 2583.39329354 3020.51833713
1608.62090606 2391.31617354 3006.23310344
2207.65294423 2643.41356826 3006.82732659
1396.28728534 2462.65837956 3053.51234421
1338.55686801 2331.78695062 2924.40091385
1216.33097909 2511.45908089 2996.87444295
2295.98206668 2582.62065065 2980.54883769
1976.31938826 2479.27857784 3014.62188374
1744.49381773 2385.65728047 2982.85572765
2032.08007976 2553.33276716 2949.52453721
1270.93657703 2465.34826292 2999.94459577
1730.94213949 2572.13009066 3018.754873
1775.19938868 2378.24742751 2726.23684159
1699.57023457 2529.39865251 3007.9872938
1550.55219366 2491.2509416 3008.75006497
1373.00022013 2299.44021379 3019.05350392
1647.80454276 2463.61429794 3007.17891977
1407.6907957 2532.01174669 3023.7762943
1784.14861928 2493.83934192 2728.17995834
2284.62300128 2766.05017615 3008.78597872
1125.94403662 2265.84034231 2982.14171344
1697.07555662 2613.11402346 3055.4204849
2228.54814789 2599.51803092 2989.57248317
2000.95742382 2488.48974485 3029.42129804
1894.62687745 2527.87471076 2972.36869445
1135.20756956 2430.11294811 3012.31292359
1712.56145314 2281.41347222 2693.27904442
1526.36844852 2449.20623053 3031.02047552
1905.90091207 2527.23410944 2982.07276645
1246.37260156 2145.841798 2998.29267479
2321.27540807 2689.93268192 2996.12954854
1656.11842963 2435.5820226 2701.88919472
746.988131362 2147.34588514 3024.50979828
1442.87458071 2374.99964141 2991.95763348
872.208359264 2179.97725191 2989.53419019
1579.575818 2411.23490338 2994.45660593
1266.06153335 2304.94202703 2952.30670625
1353.98749462 2429.82393165 3016.15655573
1322.83845133 2228.97530518 2986.97942164
1642.73332408 2468.27423625 3006.46644529
2339.18268674 2694.18655164 3011.87111979
1714.25533311 2556.80552681 2995.33834754
935.196424362 2137.80633706 2937.3432437
1941.23714673 2517.09454716 3002.21792236
1334.87160965 2460.37695232 2960.99077159
2250.32016887 2546.94699936 2964.11738331
1280.29120144 2307.26895366 2994.01759162
1555.64030345 2127.51988429 2627.85125185
905.836039232 2131.95344902 2995.94204358
1668.88163915 2333.42902497 2673.03444916
2028.71396112 2510.58688215 2997.91253938
2315.44895516 2661.4110204 3003.98597183
1964.36398908 2472.76359495 2954.7233592
1653.97326647 2453.96397373 2987.88744408
1293.2280329 2373.09674506 3023.49443959
947.567715388 2440.52337627 3023.13754814
1927.18599492 2648.75313755 3012.01073933
1948.11467691 2426.19459872 2950.7771834
2352.04215278 2794.09205715 2996.37449857
1228.97304504 2244.46575106 3024.3857371
1703.27009558 2450.11589911 2977.38795251
1968.80678004 2639.91957262 2987.37886647
1936.39414984 2437.87792262 3015.6113804
2343.3876873 2664.01384544 2970.65190847
1670.96379381 2440.22481873 3025.463952
645.434685352 2394.3455863 3027.91096602
1631.76628015 2512.57649209 3016.42873912
1658.25547794 2445.26738938 2991.55134934
1943.71297886 2480.41035542 3016.96159196
2622.1138807 2771.67313468 2980.84492624
1246.31686188 2461.37426711 3006.68325844
1944.8309371 2475.95071203 3000.66058629
1261.45430045 2441.14126076 3011.10377108
1397.84348656 2317.42370937 2650.3734293
2295.7530803 2683.53183736 3024.70035783
919.751369518 2295.74175581 3003.03020363
1506.63153738 2567.20512474 2988.78549764
1704.14583387 2505.48270493 3003.50498808
1671.89722709 2336.79242412 2955.846918
1752.15648184 2433.10715315 3000.59302299
1729.66066671 2557.69412878 2969.3084962
2003.33563025 2598.25466999 3007.33175887
1957.39156215 2587.57415989 2995.16247903
983.80825671 2265.2491959 2977.53339197
1644.70613838 2500.59584596 3018.26449466
1323.26389572 2249.24332298 2712.15511361
1089.73316818 2217.18481689 2986.25788052
1723.31200747 2508.75171643 2990.45322254
1698.18407776 2623.34899205 3018.1367733
1931.28777309 2432.59210411 2970.13818811
2024.26838432 2473.22469911 2994.01751855
1593.01296122 2656.86394395 2992.92956872
2272.52844297 2536.36471451 2997.39192054
1318.16148077 2310.58692643 2979.19058943
1447.79260145 2282.992386 2905.09971378
2065.03850772 2507.30327812 2990.97770221
2023.98596149 2732.54151342 2989.95552077
1607.9295991 2398.07723742 2987.59618269
2191.65671572 2630.37256485 3015.12992912
2296.82173425 2631.83547078 3008.69601076
2396.68278709 2771.99477191 2983.32851323
2080.60003934 2561.57645267 2976.03196867
1716.19552997 2410.54207725 2950.94594538
1708.12946824 2584.60373494 3005.74277689
1940.51800878 2665.86024456 2988.02343409
1952.11812885 2590.55380725 2989.37728472
1233.40604298 2504.63493878 3002.27998014
1960.04817617 2705.5921833 2993.76337062
1523.15032305 2461.18577472 2982.3469146
2020.16343596 2457.33054618 2978.30844162
2064.51668631 2716.42185943 2968.13854055
1055.8981282 2302.16965404 3012.90858611
2047.8998969 2634.13239369 2996.95835683
2189.74499103 2517.45635621 2999.11920193
1531.31145549 2342.39091832 3011.46692901
1996.83949777 2559.42551933 2992.28711752
2319.36855175 2750.32468176 2995.35422608
2053.28177215 2596.60821335 3008.30014672
1990.36190262 2620.62724413 3017.08951148
2301.2924893 2772.12176117 3006.7684436
1699.11265518 2531.27432984 3016.20453204
2260.14601447 2676.1558595 2987.51103795
1403.61828757 2397.84355281 2958.2824364
1996.18647266 2520.56264967 2978.71583622
1683.14041655 2483.49382019 2940.4221682
1718.69800112 2434.57362658 2682.21175419
2332.69402042 2742.14472982 3023.61466257
1388.5408493 2532.15014132 2967.22641439
963.422113436 2515.90174852 3018.0131419
1955.17907947 2503.51631799 2956.3827486
2272.70596455 2692.42115193 3010.9390775
2045.6723669 2621.98852417 2946.53486648
1421.28183204 2312.39404638 3006.62043206
2251.43651614 2582.91671111 2984.72991378
803.788465729 2466.06349529 3001.8269909
1449.08839506 2378.5013397 2986.53727253
1750.5051115 2584.52989616 2992.03773763
2235.65815356 2629.65154162 3032.06628464
1517.03140012 2252.96847086 2705.31460021
2261.76298088 2734.99252775 3005.43808761
2372.43059635 2835.22440011 3036.33600596
2003.85122874 2466.72655391 2994.18324592
1977.40495208 2426.07905982 3005.18624336
1982.44106212 2566.59530284 2978.20369974
2249.33657219 2676.07226206 3014.65511558
1730.34171882 2679.7145981 2989.02953515
1050.34735422 2502.99972371 2983.01592997
1989.51822385 2587.19342174 2978.76830335
2547.01008763 2826.69013488 3031.11470661
1630.4732181 2560.36313973 2999.01841017
2317.78865702 2568.73237485 3002.8623191
2313.50866654 2785.24295317 3015.34052392
1687.60847079 2508.9167148 2979.90688723
1738.08336559 2531.88197948 3017.660482
1904.46085765 2479.25066577 3008.11077185
2299.96147687 2657.64357017 2955.51585183
2604.62248963 2781.50226018 2985.9267037
2025.33950884 2613.15078277 2976.33393491
2224.16867827 2738.96284916 2999.41143734
1737.11110665 2506.03564967 2960.17241736
1023.49845701 2577.71274928 3013.49096708
2359.79218862 2631.92054665 2948.33507557
2258.73136511 2756.91275649 3045.45838885
2294.64225735 2639.8605285 2983.35992732
1927.97795434 2557.57567005 3002.67736105
2293.95036846 2696.80017492 2989.66256218
1716.50428059 2345.21319937 2666.87361841
1414.59812539 2566.87385907 3014.23774079
2267.61586799 2670.10161371 2981.79832749
1680.75308686 2523.75116868 2971.83139848
1920.79087441 2511.08915507 2996.41784779
1964.29681227 2599.85119227 2988.23799324
2042.27031062 2684.23511021 3010.74089787
2275.25551451 2589.83933363 2934.32233995
2320.63137528 2640.345459 3032.07168133
1344.61995088 2606.37097686 3044.01375425
2259.9650487 2636.77367207 2984.64726522
1341.67761611 2407.64014882 2970.17642633
1736.6189172 2558.72903053 3002.97892086
2010.30056844 2566.72406935 3019.3213008
2326.27623681 2691.41264413 3007.78015985
2312.62432095 2681.39885628 2986.55181832
2033.3644129 2436.85667337 2665.96324734
1411.6033709 2499.63335227 2987.82958889
2000.05569347 2523.67714253 3020.91148309
1347.75855265 2562.99908997 3006.44397235
1603.33825716 2737.84527233 3022.17009577
2301.85261309 2761.39351537 2994.79281218
2024.32052483 2592.9058142 2999.5132931
1729.15994613 2567.92001259 2980.91472591
1958.23750928 2667.35908657 2985.2147926
2349.50004019 2740.48461999 2999.76953981
1636.1026251 2527.85053609 3011.54089792
1925.95827038 2576.92344947 2962.42145665
1925.01033744 2577.49192287 3003.31945746
1943.8250656 2485.46970271 2977.39699512
1704.41223241 2533.11855059 2991.70078722
1106.26637491 2414.86350929 2952.2214016
1702.73583209 2464.16639674 2956.21660363
2035.83755444 2816.52525241 3017.48707821
2046.08222274 2630.71789888 2994.07850531
2051.0883647 2479.37954478 2948.88214704
2020.420059 2560.44225045 3001.95289007
2004.7587753 2464.13536289 2996.73502258
2330.97640858 2707.44024459 2987.4136564
2053.03997419 2751.54493641 3028.64185593
2376.0945065 2691.46915876 2984.1615089
1927.59850331 2716.09600073 3015.41097951
1966.30421856 2731.50496229 3013.00466038
1716.76578199 2534.33095954 2961.37272098
2059.97999002 2687.18638476 2979.4936795
2335.52163414 2756.87826904 2998.15179733
231.669342152 2392.94689769 2988.33816914
2381.31699237 2716.14398151 2999.83817788
2298.15068352 2767.80602121 3004.15639633
2231.95162043 2731.50224474 3008.8844055
1988.31847477 2616.03931279 2984.39561918
1988.61219515 2682.55646532 3017.07131322
2253.6699963 2715.75811928 3029.60167705
1767.73321279 2498.47337106 3009.97808751
2046.94245076 2520.51791921 2937.53190831
2294.32166093 2833.03952217 3033.08979798
1730.51974088 2435.78612437 2984.54870266
1983.87702007 2515.57436652 2971.63661584
2244.49456731 2662.5500128 3025.58692174
1951.20354875 2642.14291134 3037.23558988
1696.1406309 2630.07754115 3014.805405
1991.99193322 2621.53233213 2999.02656107
1696.44172894 2457.74015391 3036.18304217
1376.96379183 2527.157747 3010.32519673
1689.2747012 2514.46435562 3007.77971344
1305.96875052 2319.41973889 2700.00968698
2030.02144112 2694.99173234 3015.09148234
1681.36880733 2290.15956696 3001.51686994
1376.33244619 2389.19999846 2977.55993391
2304.95324805 2756.63137868 3027.73760979
1760.80841546 2356.46034734 2957.78278089
1771.49611002 2525.88936449 2993.3318727
1940.03423266 2563.13386793 3015.15206951
1911.25712499 2564.2380747 3027.64792107
1245.8484062 2330.36566519 3003.85583114
1941.40134885 2490.74441253 2980.17546583
1733.20812389 2479.16083478 2996.01383776
1684.28967377 2326.31908244 2922.34095683
1977.36714958 2654.40323349 2987.13929363
1715.56050031 2406.1619454 3012.59761192
1921.79224084 2334.1965778 2669.21530225
1388.41122932 2438.12571405 3019.19196792
1928.57222693 2351.6927415 2967.11521658
2033.1775534 2786.53392422 3002.82238248
2633.8092712 2758.34005499 2993.16430907
1627.45918818 2567.45576503 2999.73377451
1409.18867648 2442.7398668 2965.15566665
2258.61668126 2675.913223 3013.99185636
2036.08821694 2679.18501568 3024.73125104
1406.96762822 2417.94878392 2945.1656951
2250.31254844 2551.43108295 2668.65235254
1315.88593044 2396.6999563 3003.42508397
2048.39052332 2732.09022148 3018.38359411
1288.23027598 2382.53088283 2979.0922647
1683.5683097 2533.39707138 3026.60559162
2277.2153935 2586.89541385 2980.06490466
1985.48914434 2640.62165053 2977.7713512
2334.65210091 2749.70670275 3008.58807607
2014.25420991 2568.75208439 3023.89990656
2329.61554617 2716.54292772 3030.9094258
2057.70668822 2640.74253869 3014.86194406
1320.44013475 2361.15513017 2972.99841529
1923.1596401 2611.51161079 3003.43283799
1988.18449043 2490.38633142 3027.02734398
1346.88324324 2489.11933402 2982.95940709
1214.91650835 2407.55748379 3017.95788275
2003.64948111 2553.52730682 2980.47702666
2283.00814862 2594.28874676 2986.58212711
2040.2514918 2594.26308614 3018.56264131
1728.86576584 2564.43483352 2983.82044281
1997.35141574 2502.53623915 3007.98964879
2012.60131715 2501.78747557 2981.31307554
1317.67091043 2342.18696071 2982.24871043
1735.58573128 2642.835544 3008.06737005
2002.09212915 2705.14501894 3017.37590784
2255.06951861 2530.24776627 2972.67344845
1658.04090122 2574.97619777 3020.63481167
2028.70162512 2717.48863793 3001.9891876
1457.8682408 2585.61565428 3038.93478693
2014.4490137 2501.60874412 3020.09996497
1372.25897631 2528.44085483 2985.49412516
1589.83950642 2455.48777916 3001.69392439
1257.5741558 2399.04211372 2991.79037994
1332.52031788 2375.16498067 2970.14887674
1600.75990545 2434.53397311 2990.71927425
1736.49019577 2582.78507142 3023.36252884
2049.32707689 2679.3520251 2975.20496274
1880.63927454 2701.52946789 2972.14848006
2251.11627111 2655.70117636 2980.13761204
2035.14346267 2607.75383222 2979.16789322
1660.20083403 2365.69859534 2957.93429259
2313.85925806 2596.50050639 2970.72459426
2265.27135639 2695.1040502 3012.30417839
2250.49768244 2836.75321799 3026.46945873
2309.02203631 2694.18476105 3004.99065965
2245.34198995 2694.75648199 2991.56401619
1745.64510107 2514.39893804 2953.94261156
2270.50105691 2539.00430083 2974.53264259
1335.00137925 2372.77182568 2981.10812341
2296.302747 2608.88171006 3020.70085882
1973.59482786 2666.88147728 2994.78540896
2272.6866758 2655.24605698 3021.96795298
2547.65572006 2821.08862512 3006.82436149
1537.6344876 2650.07872108 2976.84551648
1067.74487517 2409.03124728 2993.90593788
1667.21168106 2509.8704899 2999.40457471
1636.4142695 2511.46496077 2967.96392631
1972.71836574 2541.14642236 2992.9470805
1028.96151024 2426.69259941 2969.7832725
1656.05911251 2563.42010603 2954.9184546
2285.58609506 2660.38745569 2984.46735995
1595.37349357 2232.18836228 2662.24824541
1623.00708942 2573.91601384 2995.12927516
937.220177728 2307.28676694 3009.36846751
1945.15161417 2257.88723332 2675.60422557
2310.36926247 2725.45159803 3019.26390558
2305.04798802 2718.25267119 2981.58270046
2252.76319915 2545.22006034 2983.50619346
1280.01944313 2473.35856167 3014.76006478
1966.32061708 2623.63745522 2999.96101667
1218.58591785 2478.1397686 3006.19608923
898.616050127 2416.59608517 3008.7741485
1382.48325692 2396.13822976 2989.57164808
788.640698202 2433.56304027 3015.58629633
1966.21269202 2392.21460668 2701.30203462
2311.47280708 2630.00428526 2988.2980771
1698.43747646 2497.16316017 3009.46749594
1671.20977099 2459.31403089 3008.21557732
2312.64201397 2688.65811678 2996.25705678
1977.04724623 2691.88501339 3016.50345926
1893.70222833 2645.34776831 2998.121906
2292.40314478 2635.96661595 2975.6900407
2005.79764624 2628.72818684 2982.91634524
1028.06714667 2488.6414611 2979.24296895
1538.75767429 2544.06104255 3015.47741037
1290.45239814 2566.63234076 2992.88192718
2337.99778067 2772.24540461 3002.0984748
2013.11717743 2735.90664696 2999.14958157
2291.32906268 2704.72776038 2985.18399879
2287.68775537 2665.869819 2978.31973957
1680.13973898 2577.70723899 2954.79938947
2181.3071814 2644.49999446 2975.56173462
862.737928667 2386.09237077 2944.6591903
1585.74329118 2648.22638059 2994.92578347
1992.58062746 2512.89893958 2990.6233528
2662.99487411 2877.64540252 3009.89556378
2592.07613266 2831.84239535 2977.4565316
1332.38208264 2652.71847102 2987.17527113
2240.32558895 2666.83634634 2990.42521177
1984.90508625 2461.83248644 2898.20100683
2052.98531158 2621.85451945 2959.48355111
2324.12626433 2882.60006367 3007.9776337
958.167209143 2420.8913529 2956.99497402
2308.44844123 2754.61408095 3008.08965832
2619.0397324 2940.53023607 3023.39370002
1916.78409413 2494.63095275 2989.38126003
2291.76267013 2706.87663533 3005.00346946
1875.93878868 2561.71392169 2997.72479081
2304.38050103 2774.46613148 3017.23499361
1958.52867311 2632.23047236 2973.08273497
2599.40854134 2837.54305106 3000.2379358
1960.02251477 2526.14201342 2952.560866
1642.83558167 2441.93217217 2971.22663325
1946.56406053 2572.60178553 2975.7915154
2319.34101839 2709.20177336 3002.397293
1895.72783008 2692.59709506 3000.63455379
2321.85320135 2790.90613314 3003.81309162
1947.12917382 2745.99171449 2994.32373853
1084.13101761 2560.21957318 2974.35547987
2600.45619322 2824.22103463 3023.02659895
1951.31436489 2628.70745 2973.08065849
1419.36607161 2665.08785242 2982.31443903
1243.69309011 2559.31037075 3007.02184311
2305.11616692 2802.72494604 2980.78299546
2610.93747397 2768.74375937 2980.12589508
2274.51220638 2846.62779134 2969.35286355
1931.2690694 2680.02104027 2996.32189682
2330.41138873 2717.42453422 3024.59076343
2271.53102939 2732.29172364 2999.45439601
1389.92574005 2764.71936331 3004.68190759
2284.17849765 2758.27698353 2974.71789274
1940.54671843 2693.73403113 2980.96504303
1941.83599286 2812.10147535 3004.31298579
2541.78940432 2858.48141336 2996.36293262
2305.76735285 2755.67103925 2964.15665026
2661.28170808 2932.06574041 3014.50785754
1627.92482002 2666.53507068 2983.49534765
1674.27054257 2575.05499838 3003.06161579
1620.47978451 2591.1314527 2985.62820472
1926.41331651 2715.19884819 2988.8856617
2020.03329821 2713.88412317 2996.80196412
1635.90849025 2661.7787694 2966.14672748
2356.27544009 2783.88268023 3002.83531274
1702.71046457 2575.87389353 3003.4698048
1664.18532598 2596.53500543 2994.19624185
2330.48377708 2751.4696354 2979.87566297
2339.51809535 2737.51000278 2989.45557664
2019.28609837 2630.37837526 2961.54580673
2305.5615496 2722.94572636 2987.91007034
2627.44896268 2858.81333178 3012.74331063
2313.61431889 2796.17860055 2981.05840079
2219.41472691 2675.99698029 2989.13837396
1996.11491229 2672.4509467 2990.90663414
1951.43780867 2705.89022272 2978.48735747
1707.6553415 2648.98338228 2990.16477343
2305.23582468 2730.61544114 2974.61264615
1108.73111808 2381.76887631 3000.89849689
1702.1723913 2648.64385506 3005.04344388
2657.14687496 2865.28852037 2999.48604391
1953.14901426 2600.939923 3000.87954018
2037.7633861 2745.63929345 3005.91768626
1940.75523027 2829.31967911 2999.53512496
1683.46446252 2674.89033002 2995.36583564
2353.17733288 2832.78790633 2987.99629156
2354.94200738 2869.07059311 3007.90895393
2335.14159418 2736.77173189 2988.76317358
2338.8803583 2835.52916821 3007.13926854
973.078172072 2464.08368146 2952.49615421
2313.63532889 2819.74405381 2986.47562799
2056.44947003 2695.82991705 2965.27699917
2365.02660008 2837.03019708 2993.06531278
2608.70801003 2914.89135245 2976.52248989
2382.44877857 2768.68882483 2990.8249037
2366.71039036 2737.4131813 2980.09568202
1924.48668062 2732.44039011 2984.4237637
2057.47271207 2798.4747832 2997.71917708
2049.50759705 2763.1319861 2993.69663523
1976.07435036 2722.07852668 2996.79726982
2365.43852926 2826.15812014 2990.89168107
2650.97476457 2879.49951396 2983.83178783
2262.87611966 2823.14522198 3011.79653992
1988.87100495 2771.48728479 2994.00811531
2002.04525622 2610.09879209 3003.45216011
1734.52733656 2571.56042943 2990.72889548
2338.50635825 2838.63789017 3001.52276813
1018.39649351 2412.85501687 2972.48665041
2350.37362081 2682.22817735 2931.74992725
2336.07463948 2767.07673591 3003.69976119
2634.46743068 2908.56563316 3007.32743636
2252.71183251 2599.81007875 2966.00463651
1710.82837133 2648.77563617 2960.7008008
2597.17738395 2852.33225849 2974.23924288
1938.80075221 2766.33456481 2959.73735318
706.883448821 2350.33762325 2972.35348762
1746.28978357 2676.80142878 2971.96099589
2287.35666502 2762.53818682 2981.81192381
2061.01072077 2779.46477309 3000.34000841
2613.43152692 2931.59201603 3009.10199583
2369.66041271 2813.36137347 3018.88142143
2000.89433222 2553.15963398 2977.99042877
1954.01196297 2577.94169921 3016.31082971
1959.16490973 2646.63460851 2994.78995291
1347.71315996 2729.86895538 3003.9204172
2078.44590777 2677.02130938 3002.87950699
1020.92582565 2359.90827776 3017.38646515
1418.97377295 2623.31253363 3006.41785107
1690.13206428 2489.89775967 2945.30337308
2035.77737693 2621.05132782 2991.6957994
1445.51492095 2532.76989189 2975.03408465
1933.93967686 2828.72726478 3014.64492682
2028.19305127 2682.5924296 2990.92658854
1770.76212388 2814.34918099 3008.63823369
1010.51329066 2420.82562907 2985.13676322
2338.18756731 2712.09671376 2996.12948841
1041.80402364 2531.00527294 2988.08519825
2062.79504744 2646.7156564 3004.85253367
2308.32483404 2763.08429988 3005.97371849
1646.94636321 2550.35482014 2992.0413027
918.651546688 2569.64365517 2967.52004734
2296.85004257 2707.41107629 3009.71817094
2384.47166617 2823.80713884 3002.1470172
1555.98804213 2484.35489937 2979.810323
1989.11820447 2634.41482962 2973.99199015
2257.21415529 2796.88326653 2975.36938082
2036.63198645 2686.163478 2993.76545877
2275.67703253 2614.05266835 2994.39286642
2003.39629669 2681.62248074 2994.21799047
2295.90004274 2676.45556447 3013.36799802
2274.29370917 2683.36681865 2995.6917071
1726.16886453 2636.0359147 3006.92223356
1736.42457745 2627.49860749 2987.63700418
1341.20531244 2723.15347253 2992.29002204
1057.24684767 2527.75999334 2989.29550501
1995.42190798 2617.95421924 2988.76518716
592.769546348 2601.69193208 2998.85011366
1290.70800372 2415.95506867 2994.18509926
2329.44714682 2786.08558032 2968.5866184
2284.88434727 2765.54887627 2995.67607495
1329.88452128 2330.95504699 3006.82751988
1999.07438959 2588.75585231 2981.20157659
1929.57483568 2666.74513245 2999.80241613
1973.27393181 2680.87493609 2978.55135245
2341.17848085 2734.6686779 2999.29449833
1994.31540472 2714.14131402 3006.61803111
2267.28081173 2789.52637424 2990.40109954
2286.8516092 2773.53244893 3002.20325801
2629.06179457 2834.1010707 3000.59857186
1720.67627466 2705.30981978 3002.75211994
2590.90598801 2812.86435848 2989.42896651
2581.53689091 2799.63994629 2998.29758088
1430.50092769 2645.35060007 2993.19991831
2635.08758352 2801.38815108 2980.45660696
1670.40790098 2489.91370982 3005.42593004
1896.81295687 2620.88347186 2995.3641494
2061.31562639 2681.73335823 2986.70808507
2018.73851423 2717.80390621 3003.72278234
1941.46188601 2673.98644914 2992.60595223
1339.76406432 2310.03878023 2930.68932573
2352.4448177 2774.5309759 2998.17452759
2207.38520734 2641.46759042 3012.21055471
2589.53229434 2867.13382961 2987.34009042
2283.02889789 2788.1126343 2983.27732383
2283.01973419 2751.62923712 3000.26105308
2270.3748087 2737.50770298 3007.77667968
1751.09423705 2577.28675263 2969.88348869
2286.74007572 2717.2488707 2999.86499107
2267.43252112 2748.99022278 2950.72473272
1901.13965916 2703.55949612 2987.27228087
1979.50807977 2800.70253678 3001.16395668
2001.42623742 2803.83938403 3005.56209058
1671.15518593 2598.29579669 2992.99768703
2041.21685994 2614.18588839 3005.54734212
2065.67584795 2722.29831549 3016.17057744
2274.01337788 2768.87216642 2994.04884021
2035.3759808 2765.13698564 3001.58722796
1972.43985083 2537.45088146 2947.65300659
1907.37591548 2643.56484678 2987.28416143
2293.22451878 2743.06793725 2973.54419393
2578.73465134 2793.22453032 2994.55714902
2045.25469402 2632.01400782 2995.41714884
2322.15203889 2678.02463908 3008.48793133
2306.08457967 2740.34326031 2987.99264752
2318.67125041 2790.85624756 2980.17975927
2343.39039724 2748.26700419 3009.18811004
2623.44371693 2779.10773523 3003.37600918
2022.07551724 2727.17706741 2978.82945593
1533.70377888 2586.14500889 3019.08771154
1320.53593466 2483.58655592 2981.18967666
2322.53391016 2641.56513671 2980.46874235
2295.68704415 2728.79738519 2982.70903486
1730.65535231 2683.97639519 3009.61655104
2614.56466793 2881.98834709 3026.84725082
2358.23445798 2800.12476767 3008.18184781
1953.4813082 2718.74040253 3007.31382753
2373.56657927 2723.99640343 2981.22864749
2667.53759624 2861.34818973 3022.33193433
1741.79567828 2580.05630067 3010.35989943
1051.83378726 2532.5788903 2984.07343925
1065.62806864 2485.4031562 3008.77100746
1999.48936077 2651.63365051 2981.33405718
1938.70845146 2612.50322441 2995.88991762
1902.17790852 2644.72636495 3000.64319717
2048.99110352 2653.09413048 2985.56567331
2316.04428136 2673.94727631 3015.11642661
2077.55893579 2752.57664364 2996.58045617
1989.74742408 2487.44211637 2997.00389516
1350.95355702 2613.55138304 2997.0984839
2315.07932677 2744.68070676 2993.35838898
1329.2694942 2614.70547126 3001.00639526
1115.63402543 2517.6006392 3013.68091848
2244.71105587 2705.22644676 3021.70812699
2301.34573742 2707.50796861 2982.54330253
2263.35701466 2485.10723023 2987.52632603
2016.77096881 2776.59337351 2978.49802613
2058.54565537 2750.97519328 2972.60882676
1321.87531547 2545.98152277 2989.03991654
1973.79207593 2676.58475614 2966.95543696
2291.11697756 2668.62298309 2990.4632179
2275.20210137 2775.36763563 3007.3013595
2049.24630054 2651.35533205 2988.01845778
1549.49140023 2467.26871765 2999.84236837
1661.61103651 2463.32748501 2967.23496928
1701.23714797 2524.25758097 3007.50212659
1623.26929622 2759.5863228 2992.23080188
2312.63806859 2777.57441019 3006.81453231
2011.94379553 2747.11002459 3010.54689966
1951.87157677 2575.48924451 2997.74248663
2095.92109002 2538.88823094 2966.71113958
2316.94762861 2698.94089151 3015.14167866
2310.23784608 2679.12665629 3005.79071425
1979.73756576 2467.7811854 2871.99856868
1931.39057895 2634.09489157 3022.49241376
2359.8107444 2777.46903427 2996.98616272
1906.1763212 2567.62995538 2956.73623508
2030.73724952 2685.57784456 3009.61690257
1068.01163594 2587.5679581 3030.29905261
1594.56000037 2545.26709948 3006.07193972
2316.10086952 2683.44129075 2995.73452867
2344.8166938 2787.52596558 3005.71642987
2023.37957902 2467.0873602 2952.38396539
2034.63436074 2669.0650946 3004.48286312
2046.34377915 2745.00957896 2992.49939758
2080.15104444 2620.11190533 2958.51425667
1326.31595712 2707.47557227 2990.02462941
2359.678189 2759.19269626 3008.01070624
1375.24362154 2601.38726243 3005.75981145
2270.97877857 2706.85985422 2994.41716267
2300.81173001 2746.41071731 3011.56113965
2034.60350467 2659.70476744 3007.40786698
1636.57516523 2473.98917672 2972.46430295
1943.7280758 2756.20307876 2979.00432609
1648.15422246 2530.47097876 3007.47013954
2636.37297913 2845.50730452 3008.54959814
2021.1660301 2803.17048194 2987.19004858
1992.14274532 2683.34875507 2974.74369476
2321.85148972 2806.43223055 2994.0064806
2065.03764543 2607.56974462 2991.89004834
2347.35569311 2685.20209342 2994.44067399
2038.7395659 2619.54044154 3025.234388
2596.60572357 2853.05144906 2991.67031159
2047.87248944 2578.20817105 2963.50635662
1353.81377914 2577.50059937 2965.15679076
2346.32128323 2799.83467051 2984.33223647
2258.62190475 2634.49890928 3004.76589007
2307.91377285 2784.65423274 2994.17836952
1614.95605159 2653.22631732 3005.44097229
2325.78063973 2734.72200649 2998.87021736
2257.84270093 2772.99442821 3005.91270704
2010.95942789 2759.01404636 3042.64529219
1973.41071702 2798.6387447 2995.14824
2344.63474729 2820.00675872 3003.38234785
2030.71063347 2648.78891048 2986.48440917
1636.04790782 2561.52368956 2943.14409387
1973.06480105 2483.87030421 3005.63107286
2020.06183447 2711.19287141 2995.41470623
1972.62536193 2674.72028726 2979.20775934
2037.93251142 2732.73468917 3004.56424018
2312.97114121 2765.96840592 2998.1413929
2339.92304465 2744.24056081 2998.45485481
2315.59785732 2805.69776984 2986.7228703
2287.60075912 2668.86224233 3005.1112097
2632.8639907 2888.54946875 2970.80735537
2321.56471228 2755.52340178 2981.67469527
2046.51963311 2741.48633226 2995.20164571
1923.48599611 2695.41489986 2970.47464788
2555.29507583 2771.3970957 2997.35695372
2587.67685561 2852.43962755 2984.2146981
2664.55931121 2897.32278905 2996.53543036
2611.00876465 2758.45305395 3001.2619075
2257.66652394 2864.37739254 3013.97011523
1943.98260785 2738.76696682 3002.50877809
2276.41268585 2743.93249511 3012.78153296
2624.82282188 2899.15646653 3002.61717117
2253.06517276 2748.12047016 3006.36850045
2382.40951828 2849.38819374 2996.9059228
2294.09344239 2626.77630167 2977.76639697
2266.33114227 2635.83227871 2975.03763483
2014.66323089 2725.7069357 2972.63656266
2548.1277102 2775.05378727 2982.0064379
2332.26905324 2754.14678463 3000.36208287
2356.87104575 2803.08684562 3001.80159925
2561.58819038 2787.52274841 2984.27369887
1694.55092129 2612.2815974 2985.57211615
2320.95373631 2785.06349052 2992.45121628
2621.66453864 2843.07006987 2995.84347195
2336.81269421 2833.46246444 2985.31496859
2289.28618144 2793.87418908 3002.3534349
2253.38309859 2634.52111914 2988.07227514
1623.29211115 2708.06408572 2987.28189649
2301.70505131 2755.12230474 2990.70685127
2609.82147686 2833.34175539 2997.27495733
1977.70014241 2600.6802552 2989.78882775
2334.12370119 2744.11722539 2981.38457084
2583.50641522 2829.22538576 3001.39302414
2594.28597863 2851.84408113 2994.28833044
2616.59101025 2861.68893249 3010.99539207
2375.33174865 2768.1106808 2979.23148435
1978.11267318 2664.12086211 2998.95815478
2655.68609006 2935.49848048 3001.55781609
2239.43592542 2660.41297843 2961.33030099
2592.52313887 2815.98252657 2995.91640821
2313.78597362 2743.42804439 2981.65305662
2011.69987173 2556.45352876 2987.611125
2313.40926952 2804.09958174 2996.90344984
1978.37903786 2562.16932838 2985.22257597
2605.88042592 2929.52952145 3015.64984403
2326.85463909 2688.75241584 2961.28833703
2639.90735257 2873.42032561 3010.94013674
2327.25360121 2738.60408062 2985.19134729
1585.48030657 2705.63222217 3020.77678762
2586.2511146 2844.55552029 3002.48616699
1688.86094715 2589.1775941 2996.95892457
2342.07465855 2818.29634856 2976.41555967
2289.52964523 2646.5226517 2993.51828884
2075.91090264 2644.0257256 2973.28655629
1657.48058878 2674.05109475 2994.13932922
2027.43302974 2739.83823086 3005.1661374
2313.75086379 2803.09604204 3001.81875645
2061.18561889 2800.91335687 3003.08166673
2361.3078282 2784.89470044 3007.87882815
1976.76870219 2673.24579559 2990.34417234
2029.26568443 2579.77614165 2970.87592228
2330.77086973 2661.864519 3015.26075682
2628.01747745 2866.58337131 3013.06049638
1248.94774729 2618.17441813 2997.79515385
2296.46129495 2748.45671747 2985.54557417
1540.27510753 2523.64874819 2995.71674059
2627.97498248 2837.55642691 2986.74194569
2241.73481402 2648.45547956 3014.7789671
604.698953667 2478.28604007 3000.81749687
2060.42245733 2738.12470924 3012.05250309
2638.33839424 2878.2866153 3013.98587389
1939.57369409 2577.17843763 2965.49104462
2359.51469398 2704.32638015 3012.57745529
1601.83407955 2667.4126176 2989.97062332
2258.32131865 2520.4743577 2679.56478401
1879.081136 2627.58444382 3006.1052421
2325.57697577 2594.5122923 2977.20005279
1973.32966323 2542.49273349 2974.43682287
2301.84967166 2736.67418354 2978.95433742
2652.20239707 2903.97943947 3001.85444838
2343.06084577 2718.74453223 2983.27989409
2571.75601437 2822.6576808 2973.45848483
2293.36559751 2701.7774642 2975.26826886
1992.75540012 2806.51994968 3004.03104452
1962.06246785 2727.25793181 2976.29142143
2645.60386898 2867.28044439 2995.24489637
2015.97961288 2643.61643105 2994.87449809
2635.73742968 2878.81761299 3027.34242947
2323.68277994 2835.9807235 3005.11924592
1767.90872527 2496.3263698 2988.43811784
2363.7782141 2826.49014585 2993.99421455
2296.31895503 2803.55630959 2988.57791416
1906.05931969 2738.52820981 2986.57369619
2579.39486348 2805.35257322 2994.43716451
1994.38818714 2483.63372965 3001.58097145
1978.76850979 2608.35166557 2966.59422109
2579.76583108 2783.60963478 3015.1360586
2308.21357019 2726.87805789 3007.06937202
2002.61452569 2725.08585754 2991.20286346
1682.27266432 2408.58089552 3003.45500961
2289.38636815 2764.32181701 3005.88796354
1416.90885353 2712.81403236 2999.11763627
2256.91872567 2816.47156372 3030.29874665
2298.66997332 2835.50052928 2999.47779228
2344.33964717 2805.02390608 2992.81903715
2296.71222866 2610.75360377 2978.88680535
2343.83688164 2672.40087226 2955.42969216
1948.15434302 2651.36423034 2992.81448836
2289.65353609 2791.74383019 3037.09259366
2300.01513301 2785.29802371 2984.05073317
2300.27536403 2835.53517371 2998.53692789
2051.04569335 2658.29181348 2994.54333531
1659.90047113 2599.11186029 2989.55786109
2590.93783649 2742.01052989 2964.33940488
1883.85156989 2573.29777568 2970.44442585
2319.00673519 2703.86791207 2997.73134857
2591.83722359 2799.51925763 2998.68507946
2633.77887534 2870.00486336 3032.79630046
2616.55447557 2849.88112014 2974.48596036
1263.41286364 2505.46569632 2980.64332287
2319.26208649 2700.96522061 3003.1329196
2311.64748001 2608.76093496 2969.25435789
2625.61354766 2873.69746989 2988.35116711
2049.68508033 2683.62300223 2970.86622627
2304.71479519 2541.21288944 2643.13503129
2248.22744326 2743.43227802 3022.23078785
1991.97768973 2667.06776789 2997.59788726
2325.29647615 2745.54163159 2997.50017078
2327.83285294 2800.82785432 2997.32971048
1871.60744065 2664.87163402 3030.67130729
2534.50677339 2883.99840676 3003.11066291
1314.10715535 2653.59780791 3013.80031884
1930.16824616 2690.68259701 3011.54067248
2345.36242825 2713.15279626 3018.74674288
2341.83705412 2705.62567943 3007.58446036
1716.0110518 2617.20062701 3010.68862368
2539.59876483 2833.77547461 3017.70672776
1978.06175789 2571.50739395 3013.91201651
2281.011648 2667.46988596 2991.92212881
2351.8200442 2819.07267637 3016.85626002
1738.87300529 2504.13625677 3010.46860699
1874.88872423 2577.89315195 3000.78727479
2044.54419526 2632.78464928 3000.32699199
2008.55613118 2743.37421302 3005.71548132
1947.10288717 2731.34054209 3008.91140734
2234.62871409 2699.8518269 2992.84904408
2596.40284177 2808.70956507 2991.70292933
2308.56714526 2743.30449115 2999.99034359
2306.29664847 2651.30713469 3022.89527842
2310.51057836 2752.18001399 2993.83420893
2346.82216325 2746.88485788 2997.84141252
2619.01919897 2807.41638972 2988.40594417
2370.22279854 2832.73411108 3006.48189461
2043.37925916 2699.71414259 2988.90669362
1986.61943967 2642.02357668 2976.45387922
2321.21442547 2757.2375073 3009.28117786
2278.02525241 2687.90712479 2992.17105109
2331.19468232 2820.39196635 3018.28257399
1964.03069844 2601.77225501 3004.0104827
1560.49903616 2514.20664733 2977.05670105
2329.77808571 2678.09187777 2977.30346278
2660.81619993 2877.73630609 3037.60903891
2312.12248715 2676.71419819 3007.3006764
2377.59007811 2748.82625085 3005.70805119
1982.36094388 2578.1341012 2999.7599522
2344.32896457 2658.8097235 2985.3429697
2627.30768093 2816.46019137 3006.00962819
2266.36145292 2735.64083165 3007.13303113
1726.85697877 2635.77841807 3017.64385442
2039.73366478 2639.33280422 2987.67835058
2288.06410048 2732.54885554 2997.9097693
1490.65221076 2429.18641947 2996.86947207
981.095302478 2404.55250462 2990.40919664
2345.7709585 2853.45924814 3013.60773981
1638.02380699 2680.84386522 3006.90579131
2082.27233203 2531.59971432 2991.50624096
2022.83192486 2548.53520681 2986.04701953
1915.20344036 2686.08287253 2957.18063765
1739.48201966 2619.35936819 3006.75429995
1977.34599836 2627.6418616 3014.0913471
1955.68132514 2558.93391752 2969.7306233
2250.11989534 2640.94438455 2954.93304739
1699.86957813 2509.81607828 2971.08752037
1994.63689679 2675.20316016 3016.54590725
2240.29872977 2639.53004352 2975.42604804
1983.13780695 2651.74070768 2990.03472043
1934.37180008 2692.73712419 2977.47268976
2006.91240648 2684.14302416 3000.23544198
1702.83932646 2610.65507046 2990.70631694
2389.47398559 2767.29751469 2986.45738841
2043.06003804 2722.27703843 3013.79735179
2316.86313253 2808.56578195 3008.70204123
2298.2159907 2843.30380868 3019.12400978
2272.12808034 2797.85688361 3014.12179324
1635.4872077 2739.03038598 2999.21858076
2635.08247422 2781.64159701 2977.90212964
2336.2029401 2814.47199712 3010.04918962
364.170394198 2543.52108568 3009.57470339
2686.46063918 2880.65248368 3004.82400835
1981.13742017 2611.43495712 2998.8374989
1642.79332072 2634.76347047 3027.31150801
2043.930586 2668.11323882 3002.03196528
2041.95229164 2569.04558941 2957.77077866
1245.36288882 2469.48027257 2992.38290313
1988.54230032 2824.08225368 3013.92467005
2589.71450797 2777.60775473 3005.15551439
2060.45885517 2635.75824605 3017.8401357
2308.61813193 2715.87479554 3009.01057135
2045.14637466 2656.62123637 3014.86712504
2046.19652125 2628.49394001 3002.95855737
2617.69350298 2875.91107744 3006.64687665
2331.18866569 2810.4055773 3003.22503241
1675.79571907 2717.1839274 3035.21616652
2337.00520056 2743.96946683 3014.25373561
2049.39161287 2801.63568299 2997.12588606
2056.34607803 2602.28666498 3010.31757477
2569.693846 2712.16179981 2986.10929849
1421.30855543 2395.78113459 3003.69408876
1519.06258399 2536.91419378 3009.28563137
2271.82915077 2592.06776875 3020.05733598
1633.39583873 2478.63545465 2997.55718685
2325.85146201 2817.46506931 3019.92903169
2331.55994906 2689.7323507 3010.76587642
2043.16388932 2690.68266992 3004.0027211
2062.06316269 2679.75352924 2992.69623205
2308.0476772 2648.75556792 3000.13749512
2047.66757473 2684.54411626 3017.5176804
1993.80389591 2745.05569859 3016.96031548
2051.43661711 2724.24398099 2995.88639726
2254.04624763 2713.09762568 3028.55967327
1946.2938137 2695.35878523 3006.35106613
1668.19891074 2410.81767734 2997.64357876
2260.87854197 2712.56620124 2999.37110988
1971.32483105 2617.24229292 2991.93494994
2304.03831323 2721.18241017 2994.10000071
1938.24356422 2583.86246638 2984.80060867
2331.07474581 2737.12415645 3016.05307923
2025.85764886 2616.88696184 2985.56317856
1915.31675507 2708.91316107 3033.71889442
2003.92877743 2590.02867849 3015.31702306
1907.17031225 2676.88867232 3007.52644394
1599.15755432 2602.76367075 3009.97278037
540.358761889 2327.37000024 3003.75876014
1370.37626243 2510.73788651 2979.7157105
1908.08246601 2445.00059073 2997.02947011
1983.67665992 2549.37566637 2980.45285226
1683.69977678 2498.67826577 2983.78557683
1933.45946511 2451.00716038 3012.02414117
2315.14608512 2790.88260847 3018.97456877
2009.10694 2705.49649686 3003.46505308
1960.05242915 2601.53605188 2966.00375813
1902.45869259 2530.28612989 3018.12581403
1991.36332268 2647.54571467 2991.50735114
2221.25177753 2674.09266847 3006.56342182
2350.30909337 2681.08830081 3016.04602089
1679.3670242 2690.21865191 3000.54406312
1869.95478951 2569.8548347 2984.82776708
1654.7503608 2610.25224556 2977.92222944
2012.90483554 2536.79351575 2997.45656004
2044.64716967 2602.74517815 3019.03346759
1310.77727436 2516.68567087 2963.18722142
2358.3878626 2762.73175369 3017.27995912
2276.05840598 2567.45428186 2991.70590215
2326.77573822 2742.09347689 2998.07823826
2010.37062567 2830.34873143 3031.82058517
1848.65108718 2557.44999404 3007.90333601
1410.64328728 2627.45259469 3015.73406561
1013.32190164 2257.9324976 2997.30682415
1993.79873962 2434.45814556 3043.35538037
1700.50657357 2550.05237492 2981.23851337
1554.54102342 2509.01638685 2986.94221376
1938.07545048 2422.75132821 3010.99744304
2360.68450911 2675.21525592 3008.03941308
1632.09259197 2705.39769609 3014.44002854
1970.13366151 2563.29942763 2989.81160362
1681.28212701 2534.58081231 3019.3367368
1938.02792392 2480.11555077 2981.01092471
1996.93839303 2727.60037587 3017.29607282
2343.06931573 2695.31445255 3012.8672706
2322.17510264 2800.57698397 3000.69110192
2303.81662915 2653.32800207 3021.13411678
1975.65836566 2522.20081934 2993.60372518
2313.20575287 2733.94526964 2989.36377128
1988.96264545 2546.38606431 2973.49939505
2010.46562844 2631.5720229 3022.36382014
2273.86292354 2808.81696411 3013.70985522
2267.56422929 2632.56961185 3009.1465873
2238.22367201 2625.18128756 2982.52675439
2297.0461639 2669.84842963 3001.86930648
2289.34121077 2734.2150786 2977.62677859
2299.40663641 2705.30964886 2991.87807149
2606.47976847 2833.67484424 2984.17236725
1636.71911368 2622.31854546 3015.25913478
1274.36985252 2511.22271838 2972.34783638
2031.35976701 2657.06756537 2985.75444445
1327.51908522 2571.587667 3001.79980087
2294.22068027 2792.08344807 3011.68161197
1830.719015 2483.05655763 3021.06820996
1933.62886282 2537.11939904 2970.33682835
2278.25268877 2838.40834163 2997.03583628
1899.34944504 2522.79877255 2967.6457483
1556.17309854 2552.79763125 2997.05844131
2299.71498415 2640.30247838 2986.15793444
