-8808.21937645 -7365.4329761 -4373.17008627
-8576.07475258 -7508.00998359 -6387.04735489
-8157.74585462 -7847.73040896 -7129.47697721
-7884.62216594 -6103.13254808 -4794.615878
-7395.15888828 -5936.88199981 -3523.64907712
-7195.32654558 -5298.42388355 -3119.0628429
-5994.48163608 -4184.54703629 -2423.92622473
-5891.57359905 -4102.38228889 -2224.16158206
-8272.05785629 -4905.67562567 -1746.50603723
-5122.56481351 -2956.0174226 -891.16287386
-6006.22020834 -2910.49375604 -1445.33970007
-3914.14332692 -2648.88053804 -1439.32959628
-2127.57926517 -1566.52491881 -903.155524573
-3581.92276231 -2331.64873428 -706.511339987
-3078.14593415 -2138.42691332 -739.919157303
-3715.28931038 -1475.78425797 -890.529199202
-2174.95247861 -1047.92856525 -475.740265709
-3523.01836531 -1251.17114601 -663.979557481
-1426.48663542 -861.392502764 -465.347599086
-1183.26228197 -832.422919615 -631.451588898
-1616.98882196 -896.495476622 -489.314005908
-1133.95258494 -758.280006857 -439.059441682
-751.830588274 -553.765399177 -330.436397897
-1435.99203596 -767.650661687 -504.48613889
-741.225049711 -503.317658984 -352.512046417
-958.020687525 -517.217924131 -279.285587087
-666.660047459 -451.236161462 -324.766172545
-612.516819554 -381.776922018 -254.542164424
-465.589924006 -351.440873357 -159.070328239
-659.506660974 -404.040689798 -235.965604182
-462.677991473 -352.243030156 -263.522556454
-589.360728577 -343.392658216 -167.979893787
-474.848568303 -313.670562115 -195.603180792
-562.542274845 -343.890051603 -238.196212852
-393.192064546 -278.988634992 -164.759128656
-361.254672285 -273.555413208 -196.68144684
-306.99205992 -194.856232612 -133.301300591
-347.348299301 -233.337080765 -158.551740318
-533.701905977 -300.884492879 -169.330013481
-392.302452954 -190.666200361 -112.912881942
-733.048321464 -229.334003315 -54.3927141294
-309.513521073 -191.838792708 -88.3611002867
-245.838004065 -154.452969121 -99.2454843317
-320.705594336 -163.383401263 -33.0375527778
-360.637571985 -202.178157257 -59.8331034402
-368.345705284 -168.063876142 -74.7985469102
-334.528363158 -134.037444205 -49.7977413922
-165.101142881 -111.326883672 -57.2731315178
-203.988731333 -107.566758379 3.93537402703
-257.085538674 -165.33031288 -60.3271774955
-192.92784684 -112.963543728 -63.6118719844
-238.427491222 -99.8296189359 -1.31405968493
-142.876388613 -83.6105614323 1.31250446261
-256.06522363 -94.0269636044 -18.8594444925
-132.243521468 -55.6872829544 24.0305083887
-148.546604982 -67.4392953469 -24.0827195577
-271.030158537 -73.1094351066 23.7159737253
-103.634780045 -49.1255269768 10.7280510504
-295.828692827 -71.6684433517 5.02007217581
-105.064766031 -32.819745967 1.13590523959
-116.249765252 -6.64698066479 117.094675689
-191.196941368 -35.9397850423 67.7081238635
-92.4861965943 -31.8821260473 60.0688076263
-33.1845863945 15.6386162591 87.6600869999
-185.894852124 -7.39218361847 89.4776580172
-159.611341132 -36.659261462 27.7023476398
-89.1864031648 -5.33605106228 63.5234546531
-236.449782406 -5.02338777499 57.412517325
-78.2202554244 0.0328197525523 81.0823883347
-25.9646124908 35.3389879294 81.0819777086
-81.7757712954 2.65028956622 120.219221757
-52.9998591355 33.5226959473 72.5510852037
-39.8355497189 60.9261056596 187.375271277
-104.399483389 34.5479169547 122.716353484
-33.2432858682 45.4333548213 117.800296998
33.5378442945 78.8023667423 109.147114477
-74.6137281882 59.3740316457 186.061964515
19.5699123752 61.596081555 123.610581234
-26.2819838217 74.048698619 177.973408912
-36.0266956898 107.334153041 348.301644739
11.4591497787 98.1858053492 174.069947985
69.326753564 114.548586649 163.029857913
83.9901932691 129.688191314 197.261911853
45.6585199459 133.258954184 216.831428928
112.551131871 149.756808722 213.154378538
59.9251672713 136.374853992 192.005235403
-43.8319715295 60.0768738494 154.627240964
121.829083621 167.986941173 255.637776714
28.6603544172 136.408394976 206.115160553
95.915280888 149.082374198 217.069073828
100.450121393 149.546820429 204.868671217
82.1764027929 144.778925527 224.590384268
78.9173286757 158.143081257 235.238115405
122.022352137 180.172429591 297.015678727
78.025035578 131.413066705 201.342043633
85.1475663323 143.305495968 352.116521299
52.5095732459 135.462952993 253.691621644
90.4270031852 144.444895152 301.030792508
75.6892790018 155.387863526 246.436807037
