0.23388 0.309728 0.4082
0.25812 0.306716 0.369
0.23432 0.28894 0.34404
0.21112 0.264888 0.33888
0.19884 0.242608 0.28008
0.21124 0.26178 0.41148
0.19656 0.239836 0.29728
0.19216 0.220376 0.29216
0.20404 0.247012 0.30476
0.1824 0.20262 0.21872
0.17908 0.212 0.25956
0.18088 0.228564 0.30028
0.18884 0.21046 0.23664
0.18024 0.200408 0.219
0.16748 0.191988 0.2082
0.1738 0.1915 0.2082
0.17376 0.186724 0.19636
0.17572 0.189272 0.20288
0.17172 0.182376 0.203
0.16156 0.183996 0.19336
0.17444 0.187092 0.20844
0.16176 0.176204 0.19224
0.15828 0.174424 0.1918
0.1596 0.174412 0.19324
0.15452 0.170112 0.19352
0.15644 0.16544 0.17448
0.16112 0.171012 0.18376
0.14836 0.163684 0.19776
0.15592 0.16678 0.18252
0.1476 0.168272 0.18584
0.14692 0.160608 0.17808
0.14452 0.155608 0.18532
0.14424 0.158536 0.17372
0.14396 0.15058 0.15776
0.14408 0.15242 0.1568
0.1344 0.146188 0.16072
0.13244 0.14556 0.1578
0.13592 0.144988 0.1554
0.12916 0.143176 0.16376
0.1266 0.139656 0.14696
0.12812 0.14146 0.15456
0.12996 0.143156 0.15644
0.12576 0.134376 0.1426
0.12336 0.134836 0.1452
0.12744 0.137708 0.14748
0.13144 0.13936 0.1612
0.12452 0.138792 0.14744
0.12484 0.137856 0.15632
0.13292 0.14248 0.16112
0.1272 0.139908 0.15448
0.13312 0.142912 0.17148
0.1226 0.140424 0.15328
0.12404 0.137012 0.16116
0.12692 0.142268 0.15312
0.12688 0.135896 0.15788
0.1266 0.140392 0.16536
0.12376 0.143508 0.15104
0.12456 0.139688 0.14788
0.12868 0.138196 0.149
0.12264 0.13862 0.161
0.11904 0.135304 0.16448
0.1156 0.136288 0.159
0.12168 0.135512 0.14984
0.1178 0.12954 0.13952
0.12248 0.131736 0.14532
0.12108 0.131776 0.15204
0.11184 0.126544 0.14476
0.11768 0.13026 0.14468
0.12268 0.131196 0.14604
0.11948 0.132184 0.14976
0.12076 0.134572 0.14728
0.1242 0.132 0.13916
0.12012 0.136116 0.1546
0.1252 0.137348 0.1468
0.12012 0.132408 0.14612
0.12684 0.140512 0.1518
0.1174 0.129496 0.13808
0.11944 0.137456 0.14556
0.1248 0.144112 0.16256
0.12564 0.147112 0.1652
0.12584 0.141556 0.16024
0.12136 0.14264 0.17752
0.12928 0.155856 0.18432
0.12664 0.150844 0.18664
0.12628 0.154912 0.1832
0.1302 0.154172 0.18304
0.13088 0.156124 0.18612
0.13024 0.156068 0.20844
0.13316 0.158268 0.20148
0.12484 0.15336 0.16876
0.1186 0.159136 0.21668
0.13924 0.169904 0.21612
0.14616 0.169924 0.21284
0.13668 0.158992 0.18516
0.1496 0.16952 0.2002
0.14556 0.172744 0.19712
0.13972 0.185168 0.25324
0.15064 0.1776 0.23128
0.16412 0.199764 0.29916
