-4712.99017701 -2800.60685588 -1120.69076734
-3850.96569878 -2818.73594419 -1648.01041337
-3586.65936453 -2415.70393892 -1163.68566798
-3190.80477621 -1946.14923435 -803.699509543
-2440.39884777 -1489.2369212 -755.007407368
-4541.34347322 -1854.74453218 -752.52167194
-2211.7490952 -1456.56954526 -956.0936211
-2510.18464292 -1098.27830781 -669.385260455
-2653.25321281 -1610.24702151 -889.032084823
-1069.13830119 -775.040864982 -508.86153053
-1743.45421898 -863.278457976 -369.647837216
-2143.75378121 -1156.26760088 -461.478345715
-1299.73867314 -701.296604393 -407.387001987
-879.350792311 -564.371846637 -318.294040932
-896.909947716 -547.389411718 -265.753816187
-935.174298591 -437.471107695 -236.030676864
-489.667947545 -353.746313631 -159.009066478
-629.579873304 -386.677081172 -162.423458329
-439.966249816 -269.528394177 -123.988934907
-355.419760073 -208.721918548 -58.3071635506
-570.534594836 -247.602084342 -122.826479927
-336.027786518 -207.229136187 -48.8077552302
-331.957236748 -165.598122088 -59.8340718716
-372.097996208 -144.955289204 -10.4846934006
-286.25072197 -108.619916924 21.5882430483
-161.536393289 -59.0159552012 -0.074967014843
-286.384656595 -111.475560639 0.810445401974
-233.694400249 -48.6635829087 61.5200742142
-236.643821967 -48.0109668279 53.6896090007
-100.366986982 -27.0635178568 53.9152205299
-63.6300127732 19.1534879233 78.3515565315
-11.1162430195 52.0576697869 94.2597638605
-60.8230776133 15.7806683743 56.0695111255
1.69717771893 52.2926231493 85.8764910785
24.8554515455 66.4690158685 89.0286818956
0.0059690722009 63.3735985783 111.388705086
53.5578919954 87.5401359876 118.940184022
-24.5279594601 72.3485836527 91.6016209643
55.3704691173 88.7837578542 119.811533694
55.4623791397 96.2745127747 121.420635352
67.1641627236 96.274312149 113.371560736
-7.63675675063 89.7044268926 124.85370051
94.5562103574 117.363611065 134.940882768
51.9605357183 113.83123475 144.380192368
108.562651565 124.625591315 148.773389787
86.9088019822 123.766387772 142.273932174
99.2322092788 122.311303838 147.832769828
98.6071096649 120.0315494 141.146879144
103.112187314 126.293244697 158.418723382
109.269974747 132.093166606 160.584860414
81.870920732 122.304759576 156.837331082
110.561058955 136.590872066 155.175123815
123.02413919 144.576929215 169.23810382
92.014173934 136.026393786 167.426039249
138.861511899 159.858631705 185.331584678
82.1535883577 150.184159779 177.560861393
123.188146855 154.331013719 174.062036888
133.672285553 159.639350904 194.30152527
116.341128108 155.194095099 181.91521427
77.735865681 166.029110999 202.748493361
124.958050656 171.904307669 207.562147511
132.289060645 179.490574912 203.421443237
139.59952729 164.981042169 198.478568891
163.064988491 190.641688609 213.745660074
168.087796184 192.494683345 218.089628938
167.627116664 191.202310624 209.515690606
162.828946098 185.700608643 214.604205448
187.65070375 206.177228689 230.731515068
182.877695119 198.440664219 224.962994505
149.337316647 207.216634285 237.020420587
192.135631297 219.485241686 251.72359061
188.962284983 207.383508196 222.493289835
177.443131683 214.615006202 231.188988639
157.970838374 197.203046967 231.957242234
175.211147718 221.58155184 246.635177243
147.3710235 214.064873559 256.678966056
197.868059324 216.718169835 239.752921506
196.638253953 223.542035297 251.103322588
195.794380614 237.045459901 270.58241114
190.461295785 236.042701548 282.661378058
153.745366625 217.631992992 261.594369723
155.087928839 220.99867817 270.522242854
210.368614148 252.331270419 286.770060684
171.244204411 232.979051294 267.079183782
177.567702494 231.852198991 273.201111262
215.048867077 244.72404358 275.780081007
187.255094967 244.125516324 276.526055611
94.4723109912 218.015919533 299.398122915
200.934215487 255.992646506 308.050272656
213.379753018 251.601007239 283.820622134
216.344957272 269.119064354 306.80048481
58.9329763609 226.863196313 277.986136126
172.005731093 248.286096909 285.158425844
242.600679275 273.498358934 306.372325
223.537219683 273.121788829 298.898549013
98.2308848978 246.994528843 308.235612325
219.182551955 272.57612926 323.314607517
187.029954589 278.362480233 329.384759913
-128.761026912 225.829609084 309.054982409
