-714.044006968 -50.6285907054 461.140122883
-893.380925364 -61.5632033609 649.981890396
-631.804243365 -133.747852561 1667.13253743
-1562.25582569 -149.448350348 1260.87082493
-1181.75415923 -145.216059918 944.777450413
-1189.36542068 -96.5112975898 1120.70431815
-2461.49174871 -578.008208988 182.614277727
-695.754012808 217.689692571 1056.91530846
-1524.24458685 -47.0549436031 1176.52834806
-726.375838783 -112.932782793 953.259510099
-1324.32353558 59.7249316644 1420.29241774
-713.24900219 179.550783971 1178.43361084
-619.995104408 286.035473378 1513.79003723
-401.834202652 57.4443242366 911.769741125
-524.781404803 7.38605287718 1319.31089434
-373.306354069 390.228556994 1327.29278681
-368.438770889 251.831786702 968.700912271
-321.530871209 356.226077234 1194.8436178
-770.124625274 125.655207218 1164.3713936
-473.902130614 134.227284798 1371.93528706
-298.217855368 490.696081941 1275.1900677
-641.468516517 226.318688292 1363.42264297
-409.357025733 16.0943882796 1085.47307732
-445.455136072 -33.6853948201 1047.92274697
-235.881365502 232.15490132 1345.11514748
-391.102512135 303.362814062 964.286330372
