0.10324 0.104192 0.10492
0.1028 0.104064 0.1056
0.10228 0.103772 0.10548
0.1026 0.10518 0.108
0.10248 0.104444 0.10632
0.10224 0.104284 0.10604
0.10268 0.106956 0.111
0.10392 0.10642 0.1094
0.10424 0.105944 0.10772
0.10616 0.10868 0.11284
0.10644 0.108628 0.11096
0.1048 0.107788 0.1114
0.10656 0.109404 0.1112
0.10868 0.1106 0.11236
0.107 0.110416 0.1134
0.10988 0.11116 0.11292
0.10504 0.110508 0.11408
0.10712 0.110672 0.11308
0.109 0.111068 0.11436
0.10808 0.11166 0.1136
0.1092 0.1114 0.1138
0.1104 0.112224 0.11384
0.10768 0.111384 0.11368
0.10916 0.11164 0.11352
0.11076 0.112568 0.11424
0.11064 0.112432 0.11452
0.11052 0.112352 0.11388
0.112 0.112916 0.11456
0.11092 0.1124 0.1146
