-9571.05502763 -9418.06718552 -9145.65603268
-9265.78727231 -9174.19442969 -9029.57789541
-9364.10334313 -9172.93902518 -9045.1068799
-9386.04352826 -9264.56372154 -9123.47196467
-9283.17237515 -9168.68047615 -9084.45584931
-9132.36748035 -9060.8508847 -8952.22503383
-9232.99453468 -9073.07326032 -8973.70477827
-9300.56468143 -9127.35520157 -9002.21375552
-9429.6970903 -9198.90085304 -8959.31342557
-9324.13696502 -9155.04021149 -9013.25683669
-9198.11743782 -9035.52254815 -8948.46140863
-9183.58781261 -9053.78622845 -8922.99977242
-9325.85318506 -9162.53914103 -9019.66546777
-9363.56249513 -9186.42469254 -9020.23019847
-9177.08376279 -9090.0444453 -8958.95115948
-9152.60489867 -9062.54349977 -8974.72391842
-9170.36407545 -9094.24407009 -8971.70661131
-9256.1381985 -9120.23483883 -8885.98350122
-9213.76845504 -8972.24245365 -8842.53728405
-9267.06353325 -9131.74362228 -8970.67505275
-9198.57473822 -9045.80113773 -8946.31241285
-9191.93716289 -8978.87018804 -8848.65592552
-9317.79390974 -9071.84336338 -8912.7352366
-9356.95690633 -9080.04289942 -8857.49011903
-9089.30690886 -8995.72892723 -8881.93231825
-9116.41915818 -9029.40618671 -8868.41899378
-9166.05344619 -8997.50194343 -8873.71987675
-8994.41906337 -8912.04194104 -8827.37762092
-8982.36456441 -8913.88246627 -8809.98511153
-9004.98797736 -8911.17887339 -8852.31569548
-9137.90729008 -8987.62709908 -8882.48100929
-9172.08290416 -9037.04888567 -8950.39863642
-9098.83670015 -8966.03600232 -8844.16930728
-9151.66513171 -9040.88247604 -8957.36254189
-9105.08124018 -8982.70345023 -8893.34130689
-9061.6440337 -8965.231977 -8899.7316624
-8990.88446676 -8890.89114461 -8842.35779156
-9014.52986154 -8908.53778719 -8814.08613693
-9049.01926744 -8934.7811066 -8819.46194984
-9006.11496157 -8860.33259582 -8754.73480089
-9012.56298097 -8918.73522295 -8814.9493119
-9101.99098229 -8966.81876158 -8844.38311742
-9018.52319405 -8918.80774927 -8767.83016235
-8963.64282636 -8873.23108952 -8808.82597146
-9073.45733396 -8917.49663238 -8835.58181757
-8986.47432252 -8901.79257881 -8821.1044698
-8983.15806966 -8919.58014117 -8855.95768818
-8938.09971345 -8854.99519211 -8789.85425523
-9111.61084631 -8948.79131133 -8789.56554045
-9042.70790081 -8922.84219499 -8817.84096538
-9051.45242059 -8950.31325452 -8822.32598864
-8950.79005595 -8895.41585203 -8773.26920565
-8988.27907415 -8863.69170827 -8786.62939028
-9036.30331306 -8894.02949862 -8836.55048377
-8910.78395434 -8837.40885434 -8760.38137715
-9067.06133232 -8877.94099182 -8783.33387057
-9043.28478463 -8922.41779788 -8823.54275469
-8949.87821802 -8893.77792296 -8799.57321311
-9172.2266361 -8945.88881424 -8791.32424798
-9513.29745053 -8887.52018575 -8727.10740735
-9141.00579011 -8993.20614434 -8884.63754056
-9108.20972642 -8905.86450308 -8769.73009291
-9791.35462338 -9042.59154608 -8729.3858038
-9217.0076902 -8951.5448713 -8780.91683196
-9085.23480644 -8886.81719188 -8721.95299062
-9049.65278105 -8887.24565035 -8752.78348057
-9029.76317132 -8880.39670624 -8779.17915504
-9211.9324342 -8965.87459639 -8800.2927399
-9266.90089055 -8951.95089871 -8822.6962236
-8902.07973574 -8827.12516736 -8771.5189663
-8892.72209518 -8812.57381977 -8746.33336152
-9012.2757009 -8898.01886344 -8784.05573474
-9011.13429802 -8889.05512616 -8813.18646473
-8879.26023581 -8834.91009493 -8804.42576997
-8903.56058961 -8844.80918839 -8769.75386597
-8970.88711662 -8824.66394352 -8721.02215152
-9288.61536277 -8978.99027431 -8790.80617253
-9172.32364386 -8951.83320935 -8803.89651198
-9072.69912046 -9001.28854421 -8882.40024245
-8965.23002046 -8875.65927208 -8760.64414057
-8914.94974951 -8826.34621171 -8758.15639938
-8891.15097686 -8819.97434177 -8750.93572632
-8962.57152021 -8841.75956978 -8739.46438631
-8970.98244782 -8843.55517967 -8734.25667699
-8904.61546891 -8792.46142167 -8702.88640296
-8939.45022548 -8842.55766458 -8734.44957159
-8920.61924841 -8833.70910748 -8779.41995894
-9244.82195347 -8876.55229165 -8731.84731136
-8912.96365931 -8838.35094701 -8782.61365657
-9445.04496394 -9052.64972777 -8872.18873882
-9040.39608935 -8809.40651285 -8717.71097694
-9015.09950328 -8917.89524518 -8842.92194789
-9045.77838554 -8868.44756445 -8776.99589234
-9018.16351404 -8857.14453854 -8708.49965672
-9533.55376294 -9039.50177068 -8841.98220525
-8972.83699026 -8869.52605598 -8771.36760637
-9126.28786648 -8912.38348573 -8789.42511931
-8990.16750973 -8878.64318312 -8813.55136517
-8881.00745542 -8813.07328764 -8758.92153338
-8912.5794771 -8853.9212464 -8780.69002177
-9012.37097562 -8887.46676859 -8796.05837182
-9056.92723769 -8841.97032967 -8780.58470452
-8901.15624298 -8800.35995898 -8753.19728694
-9013.55038715 -8863.25734402 -8744.32764014
-8981.8096003 -8859.45080522 -8731.01289673
-9517.25741145 -8959.3407154 -8801.22539397
-8875.35603185 -8817.6520739 -8795.11713345
-9058.02173225 -8876.57002369 -8799.87326741
-8881.6747808 -8797.53580679 -8730.53767572
-8994.82443956 -8827.04356287 -8712.16364529
-9253.94622296 -8915.57778887 -8842.30585183
-9470.399226 -8970.99076247 -8770.78112866
-9584.11404959 -9080.5777487 -8957.33306015
-9420.71119115 -8943.47722628 -8786.73389616
-8946.97959522 -8844.40699184 -8792.55652676
-8972.95213757 -8869.35570483 -8765.53227214
-8863.91341353 -8821.94686693 -8751.13354881
-8921.09089192 -8860.48049759 -8811.74853716
-8940.09833491 -8854.22314427 -8777.3599185
