0.10152 0.122724 0.16424
0.09012 0.130336 0.18692
0.10124 0.132648 0.1758
0.08872 0.104596 0.13324
0.0868 0.104104 0.14188
0.08452 0.102056 0.12204
0.0876 0.0971 0.12216
0.08452 0.094216 0.12008
0.0864 0.106972 0.14332
0.08456 0.090076 0.10016
0.08316 0.087904 0.10008
0.08408 0.095156 0.10792
0.08352 0.085328 0.08788
0.08368 0.08674 0.09448
0.08268 0.084956 0.08668
0.08024 0.084136 0.08772
0.09096 0.133152 0.20728
0.0996 0.132616 0.17884
0.09256 0.120024 0.14248
0.086 0.104832 0.11992
0.08804 0.104544 0.14392
0.1002 0.11168 0.13184
0.08828 0.10106 0.12048
0.08624 0.099252 0.12244
0.0832 0.0984 0.11172
0.08476 0.094276 0.10272
0.08528 0.095416 0.12
0.086 0.09802 0.11916
0.08468 0.089796 0.0994
0.0844 0.090988 0.09924
0.08464 0.091432 0.10872
0.08288 0.085444 0.08984
0.08204 0.087092 0.09712
0.0832 0.087356 0.10024
0.08164 0.085748 0.0968
0.08108 0.084468 0.08664
0.08216 0.083952 0.08668
0.07944 0.083476 0.08552
0.08124 0.082824 0.08724
0.08124 0.083364 0.08656
0.07896 0.081564 0.08552
0.07992 0.082772 0.09176
0.07984 0.08284 0.08768
0.07872 0.080676 0.08416
0.07876 0.082588 0.09792
0.07864 0.081032 0.08308
0.07756 0.079768 0.08228
0.07616 0.080456 0.08256
0.07712 0.079724 0.08376
0.0742 0.077828 0.08132
0.0762 0.078924 0.08244
0.0748 0.077212 0.08076
0.07444 0.077688 0.08024
0.07616 0.077848 0.07964
0.07492 0.077388 0.08148
0.07352 0.075464 0.07772
0.07324 0.0758 0.07812
0.07364 0.075764 0.07904
0.07272 0.074588 0.07584
0.0734 0.07486 0.07636
0.07188 0.074988 0.07824
0.07156 0.07398 0.07496
0.07224 0.074204 0.0796
0.07172 0.073504 0.07508
0.07016 0.07244 0.07512
0.07128 0.073192 0.07532
0.07092 0.072464 0.07404
0.07024 0.071428 0.07292
0.06924 0.071812 0.0746
0.07076 0.072756 0.07476
0.06836 0.070904 0.07284
0.06992 0.07154 0.07328
0.06888 0.070812 0.07332
0.06944 0.070836 0.07212
0.06804 0.069912 0.07316
0.06984 0.071196 0.0738
0.06808 0.070056 0.07352
0.07004 0.071108 0.07176
0.06808 0.07046 0.07296
0.06776 0.0704 0.07184
0.066 0.070364 0.07352
0.06892 0.070736 0.07248
0.06808 0.071596 0.0736
0.0692 0.070868 0.0744
0.06904 0.070508 0.07228
0.06728 0.070068 0.07396
0.06884 0.0703 0.07312
0.06772 0.071864 0.08288
0.06692 0.07038 0.0836
0.06716 0.071512 0.08476
0.06884 0.070044 0.07176
0.06768 0.071748 0.08368
0.06792 0.06958 0.07516
0.06744 0.069372 0.0714
0.06716 0.06952 0.07304
0.0666 0.068556 0.07204
0.0674 0.069876 0.07248
0.06692 0.073596 0.10156
0.06736 0.069812 0.0808
0.06512 0.068984 0.08156
0.06504 0.067448 0.07116
0.06504 0.069776 0.08208
0.06384 0.070748 0.08232
0.0642 0.06692 0.06952
0.0662 0.06756 0.07012
0.06472 0.068576 0.07268
0.06428 0.06662 0.07052
0.06528 0.066776 0.07112
0.0638 0.067152 0.07236
0.06408 0.068488 0.07964
0.06384 0.067568 0.07228
0.06312 0.0677 0.07996
0.06368 0.065824 0.06884
0.06268 0.066536 0.0776
0.06248 0.067144 0.07944
0.06324 0.065596 0.06684
0.06392 0.06822 0.07964
0.06144 0.065292 0.06828
0.06316 0.066652 0.0808
0.06484 0.066696 0.0732
0.06172 0.065288 0.0692
0.06308 0.065556 0.06976
0.06376 0.067588 0.08008
0.06232 0.064612 0.06732
0.06132 0.064404 0.06772
0.06192 0.06578 0.0774
0.06304 0.067472 0.08892
0.06116 0.066236 0.07572
0.06212 0.06508 0.07644
0.06076 0.065432 0.07792
0.06112 0.06866 0.1036
0.06096 0.067904 0.08832
0.06012 0.064228 0.07612
0.0608 0.062396 0.06592
0.06124 0.063724 0.06624
0.06232 0.065932 0.07876
0.06128 0.066128 0.07772
0.0594 0.063208 0.06712
0.06124 0.064852 0.08172
0.06088 0.064112 0.06676
0.06104 0.064496 0.07868
0.05928 0.06504 0.07756
0.05864 0.064608 0.08996
0.06216 0.06662 0.07608
0.06048 0.064552 0.0802
0.06104 0.063424 0.06664
0.0602 0.063036 0.06684
0.06004 0.065496 0.091
0.06104 0.064192 0.06576
0.05776 0.0616 0.06588
0.0602 0.064936 0.07568
0.05776 0.063176 0.07764
0.05872 0.063728 0.07304
0.05908 0.063484 0.07996
0.05792 0.063672 0.074
0.05832 0.064268 0.07424
0.05716 0.06098 0.06316
0.05916 0.06322 0.07352
0.056 0.0627 0.0664
0.06008 0.062556 0.06708
0.05796 0.061832 0.08096
0.05784 0.060588 0.06256
0.05904 0.06378 0.07492
0.05744 0.062552 0.0718
0.0584 0.06152 0.06644
0.05724 0.062256 0.06516
0.05748 0.061252 0.06608
0.05936 0.061484 0.0636
0.05884 0.061544 0.07068
0.05812 0.0617 0.06592
0.05792 0.061504 0.06684
0.05564 0.061508 0.06544
0.05872 0.06178 0.06864
0.05488 0.06258 0.0734
0.05872 0.06284 0.06648
0.05832 0.061652 0.06544
0.0612 0.063744 0.07812
0.05896 0.061884 0.06508
0.05752 0.062324 0.07524
0.05892 0.060716 0.06308
0.05732 0.064808 0.07876
0.05908 0.063004 0.07488
0.05984 0.063288 0.07328
0.05828 0.0617 0.06568
0.0562 0.0639 0.07636
0.05656 0.062008 0.07412
0.0586 0.061192 0.06556
0.05932 0.061068 0.06368
0.05864 0.060868 0.06352
0.0584 0.060932 0.06288
0.05832 0.06174 0.06448
0.05704 0.061132 0.06508
0.05928 0.063264 0.07464
0.05728 0.061184 0.07404
0.05924 0.061304 0.06592
0.05872 0.060688 0.06464
0.05956 0.061928 0.0662
0.05836 0.061288 0.0646
0.05672 0.061192 0.07444
0.05588 0.060756 0.07036
0.05744 0.06284 0.08468
0.05712 0.059308 0.0616
0.05692 0.061944 0.08424
0.0578 0.06096 0.07224
0.05764 0.060448 0.06224
0.05884 0.061548 0.067
0.05724 0.063752 0.08464
0.05692 0.0598 0.06264
0.05744 0.060476 0.06276
0.05608 0.059188 0.06176
0.05788 0.060712 0.06256
0.05768 0.060912 0.06712
0.05888 0.06232 0.07592
0.05868 0.06414 0.07512
0.05736 0.059828 0.06396
0.05732 0.059576 0.06192
0.05844 0.061564 0.06572
0.05776 0.060448 0.06424
0.05692 0.061572 0.06748
0.05844 0.062124 0.07384
0.0588 0.06 0.06136
0.05488 0.058804 0.06176
0.05796 0.060132 0.06172
0.05696 0.060484 0.06488
0.05632 0.059408 0.0624
0.0566 0.059564 0.06216
0.059 0.060656 0.06264
0.05772 0.062308 0.07004
0.0582 0.0602 0.06248
0.05996 0.06166 0.0646
0.05844 0.061544 0.06636
0.05844 0.062652 0.07296
0.05632 0.060716 0.06396
0.05488 0.059184 0.06336
0.05372 0.061524 0.07292
0.05772 0.06072 0.06456
0.05692 0.060492 0.06356
0.05748 0.059936 0.06428
0.05684 0.059496 0.06344
0.05736 0.06246 0.07524
0.05768 0.060392 0.0646
0.05748 0.062224 0.07772
0.0572 0.059848 0.06772
0.05764 0.06152 0.0856
0.05676 0.061384 0.0724
0.05588 0.059124 0.06464
0.05436 0.0595 0.06308
