-13482.8774201 -12898.5285202 -12442.618473
-13394.311234 -12853.2962964 -12058.6941062
-13929.8433195 -12736.1994442 -11994.6399072
-12542.40245 -12132.2851758 -11789.9141286
-12715.7907656 -12163.736558 -11856.6520311
-12553.4290635 -12058.9695446 -11484.6926481
-12281.8758886 -12007.5847582 -11654.0082086
-12403.1019589 -11954.3583567 -11693.1041674
-12272.8812556 -12038.9971928 -11844.3890097
-12229.3111492 -11739.9607836 -11307.1241167
-12319.5067248 -11784.8660601 -11340.4864155
-12008.306872 -11817.8390532 -11452.9754418
-11756.6041531 -11415.0255094 -11148.8802228
-11674.2774596 -11396.7201402 -10948.8563524
-11626.3541975 -11473.1389326 -11312.8995602
-11538.4822899 -11174.8986815 -10857.0971449
-11278.0438569 -11141.7388136 -10981.6556881
-11458.8192004 -11207.3442865 -10998.6586423
-11203.0332862 -10671.1839257 -9109.85549731
-11170.9319217 -10873.8718436 -10314.3322986
-11188.8530302 -10750.4694663 -9828.37019673
-11175.4791012 -10681.2949109 -10197.8540237
-10957.4794663 -10737.0703352 -10425.7671133
-11078.8830823 -10617.818886 -10214.2015526
-10879.3147157 -10205.1867539 -9789.29755819
-10678.3854581 -10359.6661253 -9908.60963401
-10525.0834949 -10201.9850197 -9902.4767803
-10614.41895 -9433.71194208 -8868.46632963
-10170.5634479 -9303.59468908 -8866.46849005
-10180.6652719 -9413.97960144 -8937.20415712
-10450.237092 -9569.93599979 -8822.00147633
-10152.2920293 -9718.93461659 -8851.32507296
-10059.3748577 -9700.53914309 -8848.56805577
-8965.22981336 -7478.49800985 -4542.28435404
-10071.2887654 -8303.48929695 -6614.40108726
-8901.00223703 -7843.37417777 -6338.92743809
-9061.99293494 -7463.96139057 -5436.256667
-8718.18438534 -6976.6892112 -4576.06333956
-8841.06428162 -7172.53768393 -4849.21057688
-7608.37589281 -5820.73935188 -2872.14807708
-7992.21432013 -6281.69795354 -4962.78472024
-8090.63654346 -6284.63601812 -4864.89290793
-7055.78101978 -4510.2402514 -2435.68956092
-6563.06208401 -5220.54781873 -3753.20185873
-6324.58998087 -4920.98297434 -3014.11198075
-5247.55074003 -3435.14476776 -1987.56438648
-6123.19208066 -3806.2718704 -1269.64262715
-4639.2401484 -2826.55803662 -1287.82596114
-3361.6326828 -2333.65046729 -1769.40255081
-4765.9042354 -3165.79297288 -1700.89969753
-5019.65864429 -3056.65921909 -1527.17257785
-3324.91510733 -2359.14225616 -1733.95990684
-3885.18455666 -2472.311697 -1514.81247816
-4787.30597896 -2707.91300642 -1421.39969567
-2225.27052749 -1854.01257871 -1538.46257288
-2896.66150068 -1971.73054499 -1582.29048803
-3779.408665 -2106.5940632 -1546.03089255
-2164.28518837 -1716.68514749 -1410.97403716
-1874.02842015 -1687.11527894 -1547.05851008
-1869.75409056 -1632.4567034 -1490.91286814
-2422.35567386 -1838.65184437 -1457.21435627
-2018.11165168 -1723.8558562 -1505.79904128
-2221.04867661 -1681.22691363 -1472.08688064
-2029.362038 -1589.06630198 -1345.99505528
-2290.67911651 -1612.40179371 -1282.78150478
-2516.64524447 -1703.21246632 -1352.01376681
-2102.91651372 -1593.75504861 -1398.74823266
-2398.51042399 -1737.86720736 -1425.02569069
-3043.53773786 -2021.36646729 -1495.67507571
-2903.64600948 -1836.86704412 -1309.90295651
-4080.3551209 -2055.22136 -1348.09162724
-3502.48219749 -2117.31538123 -1287.08759298
-3072.33749823 -2043.23495836 -1359.79394536
-2633.99062512 -2239.36210799 -2055.85309491
-2278.41688195 -2033.22606745 -1617.76697622
-1696.69570268 -1424.93402396 -1170.0884522
-1783.7546886 -1576.74199359 -1388.5091133
-1740.13352446 -1539.46342144 -1313.57632575
-5205.7496111 -2607.41061144 -1217.24210162
-5549.64750988 -1772.27129916 -1140.5396138
-2919.39563998 -2054.55167155 -1249.05413553
-3093.9035401 -1632.73543184 -1186.81670408
-2396.91100604 -1914.07977978 -1236.47345844
-2528.18247107 -1987.72658703 -1143.00244409
-5621.65456533 -2284.83075819 -1210.25174419
-3576.37938676 -2098.02106959 -1356.54304216
-3547.62360949 -1790.5258782 -1269.84267556
-1560.28419256 -1414.28802637 -1293.1958644
-2867.1130974 -1961.02682962 -1079.68325055
-3051.76550521 -1647.19077624 -1237.37655159
-3487.955842 -2134.86011494 -1500.26900757
-2360.64590692 -1779.02443369 -1258.95386709
-4732.99339816 -2687.12307161 -1341.16759352
-2493.10800414 -2020.7479276 -1542.76329732
-2992.78508154 -2071.01346355 -1531.67464978
-3384.0075101 -2071.00927456 -1078.29490314
-3557.05742564 -1779.63244025 -1345.5678369
-4175.29719464 -1859.94218905 -1259.92457675
-3585.48809622 -1665.81709116 -1244.75229889
-2210.91537926 -1550.76265576 -1214.55286326
-1799.79999016 -1549.68060914 -1281.25691945
-2333.49346122 -1543.89458713 -1135.65221943
-1892.33584012 -1562.04672492 -1153.7177724
-2298.56051802 -1560.98278059 -1254.23156983
-3330.77294405 -1638.82068744 -1080.31348398
-2303.50843106 -1688.47807816 -1131.03867504
-2205.55641353 -1633.92647904 -1231.7745899
-4291.19423275 -1922.07011021 -1115.5718018
-3538.28453125 -1974.67115752 -1424.80670553
-5515.47786731 -2063.27773028 -1246.17692733
-3855.10717283 -1881.83939521 -1035.28331832
-1866.52432348 -1468.05285893 -1244.63887541
-1629.34806882 -1397.06118063 -1299.74278951
-1726.98420787 -1448.94972 -1195.4817094
-2202.05305959 -1393.2764814 -959.331943954
-2919.02525611 -1688.69682987 -1177.44348088
-2370.94695225 -1625.02258402 -1192.12647883
-3316.71101097 -1872.27611153 -1245.54643834
-3287.53733156 -1771.85457405 -1185.88369094
-2328.13754361 -1754.9811331 -1210.75631046
-2902.66052928 -1482.39178086 -1167.09530294
-2375.77961609 -1445.31924804 -1115.3617378
-1792.44972039 -1457.1636797 -1163.83986751
-2737.75555469 -1678.71481232 -1108.5779006
-2814.94618273 -1655.14452784 -1260.13266136
-2378.86300654 -1585.18410718 -1093.83798899
-1790.5473205 -1417.79240187 -1187.16822609
-2327.29481446 -1562.13014362 -1332.89184871
-2435.39283119 -1706.6778839 -1176.22607905
-2460.36738747 -1420.13345004 -1233.05183034
-1821.75235633 -1357.68391771 -1140.55679264
-1781.77476962 -1597.3983037 -1274.3731949
-2669.80917414 -1573.39983758 -1161.52704538
-1760.02247308 -1368.84118349 -1096.38151448
-2409.42591675 -1530.52971539 -1028.92673006
-2564.41236123 -1502.71620857 -1060.7415559
-2195.11071086 -1479.51994131 -1118.78250446
-2109.6559497 -1543.9140872 -1124.36524266
-1546.24296622 -1264.57760765 -1012.40285886
-1482.38858895 -1303.86833799 -1024.68082935
-1454.66254418 -1331.56121942 -1033.93930178
-1646.52960772 -1347.12905868 -1199.26188626
-3938.67829159 -2060.36847269 -1089.57251076
-2711.44444769 -1632.68560671 -1157.35316578
-2323.94943314 -1548.88803463 -1202.74954342
-2367.6847825 -1538.46027622 -1161.22679528
-3264.69291988 -1604.46018801 -1229.74454985
-1608.78168722 -1342.48448416 -1065.29468495
-1592.23460626 -1294.05353278 -1131.0340389
-1573.52446641 -1376.4542135 -1115.67145997
-3395.65660705 -1526.44150672 -1071.41181061
-1723.31468693 -1151.00643811 -858.499904511
-2794.5085745 -1342.13763719 -895.222674687
-2170.60035812 -1493.73536014 -1003.4084764
-2045.45340505 -1481.04390548 -1153.76353997
-2138.41968529 -1428.90262866 -958.660567166
-1491.24649418 -1261.22434032 -910.31193369
-3845.15745512 -1722.16453237 -1001.06250496
-2627.86770758 -1515.27954497 -1117.00464503
-2196.33809623 -1640.02677705 -993.111221708
-3191.4371223 -1861.68489508 -1103.65121197
-4147.94552441 -2106.63607606 -1116.84060197
-1700.00654997 -1358.86473883 -1132.69261258
-2282.30006431 -1361.05019076 -1113.39359948
-2971.5515351 -1676.99810045 -945.456176653
-5567.48137492 -1901.50356255 -1119.71189363
-2578.15926206 -1652.1255903 -1102.74327666
-2551.26830709 -1482.71705387 -1007.9547981
-2761.54381323 -1304.83828606 -885.425448867
-1724.05756991 -1301.44762512 -1088.77797116
-1776.85053838 -1482.6004902 -964.587560055
-2315.21379589 -1687.95896266 -1222.40395309
-2173.12779067 -1536.61024317 -998.104953098
-1870.34708683 -1462.31874622 -1009.23414266
-2111.757724 -1474.99869873 -1249.97372529
-1577.40619455 -1369.19958943 -1181.5084852
-2607.73272757 -1688.96949349 -1318.6851284
-2208.00117448 -1739.67081979 -1259.00858779
-1870.52222336 -1623.53017979 -1429.16640547
-2656.46197074 -2064.85328143 -1750.09870274
-2414.54192279 -1637.0259521 -1152.51758055
-1871.48755421 -1522.38689344 -1246.36141851
-2316.51692671 -1618.0612049 -1072.7382996
-1678.66740568 -1532.28477523 -1389.60219485
-2067.51604583 -1294.21873066 -975.714450033
-2114.64267145 -1497.5562941 -973.25834689
-3163.30965868 -1481.36343444 -1018.84599809
-1655.63503115 -1164.46796199 -919.382143258
-2082.49928918 -1272.54055919 -961.467602157
-3381.51728018 -1518.09527992 -1097.36824635
-1598.28405668 -1363.06275263 -1238.56421969
-2398.90719257 -1388.82012162 -1112.66233868
-3308.02858423 -1735.20464638 -1124.26370228
-2780.44325679 -1609.66394293 -1162.04952371
-2788.89562318 -1883.73912984 -1132.21384705
-1776.02020896 -1279.02598494 -1002.87060917
-1857.13686289 -1456.75777206 -1151.52291591
-1949.19344889 -1671.06320403 -1196.27435215
-1562.43722158 -1302.53709949 -1041.38538027
-1503.43332964 -1280.57245171 -1000.36965874
-1728.68850874 -1349.09781488 -1153.11384613
-2319.67067508 -1462.80967016 -1134.90146822
-1793.49453417 -1337.85431938 -1032.06135719
-2293.47075098 -1455.96210338 -1196.88876248
-2316.09914204 -1685.84637048 -1109.39267829
-2276.46207642 -1466.37310537 -884.271294468
-1783.71281045 -1285.63683626 -893.296601354
-2032.37817303 -1297.74719906 -914.161054506
-2282.60253206 -1308.27752786 -1045.90783441
-1665.91870921 -1200.37933485 -944.621631973
-4305.23642811 -1736.72373318 -1006.07975845
-2901.44781767 -1456.26929197 -992.780513393
-2773.68819409 -1582.91977478 -1167.26803332
-1719.91626625 -1227.74273728 -1045.75848513
-1426.31047351 -1177.20789088 -870.010234775
-1659.73122414 -1290.7072997 -996.218609617
-1762.66415501 -1451.74361155 -997.71595082
-1688.55696454 -1352.59077372 -1148.37621805
-1726.75793928 -1406.34267481 -1026.55658384
-1774.17638249 -1521.7999034 -1182.3890526
-1870.24712511 -1100.27937478 -809.759103587
-3290.33236061 -1359.16316419 -817.740059878
-3232.48743113 -1680.87086518 -828.761548506
-3483.04059401 -1580.87428306 -822.841460137
-2804.30013512 -1477.58656245 -991.484306213
-2448.08564968 -1458.84226889 -1023.43576325
-4924.45179965 -2499.85778556 -994.953284859
-2749.83874797 -2006.82324984 -1132.22329016
-1690.5465802 -1353.18756752 -899.585302018
-2261.30015069 -1463.00322928 -1048.13240773
-3297.29112673 -1878.29177353 -1064.37612548
-1712.86958223 -1377.05424164 -1070.28002108
-1520.66092396 -1321.43272085 -958.3634295
-1544.33435747 -1274.70388249 -859.043226479
-4098.69887074 -1653.06783878 -922.807284433
-2629.41571054 -1458.36266725 -849.285171176
-2605.85048043 -1717.12583645 -818.71865148
-1826.93707615 -1560.29412189 -1114.29958556
-3018.77145428 -1644.4615022 -818.192708615
-1626.84933058 -1276.26716694 -861.416186856
-2672.14052008 -1391.77708195 -811.048674056
-1645.26396023 -1288.15388356 -957.067136737
-2346.7698799 -1528.21816928 -902.613864381
-1506.97238324 -1137.39221124 -927.068267407
-1577.84310566 -1266.65013881 -1007.5985184
-1562.47234925 -1210.01261747 -1003.84683473
-1333.49820953 -1129.99908946 -946.582142369
-1984.161694 -1248.73668025 -974.533805523
-2670.38434761 -1448.42682826 -1047.03186481
-2176.58560142 -1626.49674248 -999.915489546
-2078.6976411 -1280.02052449 -861.523922157
-2987.5374366 -1246.73062296 -764.974898913
-1917.03053406 -1516.76553898 -1104.86785704
-1772.91655498 -1386.61744526 -963.857948133
-3165.20641795 -1950.55012261 -927.590489891
-1764.43923428 -1265.44560981 -930.147345658
-2267.82189532 -1392.20926929 -901.68003439
-2591.41361042 -1364.24583832 -872.487419757
-2075.86624153 -1207.87262383 -810.66606589
-2906.55160753 -1268.73861209 -750.428669665
-3150.10639893 -1576.22561196 -822.157734057
-2447.63405081 -1172.07686077 -778.870269494
-1254.73637625 -1053.17802192 -879.597275715
-2070.8819342 -1162.01025219 -873.453755118
-2686.79960812 -1353.93274857 -814.722489114
-4247.41519248 -2004.69504569 -962.750530045
-2550.20308597 -1572.60392939 -866.387921157
-1761.16968431 -1393.82350232 -1066.85591579
-1770.61578256 -1204.98049688 -958.060661951
-1449.32976014 -1024.32316877 -739.458587279
-2875.19817226 -1295.22562249 -969.209752818
-3559.34691368 -1877.5830241 -1032.18052255
-1421.79889848 -1159.53608009 -847.829917601
-1826.37288323 -1168.92872765 -733.74484988
-1458.06256233 -1138.8130338 -848.95669626
-1421.54058862 -942.860033962 -705.264751344
-2437.92333932 -1512.7062483 -1019.86564893
-1611.41241387 -1408.32478673 -1158.90391129
-1639.54339122 -1408.60173014 -1013.68802532
-1468.33012534 -1257.01215553 -1064.10573929
-2001.41298188 -1418.55705111 -1018.80855495
-3111.40253652 -1651.96443945 -832.334126016
-2327.68417341 -1362.58595259 -861.107418018
-1372.92790507 -1107.50820087 -728.979342458
-1404.35875364 -1025.11676176 -781.61948768
-1299.09882342 -992.201198354 -714.860106149
-1353.08561772 -906.341488666 -614.096181299
-1282.40314577 -1028.71852895 -857.645939044
-2258.18829184 -1219.01756452 -803.962933482
-1381.95916788 -918.057591841 -679.958572131
-2677.32447907 -1439.89884614 -808.717243889
-1871.44412035 -1432.68936365 -1046.49761526
-1902.17331257 -1167.40878188 -859.972506045
-2347.9691467 -1064.72587182 -775.875826671
