0.58564 0.598564 0.6
0.6 0.6 0.6
0.6 0.6 0.6
0.6 0.6 0.6
0.55664 0.595176 0.6
0.22724 0.559432 0.6
0.19108 0.51844 0.6
0.16288 0.489668 0.6
0.16764 0.426784 0.6
0.1434 0.322772 0.6
0.14688 0.370036 0.6
0.14328 0.338584 0.6
0.12728 0.3094 0.6
0.12676 0.336684 0.6
0.13116 0.324372 0.6
0.18704 0.388424 0.6
0.16724 0.27906 0.6
0.17176 0.389768 0.6
0.21724 0.350224 0.59744
0.1462 0.284076 0.51328
0.2138 0.387336 0.6
0.22424 0.433688 0.6
0.19704 0.461952 0.6
0.27116 0.406256 0.6
0.26172 0.370748 0.6
0.20148 0.350844 0.58048
0.24792 0.401716 0.6
0.22856 0.290112 0.38604
0.16908 0.357804 0.6
0.19048 0.365968 0.6
0.19012 0.295812 0.38212
0.24172 0.348356 0.58852
0.24456 0.337172 0.6
0.21824 0.316532 0.6
0.22752 0.299476 0.57532
0.21456 0.319428 0.6
0.22172 0.370564 0.6
0.24628 0.483408 0.6
0.22292 0.288904 0.37832
0.189 0.32876 0.6
0.21284 0.279204 0.4322
0.2094 0.280276 0.55652
0.20288 0.245736 0.28504
0.2 0.266032 0.3998
0.2164 0.253272 0.39104
0.22376 0.265024 0.34576
0.20016 0.24932 0.3326
0.20832 0.324244 0.6
0.21812 0.250256 0.29284
0.19268 0.279196 0.6
0.20768 0.2872 0.6
0.20744 0.272108 0.35816
0.21692 0.24304 0.29624
0.2112 0.266552 0.365
0.19332 0.251572 0.34756
0.20304 0.279864 0.6
0.20372 0.311156 0.6
0.18936 0.221112 0.2694
0.2172 0.277368 0.6
0.19768 0.247412 0.4044
0.19648 0.28842 0.5246
0.18752 0.21388 0.24772
0.18664 0.315512 0.57652
0.1724 0.345364 0.6
0.19056 0.273904 0.6
0.194 0.296232 0.5712
0.19408 0.268212 0.5808
0.18972 0.221736 0.2768
0.17432 0.220424 0.2538
0.19536 0.219716 0.27108
