-959.58441473 206.131817526 2039.32836453
-1596.90169542 -104.99110347 2176.64925281
-1483.87481088 -140.380883874 1785.82939147
-394.718656096 224.096642274 1738.13206644
-714.947859148 26.4049757194 1268.43419722
-1108.2976361 94.2865064277 2098.85097329
-397.063130921 753.423433218 2110.41750271
-5284.9795451 -322.011231563 2118.14446575
-991.310018702 132.843810866 1745.70880476
-1527.99537923 -22.625776789 1562.99453058
-1027.7777579 -135.988659124 785.212733606
-1815.86207116 -50.7353773254 1731.77359624
-749.481820587 430.191956097 2096.91748513
-1123.42743864 -120.196661496 2134.26071137
-628.127288183 239.991752966 1707.73577113
-879.301069895 -22.8694548186 2009.0873471
-520.60887139 458.609608848 2125.94918827
-1189.3994306 26.3059439649 2117.22099869
-1986.04722777 -165.998457069 2206.02092893
-740.743528741 17.6352663552 2077.28927764
-930.297870515 350.39937845 2144.83985253
-397.495750621 206.370761106 1554.76347123
-638.691342301 402.286388329 1812.96668953
-591.649582036 335.854727464 1745.45874261
-506.796176846 -95.7533029554 1062.26116348
-635.836391898 624.345765219 2060.24252297
-433.272114638 350.219460651 2053.86379196
-698.185532181 567.143031992 2109.53050361
-572.066641725 283.934248085 2130.73578259
-482.883723319 427.794869949 1693.05054648
-846.772165563 212.259747017 1262.44562308
-383.281606312 56.0149780225 1197.98655698
-918.377930671 317.630116074 2014.62225084
-419.994580731 571.557030811 2193.18319854
-379.198083856 656.050567215 2047.77805879
-703.511206245 349.164758839 2108.27230391
-603.138407866 243.732644282 1253.7445238
-531.209862579 583.711941954 2224.71348112
-981.985872568 567.58080638 2092.23783989
-737.93598062 214.907146838 1143.84308603
-997.466902121 266.308117224 2190.23134181
-599.022109429 749.436317811 2112.60660445
-371.746515583 778.959718627 2138.00844788
-1001.19661893 517.274269941 2045.67536242
-1306.56830485 35.2084511755 1515.32925491
-416.831004081 264.173543331 1578.88683821
-7731.85147906 -1232.52162021 1685.11673194
-630.247968017 671.137556319 2000.73159822
-370.597891116 616.468717201 2050.6569922
-417.309900826 358.32291716 2001.46017094
-895.117127989 124.421708618 2163.59177474
-763.876221007 22.9264938537 2150.03620037
-323.888654852 639.000770476 2180.08111531
-580.776483361 874.450342358 2080.11132025
-463.399584051 22.555957914 1121.92400838
-667.085055904 416.896957885 2182.14431206
-819.493250372 76.6013521476 2243.90804255
-772.280495631 340.406709583 2150.29160407
-779.298020813 -262.676657974 376.94184524
-591.288348824 686.618003663 2250.60854586
-1101.66835931 -153.435210554 1731.96871438
-1061.63747172 176.159235391 1265.70143495
-676.28270443 307.313977349 2033.17819266
-970.220430631 31.811226188 1003.74896957
-707.492043135 668.952054582 2163.4683037
-464.697210109 544.073746001 1665.25607197
-638.857428338 80.5968633713 2034.71489338
-607.990171124 576.597560985 2230.0692598
-410.548492154 779.175706126 2197.8667236
-1398.03783089 144.550516452 2093.27806691
-460.316590771 182.787289598 2197.21604327
-552.120092225 538.984693932 2161.27347242
-443.746022953 371.883869206 1604.87145642
-610.608625904 164.349363813 2077.96412273
-600.932720612 373.509683948 1855.59829014
-888.613286109 134.050808512 1811.05984588
-613.335722338 758.489041891 2197.19260499
-930.739561587 219.966100732 2204.36005994
-555.263340414 128.96627106 2155.24738695
-436.355329106 355.613380379 2153.98421583
-494.486065274 655.221341408 2243.26630602
-881.004747343 376.181815406 2254.84374307
-370.130845077 602.088285979 2109.05145624
-408.923033281 583.567951857 2258.71962658
-251.808136679 715.174912387 2157.44296049
-141.573090204 810.13910006 1646.87121419
-419.045008734 349.562193421 1707.30497885
-361.559260717 380.468653005 1542.4749713
-249.535057295 508.24701613 2141.09001066
-517.369870388 418.589458078 1683.39340208
-293.204030697 331.344878968 2181.23811516
-415.987327632 440.634654592 2132.92745393
-287.867315945 531.945631432 1731.09783846
-365.480816481 993.004174188 2268.36191702
-1595.88038594 143.05321358 2066.85145866
-471.267643766 263.372040654 2029.6672781
-228.522454593 447.575575465 1618.5475292
-826.272880993 17.3777628185 1228.34995327
-472.814641752 419.890017578 2229.05544277
-655.404749346 79.7104506228 2195.22947282
-399.963649189 144.553193133 1984.89165279
-417.355311321 556.822305424 2105.15765869
-153.430522621 780.207458197 1738.9415874
-478.663173929 725.909264876 2225.95326523
-584.808880139 847.415999238 2245.32953787
-906.742917108 872.235892781 2215.77652113
-535.329673737 801.90992431 2234.25797713
-609.813356103 14.4880808734 1817.38127003
-334.290178652 664.897917403 2294.47172046
-557.030546089 628.831460825 1754.13194846
-559.792758866 271.859538985 1729.27152035
-457.56434435 674.675323849 2263.55208002
-785.933511291 454.157232495 2017.98704951
-1044.3836565 552.092739105 1790.58204812
-390.867993012 178.602578547 1378.29195252
-387.132477019 210.165052208 1793.61399664
-341.349794963 180.523540507 1308.72821414
-4175.68739968 -493.610204797 1286.72296949
-499.472051922 280.038408137 2182.7673727
-345.940747013 489.814036706 1823.77704293
-442.542414155 466.4841487 2140.97000421
-664.922088181 677.692477681 2161.43300375
-336.030830697 539.060468006 2259.48507263
-395.262844923 400.671644001 2201.26883821
-374.64205574 658.088228086 2201.16079887
-464.520916708 366.410198376 1877.68717882
-381.062568403 192.039661611 2159.47684168
-120.054491072 714.874663822 2251.319544
-636.422686242 452.094026842 2209.93361718
-180.538414482 957.181122163 2167.17332892
-152.323882394 991.167584916 2223.92108345
-598.114831645 310.895329859 1333.11226827
-368.981771478 370.061092993 2290.21323508
-298.135228874 697.057972644 2207.202547
-197.431833549 481.448406186 1340.98104777
-539.104812425 605.363351238 2327.15349477
-237.418842942 622.181465565 1812.4385058
-441.417226286 666.74777358 1708.08683212
-253.878022275 169.013749761 1617.19997662
-564.898396798 580.251551065 2015.66749296
-382.821185283 233.248519932 1338.73582164
-250.707230801 204.380333703 1260.97879754
-424.771939151 724.200575692 2122.67486448
-439.11236846 364.298946453 2141.76645806
-189.708936004 565.37679844 1764.90457341
-226.131314586 763.876317765 2307.88901315
-235.808575872 610.848806784 1808.13430463
-247.441228799 638.609022965 2193.43378342
-432.162081105 350.664949956 1755.120316
-971.644632857 851.05257189 2264.14029078
-370.572778119 723.269657681 2211.97143043
-441.687829641 488.689059618 2285.11842041
-287.388732377 1003.27056585 2268.84417622
-434.199509456 506.689572475 1763.13707714
-176.839058408 842.652846475 2199.48637746
-343.833634717 350.635847597 1756.45456903
-339.605722847 500.276316234 2223.06082461
-314.241951319 686.127904804 2159.43496689
-528.794185622 572.078342784 2268.28010793
-945.001625387 481.663050535 2156.43651162
-228.346022612 382.01096773 2183.41412287
-448.256632462 553.723756076 2238.26381529
-354.92021812 901.691653032 2158.42158898
-464.147857115 263.80997246 1849.04903293
-635.277422559 653.50247776 2233.77491599
-190.563084314 109.455340069 1877.59957491
-215.504809826 711.408833456 2291.48926727
-436.014600996 694.522619983 2200.32874015
-7201.56698545 -325.635089164 2058.71880575
-492.173895612 431.237640905 2151.80713925
-2843.4991664 303.636533727 1476.89649547
-446.132499481 703.685961398 2188.10416096
-7843.42773633 -357.863931524 2120.79318441
-1701.86299011 666.055459203 2210.56537051
-3810.40316548 -61.9902581014 2180.28852201
-349.506038518 548.349829692 2128.77528327
-6832.96552951 -363.544207529 1333.2759444
-3494.97401062 -157.752798434 2089.5936368
-309.028967823 405.434297378 2342.83475766
-258.22281764 413.148876909 1749.41435594
-6716.39191273 -369.114818558 2096.29301201
-623.462710878 229.740447581 1266.67153847
-361.778322483 207.673200957 2178.28770149
-5410.68332965 -74.0797173246 2210.71046834
-3306.3491421 480.773288683 2197.97311877
-4594.15859317 -185.045094374 1786.57999265
-111.509950038 1002.94992837 1842.04894527
-432.278826707 644.059829489 2251.7879312
-127.495097689 1044.73402792 2334.05936979
-532.580392351 378.907467783 2143.35600674
-362.757530459 208.772704902 1297.4038062
-376.922902826 1032.16896195 2115.58636001
-406.246353759 1080.0886024 2287.32745869
-484.957581083 671.515782331 2055.79489132
-533.902396647 773.416815904 2234.97333461
-195.642091872 743.567302365 1806.16905573
-2230.05246207 447.366952229 2175.88416053
-535.855606005 730.473615456 2137.12929997
-366.870373712 273.624497695 1697.81945046
-362.134189064 897.182582905 2219.62115349
-629.339324478 1167.74669294 2329.59665132
-423.144213002 459.574780512 1729.66552032
-297.153095217 1103.06248516 2282.64993143
-477.375417962 1019.51114208 2324.14375586
-493.135879112 300.976001596 1848.81289284
-398.235764709 490.506620718 1798.6541321
-633.725423721 667.042516633 2241.74982971
-573.477489717 510.594179496 2283.65709697
-497.971186665 188.637592599 1744.28835831
-685.3484452 704.485845268 2334.2795025
-405.273575358 390.163377968 1640.31105606
-157.91507102 1024.84969837 2121.65157067
-385.685178094 643.481455786 2241.02096497
-328.44353317 210.63862852 1363.92772143
-644.319452208 734.652415939 2209.61319904
-561.278440104 439.705909653 1846.82852026
-239.5266999 665.675951844 1781.42458344
-575.610641728 459.161239679 2267.36085187
-444.102893627 109.707037782 1391.03530087
-679.879193074 404.930521574 2192.05702486
-748.556245798 701.638634979 2096.39504634
-358.130798273 549.81080511 2319.33968864
-212.926973057 517.074226071 2315.21812631
-516.709692472 75.8699097176 1682.7752085
-514.081249456 356.434474933 2239.01696315
-463.100314476 480.107768748 2297.40233757
-81.2529258309 696.434672968 2234.84952973
-456.506209092 515.156888925 2328.51148603
-549.003448602 460.826157342 2360.33369925
-391.59119235 -10.4529437862 637.633839063
-422.662896977 599.259369832 1828.90731431
-346.940870669 383.148639814 1765.80183337
-515.389470058 419.403653737 1372.31703688
-747.377404021 935.812975989 2236.85876925
-882.074968387 -95.8488926666 696.868198744
-594.700519005 924.239334122 2199.23924926
-579.037609494 728.54752107 2222.23134631
-438.688691335 771.072091723 2270.37978612
-405.90308551 968.995214281 2221.83314944
-477.444532595 858.933343251 1948.35826714
-585.749879334 -63.3634230031 1249.92545326
317.153104397 1101.06849556 2273.72166842
-416.849542696 111.584302962 1294.69374609
-292.389504338 534.745920674 1828.55976737
-407.900304904 534.996042503 2298.92976888
-350.210620043 563.061700497 2216.80926879
-559.163345971 427.990165074 2298.11084961
-2787.82923418 308.221835015 1768.11394583
-728.166116377 143.744078571 1395.40101445
-832.258863607 302.420359177 2358.59151467
-287.699583691 1112.7059686 2271.00131656
-529.380440908 537.881018354 1764.2876576
-1059.82682344 128.8256326 1549.93749552
-312.619310375 1114.59903197 1987.14976421
-974.321559179 781.180297181 1905.08742834
-2260.03516984 242.145270616 1739.28991983
-311.488496442 484.910862073 1793.0601693
-792.55872362 153.811184573 1854.87985181
-687.706102557 551.587380336 1871.87129709
-411.029833272 -110.679267549 313.351869344
-506.854566817 380.411587588 2232.00450128
-557.003723959 493.949000626 1875.43481354
-153.537569142 659.435042153 2056.89531779
-2359.58002359 85.109364468 1794.7669219
-591.546662493 761.823087395 2283.44709998
185.042336856 829.323361691 1790.8715646
-505.58418168 100.300807261 1789.13296273
-287.349227541 492.863270256 1793.59299286
-516.325808969 770.185763782 2289.26751507
-717.234589202 698.331543221 2094.20469698
-228.458167451 593.957312702 2256.61124952
-304.947907971 800.485655287 2222.9141249
-375.016428628 547.988368622 1793.33322385
-513.807763084 444.608295169 1980.3967267
-84.834134893 1152.44786921 2353.63073845
-231.541417502 610.915940272 2322.58039144
-97.5326698778 1149.6652912 2144.41972829
-462.307823877 485.427472682 1754.99591719
-765.037602722 461.325421688 1839.3892531
-470.64795791 772.31224851 2206.58011181
-336.142923495 1154.80679876 2298.99192526
-481.814195073 27.2947479506 1347.53886325
-872.462834544 493.206454674 1754.82057937
-214.117069376 506.645752918 1746.36615724
-604.638629793 363.360690583 2259.8251755
-449.623541776 702.250413964 1856.79523887
-646.981373536 812.717554266 2327.99224887
-368.669895913 856.37296063 2364.10056466
-538.295881036 441.564494195 2354.25467699
-334.478971683 691.482417582 2297.25809782
-167.795902012 819.426705918 2119.83709307
-371.171485862 509.820006856 2262.87376409
-513.120995736 109.437165746 1883.29800174
-464.848784184 487.939524332 2294.24092524
-427.202589544 839.1670703 2346.90851045
-641.854529835 287.954575581 1647.35923636
-364.959984933 636.536290437 2144.68602391
-227.852549941 461.835556243 2257.996823
-590.140111655 270.635935063 2140.73720611
-669.099922932 624.655106388 1865.75528997
-574.43720651 443.418424619 2335.89011271
-537.618617124 387.492455265 2235.45372214
-264.04990765 104.984040892 1336.90704311
-382.44749744 1169.10575175 2330.350089
-696.408050982 492.294412292 1872.97498689
-528.389349115 467.139125184 1844.03478616
-4221.40835063 310.673385252 1798.91864866
-340.867387631 748.926033887 2331.35070269
-211.383563657 1070.67344619 2287.36857284
-301.369969671 1038.2966846 2328.41734357
-314.072112207 752.175207206 2297.95684184
-248.789190464 321.631119734 2242.52899182
-417.711500599 503.939358552 2296.23203734
-415.103324537 832.237466218 2316.24905481
-755.740023492 255.165204241 1270.47983305
-252.909719781 660.139855151 2294.9946426
-218.958609098 887.069883289 2254.4401417
364.339942357 1364.09803401 2300.64488069
-425.752735755 672.839643967 2289.99324641
-512.575492939 260.482777857 1682.88948269
-304.579630647 116.258990775 2084.48148327
-409.513909322 571.491842677 2344.19702635
-917.16313132 259.077828233 1773.35910898
-444.29988359 656.405434144 1832.44231194
-436.456365538 724.228467506 2319.0932262
-460.755885259 426.595998049 2189.19007673
-769.170528923 11.3299204719 1751.44897058
-705.483568597 347.783508258 2248.92881259
-301.071311023 153.354390903 1681.652047
-829.648394852 659.468869384 2187.23320406
-575.691945211 341.225273262 1703.76219478
-910.762537931 276.438752325 1842.0126491
-662.662060317 512.790591834 2080.00519192
-905.473730857 549.249689804 2299.41300145
-725.11099623 609.604496948 2096.16381128
-422.491419131 316.8051356 1824.36126738
-649.761665406 209.220779289 1769.39180044
-404.922222381 666.745922473 1889.29064557
-405.770102888 318.721592038 1534.15306986
-270.776952523 793.051692681 2302.2699949
-523.052128864 841.773618983 2227.88239475
-389.560357932 603.339247556 2268.5156715
-259.665054198 586.011444166 1780.9414344
-198.599930671 327.412525116 1276.52223367
-624.353402869 592.055387354 2279.76656926
-461.798336438 879.248568106 2305.89122199
-2941.47343805 510.282691074 2313.95859589
-548.660740762 349.609210866 1452.47646553
-436.842369308 619.435156916 2315.56877145
-437.897666203 425.059868536 1842.14246218
-725.43070574 763.043123833 2276.91460159
-312.962885568 651.882371984 2341.66741458
-7906.49964109 31.7918430949 2274.00133178
-474.544938575 93.5331126416 1834.47331211
-531.966398956 398.171714853 1848.11113699
-376.231950751 675.603363981 2296.63427198
-4879.89361289 207.989327557 2262.57359065
-527.095631814 135.318128339 2246.48617189
-417.200338512 13.1154799431 872.701767274
-888.554839083 613.474163719 2272.09937306
-712.928127337 527.638759723 2321.4235545
-601.236417531 1014.46402388 2255.85261078
-641.362834396 -24.8651765471 1361.78471251
-538.477799195 189.971929856 1235.65266849
-615.763708487 231.231844374 2287.6691149
-717.745753068 328.266524475 1828.57886263
-817.875235226 251.017237072 2080.57220068
-802.271771858 995.829599422 2334.15788517
-871.711204448 600.52662574 2289.19015735
-685.703101063 615.004883905 2298.229882
-733.711082732 568.948346317 2301.68607019
-393.965743999 206.759198822 1239.09533996
-307.771135194 689.466714475 2288.74418326
-471.882819509 392.550206008 1688.53006421
-351.898559581 363.129662749 1635.4857821
-427.852585183 622.504405631 2271.63639808
-235.017520267 691.15852148 2374.90681314
-373.369392925 744.372804074 2265.28240213
-389.8889952 315.517467576 1614.95588076
-412.132258612 449.20167947 2242.85988657
-360.160656759 878.218992342 2275.20542879
-520.657990636 751.60450335 2239.83163484
-617.480673799 0.00475360411926 1271.46006174
-686.07985512 431.601573893 1686.35157939
-667.833864677 507.31290424 2316.27777603
-625.530233234 392.808962809 1846.65584534
-9400.2674829 -791.495001778 1863.05251402
-1156.13404098 -199.031378907 368.061789669
-6464.84906132 -618.702634179 2134.68507433
-917.942145199 110.800386941 2331.9126422
-1665.07168736 94.303662402 1918.6028162
-437.872934564 42.4896331697 962.338051579
-402.890719641 434.660912929 2294.9531656
-531.536479594 747.472760948 2329.12490173
-615.903814555 -12.9285739378 793.884636307
-743.694864465 214.448522003 1478.15894173
-635.428318199 580.801690058 2184.52819366
-957.47059278 353.182953216 2287.58910783
-1613.67600625 -98.8051538042 1869.57473796
-401.961115587 186.860728768 1878.18476946
-945.145759439 -182.360281747 1767.55893063
-587.743365781 249.503006476 2066.43100901
-523.268254546 365.178548648 1852.7067021
-514.489881939 664.021031854 2408.2004697
-1260.31072328 -90.1176840752 1320.99435691
-315.614066679 449.52969282 2373.79639624
-604.932404364 428.634639752 2363.39309965
-992.070981702 99.659059986 1328.82371192
-488.668901699 760.716259661 2380.42635749
-534.5481413 572.629235388 1922.8896335
-616.987900221 382.363654201 2297.04965858
-386.417554703 422.038761175 2279.74920665
-766.94382315 749.870389282 2375.03038814
-1457.2355213 17.7006517871 1385.08356554
-691.933222469 709.738506081 2361.11416368
-818.203815506 244.208623729 1837.90624977
-619.621843785 521.565141705 2328.58153035
-625.025985013 400.206307239 1907.95779182
-1323.09031004 -167.555776747 2258.96189124
-332.071421356 531.51379971 2270.15038042
-381.300567462 22.5958410242 1847.20456378
-633.147240812 567.486515169 2321.24862009
-416.517939083 456.278473834 2029.0561815
-435.700509551 481.477430292 2336.78215508
-1041.7029935 222.456603722 1607.61317946
-992.786209211 788.572407911 2207.79215917
-429.035722476 598.791206597 2375.41659193
-512.317608063 -94.6012071 1874.21536255
-778.711777288 -175.670414686 1324.93853928
-666.755608294 332.04198062 1717.44561573
-968.458790306 -182.540560998 1671.54512241
-950.76654341 608.142974923 1818.37172784
-746.167853674 320.017526318 1784.3590411
-885.620005747 -219.358403751 1861.68234605
-595.993286842 239.32374537 2282.54718401
-971.895770308 -63.0769137086 875.970351006
-415.505190052 833.868545998 2368.15086048
-637.766036809 -189.76104428 1195.54259511
-494.747562967 562.123579283 2362.15864654
-585.454811267 542.252597605 2321.06592076
-1264.32525471 -22.3032952055 1224.60373454
-654.827729063 641.08929099 2212.65563755
-858.832110995 520.394276832 2334.76670517
-906.311200338 410.138597609 2288.06620488
-858.74536988 330.142351797 1844.34497328
-1104.64143012 -153.303371341 1101.1549287
-446.519860097 389.22234418 1381.93083246
-1242.12434444 194.124737318 1815.31555397
-481.049465496 -159.586485515 567.698263473
-737.552484119 119.745736565 2099.76559201
-481.061187242 313.511119236 2155.62509779
-801.432523723 -245.472618611 1403.95074653
-778.66938555 545.062118626 1893.06118058
-490.626335337 533.951641954 2320.98381728
-1257.37528082 2.47926497631 1923.23045923
-1380.1647909 -403.038314802 1293.03436972
-777.788294113 612.513138709 2179.40340406
-905.879759171 526.702027191 2231.77699157
-951.737422793 90.0154083847 1869.73912685
-840.069850515 358.14495015 2376.2070074
-880.077134611 -133.475052357 1253.8541568
-902.003452843 302.662318966 2291.21575836
-714.556238977 684.138305129 2303.32425678
-1245.75293191 122.921684401 2372.50689471
-1223.16839349 -155.343609674 2218.6020252
-794.534974721 144.647093698 1197.774476
-752.676142628 672.512262071 2365.30900569
-833.855198618 -23.9838001302 1287.34141361
-849.207642686 301.987794971 2091.0889185
-1355.4772312 -222.67646719 1256.38079538
-465.002404738 475.81498541 1730.87434847
-788.66042246 259.177225333 1918.70134467
-667.317979545 405.534795722 2292.66730382
-672.618707912 366.559057789 1858.34968009
-1012.13447707 363.600865209 2310.26963704
-1787.45412954 -192.081438045 1795.3324113
-502.80011367 280.620563644 2158.48309377
-803.095399945 538.937810797 1812.81431571
-338.117304977 772.969506872 2261.37778642
-398.017995963 794.722700559 2333.23510859
-882.172930581 3.17739670038 1763.38775629
-897.425154671 144.983447119 2154.39883875
-999.881890626 212.207373875 1877.35633666
-467.771993936 1267.31047108 2354.61975376
-305.921929887 796.013682639 1965.00010966
-512.569901421 381.250843207 2340.07354
-696.611341931 234.81067386 1629.7020314
-923.263599479 245.756496107 2004.65417973
-394.829823408 725.166274557 2310.53349826
-563.472929199 147.436850255 2028.66808736
-803.572205968 -159.146356126 1474.05849515
-864.972381157 -55.2506273728 1812.62912021
-908.408372584 377.586682018 2177.19359202
-700.520112713 476.887505888 2326.12402208
-971.2230043 34.7204421757 2355.31617262
-982.882088414 35.1350031616 1990.36284871
-855.597631314 -173.631901718 981.327471625
-869.74888752 42.4275808665 1793.95918962
-758.214363444 339.224397821 1846.43860825
-517.936922089 858.075042837 2213.45042937
-775.54210057 750.385636494 2126.2982095
-1105.71470006 345.287725414 2362.37452453
-716.239311199 203.385227758 1589.27279094
-606.607361386 1178.42936895 2327.86561527
-542.964252837 507.361220473 2397.9049999
-972.955013662 164.912129837 2238.23045523
-750.218203751 504.134373405 2191.64949473
-534.848458448 148.593263352 1659.60970897
-797.69611203 425.530051018 2288.53147115
-411.022569084 409.975112088 1984.95262397
-664.01744449 683.67855637 2247.83571199
-491.181879929 572.519317554 1833.97349791
-1128.78706633 333.436135053 2127.96377799
-429.639613332 160.361575763 1314.00756382
-750.042096048 -84.5046441958 1784.77735963
-841.210804239 53.041807448 1676.68376064
-793.326434804 158.04294603 1741.79917308
-904.320154672 77.1196250494 1881.23253752
-455.922571127 345.757832035 2102.00671139
-366.114154801 488.189454079 2281.41662607
-555.741479487 474.142913775 2305.57742191
-649.902887487 294.389208456 2252.77268015
-787.277017021 364.305554998 2307.50289178
-403.142481232 666.556331263 2063.911443
-676.468954382 246.391983221 2398.48651341
-1168.12479492 -232.767908871 1079.36117972
-678.076136696 230.107941917 1812.46773866
-543.389286717 752.508339387 2150.75781511
-712.735623841 542.465257787 2318.34936016
-651.560766997 513.576452962 2123.9887945
-728.200365604 246.156543769 2184.78189116
-708.656786871 -49.8853328161 1818.46229235
-794.577240849 229.436563329 1776.42629495
-830.523537835 -34.453187406 1349.13260959
-505.444418476 360.745134778 2132.09686489
-856.142473606 827.479335803 2316.69165435
-228.171845683 766.897989198 2363.90984944
-613.73592684 193.932887602 2127.09573354
-737.33480411 146.328555475 1891.27826283
-773.354406604 350.550820557 2319.38629401
-732.608236743 487.081043234 2073.74759239
-500.720994263 999.229729341 2333.85684905
-708.56604252 382.309059375 2164.69269027
-785.440654109 403.76458433 2334.072412
-487.579276054 838.750123538 2290.68847675
-938.150078463 124.516755435 1818.07017573
-491.952687567 788.37039624 2359.60185201
-656.850300922 595.848880996 2194.73265746
-716.958814994 475.59033177 1948.45592903
-182.427429188 898.327340082 2364.0840946
-404.249366985 521.051433619 2334.21721836
-492.001624414 723.770800237 2216.88573562
-619.345878163 262.911661485 1779.17528092
-344.325618855 629.215000538 2281.61410621
-368.162257496 577.512557317 2319.79840712
-728.318566906 309.774356039 2256.35712752
-674.605489675 371.413661753 2323.60768136
-809.455258721 391.480311464 2156.99229241
-885.333370195 947.470991049 2327.25762396
-442.489718863 283.976855646 2339.35879409
-883.254539284 367.23531487 1499.07974052
-222.470514152 789.394936462 2268.54819361
-306.698402621 420.435723778 1856.24752907
-773.341507346 338.292015841 2235.09311613
-645.358653821 236.205520816 1794.01385681
-871.991600044 613.952508714 2400.46861467
-836.632345489 476.670663991 1668.50469422
-721.132712832 250.410650152 1781.05294297
-808.484549608 -94.8367495432 1344.53849437
-558.951897941 68.7414484987 2310.01563983
-624.745909973 748.877517832 2225.56184355
-957.898420707 378.044566393 1795.08815831
-452.088649968 1112.00771664 2348.84486278
-723.711080745 211.246745222 2291.48858348
-663.983941324 967.726787243 2428.47515037
-455.902594025 323.390161252 1713.73248739
-694.964251257 -41.2254528972 1174.55456238
-410.975549248 570.905260491 2187.35573877
-383.698119646 173.984933929 1316.62074377
-300.857650403 1346.78176955 2345.07438591
-416.639361596 437.262740815 2327.83879241
-458.055951604 243.995440691 1840.19261665
-509.822281233 215.327552473 1845.14740648
-422.764039181 588.760308712 2366.22333808
-643.256616747 581.127262923 1964.39381547
-547.92566486 226.532093362 2244.87410011
-682.988349404 631.71468475 2310.07598874
-551.470079789 505.50478337 2322.55996504
-523.111113393 341.392427997 2384.47756227
-270.96845322 545.846369187 1646.97021756
-855.572325666 409.407851554 2378.90897807
-747.977265109 818.836425082 2419.69042636
-326.275101485 575.922697549 1865.10067266
-424.265853924 68.2567225306 1283.16357521
-610.610399902 150.095379007 2252.40406658
-642.694326081 336.557156537 1729.77774333
-519.809621776 771.615751994 2383.789541
-616.373778964 494.178765444 2296.95327345
-815.922407961 -215.831119377 1171.30976323
-507.187482127 1016.67786888 2388.79728485
-1111.5738924 -138.365154776 1743.73375337
-1006.19333869 294.704995653 2305.77871132
-313.034989337 950.056566066 1824.51615336
-637.329535486 -22.9732672602 858.875810237
-669.669606096 372.084768647 2381.47013977
-214.659923437 733.050072191 2198.30760277
-547.733193864 910.272897556 2289.44949397
-620.729460615 224.453973906 1688.74715196
-674.646810473 736.001037587 2378.6870945
-604.302980096 527.227275743 2410.10519947
-542.038279455 492.381215245 2319.81596767
-502.284285265 964.899322661 2370.94543448
-878.7262855 52.1853929266 1261.02301145
-480.533652482 177.362316259 2299.20751786
-800.315898462 335.74527132 2300.0166272
-400.072760674 434.459921821 1629.10216988
-387.627388968 487.456826268 2358.41618141
-667.780769871 351.319476098 2340.92905557
-687.472801301 652.268605848 2216.06797589
-555.837541598 324.618695875 2279.97421038
-408.814375001 1131.58909796 2367.51214615
-792.371652437 361.715600936 2047.49459448
-1345.99838671 266.847366811 1837.29120319
-635.230201963 861.106991481 2342.17543502
-493.520857356 523.323750053 2176.28976311
-214.799076044 748.030406379 1830.27176793
-343.130337801 587.081718493 1827.23913119
-686.178244192 602.391220805 2321.56840233
-1011.9011732 169.496928999 2399.90857587
-230.126771122 875.69907347 2383.03327015
-235.941613389 679.024230347 2280.34980761
-320.236611273 591.371470754 2177.2363151
-544.247630266 311.723992613 1430.75360576
-292.799157826 918.405499389 2297.83018136
-372.414558437 684.822561665 2339.16486645
-741.698428296 481.840701562 1877.29547321
-610.097404006 414.501814545 1983.8640881
-848.781109009 363.26473614 2354.0301792
-322.5697834 1152.7499552 2274.19711874
-419.629797517 505.006385979 2332.7053704
-568.071941281 497.26497889 2287.81594572
-403.640383418 1188.92853867 1819.24144739
-541.961331096 218.951943151 1842.67982312
-598.056261515 338.413440515 2348.82742146
-768.270629216 408.079948065 2346.11498495
-862.277183103 155.293287625 2385.46668766
-840.799501242 407.542613262 2160.73257469
-667.542988348 975.150479193 2066.17100318
-257.04307476 779.410334084 2270.53541508
-932.832589402 836.1649779 2355.05410123
-902.218933321 498.453037338 2347.35938252
-438.425240145 689.496043638 2381.02052813
-925.73634741 350.002138957 2355.49513742
-516.563536967 629.39581892 2331.53766585
-311.641119509 798.126287539 2367.40626947
-388.743017981 890.256360151 2323.47730172
-380.076202188 752.397866951 1969.57403901
-482.239228789 805.133697045 2397.85184581
-322.969898223 575.055085628 2288.91364951
-691.994966133 824.23092352 2348.7378558
-467.376753435 1100.2465868 2374.86259085
-767.845531781 332.176566487 2163.46939417
-638.278740457 411.080096583 1882.15709027
-663.207382465 730.488153554 2314.67122207
-597.558313877 443.411981765 1903.09331555
-810.757469853 463.446703499 2253.92481591
-574.086358011 704.462933113 2206.75290642
-547.718085734 239.844591916 2305.57360361
-337.493650711 758.558606177 2392.45046387
-896.215900739 -74.2463142473 1632.65771353
-664.161988766 568.093149741 2405.66762121
-818.029441371 194.498947117 1198.29153408
-540.002250807 209.375162867 2032.68891381
-306.948947971 658.748720776 2316.67598711
-662.265913887 440.313786992 1566.51386342
-313.950960134 1145.2483698 2222.58983847
-549.430591913 481.250650644 2259.7849788
-550.566196759 624.199445681 2340.48188538
-553.545142727 713.171633369 1874.95503993
-735.332368604 493.792046581 2297.13964268
-412.217848778 807.406579485 2335.35392145
-579.85657787 593.72858677 1861.10471495
-376.387902246 816.932445044 2326.30802254
-1026.80146997 709.134743078 2057.6307415
-297.978219476 626.858967433 2320.54587248
-383.864922343 1120.10553101 2345.37528344
-671.469758053 545.302068149 2039.05659989
-533.726434027 396.270553098 1767.52872024
-518.509588302 850.439961909 2184.68049692
-369.962736641 616.185357593 2406.42146132
-671.845242464 -146.674809966 2289.18844591
-352.300546714 1434.19734574 2382.04029287
-571.706181769 401.489576858 2215.76262842
-534.767645646 836.773412489 2265.4398521
-183.343158491 853.078569982 2352.99240315
-388.760358391 1210.55148085 2457.37171202
-326.160305279 1026.29002319 2367.49601647
-606.502142267 570.365756687 2034.03419366
-458.139533358 413.948761448 2421.72913087
-460.989454136 569.984881513 1777.65853073
-211.560519308 859.229616753 2318.72592187
-524.683148032 968.338613177 2325.55784465
743.613488445 1533.55491576 2390.35264236
-537.781626886 681.118994464 2381.86921065
-695.703207715 952.153577207 2360.25357426
-269.096811506 958.61868308 2380.58331725
-335.653669574 342.13869626 2267.54234434
-540.255136068 823.907859363 2199.97269078
-407.3359186 381.350453686 1376.96439551
-448.711211877 1164.46824806 2315.0184219
-569.571383654 1256.57935253 2427.52807524
-327.27649669 796.472609842 2263.91036954
-228.999959552 812.795939037 2394.08982393
-433.996495441 661.593248182 2292.12807133
-683.267953607 571.75937556 2407.91697278
-749.34026363 820.08693432 2192.58241943
-300.894722184 964.491084129 2433.01850335
-228.06486238 1118.31024391 2381.52688515
-474.226192014 942.46439381 2387.71602606
-433.499720051 759.181407417 2372.8145468
-488.72307962 615.287721903 2332.16475474
-280.706257976 661.523047624 2242.09221365
-604.893863814 444.765900452 2330.62097773
-483.07000881 398.112343633 2149.0633919
-532.501319236 1246.76295845 2398.87508015
-487.163733464 733.828028602 2409.67397118
-370.617176345 310.624130798 2252.63072042
-615.732094268 970.619907907 2341.1600556
-360.924105934 891.844624324 2361.33720274
-260.975196451 676.960475426 2268.98948
-329.391279396 898.989948104 2375.48472138
-189.421240184 1253.14903413 2120.16942793
-173.652888981 663.51390579 2247.33862104
-624.714593479 626.133100682 1797.81220197
-826.577063713 1269.52110983 2318.75039777
-710.92491181 389.345244145 1234.0714374
-212.686470473 1264.03463628 2405.54088328
-576.431141865 538.201850122 2031.48007847
-315.216033956 494.925489374 2361.22099271
-563.841185559 966.234389763 2333.6609487
-582.584006999 268.428028599 1364.52246392
-524.049686618 926.336138653 2225.73394251
-612.153757679 546.538179212 2352.33049235
-378.636639799 1376.29153662 2329.81239682
-228.019156761 1056.9448894 2200.44380814
-198.938169536 1097.67959261 2102.09845627
-545.978187002 616.734529766 2192.89287464
-314.149604893 874.506473478 2297.37904786
-538.407434768 871.068260744 2296.67813361
-211.612008084 391.350508879 1866.1373998
-780.4542341 643.903507239 1847.64084741
-913.617690334 483.105731096 2278.79956092
-799.948961373 614.154063645 2003.16517753
-960.214946191 157.022266102 2282.67229147
-666.562848043 686.533098293 2367.77321218
-469.203651184 423.738811767 1835.28110305
-662.959315414 371.249909406 2335.97406859
-569.781173492 877.360834333 2386.37862451
-190.867553443 770.445580799 1901.43381408
-361.854119982 192.662840647 835.150906421
-714.586150003 971.779996134 2353.69796491
-762.641427727 -0.679571721574 2335.51709007
-238.974030018 1595.97824785 2366.7842454
-699.304482282 820.617799582 2008.11971225
-316.835720113 711.583692387 1883.08060624
-425.321016582 542.028995334 1883.01509854
-932.354101259 510.893910857 1837.37721371
-361.438883968 1220.74052272 2254.86707184
-292.022364902 502.241617432 1549.73737046
-283.60688665 732.439575438 2378.3036413
-624.795865316 681.735233273 2238.67457844
-352.723397979 442.356260687 1715.7733051
-856.072326411 633.188257423 2205.06108024
-869.621850586 275.704189732 2193.12561689
-227.442760709 1402.91925888 2365.35009759
-737.546670906 377.999242938 2438.205492
-419.441369561 521.801937653 1915.49453086
-482.033506317 1062.23394939 2275.39642638
-468.998722745 658.015170693 2354.83610975
-716.971424207 621.212211816 2248.78552966
-635.271822171 590.923729307 2415.63604589
-429.929642337 909.860201204 2163.68115054
-436.580958795 65.928642928 1879.71209417
-379.831148049 1150.94166009 2369.48279842
-464.258420402 607.169050705 2404.06384126
-574.664522902 832.403111729 2384.25774746
-798.573881811 286.728747402 2349.7266688
-873.932744652 1028.10653517 2403.12674987
-579.749224397 1212.31833587 2364.43863077
-719.98892153 670.989421048 2169.45619769
-567.692589521 1188.07220161 2301.07601692
-382.797176079 819.389749703 2370.52709167
-161.941430858 1529.72352089 2345.7195764
-807.238033546 1097.27624802 2341.43709289
-693.301597399 443.870004646 2030.12439104
-188.059947604 938.43096778 2124.93694201
-322.612150599 663.206691146 2363.75614026
-665.298040177 1134.63669162 2344.76154686
-825.361938484 644.037187756 1770.59098103
-450.990402332 733.960014766 2407.01438509
-567.508543492 852.880804939 2184.50860619
-640.65162038 405.401687289 2359.17605533
-699.437854146 1014.05824023 2468.45648775
-468.321098083 1011.51386342 2222.1463556
-482.952427792 1021.22769977 2383.32912763
-165.382140856 1106.12839192 2398.44486993
-481.023380608 676.235667903 2385.84332745
-783.989269767 1216.79174663 2445.78229215
-318.67517798 809.118628601 2360.51260003
-320.475912524 517.88293928 2310.62737099
-328.019464198 621.72383284 2347.14524473
-715.087153458 712.51627778 2426.62613911
-255.711316706 928.888701647 2361.59451159
-418.481375394 866.209886186 2279.53018608
-404.703139307 578.646590653 2318.34932548
-388.368563077 401.803174335 2413.30673165
-641.942683876 594.324447893 2393.28927474
-402.718207888 985.625485918 2347.07846476
-504.062225923 498.2107345 2270.61157554
-577.33228185 897.139817967 2159.82847175
-539.620706728 1013.4919214 2436.250825
-299.447265084 1128.15091726 2308.16428336
-348.987016031 666.144370376 1863.99958867
-309.12417186 696.758330208 1963.2371565
-227.752518962 560.849615266 1406.91203145
-301.05398239 696.752109414 1966.71254844
-414.050081737 365.447368967 2137.42404657
-346.904086068 672.768266106 2360.81608758
-676.202819684 863.889260318 2465.25342749
-380.269416792 1115.39181025 2401.85506156
-332.664275405 898.891719175 2383.48773616
-385.242893181 629.815648994 1797.60618196
-442.25505048 971.710344616 2414.1210996
-607.122198009 636.142717517 1921.20655029
-322.838339877 1075.66097771 2337.9293443
-489.03228364 379.469901231 1696.40714387
-375.742814704 538.007808282 1875.09103271
-295.542687839 671.437105642 2421.57845776
-359.968895627 1019.14523911 2435.27067138
-260.948640125 1166.83450345 2388.36630613
-352.497887654 1009.61181842 2439.16573917
-369.256860873 906.267464664 2384.10126789
453.954426561 1345.12546466 2407.60935562
-577.436246883 336.275647836 2256.34168835
-114.082594743 1096.87778439 1914.74208604
-179.707065763 1109.36719679 2211.63031425
-225.800738055 845.923330339 2432.01685186
-606.586152618 1137.52387008 2422.96356126
-536.084468458 504.050217403 2369.25179743
-236.844773709 701.837818617 2167.04174319
-249.72841049 602.021580881 1960.53757412
-429.434552935 1020.64948742 1752.22124467
-560.974576597 1036.43961912 2407.89897973
-469.775802071 1286.5185585 2399.51602319
-485.060073148 1032.16127403 2291.40682264
-419.32923356 398.801219604 1628.89496815
-458.364056848 738.561248406 2307.21756401
-556.745757467 973.295985813 2385.50176788
-458.592344218 1168.33516162 2264.61953144
-489.067290942 1130.58387743 2412.38250765
-426.282578198 499.66195796 1880.59592878
-522.362160773 598.827083647 2286.90500397
-168.396497684 1336.71057043 2432.47567001
-156.402390266 1180.03423298 2408.7020184
-305.882002896 1056.95664826 2054.22168315
-214.981467125 1224.06647253 2340.72958181
-419.911539669 487.720324291 2327.03964286
-467.022708464 604.232827819 2238.1535099
-220.164359665 1108.88269869 1925.23112228
92.1552393583 1251.58536533 2384.14765847
-614.758302025 373.863185483 2414.98887191
-562.391961489 755.967591772 2423.71451791
-434.207014078 672.856890224 2329.33440802
-265.615772382 762.422520179 1815.34914094
-343.558641154 1232.80580523 2410.75737693
309.183018815 1327.10362946 1917.44896525
-441.189591378 576.450064213 2280.7343496
-263.200846407 789.523560226 2389.3688235
-441.043376009 1090.21403927 2411.16969914
-555.814909085 1553.14864369 2422.35370704
-267.603028174 883.781399411 2399.71596132
-268.174893389 842.329087174 1888.24658457
318.725829229 1264.06388392 2234.65930149
-355.338378833 518.079698679 2395.26424308
-348.782492804 1027.94773351 2377.41645892
-400.031362342 850.785260297 2377.5197106
-222.579070072 709.094884749 2265.19639451
-578.114223035 787.847596218 2382.1662624
-231.700541331 893.825623499 2138.31175812
-751.065447481 345.455605925 1779.92889235
-717.566122874 852.673666531 2337.06450181
-243.656518073 1143.98028147 2135.49821607
-436.018518922 1076.27687748 2338.26597747
-349.913164199 551.221970709 2188.95727197
-740.528528449 577.214245635 2309.28332039
-215.876490457 1363.31164549 1873.93530324
-264.666671322 625.282312154 1786.95991805
-301.039925873 992.529597635 2364.26924476
-296.662743066 1060.36672446 2331.84437549
-326.810520905 816.122197412 2377.27849667
-776.414498074 1226.70013448 2366.83504955
-266.570795785 1172.94481155 2225.70406994
-314.232238536 1181.92152303 2192.80376106
-592.406506544 607.227789907 1842.75202142
-497.184923381 965.427269566 2294.58295113
-233.347742942 858.579291988 1914.19440752
-653.172780281 452.179789665 1910.86370301
-436.528747782 444.438382864 2257.10608658
-192.86043449 866.043111345 2382.80591894
-340.978466741 1080.29969335 2207.56209014
-181.346351959 988.260081423 2395.64455604
-436.904514128 458.898370345 2379.81435929
-433.790167324 1071.67701003 2106.23723945
-473.028933018 875.15254115 2343.82185576
103.284171049 1627.2682251 2380.0332693
-324.32295913 1125.5004321 2414.23747577
-405.718649021 1152.84470597 2358.94802392
-238.179942689 1035.10337407 2396.00941411
-283.556256385 727.635112284 2242.3312621
-428.767439545 827.114931316 2310.28907927
-533.817536372 958.841645701 2194.87372352
-654.112383701 752.939662183 2397.23559279
-623.369183925 786.149262098 2282.20788084
-234.364466267 1129.00528022 2281.77144185
-281.596334823 1048.7340802 2400.0062397
-357.54601352 1013.10660077 1886.77627463
-639.940869691 910.712220366 2221.56423416
-493.193207717 1156.68312453 2422.28141692
-283.093375314 703.699829538 2376.37259245
-284.18900242 826.047020759 1917.27047067
-256.100795198 1107.62902446 2293.72371955
-153.34972428 701.203156204 2232.14221906
-156.949856586 512.054893114 2318.10701175
-573.595933319 789.92892544 2038.39208662
268.002604466 1365.4675101 2314.56475792
-535.799049397 709.211667484 2325.42815625
-199.157279457 1457.0620114 2362.07290928
-450.166245118 772.502406969 2335.72410432
-88.0531436993 1182.9630329 2418.06126613
-358.526160704 1123.83906603 2409.88916515
-260.462637956 1280.0193824 2428.87722632
-319.196279447 848.556137171 2322.76590868
-376.287242023 990.634725315 2407.66823287
-347.687145891 945.613534649 2217.34496982
-504.997513031 1435.9348131 2383.95795341
-284.176389885 1447.05148192 2427.2996258
-308.950609863 772.99412388 2403.86331417
-243.034366531 1251.34425261 2362.48090447
-366.287165576 1014.06269636 2364.95827197
-560.735054411 784.161384245 2388.50301294
-402.743672315 1042.08741158 2344.60152457
-368.028343543 855.333270784 2370.33684618
-360.589135442 1528.17345634 2392.91181864
-262.487531328 921.534603303 2517.49556932
-177.900852356 1308.86268887 2420.49137928
-333.334116647 1017.16518849 2322.69068302
-509.670022463 652.94582712 1683.72549045
-246.507145793 1528.83580948 2470.68558777
-574.933246541 1094.02136145 2447.30446895
-593.503367851 1034.10115918 2414.37833692
-298.103034302 786.696535131 2287.25265424
-420.118680327 763.702520053 2444.01684782
-229.88542844 1461.3830442 2458.86675183
-267.317437765 1371.47253754 2468.23256408
-95.1678632024 1507.59944718 2452.41580507
-205.015445451 1522.39721193 2398.38915721
-344.285364082 816.164726684 2387.63806676
-225.958964619 709.617830446 2496.83281987
-278.291174721 678.999421846 1963.17419642
-439.127304627 990.971257835 2452.07755353
-318.345872834 882.011126811 2350.32009821
-347.420011671 689.607204765 2364.59420354
-292.752321128 1125.06819499 2440.54984532
-379.879209826 488.696829742 1924.23688888
-390.439910464 710.568065091 2460.48108295
-240.287341873 1122.81175421 2389.4953392
-379.285461427 751.026157471 2383.62812688
-168.654461159 829.287611559 2458.76458889
-209.130669935 1375.52762995 2469.39765669
-167.801556552 1327.18282094 2401.63865487
-385.575114821 648.866275458 2461.27059151
-587.503475594 450.169501031 2367.16178109
-195.713902361 1369.93061179 2414.56158606
-398.736002867 672.543769323 2412.82157263
183.455316044 1644.91621868 2399.75024884
-290.417092532 1048.73162624 2424.39428171
-279.030009748 1055.13850498 2401.15958123
-156.718895178 461.748713064 1929.27426605
-198.403177548 1003.89558166 2443.99544287
-186.995730632 903.24904719 2381.28012535
-243.960965905 830.749989783 2401.91226872
-337.68783903 1014.45694237 1951.38795723
-314.287875529 862.709617194 1899.93529691
-430.533640962 925.277410621 2426.81802785
-380.987199791 1128.55863091 1957.88428448
-215.349752926 1166.17462161 2417.14739828
-310.582811011 1254.0802517 2482.04736585
-445.072861907 1317.55163276 2440.88601071
153.694996462 1461.23796636 2464.29011676
335.853597111 1044.15645557 2246.90060153
-304.77759778 741.61659941 1892.97677312
-112.792775805 772.287392928 1829.47327737
-419.679593324 598.964628119 2373.96472891
-277.570699617 1179.60414285 2474.12154801
-355.640381309 1106.32327054 2475.41412705
-343.427061202 851.19938307 1946.93483908
-172.322445281 1240.11254226 2390.10421253
-211.944658481 1010.07827825 2343.38911223
