0.20808 0.233864 0.26184
0.18372 0.218344 0.24844
0.19424 0.22478 0.25392
0.1864 0.232192 0.29784
0.19744 0.2224 0.24952
0.19628 0.22262 0.25112
0.20656 0.226764 0.2582
0.18784 0.224868 0.24488
0.19956 0.22392 0.25716
0.18704 0.217252 0.28552
0.19296 0.210128 0.2248
0.21536 0.236704 0.26396
0.19304 0.229956 0.28016
0.1896 0.223588 0.26516
0.20796 0.233324 0.25916
0.17188 0.224664 0.30384
0.22796 0.244776 0.25964
0.21312 0.233612 0.272
0.2018 0.235524 0.26008
0.18164 0.232056 0.29056
0.20764 0.234308 0.26308
0.19832 0.227676 0.2688
0.20724 0.234852 0.25808
