-10079.3570671 -9702.22287026 -9003.05315733
-10058.4589563 -9862.99183694 -8859.2423991
-10192.7744389 -9970.19121232 -9689.32355288
-10007.6862034 -9716.23002303 -8875.4634875
-9987.01836694 -9865.23976751 -9661.4725525
-10038.0745874 -9719.38927955 -8573.44557419
-10069.1137399 -9610.45367866 -8064.43207771
-10089.7837824 -9566.39044358 -8668.96874086
-10008.3164495 -9402.59648089 -8518.38408823
-9657.39164503 -8333.31161554 -2824.88430019
-10061.7543957 -9438.75537968 -8734.67586861
-9971.88314426 -9118.23245151 -8630.31978666
-9983.70430508 -7669.07791156 -1415.18948213
-9783.8018372 -8941.51679486 -8470.06023503
-9670.80001979 -8840.10314434 -8522.25203723
-10002.6198314 -7671.49699974 -1646.84600846
-9911.72460297 -8011.55778997 -1068.75767506
-10048.2194946 -5745.75012943 -341.885348371
-8858.59893294 -4167.72100882 -314.580043603
-8595.49673163 -2817.40374794 1101.6590162
-8653.95017992 -2023.51882995 1595.09184101
-9023.11720353 -1428.24107166 1421.44556839
-8984.25299186 -3259.91986898 1551.86758997
-8606.6523617 -1379.9745855 1192.69312532
-8487.68676489 -1102.95943771 1975.40436529
-7506.82371388 -266.591459043 1797.05578671
-8125.40517925 -902.085221327 2087.82372788
-5233.37608613 246.691650076 1838.54989031
-163.212991744 969.538628971 2034.80472819
-9325.29746408 129.582790483 2045.67963436
477.453760468 1811.73552954 2112.26496406
-856.119382399 1128.57756466 2131.99674411
-9177.41175767 206.401074396 2001.61288278
-4116.63948363 788.634445568 2017.68487352
-807.209492308 1257.3156117 2118.60685151
70.8590828285 1417.24097561 2111.48787458
44.6876150192 1459.78829198 2055.3257739
-316.92580151 1327.26088865 2043.27228078
-7470.99896852 714.107103535 2062.22081682
-1231.6621503 991.220578882 2062.82354333
-540.759719605 1229.56386424 2045.02346467
175.929322381 1511.44222574 2046.54869942
-9.07518580099 1704.65472352 2130.83849341
-1243.90461789 1519.16451262 2158.36183758
711.778465522 1715.84665456 2043.82183727
-34.083975083 1784.21943965 2130.03718546
1759.60339693 2044.91301286 2219.16186041
5.40450147908 1393.69786434 2109.95294479
-130.021910047 1447.70025277 2135.05460681
-136.173608829 1369.18711524 2127.38590454
-151.460751712 1789.10271628 2149.564661
-1170.86236712 1658.87408903 2190.30818923
-122.434388438 1527.72785205 2174.09807148
-156.519053886 1493.88540489 2154.83965824
-202.158780821 1444.11499472 2163.49238873
-14.9341912614 1775.82416678 2214.3468929
75.7672896354 1525.99963924 2119.91113318
169.714392751 1553.43573038 2176.72681115
14.1779334991 1646.28052242 2187.74974791
538.175869283 1609.72268636 2243.34985802
1335.93226446 1959.67249501 2183.79222102
308.259947287 1639.07544753 2155.37235004
-134.238264003 1699.80059933 2223.64685274
1528.82882469 1931.83472288 2171.66735798
497.463991115 1707.33358395 2188.0721419
-112.240424616 1834.54479021 2211.83611197
1371.2152381 1958.46109477 2196.56386707
-141.570179523 1882.59588906 2202.77127042
-614.175645652 1479.12124482 2219.30744833
818.501898159 1860.19046241 2249.94945235
-180.792302938 1738.53639666 2176.93279134
1457.8281284 1993.54027114 2207.39344068
83.4848880195 1654.15658823 2222.34801475
1202.58461504 2066.07332687 2230.81656143
-205.673863296 1133.51422217 2198.32617661
250.714973774 1778.88875247 2219.75520379
1007.17740596 1867.16003262 2247.01961034
-160.090449161 1417.65817917 2270.58222175
-111.175032844 1667.8662965 2247.21442992
-124.376142712 1508.6396797 2281.23196427
-110.521967348 1183.66925413 2236.94130162
313.620594405 1762.69967017 2270.71655417
830.490180006 1974.9950275 2257.35636652
-531.824027558 1499.12327759 2274.23282783
-1047.29185192 1142.97432958 2220.49150783
-92.7072657372 1414.04734492 2242.57001504
596.360812601 1906.08030872 2277.86152532
-428.58185466 1722.65805831 2263.52068434
-176.818578734 1532.12359096 2244.45131254
788.555193776 1862.43806576 2285.8194682
-542.512191535 1292.28003534 2254.27080266
1111.88446344 1640.21399503 2252.73242619
-260.154777235 878.108432329 2273.54792816
1057.70569048 1786.96692708 2242.87245682
110.863464898 1506.78064842 2216.16077352
348.402745454 1723.79275785 2302.36642716
190.225888064 1556.61512903 2227.75524168
-202.482870653 1590.62934384 2273.79450431
213.680636333 1310.96766683 2045.65752498
232.050922408 1827.52622016 2261.99857737
-121.429726461 1609.65699398 2273.48826453
-61.7792152906 1608.7558924 2246.99571032
-39.2159943443 1343.68120073 2262.87016361
-7.21492070915 1720.82141737 2280.29446202
345.439159818 1457.84509946 2217.054612
831.400157189 1978.84894794 2311.46179157
826.487321361 1811.5379153 2278.81061002
-44.6749476951 1695.28012695 2274.90855231
593.397372969 1703.98242654 2324.893146
-284.083655787 1572.36520451 2319.10871096
-174.166701228 1011.46889676 2174.01548761
437.896151633 1784.55848533 2278.28324448
-264.495553544 1088.15864895 2277.68723119
304.20509384 1499.1978797 2289.71603819
37.9481304981 1204.52256145 2249.81722504
-79.1612000447 1552.99197031 2292.91362606
79.3470284356 1908.08510913 2309.12908474
-213.137511717 1563.65495911 2180.38274443
256.675272834 1674.93349964 2274.53033702
795.138303117 2003.86652831 2324.94649168
551.207381751 1637.02307536 2287.8874591
157.322792013 1546.84303698 2181.79312303
756.155748757 1763.5145815 2326.99447291
604.383751062 1901.70047135 2334.26167757
-125.959238818 1868.66445096 2279.64955196
980.537529781 2013.44744602 2281.14102552
219.915512442 1876.54802966 2300.49334775
991.011614712 1645.62087619 2260.69797446
1172.49919634 2042.10496523 2326.56761887
403.519347032 1933.1798265 2307.68010848
-236.538907718 1638.49211745 2271.24678905
1021.24738086 1770.83308218 2314.42014898
1179.02285033 2016.95392262 2321.39709175
942.756253071 1677.18668643 2322.70710422
-112.825515357 1544.97343999 2279.05222435
157.810284291 1594.20781113 2319.70145687
544.519163356 1671.55347801 2257.08592913
590.427163983 1552.92608844 2303.89143496
1031.44066305 1888.31624466 2290.48814194
-133.421873036 1569.44716996 2259.49303821
214.237033253 1942.38591378 2340.26860811
452.559196283 1822.06773016 2322.99340676
1801.42437416 2147.88835768 2334.37926843
106.03821015 1639.36178538 2299.97776263
659.247898188 1543.6399871 2285.96340409
664.782274786 1792.25739999 2333.07103968
405.256610418 1616.51569444 2318.2638239
14.4867425953 1700.54371262 2281.26253301
507.51449971 1778.231519 2295.65151466
1031.98759894 1855.25755929 2330.62058487
1468.34958863 1976.92895877 2327.76480032
104.086875648 1653.77274437 2328.63829686
-116.111727902 1897.58220524 2345.91663216
406.452288922 1555.79291667 2327.094959
743.967610203 1841.15931468 2331.24373965
1933.74371842 2197.98012413 2322.99097021
-130.065267726 1609.07981789 2325.68234789
355.93219104 1834.62003822 2304.02666238
-41.0538905749 1597.72669664 2321.00871003
-81.2683302109 1549.97699974 2326.2310992
401.898433165 1561.81731569 2287.34402708
-7.42261465088 1731.31527569 2328.36338098
190.895979059 1902.884516 2325.29213318
1078.13538579 2056.4555128 2338.02964974
811.384943536 1973.75511078 2329.44198451
-92.9887195274 1611.57743863 2321.54348087
402.037060486 1582.72326121 2332.74770752
756.537202647 1977.27228807 2323.50721925
1189.60880136 1846.83155547 2345.92090917
1088.16516862 1876.91633859 2267.80924721
-83.6789756542 1674.52327956 2345.7177574
1556.98654653 2113.66605015 2302.54016735
455.622957237 1986.57049854 2314.79880919
-89.946603364 1735.61797271 2272.17248361
986.660645688 1801.30140389 2340.52485511
-37.2841802729 1788.03526581 2334.97000673
1707.69239995 2142.91176226 2341.63288978
240.418816787 1992.36827047 2339.61278486
1628.71639329 2170.8412589 2341.33158998
518.159561671 1544.4275211 2341.38421748
601.310730099 2044.27201205 2294.27844856
107.618838966 1929.12095132 2337.2529196
1477.68902096 1867.01893396 2100.62216135
1711.71641835 2074.24492395 2328.50520239
457.207441884 1718.65885587 2240.1198476
1015.31398469 1937.65509954 2343.71240143
1593.80665078 2041.25364864 2279.88579369
1134.93781614 1906.6026083 2350.22273446
944.83352683 1841.83976775 2339.09140539
-40.9649830015 1687.76396668 2343.2122834
1638.74366836 2074.31508193 2347.42416257
1329.32311405 1987.31244055 2300.44676295
1586.04545182 2082.49842071 2328.09075603
1423.33222911 2006.60148993 2320.63631716
359.810087437 1469.42174202 2332.03316331
244.381971516 1950.41991511 2346.82899554
1444.40847312 2098.4141136 2351.57764085
638.507463056 1794.48432716 2271.33863506
-45.9855957845 1505.03812307 2333.07842373
-31.8826779687 1593.28833557 2292.91365394
1872.52015558 2157.45245353 2356.73094965
158.073620657 1699.41900999 2330.6120845
1341.05461974 1857.55951246 2307.72376753
315.94342809 1977.39099803 2328.95770026
1920.43191695 2255.84299586 2359.99031546
811.674300933 1740.06918469 2299.3659228
1382.36591294 2028.15024104 2326.1628769
1155.53786353 2019.44824071 2363.30016097
2060.25134661 2246.99821467 2361.66656566
1798.52539564 2153.95611773 2305.53827528
1100.85090538 2016.31307789 2300.35400177
9.45705443723 1777.92271669 2355.69640964
252.907777484 1957.77763968 2349.26104646
1413.5009292 2017.07357832 2261.15609899
956.296741946 1889.42798424 2316.58602044
1095.18693085 1976.6751173 2354.98826707
555.329579736 1917.22246157 2319.93520456
442.048082214 1897.63938333 2347.81817961
554.980136041 1848.20940428 2311.93674632
1566.77773816 2137.44373293 2363.04473612
603.873679434 1990.08028353 2364.59034307
1246.66695836 2065.57986513 2316.76552666
49.7347351737 2035.64152733 2350.86556296
603.746233592 2062.61366602 2366.58810756
83.8043871259 1761.79355945 2367.48863012
1190.34861006 1953.92520059 2353.25394625
1522.60053232 2089.20979219 2364.41891895
-129.005713618 1620.77522589 2304.47102614
225.139067651 1715.38435941 2359.7407401
197.343153083 1684.50196425 2351.03283963
1879.51436893 2217.74911019 2350.64088221
253.620611836 1647.27958423 2365.70238336
1143.83287636 2062.20873886 2305.84211764
753.720952782 2012.41916439 2359.38032884
62.4037788405 1569.74151105 2223.74459185
1359.62766177 2080.98348271 2350.5551061
1199.23177315 1938.66898563 2314.04013962
1143.52130085 1954.08672066 2315.6978399
1727.35132213 2094.61781308 2314.59874907
786.511020815 1922.70263316 2364.50977022
-43.9941053376 1815.97985139 2352.96181976
1.87829568148 1952.55912186 2316.83962124
80.0578579619 1968.44659699 2349.39772652
298.647856104 1897.2822806 2312.68389078
1247.45132109 1956.53598389 2358.31115433
113.151666884 1815.73611532 2348.50640827
82.3276278744 1792.35937735 2308.3249989
1341.18290397 1942.35450803 2358.4978469
702.929908174 1897.53614595 2342.70217864
154.126132124 1696.1553677 2319.30265617
1811.72362911 2102.49742277 2262.44188441
1831.22727787 2142.69447249 2362.51952967
945.7953017 1999.1517235 2361.21517924
710.865456915 1926.9204874 2317.91741069
211.853660876 1859.1190147 2360.53771764
1145.42206218 1888.12509273 2308.83437868
1589.45924038 2151.942692 2364.13912019
1761.73363451 2127.31362569 2362.1955139
639.272693299 1908.37835724 2347.70174399
1830.69294189 2217.8786864 2356.89262135
1048.85268739 2076.39985897 2349.39518536
1391.59809728 2157.64107807 2366.66248211
1619.92941642 2155.15495711 2365.72330574
1196.28703069 2159.27204352 2362.40205924
1833.8657675 2214.05184576 2371.3696434
1197.18061079 2087.8697105 2363.93564895
208.418653792 2052.82382241 2317.19673919
1814.66549026 2156.51430737 2366.2627528
1098.75776658 2122.51619835 2368.43350435
880.204753579 2082.08769636 2356.39736809
1786.0950508 2115.73596582 2369.61751755
1397.61442065 2131.97930905 2369.18767591
2106.73291864 2268.14894403 2366.57968439
406.645634091 1784.02675113 2308.42574879
1144.10708519 2113.63645428 2312.12794257
1596.91689296 2093.14381342 2362.89511053
1339.09911867 2094.52184668 2355.75960943
649.503169025 2008.75465394 2352.50733028
448.913902493 1695.83835452 2265.79237075
1653.99591604 2050.41931751 2319.53285274
1831.6886525 2216.04311429 2363.71546755
1638.74257722 2189.88486948 2361.88316938
753.907723711 2046.7899935 2352.03130326
948.802007171 2056.73970629 2362.21282246
1282.68182986 2123.59273111 2356.46291279
211.173016886 2020.37123199 2363.12016772
1367.78675727 2156.87921777 2363.608314
1090.70275673 2003.8075907 2316.92693339
1113.13298629 2063.50728775 2318.20475011
901.225376589 2014.58000384 2316.21301866
2021.88097615 2189.05941428 2317.41711605
2100.87758757 2258.31190351 2356.89311442
1617.17407022 2174.78453437 2364.91350965
1702.21171096 2103.92031627 2346.14248668
1234.15980398 2008.02796625 2367.8135187
1738.85659012 2098.96125944 2362.33042905
1922.67476199 2181.96737975 2346.72548703
1730.93756999 2150.89240948 2319.20442703
505.448191169 1867.42787912 2307.18197588
1539.99523387 2159.16203145 2358.44684657
1736.43087706 2047.26882449 2363.99146028
404.426343886 1809.90035548 2368.88165829
902.350636907 2073.62844109 2359.39056441
1934.12973264 2173.29259586 2357.67769939
1899.43390431 2165.85483054 2354.40358605
948.370111443 1874.47195223 2358.20112184
1398.65261045 2187.19437046 2367.31317981
1107.48364979 2046.99821068 2307.88521634
1318.81472475 2122.08733994 2321.28025999
-96.7710841058 1978.32964979 2369.61726997
1340.65850669 2061.51513859 2321.45894738
1299.02749336 2035.09706423 2356.16194018
998.172553968 1976.0143431 2366.2362475
1194.54479354 1901.20973333 2266.29548536
1397.79121789 1967.87889732 2350.53586901
1148.43109524 2032.85390594 2357.83343803
1245.82218685 1959.587307 2269.4211023
1838.25937893 2167.74384247 2326.4575188
1586.01953051 2127.01202797 2370.97069648
1434.87347249 2054.79247799 2366.77197424
1483.05011908 2133.04546624 2361.41615717
-99.7772809759 1648.62829044 2369.68060769
1338.45879873 2111.80317474 2361.34803988
162.034874825 1870.11183496 2353.22116101
1295.20968791 1884.5711645 2310.42364881
1145.93199474 2057.50072466 2361.08099762
2008.31006346 2221.12608565 2369.88453953
744.662770935 1900.24500223 2326.60277541
997.426687945 2068.89454427 2323.29518346
1367.28068574 2041.54920375 2292.50037912
1493.79236032 2049.95634801 2313.4149735
1964.55999974 2213.35555934 2375.41014901
1098.69749403 2055.3789072 2367.93163864
1877.06425019 2147.37861198 2321.37819351
2162.02019924 2257.94008113 2374.67838331
1044.98843485 2068.39376995 2353.37998028
846.173679653 1894.31759808 2369.88153729
1687.48696687 2215.26253026 2355.6743524
1641.13432876 2176.69613854 2359.36703787
2010.45249291 2168.51432063 2321.33397447
1687.98601399 2188.46534294 2355.6416784
606.24748101 2036.914462 2358.26670135
358.150750411 1847.87549429 2364.27814593
594.644559063 1900.52713415 2313.00327683
1563.85527504 2112.12418711 2314.37459701
1909.93014685 2234.04699613 2357.4704572
1500.31976803 2047.60367308 2277.40954197
995.673108776 2029.15749165 2353.7209949
1789.54510607 2162.37742428 2354.94778042
1595.81812141 2155.01403229 2360.87744673
408.736391596 1734.91484244 2368.51487853
1590.16663315 2086.51889494 2362.31667473
1049.10515736 2092.140604 2370.27900664
1391.7358518 2093.67210785 2317.76390935
507.258468794 1950.33454194 2319.18515357
1396.9706097 2137.60828423 2362.23840157
1345.19185665 1981.75793435 2358.94239878
1873.48966886 2235.91806953 2355.07697004
1515.79554605 2134.48099102 2305.72084236
1757.91768433 2144.67619752 2357.61809405
1929.80089437 2256.10959494 2359.25994231
581.095325554 2024.6514679 2323.03480559
1188.4832023 2043.80004305 2366.59350271
746.963557238 1766.47200815 2262.691285
1240.31226107 2043.43441847 2309.02538811
1345.60968342 2168.70909206 2356.67575464
1088.86243733 2147.4060484 2350.31331683
357.689733474 1786.47275166 2308.95417255
1785.44711601 2145.29811298 2360.37810383
1952.11762832 2208.13502917 2311.63386009
1578.74915089 2068.334583 2357.92623486
1814.41654842 2179.7278327 2364.73941079
1905.30205032 2202.86508647 2324.22027852
1954.05903572 2261.8108325 2366.71687525
1039.24862954 2116.02220556 2359.579059
898.196496893 2059.10315095 2365.1197754
1763.80150666 2192.09035055 2360.24320091
1813.57661201 2136.23447708 2359.88706558
1879.27455291 2214.35354024 2362.70956786
2123.32531724 2252.23764802 2360.90745277
2063.06123278 2275.02992832 2372.68087437
1774.35849291 2245.3336696 2369.88475078
1901.14960315 2216.90156023 2357.62489641
1881.56472099 2225.80811674 2363.70632093
2009.16713248 2207.03750336 2366.6713565
1581.39823478 2084.57223087 2364.92120236
2199.29344577 2265.2460034 2360.37426435
1936.31458967 2211.6686877 2362.31647457
1926.91992301 2211.02782354 2357.06644195
1838.09795122 2263.13850285 2366.58844494
2080.21307656 2227.58361032 2370.68123721
1975.67712533 2237.70578359 2369.24630643
1911.51981013 2232.92682113 2367.92296258
1045.99883934 2124.56979443 2364.11387937
1144.02046062 2169.31995152 2362.79748756
2078.70079994 2276.09841647 2371.63689165
1530.17960477 2092.19577847 2365.54003832
1534.61517742 2132.42924651 2368.85778219
1781.18892169 2142.85171517 2367.96965616
1838.6383373 2228.89959691 2371.59732633
1538.72299043 2129.7809614 2369.83580384
2013.93627355 2268.53315505 2365.81240314
2025.68701259 2253.58059603 2367.84754498
2121.05742415 2265.59243192 2365.82334528
1086.50585742 2172.34010115 2362.17541194
1981.19169029 2187.51070535 2370.52176861
1914.88718657 2197.64667762 2364.07554618
1880.19756581 2259.91331118 2364.87689688
1835.75824722 2215.97439549 2363.16161542
1544.38075065 2185.3640744 2368.1150147
1817.51775958 2219.94439787 2368.50398388
648.089321145 2020.14780396 2373.29436113
1483.4877911 2151.54102851 2372.69020669
1199.2089355 2108.8310662 2376.83020166
757.440419575 2053.46130679 2372.12472316
2114.04666427 2271.94594117 2319.53883364
693.620511743 2027.73829138 2371.51582656
757.036759082 1964.76461155 2367.64980382
1042.4597215 2172.24805539 2372.83208152
1861.60034775 2229.6040285 2363.99669684
2031.02119995 2232.07621293 2343.26243815
1740.1023832 2226.71898311 2373.24786195
1791.84432533 2152.320903 2365.75455448
1693.48397805 2187.70103989 2374.22769426
2125.53449433 2257.59422067 2360.49525348
2160.46192973 2275.53872695 2367.56384219
2010.70089295 2188.61511338 2376.09695567
1287.30778201 2185.08879581 2371.96997747
1239.10261663 2150.10386589 2377.28236519
1493.47861305 2209.95446918 2373.26453522
2162.35639587 2252.45672741 2365.80381948
1400.32906784 2146.20656986 2366.74172684
1786.70580177 2216.3531647 2325.1771108
2069.44970593 2267.78407002 2374.72644867
2167.61142824 2235.14289084 2316.01878375
1692.02483025 2211.91337741 2370.36863335
2111.81602747 2312.4948405 2374.79853313
2165.8377958 2260.29771459 2370.37210012
-115.414887359 1984.49090005 2369.9911589
1685.03764081 2183.78486445 2369.77731778
902.70700153 1984.2578513 2369.96729071
2001.47867119 2263.99177983 2363.36409392
1447.15419329 2107.52531137 2371.0080686
1396.58572837 2072.9533436 2371.3578374
2011.10419761 2284.66640528 2370.73094654
2115.42662735 2267.81427284 2362.10755439
2215.18234054 2306.76741813 2366.22296301
1492.17894332 2193.6595176 2370.67734496
1587.41085499 2194.31002572 2375.45240483
1133.28412705 2086.09095161 2371.5090144
2070.24013917 2265.90087107 2370.90952554
1918.5854045 2213.6947303 2365.57264572
1987.16711098 2209.79023786 2370.22406775
2034.09499664 2249.50923516 2356.8807947
1445.54278703 2204.01008379 2367.1623111
2166.68400634 2279.43771478 2370.04765883
1982.52953593 2265.05214583 2369.09746269
2083.45725584 2278.07058155 2373.9447439
1827.26692276 2212.04710659 2374.10327501
2038.41565264 2226.65131346 2358.69766425
2233.20379033 2294.09090836 2377.73565521
1788.41212184 2191.49874391 2372.82320778
1840.64745192 2235.89808583 2326.44331176
2087.91438327 2244.68638933 2374.12408616
1936.92959468 2207.09974767 2327.5068033
2183.60553778 2268.40051153 2369.88497614
2170.30526985 2291.10504782 2371.61317654
2109.57062004 2256.22960248 2373.16580092
1968.37015851 2254.0618714 2366.61000029
2109.23754674 2256.29965993 2370.01528881
1887.08240172 2237.14908865 2373.34753096
2082.45596219 2285.5762915 2376.55067534
2038.98472523 2251.13262997 2375.65417426
1151.10503694 2143.23187765 2362.05606428
1933.22618603 2280.50605815 2374.3343789
2074.29850324 2279.68669867 2374.31665706
1982.80634198 2235.01059961 2365.8092526
2172.84121528 2285.86774118 2372.63773568
2082.33025176 2255.66568423 2368.89015952
2215.32002782 2294.60400535 2368.53722374
2132.46293134 2305.24155712 2374.46020325
2069.67200357 2291.12867296 2372.01886514
2136.20223853 2264.23177501 2367.53241444
2225.73526843 2296.29093328 2369.61000793
2212.85908021 2301.98258528 2366.9416503
2070.1332039 2231.26208637 2361.00939819
1635.29987389 2162.26776368 2323.02758322
1955.93903017 2255.6544799 2375.37707718
2219.42929236 2305.35228032 2373.9947668
2195.06664205 2256.69054519 2368.3543106
2126.68203866 2298.66901252 2369.43687634
1891.03607444 2269.00212014 2368.79434356
2167.93539537 2298.36986335 2374.67020594
2126.12080796 2287.32766796 2374.88333233
2079.31773067 2241.2157619 2363.0841003
2174.1600673 2257.04305578 2368.98632879
2130.18635506 2296.5986805 2377.94115714
2169.00924154 2262.51434227 2364.78056536
1984.34353465 2296.98243017 2372.96223624
2265.50620937 2331.40971711 2377.32124892
1987.56132023 2272.5560403 2372.47016887
2115.89343518 2273.9663161 2371.84833797
2207.47973994 2293.65865704 2360.0759766
2168.95837707 2285.48754814 2370.20285359
2218.65216333 2306.01106769 2373.12483086
2129.45331809 2265.47748579 2368.62736706
2213.50647009 2279.9527144 2317.99150263
2079.00033436 2247.85541252 2371.62811578
1935.08386457 2293.92302028 2367.48891332
2221.13811982 2307.28966105 2376.64289454
1888.4449738 2234.82878603 2366.96774721
2215.73306642 2295.51171921 2370.48524787
2219.13603805 2285.4002837 2375.78933635
2081.02821209 2287.5231921 2376.81026247
2220.27257714 2288.30751008 2321.53996533
1738.18437046 2238.96601844 2373.30039893
2216.30008759 2280.08851204 2373.70264697
2267.31759223 2310.01529485 2376.09001325
2016.68480756 2274.8436903 2369.79523023
2112.27945498 2248.34075705 2320.86924259
1929.27152469 2275.67617919 2376.9781187
2164.99551711 2301.71539381 2371.14276784
2127.79929269 2269.69541614 2379.37241824
1904.51716036 2222.68840194 2370.86783411
1639.40958692 2235.44838253 2364.99044096
1933.6429298 2262.68418741 2366.40383711
2265.88734428 2316.56511564 2371.83353414
2159.96486627 2292.74689041 2373.37411338
2023.78678505 2241.74455618 2368.62904209
2037.14729479 2233.04686371 2365.21292181
2077.3571812 2264.44318258 2366.76794682
2105.14568502 2280.8253124 2369.37383279
2170.73335292 2273.1040629 2369.16234468
2130.02673225 2292.20401474 2372.00566892
2171.58239353 2308.48155456 2375.8065931
2217.24025139 2277.04020571 2368.08599134
2085.2096629 2264.02266371 2370.91479321
2159.92890712 2300.09474114 2373.1213715
2067.09217095 2262.64409262 2377.80148716
2266.66295182 2280.09543169 2321.04604119
2165.89434405 2262.06785496 2325.11841881
2219.30995959 2294.18762752 2371.8980986
1791.30553716 2247.31187845 2377.6829389
1982.35954184 2268.61456388 2368.66246338
1984.5328341 2248.78784893 2372.07429307
2130.53889438 2253.45580434 2368.48770029
2172.13076505 2289.30911515 2366.36505789
2124.70080101 2257.66668164 2369.66694293
2036.84728186 2242.8388054 2373.37243213
2221.09973219 2292.55748199 2367.15283071
2034.3122574 2259.61947901 2369.64353926
2078.91363848 2271.29304493 2370.99588895
2117.61212866 2241.15607672 2325.28693878
1893.24356213 1952.5932826 2011.21960902
1856.77402617 1935.53730834 1997.18091792
1787.23523518 1940.39081677 2004.19427582
1849.14543266 1939.91994857 1997.48719341
1863.66066051 1934.42912643 2008.90285739
1779.1407291 1945.68784955 2006.03783804
1857.74833236 1933.98228304 2013.10838773
1858.44743385 1927.8264275 1998.71978417
1861.29292852 1935.95485772 2018.08225704
1807.21545866 1943.03374655 2005.00795446
1779.56607169 1899.35418697 2012.80605261
1858.19154635 1934.78812011 2008.60666691
1861.36019405 1946.18097982 2013.52776243
1796.55392269 1928.64079801 2002.25711291
1763.79094817 1917.58274362 2019.92372995
1804.56379678 1942.36572599 2006.4914337
1900.88554586 1934.63886146 2018.05696349
1895.37551209 1959.81498116 2013.92887569
1869.63347913 1948.35710663 2001.85887519
1794.36442721 1938.1811531 2008.87577149
1675.34139982 1911.74934815 2009.90976566
1831.94682911 1938.55733227 2007.73101356
1767.64519473 1910.21297554 2001.3540718
1815.52102329 1926.26605761 2000.20806101
1860.59252899 1938.79271722 2003.98110867
1852.68082941 1921.66202045 2006.05378509
1894.22202403 1973.98384048 2002.30944059
1858.38121544 1952.06794089 2010.96085344
1722.56376496 1907.26388911 2004.28642254
1861.96647182 1968.85707068 2007.63669951
1854.80978444 1919.24947753 1995.45070951
1894.40857299 1960.34296637 2009.62281922
1853.27248441 1969.36619966 2011.49441829
1897.75913147 1951.57516213 1999.70511064
1803.05320019 1930.00623058 2004.63520893
1895.14555449 1953.64643758 2006.22332927
1810.67081764 1934.55921622 2012.31007092
1851.74631984 1954.52232924 2007.5942621
1819.62777767 1927.44588559 2006.56471539
1813.4418383 1917.48585116 2012.94502042
1818.40453036 1933.99981511 2013.46906336
1809.01954917 1885.24284776 2000.22963167
1822.66593372 1934.77022603 2003.87714238
1808.7268343 1944.10595456 2009.82845067
1817.34919004 1933.04325083 2019.63740865
1721.84953139 1896.77934052 2002.19413147
1858.86582637 1931.54415537 2005.37666025
1873.13944771 1957.73881707 2006.23967722
1802.66361333 1935.20672354 2011.49986565
1841.58068356 1932.84420768 2009.4986912
1904.78095985 1954.60332961 2003.97007209
1806.45130261 1914.67960653 2011.94094026
1758.76753878 1915.81995097 1993.73758806
1852.31610699 1919.47464721 2009.95241294
1821.93508108 1920.43861357 2008.25109279
1816.23872985 1951.42085318 2011.95581517
1817.37539397 1908.85183442 1952.83231099
1822.87092245 1932.33406369 2003.74118096
1857.1922177 1927.46242536 2018.84042688
1770.21625663 1918.72646953 2001.5896128
1908.54135511 1967.28456572 2014.43824009
1895.83209101 1950.04728934 2007.72859858
1718.66124724 1917.72798281 2004.62258028
1626.90607059 1930.8781129 2018.15432385
1893.58611712 1963.60543232 2004.25258327
1773.53000479 1909.49725222 2002.21833996
1765.77400672 1934.23584531 2004.36685924
1864.37604714 1957.44318306 2019.2225933
1813.05133153 1922.90059413 2007.81494262
1854.5147546 1952.04678415 2013.10651267
1868.18334691 1946.19069493 2013.93265476
1819.0339162 1947.7355857 2008.59872323
1682.89571631 1914.37220653 2008.4711531
1761.74997634 1911.17263915 2006.89048797
1719.37316708 1918.95726064 2020.79823878
1730.82912938 1910.12153756 2014.1700234
1854.70108089 1946.67450553 2013.21047945
1733.35138054 1914.83642172 2019.48455756
1859.80666942 1926.10539233 1967.9741913
1761.20751834 1915.17621416 2015.01843095
1879.97407023 1945.96872531 2012.02995195
1810.6287607 1934.526666 2010.94816774
1866.11724246 1915.55650194 1959.65305469
1729.43740372 1896.60011444 2018.37165064
1905.35374123 1945.46287486 2003.94620984
1718.85879195 1924.97272005 2014.38767855
1670.79723817 1910.50654553 2007.69821173
1768.80289944 1898.23975495 1958.11625821
1724.71259352 1884.63820695 2006.91174476
1827.84210544 1948.62178985 2009.85352117
1660.78104837 1914.36197693 2001.17434492
1805.75998686 1926.02160695 2009.58795936
1822.30512913 1930.84492223 1998.52943324
1866.87128403 1946.63466013 2003.41246822
1902.42657774 1964.65098547 2011.80913231
1792.86217465 1901.36935813 1992.16954315
1825.65346059 1921.55708918 2007.15075058
1797.47351368 1933.37050887 2005.18262299
1796.16122474 1926.33653166 1998.45594103
1749.04899114 1934.28212453 2006.86924728
1854.80897953 1957.45915863 2016.21023023
1859.88185456 1941.4822543 2001.90632365
1893.22605426 1975.76684704 2014.38143238
1908.99824458 1962.54140799 2010.22910611
1870.37407611 1946.11953001 2006.6514606
1900.80730344 1955.48265809 1994.24855378
1856.07781044 1950.53089998 2011.65718163
1813.29695732 1925.32519061 2004.29160315
1798.03474478 1905.79090432 2009.51397887
1902.85540182 1951.35414407 2008.6398797
1912.09126088 1971.18642874 2009.98592759
1866.27896126 1969.39261032 2008.25706791
1850.08946665 1958.94994774 2007.98833925
1820.42537938 1935.80060532 2002.61041747
1806.85428295 1941.48431875 2009.15129812
1785.31249357 1922.21171663 2000.95257732
1850.42949331 1943.36965009 2012.98880231
1816.31836619 1959.42380742 2009.75029555
1854.77560947 1946.76702728 2010.98960199
1818.39442806 1937.39861877 2003.84082725
1830.12149528 1931.6575718 2010.94967657
1860.00045575 1951.59741194 2016.07998923
1858.39358166 1954.18530441 2013.00942644
1838.4905127 1944.28325305 2008.21626693
1895.37497382 1972.36449524 2010.84755854
1811.8381782 1923.96396113 2013.68792517
1680.07546198 1895.09813944 2012.88890028
1777.65174972 1930.38636381 2009.09289508
1632.80423173 1905.04848775 2013.90359542
1851.20879981 1944.74420067 2002.2759257
1857.64108485 1950.31611906 2009.8388523
1491.04761992 1879.22455325 2002.62730327
1913.9846441 1963.83185142 2005.63831503
1809.82559724 1927.71497557 2014.8171046
1867.59912559 1931.08662419 1998.92384309
1897.62051436 1970.25149435 2011.48446477
1811.66048207 1922.97686908 2000.51257209
1850.957897 1923.84245861 2003.47873588
1911.65329491 1953.6476861 2008.97805813
1760.64324733 1917.02698465 1999.43876609
1867.89338249 1954.5615572 2010.78392847
1683.09328705 1925.15012479 2002.74904348
1848.02799111 1937.25205658 1997.82150235
1839.7771798 1931.5334126 2001.41565909
1887.4324494 1983.50875981 2007.71845199
1904.09342523 1967.7474643 2005.48100687
1872.03975959 1973.0846424 2013.85155628
1874.78908823 1949.83527778 2003.68206405
1774.33646726 1950.79314329 2007.68840773
1816.03469702 1951.22864365 2009.99061107
1839.46420785 1955.91560991 2004.4337914
1799.06815368 1938.7868563 2008.83019567
1903.0379239 1947.73374477 1997.0320109
1810.93582534 1924.47635812 2005.02186182
1858.6047939 1938.32324817 2000.48115716
1817.66892508 1932.2500293 1995.32470034
1722.27877466 1940.47681384 2002.51037674
1772.3575356 1903.0767755 2001.86744964
1858.22385942 1972.37334202 2014.37161004
1845.49928179 1949.73198555 2006.62445545
1903.70418696 1966.62413975 2006.41907126
1816.5573142 1947.89903386 2005.87812734
1842.39083432 1955.24241351 2011.09576639
1860.07897809 1924.04724711 2014.71956402
1874.85034895 1956.37285581 2006.57314619
1639.47615746 1912.6535051 2006.5590164
1675.39890799 1862.46720617 1997.59815844
1901.99688628 1972.18401968 2011.14570007
1721.66831312 1931.03407278 2000.44589377
1772.58322857 1954.28526579 2005.64291392
1868.78583148 1936.20926502 2013.37559242
1844.9938971 1934.70590278 2008.85630237
1849.59442659 1939.8233064 2018.75340281
1904.56271544 1968.43961912 2013.383555
1854.21498019 1950.9499956 2008.54839554
1901.43263224 1952.15525568 2016.71879404
1542.45619988 1911.69574107 2007.78505113
1814.27422037 1962.50115373 2010.17329927
1866.94453458 1925.50074902 1962.27645462
1910.25675678 1966.34891683 2006.79897176
1862.99156347 1943.95510417 2003.10902355
1806.34613417 1914.08221083 1964.09270197
1904.07195471 1952.7921952 2001.58715295
1861.35704829 1926.17260635 1999.01608678
1804.2582747 1928.99642358 2004.33900736
1819.9539377 1955.26017865 2004.6197723
1727.7765857 1921.97960802 2005.9640912
1903.08188873 1951.55520178 2000.77629042
1889.05039942 1948.42151238 1996.08280099
1913.96172444 1979.08349533 2013.36902953
1887.17625429 1954.2410399 2001.59433529
1855.06364208 1933.95228973 1999.54410658
1768.79947304 1923.69517961 2014.59231286
1812.46486445 1944.15127552 2011.10322566
1811.83131634 1926.21730911 1998.82342074
1905.07626202 1947.26121719 2016.72514135
1816.88762287 1937.85905971 2011.29498775
1814.90569465 1910.24599521 2003.91995029
1777.2058749 1924.07069547 2000.87348473
1813.76253841 1930.78575304 2013.37041618
1815.25213675 1927.39376924 1966.04499174
1831.17838366 1931.79750615 2015.17772488
1772.95067326 1961.2638473 2011.99928908
1830.102899 1914.85350921 1996.00895561
1931.58027826 1968.63034868 1999.85459969
1870.11619957 1937.07142549 1992.29419867
1815.02517432 1932.32460674 2011.94270392
1810.65111937 1952.19354944 2004.05149107
1808.62754244 1943.55302428 2007.21446189
1864.85993615 1936.67663461 2011.26689421
1815.63716992 1932.82140466 2003.81632894
1771.51233309 1924.5772359 2014.72579727
1870.5855972 1933.43950624 2007.58739978
1870.89092964 1945.85037124 1963.30592148
1865.34465024 1926.12572167 2001.29908385
1905.02071245 1964.33931561 2006.37400919
1731.40790229 1906.48757699 2004.03563711
1779.17570217 1940.1876513 2008.40659517
1896.3309764 1947.71223749 2011.28249431
1809.66051693 1924.91403336 1995.21180694
1906.60091356 1943.17866612 2009.41359388
1856.37150944 1941.31085661 1999.07834013
1864.21288371 1944.56886677 2006.06966957
1813.46398615 1903.03143361 2003.97920966
1863.47161437 1936.59494063 2017.94682478
1786.77320861 1916.7262353 2003.92828103
1916.80825235 1975.96885877 2012.809181
1852.66066431 1936.72105758 2005.89715499
1776.52048725 1880.23083012 2009.65897161
1845.03092739 1935.21582955 2022.36796442
1760.22312492 1937.42771815 2011.4224814
1816.93738308 1908.46291995 1967.81256783
1723.91356104 1892.88702418 1969.74847361
1826.5181652 1939.4214267 2017.70219691
1536.5211367 1893.35157096 1967.36826455
1777.73636385 1905.86308879 2014.54220985
1862.84249343 1946.18568123 2005.02431836
1730.6767994 1929.93472621 2003.76895473
1773.31015391 1914.46991883 2002.21128166
1830.53623634 1923.90465451 1991.40189062
1886.96706374 1967.32223577 2006.68597777
1776.86989307 1939.14265739 2009.80640286
1860.33651161 1943.177648 2001.50341881
1902.40078423 1958.23414991 2013.92274538
1858.01691499 1941.60508162 2006.60812493
1768.73751965 1943.57399883 2012.7322899
1849.72933542 1933.98436681 2016.244396
1773.84515759 1920.14770095 2007.62676175
1901.31433416 1951.73551165 2005.01423717
1864.26676537 1938.17888764 2017.00381393
1808.04576424 1942.62357039 2017.09040865
1808.5319809 1945.81430331 2002.4996014
1673.43556172 1893.5445511 1999.16343003
1777.25865923 1918.6643204 2007.27205466
1681.80081107 1903.43008663 1980.37928064
1776.98122503 1889.88234062 2002.19857419
1857.24079619 1945.85998772 2001.89070609
1857.02309663 1942.31754561 2011.43910308
1773.4383042 1919.20938537 1999.61960973
1768.27873422 1905.9751435 2008.07069271
1816.87637538 1934.91952858 2008.80944876
1808.77423338 1939.39162624 2015.17045397
1776.86473126 1900.89935628 2009.39040047
1764.92153714 1896.75748116 1962.07481602
1870.9805483 1959.06880778 2020.74936987
1769.64724387 1928.45518884 2012.01922978
1865.16321758 1924.21746367 2012.66035503
1819.2323019 1921.33336935 1975.47755096
1715.95433126 1876.92736867 2008.66089229
1857.08142865 1921.38479653 2014.98703192
1899.57870742 1933.99426725 2005.94698172
1676.23473769 1874.19788037 1987.77531242
1723.41644167 1892.76158966 2015.55088093
1806.0914528 1897.02520229 2009.16336231
1668.66777485 1927.3309369 2003.81415994
1823.51652644 1885.59646147 1965.24788196
1827.28407236 1944.69010892 2014.32221273
1770.40767741 1911.2095965 1965.96137151
1813.81267989 1935.7531936 2003.45494812
1869.12518035 1960.79608986 2009.6851807
1677.1633025 1920.03526033 2005.90338993
1727.67653935 1846.24183471 1946.61718488
1781.52378653 1900.07945672 1996.71002907
1820.00704188 1927.39816763 2011.93063904
1859.16251716 1923.00894793 1996.05125549
1862.06545226 1935.35977277 2002.513404
1723.74757922 1929.44185837 1998.6624744
1837.03702621 1954.39592975 2010.17578222
1814.98817469 1953.52871447 2005.9216242
1861.05375417 1937.18989877 1997.72933756
1813.44613129 1948.20410451 2013.98354629
1884.3027022 1956.76510983 2003.6102352
1945.71406616 1974.7978759 2009.76053901
1904.5609742 1964.90385029 2009.0006548
1817.49181151 1952.2830649 2010.51172613
1861.91944278 1938.52376586 2004.49917998
1900.53494859 1969.20000134 2011.01511627
1686.24933005 1920.73615353 2013.58680238
1854.27191629 1930.6878281 2003.95770207
1775.68592159 1885.808902 1963.34596381
1862.11372542 1955.47295948 2008.27417845
1679.57694492 1950.30415362 2008.33261398
1859.12931889 1935.69627286 2008.38861515
1768.5549603 1934.20128781 2016.56096654
1868.47243861 1955.15855879 2011.8346322
1868.59049103 1943.83413599 2018.38472848
1814.13888183 1921.75444003 2017.92140666
1820.49591724 1932.78427623 2008.09287685
1859.21630489 1947.78217194 2010.50449966
1765.35834825 1893.16485096 1971.99659359
1870.17594816 1937.70379413 2001.58919309
1867.16867791 1955.0437906 2009.61464262
1732.09823282 1915.36189639 2014.19039483
1845.16669435 1956.97979781 2012.05565523
1899.7054054 1960.3450227 2007.37180162
1733.5579176 1911.24334166 2000.10853451
1787.051487 1917.80538127 1991.77332459
1856.99679381 1927.60099865 2006.16136875
1849.9460565 1954.96828171 2003.02163707
1676.8984018 1897.06915733 1991.67014245
1814.5874539 1923.00737733 2003.08018357
1671.64302545 1918.05027057 2004.31656894
1839.55349731 1937.37801555 2003.32958976
1773.24989921 1929.05215355 2006.25391465
1858.16539491 1937.9006989 2014.89791525
1898.6651662 1942.12839575 1961.25619278
1819.30457867 1936.68913163 2007.74902944
1774.17316273 1892.4713736 2000.8556143
1907.90232169 1947.14891357 2020.43523319
1843.40374556 1937.61360144 2009.73104419
1809.67442824 1941.10150992 2010.84887315
1487.47611493 1872.64789274 2009.85231999
1857.93887015 1922.97970872 2012.28934064
1770.23771445 1924.05396127 2009.73234494
1812.17348929 1924.67303416 2009.40294872
1812.24825451 1941.35125256 2007.44809736
1862.4367751 1932.23945707 2010.63314637
1826.0489959 1947.52040517 2013.43682131
1811.29245917 1925.85477664 2002.5854319
1822.17810619 1927.89646747 2011.08025032
1806.07139382 1929.96181862 2017.79286426
1866.24418317 1932.62252115 2008.55543121
1823.05432136 1948.42601013 2010.84159761
1861.97619466 1924.16653982 1997.45614478
1848.52099664 1943.37486712 2013.04764543
1809.61880837 1916.18241401 2009.02576267
1813.55999913 1937.37708949 2007.79834561
1905.8185047 1966.45559821 2009.54189137
1862.7773278 1938.89305414 2010.58565801
1861.07223359 1936.92612935 2009.57441273
1804.42170715 1938.08670349 2011.62788261
1865.9980476 1954.6378534 2010.47742935
1904.12843662 1985.42342241 2015.82482805
1812.84938291 1896.18731849 2010.08813667
1865.05901412 1926.41580024 1999.48364044
1821.76013961 1949.57672069 2011.45487147
1859.25024967 1918.52707873 1990.60599581
1859.5747288 1939.76701677 2008.48971592
1894.56008875 1947.91120677 2010.25093252
1911.32439182 1969.51028413 2006.13523666
1865.16133638 1965.93388808 2018.82327234
1815.41083984 1936.39639183 2004.25640918
1912.94202443 1975.69893402 2017.25134971
1859.96354917 1948.06652588 2003.64666018
1858.73530209 1952.46400884 2003.58713032
1863.23543234 1954.25907857 2007.82801084
1849.6986856 1942.44168654 2011.3690092
1860.28175528 1942.25651348 2009.51011645
1812.54041854 1933.62922736 2008.7366477
1861.78341286 1938.98304342 2010.25180984
1868.54008454 1946.62396571 2008.51447877
1816.7892747 1936.35566624 2001.04095665
1847.8573246 1940.85204173 2006.22504291
1855.28001152 1965.97789986 2011.67717809
1858.37162331 1952.93835275 2016.73504464
1766.62308869 1919.37422415 2003.48965499
1871.83949255 1940.05577808 2008.66153767
1816.62687186 1940.34358692 2007.03768815
1897.24557774 1968.2995403 2016.33504637
1813.24663446 1921.70066166 2009.42869456
1819.10476202 1930.28628377 2002.08935308
1895.57994321 1946.77290441 1997.83882714
1870.12197151 1957.65463253 2016.36524457
1812.72031818 1928.46621364 2014.23566672
1874.73997519 1942.14283742 2016.53889867
1866.21233035 1938.72468195 2017.60480043
1857.13006763 1937.12815815 2005.30762481
1765.77094247 1921.57504439 2005.66187843
1815.27495681 1940.56263871 2019.60801856
1821.56807618 1929.18432683 2013.81574151
1859.08147038 1958.45815363 2021.5794499
1766.74580795 1927.16368186 2007.7103232
1873.49971561 1940.91272889 2008.9582538
1822.3495502 1934.4204807 2010.34353628
1861.90317445 1946.42215791 2015.63383327
1854.22678903 1934.20974949 2003.3071123
1767.47272686 1927.89377767 2010.5273546
1908.75556407 1971.06524977 2014.86458185
1863.366478 1943.07574973 1997.13009926
1859.85635758 1962.74975985 2009.38104667
1899.69356817 1958.57356212 2014.70018946
1869.10581708 1953.3523902 2011.27844845
1899.64497036 1969.84114843 2011.15442242
1855.72561435 1941.69108401 2005.81397585
1907.95872816 1968.60345627 2014.45457618
1859.10688727 1953.65813892 2008.85531016
1781.25117085 1962.18792714 2010.86172247
1809.34726413 1927.09853358 2005.98358031
1823.09314229 1935.77738685 2007.29507041
1806.83982837 1946.55916169 2015.92292499
1869.10525988 1969.08715362 2008.42580962
1850.97257709 1944.71214766 2009.49515701
1821.90319531 1936.33693782 2008.11207389
1907.80396221 1968.59950604 2016.43297091
1896.72473833 1946.01260869 2007.60688317
1810.12950391 1925.9455402 2004.3026616
1804.02182152 1952.66717234 2018.61769849
1862.49237558 1941.25511148 2008.12999584
1913.14737177 1962.41455069 2011.53020349
1900.27185656 1969.58185657 2009.66871489
1861.94606864 1945.5618721 2006.72052637
1856.957981 1957.38075961 2012.94672288
1726.34150721 1908.93658847 2006.52212649
1870.59881497 1958.56221627 2007.59398454
1854.43302595 1935.55350393 2011.30298437
1860.92131151 1928.82205034 2014.05726289
1840.22614296 1957.27186664 2006.39907158
1856.20412263 1937.33408649 2007.99542423
1946.21398528 1969.6101823 2012.4624709
1896.93652217 1948.49295029 2005.17821678
1904.84017684 1970.47719562 2009.48093666
1860.26819086 1945.74372601 2001.85949067
1905.23644762 1958.04930523 2012.74899037
1865.2784298 1983.09387219 2010.90439018
1804.76737586 1944.63676008 2015.13504591
1905.72540484 1959.62522001 2010.53037591
1727.28497931 1947.94201188 2012.52736439
1800.76203025 1930.25044145 2002.74574114
1834.74937446 1916.09747217 2012.62551394
1909.56797919 1960.82398492 2009.44465446
1754.88099732 1905.13471906 2001.59294356
1848.21444194 1938.17675448 2008.95941495
1730.32988203 1938.47915897 2008.43078138
1869.64598741 1930.64845664 2001.30698895
1768.53922316 1938.57775991 2018.04629981
1859.15430714 1935.37854977 2010.75261155
1872.22498535 1951.68854182 2009.69151872
1901.31552589 1969.68919589 2008.81070276
1821.45474641 1951.4758129 2001.75790373
1857.75496832 1966.07145956 2015.11035609
1780.48697124 1926.78694813 2019.27399351
1854.4822872 1921.79247744 1962.79939809
1808.25138457 1944.13996774 2019.39061275
1864.40943597 1935.3751274 2011.36211076
1908.02411747 1950.52870442 2013.97880429
1878.65511448 1945.20399953 2008.59493917
1862.85774284 1927.50748477 2007.9918684
1860.8146984 1940.08540577 2010.85080206
1775.17409953 1922.27865757 2009.56999856
1854.60689705 1951.61864051 2010.5263693
1827.24717663 1939.76833796 2022.14935033
1867.79979146 1945.2901806 2009.46659219
1905.96586332 1977.30203284 2013.78646507
1773.70080575 1934.70267295 2011.1639047
1859.72976207 1969.34512314 2024.5480672
1873.14961711 1938.52335137 2017.42321117
1817.42329543 1917.87371397 2011.66121693
1768.23807525 1944.37966426 2018.80506305
1823.00531299 1911.87193805 2006.73801501
1733.17146338 1915.77955371 2021.96245624
1822.11334609 1928.45381089 2011.43045736
1815.6340789 1924.27357036 1999.008561
1917.55317758 1964.05309456 2001.08119249
1867.01758896 1967.37902934 2014.27022601
1763.90553449 1923.20997515 2004.86350764
1778.59830441 1943.15458675 2005.52306471
1776.1186826 1924.1033019 2010.79978214
1821.30707401 1937.08163532 2008.87270401
1820.5378365 1933.23075644 2005.69331967
1874.16874338 1955.82458193 2009.6905446
1866.15786966 1932.76748473 2014.07983751
1866.14424 1966.97465083 2010.61277359
1908.52581611 1966.95156536 2012.24544403
1868.87824493 1929.04184971 2004.26345496
1906.27861071 1953.87473637 2013.65634025
1910.93897995 1982.60395965 2012.10374326
1864.83050806 1946.74538641 2017.58948155
1912.98673648 1958.68355519 2014.01346316
1852.26008317 1954.52976421 2006.96494133
1809.56523047 1884.36061386 1922.96686473
1866.01794805 1960.64837618 2006.07270636
1864.37019347 1943.86432062 2010.67615755
1907.74975952 1947.18788744 2012.67066807
1777.45250815 1940.70027713 2014.23059326
1862.31856128 1965.66919641 2013.45490186
1805.85052546 1923.12935182 2012.75222332
1814.1079362 1958.97389878 2011.32147612
1906.22914624 1967.01470625 2009.15045479
1864.50341122 1962.08179392 2021.17742385
1872.54958861 1951.25054028 2009.77347986
1820.06565402 1949.12331888 2012.39771225
1859.26377858 1939.98449875 2017.40068094
1832.69295084 1948.37775777 2006.66837858
1862.93497833 1946.45346672 2007.18114893
1852.70872385 1940.75578722 2015.06408922
1899.02636521 1941.07024934 2010.25395723
1714.39658677 1933.18734911 2015.11279582
1948.61322422 1959.18957838 1971.45122407
1860.04012729 1925.29631771 2011.78783042
1819.29438868 1932.96363157 2006.85582415
1913.43816215 1976.96064387 2022.64124729
1824.49559082 1909.02501257 1965.2734465
1806.02829378 1918.58928078 2009.19204477
1813.87182696 1960.59916529 2013.79352427
1767.35308722 1929.05815302 2008.58734296
1817.50104845 1920.0810685 2010.02080962
1806.87975415 1944.70045798 2008.40506763
1860.54779969 1951.13364446 2001.20330049
1858.62802847 1967.48014846 2016.36732366
1910.94876335 1954.61574618 2010.20650111
1860.94750754 1962.31855978 2010.93583679
1857.68627382 1948.5259207 2008.15613533
1861.24526536 1949.4248629 2005.6681755
1863.6645728 1946.76065459 2010.83349429
1913.01796821 1970.41226549 2020.95686999
1803.07343392 1927.06982945 2008.01508516
1709.20444743 1905.3254144 2003.72517201
1857.22846064 1943.00545057 2017.91934434
1871.12268222 1942.69966215 2005.32063693
1859.32328146 1939.76002461 2007.93188328
1916.24461051 1970.573677 2016.95834309
1808.79761497 1918.66924965 2008.18535854
1808.9066406 1924.14421739 2005.88296282
1725.38803428 1938.91961271 2006.19825013
1865.32501585 1953.86433055 2011.66586722
1771.91842555 1917.9663077 2008.93407886
1855.47675576 1969.10366001 2011.60494895
1899.63343956 1958.78117115 2004.45904579
1893.36238357 1938.55820013 1998.40053938
1910.55025969 1976.39412315 2007.68151411
1820.33896123 1942.31344432 2009.69581598
1859.75663145 1966.40005123 2010.24401072
1862.0083603 1952.50007422 2011.02023658
1762.76018994 1946.35114785 2001.68178448
1900.02877454 1954.27173188 2009.72866912
1806.9136294 1905.59315421 1986.72090442
1815.8839224 1947.03653611 2009.37179302
1853.80740814 1944.19090408 2015.35261856
1799.02084833 1937.30682706 2003.72960798
1850.60312314 1939.75106345 2000.51910679
1842.4808056 1941.62560108 2006.01790661
1818.32082389 1942.54634359 2012.78864769
1889.98945029 1957.22743614 2020.90812592
1722.8093011 1925.51990375 2014.66014165
1906.12659419 1961.25347383 2006.1125033
1809.29424367 1926.03127885 2014.21777901
1905.30571468 1954.88832544 2013.32066552
1908.5976968 1972.09467316 2015.47760992
1776.39606365 1917.01809199 2017.21431382
1819.48028957 1930.21579799 2010.01111275
1804.44734127 1931.10251586 2014.8861412
1859.65923757 1916.42534086 2007.11735532
1810.33803747 1928.01559632 2006.07615747
1867.99221562 1948.36488484 2015.05507921
1723.62491387 1876.53444606 2015.59084049
1819.25265686 1960.0825991 2015.58149216
1733.99228985 1902.2779755 2015.24149544
1855.8428981 1919.80347606 1970.30741155
1863.37649269 1942.43823514 2007.7238289
1861.20676835 1957.33006287 2008.97869126
1924.58206197 1963.08291745 2009.79661606
1815.93495615 1929.30505098 2004.20747788
1877.56959174 1960.92934839 2013.23978912
1723.78398191 1860.44460271 1968.21737779
1858.78938516 1946.12858305 2012.29094015
1816.73137036 1940.61643813 2014.16372502
1860.70360455 1935.51820718 2004.68523877
1821.83400472 1928.20440854 2012.73418789
1857.81313413 1928.86324737 2007.91390548
1860.59481309 1932.21513347 2006.95933831
1820.76395816 1938.72292371 2018.43946285
1775.64233235 1916.74319375 2020.75778555
1858.24270181 1927.97867542 2004.70518174
1780.72275106 1937.92558419 2014.19588359
1813.37567281 1934.65249449 2008.84279728
1856.2201632 1927.3296753 2012.42646049
1913.20827268 1956.45076668 2004.07874701
1815.79257469 1942.32151 2011.52318156
1773.09219765 1944.0527044 2017.4417039
1864.00268358 1950.28819408 2012.18483271
1804.79419187 1946.29866854 2023.25032872
1911.28921527 1952.78217343 2009.28573703
1801.15565805 1940.62786073 2009.46875126
1815.05341622 1968.04324757 2011.79766312
1814.58609128 1924.808618 2009.58906445
1906.57019271 1956.38215712 2011.73976092
1857.12472328 1940.27471493 2008.17049702
1818.88732785 1903.76781803 1971.80107739
1769.47445736 1915.6402655 2001.72732536
1821.35408338 1928.60274119 2007.48596257
1762.39275597 1912.90943321 1972.56405523
1805.52309632 1915.88537924 2010.68130307
1861.8468903 1938.41426664 2007.07644809
1868.12999792 1943.51938162 2011.54917769
1861.56078139 1952.52563161 2014.2769581
1910.24460088 1965.61989191 2011.8673249
1867.61790617 1944.63120782 2012.23375164
1766.51648303 1934.46091256 2005.60951461
1860.81940511 1962.91575298 2014.04663591
1856.32735479 1945.63561014 2009.78569175
1906.69049935 1945.08784385 1969.37140797
1780.96545441 1954.0747863 2012.4649413
1861.8096091 1933.8312747 2017.3411704
1814.92053819 1944.09060195 2009.66341245
1814.45225405 1935.25467942 2018.19583406
1909.17311728 1965.28021047 2013.3999381
1879.4606682 1966.48036449 2011.5042241
1821.37780043 1952.02516393 2013.97337805
1874.46685946 1931.94794296 2006.4880155
1860.84356794 1954.73846924 2010.23420178
1824.50978997 1928.38164642 2001.71695718
1815.1173176 1944.31558111 2012.4863586
1816.75674216 1929.06416645 2008.75305497
1854.94652061 1954.1702289 2016.20170188
1908.94116621 1960.51304024 2007.37068232
1815.86686022 1917.02267846 2013.37282576
1722.03660192 1905.83127941 2006.85920918
1905.04529639 1941.15530179 2006.31269605
1917.24027379 1970.07145137 2017.13582558
1869.90104615 1951.00895141 2010.55434322
1849.02999081 1961.82072337 2014.59368079
1856.70145497 1973.16784118 2015.43593848
1820.14707946 1944.95066615 2005.58429978
1916.70108051 1966.303616 2012.914923
1672.51364284 1929.20307848 2003.19345018
1898.70965921 1952.85570479 2016.21472067
1898.49897251 1951.12189199 2012.96255453
1857.99892809 1943.15283828 2012.98105216
1821.69524098 1916.66220345 1999.95270686
1798.8055274 1929.20509632 2007.25140353
1914.56073415 1971.09263226 2012.78833525
1681.83345473 1900.03116124 2010.617052
1875.96650455 1953.22085875 2009.90912245
1855.5219563 1912.12033315 1998.17199793
1859.99885971 1938.97644879 2007.96514925
1849.68711733 1953.06442633 2006.12509223
1871.03802776 1953.90485056 2012.22233989
1850.06312916 1917.4137048 1957.60611621
1855.50817279 1934.45835142 2002.27852574
1861.24314949 1934.33374048 2009.29775039
1951.47366486 1977.75471871 2008.63239978
1816.4032956 1938.95678124 2006.99710562
1904.22222669 1962.94662092 2010.82515487
1907.94424232 1963.82630901 2013.25531634
1724.88935872 1936.28387413 2003.9409741
1939.00081242 1978.91428525 2008.53082545
1805.98596248 1939.64105129 2021.59745108
1861.03671222 1961.33177922 2022.42024162
1809.56166635 1922.21620931 2010.15271963
1856.64060548 1913.90731917 1962.21291658
1867.24832718 1950.78994159 2007.02289403
1722.56474306 1922.14324759 2003.49806908
1900.50565094 1956.64488358 2006.90697242
1904.75740736 1956.48683087 2005.70160967
1865.87031699 1958.08067435 2007.99208031
1808.96609509 1931.38967086 2011.10675852
1720.55156187 1926.31540191 2010.80374045
1823.61588424 1944.65469559 2010.11266339
1905.09874929 1958.73164121 2003.92544923
1724.69662747 1902.32890117 2009.64723225
1862.17146466 1932.44875971 2002.98081494
1797.69605587 1932.60633303 2016.64810263
1902.67262026 1963.60874596 2013.24312114
1849.31655503 1947.74788402 2012.37327531
1856.77809044 1958.21648062 2012.73126831
1726.40804858 1938.57693325 2014.13970609
1900.75120823 1953.62384412 2002.285344
1864.17975855 1933.69988925 2004.84610842
1813.19007773 1912.43185471 2002.04734622
1815.3358786 1924.38735599 1967.50671629
1783.87854783 1949.39501106 2014.19842336
1812.92521962 1923.33402286 1965.62275236
1771.42508981 1944.4495436 2011.69925374
1906.23175089 1976.9083171 2012.91081684
1859.64816281 1931.96521436 2004.12513181
1856.44789228 1934.14471206 2009.74205011
1626.26553163 1860.02480363 1965.50072362
1819.24962946 1922.72565664 2017.19513574
1820.89193505 1932.13378237 2015.09151296
1906.96241725 1957.31905253 2015.90522628
1815.81922992 1954.95225734 2018.41401299
1718.44720714 1908.1701307 2009.85668789
1864.65603307 1909.80070628 2011.63343031
1816.46564505 1940.5832544 2012.54983725
1815.6084905 1924.39735262 2017.86364828
1816.12993279 1874.56362153 1996.07512941
1816.67396906 1926.28727792 1997.56644936
1864.47331762 1954.20920644 2018.58814355
1804.8051811 1916.14362372 2010.34478162
1896.78255098 1951.2552429 2006.72839287
1776.22270105 1937.04412526 2007.25974837
1819.82126627 1913.0146383 1977.31687836
1871.07809171 1976.14540764 2017.19244556
1864.05207006 1963.61504359 2021.06579018
1771.94386555 1914.19439168 2015.44115073
1829.25777474 1917.9790916 1967.45268806
1672.27737321 1911.94548312 2003.48818703
1768.24390198 1912.77524341 1998.44075123
1856.71126985 1958.79639809 2018.23492459
1815.71099871 1902.13625843 2014.50854101
1733.01746422 1920.37845583 2010.07563629
1762.08058091 1884.84880881 1964.18558957
1812.33378763 1919.38403532 2005.66708213
1852.90157489 1922.08060793 1965.13491065
1864.19578483 1936.85695283 2009.79863434
1721.39291207 1900.73083532 2004.76318187
1904.62033889 1969.48229238 2014.8873505
1818.2781796 1934.00305758 2003.81268068
1854.40393462 1929.80058041 2011.28892644
1821.30228365 1932.41177853 2021.31646997
1907.08840969 1956.45004779 2003.22255992
1813.08527209 1940.64716442 2007.05834378
1856.58323907 1938.83484414 1998.18760455
1902.14208903 1953.78885168 2011.29253432
1909.38565821 1976.45390839 2012.23168202
1905.24804168 1971.5570378 2014.15572932
1861.88395389 1930.05141637 2010.80323871
1901.56162097 1970.85040549 2008.50578099
1859.59817344 1943.67986094 2003.26692732
1813.23396978 1943.2089869 2009.72816215
1850.14297607 1930.65363778 1996.05335198
1866.14599781 1957.73610187 2013.18174691
1864.44746992 1957.84934695 2013.05078215
1776.57697673 1914.72263059 2016.07243449
1868.18661332 1956.12190992 2011.52498762
1802.25923722 1958.95417032 2018.79662356
1855.55537331 1913.59155824 1999.22561766
1817.4078294 1918.00639654 2004.27020137
1824.52001062 1944.95124133 2007.75096078
1868.92787687 1954.67632634 1994.9587565
1900.39447326 1954.63392684 2008.76359232
1850.56622984 1933.18887354 2007.73532607
1896.93737424 1953.86606129 2006.69458254
1813.61078871 1929.09092064 2001.52847365
1911.40988314 1973.33549585 2008.81734376
1849.31342607 1937.88631498 2009.70676323
1854.06932683 1944.56035164 2004.43210763
1951.45204627 1986.84900478 2017.98216111
1865.14349083 1949.16706578 2005.79327806
1864.01481793 1962.78711163 2008.97634585
1756.08570048 1953.00728799 2012.69099313
1807.64678805 1929.17652638 2009.34359089
1855.40772679 1951.88190298 2022.16757009
1858.90198026 1952.6249797 2014.40791813
1858.92020119 1944.34683538 2013.75198891
1809.17760953 1912.06475214 2009.20618854
1903.05541752 1967.78805606 2015.61804753
1903.08908887 1966.71697285 2010.07768868
1909.08770575 1960.00441314 2011.52306461
1905.14958116 1961.75374809 2007.51103211
1779.37590233 1914.18227113 2012.29515699
1823.05204234 1940.06725744 2012.85903898
1682.88238312 1911.96985293 2008.08875306
1811.63374691 1904.38023929 1963.58108112
1860.62713673 1920.36411891 2009.36561281
1903.99407034 1946.46156305 2008.04106444
1812.00543101 1936.27664077 2013.51762806
1867.83345161 1945.56459411 2012.45265014
1862.65730489 1941.08934344 2012.08353609
1811.48596555 1957.29917506 2017.65183143
1858.39080007 1949.17783678 2007.88708669
1772.55075915 1926.01249928 2007.57313502
1767.37544308 1916.4747162 1967.07699357
1810.96698009 1953.21627466 2015.13708042
1861.32597513 1944.2659014 2011.20633732
1814.91193762 1950.5748539 2015.50429385
1818.78255464 1924.17550301 2014.62630544
1768.60950347 1922.41031161 2012.77385239
1819.46573219 1950.62602918 2011.4490268
1817.19365029 1948.17286653 2017.67609866
1816.06053905 1922.80976333 1968.44097405
1766.07553135 1926.15597268 2006.05321287
1898.22510528 1960.23044712 2012.53585952
1859.15118828 1951.3052621 2011.37338142
1854.29490981 1942.35176636 2016.39251529
1863.4260955 1953.22086206 2010.24331587
1811.23466477 1919.71126543 2014.76758154
1805.78801132 1926.64753185 2010.23399673
1864.86509224 1941.25094974 2006.24907608
1868.70875031 1948.89863425 2013.58411491
1867.74171726 1961.02103482 2016.09502413
1897.31742109 1966.67741549 2010.78241845
1815.45666825 1940.15469001 2014.08128328
1782.03179448 1906.23214858 2013.27351843
1685.74600062 1884.0096153 2009.65654297
1819.72053995 1957.01281964 2016.30901984
1820.63406403 1920.82092422 2002.03477961
1868.72905083 1946.35813293 2011.84442839
1823.06141686 1910.10929686 2006.62391255
1717.85846959 1896.38963176 2010.71770521
1771.08172963 1925.24068987 2011.58740921
1867.9893882 1946.06802924 2017.22154565
1902.53630788 1943.04734227 1998.64190359
1858.05485947 1971.24069626 2008.86975619
1856.46904655 1943.90373178 2010.0421905
1868.2868484 1931.31637148 2016.82585411
1904.96136683 1955.11615057 2000.80521776
1763.35292149 1925.56421049 2001.77808024
1910.63677622 1984.4703084 2016.78481673
1903.52369216 1956.62670399 2008.0011683
1910.51146612 1963.12777715 2011.51999773
1760.70466097 1926.03884533 2013.59058919
1902.59042264 1957.39200205 2007.86493578
1816.83907175 1956.0130774 2010.43971458
1860.94806387 1969.03983997 2013.9158121
1764.8079974 1923.70589178 2009.17219377
1811.0771377 1915.95243191 2007.14150199
1904.3103638 1967.92718394 2015.00861435
1823.86347005 1925.02551684 1959.85582321
1853.34706794 1929.02567012 2000.23075285
1816.07656623 1920.7936326 2001.34106067
1804.63810073 1913.33571332 2012.11511479
1904.12469902 1964.8245385 2009.77761347
1852.93292435 1937.66119894 2001.56354469
1876.12983323 1951.60944649 1998.83102733
1857.43342649 1952.69736912 2003.66755872
1820.5775723 1924.69019824 2004.22228693
1845.93321561 1958.48924269 2014.67927758
1820.93528979 1941.33636256 2015.9711993
1920.76108834 1979.95699598 2020.79031991
1822.95512793 1948.55469295 1990.31647941
1869.6327455 1965.25128262 2010.14933111
1863.85969991 1954.51868664 2010.1337143
1822.05967472 1923.24831587 2009.19567148
1864.68928376 1940.29000642 2013.57424381
1860.4029934 1901.39067064 1955.59533276
1855.86187977 1942.9649632 2012.26536496
1818.98194768 1941.78047998 2007.33666087
1863.2363285 1954.22751969 2012.65838707
1766.92492257 1920.74587043 2005.05296879
1805.74086284 1935.28515996 2012.38665167
1858.4703407 1934.46819877 2003.16664846
1860.26655782 1937.95742945 2014.95324559
1718.69745313 1919.36382885 2019.95001337
1815.54585935 1944.70632476 2013.30614463
1765.25342242 1918.48577821 2003.0748801
1896.8951918 1950.43824231 2005.24796774
1906.3204157 1956.2375451 2013.7392771
1860.74386269 1961.06783055 2014.3594324
1817.85014883 1948.50684717 2015.79443698
1908.54309027 1957.32340267 2013.53452115
1868.25827008 1922.99241577 2004.93997823
1767.78645518 1927.20861151 2008.70922837
1860.4707994 1947.28049851 2005.2685539
1863.22955105 1940.23573323 2007.07476146
1725.85889062 1916.32631162 2009.94216854
1811.57743597 1948.51516106 2012.7547029
1857.22125116 1949.8850966 2011.91446442
1815.01907883 1936.56660765 2004.48994957
1754.53796135 1942.91040711 2013.44398531
1919.59548469 1968.5213912 2003.77676655
1767.59754841 1931.73829543 2002.92359127
1824.34731694 1946.95329993 2011.03547751
1859.80582545 1954.78558222 2011.90978425
1858.16385878 1975.58180132 2010.56011142
1855.32056212 1943.69743074 2003.01146021
1807.79466601 1940.38225976 2005.60307072
