0.27516 0.371888 0.5794
0.28916 0.404356 0.487
0.23312 0.33076 0.48272
0.23328 0.284408 0.32752
0.23632 0.2916 0.39972
0.23068 0.275552 0.34732
0.23576 0.252184 0.26656
0.23304 0.256832 0.30436
0.22688 0.250908 0.2966
0.2268 0.241016 0.26672
0.23376 0.245584 0.27044
0.2366 0.246912 0.2824
0.21804 0.23772 0.2512
0.2234 0.24484 0.25356
0.22604 0.239876 0.24988
0.21312 0.230688 0.24676
0.22204 0.23372 0.25096
0.21604 0.233904 0.25764
0.21284 0.229428 0.24628
0.21096 0.227364 0.23844
0.21604 0.225856 0.23312
0.20784 0.223308 0.23512
0.20992 0.22376 0.23708
0.21132 0.223832 0.24156
0.211 0.220472 0.23352
0.21364 0.224616 0.23692
0.20316 0.219936 0.23144
0.20796 0.222572 0.24616
0.20792 0.227472 0.25612
0.20876 0.220084 0.22868
0.20816 0.22046 0.23768
0.20792 0.22046 0.23156
0.21416 0.222728 0.23148
0.19252 0.217012 0.23664
0.20752 0.222276 0.2404
0.20456 0.216812 0.23128
0.20636 0.220292 0.24272
0.20556 0.222792 0.23356
0.20316 0.211868 0.22592
0.19888 0.210988 0.22728
0.20352 0.21264 0.22676
0.19812 0.209856 0.22524
0.2014 0.21266 0.21916
0.20056 0.212068 0.22676
0.20144 0.211604 0.21808
0.1976 0.211876 0.22112
0.2054 0.213468 0.23244
0.20496 0.213496 0.22608
0.1986 0.216288 0.23112
0.1988 0.217928 0.2332
0.19992 0.21416 0.2316
0.2042 0.209816 0.21952
0.20272 0.216504 0.22964
0.19692 0.215188 0.22704
0.20092 0.207192 0.22484
0.20076 0.214464 0.22604
0.19652 0.213128 0.23172
0.19532 0.2049 0.21984
0.2046 0.211696 0.2236
0.1958 0.20756 0.2202
0.18972 0.20336 0.20832
0.1958 0.201716 0.20848
0.191 0.20388 0.22184
0.19356 0.205984 0.21612
0.19088 0.203608 0.2142
0.18128 0.19902 0.21232
0.1862 0.201588 0.21744
0.19968 0.208284 0.2172
0.18708 0.197804 0.20704
0.19128 0.203868 0.21364
0.19404 0.206392 0.22276
0.2006 0.210392 0.22412
0.188 0.203928 0.21648
0.19144 0.211608 0.23456
0.19452 0.210248 0.22348
0.1938 0.207796 0.2208
0.19776 0.20812 0.21312
0.20276 0.211712 0.22492
0.1918 0.2057 0.22236
0.19416 0.205248 0.22256
0.19236 0.209156 0.22176
0.1946 0.20194 0.21276
0.19472 0.21266 0.23508
0.18812 0.202912 0.21348
0.19044 0.19986 0.21092
0.19064 0.202432 0.21452
