0.2956 0.41304 0.5824
0.342 0.41664 0.5712
0.2848 0.41772 0.5816
0.3548 0.44688 0.592
0.3184 0.42112 0.524
0.3692 0.43172 0.5684
0.2908 0.40028 0.5272
0.3132 0.41176 0.4916
0.3056 0.42248 0.5896
0.3776 0.4234 0.5124
0.342 0.40588 0.4928
0.2776 0.37512 0.4896
0.306 0.38336 0.4296
0.3456 0.419 0.5168
0.3056 0.4404 0.6
0.3428 0.433 0.6
0.3772 0.4552 0.6
0.3824 0.457 0.5552
0.3424 0.433 0.6
0.3428 0.3922 0.4708
0.3728 0.44436 0.5408
0.326 0.41388 0.5868
0.3016 0.37844 0.4584
0.3404 0.41112 0.554
0.3496 0.40476 0.474
0.3244 0.41428 0.6
0.2772 0.40516 0.504
0.3532 0.40052 0.4804
0.3384 0.40544 0.4448
0.3028 0.36584 0.4648
0.2972 0.4158 0.5996
0.3452 0.3804 0.4348
0.3444 0.39624 0.4764
0.3288 0.4018 0.5124
0.2748 0.39152 0.5276
0.3508 0.41708 0.5328
0.3404 0.40856 0.5256
0.3608 0.42496 0.5144
0.3368 0.44452 0.5456
0.388 0.45004 0.6
0.3996 0.4536 0.5036
0.3796 0.46764 0.5232
0.3632 0.45252 0.6
0.3652 0.4524 0.5648
0.4092 0.44584 0.536
0.3964 0.43684 0.5004
0.3336 0.44328 0.5332
0.2792 0.46748 0.5832
0.3032 0.40112 0.4968
0.3788 0.41312 0.4876
0.3516 0.4244 0.5712
0.3656 0.43936 0.6
0.31 0.4468 0.59
0.3264 0.45884 0.5484
0.3156 0.3898 0.4328
0.3188 0.43712 0.5604
0.3256 0.41468 0.4688
0.3188 0.35732 0.4208
0.334 0.39988 0.4896
0.3016 0.35244 0.4028
0.3108 0.34996 0.4068
0.276 0.3336 0.4032
0.2496 0.36748 0.5208
0.2928 0.3468 0.4204
0.2584 0.33088 0.4232
0.2664 0.32816 0.4068
0.2804 0.33384 0.3876
0.2688 0.30648 0.3668
0.2092 0.30452 0.3924
0.2896 0.34152 0.4176
0.2776 0.35164 0.4284
0.2512 0.32588 0.3888
0.244 0.32028 0.3908
0.2864 0.32968 0.4344
0.3232 0.37044 0.4168
0.3072 0.36608 0.4216
0.2988 0.40192 0.5104
0.2424 0.3718 0.4148
0.3028 0.41392 0.5152
0.2712 0.37896 0.4812
0.27 0.37396 0.4384
0.324 0.40556 0.4768
0.3576 0.43628 0.6
0.3552 0.42228 0.582
0.3076 0.3656 0.4116
0.3504 0.3834 0.4372
0.3176 0.38512 0.6
0.3028 0.38496 0.6
0.2816 0.35164 0.4424
0.2984 0.36684 0.4252
0.2872 0.37788 0.442
0.3364 0.38264 0.4372
0.3176 0.3984 0.4584
0.3136 0.40648 0.6
0.2856 0.38196 0.4364
0.3184 0.36008 0.4416
0.37 0.409 0.4632
0.332 0.36584 0.416
0.3336 0.3976 0.4572
0.3384 0.389 0.4788
0.3324 0.41248 0.5764
0.286 0.39216 0.5248
0.3032 0.36184 0.4228
0.294 0.36936 0.428
0.3004 0.37316 0.464
0.2916 0.37468 0.4652
0.3148 0.38284 0.4576
0.2844 0.34844 0.3908
0.3076 0.3686 0.4416
0.3332 0.36652 0.4176
0.3312 0.39008 0.4304
0.296 0.38036 0.466
0.3056 0.39144 0.4488
0.3512 0.39004 0.4792
0.3452 0.38148 0.4264
0.31 0.39348 0.4972
0.3008 0.39444 0.4648
0.3148 0.3886 0.4672
0.3188 0.39488 0.4688
0.3372 0.39748 0.4708
0.3244 0.37224 0.4324
0.3228 0.37028 0.4272
0.3008 0.34504 0.4012
0.2968 0.36516 0.454
0.3468 0.36832 0.4328
0.2876 0.37048 0.49
0.2868 0.38012 0.4992
0.3036 0.39696 0.4976
0.3436 0.40596 0.4676
0.3564 0.39752 0.4192
0.338 0.40684 0.5156
0.3332 0.38396 0.4536
0.3284 0.39044 0.434
0.35 0.38644 0.434
0.3568 0.41524 0.4784
0.308 0.36012 0.4104
0.3492 0.40068 0.4576
0.3348 0.38148 0.476
0.3372 0.39596 0.5324
0.3324 0.39724 0.4496
0.3348 0.38924 0.5724
0.3032 0.37632 0.4964
0.3204 0.4084 0.4952
0.2824 0.3746 0.4632
0.282 0.3536 0.3844
0.2744 0.32468 0.3804
0.2928 0.33976 0.3768
0.3012 0.33752 0.3812
0.2876 0.33736 0.3788
0.3052 0.36936 0.4596
0.2764 0.33496 0.4076
0.2876 0.3406 0.4176
0.2996 0.34176 0.4216
0.28 0.32584 0.3844
0.2984 0.34568 0.4148
0.3096 0.35584 0.4296
0.3116 0.358 0.4024
0.316 0.356 0.4396
0.284 0.3266 0.3812
0.2728 0.34128 0.4224
0.278 0.328 0.4124
0.2584 0.32628 0.356
0.2464 0.28716 0.3476
0.2756 0.3268 0.3896
0.2944 0.32212 0.3656
0.2368 0.306 0.352
0.2492 0.32596 0.3892
0.2596 0.30432 0.3316
0.2568 0.28596 0.3316
0.2532 0.28644 0.3084
0.2432 0.2878 0.3208
0.2332 0.27136 0.316
0.244 0.28164 0.318
0.2272 0.27448 0.312
0.2296 0.27668 0.342
0.216 0.25644 0.2996
0.22 0.2658 0.3072
0.2464 0.27572 0.2984
0.2468 0.2844 0.3628
0.23 0.28212 0.3296
0.2184 0.287 0.3308
0.244 0.28932 0.3292
0.2516 0.28144 0.3368
0.226 0.2828 0.3336
0.2528 0.30192 0.356
0.2364 0.27236 0.332
0.25 0.29172 0.346
0.2624 0.30084 0.334
0.256 0.30336 0.3324
0.2432 0.2838 0.3224
0.2764 0.30208 0.3408
0.2496 0.30376 0.332
0.2516 0.28624 0.3568
0.2372 0.2766 0.3492
0.238 0.28924 0.3848
0.2652 0.28504 0.3284
0.2344 0.2912 0.3504
0.232 0.30076 0.3412
0.2692 0.29876 0.3384
0.2664 0.30712 0.3576
0.2768 0.31812 0.3488
0.2624 0.29952 0.3348
0.2608 0.30672 0.34
0.2748 0.30932 0.3804
0.2732 0.30508 0.344
0.254 0.3116 0.3756
0.2632 0.31444 0.38
0.2616 0.31424 0.3656
0.2676 0.30632 0.3484
0.268 0.3424 0.4184
0.2948 0.35652 0.416
0.2756 0.337 0.4
0.248 0.318 0.3572
0.2856 0.34604 0.4296
0.2716 0.3256 0.3768
0.272 0.33724 0.4084
0.2824 0.3374 0.3892
0.2704 0.32592 0.3944
0.304 0.34272 0.4
0.2784 0.34036 0.4152
0.2584 0.32624 0.392
0.2812 0.3414 0.4004
0.2788 0.3342 0.406
0.2732 0.332 0.3764
0.2848 0.30896 0.3404
0.2888 0.31992 0.3556
0.25 0.30468 0.3748
0.25 0.30576 0.3696
0.2524 0.31092 0.374
0.2212 0.31384 0.3864
0.286 0.3302 0.3812
0.2748 0.33576 0.4108
0.252 0.32076 0.3628
0.2756 0.33012 0.3836
0.24 0.32476 0.4248
0.2896 0.33496 0.3852
0.278 0.31852 0.3692
0.2336 0.32076 0.3916
0.2424 0.31832 0.3672
0.2784 0.34092 0.3876
0.2884 0.3408 0.3888
0.2956 0.33796 0.3992
0.2636 0.34216 0.3944
0.2544 0.34648 0.3932
0.2768 0.34464 0.3844
0.3044 0.34892 0.456
0.2776 0.35856 0.4408
0.3352 0.37812 0.4796
0.2732 0.34472 0.4064
0.2708 0.37416 0.4648
0.2952 0.35532 0.4436
0.3332 0.3738 0.3996
0.274 0.32672 0.4112
0.31 0.36492 0.4024
0.2896 0.33544 0.3792
0.274 0.33588 0.3952
0.2956 0.34888 0.3908
0.2572 0.3308 0.436
0.31 0.33276 0.3584
0.2636 0.31444 0.3568
0.2504 0.31744 0.37
0.2624 0.29952 0.3656
0.2492 0.29276 0.3556
0.2444 0.289 0.3556
0.2588 0.30764 0.3512
0.2576 0.2822 0.3084
0.2716 0.29184 0.3088
0.2604 0.29756 0.3532
0.262 0.30748 0.3492
0.2572 0.3142 0.3588
0.2328 0.33028 0.3928
0.2696 0.30772 0.3524
0.2492 0.29596 0.3484
0.2732 0.30196 0.3296
0.2692 0.29608 0.3184
0.2532 0.3068 0.3604
0.246 0.26924 0.306
0.2708 0.29728 0.3376
0.2672 0.31364 0.3616
0.23 0.2966 0.3632
0.238 0.28236 0.336
0.2452 0.29448 0.3468
0.2764 0.31028 0.3516
0.2472 0.28412 0.3108
0.2484 0.28688 0.3404
0.2612 0.2936 0.3256
0.236 0.32412 0.3928
0.2472 0.2842 0.3556
0.278 0.31836 0.38
0.2536 0.29116 0.3632
0.2592 0.30656 0.3544
0.2788 0.30988 0.3596
0.2772 0.30352 0.3336
0.2728 0.32432 0.3936
0.2856 0.33712 0.4344
0.258 0.31392 0.3852
0.2868 0.33432 0.3916
0.2792 0.30808 0.3452
0.2596 0.31884 0.3664
0.2912 0.32404 0.3624
0.282 0.32304 0.3548
0.2568 0.29212 0.3388
0.2108 0.30324 0.3928
0.282 0.3176 0.3592
0.304 0.32168 0.344
0.2644 0.30984 0.3432
0.302 0.33008 0.3832
0.2984 0.33352 0.4092
0.302 0.33876 0.4272
0.2948 0.31508 0.3452
0.2692 0.3254 0.3976
0.2844 0.33472 0.412
0.314 0.34568 0.3772
0.2676 0.366 0.5036
0.2904 0.346 0.432
0.2948 0.35548 0.396
0.3192 0.3472 0.3732
0.2824 0.35032 0.4152
0.224 0.27028 0.3328
0.2072 0.25936 0.29
0.1892 0.25876 0.3652
0.1852 0.246 0.302
0.2072 0.26108 0.3476
0.1868 0.26632 0.3268
0.2056 0.25152 0.3172
0.2032 0.23948 0.3044
0.2008 0.227 0.262
0.1916 0.25204 0.3368
0.1896 0.2426 0.2872
0.1776 0.24884 0.2936
0.2208 0.24556 0.2988
0.2252 0.26196 0.3224
0.2168 0.25036 0.286
0.2016 0.23932 0.3652
0.19 0.23136 0.2652
0.2064 0.24352 0.2672
0.2088 0.23936 0.2768
0.2252 0.24784 0.2736
0.1976 0.23796 0.3136
0.186 0.22596 0.2588
0.196 0.22512 0.2528
0.1924 0.22688 0.252
0.1924 0.2346 0.2944
0.2008 0.24368 0.2932
0.18 0.21884 0.2668
0.1628 0.21192 0.2716
0.2024 0.22804 0.2684
0.17 0.21076 0.2476
0.1496 0.19736 0.228
0.1752 0.20904 0.2588
0.1628 0.20104 0.2524
0.1752 0.216 0.2948
0.162 0.2092 0.2652
0.1908 0.21788 0.2492
0.1844 0.20804 0.2296
0.1736 0.21468 0.2796
0.176 0.21116 0.2836
0.1912 0.216 0.2516
0.2072 0.23476 0.2628
0.19 0.21936 0.2492
0.1972 0.2314 0.2632
0.1896 0.22132 0.2748
0.1768 0.22376 0.2556
0.2028 0.23072 0.2672
0.2156 0.23496 0.2628
0.1832 0.23732 0.3104
0.2092 0.23188 0.288
0.1876 0.23728 0.2792
0.2068 0.23896 0.2584
0.2012 0.23916 0.2828
0.1952 0.23492 0.2732
0.204 0.23764 0.2848
0.1624 0.2346 0.2652
0.2148 0.23572 0.26
0.1836 0.2334 0.2644
0.2128 0.24216 0.3076
0.2096 0.23952 0.2772
0.216 0.2518 0.2896
0.1856 0.2306 0.268
0.2156 0.23964 0.2632
0.2052 0.25584 0.3064
0.214 0.25496 0.3032
0.2196 0.24864 0.306
0.2252 0.2466 0.272
0.1984 0.2358 0.2624
0.214 0.24276 0.2948
0.2016 0.24956 0.2732
0.2364 0.26556 0.3196
0.22 0.2616 0.3044
0.2368 0.269 0.3172
0.2332 0.26532 0.2972
0.2332 0.27584 0.2924
0.2288 0.27624 0.326
0.25 0.27752 0.3088
0.2376 0.27364 0.3364
0.2408 0.2802 0.3144
0.2512 0.28408 0.3136
0.2504 0.28612 0.3152
0.2416 0.27124 0.3084
0.2352 0.26132 0.3004
0.2512 0.27812 0.3124
0.218 0.26064 0.3236
0.2448 0.277 0.3256
0.1956 0.24944 0.3176
0.2188 0.25044 0.3088
0.2272 0.25956 0.3008
0.2008 0.26028 0.3132
0.228 0.26728 0.3092
0.2256 0.25848 0.3048
0.2468 0.27872 0.3608
0.2372 0.26424 0.2932
0.2508 0.2802 0.3296
0.23 0.2652 0.3528
0.2348 0.27684 0.32
0.2312 0.26496 0.2928
0.2248 0.25776 0.3132
0.2364 0.269 0.3288
0.248 0.26528 0.2988
0.2396 0.26572 0.31
0.2304 0.28532 0.34
0.2576 0.29872 0.398
0.2784 0.29428 0.3064
0.2356 0.27836 0.3284
0.254 0.29572 0.3656
0.2768 0.30388 0.344
0.2628 0.30036 0.3544
0.278 0.31052 0.3648
0.2784 0.3124 0.3624
0.27 0.3236 0.3968
0.2548 0.2944 0.3432
0.2836 0.31148 0.3508
0.274 0.3136 0.3652
0.2532 0.29732 0.3392
0.2556 0.28804 0.3376
0.2392 0.31808 0.3688
0.2476 0.27244 0.296
0.2544 0.29544 0.3608
0.2496 0.27604 0.3172
0.2204 0.2736 0.3244
0.2384 0.27744 0.3232
0.26 0.28148 0.3284
0.232 0.28924 0.3348
0.2456 0.28848 0.3444
0.2696 0.30492 0.4052
0.2328 0.28436 0.3364
0.238 0.28476 0.314
0.2432 0.2736 0.3216
0.2352 0.26168 0.3116
0.2444 0.28356 0.3304
0.2432 0.28044 0.336
0.2368 0.27996 0.3032
0.2332 0.2714 0.334
0.2236 0.27912 0.3228
0.2496 0.28248 0.312
0.244 0.27064 0.3132
0.2152 0.27768 0.3348
0.214 0.284 0.328
0.2372 0.27552 0.312
0.2188 0.28276 0.3136
0.2296 0.267 0.3292
0.2228 0.2648 0.2988
0.2268 0.27716 0.33
0.234 0.27492 0.3232
0.2284 0.26356 0.32
0.2288 0.25968 0.2848
0.2276 0.26392 0.3032
0.2204 0.26076 0.3068
0.2052 0.2686 0.3152
0.216 0.25736 0.2948
0.2268 0.2664 0.292
0.2308 0.2506 0.2744
0.212 0.26908 0.3196
0.2264 0.2542 0.2772
0.2204 0.26192 0.3032
0.2248 0.26208 0.318
0.2088 0.26368 0.3172
0.2256 0.2598 0.31
0.2232 0.24808 0.2796
0.2208 0.24952 0.2896
0.2284 0.25056 0.2712
0.226 0.24776 0.2756
0.1968 0.25976 0.3328
0.2164 0.25428 0.3112
0.2076 0.23812 0.266
0.1996 0.2418 0.2868
0.1868 0.22508 0.2656
0.2 0.23708 0.2712
0.1832 0.2276 0.288
0.1952 0.2218 0.2572
0.204 0.23212 0.2928
0.1608 0.21236 0.2472
0.1908 0.2338 0.2784
0.174 0.23124 0.2892
0.2072 0.22692 0.2512
0.2112 0.23952 0.2796
0.2036 0.23668 0.2776
0.1856 0.23636 0.284
0.218 0.2352 0.27
0.2136 0.24824 0.2812
0.1956 0.2464 0.3076
0.2192 0.24036 0.2864
0.1816 0.22772 0.2928
0.1996 0.24496 0.316
0.1828 0.2352 0.262
0.2116 0.24444 0.2756
0.2232 0.25824 0.304
0.1884 0.25696 0.3308
0.2076 0.2626 0.3096
0.2004 0.25368 0.3464
0.2236 0.25904 0.2976
0.2068 0.27192 0.336
0.2312 0.2742 0.3004
0.1932 0.2618 0.322
0.2372 0.2572 0.3076
0.2104 0.2494 0.2916
0.226 0.28504 0.336
0.2196 0.25464 0.328
0.214 0.28328 0.3744
0.2208 0.2566 0.3072
0.228 0.26292 0.3108
0.2284 0.2616 0.3176
0.2228 0.25932 0.2916
0.2296 0.25992 0.3016
0.2312 0.25412 0.2964
0.218 0.25388 0.3056
0.2 0.22316 0.2516
0.2172 0.23776 0.2584
0.214 0.24748 0.344
0.2156 0.24384 0.2888
0.2292 0.26988 0.3516
0.194 0.2404 0.3088
0.2364 0.26724 0.3312
0.214 0.261 0.2916
0.24 0.27312 0.3364
0.246 0.28372 0.3664
0.2228 0.26864 0.2952
0.23 0.26496 0.314
0.2464 0.27864 0.324
0.202 0.25632 0.3104
0.1984 0.26836 0.3252
0.1964 0.24252 0.2972
0.2136 0.2554 0.3192
0.22 0.25904 0.2996
0.2332 0.25724 0.2832
0.2208 0.2524 0.2904
0.2012 0.2482 0.3068
0.2124 0.25228 0.2816
0.2084 0.24488 0.3128
0.2052 0.24624 0.2876
0.2244 0.25752 0.2872
0.1944 0.23248 0.286
0.2056 0.24332 0.2768
0.204 0.2448 0.2848
0.2168 0.23756 0.2672
0.2148 0.23836 0.2708
0.1976 0.24056 0.2688
0.2296 0.25172 0.2864
0.2372 0.25448 0.2844
0.22 0.24432 0.296
0.2032 0.23472 0.27
0.2192 0.25716 0.3116
0.2296 0.24956 0.2896
0.2108 0.24032 0.2804
0.2116 0.24572 0.2752
0.19 0.22276 0.2664
0.1976 0.23048 0.2744
0.1984 0.22524 0.2496
0.2264 0.24152 0.2588
0.2032 0.2262 0.2452
0.1968 0.23124 0.27
0.1928 0.22764 0.2808
0.2056 0.23136 0.268
0.2236 0.24248 0.2888
0.1972 0.23164 0.276
0.2048 0.2378 0.2704
0.2108 0.24456 0.28
0.2028 0.23904 0.2672
0.2036 0.252 0.3444
0.2236 0.252 0.2788
0.1936 0.21672 0.2396
0.1916 0.23812 0.2772
0.188 0.2214 0.2796
0.1984 0.22664 0.2536
0.1816 0.21036 0.2444
0.1908 0.21864 0.2444
0.1928 0.21848 0.244
0.188 0.22964 0.2864
0.1808 0.22252 0.2552
0.1908 0.21472 0.2372
0.2 0.22536 0.2744
0.2108 0.22792 0.264
0.1904 0.21592 0.2464
0.1868 0.21412 0.2268
0.192 0.22628 0.2724
0.1968 0.2224 0.2472
0.184 0.21792 0.266
0.1972 0.2146 0.2524
0.1796 0.23108 0.2624
0.1936 0.21588 0.2448
0.196 0.21864 0.2536
0.192 0.2088 0.2216
0.2004 0.21728 0.2384
0.1908 0.22292 0.266
0.192 0.21904 0.27
0.1808 0.20964 0.25
0.2052 0.22924 0.2572
0.1808 0.20712 0.2332
0.1756 0.20652 0.2316
0.1816 0.20268 0.244
0.1944 0.2196 0.2476
0.1664 0.2002 0.2308
0.1888 0.21572 0.2624
0.1808 0.20504 0.228
0.1708 0.19896 0.2364
0.1772 0.20244 0.2228
0.1908 0.21232 0.234
0.1912 0.20312 0.226
0.1744 0.19992 0.2516
0.1772 0.20016 0.2264
0.164 0.19652 0.2152
0.1796 0.20236 0.2172
0.1688 0.19616 0.2272
0.1644 0.18968 0.218
0.168 0.19844 0.234
0.1656 0.19256 0.2136
0.172 0.19552 0.2136
0.1684 0.20416 0.2604
0.1572 0.18548 0.2104
0.17 0.182 0.1904
0.1736 0.18828 0.2284
0.1632 0.17676 0.1944
0.1748 0.18576 0.1944
0.1592 0.18844 0.21
0.154 0.18588 0.2128
0.152 0.17748 0.212
0.1636 0.18524 0.2116
0.1668 0.18464 0.2084
0.1588 0.18172 0.202
0.1768 0.18796 0.1948
0.1732 0.19136 0.2068
0.148 0.18256 0.1996
0.1728 0.19344 0.2044
0.1612 0.18 0.2016
0.1556 0.17772 0.2104
0.1588 0.17752 0.1968
0.1664 0.17728 0.1948
0.164 0.18244 0.1972
0.1576 0.17424 0.196
0.1604 0.17288 0.1912
0.162 0.17768 0.2008
0.17 0.1828 0.204
0.1588 0.17752 0.1928
0.1576 0.17864 0.196
0.1604 0.18088 0.202
0.152 0.181 0.2156
0.1544 0.17912 0.2064
0.1616 0.173 0.1936
0.1424 0.16724 0.1952
0.14 0.16516 0.1936
0.1484 0.17912 0.2088
0.1448 0.17076 0.1936
0.1544 0.17152 0.1908
0.1584 0.16936 0.1872
0.1576 0.17304 0.1916
0.1644 0.1824 0.2208
0.1616 0.18628 0.208
0.1536 0.18268 0.1996
0.1436 0.16992 0.2072
0.1356 0.17452 0.192
0.1592 0.18752 0.2232
0.1736 0.1844 0.1988
0.1612 0.17848 0.1916
0.1584 0.17768 0.2044
0.1524 0.17216 0.1988
0.1508 0.17564 0.196
0.1556 0.17648 0.1972
0.152 0.16924 0.1824
0.1592 0.17996 0.1968
0.164 0.1756 0.1936
0.1504 0.17348 0.2064
0.1448 0.17216 0.1932
0.1516 0.16436 0.1844
0.16 0.16708 0.1756
0.1532 0.16492 0.1872
0.148 0.16508 0.1836
0.1464 0.1676 0.1832
0.146 0.16224 0.1756
0.1416 0.1656 0.1824
0.1376 0.1614 0.1856
0.1488 0.16404 0.174
0.1424 0.1564 0.1784
0.1484 0.16576 0.1884
0.1492 0.16976 0.188
0.1436 0.1678 0.1852
0.1428 0.16944 0.1872
0.1356 0.16112 0.1856
0.1368 0.16444 0.1864
0.1428 0.16644 0.2008
0.15 0.172 0.1972
0.1532 0.17368 0.192
0.1628 0.17224 0.1984
0.1544 0.1728 0.1916
0.1464 0.16608 0.1892
0.1428 0.168 0.1872
0.1632 0.17076 0.1776
0.1504 0.16484 0.184
0.1456 0.16296 0.1916
0.1516 0.16628 0.1928
0.15 0.16732 0.188
0.1428 0.17148 0.2056
0.1528 0.17344 0.1888
0.1524 0.16216 0.1816
0.1544 0.16704 0.1812
0.1632 0.171 0.1832
0.1544 0.16296 0.1752
0.1288 0.15236 0.1716
0.1464 0.16496 0.18
0.14 0.1592 0.1968
0.146 0.16388 0.1808
0.1456 0.15952 0.174
0.1456 0.16224 0.1844
0.152 0.16192 0.1696
0.1372 0.16068 0.1832
0.1588 0.17064 0.1884
0.1356 0.16052 0.192
0.154 0.16824 0.1828
0.154 0.16832 0.1972
0.1524 0.16676 0.1776
0.1468 0.16952 0.188
0.1484 0.16412 0.1832
0.1444 0.16396 0.1828
0.1604 0.17168 0.184
0.1544 0.167 0.174
0.1588 0.17072 0.1836
0.1476 0.1698 0.1916
0.1396 0.16836 0.1892
0.1548 0.1682 0.1832
0.1556 0.17652 0.196
0.1484 0.16564 0.182
0.1476 0.1612 0.1776
0.158 0.16872 0.1932
0.1492 0.16608 0.1824
0.1476 0.16044 0.1752
0.1324 0.17028 0.1972
0.1544 0.16668 0.1908
0.1492 0.16528 0.1776
0.1472 0.16272 0.1744
0.1388 0.16412 0.1828
0.1492 0.16468 0.1876
0.154 0.16824 0.1908
0.1564 0.16696 0.1788
0.148 0.1644 0.1896
0.1408 0.16192 0.1836
0.1488 0.16164 0.184
0.1424 0.1548 0.1784
0.1476 0.16168 0.1936
0.132 0.159 0.1728
0.132 0.1556 0.172
0.15 0.15984 0.1736
0.1428 0.15644 0.166
0.1348 0.15344 0.1628
0.1336 0.15816 0.17
0.1436 0.15984 0.1708
0.1464 0.16188 0.1696
0.1408 0.1608 0.184
0.1468 0.15876 0.1756
0.1472 0.15972 0.178
0.1468 0.16168 0.1808
0.1468 0.161 0.1772
0.1384 0.16068 0.1876
0.136 0.15804 0.1772
0.1368 0.15044 0.166
0.1404 0.15288 0.168
0.1348 0.16248 0.1824
0.144 0.1586 0.1716
0.136 0.15524 0.1836
0.1372 0.16004 0.182
0.134 0.1504 0.1616
0.1316 0.14684 0.1564
0.1292 0.14024 0.1512
0.1312 0.14488 0.1608
0.1336 0.14464 0.1628
0.128 0.14516 0.1652
0.1356 0.14388 0.1532
0.1316 0.14316 0.1628
0.1316 0.14668 0.16
0.1332 0.14452 0.156
0.134 0.1474 0.162
0.116 0.14436 0.1728
0.1312 0.14764 0.1728
0.1292 0.1482 0.1588
0.1344 0.14196 0.1544
0.1376 0.14896 0.1692
0.1324 0.149 0.1672
0.1388 0.15352 0.1664
0.1384 0.15112 0.1604
0.1372 0.1514 0.1616
0.134 0.14648 0.1528
0.1264 0.146 0.1676
0.136 0.1468 0.1604
0.1272 0.14464 0.166
0.1284 0.1492 0.1704
0.1276 0.144 0.1564
0.1428 0.15084 0.1656
0.1364 0.147 0.156
0.1452 0.1538 0.166
0.1392 0.14816 0.1688
0.1308 0.1514 0.1764
0.132 0.14388 0.1552
0.1304 0.1486 0.1608
0.1316 0.15 0.1624
0.132 0.14984 0.1648
0.1404 0.15332 0.172
0.1396 0.15272 0.1616
0.1436 0.14976 0.1588
0.14 0.1572 0.1808
0.1392 0.15228 0.1612
0.1548 0.1634 0.172
0.1424 0.1568 0.1704
0.148 0.15944 0.1684
0.1504 0.15724 0.17
0.1404 0.1518 0.1616
0.146 0.15468 0.1652
0.1384 0.15492 0.1736
0.1404 0.15296 0.168
0.1348 0.14804 0.1604
0.14 0.15856 0.1784
0.1384 0.14928 0.1648
0.1296 0.1414 0.1488
0.1368 0.1478 0.1596
0.1352 0.14608 0.1556
0.1344 0.1458 0.1584
0.1316 0.1468 0.1592
0.1216 0.1438 0.162
0.132 0.1428 0.1516
0.1332 0.14056 0.1464
0.1184 0.138 0.152
0.1308 0.14044 0.1468
0.1372 0.14388 0.1592
0.128 0.1398 0.1504
0.1304 0.1418 0.1536
0.1352 0.1486 0.1792
0.1312 0.14328 0.1568
0.1376 0.1442 0.1592
0.1328 0.1438 0.1528
0.1364 0.1492 0.1652
0.1404 0.14988 0.1604
0.136 0.14308 0.1536
0.1336 0.14624 0.1524
0.1444 0.15132 0.1564
0.1428 0.15008 0.158
0.1396 0.15436 0.1708
0.1368 0.15256 0.1612
0.1408 0.14864 0.1688
0.13 0.14692 0.162
0.1304 0.1532 0.1792
0.142 0.15208 0.158
0.1348 0.15272 0.1684
0.1368 0.14956 0.1608
0.1408 0.15032 0.158
0.142 0.14996 0.1624
0.136 0.14952 0.168
0.1416 0.14868 0.1588
0.136 0.1462 0.154
0.1368 0.15588 0.1836
0.14 0.14744 0.1572
0.1404 0.15392 0.1624
0.1388 0.1536 0.1664
0.1412 0.15828 0.1692
0.1384 0.15184 0.1656
0.1376 0.15132 0.1632
0.134 0.14904 0.1664
0.136 0.1476 0.16
0.1372 0.14968 0.1732
0.1444 0.15572 0.166
0.1388 0.15288 0.1644
0.1448 0.15604 0.1736
0.1404 0.14952 0.1612
0.1372 0.15252 0.1692
0.1396 0.14868 0.162
0.1384 0.15168 0.1732
0.142 0.15148 0.1608
0.136 0.15464 0.1644
0.1464 0.15432 0.1652
0.1464 0.15336 0.1612
0.1448 0.1512 0.1628
0.1424 0.15004 0.1584
0.1412 0.1534 0.1608
0.142 0.15392 0.1632
0.1432 0.15092 0.1592
0.146 0.15412 0.1652
0.1416 0.1496 0.1536
0.1384 0.151 0.1676
0.1296 0.15172 0.1752
0.1328 0.14844 0.1568
0.1408 0.14924 0.156
0.1404 0.14912 0.1636
0.14 0.14784 0.1572
0.1404 0.1442 0.152
0.1368 0.15332 0.1668
0.1292 0.15196 0.1632
0.1448 0.1548 0.1676
0.1388 0.15256 0.1616
0.144 0.1542 0.1672
0.1452 0.15388 0.1688
0.1436 0.1526 0.1616
0.1356 0.14492 0.1544
0.1372 0.15096 0.1636
0.1396 0.15124 0.1636
0.1404 0.14864 0.1588
0.1404 0.155 0.186
0.1324 0.14836 0.1652
0.1348 0.14752 0.1612
0.1368 0.14656 0.1532
0.1416 0.15136 0.1616
0.1392 0.1474 0.1564
0.1368 0.14904 0.1652
0.1412 0.1468 0.1544
0.1304 0.14624 0.158
0.1328 0.145 0.1524
0.1392 0.14968 0.16
0.1392 0.14636 0.1576
0.1396 0.14944 0.1556
0.1412 0.15096 0.17
0.1392 0.14624 0.1584
0.1396 0.14852 0.1584
0.1384 0.14492 0.1544
0.1292 0.14344 0.1604
0.1248 0.1392 0.1484
0.1324 0.14204 0.1528
0.1364 0.14612 0.1564
0.132 0.14164 0.1568
0.1304 0.13968 0.1496
0.136 0.1438 0.1556
0.1384 0.14532 0.15
0.1324 0.14264 0.1628
0.136 0.14192 0.1496
0.1308 0.13828 0.1516
0.1324 0.13924 0.1464
0.134 0.1396 0.1504
0.1352 0.14096 0.146
0.1348 0.13928 0.1456
0.1296 0.13736 0.1452
0.1312 0.13848 0.1484
0.1296 0.1382 0.1484
0.1248 0.1384 0.152
0.1308 0.13868 0.1484
0.1264 0.13728 0.1452
0.1292 0.13828 0.1456
0.1276 0.13844 0.1456
0.1188 0.14028 0.1508
0.1288 0.14372 0.1508
0.1316 0.14004 0.1504
0.1292 0.139 0.1532
0.1288 0.1422 0.1576
0.1256 0.14296 0.1524
0.132 0.13832 0.1576
0.132 0.1436 0.156
0.132 0.14296 0.1532
0.1296 0.1428 0.1548
0.134 0.142 0.1468
0.1332 0.13984 0.152
0.128 0.14064 0.1528
0.126 0.13812 0.152
0.1308 0.14076 0.1564
0.1344 0.14168 0.1484
0.134 0.1386 0.1436
0.1256 0.1392 0.1508
0.1376 0.14408 0.1524
0.1324 0.14064 0.1484
0.1296 0.1398 0.1576
0.1308 0.14252 0.1552
0.1252 0.13928 0.1508
0.1372 0.14364 0.1528
0.1324 0.13812 0.1456
0.1344 0.14328 0.1512
0.1332 0.14312 0.1528
0.1336 0.14336 0.1628
0.1364 0.14416 0.1584
0.1272 0.14332 0.1516
0.132 0.14324 0.1532
0.1376 0.14648 0.154
0.132 0.14212 0.1508
0.136 0.146 0.1568
0.1368 0.14424 0.1548
0.1352 0.1456 0.1572
0.1416 0.148 0.1632
0.1392 0.14508 0.15
0.1392 0.14712 0.1556
0.138 0.14372 0.154
0.1352 0.14564 0.1556
0.1412 0.15104 0.1636
0.1348 0.1452 0.1588
0.1412 0.148 0.1604
0.1416 0.1502 0.1604
0.142 0.15156 0.1684
0.13 0.14116 0.164
0.134 0.147 0.154
0.1328 0.14528 0.158
0.134 0.14336 0.1504
0.1296 0.14036 0.1564
0.136 0.14244 0.1476
0.1336 0.1436 0.152
0.138 0.14432 0.1508
0.1344 0.147 0.1676
0.1356 0.14348 0.156
0.1352 0.14444 0.156
0.1376 0.14536 0.158
0.1344 0.14424 0.1516
0.1352 0.14304 0.1504
0.1356 0.14488 0.1612
0.136 0.14328 0.1516
0.1364 0.1454 0.156
0.138 0.1436 0.1536
0.1356 0.14584 0.1616
0.1408 0.1504 0.1628
0.1328 0.14364 0.1544
0.1324 0.1402 0.1524
0.1388 0.14516 0.1512
0.1416 0.1474 0.1528
0.1372 0.14536 0.1552
0.1368 0.15052 0.164
0.1352 0.14308 0.1556
0.1352 0.148 0.1584
0.1424 0.1486 0.1552
0.1316 0.14352 0.1528
0.1344 0.14296 0.148
0.1424 0.1472 0.1536
0.1336 0.14752 0.1556
0.1352 0.14392 0.15
0.1392 0.14628 0.1572
0.1336 0.144 0.1528
0.136 0.14408 0.1572
0.1344 0.14304 0.1496
0.1376 0.1442 0.154
0.1344 0.14292 0.1516
0.1316 0.1414 0.1508
0.1372 0.14352 0.152
0.1372 0.14608 0.1564
0.136 0.14984 0.1668
0.136 0.14916 0.1644
0.1404 0.14984 0.1556
0.136 0.14416 0.1576
0.1372 0.14748 0.1616
0.1376 0.14924 0.1608
0.138 0.14772 0.1552
0.1392 0.149 0.1568
0.1432 0.15036 0.1596
0.142 0.1528 0.1716
0.144 0.15068 0.1612
0.1452 0.15532 0.1644
0.1364 0.15464 0.166
0.146 0.15676 0.1652
0.1496 0.15724 0.1668
0.1448 0.15184 0.1616
0.144 0.15564 0.166
0.1412 0.15032 0.1584
0.1412 0.15084 0.1612
0.142 0.15292 0.1628
0.1492 0.15784 0.1696
0.1428 0.15288 0.1696
0.1376 0.15604 0.17
0.1408 0.15692 0.1704
0.1464 0.15584 0.1716
0.1364 0.15152 0.1648
0.1428 0.1544 0.17
0.1508 0.1558 0.1612
0.1444 0.15404 0.1632
0.1468 0.16024 0.1744
0.1396 0.15192 0.1628
0.142 0.15332 0.1648
0.1432 0.15316 0.166
0.15 0.15676 0.1644
0.1488 0.15428 0.166
0.15 0.15752 0.1632
0.144 0.15676 0.1752
0.1456 0.15932 0.1708
0.1448 0.15536 0.166
0.1516 0.16104 0.1692
0.1464 0.16112 0.1716
0.1464 0.15416 0.1696
0.1544 0.16128 0.17
0.1456 0.16012 0.1748
0.1496 0.15776 0.166
0.1456 0.15504 0.1648
0.1436 0.15196 0.1584
0.1436 0.15228 0.1572
0.1484 0.15636 0.168
0.138 0.15472 0.1648
0.1456 0.15228 0.1608
0.1484 0.15504 0.1672
0.1436 0.1564 0.1644
0.1328 0.15032 0.1716
0.1424 0.1506 0.1576
0.14 0.15188 0.1628
0.138 0.15144 0.1636
0.1436 0.15064 0.1608
0.1436 0.15124 0.162
0.1484 0.155 0.1624
0.1444 0.1496 0.158
0.1356 0.15016 0.1572
0.1484 0.15592 0.1636
0.1416 0.15284 0.1636
0.1396 0.15292 0.1612
0.1448 0.1502 0.16
0.1436 0.14996 0.1552
0.142 0.149 0.1596
0.1376 0.14784 0.1564
0.1448 0.14948 0.156
0.1412 0.14996 0.1552
0.136 0.15292 0.17
0.1416 0.15212 0.1612
0.1408 0.15016 0.158
0.1456 0.1534 0.1676
0.1392 0.15564 0.166
0.138 0.14956 0.1628
0.1468 0.15344 0.1628
0.1452 0.15504 0.1632
0.1368 0.15408 0.1604
0.1448 0.15552 0.164
0.1472 0.15808 0.1684
0.1488 0.15852 0.1756
0.146 0.1536 0.166
0.1496 0.15996 0.1696
0.1456 0.15912 0.1732
0.144 0.1558 0.1712
0.15 0.15868 0.1668
0.1504 0.1586 0.17
0.1484 0.15732 0.1648
0.1432 0.15936 0.1744
0.1512 0.15716 0.164
0.146 0.15608 0.168
0.1468 0.15516 0.1632
0.1428 0.15604 0.1732
0.1492 0.15484 0.1656
0.1472 0.15736 0.1716
0.1428 0.14976 0.1556
0.1428 0.15384 0.1632
0.148 0.15816 0.1708
0.1472 0.15636 0.1624
0.1452 0.1548 0.1656
0.1432 0.15336 0.1704
0.1436 0.1534 0.1596
0.1436 0.15244 0.1588
0.1452 0.15056 0.16
0.1448 0.15456 0.1688
0.146 0.154 0.1636
0.1384 0.15256 0.162
0.138 0.14712 0.1552
0.1396 0.15 0.1644
0.142 0.15172 0.1656
0.1408 0.15008 0.1584
0.134 0.14924 0.1604
0.1392 0.15 0.1612
0.1464 0.15228 0.162
0.14 0.15316 0.1648
0.136 0.14844 0.1576
0.1408 0.15268 0.1648
0.1424 0.14956 0.1608
0.1416 0.15108 0.1632
0.142 0.15024 0.1616
0.142 0.15384 0.1612
0.1428 0.15192 0.1656
0.1356 0.14516 0.1528
0.1376 0.14728 0.158
0.136 0.14504 0.1588
0.1376 0.14608 0.1592
0.138 0.14496 0.1548
0.1332 0.14216 0.1556
0.1332 0.14284 0.1484
0.128 0.14404 0.1572
0.1416 0.14484 0.1492
0.1356 0.14184 0.1492
0.1332 0.14604 0.1548
0.14 0.14416 0.1484
0.1404 0.14532 0.1524
0.136 0.1466 0.1576
0.1332 0.1464 0.1536
0.1408 0.14776 0.1548
0.1372 0.14592 0.1548
0.1368 0.14612 0.1592
0.1344 0.1434 0.152
0.1384 0.14628 0.1544
0.1388 0.14436 0.152
0.1384 0.14412 0.1504
0.13 0.14348 0.1516
