-10102.3484282 -9882.88005291 -9105.25507174
-10138.5566881 -9905.93918848 -8646.24094052
-10114.8540823 -10007.741494 -9712.16281285
-10048.9264472 -9757.82122337 -7952.15405473
-10118.0345286 -9739.41569151 -7832.83311357
-10017.2524556 -9207.81579775 -7718.67002973
-10044.4320065 -8848.79624161 -6994.54487321
-10006.4635884 -8708.83171082 -6689.03206748
-10025.9009343 -8264.88390484 -6995.62545739
-9971.78515818 -8347.05673452 -6854.1324817
-10079.3156084 -7304.59611706 -5838.02163272
-9758.41468351 -7552.91257981 -5860.67183739
-7831.11970854 -6500.73990972 -3678.47595164
-9402.0442643 -7316.65963414 -5167.27797204
-8309.1565388 -6036.23660817 -4364.46216987
-9925.5332274 -5781.10291107 -1917.19814556
-8640.76490996 -5875.31578123 -2647.84290262
-7687.3840179 -4994.13817352 -3276.2993759
-7255.44107935 -4085.3558813 -1121.79590729
-9943.25753343 -4678.85688774 -1433.32866729
-6928.67753294 -4022.09370028 -889.457304766
-6234.16640568 -2304.5473557 -960.879656164
-6330.05683764 -3183.27085193 -748.327691429
-5896.31800448 -2346.05458913 -851.693034511
-8330.84450418 -2631.63716323 -27.352729052
-5576.84739219 -2112.26797352 -531.35026219
-9301.87768582 -3157.20702892 -696.047218041
-6811.19902171 -2833.18533925 -910.688043977
-8615.08210206 -2608.75045014 -128.02173763
-8069.57873006 -2601.92247281 -221.856595072
-8762.00919563 -3689.1485857 -491.065897023
-10077.5120415 -2703.53479107 -190.514775583
-3706.93355053 -1883.7846145 -488.043418167
-6486.86648931 -2204.14707945 -179.367179738
-4377.17552264 -1406.74946614 -165.830862607
-9985.79330457 -2129.59477371 -300.343495463
-4324.55587324 -1661.8854866 19.3001508914
-8580.57570283 -2006.61297847 -67.7253291007
-7176.63623377 -2278.54113544 -64.179020904
-7280.46546576 -1452.24830443 345.553172925
-10077.3153069 -2908.87903499 74.6633551342
-4757.38074054 -1362.38661201 254.450193711
-4591.48961517 -1577.57219092 41.172775712
-3643.33891144 -1438.59714176 97.543121329
-10013.5289283 -4199.65475016 -574.756891599
-9815.23678429 -1813.94332802 119.753689676
-7229.59896986 -1582.79113954 52.0703930719
-6864.68468876 -1406.95613615 322.773298624
-6530.8094268 -1246.0270877 227.435845977
-10062.2565124 -3580.6925352 70.026981634
-6937.26252802 -2114.70368942 -86.2671777012
-9547.65944655 -1508.1821009 422.960255146
-8539.83900778 -2073.40741888 5.91945765343
-10021.9635793 -1893.68673259 187.61773714
-10049.0822021 -2766.08219451 -146.416917082
-7809.64481248 -1490.04478372 -156.754475805
-7600.95820264 -1527.69565699 -92.5229894992
-6290.76111097 -2349.14656275 103.305054074
-6223.58925346 -1631.50272172 61.2116234244
-9502.68957504 -2741.2573455 -277.093081031
-8443.50922885 -1628.43041544 47.6690947475
-8007.03682295 -1561.7311645 30.9196285979
-10007.4283271 -1861.13715244 -20.0564615013
-9169.72843527 -1458.67374579 -7.26567780036
-8149.09130086 -1150.23345353 354.12869118
-9853.61326856 -1776.67990885 328.708509647
-10033.1270613 -2872.63230417 237.120440916
-10074.0031004 -4568.21557798 260.701455462
-10032.0834738 -2399.78847946 129.524901634
-10205.3705501 -4353.03556525 403.620902692
-10094.2539522 -2003.87926368 279.379931155
-5741.650836 -1276.82103259 160.537573451
-10066.8395847 -3473.7457011 162.639581933
-9709.77340708 -1965.22799644 158.299627481
-10066.5219865 -2972.38323699 206.033783407
-7780.63869504 -2264.18012662 292.350684435
-1861.26083547 -761.786787229 -11.8821760926
-9924.56436437 -2532.59619989 399.115663759
-3714.56196301 -819.996292712 189.749201973
-10034.233406 -3036.12572738 -152.020542431
-10027.1006658 -2617.97196591 221.348608846
-5333.8745294 -1018.91289152 315.787157591
-5766.21479398 -807.40483934 379.265148202
-10121.304536 -1934.87396316 182.793345999
-3802.98259879 -875.926621675 303.138155732
-9832.98931902 -2227.96677382 214.764572261
-8796.31331443 -3657.2857424 187.217045949
-9964.65188151 -2234.13585746 84.4974565927
-9621.53945104 -3900.91082712 65.9073500198
-8071.91967383 -1830.8195249 253.15708066
-10025.8302652 -2080.81248031 214.61245198
-10090.1733221 -1795.84650059 271.113412951
-9760.62067734 -3485.56185709 -117.980006796
-10035.0063268 -2986.0893443 312.551287956
-10005.5859966 -5005.3432319 241.999049962
-9999.32418788 -3804.25391717 -77.3233969019
-9840.05668791 -2507.02719374 105.32739528
-9994.43783182 -5301.86862447 -342.518355824
-7617.63701992 -1340.16361289 -23.624027962
-4439.15934797 -1399.52400954 -26.0724009748
-7682.02609771 -2100.48872985 320.512137661
-7549.9116348 -2779.40234408 -253.210164911
-10106.5596074 -2598.81032908 246.000222674
-7747.69341366 -2656.81729887 -94.5322087639
-7160.96535431 -2148.07010553 173.605284869
-3032.43790151 -890.610983808 117.945200242
-9762.49283724 -2671.26594669 -256.029230553
-3966.29146919 -1141.51261371 -219.035703607
-10034.9236706 -1696.275233 -7.35223840083
-7456.11984214 -1352.09971568 281.891436074
-8480.84926177 -1922.0427708 -163.346630555
-7418.04603995 -1995.93479244 -33.7173929403
-1835.35782816 -694.231936914 -52.507576488
-2609.33114636 -962.220651447 -140.190391658
-1850.97094534 -805.46354866 270.639335595
-10010.3154282 -3871.98223887 306.860981701
-7156.23076292 -1110.43627568 212.940311226
-9895.69972075 -2942.63514093 169.546001775
-9363.92182122 -3563.61322661 122.669176686
-1370.11939228 -578.32477425 303.850027911
-6434.66400226 -1108.57316085 295.931168276
-6863.88693907 -1354.34744484 383.780903569
-3722.37867433 -734.655876282 377.41997582
-7385.76691415 -1036.10436818 368.778378246
-1808.06324333 -474.121338603 293.029647661
-5866.48597377 -1122.99806867 750.56590847
-2932.18278741 -373.771646672 329.689628623
-3832.95651819 -685.286117902 451.639545184
-4087.46833741 -549.997754398 333.215495184
-7897.80082862 -2103.57938416 382.164007046
-1898.41548227 -193.63027614 358.251620529
-5119.9761491 -1691.29824425 250.183193309
-7897.87927334 -902.619487852 586.561766052
-8107.14484756 -1966.97784903 242.202878712
-8283.5665355 -1646.53113277 308.698881735
-5669.50726311 -1211.67249809 62.6858770462
-1945.15220923 -417.204030138 442.479210953
-6761.98235254 -1529.61719956 -25.2007088756
-2754.84594691 -680.014386346 245.181610999
-4496.61800542 -936.216310672 126.845329973
-1585.27071778 -233.246927583 551.573243793
-2579.20587932 -303.429296585 286.942966738
-3234.86648387 -501.936329249 273.31504156
-5093.99741148 -566.890782111 383.168869439
-1817.73418448 -346.329994277 254.433762955
-2040.33508937 -350.634509273 471.394009861
-1364.07169617 1.63848750763 389.946877293
-2808.4604836 -927.274176243 233.274832796
-6096.46612843 -1122.17907674 284.274578854
-8192.23854808 -882.122003624 573.156025549
-1789.63792012 -394.578147288 484.797967699
-3235.56531655 -790.088287648 251.925150869
-1754.55910087 -349.819553433 216.544263149
-1765.07114011 -58.0000354349 675.722561281
-5822.23495652 -871.241503641 414.571768424
-10143.0061753 -2027.37692348 210.010141166
-1839.22604158 -481.232281514 399.581054613
-1495.48620758 -452.834486468 112.155877569
-1771.64175355 -431.631305473 714.586172137
-1708.54550061 -464.918499629 396.15705859
-9699.471996 -1816.72023974 547.962681723
-7650.9183409 -772.468290241 556.491900648
-10122.6238868 -1485.57616589 397.725551012
-1445.06049553 -146.692096213 510.994081011
-3880.76185199 -745.92662091 360.935228081
-1790.70913119 -217.757206602 546.682259369
-10093.8713562 -5908.46350947 392.635311378
-827.81858126 -92.1549458547 369.867397716
-2702.44589173 -186.538783953 372.755402514
-641.195657776 63.8728769615 592.253931994
-10120.0072145 -3433.53071519 470.955250597
-10086.7180104 -1253.18502198 429.052290605
-9172.15257703 -1848.21592329 317.355161087
-9323.26735281 -2341.92412816 442.787267345
-10185.9568122 -3111.97064807 383.775823535
-10199.0341165 -1772.34821256 356.853404454
-10075.8899501 -2259.56234138 186.983718246
-9586.91757529 -1905.5790256 308.758669008
-9009.61607659 -2534.50504727 282.267000164
-7852.18725184 -2497.13225875 370.376532682
-5746.91325844 -658.222002056 329.933638103
-8269.33530561 -1951.97816664 346.325403068
-784.641671739 -253.452186001 210.704395641
-10047.3770685 -1463.33997049 155.942367874
-10038.2346751 -3119.77685806 417.771078813
-9978.15306357 -4245.63607803 -239.883054125
-8742.89070527 -2983.11597481 -19.9257603598
-10131.9486146 -4055.90056672 392.498963291
-8594.54457989 -2779.65842349 -16.232311953
-10121.1970107 -3718.67837402 -118.291802198
-7781.67886499 -1397.12545787 301.243437992
-9916.89026279 -3997.44195789 85.5613656125
-5073.1295768 -1352.68130695 354.989686646
-7171.67077401 -1187.68950063 495.233935649
-9632.5046255 -3446.36881825 208.295605503
-2697.87887065 -773.514422787 -114.538869713
-7801.53450849 -1806.24667587 -38.7337822279
-9954.76039805 -1821.33859012 273.063761055
-2337.1889157 -432.589265452 216.503005349
-7662.65214327 -1782.56194865 318.033995696
-8074.05073541 -1363.58911209 28.0490434686
-9237.19694289 -2008.55320118 656.573043487
-7834.05348922 -1300.37978338 399.065642762
-7536.90282111 -2521.67745784 234.652572116
-8675.0301355 -1533.97000703 568.399345414
-7796.95560296 -1385.22293327 -92.8171396709
-7749.13336905 -2096.44271711 70.3811584117
-9637.93625932 -1129.96923853 88.0150974938
-8216.71735557 -1353.20104356 246.894473627
-9219.53769958 -1690.64500614 269.978390405
-5101.64506567 -478.629513679 436.130692383
-9854.43411304 -1895.03365863 176.053800757
-9907.22041285 -2349.10620092 442.646407845
-7525.86131903 -1217.2067263 89.5207285789
-10156.2841918 -1301.351442 280.692965177
-9485.83592655 -2914.24903859 687.712611294
-8373.65551791 -1830.97232549 306.501115198
-9994.28756067 -1409.95571989 561.038814881
-9845.78249752 -2340.1546704 191.46343303
-8754.99085208 -1473.82709057 515.149776306
-9862.29878175 -1623.28668594 644.260404127
-2106.22310907 -700.60802252 149.440412354
-7303.89781289 -1372.58014674 440.968451733
-2064.68570022 -677.29652096 245.63818714
-10005.9569586 -2213.70730379 319.715233928
-10009.6200687 -2630.77664706 369.064199521
-8478.09658304 -1781.11785229 332.930866811
-8543.31893736 -2105.34778164 134.789966159
-7995.72099915 -811.11880607 522.655037426
-8416.25970597 -2773.35643345 432.335073279
-7715.12946387 -1949.80710693 -90.6434420763
-10053.0716721 -1203.86393476 349.226341967
-5445.95917275 -798.912194865 396.993526866
-9577.39791015 -2022.92277737 133.249606796
-5694.8918788 -1319.14302294 63.0197272739
-5951.4886181 -1530.68822716 282.297534587
-4541.35432397 -651.158286853 411.132027068
-8715.15420845 -1334.27795423 32.9675893587
-6420.13707408 -1168.11991267 365.832696293
-9924.27681097 -1257.58172448 696.65328715
-6654.09202044 -1207.64347581 519.691144694
-5589.34486417 -1222.1952646 528.372381163
-8214.91161543 -1815.74498964 655.652230338
-8444.42359925 -1145.66182142 427.118947431
-1686.44937079 -41.7875256815 723.802590403
-5107.73945801 -1145.5213122 312.889343488
-9669.17431308 -1721.75036857 399.39770022
-2391.2922344 -467.533691773 421.020390365
-7996.67453322 -1485.76790395 488.145388838
-6165.20144025 -1098.63838942 572.776342965
-7118.79156961 -1873.9021809 404.082280619
-2581.28154199 -929.009386266 183.208478967
-5446.39153264 -1012.74609504 491.615585813
-1904.92903457 -931.905815035 227.77101855
-2066.60974184 -180.983680043 867.276918411
-8297.68307791 -2911.3879984 115.402748438
-6535.76751187 -2444.62584846 479.811353029
-7545.96321875 -1492.56309098 619.879307648
-7859.75641406 -1161.94213276 283.07960109
-6407.58244347 -1458.36905723 293.70715574
-5589.21660108 -1337.19604882 403.994999321
-5696.07039964 -1854.61371183 136.717806035
-2809.93998476 -499.67825711 564.054219904
-6490.5744037 -1353.47562144 472.98967487
-3809.79797497 -455.954777794 749.186407047
-1986.51355547 -286.880323471 683.838927151
-8014.90639949 -876.774621114 509.99728885
-8659.54429744 -2715.22635399 414.949751476
-8730.25935034 -1958.23273831 526.406132637
-7317.18670584 -677.561258158 438.885107769
-650.64221822 -68.0093128311 387.35117571
-6021.60676489 -1884.6275217 5.84755167583
-2018.6931149 -267.897375051 279.841107151
-2967.63118367 -238.904267486 505.811964298
-6193.4002427 -967.559057332 251.599648856
-1781.42135423 -287.101441829 600.622164065
-4295.97662784 -532.212911002 477.006470041
-3047.48509305 -356.217545361 454.36072227
-5381.17865199 -728.77861809 527.710215957
-8705.48326393 -1408.71843852 600.615644244
-8966.5007855 -1106.08628308 436.645890656
-8308.82761279 -1627.84931045 574.021859799
-5311.66023647 -593.011746591 679.671063977
-5272.42736655 -545.694921293 505.366560861
-1385.47549453 -420.712784851 606.314016497
-8685.17467837 -1011.95906211 337.259738925
-1777.42007873 -380.006772517 392.904110597
-1775.77818118 -215.869603994 821.179441008
-2695.91211818 -543.34019868 117.499366726
-1766.84129496 -261.459329168 722.221183029
-5763.33246487 -1274.00917049 713.472956828
-10164.8279414 -2302.56078335 484.094349491
-8057.01620208 -1443.13778136 203.80404158
-3429.64348096 -1089.37548406 -56.9175872177
-2438.7138873 -778.075571592 190.421038671
-7117.0089681 -1530.07698687 652.568410574
-10018.3713873 -2044.4432751 117.846880612
-9897.52142013 -2077.39366797 67.8527238951
-5690.79248765 -951.880116931 112.235660633
-8682.6852702 -763.542374883 740.482849694
-5148.48278069 -1257.84643669 378.74348382
-9833.71437069 -3290.32830933 273.926811621
-1685.08622328 -291.086836307 684.153462769
-7241.40540619 -1371.65543679 613.669259729
-6225.03819595 -2040.97838827 397.499854018
-4317.94525822 -819.218148515 788.040512624
-5427.93880953 -1204.3358997 697.182651273
-1681.08297214 -206.531788478 713.593623135
-7400.53931709 -1324.13626055 641.331162109
-7763.18765326 -1111.08324158 814.432955033
-8668.35314976 -929.27112897 390.954624669
-6279.45087441 -743.140235249 783.604510803
-3463.92453436 -1008.04140042 86.9608271122
-9151.624482 -2094.19532964 610.64419225
-4275.68816598 -887.375585103 -110.213478989
-7969.19991297 -1490.22534591 792.20867151
-9549.20407322 -2021.598358 809.665356762
-1745.8139407 -516.071371565 385.051575684
-2404.03210191 -456.478022802 747.879637951
-2098.20191087 -752.002532902 755.316130392
-1526.48023818 -237.321093376 724.254420844
-10433.8972794 -1919.48856398 630.294877152
-949.240107026 -302.601930579 192.920340246
-8185.94892417 -2465.48918354 189.06755811
-9855.36431934 -3131.75465977 297.041817962
-10120.0258375 -3163.83830478 553.74216857
-9800.04403743 -3597.87901358 684.335783823
-1979.37934266 -94.5805234704 502.224472813
-10071.5707694 -1435.86906239 156.850226012
-8573.47557728 -1606.94414402 401.544298757
-889.167574001 -150.93876578 425.387835527
-8296.00126564 -1021.50457602 376.804696598
-10342.9113874 -3748.99008409 550.825311603
-3090.84440392 -779.057810248 666.516582609
-9159.32863078 -1905.5176729 605.153674124
-6538.54332687 -656.806566373 603.738239551
-7985.66927676 -1685.24293619 293.077843836
-6280.26615313 -653.753872623 537.20844295
-4558.08658031 -821.861595169 625.912918201
-8235.40880142 -1065.9660026 676.95461571
-8256.8908319 -1393.32119355 779.267814675
-9526.66408108 -1600.56470289 757.51478789
-2764.20595538 -717.674179983 240.93979739
-5767.44354895 -1336.25209334 668.672724767
-8087.95261012 -1690.2433536 417.164659314
-7906.11376003 -1968.86756753 566.183268219
-1017.508477 -455.784950006 419.28454571
-2718.05806647 -817.963116291 620.890657257
-7233.75708932 -813.106233785 714.619182983
-7823.35153436 -1060.82067403 410.186251995
-4163.67342957 -1149.20286615 -115.310210562
-1211.99793452 -250.36989915 227.65944467
-7902.021776 -1773.69199753 352.709014152
-2528.34672521 -513.732009815 332.123142829
-8273.33881253 -1522.62721073 161.728772745
-1288.79899029 -323.73952348 404.213692495
-4612.89683399 -801.230824199 749.846637091
-3278.82694667 -753.558699285 734.652618736
-6900.35565075 -1453.37403778 485.581582698
-6843.20415094 -1510.24461899 84.9525023737
-889.472243375 -237.16991775 403.405272064
-1792.95042332 -685.503301238 254.954520226
-2557.4695065 -644.838490771 338.387291207
-5892.95286816 -1520.82047327 595.737147013
-7052.12577719 -1097.19208534 756.617303609
-2642.78464726 -311.306924017 384.635344078
-5918.51145409 -1597.25789858 628.983346383
-6840.5774747 -1432.89591392 533.178316043
-2747.97488365 -485.281801122 472.803972461
-7656.34053687 -1284.0749162 769.845844006
-8332.00833583 -1947.39276906 25.180375033
-993.568181251 -218.74405997 729.521089786
-5723.54466095 -1555.49960098 368.000449301
-10081.8461271 -2270.56756354 290.098334779
-6816.55418681 -981.688118429 274.820467031
-2021.74443192 -355.055778883 135.567995726
-6329.60915661 -1004.6350073 694.132472046
-7432.64429219 -862.66639919 455.110309264
-1187.56394794 -14.1880182252 533.721917854
-1573.81645748 -111.217516307 601.068590178
-8213.58737002 -1592.55309326 509.42223179
-8513.91312354 -2203.36608154 277.73039568
-4423.10312439 -712.047363652 505.329227706
-4376.82438296 -1379.3137858 728.659640852
-8612.6831599 -1405.712485 577.141685608
-1597.81639616 -184.206188156 635.690141637
-8501.55015825 -1879.48899841 319.082930242
-7217.61920907 -1612.99902478 244.460972431
-4249.68791612 -655.717029163 825.363683399
-5503.88624456 -1368.28436789 423.99689902
-6442.61123927 -1724.61816058 111.038502977
-9693.53120075 -3305.6901342 317.045428839
-8342.54322556 -1805.01423786 417.787467752
-1740.63199362 -288.81437352 266.655282159
-7787.2158008 -1629.40059746 151.180664898
-5032.99502486 -1423.37772878 274.747405813
-5278.24959916 -935.908676782 346.233541063
-8639.83715744 -1090.06666696 622.148090298
-6088.50049581 -792.570111513 764.583573601
-3187.4443812 -458.774741706 797.718378751
-8246.81834901 -1354.39316869 438.228309106
-616.108464109 34.6001036751 503.818716311
-2740.8098723 -437.191048178 549.805307847
-7259.67931326 -1015.43997957 236.539598374
-10362.35682 -1010.88443728 656.218621121
-1146.5138486 -627.154087793 -34.6821241246
-1734.63122067 -332.021783203 894.677790787
-7278.34116366 -1392.51512666 365.107967457
-1754.37234651 -428.598100365 524.635229038
-8430.49485853 -1904.490401 79.0023449425
-1738.06755876 -456.110571842 36.8149263329
-3715.44206948 -554.178836014 522.073045788
-1389.81548591 -354.681503466 858.102306243
-8164.27632095 -1699.01884765 821.515033809
-10302.341994 -2043.35592091 489.768916927
-7654.14470315 -953.649004434 796.832415091
-7092.71007738 -1345.84961017 233.881113171
-6823.25110076 -1643.56019387 506.945804928
-6703.81418901 -1134.86674095 629.668002986
-4058.90321061 -1453.61341956 -244.648752091
-1021.12054352 -110.655593231 471.450787269
-2205.5690997 -945.641984157 616.876873976
-6684.73945595 -1959.19330167 321.220706651
-8808.50867482 -2168.65779933 83.2054917734
-993.631483336 -418.103470552 311.01228845
-1622.54603012 -272.611068476 327.797632486
-6860.01474149 -992.31022687 296.103664267
-1200.4087288 -403.670376444 -54.1348231752
-8400.05954187 -1918.71387742 535.595773403
-4459.76661675 -1009.93043148 897.316759118
-991.745259807 -380.169884524 151.743739819
-1782.0912561 -592.104198792 596.06329889
-1572.72942322 -196.669283177 745.225407383
-8547.52630198 -2064.33195445 180.866278719
-1788.69893116 -977.759835366 -194.192224419
-1609.86016063 -356.954983669 591.327422699
-658.904821008 -143.394330869 544.413621527
-3071.75298638 -1048.29504821 661.240703483
-1799.14792639 -563.460829928 396.77216493
-8340.71682275 -1719.6120458 840.754232147
-9930.56070253 -1333.96531149 626.522243317
-4766.26603774 -1275.63393581 148.77813813
-1837.58499484 -453.918545419 584.2026659
-1787.12296605 -530.073798989 725.215859651
-1796.89581502 -410.935031963 522.001403613
-5806.83142956 -790.652650308 551.950522391
-1568.20174909 -246.423480538 683.749973933
-9848.67137919 -2239.65669828 285.065754891
-2301.64710179 -431.251462887 810.295979503
-7254.57765706 -1168.07712657 250.643210346
-1927.91390083 -732.1758329 40.0208200424
-6981.06792271 -2139.88999933 -7.54823124074
-8548.76578745 -2841.41375707 409.764326524
-8769.61078768 -2045.1141806 593.61975001
-7855.7125059 -1865.30627496 364.973635231
-2832.44744773 -482.794989369 593.477309315
-4440.02997425 -930.91189852 205.957568905
-3030.72917372 -344.385737384 481.869672391
-7779.82773774 -1834.2082511 358.113123724
-10427.8139301 -2296.46873633 615.37012381
-10308.2428815 -1989.94804739 184.02156874
-1230.44546768 -173.905728321 264.007777004
-2211.48272868 -548.057021142 866.886192252
-2111.52758643 -640.357927661 723.066639751
-9426.35982543 -1466.46511154 449.097988928
-7177.19870958 -1138.25286718 580.070639092
-8331.46211525 -1204.21006906 333.193292588
-8322.93405071 -2642.22057857 665.614820307
-8440.19179911 -1635.78324582 608.065680042
-8298.716207 -818.158794106 753.738502983
-1483.65986553 73.2116197499 554.705452131
-8041.8994759 -2364.3341306 618.485134925
-927.649629482 -231.02718522 629.392266672
-1732.23742114 -668.659966016 646.087136711
-4020.26797481 -989.497612783 202.795768018
-571.433167134 -33.0952610995 749.005457271
-5291.30708218 -506.881625767 537.162072199
-1695.50986207 -305.530664118 876.446788446
-3385.86380434 -296.506756701 961.066247374
-1789.90753823 -839.679594335 739.083536476
-5785.42275794 -1244.8472774 656.117248424
-8932.50668228 -1366.46773226 599.88770067
-1716.80795682 -387.355267133 742.597262207
-8406.77293425 -1037.52110019 671.304468522
-2936.23760193 -765.249107429 448.955926508
-1467.0978257 -597.515772655 110.239801289
-8665.57647047 -2033.6704285 248.890902357
-2685.14908676 -462.506448938 630.777915386
-5999.06034776 -1269.98453362 265.238146584
-5895.18100528 -1232.34443286 168.577646243
-7409.35706633 -984.457871133 216.406618573
-6841.87394966 -1276.83531875 363.287459055
-2375.59177077 -830.725315246 469.052457148
-3127.05941611 -531.909662622 309.744409312
-1972.20138744 -676.008180188 361.20513433
-5622.09784891 -932.524016553 223.244406626
-7899.87658099 -1457.13017854 660.997421387
-1644.41745651 -596.75678176 414.957507055
-5782.84495057 -864.140281809 511.198762278
-1846.92837853 -391.370726951 656.16584639
-3422.02520484 -720.554750941 710.931387883
-1060.4830693 -3.44109668679 691.192158231
-6407.49255491 -594.523397989 713.473330963
-10454.2872351 -1705.39353025 118.304907972
-1702.27179523 -739.75954534 -107.580178268
-7628.92841273 -1428.62457412 575.24323207
-8632.92280472 -4152.198404 89.003532278
-1260.60227068 -299.755762301 625.362310978
-4106.66066206 -658.310982106 770.48819338
-1693.90173769 -377.693424094 312.845924031
-8201.47729506 -1273.11098769 240.315168765
-6806.14778964 -953.549262206 233.046552452
-7960.28904796 -2069.78049699 557.731180027
-6323.63972758 -1077.42778326 411.144423441
-2285.53366282 -508.836931279 318.200286288
-3808.30204491 -317.776210417 490.952101165
-1717.29668129 -292.795581301 374.18108543
-8285.92858567 -2275.05566799 387.787852776
-1659.34227446 -310.369164178 351.487592194
-8280.55137727 -1114.4706738 779.813771273
-4398.19746348 -1317.89536066 525.733223633
-7913.73998811 -1779.02277856 813.452851841
-2495.73464415 -411.292376354 490.283542812
-1381.48627876 -313.023984487 369.980540752
-388.540587556 258.553915108 901.517776739
-1433.88495474 -559.445871607 350.782904882
-2136.11302395 -435.169177654 818.353896397
-2027.29801294 -315.240064698 678.207201647
-3877.32542934 -298.674131223 715.886977592
-7892.935122 -1976.75927042 625.765184363
-10220.6268793 -2735.10778705 661.857489679
-8259.67290325 -2338.25717599 664.892659504
-3014.7761226 -441.490463647 878.556719098
-4017.51892618 -919.005990948 128.316376416
-1775.28930671 -312.403041482 607.861906964
-10116.0922698 -1427.75132495 284.957359549
-10310.9387702 -1983.6931547 741.841971482
-1469.13027765 -88.8693956663 859.46963646
-654.207989213 28.0626598354 621.031650922
-430.271705195 37.2841521072 703.353787814
-3960.88835191 -1066.56627503 728.032954508
-7186.50309876 -1419.15711088 730.354655169
-1799.52678041 -399.852409865 963.908735556
-6701.12852809 -619.072421684 876.317351141
-1481.46726798 -117.333022964 728.471510964
-8089.02512561 -2864.4526931 403.411660654
-4107.97290496 -701.326684171 465.296893145
-432.609511022 82.8398296871 813.716868527
-829.163592843 35.553840753 530.564215155
-3817.99121636 -439.822150402 829.590270944
-488.710070168 -90.4514301871 792.39256763
-4811.44087916 -769.647265074 525.458917971
-2677.53308967 -663.387846165 467.560805888
-10186.3743963 -1721.68280734 622.722215719
-9612.21367562 -1940.33581617 782.4834259
-8103.4170003 -1081.31110159 740.050897292
-6995.30459088 -972.029593642 544.344295081
-8106.3130742 -1693.37832932 609.605017421
-2029.96324168 -36.0448278571 667.698901755
-4879.13641921 -774.533180102 548.422605589
-5085.03255424 -1693.69391494 72.4137394807
-1714.84029197 -400.969243202 560.759091428
-4369.0873422 -509.267511954 727.58385132
-6737.90792185 -311.130169904 904.462015603
-1146.01423607 -133.536082023 979.674871378
-8439.84178 -835.624307378 870.56386699
-2862.82643465 -335.87868861 838.540176278
-8882.79572776 -770.479825117 625.143034162
-729.899856016 84.8068171215 981.721134186
-6176.15447858 -831.881700534 1008.00010737
-7577.21861259 -943.582401991 575.285781308
-6242.44853961 -501.66285312 993.42491003
-7106.05682489 -774.847963082 922.463725292
-3168.85544286 -313.919680928 459.338189258
-7803.15432419 -1376.0007891 1002.30143446
-680.161863403 -9.80265417742 877.996665426
-1557.6412713 -259.607737542 1055.12988988
-485.906003042 202.728658497 879.000688798
-393.358487996 -118.150331825 548.959163946
-1766.95241384 -173.499344929 822.630504213
-2291.40413859 -624.416022776 348.910118704
-6325.95082854 -1129.08220333 799.702390181
-632.003163584 -16.5885086672 875.629900786
-1390.90582949 -201.991189495 724.063842524
-6627.29145644 -532.113987154 752.669319224
-7986.4640914 -668.418047224 644.022753615
-1345.85735117 120.567674633 861.296514931
-7663.53099658 -1721.44153322 459.43510649
-1802.27596048 -305.316740328 408.198066304
-2571.98657186 -192.104009972 584.028193416
-71.103212823 166.224642709 403.481535099
-1773.25843347 -271.996978819 461.218820708
-756.909305187 -84.8666577585 477.077494176
-1246.64371698 -71.2886769175 576.03483447
-394.088289785 39.8321254927 488.713879823
-1742.11680987 22.23277721 822.5296868
-4418.65675413 -321.755165332 993.219044271
-1681.77327335 -161.913822271 628.649014384
-556.887456144 103.931753271 876.835406015
-7896.47318584 -1435.85412687 726.745016557
-1358.11981844 -42.5755866348 814.188504948
-1752.82488144 -384.978233526 455.203331311
-2601.76745491 -603.121133934 524.51184988
-1178.07850136 -63.2456669105 560.376170131
-7950.66581333 -848.346524229 745.867766968
-750.870107105 3.73059578303 673.172316634
-2041.45524272 92.1717611873 733.395581581
-1364.34341443 -86.5443944306 682.292793796
-4133.25283983 -335.102009158 574.091539192
-4608.06123184 -557.9310897 577.21324316
-1606.4238349 -183.357404883 634.472280241
-994.493072238 35.8582360422 912.208392044
-705.201517653 6.89498341899 828.375854207
-768.451495665 -21.7399964059 911.180151937
-495.906124336 22.2655375538 759.331283318
-3401.58770236 -483.411158771 734.971055509
-3923.63065917 -533.185850724 752.098913786
-687.414859832 -63.6514516646 760.012676789
-1531.91757095 -55.4230641169 759.705157418
-338.077597553 108.013638608 624.940838989
-2471.06093927 -537.783296551 983.456722438
-1392.04112773 -14.7634426115 786.602400651
-782.329090989 -134.76244515 787.82746661
-930.724831908 194.501252763 872.24115359
-1069.73620712 -127.341499758 887.738427482
-374.012412383 -69.2861845001 365.529856508
-775.214768726 -7.18756034688 857.108315327
-3790.57181917 -791.698531688 748.668745659
-424.998163984 -27.5617782849 734.78416012
-1656.55874906 198.557293116 915.146718267
-357.103317783 168.129545423 845.243223038
-423.464411185 27.9505722213 648.525874831
-1487.29305243 24.796027353 657.070921069
-331.093194165 40.3887265764 833.876286558
-1718.93000387 -220.792393058 921.078352783
-1190.99543954 -61.9582532617 883.885067481
-832.691867035 171.147905141 886.796658137
-483.765698827 78.9599220696 883.722905475
-4821.23919609 -329.848758134 564.055117402
-1251.88821033 -180.785522252 747.809386663
-10056.2420913 -2757.44388599 717.114268481
-6977.13717077 -891.497848828 468.208078608
-3553.50266081 -340.319464538 547.629600259
-6772.82900055 -715.092604401 540.414811184
-1612.83251154 -76.302745019 767.176255419
-721.518012657 102.955110587 694.32924686
-7002.13533492 -1099.80669925 294.571659374
-9566.57423537 -1569.79770614 724.369260711
-1033.2887056 -291.43173165 273.37387756
-4174.517487 -339.828857855 522.68518233
-8700.65617888 -1350.21269491 507.974791333
-1102.59419181 -76.6971172094 955.712042916
-723.455537105 8.58521016892 810.160632399
-932.011427287 -86.7047273976 994.761225141
-6599.69756731 -565.21925165 624.448488531
-1056.12240976 42.1736312937 548.488197415
-1062.48832164 29.1396282487 805.273066122
-6755.86325038 -296.648360006 687.83156038
-733.50498396 -54.2700899711 542.424111519
-991.819137133 -51.7692676647 881.35553876
-7471.73777079 -427.281969832 918.354315177
-1412.17672251 -6.39763855564 773.879088311
-322.039821679 43.799072713 685.020646247
-1618.94025429 43.8620317198 807.371304452
-312.912101402 20.5591901869 794.742923784
-815.259456956 -77.5711875581 694.574411023
-658.403658233 -150.813438923 675.799208056
-324.82041313 330.441001105 831.402574366
-2550.4898133 -97.4639534283 799.120853268
-1700.11709711 -53.9389015045 414.35139302
-952.222688586 -109.696749818 690.07914752
-632.584227903 157.467578637 928.248825355
-1451.80873167 -104.548730281 530.563965996
-337.331904656 186.77619114 625.618105282
-1219.27069687 172.693161121 744.614006154
-172.758471696 386.486585454 840.01265304
-319.319333156 75.4396644577 894.631737425
-320.873345555 172.282974578 713.746274422
-803.219505864 45.1116184785 604.730751147
-4776.5701052 -684.353570808 872.362803556
-10452.2378997 -1152.56448166 681.139579225
-712.250009618 -159.071121799 366.086617871
-378.01521069 56.0752054283 586.017201522
-5427.56315087 -343.692174971 857.023590206
-427.611302314 319.300841578 834.289194607
-895.626035314 200.136087161 647.259462913
-348.331876248 106.680403014 848.210418849
-413.138839743 58.7899947567 829.296984462
-9614.73463791 -748.574706452 634.528850209
-605.403824918 294.51711575 751.518308169
-6251.29118106 -603.156965008 895.594967606
-739.000663714 172.690897556 876.855347207
-585.499485722 93.9846972595 638.389568232
-2999.08411492 -252.730500748 917.308591705
-394.086434293 208.57060003 936.869116057
-700.146226995 163.048722717 828.455664963
-601.636881129 217.960423485 842.284275498
-327.010943729 167.822910134 756.376368976
-156.908447024 501.781029842 1087.04480083
-438.045345174 222.566383171 910.993227988
-637.60758453 90.498461256 904.032556008
-340.141918846 -42.0693813485 267.647573762
-293.866290757 227.206626376 977.593820835
-405.305095379 127.812064682 765.264258234
-1892.16377245 124.170277968 821.904844639
-598.156376361 162.176339685 818.687126559
-719.115644509 172.107280571 1026.25006349
-390.302820996 290.928024695 899.752735144
-8402.06374369 -776.50314538 711.64063232
-632.021644278 169.78256584 878.109211567
-4062.19604634 -187.919927151 868.938534509
-7214.65021058 -480.889693168 953.187304779
-289.20654488 182.424057621 767.991359446
-1992.66812346 84.4665787549 751.615800616
-636.287270654 158.053745156 761.975814006
-339.808375829 259.600608583 922.562526028
-368.828657603 208.197107579 786.436094195
-645.826815479 233.008474649 831.653761807
-2199.98746922 -156.586718674 725.15786468
-10531.5633444 -986.618913928 721.028107307
-1027.28519595 277.292351475 1026.5214642
-116.155225875 438.326112996 913.451087071
-354.025696454 111.995799768 887.196758368
-6168.37533351 -611.284631045 826.119902212
-687.38984334 197.271409009 993.436859646
-188.939147435 336.800897963 1095.83229794
-10420.3753732 -913.599425287 928.205852409
-464.100364743 166.489016702 839.470417488
-3323.17686274 -64.2265860848 852.674640048
-1127.43892416 320.258844019 884.976544783
-10069.4624736 -769.166774938 674.65340479
-2421.77044007 -154.726343847 798.914294331
-10536.3499666 -969.573396239 895.927431776
-893.962320618 -52.6903477626 794.688362035
-463.470946163 5.79709750735 874.598590348
-266.93503169 159.794787803 579.919150864
-311.828164752 290.485672015 771.674987052
-734.154784289 163.564416431 714.16223351
-1078.27797808 -53.6404247283 837.085757622
-2319.55447327 -151.794020067 559.716154221
-1674.31007219 81.6523231895 800.013801498
-819.197161813 39.2143759255 742.792158092
-4752.56124977 -687.161558656 850.617221919
-545.440639912 11.3530392357 970.869269102
-3451.44937159 -155.270494132 1007.0634761
-1077.27943834 -47.3448499137 800.369995773
-1138.43956988 215.889955722 799.217722315
-320.007444224 202.96123949 670.341800639
-5083.05695443 -272.242467467 728.285088741
-8265.77696858 -820.163896006 810.105709314
-4803.1679517 -464.518577968 714.647865835
-898.889685134 -30.6346450111 940.573517147
-532.613038039 329.763843525 1023.74111116
-620.167686694 93.7702086071 752.58624999
-492.82162631 221.60636463 604.785288277
-379.960582111 418.185515758 1113.06830222
-640.538820119 143.974048772 856.715116927
-292.579692995 186.135307526 772.443423644
-2620.6619439 26.3714392811 847.195785637
-205.551720242 416.208938956 867.284807981
-2634.68155062 -157.309617859 676.542791622
-4104.24923318 -262.13940524 1062.43461005
130.222567334 567.78548379 1113.30144238
-330.037476721 321.501865948 1063.89341976
-1675.90684284 -206.146354838 795.788561901
-6746.18371694 -729.620654747 1024.88560535
-3171.60897286 -215.905055362 754.174658164
-298.224122407 187.370560355 670.354910535
-5835.97789185 -992.603615945 688.721677707
-259.412206539 250.4429295 916.651790249
-1674.0549945 -101.85585115 821.684883164
-627.963824916 176.582969664 866.747285375
-1017.95743022 229.770951491 1061.69598137
-146.043574351 341.586630904 890.947273478
-4143.99367347 -722.492557837 885.532756481
-4853.46611242 -555.239315643 798.306057483
-2690.35591188 -2.45098916336 976.511599424
-2600.36003532 21.9492548716 868.747685978
-1032.86998351 373.469744487 938.804997601
-9931.41323504 -1155.92994505 389.554131117
-182.471882808 437.273125066 986.783218568
-369.326178022 152.898792295 640.003338143
-1125.36386912 192.135814367 829.546192044
-372.561803972 188.631508684 750.947118531
-119.046861086 367.453899202 928.715322529
-537.050308679 142.205309074 858.986729537
-188.465062653 306.124110411 985.938844068
-1476.8127284 89.4252491572 942.441873841
-205.06211524 382.45915551 1024.56142595
-232.285790429 337.514819398 926.150076071
-395.13182326 218.350514174 1006.1169894
-143.526400933 174.973430719 1091.52630355
-248.992131232 292.953545357 1037.6532088
-422.864809872 69.194545782 888.013432412
-79.6780703691 430.70684608 900.561015322
-1026.46077067 279.126138705 924.773256071
-146.354749367 285.68085859 916.54613409
-155.01166121 161.829704483 828.591057055
-831.165930826 142.935528826 923.064123422
-782.191614201 168.417088458 866.896379965
-301.515685713 199.92060905 875.898676861
-261.011904473 529.983327428 1077.0948542
-636.289245611 98.4731567278 977.322181763
-271.05404469 219.45300184 983.254812768
-178.537813483 460.293914184 815.840512285
-184.07411571 451.773793358 912.085809298
-432.562969919 174.089094616 1128.65750613
-254.498923126 436.27763702 1132.12346801
-4132.78750421 -375.321906335 852.655167466
-267.166807547 383.540627536 1029.24819339
-308.656721917 19.2585079305 743.373167654
-5270.67869255 106.924535591 1152.95222481
-1769.52174551 -30.94787641 1004.79140767
-479.963638559 488.946822236 1002.31750959
-2348.91553227 149.269006148 799.880860026
-349.619289154 -20.1836391351 856.072866213
-220.457668666 530.86973642 963.638391514
-301.722324663 138.610692661 742.954449816
-377.672884196 69.49239382 957.494296878
-10179.6091488 -905.684988346 937.596579302
-1323.38052129 211.879517326 1041.27178337
-1014.46750006 103.913827868 800.46146847
-206.707988295 461.985793727 920.09378768
-132.874480711 570.700954681 1066.70441287
-167.626796394 499.445094501 842.878578629
-2538.46650781 168.409060598 1051.68188316
-297.345939745 206.926238885 891.103423823
-306.410191944 357.207073803 931.136112921
-509.928952053 313.364619502 945.287114116
-522.167666835 320.721572154 895.240918468
-194.305596996 324.42290761 882.610340429
-2208.88752053 84.8878250984 957.847793494
-291.428316068 506.240375652 977.738385083
-590.509834851 284.096579564 768.22685517
-383.212200731 380.699064019 911.949865744
-533.026621913 208.010930395 762.554343068
-332.928442595 203.587401841 652.160012921
80.9051312882 384.539638176 744.95699496
-1306.7150351 193.740084933 868.065543774
-1281.09822338 34.4167435172 852.059584655
118.87410014 470.713718716 935.468815611
-518.8304371 189.107036682 938.721400338
-126.116208315 273.508535948 899.338128129
-332.85632899 453.825451626 941.982410543
-498.253350885 81.7318962757 711.521007784
-321.143259946 368.543888976 938.669551758
-5823.1944154 -313.653598379 1013.91731966
-252.954849845 191.891626085 814.940156561
-115.894099301 376.81583651 980.213143072
-661.408920871 213.566188247 1085.84715376
-365.646445517 245.405813514 992.218533456
-237.823106986 457.928338523 1055.77476132
-184.618657694 197.263977777 608.506729111
-291.602267046 415.832916706 1005.71324643
-191.698987201 447.834065386 1085.59489709
-247.787617482 395.004662085 1049.55500596
-739.423109837 299.36852275 997.339476263
-227.887469435 381.088821621 1047.14359564
-217.493731366 306.35930721 856.792200601
-314.660133463 418.935817282 1029.07388657
-220.899357249 325.322780414 933.325017291
127.295337201 624.235956077 1100.64856577
-273.589142205 409.781444815 857.984228924
-358.228717271 306.614346108 1000.70606228
-381.088519967 518.869917721 996.373912472
-36.523977339 665.788797214 1070.36977993
-346.996957395 389.201817001 895.950884858
-327.799414457 295.590443942 912.913325882
-399.729531414 464.154777988 993.18051401
-8140.87222059 -557.687690122 864.73706782
-3101.14540324 77.5819749197 850.663286415
-318.14806183 415.611656026 1025.90149856
-3366.9310364 -14.1474998763 908.474775298
-333.473882443 459.690967489 919.135732591
-634.474254421 189.591405877 1007.37462464
-134.423819096 418.784133502 967.743601378
-672.664093207 104.797829762 709.652841479
-98.2894741825 188.245893359 755.869807889
-380.805008003 435.10407105 1027.79697743
-164.06465066 426.03044039 851.245823321
-422.803215714 229.334007281 977.650100235
-394.253236381 392.419089793 998.56119331
-403.97849892 83.9392229214 740.148169451
-282.604257172 351.465397528 1032.56233369
-121.975537687 497.736509458 1016.55956719
-69.2498102934 591.298037725 1085.90569894
-402.502163378 334.170172021 1082.60993078
-464.190060188 247.949563836 910.546465913
-532.634236276 302.303130852 1111.95713889
-81.7149704079 639.635825951 1088.13679625
-488.426094329 365.246925466 986.068245434
-172.741237884 225.18134091 867.350891489
-181.954905166 363.668962715 995.183861564
-198.566731179 426.491174078 768.875791428
-270.72489739 151.942706479 753.932839085
-385.789070624 228.413409719 1015.4479544
-302.000949313 399.24494019 1034.09415525
-296.807661891 123.277872483 860.582343052
-347.079969659 263.040323119 970.026694634
-275.668369915 496.196491526 1041.33678291
-277.218417279 271.414046422 964.249778232
-128.799003308 428.668483696 1037.19065668
-515.68136821 375.40026311 978.093920821
-356.303730397 172.247235209 824.224746325
-157.43415124 251.642592802 957.833237869
-199.699808339 361.854248532 971.522656556
-269.177174649 155.9098557 683.86122438
-1638.89324386 135.310857052 822.805618881
-1012.05941328 214.037214688 866.362848332
-429.547900784 236.140149835 766.718027564
-184.593075773 382.823547645 888.972697948
-541.691849714 106.630459022 814.873800823
-241.644540911 350.912563475 962.885320315
-122.046204079 501.343065778 1062.22252899
-277.033077804 384.303971452 875.591052512
-458.051231019 234.994292802 873.069306756
-444.349541121 406.343756864 960.422786302
-226.616110865 478.35217984 1133.00981768
-337.497180719 402.719672262 923.354721617
-565.305531653 102.408153203 1086.02221051
-360.494446965 339.552406345 1041.27661354
-253.527509679 377.693395559 1028.47707587
-645.31506399 216.928190921 658.405897702
-229.691602094 462.255394035 1037.26482378
-266.180649809 237.813124877 930.900667016
-177.569194412 497.49033768 1122.1196953
-1734.18004909 61.8097470813 907.798294841
-145.379490963 386.777031992 1058.9372569
-118.046395568 328.899368381 945.470237346
-144.807359106 365.995597985 1022.43481404
-111.696890974 390.73412122 923.327653093
-416.899941624 378.970112018 1025.09897698
-138.985571657 375.084864804 1010.25782652
-155.400723561 363.829420194 1011.71914786
-171.907652455 403.202832994 1082.68397071
-596.277097277 184.443849349 1069.9552638
-279.051270265 386.962218168 868.473198374
-257.280196797 210.247345273 992.717215233
-298.966325978 337.181244323 977.45319035
-200.370446747 192.408343754 564.407061418
-1313.39252281 9.14333571906 913.710003654
-139.050996991 280.167907379 844.399749032
-210.069761097 383.019317057 951.283579857
-243.143993441 333.587467847 846.522620123
-513.681291969 197.816502109 793.408488099
-377.664847733 461.40799357 889.643893497
-748.242273015 95.7994481757 697.320064347
-109.206522525 424.662642914 883.297127849
-265.108999723 362.565896021 897.435464158
-310.010088902 289.284127044 824.25739247
-714.540931054 -25.1166382704 587.887533489
-272.495911972 300.600704062 1026.8093941
-1539.04674072 159.856683332 1071.67840591
-1585.73921844 15.861051928 839.132732586
-312.074706869 128.183220302 921.620986604
-313.994762103 345.567106167 1017.49306119
-158.411838216 460.301706175 884.508054828
-199.130694925 259.883125657 786.966285815
-3.19376267147 608.684932185 1028.16819281
-231.225228801 281.244563974 1039.07727953
-620.129485718 177.115404122 719.562509733
-222.806869266 425.310726318 1015.51631891
-106.197203648 431.057454434 874.685329926
-1124.52886876 161.002928112 851.667039442
-235.480753469 336.332749092 930.77101442
-234.8210065 272.369793968 1049.30422716
-186.489073402 210.161304469 908.323821812
-3165.1026692 29.0484002027 990.329263023
-224.012447645 332.171073784 936.146009503
-130.894775218 375.563760158 946.847003047
-557.485600592 203.891070167 1006.40826829
-3418.07005044 -70.9839464662 763.660739366
-8113.49334435 -2013.74069202 981.000102037
-1129.12881633 -108.373488491 1077.55151561
-203.539000208 228.928208325 748.215578837
-1589.58174132 216.319478428 828.813798395
-505.491960185 296.63898198 933.916515143
-1967.39940052 185.224465398 969.784025921
-5293.36417946 -88.5815745441 960.665384462
-271.142574773 64.0515223182 850.337003025
-180.301972081 568.071284739 998.283849714
-3348.19287969 -265.434791542 883.242455355
-2308.30248749 -148.506500067 880.529138055
-384.184731828 199.744203932 1011.77500691
-891.398949006 388.751547691 1013.83731469
-28.1722598982 497.657254936 997.603945315
-987.011724168 321.881825559 902.746168223
-129.257719816 384.218177464 1003.30627508
-625.713284563 -35.3642673302 782.537612996
-1120.78532433 141.246743013 785.379817855
267.832500461 627.33611713 950.104525854
-480.92864615 -23.5995356352 988.241063374
-223.777624737 289.305777086 901.66455953
-254.77889768 196.284618493 751.078584851
-171.077389564 316.182057941 906.731985598
-220.713346932 215.770967849 808.92994164
-1024.95148084 192.667925809 974.34690649
-240.754100674 346.436411447 979.32625186
-73.4167093714 279.913199797 663.325967547
-545.857949695 382.875601199 796.048029485
-572.530118214 337.693426907 798.198568312
-287.958977819 338.763973316 963.97363123
-204.091777493 390.950331408 918.575880021
-3308.8512002 -1.75784345119 900.78202089
-764.699799831 309.99109388 1103.48502516
-431.84973259 239.935572434 894.841302178
-228.712641314 322.455033019 992.209470093
-712.183280206 -25.4832592599 852.301775267
-978.775167579 132.040789742 922.528689772
-306.844364258 346.88730543 1022.50101187
-178.836756215 424.820344037 956.190801413
-1395.70281168 -82.0219442645 1143.33368228
-680.154784192 232.354847237 1126.2226888
-240.973915172 308.404080899 874.162522214
-152.179189048 530.054415167 990.790633106
-112.043882692 433.935553842 873.541425579
-5316.10152472 -110.520922067 1070.90168313
-175.098308884 318.782878548 1108.70364892
-570.557236641 236.995623418 1060.85579762
-706.490953408 264.296994263 924.39747957
-1070.7247207 63.2739445099 1064.02545968
-719.104688663 278.510741327 954.622931634
-239.952651819 116.371481474 428.967961084
-221.989640662 291.110352498 702.08215928
-365.964803224 246.73173932 1040.14623888
-616.344069688 351.65378797 1061.64570628
-3621.35998126 -121.472796656 1021.12757055
-667.586784823 426.633201072 1041.52047845
-93.446188567 540.430835298 1062.67540381
-564.361106776 413.793916791 977.824071497
-268.938856346 271.58905244 1139.07865406
-242.915395822 248.142684842 1027.11757904
-1436.55024614 329.716744204 1016.5722543
-502.457467034 296.30526035 741.078644808
-1256.54053037 208.324104859 884.357967065
-1782.94862442 -69.2793495354 888.989509646
-3.90122165342 546.078675556 952.862840467
-1423.60929308 25.1094323419 948.777951156
-1332.81624803 35.2642126043 981.114956724
-1483.10790378 -176.225990602 796.76986274
-1605.97690536 169.612212976 929.640146636
-269.986587006 1.19033300606 690.147074611
-1623.88566632 32.5296021221 968.546342496
-2199.21701609 52.9927512843 777.846086919
-1124.77736793 -40.8153520129 843.60514967
-999.675756702 204.034731703 912.166299547
-213.658564305 448.791580926 905.078288181
-1019.02201291 307.746825103 1022.78535439
-10198.3557498 -608.798043552 1104.71003861
-204.459863979 457.910874642 992.721084236
-99.8272503428 436.529758156 1007.34345045
-3052.18858774 -247.959133051 801.406661895
-1087.39352826 153.859417457 935.231180114
-582.808708307 143.773870094 834.098536391
21.4439720509 531.631196242 1109.63296792
-290.182653413 555.837378292 1064.4648793
-312.072067635 421.414955114 968.861657293
-1213.44695936 397.805001657 991.042250643
-174.764749233 302.558397329 971.053881703
-220.759369547 548.719067154 967.697128561
-105.515014283 559.220749268 979.608230427
67.3416899879 407.484091326 950.349336674
-230.723012221 374.912493414 938.488570978
-182.651087511 357.208179819 862.867742655
-10.3837952992 506.218812975 935.328061137
-189.922799682 406.221738643 955.596101216
-133.147437696 299.024345583 690.618966129
-362.499245492 173.160873841 897.001313782
-1044.23774337 67.5468116442 730.3091123
-911.634046143 249.975572113 851.854772239
-107.496233548 428.025857245 962.321678215
-545.192732326 -89.3507810764 456.487045969
-148.828436354 415.486691066 940.010436291
-1329.56148087 -101.326712494 891.22741824
-999.910098619 173.883058186 775.032877997
-186.728355005 410.817816844 753.771213522
-214.04901819 359.468614153 908.642351367
-231.929645514 270.814433383 844.004450792
-256.977612155 302.575891216 848.984576904
-159.938967606 455.733670673 933.810992265
39.9142571394 482.37499156 928.19223196
-405.994058064 285.677866013 892.779602727
-290.48868649 257.96572534 863.336272651
-934.990580552 -5.19431260933 795.420393905
-242.918007915 441.071333387 1047.66503374
-635.644572588 213.94421029 720.01918859
-336.440350542 377.577317797 939.448188264
-210.351704365 219.959077915 927.441137426
-273.270087931 354.198884472 932.334884836
-3971.51973687 -60.5642220299 936.553033828
-632.233091516 328.326760084 832.522504082
-449.680009363 204.291190051 833.481983219
-108.661292895 284.846890938 837.918194852
-284.256474466 267.309697417 879.512841039
-118.232190938 534.698529826 1015.71951618
-319.058161289 376.508105973 965.346097289
-299.118392509 390.269982903 933.554931575
-20.2697409612 465.405644783 999.026755374
-218.733257063 281.862264975 942.267493304
-217.425648528 503.670818471 941.450216738
-256.885901924 351.767850626 1072.53801392
-305.945688117 457.286403578 1089.77641697
-266.839473643 360.054803171 991.290434599
-250.591945026 498.615347767 1146.45000027
-179.581991274 501.721126212 950.759864006
-138.542196222 460.094552257 952.449770991
-191.870171983 560.245822747 1102.0413845
-213.902912354 315.341464674 817.500092301
-246.218089927 355.797492118 1117.93653524
-80.5809335574 384.411570312 972.162548495
-214.813602365 443.275521697 917.051222528
-138.261959972 539.261210754 1056.68673171
-139.14274944 379.927813964 940.667986053
-533.079468812 176.866320934 946.102758991
-263.563523553 366.227358782 892.02791844
-298.98121421 446.623919065 874.789019972
-332.377506231 458.366087505 957.931672549
-3671.74923176 24.3571816891 946.660596084
-277.317276529 539.333693566 1099.27565174
-1379.72516666 501.101404458 994.763047938
-896.813478471 119.686338732 928.20290059
-5424.74223091 -105.136616509 967.929754436
24.9544441408 567.487555044 895.461648653
-1288.78021577 113.162087295 804.277070402
-5670.54879811 -48.7189606615 955.223076146
-174.584402192 395.154739181 804.050117426
-9025.20029767 -553.120108827 1090.70142324
-148.105192348 321.559082749 1018.75557692
-204.213933943 261.612835003 975.227236329
-847.193887655 76.2732489982 708.108669698
-131.487537159 521.556229789 1110.4551906
35.4061571463 602.250136876 1037.56808582
-139.775117971 576.449273922 1050.57536573
-134.194881336 467.177459114 1092.66511859
148.276872769 571.972044654 1092.76141718
-214.932374826 858.132620347 1093.91490044
-319.820686787 597.935761142 1027.79356181
411.605112653 722.468631215 1011.68817462
-163.341054722 162.007539861 805.393265449
-141.243028247 608.135318864 1025.2937493
-112.308800853 387.748032502 1021.42718303
-660.814463584 352.820746774 1003.36649851
-118.019946702 337.527391454 814.605098571
-214.732425934 405.802205794 966.011372025
-171.454926421 378.117482568 967.380047578
62.3635232791 503.624356627 866.983104872
-126.528572936 524.854333644 1012.03182837
-90.6912200011 460.254572145 981.055615304
-441.74108807 470.916532067 980.326046696
-118.0316416 267.688698807 1032.87484317
-625.27841739 509.922156955 1043.9115236
-148.536936886 180.744128049 928.789470664
-346.623838018 570.120036016 1040.00623123
-22.4118577341 595.930851304 925.718293737
-6.31346299945 799.853478333 1107.83385106
307.075155261 790.793742729 1103.04462026
89.2534519736 830.324929698 1112.59678307
-194.981490706 645.295106888 1145.75079375
-90.3025381375 636.486184459 1148.28969676
-411.28038334 668.953280982 1146.22771031
-517.525711779 533.358537277 1092.2031655
-104.666350645 631.189645959 987.411970343
-154.953168098 274.473238256 1153.37983228
78.8242827718 586.921891252 1141.19278755
144.470696556 891.400425347 1151.46112117
-1995.94330311 471.809514749 1151.55701126
-116.786090958 512.449622749 1040.79793077
5.25073435003 685.884236669 1092.87376285
15.4304516733 635.192045473 1131.7452936
-12.2184801035 699.395587719 1177.54149577
-221.455338579 536.573789634 1171.90065698
-107.370236054 638.06026543 1176.92204214
-6313.31418201 -633.447839099 1143.0778399
-47.4181793291 540.214709403 1144.55395989
-48.4079668595 512.924438996 1058.02267151
-1220.84580618 431.17371802 1055.30117688
-141.647161168 632.013765754 1067.07500055
-33.9735256353 416.883294196 1047.41421444
-147.484853706 545.767663388 998.785187572
-170.8826291 525.039128267 908.602287218
-1356.4721019 237.989193915 904.494389241
129.48810806 762.050169292 1040.02309887
-336.22193674 284.304631503 911.3025009
285.188571868 634.783206582 1075.4949239
-260.329295208 470.884816912 991.510243102
-558.128554427 364.590797338 1014.71143214
-1633.72033558 181.36634471 716.671381435
-166.575833851 481.703433261 1017.97199634
-245.467070242 288.165620913 1006.48405252
-147.716130938 472.061633861 1031.88143174
7.72225189081 475.473591534 897.982850777
72.5576991444 609.738888106 1065.50879111
114.564161751 726.826745256 1166.41673523
-63.0817721273 510.4103609 1075.17647631
-105.213127685 576.122791291 1075.975087
28.7764563795 705.660962845 1060.98559381
-372.114391745 692.896846743 1074.37095583
14.7292376154 629.136589505 1089.69690667
-141.704008593 466.786451937 1090.5899734
-177.174730418 670.614965116 970.754545688
200.706514995 646.116803939 1159.7032981
-192.059186326 515.071535512 1161.48216023
72.2952704089 676.677507826 1133.68951647
-294.186822334 426.025361721 874.593557603
-93.0955478494 649.595960726 1006.79448656
13.051567497 738.085907009 1150.49964493
-160.07334789 532.904726152 1061.30201672
-205.621776717 637.131134695 1136.76429828
14.1937484991 774.695274646 1126.10612564
7.43582376992 529.575134535 1126.45620784
-268.482457233 450.027729804 936.842821709
-1804.52276179 535.315259839 1129.39007835
110.652402305 611.639708874 1123.42429732
-1322.57760349 263.749067037 933.636796107
-206.808430326 193.996417406 991.632284776
-3344.05390743 175.955801728 979.680146231
-94.3715669542 582.998066206 1105.31259447
-250.96448347 323.504362561 1021.98724079
-103.600154062 629.330425341 1070.94337332
192.18775044 556.310587203 1065.5492636
-3.13022075752 557.95463475 857.095697779
2.8477332427 522.090490752 942.72427008
-1261.66134826 273.178481555 844.60600645
336.372763425 794.753330234 1124.80007103
-111.348234965 517.523862419 1122.11575008
-23.463855551 728.834003665 1124.0053711
-241.249361206 358.76961144 1007.62649937
119.410582689 710.409323509 1081.98181866
-69.4066709206 691.805101863 1081.7589152
-181.945119274 325.368739348 889.330507217
-4586.20438656 -335.524615013 1030.01882625
-2336.90280384 579.112316135 1146.20248817
-353.155507597 312.311833702 869.676749668
-1058.55195425 535.513344342 941.778079188
-5574.71689626 -86.9353788705 892.58973751
-1371.07215557 352.035537667 1025.1435935
-11.1220196601 502.400931473 911.184687681
-130.801545835 505.222056546 932.688885298
-88.2827335698 422.659130341 1096.8931431
28.1854781503 462.358089608 984.994463569
-91.8334675674 605.476490485 1022.70614913
-37.3351937382 711.408859174 1006.58696101
-132.232427428 687.763364737 981.421174263
55.0066001524 690.168908142 997.825228102
-20.593334426 592.916806209 1051.66328889
-98.653405066 576.495727319 1019.43427658
-158.794771626 617.545336515 1038.35291173
-21.7479955741 674.875921226 1002.99199494
-98.4493012709 505.734573925 1001.73099783
-129.237070071 416.486497757 896.595585368
-55.3060070773 648.748331001 1085.23433844
-74.0652358258 514.05277712 904.867161572
-192.790231129 635.224128722 1065.65738067
214.889722641 782.633620108 1027.2171182
-44.1860759112 634.131569981 1087.89603583
181.816935069 815.92371874 1003.81735394
-399.798319179 637.005677632 990.495739366
263.943068665 578.881448214 1045.93566667
625.906010596 786.905123148 930.862377211
159.563051743 383.821646975 781.383410642
-72.508249433 494.201592737 806.226639901
-252.967661988 615.809958911 882.459914154
-217.26092326 424.8133592 1079.03500121
-145.793719247 497.828718623 971.808175694
90.724923429 509.536769654 835.059144569
-167.414646384 418.659918835 961.984411807
-196.668179828 294.47629123 997.549728483
-121.072788725 471.360175427 962.878333877
390.954597353 692.227595967 1103.97601039
-81.265067602 663.431126808 1110.67480324
-244.985177245 654.769171745 1023.12783907
-86.8104760738 684.114705525 1075.39423964
-172.488852631 394.423139849 1069.93181097
2.91704779485 525.84189803 988.211440201
-128.46992768 469.611022033 1068.89120839
108.42528496 657.423319553 965.921940862
6.53267132051 479.872293859 1067.57424711
-180.662305417 325.624772744 1019.68501562
-67.7806799553 565.455322604 1014.20857797
-15.6890696108 565.019205956 1098.05877614
-171.931678287 356.293791688 1098.52635001
-277.25081243 694.675192905 1118.61426605
396.300711428 929.827185962 1098.5193803
-122.663216323 762.833101685 1129.66612069
9.13332479756 532.283645126 1105.65793259
-131.423688592 654.761590717 1122.1160225
-55.7416240963 582.771998565 952.658760751
-263.069028935 644.083691453 1041.07657216
-116.99464431 503.991322502 916.902730992
130.716733462 636.624665154 1052.17731899
11.6539096575 595.378231287 941.290248346
-723.189875754 325.548191111 674.488501989
-535.876433672 350.803605033 789.518174155
-2697.56432464 53.8174954331 874.542271031
-82.6912665608 523.007931991 953.712233337
-18.0256101998 708.657106367 1095.40312812
-179.028455519 504.615927321 1026.45506581
-3119.51226488 215.036457062 937.678926461
-568.78165714 298.106516109 893.196594469
-384.183958059 390.130850176 1070.99275814
-295.131438058 619.683580532 1070.24976868
244.200372837 726.433067709 1080.49415949
-96.614505361 721.223764455 1092.69352332
-214.142412659 757.474931492 1082.46443906
-279.797326404 542.76979704 1089.15141011
18.9882594244 453.719894495 1088.34665504
-284.683003422 554.909459983 1021.01093266
-599.537349053 582.158591075 1132.8692052
-134.212158358 708.481718183 1129.25442016
-243.582666039 674.839740827 1135.94691559
-160.992785023 504.62646173 961.399374408
-116.926701408 607.320590068 1056.22849227
-109.028509295 624.415211558 1037.06511471
-127.427512066 505.414974396 1030.33773339
-306.489122582 453.852415484 865.507257753
-97.0399108578 589.284244792 930.488838782
-2050.89776211 126.513277972 1018.49362406
-340.077195813 485.360007693 1103.80027544
-90.3937642021 630.645473531 1103.70365629
-124.100756374 534.119949247 1095.50352618
-304.417469787 697.815145557 1095.43826141
24.135187507 562.934729053 1095.00355721
35.5917325773 705.593469309 1092.35437275
86.2124806987 668.596086787 1088.8444262
-177.827107914 570.014293303 1091.76973259
335.000611004 698.407287753 1045.02659807
-168.742311677 483.053260689 981.770866621
-187.840485832 394.24674111 928.754108932
-146.553327683 619.339038437 1068.28637239
-120.733391529 758.412930662 1085.64487119
489.647157077 863.960127211 1087.58575301
24.8329361413 562.760707013 994.168589246
23.0755767701 711.205742007 1071.61255212
-103.144846486 665.153980641 995.044770937
56.9427810098 578.387626235 995.476765152
-237.107863235 520.742125657 1078.59314351
-311.020851164 706.339285629 1054.72889302
31.6353140171 619.636223263 1133.18091613
62.8491842268 661.446802964 1082.77991116
245.921301882 873.677112344 1085.3339475
321.122508621 861.536068467 1066.29987829
18.5664983176 740.675635662 1066.99132532
19.4342881857 676.929243159 1093.19474721
356.80779843 842.796145825 1077.36063263
441.639805468 818.358267769 1106.98934291
161.694520087 734.39298521 1099.41192599
-1275.929763 490.316365814 1120.18177077
-1119.81607011 394.787419749 1023.68905152
-28.4469004103 686.39927912 997.84872569
-102.245941306 593.189629579 1150.95366065
-653.195356521 547.785092077 1150.33121236
-581.986444365 765.436705282 1158.42745798
-125.910081438 665.564794931 1033.68647234
-2334.61257561 281.35642171 1118.69204001
-83.034133936 616.544339543 956.116277991
256.179480797 708.439909417 1080.04648561
-3278.76570848 71.9052180623 1079.52541487
-4909.14350654 -9.2206328944 972.676401412
-107.714671273 529.212032571 1018.80923296
-122.445795696 549.148017187 965.8833519
-439.603665885 639.822826479 1074.75102478
44.790724989 688.115586085 1110.69189119
-6243.73465541 10.58242464 1001.94245819
-200.761848696 694.773014322 930.632448189
-1474.89376609 325.704352871 1134.28236284
-441.929176505 351.008834753 1088.49475965
-144.234571157 776.919424055 1085.35692759
-90.7189111599 558.051782913 1017.24387903
-225.374951981 548.890478101 1113.69488051
-396.307557568 770.206991468 1131.54121479
-5.05325771698 817.545810255 1125.41536308
85.2631026929 824.823846542 1124.53543518
-105.721859638 553.050328516 967.35662432
-99.965291712 711.497292185 1089.33671159
21.1203936793 588.071067407 1087.84579577
275.444301171 717.982879789 1064.81768187
281.631361121 694.155947129 1038.85478243
-173.79480052 452.757545049 925.259391931
-6099.17732214 -85.6153847405 951.298045459
-87.0821129504 479.941589293 954.374638514
-185.318097257 536.629459274 954.100619528
-195.158495343 510.746367664 994.352949269
-376.327454874 580.060601141 1106.12073461
-94.3258935908 523.956525918 1013.12468476
-417.73464103 481.240524684 1101.93582901
-312.143019994 676.973183977 1085.60482895
-70.1289515245 508.081287013 1101.87310954
-430.18582262 532.81165431 1012.64311309
36.9855065449 704.897098667 1051.83677081
-127.65033833 839.224977888 1027.05868446
-141.920013017 482.726957376 979.766787039
27.6569657324 747.204739118 1034.03642447
-171.967733353 796.932195214 1118.03596327
494.416594004 836.449452651 1126.38097493
215.000441449 686.364172513 980.690505198
289.083282252 719.718934051 1006.14967858
229.145686882 743.852971901 1020.70889307
504.386170873 831.724408122 1111.41595835
-337.818574645 705.67742107 1136.5426033
-144.418680221 706.816124309 1143.67103158
78.6184917826 739.147188677 1019.3083278
29.2112339003 714.259797436 1067.00098203
14.0916916643 611.553196594 1108.31427303
-37.1871983397 644.04511339 1107.8609228
-1850.99059609 388.356858149 1108.51999069
237.36668493 794.725417005 1108.8218702
260.227777522 680.006464775 1087.96488542
363.263185857 804.574967259 1115.77251188
274.900305419 760.273844725 1019.82555766
-212.710876558 402.416261415 924.207858173
-2038.23304911 199.896355233 1013.05792663
-604.836623399 409.932085417 1112.66131446
710.989278825 852.520932107 1067.16583673
662.062336119 819.59405613 994.181295092
103.920462411 618.730258256 994.086611893
100.462477871 696.318874505 929.311688189
-0.335754568236 645.616850048 910.386025324
239.921293 634.175064663 1032.53333323
-141.105957255 581.301686992 1122.67368494
70.1324271352 788.532728393 1070.1403343
404.168621429 896.759634627 1123.78058062
-82.5149640793 699.641271467 1048.84206423
-125.301311629 656.043431465 1115.91871518
246.193676903 682.747658725 1116.08167716
-2522.47541112 441.546073339 1123.5972419
-339.99636067 631.628445111 1110.51484433
711.913262488 944.161175466 1128.76314219
-45.3078360579 615.347617585 1100.86260818
-796.173993764 545.324289366 1102.55901961
401.314012626 964.092504876 1101.63623349
-287.646267338 701.502043068 1124.41724106
192.42486399 804.692354822 1120.68900658
451.909316638 937.019466874 1097.49722061
625.994917862 860.21891599 987.127657699
-298.957033407 682.802602766 1072.64447473
-757.089125619 618.208201949 1081.50888945
530.243669563 784.504275294 1033.93612888
-96.5520639922 829.444108172 1113.78853531
587.320469691 913.276383433 1115.52829811
171.604908765 756.757782913 1086.34049603
161.944844197 808.547136762 1032.03323008
601.980564528 829.817924291 997.568365654
564.913418324 877.169068721 1061.97575002
228.854596107 669.883224547 1063.41863745
303.393803569 755.134300056 1062.02104087
-101.345491456 749.251799107 1117.48435238
416.642212163 830.776542832 1110.04068223
-102.368386346 765.778121962 1053.66268877
100.714016592 655.12690552 1058.32787626
360.177641209 630.848379574 1002.85453206
264.784664781 774.419912995 1027.69824565
306.33774471 828.489990758 1108.99427732
79.5469894206 649.794351765 951.561352783
636.559454135 900.309286753 1093.01665287
481.994278662 776.412663516 994.124472944
185.860203764 818.531019776 927.042514411
288.448072201 709.304864008 1003.05295781
-132.539387174 558.835947771 1016.34962014
-94.4538854012 802.734737269 1086.10453775
-540.212919156 714.40451739 1080.31821541
432.527504676 788.3118339 1062.26642188
279.534674743 656.004085853 1066.78767463
-128.557934308 586.844936801 1066.97990124
28.5761350061 608.92698767 1142.47222549
-189.114904298 689.968441847 1151.55430685
-20.0810679411 645.82606819 1089.51862437
23.1839936592 785.599895109 1162.27412904
20.0002844949 692.179016236 1103.55236214
-112.992060216 562.357816257 1051.55916299
36.4967942938 730.240448349 1143.5452911
56.0736994423 888.64429349 1173.86178984
-88.0435533687 660.925001846 1174.72928404
-2.97101759321 695.979923413 1118.63696354
-1.24746533845 699.533007105 1118.15036433
327.23587735 877.999628901 1135.64868194
250.423260664 842.18644659 1085.75066996
27.4073566364 783.558462856 1118.02805102
224.138285042 720.645244637 1108.12668496
-13.5500656609 708.472570817 1103.22902505
-83.7817279792 726.57610605 1152.10972875
-140.388526962 797.590556392 1167.11842702
27.5408322901 682.342137782 1108.31125828
20.4370386072 668.413899225 1108.67671425
133.202382285 782.964627563 1109.44755042
435.640515377 757.620309617 1045.5522923
419.607000182 755.894959019 1166.31629146
422.070676664 978.547180159 1174.71879053
-1253.64085645 673.556724373 1179.49585968
193.705404789 890.091250238 1093.72093061
-544.338869888 486.336853532 1178.16292553
243.54794757 622.784091954 1061.76963681
-1359.87939549 648.127497672 1073.69444279
-3202.18887785 14.6601170562 1014.88509627
392.241627754 777.114272911 989.032665515
573.180366626 796.719219791 993.237843903
586.331814689 796.986768943 911.281478475
-35.7721798329 632.264881844 1074.5958619
11.8889611307 643.380468966 1044.52815194
-1741.76270867 520.862438751 1005.89137865
-16.5653357107 507.066213936 1034.67440226
223.337808876 894.993889122 1143.64569358
376.830760649 890.57002312 1120.9310977
297.581668194 744.585561177 1066.81037575
-382.021628164 747.117842694 1064.83498741
-55.1387425569 775.885289875 1117.95517494
162.271246642 698.249721395 1079.13770632
112.285173083 729.316074096 999.610663077
-12.8363408483 723.357764089 1082.60342529
623.705713179 907.65667687 1102.17364165
642.659913462 927.518292876 1112.80004347
186.026153411 795.269371479 1109.05708127
74.4281470004 911.975743338 1098.76595417
258.63880284 820.66811256 1130.50794662
136.08523502 900.624901231 1092.58708574
-162.64042986 724.336162147 1113.94530187
330.206495953 934.151578978 1113.41096709
470.708341473 887.941766572 1104.97865292
636.67929286 839.415091363 1049.06021856
54.6767834417 798.738398884 1136.59950174
-79.9734738919 731.4239599 1138.2399883
-88.8311987101 666.95440808 1022.51237574
-2313.71968806 330.926747902 1126.02938367
218.616377227 802.581754581 1019.28181028
16.2475085873 720.666497313 1034.48735263
59.4729918098 568.677446968 1034.92953201
-495.438208454 475.037495375 929.429167774
102.578864627 689.12934902 995.705331439
394.669421698 829.023888938 1119.3846894
448.06938624 828.94569417 1080.37535987
254.304384673 804.066272231 1136.22880023
-193.497354505 741.661738584 1135.83707002
225.035217406 855.576214894 1124.56153634
22.7392919182 560.67589466 851.128893362
43.4286823894 684.211361578 1093.32709025
37.1239710069 874.795044188 1127.12357739
627.520320818 980.79878272 1144.19086674
145.756844 607.273853166 1181.36029648
647.524141714 1029.81560696 1181.5708881
20.3219904306 615.701022444 1007.33843131
254.468814186 722.273020809 1011.78668259
476.286477165 805.489769082 1009.5018094
235.492071675 623.131144011 1109.48231306
666.78258371 944.966789027 1108.95965358
335.84533794 832.786490723 1115.6261872
469.067950441 943.807641549 1179.05526495
668.082810705 925.479745307 1099.99980387
35.1875434464 817.760664747 1177.48965912
816.55182886 997.233052017 1116.08171608
346.808485869 871.219761139 1084.90590657
670.097867018 955.22953026 1085.07582247
40.3343786428 783.849805909 1061.23616085
92.2512584744 865.469547169 987.554530251
628.162049477 912.767902666 1064.83516774
552.532855322 927.679609216 1094.30620065
734.888146444 1023.28669612 1087.78781458
234.602445788 773.673354698 1071.16348727
384.315831237 896.147024063 1170.61200811
-320.691404317 704.757741295 1171.05385373
22.0019664136 781.07702348 1139.99009249
209.257352797 867.293207236 1060.85717034
-117.370937533 734.95979722 963.882565568
513.53716781 961.561084024 1185.05148376
30.2606781905 537.644529242 1147.0543635
229.91387897 833.08215336 1070.69972118
-222.884875577 861.568893082 1149.9776012
-198.388133199 785.362084812 1174.77764869
22.5240173831 873.430613169 1162.59236138
106.915963214 673.801216178 1177.26915144
32.0543104878 984.126613773 1153.24554137
-107.622292489 838.412100221 1155.64450165
-831.224482733 501.531224649 1141.93123174
406.361435304 975.540967173 1143.70027785
504.729230628 929.960364006 1060.10524482
-119.539576775 677.387392807 1129.62948509
449.603724603 943.868438262 1124.94841762
265.20956666 896.152824184 1124.56995012
416.924738495 887.937935545 1029.66416202
436.897916955 835.169781521 1145.30050077
87.9031406564 932.674242184 1147.91974276
371.607719801 993.835595159 1145.97741695
45.069866801 917.739752543 1149.91986708
535.931396655 853.449391267 1108.69047912
-37.7862609271 727.175030545 1128.91228241
105.562390098 953.096239207 1148.42114577
463.021825343 1011.30989071 1152.86588515
288.857693791 916.933156318 1134.7293801
12.1025577286 517.530478101 1122.49649852
-31.0689407918 857.929854982 1166.98323544
215.233133206 986.312006001 1164.50432455
196.324798347 926.6028272 1158.83494171
-1131.9584593 609.740536711 1157.16750981
182.596913914 783.99899652 1126.24892744
514.851637476 931.766785443 1082.48372105
-10439.9655199 -174.221182065 1012.67984887
332.270117608 865.060052042 1104.06741556
625.168169768 997.625797476 1101.81841671
-4095.18038521 258.402878066 1085.57274172
-2875.97874097 556.126441385 1101.53566819
493.703724477 956.760110576 1083.60122579
538.425560903 897.54691621 1116.74450981
258.488664677 913.4285872 1087.34296958
370.737692778 840.209168077 1061.31644508
-83.2895145328 669.648872993 1061.14622707
752.082473061 967.62308209 1063.55551106
164.467878509 764.974769473 1100.78018703
640.092648147 951.515533879 1095.32907205
187.962215474 774.099595465 1095.13037513
677.127357878 1060.8437024 1187.28846213
368.789455055 1060.80892016 1187.15111241
388.366746621 909.727674961 1187.6778368
143.257718667 995.390456049 1220.55214156
820.85562755 1070.04572605 1219.78418632
-103.8579291 853.252498596 1241.19827107
793.102690739 993.143316257 1189.09272684
146.910921572 847.499417188 1191.4758929
599.237911201 976.071820604 1179.53028358
121.91335395 911.742943421 1184.75096252
681.191412023 932.125763109 1148.48831227
621.726250101 958.310020506 1144.26802322
-120.645083892 847.304892766 1138.82400141
217.314124551 894.03273298 1065.60485436
303.372634064 906.97713571 1137.85222397
458.145099409 1055.76749977 1182.51255173
360.194904013 873.869743032 1180.24216724
621.090854084 963.087776002 1177.27799967
454.319698487 1080.53888217 1184.40512175
-72.5688307257 804.568189318 1184.53408948
-74.3849880421 859.131599309 1189.55664654
-580.221335319 698.942325656 1088.58008517
550.712937903 997.874048229 1189.60907893
328.264260919 994.256165421 1210.60132562
53.5938774064 864.296260247 1114.9516731
285.340221903 781.891005483 1105.84868002
649.838967301 922.653817237 1114.24985346
430.109152751 947.843989942 1107.32384333
189.1506043 808.454622077 1104.88251744
-190.941750243 703.308207464 1017.46916694
810.231712241 1030.01787053 1105.67876107
656.838816402 1056.32717581 1212.72016097
277.979144376 972.239106213 1213.46544944
434.631209187 957.544562597 1173.84594797
194.025855563 873.54844435 1174.54632716
544.876463478 1277.08936647 1507.36352033
641.721809834 1285.60101531 1521.515141
947.177017877 1270.90932207 1492.44889647
682.323247294 1245.56756929 1511.73226249
1298.24451834 1466.33954509 1526.19096028
1164.03747264 1413.93685196 1511.49655761
500.355760186 1287.33671258 1566.56481519
889.73404959 1382.26242028 1524.8207321
1329.86321578 1441.58856001 1525.92467925
1054.83190966 1438.83719612 1545.04293756
1231.78168505 1376.52954018 1570.74272848
793.768812213 1346.33844624 1534.85800257
1024.40347632 1407.09802398 1588.15926995
1258.45714626 1449.78589517 1594.28318341
734.417564781 1361.68270001 1574.644863
1076.42266547 1404.11968274 1528.03180585
-130.957579065 1200.76477425 1512.27253704
1011.0268751 1339.58713713 1603.66103843
661.003626493 1351.5949817 1573.54229067
700.206571562 1297.6116551 1511.92745422
218.035061205 1266.96752264 1535.38313877
1313.9267639 1488.64280268 1568.68444369
1339.37624098 1443.00259842 1570.61711809
947.322221156 1397.08967915 1542.16055887
1158.04416872 1438.32122623 1577.77115713
1463.75234318 1522.54141385 1581.12851193
787.814727297 1416.66594702 1545.49690268
1190.8360973 1397.53457005 1520.37869045
501.187887855 1262.35295867 1548.6298241
265.886552495 1314.00009882 1568.64189211
1316.78812912 1466.61216646 1566.86274751
1273.15206353 1433.14072043 1545.876443
1064.25570852 1388.86704859 1569.86230297
1040.59434322 1403.72681683 1551.94568764
1312.92924699 1457.82435401 1584.54754783
1200.62437311 1455.11419243 1545.32570313
1170.69109257 1454.50909805 1600.69931512
1340.56531698 1482.65354907 1549.42138576
1116.82466489 1373.37395339 1504.35260718
1362.05192214 1493.33385837 1558.49411742
1350.86241286 1447.01210841 1567.91615842
1074.7262155 1418.20719445 1555.46689245
774.084881637 1351.53194394 1570.31163394
1380.25717787 1515.9574641 1578.12926532
1215.05069284 1448.67242129 1578.96114841
1253.41827783 1450.84468498 1557.87749031
1276.1594623 1485.30680375 1574.77726777
1325.02644051 1458.76734685 1520.59930385
1336.2284393 1469.0993417 1528.39848918
934.866668535 1410.83669748 1577.52275133
1143.37245224 1482.48870946 1554.27603578
1043.86010465 1452.87394636 1558.35728836
1155.76570598 1474.68884053 1568.6778424
1191.16003632 1450.94401492 1554.22120637
568.790646649 1320.50927202 1538.0747571
1044.57598837 1444.68114336 1566.09392175
1368.61727493 1483.14941134 1544.92231208
1306.28489482 1471.04959732 1537.76890251
965.211352183 1449.1517951 1555.34517572
1278.01019803 1450.20553354 1571.10397741
1225.83558021 1475.38008768 1554.15618317
1232.8275986 1440.36647573 1579.1955344
1350.86195841 1476.42575846 1544.63062816
1356.89110857 1481.22255868 1551.94738972
810.529123214 1379.43447137 1524.02377765
1247.24947971 1459.78958826 1564.75982087
1380.30729755 1470.88766131 1552.29813451
1118.65477251 1454.99342561 1567.52129094
1151.77091847 1449.00534958 1563.62152555
1375.26768679 1480.34436838 1534.71494826
944.324906017 1402.89335972 1557.40085385
1004.49778553 1412.96214837 1535.95675732
1223.84226531 1461.40382892 1589.85321631
1011.12843603 1403.28413318 1543.66248072
780.266706658 1440.43470789 1575.88873974
1319.71905872 1491.07368874 1560.29348629
1284.15498061 1490.46505325 1581.72834941
1087.09877155 1445.22909751 1537.28316085
1431.18719339 1488.33954858 1516.12960608
1434.45709206 1499.96448147 1571.86888178
1362.21267411 1510.29280488 1572.38649778
1327.3602818 1474.51901411 1561.25892254
1406.71036583 1487.82637236 1588.59293467
1379.35631041 1499.51465789 1572.01862139
1324.4364616 1498.42015583 1576.77751697
1472.40666009 1514.13374126 1565.17776788
883.822387875 1424.41951732 1586.08632222
1158.94334867 1434.51885828 1579.93913822
1366.59143739 1515.21294661 1608.06316775
1229.00904015 1414.04413774 1542.43641502
894.528818177 1448.15088494 1539.7260076
1198.05501073 1405.89370372 1574.30002177
1317.06288865 1474.1505536 1561.58259845
1214.64910535 1493.1389893 1586.26190382
898.642549562 1447.66638304 1556.01033016
1430.37195867 1498.60594584 1537.971229
1462.39240109 1500.76885136 1555.57687731
1324.30918951 1478.91782525 1559.92472166
1313.95506606 1474.96280604 1593.86256926
1446.19299832 1499.3083286 1535.48606931
984.164451615 1461.23234848 1587.47255175
1426.78530194 1515.88200125 1608.73103361
1444.84538282 1503.84313415 1567.14600349
1218.77800295 1461.41769678 1585.06131334
987.966319428 1456.74405244 1564.71826821
1358.62908356 1491.20858722 1580.16718072
1408.36416329 1495.5793396 1568.09306819
1148.87951687 1473.39784386 1609.37758813
1301.13089469 1501.41045684 1608.89872897
1322.96262591 1493.22481918 1593.48812701
1310.65915116 1472.0939377 1601.9579359
1442.88267393 1518.6270354 1564.75466087
1448.46696766 1499.51759708 1595.09811694
1461.63498362 1513.59352902 1555.89586601
1417.50612508 1511.75882282 1574.10942065
1230.88494996 1473.18167046 1570.6083338
1375.86734836 1528.99482878 1629.64348962
1362.22447688 1514.4932626 1577.27559593
1305.10721535 1491.0785844 1601.79714647
1299.83804526 1471.27598124 1579.17531454
1420.42643239 1524.47326973 1599.44912285
1257.48856107 1500.61131152 1604.34546627
1505.07932207 1528.75127942 1560.42406334
1247.78648567 1461.22637989 1550.20474171
1475.76375653 1526.38639076 1574.11546359
1327.13864365 1463.04695101 1590.35625472
991.704935685 1475.32938007 1568.14543794
1437.42842691 1517.72086339 1554.06184872
1438.92775554 1527.89951541 1594.46032996
1301.77771537 1505.94192324 1614.01261868
1413.93585199 1517.32266307 1602.84077192
1351.67633731 1532.73679912 1600.59247026
1447.75759667 1523.3376348 1572.17879181
1197.48917246 1461.34689789 1569.38034845
1105.1692862 1507.5896878 1609.82591813
1349.10526964 1514.76746754 1603.40770715
1453.54208546 1544.86361567 1584.82486398
1354.18093252 1517.98093629 1575.92996292
1210.00664866 1470.17832581 1579.64452818
1248.14556748 1494.74669813 1570.45659899
1364.96209106 1521.69522622 1603.98576188
1248.82681863 1490.13392395 1562.47712309
1343.35399581 1467.11911949 1591.65972661
1364.94145857 1529.87465934 1593.19335583
1428.25552634 1524.32057775 1571.32215129
1317.02263238 1513.70877692 1604.43621794
1467.31150905 1539.05354639 1606.2824047
653.562739296 1462.16440729 1595.84926658
1430.41477245 1538.73061706 1600.47498594
1342.45930358 1528.74867317 1609.105354
1454.48905759 1540.00415589 1606.9826422
1417.77810448 1530.53257559 1590.33425328
1457.07430566 1533.65523504 1605.92439897
1237.21592198 1510.49481272 1631.91062249
1423.46631353 1515.0534931 1608.29832815
1478.33433055 1551.30342472 1620.6480111
1449.31935051 1534.01304487 1608.91227217
1172.9338217 1478.55307003 1582.88955567
1431.67075028 1528.16128868 1561.73650492
902.326972009 1478.67780697 1608.94635945
1424.32784678 1543.2874654 1613.72585495
1428.66100724 1531.26979789 1584.04065728
