0.6 0.6 0.6
0.6 0.6 0.6
0.6 0.6 0.6
0.6 0.6 0.6
0.6 0.6 0.6
0.6 0.6 0.6
0.6 0.6 0.6
0.6 0.6 0.6
0.6 0.6 0.6
0.6 0.6 0.6
0.6 0.6 0.6
0.6 0.6 0.6
0.6 0.6 0.6
0.6 0.6 0.6
0.6 0.6 0.6
0.6 0.6 0.6
0.6 0.6 0.6
0.6 0.6 0.6
0.6 0.6 0.6
0.6 0.6 0.6
0.6 0.6 0.6
0.6 0.6 0.6
0.6 0.6 0.6
0.6 0.6 0.6
0.6 0.6 0.6
0.6 0.6 0.6
0.6 0.6 0.6
0.6 0.6 0.6
0.6 0.6 0.6
0.6 0.6 0.6
0.6 0.6 0.6
0.6 0.6 0.6
0.6 0.6 0.6
0.6 0.6 0.6
0.6 0.6 0.6
0.6 0.6 0.6
0.6 0.6 0.6
0.6 0.6 0.6
0.6 0.6 0.6
0.6 0.6 0.6
0.6 0.6 0.6
0.6 0.6 0.6
0.6 0.6 0.6
0.6 0.6 0.6
0.6 0.6 0.6
0.6 0.6 0.6
0.6 0.6 0.6
0.6 0.6 0.6
0.6 0.6 0.6
0.6 0.6 0.6
0.6 0.6 0.6
0.59488 0.599488 0.6
0.59476 0.599476 0.6
0.6 0.6 0.6
0.6 0.6 0.6
0.6 0.6 0.6
0.6 0.6 0.6
0.6 0.6 0.6
0.5948 0.59948 0.6
0.6 0.6 0.6
0.6 0.6 0.6
0.6 0.6 0.6
0.6 0.6 0.6
0.6 0.6 0.6
0.6 0.6 0.6
0.6 0.6 0.6
0.6 0.6 0.6
0.6 0.6 0.6
0.6 0.6 0.6
0.6 0.6 0.6
0.6 0.6 0.6
0.6 0.6 0.6
0.6 0.6 0.6
0.6 0.6 0.6
0.6 0.6 0.6
0.6 0.6 0.6
0.6 0.6 0.6
0.6 0.6 0.6
0.6 0.6 0.6
0.6 0.6 0.6
0.6 0.6 0.6
0.6 0.6 0.6
0.6 0.6 0.6
0.6 0.6 0.6
0.6 0.6 0.6
0.6 0.6 0.6
0.6 0.6 0.6
0.6 0.6 0.6
0.6 0.6 0.6
0.6 0.6 0.6
0.6 0.6 0.6
0.6 0.6 0.6
0.6 0.6 0.6
0.6 0.6 0.6
0.6 0.6 0.6
0.6 0.6 0.6
0.6 0.6 0.6
0.6 0.6 0.6
0.6 0.6 0.6
0.6 0.6 0.6
0.6 0.6 0.6
0.6 0.6 0.6
0.6 0.6 0.6
0.6 0.6 0.6
0.6 0.6 0.6
0.6 0.6 0.6
0.6 0.6 0.6
0.6 0.6 0.6
0.6 0.6 0.6
0.6 0.6 0.6
0.6 0.6 0.6
0.6 0.6 0.6
0.6 0.6 0.6
0.6 0.6 0.6
0.6 0.6 0.6
0.6 0.6 0.6
0.6 0.6 0.6
0.5872 0.59872 0.6
0.6 0.6 0.6
0.6 0.6 0.6
0.55152 0.593056 0.6
0.6 0.6 0.6
0.6 0.6 0.6
0.5704 0.593968 0.6
0.5696 0.59696 0.6
0.54208 0.58944 0.6
0.56844 0.594584 0.6
0.53496 0.588904 0.6
0.4304 0.55752 0.6
0.547 0.591756 0.6
0.46276 0.562396 0.6
0.43756 0.53976 0.6
0.43248 0.5235 0.6
0.41764 0.4945 0.6
0.4052 0.469268 0.5324
0.36392 0.486652 0.5696
0.38416 0.470396 0.5392
0.37976 0.439504 0.5244
0.36096 0.428692 0.53696
0.36268 0.4168 0.50144
0.34628 0.386352 0.464
0.35944 0.385144 0.45352
0.33944 0.389592 0.46744
0.32596 0.355108 0.40464
0.3248 0.352544 0.3948
0.3206 0.346524 0.4106
0.29944 0.355012 0.40748
0.33604 0.364076 0.41288
0.31788 0.369584 0.42936
0.30172 0.326976 0.3502
0.29764 0.317676 0.3554
0.29332 0.316192 0.3542
0.3156 0.320752 0.32756
0.28828 0.326388 0.37404
0.3122 0.335976 0.35676
0.29804 0.321936 0.34172
0.30088 0.321616 0.3732
0.30904 0.322424 0.34924
0.29772 0.319648 0.3268
0.29844 0.321136 0.33256
0.29496 0.309752 0.32704
0.27896 0.307748 0.32424
0.27028 0.29282 0.31784
0.27016 0.292308 0.31064
0.28208 0.296776 0.336
0.27092 0.296228 0.31948
0.29284 0.298208 0.3068
0.29364 0.316876 0.333
0.29776 0.314268 0.33476
0.2764 0.302608 0.32692
0.27604 0.2992 0.32452
0.28592 0.308888 0.34044
0.28572 0.303312 0.33112
0.27724 0.316728 0.37112
0.284 0.298652 0.33232
0.27852 0.291252 0.31756
0.27496 0.297436 0.32244
0.2796 0.301108 0.31428
0.28564 0.312236 0.34596
0.27468 0.296036 0.32608
0.27476 0.294232 0.3342
0.26024 0.29214 0.3386
0.27604 0.291412 0.31396
0.25264 0.27306 0.30144
0.24772 0.269256 0.28616
0.25124 0.280192 0.29836
0.25812 0.268352 0.29388
0.26052 0.275924 0.29564
0.28244 0.295364 0.30836
0.25984 0.273912 0.28796
0.2576 0.28654 0.31184
0.25544 0.264212 0.27828
0.24104 0.262368 0.29524
0.25044 0.269332 0.287
0.25472 0.280632 0.30776
0.25452 0.279544 0.2998
0.2306 0.269356 0.30004
0.256 0.263608 0.30512
0.24096 0.255496 0.26312
0.2512 0.266152 0.28168
0.2494 0.271968 0.31268
0.25488 0.273456 0.2992
0.25688 0.26976 0.30724
0.24804 0.285832 0.32392
0.27052 0.284296 0.32376
0.24848 0.275544 0.29396
0.25844 0.275808 0.29284
0.25212 0.268732 0.28624
0.24996 0.27168 0.2976
0.25576 0.278764 0.29408
0.255 0.288236 0.3292
0.2466 0.268416 0.29044
0.25608 0.274236 0.32484
0.251 0.275696 0.29616
0.2436 0.273224 0.30488
0.24656 0.272296 0.30896
0.23828 0.270288 0.2874
0.24732 0.262608 0.2806
0.25736 0.279952 0.31612
0.25752 0.282064 0.31484
0.2348 0.271704 0.31792
0.22276 0.258392 0.27116
0.23384 0.26862 0.28856
0.24384 0.268672 0.3214
0.25104 0.279624 0.33612
0.26108 0.282504 0.32268
0.23396 0.265896 0.29412
0.2386 0.259624 0.29312
0.22772 0.259116 0.29324
0.24232 0.264832 0.29488
0.23208 0.247832 0.28964
0.23284 0.2687 0.28704
0.25216 0.270848 0.29588
0.24952 0.267984 0.30632
0.25388 0.262136 0.28208
0.23016 0.265656 0.2914
0.23116 0.261676 0.3282
0.22708 0.250164 0.28488
0.23244 0.271072 0.29396
0.2212 0.241256 0.25764
0.21972 0.24568 0.27004
0.22672 0.246012 0.26964
0.23116 0.256016 0.28564
0.23804 0.261096 0.28552
0.23828 0.252152 0.26408
0.23672 0.2524 0.27572
0.23256 0.255076 0.27516
0.24984 0.262676 0.29016
0.23716 0.264224 0.29908
0.2506 0.273432 0.33032
0.2286 0.267944 0.29776
0.244 0.265336 0.29564
0.2568 0.274116 0.30756
0.24544 0.273512 0.3054
0.23676 0.267216 0.2934
0.25232 0.269052 0.28
0.25436 0.262084 0.28232
0.23992 0.261444 0.2846
0.22912 0.256776 0.28844
0.23488 0.251528 0.25896
0.26256 0.280424 0.3034
0.25932 0.274296 0.30944
0.24144 0.264416 0.27948
0.23392 0.265504 0.29292
0.22104 0.2558 0.28156
0.21108 0.252064 0.2844
0.24496 0.268552 0.28632
0.2454 0.268052 0.28184
0.2554 0.263368 0.28608
0.24812 0.273772 0.3018
0.25568 0.272824 0.30184
0.26476 0.280592 0.3006
0.23536 0.254776 0.273
0.24196 0.264868 0.28628
0.24104 0.259384 0.29448
0.24556 0.254124 0.27084
0.23388 0.26236 0.3066
0.24868 0.25832 0.27804
0.24276 0.260864 0.30096
0.23912 0.268872 0.28892
0.26072 0.278184 0.30772
0.23844 0.26642 0.28676
0.25972 0.269984 0.29056
0.2462 0.273904 0.30156
0.27464 0.290768 0.30292
0.24916 0.278852 0.29916
0.25572 0.279156 0.31104
0.24264 0.274156 0.28932
0.24232 0.267596 0.28812
0.2514 0.276092 0.30396
0.23808 0.256224 0.28008
0.2188 0.253252 0.26744
0.24416 0.265492 0.29976
0.25056 0.269416 0.29792
0.24744 0.263336 0.27692
0.23936 0.26266 0.30612
0.23452 0.258148 0.27484
0.24024 0.276244 0.293
0.23712 0.269012 0.29244
0.23928 0.268832 0.29052
0.23492 0.263696 0.27592
0.23496 0.27498 0.31436
0.24036 0.272224 0.29604
0.21884 0.25554 0.27204
0.24556 0.269968 0.29788
0.26 0.278704 0.30452
0.24468 0.262864 0.28088
0.2466 0.26762 0.31292
0.23952 0.264908 0.27868
0.23668 0.270228 0.29512
0.24868 0.270952 0.30428
0.25616 0.283544 0.3088
0.23892 0.275292 0.3166
0.25784 0.2745 0.28864
0.24392 0.263832 0.27692
0.24228 0.261112 0.27408
0.25844 0.278932 0.29788
0.25812 0.270136 0.28988
0.24388 0.26878 0.29256
0.26268 0.287968 0.3154
0.24036 0.278476 0.30084
0.23088 0.274764 0.2984
0.24352 0.270012 0.30516
0.25816 0.27288 0.28556
0.2322 0.264092 0.2884
0.24752 0.273388 0.2962
0.25356 0.261592 0.27524
0.24176 0.271924 0.2894
0.24664 0.27606 0.29432
0.23996 0.281152 0.31684
0.24716 0.275412 0.3074
0.26312 0.273492 0.28504
0.23152 0.270872 0.30896
0.2344 0.25962 0.281
0.24356 0.263196 0.2888
0.245 0.259176 0.2748
0.22552 0.251992 0.26828
0.2234 0.250512 0.26948
0.2456 0.25866 0.2846
0.23932 0.25618 0.27908
0.2482 0.266876 0.29104
0.2382 0.26316 0.29728
0.24684 0.26768 0.30396
0.2426 0.26488 0.30044
0.24496 0.265292 0.28728
0.24808 0.264632 0.28784
0.2482 0.268352 0.2804
0.24964 0.2719 0.297
0.23648 0.265252 0.28384
0.24276 0.26246 0.27476
0.22948 0.249684 0.27436
0.23716 0.253516 0.27428
0.23772 0.253548 0.27872
0.23548 0.267596 0.29132
0.24872 0.262836 0.30508
0.24956 0.266284 0.28704
0.23348 0.256864 0.2724
0.23052 0.253172 0.2674
0.2488 0.261644 0.28052
0.2312 0.24362 0.25932
0.22856 0.255288 0.26824
0.22956 0.24846 0.26048
0.231 0.248056 0.26996
0.23412 0.261248 0.29688
0.25048 0.265024 0.2932
0.24232 0.263848 0.28704
0.22632 0.247336 0.27312
0.23868 0.250992 0.26136
0.22192 0.252024 0.27712
0.24788 0.259268 0.27496
0.24344 0.266844 0.28496
0.24564 0.25174 0.28104
0.22732 0.249048 0.2636
0.24404 0.255384 0.27124
0.24372 0.259664 0.27364
0.2404 0.26174 0.27352
0.23128 0.249868 0.2628
0.23544 0.252656 0.26652
0.23516 0.248788 0.2764
0.23556 0.250432 0.26936
0.21924 0.239408 0.25296
0.2232 0.240448 0.26124
0.20992 0.237176 0.2492
0.23696 0.255276 0.2912
0.24192 0.259096 0.2792
0.222 0.249924 0.25772
0.24872 0.271232 0.30144
0.2306 0.259668 0.27352
0.244 0.257032 0.2696
0.24476 0.25756 0.26808
0.24824 0.260592 0.28232
0.242 0.259016 0.28292
0.25276 0.267808 0.2844
0.23108 0.251132 0.26764
0.22932 0.245692 0.27304
0.24724 0.259888 0.2778
0.25432 0.263712 0.27428
0.24256 0.261908 0.2704
0.24124 0.25334 0.27648
0.24836 0.25628 0.26496
0.2376 0.255496 0.26588
0.22808 0.2596 0.2862
0.22964 0.250044 0.25948
0.23644 0.254668 0.269
0.24364 0.254976 0.27132
0.22728 0.255504 0.2662
