-959.58441473 206.131817526 2039.32836453
-1596.90169542 -104.99110347 2176.64925281
-1483.87481088 -140.380883874 1785.82939147
-394.718656096 224.096642274 1738.13206644
-714.947859148 26.4049757194 1268.43419722
-1108.2976361 94.2865064277 2098.85097329
-397.063130921 753.423433218 2110.41750271
-5284.9795451 -322.011231563 2118.14446575
-991.310018702 132.843810866 1745.70880476
-1527.99537923 -22.625776789 1562.99453058
-1027.7777579 -135.988659124 785.212733606
-1815.86207116 -50.7353773254 1731.77359624
-749.481820587 430.191956097 2096.91748513
-1123.42743864 -120.196661496 2134.26071137
-628.127288183 239.991752966 1707.73577113
-879.301069895 -22.8694548186 2009.0873471
-520.60887139 458.609608848 2125.94918827
-1189.3994306 26.3059439649 2117.22099869
-1986.04722777 -165.998457069 2206.02092893
-740.743528741 17.6352663552 2077.28927764
-930.297870515 350.39937845 2144.83985253
-397.495750621 206.370761106 1554.76347123
-638.691342301 402.286388329 1812.96668953
-591.649582036 335.854727464 1745.45874261
-506.796176846 -95.7533029554 1062.26116348
-635.836391898 624.345765219 2060.24252297
-433.272114638 350.219460651 2053.86379196
-698.185532181 567.143031992 2109.53050361
-572.066641725 283.934248085 2130.73578259
-482.883723319 427.794869949 1693.05054648
-846.772165563 212.259747017 1262.44562308
-383.281606312 56.0149780225 1197.98655698
-918.377930671 317.630116074 2014.62225084
-419.994580731 571.557030811 2193.18319854
-379.198083856 656.050567215 2047.77805879
-703.511206245 349.164758839 2108.27230391
-603.138407866 243.732644282 1253.7445238
-531.209862579 583.711941954 2224.71348112
-981.985872568 567.58080638 2092.23783989
-737.93598062 214.907146838 1143.84308603
-997.466902121 266.308117224 2190.23134181
-599.022109429 749.436317811 2112.60660445
-371.746515583 778.959718627 2138.00844788
-1001.19661893 517.274269941 2045.67536242
-1306.56830485 35.2084511755 1515.32925491
-416.831004081 264.173543331 1578.88683821
-7731.85147906 -1232.52162021 1685.11673194
-630.247968017 671.137556319 2000.73159822
-370.597891116 616.468717201 2050.6569922
-417.309900826 358.32291716 2001.46017094
-895.117127989 124.421708618 2163.59177474
-763.876221007 22.9264938537 2150.03620037
-323.888654852 639.000770476 2180.08111531
-580.776483361 874.450342358 2080.11132025
-463.399584051 22.555957914 1121.92400838
-667.085055904 416.896957885 2182.14431206
-819.493250372 76.6013521476 2243.90804255
-772.280495631 340.406709583 2150.29160407
-779.298020813 -262.676657974 376.94184524
-591.288348824 686.618003663 2250.60854586
-1101.66835931 -153.435210554 1731.96871438
-1061.63747172 176.159235391 1265.70143495
-676.28270443 307.313977349 2033.17819266
-970.220430631 31.811226188 1003.74896957
-707.492043135 668.952054582 2163.4683037
-464.697210109 544.073746001 1665.25607197
-638.857428338 80.5968633713 2034.71489338
-607.990171124 576.597560985 2230.0692598
-410.548492154 779.175706126 2197.8667236
-1398.03783089 144.550516452 2093.27806691
-460.316590771 182.787289598 2197.21604327
-552.120092225 538.984693932 2161.27347242
-443.746022953 371.883869206 1604.87145642
-610.608625904 164.349363813 2077.96412273
-600.932720612 373.509683948 1855.59829014
-888.613286109 134.050808512 1811.05984588
-613.335722338 758.489041891 2197.19260499
-930.739561587 219.966100732 2204.36005994
-555.263340414 128.96627106 2155.24738695
-436.355329106 355.613380379 2153.98421583
-494.486065274 655.221341408 2243.26630602
-881.004747343 376.181815406 2254.84374307
-370.130845077 602.088285979 2109.05145624
-408.923033281 583.567951857 2258.71962658
-251.808136679 715.174912387 2157.44296049
-141.573090204 810.13910006 1646.87121419
-419.045008734 349.562193421 1707.30497885
-361.559260717 380.468653005 1542.4749713
-249.535057295 508.24701613 2141.09001066
-517.369870388 418.589458078 1683.39340208
-293.204030697 331.344878968 2181.23811516
-415.987327632 440.634654592 2132.92745393
-287.867315945 531.945631432 1731.09783846
-365.480816481 993.004174188 2268.36191702
-1595.88038594 143.05321358 2066.85145866
-471.267643766 263.372040654 2029.6672781
-228.522454593 447.575575465 1618.5475292
-826.272880993 17.3777628185 1228.34995327
-472.814641752 419.890017578 2229.05544277
-655.404749346 79.7104506228 2195.22947282
-399.963649189 144.553193133 1984.89165279
-417.355311321 556.822305424 2105.15765869
-153.430522621 780.207458197 1738.9415874
-478.663173929 725.909264876 2225.95326523
-584.808880139 847.415999238 2245.32953787
-906.742917108 872.235892781 2215.77652113
-535.329673737 801.90992431 2234.25797713
-609.813356103 14.4880808734 1817.38127003
-334.290178652 664.897917403 2294.47172046
-557.030546089 628.831460825 1754.13194846
-559.792758866 271.859538985 1729.27152035
-457.56434435 674.675323849 2263.55208002
-785.933511291 454.157232495 2017.98704951
-1044.3836565 552.092739105 1790.58204812
-390.867993012 178.602578547 1378.29195252
-387.132477019 210.165052208 1793.61399664
-341.349794963 180.523540507 1308.72821414
-4175.68739968 -493.610204797 1286.72296949
-499.472051922 280.038408137 2182.7673727
-345.940747013 489.814036706 1823.77704293
-442.542414155 466.4841487 2140.97000421
-664.922088181 677.692477681 2161.43300375
-336.030830697 539.060468006 2259.48507263
-395.262844923 400.671644001 2201.26883821
-374.64205574 658.088228086 2201.16079887
-464.520916708 366.410198376 1877.68717882
-381.062568403 192.039661611 2159.47684168
-120.054491072 714.874663822 2251.319544
-636.422686242 452.094026842 2209.93361718
-180.538414482 957.181122163 2167.17332892
-152.323882394 991.167584916 2223.92108345
-598.114831645 310.895329859 1333.11226827
-368.981771478 370.061092993 2290.21323508
-298.135228874 697.057972644 2207.202547
-197.431833549 481.448406186 1340.98104777
-539.104812425 605.363351238 2327.15349477
-237.418842942 622.181465565 1812.4385058
-441.417226286 666.74777358 1708.08683212
-253.878022275 169.013749761 1617.19997662
-564.898396798 580.251551065 2015.66749296
-382.821185283 233.248519932 1338.73582164
-250.707230801 204.380333703 1260.97879754
-424.771939151 724.200575692 2122.67486448
-439.11236846 364.298946453 2141.76645806
-189.708936004 565.37679844 1764.90457341
-226.131314586 763.876317765 2307.88901315
-235.808575872 610.848806784 1808.13430463
-247.441228799 638.609022965 2193.43378342
-432.162081105 350.664949956 1755.120316
-971.644632857 851.05257189 2264.14029078
-370.572778119 723.269657681 2211.97143043
-441.687829641 488.689059618 2285.11842041
-287.388732377 1003.27056585 2268.84417622
-434.199509456 506.689572475 1763.13707714
-176.839058408 842.652846475 2199.48637746
-343.833634717 350.635847597 1756.45456903
-339.605722847 500.276316234 2223.06082461
-314.241951319 686.127904804 2159.43496689
-528.794185622 572.078342784 2268.28010793
-945.001625387 481.663050535 2156.43651162
-228.346022612 382.01096773 2183.41412287
-448.256632462 553.723756076 2238.26381529
-354.92021812 901.691653032 2158.42158898
-464.147857115 263.80997246 1849.04903293
-635.277422559 653.50247776 2233.77491599
-190.563084314 109.455340069 1877.59957491
-215.504809826 711.408833456 2291.48926727
-436.014600996 694.522619983 2200.32874015
-7201.56698545 -325.635089164 2058.71880575
-492.173895612 431.237640905 2151.80713925
-2843.4991664 303.636533727 1476.89649547
-446.132499481 703.685961398 2188.10416096
-7843.42773633 -357.863931524 2120.79318441
-1701.86299011 666.055459203 2210.56537051
-3810.40316548 -61.9902581014 2180.28852201
-349.506038518 548.349829692 2128.77528327
-6832.96552951 -363.544207529 1333.2759444
-3494.97401062 -157.752798434 2089.5936368
-309.028967823 405.434297378 2342.83475766
-258.22281764 413.148876909 1749.41435594
-6716.39191273 -369.114818558 2096.29301201
-623.462710878 229.740447581 1266.67153847
-361.778322483 207.673200957 2178.28770149
-5410.68332965 -74.0797173246 2210.71046834
-3306.3491421 480.773288683 2197.97311877
-4594.15859317 -185.045094374 1786.57999265
-111.509950038 1002.94992837 1842.04894527
-432.278826707 644.059829489 2251.7879312
-127.495097689 1044.73402792 2334.05936979
-532.580392351 378.907467783 2143.35600674
-362.757530459 208.772704902 1297.4038062
-376.922902826 1032.16896195 2115.58636001
-406.246353759 1080.0886024 2287.32745869
-484.957581083 671.515782331 2055.79489132
-533.902396647 773.416815904 2234.97333461
-195.642091872 743.567302365 1806.16905573
-2230.05246207 447.366952229 2175.88416053
-535.855606005 730.473615456 2137.12929997
-366.870373712 273.624497695 1697.81945046
-362.134189064 897.182582905 2219.62115349
-629.339324478 1167.74669294 2329.59665132
-423.144213002 459.574780512 1729.66552032
-297.153095217 1103.06248516 2282.64993143
-477.375417962 1019.51114208 2324.14375586
-493.135879112 300.976001596 1848.81289284
-398.235764709 490.506620718 1798.6541321
-633.725423721 667.042516633 2241.74982971
-573.477489717 510.594179496 2283.65709697
-497.971186665 188.637592599 1744.28835831
-685.3484452 704.485845268 2334.2795025
-405.273575358 390.163377968 1640.31105606
-157.91507102 1024.84969837 2121.65157067
-385.685178094 643.481455786 2241.02096497
-328.44353317 210.63862852 1363.92772143
-644.319452208 734.652415939 2209.61319904
-561.278440104 439.705909653 1846.82852026
-239.5266999 665.675951844 1781.42458344
-575.610641728 459.161239679 2267.36085187
-444.102893627 109.707037782 1391.03530087
-679.879193074 404.930521574 2192.05702486
-748.556245798 701.638634979 2096.39504634
-358.130798273 549.81080511 2319.33968864
-212.926973057 517.074226071 2315.21812631
-516.709692472 75.8699097176 1682.7752085
-514.081249456 356.434474933 2239.01696315
-463.100314476 480.107768748 2297.40233757
-81.2529258309 696.434672968 2234.84952973
-456.506209092 515.156888925 2328.51148603
-549.003448602 460.826157342 2360.33369925
-391.59119235 -10.4529437862 637.633839063
-422.662896977 599.259369832 1828.90731431
-346.940870669 383.148639814 1765.80183337
-515.389470058 419.403653737 1372.31703688
-747.377404021 935.812975989 2236.85876925
-882.074968387 -95.8488926666 696.868198744
-594.700519005 924.239334122 2199.23924926
-579.037609494 728.54752107 2222.23134631
-438.688691335 771.072091723 2270.37978612
-405.90308551 968.995214281 2221.83314944
-477.444532595 858.933343251 1948.35826714
-585.749879334 -63.3634230031 1249.92545326
317.153104397 1101.06849556 2273.72166842
-416.849542696 111.584302962 1294.69374609
-292.389504338 534.745920674 1828.55976737
-407.900304904 534.996042503 2298.92976888
-350.210620043 563.061700497 2216.80926879
-559.163345971 427.990165074 2298.11084961
-2787.82923418 308.221835015 1768.11394583
-728.166116377 143.744078571 1395.40101445
-832.258863607 302.420359177 2358.59151467
-287.699583691 1112.7059686 2271.00131656
-529.380440908 537.881018354 1764.2876576
-1059.82682344 128.8256326 1549.93749552
-312.619310375 1114.59903197 1987.14976421
-974.321559179 781.180297181 1905.08742834
-2260.03516984 242.145270616 1739.28991983
-311.488496442 484.910862073 1793.0601693
-792.55872362 153.811184573 1854.87985181
-687.706102557 551.587380336 1871.87129709
-411.029833272 -110.679267549 313.351869344
-506.854566817 380.411587588 2232.00450128
-557.003723959 493.949000626 1875.43481354
-153.537569142 659.435042153 2056.89531779
-2359.58002359 85.109364468 1794.7669219
-591.546662493 761.823087395 2283.44709998
185.042336856 829.323361691 1790.8715646
-505.58418168 100.300807261 1789.13296273
-287.349227541 492.863270256 1793.59299286
-516.325808969 770.185763782 2289.26751507
-717.234589202 698.331543221 2094.20469698
-228.458167451 593.957312702 2256.61124952
-304.947907971 800.485655287 2222.9141249
-375.016428628 547.988368622 1793.33322385
-513.807763084 444.608295169 1980.3967267
-84.834134893 1152.44786921 2353.63073845
-231.541417502 610.915940272 2322.58039144
-97.5326698778 1149.6652912 2144.41972829
-462.307823877 485.427472682 1754.99591719
-765.037602722 461.325421688 1839.3892531
-470.64795791 772.31224851 2206.58011181
-336.142923495 1154.80679876 2298.99192526
-481.814195073 27.2947479506 1347.53886325
-872.462834544 493.206454674 1754.82057937
-214.117069376 506.645752918 1746.36615724
-604.638629793 363.360690583 2259.8251755
-449.623541776 702.250413964 1856.79523887
-646.981373536 812.717554266 2327.99224887
-368.669895913 856.37296063 2364.10056466
-538.295881036 441.564494195 2354.25467699
-334.478971683 691.482417582 2297.25809782
-167.795902012 819.426705918 2119.83709307
-371.171485862 509.820006856 2262.87376409
-513.120995736 109.437165746 1883.29800174
-464.848784184 487.939524332 2294.24092524
-427.202589544 839.1670703 2346.90851045
-641.854529835 287.954575581 1647.35923636
-364.959984933 636.536290437 2144.68602391
-227.852549941 461.835556243 2257.996823
-590.140111655 270.635935063 2140.73720611
-669.099922932 624.655106388 1865.75528997
-574.43720651 443.418424619 2335.89011271
-537.618617124 387.492455265 2235.45372214
-264.04990765 104.984040892 1336.90704311
-382.44749744 1169.10575175 2330.350089
-696.408050982 492.294412292 1872.97498689
-528.389349115 467.139125184 1844.03478616
-4221.40835063 310.673385252 1798.91864866
-340.867387631 748.926033887 2331.35070269
-211.383563657 1070.67344619 2287.36857284
-301.369969671 1038.2966846 2328.41734357
-314.072112207 752.175207206 2297.95684184
-248.789190464 321.631119734 2242.52899182
-417.711500599 503.939358552 2296.23203734
-415.103324537 832.237466218 2316.24905481
-755.740023492 255.165204241 1270.47983305
-252.909719781 660.139855151 2294.9946426
-218.958609098 887.069883289 2254.4401417
364.339942357 1364.09803401 2300.64488069
-425.752735755 672.839643967 2289.99324641
-512.575492939 260.482777857 1682.88948269
-304.579630647 116.258990775 2084.48148327
-409.513909322 571.491842677 2344.19702635
-917.16313132 259.077828233 1773.35910898
-444.29988359 656.405434144 1832.44231194
-436.456365538 724.228467506 2319.0932262
-460.755885259 426.595998049 2189.19007673
-769.170528923 11.3299204719 1751.44897058
-705.483568597 347.783508258 2248.92881259
-301.071311023 153.354390903 1681.652047
-829.648394852 659.468869384 2187.23320406
-575.691945211 341.225273262 1703.76219478
-910.762537931 276.438752325 1842.0126491
-662.662060317 512.790591834 2080.00519192
-905.473730857 549.249689804 2299.41300145
-725.11099623 609.604496948 2096.16381128
-422.491419131 316.8051356 1824.36126738
-649.761665406 209.220779289 1769.39180044
-404.922222381 666.745922473 1889.29064557
-405.770102888 318.721592038 1534.15306986
-270.776952523 793.051692681 2302.2699949
-523.052128864 841.773618983 2227.88239475
-389.560357932 603.339247556 2268.5156715
-259.665054198 586.011444166 1780.9414344
-198.599930671 327.412525116 1276.52223367
-624.353402869 592.055387354 2279.76656926
-461.798336438 879.248568106 2305.89122199
-2941.47343805 510.282691074 2313.95859589
-548.660740762 349.609210866 1452.47646553
-436.842369308 619.435156916 2315.56877145
-437.897666203 425.059868536 1842.14246218
-725.43070574 763.043123833 2276.91460159
-312.962885568 651.882371984 2341.66741458
-7906.49964109 31.7918430949 2274.00133178
-474.544938575 93.5331126416 1834.47331211
-531.966398956 398.171714853 1848.11113699
-376.231950751 675.603363981 2296.63427198
-4879.89361289 207.989327557 2262.57359065
-527.095631814 135.318128339 2246.48617189
-417.200338512 13.1154799431 872.701767274
-888.554839083 613.474163719 2272.09937306
-712.928127337 527.638759723 2321.4235545
-601.236417531 1014.46402388 2255.85261078
-641.362834396 -24.8651765471 1361.78471251
-538.477799195 189.971929856 1235.65266849
-615.763708487 231.231844374 2287.6691149
-717.745753068 328.266524475 1828.57886263
-817.875235226 251.017237072 2080.57220068
-802.271771858 995.829599422 2334.15788517
-871.711204448 600.52662574 2289.19015735
-685.703101063 615.004883905 2298.229882
-733.711082732 568.948346317 2301.68607019
-393.965743999 206.759198822 1239.09533996
-307.771135194 689.466714475 2288.74418326
-471.882819509 392.550206008 1688.53006421
-351.898559581 363.129662749 1635.4857821
-427.852585183 622.504405631 2271.63639808
-235.017520267 691.15852148 2374.90681314
-373.369392925 744.372804074 2265.28240213
-389.8889952 315.517467576 1614.95588076
-412.132258612 449.20167947 2242.85988657
-360.160656759 878.218992342 2275.20542879
-520.657990636 751.60450335 2239.83163484
-617.480673799 0.00475360411926 1271.46006174
-686.07985512 431.601573893 1686.35157939
-667.833864677 507.31290424 2316.27777603
-625.530233234 392.808962809 1846.65584534
