0.2144 0.29948 0.4304
0.2792 0.34548 0.4832
0.2572 0.30804 0.3948
0.2492 0.3094 0.4788
0.272 0.34796 0.4432
0.2592 0.3458 0.4216
0.2624 0.30568 0.3424
0.2424 0.35272 0.592
0.2296 0.30608 0.3992
0.1932 0.28796 0.3952
0.2244 0.30544 0.3832
0.2764 0.30856 0.4196
0.2352 0.3042 0.3692
0.234 0.29936 0.4
0.2672 0.30504 0.3628
0.24 0.31292 0.4132
0.2632 0.32168 0.3896
0.264 0.34516 0.4648
0.2012 0.2816 0.382
0.2288 0.32904 0.3808
0.2532 0.33144 0.422
0.2544 0.32728 0.3888
0.2596 0.30996 0.3828
0.2488 0.32236 0.4236
0.2356 0.29188 0.3788
0.2556 0.3072 0.3624
0.2328 0.28292 0.3524
0.2324 0.30064 0.4072
0.2336 0.28504 0.3256
0.2332 0.31684 0.428
0.2492 0.31264 0.3944
0.27 0.32008 0.38
0.2256 0.29656 0.366
0.2076 0.31512 0.4668
0.2228 0.31332 0.4172
0.2252 0.28752 0.394
0.2528 0.29568 0.3588
0.2636 0.31708 0.4252
0.2416 0.29784 0.3264
0.2244 0.315 0.36
0.2348 0.29744 0.388
0.2408 0.312 0.3532
0.2836 0.32376 0.3604
0.2728 0.33204 0.4368
0.2444 0.31732 0.49
0.2964 0.32992 0.404
0.2692 0.38328 0.6
0.2712 0.34228 0.4388
0.266 0.32088 0.37
0.2864 0.31548 0.4044
0.3044 0.33728 0.392
0.2496 0.30472 0.402
0.2488 0.32272 0.4224
0.232 0.3072 0.3864
0.26 0.33936 0.4272
0.2288 0.29288 0.3356
0.2248 0.26636 0.3488
0.1968 0.26724 0.3168
0.2272 0.29852 0.3652
0.2344 0.27096 0.3328
0.2164 0.2542 0.2832
0.216 0.27804 0.4088
0.2112 0.2726 0.3372
0.2064 0.24784 0.3036
0.2272 0.26352 0.3012
0.1868 0.2562 0.3076
0.21 0.25548 0.298
0.2308 0.25796 0.3044
0.2172 0.28472 0.3356
0.2228 0.2604 0.3
0.2028 0.25972 0.304
0.2412 0.26764 0.3056
0.226 0.27368 0.3012
0.21 0.2612 0.3276
0.2356 0.261 0.3176
0.212 0.26248 0.2912
0.2256 0.28744 0.4016
0.2264 0.27336 0.3132
0.2208 0.31096 0.45
0.242 0.2886 0.3532
0.2332 0.31188 0.3916
0.2512 0.29508 0.3556
0.2336 0.30872 0.3848
0.2512 0.29964 0.3404
0.2764 0.31348 0.34
0.2528 0.3172 0.3864
0.2492 0.32088 0.4368
0.2724 0.31504 0.3992
0.2544 0.31304 0.3648
0.246 0.33396 0.4084
0.2624 0.31372 0.3704
0.276 0.3556 0.4584
0.2676 0.33172 0.4028
0.2768 0.33344 0.4648
0.2488 0.32656 0.4936
0.26 0.32876 0.4104
0.2412 0.33596 0.41
0.2656 0.34752 0.4572
0.256 0.31252 0.3664
0.2644 0.30052 0.356
0.2984 0.34708 0.4116
0.2452 0.29772 0.3948
0.2572 0.3248 0.424
0.2708 0.30584 0.3576
0.2648 0.32376 0.3948
0.258 0.30104 0.3568
0.2412 0.30572 0.3724
0.2604 0.30028 0.3596
0.2328 0.2792 0.3256
0.2172 0.2908 0.35
0.2232 0.29064 0.3424
0.2476 0.2808 0.3352
0.2252 0.29616 0.3964
0.23 0.29168 0.352
0.2308 0.29272 0.3524
0.2352 0.28548 0.354
0.2328 0.29092 0.3616
0.2704 0.317 0.498
0.2384 0.33256 0.4028
0.2712 0.30092 0.3252
0.2484 0.29124 0.3308
0.2364 0.30632 0.3688
0.2272 0.28856 0.3392
0.2224 0.29104 0.3476
0.2524 0.284 0.32
0.256 0.29608 0.3596
0.2364 0.30716 0.3532
0.2404 0.28816 0.3688
0.2624 0.28292 0.3256
0.232 0.30172 0.3384
0.242 0.30328 0.346
0.2496 0.30132 0.4204
0.276 0.32296 0.3636
0.2652 0.30956 0.344
0.2696 0.30456 0.3472
0.2684 0.30572 0.3764
0.2788 0.32108 0.3752
0.2584 0.31916 0.3576
0.276 0.31908 0.34
0.26 0.32276 0.3924
0.2684 0.30488 0.346
0.2696 0.31396 0.3468
0.2724 0.32348 0.3596
0.284 0.32072 0.3584
0.2948 0.3276 0.3676
0.284 0.3466 0.4012
0.2948 0.3494 0.4012
0.2428 0.29424 0.3324
0.2888 0.3152 0.4
0.2356 0.29428 0.3488
0.2248 0.30416 0.3484
0.262 0.30648 0.4008
0.2656 0.30996 0.3656
0.2612 0.31236 0.4536
0.2576 0.29328 0.328
0.26 0.29704 0.3352
0.2604 0.3006 0.37
0.2724 0.30616 0.3468
0.2472 0.28804 0.3308
0.256 0.3028 0.3716
0.2224 0.31116 0.368
0.2728 0.30228 0.342
0.272 0.32664 0.354
0.2716 0.32628 0.386
0.216 0.28416 0.3088
0.2824 0.34632 0.3968
0.2604 0.32712 0.3968
0.2476 0.32824 0.3816
0.2768 0.3694 0.6
0.2724 0.33996 0.3712
0.2856 0.354 0.5104
0.2776 0.36508 0.412
0.2888 0.40908 0.6
0.3072 0.3466 0.4256
0.2452 0.36072 0.498
0.2768 0.3422 0.4068
0.256 0.34072 0.5708
0.3172 0.37876 0.4808
0.2736 0.33956 0.4536
0.31 0.34436 0.378
0.3092 0.3728 0.5612
0.2632 0.33 0.42
0.2692 0.3358 0.4008
0.2724 0.37696 0.5388
0.2704 0.3546 0.502
0.2792 0.36232 0.5524
0.258 0.31812 0.3668
0.2664 0.3142 0.3548
0.268 0.31428 0.3512
0.2356 0.3142 0.3812
0.2476 0.31496 0.384
0.2592 0.31756 0.3636
0.2384 0.30464 0.3632
0.2456 0.31932 0.3572
0.2648 0.35988 0.4772
0.2628 0.31312 0.3984
0.2664 0.35408 0.4448
0.2616 0.30416 0.3484
0.2548 0.31656 0.3856
0.252 0.31588 0.3828
0.222 0.3058 0.36
0.2704 0.30884 0.3676
0.2456 0.30568 0.436
0.2652 0.30616 0.384
0.2424 0.27892 0.3152
0.2448 0.31088 0.3896
0.252 0.30416 0.3536
0.2544 0.29156 0.3484
0.2404 0.28496 0.3296
0.2492 0.28024 0.3128
0.2484 0.2918 0.37
0.2224 0.29248 0.3696
0.24 0.29156 0.3708
0.2584 0.28564 0.3032
0.2504 0.28856 0.3316
0.2736 0.29792 0.3292
0.2336 0.30692 0.3536
0.25 0.29912 0.416
0.26 0.31348 0.3636
0.2544 0.28656 0.3436
0.2496 0.28564 0.3284
0.262 0.29076 0.3392
0.2864 0.3118 0.3464
0.2448 0.29368 0.4012
0.2368 0.28308 0.3252
0.238 0.2882 0.322
0.2644 0.29856 0.3668
0.2356 0.29496 0.3472
0.23 0.27828 0.3352
0.256 0.28648 0.3352
0.2492 0.3016 0.37
0.2516 0.28284 0.326
0.2472 0.29152 0.3592
0.2368 0.28824 0.3384
0.238 0.2856 0.336
0.2508 0.2822 0.3556
0.2588 0.30264 0.3448
0.2412 0.282 0.3196
0.2448 0.2862 0.3228
0.2248 0.3002 0.356
0.2024 0.2684 0.3528
0.2536 0.28476 0.3688
0.2248 0.27668 0.32
0.2236 0.27996 0.336
0.2392 0.27356 0.3576
0.2172 0.27936 0.3304
0.22 0.2778 0.3272
0.256 0.30324 0.4476
0.2152 0.27776 0.3504
0.2396 0.27544 0.2876
0.232 0.28744 0.3336
0.234 0.26528 0.2968
0.2448 0.28656 0.3384
0.2256 0.27508 0.3148
0.2172 0.26668 0.3252
0.2388 0.2974 0.3856
0.2388 0.28716 0.356
0.2332 0.27216 0.302
0.2428 0.27916 0.3692
0.2472 0.27964 0.344
0.232 0.27456 0.3196
0.2388 0.27356 0.2968
0.2452 0.29264 0.3608
0.2384 0.30792 0.432
0.2452 0.2876 0.3452
0.21 0.28444 0.3364
0.2052 0.26824 0.3864
0.238 0.27196 0.308
0.2536 0.28364 0.316
0.2204 0.27444 0.3348
0.2572 0.29328 0.3212
0.2208 0.28564 0.3344
0.234 0.28064 0.3352
0.2472 0.306 0.3852
0.2456 0.28436 0.3104
0.21 0.29692 0.3556
0.2208 0.2932 0.3908
0.2472 0.29924 0.4036
0.2312 0.28648 0.3168
0.2396 0.29144 0.3612
0.2248 0.2958 0.3836
0.2272 0.29804 0.3568
0.2204 0.26104 0.33
0.2092 0.2782 0.3252
0.2484 0.28536 0.3408
0.2456 0.26652 0.2984
0.2216 0.26668 0.3792
0.2244 0.28448 0.33
0.2128 0.26856 0.3248
0.2492 0.28168 0.3232
0.2448 0.28248 0.3388
0.248 0.2836 0.322
0.2372 0.27108 0.312
0.2304 0.2628 0.292
0.2308 0.2714 0.3096
0.2244 0.26752 0.3244
0.2508 0.2944 0.3812
0.2528 0.30348 0.3632
0.2436 0.29368 0.3272
0.23 0.27656 0.3184
0.2264 0.28692 0.3424
0.2488 0.28664 0.3332
0.268 0.3078 0.3744
0.256 0.30572 0.3896
0.244 0.30072 0.3796
0.2588 0.30312 0.3564
0.2504 0.30028 0.4356
0.2428 0.2774 0.3376
0.2756 0.30648 0.3512
0.2388 0.2936 0.3932
0.2312 0.27388 0.3324
0.2616 0.3004 0.3892
0.2364 0.2752 0.3288
0.2356 0.28316 0.3096
0.2324 0.2662 0.334
0.1972 0.26572 0.3596
0.2392 0.29296 0.3132
0.2152 0.26356 0.3004
0.234 0.26452 0.2864
0.2256 0.2572 0.2888
0.1964 0.25912 0.3304
0.2308 0.26724 0.338
0.1912 0.24656 0.2876
0.21 0.25036 0.3348
0.2148 0.24568 0.2884
0.2136 0.24204 0.2736
0.1988 0.23656 0.2696
0.2116 0.25604 0.316
0.2056 0.26356 0.2992
0.2332 0.26776 0.2984
0.2208 0.27056 0.3164
0.1812 0.2596 0.3008
0.2312 0.25836 0.2808
0.2228 0.2578 0.3156
0.2204 0.25476 0.278
0.218 0.26208 0.3036
0.2288 0.27436 0.3828
0.2288 0.25884 0.314
0.2156 0.26304 0.3408
0.2472 0.29272 0.3608
0.2264 0.27192 0.3408
0.2264 0.2806 0.3252
0.2928 0.31516 0.3496
0.2548 0.3052 0.3584
0.2532 0.27988 0.3548
0.2448 0.28128 0.3324
0.2396 0.32068 0.4996
0.2328 0.29392 0.3708
0.2392 0.28368 0.3304
0.2648 0.29312 0.3248
0.2572 0.31048 0.378
0.274 0.2976 0.3536
0.2268 0.31964 0.5604
0.2428 0.2994 0.3316
0.2528 0.29132 0.3428
0.2232 0.30556 0.3684
0.2424 0.31764 0.5332
0.2304 0.25932 0.3112
0.244 0.27272 0.3128
0.206 0.26208 0.3268
0.2044 0.26608 0.3072
0.2336 0.27492 0.3372
0.2124 0.2712 0.3508
0.2372 0.27696 0.3264
0.2048 0.27864 0.366
0.2188 0.26292 0.3048
0.1956 0.24356 0.2724
0.216 0.25264 0.3004
0.2004 0.25356 0.3016
0.216 0.27848 0.3136
0.2484 0.27844 0.3336
0.2388 0.27964 0.3256
0.2432 0.29336 0.3468
0.2604 0.2938 0.3456
0.2508 0.29428 0.3444
0.2436 0.28844 0.3356
0.2444 0.28876 0.3412
0.2028 0.2652 0.3304
0.2376 0.26636 0.3108
0.2368 0.28076 0.3432
0.262 0.28424 0.3156
0.2484 0.28972 0.3664
0.2304 0.28268 0.3208
0.2296 0.2744 0.3264
0.2464 0.27252 0.3176
0.248 0.2946 0.3228
