0.2664 0.41304 0.4948
0.2816 0.42352 0.586
0.2396 0.39376 0.5556
0.2908 0.37188 0.4996
0.2936 0.37948 0.4896
0.2844 0.38572 0.4828
0.2604 0.34568 0.4308
0.2536 0.36904 0.5172
0.3148 0.38564 0.4472
0.3236 0.42184 0.5248
0.3728 0.4184 0.4856
0.2672 0.3686 0.4644
0.3396 0.44312 0.542
0.358 0.434 0.5032
0.2976 0.44804 0.5816
0.3792 0.449 0.5288
0.3596 0.43844 0.5552
0.3676 0.43568 0.4848
0.3112 0.43424 0.5112
0.3232 0.4242 0.5332
0.3292 0.42248 0.5296
0.4004 0.4442 0.496
0.282 0.42612 0.5108
0.2924 0.41028 0.5356
0.3544 0.42832 0.564
0.2984 0.42032 0.54
0.2932 0.40444 0.4792
0.2628 0.41512 0.5088
0.3528 0.41892 0.4768
0.3752 0.47492 0.5744
0.3016 0.42092 0.598
0.3784 0.4488 0.5244
0.3368 0.42488 0.498
0.3492 0.41588 0.4784
0.3708 0.43688 0.588
0.3448 0.41756 0.4876
0.3676 0.44304 0.5616
0.3276 0.40764 0.5096
0.316 0.4446 0.5616
0.3728 0.42012 0.4704
0.2992 0.41876 0.5512
0.3368 0.42348 0.494
0.3388 0.44728 0.5884
0.3624 0.42908 0.5792
0.3388 0.4072 0.4876
0.3724 0.4248 0.5072
0.3004 0.3894 0.4512
0.332 0.4216 0.4924
0.3744 0.46332 0.5272
0.354 0.4318 0.5108
0.3676 0.43312 0.492
0.4064 0.48824 0.6
0.3244 0.46036 0.5968
0.3472 0.4756 0.5712
0.3884 0.47548 0.544
0.3728 0.4692 0.5736
0.3392 0.42992 0.5236
0.3644 0.43364 0.5264
0.2972 0.43224 0.5796
0.3556 0.42328 0.4912
0.3092 0.40776 0.4928
0.366 0.45176 0.5784
0.3416 0.42892 0.4928
0.3884 0.4692 0.5508
0.3092 0.39572 0.5104
0.3392 0.44204 0.5628
0.3244 0.4568 0.5924
0.372 0.41768 0.4904
0.2936 0.4032 0.5292
0.3568 0.43512 0.5068
0.3188 0.3834 0.4412
0.2668 0.4012 0.5364
0.3424 0.43248 0.532
0.3652 0.44232 0.5432
0.3632 0.4222 0.4816
0.3784 0.46728 0.6
0.3788 0.43672 0.4852
0.426 0.48116 0.5608
0.3552 0.46684 0.5224
0.4192 0.4832 0.578
0.4164 0.4808 0.6
0.4124 0.47396 0.5712
0.3972 0.45296 0.5588
0.3332 0.46536 0.5428
0.314 0.41904 0.5008
0.3364 0.40812 0.472
0.364 0.44844 0.5652
0.2872 0.40836 0.492
0.3336 0.4314 0.5576
0.3292 0.391 0.4496
0.3636 0.4082 0.4656
0.3016 0.39696 0.4996
0.3612 0.41856 0.5156
0.3648 0.438 0.5336
0.3072 0.4136 0.47
0.37 0.41732 0.5336
0.3792 0.43976 0.4832
0.3316 0.40188 0.4572
0.33 0.42176 0.5112
0.3604 0.4454 0.5456
0.3576 0.43872 0.5104
0.3684 0.433 0.5228
0.3152 0.43756 0.5872
0.2856 0.38992 0.4712
0.3776 0.45408 0.5404
0.3432 0.4278 0.5244
0.3304 0.4038 0.5444
0.296 0.43184 0.5936
0.2852 0.3798 0.502
0.3008 0.40092 0.5688
0.3172 0.38108 0.4364
0.3188 0.38772 0.4348
0.3524 0.41308 0.5092
0.3356 0.40996 0.5484
0.3364 0.388 0.44
0.2892 0.3814 0.4652
0.2704 0.39236 0.4852
0.2788 0.3678 0.4808
0.3308 0.3696 0.4312
0.2812 0.35328 0.456
0.2652 0.3564 0.4832
0.3536 0.39116 0.4408
0.276 0.37968 0.484
0.292 0.38076 0.45
0.2904 0.35204 0.5212
0.29 0.41916 0.5544
0.2632 0.35064 0.422
0.236 0.35172 0.4652
0.2712 0.3694 0.4868
0.252 0.32296 0.3868
0.2808 0.32872 0.4412
0.2984 0.37264 0.4288
0.3216 0.38212 0.556
0.2996 0.38232 0.4688
0.3016 0.38768 0.5344
0.246 0.39732 0.4976
0.3336 0.39148 0.4936
0.3596 0.42352 0.51
0.3296 0.39232 0.4712
0.3276 0.39104 0.4512
0.2976 0.41088 0.588
0.3064 0.36884 0.4652
0.3328 0.40128 0.5096
0.3032 0.39668 0.542
0.286 0.39448 0.518
0.3172 0.43068 0.5968
0.3904 0.43968 0.5208
0.3664 0.43976 0.5628
0.3432 0.44168 0.5268
0.3836 0.428 0.46
0.3292 0.44964 0.5668
0.3664 0.43276 0.5156
0.35 0.43428 0.5144
0.3496 0.4512 0.55
0.3192 0.44972 0.5304
0.3564 0.44876 0.6
0.3376 0.40692 0.482
0.3608 0.43968 0.6
0.37 0.43344 0.526
0.328 0.40756 0.5292
0.3272 0.39556 0.494
0.354 0.44664 0.5808
0.2676 0.38096 0.5068
0.2924 0.41628 0.57
0.3432 0.42696 0.5064
0.3672 0.45388 0.5968
0.35 0.42468 0.5412
0.3744 0.4348 0.5072
0.2656 0.40812 0.4724
0.3352 0.40272 0.51
0.3252 0.4238 0.5328
0.2648 0.37432 0.4692
0.314 0.38844 0.4752
0.286 0.38968 0.4836
0.3192 0.42196 0.56
0.26 0.40116 0.5516
0.3464 0.42204 0.5808
0.3836 0.4558 0.534
0.3432 0.43552 0.518
0.3676 0.43712 0.4912
0.3856 0.46252 0.5548
0.4092 0.49184 0.6
0.3576 0.43852 0.5592
0.3992 0.46464 0.5624
0.346 0.44016 0.5204
0.3864 0.4496 0.5464
0.3764 0.46252 0.5244
0.428 0.51876 0.5912
0.4112 0.49328 0.57
0.3628 0.49072 0.5776
0.4192 0.47568 0.5984
0.3824 0.44728 0.5324
0.332 0.44616 0.5212
0.4176 0.48272 0.5856
0.3908 0.48124 0.6
0.3616 0.46408 0.5732
0.3428 0.44848 0.5872
0.3548 0.48132 0.5988
0.3692 0.46332 0.504
0.4152 0.46508 0.5592
0.3492 0.45148 0.572
0.3596 0.44676 0.538
0.3848 0.464 0.5324
0.3752 0.47088 0.5792
0.2856 0.44928 0.5784
0.4024 0.48324 0.5632
0.3336 0.4702 0.5708
0.368 0.47992 0.5828
0.3296 0.43232 0.526
0.306 0.4632 0.5872
0.3372 0.42224 0.5556
0.3064 0.44964 0.5916
0.308 0.42804 0.5872
0.3144 0.42192 0.52
0.3668 0.42412 0.4856
0.3848 0.43868 0.5436
0.3336 0.41136 0.5004
0.2808 0.40784 0.5508
0.2756 0.41236 0.5284
0.3004 0.40832 0.5596
0.2392 0.39064 0.5256
0.34 0.38532 0.5192
0.2896 0.35032 0.4304
0.2932 0.35352 0.4392
0.3008 0.37184 0.452
0.3032 0.38708 0.5224
0.3264 0.39376 0.4352
0.268 0.38352 0.4408
0.3016 0.39288 0.4976
0.3092 0.42668 0.6
0.2612 0.38012 0.508
0.2732 0.40424 0.4916
0.2644 0.36744 0.5052
0.2824 0.36556 0.4388
0.3276 0.42836 0.5296
0.3436 0.4196 0.4856
0.3468 0.43236 0.5668
0.3036 0.43804 0.5592
0.3816 0.45992 0.5936
0.3708 0.46252 0.5788
0.3404 0.4086 0.4728
0.312 0.4064 0.5276
0.3012 0.42888 0.5904
0.2972 0.41736 0.5404
0.2516 0.38004 0.4956
0.2952 0.39616 0.6
0.3392 0.40772 0.5244
0.2788 0.3992 0.4848
0.342 0.4114 0.5248
0.332 0.38636 0.5096
0.2972 0.42212 0.5972
0.2984 0.38908 0.4976
0.3332 0.39856 0.484
0.28 0.39352 0.5072
0.256 0.36008 0.454
0.3144 0.36296 0.472
0.3144 0.38392 0.5308
0.3068 0.36612 0.432
0.2656 0.3458 0.4396
0.2932 0.33956 0.4072
0.3004 0.38128 0.4776
0.2892 0.37656 0.5356
0.3012 0.36968 0.4864
0.2872 0.35816 0.4876
0.3004 0.42472 0.4992
0.2676 0.37256 0.4632
0.2892 0.37564 0.4676
0.3568 0.42784 0.5288
0.2996 0.40056 0.5136
0.302 0.39284 0.4576
0.3072 0.43036 0.5924
0.2924 0.3912 0.4888
0.3524 0.41724 0.5188
0.3064 0.41684 0.6
0.322 0.45428 0.5748
0.39 0.45888 0.5712
0.3012 0.4428 0.5968
0.3016 0.38352 0.4804
0.3032 0.43112 0.5344
0.3408 0.44264 0.5396
0.3428 0.4442 0.5744
0.3332 0.44852 0.5624
0.3536 0.42316 0.506
0.3516 0.42016 0.5644
0.2904 0.39204 0.5644
0.3584 0.438 0.594
0.3224 0.38332 0.4788
0.3212 0.4232 0.5544
0.3272 0.41484 0.5892
0.2808 0.34844 0.4016
0.3244 0.38164 0.4356
0.3424 0.41868 0.4816
0.3248 0.3582 0.3932
0.2916 0.35564 0.4236
0.2996 0.38644 0.4572
0.332 0.43112 0.5528
0.3324 0.41016 0.4712
0.2776 0.39792 0.4696
0.3292 0.41872 0.5632
0.3396 0.44104 0.5316
0.3592 0.42648 0.5756
0.2764 0.4118 0.4936
0.3448 0.41892 0.5388
0.3244 0.39212 0.5284
0.3052 0.43508 0.578
0.3816 0.443 0.5132
0.37 0.44444 0.5416
0.3452 0.45332 0.5804
0.342 0.42416 0.574
0.3228 0.39296 0.4792
0.3168 0.41388 0.5072
0.326 0.4272 0.5416
0.3368 0.4002 0.4972
0.3228 0.3892 0.48
0.2932 0.40328 0.4772
0.3088 0.39268 0.492
0.3156 0.3736 0.4524
0.2712 0.34024 0.4232
0.276 0.39188 0.5624
0.2804 0.34076 0.4152
0.3356 0.37344 0.4232
0.3404 0.37064 0.4284
0.2596 0.35628 0.4272
0.2632 0.35144 0.5048
0.316 0.39596 0.4832
0.3252 0.4054 0.5156
0.3256 0.379 0.4616
0.2784 0.42112 0.4652
0.3504 0.41508 0.5356
0.29 0.38752 0.4656
0.348 0.42496 0.4984
0.3508 0.39132 0.4772
0.374 0.41528 0.4844
0.3552 0.40192 0.4312
0.3476 0.42456 0.5608
0.3436 0.40984 0.5064
0.3012 0.39656 0.4744
0.3368 0.40468 0.4616
0.2864 0.37168 0.4284
0.3504 0.39468 0.446
0.3452 0.40188 0.5328
0.32 0.37188 0.4604
0.3148 0.3706 0.4104
0.3604 0.40024 0.4912
0.3352 0.36932 0.4196
0.3464 0.40016 0.4768
0.2824 0.3766 0.4416
0.2564 0.35504 0.4476
0.2728 0.36312 0.44
0.2968 0.35312 0.4356
0.3204 0.38088 0.44
0.3036 0.4 0.4904
0.2932 0.3464 0.436
0.298 0.38112 0.46
0.314 0.38188 0.4652
0.3212 0.36296 0.4568
0.32 0.38092 0.4248
0.2956 0.38448 0.4468
0.2984 0.3718 0.4744
0.3004 0.35828 0.424
0.2832 0.35712 0.422
0.3416 0.40968 0.4964
0.3236 0.39344 0.4892
0.302 0.3936 0.4316
0.3188 0.41544 0.5428
0.2928 0.3738 0.4292
0.3228 0.36504 0.4112
0.3196 0.39124 0.4692
0.3284 0.41852 0.5144
0.3568 0.42408 0.508
0.3528 0.4178 0.5136
0.3444 0.3924 0.4516
0.3452 0.42828 0.5236
0.3608 0.4202 0.5088
0.3508 0.44936 0.548
0.336 0.44784 0.5452
0.3856 0.45808 0.5616
0.3688 0.44452 0.5708
0.4072 0.43436 0.4892
0.3932 0.442 0.5156
0.3824 0.47432 0.5604
0.3604 0.47372 0.574
0.3668 0.44184 0.5432
0.3968 0.45176 0.5236
0.2764 0.3966 0.4548
0.34 0.42872 0.5416
0.3444 0.4372 0.5316
0.3556 0.3904 0.4588
0.2284 0.27332 0.4264
0.2528 0.31196 0.3968
0.2212 0.3064 0.4648
0.2324 0.314 0.4252
0.2464 0.31032 0.3988
0.2712 0.3064 0.3588
0.2348 0.30324 0.3808
0.2368 0.32976 0.446
0.2244 0.32712 0.4532
0.2272 0.28268 0.3896
0.256 0.29784 0.3572
0.2484 0.30972 0.3796
0.2628 0.28536 0.3176
0.2208 0.30896 0.4204
0.2072 0.3056 0.3728
0.2836 0.33096 0.4552
0.2372 0.3068 0.3724
0.2168 0.32464 0.3756
0.2564 0.33492 0.444
0.2468 0.30416 0.3648
0.266 0.32492 0.4184
0.2784 0.33596 0.4316
0.2564 0.3258 0.4896
0.2632 0.32024 0.4572
0.2452 0.29848 0.3908
0.2752 0.34464 0.4076
0.2916 0.36188 0.5164
0.2596 0.33156 0.4052
0.2692 0.33444 0.3864
0.2572 0.34324 0.4168
0.278 0.36108 0.474
0.2452 0.37896 0.4976
0.278 0.40108 0.508
0.2596 0.36872 0.524
0.2772 0.35184 0.4832
0.2528 0.33308 0.3988
0.2788 0.37568 0.462
0.2728 0.3232 0.3704
0.2748 0.36452 0.4536
0.2756 0.33156 0.382
0.2484 0.32428 0.448
0.2436 0.32632 0.406
0.2676 0.31188 0.4528
0.2452 0.34172 0.4772
0.2616 0.3148 0.4296
0.2128 0.30868 0.358
0.3016 0.35352 0.4296
0.232 0.34652 0.4372
0.234 0.33584 0.568
0.2744 0.3402 0.414
0.2608 0.351 0.4076
0.2448 0.33792 0.4524
0.2836 0.3842 0.5164
0.2528 0.32476 0.4248
0.2456 0.32036 0.3872
0.2476 0.30936 0.4448
0.2428 0.31224 0.4344
0.2508 0.3036 0.3352
0.24 0.32884 0.414
0.2636 0.30804 0.3812
0.2788 0.3318 0.4108
0.2696 0.30804 0.3608
0.2332 0.33856 0.4108
0.2684 0.30824 0.3664
0.2336 0.29616 0.394
0.2976 0.35356 0.4828
0.2252 0.32928 0.4064
0.284 0.33816 0.4084
0.2132 0.33684 0.4096
0.2856 0.35316 0.416
0.3076 0.34988 0.412
0.2716 0.37444 0.5696
0.278 0.36168 0.5196
0.2996 0.36852 0.4628
0.2672 0.36728 0.464
0.3012 0.36452 0.4304
0.298 0.36276 0.5428
0.2868 0.36032 0.468
0.2988 0.37984 0.4608
0.2804 0.3366 0.4408
0.2832 0.36108 0.4704
0.2628 0.36468 0.4584
0.298 0.37524 0.4716
0.2856 0.3944 0.5052
0.3044 0.43328 0.5144
0.348 0.4208 0.5256
0.3508 0.43224 0.5208
0.388 0.44948 0.5284
0.2972 0.41048 0.5464
0.3132 0.41092 0.4972
0.33 0.3924 0.4888
0.264 0.37716 0.5728
0.292 0.37972 0.518
0.3104 0.4086 0.5044
0.3216 0.41372 0.5636
0.262 0.35204 0.4436
0.3452 0.4218 0.5844
0.2888 0.37916 0.5124
0.3272 0.43708 0.568
0.3336 0.38328 0.5036
0.3308 0.442 0.5484
0.3364 0.38856 0.4484
0.2872 0.39416 0.48
0.3152 0.43532 0.5788
0.3216 0.44612 0.5744
0.3164 0.38644 0.4972
0.2964 0.35692 0.4796
0.3128 0.39504 0.5244
0.3216 0.363 0.4312
0.3288 0.37196 0.4104
0.3336 0.39176 0.4704
0.2756 0.36728 0.4244
0.2924 0.37492 0.4752
0.2928 0.38296 0.5156
0.3424 0.43344 0.6
0.346 0.39648 0.5172
0.3212 0.40616 0.568
0.3076 0.41908 0.54
0.2524 0.41868 0.5628
0.3088 0.42236 0.5532
0.2964 0.35944 0.4616
0.2904 0.40788 0.548
0.3156 0.38768 0.6
0.31 0.38908 0.4812
0.2776 0.35984 0.4264
0.3456 0.41068 0.5036
0.3392 0.39152 0.4368
0.3128 0.3678 0.4272
0.2684 0.41644 0.4904
0.3156 0.3914 0.5156
0.3324 0.4214 0.4956
0.3088 0.403 0.5456
0.3336 0.41628 0.534
0.2944 0.41184 0.566
0.3136 0.38912 0.5408
0.3288 0.41916 0.5284
0.33 0.4278 0.5288
0.3028 0.37464 0.4764
0.316 0.38748 0.466
0.2944 0.39908 0.5212
0.3236 0.403 0.4492
0.306 0.38308 0.4716
0.284 0.4172 0.5316
0.2912 0.42376 0.5708
0.294 0.38788 0.492
0.3324 0.39916 0.492
0.3308 0.42536 0.5476
0.2784 0.37116 0.4536
0.2664 0.36716 0.4632
0.2864 0.4122 0.552
0.2872 0.37392 0.4864
0.2868 0.37132 0.5456
0.2904 0.34052 0.3944
0.2684 0.325 0.3832
0.2628 0.3224 0.3676
0.24 0.3278 0.4088
0.2472 0.32124 0.4104
0.2624 0.33492 0.4116
0.2564 0.31092 0.4224
0.2488 0.33372 0.4048
0.2336 0.32072 0.4328
0.2552 0.32292 0.4308
0.2704 0.31024 0.3688
0.2544 0.3314 0.4392
0.254 0.29868 0.3336
0.2344 0.31804 0.3856
0.2604 0.31332 0.3836
0.278 0.32856 0.3692
0.2388 0.31316 0.378
0.2648 0.30204 0.3796
0.2492 0.30776 0.426
0.2756 0.342 0.4572
0.2848 0.32104 0.38
0.2456 0.30108 0.3672
0.254 0.31392 0.3872
0.2536 0.32188 0.3892
0.2648 0.30432 0.3824
0.28 0.3174 0.3408
0.2608 0.31732 0.3896
0.2816 0.32492 0.4244
0.27 0.32792 0.4036
0.2368 0.31004 0.4112
0.2632 0.3252 0.418
0.2532 0.3452 0.3932
0.2656 0.3038 0.3756
0.264 0.34656 0.4312
0.2984 0.40016 0.4536
0.2516 0.34032 0.4332
0.2884 0.38072 0.464
0.2976 0.36952 0.4736
0.2716 0.36716 0.5052
0.2812 0.38024 0.4768
0.316 0.38848 0.4868
0.2968 0.37008 0.4304
0.2876 0.39092 0.4928
0.3256 0.38948 0.5564
0.3356 0.38428 0.4564
0.2688 0.38532 0.5476
0.2848 0.38444 0.4776
0.328 0.41728 0.5488
0.3132 0.39348 0.5144
0.3132 0.4284 0.5712
0.2948 0.38112 0.4988
0.4036 0.47276 0.6
0.3676 0.44972 0.5324
0.3908 0.47256 0.584
0.332 0.4758 0.6
0.3604 0.46788 0.544
0.3692 0.4882 0.5968
0.304 0.4522 0.5612
0.358 0.42992 0.516
0.258 0.4202 0.5784
0.34 0.41172 0.5208
0.3452 0.43436 0.582
0.284 0.38916 0.5844
0.3492 0.41032 0.4704
0.29 0.4278 0.5488
0.2828 0.44436 0.6
0.2844 0.42372 0.6
0.296 0.36424 0.4856
0.3056 0.38788 0.548
0.312 0.40112 0.5528
0.3184 0.36352 0.42
0.3212 0.39792 0.4684
0.2724 0.32768 0.4148
0.3164 0.37368 0.466
0.2784 0.37912 0.4856
0.3032 0.3942 0.5396
0.2716 0.41584 0.4756
0.3368 0.38696 0.5284
0.2952 0.3644 0.4724
0.2976 0.378 0.4796
0.3592 0.4094 0.4692
0.298 0.35592 0.464
0.2996 0.41504 0.592
0.2596 0.3746 0.5536
0.2924 0.35712 0.476
0.2964 0.35528 0.444
0.278 0.3258 0.4204
0.2448 0.32488 0.542
0.2684 0.3042 0.3396
0.2444 0.32168 0.4112
0.2708 0.32464 0.4412
0.266 0.35872 0.4868
0.2316 0.30544 0.4128
0.254 0.31616 0.3736
0.2788 0.33996 0.4324
0.2872 0.34832 0.494
0.2676 0.34176 0.4032
0.2612 0.31796 0.4136
0.2564 0.31824 0.38
0.2308 0.32268 0.3952
0.2488 0.31724 0.3972
0.248 0.289 0.3252
0.23 0.31676 0.4148
0.27 0.3268 0.4108
0.2584 0.31164 0.458
0.276 0.33544 0.3908
0.2852 0.33452 0.448
0.2708 0.31672 0.4108
0.2636 0.31168 0.3892
0.2436 0.32492 0.3728
0.2812 0.33288 0.4224
0.2804 0.33896 0.46
0.2772 0.35948 0.4264
0.278 0.3408 0.4824
0.2784 0.31804 0.4312
0.266 0.33072 0.4424
0.2544 0.328 0.39
0.2388 0.32292 0.4484
0.2712 0.33748 0.4524
0.2884 0.36128 0.4608
0.2492 0.32768 0.3776
0.2616 0.354 0.4016
0.296 0.3698 0.5292
0.3244 0.38308 0.5084
0.2484 0.3526 0.4312
0.2596 0.33456 0.4556
0.2872 0.35152 0.4056
0.278 0.37456 0.5736
0.2676 0.34372 0.4364
0.26 0.35868 0.4804
0.2988 0.36532 0.4208
0.3032 0.39488 0.5884
0.3012 0.429 0.5992
0.2804 0.36868 0.5356
0.3048 0.38428 0.5084
0.2828 0.36052 0.5064
0.3224 0.37632 0.4272
0.2984 0.39208 0.556
0.318 0.36476 0.5028
0.276 0.34696 0.4676
0.2596 0.34436 0.4304
0.2444 0.32824 0.3856
0.2684 0.3108 0.3604
0.2724 0.32356 0.3864
0.2556 0.32716 0.3888
0.2384 0.33644 0.404
0.2696 0.33256 0.4272
0.2856 0.32732 0.3596
0.2804 0.35356 0.5112
0.2808 0.34888 0.4944
0.2688 0.32104 0.384
0.3236 0.393 0.5188
0.3132 0.36168 0.4592
0.292 0.34604 0.4324
0.2708 0.3688 0.5216
0.2628 0.3492 0.4672
0.3 0.3576 0.4176
0.2796 0.31828 0.4156
0.2856 0.37104 0.528
0.2952 0.31872 0.3896
0.2624 0.35488 0.47
0.2628 0.31488 0.3956
0.242 0.33996 0.4368
0.2528 0.29212 0.378
0.246 0.3062 0.4136
0.2364 0.30272 0.3588
0.2816 0.33856 0.4696
0.258 0.32016 0.4316
0.2412 0.321 0.3812
0.242 0.27984 0.3488
0.2568 0.31056 0.3948
0.2724 0.326 0.4744
0.2596 0.34092 0.4296
0.232 0.31352 0.382
0.2276 0.3304 0.51
0.2752 0.33972 0.5476
0.2784 0.35488 0.5148
0.2664 0.31448 0.4288
0.27 0.30336 0.356
0.2728 0.31296 0.3828
0.2476 0.2888 0.344
0.2488 0.30672 0.4316
0.2516 0.29624 0.3604
0.2536 0.29616 0.3512
0.24 0.30048 0.3532
0.2516 0.2948 0.352
0.2296 0.31952 0.4848
0.2588 0.31688 0.3796
0.2708 0.32632 0.3652
0.2668 0.32696 0.4348
0.2908 0.34312 0.4252
0.2328 0.32648 0.4344
0.2796 0.33032 0.4016
0.2812 0.34676 0.5376
0.2928 0.34896 0.3888
0.2316 0.32452 0.4308
0.2864 0.3752 0.6
0.2752 0.3646 0.4884
0.2792 0.3304 0.47
0.2852 0.3542 0.4776
0.3064 0.36248 0.4556
0.2812 0.33104 0.444
0.308 0.39244 0.4768
0.292 0.36376 0.4956
0.274 0.37412 0.5032
0.266 0.32828 0.4292
0.3036 0.358 0.4136
0.2752 0.37584 0.5408
0.2712 0.33352 0.4668
0.2824 0.35632 0.4296
0.3144 0.40044 0.5524
0.304 0.36348 0.4392
0.3136 0.36324 0.4476
0.3052 0.34568 0.3772
0.2812 0.33088 0.4124
0.2704 0.34284 0.418
0.2664 0.382 0.6
0.2672 0.3354 0.4232
0.2952 0.36328 0.5068
0.248 0.36636 0.51
0.3036 0.36892 0.5196
0.3136 0.3478 0.4028
0.2968 0.34648 0.5072
0.288 0.3418 0.4064
0.2676 0.32536 0.3656
0.2592 0.31948 0.3716
0.3156 0.35396 0.402
0.2992 0.35536 0.4484
0.2712 0.37104 0.5136
0.2976 0.36188 0.45
0.2928 0.35884 0.4704
0.3176 0.37508 0.47
0.3032 0.35532 0.484
0.2968 0.33192 0.3888
0.3012 0.37828 0.4564
0.3072 0.35696 0.4728
0.2988 0.35664 0.4596
0.2968 0.35432 0.4668
0.3244 0.37412 0.57
0.2676 0.35488 0.4868
0.2964 0.38904 0.578
0.2876 0.34128 0.4316
0.278 0.37184 0.5144
0.2896 0.35 0.4276
0.2964 0.34732 0.4176
0.3248 0.4072 0.6
0.2556 0.40612 0.5172
0.3148 0.364 0.4428
0.2948 0.35956 0.5512
0.3076 0.37452 0.4744
0.284 0.38092 0.5348
0.2984 0.33688 0.3952
0.278 0.35356 0.4692
0.3136 0.38056 0.5052
0.2788 0.40324 0.5024
0.334 0.41948 0.5076
0.2636 0.36608 0.456
0.2996 0.36444 0.4964
0.3172 0.3668 0.4568
0.2828 0.34284 0.4192
0.2908 0.34812 0.3868
0.3048 0.35992 0.4324
0.2724 0.39832 0.5728
0.304 0.36744 0.43
0.2976 0.40096 0.5308
0.3364 0.37048 0.4372
0.3224 0.38156 0.5372
0.2944 0.3762 0.488
0.276 0.35772 0.4964
0.3032 0.36268 0.4256
0.3064 0.37584 0.448
0.2872 0.36288 0.4276
0.2964 0.40316 0.6
0.3028 0.37856 0.4688
0.3028 0.3518 0.4544
0.3268 0.36432 0.4384
0.288 0.3528 0.4188
0.3036 0.37052 0.4496
0.2932 0.3668 0.4732
0.3088 0.35636 0.4572
0.3388 0.40536 0.4544
0.3216 0.3844 0.4532
0.3228 0.41316 0.5892
0.3208 0.39468 0.5004
0.3136 0.37568 0.4588
0.3236 0.39388 0.4712
0.3488 0.38232 0.4488
0.2796 0.39008 0.5288
0.298 0.40752 0.5776
0.2916 0.3522 0.4628
0.2556 0.32296 0.4048
0.2388 0.35736 0.4436
0.2548 0.34416 0.4644
0.31 0.33728 0.3736
0.2768 0.34464 0.4768
0.272 0.33568 0.4068
0.284 0.35844 0.4696
0.2968 0.34216 0.4228
0.3064 0.36564 0.4732
0.2924 0.36308 0.4888
0.2756 0.34588 0.4684
0.27 0.36516 0.4904
0.2796 0.30872 0.3736
0.298 0.34304 0.4224
0.268 0.3142 0.4156
0.2588 0.32896 0.4312
0.284 0.33508 0.3852
0.3044 0.35852 0.4196
0.296 0.37092 0.4216
0.2712 0.3406 0.4236
0.32 0.37224 0.4616
0.3012 0.33012 0.3548
0.28 0.37044 0.4472
0.2936 0.39124 0.584
0.3388 0.38412 0.4412
0.3128 0.37132 0.4248
0.2928 0.37868 0.4312
0.3052 0.36776 0.5252
0.2624 0.37188 0.5876
0.2908 0.3492 0.4512
0.2824 0.35176 0.47
0.2564 0.36012 0.576
0.2952 0.33524 0.4084
0.2732 0.35232 0.5292
0.248 0.34956 0.5204
0.304 0.41532 0.6
0.2984 0.36972 0.4316
0.3212 0.42232 0.49
0.3244 0.42764 0.5284
0.2984 0.39172 0.51
0.3008 0.39896 0.5772
0.2772 0.40124 0.5156
0.3308 0.44964 0.562
0.3024 0.38704 0.5084
0.3236 0.47016 0.5832
0.328 0.41992 0.556
0.3528 0.41056 0.5284
0.3476 0.452 0.6
0.35 0.4546 0.5744
0.2952 0.36788 0.5104
0.332 0.43408 0.5756
0.3464 0.41096 0.468
0.2884 0.38996 0.5096
0.3464 0.39752 0.4712
0.346 0.43376 0.6
0.3104 0.45152 0.5692
0.3116 0.40024 0.4652
0.3224 0.41612 0.578
0.3396 0.44296 0.6
0.2932 0.40656 0.5452
0.3056 0.39568 0.5784
0.3164 0.41096 0.5512
0.3 0.34692 0.4672
0.3128 0.36284 0.4588
0.2928 0.39332 0.566
0.2688 0.35064 0.4812
0.2736 0.376 0.4664
0.3012 0.3488 0.4
0.2684 0.34576 0.44
0.2864 0.31436 0.358
0.2596 0.34368 0.434
0.2856 0.3374 0.412
0.2508 0.36828 0.4872
0.2652 0.3274 0.4124
0.2716 0.3112 0.416
0.2628 0.33032 0.372
0.2612 0.33476 0.38
0.278 0.33224 0.4016
0.2744 0.34176 0.4556
0.284 0.32592 0.4688
0.3128 0.3408 0.3708
0.2816 0.3288 0.4152
0.2656 0.31476 0.3656
0.2696 0.35088 0.4736
0.2864 0.32648 0.3992
0.296 0.33776 0.4012
0.3056 0.33432 0.3892
0.2904 0.32324 0.3604
0.2788 0.3378 0.4728
0.2828 0.33428 0.432
0.2912 0.32004 0.362
0.2556 0.31076 0.3692
0.3048 0.35132 0.4596
0.2972 0.38916 0.5748
0.286 0.33688 0.3904
0.2952 0.38704 0.5004
0.286 0.34612 0.4112
0.2828 0.35168 0.4212
0.2572 0.3386 0.3916
0.272 0.33136 0.448
0.3172 0.36144 0.4432
0.2928 0.34748 0.4384
0.2916 0.34608 0.4516
0.2812 0.3568 0.4992
0.298 0.3548 0.4508
0.2884 0.3484 0.4312
0.2904 0.37836 0.5588
0.2924 0.34916 0.446
0.2536 0.3276 0.436
0.3156 0.37512 0.5116
0.2872 0.34124 0.5064
0.2684 0.32304 0.3688
0.2848 0.33028 0.4508
0.2444 0.30896 0.3392
0.2768 0.32524 0.3588
0.262 0.314 0.3632
0.2468 0.31764 0.3652
0.2692 0.31792 0.3612
0.2804 0.31912 0.3916
0.304 0.33512 0.3856
0.2668 0.30464 0.3448
0.2556 0.33944 0.3968
0.2924 0.33252 0.388
0.292 0.33144 0.3852
0.2836 0.37752 0.508
0.2836 0.35784 0.5284
0.2692 0.31176 0.3716
0.2604 0.3088 0.4168
0.2856 0.3076 0.3424
0.2768 0.3214 0.3632
0.2608 0.3102 0.3452
0.284 0.32596 0.4452
0.2692 0.30532 0.3472
0.2704 0.32428 0.4196
0.2764 0.32096 0.3872
0.2916 0.31944 0.3996
0.254 0.30376 0.4136
0.2504 0.29276 0.3244
0.2556 0.32836 0.4484
0.2608 0.30332 0.3292
0.2668 0.3062 0.3556
0.2404 0.29064 0.334
0.2624 0.2908 0.3404
0.262 0.31164 0.3524
0.2884 0.31248 0.3752
0.2812 0.31016 0.364
0.2844 0.33348 0.3832
0.2844 0.33192 0.4544
0.2532 0.31924 0.4196
0.3056 0.38016 0.5484
0.2744 0.34176 0.4484
0.2788 0.34752 0.4112
0.322 0.36324 0.4312
0.2964 0.38664 0.5352
0.282 0.3968 0.5812
0.2784 0.38196 0.6
0.2996 0.39232 0.546
0.2936 0.34544 0.4168
0.3208 0.39768 0.522
0.2864 0.36616 0.5408
0.2936 0.32472 0.3476
0.2932 0.31624 0.3508
0.3056 0.36228 0.5232
0.2808 0.36156 0.5828
0.2552 0.32588 0.382
0.2616 0.28768 0.3072
0.298 0.3274 0.3852
0.2756 0.31 0.3432
0.2676 0.3124 0.36
0.2776 0.31436 0.36
