-1809.41290211 -1611.90657017 -1482.49995978
-1772.49244349 -1594.60218243 -1514.35991253
-1707.67390723 -1550.25565753 -1473.61032848
-1711.70439756 -1539.30669684 -1453.7403282
-1553.34079384 -1493.09962988 -1450.30421796
-1786.05209729 -1612.70737427 -1500.29933147
-1621.49188859 -1518.38065963 -1429.84417689
-1614.82529409 -1512.55383931 -1454.66346909
-1599.91385461 -1529.73262219 -1490.19970724
-1682.28382295 -1548.87529333 -1459.38087834
-1795.19530083 -1554.57943675 -1466.88716149
-1612.5238577 -1543.58702949 -1460.51730567
-1554.78970853 -1518.06294474 -1459.87082605
-1666.13709362 -1509.98575602 -1458.35688103
-1578.51447677 -1508.77150035 -1454.06450205
-1573.32293564 -1529.15927663 -1490.94021859
-1635.07310301 -1517.97028564 -1468.84365698
-1547.13152449 -1502.31450316 -1450.90485947
-1604.95697885 -1517.25247596 -1470.40514064
-1611.49703968 -1511.62542607 -1466.1742135
-1572.09712953 -1500.01882951 -1452.93509319
-1617.04501699 -1515.03347625 -1444.13665497
-1535.89787218 -1491.95596115 -1442.25397677
-1623.36706015 -1528.96369224 -1433.90926402
-1586.95848629 -1497.35292513 -1432.11072348
-1773.21200635 -1545.05047093 -1472.484794
-1653.85851239 -1539.42236157 -1455.89512273
-1672.00203215 -1532.98590036 -1449.33866922
-1592.03055561 -1526.48574554 -1481.42466788
-1792.41882717 -1539.17320957 -1473.72190343
-1612.69927148 -1515.75832177 -1474.32061929
-1612.69781938 -1523.4118103 -1444.81013833
-1775.53809042 -1529.8307913 -1482.83232499
-1623.93942287 -1511.84923023 -1461.68926077
-1592.93939718 -1534.4434724 -1463.34474464
-1587.00022632 -1528.06663101 -1481.71669539
-1812.05708561 -1533.33780548 -1453.10474523
-1709.53437477 -1546.87945147 -1466.55298078
-1775.76641226 -1567.02274951 -1487.11999803
-1644.3465027 -1513.98248587 -1439.84978737
-1629.07311491 -1508.98729395 -1464.43003003
-1562.35873848 -1503.56041005 -1442.98273399
-1666.86231411 -1523.89976703 -1443.93530548
