0.336 0.361456 0.38124
0.34672 0.363608 0.38692
0.32584 0.352932 0.36672
0.35744 0.377316 0.44296
0.31684 0.368284 0.41772
0.33236 0.369144 0.4058
0.35912 0.380428 0.40112
0.35532 0.371284 0.39272
0.35072 0.370584 0.40316
0.35684 0.38568 0.40372
0.35448 0.378364 0.42668
0.34664 0.37978 0.41648
0.34588 0.370012 0.39752
0.35028 0.365748 0.42048
0.3292 0.356392 0.36884
0.33544 0.368764 0.41148
0.34336 0.378028 0.41888
0.3522 0.375468 0.39104
0.36068 0.384072 0.41648
0.36628 0.387676 0.41236
0.34936 0.3812 0.4118
0.3526 0.38254 0.43604
0.36124 0.385276 0.39704
0.34848 0.380484 0.40752
0.36072 0.38468 0.40612
0.34392 0.386892 0.42024
0.35712 0.378724 0.40072
0.36632 0.385828 0.39984
0.35648 0.380164 0.40424
0.35848 0.385688 0.41684
0.37548 0.397536 0.4204
0.3666 0.390164 0.40996
0.3648 0.387544 0.42148
0.35408 0.386356 0.42112
0.379 0.404444 0.4518
0.384 0.39642 0.41952
0.37236 0.398948 0.42916
0.36876 0.402332 0.43496
0.36196 0.411532 0.4428
0.39144 0.413808 0.44648
0.38396 0.411632 0.42676
0.37372 0.408724 0.44208
0.38588 0.407472 0.4356
0.37396 0.392068 0.42008
0.37208 0.399684 0.45108
0.36028 0.388232 0.41508
0.37392 0.407828 0.46512
0.36372 0.394368 0.42292
0.38056 0.399048 0.41616
0.34724 0.40036 0.43748
0.36488 0.41798 0.46776
0.3626 0.399692 0.43624
0.3616 0.401308 0.42196
0.3734 0.394968 0.4194
0.38664 0.409584 0.43532
0.36716 0.399392 0.43612
0.39008 0.405788 0.42792
0.38412 0.406476 0.44992
0.37168 0.405172 0.42692
0.3842 0.403264 0.42956
0.40388 0.425504 0.45416
0.40332 0.422868 0.44196
0.39812 0.420928 0.48508
0.36904 0.392484 0.4206
0.36628 0.395184 0.4138
0.36752 0.406836 0.46696
0.37688 0.397172 0.42432
0.38428 0.40562 0.42884
0.36964 0.394224 0.42448
0.38724 0.409364 0.44116
0.37444 0.410284 0.4446
0.36816 0.392236 0.41468
0.37856 0.412388 0.43952
0.38708 0.412448 0.43864
0.37136 0.412792 0.43492
0.38248 0.407576 0.43248
0.39204 0.419 0.47568
0.38616 0.422412 0.46216
0.3876 0.429788 0.50588
0.40504 0.433012 0.461
0.38476 0.403716 0.43112
0.3952 0.416496 0.42948
0.40784 0.443132 0.48912
0.3918 0.436748 0.48488
0.3862 0.421104 0.45108
0.36568 0.410964 0.44968
0.3904 0.418464 0.45076
0.3948 0.44 0.47188
0.41772 0.43194 0.4606
0.37708 0.426924 0.4606
0.41112 0.436876 0.4958
0.39728 0.420224 0.43944
0.42808 0.435472 0.45348
0.38084 0.405264 0.43484
0.3852 0.424152 0.47756
0.3766 0.430804 0.47452
0.40112 0.439136 0.46552
0.40196 0.427708 0.45656
0.39752 0.424232 0.45464
0.37544 0.433132 0.47344
0.39808 0.422608 0.45004
0.38464 0.43054 0.4828
0.3744 0.419332 0.45984
0.38616 0.425316 0.44636
0.40544 0.434316 0.45532
0.40472 0.435812 0.4602
0.38428 0.422796 0.45352
0.39144 0.42182 0.45228
0.40004 0.439516 0.50432
0.39892 0.435668 0.48
0.40324 0.440836 0.48512
0.4002 0.45308 0.5458
0.40804 0.441768 0.47512
0.40868 0.440732 0.4916
0.4058 0.427008 0.44312
0.42932 0.454308 0.47824
0.3892 0.426992 0.48412
0.39432 0.429076 0.48096
0.3868 0.432164 0.47772
0.40952 0.439664 0.48196
0.42484 0.44976 0.49364
0.3846 0.437636 0.47828
0.40992 0.43828 0.45548
0.41532 0.451972 0.50532
0.434 0.447272 0.48772
0.43448 0.451412 0.4756
0.39752 0.444004 0.49804
0.42384 0.452128 0.50336
0.4084 0.446952 0.48244
0.39196 0.442944 0.49164
0.40384 0.459556 0.4912
0.40576 0.4382 0.4816
0.4202 0.437692 0.4574
0.40808 0.426728 0.46016
0.40696 0.454212 0.49016
0.41888 0.459768 0.49356
0.42824 0.453428 0.4798
0.39188 0.44756 0.48636
0.38332 0.425352 0.444
0.4044 0.428116 0.46948
0.42156 0.438456 0.46868
0.3938 0.417424 0.43736
0.39852 0.432496 0.49036
0.42732 0.447572 0.47064
0.381 0.426376 0.46572
0.39428 0.446312 0.47888
0.402 0.426224 0.44828
0.41896 0.455312 0.48492
0.40564 0.44024 0.45084
0.39892 0.437404 0.4704
0.40968 0.436724 0.46756
0.40928 0.45172 0.469
0.41172 0.437628 0.46904
0.41356 0.440844 0.4638
