-14741.2492414 -13797.595672 -13106.5623854
-14806.8195756 -13815.4838317 -13259.3263879
-14888.9173335 -14167.1676373 -13363.6613523
-13886.3088511 -13062.8265638 -12369.274494
-13327.0075366 -12842.1542339 -12125.9097539
-14061.6362672 -13288.2980756 -12650.2965934
-13196.2820818 -12723.5727956 -12270.1804964
-13225.056513 -12714.9210452 -12078.2546026
-13262.8055795 -12687.6717546 -12146.1223773
-13297.4888425 -12527.2080872 -11861.3791738
-13304.1676043 -12552.8524817 -12110.5634623
-13267.6384192 -12478.2555949 -12056.2620571
-12291.0113003 -11903.8877261 -11721.8501911
-12329.932024 -11990.5323782 -11801.7962822
-12004.4618074 -11906.2447863 -11821.0988334
-12501.2287852 -11953.2198727 -11635.7820104
-12047.8138944 -11821.6943775 -11574.5939291
-11989.6625142 -11823.4006633 -11570.5098119
-11840.3776886 -11575.9826122 -11256.6582311
-11713.2212012 -11573.9211413 -11445.1124464
-11882.279485 -11568.7775971 -11282.9517695
-11748.1005936 -11516.8500595 -11407.3739622
-11764.6400954 -11521.1314025 -11216.1185786
