-9749.42858629 -3217.45448697 -88.679992812
-9971.86114062 -4090.02906495 -166.801631304
-7941.45871398 -3966.63721306 -200.036353074
-10000.0115541 -2192.52949234 -113.260293569
-7739.10851095 -2080.35476608 -10.3244602118
-9128.38658033 -1724.59203485 902.594708524
-8861.69303563 -1710.25563497 262.656155872
-9237.9057116 -2834.14961477 32.2207042815
-8744.27133715 -1442.89058688 938.721343348
-9192.23516686 -2105.85931614 1032.28761939
-678.053908658 -122.786814453 1208.96380557
-3659.24433767 -630.20690132 -93.5501219351
-9497.86295074 -3186.66355498 1138.81336132
-7441.57998134 -1451.90664875 685.336229024
-10043.9347195 -3583.10234914 242.996848913
-9943.20819662 -1807.91894575 1619.37799013
-8584.91999661 -846.942467808 503.876430432
-3217.65917137 -206.111736907 1331.21397973
-6648.40100394 -318.514033909 1388.21901699
-362.930944481 282.598591368 1322.79393818
-3509.58258848 291.551720615 1587.58672786
-8950.81983188 -372.95340695 1271.19910963
-9754.97904283 -1763.24516993 1566.53227456
-9478.24272373 -653.444063394 1362.82848209
-1040.60349589 409.686495245 1512.70228078
-272.415397754 430.517147941 1562.58876176
-10070.9374457 -477.966885087 1495.22486969
-5333.24295743 1.73039709316 1452.42065968
-9469.10134187 -438.704115409 1461.89617005
-9570.46071696 -1000.98587041 1724.10823629
5.10459636696 875.812322601 1685.03538503
-2352.88472548 306.544810704 1698.54342827
-2943.60979041 25.2637802905 1796.18947734
-242.016254602 727.059569626 1516.81490915
-369.94636427 873.946613256 1710.9045225
-88.4761559577 960.748091029 1598.83137195
54.0738849336 1000.37386709 1770.6573302
-4111.36302557 -157.318329757 1539.50869909
-9947.52949275 -344.5551936 1244.52075621
-161.521132713 882.264758951 1901.6491654
-9855.41706529 -165.295755362 1668.55935533
-1507.89543482 998.659958025 1822.90142509
-8647.15113118 -183.074669682 1691.99787411
-8662.20741642 -83.9223374342 1500.78728692
-7724.19385358 -598.122024434 1663.60333766
-43.5388922083 1232.55204913 1949.45886907
-63.0084536885 938.858046678 1723.3877221
-912.626262078 668.996708805 1724.10865693
-982.015078629 923.24084503 1789.56614361
-6791.1145256 318.813292641 1791.18913703
-9535.15979202 -17.2764841762 1613.24252053
-8828.78877424 -199.972207946 1535.51951876
520.149233139 1289.35981482 1847.54813179
-9313.20992709 -108.150325903 1665.32118607
106.388777771 1303.97899911 1975.6370312
-3827.86375752 893.957365656 1865.04063562
464.931191811 1202.98370436 2011.63267879
-61.1361537553 1388.22057804 1840.71381554
-3490.76439562 818.791716286 1875.913844
744.96610638 1348.44312207 1826.19855774
-70.173772818 1157.09480284 1770.31467219
-143.65507612 969.973985699 1723.49953236
194.508406482 1147.59846514 1812.86237943
189.646435338 1265.71342004 1751.35838229
-291.729618238 899.418283417 1829.35006535
-114.649815044 1136.18859786 1742.04961449
340.582846347 1427.24268506 1837.1666196
-1686.49405826 999.399751295 1853.73281949
649.986736066 1474.27715614 1989.89045382
-70.6849411693 1178.18225063 1877.05348665
-404.782327156 998.999885705 1987.06712641
1165.48015128 1542.69215199 1790.2092574
-117.700933045 1268.09290869 1865.85381463
-76.0704941699 1273.76420643 1942.07202203
-230.747359965 1203.66182911 1861.61042357
233.906689291 1371.48499209 1825.96093826
140.819999818 1208.5002242 1830.46014498
-6861.29481814 663.991553314 1904.26066862
-4301.53659238 896.338611972 1897.0285944
436.776908121 1439.8940409 1892.97139422
-8641.14102281 479.030191021 1857.33283843
502.78946836 1345.39396017 1739.66035643
-49.1496877333 1041.38681144 1919.83219441
1229.70497721 1720.45499428 1917.72607589
-6015.98967071 717.106382942 1972.49880671
53.1727030759 1447.65694546 2022.67966617
-182.610414395 1154.57166471 1871.40565137
656.832456182 1440.49620198 1822.80701366
-163.356811728 1319.29986631 1980.63228503
-5391.46611621 780.436663152 2012.38022893
-6306.45518201 725.58598418 1933.02106011
-2366.73064905 815.453108352 1774.04658567
318.053882683 1565.75794586 1963.70812616
-3804.43681285 821.949038088 2008.96745364
-127.931574424 1221.73541805 1921.88091344
809.941579132 1666.71243681 1973.84887136
120.485776312 1476.3709553 2086.23561813
-2535.56270433 1040.21455365 1860.38430849
530.725546784 1479.35031174 1875.87391045
-155.123752289 1455.34823209 2072.25941384
-335.285906729 1165.23721805 1964.66732736
-3279.00691701 1080.50006701 2056.89638948
1457.19974707 1690.23754129 1937.26122922
-476.35821698 1449.16362513 2104.72457766
-883.75728338 1192.21951191 2014.88846107
-3240.37496547 826.094234531 1884.3632336
-6971.94669615 608.607066097 1938.77077727
741.303385052 1534.68660793 1774.52482517
1463.07739516 1660.31510742 1882.47778288
-2402.43453767 965.993903939 2009.51997792
1141.67040361 1590.87428855 1779.31128276
520.48670777 1534.35993692 2120.29000171
-4139.98115786 866.9653935 2017.92659363
-210.705240012 1498.33665128 1964.69344396
476.052220001 1513.6571106 1964.16401583
-8503.2627612 716.763095437 1875.91407804
-52.8142062384 1395.85518862 1825.27968758
-155.019643964 947.812963311 1931.21110152
-203.667639122 707.038927067 1756.54470862
-253.835724887 1288.02503785 1922.58405088
89.7230017291 1321.15467182 1825.59489266
-2575.93703766 1189.99973487 2063.59030629
-377.478410202 1444.64223765 1878.83790873
-4945.00780162 346.852350057 1839.29064123
1285.66326233 1674.60212921 1930.22506112
-1981.0812932 921.174690131 1834.99277876
-1038.96889755 1233.51030853 2082.64087228
802.306775928 1668.79298448 1972.12025034
755.467240657 1364.02986069 1914.02656658
-1896.56772434 1266.02927317 1883.98424651
-3529.83779346 830.327276485 1949.83887787
988.877010801 1553.84854022 1928.16777066
1097.04098765 1660.87894177 1951.20614447
-3904.17268033 622.660387477 1986.42515032
-4056.39136629 1173.01865413 1878.62286957
-116.775532127 1223.58825453 2129.14289413
-450.478610494 1571.41979184 2043.08535561
-1557.44322772 1216.55387375 2004.02004114
-8559.14789468 131.628860339 1894.04927899
-9068.03837535 386.333661098 1938.1220879
-8842.01631087 666.938025121 1909.99329027
120.806035341 1591.42202994 2075.64240306
446.359203025 1665.71794047 1988.04907994
1402.43381247 1700.52982164 1939.27231339
-2790.43402958 834.166413995 1894.3817032
-1947.88466469 715.416404811 2048.4341659
-162.106792501 1142.96995879 1970.47420167
12.38520167 1525.25824364 1938.37397197
432.041605464 1460.8892976 1945.9821389
-8093.36373837 71.6139790396 1805.31610918
1692.41822707 1904.0486593 2088.09392891
1009.8947709 1717.41977269 2125.63544026
890.809426342 1416.04075494 1842.83072367
-1955.92183431 1184.51751128 2045.49866405
-2248.34091858 941.188159468 1933.68574728
-317.577551915 944.558237722 1990.80282111
-141.88184982 1099.84325259 1987.95013175
-26.1597425308 1417.85846996 1984.0251333
1093.55948967 1755.47638711 2129.63468683
800.850085136 1644.78964753 1973.67756474
1423.69462897 1758.87081255 2078.19526188
1225.12535057 1693.35260542 1994.55267408
1548.79414884 1754.88063941 1932.92612682
1662.8116202 1828.97672397 2040.8862965
-862.237797246 1226.11821433 1855.08509103
703.718232094 1424.46196349 2037.86269355
-2449.54152265 970.415615571 1943.83132533
1377.21042086 1678.42299177 1987.81080946
-3185.79605037 1165.4670329 2043.51117742
1465.33683971 1745.32888959 1986.82149106
-148.274897095 1437.24501098 1938.22719393
-272.641667361 1354.38584868 2094.11899404
-7029.43378214 425.006894658 1846.76489929
-8051.68381765 57.7311283691 2127.90425154
472.751444294 1581.65597505 1838.24802256
-3.51053340155 1511.26200329 2080.47747064
136.48314691 1452.96578607 1873.99693993
-145.945609841 1548.60598829 2076.57829855
-236.76777944 1647.73258651 2087.33553733
1347.55259937 1796.34716195 1987.19784638
-171.327493736 1159.30902676 1892.28530367
-188.280752693 1063.52716989 1887.56189113
-479.366156089 1234.10469035 1894.26146541
-156.458371079 1510.34290016 1943.45998553
-2152.76952291 897.169324468 1939.5906909
-179.198350282 1410.03078209 2033.60279468
1659.92360195 1797.68974686 2076.76837518
989.604577262 1697.78181363 1999.83038775
-2864.49895702 1130.30774572 1891.98453707
326.235739979 1574.38079969 2175.72655301
563.066705949 1634.71861319 2024.04638202
-175.263614013 1176.77843565 1952.94088708
-976.729813915 1319.84803579 1885.59027288
-678.459780048 1102.69607773 1893.98892055
48.7050489036 1453.25033494 2131.77716778
-275.443949362 1245.38143053 1945.15678472
445.969269306 1344.05419988 1933.15767268
371.710707053 1540.21554275 1983.31006534
1181.257263 1716.0245382 2003.38336829
-1929.2332004 1348.54768294 2079.27336552
817.475375065 1614.90917765 1953.15812194
1619.7852042 1821.80473344 2124.31196674
1328.35135114 1681.33180415 1885.31451609
-2879.32237534 1076.69254568 1892.30269877
1097.42912036 1644.03818819 1894.85114532
976.247953951 1682.55472019 2089.28226851
1418.51244012 1722.02035697 2083.02932595
821.643563555 1684.13175381 2041.23532398
91.6809336779 1456.04661745 1995.48652958
1488.15610666 1772.48116043 2128.19163783
-38.5309967061 1261.95483593 1949.64085686
-2074.38689747 1409.43001566 2037.10102495
995.572736684 1667.96300301 2127.58191209
715.410401992 1700.64866167 1990.60786817
1543.09193943 1725.25144586 1906.93195976
946.256144213 1544.76218956 1938.5171949
-654.043653673 1385.86445528 2086.76622245
-156.985311305 1367.67101529 1839.77456324
457.184817157 1499.71486764 2085.11797955
-3267.42038352 1025.95825824 2042.43880843
-298.971001468 1522.47844364 2093.39071724
692.903862621 1624.57171268 2137.11134784
-411.581229153 1357.79133706 1894.65355401
9.22488006292 1403.27872805 1900.50063866
-4868.92578249 899.616662439 2030.04773855
-1402.37449641 1407.11771361 2083.36245008
38.3764226579 1408.34378792 2089.66908126
-232.625242658 1227.5356283 1990.09521724
942.929854598 1667.19984883 1950.65442253
525.535660654 1578.83972076 1895.42614719
553.163238923 1503.05265451 1952.90408592
-1448.76386023 1243.92278907 1899.6302244
-2293.12090554 1170.55415057 2279.69071979
-1679.12223488 1154.95646336 2038.1219222
-527.060480845 1460.20786675 1899.32257718
-5375.61804466 1035.76356855 2033.21085888
-380.801764939 1396.31423278 1985.66271707
595.299400625 1558.37103188 2096.87354508
667.233848485 1606.8893674 2176.42696565
-197.655847995 1377.69617322 2126.73763188
-1013.26163181 1356.13511179 2034.64482832
1182.4221103 1679.86466522 2033.36758428
61.5299303195 1379.72067164 1945.46252682
949.374022485 1656.7826554 1909.07476617
-163.244868698 1351.11662295 1994.04744687
-26.2253932342 1485.60540933 1985.85946414
46.0836435677 1559.37165883 2038.58424722
1506.7235505 1832.13789618 2087.17013851
1224.31633144 1773.01426821 1991.00357399
1470.10958495 1769.62095 1996.19221724
227.201046195 1443.13210173 2084.24799085
-2771.37056958 1080.9442015 1999.09607521
-944.690119583 1368.27142836 1954.64989785
568.137223182 1618.39827573 1944.7015244
748.120806418 1591.63581082 1849.11836441
1665.66254622 1786.30911326 1952.27188929
1250.17430957 1717.0180441 1987.45342541
328.735608618 1600.88451763 2126.62892194
1119.44987876 1663.66480563 1980.61487053
-5190.45298933 967.133511778 1895.58111778
-1117.88953475 1134.25479004 1850.726763
850.350894684 1631.1970158 2049.7047697
1151.20736249 1676.49333472 2091.38253473
1165.90864657 1772.4837432 2129.47673003
1502.36074493 1744.73150558 1953.00542127
1416.88085926 1829.04632463 1992.96068542
-859.388109697 1397.36707936 1898.64386813
1422.89605703 1691.32305991 2037.58326648
1524.73394996 1797.1273671 1991.25128423
1295.70103131 1802.28765367 1999.2051463
-33.9527934497 1643.88690241 2042.64442436
-31.8096976253 1542.11312911 2129.5219868
619.269220658 1481.8483901 2000.58252852
658.802409387 1712.3350869 2035.92353484
-7314.47489742 805.752859252 1989.28284277
754.874023573 1427.56061004 2038.08559296
317.181306489 1597.97513324 2138.47668288
-153.929221128 1353.23303529 2041.26386281
1192.75043922 1665.46653128 1951.8945043
996.230566937 1616.32821892 1995.64532369
715.320222415 1610.45575339 2097.9986326
-122.877587282 1375.66311724 1955.86460815
24.4964056028 1618.51611971 2093.44631457
219.738949927 1430.48985124 2094.72939401
103.884598704 1303.33923367 1947.39421347
-1844.15544302 1471.49969222 2004.0931167
-166.269989531 1460.14828195 2098.14603173
82.6028942441 1661.46255864 2085.93100779
1013.28488963 1691.41867015 1995.02940448
1456.41955951 1844.85054404 1998.49600372
1264.76468915 1764.50498083 2001.02766229
964.521079308 1741.83341535 2084.74742253
959.72024105 1700.65482569 2127.91221616
128.354957932 1525.4233017 1937.60792501
-4895.19410008 1175.64640054 2078.22802371
-86.0973716908 1636.48563797 2096.41202848
456.716496658 1678.75140402 2093.01108462
1417.24133724 1915.77598985 2144.86632046
520.793027063 1742.65897595 2090.36941466
29.5987164246 1673.2809369 2154.6922279
1171.99042216 1823.09760966 2124.971764
690.222512775 1583.57794839 2045.92104616
1483.33904795 1830.02433224 2011.13959524
-193.940017711 1572.98033304 2048.48423666
1550.2359543 1792.59359299 2047.34485192
950.277030311 1754.58826889 2143.18687152
1201.00707822 1675.76124205 2098.83557693
1611.46185467 1828.80555492 2095.28138973
1571.76399143 1870.63563017 2093.59937744
231.325997676 1669.91379642 2095.47199224
1617.80150129 1826.86673979 2097.314201
174.852764675 1712.46575996 2062.96892511
1188.0209654 1748.11531441 2094.86814321
1567.60672451 1856.69888572 2007.39543277
-366.677599015 1573.1236521 1959.52439955
708.732903594 1740.39375429 2093.86591367
1100.27960034 1699.95997405 2082.55979734
1608.52201256 1874.57075587 2099.75678412
-139.288028344 1665.07922958 2060.23290924
1295.15718066 1749.05437796 2000.61151607
716.520044286 1715.83167672 2095.86225456
-80.6910995043 1485.89418496 2045.57926072
224.596712354 1644.14569306 1926.84006399
495.948189295 1538.74585272 2134.92476405
-100.988825148 1635.09552013 2199.26097072
149.215901503 1371.12806174 1954.97838836
409.564529845 1597.89499026 1949.91937053
1165.05088049 1684.09023513 1996.44303743
227.209658653 1528.98785567 1912.12814091
571.376877391 1696.11697838 2144.7463753
-131.930202172 1513.48877874 2011.77984285
-28.0365097751 1616.39271811 2185.87022619
1439.78182767 1880.10385349 2145.10532866
-148.682476432 1368.20105318 1996.0674843
-39.4526926542 1416.81982011 2088.77581377
1160.04548792 1825.4660219 2047.51426214
122.213015235 1481.222629 2138.70004512
682.890106284 1571.4470359 1993.64700749
1098.2472847 1679.66380419 2043.12760743
-68.718532027 1431.0758637 1940.42371803
1334.83728791 1811.32786138 2101.89093272
1106.72515099 1776.96899655 2088.10348598
-13.6111861023 1492.0287269 1945.37442925
-136.305669093 1417.74483188 1998.53263425
1048.61205812 1628.25905122 2092.46622214
1414.92373649 1844.92428621 2043.17113283
1096.65969874 1654.27438402 1853.53475702
272.301553219 1519.0797735 1992.68135854
1409.57152231 1637.70132198 1860.52926072
-1913.76205062 1242.14370463 2093.75638535
1435.17655066 1808.50491349 2092.21496757
-580.317705523 1367.62408538 2039.31994291
-7269.91502763 696.910094579 2046.76707605
-221.184335578 1298.53567031 2132.30267886
-32.0939624733 1319.23621797 2093.98757975
-9100.67371827 290.743189196 2091.50043218
-3125.54282662 1068.47001758 2087.77183164
-1894.36615204 1021.21051966 2032.54911137
-726.102240423 1341.24784225 2042.631254
29.2312071202 1091.81400428 1807.87020008
-943.480531326 1438.9277463 2035.87039741
1278.68146107 1678.43467414 1945.77000762
-145.012113395 1400.57038686 2129.07422252
750.818550386 1578.31908454 2082.99734254
953.629580327 1616.33267886 1815.78196264
-183.812571325 1436.46729093 1990.50348741
-3982.59670223 960.043479355 1916.75401409
1017.63160676 1626.33269829 1953.16235287
1210.99153622 1670.54651323 2138.13928409
-34.961157529 1422.16426469 1951.0345102
228.405053065 1569.9274646 2095.3067735
1646.47672827 1814.40916349 1948.4531935
809.276067545 1622.74022273 2044.34157751
510.915704059 1425.54719423 1909.33990832
-180.954114911 1617.63283553 2095.51163164
-104.247730847 1446.84056503 2027.86411788
1375.59918885 1762.02362483 2095.32448346
-142.655609706 1591.89025867 1951.20989711
-3284.14922275 831.34404976 2150.53797506
1241.6018182 1723.76684321 2042.56297662
1377.93922312 1714.61499988 1956.01352454
430.924915626 1488.55751999 2041.19245997
863.201947513 1707.66582535 2041.8784921
49.9331744211 1679.49318831 2042.38198742
-2843.920636 824.508144455 1987.14614939
-7304.82645453 -301.744548885 2003.98978932
-3767.60002589 1047.79367679 2004.14315786
-1109.6584536 1641.2288027 2147.99764598
-2400.14559046 1382.48030014 1993.65423534
1436.49528734 1711.9302035 1899.18827212
-949.252521503 1236.77513362 1954.1819429
-7376.11040097 806.337936742 1904.83147308
-5755.11672603 585.259327132 1943.3246453
-169.086624175 1082.29553477 2095.55266427
-2325.19588747 1369.55013084 2089.71511105
220.911758116 1532.54113767 2047.38777095
226.417381173 1454.0077226 2030.67965322
-127.494862583 1516.26705686 1892.4011256
-6962.60988554 717.920213769 2090.64418009
1361.81398085 1802.22364459 2042.71040956
281.598809694 1712.56215819 2054.40256999
-156.038744244 1466.3983302 2039.03560126
-25.6851950031 1627.35731828 2135.87212867
-4520.88753569 760.595619487 1997.17995891
1443.14323076 1746.96435938 1946.80049462
286.520726827 1579.75980215 1992.55693744
1080.56297048 1576.55846571 1855.81581166
-185.530279254 1204.14680976 1857.72363651
705.05895556 1701.92280975 2038.66567396
510.008458063 1702.85375243 2170.54121149
1125.08016462 1843.1052223 2079.6537994
1228.61372931 1643.96646754 1906.27366044
1336.80079417 1828.36371689 2036.37389144
899.472630307 1696.63825233 1986.07782171
225.932854278 1729.06308856 1991.86491751
679.728589107 1627.86341113 2000.51743202
-8871.64226596 581.474057172 1899.77276391
1095.82631142 1670.6934599 1928.64976791
-631.480837661 1038.14822595 1806.39068032
-217.060321102 1372.56224258 2043.86741257
-9114.71407498 36.522954771 1947.6861006
-121.572909831 1456.10456713 1997.21488925
-7857.91004353 730.370852918 2178.22466161
-43.3178268554 1550.197772 2082.66555479
-204.88735942 1481.70150681 2143.65963663
71.2538980497 1611.43505532 2044.41321234
699.493407231 1570.29414268 2188.84766956
921.451902302 1680.66143172 2048.19325864
1051.1878496 1842.23016672 2145.2392181
131.617724625 1712.55701193 2091.81670218
807.286380801 1726.58662287 2052.80821778
1466.48411258 1830.51377699 2033.03226873
-133.10576015 1247.62943508 2132.36488544
977.654508787 1712.49394178 1978.5522578
205.539857976 1450.00392437 2046.06490529
571.856075677 1602.41269643 2094.15865991
1517.05611326 1836.52676045 2093.35727877
462.434471105 1573.54601819 1993.05496798
1479.44634558 1762.42379449 1957.22459741
-175.367410804 1616.98520221 2093.19400321
-81.0282217287 1536.06220709 2135.41150908
1149.74858404 1740.05631498 2036.8217625
814.811367055 1710.57026367 2048.57033853
554.278310547 1727.05421981 2235.23583007
185.523315843 1655.72877387 2052.8314171
-80.3304305067 1483.53497738 2033.93654653
484.665157305 1559.46910142 2027.0176341
3.79623866446 1530.50310426 2083.5529085
-35.5934723635 1438.96803798 1993.57420301
-172.891918262 1576.63446205 2092.06201981
89.0400591152 1625.52544943 2035.00999123
1420.91719428 1761.45915596 1989.48051309
-147.270464034 1738.35425272 2077.54947444
349.033619322 1670.31642452 1951.10517988
947.116751433 1666.61481883 2142.87160436
-207.045933934 1497.34303912 2083.65213109
1463.05720339 1849.93156464 2042.21769748
1448.93419446 1895.68805457 2041.63492477
1571.21239145 1811.51921064 1994.83672197
1527.7113422 1832.02792245 2034.90165885
1346.33659512 1764.35511641 2144.32902163
361.055865414 1711.77703095 2092.01908483
1315.44914371 1867.64019589 2040.16592326
1475.60414747 1820.93770349 1952.25509337
717.849174054 1746.93956675 2192.94527881
1483.46341234 1817.12995024 2098.11468282
-73.8715079699 1424.98892003 1837.19452793
1203.44100727 1779.49392717 1999.33773531
951.721852181 1568.80538705 2042.63691923
-88.6838061363 1633.90573988 2097.56864424
129.84656307 1590.04469852 2084.88969124
447.116675376 1518.13656096 1993.22588666
-159.040115257 1226.99137949 1848.95330639
523.613012835 1537.55301003 2039.31510105
729.490261274 1747.46648675 2042.39871732
1627.30861005 1907.47867962 2145.16463652
-308.022473789 1530.16826939 2089.61226196
899.343445219 1653.04961198 2085.68981182
-5126.75481085 1036.10849306 2187.00578917
1010.45264267 1737.56304363 1985.08532514
132.665299512 1528.3201478 2003.75019648
-167.683607126 1491.40878938 2038.24973721
-92.2738245693 1538.73592176 2095.34203864
809.226465428 1634.56102755 2131.31050273
1077.23374008 1732.23805576 2141.02965962
-141.205633903 1631.26200536 2086.05679458
954.80524634 1772.806689 2081.30730606
-426.891327475 1567.46587382 2087.45124649
967.019595825 1702.27783425 2139.41636408
1656.66782985 1885.52660916 2079.75919493
181.00208492 1607.69300134 2132.59563098
170.74755406 1643.74086411 2000.73545522
-134.914867962 1597.81640741 2008.93444374
1584.35989285 1850.62671753 1995.1657894
1147.57020837 1773.33305737 2193.9300606
432.128369323 1655.82041386 2097.55999719
-28.3025330026 1596.68627956 1989.49084915
142.611627643 1510.82358523 2033.95070457
1565.50041221 1837.16551462 1998.45905649
64.9920295785 1666.02724392 2183.18653858
235.50321858 1437.92435092 2043.46866633
168.668020574 1644.60591005 1990.42059013
1645.27342625 1857.41422807 2170.25151146
34.301564749 1695.81495662 2044.81716452
1647.4417385 1827.50817301 1996.83847948
1411.1656115 1792.01082284 1949.46155152
65.0645420656 1608.61634347 2057.36903778
814.738182084 1593.18464793 2049.61069612
524.903047898 1719.7293808 2150.26796697
-32.8098483778 1295.77974237 2144.24912933
-9044.41326769 754.641971074 2091.1997237
-308.014687397 1591.2139559 2053.88006337
1336.86219858 1742.66028848 2003.86108748
181.723805656 1679.55978346 1907.12154089
-126.894079615 1529.24144362 1953.99404166
1155.30422552 1704.33605668 2098.28080463
1651.5974173 1905.64756543 2089.44837987
1408.87507429 1853.89857417 2000.02160877
1058.37511655 1626.33311495 2048.04938222
519.790086332 1721.67230147 2039.55161625
1100.95279992 1803.57042172 2042.71370095
-1161.14102122 1084.83698155 2083.66429996
-436.717121751 1303.9914775 2034.45420605
-147.525154215 1520.37610472 2095.22205607
-20.5356980347 1535.90140145 2085.88489957
377.911318215 1603.61932532 2095.23104764
75.6858986367 1416.76950933 2143.9958947
815.602405414 1696.68622685 2090.70910348
954.042208168 1782.63886219 2049.69869054
465.940586627 1601.70954753 2002.66250028
1704.4186882 1870.18721655 2104.84374366
421.723290735 1578.44928987 2045.40324223
-23.7862465675 1720.60990292 2129.61860811
1300.24072477 1749.43704931 2056.68693697
977.046407044 1861.37771531 2177.58479898
383.457178823 1477.72025987 2085.49112177
76.6620353348 1584.95943199 2126.06930292
976.701402825 1763.55069434 2034.60238414
-21.7246177605 1449.91311296 2142.43053958
229.057754082 1618.59226949 1995.04046639
1533.39146063 1869.16198412 2102.301408
1762.79433307 1929.87978255 2140.88862327
805.994662703 1843.13434436 2071.97677496
1570.96988958 1865.23624328 2090.85249333
1286.85760178 1886.38798154 2158.74246753
365.507697357 1590.76464876 2218.84047727
1687.06724847 2018.29643145 2153.29846169
1473.3495821 1858.85909028 2135.71070686
790.877238352 1882.10552395 2206.84061389
1620.49604093 1861.97566594 2178.70293422
1619.55146984 1894.08740711 2131.45005209
912.210743908 1876.42728532 2096.01504861
1795.82328967 1974.0347397 2143.43291465
1470.64445029 1942.17006479 2151.38672717
1645.82605785 1970.71685339 2186.68983559
1661.49815781 1995.57609976 2134.24232767
1649.42662755 1945.3664506 2108.60073876
1755.33677577 1990.19114298 2154.23923834
1558.99004113 1999.60047256 2245.56428385
1942.06053418 2037.19666377 2209.94913912
1666.20118767 1925.99738447 2101.02894971
1371.84353782 1996.84204719 2220.31210712
1769.92927397 1998.99511152 2165.51920183
1656.43576657 2032.86183778 2199.65513782
1749.8508863 2023.00719409 2199.51853806
1873.78184208 1999.23633382 2059.95339108
885.059327888 1829.66847248 2199.76956987
1777.51771862 2034.10326021 2291.19193699
1779.55254836 1957.08926601 2086.34326625
1694.75152052 1986.60855667 2180.30330219
1830.54144047 2037.05403053 2162.77908026
1880.91939736 2018.53372922 2248.36485094
1991.44167364 2103.84667999 2207.02580441
1632.94436046 1969.1606607 2145.17859103
1740.36472769 1982.77276111 2133.20937353
1911.79189809 2077.88792823 2175.67922559
1630.58579058 1910.14541804 2201.24972817
1719.3082439 1951.76278042 2105.79510338
1698.31979327 1978.90900866 2156.44201883
1786.61373841 2024.44223919 2240.83868267
1760.65418213 1965.67673607 2087.19972103
1544.7067813 2003.57660727 2295.98041014
1706.51519901 1985.34354385 2099.03498287
1281.24802386 1933.30008934 2205.74604971
1206.26063671 1878.46847068 2169.46461015
1659.69011498 1900.31133111 2106.59989578
1694.37414043 1990.20659023 2159.75615568
1906.96526634 2047.15624177 2173.16738818
1669.09411261 2000.45564371 2118.39040105
1820.82617396 1970.05217032 2073.3255139
1721.89902081 1937.610659 2135.76033392
1735.80682394 1956.29722978 2132.78826162
1561.23009707 1923.6764521 2104.6673815
1747.33998578 1967.60195559 2189.20712877
1624.22356599 1909.62579962 2076.94091092
1649.98874247 1984.62863662 2159.39972921
1824.0460976 1995.64338155 2113.26035069
1753.05914575 1997.74305828 2140.09707287
1671.70369976 1901.68148362 2073.90869891
1854.25488259 1992.3181774 2122.71841976
1813.96416348 1965.37140805 2160.65831135
1529.20632641 1899.61110323 2164.3629013
1864.62503262 2036.20517007 2187.68242666
1780.61554928 1944.50897407 2106.43363538
1748.63853368 1945.23427976 2097.75351224
1812.4212927 2039.63900459 2159.80870813
1870.2714462 2008.67820826 2244.07966073
1972.09372185 2016.87462326 2156.99401575
1722.19163328 1959.23930773 2177.03944585
1934.22985387 2029.77254472 2184.82589522
1671.09534315 1948.86535171 2102.67099479
1673.23435691 1926.38716475 2042.50165068
1663.66882754 1978.86056035 2110.11375016
1901.860561 2014.19106146 2178.08963759
1640.94771021 1957.72293519 2091.23357126
1866.95955312 1984.79487867 2103.94191574
1785.16625571 1966.52378001 2121.43786536
1880.04889389 1992.92416345 2188.7929731
1849.65687146 1980.35140067 2137.99850196
1538.93950374 1911.83733955 2178.0148747
1855.87158326 1979.71701209 2118.50580241
1608.48711703 1941.99566834 2089.26737647
1748.16221062 1957.70488413 2091.66557861
1844.09283003 1991.82403602 2133.31009764
1772.66505207 2033.5371762 2228.50262464
1918.94966112 2011.21356683 2114.91841325
1711.64959505 1984.55878891 2216.75339402
1846.95871397 2048.30995854 2184.43614317
1833.60839153 2014.99621502 2166.58358051
1831.64625226 1975.39001225 2151.44653073
1827.59061349 1976.1847362 2127.91248507
1740.46491119 1921.83551234 2038.86443497
1555.49092287 1951.44854665 2277.2410141
1703.2389229 2030.40769203 2172.76795417
1594.04417492 1935.73573836 2115.76942847
1788.99801522 2049.43192079 2257.36763668
1803.8192654 1966.3992619 2142.74194219
1878.92741962 2025.03396846 2131.89017932
1702.82381975 1951.44471493 2123.01472325
1801.27802215 1968.50216848 2097.82071946
1846.33326969 2051.91692968 2281.48739997
1774.3849038 1998.86579341 2234.12179801
1655.98867269 1984.56891814 2174.65136375
1835.12623141 1986.88005183 2127.46944801
1082.69197223 1909.81006033 2196.31445725
1732.12981225 1952.52971685 2222.35522313
1619.36923566 1940.37995497 2083.42164206
1835.39670979 2008.70359756 2114.46664637
1847.38862882 1968.47466883 2095.95445868
1779.36933558 1951.81256518 2115.66442947
1716.794282 2014.12468979 2201.0850016
1717.54016497 1920.69446458 2087.04874429
1627.29972271 1960.26234232 2141.39713791
1888.63351444 2047.6859599 2169.54968078
1857.77771695 2036.68029581 2248.08214982
1745.82360637 1955.84668747 2143.7265306
1831.26869311 2044.16298529 2187.71829441
1928.06495467 2031.70296149 2185.49660307
1619.93068737 1978.42117872 2185.00987192
1716.75694218 2044.18400471 2221.35594983
1819.17479448 2022.68132485 2243.77135575
1858.78439689 2023.87677623 2187.60859727
1808.18973655 2053.94276648 2202.26305854
1736.42119417 1990.3850289 2159.91642247
1584.14077747 1931.50295634 2077.00236695
1748.68303286 2007.42454354 2120.13156658
1288.33402837 1866.04266063 2170.78281732
1756.70790286 2021.40418611 2187.51012407
1707.57101138 1978.06344244 2136.274877
844.578651513 1911.71442865 2178.2333804
1768.7912819 2037.09811062 2189.28965096
1846.34894225 2030.00766788 2271.67886985
1829.19321753 2035.74100857 2108.01790609
1462.24307043 1929.16024922 2187.93798944
1807.21411916 2038.58770567 2236.26444434
1920.86044567 2057.975179 2268.24836546
1849.32778233 1999.98717478 2178.69755798
1065.05577264 1961.29108719 2172.64425092
1848.87049482 2034.8697826 2226.20526329
1810.64506328 2045.3210802 2170.55293327
1003.61624147 1953.54163785 2256.13038545
1762.42121944 1944.37555368 2149.84185129
973.737291976 1873.30604038 2223.04577827
1785.13940524 2057.35962029 2225.53813912
1392.20602598 2001.93949849 2232.87978196
1570.47184281 1959.38967032 2176.81018651
1589.95992096 2021.24729914 2345.09245735
1908.26637485 2094.55345506 2244.20742051
1784.87612634 2024.56220035 2182.42241217
1855.72113505 2027.30122966 2318.46344453
1776.35924989 2014.45326541 2121.09127559
1770.58444238 1974.21446764 2207.79125508
1588.88194222 1973.25039459 2193.01732314
1308.40515905 1982.91747589 2228.92749941
1264.39864941 1953.81490608 2178.12472526
1941.6950428 2105.76367655 2397.0338607
1922.95810101 2023.88579837 2193.27696685
1885.27955285 2049.9450634 2139.68095223
1842.64871175 2096.15660937 2334.34430502
1948.41260379 2091.06037393 2183.69477302
1752.08949548 2049.69878733 2333.55734458
1770.16864245 2066.79939443 2181.35877273
1141.50167884 1950.26239275 2312.25683081
1819.7905315 2049.06506641 2226.27128782
1846.4672754 1995.46379245 2337.34016381
1306.74764963 1978.8331257 2199.26698411
1338.77503362 1984.93018227 2309.97942836
1816.92755751 2017.95206178 2297.08933303
1805.83961257 2038.42508247 2436.08756157
1243.2424277 1915.44967374 2207.47955509
1606.41605874 2033.58384596 2266.32935091
1229.7870962 1904.49521278 2231.78460528
1604.20452028 1976.43695578 2157.14206081
1828.78239505 2033.6787689 2186.56933844
1763.83137853 2068.60573171 2253.98776701
1775.28617279 1989.39896046 2179.92766802
1871.56636054 2071.18991296 2324.82102629
970.485242228 1875.91833861 2173.43411002
1929.67464531 2097.74955733 2329.77269842
1915.81594657 2069.12657952 2278.35882679
1898.99141412 2040.71955127 2234.00800062
1792.24278788 2068.16018933 2346.66859732
1776.63147674 1943.46559082 2105.50753573
1501.23470965 1895.05993969 2114.06297493
1828.62474685 2028.12417654 2270.23101412
1489.50704569 2003.71936583 2275.87103389
1845.88997105 1992.53074106 2259.04374262
1884.72394657 2055.72759757 2184.55014327
1871.91909108 2080.11640409 2240.84205385
1824.83211813 2054.36562866 2270.72915381
1608.64289625 2059.76339714 2324.35193756
1699.11535464 1991.10873641 2177.47564264
1906.56477512 2094.83457851 2327.31293528
1768.28897772 1998.72423539 2221.1149396
1801.22522731 1977.14804763 2098.02026798
1737.76867065 2019.03964833 2163.33168371
1780.89133437 2004.15845781 2234.58504139
1777.50620429 1986.54988969 2078.08691528
1910.2678084 2110.42100939 2265.6230409
1674.14077277 1968.14774749 2109.93407444
1870.83011712 2034.64593882 2229.19878014
1635.03593143 2021.80334996 2233.05809531
1428.16382615 1962.38250676 2218.25366406
1893.41568618 2057.53176472 2292.37505555
1799.11472615 2024.23835937 2249.88524748
1760.37958633 2002.21650191 2220.97142824
1269.87217506 2005.35825171 2190.57405906
1966.12869125 2082.56501854 2211.17757487
1833.47596362 2027.95243349 2217.09569938
1890.42392412 2043.06011086 2183.42638691
1659.97972906 1978.28374997 2160.73494721
1876.29496769 2056.73374466 2224.71309925
1806.77413425 2013.38400768 2123.77589717
1850.83596094 2057.21451274 2146.29469907
1261.61142508 1928.77534401 2314.20716386
1735.72749829 2012.1502747 2222.94039872
1870.35686676 2030.40751983 2176.11413616
1420.66181744 1935.52489914 2181.32330481
1888.63550211 2045.3985122 2247.92069225
1883.23544326 2039.45252649 2250.5826332
1881.80221526 2040.319525 2230.04208303
1558.46756309 1995.04307831 2144.02788329
1689.31379181 1993.83281143 2155.97027938
1838.49226254 2019.13501392 2095.08109343
1876.16563157 2058.72147292 2261.96645193
1666.00811402 2023.95418918 2206.93579423
1742.89208786 2030.72147284 2341.94860069
1868.91716984 2057.04674762 2264.11374525
1577.92814931 2004.27214868 2201.97104949
1898.87875441 2037.51917162 2140.58635067
1775.61344683 2016.35877023 2221.89595028
1699.38611663 1981.70836176 2195.32312567
1619.62930189 1894.10281282 2172.50491263
1785.34282967 2062.62015032 2277.25123063
1837.76510336 2048.3194905 2216.90374292
1435.39627836 1933.97422397 2089.42055833
1956.98697163 2080.73418768 2240.14888399
1225.13940744 1922.93988639 2163.4981484
1785.84244394 2015.67594776 2197.39704034
1627.34748077 1947.63318919 2174.59638133
1389.11388666 1905.60317418 2120.56612138
1375.73017791 1874.69433593 2194.23562525
1891.59587799 2069.23749433 2299.40844334
1910.30492325 2018.11729936 2128.81143478
1842.38060636 2062.08904208 2276.31509381
1802.33274739 2048.1012105 2218.20356443
1671.74109227 2016.9677997 2304.67379857
1471.48819649 1989.1582472 2248.22402471
1907.86859029 2088.25915415 2186.2648637
2064.86216911 2152.89281446 2253.48262334
1633.88563949 2008.96893261 2184.64852466
1711.4218134 1973.13763683 2307.3080123
1757.67901804 2007.49426894 2175.9571589
1661.26233023 1999.32327071 2203.81862072
1477.71658684 1968.4828733 2236.84079324
1288.05444152 1843.43347515 2302.19259522
1837.67109226 2044.55454771 2245.80284132
1790.88968261 2069.71285381 2163.03082165
1859.15487897 2042.5633532 2225.89519474
1912.8479037 2080.03288355 2394.35967602
1552.47598441 1972.45978491 2142.68583216
1971.05687291 2074.70746799 2204.94461033
1752.17946604 2048.57712622 2265.40085658
1830.30472976 2027.29163529 2298.17438425
1588.1973439 1982.06600278 2141.96503157
1907.73234325 2078.57292652 2256.36208701
1754.29515703 1992.90281145 2172.47468633
1506.1242625 1975.89033831 2173.32020212
1654.775059 1943.88260326 2127.87475682
1739.58305336 2024.41821195 2206.34161974
1889.70357071 2083.01607171 2187.63947386
1881.11999327 2019.71363826 2239.00894216
1755.62965152 1928.00518498 2056.92960382
1847.77417529 1964.70590185 2112.71610923
1613.8144374 1996.10038429 2188.85701051
1863.89515323 2034.37038868 2221.30622504
1763.74278572 2020.97975721 2178.54458016
1848.11240455 2012.00807128 2242.81739381
1116.91582493 1926.57413187 2208.85285043
1887.23310257 2054.32921107 2239.1917642
1810.23196523 2070.4636246 2211.00860455
1800.75455462 2007.26747575 2210.79261698
1960.42008419 2074.19109368 2200.95763933
1718.19932739 1990.89591487 2142.13951163
1765.23873509 2020.15809204 2171.54247797
1879.64006 2061.50130544 2204.21662026
1897.50759065 2015.53607398 2140.21588537
1848.10384708 2041.91201886 2282.94837203
1679.22261457 2049.59420301 2233.09270664
1791.35511687 2017.48495254 2175.09291419
1629.50819736 1971.72480132 2197.73487732
1776.76841217 1981.47069087 2136.33481598
1058.79331893 1943.19237663 2336.38808465
1797.96752744 2053.03096236 2203.99327686
1896.30905584 2060.65844476 2197.77434857
1577.67564545 1918.43554667 2159.39776697
1682.17952833 2002.92531438 2229.80380192
1780.25884067 2041.94136787 2326.9506476
1731.5892038 2033.34216433 2219.6118238
1818.59629888 2033.00504614 2182.33272493
1754.82735911 1986.07317291 2155.11637477
1896.08992673 2110.70100324 2343.51606098
1499.76365831 2008.7118289 2279.20309103
1631.18871142 1989.57393985 2239.4683165
1659.05156474 1966.65771284 2202.86819637
869.42659606 1926.27803309 2211.15050884
1776.42601016 2050.54609696 2267.34886139
1638.77571365 2065.85103267 2183.20915089
1877.29101039 2054.88441081 2243.95250964
1833.57872492 2034.09611228 2234.8808593
1762.31509254 1949.25702359 2203.75323296
1906.24411644 2086.35588955 2186.88616034
1715.18562144 2052.83796278 2217.21635405
1690.18654589 1958.39112563 2278.75059162
1843.15026914 1992.56477932 2162.26896923
1969.66130905 2100.25799823 2369.88677445
1832.95082395 2017.9947016 2258.85473804
1936.26451827 2088.99298897 2229.75995801
1748.07765077 2003.49509033 2175.91767669
1654.46255333 1988.28564894 2204.76014485
1637.90325233 2014.85925663 2180.47652879
1888.51589507 2037.85790053 2242.3570409
1917.41393567 2065.11652143 2220.11230612
1638.01861914 2036.08917629 2237.74597821
1597.38051068 1990.85178331 2294.87292857
1675.19310117 1925.97876541 2088.44002444
1795.03868098 1981.77858993 2134.24558676
1872.39612566 2063.02858001 2231.88198762
1816.33809789 2039.87614416 2182.25726311
1677.51011086 2024.17953917 2286.04987582
1933.79386696 2077.86293043 2197.99308977
1437.08412827 2007.94318244 2213.28016868
1772.5521874 2038.64747507 2205.5581511
1879.81643112 2086.66635668 2316.57984339
1884.61425551 2051.82284975 2215.93188324
1806.47757794 2032.56065877 2245.70036989
1915.43394786 2054.50275192 2177.00993176
1836.41866229 2019.11290377 2269.65132441
1743.57997381 2000.13422076 2144.893407
1911.58326417 2068.11259918 2234.55786675
1767.3382661 2010.82339475 2235.42443323
1940.0438158 2131.02465886 2292.29628112
1732.42535847 2003.4983951 2292.71655642
1410.28362699 1972.66369119 2157.41418739
1712.68407517 2043.63842076 2296.5668243
1880.27054817 2081.17958659 2342.06390988
1939.61033985 2056.96257634 2142.13135678
1577.49645212 1996.75465377 2244.99443954
1851.14708185 2021.41755978 2111.54787049
1831.54105114 2064.6778652 2230.93987119
1756.31724685 1992.72210616 2214.86437555
1845.71737625 2060.00893206 2240.20593295
1839.63544242 2024.65703848 2213.1284771
1775.072748 2017.88101476 2214.30427744
1895.91624514 2044.39216272 2305.60657505
1850.89036097 2030.97555919 2186.27586381
1676.57629838 1971.1031574 2200.60402718
1676.82154443 1927.33884354 2162.49754434
1804.76434999 2076.10214296 2175.48582329
1732.48605958 1983.62027128 2124.66607943
1773.24930392 2000.20552827 2135.22506901
1566.1080579 1976.52705762 2203.96261214
1649.08449985 2041.75336627 2271.36065572
1690.73757334 2000.84888188 2304.09460085
1804.1956693 2081.83760282 2319.64559952
1691.10025752 1975.87587868 2161.99793812
1536.41246296 1981.63944505 2223.10246304
1762.82083052 1919.32737709 2137.76559165
1685.16013682 1994.72799548 2226.53078583
1651.67119097 1934.32513137 2157.940445
1705.63866388 2048.16263426 2284.53556946
1875.09347003 2081.57755962 2252.06915675
1719.92770203 1955.15430835 2168.49764069
1742.58848254 2021.13013165 2231.24065826
1019.45904187 1863.19925793 2212.87312671
1119.24652775 1958.28700367 2135.78148787
1850.5995813 2049.57775236 2231.51282161
1894.48596608 2087.81415016 2292.27072832
1785.91009814 2036.39135866 2206.96174571
1765.64777112 2034.24556478 2207.7889174
1883.39295291 2030.1746853 2163.56435805
1699.3941405 1971.58713088 2290.98849802
1795.69841845 1999.62857375 2252.43090093
1681.69769328 1991.14968224 2141.03547959
1781.42719023 1982.40117972 2128.46875099
1562.97833043 1922.3331149 2234.91607289
1779.35697518 1956.49891621 2221.59377604
1645.96282389 1915.24632976 2135.41258781
1820.51398632 1984.95292609 2190.49735519
1870.51524716 2041.3090203 2248.08345853
1949.70687811 2036.99239411 2181.41358985
1931.28366369 2048.84082866 2304.93713474
1764.65285139 1972.65641944 2097.94680974
1614.84320924 2011.85855527 2237.68289121
1945.68781085 2069.16282882 2158.25598164
1723.09092886 2002.8526458 2130.94378084
1794.50983628 2004.7272316 2149.71333512
1730.42575756 2031.67737317 2244.05386133
1875.3612103 2052.50360107 2246.89134011
1525.82486563 1963.19021316 2220.68364583
1854.75052018 1997.83823511 2128.06450821
1957.40809396 2079.66029644 2225.19437369
1932.83589602 2103.43041166 2295.81811882
1608.71751717 1958.80558365 2174.38155981
1772.45796875 2050.83117519 2200.49091795
1765.15221027 1989.80827716 2142.52234189
1810.45583498 1997.94341066 2135.54123102
1696.91817807 1959.02612487 2244.2791552
1862.04458948 2049.93338831 2229.64972423
1797.31354904 1994.03667908 2183.69776085
1902.43774298 2057.51683263 2207.15767399
1761.30505926 2039.64138119 2225.53912719
1864.44171813 2032.20277194 2273.8797623
1785.18090162 2006.61437648 2143.01435588
1974.67846278 2087.62162814 2294.18104312
1815.17274041 2038.8743839 2187.76373792
1804.48203317 1966.99991429 2197.20161618
1871.03256878 2048.55194353 2230.93059817
1882.164172 2044.45814272 2196.94773711
1873.84824121 2011.75230122 2136.9164272
1713.25259599 1991.06424329 2149.9183734
1778.02234242 2016.98912308 2161.68240057
1804.74916863 2064.00040472 2231.26595071
1754.26471691 2034.37974133 2330.11647443
1677.77598526 1923.80209534 2146.7255058
1547.2128894 1886.33840137 2087.53589145
1833.5246048 1994.77834155 2167.12760105
1888.34316364 2070.59942108 2275.75829019
1883.42333808 2066.81463649 2261.33365179
1351.92112195 2009.92195109 2215.35477677
1822.43191039 2024.52060961 2151.92028429
1683.87657906 2083.54691351 2325.71336221
1642.75680564 1993.25174103 2142.01818196
1786.63695191 2027.04541262 2242.69496068
1810.31492883 2001.09243785 2140.33694982
1835.22245113 2008.5755893 2217.21194012
1567.73411339 2004.96902554 2284.8889756
1626.54720733 2035.14411803 2257.81096316
1892.64762821 2053.5730834 2254.35841485
1901.2917153 2046.55215474 2209.29892555
1605.58687929 1981.67522845 2160.89888774
1889.15409199 2016.1758371 2159.88512169
1923.75603873 2087.54209039 2245.6622355
1865.51751246 2008.12836255 2246.52855774
1479.05663112 1934.33720031 2108.45388561
1881.37801078 2067.94598458 2224.11233317
1841.66320898 2036.50180796 2245.61369393
1799.17542647 2097.92408033 2284.36397494
1598.37764285 1991.04716484 2221.65737697
1741.7590754 2014.40357349 2251.80701733
1785.91785067 2038.72518259 2210.78644954
1697.10655305 2031.73376816 2285.43284331
1758.02347679 2036.45311017 2233.62682811
1929.75114674 2071.76323832 2271.41662231
1490.10136451 1952.78796072 2287.88069879
1768.26654507 2072.66173954 2251.50319923
1857.68163703 2028.34445882 2365.36921915
1677.60465395 1994.51967622 2177.99568581
1897.31866442 2081.05437772 2219.69121947
1680.76321131 2116.00558782 2400.17737424
1968.46956131 2089.85931396 2188.08821968
1822.15904512 2026.29618109 2273.3380362
1871.63674702 2097.37132191 2295.08531145
1928.91471999 2079.32784687 2184.82804915
1837.21621952 2051.37774368 2220.80384039
1634.6363481 1950.8951356 2129.17410106
1733.54265175 2148.99692881 2361.28292221
1562.09967181 2019.33651043 2270.71742122
1836.79237951 2054.85439919 2283.80041383
1794.49048507 2037.82138522 2198.80368591
1814.51244134 2039.35753999 2327.51389358
1965.01369905 2073.94660984 2205.9444128
1811.84430032 2107.73867828 2264.2899126
1797.70227854 1990.03076603 2177.77532783
1944.19980212 2065.44078529 2188.21143736
1670.86008147 2003.02880614 2168.09131403
1682.78137178 2017.23940947 2141.38908106
1840.76247282 2081.26901069 2200.02796856
1843.87119582 2053.59240268 2228.5948565
1321.58089577 1910.04543394 2283.1626886
1774.77585152 2079.24696112 2302.40953513
1765.59495501 2035.65384556 2220.87133526
1672.7906104 2041.56298779 2205.60776775
2014.64358976 2109.0804009 2263.80264039
1792.19150882 2046.69237215 2206.56384845
1832.34533145 2049.14736624 2283.41194211
1760.29773045 2057.45700351 2205.14753135
1790.02581896 2017.8213201 2258.18510443
1668.66458852 2035.00661164 2209.25518447
1840.62952925 2077.9402773 2314.86394942
1336.99243443 2017.3145305 2258.57778043
1822.75963686 2035.75902948 2282.71212855
1898.74486443 2091.41077138 2293.03788851
1752.85425754 1970.97587577 2181.99759286
1927.42777375 2095.71435801 2198.25613945
1855.77914574 2052.72276642 2228.59040664
1669.72195469 2060.55490845 2295.64281465
1643.60915784 1963.22663613 2168.09827794
1769.26391819 2002.2048649 2188.12036667
1787.92504648 2025.97800915 2183.96182416
1789.09283177 2011.95119955 2238.87754367
1893.5247559 2085.22737408 2265.76322379
1907.16023279 2104.96164126 2276.68783251
1876.87353634 2089.80450139 2228.06509938
1996.08244764 2080.63174071 2177.61078812
1892.6796106 2073.64420146 2298.44781602
1739.53244662 2050.16315617 2210.7635941
1725.06098943 2039.12108505 2304.61066694
1999.72232536 2070.62262503 2162.53403238
1827.83218447 2046.64215881 2270.59215299
1862.69369501 2047.83116615 2301.38934728
1291.17793018 1864.41917599 2111.74024012
1768.32324666 1998.29818041 2232.31495424
1674.26420667 1984.10134599 2294.53864094
1860.7991256 2032.40545026 2197.33555412
1637.9221384 2013.83986895 2278.15781511
1801.15123544 2081.26390781 2182.53300041
1716.46079727 2034.86034147 2216.82314473
1978.76242032 2106.1030966 2302.62731333
1760.90011345 2023.49733437 2175.97879628
1872.88738896 2090.65321514 2286.88006353
1796.04011639 2064.4206237 2262.76488349
1909.64765847 2089.40801724 2281.20644482
1753.11470855 2089.35612977 2280.28915318
1802.58345916 2044.78788686 2355.73285979
1741.55743687 1979.92682658 2233.21310999
1747.66999991 2102.91363834 2309.13219515
1849.1029227 2032.54045911 2331.47517619
1814.93080131 2043.82020329 2203.69647535
1836.62971611 2067.44153887 2202.0380939
1885.68715249 2104.89806341 2277.29793234
1923.97596186 2039.68239843 2167.41677772
2003.34074471 2111.51194473 2326.06252267
1811.24196885 2013.59441266 2194.81120862
1864.21651121 2098.04137732 2315.59857218
1738.49046651 2050.42699057 2242.51905457
1643.63850807 2019.72652273 2254.22084067
1848.98599924 2127.10959349 2364.42285787
1647.17653115 2077.23881771 2287.74667426
1790.1215413 2075.48102374 2274.18140351
1896.2619899 2036.71062518 2185.66147536
1875.2423288 2067.04226832 2211.5620749
1846.63402928 2052.06079499 2168.71954415
1833.35442338 2086.21474006 2185.1329691
1765.22983985 2061.63580443 2242.87876573
1848.51128594 2055.26678938 2228.94267706
1799.88927089 1987.28367032 2178.10890305
1751.79370383 2062.17866712 2261.8895979
1973.66342162 2115.34422186 2392.14794831
1727.40591949 2021.13471613 2249.07645836
1572.88351151 2016.01116173 2168.11190572
1800.36330298 2049.78917197 2367.3415783
1805.05748859 2048.04886134 2230.37404709
1755.97705152 2021.46714241 2268.26441422
1940.93373192 2072.55034814 2210.2434027
1739.22454724 2049.41140678 2174.76431052
1842.04985736 2082.85328529 2287.03954122
1806.77449625 2024.31658073 2376.87347696
1962.20746466 2088.07401014 2263.38528216
1865.33360476 2032.58631566 2263.48209841
1773.31203191 2034.47206183 2169.87696539
1790.65471184 2044.84539594 2271.29471558
1790.72178401 2012.13102389 2226.78070641
1758.68190566 2057.21525096 2285.25073989
1684.32106162 2016.12548212 2329.95880709
1874.35807679 2056.52422148 2250.15263026
1770.87791171 2018.33707493 2232.6331734
1769.3965686 2031.45321737 2175.32724106
1710.66524712 1991.64616569 2303.60957724
1833.6037015 2063.73539015 2165.44608613
1720.89605243 2031.13940481 2256.80632649
1724.22305345 2029.77108855 2348.75779646
1925.49842348 2064.07378921 2321.387551
1818.63213466 2021.35926829 2225.76311201
1908.86544124 2064.79057055 2187.61026164
1116.9884991 1952.32179639 2251.27166184
1470.27395566 1949.8739608 2338.77736498
1908.77630633 2051.25435493 2252.65594336
808.362572104 1861.98005764 2199.24361367
1928.80488242 2097.34796404 2198.58656819
1751.19695988 2074.86877557 2267.74584471
1631.27915953 2044.52948303 2366.26711656
1803.38528746 2035.01056093 2217.5116851
1677.98936119 1987.2255371 2267.83781876
1704.77066356 2022.95919943 2251.82834187
1907.57144415 2064.20736224 2210.20241086
1408.91806277 2001.74996581 2395.94923192
1588.86732191 2054.5148793 2243.84914299
1805.99355999 1996.27944455 2192.47952822
1401.70194332 1941.40922092 2217.56934329
1654.69553126 2057.70975989 2212.43163871
1482.29222773 1961.69869423 2201.7098445
1817.74619584 2004.11333199 2135.3627699
1724.40762257 1958.80173931 2095.35751357
1975.35486629 2109.63682007 2248.07158229
1438.83701297 1990.39596293 2171.98016512
1837.55557801 2049.89343467 2335.14460548
1707.63416547 2044.59590965 2305.89352363
1852.15702006 2051.69048928 2198.05385594
1143.59036724 1933.71743774 2217.47702627
1802.398777 1990.94313298 2204.20855052
1443.13701554 1926.02781005 2233.07355407
1892.29379583 2080.77757095 2234.32161209
1854.32631879 2072.84847495 2241.20114188
1795.55796771 1997.77873814 2148.11503265
1759.92596492 1965.41649834 2189.99967325
1943.02251745 2073.94362131 2202.0495678
1500.49152344 1965.19827312 2237.74103082
1836.05683099 2083.34056153 2262.81853677
1804.87487438 2028.20737892 2311.68051602
1908.99298811 2075.54934837 2221.72778693
1596.37709412 1933.65110872 2137.86447506
1622.84630635 1983.58182998 2196.09250761
1512.21164558 2057.04571702 2324.56196131
1934.89277056 2062.3842573 2242.58975727
1512.69825246 2023.17591224 2368.81129294
1644.14690442 2042.42926478 2221.89083348
1815.62836499 2097.57176866 2299.77415071
1891.64335112 2069.38595116 2261.76532936
1932.58175678 2155.2562267 2308.4401334
1840.79958137 1992.426609 2170.79118369
1605.63130448 2001.43553422 2177.89740803
982.580668664 2003.5832366 2266.84836584
1843.33613465 2067.75364591 2196.18057399
1611.87638512 1963.83572743 2119.99229018
1870.79811691 2082.54422242 2247.70976622
1856.65703948 2080.79489219 2247.00362897
1697.83980216 2028.73639406 2200.75541858
1970.92058988 2074.6780489 2277.21976601
1934.36505916 2095.42565489 2222.79864796
1984.72593819 2091.08730334 2177.5446311
1312.79451254 1990.72415182 2154.75366359
1917.04676104 2113.59149212 2325.67630193
1910.43792666 2087.01764708 2212.17303793
1734.80593921 1988.75094401 2123.90470256
1992.43363736 2117.4004243 2311.86448005
1789.91836173 2075.73212633 2264.95496952
1218.49241044 1998.9247907 2259.69368527
1987.34577388 2099.06658442 2218.98491679
1947.93768556 2166.62553818 2305.6936283
1803.79486987 2066.53607539 2197.46293818
1528.45048937 2036.35152997 2263.43914285
1667.77763372 2036.79501654 2168.21742866
1779.34656585 1997.67391155 2139.5245563
1889.96878647 2052.9161709 2169.22075264
1784.18724385 2096.10898573 2267.73025335
2006.70957705 2105.7248751 2212.81877478
1828.59574699 2011.7539247 2258.4109237
1896.6123091 2071.01283951 2275.97516669
1894.58693302 2072.51522876 2332.22373878
1702.75715808 2011.54869398 2338.15604584
1490.377269 2061.26666249 2173.92288332
1807.38866582 2028.72581608 2186.49139882
1575.02118501 2017.29496199 2170.70323999
1719.75609579 2036.66904264 2278.12614683
1693.30833328 2029.13823367 2323.96998928
1922.41764427 2092.0192719 2267.43424684
1922.41840699 2080.59997351 2195.40799036
1858.4341112 2042.39541607 2241.94580066
1692.10708286 2029.53730865 2297.16126594
1900.27262827 2045.8593173 2166.69666609
1548.01814045 2003.40128129 2180.8645116
1252.42399906 1980.69992593 2334.83801722
1897.75867163 2098.01558475 2297.76992844
1819.34510145 2011.89132025 2148.65233333
1921.73511917 2090.95584661 2268.79426483
1765.86759067 2044.12145843 2242.0643895
1981.99442034 2094.74173505 2209.46940253
1871.90997077 2099.6089791 2239.18976036
1652.28031235 2049.87690308 2254.92438937
1884.91624905 2150.51538209 2336.99692428
1459.32493964 1989.55536593 2212.42144976
1978.78426191 2141.70569311 2293.19727801
1926.36106653 2049.70674395 2206.53844234
1613.01106086 2078.84078686 2352.23971927
1886.03074871 2065.29940334 2186.93908986
1738.74487474 2054.54225498 2245.25502074
1139.02781863 1910.30579624 2193.72683881
1791.62008413 2067.44293578 2318.07927598
1927.11063447 2066.19598954 2237.7028493
1935.30477641 2093.67452469 2282.07228658
1724.06125676 2048.54089986 2233.83177735
1967.9921266 2106.81526972 2202.83768291
1978.3316036 2103.26443299 2216.59215311
1834.18884905 2116.41381919 2250.10612256
1674.17294211 2088.2151374 2261.6802835
1657.48383563 2000.32682451 2208.3429427
1867.93400891 2102.96720086 2233.72944978
2048.48054399 2102.72165694 2190.92242704
2036.29387057 2162.82236771 2370.69849279
1626.40161621 2012.61125589 2175.5955702
1952.9354381 2079.75209186 2226.95828072
1783.97456805 1966.86274899 2092.48621431
1858.52708138 2120.01766054 2230.52070943
2028.113849 2180.84327857 2288.77492743
1690.77640782 2029.439111 2199.43637453
1848.96322137 2085.84620196 2299.03979773
1744.52049417 2083.25141602 2279.02885959
957.226979854 1946.48225712 2193.15687574
1849.73849733 2019.53122487 2259.69655465
1502.73138861 1955.93278833 2262.35881032
