-8861.85492634 -8844.5946676 -8818.93994932
-8862.03941483 -8842.20217717 -8826.76774256
-8855.94060159 -8842.09257498 -8828.61928139
-8850.24557215 -8830.64965376 -8805.22887711
-8858.50344834 -8831.79085463 -8817.38397974
-8848.39005973 -8831.55376978 -8812.2007844
-8834.36402302 -8822.98458191 -8807.78562507
-8845.48388362 -8825.187294 -8799.26765881
-8848.20119751 -8823.56938686 -8809.41898843
-8834.57007318 -8813.23149878 -8793.99617734
-8840.76898446 -8810.73703554 -8782.63935976
-8847.48757542 -8816.7188229 -8771.68648994
-8827.21767272 -8801.24921046 -8773.2742206
-8829.12662193 -8801.57869978 -8771.41144324
-8821.14039171 -8798.27784636 -8774.51566933
-8817.15795627 -8792.14263914 -8769.68848939
-8813.20188487 -8788.56131623 -8772.29860264
-8822.62749594 -8792.08493201 -8766.35910249
-8798.68574559 -8776.78611445 -8750.40085605
-8784.75597837 -8773.68744683 -8750.32377935
-8787.84385966 -8774.84440514 -8758.8378922
-8789.41619891 -8772.03324356 -8757.14133576
