0.33728 0.435132 0.5516
0.29324 0.42562 0.5144
0.36224 0.45098 0.54064
0.26844 0.367556 0.4656
0.25408 0.376196 0.45532
0.33452 0.417384 0.51912
0.247 0.304332 0.35968
0.27776 0.306908 0.37864
0.26684 0.322484 0.423
0.25028 0.276636 0.32924
0.22884 0.300796 0.36408
0.22772 0.286884 0.3758
0.23268 0.269396 0.34152
0.22564 0.277712 0.34076
0.23168 0.2607 0.29088
0.22572 0.25836 0.31288
0.20924 0.254928 0.3142
0.20604 0.274908 0.33528
0.22516 0.258364 0.3292
0.22876 0.254496 0.30728
0.21388 0.262144 0.31748
0.20836 0.247412 0.30272
0.2154 0.242984 0.29072
0.21732 0.253384 0.32144
0.21048 0.236536 0.3082
0.19852 0.2343 0.2784
0.21584 0.241804 0.2614
0.20064 0.236288 0.27468
0.2236 0.247004 0.30768
0.2316 0.24546 0.26856
0.21008 0.233324 0.28792
0.21016 0.236684 0.28428
0.19692 0.247184 0.28592
0.21164 0.23464 0.26576
0.1848 0.21236 0.22648
0.21448 0.234584 0.29868
0.18564 0.230016 0.29524
0.19596 0.232864 0.2786
0.19984 0.22764 0.31064
0.19924 0.229612 0.27736
0.19356 0.233812 0.25968
0.21484 0.23504 0.24808
0.19768 0.235908 0.2744
0.1944 0.233124 0.27228
0.19732 0.223832 0.24776
0.19552 0.22824 0.25088
0.1986 0.223984 0.26076
0.20028 0.2274 0.25932
0.2164 0.248368 0.2888
0.21264 0.244488 0.31156
0.20276 0.241984 0.30672
0.18812 0.249368 0.27524
0.208 0.247396 0.28476
0.21 0.233688 0.26956
0.20796 0.226984 0.26408
0.20336 0.221888 0.27324
0.18496 0.22082 0.26296
0.2166 0.253972 0.29852
0.20212 0.227948 0.25644
0.19776 0.234208 0.25972
0.19436 0.222744 0.25532
0.18516 0.223392 0.26576
0.19736 0.215592 0.25192
0.18528 0.200972 0.22076
0.1662 0.19618 0.21772
0.18088 0.196252 0.2152
0.19916 0.222084 0.2504
0.18268 0.214148 0.22532
0.18056 0.199544 0.21196
0.20036 0.223452 0.26116
0.19 0.209204 0.23304
0.18324 0.209816 0.22416
0.18788 0.207188 0.23092
0.19756 0.216884 0.23544
0.1814 0.210684 0.24536
0.19844 0.222012 0.25784
0.20412 0.226784 0.3166
0.18968 0.229088 0.28552
0.17932 0.200876 0.2338
0.18404 0.203948 0.233
0.172 0.196176 0.22768
0.1888 0.216208 0.25008
0.17556 0.213912 0.24712
0.17272 0.223336 0.26456
0.20244 0.21736 0.23384
0.18952 0.22734 0.3454
0.1844 0.214232 0.24096
0.2078 0.2184 0.24876
0.2046 0.228168 0.261
0.20488 0.235996 0.28876
0.18768 0.21714 0.23692
0.1824 0.208808 0.22852
0.17892 0.219924 0.24732
0.18028 0.217188 0.26792
0.18944 0.218496 0.25612
0.1932 0.228744 0.2744
0.17676 0.22036 0.26844
0.2156 0.236464 0.2708
0.17488 0.228344 0.28304
0.19492 0.231864 0.26504
0.17244 0.215236 0.26596
0.20004 0.22444 0.24968
0.19952 0.222036 0.27652
0.2012 0.239532 0.279
0.20208 0.233296 0.266
0.183 0.220516 0.2542
0.18128 0.211492 0.2292
0.20012 0.222492 0.24952
0.22276 0.244412 0.26752
0.18092 0.212404 0.27584
0.18064 0.240996 0.31196
0.2032 0.235868 0.26676
0.1922 0.219316 0.2552
0.16988 0.212232 0.23908
0.18636 0.223944 0.24904
0.19384 0.236104 0.299
0.19872 0.218976 0.239
0.21116 0.244888 0.2708
0.18864 0.24026 0.29284
0.20408 0.236856 0.271
0.18464 0.22936 0.27172
0.18192 0.227868 0.2794
0.20008 0.238192 0.28808
0.21628 0.253292 0.30056
0.21316 0.2595 0.30824
0.2084 0.266844 0.31544
0.1904 0.243268 0.29116
0.21456 0.264264 0.3212
0.24204 0.267872 0.2936
0.1898 0.255348 0.34252
0.20404 0.258856 0.32272
0.23084 0.279396 0.34016
0.24144 0.301708 0.38744
0.22764 0.303592 0.35356
0.24524 0.284944 0.41428
0.20728 0.29268 0.34704
0.21228 0.270012 0.32852
0.21216 0.267292 0.35284
0.22848 0.290868 0.46908
0.2416 0.280648 0.33888
0.21048 0.284044 0.39756
0.22236 0.27746 0.34836
0.21024 0.268688 0.33444
0.20984 0.258276 0.3214
0.19568 0.323716 0.46796
0.23508 0.28544 0.3394
0.21692 0.282276 0.33288
0.2576 0.33906 0.51084
0.25072 0.340088 0.49676
0.2162 0.290328 0.3878
0.25628 0.331072 0.4316
0.23416 0.32762 0.54492
0.25336 0.309448 0.39524
0.23652 0.276884 0.33012
0.25296 0.317944 0.37732
0.25028 0.3069 0.40132
0.26444 0.33458 0.447
0.21836 0.285876 0.33352
0.23632 0.299148 0.42048
0.21772 0.3083 0.39584
0.19828 0.286752 0.3354
0.21784 0.291456 0.34456
0.23852 0.3345 0.4686
0.24752 0.360048 0.59008
0.22772 0.312028 0.38948
0.26252 0.324672 0.42572
0.21504 0.345996 0.4856
0.24268 0.315612 0.41932
0.34228 0.405168 0.50608
0.22712 0.331436 0.3872
0.28408 0.467392 0.6
0.25108 0.39838 0.53848
0.304 0.432936 0.6
0.25544 0.407976 0.59184
0.27316 0.321956 0.39624
0.26656 0.353276 0.47704
0.24948 0.332528 0.53584
0.2744 0.406364 0.57984
0.2604 0.339316 0.51372
0.2342 0.432696 0.6
0.24924 0.343304 0.49512
0.24588 0.377844 0.58752
0.24768 0.346884 0.5528
0.27752 0.376896 0.57648
0.23024 0.30894 0.45112
0.24936 0.320964 0.47644
0.2424 0.314324 0.5006
0.24152 0.325352 0.46156
0.291 0.357428 0.56636
0.25872 0.357344 0.55892
0.24928 0.317888 0.42768
0.24004 0.305384 0.4212
0.24884 0.328744 0.46464
