0.2168 0.3496 0.5032
0.2708 0.39604 0.6
0.2456 0.37636 0.502
0.2948 0.33332 0.4112
0.2592 0.33656 0.5
0.252 0.31928 0.3608
0.1944 0.30468 0.3972
0.208 0.30724 0.4268
0.3036 0.33444 0.37
0.27 0.36 0.4628
0.2464 0.32192 0.5124
0.2344 0.34332 0.4232
0.2712 0.36672 0.4396
0.242 0.35168 0.4704
0.272 0.3414 0.4096
0.2996 0.36916 0.5168
0.3068 0.37696 0.5296
0.3 0.3582 0.4188
0.28 0.35024 0.426
0.2524 0.32808 0.384
0.2704 0.3366 0.5532
0.3212 0.37844 0.5236
0.272 0.33148 0.4172
0.28 0.33052 0.3836
0.2864 0.32208 0.3676
0.256 0.32816 0.4472
0.2924 0.32536 0.354
0.2944 0.3322 0.4052
0.2188 0.31288 0.3764
0.2956 0.34824 0.4004
0.276 0.34144 0.43
0.2732 0.36104 0.4228
0.264 0.33076 0.434
0.2488 0.31784 0.4388
0.2612 0.30936 0.4472
0.248 0.32232 0.4104
0.2256 0.31716 0.4224
0.2456 0.30464 0.4764
0.272 0.32896 0.4788
0.2728 0.3096 0.3872
0.2448 0.30676 0.3484
0.2792 0.32004 0.362
0.2296 0.31056 0.3712
0.2556 0.28268 0.3112
0.2628 0.30348 0.3392
0.2756 0.3186 0.402
0.274 0.33068 0.458
0.2776 0.3234 0.376
0.276 0.32088 0.3796
0.2564 0.31476 0.3832
0.2792 0.3316 0.3896
0.2692 0.30936 0.3696
0.2356 0.29252 0.3784
0.2432 0.31492 0.3796
0.2784 0.33072 0.4012
0.252 0.3098 0.3564
0.2636 0.32456 0.3712
0.2632 0.3234 0.3796
0.2708 0.32832 0.3872
0.2536 0.33456 0.4124
0.2344 0.33876 0.5272
0.2892 0.3388 0.3824
0.2384 0.31624 0.3664
0.2888 0.34904 0.4496
0.2724 0.2992 0.3872
0.2676 0.31308 0.3516
0.2504 0.3252 0.4096
0.2736 0.31856 0.364
0.2628 0.34024 0.3912
0.2236 0.33024 0.4444
0.2984 0.35688 0.4208
0.2736 0.314 0.3784
0.2444 0.31144 0.3868
0.2576 0.31176 0.354
0.2512 0.32204 0.414
0.266 0.31076 0.3576
0.2496 0.32344 0.4112
0.2412 0.31996 0.4264
0.288 0.3444 0.5204
0.2556 0.30204 0.4308
0.2628 0.35844 0.6
0.262 0.346 0.4992
0.3056 0.41168 0.6
0.286 0.36728 0.508
0.2636 0.34108 0.4364
0.2824 0.36808 0.5704
0.2684 0.34336 0.404
0.3088 0.36836 0.526
0.2752 0.32728 0.3592
0.2504 0.34964 0.444
0.2444 0.33396 0.4576
0.3044 0.37484 0.5508
0.2488 0.34308 0.4764
0.3136 0.40188 0.6
0.2784 0.34584 0.6
0.29 0.33868 0.396
0.2604 0.33464 0.4508
0.2904 0.35288 0.6
0.262 0.31776 0.4068
0.2932 0.3556 0.53
0.2828 0.35552 0.4844
0.2724 0.35652 0.396
0.2844 0.37968 0.4408
0.2488 0.3288 0.4592
0.2584 0.37576 0.4532
0.3076 0.38308 0.4708
0.2992 0.35772 0.4292
0.3072 0.40584 0.5456
0.3044 0.37752 0.4724
0.3156 0.38796 0.4876
0.3332 0.3682 0.4164
0.2748 0.37124 0.5256
0.328 0.37588 0.4508
0.3252 0.3682 0.4364
0.3012 0.37124 0.4996
0.332 0.39828 0.5244
0.3128 0.35396 0.4276
0.3052 0.35124 0.3916
0.2828 0.35552 0.4764
0.3168 0.39192 0.556
0.3312 0.38576 0.5076
0.294 0.3474 0.418
0.3232 0.36364 0.4404
0.2832 0.36172 0.4448
0.3208 0.35612 0.4168
0.3076 0.3456 0.444
0.2696 0.3642 0.4196
0.298 0.35292 0.4268
0.2772 0.34832 0.4736
0.27 0.31792 0.3852
0.2848 0.32548 0.366
0.2888 0.316 0.3568
0.2352 0.3042 0.3596
0.2536 0.30192 0.392
0.2952 0.33 0.3728
0.2872 0.30276 0.3488
0.252 0.31852 0.3984
0.266 0.3022 0.4244
0.248 0.30356 0.3708
0.2704 0.29388 0.3208
0.2852 0.3188 0.352
0.2496 0.30488 0.3392
0.246 0.29732 0.3768
0.286 0.32428 0.3668
0.2912 0.3398 0.3964
0.2668 0.30912 0.3756
0.248 0.31308 0.4188
0.27 0.321 0.3744
0.2748 0.32932 0.3832
0.2508 0.3148 0.4084
0.2484 0.30784 0.3572
0.2756 0.339 0.4144
0.2616 0.32596 0.3932
0.2944 0.32364 0.3832
0.2532 0.30984 0.3824
0.2436 0.3184 0.3904
0.2612 0.33088 0.3928
0.2724 0.3206 0.4032
0.2784 0.32056 0.3772
0.2456 0.32184 0.3816
0.2516 0.31264 0.388
0.2452 0.32252 0.3944
0.256 0.31096 0.3756
0.25 0.30968 0.3604
0.2392 0.30952 0.3488
0.2964 0.34292 0.406
0.2604 0.3232 0.3848
0.2444 0.31016 0.396
0.2736 0.34352 0.3992
0.2584 0.32816 0.4192
0.2544 0.32332 0.378
0.304 0.32664 0.3576
0.2444 0.31348 0.378
0.2896 0.34144 0.3844
0.2656 0.35504 0.4444
0.2344 0.30784 0.354
0.2476 0.33092 0.3952
0.3008 0.34568 0.406
0.2864 0.32008 0.3612
0.302 0.35644 0.4228
0.2768 0.34512 0.4164
0.292 0.352 0.4164
0.2988 0.32944 0.3712
0.2664 0.32852 0.3824
0.2668 0.34588 0.4016
0.2788 0.326 0.3612
0.2744 0.32576 0.4084
0.2708 0.34476 0.4596
0.2972 0.32644 0.3656
0.2652 0.31128 0.3716
0.286 0.3298 0.4104
0.2452 0.33036 0.4096
0.2828 0.31464 0.354
0.2952 0.32708 0.3896
0.2208 0.30968 0.3404
0.2832 0.32772 0.4004
0.2648 0.3224 0.3552
0.3112 0.33776 0.3796
0.2892 0.33308 0.372
0.266 0.35716 0.4096
0.2612 0.33892 0.4948
0.2552 0.31328 0.3884
0.2884 0.32656 0.3756
0.2684 0.3044 0.3516
0.2568 0.32336 0.3848
0.2676 0.34844 0.4032
0.2604 0.30864 0.3716
0.2628 0.306 0.3548
0.2488 0.32776 0.3928
0.2808 0.327 0.4404
0.2632 0.30936 0.3724
0.2604 0.30352 0.3532
0.248 0.30776 0.3992
0.244 0.29952 0.3448
0.2352 0.30736 0.3568
0.2836 0.31588 0.3916
0.2588 0.3316 0.3996
0.2528 0.2924 0.3384
0.2456 0.30024 0.348
0.2412 0.29972 0.414
0.2664 0.31528 0.3492
0.2632 0.311 0.3812
0.2716 0.3054 0.3688
0.2628 0.30084 0.3364
0.2432 0.28828 0.3488
0.2644 0.29436 0.3408
0.2468 0.28884 0.3492
0.254 0.29876 0.3376
0.2496 0.27816 0.3016
0.2616 0.28536 0.3024
0.2324 0.28956 0.352
0.2164 0.26956 0.3236
0.2704 0.3148 0.3596
0.2412 0.293 0.3632
0.2712 0.29904 0.3604
0.2428 0.29276 0.3304
0.258 0.29328 0.346
0.2328 0.28656 0.3264
0.272 0.30724 0.3384
0.2472 0.27908 0.3112
0.2584 0.30308 0.3656
0.2544 0.30124 0.3524
0.262 0.30036 0.338
0.2528 0.28204 0.318
0.2364 0.26924 0.3064
0.2624 0.30116 0.352
0.244 0.2876 0.3384
0.2424 0.27 0.31
0.246 0.27568 0.3172
0.2328 0.27072 0.3136
0.226 0.26128 0.2832
0.224 0.25732 0.296
0.2284 0.26816 0.322
0.2424 0.26792 0.3072
0.236 0.25512 0.2996
0.23 0.25796 0.3068
0.2244 0.25716 0.3024
0.254 0.28224 0.3164
0.2448 0.271 0.3128
0.2244 0.27228 0.3068
0.2436 0.28712 0.3524
0.242 0.28196 0.3272
0.248 0.27376 0.306
0.232 0.26692 0.2972
0.2516 0.27372 0.2892
0.2536 0.28704 0.328
0.24 0.27888 0.3288
0.2528 0.28572 0.3112
0.242 0.26484 0.3068
0.2252 0.26936 0.3072
0.216 0.25204 0.2936
0.2288 0.25076 0.28
0.2224 0.27244 0.3004
0.232 0.25632 0.2784
0.2464 0.26792 0.2964
0.2364 0.26432 0.2944
0.2212 0.26164 0.3168
0.224 0.25904 0.3
0.2364 0.25796 0.2904
0.2184 0.26168 0.306
0.2216 0.25268 0.302
0.2452 0.2672 0.3184
0.2236 0.25196 0.2928
0.236 0.2642 0.2916
0.238 0.26752 0.3412
0.248 0.27584 0.346
0.2344 0.26096 0.3044
0.2468 0.27248 0.3028
0.2164 0.25652 0.2828
0.2264 0.26272 0.3064
0.224 0.2584 0.314
0.2436 0.26472 0.3148
0.23 0.26056 0.2904
0.2292 0.24716 0.2852
0.2332 0.25248 0.2884
0.2272 0.24976 0.272
0.2008 0.25516 0.2948
0.232 0.26484 0.3364
0.226 0.2558 0.2836
0.228 0.2496 0.272
0.226 0.27508 0.3132
0.2296 0.26048 0.296
0.2364 0.262 0.2896
0.23 0.26636 0.3096
0.238 0.26672 0.3032
0.224 0.2652 0.3148
0.236 0.25424 0.2788
0.2212 0.25816 0.2992
0.2444 0.27868 0.3704
0.2132 0.25708 0.3048
0.234 0.2624 0.2992
0.2144 0.27252 0.3504
0.228 0.2506 0.2788
0.2108 0.24532 0.2792
0.2272 0.24544 0.2896
0.2136 0.23488 0.2768
0.2068 0.23728 0.2624
0.2164 0.24904 0.2904
0.2012 0.24124 0.2692
0.216 0.23632 0.2556
0.1932 0.23984 0.2692
0.2072 0.23668 0.2964
0.2296 0.25352 0.2716
0.2172 0.24796 0.2692
0.2084 0.24692 0.2768
0.1964 0.23516 0.2588
0.2004 0.24312 0.2908
0.2036 0.23284 0.2576
0.2064 0.23312 0.2896
0.2072 0.23656 0.2708
0.2064 0.23124 0.2564
0.2204 0.23616 0.2544
0.2072 0.2428 0.276
0.2132 0.24152 0.2992
0.2336 0.25104 0.2696
0.2176 0.237 0.2636
0.2308 0.2542 0.286
0.2116 0.23148 0.2584
0.2328 0.24936 0.2748
0.2084 0.23564 0.2556
0.2108 0.23264 0.2664
0.2144 0.23612 0.2684
0.2064 0.23004 0.2728
0.2156 0.23928 0.2644
0.1972 0.22652 0.2644
0.2096 0.22212 0.2356
0.2068 0.22288 0.2564
0.21 0.2328 0.2764
0.212 0.22992 0.2428
0.196 0.2262 0.2448
0.2052 0.21944 0.2492
0.1992 0.22092 0.2712
0.2132 0.23608 0.2632
0.2076 0.23116 0.2684
0.2072 0.23252 0.2552
0.2012 0.22872 0.252
0.1924 0.21564 0.2372
0.2156 0.24184 0.2764
0.2024 0.23812 0.2668
0.2068 0.23744 0.272
0.2016 0.23272 0.2692
0.1944 0.22888 0.252
0.2096 0.22836 0.2536
0.1932 0.2322 0.2664
0.2036 0.22972 0.254
0.1996 0.23396 0.2904
0.2036 0.23532 0.2908
0.2172 0.24576 0.2652
0.2132 0.24216 0.2748
0.2096 0.2376 0.2576
0.1888 0.2236 0.2544
0.2032 0.22488 0.2504
0.214 0.23004 0.2468
0.2076 0.22996 0.2528
0.196 0.22488 0.2584
0.1992 0.23044 0.2804
0.2068 0.2328 0.2744
0.208 0.23412 0.2608
0.2232 0.23012 0.2496
0.1996 0.227 0.2532
0.1944 0.222 0.2452
0.2184 0.23544 0.2636
