-10116.8252028 -7473.30543393 -1732.31393068
-9913.05970535 -7546.97445401 -1858.89346689
-10081.8033672 -8042.47342281 -1800.88367064
-9942.74425632 -4696.4624796 -1759.50405473
-10103.1884752 -4834.89472885 -1700.68599533
-10066.6265881 -6246.47968816 -1782.35952628
-7203.62658194 -2863.07379925 -1688.80979557
-8646.82631163 -2953.71553902 -1661.16588094
-9827.36107206 -2550.89465347 -1703.32759373
-7828.77954621 -2651.26229182 -1653.14388594
-2386.91387444 -1791.15314979 -1656.10078909
-9987.72443788 -3225.92917759 -1645.90993894
-6677.66994405 -2474.4379465 -1656.16066281
-1749.34995771 -1700.85702179 -1645.93896216
-1712.03889837 -1666.0792299 -1611.83937857
-2453.81599275 -1734.57022251 -1602.773522
-1707.44123098 -1659.55374054 -1639.48405733
-1702.60440746 -1667.47636866 -1626.95601673
-1674.12930968 -1633.48879728 -1605.00136239
-1687.37697987 -1653.99913017 -1620.85275595
-1693.60607872 -1659.88988151 -1614.76405376
-1665.0159726 -1636.93127624 -1606.73318788
-1682.98936387 -1642.09309144 -1607.45465075
-1664.0744277 -1646.70859413 -1605.38552043
-1684.66411381 -1654.98392137 -1625.60629536
-1706.06598337 -1652.51689638 -1610.75899354
-1689.77219138 -1646.7769454 -1603.1292768
-1658.9335286 -1621.5157974 -1575.25465122
-1674.12413778 -1640.41130126 -1601.41454721
-1679.13058239 -1641.36423879 -1591.35896478
-1692.67757566 -1648.76263623 -1619.85386839
-1683.8301185 -1646.74801018 -1620.05119498
-1701.58887918 -1641.62077631 -1613.49294013
-1726.98824109 -1670.66161421 -1615.46010118
-1680.51463508 -1633.91105758 -1566.28771233
-1687.67145806 -1645.15455503 -1607.34043495
-1663.96916921 -1632.00120824 -1616.32753414
-1672.53017426 -1639.70884554 -1617.7830642
-1666.34165304 -1638.02861132 -1608.58563893
-1667.96019883 -1629.2243493 -1594.14118101
-1675.55257789 -1634.75311635 -1599.04911111
-1656.04700247 -1627.4241134 -1569.62031073
-1659.14815335 -1626.22387832 -1592.655793
-1662.51572597 -1627.39449765 -1597.3481731
-1668.19735728 -1635.21609447 -1608.49217479
-1655.25154068 -1628.25406732 -1602.63995716
-1661.92536779 -1637.37405017 -1596.10361077
-1653.90121648 -1628.16783599 -1587.30038558
-1670.37620137 -1643.616259 -1604.4718955
-1667.38532922 -1634.36264178 -1605.81710616
-1664.35017834 -1640.08844363 -1597.62928806
-1668.42255771 -1627.93486529 -1589.97863835
-1691.08278192 -1641.28273133 -1607.7336356
-1679.09523739 -1644.15847316 -1617.48751462
-1688.01066879 -1634.89533331 -1606.19367822
-1696.09289616 -1645.88665086 -1614.42060552
-8765.55536433 -2350.63667684 -1617.13966777
-6065.21380821 -2152.82805925 -1627.21438747
-8791.90344335 -2360.89313574 -1618.21313442
-2384.22821015 -1718.37280438 -1601.75749379
-7151.30938193 -2706.51860351 -1628.6693941
-1691.49166747 -1657.13856669 -1634.01001179
-1680.74774273 -1636.93800108 -1616.16282976
-1679.78096621 -1641.09157344 -1603.98664072
-1690.82336019 -1638.18927623 -1589.73523621
-1677.89021414 -1640.97592512 -1591.79748137
-1682.92847596 -1641.95839204 -1603.6974161
-1662.40401444 -1633.39490321 -1597.76980236
-1677.2488914 -1650.87554644 -1600.78338723
-1710.17301516 -1656.60946925 -1615.355614
-1682.13386513 -1632.29946301 -1601.64320373
-1661.3414319 -1624.1705033 -1591.54887515
-1686.17953044 -1646.82156495 -1605.91615527
-1666.80114723 -1635.57046623 -1572.23813085
-1661.6531352 -1637.00976087 -1598.30182226
-1666.07833512 -1624.33035092 -1581.6258734
-1661.13111682 -1631.78073133 -1595.89674776
-1687.11516285 -1646.75168833 -1626.24564636
-1669.94548022 -1637.51740676 -1619.06449588
-1659.81264402 -1634.68821697 -1614.0093826
-1655.46094896 -1622.40963125 -1579.94446719
-1674.39992837 -1636.93234922 -1616.26277308
-1663.54714464 -1630.43872234 -1580.11547361
-1669.96605945 -1636.05066916 -1606.25804448
-1655.20899929 -1636.88342554 -1618.33830267
-1674.9747977 -1646.22516421 -1597.8629751
-1662.17863107 -1631.16378989 -1599.40852695
-1658.3273642 -1632.00713432 -1594.66683931
-1657.94368534 -1641.03135241 -1618.83738157
-1660.33347473 -1638.35701246 -1605.36640608
-1679.58253985 -1642.41296712 -1600.74441643
-1668.26107993 -1627.36019626 -1610.01418679
-1667.83634638 -1628.62087861 -1585.94258472
-1661.83829515 -1622.93027384 -1577.71354387
-1660.50076407 -1634.12183215 -1595.81938396
-1649.7016846 -1628.76140881 -1606.48893928
-1649.87837993 -1628.0460386 -1571.78432197
-1759.78292378 -1659.06198012 -1615.21969723
-1692.83214843 -1645.4887767 -1617.43644061
-1679.1599006 -1622.42755153 -1581.76225577
-1691.17050547 -1644.40091395 -1618.53445224
-1663.54336917 -1631.32692372 -1575.76288204
-1679.19811586 -1647.68447892 -1576.28512786
-1664.92384906 -1641.42823292 -1605.65540695
-1666.48085041 -1638.21413943 -1607.04895054
-1668.76706567 -1632.14343679 -1594.40539486
-1687.22405318 -1646.5364157 -1614.84162939
-1661.59461615 -1634.41935111 -1608.75156441
-1659.35165771 -1641.12797939 -1613.43710676
-1678.95850509 -1626.2216945 -1590.2618842
-1665.27083717 -1637.84586146 -1604.55544639
-1661.67694612 -1628.64572515 -1593.06249951
-1657.6861202 -1630.92161496 -1611.8575584
-1679.83615268 -1644.21716004 -1617.43078139
-1662.44574338 -1635.33562626 -1589.91229091
-1691.21479218 -1633.72390164 -1595.13413803
-1677.03921842 -1634.00675474 -1610.08212946
-1650.33260666 -1628.58319256 -1597.28758657
-1679.13685462 -1627.41810389 -1605.14810071
-1684.63872796 -1630.36372067 -1583.26112632
-1648.33356493 -1625.87005877 -1611.10554523
-1696.71999995 -1636.59973702 -1585.32447871
-1663.73171336 -1632.32511937 -1586.74790511
-1657.3018716 -1634.0231821 -1616.13154498
-1663.11961604 -1629.93319044 -1603.42693547
-1675.51559458 -1628.95996528 -1597.33006752
-1668.55922173 -1640.01571548 -1598.97281408
-1667.07055265 -1632.69120137 -1587.61448201
-1657.24116764 -1637.43298686 -1602.47949269
-1676.50460529 -1630.93935389 -1583.80858362
-1662.93685009 -1635.9678858 -1614.16960652
-1707.18144121 -1629.54095835 -1600.41174116
-1681.83157001 -1637.2264317 -1598.55966969
-1678.13695429 -1648.51067906 -1627.75355271
-1675.90493738 -1646.96473214 -1629.07161908
-1652.36224399 -1636.32969594 -1613.89581028
-1675.60899303 -1639.22100429 -1595.76952308
-1653.83174852 -1627.45841988 -1584.75896881
-1658.31517463 -1635.51618958 -1596.49875395
-1645.75585475 -1626.06739009 -1598.50398177
-1648.36109807 -1630.92178609 -1607.37875359
-1684.32306627 -1641.48142361 -1609.96654185
-1665.52560698 -1637.00958351 -1604.32285274
-238.414572584 -57.8687820663 62.9191609791
-9359.29671247 -9183.55705654 -9073.98359587
-9453.27380207 -9262.24306125 -9129.09579729
-9402.72574024 -9261.505776 -9084.24121813
-9170.1774735 -9036.99802487 -8893.19226549
-9210.30873258 -9005.25942181 -8831.86164139
-9168.20875466 -9076.53138663 -8989.60703886
-9183.79342014 -8917.9768734 -8765.23937549
-9099.08795102 -8898.99226888 -8712.7674387
-8911.36949055 -8817.96101692 -8645.58668276
-8935.77698814 -8761.23842131 -8618.81587894
-9031.29197027 -8761.84535361 -8639.39268597
-8786.1567249 -8710.93714091 -8562.60140663
-8904.84255613 -8625.8858877 -8439.66704489
-8689.87944372 -8601.84107446 -8513.27045734
-8786.41505151 -8674.43887997 -8579.59232055
-8612.65995885 -8524.16945304 -8430.39789131
-8616.57451747 -8516.39478502 -8416.90010907
-8692.74484121 -8563.14405349 -8417.42267054
-8786.14129045 -8471.50035535 -8299.59582938
-8558.07427726 -8425.14269401 -8314.55411647
-8577.07021267 -8452.16391225 -8350.130247
-8528.76820032 -8382.49117273 -8262.80091525
-8549.78125888 -8344.92058897 -8145.31716525
-8471.96141936 -8349.90997907 -8267.18204406
-8415.67641389 -8252.99113228 -8101.84271571
-8373.11671852 -8280.83715469 -8130.57686974
-8409.93305538 -8291.27403758 -8213.22546693
-8318.82593838 -8177.21430778 -8083.88483928
-8295.647109 -8192.22028937 -8027.756985
-8331.09262138 -8134.67990041 -7984.15256715
-8177.25624892 -8095.94081317 -8008.72825019
-8273.19738924 -8083.78025429 -7893.95561844
-8242.01224494 -8090.52226879 -7892.50308673
-8170.16315131 -7990.66511951 -7908.84269094
-8126.98272048 -8000.59886603 -7827.12147783
-8099.55285219 -7973.81548989 -7853.29983847
-8140.66943906 -7921.0937684 -7767.95776782
-8066.20794078 -7913.45104861 -7833.08666616
-8095.78075178 -7922.98079182 -7696.22326868
-7944.80060863 -7757.35490331 -7594.47085826
-7957.31262065 -7807.82876745 -7604.9507121
-7858.37830803 -7742.55340635 -7526.19590076
-7834.73547235 -7678.68168734 -7502.93879893
-7834.05387629 -7686.16857018 -7520.00376079
-7826.22131346 -7691.73754895 -7571.59484739
