0.2476 0.34548 0.6
0.2224 0.29504 0.4048
0.2456 0.294 0.402
0.2184 0.2706 0.3228
0.224 0.27748 0.3556
0.2452 0.32764 0.4392
0.1864 0.31672 0.6
0.204 0.2898 0.4164
0.2356 0.30972 0.6
0.1976 0.23356 0.3008
0.19 0.25668 0.3296
0.194 0.27272 0.4664
0.1996 0.23604 0.3096
0.2028 0.23956 0.3196
0.1964 0.25336 0.3896
0.1944 0.24984 0.3408
0.1976 0.26316 0.4524
0.2064 0.24452 0.34
0.1944 0.26784 0.578
0.2128 0.26608 0.3532
0.1884 0.251 0.364
0.1924 0.24912 0.3952
0.2048 0.2402 0.298
0.1988 0.24232 0.3384
0.2012 0.24356 0.3024
0.2036 0.28508 0.3916
0.2076 0.25696 0.2956
0.2168 0.2474 0.2696
0.1964 0.24424 0.3044
0.2 0.2386 0.2956
0.2072 0.24316 0.2876
0.224 0.25656 0.2936
0.228 0.24672 0.2808
0.2144 0.25888 0.3216
0.2336 0.2614 0.31
0.2 0.32176 0.6
0.2404 0.31976 0.5564
0.2272 0.26708 0.3448
0.2416 0.28188 0.33
0.2148 0.26632 0.35
0.224 0.2898 0.4052
0.2072 0.30416 0.5648
0.2172 0.29288 0.5016
0.2152 0.27004 0.3756
0.2284 0.2526 0.2728
0.224 0.28076 0.5424
0.1944 0.24824 0.312
0.224 0.26376 0.3416
0.2052 0.23748 0.2716
0.1836 0.24608 0.3164
0.2176 0.26064 0.292
0.2152 0.2342 0.258
0.1944 0.23484 0.272
0.1984 0.22716 0.284
0.1936 0.22416 0.2516
0.2 0.23564 0.2812
0.2064 0.24008 0.268
0.188 0.24464 0.3288
0.1836 0.2278 0.2828
0.2124 0.23916 0.2816
0.1944 0.23044 0.276
0.1896 0.22448 0.2908
0.1796 0.22292 0.2856
0.1752 0.21296 0.2576
0.1844 0.21584 0.2484
0.192 0.22184 0.2568
0.1908 0.23092 0.2988
0.1948 0.21496 0.2404
0.1992 0.22652 0.2632
0.1936 0.22032 0.2588
0.1716 0.21404 0.2544
0.1936 0.21848 0.2468
0.1928 0.22292 0.2524
0.1856 0.21788 0.2496
0.1812 0.2146 0.2564
0.1996 0.22348 0.2804
0.186 0.20744 0.2328
0.1904 0.22184 0.2688
0.1756 0.21188 0.25
0.186 0.2124 0.232
0.182 0.21024 0.264
0.2068 0.23384 0.26
0.178 0.23332 0.3296
0.1796 0.22184 0.2684
0.1764 0.22128 0.2864
0.1868 0.22056 0.2524
0.1968 0.22344 0.2604
0.2096 0.23528 0.2736
0.1928 0.22316 0.2792
0.1916 0.23064 0.2584
0.184 0.22168 0.2536
0.1904 0.22368 0.3008
0.2068 0.2414 0.3108
0.2092 0.23204 0.2536
0.1928 0.2226 0.2712
0.1976 0.22632 0.3012
0.1936 0.2186 0.2384
0.1916 0.23496 0.286
0.2136 0.23704 0.2628
0.2092 0.25588 0.3076
0.2032 0.25 0.3132
0.212 0.23992 0.2896
0.216 0.2536 0.3304
0.1968 0.25628 0.3404
0.2272 0.25796 0.3032
0.188 0.22264 0.2576
0.2008 0.23952 0.264
0.2308 0.24872 0.2936
0.2012 0.23572 0.2816
0.196 0.23012 0.268
0.184 0.22776 0.2596
0.2056 0.24452 0.2816
0.212 0.24304 0.2764
0.206 0.22888 0.2716
0.2084 0.2316 0.2888
0.188 0.23112 0.2748
0.1796 0.21564 0.244
0.1832 0.21596 0.2552
0.1876 0.23524 0.3
0.198 0.22584 0.2876
0.1824 0.20916 0.2344
0.1756 0.20972 0.2524
0.1836 0.21148 0.2408
0.1936 0.21112 0.2476
0.1804 0.20608 0.236
0.1812 0.21248 0.2684
0.1772 0.21052 0.2508
0.1824 0.20956 0.2484
0.1968 0.22564 0.2752
0.182 0.20196 0.2176
0.1916 0.21236 0.2328
0.1696 0.19848 0.224
0.1892 0.21244 0.2612
0.1824 0.20812 0.2476
0.17 0.21432 0.232
0.2044 0.23852 0.2864
0.21 0.2336 0.2544
0.1764 0.20768 0.2544
0.1972 0.23396 0.2604
0.1912 0.23076 0.2816
0.1968 0.2396 0.3232
0.1924 0.23164 0.258
0.1984 0.22676 0.2568
0.1832 0.22644 0.2528
0.1988 0.24204 0.2888
0.182 0.22404 0.2548
0.21 0.24488 0.2976
0.2004 0.25572 0.3548
0.198 0.22664 0.298
0.202 0.2314 0.2904
0.1948 0.23768 0.2752
0.1952 0.23136 0.2984
0.1976 0.237 0.2724
0.2112 0.2424 0.27
0.1924 0.23608 0.3048
0.194 0.22312 0.2588
0.1856 0.24588 0.3224
0.1716 0.23096 0.2788
0.1956 0.24572 0.2952
0.1704 0.2202 0.264
0.1832 0.23056 0.2704
0.1924 0.22188 0.2616
0.2048 0.23524 0.2744
0.1984 0.2296 0.2864
0.194 0.22732 0.2468
0.1924 0.22688 0.2672
0.178 0.24556 0.3944
0.1788 0.22204 0.2936
0.1828 0.21884 0.3156
0.1832 0.21944 0.27
0.2108 0.23436 0.2916
0.1776 0.1988 0.2388
0.144 0.19604 0.2436
0.1788 0.20268 0.2612
0.17 0.20424 0.248
0.1596 0.1908 0.2192
0.1604 0.184 0.2108
0.1676 0.19268 0.2348
0.1492 0.184 0.2128
0.1588 0.18788 0.2268
0.1536 0.18544 0.2148
0.152 0.1906 0.2224
0.1656 0.18008 0.1968
0.1472 0.18768 0.2308
0.1604 0.18716 0.2148
0.1588 0.18052 0.1996
0.1744 0.19628 0.2176
0.146 0.19336 0.2324
0.1456 0.18152 0.2224
0.152 0.1826 0.2068
0.1616 0.18696 0.2088
0.164 0.17992 0.2076
0.152 0.18448 0.2284
0.1732 0.20128 0.238
0.1676 0.19772 0.2396
0.1628 0.1894 0.2388
0.1388 0.18688 0.2572
0.1728 0.19924 0.22
0.1716 0.205 0.278
0.1588 0.19716 0.2252
0.1488 0.19668 0.2352
0.1612 0.2004 0.2712
0.1416 0.1954 0.2324
0.176 0.20772 0.2584
0.1692 0.1954 0.2476
0.18 0.20724 0.2448
0.1808 0.20872 0.2376
0.1488 0.18956 0.214
0.1796 0.20656 0.2308
0.1728 0.20164 0.2324
0.1648 0.21484 0.2604
0.1576 0.2026 0.2312
0.16 0.19684 0.2476
0.1796 0.22096 0.266
0.1552 0.18816 0.2576
0.1552 0.21824 0.3692
0.1636 0.21196 0.2796
0.1688 0.20548 0.2296
0.1892 0.24336 0.3044
0.19 0.23024 0.254
0.1888 0.21588 0.2428
0.1804 0.24552 0.3596
0.1808 0.24124 0.39
0.1748 0.21248 0.25
0.1772 0.21016 0.27
0.1908 0.23376 0.3228
0.2088 0.23684 0.3272
0.2104 0.23452 0.2624
0.188 0.24512 0.3088
0.1644 0.24548 0.2988
0.1804 0.2328 0.3796
0.2084 0.23148 0.2676
0.1852 0.22756 0.2912
0.184 0.23752 0.32
0.186 0.25372 0.318
0.1772 0.25296 0.3964
0.186 0.24532 0.2912
0.2012 0.25512 0.316
0.1944 0.27008 0.4268
0.1892 0.24536 0.338
0.2008 0.2706 0.3488
0.1792 0.24012 0.3008
0.1788 0.23964 0.3176
0.1896 0.25672 0.3372
0.1924 0.24812 0.3224
0.1736 0.217 0.266
0.1728 0.2196 0.2852
0.1948 0.231 0.2836
0.1684 0.22696 0.2872
0.1932 0.2358 0.28
0.1892 0.2316 0.2644
0.1888 0.22652 0.2668
0.184 0.23068 0.2884
0.2036 0.26916 0.3264
0.1676 0.23344 0.2864
0.1932 0.23656 0.2736
0.2008 0.2424 0.3392
0.186 0.25624 0.3896
0.1992 0.23856 0.3068
0.2052 0.24708 0.356
0.2032 0.2536 0.3048
0.1784 0.23488 0.2788
0.1624 0.24052 0.2944
0.1848 0.2474 0.3416
0.1944 0.24308 0.2688
0.1968 0.25652 0.3868
0.2408 0.27172 0.3472
0.2072 0.28108 0.328
0.1872 0.26108 0.316
0.226 0.26124 0.3324
0.1932 0.23984 0.2812
0.2128 0.26288 0.3108
0.226 0.25896 0.2976
0.2224 0.26584 0.31
0.2612 0.29112 0.3336
0.2204 0.278 0.3556
0.2112 0.3018 0.3772
0.214 0.25892 0.298
0.2208 0.28932 0.4636
0.2048 0.29828 0.3912
0.246 0.29592 0.354
0.2384 0.3026 0.4088
0.2352 0.27924 0.3212
0.246 0.31496 0.4608
0.2368 0.29292 0.3684
0.244 0.28116 0.316
0.1916 0.26228 0.3724
0.222 0.27392 0.3404
0.2148 0.26604 0.3116
0.178 0.26644 0.3316
0.1828 0.2642 0.3472
0.2228 0.26904 0.3204
0.2188 0.27996 0.3604
0.2172 0.25344 0.2724
0.1788 0.24216 0.352
0.2012 0.24472 0.3112
0.1956 0.24392 0.2912
0.1904 0.2296 0.2832
0.2124 0.24432 0.3388
0.2072 0.256 0.3044
0.1908 0.23744 0.286
0.1916 0.23324 0.2744
0.1792 0.21176 0.2436
0.1528 0.22856 0.3208
0.18 0.2296 0.3296
0.1896 0.23652 0.3264
0.176 0.23448 0.3056
0.1948 0.2292 0.266
0.1752 0.23512 0.3676
0.1748 0.21888 0.2908
0.1756 0.2174 0.258
0.1748 0.2084 0.2388
0.17 0.22512 0.25
0.1852 0.23056 0.2872
0.196 0.23336 0.3224
0.1648 0.24132 0.3008
0.1524 0.2504 0.2948
0.1984 0.24316 0.2784
0.2108 0.24104 0.2648
0.1988 0.24788 0.3364
0.174 0.25628 0.3296
0.1944 0.26168 0.3744
0.172 0.21884 0.258
0.208 0.23332 0.2768
0.2152 0.26528 0.3712
0.212 0.24412 0.2928
0.2288 0.25188 0.3108
0.1992 0.26204 0.3476
0.216 0.25308 0.306
0.2044 0.24424 0.2936
0.2056 0.24904 0.292
0.1992 0.23736 0.272
0.2008 0.2622 0.2992
0.1924 0.24608 0.2788
0.2048 0.24804 0.3068
0.2036 0.26772 0.3556
0.2028 0.24212 0.314
0.2336 0.2714 0.36
0.1852 0.23624 0.3428
0.1716 0.231 0.2672
0.1836 0.23184 0.2972
0.184 0.25764 0.338
0.1724 0.22764 0.2808
0.1924 0.22684 0.2908
0.1872 0.22316 0.2832
0.1996 0.22868 0.2836
0.1912 0.23928 0.3524
0.1652 0.21972 0.2804
0.1552 0.20732 0.2448
0.1812 0.23388 0.3448
0.1676 0.20688 0.3476
0.2008 0.228 0.2764
0.2072 0.22804 0.2576
0.17 0.2458 0.2908
0.17 0.22312 0.2608
0.18 0.22368 0.2752
0.1792 0.22828 0.272
0.1752 0.216 0.2756
0.1636 0.2278 0.2896
0.1832 0.22116 0.2644
0.1632 0.20596 0.2548
0.1784 0.2196 0.2616
0.1852 0.22724 0.2712
0.1824 0.2278 0.2708
0.1904 0.24896 0.3764
0.1984 0.23164 0.264
0.1868 0.22876 0.2724
0.188 0.22728 0.2956
0.1796 0.24696 0.3172
0.1804 0.22108 0.2736
0.1804 0.21984 0.2524
0.1984 0.22952 0.2752
0.1764 0.21532 0.2552
0.1868 0.22944 0.3032
0.164 0.2136 0.284
0.18 0.22592 0.262
0.188 0.23092 0.3024
0.1756 0.22372 0.2608
0.1668 0.19968 0.226
0.1808 0.21376 0.25
0.1676 0.21116 0.2608
0.1684 0.19724 0.2444
0.1836 0.20668 0.2552
0.1776 0.21088 0.2412
0.158 0.1966 0.2396
0.168 0.187 0.1984
0.1688 0.2018 0.2348
0.1596 0.1894 0.2308
0.1636 0.1846 0.2028
0.1492 0.19468 0.238
0.1692 0.20348 0.238
0.174 0.19756 0.2328
0.1824 0.20584 0.232
0.1856 0.2146 0.2516
0.1808 0.2098 0.2432
0.1736 0.21444 0.2572
0.1732 0.21668 0.27
0.1864 0.21264 0.24
0.1848 0.216 0.2416
0.1704 0.20252 0.2204
0.164 0.20816 0.242
0.1728 0.2038 0.2224
0.1488 0.19364 0.2196
0.1728 0.1968 0.2268
0.1828 0.20356 0.2352
0.1568 0.18628 0.2092
0.1704 0.19464 0.2324
0.1676 0.19252 0.2168
0.1852 0.20268 0.2384
0.1876 0.21116 0.2488
0.1576 0.18112 0.2
0.1628 0.19576 0.224
0.1696 0.194 0.228
0.1888 0.20672 0.2408
0.174 0.20572 0.2244
0.1712 0.20504 0.2328
0.1868 0.20936 0.2548
0.1684 0.19768 0.2192
0.1716 0.19952 0.2556
0.1916 0.2106 0.2296
0.1824 0.20632 0.2436
0.178 0.20208 0.2508
0.1776 0.20824 0.23
0.1808 0.20556 0.2288
0.1716 0.19964 0.2248
0.172 0.20132 0.2188
0.1732 0.1964 0.2088
0.1944 0.21416 0.2416
0.172 0.20288 0.2292
0.172 0.19328 0.2164
0.1644 0.19776 0.2372
0.1584 0.20136 0.2312
0.1808 0.20496 0.2388
0.1756 0.1956 0.2196
0.1932 0.21 0.2464
0.1756 0.20504 0.2316
0.162 0.20716 0.2484
0.1772 0.19744 0.2324
0.1796 0.20928 0.2296
0.1896 0.22448 0.2536
0.1836 0.2018 0.258
0.1792 0.2056 0.2472
0.1944 0.2194 0.2596
0.1752 0.21524 0.2704
0.17 0.19928 0.2448
0.1788 0.20788 0.2328
0.1756 0.21536 0.2804
0.1824 0.22088 0.248
0.1944 0.22356 0.2688
0.1908 0.21472 0.2632
0.1932 0.21656 0.264
0.18 0.21948 0.2592
0.196 0.23328 0.2784
0.1876 0.21028 0.2368
0.194 0.21636 0.252
0.1912 0.2134 0.2488
0.1632 0.20924 0.2476
0.2004 0.2302 0.2792
0.1836 0.22284 0.2672
0.1732 0.21552 0.2556
0.1672 0.20804 0.2332
0.1732 0.20488 0.2196
0.1664 0.2044 0.238
0.17 0.19816 0.2272
0.166 0.20196 0.2488
0.1876 0.20596 0.2324
0.17 0.20004 0.242
0.1876 0.21556 0.2356
0.1832 0.2048 0.24
0.1856 0.22924 0.2604
0.1832 0.21248 0.2676
0.206 0.23132 0.2616
0.1916 0.23584 0.2656
0.1948 0.23168 0.2604
0.1884 0.22156 0.2688
0.2072 0.22836 0.2488
0.1932 0.22432 0.2848
0.1984 0.22644 0.2788
0.1876 0.211 0.2408
0.1916 0.23132 0.2708
0.1992 0.22684 0.26
0.1828 0.21692 0.2856
0.1732 0.2152 0.2428
0.1864 0.2296 0.2596
0.1864 0.21948 0.2564
0.172 0.22364 0.2628
0.1864 0.2254 0.288
0.188 0.22464 0.2472
0.2116 0.234 0.272
0.1816 0.22316 0.2584
0.2028 0.228 0.256
0.2112 0.24072 0.2824
0.1916 0.2476 0.276
0.1924 0.23692 0.2628
0.206 0.23984 0.31
0.1988 0.22112 0.2648
0.2152 0.23012 0.2632
0.2 0.22444 0.2536
0.186 0.22572 0.2584
0.1984 0.22044 0.2476
0.194 0.21524 0.2832
0.1944 0.2182 0.2456
0.1828 0.2104 0.254
0.1884 0.22328 0.2528
0.1844 0.22084 0.2552
0.1756 0.2166 0.2508
0.1904 0.21004 0.23
0.1804 0.2112 0.27
0.1832 0.2206 0.2748
0.1916 0.20968 0.234
0.1812 0.21776 0.2468
0.2016 0.22316 0.244
0.168 0.21088 0.2436
0.1812 0.21476 0.2544
0.192 0.21924 0.2452
0.186 0.2214 0.26
0.1784 0.2068 0.2444
0.1724 0.21852 0.2492
0.1808 0.21712 0.2896
0.1912 0.22804 0.2596
0.1864 0.21224 0.2388
0.1756 0.2236 0.2688
0.2044 0.22272 0.2872
0.2024 0.2216 0.2604
0.1796 0.21688 0.2456
0.1764 0.20876 0.246
0.1848 0.21104 0.2564
0.2092 0.22824 0.2604
0.1792 0.1994 0.2336
0.1832 0.21352 0.2528
0.174 0.21384 0.2776
0.184 0.21388 0.2456
0.2072 0.21784 0.234
0.1792 0.20388 0.2396
0.18 0.20724 0.2432
0.1864 0.20092 0.244
0.166 0.2048 0.2324
0.1768 0.20544 0.2288
0.1752 0.20352 0.2524
0.1948 0.2114 0.2332
0.1824 0.20956 0.2364
0.1672 0.2066 0.2324
0.1752 0.19424 0.22
0.1748 0.20024 0.2212
0.1812 0.20504 0.2372
0.1868 0.2076 0.2428
0.176 0.2088 0.2648
0.1864 0.20948 0.244
0.1744 0.20636 0.2312
0.1864 0.20156 0.2224
0.1892 0.20744 0.2224
0.18 0.19524 0.21
0.1804 0.206 0.232
0.1884 0.21284 0.236
0.1688 0.20708 0.2364
0.1876 0.20768 0.2348
0.194 0.20876 0.226
0.1712 0.20648 0.2388
0.1792 0.20792 0.2396
0.1744 0.20984 0.2268
0.1768 0.20496 0.2352
0.1816 0.20324 0.2276
0.1712 0.18992 0.2072
0.1708 0.194 0.2096
0.1664 0.18532 0.208
0.1648 0.19036 0.2232
0.18 0.19296 0.2124
0.1716 0.19424 0.22
0.1708 0.19152 0.22
0.1668 0.19176 0.2328
0.1616 0.18764 0.2088
0.1692 0.18816 0.2036
0.1696 0.18676 0.2128
0.1672 0.19064 0.2088
0.1608 0.18584 0.2276
0.1732 0.18476 0.2028
0.168 0.18908 0.2204
0.154 0.1796 0.198
0.1724 0.19392 0.2128
0.1656 0.18396 0.2064
0.1656 0.18076 0.192
0.1744 0.18972 0.2112
0.178 0.18624 0.1992
0.16 0.183 0.202
0.1652 0.17888 0.2004
0.1576 0.17324 0.1848
0.1612 0.184 0.2176
0.148 0.17768 0.1956
0.1544 0.17832 0.1944
0.142 0.17096 0.1992
0.1492 0.17552 0.212
0.1584 0.176 0.2
0.1624 0.17792 0.2136
0.1636 0.18056 0.2072
0.158 0.1802 0.2036
0.1644 0.17892 0.2092
0.1628 0.18132 0.2028
0.1584 0.18328 0.1972
0.1644 0.18004 0.2012
0.1572 0.17736 0.1924
0.1588 0.18192 0.206
0.1632 0.18 0.1924
0.1688 0.178 0.1928
0.1648 0.18228 0.2096
0.1612 0.17772 0.1984
0.1664 0.18676 0.1984
0.1672 0.18704 0.2096
0.1512 0.1818 0.2032
0.166 0.18296 0.1988
0.1624 0.18432 0.2032
0.1696 0.18868 0.2112
0.1616 0.17936 0.1932
0.1656 0.18256 0.1932
0.1636 0.18344 0.1984
0.1764 0.19144 0.1992
0.1652 0.18184 0.2096
0.1672 0.19256 0.2168
0.15 0.18876 0.22
0.16 0.18568 0.2084
0.1604 0.17944 0.1968
0.1652 0.18136 0.1996
0.1648 0.17716 0.1932
0.1648 0.17856 0.1932
0.1564 0.17944 0.1968
0.1704 0.19036 0.208
0.1696 0.18612 0.2
0.1628 0.17772 0.1952
0.17 0.19792 0.232
0.1744 0.19104 0.2232
0.1628 0.18976 0.2112
0.18 0.19208 0.2072
0.172 0.1926 0.2212
0.1688 0.19504 0.2168
0.1724 0.1952 0.2232
0.1696 0.19148 0.206
0.1732 0.18584 0.2148
0.166 0.19588 0.2088
0.1764 0.19652 0.2284
0.1708 0.18896 0.2072
0.1632 0.1882 0.2116
0.1756 0.18976 0.2064
0.1696 0.19188 0.204
0.1628 0.1848 0.198
0.1648 0.18808 0.2188
0.174 0.19124 0.2112
0.1716 0.18892 0.2108
0.1792 0.18976 0.1996
0.1732 0.19056 0.2324
0.162 0.18824 0.2084
0.1712 0.19 0.21
0.172 0.19672 0.2268
0.1656 0.18956 0.2124
0.18 0.19788 0.2216
0.17 0.19004 0.2092
0.1736 0.19412 0.2112
0.1756 0.19432 0.2012
0.1624 0.19028 0.206
0.1624 0.19592 0.2228
0.1632 0.18164 0.2056
0.1608 0.18728 0.2012
0.1676 0.18424 0.212
0.178 0.18912 0.2048
0.1816 0.19992 0.2156
0.1768 0.18812 0.1988
0.158 0.18472 0.2028
0.1688 0.1854 0.2044
0.1544 0.17904 0.1968
0.1648 0.18188 0.2024
0.1652 0.18828 0.23
0.1588 0.17912 0.2016
0.1644 0.1846 0.2028
0.1704 0.18384 0.1964
0.17 0.18272 0.194
0.1652 0.18152 0.198
0.1668 0.18336 0.1924
0.178 0.18668 0.2116
0.1572 0.17544 0.1924
0.1616 0.17964 0.1952
0.1612 0.17972 0.1944
0.1548 0.17592 0.1956
0.1608 0.17776 0.1972
0.1556 0.17116 0.1972
0.1672 0.17708 0.184
0.1604 0.17484 0.1932
0.1556 0.17012 0.1836
0.1556 0.172 0.1828
0.1592 0.17384 0.1832
0.1608 0.16948 0.1808
0.164 0.18332 0.1948
0.164 0.17556 0.1972
0.1672 0.17992 0.2004
0.162 0.17384 0.184
0.1612 0.17576 0.2032
0.1504 0.167 0.1848
0.1528 0.17296 0.1956
0.1604 0.178 0.1968
0.1584 0.17836 0.1904
0.1652 0.18548 0.2072
0.1588 0.18168 0.1984
0.1484 0.1742 0.1952
0.1708 0.1814 0.1948
0.1636 0.1754 0.1916
0.1568 0.17904 0.194
0.1648 0.18092 0.1944
0.1652 0.17532 0.1884
0.158 0.17524 0.2012
0.1696 0.1786 0.1948
0.1624 0.17576 0.1936
0.1668 0.17944 0.19
0.1512 0.17464 0.1992
0.1604 0.17924 0.1996
0.1696 0.18464 0.196
0.1628 0.17796 0.1912
0.1652 0.17912 0.1936
0.1628 0.17932 0.1928
0.1616 0.18308 0.1996
0.1652 0.1854 0.2036
0.1684 0.1886 0.2104
0.1704 0.1884 0.2044
0.1716 0.18528 0.2116
0.1708 0.1894 0.2364
0.172 0.19192 0.2076
0.1748 0.18764 0.2024
0.1716 0.18944 0.2052
0.1716 0.19256 0.2192
0.164 0.18608 0.2064
0.1728 0.1886 0.2028
0.162 0.19052 0.2076
0.1728 0.18648 0.1988
0.1816 0.1948 0.21
0.162 0.19324 0.2128
0.1764 0.193 0.2308
0.1708 0.19928 0.2224
0.174 0.18872 0.224
0.164 0.19128 0.2492
0.1816 0.19324 0.2064
0.186 0.1958 0.208
0.17 0.19784 0.2244
0.1704 0.18484 0.216
0.1704 0.18276 0.2016
0.1648 0.1834 0.2092
0.1636 0.18028 0.194
0.1716 0.18592 0.2112
0.1592 0.17312 0.1828
0.1628 0.17896 0.1944
0.1596 0.18108 0.1996
0.1684 0.17804 0.196
0.1464 0.16716 0.1924
0.1608 0.17648 0.1996
0.1648 0.17868 0.198
0.158 0.17404 0.1948
0.1628 0.17444 0.1888
0.1452 0.16696 0.1808
0.1528 0.17644 0.1856
0.1588 0.17184 0.1872
0.1564 0.17524 0.2012
0.1668 0.17988 0.1928
0.1668 0.17696 0.1908
0.1524 0.16792 0.1796
0.156 0.17452 0.1936
0.1668 0.17404 0.1844
0.16 0.17524 0.1944
0.1636 0.17792 0.196
0.1552 0.17044 0.18
0.1584 0.17272 0.1828
0.1528 0.17628 0.1944
0.156 0.17316 0.1836
0.1676 0.1768 0.1968
0.1608 0.17976 0.2044
0.1624 0.17264 0.1968
0.1664 0.1786 0.2036
0.1648 0.18248 0.2016
0.1636 0.17568 0.1848
0.1652 0.18116 0.1964
0.1656 0.177 0.188
0.1588 0.17924 0.2008
0.1648 0.17912 0.1936
0.1668 0.1814 0.2
0.1436 0.16368 0.1936
0.1452 0.17788 0.2816
0.1292 0.15892 0.1936
0.1492 0.16344 0.1876
0.1416 0.15816 0.1844
0.1472 0.16988 0.2052
0.1496 0.172 0.2088
0.1544 0.1704 0.2024
0.1348 0.17604 0.2116
0.1644 0.17628 0.1896
0.1452 0.17968 0.2008
0.1544 0.17856 0.23
0.1712 0.18648 0.2296
0.1568 0.1846 0.2256
0.148 0.1756 0.2124
0.166 0.18688 0.2156
0.1464 0.18432 0.2232
0.15 0.17808 0.2056
0.1524 0.18012 0.2116
0.1536 0.1818 0.2004
0.1736 0.1864 0.2076
0.1592 0.19052 0.2208
0.1384 0.1802 0.2056
0.1604 0.18464 0.2096
0.1496 0.17696 0.2064
0.166 0.1846 0.214
0.1772 0.19352 0.2176
0.1644 0.17524 0.1888
0.1556 0.18148 0.2096
0.1532 0.17988 0.1992
0.1552 0.18452 0.2156
0.1648 0.1756 0.1904
0.152 0.16992 0.1824
0.1592 0.18668 0.2308
0.16 0.17856 0.2064
0.1556 0.1744 0.1936
0.1532 0.17992 0.1932
0.1416 0.1812 0.2048
0.1612 0.17568 0.1948
0.1508 0.17596 0.2064
0.1544 0.17364 0.194
0.1568 0.176 0.1936
0.1388 0.17492 0.1988
0.1416 0.17208 0.2084
0.1468 0.17064 0.1912
0.1536 0.17596 0.1952
0.1612 0.17992 0.1976
0.1536 0.17788 0.2212
0.1692 0.1776 0.194
0.1612 0.17568 0.1976
0.1564 0.17496 0.202
0.1676 0.18268 0.2092
0.146 0.17092 0.2144
0.1456 0.16836 0.1856
0.1488 0.17576 0.198
0.1576 0.18108 0.21
0.1464 0.17488 0.2144
0.1584 0.18144 0.196
0.142 0.18408 0.214
0.1568 0.1754 0.1984
0.1596 0.17988 0.2044
0.1708 0.1884 0.2072
0.1668 0.18648 0.2484
0.1608 0.18328 0.2128
0.1564 0.18124 0.2084
0.1616 0.18332 0.2148
0.152 0.1838 0.2076
0.1608 0.18296 0.2228
0.1712 0.18764 0.2332
0.1664 0.18832 0.2064
0.1548 0.18368 0.1948
0.1596 0.17764 0.2008
0.1636 0.19292 0.2084
0.172 0.19488 0.22
0.178 0.18896 0.2092
0.1728 0.19376 0.2232
0.1716 0.18696 0.2084
0.1816 0.19992 0.222
0.1752 0.20036 0.224
0.1656 0.1952 0.2244
0.1816 0.19896 0.2224
0.1656 0.20136 0.2556
0.1648 0.20396 0.2324
0.1768 0.20056 0.2296
0.1788 0.19284 0.214
0.1684 0.19868 0.2208
0.1712 0.19728 0.2224
0.1768 0.20968 0.2472
0.1924 0.21244 0.2356
0.1728 0.20332 0.2544
0.1704 0.19656 0.238
0.1728 0.19968 0.2384
0.1724 0.19388 0.2284
0.1732 0.18804 0.2448
0.1676 0.19204 0.2076
0.1728 0.19156 0.2252
0.166 0.18768 0.1972
0.158 0.18764 0.2276
0.1648 0.18148 0.2056
0.1632 0.18792 0.2252
0.1676 0.18928 0.212
0.166 0.19756 0.2204
0.1752 0.19344 0.2308
0.15 0.18984 0.21
0.1624 0.18484 0.2284
0.1748 0.18728 0.2148
0.1672 0.19304 0.2172
0.184 0.19684 0.2076
0.206 0.21528 0.2412
0.192 0.20752 0.2212
0.1808 0.2042 0.2328
0.1804 0.20344 0.2448
0.1736 0.20972 0.2268
0.184 0.2124 0.2444
0.1928 0.21868 0.2652
0.1788 0.2142 0.2408
0.194 0.206 0.2236
0.1808 0.2114 0.2404
0.1888 0.21392 0.2468
0.1856 0.21156 0.228
0.1784 0.20712 0.2404
0.1928 0.21004 0.2476
0.1768 0.20088 0.2352
0.1656 0.19628 0.2376
0.1928 0.20924 0.2384
0.174 0.2024 0.2256
0.1692 0.19028 0.2208
0.1684 0.1936 0.2328
0.1692 0.18816 0.2152
0.1516 0.18088 0.2004
0.1808 0.19312 0.204
0.1456 0.1834 0.2472
0.1724 0.18584 0.2052
0.1588 0.186 0.2
0.1768 0.18844 0.2104
0.1552 0.18272 0.1984
0.144 0.1826 0.2152
0.1688 0.18572 0.2064
0.166 0.18476 0.2108
0.1652 0.18112 0.196
0.1668 0.18932 0.2068
0.1652 0.1884 0.2016
0.1552 0.1792 0.212
0.1608 0.18232 0.2116
0.1632 0.1768 0.2
0.154 0.18976 0.2252
0.1564 0.17584 0.198
0.16 0.18068 0.2176
0.1632 0.18668 0.22
0.1628 0.18412 0.1968
0.1524 0.18392 0.2136
0.17 0.18332 0.2016
0.1608 0.17756 0.2016
0.1552 0.17864 0.2168
0.15 0.17992 0.2028
0.158 0.18724 0.2188
0.1464 0.18484 0.2236
0.1516 0.18072 0.2276
0.1504 0.17144 0.2012
0.1612 0.17212 0.1876
0.158 0.17304 0.208
0.152 0.17116 0.1908
0.1636 0.1758 0.1884
0.1496 0.17304 0.1904
0.1472 0.17508 0.2228
0.144 0.16996 0.2028
0.1412 0.161 0.1832
0.1484 0.17776 0.2284
0.1468 0.16576 0.19
0.1524 0.17092 0.19
0.1444 0.16788 0.19
0.1544 0.16928 0.1968
0.154 0.17476 0.1864
0.144 0.1662 0.188
0.148 0.16632 0.1836
0.1636 0.17124 0.1792
0.1596 0.17764 0.218
0.162 0.18416 0.214
0.1612 0.17832 0.2012
0.16 0.17888 0.1968
0.1632 0.17508 0.1872
0.1544 0.17304 0.1928
0.1524 0.17628 0.1984
0.1644 0.17768 0.1904
0.156 0.18584 0.21
0.1512 0.17464 0.1984
0.1508 0.17084 0.2092
0.156 0.18084 0.2028
0.1632 0.18604 0.2088
0.1584 0.17356 0.1944
0.168 0.19228 0.2144
0.1616 0.1886 0.2168
0.1656 0.19172 0.2268
0.1584 0.18752 0.2208
0.1592 0.18588 0.206
0.1608 0.18724 0.2128
0.1716 0.18716 0.2088
0.176 0.18796 0.1976
0.1692 0.18576 0.21
0.1632 0.19064 0.2276
0.1656 0.1888 0.248
0.17 0.18644 0.1996
0.1676 0.19096 0.2104
0.1636 0.18588 0.2028
0.1652 0.18056 0.2088
0.156 0.1806 0.2028
0.152 0.1874 0.22
0.166 0.17976 0.1908
0.1552 0.18044 0.2008
0.1592 0.17576 0.2032
0.158 0.18572 0.202
0.1548 0.1826 0.206
0.1488 0.17464 0.2064
0.1624 0.1822 0.2072
0.1636 0.18968 0.2116
0.1668 0.1848 0.2052
0.1612 0.1836 0.214
0.1688 0.19 0.2312
0.176 0.1904 0.2048
0.1592 0.19444 0.2316
0.1684 0.18924 0.2244
0.1612 0.18376 0.2044
0.1556 0.194 0.2212
0.1744 0.1866 0.2216
0.1544 0.18648 0.216
0.1688 0.19256 0.2272
0.1764 0.19976 0.22
0.1688 0.18612 0.222
0.1664 0.19 0.2248
0.168 0.19708 0.2228
0.1792 0.19804 0.2164
0.1676 0.19804 0.2168
0.1612 0.18376 0.2192
0.1568 0.18728 0.2192
0.1652 0.17628 0.2052
0.1604 0.18064 0.2012
0.172 0.19484 0.2344
0.158 0.18184 0.2104
0.154 0.1764 0.2076
0.1556 0.17472 0.192
0.152 0.17936 0.2092
0.1604 0.17452 0.204
0.1616 0.17644 0.1992
0.1448 0.17596 0.198
0.152 0.17252 0.202
0.164 0.17592 0.206
0.1604 0.17028 0.1928
0.1512 0.16596 0.1976
0.1452 0.1642 0.1948
0.1464 0.16268 0.1776
0.146 0.16036 0.178
0.1512 0.17108 0.186
0.1496 0.16096 0.1772
0.1428 0.16412 0.1924
0.1584 0.16564 0.1808
0.1536 0.16812 0.1848
0.142 0.16184 0.1804
0.1444 0.16652 0.1908
0.1516 0.17888 0.1968
0.1592 0.17492 0.1872
0.1516 0.17312 0.1944
0.1552 0.17296 0.192
0.1552 0.17472 0.2108
0.156 0.17172 0.1992
0.1504 0.17996 0.2096
0.1608 0.18156 0.222
0.1428 0.16408 0.1816
0.15 0.16692 0.206
0.146 0.16848 0.1936
0.15 0.1728 0.1848
0.1604 0.17376 0.2008
0.1536 0.167 0.184
0.146 0.169 0.1988
0.1456 0.16152 0.1864
0.1492 0.16708 0.1864
0.1424 0.1696 0.1892
0.1472 0.16608 0.1912
0.1488 0.16284 0.1816
0.1464 0.1696 0.192
0.14 0.15488 0.1744
0.1424 0.15828 0.1868
0.1432 0.15824 0.1716
0.1436 0.1536 0.1668
0.1376 0.15768 0.1792
0.1484 0.16048 0.1836
0.1412 0.15628 0.1664
0.1376 0.15332 0.1692
0.1388 0.15084 0.1644
0.142 0.1548 0.1648
0.148 0.15344 0.1616
0.134 0.15108 0.1648
0.1548 0.16476 0.1844
0.1424 0.15708 0.1796
0.1384 0.16032 0.174
0.1376 0.14928 0.1612
0.14 0.157 0.1816
0.1448 0.15332 0.1632
0.1312 0.1514 0.1724
0.1476 0.16156 0.1804
0.144 0.15864 0.1748
0.13 0.156 0.1808
0.1408 0.1552 0.174
0.1324 0.15328 0.1776
0.1384 0.15804 0.1756
0.136 0.15604 0.184
0.138 0.15292 0.1604
0.1388 0.14992 0.1636
0.1452 0.15688 0.1696
0.1404 0.15256 0.1716
0.142 0.1554 0.1696
0.1472 0.15648 0.1684
0.1424 0.1578 0.1752
0.1476 0.1588 0.1684
0.1496 0.16004 0.1728
0.14 0.163 0.1844
0.1384 0.15736 0.1916
0.1492 0.16288 0.1796
0.144 0.16196 0.1744
0.1528 0.18024 0.2148
0.1548 0.16804 0.186
0.1468 0.168 0.2028
0.1592 0.17036 0.1872
0.1496 0.16224 0.1708
0.1492 0.16268 0.1792
0.1492 0.15836 0.19
0.1452 0.16428 0.19
0.1444 0.1648 0.1888
0.1456 0.15896 0.1708
0.1356 0.1556 0.1748
0.1408 0.15152 0.1612
0.1384 0.15156 0.1628
0.1396 0.15696 0.196
0.1368 0.14884 0.1648
0.1392 0.1528 0.1776
0.1452 0.15816 0.172
0.1424 0.15412 0.1688
0.1432 0.15628 0.1828
0.1388 0.15972 0.1716
0.142 0.16384 0.1884
0.1476 0.16052 0.1796
0.1436 0.16416 0.1812
0.1452 0.16292 0.1964
0.1464 0.16636 0.2044
0.1372 0.16204 0.1928
0.1548 0.17068 0.1956
0.1336 0.16508 0.1912
0.1428 0.16128 0.1728
0.1516 0.1694 0.1872
0.1544 0.16584 0.1804
0.1444 0.1624 0.194
0.1504 0.15876 0.178
0.146 0.15968 0.1792
0.1476 0.15996 0.1776
0.1496 0.16424 0.1848
0.1496 0.1608 0.1716
0.1416 0.15308 0.1616
0.1492 0.16004 0.1704
0.1384 0.15532 0.1676
0.1496 0.16292 0.1824
0.1436 0.1526 0.1628
0.1528 0.15924 0.1684
0.146 0.16192 0.1788
0.1484 0.16208 0.1796
0.14 0.16684 0.1856
0.15 0.1582 0.1684
0.1364 0.16196 0.1836
0.1464 0.16316 0.178
0.1616 0.1698 0.1856
0.15 0.16892 0.1832
0.1484 0.1588 0.1664
0.1548 0.16232 0.1756
0.152 0.16292 0.176
0.1468 0.1636 0.1756
0.1476 0.16208 0.1796
0.1472 0.16168 0.1884
0.1376 0.16072 0.1772
0.1504 0.16388 0.188
0.1508 0.16536 0.1856
0.1544 0.1664 0.1824
0.1512 0.16392 0.1736
0.1352 0.16096 0.1868
0.148 0.16944 0.1948
0.152 0.16588 0.1792
0.1408 0.16212 0.176
0.1536 0.165 0.1984
0.152 0.17184 0.1992
0.1568 0.1674 0.1804
0.148 0.16864 0.1828
0.1456 0.15364 0.1676
0.15 0.16732 0.1872
0.1428 0.15848 0.178
0.1448 0.15892 0.1752
0.1508 0.16524 0.1788
0.1576 0.1734 0.1924
0.1476 0.16384 0.182
0.1492 0.17032 0.1792
0.1548 0.17292 0.1904
0.1496 0.16164 0.186
0.142 0.1634 0.1796
0.154 0.1704 0.1892
0.1456 0.1664 0.1892
0.154 0.17032 0.1908
0.1464 0.16428 0.1776
0.1416 0.16352 0.1808
0.1452 0.16004 0.1704
0.1476 0.17716 0.2056
0.1592 0.17332 0.1932
0.154 0.17352 0.214
0.1392 0.17436 0.2168
0.1428 0.17232 0.2128
0.152 0.16936 0.1856
0.156 0.16924 0.1856
0.1508 0.16608 0.1768
0.1532 0.16532 0.1768
0.1472 0.16496 0.1792
0.1524 0.17216 0.1952
0.144 0.16756 0.1816
0.1364 0.17284 0.2288
0.1496 0.1614 0.184
0.152 0.16908 0.1808
0.1524 0.1702 0.1868
0.1556 0.16848 0.1884
0.1504 0.16548 0.1872
0.1508 0.17064 0.1896
0.1536 0.17508 0.198
0.152 0.1676 0.204
0.1536 0.17176 0.2068
0.1456 0.17528 0.198
0.1668 0.18072 0.194
0.1556 0.1746 0.1936
0.1624 0.17956 0.2064
0.1548 0.18376 0.2204
0.168 0.19228 0.2264
0.1696 0.18636 0.2104
0.1588 0.1742 0.19
0.1648 0.1954 0.2264
0.174 0.19376 0.2152
0.1788 0.19268 0.2252
0.1784 0.1906 0.2148
0.1704 0.19192 0.2124
0.1752 0.19216 0.2412
0.18 0.19684 0.2288
0.1924 0.20172 0.2092
0.184 0.20752 0.2556
0.1804 0.2166 0.2996
0.1832 0.20892 0.3216
0.1636 0.20152 0.28
0.1688 0.19356 0.22
0.1748 0.20692 0.2464
0.1836 0.21728 0.2516
0.1884 0.20808 0.2324
0.1808 0.207 0.2404
0.196 0.20672 0.2192
0.1856 0.20392 0.22
0.1916 0.21104 0.27
0.1688 0.20508 0.246
0.1836 0.2048 0.2344
0.1864 0.20708 0.2304
0.1816 0.21136 0.254
0.1808 0.20652 0.222
0.184 0.21404 0.2512
0.166 0.20764 0.2552
0.1912 0.206 0.218
0.1736 0.20244 0.2316
0.1784 0.19844 0.2204
0.1828 0.2112 0.2632
0.1876 0.20116 0.2312
0.1776 0.20392 0.2172
0.1792 0.19348 0.2176
0.1672 0.19364 0.2536
0.176 0.19928 0.2216
0.1716 0.19288 0.2068
0.1752 0.1956 0.234
0.1744 0.1898 0.206
0.1728 0.20484 0.254
0.1732 0.1884 0.2132
0.1684 0.19508 0.2132
0.1796 0.20256 0.2292
0.1812 0.19968 0.2232
0.1768 0.20572 0.2288
0.1776 0.21012 0.24
0.184 0.20668 0.2356
0.1784 0.20956 0.2652
0.1788 0.1906 0.2016
0.174 0.20336 0.2416
0.1812 0.20388 0.2348
0.1764 0.19668 0.256
0.1716 0.20368 0.2556
0.1644 0.19276 0.2268
0.1588 0.18108 0.2028
0.1704 0.18248 0.2008
0.1636 0.1906 0.2148
0.1544 0.185 0.202
0.1476 0.18576 0.2176
0.164 0.19328 0.2344
0.1668 0.1796 0.1932
0.1648 0.18172 0.204
0.1648 0.18364 0.2192
0.1576 0.18948 0.202
0.1684 0.18756 0.2128
0.16 0.17928 0.198
0.1604 0.18972 0.2124
0.1736 0.1818 0.1924
0.1524 0.17284 0.1956
0.1544 0.17576 0.198
0.1644 0.18244 0.1932
0.1616 0.17904 0.1972
0.1616 0.17472 0.2092
0.1528 0.18288 0.226
0.1548 0.18204 0.2068
0.1648 0.17908 0.2036
0.1692 0.18948 0.2028
0.1524 0.1854 0.2296
0.1592 0.18164 0.2036
0.1616 0.1752 0.198
0.1592 0.18556 0.2064
0.1652 0.17732 0.1944
0.1584 0.174 0.1916
0.1608 0.17136 0.1812
0.1588 0.1842 0.23
0.1492 0.17304 0.1996
0.1512 0.17628 0.1952
0.1584 0.17916 0.2148
0.1572 0.17284 0.2028
0.1424 0.16288 0.1904
0.1436 0.17604 0.1984
0.1584 0.17496 0.2016
0.1564 0.17904 0.1984
0.1484 0.17452 0.2076
0.1552 0.18084 0.2028
0.156 0.17396 0.184
0.1684 0.18116 0.1992
0.1608 0.1794 0.2096
0.1676 0.18172 0.2052
0.1688 0.18636 0.2172
0.1608 0.18528 0.2
0.1716 0.1892 0.2136
0.1524 0.1798 0.206
0.162 0.19764 0.2248
0.1712 0.19144 0.224
0.1584 0.1834 0.222
0.16 0.17736 0.1968
0.1512 0.17552 0.2068
0.1588 0.17216 0.1944
0.146 0.17164 0.2012
0.1656 0.17536 0.192
0.154 0.16836 0.1916
0.1488 0.16552 0.1804
0.1416 0.16556 0.182
0.1424 0.16732 0.1844
0.1568 0.1658 0.184
0.1488 0.16796 0.1828
0.156 0.1656 0.1736
0.1412 0.16324 0.1808
0.1524 0.16756 0.1936
0.1412 0.15728 0.1764
0.1428 0.162 0.1804
0.1396 0.15568 0.1668
0.1392 0.16092 0.196
0.1356 0.1548 0.172
0.1484 0.16408 0.178
0.146 0.16212 0.1852
0.1364 0.16288 0.1908
0.1548 0.16552 0.1868
0.1484 0.16576 0.184
0.1528 0.1698 0.1932
0.1484 0.16396 0.1768
0.1476 0.16016 0.1732
0.1404 0.16828 0.184
0.1432 0.16188 0.18
0.1468 0.16576 0.1884
0.1508 0.16732 0.1828
0.1396 0.1662 0.1844
0.1508 0.16692 0.1992
0.1484 0.15676 0.1712
0.1476 0.17088 0.1984
0.1376 0.16112 0.1924
0.1428 0.16176 0.1904
0.152 0.16524 0.1972
0.1528 0.16296 0.1844
0.1432 0.16032 0.1796
0.1496 0.16672 0.184
0.1464 0.15652 0.1792
0.1408 0.1544 0.1756
0.1356 0.15648 0.1872
0.144 0.15388 0.17
0.1448 0.15592 0.18
0.1444 0.15696 0.18
0.1388 0.15208 0.1628
0.1348 0.1492 0.1604
0.146 0.15504 0.1712
0.1428 0.15428 0.1732
0.1324 0.14952 0.1676
0.1332 0.15372 0.1652
0.1368 0.1496 0.16
0.1348 0.1474 0.1592
0.1332 0.14928 0.1628
0.1392 0.15224 0.1688
0.1436 0.15412 0.166
0.1388 0.15392 0.166
0.136 0.14472 0.1572
0.1296 0.15028 0.1712
0.1336 0.14432 0.1544
0.1292 0.14812 0.1612
0.136 0.1474 0.1568
0.1276 0.14228 0.1644
0.1316 0.14384 0.1604
0.1336 0.14428 0.1736
0.126 0.14244 0.16
0.1232 0.1392 0.16
0.1272 0.14136 0.1512
0.1232 0.13676 0.1472
0.1276 0.14112 0.1584
0.1252 0.13576 0.1504
0.128 0.13776 0.152
0.1252 0.14316 0.17
0.1212 0.1396 0.158
0.128 0.14072 0.162
0.1292 0.14352 0.1716
0.1236 0.13848 0.1576
0.126 0.14008 0.1576
0.1272 0.1334 0.15
0.1256 0.13676 0.1492
0.1248 0.13452 0.1444
0.1236 0.13272 0.1408
0.1272 0.1364 0.1508
0.1208 0.13224 0.142
0.1232 0.13724 0.152
0.1108 0.13284 0.1556
0.1256 0.13844 0.1516
0.1264 0.13536 0.148
0.1212 0.13716 0.1496
0.1296 0.13908 0.1496
0.1216 0.13776 0.1568
0.1144 0.12792 0.136
0.1232 0.13552 0.1552
0.1196 0.12748 0.138
0.122 0.13408 0.1524
0.1248 0.1316 0.1368
0.106 0.12688 0.1568
0.1168 0.12884 0.144
0.1208 0.1286 0.1452
0.1288 0.13648 0.1528
0.1196 0.13632 0.1492
0.1196 0.13344 0.1468
0.118 0.13996 0.164
0.1224 0.13528 0.16
0.1172 0.13596 0.1468
0.1304 0.13804 0.1532
0.114 0.13524 0.1604
0.1236 0.14364 0.1616
0.1276 0.1408 0.1648
0.1236 0.13356 0.15
0.1288 0.13976 0.1548
0.1284 0.14192 0.1588
0.1236 0.13444 0.1464
0.1376 0.14452 0.1608
0.1384 0.14488 0.1632
0.1312 0.14888 0.1752
0.1292 0.14128 0.1496
0.1288 0.14928 0.1792
0.1324 0.15152 0.1676
0.1304 0.13916 0.1536
0.1276 0.1442 0.1792
0.1268 0.14308 0.1704
0.136 0.14688 0.1692
0.1196 0.13876 0.148
0.1368 0.14748 0.1564
0.1344 0.14416 0.1652
0.1276 0.13688 0.1472
0.1284 0.14024 0.1532
0.1324 0.14972 0.1788
0.1304 0.14288 0.1572
0.1232 0.1316 0.1428
0.1272 0.13932 0.1516
0.1256 0.13768 0.1504
0.13 0.14228 0.1572
0.1296 0.14308 0.16
0.126 0.13776 0.1536
0.132 0.14148 0.1516
0.122 0.1434 0.1624
0.1288 0.14088 0.1576
0.1312 0.14088 0.1556
0.1244 0.13604 0.1524
0.12 0.13472 0.148
0.1284 0.138 0.1516
0.1232 0.14012 0.1656
0.124 0.13896 0.1512
0.1324 0.1414 0.1496
0.1264 0.14012 0.1584
0.1236 0.14672 0.1644
0.1212 0.13804 0.1492
0.1268 0.14084 0.15
0.1324 0.14692 0.1692
0.116 0.13684 0.154
0.1344 0.14356 0.1548
0.1224 0.13792 0.1536
0.1236 0.13612 0.1476
0.1284 0.13828 0.1444
0.1256 0.13656 0.1456
0.122 0.13656 0.1532
0.1116 0.14112 0.1532
0.1328 0.13848 0.1524
0.126 0.13996 0.1496
0.1256 0.14244 0.1664
0.1092 0.1324 0.1444
0.1268 0.14264 0.1608
0.1212 0.1316 0.1468
0.1188 0.13068 0.1396
0.1216 0.1362 0.152
0.1088 0.1352 0.1512
0.124 0.13488 0.1488
0.1248 0.13364 0.1456
0.1312 0.13828 0.1504
0.1252 0.13496 0.1448
0.1228 0.13552 0.1512
0.1232 0.14216 0.192
0.1228 0.13452 0.1404
0.13 0.13664 0.1496
0.1256 0.14052 0.16
0.1192 0.13736 0.1568
0.1196 0.13268 0.1464
0.12 0.12892 0.1432
0.1276 0.135 0.1464
0.1236 0.13704 0.1572
0.1228 0.13116 0.1432
0.1208 0.13236 0.1428
0.1304 0.1354 0.1476
0.1192 0.13144 0.1408
0.1248 0.1376 0.1492
0.1208 0.1382 0.154
0.1256 0.13636 0.1504
0.1228 0.13268 0.1404
0.1188 0.12956 0.1368
0.1252 0.133 0.1472
0.1228 0.13484 0.144
0.1212 0.13156 0.1472
0.1228 0.1322 0.1416
0.1276 0.14152 0.16
0.122 0.13504 0.1588
0.1252 0.13656 0.142
0.1184 0.13004 0.14
0.1212 0.12856 0.138
0.1228 0.1282 0.1324
0.1208 0.12716 0.1332
0.1148 0.12564 0.1408
0.116 0.12708 0.1344
0.116 0.12576 0.1408
0.1128 0.12524 0.1444
0.1188 0.12356 0.1284
0.1156 0.12272 0.1336
0.1144 0.12764 0.146
0.116 0.1248 0.134
0.1132 0.12396 0.1392
0.1168 0.12192 0.1268
0.1128 0.12164 0.136
0.1172 0.12608 0.1412
0.1156 0.12464 0.1296
0.1172 0.12476 0.1388
0.1188 0.12468 0.1316
0.1152 0.12396 0.1352
0.1132 0.12048 0.1308
0.1192 0.12196 0.124
0.1172 0.1218 0.1272
0.1116 0.11764 0.1216
0.1096 0.1198 0.1308
0.114 0.12036 0.1264
0.1104 0.1192 0.1264
0.1128 0.12016 0.13
0.1112 0.11804 0.1272
0.1188 0.12336 0.1284
0.1108 0.12068 0.1324
0.1116 0.12068 0.1312
0.1148 0.123 0.1304
0.1048 0.11908 0.1296
0.1132 0.12008 0.1244
0.1156 0.12032 0.1264
0.1124 0.12296 0.1332
0.1176 0.12524 0.1336
0.1168 0.12188 0.1264
0.1152 0.12264 0.1324
0.1116 0.12156 0.1308
0.1156 0.12356 0.132
0.1128 0.12164 0.1292
0.1084 0.1202 0.1276
0.1124 0.12192 0.1304
0.1052 0.12144 0.1336
0.1084 0.12028 0.128
0.1068 0.11896 0.1268
0.1016 0.12024 0.138
0.1148 0.1182 0.1256
0.118 0.12492 0.1456
0.1108 0.121 0.1372
0.1072 0.11948 0.1332
0.11 0.11688 0.1372
0.1068 0.11364 0.1204
0.1056 0.11592 0.1244
0.1036 0.11584 0.1308
0.1108 0.11984 0.1272
0.106 0.118 0.1276
0.1108 0.11868 0.1288
0.1116 0.11892 0.1252
0.1116 0.1206 0.1288
0.1132 0.12048 0.1296
0.114 0.1196 0.1252
0.1112 0.1182 0.1248
0.1128 0.11988 0.1288
0.1144 0.11928 0.1252
0.1112 0.11732 0.1232
0.1064 0.12 0.1316
0.1108 0.12064 0.1308
0.1032 0.11324 0.1204
0.114 0.11968 0.1244
0.1068 0.11792 0.1304
0.1164 0.11892 0.1252
0.1112 0.11904 0.1352
0.1108 0.11736 0.1224
0.1108 0.11896 0.1312
0.1064 0.1172 0.13
0.1064 0.11452 0.1232
0.0996 0.11528 0.1268
0.11 0.11468 0.124
0.1124 0.11728 0.134
0.1128 0.11956 0.1288
0.1064 0.11632 0.1252
0.1072 0.11472 0.1196
0.1008 0.114 0.1208
0.1048 0.11416 0.1212
0.112 0.11744 0.124
0.104 0.11164 0.1184
0.1016 0.11092 0.122
0.1028 0.11388 0.1232
0.1036 0.1142 0.1252
0.106 0.11456 0.1224
0.1064 0.11308 0.1204
0.1072 0.11336 0.1196
0.1104 0.11636 0.1248
0.1072 0.11512 0.1216
0.112 0.11508 0.1224
0.1048 0.11432 0.1232
0.1072 0.11404 0.1192
0.108 0.11436 0.1224
0.1088 0.11632 0.1208
0.114 0.11864 0.1256
0.1072 0.11568 0.1216
0.1008 0.11492 0.1248
0.1084 0.11764 0.1268
0.1116 0.11796 0.1332
0.1132 0.11944 0.1268
0.1128 0.11724 0.1208
0.108 0.11756 0.126
0.1064 0.11656 0.1292
0.116 0.11892 0.1228
0.1104 0.11488 0.1212
0.1088 0.11756 0.1224
0.1128 0.11832 0.1244
0.11 0.11832 0.126
0.1076 0.11732 0.1248
0.1084 0.1164 0.1296
0.1104 0.11644 0.1236
0.1096 0.11812 0.1236
0.108 0.11356 0.1196
0.1096 0.11544 0.1224
0.1052 0.11524 0.1304
0.1096 0.11576 0.1216
0.1088 0.11364 0.1224
0.108 0.1138 0.12
0.1056 0.1126 0.1224
0.1032 0.11184 0.1176
0.1076 0.11492 0.1232
0.1028 0.11664 0.126
0.1004 0.11428 0.1224
0.1056 0.1174 0.124
0.104 0.11608 0.124
0.1084 0.11456 0.1208
0.1096 0.1152 0.1228
0.1048 0.11576 0.1264
0.102 0.11532 0.1232
0.1036 0.1116 0.12
0.1116 0.11804 0.13
0.108 0.11552 0.12
0.1088 0.11596 0.1296
0.108 0.11312 0.1212
0.1068 0.11412 0.1216
0.1096 0.11612 0.1232
0.1044 0.1128 0.1308
0.11 0.11588 0.1256
0.1072 0.11416 0.1216
0.1076 0.11148 0.1196
0.1056 0.11232 0.118
0.1044 0.11348 0.1208
0.1044 0.11248 0.1172
0.0996 0.1098 0.116
0.1008 0.11032 0.1196
0.1064 0.11356 0.1244
0.1024 0.11136 0.1208
0.1044 0.11228 0.12
0.1036 0.10932 0.1192
0.1064 0.11472 0.1244
0.1096 0.11336 0.1168
0.0976 0.11136 0.1192
0.1036 0.1106 0.1168
0.1064 0.1106 0.1176
0.1028 0.11048 0.118
0.1092 0.11488 0.1228
0.1068 0.11324 0.1188
0.0992 0.11016 0.116
0.104 0.1096 0.1156
0.1052 0.10912 0.1148
0.1016 0.11024 0.1176
0.1052 0.10956 0.1148
0.1 0.10728 0.1156
0.1056 0.1106 0.1136
0.0984 0.10948 0.1164
0.1008 0.10868 0.116
0.1076 0.11196 0.1152
0.1036 0.1102 0.1176
0.1088 0.11264 0.1176
0.1028 0.10868 0.1156
0.1064 0.10804 0.11
0.1052 0.11072 0.1196
0.1032 0.10864 0.1112
0.1028 0.1086 0.1148
0.0956 0.10744 0.1148
0.0976 0.1102 0.1172
0.1044 0.11076 0.1152
0.1036 0.10984 0.114
0.1032 0.11 0.1144
0.1048 0.1088 0.1136
0.1012 0.10844 0.1152
0.1068 0.11148 0.1168
0.1068 0.11036 0.1144
0.1012 0.10904 0.114
0.1064 0.10876 0.1124
0.1036 0.1092 0.1144
0.1 0.10732 0.1144
0.104 0.11168 0.1196
0.1024 0.1078 0.114
0.1056 0.11084 0.1148
0.1068 0.11072 0.1144
0.1016 0.10948 0.1148
0.0996 0.10924 0.1164
0.1084 0.11084 0.1164
0.1068 0.11136 0.1152
0.108 0.11112 0.1176
0.1064 0.11148 0.1148
0.108 0.11072 0.114
0.1056 0.1108 0.1164
0.1076 0.11428 0.12
0.1048 0.11108 0.116
0.1052 0.11084 0.1176
0.106 0.11196 0.1236
0.0976 0.10736 0.1164
0.1072 0.1106 0.1152
0.102 0.10928 0.1124
0.1012 0.10852 0.1124
0.0996 0.10788 0.1124
0.1056 0.11052 0.114
0.1068 0.11 0.1164
0.0988 0.10952 0.116
0.106 0.11164 0.1152
0.1088 0.11188 0.118
0.1064 0.1098 0.1156
0.1064 0.10944 0.1144
0.1052 0.11004 0.1156
0.1024 0.1094 0.1148
0.102 0.10988 0.1128
0.106 0.11068 0.116
0.1076 0.11168 0.1148
0.1008 0.10924 0.1172
0.1036 0.10788 0.1112
0.1008 0.10616 0.1128
0.102 0.108 0.114
0.1008 0.106 0.1104
0.0964 0.10592 0.1132
0.1012 0.10864 0.1128
0.106 0.10992 0.1176
0.1032 0.11032 0.114
0.1036 0.10812 0.1124
0.1068 0.1116 0.1156
0.1056 0.10944 0.1176
0.1044 0.11012 0.1148
0.1012 0.10876 0.1132
0.1036 0.10952 0.1132
0.104 0.10912 0.1184
0.1016 0.10824 0.1124
0.1064 0.10908 0.112
0.1048 0.1092 0.1116
0.1036 0.10888 0.1148
0.1064 0.10944 0.1116
0.1008 0.10928 0.1148
0.106 0.10796 0.1116
0.1024 0.10872 0.1124
0.1076 0.10976 0.112
0.1044 0.10796 0.1116
0.1064 0.10896 0.1108
0.1012 0.10784 0.1152
0.1072 0.10984 0.112
0.104 0.10968 0.1172
0.1076 0.11188 0.1212
0.1032 0.109 0.1124
0.1064 0.11052 0.118
0.1052 0.10968 0.1148
0.1064 0.11064 0.1148
0.1036 0.10976 0.1164
0.108 0.11256 0.116
0.1048 0.11076 0.1164
0.1072 0.11148 0.1164
0.1088 0.11296 0.1168
0.108 0.1108 0.114
0.1076 0.11172 0.1184
0.106 0.11024 0.1148
0.1064 0.1096 0.1124
0.1064 0.10888 0.112
0.1072 0.11052 0.114
0.1088 0.1112 0.1164
0.1088 0.11284 0.1176
0.108 0.1108 0.1132
0.1092 0.11216 0.1164
0.1088 0.11252 0.118
0.108 0.11064 0.1132
0.1064 0.11128 0.1156
0.1084 0.1116 0.1172
0.106 0.10972 0.1148
0.1024 0.109 0.1116
0.108 0.11088 0.1144
0.1072 0.1102 0.1148
0.1068 0.10924 0.1136
0.1032 0.10976 0.1132
0.1068 0.1112 0.1136
0.1072 0.11044 0.116
0.1072 0.10932 0.1104
0.1048 0.11148 0.1204
0.1 0.10852 0.1156
0.1084 0.10996 0.1128
0.1072 0.1112 0.116
0.1052 0.1092 0.1124
0.1064 0.10964 0.1132
0.1052 0.1092 0.1112
0.108 0.11104 0.114
0.106 0.11012 0.1136
0.1052 0.10908 0.112
0.106 0.1098 0.1132
0.1044 0.10908 0.1132
0.1036 0.1084 0.1124
0.0984 0.10832 0.1136
0.1032 0.10636 0.1088
0.1056 0.10868 0.1144
0.1052 0.11064 0.1212
0.1048 0.10928 0.1144
0.1072 0.1096 0.1176
0.1032 0.10748 0.1112
0.1064 0.10876 0.1108
0.1064 0.1092 0.112
0.1048 0.10848 0.1152
0.1056 0.10808 0.1104
0.1068 0.1096 0.1124
0.1032 0.10936 0.114
0.106 0.10824 0.1116
0.1036 0.10784 0.1124
0.104 0.10836 0.1128
0.1024 0.107 0.1112
0.1056 0.10892 0.112
0.1044 0.10964 0.1144
0.106 0.10996 0.1124
0.1056 0.10848 0.1104
0.1048 0.10876 0.1136
0.0996 0.10732 0.1148
0.1016 0.10648 0.1096
0.1004 0.1064 0.1132
0.1012 0.10736 0.1124
0.1048 0.10756 0.1104
0.1012 0.10708 0.1108
0.102 0.10696 0.1116
0.1064 0.10888 0.112
0.1048 0.1076 0.1116
0.1 0.1072 0.1124
0.1052 0.10984 0.1136
0.1056 0.10932 0.1132
0.106 0.10916 0.112
0.1064 0.10872 0.112
0.104 0.1088 0.1124
0.106 0.10848 0.1124
0.104 0.10644 0.1076
0.1044 0.10824 0.112
0.1028 0.10756 0.112
0.1068 0.10784 0.1096
0.1048 0.10772 0.1096
0.1044 0.10732 0.1108
0.1064 0.10864 0.112
0.1048 0.108 0.11
0.1056 0.10836 0.1112
0.1052 0.10796 0.1096
0.1052 0.1076 0.1096
0.104 0.1072 0.1108
0.1052 0.10732 0.1088
0.1048 0.10708 0.1092
0.1036 0.107 0.11
0.1024 0.10664 0.1096
0.1012 0.10608 0.11
0.102 0.10584 0.11
0.1016 0.105 0.1092
0.1008 0.10548 0.1092
0.1024 0.1056 0.1096
0.102 0.10632 0.1108
0.0952 0.10592 0.1112
0.1028 0.1062 0.1088
0.1024 0.10688 0.1112
0.1048 0.10704 0.1096
0.1056 0.10752 0.1092
0.1044 0.10744 0.1112
0.1032 0.1066 0.1096
0.1032 0.10724 0.1112
0.104 0.1064 0.108
0.1024 0.1072 0.1116
0.1036 0.10696 0.1096
0.1004 0.10664 0.1084
0.1028 0.10644 0.1096
0.104 0.10692 0.1104
0.104 0.1072 0.1112
0.1044 0.10716 0.1128
0.1028 0.107 0.112
0.104 0.10648 0.1084
0.1048 0.10668 0.11
0.1024 0.1066 0.1096
0.1004 0.10524 0.108
0.1036 0.10636 0.1092
0.1048 0.1068 0.11
0.1044 0.1066 0.1108
0.1048 0.1068 0.1088
0.0976 0.10476 0.1092
0.1032 0.10744 0.1112
0.104 0.10748 0.1104
0.1064 0.10788 0.1092
0.104 0.10684 0.1116
0.104 0.10664 0.1096
0.1036 0.10568 0.11
0.102 0.10636 0.1092
0.104 0.10684 0.1096
0.1028 0.10648 0.1104
0.1048 0.1072 0.1096
0.1016 0.1068 0.1092
0.1052 0.10736 0.1092
0.104 0.1068 0.1096
0.1024 0.10604 0.1096
0.1016 0.10692 0.1116
0.1028 0.10708 0.1108
0.1044 0.10668 0.1084
0.1052 0.10692 0.1104
0.0972 0.10432 0.11
0.0984 0.10516 0.1088
0.1028 0.10708 0.1104
0.1016 0.10584 0.1088
0.1044 0.10704 0.1104
0.1044 0.10616 0.1084
0.1008 0.10608 0.1084
0.1044 0.10688 0.1108
0.1 0.1052 0.108
0.104 0.10672 0.11
0.1036 0.106 0.1076
0.1 0.1052 0.1084
0.1032 0.10764 0.1112
0.1048 0.1068 0.1088
0.1048 0.1064 0.1076
0.1032 0.10676 0.1088
0.104 0.1074 0.1096
0.1036 0.10712 0.1116
0.1044 0.10704 0.1096
0.1048 0.10688 0.1088
0.102 0.10624 0.1088
0.1044 0.10684 0.1096
0.1032 0.10692 0.1116
0.1012 0.10612 0.1112
0.1032 0.10732 0.1104
0.0988 0.10604 0.1108
0.1032 0.10628 0.1104
0.1012 0.10504 0.1076
0.1016 0.10504 0.1072
0.1024 0.10552 0.1088
0.1028 0.10536 0.1088
0.1028 0.10624 0.1132
0.1036 0.10548 0.1088
0.1 0.10584 0.1088
0.104 0.10572 0.1076
0.1 0.10448 0.1076
0.1008 0.106 0.1088
0.104 0.10572 0.108
0.1028 0.10544 0.1084
0.102 0.1052 0.11
0.1032 0.10612 0.1088
0.1004 0.1048 0.1088
0.1016 0.1064 0.1092
0.1028 0.1052 0.1084
0.104 0.10636 0.1088
0.096 0.10516 0.1084
0.1024 0.10608 0.1112
0.1012 0.10676 0.1092
0.1008 0.1058 0.1096
0.1048 0.10708 0.1104
0.104 0.10556 0.108
0.102 0.1046 0.1068
0.104 0.10656 0.1088
0.1028 0.1062 0.1092
0.1004 0.10516 0.1088
0.1024 0.1052 0.1068
0.1036 0.10548 0.1072
0.1032 0.10528 0.108
0.1012 0.10532 0.11
0.1008 0.10528 0.1076
0.1044 0.10656 0.1084
0.1044 0.10692 0.1092
0.0968 0.10376 0.1076
0.1036 0.10548 0.1088
0.1028 0.10564 0.1084
0.1024 0.10548 0.11
0.1008 0.10488 0.1064
0.1012 0.10456 0.1084
0.1 0.10408 0.1084
0.0948 0.10532 0.1088
0.1028 0.10576 0.108
0.1024 0.10668 0.1108
0.1024 0.10696 0.1104
0.0996 0.10516 0.1092
0.1032 0.106 0.1088
0.102 0.1054 0.1084
0.1004 0.10496 0.1092
0.1028 0.10456 0.1064
0.0976 0.10508 0.108
0.1028 0.10532 0.1072
0.102 0.1052 0.1092
0.096 0.10388 0.1076
0.1036 0.10592 0.1092
0.1012 0.10504 0.1076
0.0972 0.10348 0.1064
0.096 0.10436 0.1084
0.1024 0.1052 0.1076
0.0976 0.10432 0.1084
0.1032 0.10584 0.1084
0.102 0.10568 0.1076
0.0944 0.10508 0.1096
0.1008 0.10572 0.1116
0.1008 0.10436 0.1072
0.0984 0.1048 0.11
0.0992 0.1058 0.11
0.0992 0.10692 0.1096
0.0972 0.10536 0.11
0.1028 0.10532 0.1072
0.0988 0.10324 0.1052
0.1036 0.1058 0.108
0.1024 0.10528 0.108
0.102 0.1054 0.1088
0.1 0.10428 0.1072
0.098 0.10464 0.1092
0.0964 0.10424 0.1088
0.1016 0.10516 0.108
0.0988 0.1056 0.11
0.1 0.106 0.1096
0.1008 0.10568 0.1108
0.0984 0.10344 0.1096
0.1004 0.10464 0.11
0.0996 0.10412 0.1072
0.0996 0.10468 0.1076
0.104 0.10608 0.1092
0.1004 0.105 0.1076
0.0972 0.10516 0.11
0.102 0.105 0.1084
0.1036 0.1064 0.1092
0.1008 0.10608 0.1096
0.0996 0.10496 0.1092
0.1008 0.10592 0.1084
0.1 0.10412 0.108
0.1004 0.10504 0.1104
0.0992 0.10452 0.11
0.0972 0.10516 0.1092
0.1 0.10528 0.1088
0.0988 0.1036 0.1072
0.098 0.10516 0.1092
0.0972 0.10548 0.1104
0.102 0.10544 0.1092
0.1036 0.1068 0.1092
0.1056 0.10732 0.1088
0.1004 0.10596 0.1084
0.102 0.10564 0.1092
0.0984 0.10416 0.1072
0.1012 0.1054 0.1084
0.0984 0.10488 0.108
0.0972 0.10508 0.1092
0.1036 0.1068 0.1092
0.1016 0.10528 0.108
0.1012 0.10472 0.1068
0.1024 0.10528 0.108
0.0992 0.10436 0.1072
0.1028 0.10552 0.1088
0.1036 0.10536 0.1076
0.104 0.10564 0.108
0.1024 0.10548 0.108
0.1028 0.10608 0.11
0.1052 0.10636 0.108
0.1008 0.10556 0.1084
0.1028 0.10464 0.1072
0.1012 0.10484 0.108
0.0988 0.10516 0.108
0.1048 0.10676 0.1092
0.1036 0.10528 0.1072
0.1012 0.10564 0.1092
0.1 0.10556 0.1084
0.102 0.10608 0.108
0.1044 0.10636 0.1092
0.104 0.10636 0.1104
0.1016 0.10496 0.108
0.1036 0.106 0.1092
0.102 0.10496 0.1072
0.1008 0.10408 0.1068
0.1028 0.10556 0.1088
0.1024 0.10532 0.1076
0.1032 0.10556 0.1088
0.1016 0.10552 0.1084
0.1016 0.10496 0.1076
0.1016 0.10448 0.1072
0.0988 0.10456 0.11
0.102 0.105 0.1076
0.1028 0.10604 0.1092
0.1 0.10432 0.108
0.1004 0.10484 0.1064
0.0996 0.10504 0.1088
0.102 0.10532 0.108
0.1004 0.1056 0.1072
0.1028 0.10572 0.108
0.102 0.10572 0.1084
0.1028 0.10572 0.1076
0.1036 0.10656 0.1096
0.1032 0.1056 0.108
0.1032 0.10572 0.1076
0.1016 0.10584 0.1084
0.1032 0.10572 0.1076
0.1052 0.10688 0.1084
0.1036 0.10652 0.1096
0.104 0.10576 0.1092
0.1048 0.10708 0.1108
0.104 0.10604 0.1076
0.1044 0.10576 0.1072
0.1036 0.10596 0.1088
0.1024 0.1046 0.1068
0.1032 0.10516 0.1076
0.1024 0.10508 0.1072
0.102 0.105 0.1088
0.1028 0.10508 0.1084
0.1032 0.10608 0.1072
0.1028 0.10516 0.1092
0.1028 0.10536 0.1076
0.1012 0.10512 0.1068
0.1028 0.1058 0.1092
0.1024 0.10572 0.1084
0.1004 0.10488 0.108
0.1036 0.10588 0.1088
0.1032 0.10532 0.1072
0.1036 0.10576 0.108
0.0996 0.10444 0.1064
0.1036 0.1058 0.1088
0.1012 0.10576 0.1084
0.1028 0.10584 0.1092
0.1016 0.10416 0.1068
0.1024 0.10572 0.1092
0.0992 0.10464 0.11
0.1032 0.10588 0.1092
0.1028 0.10568 0.1084
0.1016 0.10544 0.1092
0.1036 0.10556 0.1084
0.0996 0.10392 0.1076
0.0992 0.10516 0.1096
0.0972 0.1048 0.1092
0.1044 0.1058 0.108
0.1024 0.10528 0.1088
0.1008 0.10536 0.108
0.102 0.1054 0.1104
0.102 0.10484 0.1072
0.1004 0.10452 0.1084
0.1024 0.10552 0.108
0.0968 0.10352 0.1068
0.0956 0.10424 0.1068
0.1012 0.10492 0.1084
0.1024 0.10616 0.1092
0.1024 0.105 0.1068
0.1032 0.10652 0.1096
0.1004 0.10584 0.1088
0.1036 0.1064 0.1088
0.1032 0.10588 0.1076
0.104 0.10592 0.1096
0.1056 0.10648 0.108
0.1032 0.10632 0.1108
0.1048 0.10696 0.1104
0.1012 0.10504 0.1084
0.1028 0.10472 0.1064
0.104 0.107 0.1116
0.1028 0.10644 0.1088
0.102 0.10548 0.1088
0.1004 0.10376 0.1056
0.1024 0.1044 0.106
0.098 0.10484 0.1084
0.1 0.10404 0.108
0.098 0.10444 0.1092
0.0972 0.10376 0.1084
0.1 0.1044 0.1076
0.098 0.1044 0.108
0.1028 0.10572 0.1092
0.1024 0.10644 0.1088
0.1008 0.104 0.1056
0.1032 0.10572 0.1072
0.1032 0.1064 0.108
0.1008 0.10456 0.1072
0.0996 0.10612 0.1096
0.1024 0.10532 0.1064
0.104 0.10632 0.1096
0.1028 0.106 0.11
0.1036 0.10656 0.1088
0.1032 0.10628 0.1084
0.1032 0.1056 0.1076
0.102 0.10536 0.1076
0.1044 0.1066 0.1092
0.1048 0.10676 0.1088
0.1036 0.10664 0.1108
0.1036 0.10624 0.1088
0.102 0.10468 0.108
0.1036 0.10564 0.1076
0.1036 0.10656 0.1084
0.104 0.10652 0.11
0.1028 0.10548 0.108
0.104 0.1064 0.1112
0.1036 0.10596 0.108
0.1048 0.10708 0.1096
0.1048 0.10636 0.1092
0.1024 0.10532 0.108
0.1028 0.1052 0.1076
0.1032 0.10688 0.11
0.104 0.10636 0.108
0.1028 0.10532 0.1096
0.1028 0.10616 0.1096
0.1036 0.10628 0.108
0.1036 0.10596 0.1096
0.1032 0.10512 0.1068
0.102 0.10492 0.1088
0.1036 0.10596 0.1084
0.104 0.10632 0.108
0.1032 0.10636 0.1104
0.1024 0.10464 0.1076
0.1036 0.1052 0.1076
0.1028 0.10672 0.1092
0.104 0.1056 0.1084
0.1024 0.10632 0.1088
0.1032 0.10592 0.108
0.1024 0.105 0.108
0.1036 0.105 0.1068
0.104 0.10648 0.11
0.1012 0.10404 0.1076
0.104 0.1058 0.1072
0.1048 0.10556 0.1064
0.1036 0.10664 0.1104
0.1036 0.10548 0.108
0.1032 0.1048 0.1068
0.1016 0.10576 0.108
0.1008 0.10504 0.1096
0.1016 0.10448 0.1068
0.102 0.10528 0.1076
0.1036 0.1052 0.1084
0.098 0.10356 0.1072
0.1028 0.10532 0.1068
0.1016 0.10492 0.1072
0.1032 0.10516 0.1064
0.1032 0.10432 0.108
0.0988 0.10452 0.1068
0.1024 0.10496 0.1068
0.1032 0.10592 0.1084
0.1032 0.10548 0.108
0.0988 0.1054 0.1084
0.1008 0.10436 0.108
0.104 0.10616 0.1088
0.1032 0.10544 0.1088
0.0988 0.10412 0.1072
0.1024 0.10488 0.1068
0.1048 0.10604 0.1084
0.104 0.1058 0.108
0.104 0.10552 0.108
0.1036 0.10524 0.1072
0.1028 0.10564 0.1068
0.104 0.1064 0.1108
0.102 0.10524 0.1088
0.1032 0.10556 0.1088
0.1028 0.10484 0.1072
0.1032 0.106 0.1096
0.1024 0.10556 0.1096
0.1036 0.10556 0.1068
0.1048 0.10624 0.1076
0.1036 0.10524 0.1072
0.0996 0.104 0.106
0.1024 0.10468 0.1064
0.1036 0.10504 0.1076
0.1 0.1038 0.1068
0.1048 0.10608 0.1088
0.1028 0.1042 0.1064
0.1008 0.10476 0.1072
0.1012 0.10452 0.1064
0.1032 0.105 0.108
0.1 0.10436 0.106
0.1008 0.10504 0.1096
0.1036 0.10516 0.106
0.1024 0.105 0.1068
0.1044 0.10604 0.108
0.1036 0.10584 0.108
0.1024 0.10456 0.1072
0.104 0.10676 0.11
0.1044 0.10556 0.1088
0.104 0.10648 0.1096
0.1044 0.10616 0.1084
0.1036 0.10564 0.1076
0.1036 0.10572 0.1072
0.1048 0.10644 0.1076
0.104 0.10628 0.1084
0.1032 0.10628 0.1096
0.1048 0.10636 0.1084
0.102 0.10564 0.1084
0.1048 0.10616 0.108
0.1036 0.10584 0.1076
0.104 0.1056 0.11
0.1028 0.10564 0.1084
0.1024 0.10504 0.106
0.1036 0.10588 0.108
0.1012 0.10508 0.108
0.1036 0.10564 0.108
0.1028 0.10536 0.1088
0.1036 0.10696 0.1104
0.1032 0.10532 0.1084
0.1012 0.105 0.1076
0.1036 0.105 0.108
0.1036 0.10592 0.108
0.1036 0.10556 0.1084
0.1024 0.10468 0.1064
0.1 0.10472 0.1072
0.1008 0.10532 0.1084
0.0992 0.10356 0.106
0.102 0.10456 0.1068
0.1036 0.10532 0.1088
0.102 0.10484 0.1072
0.104 0.10516 0.1068
0.1024 0.10468 0.1064
0.1024 0.10472 0.1088
0.1028 0.10488 0.1096
0.104 0.10512 0.1064
0.1028 0.10484 0.1068
0.102 0.10436 0.106
0.1024 0.10404 0.106
0.1012 0.10464 0.1064
0.1012 0.1048 0.1068
0.1016 0.105 0.1072
0.1036 0.10452 0.106
0.1024 0.10492 0.108
0.1024 0.1054 0.108
0.1028 0.10516 0.1076
0.1032 0.10464 0.1072
0.1024 0.10484 0.1072
0.102 0.10492 0.1072
0.1028 0.1048 0.1064
0.1044 0.10576 0.1076
0.1024 0.10476 0.106
0.1036 0.10516 0.1076
0.1 0.10396 0.1072
0.1016 0.10424 0.1064
0.1032 0.1046 0.1068
0.1024 0.10516 0.108
0.1028 0.10468 0.1064
0.1024 0.10404 0.1064
0.1004 0.10432 0.108
0.1024 0.10476 0.106
0.1012 0.10388 0.1064
0.1004 0.10428 0.1056
0.1012 0.10328 0.106
0.1016 0.10456 0.106
0.1012 0.10372 0.106
0.102 0.10388 0.106
0.1032 0.10484 0.1064
0.1004 0.1044 0.1064
0.1012 0.10372 0.1048
0.1036 0.10564 0.1076
0.1016 0.105 0.1072
0.102 0.10472 0.1068
0.1012 0.10384 0.1056
0.104 0.10548 0.1076
0.1032 0.10468 0.106
0.102 0.1036 0.1072
0.102 0.10448 0.106
0.1024 0.10448 0.1072
0.1028 0.1052 0.1072
0.102 0.10448 0.1064
0.1036 0.1052 0.1068
0.1024 0.10436 0.1068
0.1028 0.10548 0.1084
0.1032 0.1052 0.1076
0.1036 0.10576 0.1076
0.1024 0.10512 0.1084
0.102 0.10404 0.1068
0.1036 0.10568 0.1072
0.1036 0.10564 0.1076
0.102 0.1046 0.1072
0.1032 0.1056 0.1072
0.1036 0.10524 0.1076
0.1032 0.10496 0.1064
0.1024 0.105 0.1068
0.1008 0.10364 0.1052
0.1036 0.10556 0.1084
0.102 0.10564 0.1076
0.1032 0.1046 0.1064
0.1036 0.10464 0.1068
0.1032 0.10512 0.1072
0.1008 0.104 0.1064
0.1024 0.1046 0.106
0.1008 0.1044 0.1068
0.1036 0.10536 0.1068
0.1028 0.10448 0.1072
0.1024 0.10484 0.1064
0.1028 0.10504 0.1076
0.1032 0.10524 0.1076
0.1024 0.10424 0.1064
0.1032 0.10464 0.106
0.1028 0.10452 0.1072
0.102 0.10456 0.1076
0.1024 0.104 0.1064
0.1028 0.1052 0.108
0.1028 0.10508 0.108
0.1016 0.10436 0.1068
0.102 0.10472 0.1068
0.1032 0.10448 0.106
0.1028 0.10416 0.1056
0.1012 0.10468 0.1076
0.1016 0.10416 0.1076
0.102 0.10428 0.1076
0.1012 0.10372 0.1076
0.1036 0.10488 0.1084
0.1028 0.10476 0.1068
0.1024 0.10444 0.106
0.1016 0.10444 0.1072
0.1036 0.10484 0.1064
0.1012 0.10464 0.1068
0.1016 0.10404 0.1064
0.1036 0.10556 0.1068
0.102 0.10496 0.106
0.1032 0.10556 0.108
0.1032 0.10496 0.1072
0.1032 0.10492 0.106
0.1032 0.10488 0.1076
0.102 0.10432 0.106
0.1032 0.10472 0.1064
0.1024 0.10564 0.108
0.1032 0.10444 0.1064
0.1 0.10444 0.1072
0.1004 0.10356 0.1052
0.1024 0.10496 0.1076
0.1036 0.10508 0.1068
0.1028 0.1044 0.1072
0.102 0.10456 0.1072
0.102 0.10444 0.106
0.1024 0.10472 0.1064
0.102 0.10436 0.1064
0.1016 0.10496 0.1096
0.1024 0.10496 0.108
0.102 0.10384 0.1064
0.1004 0.10416 0.1068
0.1036 0.10492 0.1068
0.1024 0.1048 0.1076
0.1024 0.10472 0.1076
0.104 0.1054 0.1072
0.1032 0.10504 0.1076
0.1024 0.10448 0.1068
0.1024 0.10448 0.1076
0.1008 0.10416 0.106
0.1024 0.10388 0.1056
0.1024 0.10352 0.1056
0.1036 0.10496 0.1076
0.1028 0.10484 0.1092
0.1016 0.10364 0.1048
0.1008 0.1044 0.1064
0.1036 0.1048 0.1064
0.1024 0.10456 0.1056
0.1024 0.10404 0.1052
0.1028 0.1048 0.1068
0.1028 0.10524 0.1076
0.1004 0.10408 0.1068
0.1024 0.10484 0.1076
0.1024 0.10404 0.106
0.102 0.10464 0.1068
0.1008 0.10332 0.1056
0.102 0.1048 0.1084
0.1028 0.10436 0.1064
0.1028 0.10492 0.1072
0.1032 0.10492 0.1068
0.1032 0.10456 0.1072
0.102 0.10528 0.1076
0.1016 0.10456 0.1072
0.1032 0.10492 0.1064
0.102 0.10364 0.1052
0.1032 0.10488 0.1068
0.1024 0.10456 0.106
0.1028 0.10488 0.1072
0.1032 0.1054 0.1072
0.1016 0.10416 0.1072
0.1016 0.1042 0.1076
0.102 0.10452 0.1076
0.1024 0.1046 0.1068
0.1016 0.10396 0.1056
0.1012 0.10456 0.1092
0.1012 0.10372 0.106
0.1016 0.1042 0.1064
0.1028 0.10508 0.1088
0.1016 0.10484 0.1064
0.102 0.1042 0.106
0.1004 0.1034 0.1048
0.1032 0.10468 0.1064
0.1024 0.1044 0.106
0.1028 0.10492 0.108
0.1032 0.10504 0.1068
0.1032 0.10436 0.1068
0.1028 0.10492 0.1092
0.1036 0.10424 0.1064
0.102 0.1048 0.1068
0.1032 0.10432 0.106
0.1024 0.10404 0.106
0.102 0.10436 0.1064
0.1036 0.10456 0.106
0.1024 0.10428 0.1068
0.1032 0.10496 0.1072
0.104 0.1052 0.106
0.1032 0.10492 0.1076
0.1028 0.10488 0.1076
0.1036 0.10508 0.106
0.1024 0.10432 0.1072
0.1024 0.1044 0.1072
0.1032 0.10512 0.1072
0.1028 0.10524 0.108
0.1036 0.10512 0.108
0.1028 0.10532 0.1068
0.1016 0.10448 0.106
0.1032 0.10544 0.1076
0.1016 0.1044 0.1056
0.104 0.105 0.1068
0.1024 0.10452 0.1068
0.1036 0.10512 0.1072
0.1028 0.10444 0.1068
0.1012 0.1038 0.1052
0.1028 0.10404 0.1056
0.1012 0.10356 0.1052
0.1012 0.10416 0.1056
0.1036 0.10488 0.1056
0.1036 0.10488 0.1064
0.1024 0.10524 0.1072
0.1016 0.10332 0.106
0.1028 0.10412 0.1056
0.1028 0.10488 0.1064
0.104 0.10548 0.1076
0.1032 0.10528 0.1072
0.1024 0.10568 0.1084
0.1036 0.10476 0.106
0.1028 0.10464 0.1088
0.1036 0.10544 0.1076
0.102 0.10444 0.1068
0.1012 0.1036 0.1068
0.104 0.10472 0.1056
0.1008 0.10432 0.1064
0.1004 0.10412 0.106
0.1028 0.10464 0.1068
0.1016 0.10516 0.108
0.1012 0.10432 0.1072
0.102 0.10348 0.1056
0.1032 0.1048 0.106
0.1024 0.10536 0.1072
0.1024 0.10436 0.1068
0.1028 0.10532 0.1072
0.1032 0.10404 0.106
0.102 0.10532 0.1072
0.1032 0.10452 0.1072
0.1032 0.10516 0.1072
0.1016 0.1044 0.106
0.1028 0.10536 0.1076
0.1028 0.1044 0.1056
0.1016 0.10452 0.1076
0.1016 0.10412 0.1056
0.1024 0.1046 0.1064
0.1028 0.10452 0.106
0.1016 0.10356 0.1052
0.1012 0.10464 0.1072
0.1028 0.10404 0.1068
0.1024 0.10488 0.1072
0.1012 0.10432 0.1072
0.1016 0.10388 0.1048
0.1012 0.10492 0.1072
0.1008 0.1034 0.1052
0.1028 0.10472 0.1076
0.1016 0.10444 0.1064
0.1016 0.10352 0.1064
0.1016 0.10432 0.108
0.1028 0.10428 0.106
0.1036 0.10464 0.1056
0.104 0.10524 0.1072
0.1012 0.10296 0.1044
0.1024 0.10424 0.106
0.102 0.10388 0.1052
0.1024 0.10432 0.1068
0.1032 0.10404 0.1068
0.1036 0.10476 0.1068
0.1032 0.10528 0.1072
0.1024 0.10452 0.1064
0.1028 0.10456 0.106
0.1012 0.1048 0.1072
0.1008 0.10344 0.1064
0.102 0.10404 0.1052
0.102 0.10364 0.1056
0.102 0.10448 0.1076
0.0992 0.10324 0.1072
0.1028 0.10444 0.1056
0.1008 0.10468 0.1088
0.1032 0.10472 0.108
0.1028 0.10432 0.1064
0.1016 0.10404 0.1068
0.102 0.10436 0.106
0.102 0.10496 0.1084
0.102 0.10404 0.1056
0.1012 0.1046 0.108
0.1004 0.10376 0.1064
0.1 0.10332 0.1068
0.1016 0.104 0.1072
0.102 0.1038 0.106
0.102 0.10456 0.1072
0.1024 0.1034 0.1044
0.1024 0.1042 0.1076
0.1012 0.10416 0.1072
0.1008 0.10376 0.1064
0.1016 0.10372 0.1052
0.1012 0.1034 0.1052
0.1012 0.10344 0.1068
0.1008 0.10312 0.1044
0.1016 0.10336 0.1056
0.1004 0.10348 0.106
0.1016 0.1034 0.1048
0.1016 0.10428 0.1068
0.1016 0.10352 0.106
0.1024 0.10432 0.106
0.1032 0.10492 0.1072
0.1032 0.10488 0.1076
0.1036 0.10484 0.1064
0.1028 0.10444 0.106
0.1016 0.10456 0.106
0.1024 0.10448 0.1064
0.1036 0.10448 0.106
0.1016 0.10404 0.1064
0.1036 0.10528 0.1064
0.1024 0.10464 0.1064
0.1024 0.10408 0.106
0.1032 0.10416 0.1056
0.102 0.1046 0.1068
0.102 0.1038 0.106
0.1028 0.10484 0.1072
0.1032 0.1046 0.1056
0.1028 0.10408 0.1052
0.1016 0.10408 0.106
0.1024 0.10408 0.106
0.1024 0.10404 0.1056
0.1016 0.10412 0.106
0.1028 0.1048 0.1064
0.1008 0.1042 0.106
0.1024 0.1042 0.1052
0.102 0.10384 0.1052
0.1024 0.10388 0.1052
0.1016 0.10376 0.1052
0.1012 0.104 0.1056
0.1012 0.10404 0.1068
0.1036 0.10484 0.106
0.1028 0.10388 0.1056
0.1028 0.10452 0.1056
0.1032 0.10552 0.1072
0.1024 0.1046 0.1068
0.104 0.10496 0.1056
0.1012 0.10424 0.1072
0.1024 0.1042 0.1056
0.1032 0.10472 0.1068
0.1024 0.1044 0.106
0.1028 0.10416 0.106
0.1016 0.10388 0.1064
0.1016 0.10408 0.1056
0.1024 0.10388 0.1052
0.1028 0.10404 0.1056
0.102 0.10388 0.1056
0.1028 0.10384 0.1052
0.102 0.10384 0.106
0.1028 0.1036 0.1052
0.1024 0.104 0.1068
0.1028 0.10448 0.106
0.1032 0.10448 0.1068
0.1016 0.10432 0.1068
0.1024 0.10392 0.106
0.102 0.10376 0.1056
0.1028 0.10416 0.1068
0.102 0.1036 0.1048
0.1032 0.10428 0.106
0.1016 0.10428 0.1072
0.1028 0.10432 0.106
0.0996 0.10328 0.1056
0.1024 0.1036 0.106
0.1024 0.10384 0.1052
0.1028 0.10396 0.1056
0.1028 0.10412 0.1056
0.1032 0.10456 0.1064
0.1024 0.10392 0.1064
0.102 0.10396 0.106
0.1032 0.1042 0.1056
0.1016 0.10436 0.1064
0.1036 0.10484 0.106
0.1028 0.10424 0.106
0.1032 0.10456 0.1068
0.1028 0.10388 0.1056
0.102 0.10468 0.1068
0.1012 0.10388 0.1064
0.1012 0.1038 0.1052
0.1016 0.10388 0.1064
0.1016 0.10356 0.1052
0.1008 0.10372 0.1056
0.102 0.10384 0.1056
0.102 0.10408 0.1064
0.1024 0.10368 0.1056
0.102 0.10388 0.1056
