308.187573049 552.946528243 777.614953159
373.44173946 580.482938542 868.765674949
390.456359041 499.169162903 669.109910177
383.351028304 529.391362097 778.794818059
408.965389115 539.599279723 701.131246132
417.676190139 599.645629022 900.206668312
463.582417108 556.399301693 677.843821688
417.554398038 543.772318543 715.797929183
500.008928978 571.725984555 688.563562333
471.84034725 556.164772821 706.561479976
254.158991088 560.323011163 720.611229748
305.941264364 491.426693598 604.303916748
362.131374729 517.440330945 722.927961253
493.497997356 557.685481365 683.268817894
360.689162341 591.711332766 818.282696093
349.272248876 507.043559751 688.633185646
367.638769638 530.673111417 645.368794265
494.923784838 560.815491547 723.737110984
392.886858322 537.011332287 637.086341341
452.908509134 545.706272993 644.576830458
315.808339247 497.340855948 710.923203903
488.521442804 604.070813625 787.814469028
377.422969703 493.085981739 622.208474334
406.68127303 549.108681533 721.520721803
402.198638719 522.599995477 738.730865279
327.122536023 527.324395294 687.798025014
427.64964634 558.02068113 640.084492193
363.1376891 527.895158031 662.987081693
366.117778211 573.128306725 790.142407167
430.223334041 590.626840106 794.790781976
451.150803791 530.196624956 627.756604674
403.53035141 575.375343659 773.121313947
418.329362107 577.578942503 760.82417109
231.599417155 523.505664571 692.509657637
439.164312393 543.308533654 613.495867146
398.254766007 538.423457202 799.770153227
470.6919741 576.767987825 698.48593233
430.714435868 533.11104335 627.848903719
329.836624227 554.264679302 719.538438076
477.915870013 603.161756954 798.955345818
432.920706872 571.654663024 737.351901832
