0.07672 0.07914 0.08064
0.07748 0.079224 0.08204
0.07536 0.07814 0.08084
0.07592 0.07966 0.08204
0.07652 0.079056 0.08252
0.07708 0.07932 0.08128
0.07724 0.079368 0.08064
0.07776 0.078784 0.08032
0.07724 0.078976 0.08028
0.07752 0.079084 0.08108
0.07732 0.079864 0.08192
0.0778 0.079916 0.08196
0.07736 0.078876 0.08052
0.0772 0.079184 0.0806
0.07808 0.0795 0.08092
0.0774 0.07936 0.081
0.0788 0.079928 0.0824
0.07688 0.079628 0.08128
0.07776 0.0794 0.08128
0.07832 0.079684 0.0808
0.0766 0.079888 0.08168
0.07848 0.079836 0.08268
0.0776 0.079624 0.0824
0.07728 0.079376 0.08076
0.07756 0.07948 0.08168
0.0762 0.079636 0.08136
0.077 0.07918 0.0806
0.07756 0.07938 0.08112
0.07752 0.07904 0.08196
0.07728 0.079328 0.08076
0.07684 0.078852 0.0806
0.07676 0.078908 0.08024
0.0784 0.07926 0.0814
0.07744 0.079764 0.08172
0.0772 0.079168 0.08064
0.07944 0.08034 0.08116
0.07796 0.078884 0.08008
0.07788 0.079168 0.08124
0.07784 0.07956 0.08196
0.07764 0.079612 0.08064
0.07708 0.07956 0.08132
0.07776 0.079188 0.08204
0.07884 0.080072 0.08136
0.07784 0.079344 0.08064
0.07716 0.078536 0.08032
0.07776 0.07884 0.08076
0.07664 0.079024 0.08136
0.07684 0.079868 0.08316
0.07804 0.079388 0.08176
0.07744 0.079372 0.0812
0.07848 0.07978 0.08136
0.07776 0.079516 0.0812
0.07848 0.079632 0.0818
0.07696 0.079552 0.08188
0.0784 0.080712 0.0824
0.07864 0.080092 0.0822
0.07744 0.080192 0.08128
0.07744 0.079156 0.08132
0.07632 0.079356 0.08124
0.0786 0.080164 0.08192
0.07828 0.079604 0.08084
0.07776 0.079236 0.08116
0.07684 0.078976 0.08068
0.07832 0.079132 0.0808
0.07692 0.079104 0.0814
0.07748 0.079132 0.08176
0.07776 0.079248 0.08112
0.07764 0.078756 0.08076
0.07712 0.078908 0.08056
0.07704 0.079444 0.08256
0.07832 0.080072 0.0818
0.07872 0.079632 0.08132
0.07728 0.079496 0.08124
0.07836 0.079144 0.08168
0.07912 0.079652 0.08136
0.0762 0.079308 0.08192
0.07792 0.07932 0.08108
0.07812 0.079584 0.08044
0.07772 0.079568 0.08092
0.07764 0.079288 0.08092
0.07816 0.079088 0.08048
0.07784 0.079016 0.07988
0.07664 0.079108 0.08056
0.07792 0.079024 0.0804
0.07724 0.078832 0.07972
0.07672 0.078412 0.08052
0.07656 0.078508 0.08032
0.0778 0.079252 0.0812
0.07828 0.079488 0.08072
0.07612 0.07912 0.08128
0.07748 0.079512 0.08084
0.07744 0.07952 0.081
0.07812 0.079512 0.08108
0.07752 0.079308 0.08068
0.0762 0.079236 0.08124
0.07824 0.079664 0.08136
0.07664 0.079272 0.08128
0.07704 0.07982 0.08176
0.07816 0.079672 0.0816
0.07776 0.079492 0.08128
0.07776 0.07948 0.08068
0.07776 0.079456 0.08216
0.07764 0.079224 0.08072
0.07728 0.079584 0.08108
0.07788 0.07936 0.08024
0.0776 0.079264 0.08052
0.07756 0.079124 0.08144
0.07768 0.079976 0.082
0.07744 0.07924 0.08128
0.07752 0.07926 0.08112
0.0786 0.079844 0.08124
0.07732 0.078996 0.08144
0.07788 0.079132 0.08088
0.07768 0.079436 0.08068
0.07716 0.079208 0.08124
0.07748 0.07962 0.08136
0.07812 0.079428 0.08052
0.07604 0.078764 0.08128
0.07628 0.078864 0.08212
0.07764 0.078852 0.08072
0.07852 0.079464 0.08048
0.07804 0.079016 0.08168
0.078 0.079296 0.08068
0.07696 0.07942 0.08088
0.07764 0.07866 0.07964
0.07796 0.079508 0.08076
0.07676 0.078676 0.08052
0.07776 0.079692 0.0814
0.07848 0.079424 0.0804
0.07676 0.078956 0.08236
0.0788 0.079664 0.08088
0.078 0.079504 0.08036
0.07752 0.07918 0.08076
0.07804 0.079124 0.07988
0.07812 0.078872 0.0798
0.0774 0.078684 0.08036
0.07796 0.079304 0.08132
0.07788 0.079012 0.08008
0.07872 0.079936 0.08172
0.07688 0.079504 0.08216
0.07676 0.078788 0.08052
0.07748 0.079336 0.08096
0.07876 0.079648 0.08204
0.07724 0.0791 0.0808
0.0774 0.0792 0.08068
0.07776 0.0793 0.08056
0.07764 0.078896 0.0802
0.07832 0.079436 0.08108
0.0778 0.079268 0.0804
0.07772 0.07862 0.07972
0.07704 0.078396 0.07996
0.07788 0.0792 0.08128
0.07744 0.078892 0.08028
0.07736 0.079104 0.08036
0.078 0.079048 0.08064
0.07628 0.078816 0.08028
0.07696 0.078716 0.08148
0.07744 0.078656 0.08124
0.07676 0.078548 0.08012
0.07692 0.07892 0.0804
0.07768 0.07934 0.08124
0.07748 0.07908 0.08148
0.07804 0.07956 0.081
0.07664 0.078416 0.08188
0.07812 0.079412 0.08104
0.07812 0.079308 0.08064
0.07732 0.078856 0.08168
0.07744 0.078664 0.08088
0.07684 0.078632 0.08036
0.07736 0.078904 0.08084
0.07676 0.078584 0.07948
0.07736 0.078964 0.0802
0.07728 0.07936 0.08184
0.07688 0.07838 0.0796
0.07632 0.078956 0.08036
0.07736 0.078436 0.07968
0.07748 0.078876 0.08176
0.07532 0.078036 0.0804
0.07628 0.078008 0.07972
0.07592 0.078588 0.0802
0.0768 0.07794 0.07976
0.07648 0.078488 0.0822
0.07636 0.078676 0.08208
0.07756 0.078948 0.07984
0.07736 0.078812 0.07976
0.077 0.078736 0.08036
0.07844 0.079296 0.0804
