-204.116875281 225.750433093 434.10699242
97.6654739618 230.080427805 481.625315286
47.5647134321 226.159904282 407.282995384
251.659653636 326.062932859 429.057582481
267.968001694 386.556980433 540.194292857
43.4747575175 317.44754828 477.132741997
281.011161602 406.340456289 565.220420038
239.098137135 365.227258966 679.347749156
236.845537991 374.870625591 567.985687454
147.067709631 368.962192219 546.174904932
269.195323698 427.612618353 630.429030392
240.409990245 384.535288077 515.115188232
245.914884795 403.687192379 578.46793912
214.763462476 374.220272467 491.741871729
-2805.99407654 -2541.75563213 -2231.92544687
-2718.31447305 -2558.68956964 -2451.36365652
-2648.37733593 -2515.41133352 -2414.33406581
-2673.33456691 -2472.46799033 -2227.14768795
-2564.99688865 -2393.41646069 -2239.60796955
-2613.7907059 -2424.72561329 -2156.59635431
-2613.8112412 -2424.08268271 -2341.36823069
-2505.33878726 -2415.52606038 -2227.42017554
-2550.62136918 -2423.02092555 -2168.78279686
-2550.59731925 -2417.03120083 -2198.94562672
-2550.08578113 -2363.3346364 -2199.85649296
-2584.29661902 -2453.11219051 -2372.25204434
-2550.65506929 -2448.38002947 -2333.18709134
-2451.19398667 -2356.93810872 -2213.52153506
-2530.81790381 -2425.77350686 -2246.85366774
-2499.688774 -2339.97375616 -2086.18612363
-2574.94142852 -2378.53423101 -2080.22456695
-2472.37344905 -2399.06474645 -2347.97760941
-2492.46125228 -2364.83964849 -2096.07771648
-2531.2478859 -2360.34936872 -2141.89687751
-2524.34901088 -2418.01081642 -2192.49593002
-2495.8752339 -2373.74980424 -2239.98648286
-2454.91584808 -2329.95589021 -2126.3035237
-2447.33114937 -2355.02686147 -2192.55195896
-2475.85570927 -2374.19528153 -2198.1530885
-2510.5950408 -2395.04572714 -2269.86210566
-2486.55439834 -2417.81319794 -2329.65640897
-2448.86558864 -2389.59415764 -2191.05379434
-2540.16072693 -2396.07636923 -2226.94986052
-2560.29549725 -2425.16399805 -2207.37407598
-2572.50251701 -2346.46072445 -2100.61538509
-2500.43165968 -2356.22832463 -2219.1881275
-2506.98351268 -2362.01537359 -2121.73113586
-2499.72580429 -2355.31228275 -2142.88454955
-2516.02888166 -2301.54397042 -2188.66403435
-2560.81055369 -2392.48218931 -2177.58009217
-2549.68410976 -2377.22358797 -2143.50154068
-2489.15812687 -2384.90724363 -2157.17425645
-2477.86987865 -2380.05988119 -2245.1044414
-2515.33439858 -2401.2208708 -2192.32244636
-2446.89520612 -2372.14136198 -2242.00954164
-2522.94281874 -2396.74593737 -2328.89022333
-2571.8699179 -2409.03489654 -2198.5110387
-2518.76997383 -2394.85893225 -2290.41506439
-2476.25475372 -2364.06106298 -2197.70455503
-2509.85450833 -2387.32815931 -2246.29237614
-2531.74499787 -2370.32356035 -2196.13273732
-2583.10486201 -2464.61199174 -2335.11138057
-2566.58602081 -2406.32357886 -2249.36971478
-2471.90443791 -2379.03195267 -2261.48968051
-2640.68855234 -2387.69719835 -2276.37504949
-2468.12229564 -2359.11409617 -2210.64959605
-2511.29677524 -2367.23266342 -2267.0184037
-2502.25455614 -2354.7683393 -2138.49484916
-2540.13134063 -2412.19378759 -2319.43285954
-2532.06959164 -2355.37878193 -2240.59337858
-2493.32356294 -2397.02923446 -2209.40413827
-2512.00061124 -2392.97161379 -2187.89941056
-2487.65482124 -2384.29135723 -2290.75488202
-2495.13588879 -2348.60352381 -2178.82632757
-2529.50911734 -2366.97793924 -2100.72019676
-2580.61298371 -2424.97451146 -2304.92127409
-2457.48257792 -2299.02021349 -2068.7774951
-2550.91179216 -2315.55240822 -2082.20519432
-2392.87721256 -2309.48591633 -2046.12416768
-2564.35290992 -2371.71687799 -2167.15793638
-2541.98716481 -2400.63303674 -2228.30578242
-2484.80492465 -2378.26571016 -2195.16471061
-2464.35919828 -2355.50931045 -2238.11182939
-2516.88726803 -2351.18269552 -2260.88261488
-2509.35316293 -2361.13283991 -2246.47749301
-2525.45259248 -2367.89861001 -2157.23008722
-2434.24467706 -2334.65962393 -2256.87045803
-2539.77504986 -2421.33307258 -2337.15851571
-2548.50718649 -2378.14519745 -2052.08979782
-2552.0130422 -2387.53379001 -2266.7281555
-2531.43735346 -2323.84036617 -2017.07476817
-2480.14322404 -2335.42794558 -2185.97767308
-2483.42406717 -2386.56771996 -2318.53600492
-2498.72426471 -2397.18698607 -2276.16531437
-2516.47572396 -2369.60007174 -2128.46838938
-2407.80284918 -2305.00960426 -2123.77822817
-2439.49230229 -2335.62128779 -2195.16196921
-2437.60076087 -2297.19627981 -2188.31570306
-2520.70735684 -2375.64774559 -2184.6029809
-2525.1849878 -2299.35851884 -2101.52465969
-2436.35265936 -2361.27201783 -2260.65036842
-2478.88493418 -2313.70082776 -2103.29228053
-2449.5847258 -2337.81847389 -2162.98545455
-2403.04657241 -2290.35490481 -2132.55303753
-2416.05723334 -2334.07543465 -2279.26035372
-2513.53089577 -2346.26322626 -2249.87994676
-2578.82306616 -2362.72722382 -2171.35907257
-2491.49092407 -2323.31714825 -2200.14076285
-2524.80572839 -2373.05957304 -2239.12581449
-2537.13152948 -2380.60486384 -2249.02167047
-2456.54859103 -2372.44746817 -2198.87097588
-2508.16053578 -2351.90403994 -2177.96324552
-2519.07383175 -2358.72566588 -2154.96336937
-2413.48675918 -2297.77921349 -2018.69817843
-2564.84544073 -2371.44106231 -2223.57149391
-2395.42855051 -2342.61388967 -2270.10356775
-2482.52140866 -2337.31051603 -2239.22630401
-2431.92190188 -2258.20119469 -1999.61856887
-2584.29274441 -2362.77056867 -2161.22817389
-2511.36207826 -2363.47380747 -2178.64538926
-2558.30349733 -2275.61442515 -2119.25007208
-2432.46298158 -2322.63942211 -2187.00802983
-2435.83320726 -2360.84895806 -2286.26762028
-2496.2130287 -2328.03197782 -2222.73832083
-2401.86788997 -2287.79019065 -2218.2354263
-2455.50452606 -2317.02727982 -2158.57130458
-2451.4047924 -2286.31207947 -2047.05197756
-2442.69258863 -2320.54383518 -2135.26841776
-2436.13421104 -2319.74427972 -2180.17569149
-2421.26696367 -2288.30324404 -2178.25134143
-2480.33938175 -2337.21050186 -2128.1843489
-2520.39014185 -2333.01151848 -2151.46296752
-2472.23000872 -2299.40714699 -2007.44594183
-2465.26233098 -2303.8221617 -2160.12836309
-2484.3870164 -2335.35171444 -2225.55721855
-2496.64429403 -2314.12507016 -2199.28101075
-2497.33307805 -2327.47300346 -2215.98729462
-2482.42421911 -2324.54523216 -2147.6228093
-2395.44770006 -2318.27064306 -2242.17325122
-2453.14458173 -2339.07892631 -2243.86624117
-2400.43088267 -2288.30951119 -2183.03329145
-2480.29017318 -2331.26111444 -2127.2718488
-2419.5663363 -2291.7563255 -2122.55742488
-2462.57186956 -2331.72150564 -2187.41842911
-2444.46895416 -2275.62384984 -2120.23435364
