-1787.18520399 -1603.78285294 -1420.58495342
-1749.88679315 -1632.62657531 -1529.50136985
-1736.38644585 -1584.47726487 -1408.48807197
-1564.83833869 -1458.13863923 -1413.62170007
-1798.77727685 -1491.3511046 -1364.66663021
-1568.37830464 -1458.40457846 -1325.1192077
-1511.46876453 -1408.7279594 -1351.79172186
-1616.54470579 -1439.2770573 -1264.63767499
-1533.93394122 -1407.21684478 -1200.32724203
-1398.45745919 -1326.17777798 -1247.31531751
-1564.08270625 -1407.32852603 -1284.23644039
-1506.62381129 -1380.56518091 -1261.32865558
-1426.44457802 -1318.58257475 -1279.62368465
-1473.93002296 -1338.72299153 -1233.91987724
-1481.18234318 -1363.64067472 -1284.39796222
-1380.69287736 -1280.86673987 -1124.12056932
-1336.61250103 -1256.00520373 -1053.43656941
-1403.10293594 -1282.79040935 -1147.13955473
-1373.80840194 -1125.56584317 -946.221324344
-1359.13151401 -1194.9007156 -999.613379886
-1434.1751298 -1235.11261493 -966.288531689
-1253.27999143 -1068.19841295 -870.874450154
-1296.01979798 -1143.21385043 -1024.37496499
-1350.79133885 -1133.48716323 -1020.5793554
-1224.73814888 -1030.14877022 -816.698028562
-1234.50676054 -1141.37910859 -978.432023115
-1254.74954061 -1175.8868572 -1054.40638101
-1485.83052161 -1058.72537734 -879.070655534
-1441.10961132 -1015.15873793 -799.663532804
-1157.16325545 -914.962184754 -721.987528334
-1101.0146429 -967.160118837 -629.16612452
-1135.18574738 -927.49977965 -693.24155626
-1170.91326948 -995.693021937 -876.466348224
-1063.41041976 -936.802510393 -798.456115092
-2108.35075232 -1163.8137515 -759.048630085
-1003.60252783 -837.089138481 -699.080018656
-998.420565448 -823.747673524 -540.802249244
-1028.33388495 -846.827856304 -634.20262047
-1047.18050994 -887.362767254 -649.078859731
-982.453979715 -723.077087789 -444.428544568
-989.243429185 -831.611784722 -674.520361574
-1047.63860447 -803.14471195 -669.226746569
-1665.05018578 -786.242946567 -410.956468874
-970.88475658 -757.904782425 -555.037396961
-1007.55177167 -753.318498363 -426.361563339
-2063.68274638 -829.53486041 -510.574894648
-713.267031671 -570.245054881 -395.893979264
