-10185.7794867 -9297.00774588 -8313.49858858
-10022.1378735 -9198.99584371 -5783.42007698
-9785.77477765 -8744.21555953 -7602.47641257
-9946.14670538 -8470.89112013 -1799.38153406
-10143.0524771 -8645.35264306 -1815.21498169
-10020.9971054 -7775.46177937 -1776.67033277
-10028.2503033 -6388.46516478 -672.404828985
-9761.5099281 -8233.93475845 -1964.98265009
-10013.2873782 -7067.85381433 -1818.46126387
-9905.52021122 -3680.58508172 56.1085484925
-10106.9577678 -5605.75801488 -1732.47289047
-9825.20178862 -7247.12506945 -1680.12367261
-9647.91796477 -2637.65294847 182.022633455
-9062.90396424 -2541.54375986 227.319381353
-9904.41985603 -4394.3698598 6.44941016861
-9111.62402144 -1738.18213144 291.890329815
-8535.33242078 -1333.362949 392.869534583
-2127.62594345 -714.222450097 48.5959955917
-8426.70344836 -1210.79075858 304.080447785
-1743.16660366 -494.469230452 384.145360996
-9001.32037463 -1133.54240166 240.963982269
-9185.43919233 -2069.36442172 404.073842824
-8585.19100602 -1559.86349119 -99.1561989756
-4968.01497995 -660.750003102 396.013950218
-1806.79268205 -301.490645681 285.920891208
-742.634295207 -234.159424455 399.284212214
-1817.51224554 -354.681850208 509.718349997
-5327.38551537 -1327.26625902 -167.276840593
-1474.31038085 -258.685322889 477.259282407
-9727.87157399 -2068.36118298 326.428273488
-8561.79089712 -2401.46113561 271.255336216
-9001.06481277 -1295.71334045 524.896852493
-5613.23104312 -1449.05861378 736.041465484
-361.520845935 -34.181642503 197.203837538
-3330.90206256 -590.601362089 649.512647704
-1774.09932478 -459.19301638 302.71482251
-1711.27945476 -422.959425808 345.095651025
-1797.90898993 -574.239367906 296.287982286
-1050.68799326 -114.197719139 433.650927021
-1721.46762561 -249.035425054 245.93445145
-1795.01389156 -596.887477148 138.885486392
-1771.00966925 -619.964797145 211.241238354
-624.691395605 4.48748874926 696.051153431
-1751.83213397 -535.690785551 476.376781996
-1366.48579189 -300.463236254 475.43265001
-1806.73669159 -695.366349126 379.595969839
-1744.08874492 -477.480844213 305.084559994
-1731.13054598 -236.745247907 338.984000915
-1771.80874302 -710.769499749 -86.1276691092
-515.011709823 -225.438588342 397.257920133
-1561.79645453 -396.752880356 503.09558536
