0.6 0.6 0.6
0.56672 0.595404 0.6
0.59864 0.599864 0.6
0.32992 0.572992 0.6
0.41756 0.581756 0.6
0.30916 0.543756 0.6
0.40912 0.545172 0.6
0.44472 0.584472 0.6
0.39252 0.541308 0.6
0.2366 0.402676 0.6
0.22508 0.48886 0.6
0.28324 0.53802 0.6
0.17984 0.334148 0.6
0.20468 0.323676 0.6
0.18268 0.454384 0.6
0.16852 0.24828 0.58684
0.18412 0.268768 0.6
0.16968 0.211628 0.27308
0.16844 0.25366 0.59692
0.15204 0.197084 0.2388
0.163 0.250632 0.59264
0.17304 0.26608 0.6
0.15912 0.246472 0.6
0.15632 0.200372 0.38856
0.14036 0.182904 0.26904
0.15816 0.188288 0.24224
0.15344 0.195036 0.26348
0.16208 0.22838 0.41656
0.14812 0.18598 0.26144
0.16216 0.26356 0.58508
0.14624 0.282912 0.6
0.15608 0.236348 0.5754
0.18136 0.256628 0.40592
0.14812 0.171116 0.21016
0.1612 0.216364 0.32648
0.16848 0.202508 0.2576
0.1448 0.178092 0.2118
0.13884 0.176344 0.2292
0.14612 0.163956 0.18356
0.14544 0.158956 0.18192
0.15536 0.19718 0.30576
0.16032 0.184312 0.2424
0.1366 0.15732 0.17456
0.15204 0.177044 0.22324
0.15188 0.174352 0.2518
0.1522 0.192868 0.31044
0.1498 0.171676 0.19884
0.14536 0.164756 0.17972
0.15696 0.18326 0.22896
0.15524 0.1651 0.1974
0.1444 0.169688 0.20516
0.20056 0.20634 0.21432
0.19688 0.204472 0.2088
0.19956 0.205124 0.21648
0.19784 0.205148 0.21144
0.2016 0.206916 0.21656
0.19896 0.205432 0.21612
0.20008 0.207584 0.2146
0.19852 0.206676 0.21404
0.201 0.206152 0.21436
0.20004 0.205188 0.21244
0.19808 0.203964 0.21016
0.19644 0.204216 0.21088
0.19508 0.20226 0.20988
0.19572 0.201968 0.20748
0.19628 0.204116 0.20884
0.20044 0.20416 0.2072
0.20004 0.204236 0.20812
0.19876 0.205264 0.21048
0.19748 0.204704 0.21388
0.19408 0.202804 0.20952
0.19508 0.203784 0.21396
0.1972 0.2025 0.20924
0.1976 0.202972 0.20872
0.19608 0.205756 0.21264
0.1952 0.205532 0.21328
0.19964 0.206788 0.21612
0.20232 0.206044 0.2114
0.19936 0.205504 0.21108
0.19932 0.20596 0.21244
0.20184 0.206404 0.21108
0.20032 0.2064 0.21348
0.19628 0.204224 0.21092
0.19668 0.202956 0.21168
0.19644 0.205024 0.2118
0.19848 0.202336 0.20904
0.19912 0.203632 0.20748
0.1958 0.20256 0.21236
0.20064 0.202764 0.20672
0.19812 0.203816 0.2134
0.19568 0.201196 0.21256
0.19868 0.202372 0.20532
0.19408 0.201628 0.20788
0.19672 0.200148 0.20416
0.19896 0.202824 0.20956
0.19524 0.200028 0.20692
0.19504 0.202172 0.2074
0.19916 0.201936 0.20476
0.19412 0.200128 0.2032
0.19864 0.202776 0.21064
0.19828 0.20406 0.21
0.19708 0.20226 0.206
0.19592 0.202136 0.20616
0.20264 0.207156 0.21308
0.1972 0.204544 0.21092
0.20136 0.206404 0.21408
0.1974 0.203264 0.20972
0.20044 0.205436 0.20788
0.19564 0.204596 0.21272
0.20292 0.20692 0.21388
0.19796 0.206072 0.21032
0.20052 0.204764 0.21344
0.19888 0.2037 0.21004
0.19696 0.20292 0.2086
0.19928 0.204772 0.21132
0.19812 0.205532 0.21144
0.20216 0.205648 0.20776
0.19764 0.204 0.20992
0.19672 0.202908 0.21024
0.19832 0.203772 0.20868
0.19572 0.204828 0.21372
0.1982 0.204196 0.20896
0.1998 0.206632 0.2114
0.195 0.205492 0.20988
0.19656 0.206424 0.21212
0.19972 0.206496 0.21332
0.19892 0.208792 0.21572
0.20356 0.209572 0.21812
0.20172 0.207548 0.21256
0.20188 0.20824 0.21412
0.20568 0.211384 0.21588
0.20576 0.211612 0.21932
0.20472 0.211544 0.22024
0.2068 0.211268 0.21812
0.2084 0.213088 0.21616
0.19824 0.210608 0.21844
0.2022 0.2136 0.2194
0.20828 0.215176 0.22136
0.2078 0.2135 0.21704
0.20712 0.214172 0.2226
0.20732 0.21418 0.22432
0.20576 0.212592 0.22188
0.2066 0.215876 0.22592
0.20884 0.215736 0.219
0.205 0.211516 0.21608
0.21144 0.21716 0.22016
0.20944 0.215832 0.22752
0.20852 0.21754 0.22728
0.209 0.215588 0.22016
0.20496 0.213832 0.22124
0.20792 0.214636 0.22296
0.20752 0.213556 0.22304
0.21172 0.2174 0.22536
0.20796 0.21436 0.21832
0.21 0.218188 0.22668
0.2086 0.21758 0.22548
0.21284 0.21798 0.22432
0.20964 0.215928 0.2274
0.2092 0.217144 0.22192
0.20868 0.21562 0.2222
0.20648 0.216316 0.22388
0.21204 0.217932 0.22492
0.20796 0.21802 0.23324
0.21524 0.221028 0.22936
0.21356 0.221072 0.22728
0.21104 0.218416 0.22712
0.2174 0.22384 0.23044
0.2136 0.22242 0.23068
0.218 0.223168 0.22808
0.212 0.221996 0.2336
0.21164 0.224076 0.23268
0.21748 0.224068 0.22776
0.21764 0.22472 0.2334
0.22196 0.227184 0.23448
0.21696 0.225632 0.23432
0.22292 0.22874 0.23456
0.2202 0.228384 0.2398
0.22216 0.228344 0.24112
0.21416 0.228056 0.23724
0.21648 0.226356 0.23532
0.217 0.226672 0.23296
0.21964 0.230072 0.23916
0.2184 0.228188 0.2348
0.21632 0.228308 0.24188
0.21908 0.228856 0.23888
0.22292 0.230724 0.2396
0.22228 0.230336 0.24232
0.22212 0.230328 0.2396
0.22192 0.232284 0.23916
0.21224 0.230232 0.24164
0.22128 0.236492 0.25188
0.22552 0.233976 0.2402
0.22404 0.23376 0.25076
0.2182 0.234536 0.24388
0.22448 0.239968 0.25432
0.22684 0.235032 0.24388
0.22216 0.2319 0.2416
0.22888 0.236412 0.24248
0.22356 0.23474 0.24488
0.22832 0.238008 0.251
0.22028 0.23532 0.25172
0.221 0.233556 0.2432
0.22396 0.233608 0.24856
0.23252 0.238904 0.2452
0.22896 0.234608 0.2452
0.2262 0.235372 0.24656
0.2248 0.240676 0.25224
0.22656 0.237432 0.25332
