0.6 0.6 0.6
0.6 0.6 0.6
0.49652 0.589176 0.6
0.6 0.6 0.6
0.53148 0.592268 0.6
0.53576 0.591964 0.6
0.54296 0.587772 0.6
0.45144 0.570376 0.6
0.49336 0.574024 0.6
0.4254 0.517268 0.59748
0.46516 0.546332 0.6
0.42516 0.544336 0.6
0.37028 0.561308 0.6
0.40944 0.545168 0.6
0.35192 0.536004 0.6
0.38292 0.486076 0.6
0.367 0.535928 0.6
0.35312 0.482908 0.6
0.4026 0.494292 0.6
0.393 0.523248 0.6
0.39592 0.52306 0.6
0.34244 0.502988 0.6
0.36512 0.458028 0.6
0.37232 0.471476 0.6
0.35024 0.406136 0.57556
0.32172 0.387348 0.42128
0.30828 0.456948 0.6
0.31148 0.427248 0.59888
0.2644 0.371916 0.59688
0.28412 0.418424 0.55468
0.29008 0.375108 0.6
0.30876 0.357656 0.45216
0.26588 0.340052 0.46728
0.2892 0.35828 0.53812
0.29772 0.359536 0.46496
0.30684 0.369812 0.6
0.24996 0.356136 0.6
0.29376 0.357196 0.43172
0.28852 0.390216 0.6
0.34516 0.40402 0.53512
0.3096 0.35652 0.54164
0.27492 0.412432 0.6
0.27004 0.36098 0.57628
0.2796 0.386056 0.6
0.27644 0.351212 0.57044
0.27144 0.3734 0.6
0.29652 0.35094 0.512
0.30072 0.390372 0.547
0.27692 0.325644 0.445
0.28588 0.372092 0.53288
0.25628 0.312104 0.37536
0.27592 0.386784 0.6
0.2646 0.35048 0.50904
0.2992 0.310876 0.3246
0.30024 0.312076 0.32468
0.29984 0.317644 0.33912
0.30108 0.308964 0.32128
0.293 0.311732 0.32668
0.28828 0.31072 0.32024
0.30588 0.319564 0.349
0.29224 0.311696 0.326
0.29784 0.315992 0.33516
0.30196 0.31964 0.33548
0.30104 0.32 0.33468
0.31032 0.323052 0.35048
0.30212 0.315856 0.33832
0.29504 0.313088 0.33084
0.29736 0.318884 0.34152
0.29908 0.306332 0.31572
0.30432 0.316868 0.33776
0.29584 0.307416 0.31768
0.29744 0.313944 0.33032
0.29696 0.31006 0.322
0.30028 0.313308 0.33456
0.2954 0.314352 0.33092
0.29752 0.310232 0.31936
0.29864 0.315828 0.333
0.30264 0.313056 0.3222
0.29892 0.316068 0.32844
0.285 0.315868 0.33856
0.28952 0.313132 0.33848
0.30452 0.318412 0.33288
0.27984 0.309256 0.33208
0.29772 0.308496 0.32704
0.29592 0.307572 0.32128
0.29276 0.303044 0.31216
0.2886 0.307704 0.32464
0.30104 0.308288 0.31692
0.2944 0.309164 0.31944
0.29756 0.30964 0.33192
0.28952 0.30754 0.3234
0.303 0.313292 0.33504
0.30156 0.312436 0.3188
0.29908 0.314396 0.32616
0.2934 0.309352 0.32468
0.29436 0.313408 0.3354
0.29348 0.308756 0.32116
0.3016 0.31346 0.33328
0.29648 0.308604 0.3294
0.29712 0.307856 0.32036
0.29404 0.3074 0.31768
0.3022 0.310924 0.32692
0.2958 0.310296 0.32228
0.2876 0.303224 0.31516
0.29572 0.305584 0.32844
0.29764 0.310412 0.31968
0.295 0.308924 0.32724
0.29992 0.308252 0.32104
0.29648 0.310328 0.32952
