-0.029149395657
-0.0593333704241
-0.0924407143119
-0.121915532987
-0.13531024522
-0.188467958247
-0.220349323654
-0.256506792051
-0.302918074302
-0.343737926526
-0.367966802838
-0.342067189019
-0.257962506875
-0.280502060087
-0.215214030219
-0.141770002962
-0.122937438246
-0.0812602229521
-0.0694861539024
-0.0910883453638
-0.109983418357
-0.133427632379
-0.145249844174
-0.143533281414
-0.128810784048
-0.128793291979
-0.1177213736
-0.081573313317
-0.0499218303833
-0.0430376490757
-0.0384757160999
-0.0355861331879
-0.0343165847923
-0.0344666402715
-0.0337593994474
-0.0334365858295
-0.0331947836162
-0.0329121872013
-0.0327901125912
-0.0330568942063
-0.0328464526139
-0.0322538283364
-0.0319973124261
-0.031670910576
-0.0314850409245
-0.027377717678
-0.0313643926268
-0.0311056970996
-0.0309051962141
-0.0309366103464
-0.0299375745069
-0.0299642701933
-0.0295719871867
-0.0274240204743
-0.0275748542861
-0.0302737423294
-0.0277638930332
-0.027497335635
-0.027697751436
-0.0284071144174
-0.0277517002529
-0.0281466180305
-0.0284722223572
-0.0284750330865
-0.0289406249118
-0.0285344051466
-0.0260074693468
0.0163159113744
0.301279232151
0.281974133247
0.29713352985
-0.0305145645504
-0.0308124703364
-0.0302056949168
0.541262048789
0.560473238584
0.557951636944
0.558279098632
0.558866304964
0.557569040845
0.55878863482
0.559288178062
0.557747801383
0.557907612191
0.557647552674
0.557321694772
0.55718825678
0.557260366431
0.557102263614
0.55698697208
0.556959966739
0.556853523723
0.556823812225
0.556758560066
0.556825814848
0.556899108904
0.55682911345
0.556806505042
0.55704827728
0.556979553136
0.556965122743
0.55703524332
0.556930539029
0.556903758186
0.556760967836
0.55671879647
0.556771723091
0.556764587745
0.55677023166
0.556675283197
0.556577397937
0.556641494107
0.556557504306
0.556531263076
0.556542843169
0.556541544577
0.556566971059
0.556521521307
0.556606837558
0.556558089262
0.556576591133
0.556506451859
0.556473562192
0.556548757997
0.556549588369
0.556356243293
0.556451589233
0.556397427303
0.55645058169
0.55644935153
0.556536400288
0.556301009161
0.55640652757
0.55630459601
0.556371171444
0.556424454305
0.556397240377
0.556435210482
0.5564372875
0.55637854948
0.556420931175
0.55642052557
0.556255018627
0.556292201339
0.556267183799
0.556407872381
0.556223591627
0.556361368731
0.556312130155
0.556337554241
0.556330545977
0.556102385958
0.556113628613
0.555978456885
0.556306314276
0.556248299086
0.555426577692
0.555874398584
0.556158095825
0.556169675643
0.556199086557
0.556338861902
0.556224044453
0.556177157857
0.556271055042
0.554847627729
0.556082338905
0.556228779302
0.555737903663
0.556265323095
0.556126673581
0.556248527529
0.556234338837
0.556260844303
0.494374271854
0.313248021881
-0.0981178843552
-0.0883466922918
0.359193254138
0.555055235139
0.559765199041
0.564943670665
0.556165825064
0.555471750138
0.561792491545
0.55620668513
0.555989930208
0.55663490244
0.557083653194
0.556371832459
0.556229801408
0.556460951265
0.556534949506
0.556597049501
0.556558028572
0.556727272223
0.556717952284
0.55665187628
0.556572255251
0.556760909824
0.556598304103
0.302563123808
0.254145833414
-0.0779399757313
0.312295642217
0.297384938401
0.556255732285
0.555883597979
0.555834715652
0.560766461757
0.558138158992
0.55604083561
0.556006549079
0.556672737191
0.556276813176
0.55628951627
0.556425410237
0.521427639405
-0.0841696178813
-0.0950054610894
-0.0950312690873
-0.0992953948175
-0.102322861154
-0.0928268642189
-0.0946685125944
-0.0949382145956
-0.0937526572975
-0.091001716251
-0.0776031140809
-0.0596114299
-0.0826568962827
0.0589376685923
-0.244128246277
0.081901489305
0.338917780075
0.306153752235
0.490769452375
0.14062300045
0.072133978527
0.159341502622
0.0835932105424
0.119042494486
0.111366393157
0.112326430634
0.0950647518627
0.171721806295
-0.09484307429
-0.0961664063828
-0.0995199016262
-0.0818216693715
-0.0990267467446
-0.0973896109134
-0.0928149844911
-0.0955185229649
-0.0949612539089
-0.0864254233287
-0.0887096622296
-0.0940954216072
-0.0915796375479
-0.0851146544151
0.274567687681
0.567391640298
0.564574984777
0.560635464391
0.564171469886
0.561865074711
0.562211846605
0.164083369191
-0.0903621767948
-0.0975379995374
0.158806274679
0.0587835092352
-0.238164620248
-0.22675127752
-0.235626826514
0.0669035227775
0.144273089796
0.106788889551
0.0581810160902
0.0737461411036
0.11046885205
0.0820098278517
-0.240456414749
-0.242999039371
-0.227265787717
-0.212238900518
-0.222980418819
-0.227773746726
-0.225876470457
-0.234411147591
-0.229154488683
-0.226408518615
-0.221815387715
-0.245600620798
-0.250731311192
-0.250087411244
-0.247741631298
-0.24780070469
-0.2500058495
-0.239329734402
-0.246667537668
-0.22080776353
-0.210894409831
-0.204184559499
0.0679544146971
-0.211897771991
-0.232862647598
-0.226796105743
-0.234904617635
-0.230356609514
-0.230801199571
-0.23045634298
-0.217615221181
-0.218251994768
-0.232709774301
-0.250060394401
-0.244916555769
-0.242993878788
-0.240791371871
-0.234166254801
-0.229407311205
-0.224912452355
-0.225670746214
-0.227425652453
-0.224441926441
-0.220377902973
-0.219409395497
-0.225894808965
-0.242227442886
-0.235826494763
-0.233310307079
-0.231676753736
-0.234706062774
-0.214353724998
-0.215847471242
-0.241839482933
-0.239104764645
-0.235503393024
-0.227538698071
-0.244674923151
-0.244412097052
-0.226253117692
-0.241370778866
-0.229488053159
-0.24204819886
-0.213605290363
-0.2323777864
-0.225291267416
-0.224156045591
-0.224460827817
-0.219664362457
-0.2259561905
-0.226561181618
-0.211648682539
-0.218008177775
-0.230508983796
-0.23186850694
-0.238411974322
-0.235130747325
-0.236817044298
-0.239813720382
-0.240274167194
-0.244598101867
-0.244836057761
-0.242471464663
-0.237538586284
-0.233168499312
-0.239408778461
-0.241806672548
-0.241571900238
-0.239763682891
-0.236577121407
-0.240443187873
-0.243805415648
-0.245322103424
-0.243082406038
-0.242378461468
-0.239107854346
-0.243188340976
-0.240726910137
-0.241741842226
-0.243694349293
-0.238203463434
-0.240244060353
-0.23930945714
-0.241481152803
-0.241659704097
-0.236041092887
-0.235560037953
-0.237405750999
-0.235129136574
-0.23575622459
-0.235978924456
-0.241563741036
-0.243969827598
-0.243371208089
-0.233704542976
-0.224845997552
-0.212376594132
-0.223704887999
-0.228009853731
-0.2336361561
-0.23772813701
-0.238267810152
-0.235846159037
-0.235149732895
-0.235921902689
-0.230891136509
-0.228567866104
-0.226163733068
-0.232553705917
-0.237228701335
-0.237745613862
-0.236785927997
-0.236855197554
-0.238494800777
-0.237820518115
-0.235193060541
-0.231504480475
-0.233159625555
-0.235775020749
-0.23515176738
-0.229105044715
-0.23073817717
-0.229828812198
-0.231555331063
-0.231161961926
-0.2321786647
-0.234334617995
-0.234695662821
-0.233923199957
-0.237877951046
-0.237503062545
-0.233138291289
-0.232729405613
-0.233542068406
-0.233299462268
-0.23346613479
-0.234460810392
-0.235445699879
-0.235893618604
-0.237351415925
-0.239174460812
-0.237268861263
-0.233753755259
-0.234657708622
-0.230676358967
-0.228701930525
-0.225841469237
-0.228269059453
-0.227723109521
-0.22510550408
-0.231522235944
-0.229676541519
-0.232240282021
-0.231941407772
-0.231697611745
-0.228565921326
-0.230563292345
-0.229193078332
-0.230322308053
-0.233224845765
-0.232047012966
-0.230297417605
-0.232986890301
-0.233938397507
-0.232872138526
-0.233128690929
-0.232969711135
-0.232922443101
-0.233827641115
-0.232664007553
-0.235763496837
-0.2371603203
-0.235246797163
-0.236704808597
-0.237885016189
-0.238144685192
-0.240275446093
-0.240379792484
-0.238667238338
-0.23729884565
-0.236953217934
-0.237123818487
-0.235833099818
-0.235981558311
-0.236523793935
-0.236325306279
-0.234871555378
-0.235244273774
-0.234348221884
-0.23157367666
-0.235504893517
-0.236966050825
-0.235782632502
-0.236099213548
-0.23457253592
-0.235056305494
-0.234024300213
-0.2364012878
-0.23384048148
-0.231010293063
-0.232542820218
-0.235690138216
-0.235092828454
-0.232351302906
-0.233175014099
-0.234872265153
-0.237054831681
-0.234809509607
-0.239003098401
-0.239238300043
-0.240121239116
-0.237462967241
-0.238120320752
-0.236201354704
-0.236665207362
-0.240359660126
-0.240267279484
-0.236755697101
-0.23935246767
-0.238218401986
-0.239836538594
-0.239806641899
-0.240447897328
-0.237530305576
-0.235253034819
-0.234359564336
-0.235404199926
-0.237660403419
-0.236297624237
-0.236501359466
-0.238223460693
-0.238538790076
-0.23733467433
-0.233673468071
-0.23699445222
-0.238809204297
-0.239473356737
-0.235410007496
-0.236116325288
-0.23830595873
-0.237556961208
-0.237011404463
-0.237357666333
-0.235901136073
-0.237992366955
-0.234698352838
-0.237519578988
-0.23350041806
-0.226942972288
-0.232192666013
-0.236520093886
-0.236470186722
-0.238546142959
-0.236664573682
-0.239769395974
-0.239749593797
-0.239463711977
-0.238977119286
-0.238904164729
-0.240233608698
-0.240802213818
-0.241612059361
-0.242294668978
-0.244903020512
-0.242755970896
-0.24167535282
-0.243957617571
-0.244009144159
-0.243321600711
-0.244414315443
-0.244198855146
-0.244295322301
-0.244726759178
-0.244554157699
-0.243930117915
-0.244317886633
-0.245120259857
-0.245778911687
-0.246672017652
-0.246045616795
-0.243612310659
-0.244503554577
-0.244579639377
-0.243705029
-0.242995054352
-0.245483629737
-0.248250122695
-0.247583843224
-0.246962697662
-0.247571818367
-0.248485251758
-0.248362492242
-0.247240489886
-0.248615394751
-0.248293624744
-0.24714169738
-0.247557237894
-0.247805974014
-0.248901180128
-0.249019649183
-0.248937092871
-0.248435912491
-0.249199954038
-0.249252093886
-0.249051796817
-0.249741434714
-0.249870656095
-0.250000213251
-0.249234550631
-0.24979889784
-0.250051070232
-0.250534780031
-0.250669646778
-0.250763602791
-0.250729115856
-0.251375887045
-0.251166770526
-0.251249290835
-0.251068593607
-0.250897476159
-0.250737325546
-0.250797791369
-0.250720042483
-0.251122323849
-0.251330730415
-0.251385417611
-0.250874732058
-0.25084922982
-0.250793197683
-0.250687699947
-0.25083747931
-0.250742807698
-0.250676101424
-0.250862922682
-0.250797442066
-0.249758627408
-0.250652877435
-0.250886275733
-0.250076819393
-0.250315668615
-0.250840372954
-0.250769889369
-0.250561766169
-0.25091976176
-0.251084955403
-0.25161330119
-0.251030856431
-0.25050541304
-0.251443299626
-0.251453174917
-0.251363113693
-0.251528868702
-0.251819114292
-0.251770350717
-0.25202828411
-0.251393282484
-0.251606253571
-0.251310782979
-0.251298996728
-0.25146640277
-0.251364377534
-0.250848921896
-0.251091583693
-0.251160001457
-0.250946036638
-0.251566956067
-0.251840466886
-0.251832806592
-0.251659782845
-0.251247196494
-0.250841131162
-0.251574761864
-0.25147975561
-0.251449388198
-0.252065908142
-0.251879747966
-0.252124744779
-0.252407610453
-0.252748087267
-0.252086635583
-0.251412437092
-0.251487537573
-0.251786874961
-0.251657437885
-0.251555329118
-0.252272729333
-0.252669745117
-0.252563567916
-0.252235050641
-0.252500850651
-0.251818336604
-0.251698836573
-0.252258065823
-0.251744334968
-0.251813056154
-0.252682888585
-0.252642164298
-0.252158087404
-0.252099612636
-0.252189354628
-0.251960080006
-0.252002619715
-0.252431899418
-0.252938204394
-0.252907646114
-0.252593200713
-0.252058081471
-0.252396258895
-0.252536846127
-0.252008826604
-0.252367946939
-0.252860385623
-0.252815526665
-0.252892856355
-0.253426696599
-0.24986617568
-0.24973168624
-0.253103413358
-0.249683218643
-0.249725038624
-0.25344043604
-0.253034506088
-0.252848723629
-0.253250061844
-0.249645883818
-0.249983786673
-0.24966980683
-0.249590705965
-0.253374495269
-0.253179243682
-0.252899150166
-0.252916145365
-0.253163873032
-0.253308167937
-0.253019472649
-0.252661415082
-0.252487365961
-0.252394004475
-0.251876698825
-0.252364594926
-0.252609226481
-0.252737031671
-0.252953561377
-0.253150418452
-0.25294090805
-0.25283091695
-0.252674986642
-0.252459398344
-0.252276202776
-0.252193189159
-0.252130040014
-0.252642807479
-0.252714998116
-0.252789224268
-0.252642231155
-0.252680992458
-0.252334146093
-0.252330712062
-0.252198367246
-0.25236126178
-0.252592251141
-0.252557737286
-0.252679064144
-0.252645130464
-0.252322829542
-0.252086508042
-0.251608547357
-0.252280809178
-0.252256498689
-0.251944681421
-0.252300370238
-0.2526255384
-0.252765496438
-0.252482361808
-0.252292855922
-0.252372643551
-0.252393995018
-0.252345492447
-0.25258887797
-0.252082302145
-0.25190948553
-0.25219161192
-0.251977411905
-0.252042229929
-0.251508101988
-0.25122234426
-0.251621799231
-0.251563622153
-0.251761827779
-0.252202248313
-0.252444979788
-0.252182640927
-0.252046204905
-0.251994668253
-0.252315850358
-0.252274439648
-0.252251704762
-0.252558953729
-0.25190010566
-0.252302085998
-0.252444339882
-0.252160425825
-0.251978206331
-0.252123951257
-0.252141998165
-0.251940492197
-0.251644349965
-0.251187306217
-0.251101535786
-0.251307731741
-0.251477303017
-0.251804664219
-0.251875008905
-0.25209038042
-0.252207132241
-0.252024307797
-0.252428509348
-0.252336939927
-0.252534141635
-0.252349265165
-0.252170711881
-0.251985909828
-0.252330314867
-0.252052483162
-0.251902154438
-0.251109835715
-0.251561554431
-0.251889286231
-0.25162290333
-0.251387781551
-0.251707941364
-0.25187343529
-0.252043355924
-0.252083847991
-0.251905717871
-0.251963056293
-0.251742317503
-0.251743543109
-0.251946297299
-0.251871046206
-0.252101373529
-0.252211494714
-0.251960602757
-0.251806766568
-0.252068343914
-0.252513573001
-0.252150300087
-0.252106698551
-0.25222137033
-0.251974616543
-0.252044098995
-0.252007281482
-0.251621454571
-0.251318024711
-0.251084641763
-0.251513410883
-0.251648459583
-0.251510562621
-0.251689442994
-0.251835389469
-0.251813133929
-0.251932610414
-0.251778246804
-0.251668921271
-0.25180644243
-0.25206356496
-0.251918927628
-0.252007529123
-0.25185030273
-0.251396433951
-0.251378810415
-0.251672219536
-0.251857535512
-0.251985118198
-0.251957356246
-0.251928880272
-0.25220784691
-0.252238274418
-0.252139832043
-0.252332571627
-0.252103576329
-0.251948252056
-0.251838511655
-0.251735130636
-0.252046619036
-0.251592405021
-0.252282220095
-0.252291104107
-0.252151396321
-0.252091996975
-0.252119431893
-0.252033949627
-0.252047077034
-0.252150361819
-0.252148433114
-0.2512525078
-0.252101217882
-0.251580590318
-0.252054738486
-0.251785222135
-0.251725501206
-0.251613711066
-0.251708945819
-0.251906457317
-0.251871280846
-0.251909181475
-0.251876565262
-0.251268198101
-0.251320803168
-0.251702186528
-0.251554957864
-0.251390454553
-0.251530558744
-0.251534496786
-0.25124152083
-0.2513070594
-0.251034509461
-0.251240041732
-0.25126556146
-0.251499959604
-0.251701473147
-0.251522167084
-0.251183455568
-0.251449553636
-0.251453535318
-0.251759472303
-0.251627408059
-0.251812467898
-0.25199232482
-0.251687846009
-0.25172503141
-0.251546089705
-0.25135404699
-0.251146978878
-0.251239934375
-0.250713265865
-0.25081473601
-0.251218958879
-0.25071254619
-0.250452282113
-0.250599141972
-0.250762315786
-0.250615855679
-0.250490560484
-0.251047096012
-0.25020669117
-0.250211601056
-0.250413812931
-0.250905011485
-0.251189876413
-0.251277029354
-0.251190932577
-0.250783400301
-0.251287012459
-0.251962820481
-0.251698793208
-0.251328367289
-0.251379080987
-0.250971209841
-0.2508794843
-0.251632004551
-0.251362992802
-0.251184174621
-0.251283332123
-0.251194459354
-0.251356914733
-0.251241827027
-0.251312253872
-0.251349536611
-0.251541315742
-0.251197411909
-0.251150462764
-0.25165532083
-0.25142653926
-0.251592749264
-0.251635163485
-0.251728353329
-0.251856701188
-0.251680776733
-0.252200380339
-0.252332313419
-0.252168122627
-0.252115042122
-0.251743849047
-0.251858636749
-0.251857325865
-0.251888423153
-0.251554833106
-0.251703921989
-0.251557648715
-0.251470332897
-0.250986446056
-0.250465098182
-0.250462267807
-0.251349220015
-0.251249276924
-0.250696861533
-0.251371053456
-0.25114351072
-0.25106100654
-0.250993181671
-0.250969531254
-0.251069290111
-0.250766605965
-0.250897394068
-0.251074293307
-0.250927149106
-0.251290576187
-0.250680569898
-0.250379523954
-0.250193256051
-0.249855995264
-0.250526087546
-0.250293706732
-0.250364312773
-0.250088782146
-0.250570003171
-0.25078913801
-0.250817643481
-0.251001777461
-0.250387502519
-0.250439880201
-0.250427179991
-0.250041441223
-0.249965986265
-0.249934558518
-0.250103071328
-0.250205804196
-0.249773509089
-0.250480198237
-0.250023425504
-0.250203452203
-0.25055142534
-0.250666785616
-0.250740040974
-0.250858973848
-0.250497770113
-0.250040292945
-0.250063689188
-0.250104418025
-0.249929970751
-0.249195749762
-0.24975337381
-0.250170448559
-0.249685047858
-0.249773147415
-0.249411382871
-0.250022335255
-0.249814918931
-0.250177102847
-0.250574129727
-0.250624049165
-0.249483235176
-0.250342950693
-0.250558067827
-0.250749175929
-0.250816448788
-0.251499196971
-0.251004161831
-0.250468143842
-0.250585292625
-0.250585262403
-0.250819688793
-0.250603456761
-0.250711621069
-0.250830993445
-0.250776439042
-0.250105685095
-0.250622529741
-0.250793478885
-0.250591001479
-0.250993877872
-0.251413687082
-0.250586745
-0.25111178208
-0.251358428015
-0.251265002809
-0.251505354658
-0.251289050339
-0.251398209842
-0.25096484494
-0.25083656366
-0.250599969239
-0.25114266056
-0.25154364495
-0.250990938401
-0.250966685631
-0.250980361631
-0.251118248065
-0.25124984728
-0.251287719232
-0.251147738767
-0.251156575194
-0.251031275586
-0.250157827296
-0.250440544969
-0.250027658562
-0.250261308015
-0.250625597027
-0.250485302446
-0.24993558863
-0.249915966471
-0.250528851285
-0.251051736992
-0.249996201496
-0.249736531233
-0.25012094882
-0.24999052624
-0.250087269579
-0.250419618947
-0.249952992866
-0.250242128894
-0.250437442357
-0.250411577094
-0.250172131851
-0.250390418259
-0.25026190875
-0.251235048632
-0.250893514572
-0.250986076184
-0.251341472447
-0.251548474072
-0.251096235334
-0.251417808036
-0.2511079282
-0.251291433668
-0.251299986698
-0.25137947071
-0.251711569227
-0.251491114697
-0.251609920492
-0.251054835138
-0.251241458261
-0.251276192398
-0.251216289317
-0.251328726721
-0.251588441059
-0.251636990732
-0.252040502852
-0.251890488289
-0.252080548979
-0.251722171844
-0.251904219811
-0.251856069164
-0.251866649481
-0.251773252738
-0.251763406631
-0.251891801426
-0.251674864778
-0.25127484339
-0.251420278467
-0.251410590922
-0.251147379053
-0.250364560845
-0.250752082315
-0.250039545386
-0.25029920305
-0.250038881245
-0.250139622941
-0.250212932423
-0.249731938104
-0.250781513805
-0.250875818104
-0.250025248492
-0.250443220978
-0.251045248256
-0.251001284869
-0.251063769567
-0.250386100909
-0.25023105956
-0.250844498249
-0.250497327117
-0.250791750864
-0.250637050961
-0.250179718761
-0.25028520207
-0.250923258704
-0.250886408469
-0.250656916889
-0.250528329975
-0.250798238045
-0.250352510375
-0.250734528097
-0.251193347063
-0.250884402182
-0.250924018392
-0.251216944027
-0.250971628323
-0.250700616819
-0.25012319106
-0.250330117832
-0.250712674388
-0.250795387073
-0.250172067672
-0.250447713486
-0.24924670107
-0.249534239497
-0.249844389874
-0.249591206315
-0.24962910166
-0.250306475632
-0.2495525666
-0.249416208472
-0.24984022423
-0.24971332549
-0.249813650326
-0.25025505624
-0.249786658381
-0.250014941243
-0.249929016254
-0.250128414914
-0.249862578557
-0.249408218856
-0.249805256581
-0.249795012129
-0.249917267418
-0.249385208056
-0.24928356825
-0.249393499673
-0.249723243193
-0.249838620467
-0.249798766766
-0.248800181197
-0.246654809254
-0.249028711827
-0.249338103112
-0.247858102833
-0.245815535391
-0.244939686509
-0.248096094445
-0.249442865765
-0.243185917637
-0.243712229757
-0.245677992582
-0.248038311106
-0.248074602446
-0.244570306465
-0.238744746592
-0.238567259566
-0.24192240169
-0.244086338486
-0.244451548755
-0.237481108345
-0.238973618945
-0.242327693124
-0.243119657116
-0.243474503109
-0.238366502435
-0.233337201249
-0.236199570176
-0.240652600144
-0.23969620205
-0.240765370011
-0.242425322169
-0.243856246561
-0.245301716464
-0.2454784739
-0.247181104736
-0.245162674271
-0.2382053785
-0.236019930837
-0.242967663709
-0.245361799928
-0.247694137811
-0.24785096966
-0.247707589248
-0.247436868158
-0.246766295088
-0.247876517925
-0.24845844371
-0.248485467168
-0.24852750513
-0.248346726852
-0.244726488105
-0.244923629497
-0.245070330399
-0.245273126873
-0.244438901202
-0.241396581666
-0.238156327617
-0.241050635006
-0.236412897851
-0.237854016074
-0.240143113188
-0.232656799032
-0.233734125299
-0.234773134901
-0.234868532679
-0.233219474588
-0.227387359954
-0.227154083546
-0.228943720879
-0.229892102247
-0.23130431935
-0.233330717337
-0.240572429021
-0.240173800981
-0.23769293986
-0.231959689005
-0.234702287504
-0.238210646561
-0.237313218985
-0.233751476613
-0.229379420499
-0.230052887751
-0.231079290045
-0.234877528576
-0.238455283838
-0.241666728088
-0.240212417481
-0.235587366489
-0.23987346599
-0.235823921855
-0.235726925454
-0.236224409812
-0.238956187936
-0.235827116453
-0.233543374751
-0.235501099726
-0.230870908449
-0.229832113918
-0.230565187033
-0.234023019184
-0.232736495228
-0.233155952817
-0.235968059418
-0.235821235754
-0.235207808781
-0.23296771086
-0.234239566903
-0.234108795023
-0.231412432483
-0.228543141259
-0.224659425868
-0.229300726877
-0.232424376467
-0.233350483232
-0.238032513652
-0.231818444081
-0.229738920564
-0.222772514443
-0.23091023384
-0.232639090593
-0.235601738881
-0.23882663374
-0.240043127946
-0.240999625708
-0.239988663724
-0.241883711493
-0.229468724682
-0.225718569315
-0.228393807865
-0.226607136525
-0.229451441033
-0.233922608542
-0.238331888117
-0.240223979232
-0.242274329055
-0.242988296336
-0.243029381211
-0.243276077922
-0.243254303923
-0.24239361781
-0.240224208109
-0.237957006133
-0.234260998481
-0.236887378104
-0.234458239732
-0.234838190892
-0.232406079281
-0.235495849866
-0.238523131341
-0.241180072229
-0.24011344472
-0.238647367405
-0.238119033601
-0.239685217242
-0.239830935019
-0.241126698241
-0.241565203043
-0.241647237364
-0.242477525851
-0.23855064616
-0.238339867033
-0.237683350371
-0.240527779718
-0.240594636406
-0.24156056764
-0.2383934282
-0.240652930325
-0.240852780987
-0.241434312128
-0.238606857867
-0.23732565952
-0.23581098497
-0.22896607492
-0.223579698714
-0.223041703533
-0.225660128296
-0.22744501813
-0.219637858498
-0.220855491551
-0.246164587302
-0.219935479923
-0.236780951546
-0.24871850408
-0.249413427489
-0.249781013363
-0.245499022137
-0.223208683278
-0.221984909725
-0.221646836051
-0.223282310548
-0.222265108402
-0.225983829721
-0.228782616637
-0.228544218446
-0.229708101823
-0.228189945204
-0.230462189988
-0.229017391316
-0.232488287975
-0.22993594973
-0.2312872074
-0.233355386754
-0.2305142878
-0.229446565491
-0.231881160281
-0.232549038086
-0.224900978422
-0.229425407475
-0.230206015649
-0.229112799571
-0.224238362896
-0.22653237829
-0.229532811025
-0.224550286138
-0.228474172902
-0.227763676061
-0.226197040454
-0.227633765303
-0.224269359294
-0.221040478137
-0.222264208132
-0.235179908748
-0.240541945568
-0.247781414658
-0.245891011881
-0.248402179122
-0.24632405618
-0.235676695575
-0.217872121694
-0.218782501107
-0.233482622618
-0.240121464072
-0.214008983958
-0.216530077832
-0.236041506262
-0.23659883843
-0.239860521358
-0.242126950399
-0.23470289692
-0.233836131935
-0.232820869592
-0.236798057289
-0.231673809913
-0.24013166585
-0.233712735418
-0.243091649117
-0.23773734613
-0.235912888731
-0.239420169114
-0.23590430323
-0.229807465718
-0.241358678231
-0.238193838177
-0.236283355598
-0.242879888941
-0.244099136732
-0.217134917121
-0.233508140395
-0.218827328061
-0.214499666249
-0.234520063977
-0.232643554872
-0.234368613286
-0.236615985294
-0.234787724632
-0.234931283592
-0.241770316527
-0.241696738659
-0.240238673815
-0.240853017251
-0.24196441661
-0.247256673769
-0.23480380762
-0.232317185599
-0.235692785681
-0.236797948959
-0.242140719268
-0.21730977359
-0.239678699114
-0.243649576509
-0.240293428996
-0.230954436766
-0.233189677694
-0.220140567902
-0.221389420546
-0.225355181287
-0.227670403134
-0.2237743435
-0.229336829792
-0.234225391911
-0.227199825279
-0.223520520259
0.0488304780434
-0.224935545922
-0.222957891118
0.0514521575599
-0.21891494334
0.0537108770163
-0.222165913783
-0.218793378542
-0.227823867922
-0.225283518435
-0.23089647733
-0.240720063446
-0.236857316436
-0.234785184172
-0.229834903726
-0.22255683583
-0.226317313443
-0.224371404913
-0.221216466379
-0.219102749902
-0.239498489992
-0.211379060171
-0.224342057956
0.0454572486994
0.0425248235902
-0.211728750628
-0.213275905065
-0.220243249692
-0.240525375005
-0.236845531967
-0.240708814122
-0.238708164756
-0.240096459912
-0.240058740315
-0.233650389094
-0.233557995014
-0.224007079085
-0.220512444956
-0.221563546166
-0.22646425993
-0.220324460722
-0.222465942513
-0.22635674199
-0.226492874708
-0.223737639303
-0.232255693287
-0.23625242633
-0.242356722962
-0.231263140833
-0.230162419236
-0.228740662336
-0.233273838182
-0.239734440363
-0.237857244586
-0.239323545775
-0.239369406966
-0.238295326116
-0.236980504539
-0.238462873936
-0.23695558413
-0.235157239303
-0.240626693854
-0.235944400107
-0.228719860339
-0.231154513291
-0.234816065781
-0.229784582642
-0.232340796987
-0.231749715927
-0.232406197319
-0.239272010912
-0.232525636543
-0.231467028846
-0.237778322864
-0.226149489101
-0.236825909817
-0.231225095434
-0.229987558205
-0.228404206201
-0.231076999946
-0.227169896296
-0.23289497646
-0.227609060044
-0.215812512208
-0.216861417704
-0.223246729623
-0.223347460099
-0.223999651852
-0.220218032124
-0.22395491078
-0.227921106148
-0.222485050294
-0.220660470449
-0.225536519836
-0.231592843512
-0.227606600537
-0.207538227883
-0.234294000431
-0.230936712104
-0.234205899661
-0.236704805079
-0.230610941417
-0.234522014514
-0.229911838907
-0.23714153916
-0.237093280908
-0.236660889801
-0.239965733868
-0.238467287636
-0.226591804396
-0.207939426381
-0.233630525947
-0.221260350196
-0.232148240772
-0.221534346976
-0.221960569505
-0.220948077049
-0.222250803991
-0.231312205575
-0.220729339348
0.0664049177094
0.060750679925
-0.218417010598
-0.209955819015
-0.203235969382
-0.208461287574
-0.220469838121
-0.217739719356
-0.220402362319
-0.225446630552
-0.219919180798
-0.226170770656
-0.225149806816
-0.228628451907
-0.20994518624
-0.199701390573
-0.190474888161
-0.198887616206
-0.198352617305
-0.197416643577
-0.197995275314
0.0871717413218
-0.203728949115
-0.202758030735
-0.182117585584
-0.19622327567
-0.196559784039
-0.195153397354
-0.193852970855
-0.191843431043
-0.202485800572
-0.193326658261
-0.195616200357
-0.197167608244
-0.184907549588
-0.188904586386
-0.192823333203
-0.193538345052
-0.199191202193
-0.191630336546
-0.197837904968
-0.198660999966
-0.208810912387
-0.21908706269
-0.21372974737
-0.206497368445
-0.190890004405
-0.20120906632
-0.206344542914
-0.197378669457
-0.18818488886
-0.198120055944
-0.193623045799
-0.179939236784
-0.195968429854
-0.198854619666
-0.193547429907
-0.186255178404
-0.191169343865
-0.192797661026
-0.19497179365
-0.190608629624
-0.19022715485
0.0967557095487
-0.18013685748
0.0953707114125
-0.186031449787
-0.199132077941
-0.19444434603
-0.194546779475
-0.193164153153
-0.201848583831
-0.195294412787
-0.194993740116
-0.185627334272
-0.18227234544
-0.189073129148
0.0921502067452
-0.172406314606
-0.190101403162
-0.181455334971
-0.180712063298
-0.189823669548
-0.191963111251
-0.199494966238
-0.198051215856
-0.19106415485
-0.182735049164
-0.187126568868
-0.199507973516
-0.19463424325
-0.196991738295
-0.190452969033
-0.199626282115
-0.203910704867
-0.201808140921
-0.197986607509
0.0863912549278
-0.187766493727
-0.197913022991
-0.215837490055
-0.194997833776
-0.197580249172
-0.19454320131
-0.192486241107
-0.200732931266
-0.211479292642
-0.217611906037
-0.215456664791
-0.202460151714
-0.203400138841
-0.182583173045
0.0953663869542
0.101408438173
0.0998291727108
0.113019431215
0.110850218852
0.0980166014372
0.10706251147
0.102282971547
-0.181905719113
-0.180904915682
-0.191648512544
-0.175174345156
0.105821263385
0.105631570149
0.0952676307128
-0.181336127894
-0.172847518663
0.100765456295
-0.176079214637
-0.180032205548
-0.17813636717
-0.188597880057
-0.190955081427
-0.18826373411
-0.186429102259
-0.185679811036
-0.171283441546
-0.192511927155
0.107540956696
0.10301623707
-0.185992959284
-0.186872240896
-0.188563544685
-0.186948365484
-0.191096876522
-0.193730809532
0.080433010347
-0.186167086294
-0.192429838204
-0.191974537818
-0.190148832531
-0.193618784789
-0.194362713671
-0.197428687765
-0.194135683327
-0.178162349284
-0.198078746344
-0.207107153609
-0.197766195507
-0.201716138791
-0.197808911895
-0.199488833994
-0.214016271353
-0.229912210489
-0.227808009931
-0.224440331673
-0.229165499253
-0.223090922915
-0.226296516343
-0.220978732963
-0.219031376091
-0.215854004085
-0.203911641604
-0.209047496436
-0.209656047491
-0.20934312902
-0.189921468998
-0.191706590424
-0.200902395248
-0.189868595701
-0.196258542822
-0.200992775038
-0.178746827381
-0.191988754475
-0.211294927616
-0.212126490775
-0.197354816593
-0.217550542772
-0.217349282858
-0.200073850859
-0.217441956483
-0.218314273569
-0.211631709225
-0.20873543237
-0.203108349729
-0.187420560016
-0.182966191807
-0.192469929246
-0.175408233007
-0.179337636142
-0.177605638689
-0.191054346568
-0.177045819881
-0.163945482691
-0.188573523637
-0.185492483534
-0.179750859112
-0.187595570057
-0.18717830718
-0.182953791164
-0.179554231374
-0.179045891899
-0.169038428932
-0.169647895088
-0.166339586315
0.130147878011
0.113784767014
-0.161383660038
0.14619675406
0.113779140391
-0.156202343924
-0.169347067767
-0.175930938917
-0.19348905721
-0.184389048763
-0.198340933742
-0.192909595813
-0.185460387162
-0.182842894912
-0.173369131536
-0.182315279593
-0.193299445895
-0.171030193013
0.13640722609
0.13898276276
0.120536522626
0.138271643091
0.165176023404
0.166578962656
0.166645216699
0.153469207935
0.158309667458
0.149782575554
0.166883469969
0.147513863164
0.147826902383
0.176827880642
0.188440028885
0.191743327841
0.193565999818
0.206548872367
0.207152723773
0.199958975073
0.210488912426
0.202025358627
0.203508107743
0.21007544395
0.217987164699
0.198349444073
0.205406281189
0.219611774498
0.250191504002
0.252539880264
0.240045631866
0.228118402643
0.242644908469
0.235873873019
0.228168974647
0.221716194942
0.229556995358
0.23659155948
0.23638030283
0.2476173875
0.237040904087
0.241086471693
0.254150924973
0.230237141839
0.218327918721
0.187057041601
0.198878910075
0.200632019882
0.192214203295
0.218643494525
0.200867458254
0.194302923006
0.222105154874
0.243656522925
0.246964120675
0.219592238233
0.216395413514
0.276402908757
0.29168612867
0.289513570372
0.293818132372
0.286296891957
0.249453574728
0.254042430177
0.246510365637
0.248025139995
0.25543843239
0.265187459411
0.262882385492
0.243376213401
0.26322207111
0.281783954814
0.302529657028
0.330421330069
0.314245492711
0.315958128816
0.321124647268
0.272238249325
0.297823662677
0.311260297037
0.327635382952
0.336765434957
0.314982558587
0.332459288162
0.35270449801
0.364958647996
0.332782715798
0.336489853064
0.362277524902
0.365864542745
0.354826318235
0.341574135134
0.363599751122
0.350489690608
0.307638738594
0.316470039037
0.299181533873
0.290619830554
0.323135659947
0.295536605814
0.329743276331
0.357760523421
0.366838949702
0.357198206196
0.360789967343
0.382571680897
0.37029830456
0.336930144041
0.373899852859
0.39630387151
0.409661484952
0.424031457023
0.412058456526
0.433330730489
0.441108397762
0.433207279758
0.440455693431
0.478110046684
0.218245172535
0.469686623762
0.468285908007
0.226532541861
0.23767463614
0.226912618821
0.249958884805
0.250861494113
0.259645044587
0.262639118673
0.263581477417
0.251281124994
0.473714912908
0.473486283481
0.44070742924
0.457776053269
0.481821725639
0.228661696168
0.256194941033
0.269109954957
0.54822119164
0.556543921712
0.547135214258
0.254267884973
0.209455612461
0.467121330469
0.218687490337
0.241528777658
0.478042491314
0.491353572574
0.496679137115
0.466748438372
0.414643762451
0.391558946644
0.36404950265
0.341499944865
0.371582857481
0.36106004099
0.356896473568
0.376257284096
0.408169323316
0.375970710941
0.397543851282
0.403879745364
0.421365383043
0.464349910094
0.461346335973
0.492243183186
0.497534497186
0.476749892637
0.456332066687
0.39427364969
0.386368617469
0.416898167864
0.38645946971
0.349795509943
0.363989800674
0.334690503855
0.292229539831
0.298077068964
0.318114809114
0.395171512305
0.368259850197
0.319657659439
0.309865023884
0.359082817594
0.350309059044
0.401733956959
0.389458527204
0.366674547219
0.352984718945
0.369412213582
0.351641909278
0.387874333078
0.444359672752
0.419924872782
0.390259755385
0.410409356117
0.486746262278
0.501495510796
0.501590931338
0.519223010161
0.527285106007
0.283807021175
0.275426053145
0.256324695909
0.467877234265
0.441970522622
0.459206824823
0.46480445871
0.443048861757
0.475941207596
0.254033610496
0.272978232236
0.480192254409
0.486492200509
0.247132892577
0.254466353138
0.259933987322
0.251471667994
0.257272881632
0.253855642064
0.474877822988
0.411575967792
0.476076471669
0.246525071201
0.443590864046
0.414388184289
0.455046120139
0.461946987485
0.452475412665
0.412683995289
0.476854304498
0.24695177582
0.235689444418
0.244854509789
0.492753830584
0.24412963701
0.254978071078
0.252097062375
0.23502168806
0.248633250237
0.250937464285
0.229449083994
0.472211070869
0.476757487104
0.475467663823
0.48446776715
0.492317235558
0.243923861879
0.271655151275
0.269544738684
0.248342386397
0.240424221377
0.245041764328
0.252352563795
0.259658168615
0.269870252115
0.26099592792
0.505739338868
0.513680793164
0.498974310712
0.464271009695
0.474060522376
0.476579012366
0.491309498729
0.251408195132
0.519122777989
0.26019166787
0.521256300285
0.48647447664
0.487600022068
0.472077296414
0.453716808478
0.466465970294
0.463382708855
0.472250121651
0.474322457242
0.460336056018
0.458369017179
0.468756377004
0.491889569055
0.482954642341
0.469643581882
0.448642462045
0.430204306552
0.406543027647
0.425783366532
0.445853590246
0.440230043828
0.482992048162
0.498865214157
0.487974371853
0.475358815096
0.501474524343
0.250774564987
0.271349968338
0.249129976145
0.496292515655
0.255840048634
0.269115956018
0.518979149316
0.490181500687
0.496724931701
0.505875189696
0.270265869911
0.526483163206
0.516770102729
0.517682614856
0.465094896827
0.47485230787
0.474960515571
0.437570960153
0.432483746506
0.492656673775
0.503530501653
0.491061761984
0.45390612843
0.482021558826
0.47086190489
0.466855941639
0.485089761563
0.489763203711
0.51310676166
0.509469570497
0.509330048112
0.264940000028
0.272088955746
0.514869217679
0.442102821435
0.475436287598
0.455618479482
0.491215537737
0.501607328713
0.508044163936
0.267505452446
0.519551270473
0.258664672744
0.272939743656
0.274926450897
0.281499488628
0.270851516845
0.270185270865
0.281360142774
0.280634300115
0.278381227473
0.527534460955
0.511665327572
0.529306675013
0.526185202713
0.53610843209
0.518452278062
0.519494240293
0.512184878253
0.51219099944
0.530178309695
0.520635617339
0.527320006605
0.513976919887
0.493767708551
0.503721413812
0.518359049474
0.502627398617
0.467134485829
0.43341675831
0.441483730759
0.40572269553
0.48625847843
0.398148540668
0.0803340161683
0.400330575901
0.467298604659
0.419593557055
0.447858527016
0.503549007195
0.490079112043
0.466332176288
0.508548592689
0.486939040433
0.447305320077
0.416353510702
0.43529355032
0.507798067028
0.482999080622
0.489432710594
0.516441802937
0.53620677796
0.529616047298
0.525937471482
0.527790966245
0.544172599871
0.546110832905
0.520495481036
0.488607165098
0.505200291868
0.533876681161
0.498345224904
0.493247810439
0.491837697355
0.456279494194
0.499938286062
0.525713570457
0.505878959372
0.515294548396
0.537198935567
0.542941802001
0.536731977738
0.548630341448
0.552630546371
0.292267275833
0.553310169245
0.54210163737
0.5493141271
0.292040503221
0.288275102923
0.287198946582
0.552827545052
0.542837835266
0.527411566728
0.536010953623
0.549863044914
0.54758227159
0.287955036011
0.287013697749
0.294679318475
0.289602565971
0.284211854488
0.288878813678
0.291334206681
0.288657544604
0.294894210255
0.294621008258
0.285656490031
0.285422540321
0.283499974238
0.288974318902
0.292492146033
0.292472783161
0.29225585722
0.29134489585
0.290684548307
0.293694748348
0.294962425668
0.543354014368
0.53748867812
0.51989695387
0.515793879219
0.499821787374
0.39251172662
0.0793431106343
0.0680125674211
0.368756478535
0.0707892881114
0.0453543335927
0.00137887701053
-0.0457903534877
-0.0241117320201
0.00928555047754
0.417340013856
0.437456741934
0.513939142683
0.542073050279
0.54248863294
0.534438952659
0.533213925953
0.537762431605
0.54849982322
0.554912467575
0.552519796066
0.549417861066
0.288748825584
0.29400557715
0.290735020199
0.29471864124
0.292346204969
0.290600650265
0.288597395811
0.287717953207
0.287609503836
0.289373453542
0.290625627913
0.291507707488
0.2924430717
0.281168923193
0.272086562557
0.281041960446
0.286632433336
0.289369238064
0.288873936712
0.29400909536
0.292072397479
0.29099906931
0.291073632201
0.289449496288
0.282481565806
0.257461695235
0.263590715391
0.26825546669
0.279795912257
0.268301041969
0.278167296759
0.277873937144
0.262632679072
0.26387698207
0.262516752905
0.260072270256
0.26043202967
0.264297368802
0.273213239716
0.254275525694
0.237364620846
0.245550861245
0.214377525543
0.224875915583
0.243942898775
0.236051000799
0.248953883329
0.250775440489
0.240035151744
0.225118873451
0.228857029589
0.24118042706
0.242906245591
0.473813572548
0.226508413362
0.226435890031
0.476957567923
0.466323842759
0.470477801474
0.494642720871
0.250001936589
0.261232842145
0.494360302946
0.48441700906
0.482408424275
0.483938959118
0.495607954308
0.500527492307
0.26313890595
0.269372280056
0.249958085201
0.25157639054
0.25282650935
0.243580547836
0.501934275567
0.236106968338
0.454177677046
0.230265453479
0.252689629515
0.24689490366
0.237192061876
0.266136499657
0.252480243982
0.473481966401
0.466875932666
0.433462923782
0.177399442045
0.201855646538
0.511597563376
0.537567664798
0.535090395964
0.523670991366
0.535316271438
0.538640570729
0.529545122871
0.533978777677
0.525966655828
0.536382761443
0.529862062186
0.540539036162
0.17822077018
0.195752332102
0.5063325962
0.515314423867
0.543188193218
0.536456472088
0.233088436181
0.216029074719
0.223327152137
0.441038056401
0.432268914164
0.445119918187
0.416464363504
0.402522510497
0.426589010781
0.380482713683
0.341343331363
0.408215586837
0.415657703337
0.428187992944
0.36706308935
0.356315455295
0.382312907225
0.438102474161
0.414173268206
0.410663979569
0.405213921211
0.386134365581
0.409729293063
0.425729829407
0.421430809823
0.397688638759
0.38884311601
0.417469620019
0.423891059124
0.416988542235
0.208132154257
0.429298453159
0.390572974305
0.371494082564
0.368509359003
0.372039762988
0.390141830979
0.394414528947
0.394219610769
0.373425696122
0.392010728645
0.367723240814
0.325986897225
0.411601110215
0.385957878399
0.407920737055
0.370036384023
0.378239151142
0.378587041272
0.39009909193
0.405323587572
0.42304276553
0.402765026885
0.437675208475
0.215863366956
0.229884565334
0.206141814757
0.510282807589
0.403572221033
0.417162189603
0.195738979669
0.203999751449
0.192344202448
0.235725551291
0.209653001949
0.438892638288
0.231181958523
0.2007187802
0.203697957489
0.245578277993
0.248724376068
0.222137685387
0.397686684825
0.422660699646
0.389503392607
0.35803206997
0.377261809691
0.397280646724
0.190251815832
0.392991825894
0.405865044935
0.392952294683
0.402883216701
0.39206491611
0.418914708694
0.431460562377
0.436102527278
0.435619608761
0.180361435757
0.239606920219
0.250693106198
0.211892595415
0.215820610136
0.255065219925
0.236036614852
0.22877880843
0.443618876595
0.43095651445
0.215887334286
0.44767499889
0.393889258804
0.189914978957
0.436533176057
0.42871543942
0.228744960857
0.21476156361
0.416960787518
0.415841729758
0.429050474957
0.45226812527
0.458006442253
0.456144259196
0.425763982875
0.4278146935
0.440003217037
0.394781542115
0.369968309075
0.384493235236
0.417104873377
0.22910763059
0.259831324043
0.543640203423
0.544205285152
0.54660714873
0.512416531206
0.514319392764
0.535298308081
0.521403468487
0.248281299445
0.24605288014
0.204911659901
0.428689617711
0.433298772844
0.234193761842
0.216233406879
0.194790694201
0.548775264
0.531266308109
0.531086513197
0.216554248743
0.390886122217
0.382804422692
0.448740216093
0.197085039204
0.400938397029
0.376900182655
0.387644402545
0.358142877347
0.340085837217
0.328699024284
0.303455821163
0.305225098136
0.329942884795
0.307284085715
0.329076055629
0.335022263437
0.30140380221
0.296267570037
0.362100077474
0.393088689817
0.401493875836
0.406769089698
0.390289443719
0.389980712896
0.403717570668
0.393799642678
0.372001574266
0.382756750909
0.428346102407
0.408685585012
0.355983815627
0.297147989913
0.300881809034
0.316261869431
0.308988394351
0.325107509898
0.314564370704
0.311411386297
0.336383057856
0.369373101128
0.385510992261
0.403589000145
0.359233134117
0.326600364057
0.340015806694
0.29724066993
0.304017571681
0.35111251842
0.370359706468
0.304637818365
0.343729329097
0.347410325037
0.342406863323
0.406549703054
0.411761843523
0.413678437872
0.401983656909
0.407445075469
0.381863497662
0.365270610657
0.389116169009
0.412990685039
0.425287413251
0.408967929207
0.407274089329
0.465994564155
0.46784709195
0.22073250554
0.22638992016
0.223110390301
0.475817201912
0.245325179378
0.251676536343
0.231600935676
0.485807801014
0.482610877307
0.446414298187
0.427825662244
0.432820919757
0.440577995972
0.393425513701
0.403064442981
0.439881749233
0.452820470306
0.390790458096
0.415667613103
0.195488629327
0.413087603636
0.403333612073
0.395313110088
0.411642641076
0.390396070749
0.389250322186
0.385385805095
0.385943845254
0.372453882533
0.392324891356
0.437151103855
0.204081155331
0.454981218952
0.431271360113
0.416927573451
0.215460729368
0.202140323666
0.201487812458
0.205668262155
0.412028682271
0.379482461003
0.307814314851
0.344522777784
0.37561877194
0.373816922168
0.334126960492
0.284901747464
0.312198637024
0.335071588084
0.387509778324
0.364984538785
0.362302428622
0.364977075069
0.383538700527
0.328341090365
0.348216482501
0.404086418055
0.423800303459
0.389017304716
0.349131216789
0.439747903819
0.20614928511
0.457285519135
0.435438100902
0.393260173207
0.379134647979
0.431269833602
0.448319365907
0.401465788152
0.410892764308
0.440590437815
0.461063024229
0.438824670227
0.427137325831
0.383175744228
0.444309079943
0.215284214412
0.416422434603
0.382207326498
0.356822766837
0.356778771712
0.359431330132
0.329003071036
0.397008411717
0.302969032647
0.271897164127
0.338876371803
0.355372370036
0.388981753502
0.368544701262
0.376064689767
0.331070064517
0.285421154902
0.31580891812
0.274736375925
0.31401493377
0.331068773441
0.329285540246
0.340011426439
0.425409247143
0.426822012853
0.432836256286
0.448501255914
0.467661627202
0.45717622107
0.397673772422
0.425986465739
0.212869083597
0.219861788878
0.540027384796
0.538496455825
0.525036546785
0.528338086336
0.552414820659
0.550469129661
0.24580806467
0.20901341739
0.238268034695
0.221456529022
0.181179615602
0.511155359165
0.524843016355
0.215018513194
0.455877554512
0.439063146208
0.41600223486
0.391631882097
0.382934132154
0.451392623083
0.460430780611
0.447798543421
0.441424903692
0.350961630148
0.32520723312
0.358343742464
0.34380815341
0.333963597747
0.329637284313
0.307714051588
0.305834352582
0.300207954519
0.356440988617
0.354250545016
0.361955302989
0.39600698111
0.413532661444
0.373796471274
0.36679317951
0.370011155511
0.412969686862
0.39025368574
0.323937396657
0.332759735187
0.399381936493
0.42106294829
0.377796787001
0.3771311485
0.400826190617
0.404925106141
0.423362918695
0.388324199228
0.416660550678
0.36403447237
0.34470577211
0.429666330765
0.187790311223
0.541044052275
0.540395066312
0.179993028507
0.144192644558
0.0747574765215
0.0642382728754
0.536043088542
0.441398339594
0.44872778623
0.203058106748
0.429883434579
0.440714878164
0.38803028665
0.317929140824
0.363608497087
0.191840659992
0.410967084169
0.401786983345
0.446125638138
0.390287931283
0.383519294972
0.403354386767
0.348939537686
0.362969394722
0.385180042209
0.370577392324
0.447717947162
0.208040501999
0.231117511409
0.238778537721
0.23845052467
0.219797832025
0.442335691686
0.239520408568
0.247251804874
0.209379600266
0.242920530719
0.424737749201
0.453378777892
0.526844985136
0.45642115589
0.527093009453
0.256374905518
0.543959183159
0.250827967555
0.224559155323
0.548367102402
0.496035435399
-0.0117854458865
-0.0877131250757
-0.0956085440672
-0.120044895761
-0.095856070794
-0.092826230094
0.00465858859868
0.44292975972
0.544866630655
0.542570941386
0.529192191425
0.215231571189
0.238414999135
0.232992680098
0.228177101191
0.40835251709
0.402831312061
0.384636604386
0.39915844436
0.385049941607
0.405818064211
0.353358908392
0.268029347551
0.26790539882
0.303483989303
0.342120561435
0.329506943344
0.311631599419
0.364826343809
0.317050149462
0.312191652007
0.293763009845
0.312173532588
0.310008125838
0.308572892321
0.320474249111
0.301321126366
0.329141177388
0.28350725962
0.263377363137
0.317932216682
0.299508086099
0.313960928114
0.378187467648
0.357765295998
0.366695047445
0.357015549345
0.294704967993
0.337220525497
0.331670764252
0.286728492019
0.292881930423
0.285560251776
0.29111491823
0.318416158997
0.281472334113
0.286867342403
0.316779436359
0.308048266548
0.330775996254
0.350482773044
0.288400102382
0.286919706988
0.266063535981
0.269208223572
0.339037880274
0.378946821508
0.302565212652
0.305662237627
0.325093397482
0.406765251914
0.43154836846
0.369435670506
0.363894022401
0.365072443241
0.352796826143
0.369707144405
0.393075448177
0.443599256885
0.181771097564
0.515312784598
0.237471297251
0.238718965994
0.431103597202
0.415020776534
0.397531425667
0.337152079057
0.340411307606
0.341044400168
0.402650488172
0.420526950093
0.436697337931
0.470495684846
0.221088727573
0.439782918395
0.223289746992
0.437888910017
0.43810175569
0.348813264902
0.332911243502
0.312507443641
0.294713848968
0.296698471199
0.252423791401
0.287544800216
0.335387779301
0.315019166921
0.322422211377
0.321284204747
0.297052198834
0.29079499058
0.306087736049
0.305355536908
0.291055683386
0.311491626836
0.290795445335
0.308270519225
0.318410162407
0.3008683069
0.280814726152
0.294802803193
0.312369690298
0.30105260029
0.314572561765
0.336123799166
0.332658109547
0.323760578157
0.319609463341
0.305839529468
0.305508552801
0.325810862106
0.299801267815
0.30372838029
0.302629365216
0.269911421746
0.259246841257
0.275069876111
0.270798623146
0.283148658678
0.304209417628
0.270199117076
0.2789180456
0.304695434648
0.321743313896
0.305543423484
0.293830236169
0.310067215828
0.288784841674
0.316463128716
0.34664838526
0.346876105197
0.32737235967
0.354355215833
0.339531775703
0.355004192142
0.341379606334
0.368127035443
0.395654053065
0.297014767905
0.327332920693
0.366614473464
0.299879376471
0.293585543943
0.29440299252
0.30011226452
-0.0249246187726
-0.0456054006676
0.288532082108
0.311440986539
0.307477716649
0.301387089952
0.338033517725
0.270771271269
-0.0108557675284
-0.0319231531226
0.25893642758
0.302053182993
0.349313388807
0.357331670301
0.346912948071
0.335341687487
0.320822432007
0.283747859136
0.309567480636
0.313276888801
0.300761825699
0.324760086122
0.308689953381
0.34333191422
0.341381589356
0.30476494125
0.312904362022
0.338711981419
0.340851763925
0.329271125099
0.381628083963
0.366804637475
0.356450869824
0.317512063188
0.321771325773
0.300795542629
0.300253219908
0.315603423379
0.305871564538
0.312010871428
0.296000794529
0.322916061356
0.340369489767
0.293964275688
0.354290246398
0.374695361374
0.328433012135
0.333095318309
0.290528819479
0.286342762902
0.304131102846
0.326527659497
0.370750321608
0.337151458185
0.363367641549
0.301291377527
0.290062527432
0.355258139975
0.385941517648
0.367376113419
0.363253333293
0.337238096861
0.326425662268
0.314979569821
0.294237940485
0.277046084508
-0.042585325527
0.275067150864
0.292747861691
0.297758524558
0.300273307241
0.302020512673
0.313157993001
0.320643476345
0.283180368475
0.277901385127
0.273524687961
0.267323691955
0.261624366301
0.277259115487
0.278355175446
0.283575639591
0.30413334377
0.306504634802
0.28274257248
0.272009276892
0.291318373691
0.277782911602
0.29793654034
0.341900492722
0.321533997415
0.342210304778
0.411014595194
0.460926233464
0.43242085935
0.408903441134
0.374822990958
0.343967391949
0.336833098002
0.35704073952
0.319753093476
0.306232589753
0.319812315187
0.330237861868
0.322159985751
0.282603046937
0.287069810752
0.28447087771
0.278155243924
0.311417115584
0.352627796543
0.302336395214
0.323701790717
0.314535011666
0.374693473628
0.358464691391
0.380202139504
0.389890730823
0.382800053012
0.38083711668
0.410051061759
0.412931490333
0.386053863729
0.38203670652
0.369098868994
0.31918385933
0.345889542187
0.342488384235
0.310170807447
0.271921682304
0.296823632225
0.302648468527
0.306999695028
0.313005751765
0.285375436486
0.283525597849
0.273439127845
0.268123384713
0.26632701661
0.281481023996
0.28474871207
0.287151189645
0.282575045067
0.303728274881
0.331876573023
0.35023349435
0.322700923908
0.341271355603
0.328822450085
0.289276834724
0.384732708997
0.425037432567
0.252248650073
0.550144196176
0.552195697645
0.541798145399
0.256810832929
0.261898352583
0.448403625993
0.414113972635
0.407936510267
0.329254487093
0.342465719059
0.323189680915
0.308224655566
0.28297835003
0.277968228509
0.266139443451
0.268580912634
0.273379806343
0.274211286622
0.253683989422
0.269353226229
-0.025454431284
0.25215490765
0.268385221544
-0.0190402336837
-0.0553892205561
-0.0376007248976
-0.0595306886783
-0.067246179298
-0.0640630482224
-0.0654372586897
-0.0149672800292
-0.0078939999005
-0.012414190509
-0.0523170588351
-0.00364052888147
0.283133013762
0.276010746774
0.30414678357
0.29594169071
0.291565792326
0.266668381713
0.258135354561
-0.0276502034289
-0.0390338974503
-0.0370869226676
-0.00378284513352
0.291082928245
0.300038850716
0.00501368622002
-0.0327805639955
-0.0243504502478
0.284194095602
0.292740987211
0.318964255082
0.396392219321
0.467699360584
0.248260226534
0.252970915357
0.486601061885
0.493130698256
0.439928017264
0.372242591596
0.362881331982
0.38293705299
0.420749300934
0.400859955906
0.346856589061
0.332616111422
0.393278729126
0.33113298028
0.272102373278
0.294538075469
0.326691771973
0.321315352666
0.33587368699
0.333164966176
0.310928569833
0.346818272988
0.376963834167
0.344693096893
0.395243359255
0.431685915456
0.422321595924
0.37555637284
0.356739546509
0.365097205251
0.367937056382
0.359669780799
0.319807666388
0.302200389955
0.305160932846
0.356497844107
0.321245018061
0.335054267068
0.325615414131
0.310855885014
0.329462856703
0.323274311138
0.263775100907
-0.00607119226037
0.285393745454
0.404702621929
0.393333563987
0.391564351896
0.404654133866
0.457973771713
0.420069394578
0.487871594279
0.40622238596
0.328518416228
0.300738478899
0.00668678037309
0.308336063085
0.303114420277
0.284399477061
0.299204475638
0.318577027088
0.371571308082
0.344525289356
0.356056698957
0.319950402687
0.311762732859
0.315150145371
0.327434748738
0.298491847176
0.294367074622
0.290845447363
0.286830932873
0.290579346317
0.290987864861
0.303458608408
0.322476988656
0.297865354189
0.327635752599
0.344524856517
0.29765782632
-0.0303905311564
0.279731076491
0.318311276921
0.287484416916
0.302599713897
0.300818365591
0.328211278582
0.299723840335
0.279117669834
0.323954407618
0.374285528976
0.297093048842
0.290532586361
0.28491271915
0.266724773559
-0.0243838859298
0.267042317622
0.3071352542
0.377815703187
0.403785248933
0.43080339965
0.405567040692
0.341945980803
0.31601212831
0.335199570816
0.398274640549
0.343776205353
0.00997067806484
0.303014452566
0.325724811191
0.303436560884
0.278967849274
-0.00741756719262
0.278593999364
0.289654154637
0.305017981894
0.284740449204
0.264389273097
0.25601907635
0.2805348356
0.28689335225
0.266251718403
0.299449159796
0.329728067442
0.278225292348
0.280729351452
0.318814060684
0.310448013793
0.323127563081
0.329469755079
0.32895027929
0.38636051282
0.366368939348
0.354811282306
0.367816154598
0.332034324393
0.338973887801
0.329963154265
0.350367013846
0.312694260136
0.305369974738
0.30160855313
0.300630225983
0.293593063564
0.324871339645
0.33458603689
0.301428363796
0.303589021423
0.294780345733
0.0102880587037
0.281454170767
0.286841805379
0.286006098233
0.272251997803
0.293344821215
0.296805473035
0.316323262525
0.312316216107
0.292424981396
0.305364786432
0.313689358106
0.357180939726
0.384196221922
0.36465362436
0.34396644871
0.362428583145
0.388133610695
0.373674512742
0.358582181242
0.400794786697
0.426352054257
0.458937383763
0.457548056476
0.455478274849
0.407776848947
0.420377806427
0.408527795537
0.415987276114
0.42853998196
0.383496661726
0.342619636095
0.401995573394
0.397017297451
0.344582025295
0.337780194267
0.385956947608
0.376130982395
0.307446710572
0.328588686226
0.336645341159
0.34003631089
0.333526745626
0.335949438134
0.33499053713
0.319054829049
0.291449236419
0.303410038035
0.308094887707
0.297361024566
0.294837525783
-0.00937255639452
-0.0426132012819
0.00836096024591
0.326602651808
0.358705884058
0.313676349199
0.290670611818
0.312575198198
0.290852068529
0.291329350041
0.318684064286
0.299354616138
0.286772816855
0.274291456772
0.00687481310389
0.00290966612972
-0.0107698449203
0.00359717679906
0.291953594895
0.331763618028
0.281781302549
0.276641590194
0.273783916051
0.274240100384
0.27771930052
0.274025861976
-0.0131682335321
-0.0262206169534
0.000153524696828
0.00845921662661
0.277369338839
0.0138995261894
0.2864306814
0.293349748835
-0.000553940197543
0.276272618108
0.272688993097
-0.0116066581215
-0.0357196035407
-0.0177333376906
-0.00442244905317
0.0173709305972
0.28205622462
-0.00117102781311
-0.000949862291726
0.265919273043
0.308423111895
0.307077596896
0.300055422865
0.298491694786
0.290890640421
0.292184772436
0.29379115337
0.320499068763
0.289453188269
-0.0363436205468
-0.0178391179228
0.0140728577638
0.000820623779381
-0.00739591163442
0.28059180172
-0.00340802627688
-0.00661533135466
-0.0109677408447
0.0155607371982
0.301878583806
0.288775829764
0.284970183497
0.287111580933
0.291267509675
0.314141736712
0.293792730332
0.294463066363
0.325793307071
0.358769454187
0.35874706907
0.293314032668
0.281156645818
0.294464847541
0.349669399298
0.319302404052
0.298386679433
0.31199241703
0.336090975019
0.343094132646
0.348708769728
0.321095569812
0.307679960025
0.29306266537
0.305199279676
0.295747983722
0.288364103904
0.292802714108
0.346620981386
0.35441178949
0.363743861882
0.352079405692
0.317066181243
0.343504355561
0.370380452398
0.351305160951
0.31323075986
0.295432586351
0.30304184158
0.29932602985
0.290233922297
0.298357624478
0.301882187075
0.304161293809
0.322806004325
0.336460141689
0.301635394952
0.303211535314
0.314375406933
0.315884203713
0.331940722228
0.35672833645
0.306317660229
0.304793958315
0.315171531166
0.323571662367
0.336841302248
0.311270237751
0.317278703557
0.292201922293
0.0223368986947
0.0367786934303
0.305347778122
0.319640455025
0.314069956202
0.295039915062
0.26966669307
0.294581073035
0.295321041562
0.0070287552221
-0.0094526067523
-0.00749829193782
0.298783009688
0.290140690658
0.283306427688
0.281372283718
0.00463148631809
0.29126933052
0.306432635935
0.305932175005
0.295861438843
0.287156489651
0.284414596469
0.0157820179406
0.0167005611515
0.288311170688
0.290981719628
0.294752250664
0.296190054706
0.298763467413
0.295033274971
0.004326077472
-0.0102028032106
0.0107299312655
0.0179682367507
0.00394635724597
0.282064467587
0.0181387156214
-0.00199312433372
0.0158492237463
-0.0166275628875
-0.00570463401998
0.0182458597153
0.290278093237
0.312454485542
0.340765405666
0.322927115373
0.296468848217
0.28658297549
0.00708238470572
-0.00582944519639
0.0138818686982
0.00749589640609
-0.00572749096546
0.00834028253646
-0.00779601127199
0.0115068805297
0.014292232968
0.0140343811353
0.0150476882423
0.281195895727
0.282804638205
-0.011024502191
-0.0147904546372
0.00219810070637
0.0174459964632
0.0151573395588
0.0158854270204
0.0170648611096
-0.0165983953911
0.0049814703917
0.0142129659078
0.016114371759
0.00998971022681
0.278242090559
0.014776992898
-0.00942214398473
0.00802164928938
0.0121838068141
-0.0028979319613
0.00772563493234
-0.00356136162309
-0.0203634197045
-0.0108304440066
0.00619979038065
-0.00714582275714
0.00931037521402
0.0148137061448
0.0178584829224
0.016658077843
0.00439865258231
0.0211483058526
0.025118503116
0.0230340376415
0.284014372216
9.29482132777e-05
-0.0296653433181
-0.0286319944316
0.00919798017002
0.0107095707459
0.279094735711
0.279505614284
-0.0183388537643
6.94261122086e-05
-0.0162506782844
0.00697514740822
0.294829961963
0.304283968438
0.292399664865
0.328185695847
0.325356487585
0.309712352273
0.0327901848849
0.0122907172892
0.0220718290734
0.00818110259894
-0.0263107047288
-0.0201541980468
0.0142632259624
0.0125481109069
0.282587884745
0.0219360457061
0.283869041017
0.305255200889
0.343846257585
0.323496874581
0.292762016303
0.320194905975
0.344499144039
0.353883602849
0.314788185129
0.020279923842
0.283691019234
0.297550619451
0.00878288438428
0.0265859349424
0.312776464466
0.351157364464
0.314669133681
0.340362178846
0.373827215493
0.360186942459
0.343195705912
0.326894142707
0.326453007549
0.312464559375
0.0293451021634
0.317130702345
0.320073620147
0.304276615122
0.302561246236
0.318817036809
0.317502689904
0.333814763875
0.350406517816
0.34097570997
0.315881484007
0.325587804101
0.301700417018
0.298340577677
0.0227889452347
0.302931688195
0.340653426193
0.30403749902
0.329251408502
0.294917201843
0.309529829352
0.306854996496
0.00941368606564
0.0173633394443
0.0187681674135
0.0216399406309
0.0233844269391
0.0216598540644
0.317112414286
0.311698303136
0.0249058242082
0.0133789448961
0.0221617106871
0.288286318121
0.287420453503
0.288527728032
0.283757860419
0.292715740169
0.0300387731016
0.317667650363
0.297456947911
0.0174620662882
0.290888988338
0.337742443898
0.340965478172
0.332280229909
0.329439416971
0.296584945966
0.300729076975
0.299061602099
0.34394033074
0.322168769483
0.339252920591
0.318692403243
0.34219568941
0.337139631037
0.0201150336067
0.291246834494
0.314518336922
0.308323847437
0.0249469870865
0.289857820527
0.312485923564
0.331014872436
0.307094885648
0.324723157136
0.339330418126
0.359037873316
0.345938850107
0.334619895601
0.357513271022
0.361060591215
0.345851687099
0.353090045195
0.356910674287
0.354786678118
0.355018181953
0.37694704854
0.3829599336
0.38311939662
0.381380248364
0.346364331284
0.341758176836
0.348551554255
0.3158740049
0.314995175281
0.316274126467
0.342278100439
0.348260799802
0.351393871756
0.353884230226
0.30139340179
0.282129610459
0.0203855017218
0.291793049722
0.0248667597514
0.0161019237707
-0.018644455304
0.00500427279038
0.290143709481
0.339785877316
0.305481946594
0.0245240681463
0.287246049639
0.0218927155776
-0.00257055855829
-0.00783588018604
0.013437068356
0.290035156631
0.286139532155
0.0206295968217
0.28629754925
0.292758054936
0.29308881433
0.283974822063
0.0201961547788
0.00412880843116
-0.00219768856532
0.00346894020533
0.291488512856
0.29555591252
0.306267928669
0.297177231752
0.306575747749
0.0253204639529
0.0142662409499
0.0280203959433
0.292468416487
0.290226359277
0.290252330665
0.0201394452016
0.34233819736
0.302697011288
0.00199770893577
0.011391294433
0.0100328780972
-0.00851440824713
-0.0196253524094
-0.0111512329238
-0.0128706283163
-0.0117740247881
-0.019161673671
-0.00657242756396
-0.00398787493471
0.0134784789778
0.284842716257
0.0238864955174
0.0242949437421
0.0253319102942
0.0210099099625
0.01238833161
0.0141238912036
1.06942699975e-05
0.000700578599925
0.00761636985716
-0.00349811457909
-0.000724857543584
0.021411266157
0.0184307005545
0.292633985639
0.298140937713
0.0327558615805
0.0322921806545
0.0284674638597
0.312818745758
0.301196022274
0.0248475927547
0.0262746602824
0.313059687732
0.314772736279
0.293459568836
0.287562774378
0.301941857251
0.286775488788
0.319811015479
0.313415186483
0.324376458969
0.353876959014
0.354935904983
0.334297084084
0.352448103374
0.349300388937
0.34627252979
0.33890609545
0.334773875454
0.335212306794
0.312427559143
0.290323576888
0.0276697882686
0.0294917564032
0.291679574268
0.293570507563
0.0258560737493
0.303136697788
0.0219653476065
0.0231940242016
0.316947929036
0.020195261618
0.345078905979
0.312346023477
0.017624384311
-0.0156360952999
-0.00921759071854
-0.00615978941505
0.0131128783513
0.0132773989639
0.0209185776101
0.0185595762429
0.282731454555
0.286342864685
0.289284275777
0.0221879778108
0.0190413599297
0.0118987318913
0.291549554081
0.295204442024
0.0273387600456
0.290906503556
0.294592106785
0.0164221259679
0.029166129676
0.0326889100627
0.0135931218478
-0.0028760279363
0.303158786464
0.300595531717
0.304465813299
0.301234096295
0.0295267502176
0.288595813743
0.310327312471
0.329966478398
0.357529676226
0.35139081638
0.357423911418
0.349355233585
0.315861024392
0.345060263354
0.320973646517
0.0231666080448
0.0284033508449
0.310818517631
0.311936193519
0.0324210088035
0.0277292179966
0.0265540543623
0.320690359435
0.346587926753
0.322681414974
0.346596766403
0.348645305717
0.344781908854
0.365127679858
0.370053351041
0.360060511955
0.366797478107
0.350830026229
0.314438085801
0.348650271338
0.367341748856
0.360826956257
0.363301150178
0.390184620714
0.373705220889
0.337801131955
0.327633555991
0.352009848443
0.370612807627
0.369351965506
0.363770475076
0.374000273678
0.367788930108
0.358048010498
0.385437484929
0.37699390011
0.356181949681
0.327064178293
0.360286545131
0.374294710414
0.370026160192
0.363059808266
0.364295927474
0.372875317211
0.365751678636
0.328091309769
0.34663938185
0.362608222241
0.33082893797
0.293220324512
0.293560552406
0.354330211066
0.366765718289
0.361186802287
0.352162236224
0.324965525406
0.326553396156
0.361819770948
0.380122096265
0.373834786291
0.375806085157
0.407791981221
0.377178082624
0.36328703833
0.357219745609
0.360056869174
0.377635294821
0.355825522898
0.327552848626
0.329141559449
0.328807467695
0.360050145684
0.359401461399
0.353560556199
0.341375559889
0.332908022363
0.343320012387
0.357111659943
0.34829998475
0.299076245859
0.293639669458
0.338011433206
0.343563787262
0.325887287417
0.313210262011
0.306575523755
0.0320241387609
0.0283397446331
0.300423180802
0.291460443968
0.303109733237
0.295127038126
0.0312333235448
0.0305784351744
0.299784596854
0.317790816572
0.301099856174
0.0341461186945
0.0270581065237
0.0234583367537
0.0270158105609
0.0195831112597
0.0132011757749
0.0116685671027
0.0293355516922
0.0358623460258
0.00536553583333
-0.011313254415
0.00679614900195
0.32127028431
0.321588373034
0.0409173940353
0.325639949964
0.30736077599
0.306064731228
0.0263721621145
0.0223925839379
0.0278740748939
0.318172259952
0.305613134494
0.0229950871296
0.0188251103383
0.038380666262
0.0389411393891
0.302148098994
0.293617560238
0.303534263564
0.0405419711463
0.297685252578
0.298751274641
0.300222287685
0.305362105766
0.343764458638
0.326393001783
0.0245083620768
0.0219727789906
0.0206444138479
0.0164547849583
0.0173297144324
0.301135465103
0.0280253975766
0.0397763966275
0.305194588335
0.311275470204
0.0182254545334
0.0231067455208
0.0430944138409
0.0180677763616
0.0285454573309
0.0324724495989
0.0331619078403
0.026403519185
0.299092376734
0.331972117348
0.332485744722
0.328703046482
0.326983480108
0.00438088070733
0.0176717499322
0.0424280030622
0.0253911349941
0.0407727464097
0.309743317764
0.0349722028689
0.310426297071
0.319063319343
0.0402222247008
0.0422977156506
0.326221165888
0.349929521059
0.34305633645
0.0607118426482
0.0286186884543
0.338281445529
0.341066214955
0.330724074316
0.0491438875989
0.0251990027159
0.0389139482199
0.0571874654314
0.0322692148194
0.03143457577
0.0469618288181
0.0298744628297
0.336791976979
0.329502415499
0.340514126793
0.0410736191123
0.0518645458534
0.340282835784
0.0497236915652
0.33272170647
0.0449734621429
0.342848498677
0.376904727753
0.338853520176
0.355324428849
0.342424202454
0.339034327851
0.367769702518
0.351669974339
0.354190082045
0.357045622931
0.381463349997
0.381765445756
0.356182207165
0.35724051673
0.3465879194
0.0636086362347
0.350441865619
0.352127972223
0.350846032343
0.370630761138
0.354327063116
0.345770825221
0.336921980126
0.0578760491559
0.327311029864
0.348186557869
0.349616960827
0.336892164024
0.0541711127251
0.0576756957534
0.0376331608953
0.332159019171
0.322884621605
0.0556250496408
0.339947376632
0.335637796864
0.0546439945049
0.336303030424
0.335149444008
0.0452858362672
0.0250318965115
0.018257111734
0.0182808493479
0.0385200312961
0.358817013579
0.363719883073
0.36319444808
0.368517393041
0.394943476853
0.393731352498
0.405811247739
0.463829272409
0.378876264802
0.361992926935
0.359521391732
0.364699872311
0.351976161094
0.35835223672
0.385392751678
0.394437259137
0.372504275225
0.349628771998
0.341438555426
0.345541868371
0.33954364984
0.356190371539
0.347939086303
0.0398337667899
0.337942371611
0.347332752675
0.0461318717784
0.0370352546033
0.335107234871
0.0401999999856
0.0190595108375
0.0663225960621
0.037836014198
0.0255532560582
0.0214162815337
-0.0049604897915
0.0338903652046
0.341348669577
0.345047577523
0.3505482195
0.343657436728
0.0316438843326
0.348060255349
0.373281164115
0.394816267588
0.394039272542
0.362049756357
0.345578200745
0.351219865544
0.358331241067
0.33753382659
0.310603488405
0.354556820213
0.363891545842
0.354301875128
0.36526663757
0.392345446633
0.421995817242
0.413078374508
0.40768538169
0.416784589313
0.372966037956
0.0628584492234
0.369949621381
0.411506721662
0.415833789421
0.404058680346
0.377758377304
0.405539738648
0.415291556997
0.376705035802
0.0379165705035
0.0323031568788
0.351235944562
0.356398355514
0.360426917776
0.35247797335
0.331558083433
0.359631426318
0.349470744383
0.0412273369246
0.0439826943297
0.0535191461355
0.34233345386
0.346143263161
0.3561610031
0.35559170336
0.357266929432
0.359563997966
0.361597225138
0.379645743665
0.459690957964
0.403992713742
0.347821983182
0.353605810828
0.345576955086
0.0258394111129
0.0233774864857
0.336898575533
0.335739670456
0.0359643260375
0.0342606775468
0.33759388797
0.348622882457
0.35357721368
0.375962850422
0.365270087443
0.358934903926
0.385867822069
0.425448075478
0.476642570599
0.472024420752
0.418633198367
0.410176339014
0.386245270399
0.387738808088
0.374648725116
0.366966083056
0.358457254135
0.353961264235
0.0572158960928
0.0513982467682
0.316927407613
0.319477406418
0.327559394865
0.356666668707
0.371219036795
0.0499260204634
0.0386075340954
0.048665973966
0.0510017871526
0.350677361904
0.348372577355
0.0540480549901
0.0603488967305
0.0345394534896
0.0516058098518
0.0684789468995
0.0667431761946
0.0516479054601
0.0660162989995
0.336886886569
0.0429624621034
0.33170983875
0.0592265425095
0.0515569868448
0.357096910988
0.363235474679
0.354842602614
0.347453786372
0.0513127783104
0.333965790476
0.339459218851
0.344426780841
0.346387428116
0.34519351372
0.356167163344
0.366212551732
0.383109180277
0.357926535471
0.343970646723
0.3615568987
0.368669557684
0.377001739785
0.341810598601
0.350438866817
0.355729290968
0.362668138088
0.351882410648
0.3401066163
0.335437192299
0.0613999526875
0.328661264496
0.0420812845886
0.0306834623314
0.0397843845066
0.326196913577
0.321809593384
0.0266124795617
0.318510433944
0.357129537226
0.329441507663
0.329119302601
0.319160878116
0.0488794057519
0.0550852895001
0.0367552952955
0.045882378926
0.321558844586
0.317944608453
0.0479436687349
0.326017291052
0.322290869461
0.0448264605312
0.0275021962439
0.0427725663403
0.317268019356
0.31725446859
0.321671896466
0.323900046591
0.0492619712262
0.327622574772
0.33187634337
0.0355324442038
0.329903299645
0.330583488111
0.343864005066
0.0627350824689
0.0355520444255
0.331050063893
0.067708385029
0.0487259202907
0.339509353295
0.344229816235
0.351579139251
0.349178844361
0.0496117859855
0.0511001471033
0.0777721990439
0.050175795501
0.0625499419456
0.338937978361
0.364518783571
0.371445437472
0.381127697021
0.379134744926
0.374152364444
0.368468478606
0.388314541284
0.382979599126
0.443716079207
0.458032249154
0.462165631675
0.462155983685
0.456171888992
0.453011787341
0.456529671016
0.400944413244
0.409422845046
0.462643509209
0.465271188937
0.403880588499
0.358389312451
0.44903251184
0.436302509404
0.409194703082
0.419510869626
0.38076310787
0.379186518588
0.361979984973
0.368888765117
0.374972898937
0.350641871841
0.383176463418
0.455778383599
0.427941563873
0.447236744263
0.376571553065
0.352538968634
0.342886156257
0.359332029379
0.387791315661
0.397422297302
0.361052879475
0.359836031991
0.359005801699
0.411609625329
0.407226787854
0.418005199016
0.414967014632
0.393395316402
0.454717469724
0.471368814576
0.457522958729
0.448758109025
0.492940196373
0.484896181459
0.403974459105
0.38871518862
0.416611511533
0.433978853409
0.421003288837
0.426585256256
0.470608089225
0.468728651656
0.463869814724
0.473253874689
0.471382823363
0.425637250959
0.438819931357
0.457469908769
0.478897357142
0.493548024025
0.495216160277
0.484391776452
0.485043048956
0.429520153879
0.388779372023
0.395977310235
0.419905415759
0.481048475286
0.480495885233
0.44115640595
0.436458564842
0.482960213671
0.494814720382
0.495405102565
0.450612161612
0.364571946075
0.0729825874995
0.366838676074
0.367831420099
0.382987524981
0.391510159373
0.360342117375
0.0868801056046
0.361387224419
0.366020859412
0.383273518889
0.389803111542
0.384453631302
0.375062288945
0.370692819283
0.374745049737
0.386225724369
0.402632691207
0.402802973957
0.407406179545
0.401923529593
0.400165139977
0.380939547592
0.351952872503
0.36913831609
0.363582681299
0.333753279866
0.0559401055988
0.0380251793176
0.0595631060926
0.343919412312
0.350749251883
0.377445725271
0.403665071573
0.417338692659
0.386552355915
0.356549767215
0.351351814621
0.366702561173
0.380235059502
0.355195982897
0.048570096123
0.0663795582548
0.355734202803
0.342549746402
0.355229962241
0.369879775684
0.368587413386
0.348447023875
0.366801587883
0.363056857757
0.37128200933
0.381891336424
0.372406297101
0.383944610531
0.385446839966
0.373900089721
0.3704621313
0.0824034736682
0.35566152651
0.356970077801
0.0880899439921
0.0865853395761
0.366103697294
0.370873702706
0.0861533914495
0.0787755914919
0.072956499354
0.370288628165
0.401479847756
0.41627012961
0.451019829489
0.458576961127
0.426836854721
0.445000925558
0.481524998457
0.436558365576
0.424691860875
0.378363518201
0.368594677252
0.362592292307
0.348844453141
0.363567001446
0.382583370936
0.383621765376
0.36131497537
0.371643662858
0.38080403754
0.382316987074
0.396878448701
0.404415042891
0.364366571928
0.0480331802087
0.349656745309
0.366616907628
0.343910694376
0.338493210188
0.0472469690788
0.067704099391
0.0747840876105
0.0496577033385
0.0773554277128
0.347834678922
0.347677798965
0.353739203086
0.0716470883366
0.0461418924461
0.360426248022
0.40557273397
0.416011321251
0.381705621967
0.396607953282
0.432616916381
0.460233960685
0.426137445855
0.392345345111
0.380993275668
0.37231649049
0.373997721545
0.365467128236
0.358578296617
0.365176169825
0.365396868082
0.355631593063
0.359208006185
0.349289640717
0.354190635438
0.339879865326
0.0662134160556
0.0690600872536
0.0880716928288
0.0690293008805
0.0824709872772
0.0755669159258
0.0782834076463
0.0858737780237
0.0843491811815
0.0828746101892
0.0934255931128
0.0832001750167
0.0774712052927
0.0475600628771
0.0294564918865
0.0491045739172
0.077111597422
0.0949065776503
0.0948064710755
0.090200953418
0.378633090929
0.364289506388
0.0729777073451
0.0856613431615
0.357831413289
0.372891283355
0.416635904748
0.405624277394
0.370812044029
0.379713474532
0.103883129105
0.112780549283
0.10603445566
0.0941303282553
0.107047733049
0.0906895770907
0.107682587231
0.428901897124
0.470207972443
0.489884708924
0.50425249774
0.484364181216
0.508912968176
0.49560348039
0.476533728873
0.487064901913
0.446648221087
0.0954105141643
0.0892994434216
0.12601559577
0.141616211639
0.424867149755
0.465864407854
0.480976250818
0.47845047972
0.481874026512
0.482999984152
0.49841718991
0.510407593359
0.498323323519
0.511088529242
0.512841570776
0.509542643476
0.501461792459
0.489317184988
0.488154905688
0.484359956384
0.489491406866
0.500074391607
0.505574662839
0.513303217719
0.500023623055
0.491841399549
0.486346315928
0.459989964612
0.425137970752
0.452065537599
0.487176304137
0.509807106454
0.497899388147
0.469618286069
0.509461802808
0.515841567427
0.509582086409
0.506529733371
0.475769186875
0.460509840607
0.49966506139
0.530179872977
0.520947174377
0.512159634002
0.52970402021
0.521227022092
0.512805780828
0.52881587546
0.533790047445
0.524858152099
0.522790188142
0.518725998472
0.513464775548
0.526610237024
0.507423155972
0.503010457715
0.51997488117
0.5005554819
0.479638312553
0.151015410926
0.143377846652
0.147708605473
0.0919121675394
0.0965340348301
0.107401602723
0.118209754679
0.434541361084
0.116423345343
0.100854195363
0.099318343683
0.101750926213
0.390148833825
0.390874769328
0.105786716367
0.39314960489
0.117449354104
0.113192909289
0.108766551794
0.0922290434388
0.117066033099
0.404865210921
0.113478098831
0.404746895142
0.416415873237
0.478754911755
0.484477337264
0.431179150863
0.415997295986
0.468652251725
0.489147960311
0.468791668755
0.150263440208
0.136892959556
0.154649757768
0.426610386701
0.4639534454
0.448690237985
0.443970909491
0.18242211667
0.456409075313
0.477947241917
0.196195793094
0.212176962174
0.215617318901
0.505632936568
0.512419840257
0.519734239654
0.515857222601
0.511181065595
0.518536418989
0.5005904697
0.508003189211
0.505428008498
0.507378145082
0.509179975745
0.514885936584
0.508465495521
0.509519440182
0.522388496917
0.507681220784
0.500496929658
0.499286263706
0.507256227357
0.49357464963
0.182878701889
0.155321513999
0.11772320398
0.0971389313444
0.100305503489
0.124506687856
0.170026588124
0.46446775325
0.485774731924
0.192789597982
0.186487847213
0.191412126021
0.187955267519
0.489983949272
0.481483013661
0.197182521777
0.478075562519
0.485336572724
0.166432704608
0.161590938843
0.163355978393
0.144875695327
0.110719722096
0.124243616842
0.125816749575
0.128202885051
0.113847840015
0.134668255631
0.129821619579
0.124371303854
0.134626565624
0.142219712183
0.137165063653
0.126678885406
0.149971456248
0.446200722174
0.152260043211
0.178991460891
0.194483692148
0.206509830107
0.214420168663
0.21473292073
0.494614360065
0.222422800343
0.520912152816
0.51624194542
0.51334078869
0.525877265091
0.202011985457
0.187158665525
0.509754874922
0.524814903864
0.518445906843
0.521280355025
0.533308373115
0.523307464431
0.518790809731
0.506204933288
0.528452304109
0.524870172709
0.523764590393
0.50466356774
0.512359421205
0.526278609392
0.227525762773
0.223250819675
0.20902429289
0.230911697191
0.504722883487
0.517863105575
0.529550519531
0.526058258543
0.519820726095
0.507724162148
0.234461507493
0.228588723259
0.487386346532
0.203463879042
0.485617726996
0.484047898108
0.500312247462
0.469867291413
0.450606915759
0.496810038697
0.488197031946
0.492602752555
0.49748044964
0.512579612085
0.509427656281
0.517789792768
0.520876491685
0.241290578211
0.517386280893
0.524865570052
0.519878220159
0.519928184753
0.530244880994
0.518519221289
0.522700549485
0.515894705339
0.244664593547
0.244119660285
0.242872745454
0.226770238148
0.233782846148
0.237981926823
0.235559599713
0.23324637982
0.20783030002
0.211955008722
0.209851011015
0.201986521009
0.226009842969
0.227506385053
0.517041730108
0.520578089439
0.226357081271
0.520040962339
0.504271744964
0.519103109519
0.513653247769
0.499007732028
0.491355129611
0.515900948633
0.491919656026
0.18877942573
0.199929490209
0.195189717431
0.204941584648
0.225589435916
0.229014194985
0.233886836986
0.214041284478
0.22109698657
0.243409520216
0.238558179464
0.237446065922
0.217002215163
0.200003027657
0.203959152651
0.220205299421
0.219988673954
0.227617495241
0.195048705289
0.152247226403
0.183959108927
0.172560127215
0.158036667305
0.123038910212
0.162619146715
0.2114500046
0.195019773283
0.219512299934
0.195083716022
0.201362877919
0.195254566041
0.156220588293
0.201904359724
0.512721836049
0.500872194534
0.516994950552
0.511987507708
0.221513553375
0.229263642107
0.254096858034
0.2537168971
0.532655437074
0.533246452989
0.245547934043
0.229374955239
0.507144330374
0.520293205949
0.521485786788
0.528688260104
0.523633613489
0.515424086875
0.517383023396
0.238251315049
0.223137035462
0.224664325694
0.235503501597
0.243739606361
0.247684322045
0.246220442576
0.233366000897
0.241040410858
0.238754684621
0.248134992762
0.269442774577
0.255060157687
0.261446586309
0.253517325707
0.238707710968
0.254703879326
0.256471405723
0.251221855474
0.223637692287
0.208277622187
0.257658531029
0.225698422252
0.205358962261
0.209845980173
0.19816657979
0.213159974703
0.211660138816
