-9056.31803593 -5327.11511719 -750.615227073
-9966.1440948 -6703.35130823 -1084.38274107
-9536.92137962 -4957.29148535 -123.855679241
-9614.63921655 -3520.07623689 -447.519168004
-8914.88862855 -2618.09080687 -17.8327912227
-9544.61846723 -3156.42410886 -386.834909658
-9986.28422754 -3506.79154988 -374.823408229
-9646.11448287 -2410.9351423 -18.6658857828
-8372.83690625 -2521.52640046 -95.0342618151
-9871.30681585 -3569.13484945 452.689360384
-9691.67222141 -4059.05541383 494.039012126
-10011.3338231 -4863.6457435 -237.645076016
-6697.43075043 -956.534289115 783.396584535
-9368.32932676 -3935.90621358 -199.69896618
-8447.23304144 -2039.20772042 -287.065725591
-9054.37369895 -1042.66864935 1262.54521997
-4416.07057376 -579.382045852 751.728048088
-8960.14489706 -1966.11529384 -228.930193739
-8320.65797738 -2513.32768415 395.484414935
-10010.8457986 -2239.04559109 -8.66518424658
-8873.30790858 -5068.3464536 -53.4632227893
-9539.05258281 -2361.14067111 443.847142647
-3702.82234826 -781.268226824 234.248596859
-6889.10918583 -1576.35989721 446.785030071
-8036.42342275 -1646.10975994 56.1351437668
-9575.27958345 -2344.48964262 481.468046384
-2267.51754804 -403.25318577 773.461012883
-6067.03398555 -1480.23222566 149.135406498
-8354.46127425 -1109.10707359 438.303218074
-6006.54286251 -712.251052412 744.398186201
-8391.33309287 -1748.26454656 625.829090693
-2752.71400699 -212.751475104 779.677239715
-8279.51906184 -845.566692065 849.04703076
-9207.63690503 -2494.70835086 639.15932138
-6906.13940859 -1336.70906023 1149.75711777
-9695.41445619 -910.164128514 908.228430316
-6640.79724216 -887.836507799 638.367069225
-10071.497849 -2689.48873443 493.727755093
-9944.5741462 -3590.48603938 688.588187584
-9987.12847539 -3537.57133397 378.512670818
-8542.625087 -2234.57672823 528.090988438
-7085.88543758 -768.358339251 1019.20525913
-9522.32905252 -981.069686328 1062.98951273
-6123.96884566 -641.841450776 695.407409182
-9881.47243688 -2316.90587183 518.520251533
-2315.22316713 164.828448329 1212.431958
-8196.00783373 -1492.12864224 -9.68533183087
-8421.58124325 -2399.08549001 865.332705556
-8447.45595154 -1684.14303091 1058.19001631
-6199.42126351 -1146.70399921 900.969170602
-8602.75251186 -922.010092344 846.458592928
-501.864744499 346.743237388 938.756782711
-6117.31192292 -675.087243501 1219.26202204
-8357.50865022 -1428.25908934 1025.77392493
-8293.87028115 -1894.54701695 1400.39659909
-5576.00247811 -397.254708137 625.69678
-8246.23084192 -2347.86201789 953.624277792
-8310.43841634 -1117.96676546 776.698661458
-8366.99558292 -1708.62188589 1181.36936818
-2990.4051837 -345.523925073 941.980242223
-8432.95438111 -981.961026793 831.473546223
-813.11958811 149.22300632 1025.79372426
-8400.4274718 -2029.0575896 1062.93077861
-2756.17094537 -331.274813514 1048.70088437
-5008.25267601 -560.165380208 700.71169867
-8421.85285669 -2111.11964413 727.582567142
-8470.12788315 -1824.86803822 414.922910177
-8402.61044742 -816.201730949 1079.47527611
-7395.60198582 -1030.9719041 982.81272557
-8364.59270059 -1519.06010457 1086.76531784
-8961.16500293 -558.132338884 1029.19987925
-8494.51124057 -935.163825081 957.751372339
-527.734414002 269.863585747 1063.74411049
-4493.98983594 -34.6308974395 1129.63185408
-8433.06605379 -1080.86023016 918.373531958
-9027.43887983 -2917.2771344 527.34067572
-3803.52200721 -440.278881573 817.083532937
-5378.42051823 -538.761225475 904.393990353
-6424.46459767 -877.958047117 1014.63504275
-4925.92790132 -492.28882346 1199.89534736
-484.554478403 254.579101072 897.641117997
-8609.77031757 -1710.51793953 848.425601425
-8441.81669908 -656.040516057 1084.11924082
-8591.12481186 -2050.02710181 1130.80598861
-8325.10034429 -637.283173214 856.856697912
-8385.05749296 -1201.53294125 991.435804026
-4252.07058371 -245.475408436 877.730883434
-6938.60839722 -532.445444904 1090.10493138
-7964.61085173 -594.060901179 1175.00498596
-7485.66179628 -390.266166252 1033.4793674
-5224.6264567 -390.23122994 665.986845395
-8036.37393404 -1308.73995886 1089.69421062
-3552.03748984 -113.268804203 756.118455913
-220.580070572 262.638348941 782.648785292
-206.616408432 381.838341176 802.153877643
-498.535184176 452.391484985 1203.65386453
-8505.79492988 -2322.56535893 521.462495125
-7784.447206 -1157.95443954 1135.01981185
-4414.70071029 -484.67500218 936.58292745
-3316.12597927 90.009163809 894.667535249
-385.665697153 112.108983974 1204.04532992
-6721.09767816 -671.229148868 919.249215791
-3800.45687127 -434.693893862 985.869275606
-2294.89171898 -439.510420231 1089.60705301
-3024.39914319 115.971994595 1236.33092172
-8362.15087649 -1437.43114721 932.894846197
-5172.94602773 -615.680658451 1167.39967602
-2423.16633501 -25.9809980722 815.320820436
-4614.59314472 -508.109271428 986.319139418
-8214.77271928 -496.501814232 1093.52496527
-499.058510038 309.799275393 1259.24769924
-3176.52450547 -363.936278877 1095.67976985
-3679.26001915 -32.1142323658 1248.72643576
-6260.8878951 -128.018960642 1073.35332853
-7876.58217473 -575.181119719 1043.73511288
-435.410561439 360.720315981 1152.70350479
-1210.08648196 319.28719334 1110.65608752
-1539.90227291 263.681726948 1131.53127474
-1417.8739639 304.620402721 1064.43027845
-2936.13608025 -106.900051026 926.354305779
-402.107135526 389.315536006 1159.61735053
-7393.13016652 -1536.45000028 1155.80381428
-2265.82796537 -100.946484835 1014.14734065
-7581.05358571 -1672.1633183 1537.13959087
-4828.55263252 -500.075099152 605.65424039
-7983.16369585 -698.357795786 1157.44699732
-2961.32183567 81.7305315436 1303.14060461
-8402.4572299 -748.521267353 975.691852865
-1656.04033256 98.1182618111 1328.13550453
-945.412545076 -22.2768333863 983.804321445
-3721.30801097 -353.143691865 1367.0620277
-3997.7022918 -103.044008707 996.969761048
-6252.10286532 -1115.90981864 970.247988818
-6101.22548651 -932.789328295 985.491498001
-393.340135199 491.048474704 1202.11015405
-3004.63432976 187.111457248 1331.46680545
-2481.8020611 71.7004519527 1124.25683049
-1235.92306416 473.207179595 1262.04965709
-1750.14031848 90.5944723404 1294.56664644
-303.614210194 274.362174913 948.274098129
-8516.03202049 -512.090411526 1258.04514396
-8016.01501049 -612.663110254 1287.75979115
-2587.40282993 -271.314681604 1263.6969188
-8564.52583193 -889.702196694 1210.74259586
-1463.5638938 360.649203814 1177.47187392
-857.04082665 202.036040712 1066.25912749
-462.31923004 225.521652073 1098.18676647
-1413.61314152 13.3790890676 844.256623061
-788.807704573 -36.8458471791 1161.04746721
-978.158919845 268.235169374 1079.24687121
-905.984564859 257.042253488 1160.21420408
-3145.04656627 -467.253590953 1215.74203114
-4079.8936108 -529.675386086 1145.72785736
-8463.68994851 -1301.56123039 1077.95248147
-713.922205098 373.163932882 1230.99333442
-8648.47325149 -976.245459884 1290.47439421
-9016.31193824 -767.338545679 1357.8070228
-8176.17935641 -1329.44664819 1019.16915971
-3294.28301242 -63.9338448399 1118.48831606
-1325.77786883 167.578576677 1412.19134611
-8595.80697027 -698.514729259 1017.02624015
-1347.39167056 356.758462854 1361.3168898
-8079.62748807 -931.446571273 480.127213261
-864.748526419 431.550713579 1355.37222955
-6158.9721996 -986.680353414 1346.86050369
-6865.5129111 -1309.97644696 1148.62351878
-1475.13233164 82.4558257795 890.228701738
-2000.2360003 -49.0554973309 1305.05807652
-6141.5610014 -188.455983814 1425.38938577
-3501.35665962 -735.081547762 790.75934706
-83.3471022405 653.137814991 1264.97771177
-7923.82175733 -1600.02843355 207.873209739
-3971.63615168 -400.686256634 1100.68929372
-7975.38709849 -1456.14389601 785.387479439
-3629.46599977 -119.037474708 919.489124279
-7930.29387306 -667.68375415 988.057558351
-3980.03549438 -334.370680919 1158.22522054
-451.893915632 301.403395593 1091.76361854
-3161.88685015 -333.093862577 1082.02128564
-7358.51090463 -623.946921272 1071.64128919
-1009.90545448 412.413367569 1267.03934499
-671.271758748 338.383327221 1008.23824942
-4931.41321063 -485.592878485 963.75596951
-8386.62922647 -836.385752013 1247.87013173
-7093.7840842 -712.918697058 1171.88549975
-8005.61821358 -1040.81434067 1129.61103833
-5871.39988512 -341.580660718 1102.70565839
-8467.82123964 -1225.9638136 947.814648988
-9033.94686615 -2432.46405328 1049.2009
-5982.16667842 -327.424662486 1169.82079754
-1874.64071764 68.4060168829 806.517523836
-2016.16322337 52.1566192951 1263.42898074
-3957.02272522 -812.192479014 1202.29076676
-3236.96740401 -70.8141116981 1233.89999045
-3607.8408383 -146.332498405 1202.22932593
-7034.11352765 -648.888859977 1176.247307
-1649.59555179 365.178565719 1004.82711394
-8197.19607474 -2081.85369844 1021.70395719
-551.379005645 296.169369586 1048.69801281
-319.142722697 458.937273208 920.554206246
-187.925884313 409.792237028 1109.63255579
-2747.05722957 -223.871044526 955.569006064
-298.96364501 472.917455942 1051.45816023
-701.945538259 426.31501076 1237.66829161
-4889.7091925 -93.912872774 1160.09537468
-1227.90955052 179.710699402 1238.44504396
-4556.22753105 -101.156693573 1137.03187088
-5398.07611107 -165.774785664 1076.77263029
-245.070957378 656.489486337 1452.38491921
-2184.98042735 -25.0028366654 990.495288866
-461.321956869 500.179346534 1290.39746255
-567.559266243 152.219336963 952.48306867
-428.962331666 313.641361594 1080.83678924
-255.014500976 354.425563267 1012.77303614
-260.938967243 518.464662348 1113.99008476
-5790.77409172 -378.859531547 873.186687617
-1753.06897289 -170.95813649 1170.34741686
-1048.95535642 418.398898489 1232.14191233
-1516.10031392 -92.3505779542 1235.91001659
-833.581451759 378.668530767 1356.44693333
-3759.33223395 -319.146910953 1031.95281473
-3879.00270572 187.515455145 1378.36601009
-1220.69106233 379.513967076 1177.7299405
-5350.09788503 -873.428094921 902.832932285
-243.452213816 372.7684232 1021.09449574
-5306.30684884 -291.681924134 1194.45853701
-547.43184054 518.317072963 1091.56351689
-1419.8751339 107.201362895 959.790126928
-8717.2071631 -460.934771294 1318.1413367
-4846.72698304 -110.628201793 925.979711702
-1060.84230563 575.397411982 1259.8974636
-848.878840072 75.9101390488 929.552075722
-702.434398095 126.354483812 999.58114384
-318.727901786 411.612340417 853.861430397
-7124.34799629 -969.123621673 1223.63954885
-1256.92112335 407.460920851 1245.49014933
-5634.82406327 -657.884059895 698.311000626
-2044.0036014 74.2599387875 1048.12008595
-1750.82373585 56.6488662524 1150.67256671
-6182.20182519 -311.189783005 1119.06162332
-469.879918493 311.235958823 1278.84821711
-1857.18606254 -153.356854954 1034.66130322
-230.505436097 491.534796733 1174.49772145
-533.008454811 691.883615802 1169.19952605
-4821.81396132 -218.657367866 992.994136684
-457.395380159 346.03748822 1160.82671363
-266.485444613 688.777637933 1295.21363057
-132.413189759 773.896000896 1266.65783816
-3204.74689414 -124.72344836 1104.4367436
-1003.31299563 210.242210075 963.264953022
-1513.66403756 447.221435468 1189.43251738
-5321.14513904 -103.586577557 1263.87099468
-1477.32486229 46.1934178003 1023.05290966
-3233.69001701 43.7842888207 1122.6632241
-1942.10270374 170.275264058 1318.47716179
-201.436779617 627.533052691 1112.60463251
-304.450292658 312.732324958 1091.31766077
257.576356895 644.105256725 878.483136755
46.5832948708 555.020453167 750.843567144
46.5804845124 635.489121262 919.547934495
437.848375513 620.409579969 785.683496343
-87.8764164507 612.739719083 985.558917624
462.294169054 717.230346006 959.299500476
208.939949816 585.969288671 952.647297849
231.335934746 598.428340728 917.039682981
360.201608359 604.812301884 877.992709958
396.76435105 668.637601998 808.105283238
469.891140592 652.565405886 784.273613138
320.465981687 756.340228139 1119.16006522
323.771522179 643.262063287 937.22651269
466.730781389 680.551781121 822.883872819
376.876963485 703.505421854 909.097695075
500.1331383 726.549125278 858.69874343
453.240315351 678.584691249 949.23496343
314.33073745 654.002224095 946.864728273
205.779032784 615.594325431 991.758631223
125.759031694 524.250409582 876.760345131
424.207926681 625.77389616 799.208511374
389.762276505 791.319412651 1241.74066823
485.356277004 663.338642331 909.51884138
480.032194638 693.571234719 925.388556149
579.420609744 719.483308252 844.931153497
443.119400817 624.100964184 844.63052367
308.87633126 717.795410631 917.383846303
150.725233422 587.102024161 857.085632703
400.978688443 657.323866103 912.746266831
526.983114453 658.039514849 757.891171471
490.60726004 707.026673684 962.709105474
366.88612327 651.180326575 871.303454169
376.184681082 666.622398867 959.520686907
480.601403673 652.472074937 922.624075373
352.544049601 604.904519197 746.756384375
420.648165608 665.175146925 987.4044596
17.9359567083 613.949635266 878.288639906
424.493432814 691.221704299 1048.39045691
503.706722414 736.831548865 927.432583236
284.613664417 696.592397417 1048.2246659
469.861221511 766.502386609 881.408991904
309.609912338 635.773911237 997.181052507
299.536329786 738.322793864 959.389369348
514.273910416 718.085017317 844.307870907
474.662041822 639.633399666 832.010081592
494.469040602 710.634476018 893.729687019
281.382946148 694.454285035 888.317345725
273.592309814 577.437714774 770.093683764
342.187727024 717.313928503 1045.72506653
400.33534707 638.855732014 821.130987544
128.672351827 602.000612969 777.127256913
356.862736738 673.949360018 864.370814613
355.775875047 762.591714851 1039.52439452
330.995798637 634.498536857 847.757575735
420.066393243 711.660195713 993.674364977
541.376130551 783.196960784 960.111855013
72.459283164 640.94882506 858.055048485
222.696656839 546.907068075 796.224817793
626.746319758 852.236866977 1053.72869654
332.844672295 693.508645477 1132.97144168
399.641328934 665.957093576 800.139660427
443.191956824 653.790367817 882.625232963
244.690523761 708.107594818 1017.7412568
554.931704654 687.144587824 1032.02207665
467.776507658 775.186202462 1083.37611382
306.144510314 681.616338903 873.614868485
425.270757011 754.590221514 1052.52337406
400.838773707 682.719299466 872.269882938
516.331323036 782.317042738 923.706143117
327.513720133 653.789657385 920.212100807
167.067874582 716.350159941 929.415809575
395.922348837 692.657428685 1024.94880596
250.456314248 586.77131692 918.860125959
297.427991336 614.006852922 723.742162006
405.198809145 689.931614403 837.356037724
400.632516784 687.877576529 964.996127722
364.98197147 707.841804359 1009.05269285
472.235463855 654.153332173 921.973316502
187.829957817 579.930694772 830.556573334
326.08806855 665.327330377 885.631896619
470.907039094 670.553935678 952.28274659
436.200553543 657.540954685 868.876083368
422.602797402 682.428075215 922.709248055
437.914175568 712.843898228 905.097274773
417.117452664 674.753928973 908.046068905
547.321238486 742.026403754 920.81076806
438.768848002 693.014613605 966.471061235
318.435265511 674.387255061 939.682386582
549.808682158 702.778931363 860.212934855
673.311752624 790.848259662 978.544246505
420.40433027 731.403716438 1007.18659232
360.469631668 761.823468779 1086.28981918
438.325369935 700.89710376 991.727378055
190.73450106 734.351475214 955.085844208
146.209030787 663.767441701 1049.32442026
357.176859286 696.853255483 1043.60095745
657.48801988 828.068612417 1002.94981035
547.263481676 735.517984735 916.102462863
474.31096726 705.550217247 950.847372693
567.301656 734.528848366 926.269898778
189.871045272 641.409626542 958.085566312
552.983046196 690.092840623 975.173671012
389.695471098 642.214147767 919.295454514
398.680888558 784.181967849 964.609726181
370.904108879 771.533721335 1034.02180117
454.620360279 733.464959656 998.092366317
599.527335709 763.401060696 1011.8943651
560.642501274 768.117785743 972.468733535
436.509106242 710.558910507 918.293622164
524.247651694 836.259615557 971.59978377
538.25002074 756.715261089 851.62712616
491.72107877 800.160555083 1125.36143655
518.844827727 699.597259178 997.502752651
601.709179293 820.434658363 1044.29167062
269.000562645 720.132144735 915.257047857
612.481041764 758.310049118 877.545829719
500.769845915 691.711143256 922.325672263
464.829298484 625.828791498 845.63191523
439.944035876 648.075105453 876.3853859
404.190697539 706.662963206 920.213677506
506.934149887 780.520294475 999.715063918
443.723252143 739.100703834 1138.84185936
422.755193535 711.812330264 968.08636215
479.728845536 747.84137709 1166.78920477
384.568833307 712.217459788 992.619333002
524.847196029 723.28835737 912.974532617
131.734516642 583.867006989 908.100674915
507.634404366 737.196056251 932.684227786
434.725415265 656.258098914 956.079434881
246.547504921 699.846105071 830.2422614
390.124927584 759.588924276 1161.6302224
550.874685189 708.781806918 989.14683398
370.601292494 666.607900142 949.805116127
436.909801108 671.426001021 958.05552232
502.353762879 674.783749006 931.066681888
353.958985199 650.966482604 912.718897248
420.575044671 672.570106588 878.094455784
450.155794915 719.16977842 963.120226591
591.405686929 836.291897816 993.031101017
399.834127319 704.69394508 985.939672742
279.211940073 610.255558188 761.822331692
452.036737816 663.789858192 953.814267696
279.879099769 667.215036754 1100.95551333
478.392756019 694.314199923 968.638376211
285.161403139 664.045010229 918.38313071
446.313053308 764.924858118 1014.55074421
559.850718282 756.934794978 1038.50450814
684.221421542 815.587749224 1087.3314494
429.650248105 671.489726455 848.440984033
489.550412263 728.578725871 1039.78342042
276.560649661 671.837001789 995.421170494
536.778669502 726.709066534 1007.46905866
301.157534834 705.370215978 959.735551868
230.092945038 691.952306871 893.965838617
478.954918867 708.350149616 879.143992026
473.728616773 770.321357982 1070.6664745
536.089249369 741.175518375 958.471081949
569.741599697 733.726264604 952.791713423
560.337007692 740.036656202 921.544903868
606.719371721 807.305537423 956.729920397
329.726176758 690.332170669 903.656838326
425.686286836 582.483858382 777.769858805
577.236817269 722.059914462 961.103812036
432.132897178 726.38760578 878.660569094
528.634783717 756.972470474 1009.92926193
551.674669837 725.941512329 925.414555094
413.977449527 741.734996478 922.580722275
403.008626576 649.645606205 884.219246932
601.927507378 730.920046361 840.598140126
475.593586494 645.520536857 1011.80417231
486.278627426 701.655681861 1056.03327893
580.54336495 774.959765801 937.051973016
273.730794353 639.30265225 949.022026481
156.47550253 707.31811352 941.975752421
168.259227361 636.866480224 875.382773076
516.151255937 737.273810298 872.396244555
614.162569584 806.675844171 928.057431368
591.866223246 794.742031671 934.194366283
492.75878275 768.561908382 1077.95427194
47.3034650528 669.400648228 957.150673301
506.925025755 734.788061319 923.735074482
566.995156131 786.580200466 962.934628033
280.979961777 631.785542751 909.134378686
290.331451899 692.219787134 972.230254295
529.235839674 735.534320893 1048.89590214
370.553077408 774.656319459 1092.16264543
451.345245303 763.751787821 1008.11701133
497.165674988 644.903383903 803.215923732
440.56497608 714.019229401 1128.99766601
432.389774608 745.957035359 1049.79602048
594.789439114 794.564936114 1103.22264295
430.806608729 657.23060765 1003.62750121
146.223410894 614.269785966 1090.03528707
268.809295987 620.213472872 787.423660992
576.751400556 761.9265695 965.385619552
363.308736217 650.887682381 883.227559271
617.410462744 723.652770581 789.73644105
462.373316528 679.911676744 913.090259851
310.824624521 685.689481474 887.671063178
595.925930081 776.729846528 956.344272408
202.92125338 681.525445628 1009.16641034
465.771327353 691.044325434 914.092344678
601.815557523 777.789891173 971.548238838
174.15264921 636.72914339 1014.18108589
263.662290787 735.47717048 972.261902611
660.700309308 787.940359019 958.019285516
580.274927764 730.93842693 844.923171523
274.474993682 719.243448425 913.624735763
427.152733331 667.555847865 967.620248829
108.005233875 588.055350424 915.865155776
315.83667452 709.491699205 920.003572179
492.954839569 769.782727791 997.933287686
512.41329933 731.557128041 967.102440971
410.271716393 734.778131896 969.091902087
436.479297907 718.997221548 971.099460261
629.507624694 775.440213614 999.243731648
660.111641417 744.19419818 911.203965444
528.479949443 722.882271213 957.499780921
583.926735619 822.726588425 1086.65812047
392.872293231 654.33425804 951.594610982
162.287193954 691.579002884 995.967427897
63.2915713426 641.793918142 895.580690185
499.678189166 693.27867073 1043.34536116
573.27149522 750.109051999 918.709987103
255.033765766 657.653929323 867.051610914
341.682663214 627.925125991 833.940402888
483.759657726 712.315643107 955.884091821
636.298423232 741.353429304 836.768119788
426.210003891 649.442420313 840.86298613
295.121888006 648.576969033 967.856085986
416.384633327 715.804889326 875.222707225
309.395634173 745.217790487 977.627853561
520.207716074 657.534258965 876.642708634
475.756458326 659.229050739 845.718316226
102.791452757 605.373592789 884.965151979
536.949078701 774.504901587 1026.05818466
440.794033972 707.966908247 918.969625286
603.907731034 675.585805222 776.419347735
525.420241694 686.962783224 967.640195089
104.885813311 545.131179145 989.681840247
147.854559778 756.841493132 964.774590139
610.803515367 789.148172779 939.326576584
687.787711929 842.58481845 1050.9384028
400.351867426 780.7396397 956.552760285
553.151701444 759.901516154 959.011379526
389.439438152 647.302338561 959.169155147
398.554505856 713.505463143 962.418640026
534.779852986 751.653568586 1126.91073745
511.001309681 778.94768488 1028.57642948
457.691441379 757.264345524 966.672287068
498.409703788 684.214182486 861.002607772
397.488583184 816.176679693 1044.51124512
321.283491133 732.00413634 1073.72578356
594.224505504 717.216844244 1024.94640109
505.53937288 757.049690325 902.429995339
663.101759478 772.441193107 976.972744263
405.640006108 717.698365502 871.493522987
479.246590221 660.056926899 916.403991769
498.17238644 699.527024349 1002.48108131
601.062874913 787.454132722 1130.00349661
579.594770542 722.871088276 961.873512906
544.456545982 765.494679754 1088.08365803
620.068384296 840.14468542 1140.34374451
498.651065793 761.341018259 1006.30650101
595.307185318 788.295863955 953.895565833
361.735918876 678.440292789 878.882079625
403.414774106 717.685890625 998.233740923
335.297123243 630.349560704 964.700918504
473.706823794 701.511330859 946.087018891
433.453732377 660.749400558 881.540454631
541.356619612 740.7365011 1164.83562946
636.364579456 803.370422286 964.13035934
455.168209906 694.109732655 928.181519857
476.076325272 609.046453895 796.880879127
597.527516379 762.528340883 965.783555793
587.039633318 793.207199591 1051.39411526
440.761938533 722.709439173 910.423892115
394.549971334 697.945717242 917.248058011
425.403084976 688.683200171 835.436162266
397.88565918 775.580119756 965.305930621
438.339558154 765.827766562 1002.87769624
550.00905906 684.374541017 823.0493199
435.644250571 754.636276003 990.472237328
123.684109476 727.612746762 1051.87251056
588.458339568 737.462841915 869.518133617
662.129613289 841.420314031 1115.78520943
548.437856883 861.06673371 1085.15441751
353.059993937 722.298774327 1030.16760639
345.465786265 698.991379278 967.275545785
169.218390948 652.876939379 957.929800492
307.351485552 667.471924313 921.29716929
669.373780078 808.594425504 1088.41906443
349.709847678 704.448684786 1122.30526748
552.742376085 735.1280617 908.564418881
391.418137489 739.050512617 961.844747622
277.495585215 642.836875108 915.983920921
588.067569541 742.073464507 993.547140147
296.512449889 715.223986482 1000.44218533
490.25078183 813.674644722 1012.61038768
581.501373659 796.016730742 1083.32466894
435.771282734 663.211535753 886.247454046
422.077299253 696.322871261 858.687626478
245.120871754 633.293234338 762.586954374
421.693521228 646.645375558 865.898330063
437.948386031 771.157797884 1033.71913743
473.853859497 692.225779179 953.379198159
534.938838265 692.194623348 1006.40084522
441.427205094 680.555332388 1066.49029899
516.28549064 765.973389747 1025.5166416
385.617548551 725.775463718 1021.26845353
421.958825339 663.728545468 871.695465001
457.944017108 640.171825622 801.824073406
625.022449515 814.336015523 991.848226533
562.305316825 810.460440153 1004.23353309
471.578161617 723.048488282 959.677719709
477.546794707 742.898837963 947.051646455
203.855330235 732.79971835 1074.22198494
529.212772594 752.722097215 917.661064716
467.717897625 731.959355928 998.059838441
349.588733686 719.531960427 914.956607816
398.990565762 794.049755433 1116.80927437
277.695776803 726.795679935 1007.28023112
641.538832338 823.126161006 1038.44816786
427.684544207 703.18145956 999.400459499
295.445254449 702.829191791 967.131758894
443.123394342 743.023102312 1042.14193426
542.295288463 638.055433913 835.027629242
578.254741757 780.76975146 1125.71631053
437.854951544 689.896927751 902.79781957
459.821033263 650.044279997 807.475508329
560.763114395 809.44740527 1109.07445598
445.107353035 708.174985898 916.191972472
584.932436769 759.892588843 890.85393348
592.948049315 726.896393378 964.399518655
417.709637657 727.058377593 1079.99235855
402.076722375 689.343559466 937.556285153
513.724582468 726.747576714 1002.15410293
468.741380055 691.357548068 979.918111449
401.842725746 636.540018777 1041.31740688
377.812026117 715.13814796 960.873997379
437.264288706 748.933060292 945.207481729
314.029055466 697.325548227 920.53001495
468.839620818 747.894453266 982.358834766
579.833218725 719.693713163 1041.70811077
640.383509335 759.543423767 998.565689473
404.508652862 709.862708131 1124.4656237
512.118601683 683.943214472 1159.61909354
393.155103865 692.995605208 997.482470822
427.940413304 776.141869762 959.336856185
482.708552088 719.593212003 1041.27902397
298.626583945 649.569869747 901.896009378
473.907802429 697.496511336 962.442348284
503.652353133 706.284990105 855.641035615
637.103390098 806.56960516 907.594482828
561.426715073 775.459168153 1082.76175514
-5.27894848837 613.905465494 952.774363593
490.494296285 727.926800583 962.729126272
579.014383889 739.975926193 1024.48564606
622.054213014 798.248658775 1024.78430062
368.522320144 666.497388989 919.070561006
358.539979578 755.2205605 1068.05759705
437.536959795 776.733908383 1007.77190688
522.215222764 701.436379403 958.169547513
482.813072697 732.306513132 874.236078913
259.989860908 676.246605952 892.039395529
431.779018377 795.909509731 1082.44961913
548.754245589 749.617961418 1080.35837845
575.384001767 771.048924467 1049.39089241
429.495373265 729.783087623 948.840361322
556.07083257 736.008117112 879.487744908
505.54635798 686.935508514 897.281524948
256.428109505 760.206129559 1032.43465227
259.446297216 729.050219372 1119.1666869
310.258433323 685.320733576 874.196881873
416.645965577 691.003931565 1030.59096592
578.532828392 743.351718185 952.317954826
671.451049824 772.344882819 955.382728792
320.166259588 656.845061826 867.038667005
447.129613512 729.163950941 1111.97251356
456.609015933 753.354626129 1044.74373747
489.172110432 638.385066506 819.104856265
444.57228123 783.624384315 1016.56357806
434.973352647 724.292796807 997.990987079
575.2842865 776.776608029 1016.43538538
570.567163404 800.945048849 1077.86688651
418.610462259 657.77301183 856.730119107
520.298689733 741.220101352 944.956684576
559.859002348 763.350534956 952.761535599
556.789936206 728.337128851 971.750673924
461.791147934 645.405711168 820.229499801
593.98492076 793.811380869 1125.24845094
309.678944909 706.792892386 960.915028509
511.015442845 773.169509663 953.170447252
437.187446287 716.569029211 1032.5199695
532.012069012 815.795975466 923.761528128
590.441679612 710.176049273 945.307087758
643.47072031 755.492051541 879.595875008
504.885506321 810.340251278 1002.17910797
552.277044856 688.635182975 833.190737406
600.466171246 756.778159447 916.910596663
513.75302518 682.415062334 836.264438213
402.729788908 720.798629531 965.711259884
520.743746321 818.048975835 1035.25160964
509.729337898 760.394213637 913.338671745
398.145295926 713.637129676 958.851939568
432.785790947 746.994103801 888.699054128
481.11536866 802.586946119 994.615633284
646.845907986 789.117726772 1003.19045047
577.461362077 789.469741987 1093.0384346
548.649686313 871.810830737 1172.08330136
544.61642548 779.518801807 1124.79543613
592.738896864 798.041170805 927.666973129
210.558868904 733.452586115 954.28777056
472.948115675 785.313332723 972.110528455
493.41556284 708.558946147 927.217710849
