-601.549476054 -291.276678425 -108.754518423
-771.881352021 -253.319033002 -4.47815440811
-379.818058442 -197.759394212 98.1191056661
-350.729732587 -164.208771432 32.3044104536
-465.942930517 -224.108848007 38.5166122699
-483.721035931 -242.912859891 143.915949209
-387.904780922 -177.687118185 -21.5054460254
-331.179553799 -193.900817539 -139.851590448
-420.483571992 -126.424298049 6.02224116178
-436.458742404 -203.482304235 156.841551827
-750.389748937 -179.452736565 74.6301822449
-595.4105378 -134.750147968 194.098700044
-376.730060612 -123.882091036 145.327069071
-296.75837156 -147.695042549 -51.2550399113
-396.03624841 -81.9901742772 265.767584144
-656.278686677 -91.8537828559 167.284891603
-187.598720381 26.6961554699 354.055636379
-172.786507931 -24.1819812832 133.07508241
-563.473513499 -64.6936983905 352.337121091
-238.877288974 6.00728345289 299.782279027
-273.592405243 14.8939652367 326.414901686
-188.641724434 -2.28951567024 487.492000287
-172.400787637 77.4248817171 493.761950537
-187.18458627 4.17031630663 168.649372737
-75.6549024388 135.729159633 488.605355894
-304.618830401 -8.06182020886 323.003774749
-218.375618336 21.664078746 245.371524457
-149.553804777 109.119666825 394.568529802
-255.287396499 42.8856737272 361.18731295
-93.0205306384 163.564699292 398.284104942
-94.118314782 124.250696344 384.526157753
-103.871932298 127.642916159 338.991716004
-65.4475880906 52.9307789989 320.76116629
-194.290233325 163.592314326 359.374641918
-53.0822538943 62.1150779066 288.09425219
-337.919146547 153.864202772 491.781056124
-187.083995727 113.964371004 340.388512541
-128.337551354 120.897537125 334.885055744
-318.52671118 34.7128727853 277.681272812
-118.276853642 157.091407672 325.820981825
-129.049703233 115.384920078 440.411388099
-483.556255303 67.8971191671 315.343799415
-223.685978712 58.6048536438 338.889001152
-90.6549315141 221.13083133 488.943543636
-154.068750593 124.29869528 480.834577605
-201.185355735 121.116681436 314.103181193
-419.63433115 77.7467015316 456.622693251
-119.653957245 177.968612606 448.762830798
-493.871927288 0.421219087338 415.496816214
-237.181134967 65.3365805583 192.891311865
72.3917361002 244.304136643 453.325197001
-226.505594802 129.789936633 572.910760173
-121.985264979 127.965678079 460.742679029
-39.6057982358 192.803049502 450.21315722
-43.8878005835 141.95157512 283.599608103
-266.402523279 128.477113362 352.591893605
-68.3876224201 143.12192052 368.135245286
53.7622746522 300.886383813 486.393155016
-106.029511575 278.460703955 530.8495811
-157.448376151 215.432362561 536.645009076
-86.5047743841 133.744995306 434.922658048
-188.177665159 156.766937432 724.23016623
-86.3879014236 188.781615789 472.822994645
12.095938932 250.353114301 485.226562358
-178.718430488 276.634173584 691.960076762
-35.8656162923 215.952539605 469.418362634
-231.051078338 109.247694967 342.310033024
-137.871677139 196.833594407 436.358133979
-231.635508296 143.386080136 320.657960358
-17.5389162631 223.448598416 416.051672751
-15.7684170845 213.727208052 447.09314143
-171.038572344 102.285618799 366.326075441
-117.363244659 132.159721987 289.088821636
117.246909415 273.53425235 516.354644216
-334.879296473 79.2870993417 394.653088917
-97.7701417022 181.665942407 359.681539448
-44.9166666432 252.382324314 592.732196812
-2.71466247273 231.633680583 460.07445858
90.0010126022 291.941700011 514.621421202
48.5230431759 222.467135783 579.327915786
-110.01828319 296.199276833 500.415953014
-72.6087041394 194.321809351 323.92288221
-133.833495862 307.851106968 590.556248041
-67.348201588 168.302842031 526.794505261
5.3190356139 229.08879337 472.114552867
117.875686359 281.034058082 623.64848846
-419.947215458 114.130673733 569.397097505
-90.7318199509 162.398659286 374.68001987
37.8897231517 300.558573318 695.283147381
-2.91526960575 195.275721427 295.972190981
0.768032962841 242.736675107 461.289395517
-121.019346079 241.100223025 479.91539701
47.1141086981 250.427198922 451.204194515
-284.862330692 164.346923264 725.915642833
