388.728782751 1600.35746572 2319.28005306
99.0971908979 1175.20086803 2200.15355609
464.432961637 1716.30608012 2264.43152773
997.923922289 1799.01799987 2136.19448704
605.924840513 1714.45473378 2384.71879689
668.202725938 1414.69402957 2065.35278962
-130.724534506 1258.92793253 2388.85726995
1075.37887227 1857.2492308 2389.14367352
130.926148339 1441.08448766 2525.03058945
771.943047203 1648.90005849 2262.88252635
402.380379959 1524.09998902 2192.43080516
-110.673945873 1291.28818942 2265.10314626
148.109203222 1710.42334884 2517.28874581
196.508761348 1328.36088043 2186.95063028
828.668855507 1640.02649667 2066.8094631
227.342566447 1599.04618234 2323.64763409
228.562814581 1236.06817078 2331.87696107
550.71009058 1707.16335192 2201.47663614
74.6405005767 1531.64146531 2194.6750483
89.382032448 1462.34655478 2324.89078699
445.703001037 1683.43710497 2385.14355298
23.0621219285 1257.84755328 2255.87119725
368.371590762 1530.60933702 2454.58803554
232.633106049 1708.04928973 2711.21035618
791.13959763 1699.45404084 2314.6465856
893.32907442 1719.41309185 2515.2793724
365.549178087 1750.20060519 2715.36935157
494.16613666 1808.49550782 2134.7042606
524.950997822 1736.57524477 2261.91116932
1220.05861057 1894.21899037 2387.80826016
675.609109743 1860.94693324 2325.328206
219.035574357 1269.41513418 2124.95707502
221.850255472 1217.77136043 2321.97021524
1215.18580257 1879.19167717 2260.32602385
686.515077517 1731.17025189 2127.2898394
668.109591839 1496.84835197 2381.15659145
487.574784649 1632.49627203 2522.99157899
151.924754045 1833.44146836 2390.8481081
891.836964154 1691.90924448 2388.63460682
300.697362084 1759.26252479 2128.99011476
93.4563756521 1763.48237535 2392.90711163
109.400512801 1551.47002772 2261.86987626
1549.38536641 1921.74190868 2329.99097662
731.211695312 1743.86573195 2321.51138081
573.61799657 1629.51861535 2523.11723019
369.308052229 1463.32298611 2263.74477671
894.719340493 1697.83039989 2258.92635467
695.77696595 1624.32571987 2328.97935453
693.572715897 1900.11138132 2584.40191315
88.0945005559 1509.76443069 2259.3972925
1215.64253205 1667.94159365 2193.84136302
-82.4617597748 1480.01858851 2513.27753546
500.350254848 1617.16108966 2065.02458303
800.217349378 1710.37214282 2389.61428384
362.508173822 1657.44319126 2052.44200851
552.283588883 1381.02885321 2193.14659604
-120.740763288 1929.54195286 2521.0998089
1157.07662615 1723.16597216 2264.15072703
1030.03420622 1563.79891855 2261.65911241
222.928755143 1456.02105203 2520.9117359
672.501075872 1699.57418763 2523.78160737
831.786115601 1716.84337122 2327.65308196
491.95483875 1855.42389042 2652.63091411
1005.16138342 1931.55423422 2458.19670016
500.824434526 1606.94299532 2194.25187304
436.744346545 1704.01309237 2385.89011965
224.331730011 1551.34688007 2522.86072706
1483.2998257 1939.78196449 2236.3135058
629.527792014 1966.18082759 2520.17267202
1419.35968063 1929.41182621 2652.44738902
380.626786418 1662.5069897 2259.53549939
825.985330081 1788.92654375 2449.42054087
1214.75261544 1725.48062317 2199.42706454
334.442650257 1555.7695426 2452.70958098
1674.49097335 2175.12809178 2584.11025709
634.283823712 1915.66579181 2585.81443936
502.496215291 1841.81513908 2641.80984075
617.631713643 1891.4727522 2451.91402728
1008.30661953 1706.51678218 2188.79808531
1542.59280603 1980.88822413 2390.73503376
544.860045754 1657.75979431 2385.07752596
697.604572377 1731.05273947 2649.95135833
687.474388441 1841.16189145 2262.92481341
607.45340108 1826.76062028 2324.78703865
444.907892467 1680.21073681 2461.04375136
884.565851598 1863.91017323 2320.24377399
113.108763314 1395.8123383 2518.62704733
225.586651975 1638.1586978 2458.62311833
1019.66435453 1783.46939615 2449.83894255
1404.35251336 2029.69976793 2586.19812945
220.56645781 1580.47660945 2395.38713467
630.048595928 1760.44080447 2328.28273481
726.052381132 1724.20608272 2458.29192803
1077.15163701 1785.18375902 2388.77418274
235.24139311 1828.12206584 2449.32101392
692.100443004 1601.20711484 2441.49751553
401.330790652 1567.21441924 2772.46878747
-119.672378223 1155.67063957 2254.38985404
1410.41783844 1960.13350949 2576.40101341
1785.507229 2085.03250534 2451.45885733
999.316093733 1792.03614059 2448.13229825
1323.63461234 1728.68152815 2517.42291403
26.6314960761 1610.27567461 2386.84558308
-49.0728522831 1630.94583353 2321.26090819
768.032432907 1526.10939803 2389.21457806
416.587690222 1916.71840163 2583.12052805
1150.84522267 1901.78026649 2453.53184778
298.821958888 1664.21690825 2641.58797318
1863.89332424 2172.992603 2386.26472665
-116.294025644 1773.5394586 2507.78116413
1128.34147189 1645.85128587 2196.37199538
1463.18903033 1864.62867513 2444.19165709
1007.8641434 2012.15996718 2643.51218633
316.155544636 1793.92741771 2582.36152157
1154.44308275 2138.1647582 2515.45740594
1799.13314157 2163.54399282 2508.93464204
1222.58487321 1875.65095273 2445.20309072
227.588043923 1931.4519118 2514.76805463
698.991512932 1794.58086649 2261.39606176
1000.34151931 1735.82704229 2386.93105168
1413.40235172 2081.24991969 2644.23839492
1676.70128594 2063.52890468 2320.09653983
146.088201242 1596.27909288 2518.30341971
496.48373302 1725.58945859 2453.75889387
687.609975588 1731.13250045 2329.82423817
1679.72987793 2102.20883532 2445.68329897
1200.77285817 1951.68342917 2519.20713314
607.519284319 1880.12353279 2642.44470227
1014.68169595 1814.38707183 2259.30619276
-88.7270876399 1923.22732612 2770.41613916
891.488458323 1781.49943071 2645.92126331
