0.061 0.06258 0.0644
0.0606 0.06214 0.0632
0.0602 0.0623 0.0638
0.0602 0.0621 0.0638
0.0606 0.0621 0.0642
0.061 0.06236 0.0652
0.0614 0.06256 0.0638
0.0618 0.06284 0.064
0.0604 0.0627 0.0662
0.0616 0.06284 0.065
0.0616 0.0621 0.063
0.0604 0.06238 0.0636
0.0608 0.06242 0.065
0.0616 0.0627 0.0636
0.0612 0.06262 0.065
0.0612 0.06224 0.0634
0.0604 0.06166 0.0634
0.0618 0.06238 0.0628
0.0614 0.06224 0.063
0.0608 0.06202 0.0632
0.0616 0.06242 0.0638
0.061 0.06238 0.0636
0.061 0.06236 0.0638
0.0606 0.06212 0.0638
0.0616 0.06294 0.0644
0.0612 0.06254 0.0638
0.0616 0.06258 0.0656
0.0616 0.06316 0.0644
0.0612 0.06278 0.064
0.0614 0.06282 0.0642
0.0616 0.06312 0.0648
0.0614 0.06248 0.0646
0.0606 0.06248 0.0638
0.06 0.06236 0.0652
0.0606 0.06222 0.0646
0.0602 0.06248 0.0648
0.0604 0.0621 0.0634
0.0608 0.06256 0.0638
0.0616 0.06246 0.0634
0.0602 0.06232 0.0636
0.0618 0.06262 0.0634
0.0608 0.0621 0.0634
0.0618 0.06252 0.0636
0.0614 0.06256 0.0644
0.0616 0.06256 0.0636
0.062 0.0631 0.0658
0.0608 0.06218 0.0638
0.0606 0.06258 0.065
0.0614 0.0624 0.0636
0.0606 0.06266 0.0654
0.061 0.06238 0.064
0.0616 0.06288 0.0642
0.0616 0.0629 0.0646
0.061 0.0625 0.0648
0.0602 0.06244 0.0642
0.0622 0.06292 0.064
0.0612 0.06296 0.065
0.0616 0.06332 0.0656
0.0614 0.06242 0.0632
0.0612 0.0627 0.0644
0.0616 0.06268 0.064
0.0618 0.06278 0.0646
0.0606 0.06228 0.064
0.0606 0.0621 0.0634
0.0608 0.06244 0.0638
0.0612 0.06246 0.063
0.061 0.06252 0.063
0.0612 0.06276 0.0636
0.0606 0.06202 0.063
0.0612 0.06234 0.0632
0.0608 0.06234 0.0636
0.0608 0.06244 0.0634
0.0614 0.06248 0.0646
0.0618 0.0631 0.065
0.0612 0.06246 0.0636
0.0612 0.06216 0.0644
0.0614 0.06264 0.0642
0.0618 0.06254 0.064
0.0612 0.06214 0.0642
0.0616 0.06268 0.0638
0.0608 0.0626 0.0646
0.0598 0.06216 0.0638
0.062 0.06288 0.064
0.0612 0.06246 0.0644
0.0602 0.06218 0.0638
0.0604 0.06242 0.0636
0.0602 0.0622 0.0632
0.0614 0.0627 0.0636
0.061 0.06196 0.0632
0.0608 0.06206 0.0632
0.0604 0.06208 0.0638
0.0604 0.0622 0.0636
0.061 0.06274 0.065
0.0606 0.06258 0.0642
0.0614 0.06246 0.0644
0.0608 0.06202 0.063
0.0614 0.06248 0.0632
0.0604 0.06234 0.065
0.0616 0.063 0.0654
0.061 0.06196 0.063
0.0614 0.06244 0.0636
0.0618 0.06286 0.0634
0.062 0.0628 0.0638
0.0606 0.06194 0.063
0.0618 0.06286 0.0646
0.0606 0.0623 0.0638
0.0614 0.06224 0.0632
0.0606 0.06242 0.0644
0.0618 0.06258 0.0636
0.0614 0.06236 0.063
0.0612 0.06256 0.064
0.0614 0.06252 0.0636
0.0614 0.06332 0.0646
0.0606 0.06266 0.0648
0.0622 0.06288 0.064
0.061 0.06292 0.0648
0.0614 0.0628 0.064
0.0612 0.0623 0.0644
0.0614 0.06278 0.0638
0.0614 0.06238 0.0646
0.0602 0.06236 0.0634
0.0612 0.06274 0.0638
0.061 0.06214 0.063
0.0612 0.06276 0.0638
0.0612 0.0627 0.0638
0.0616 0.06282 0.0636
0.0614 0.06264 0.0638
0.0622 0.0629 0.0636
0.0612 0.06236 0.0642
0.0612 0.06216 0.0634
0.0604 0.0623 0.0638
0.061 0.06208 0.0634
0.0618 0.06282 0.0654
0.0618 0.06264 0.0636
0.061 0.06218 0.0632
0.0612 0.06242 0.0632
0.0622 0.06264 0.063
0.0612 0.0625 0.0642
0.0614 0.0624 0.0636
0.0614 0.0626 0.064
0.0604 0.06232 0.0634
0.0608 0.06258 0.0636
0.0606 0.06222 0.0634
0.0612 0.06256 0.0636
0.0606 0.06234 0.0642
0.0614 0.06238 0.0638
0.062 0.06256 0.0636
0.0606 0.06218 0.0636
0.0606 0.0623 0.0636
0.061 0.06228 0.0632
0.062 0.06242 0.063
0.061 0.06202 0.0634
0.06 0.06186 0.0632
0.0606 0.06208 0.0634
0.0614 0.06218 0.0632
0.0604 0.06208 0.0638
0.0604 0.06188 0.0626
0.0606 0.06234 0.064
0.0614 0.06294 0.0646
0.0616 0.063 0.0642
0.0612 0.06262 0.0638
0.0608 0.06234 0.064
0.0616 0.06278 0.064
0.0606 0.06234 0.0634
0.0618 0.06278 0.0642
0.0612 0.06242 0.0644
0.0612 0.06236 0.0638
0.0616 0.06222 0.063
0.0608 0.0623 0.0642
0.061 0.06256 0.0646
0.0608 0.06188 0.0628
0.0612 0.06232 0.0634
0.0604 0.06224 0.0636
0.061 0.06244 0.0642
0.0604 0.06186 0.063
0.0614 0.06278 0.0654
0.0604 0.06208 0.0638
0.0612 0.06234 0.0636
0.0614 0.06224 0.0634
0.0608 0.06194 0.0632
0.0616 0.06206 0.063
0.0606 0.0622 0.0638
0.0608 0.06224 0.0638
0.0602 0.06228 0.0632
0.0606 0.06218 0.0638
0.0596 0.06224 0.0632
0.0626 0.0634 0.0642
0.0612 0.06276 0.0646
0.0614 0.06282 0.0634
0.0614 0.0622 0.0634
0.061 0.06246 0.0636
0.0616 0.06288 0.0644
0.0616 0.06274 0.0636
0.0616 0.0628 0.0636
0.0616 0.06318 0.0648
0.0616 0.0627 0.064
0.061 0.06252 0.0636
0.0612 0.0628 0.0644
0.0616 0.06258 0.0638
0.0608 0.06252 0.0632
0.0612 0.06262 0.064
0.0608 0.06206 0.0632
0.062 0.06256 0.0632
0.0616 0.06318 0.0646
0.061 0.06254 0.0638
0.0614 0.06296 0.064
0.0612 0.06224 0.0634
0.062 0.06294 0.0638
0.0612 0.06286 0.0642
0.0608 0.06276 0.0646
0.0618 0.06294 0.0646
0.0614 0.06244 0.0634
0.0618 0.06278 0.0636
0.062 0.0632 0.0642
0.061 0.06248 0.0642
0.0614 0.06312 0.0658
0.0622 0.06286 0.0636
0.0616 0.06272 0.0642
0.0622 0.0631 0.0652
0.0612 0.06268 0.0646
0.0616 0.0627 0.064
0.0606 0.06228 0.0636
0.0604 0.06208 0.0632
0.0616 0.06232 0.0632
0.061 0.0618 0.063
0.0612 0.06194 0.064
0.061 0.06208 0.0628
0.0612 0.06214 0.063
0.0614 0.0622 0.063
0.0618 0.0623 0.0636
0.0606 0.06188 0.0626
0.061 0.06242 0.0632
0.0614 0.06242 0.063
0.061 0.06216 0.0638
0.061 0.0624 0.0634
0.0614 0.06236 0.0638
0.0612 0.06214 0.0632
0.0608 0.0621 0.063
0.061 0.06272 0.0638
0.0612 0.0625 0.0632
0.0612 0.06174 0.063
0.0612 0.06224 0.063
0.0606 0.06218 0.0634
0.0608 0.06166 0.0626
0.0606 0.06226 0.0638
0.0606 0.06204 0.0632
0.06 0.06218 0.0636
0.0618 0.0622 0.0628
0.0614 0.06254 0.0634
0.0606 0.062 0.063
0.0608 0.06216 0.0636
0.0614 0.06216 0.0638
0.061 0.06224 0.0632
0.062 0.06274 0.0636
0.0618 0.06268 0.0646
0.0608 0.0624 0.0636
0.061 0.0626 0.064
0.061 0.06264 0.0636
0.0612 0.06246 0.0636
0.0614 0.0624 0.0632
0.0614 0.06236 0.0642
0.0614 0.06272 0.064
0.0614 0.06298 0.0642
0.0616 0.06256 0.0638
0.0614 0.06236 0.0632
0.0618 0.06254 0.0636
0.062 0.0627 0.064
0.0602 0.0623 0.0642
0.0608 0.06234 0.0636
0.0612 0.06192 0.0632
0.0618 0.06274 0.064
0.0612 0.06226 0.0632
0.0618 0.06252 0.0632
0.0612 0.0625 0.0634
0.0614 0.06232 0.0632
0.0608 0.0623 0.0642
0.061 0.0622 0.063
0.0608 0.06194 0.0628
0.0612 0.0624 0.0642
0.0612 0.06256 0.0638
0.0614 0.06264 0.064
0.0618 0.06256 0.0634
0.0616 0.06244 0.0632
0.0614 0.0626 0.0642
0.0614 0.06222 0.0638
0.0612 0.0624 0.0636
0.0618 0.06232 0.0634
0.0612 0.06252 0.0638
0.0614 0.06256 0.064
0.061 0.06262 0.0644
0.061 0.06248 0.0638
0.0616 0.0628 0.0638
0.0622 0.06304 0.064
0.062 0.06294 0.0636
0.0612 0.06274 0.0634
0.0614 0.06304 0.065
0.062 0.06288 0.0638
0.0606 0.0625 0.064
0.0608 0.06248 0.064
0.0608 0.06246 0.0636
0.0614 0.06244 0.0638
0.0612 0.06268 0.0642
0.0614 0.06294 0.0644
0.061 0.06236 0.0642
0.0618 0.0624 0.0632
0.0612 0.0628 0.065
0.0604 0.062 0.0628
0.0616 0.0624 0.0632
0.0612 0.06236 0.063
0.0616 0.06254 0.0638
0.0608 0.06242 0.0634
0.0612 0.06248 0.0642
0.0616 0.06228 0.0632
0.061 0.06228 0.063
0.0612 0.06248 0.0638
0.0616 0.06276 0.0638
0.0606 0.06218 0.0634
0.0616 0.06238 0.0632
0.0602 0.06216 0.0636
0.0612 0.06228 0.0632
0.0612 0.06208 0.0628
0.061 0.06218 0.063
0.061 0.06236 0.0634
0.0612 0.06238 0.064
0.0616 0.0631 0.0642
0.0618 0.06266 0.0636
0.0616 0.06274 0.064
0.0616 0.06266 0.064
0.062 0.06304 0.0636
0.0614 0.06284 0.0646
0.0618 0.06288 0.064
0.062 0.06278 0.0638
0.0618 0.06316 0.065
0.0622 0.06304 0.064
0.0614 0.06238 0.0646
0.0612 0.0624 0.0638
0.062 0.06294 0.064
0.0616 0.06264 0.0638
0.0616 0.06262 0.0634
0.061 0.06264 0.0636
0.062 0.06268 0.0636
0.0612 0.06224 0.064
0.0614 0.06246 0.064
0.0614 0.06214 0.0636
0.0614 0.0623 0.0644
0.0612 0.06228 0.063
0.0616 0.06258 0.0638
0.0606 0.06232 0.0636
0.0612 0.06214 0.0632
0.0616 0.06286 0.065
0.061 0.06266 0.0638
0.0608 0.0622 0.063
0.0608 0.06218 0.064
0.0604 0.06198 0.0636
0.0608 0.06222 0.0634
0.0612 0.06258 0.0644
0.0608 0.06214 0.0632
0.0614 0.06264 0.0636
0.0614 0.06236 0.0634
0.0608 0.0623 0.0634
0.0614 0.06286 0.0644
0.0624 0.06288 0.0636
0.062 0.06272 0.0638
0.0616 0.0624 0.0632
0.0616 0.06242 0.0638
0.0614 0.0623 0.064
0.0616 0.06278 0.064
0.0614 0.06256 0.0634
0.0616 0.0633 0.0644
0.061 0.06274 0.0642
0.0616 0.06262 0.0636
0.061 0.06244 0.0634
0.061 0.06254 0.0636
0.0618 0.0629 0.0642
0.0606 0.0622 0.0634
0.0616 0.06226 0.063
0.0614 0.06272 0.0642
0.0614 0.0624 0.0638
0.06 0.0623 0.0636
0.0616 0.06224 0.063
0.0616 0.06272 0.064
0.061 0.06274 0.0642
0.0618 0.06278 0.0646
0.0612 0.06234 0.0632
0.0612 0.06256 0.0638
0.0614 0.06244 0.0632
0.0608 0.06214 0.0636
0.0616 0.06226 0.063
0.0608 0.06224 0.0638
0.0612 0.0624 0.0634
0.0608 0.06238 0.0636
0.0612 0.06232 0.0638
0.0606 0.06228 0.0636
0.061 0.0623 0.0636
0.0606 0.0622 0.0638
0.062 0.06254 0.0632
0.0618 0.06246 0.0632
0.061 0.06234 0.0636
0.062 0.0625 0.0634
0.0612 0.0623 0.0636
0.0616 0.06244 0.0634
0.0606 0.062 0.0632
0.0608 0.06232 0.0646
0.0614 0.0626 0.064
0.0614 0.06216 0.0632
0.0624 0.06312 0.0638
0.0602 0.06222 0.064
0.0614 0.06244 0.0632
0.0608 0.06244 0.0644
0.0614 0.06256 0.0634
0.0616 0.0623 0.0638
0.0622 0.06332 0.0642
0.0616 0.06286 0.0634
0.0616 0.06236 0.0634
0.0624 0.06348 0.065
0.062 0.06316 0.0644
0.0622 0.0631 0.064
0.0616 0.06306 0.0646
0.0616 0.06354 0.0646
0.0624 0.06324 0.0648
0.0618 0.06314 0.0642
0.0618 0.06324 0.0644
0.062 0.06316 0.0642
0.0614 0.06294 0.0648
0.0612 0.06304 0.0654
0.0618 0.06306 0.0646
0.0616 0.06258 0.0636
0.0616 0.06254 0.0634
0.0612 0.06278 0.0636
0.0608 0.06218 0.0628
0.0614 0.06216 0.063
0.0616 0.0624 0.0634
0.0618 0.06242 0.0628
0.0612 0.06242 0.0638
0.061 0.0626 0.0642
0.0612 0.06214 0.063
0.0612 0.06202 0.0626
0.0608 0.06242 0.064
0.0612 0.0625 0.0636
0.0612 0.0624 0.0646
0.0612 0.0623 0.0628
0.0606 0.06218 0.0636
0.0614 0.0623 0.0632
0.0614 0.0626 0.0644
0.0618 0.0628 0.0634
0.0606 0.06214 0.0638
0.0602 0.0623 0.065
0.0612 0.06226 0.063
0.0618 0.06284 0.0642
0.0614 0.06256 0.0634
0.061 0.06224 0.0634
0.062 0.0626 0.0646
0.0604 0.06246 0.0636
0.0618 0.0624 0.0638
0.0608 0.06258 0.0636
0.0618 0.0627 0.064
0.061 0.0625 0.0642
0.0614 0.06288 0.0638
0.0612 0.0629 0.0644
0.0614 0.06222 0.063
0.061 0.06214 0.0632
0.0612 0.06246 0.0634
0.0616 0.06238 0.0634
0.0608 0.06258 0.0634
0.0618 0.06268 0.0638
0.061 0.0623 0.0636
0.062 0.06248 0.0628
0.0614 0.06224 0.0634
0.0612 0.06244 0.0632
0.0612 0.06256 0.0636
0.061 0.06234 0.0634
0.062 0.06278 0.0638
0.0612 0.062 0.0628
0.0616 0.06214 0.0628
0.062 0.06292 0.0638
0.0618 0.06246 0.0634
0.0616 0.0626 0.0634
0.061 0.06262 0.0638
0.061 0.06248 0.0642
0.0614 0.06236 0.0638
0.0614 0.0624 0.064
0.062 0.06274 0.0634
0.0618 0.0626 0.0634
0.0614 0.0629 0.065
0.061 0.06246 0.0638
0.0614 0.06248 0.0644
0.062 0.06248 0.0638
0.0618 0.06272 0.064
0.0612 0.06234 0.0636
0.0614 0.06224 0.063
0.0608 0.06232 0.0634
0.0616 0.06244 0.0632
0.062 0.06274 0.0638
0.062 0.06302 0.0646
0.062 0.0626 0.0634
0.0616 0.06282 0.0638
0.062 0.06308 0.064
0.062 0.06304 0.0644
0.0618 0.06284 0.064
0.0614 0.06278 0.0644
0.062 0.06286 0.0638
0.0622 0.0627 0.064
0.0626 0.06336 0.0648
0.0618 0.06292 0.0648
0.0616 0.06276 0.064
0.0618 0.06286 0.0644
0.0622 0.06298 0.064
0.0624 0.06294 0.0636
0.0622 0.06314 0.064
0.0618 0.06302 0.0642
0.062 0.06294 0.0636
0.0614 0.06296 0.0648
0.062 0.06274 0.0638
0.0612 0.0626 0.0636
0.0616 0.06288 0.0636
0.062 0.06312 0.064
0.0624 0.06316 0.0652
0.062 0.0631 0.0638
0.0618 0.0631 0.064
0.0616 0.0633 0.0646
0.0622 0.06322 0.0644
0.0624 0.06338 0.0638
0.0624 0.06328 0.064
0.0624 0.06306 0.064
0.063 0.06346 0.064
0.0626 0.06324 0.0644
0.0624 0.0633 0.0648
0.0628 0.06332 0.064
0.0628 0.06348 0.0648
0.063 0.06356 0.0646
0.0624 0.06336 0.065
0.0612 0.06278 0.0638
0.0626 0.06308 0.0642
0.0622 0.06304 0.0642
0.0624 0.0631 0.064
0.0618 0.06328 0.0644
0.0622 0.06328 0.0656
0.0622 0.06346 0.0644
0.0624 0.06346 0.065
0.0624 0.06302 0.0642
0.0618 0.06278 0.064
0.062 0.06306 0.064
0.062 0.06328 0.064
0.0624 0.06318 0.0642
0.0624 0.0632 0.0636
0.0622 0.06294 0.0638
0.062 0.06336 0.0652
0.0616 0.06302 0.0646
0.0616 0.06324 0.0646
0.0614 0.06314 0.064
0.0624 0.0631 0.0648
0.0616 0.0631 0.0652
0.0618 0.0628 0.0642
0.0612 0.06316 0.0644
0.0612 0.06264 0.0638
0.062 0.06296 0.0638
0.061 0.06286 0.064
0.062 0.06284 0.0638
0.0616 0.06306 0.064
0.0622 0.06316 0.0648
0.0614 0.0626 0.0642
0.0608 0.06258 0.0644
0.0614 0.06258 0.0634
0.0616 0.06308 0.0642
0.0622 0.06296 0.0644
0.062 0.06272 0.0636
0.0614 0.06286 0.0642
0.0612 0.06242 0.0634
0.0622 0.06268 0.064
0.0616 0.06236 0.0638
0.062 0.06284 0.0648
0.0618 0.06272 0.0636
0.062 0.06254 0.0638
0.0614 0.0622 0.0636
0.0618 0.06296 0.064
0.0608 0.06278 0.0642
0.0616 0.06268 0.0644
0.0616 0.0628 0.0638
0.0616 0.06258 0.0648
0.0624 0.06326 0.064
0.0622 0.06324 0.0642
0.062 0.06272 0.0634
0.062 0.06278 0.0632
0.0622 0.06294 0.065
0.062 0.06328 0.0642
0.0616 0.06234 0.0636
0.0614 0.06278 0.064
0.0606 0.06262 0.064
0.0616 0.06264 0.0632
0.062 0.06284 0.0642
0.0616 0.06268 0.0644
0.061 0.06256 0.0634
0.0616 0.06248 0.063
0.0616 0.06268 0.064
0.0618 0.06302 0.0652
0.062 0.06332 0.0654
0.0614 0.06302 0.064
0.0616 0.06288 0.064
0.062 0.06296 0.0644
0.0616 0.06276 0.0634
0.0616 0.06292 0.0644
0.0612 0.06248 0.0644
0.061 0.0621 0.063
0.0614 0.06254 0.064
0.0618 0.06262 0.0632
0.0616 0.06256 0.0632
0.061 0.06212 0.0632
0.0618 0.06226 0.063
0.0614 0.06242 0.0634
0.061 0.06236 0.0642
0.0608 0.0622 0.0632
0.0616 0.0625 0.0638
0.0606 0.06264 0.064
0.061 0.06196 0.063
0.0612 0.06228 0.0634
0.0614 0.0624 0.0636
0.0616 0.06242 0.0632
0.0612 0.06222 0.063
0.061 0.06224 0.0632
0.0612 0.06224 0.0636
0.0612 0.06218 0.0628
0.0606 0.0623 0.063
0.062 0.0626 0.0632
0.061 0.06202 0.0628
0.0612 0.06214 0.0636
0.0608 0.06202 0.063
0.0608 0.0621 0.063
0.0608 0.06244 0.0636
0.0608 0.06212 0.0634
0.0612 0.06248 0.0638
0.062 0.06232 0.0632
0.0618 0.06244 0.0632
0.0606 0.06218 0.0634
0.061 0.06212 0.063
0.0616 0.06258 0.0636
0.0608 0.06238 0.0638
0.0614 0.06216 0.063
0.0614 0.06246 0.0638
0.0608 0.0619 0.063
0.0618 0.0627 0.0642
0.0616 0.06242 0.064
0.0612 0.06236 0.0634
0.0622 0.06264 0.0634
0.0608 0.06208 0.0634
0.0608 0.06236 0.0634
0.0614 0.06244 0.0634
0.0616 0.06238 0.064
0.0614 0.06248 0.0636
0.0608 0.06268 0.064
0.0618 0.06268 0.0642
0.0614 0.06266 0.064
0.0614 0.06282 0.0642
0.0612 0.06238 0.0634
0.0608 0.06262 0.0642
0.0618 0.06298 0.0642
0.0608 0.06232 0.0636
0.062 0.06246 0.0638
0.0624 0.06298 0.0638
0.0616 0.06266 0.0636
0.062 0.0632 0.064
0.0618 0.06288 0.0644
0.0616 0.0629 0.064
0.0616 0.0628 0.0638
0.0606 0.0624 0.0634
0.062 0.06254 0.063
0.0614 0.06242 0.063
0.0614 0.06276 0.0638
0.0618 0.0627 0.0636
0.0616 0.06236 0.0634
0.0618 0.06272 0.0632
0.0602 0.06238 0.0636
0.0616 0.06262 0.0642
0.0618 0.06262 0.0636
0.0614 0.06286 0.0636
0.0618 0.06264 0.0636
0.061 0.06238 0.0638
0.062 0.06258 0.0638
0.0616 0.06278 0.0638
0.0622 0.06274 0.0634
0.062 0.06288 0.0636
0.0608 0.06276 0.064
0.0606 0.06284 0.064
0.0616 0.06264 0.0634
0.0616 0.06274 0.0636
0.0618 0.06266 0.0648
0.062 0.063 0.0644
0.0622 0.06296 0.0634
0.0618 0.06302 0.0642
0.0612 0.06284 0.0638
0.0618 0.06296 0.0646
0.0626 0.06314 0.0642
0.061 0.06256 0.064
0.0622 0.06286 0.064
0.0608 0.06224 0.063
0.0614 0.06288 0.0642
0.0614 0.06272 0.064
0.062 0.06296 0.0636
0.0616 0.06274 0.0642
0.062 0.06288 0.0638
0.0618 0.06278 0.0644
0.062 0.06272 0.0642
0.0618 0.06302 0.065
0.0618 0.06246 0.0632
0.0612 0.0624 0.063
0.0616 0.06256 0.0634
0.0608 0.06246 0.0638
0.0616 0.06278 0.0638
0.0612 0.0625 0.0636
0.0616 0.06256 0.0634
0.0616 0.0624 0.0634
0.0616 0.06242 0.0634
0.0614 0.06238 0.0648
0.0612 0.06232 0.0642
0.0618 0.0626 0.0636
0.0614 0.06214 0.063
0.0618 0.06256 0.0638
0.0618 0.06256 0.0638
0.0618 0.06238 0.0634
0.0612 0.0621 0.0632
0.0618 0.06248 0.0636
0.061 0.06218 0.0634
0.0618 0.0626 0.064
0.0616 0.06238 0.0636
0.0614 0.06232 0.0638
0.0608 0.0622 0.064
0.0614 0.0623 0.063
0.0622 0.06274 0.064
0.0616 0.06222 0.0636
0.0618 0.0626 0.0636
0.0618 0.0626 0.0634
0.0612 0.06174 0.0626
0.0608 0.06216 0.063
0.0616 0.0621 0.0632
0.0616 0.06208 0.063
0.0612 0.06222 0.0632
0.0614 0.06214 0.0638
0.061 0.06232 0.0632
0.0614 0.06228 0.0634
0.0622 0.06262 0.0634
0.0612 0.06236 0.0636
0.0614 0.06228 0.0632
0.0614 0.06228 0.0632
0.0608 0.06238 0.0638
0.0606 0.06202 0.0632
0.0612 0.06198 0.063
0.0602 0.06208 0.0632
0.062 0.06238 0.063
0.0616 0.06226 0.0634
0.0612 0.0622 0.063
0.0612 0.06254 0.0636
0.0614 0.06234 0.0632
0.0616 0.0624 0.063
0.0612 0.06236 0.063
0.061 0.06228 0.0634
0.0614 0.06238 0.063
0.062 0.06248 0.0638
0.0598 0.0618 0.0626
0.0612 0.06232 0.0636
0.0612 0.06204 0.063
0.0616 0.0625 0.0636
0.0614 0.0622 0.063
0.0618 0.06258 0.064
0.0612 0.06234 0.0634
0.062 0.06268 0.0636
0.0618 0.06236 0.0632
0.061 0.062 0.0632
0.0618 0.06262 0.064
0.0608 0.0623 0.0634
0.0614 0.06266 0.0646
0.0616 0.06258 0.0638
0.061 0.06258 0.0636
0.0618 0.06282 0.064
0.062 0.0625 0.0634
0.0616 0.0624 0.0632
0.0614 0.0624 0.0632
0.062 0.06284 0.0636
0.061 0.06216 0.0632
0.0616 0.0625 0.0632
0.0614 0.06252 0.064
0.062 0.0627 0.0634
0.0614 0.06282 0.0638
0.0624 0.06286 0.0638
0.0616 0.06288 0.064
0.0616 0.06244 0.063
0.0616 0.06256 0.064
0.0614 0.06232 0.0632
0.061 0.06236 0.0636
0.062 0.06296 0.0642
0.061 0.0622 0.0634
0.0614 0.06244 0.0632
0.0616 0.06272 0.0636
0.0612 0.06246 0.0634
0.062 0.06292 0.0636
0.0616 0.0624 0.0636
0.062 0.06248 0.0628
0.0616 0.0624 0.0632
0.062 0.06264 0.0636
0.061 0.06302 0.0646
0.0616 0.06288 0.0644
0.062 0.06264 0.0632
0.062 0.06288 0.0644
0.0614 0.06266 0.0638
0.062 0.06252 0.0632
0.0608 0.0621 0.0628
0.0618 0.06276 0.0644
0.0616 0.06248 0.063
0.0616 0.06246 0.0634
0.0618 0.06288 0.064
0.0614 0.06264 0.0636
0.061 0.06212 0.0628
0.0618 0.06296 0.0642
0.0606 0.0624 0.064
0.062 0.0627 0.0634
0.0612 0.06256 0.0636
0.0622 0.06268 0.0634
0.0612 0.0626 0.0638
0.0618 0.06252 0.0634
0.0616 0.06252 0.064
0.0618 0.06258 0.0634
0.061 0.0625 0.0638
0.0616 0.06222 0.063
0.0608 0.0624 0.0632
0.0616 0.0623 0.0632
0.0614 0.06234 0.0634
0.0616 0.06234 0.0632
0.0614 0.06268 0.0636
0.0616 0.06274 0.0638
0.0614 0.0626 0.0634
0.0618 0.06234 0.0634
0.061 0.06242 0.0638
0.0614 0.06242 0.0632
0.0606 0.06256 0.0646
0.0622 0.06276 0.0638
0.0618 0.06264 0.0634
0.062 0.0628 0.0636
0.0616 0.06244 0.0632
0.0614 0.06252 0.0632
0.0618 0.06256 0.063
0.0614 0.06202 0.0626
0.0616 0.06248 0.0638
0.0618 0.06232 0.0628
0.0618 0.0622 0.0628
0.062 0.06254 0.0642
0.0614 0.06214 0.0646
0.061 0.06212 0.063
0.062 0.0626 0.0634
0.061 0.06202 0.0628
0.061 0.0622 0.063
0.0618 0.06252 0.0634
0.0606 0.06232 0.063
0.0614 0.06246 0.0636
0.0618 0.06264 0.0638
0.0618 0.06228 0.0626
0.061 0.06242 0.0634
0.0616 0.0625 0.0638
0.0614 0.06242 0.0634
0.0614 0.06234 0.0634
0.0614 0.06254 0.0632
0.0608 0.06202 0.0636
0.0608 0.06242 0.0644
0.0612 0.06198 0.0632
0.0612 0.0621 0.0634
0.0614 0.06206 0.0628
0.0612 0.0621 0.0628
0.061 0.06224 0.0632
0.0614 0.06224 0.063
0.0612 0.06228 0.0636
0.0614 0.06204 0.063
0.0614 0.06222 0.0632
0.0612 0.06204 0.0632
0.0618 0.06238 0.0632
0.0616 0.06228 0.0632
0.0614 0.06226 0.0632
0.0606 0.06226 0.0636
0.0618 0.06232 0.0628
0.0614 0.06216 0.0628
0.0614 0.06202 0.0632
0.0608 0.06198 0.0628
0.0614 0.06196 0.0626
0.0612 0.06208 0.0628
0.0608 0.06218 0.0634
0.0622 0.06274 0.0642
0.0614 0.06226 0.063
0.061 0.06208 0.0626
0.0618 0.06254 0.0638
0.0616 0.0625 0.0634
0.0616 0.06224 0.0634
0.0614 0.06226 0.063
0.0608 0.06182 0.0628
0.0614 0.0626 0.0642
0.0604 0.06204 0.0632
0.0618 0.06256 0.063
0.0614 0.06246 0.0636
0.0614 0.06214 0.0634
0.0616 0.0623 0.063
0.0612 0.06232 0.064
0.0614 0.06218 0.063
0.0616 0.06246 0.0634
0.0612 0.06214 0.0626
0.0612 0.06256 0.0634
0.0608 0.0625 0.0634
0.062 0.06266 0.0636
0.0622 0.06268 0.0634
0.061 0.06226 0.0636
0.0614 0.06272 0.064
0.0614 0.0622 0.063
0.0618 0.06262 0.0638
0.061 0.06246 0.0634
0.0612 0.06234 0.0634
0.0614 0.06242 0.063
0.0618 0.06278 0.0636
0.062 0.06262 0.0636
0.0614 0.06226 0.0638
0.0614 0.06218 0.0636
0.0614 0.06254 0.064
0.0616 0.06268 0.0634
0.0616 0.06234 0.0634
0.0614 0.0626 0.0636
0.0614 0.0626 0.064
0.0616 0.06276 0.0644
0.0616 0.06224 0.063
0.0606 0.06282 0.0636
0.0618 0.06262 0.0636
0.0616 0.0624 0.0638
0.0616 0.06244 0.0634
0.0614 0.06278 0.0638
0.0612 0.06236 0.0636
0.0616 0.06282 0.064
0.0622 0.063 0.0638
0.0612 0.06266 0.064
0.0618 0.06256 0.0636
0.0616 0.06246 0.0632
0.0618 0.06264 0.0634
0.0618 0.06286 0.0638
0.062 0.06268 0.0632
0.0618 0.06274 0.0638
0.0614 0.06276 0.0638
0.0618 0.06274 0.0642
0.0624 0.06304 0.0638
0.0616 0.06272 0.0636
0.062 0.0627 0.0638
0.0614 0.06274 0.0642
0.0616 0.06254 0.0632
0.0616 0.06268 0.0638
0.0614 0.06292 0.0638
0.0622 0.06328 0.065
0.0614 0.06256 0.0638
0.062 0.06298 0.0636
0.062 0.06264 0.0638
0.0614 0.0626 0.0634
0.0618 0.06278 0.064
0.0614 0.06248 0.0634
0.0614 0.06274 0.064
0.0612 0.06272 0.0636
0.0616 0.06256 0.0632
0.0612 0.06252 0.0638
0.061 0.06236 0.0636
0.0612 0.0622 0.0628
0.0622 0.06284 0.0638
0.0608 0.06212 0.063
0.0612 0.06178 0.0622
0.0612 0.06216 0.063
0.0608 0.062 0.0632
0.0612 0.06204 0.063
0.0618 0.0624 0.063
0.061 0.0623 0.0636
0.0622 0.06272 0.0632
0.0616 0.0628 0.0636
0.0616 0.0627 0.0644
0.0616 0.0623 0.0636
0.062 0.06282 0.0642
0.0612 0.0622 0.063
0.061 0.06176 0.0632
0.0614 0.0623 0.0632
0.0612 0.06234 0.0634
0.0616 0.06244 0.0634
0.0604 0.06196 0.0626
0.062 0.0624 0.0634
0.0622 0.0628 0.0636
0.0618 0.06228 0.0632
0.061 0.06252 0.0632
0.0614 0.0626 0.0636
0.0618 0.06248 0.0632
0.0618 0.06242 0.0628
0.0616 0.06284 0.0638
0.0612 0.0623 0.0636
0.0616 0.0624 0.0632
0.0618 0.06256 0.0632
0.0624 0.0628 0.0632
0.0616 0.06238 0.0632
0.0616 0.06254 0.064
0.061 0.0625 0.0634
0.0614 0.0624 0.0634
0.0618 0.06262 0.0634
0.0616 0.06264 0.0632
0.0622 0.0629 0.064
0.0618 0.06226 0.063
0.0616 0.06272 0.0636
0.0612 0.06252 0.0638
0.062 0.06246 0.0632
0.062 0.0625 0.0632
0.0614 0.06216 0.0634
0.0616 0.06266 0.064
0.0622 0.06304 0.064
0.0622 0.06278 0.0634
0.0618 0.06248 0.063
0.0614 0.06256 0.0644
0.0618 0.0627 0.0634
0.062 0.06296 0.0646
0.0616 0.06278 0.0636
0.0618 0.06258 0.0632
0.0624 0.06304 0.0638
0.0614 0.06252 0.0634
0.0622 0.06244 0.0628
0.0616 0.06244 0.0634
0.0618 0.06252 0.0636
0.0618 0.06246 0.0638
0.0614 0.06236 0.0634
0.0616 0.06268 0.0638
0.0614 0.06238 0.0642
0.0618 0.0626 0.0632
0.0604 0.06222 0.0634
0.0608 0.06216 0.063
0.0612 0.06268 0.0638
0.0616 0.06228 0.0634
0.0616 0.06214 0.063
0.0612 0.06228 0.0632
0.0614 0.06256 0.0634
0.0612 0.06226 0.0636
0.062 0.06272 0.064
0.0618 0.06226 0.0626
0.0614 0.06216 0.0628
0.0614 0.06246 0.0634
0.061 0.06232 0.0632
0.0608 0.062 0.0634
0.0614 0.06256 0.0634
0.0614 0.06254 0.0634
0.0616 0.06236 0.0632
0.0618 0.06286 0.0646
0.0614 0.06246 0.0632
0.0614 0.06244 0.0634
0.0612 0.0625 0.0642
0.0612 0.06234 0.0634
0.062 0.0625 0.0638
0.061 0.06214 0.0634
0.0616 0.0624 0.0636
0.0612 0.06202 0.0634
0.0612 0.06208 0.0632
0.0624 0.06278 0.0632
0.0612 0.06232 0.063
0.0608 0.06198 0.0628
0.0618 0.06292 0.0644
0.0612 0.06204 0.0634
0.0614 0.06246 0.0638
0.0622 0.06298 0.064
0.0612 0.0623 0.063
0.0616 0.06242 0.0634
0.0614 0.06242 0.0632
0.0616 0.06254 0.0634
0.061 0.06218 0.0628
0.0618 0.06276 0.0638
0.0614 0.06222 0.0634
0.0608 0.06208 0.063
0.0614 0.06234 0.0642
0.0612 0.06244 0.0634
0.0616 0.06234 0.0634
0.0614 0.06212 0.0634
0.0612 0.06208 0.0638
0.0612 0.06234 0.0638
0.061 0.062 0.0632
0.061 0.0628 0.0636
0.0612 0.06242 0.063
0.0612 0.06218 0.063
0.061 0.06244 0.0636
0.062 0.06252 0.0638
0.0616 0.0623 0.0634
0.0618 0.06244 0.0634
0.062 0.06268 0.0636
0.0618 0.06258 0.0638
0.0614 0.06262 0.0636
0.061 0.06232 0.0634
0.0616 0.06244 0.063
0.0616 0.06278 0.0634
0.0614 0.06226 0.0636
0.0622 0.06258 0.0638
0.0614 0.06252 0.0636
0.0608 0.06208 0.063
0.0616 0.06248 0.064
0.062 0.06246 0.063
0.0618 0.06238 0.0636
0.0608 0.062 0.0626
0.062 0.06258 0.064
0.0612 0.06224 0.0634
0.062 0.06242 0.063
0.0612 0.06216 0.0636
0.0616 0.06288 0.0642
0.0614 0.0624 0.064
0.0612 0.06258 0.0632
0.0612 0.06214 0.0632
0.0618 0.06232 0.0632
0.0606 0.06218 0.0636
0.0616 0.0626 0.0632
0.0608 0.06246 0.0636
0.0614 0.06234 0.0632
0.0608 0.06186 0.0636
0.0618 0.06246 0.0632
0.0612 0.06206 0.0628
0.061 0.062 0.0626
0.0616 0.06216 0.0632
0.0614 0.06246 0.0638
0.0614 0.0622 0.063
0.0612 0.06234 0.0632
0.0616 0.06264 0.0642
0.0614 0.06226 0.063
0.0618 0.06234 0.063
0.0612 0.06258 0.0638
0.0612 0.06254 0.0636
0.0618 0.06244 0.064
0.0616 0.06258 0.0636
0.0614 0.0618 0.0622
0.0614 0.06246 0.0634
0.0616 0.06256 0.0642
0.061 0.06218 0.064
0.0606 0.06212 0.0634
0.0614 0.06208 0.0628
0.0608 0.06214 0.0632
0.061 0.06218 0.0634
0.0614 0.06202 0.0626
0.0612 0.06208 0.0626
0.0612 0.06212 0.0628
0.0612 0.06226 0.064
0.061 0.06194 0.063
0.0614 0.06232 0.0634
0.0614 0.06244 0.0634
0.061 0.06188 0.0624
0.0616 0.06232 0.0644
0.0612 0.06214 0.063
0.0612 0.06218 0.0638
0.0612 0.0618 0.0628
0.0614 0.06198 0.0626
0.0612 0.06216 0.063
0.0612 0.0623 0.0638
0.0614 0.06256 0.0634
0.061 0.0625 0.0638
0.0618 0.06262 0.0638
0.0614 0.06222 0.063
0.0604 0.06218 0.0634
0.061 0.06238 0.064
0.0618 0.06232 0.0638
0.0612 0.06214 0.063
0.0614 0.06218 0.0632
0.0612 0.06188 0.0628
0.0618 0.06252 0.063
0.0618 0.06216 0.0626
0.0606 0.06244 0.0642
0.0614 0.06244 0.0636
0.0616 0.06222 0.0632
0.0616 0.06274 0.0636
0.0616 0.06252 0.0638
0.0616 0.0623 0.0628
0.0618 0.06262 0.0636
0.0616 0.06242 0.063
0.061 0.06198 0.063
0.0606 0.06218 0.0632
0.0618 0.06246 0.0636
0.062 0.06238 0.063
0.0616 0.06252 0.0632
0.0616 0.06248 0.0634
0.0616 0.06228 0.0632
0.062 0.06284 0.0636
0.0614 0.0624 0.0636
0.0612 0.06254 0.0636
0.062 0.06262 0.0634
0.0616 0.06286 0.0636
0.0622 0.0628 0.0636
0.0614 0.06222 0.0632
0.0616 0.06254 0.0634
0.0616 0.06252 0.0638
0.0618 0.06254 0.0634
0.0616 0.0626 0.0632
0.0612 0.06232 0.0632
0.0616 0.0628 0.0638
0.0618 0.06282 0.0644
0.0618 0.06262 0.0632
0.062 0.06266 0.064
0.0614 0.06276 0.0644
0.0616 0.06232 0.0634
0.0618 0.06234 0.0632
0.0618 0.06258 0.0638
0.0612 0.06256 0.0636
0.0616 0.06258 0.0634
0.0608 0.06236 0.0634
0.0612 0.0624 0.0636
0.061 0.0624 0.0632
0.0612 0.06254 0.0636
0.0618 0.06282 0.0636
0.0616 0.06232 0.0632
0.0616 0.06228 0.0644
0.0618 0.06248 0.0634
0.0614 0.06248 0.0632
0.0616 0.06222 0.0634
0.0616 0.06232 0.0636
0.061 0.06222 0.063
0.0614 0.06248 0.0636
0.0618 0.06224 0.0628
0.0618 0.06224 0.0634
0.0614 0.06236 0.0632
0.0614 0.06234 0.0638
0.0618 0.06256 0.0638
0.062 0.06236 0.063
0.0618 0.06238 0.063
0.0612 0.06222 0.0632
0.061 0.06248 0.0634
0.0614 0.06234 0.0644
0.0614 0.06206 0.0632
0.061 0.06214 0.0632
0.0618 0.06232 0.0638
0.0614 0.06248 0.063
0.0616 0.06224 0.0628
0.0612 0.06218 0.0632
0.0614 0.06214 0.063
0.0616 0.06232 0.0632
0.0612 0.06222 0.0632
0.061 0.06236 0.0632
0.0622 0.06246 0.0628
0.0618 0.06242 0.0634
0.0616 0.06266 0.0638
0.0616 0.06238 0.0632
0.061 0.06224 0.0632
0.0612 0.06262 0.0632
0.0604 0.0621 0.063
0.0612 0.0623 0.0632
0.061 0.06204 0.0628
0.0616 0.0622 0.0632
0.0612 0.06228 0.063
0.0618 0.06238 0.063
0.0614 0.06218 0.063
0.0614 0.062 0.0628
0.061 0.06236 0.0636
0.0612 0.062 0.0628
0.0608 0.06208 0.0628
0.061 0.06168 0.0622
0.061 0.06228 0.0634
0.061 0.0623 0.0632
0.0616 0.06228 0.063
0.0612 0.06232 0.0634
0.0612 0.06228 0.0634
0.0614 0.06234 0.0634
0.061 0.06224 0.0628
0.0618 0.0623 0.063
0.0618 0.06262 0.0634
0.0608 0.06216 0.0632
0.0616 0.06232 0.0632
0.0612 0.062 0.0628
0.061 0.06242 0.0634
0.0612 0.06234 0.0634
0.0612 0.06198 0.063
0.0612 0.0623 0.0636
0.0604 0.06158 0.0628
0.0618 0.0625 0.0634
0.0612 0.06204 0.063
0.0614 0.06226 0.0628
0.0614 0.06204 0.0628
0.0612 0.06202 0.0624
0.0614 0.06226 0.063
0.0614 0.06218 0.0626
0.0614 0.06234 0.0636
0.0612 0.06234 0.0632
0.061 0.06202 0.063
0.0612 0.06208 0.0632
0.0606 0.06138 0.062
0.0612 0.06228 0.0636
0.0618 0.06238 0.0628
0.061 0.06216 0.0634
0.0606 0.0618 0.0628
0.0612 0.06234 0.0634
0.061 0.06202 0.0632
0.061 0.06186 0.0632
0.0604 0.06222 0.063
0.0612 0.0619 0.0626
0.0616 0.06226 0.0632
0.0604 0.06174 0.0628
0.0612 0.06234 0.0634
0.061 0.06196 0.0626
0.0612 0.06228 0.064
0.061 0.06168 0.0624
0.0608 0.06166 0.0628
0.0608 0.0619 0.0628
0.061 0.06196 0.063
0.0614 0.06202 0.0628
0.0612 0.06202 0.0628
0.0616 0.06218 0.063
0.0614 0.06226 0.0632
0.0608 0.06156 0.0628
0.0612 0.06202 0.0626
0.0608 0.06196 0.063
0.0606 0.06168 0.0626
0.0608 0.06188 0.0632
0.0612 0.06188 0.0628
0.0612 0.06178 0.063
0.0612 0.06206 0.0632
0.0614 0.06192 0.063
0.061 0.06226 0.0634
0.061 0.0622 0.063
0.0604 0.06172 0.0628
0.0608 0.06174 0.0628
0.061 0.06196 0.0638
0.0612 0.06184 0.0622
0.0614 0.06228 0.063
0.061 0.06204 0.0644
0.0616 0.06226 0.0634
0.0608 0.06174 0.0626
0.0606 0.06156 0.062
0.061 0.0619 0.0626
0.0604 0.06174 0.063
0.0606 0.06164 0.063
0.061 0.06194 0.0626
0.061 0.06188 0.0638
0.0616 0.06224 0.0634
0.0604 0.06148 0.0626
0.061 0.06214 0.063
0.0612 0.0618 0.063
0.0608 0.06176 0.0628
0.061 0.06192 0.063
0.0612 0.06234 0.063
0.061 0.06192 0.0634
0.0608 0.0619 0.0628
0.061 0.06212 0.0628
0.0612 0.06168 0.0626
0.0612 0.06216 0.0634
0.0614 0.06214 0.0648
0.0598 0.0614 0.0626
0.0612 0.06176 0.063
0.0608 0.06156 0.0622
0.0608 0.0618 0.0628
0.0608 0.06214 0.0626
0.0604 0.06162 0.0622
0.0604 0.06188 0.0626
0.0614 0.06206 0.0626
0.0614 0.06198 0.0624
0.0614 0.06214 0.063
0.0616 0.06238 0.0634
0.0612 0.06216 0.0628
0.0606 0.06184 0.0634
0.0618 0.06244 0.0634
0.0612 0.06192 0.0632
0.0616 0.06204 0.063
0.061 0.0621 0.0638
0.0604 0.06176 0.0626
0.061 0.06206 0.0634
0.0612 0.06216 0.0634
0.0612 0.06206 0.0628
0.0612 0.06206 0.0626
0.061 0.06174 0.0632
0.0616 0.0623 0.0634
0.0612 0.0622 0.0632
0.061 0.06192 0.0624
0.061 0.06182 0.0626
0.0612 0.06194 0.063
0.0614 0.06206 0.0636
0.0616 0.06232 0.063
0.0608 0.0618 0.0632
0.0606 0.0618 0.0628
0.061 0.06204 0.063
0.0614 0.06196 0.0626
0.0608 0.06196 0.063
0.0614 0.06222 0.0634
0.0612 0.06192 0.0626
0.0612 0.06202 0.0628
0.061 0.06236 0.0638
0.0608 0.06162 0.0626
0.0614 0.062 0.0628
0.0608 0.0619 0.0628
0.0608 0.0619 0.0628
0.061 0.06202 0.0628
0.0608 0.06186 0.0632
0.061 0.06206 0.0632
0.061 0.06162 0.0628
0.0614 0.06204 0.063
0.0612 0.06194 0.063
0.0608 0.06176 0.0634
0.061 0.062 0.0632
0.0608 0.06186 0.0624
0.0614 0.06214 0.063
0.0612 0.06194 0.0628
0.0606 0.06232 0.0636
0.061 0.06182 0.063
0.0612 0.062 0.0626
0.0612 0.06202 0.0626
0.0608 0.06208 0.0634
0.0612 0.0622 0.0636
0.0606 0.06176 0.0632
0.061 0.06194 0.0626
0.0604 0.06188 0.0628
0.0604 0.0618 0.0632
0.061 0.06206 0.0628
0.0612 0.06218 0.0632
0.061 0.06176 0.0624
0.0612 0.06228 0.0632
0.0606 0.06146 0.0624
0.0612 0.0617 0.0626
0.061 0.06232 0.0634
0.0612 0.06204 0.0626
0.0612 0.06216 0.0636
0.061 0.06178 0.0634
0.0614 0.06208 0.0628
0.0614 0.06216 0.0628
0.0604 0.0619 0.0626
0.0614 0.06214 0.0628
0.061 0.06182 0.0626
0.0614 0.06182 0.0626
0.0612 0.06206 0.063
0.0614 0.062 0.0628
0.0612 0.06202 0.0626
0.0606 0.06168 0.0636
0.0612 0.06206 0.0626
0.061 0.06212 0.0626
0.0612 0.06184 0.0626
0.0612 0.06184 0.0626
0.0614 0.06248 0.0632
0.0602 0.06212 0.0632
0.0604 0.06208 0.0632
0.061 0.06216 0.0632
0.0616 0.06214 0.063
0.0618 0.06222 0.0628
0.0612 0.06234 0.064
0.0616 0.06206 0.0628
0.061 0.06214 0.0642
0.0612 0.06216 0.0628
0.0612 0.06222 0.0632
0.0606 0.06184 0.0626
0.061 0.0622 0.0634
0.0616 0.06224 0.0636
0.061 0.0615 0.0626
0.061 0.06186 0.063
0.0612 0.06236 0.0632
0.0614 0.06222 0.0636
0.0614 0.0621 0.0632
0.0616 0.06208 0.0626
0.0618 0.0624 0.0628
0.0618 0.06228 0.063
0.0608 0.0621 0.0636
0.0612 0.06218 0.063
0.0616 0.06236 0.063
0.0616 0.06252 0.0642
0.0606 0.06208 0.0628
0.0616 0.06192 0.0624
0.0612 0.0624 0.0632
0.0616 0.06236 0.0634
0.0616 0.0624 0.0632
0.061 0.06246 0.0636
0.0618 0.06236 0.063
0.0612 0.06226 0.0634
0.0618 0.06256 0.0634
0.0618 0.06266 0.0638
0.0616 0.06262 0.0642
0.0612 0.0624 0.0632
0.0612 0.06238 0.0636
0.0616 0.06238 0.0632
0.0614 0.06238 0.063
0.0612 0.0622 0.0638
0.0614 0.06252 0.0632
0.0614 0.0623 0.0636
0.0614 0.06254 0.0634
0.0614 0.06236 0.0636
0.0618 0.06246 0.0632
0.0618 0.0624 0.0636
0.0612 0.06214 0.063
0.0616 0.06236 0.063
0.0602 0.06198 0.063
0.0616 0.06242 0.0632
0.0616 0.06232 0.0632
0.0614 0.06222 0.0636
0.0612 0.06202 0.0628
0.0618 0.06264 0.0632
0.0612 0.0621 0.0628
0.0618 0.06234 0.0638
0.0616 0.06234 0.0628
0.0618 0.06232 0.063
0.062 0.06252 0.063
0.0612 0.06206 0.0628
0.0618 0.06248 0.0632
0.0612 0.06226 0.063
0.0616 0.06238 0.0636
0.0616 0.06246 0.063
0.062 0.06256 0.0636
0.0616 0.06268 0.0636
0.0618 0.06242 0.0634
0.0608 0.06214 0.0638
0.062 0.06262 0.0636
0.0622 0.06264 0.0634
0.061 0.06252 0.0642
0.0616 0.06246 0.0632
0.0614 0.06236 0.064
0.0618 0.0626 0.0634
0.0616 0.06238 0.0632
0.0614 0.0626 0.0636
0.0616 0.06232 0.063
0.0618 0.06254 0.0632
0.0616 0.0627 0.0636
0.061 0.0623 0.064
0.0606 0.06206 0.0632
0.0614 0.06218 0.0628
0.0618 0.06264 0.064
0.0614 0.06224 0.063
0.0614 0.06222 0.0628
0.0612 0.06206 0.0626
0.0616 0.06232 0.0634
0.0612 0.06214 0.063
0.0616 0.06244 0.0634
0.062 0.06262 0.0632
0.0616 0.06252 0.0638
0.0608 0.06246 0.0638
0.0614 0.06242 0.0632
0.061 0.06204 0.0628
0.0616 0.0621 0.0624
0.0616 0.06242 0.0632
0.0616 0.06242 0.0632
0.0616 0.06252 0.0636
0.0616 0.06238 0.0634
0.0608 0.06234 0.0634
0.0606 0.06202 0.0632
0.0618 0.06256 0.0632
0.0614 0.06238 0.0636
0.061 0.06194 0.063
0.0618 0.06262 0.0642
0.062 0.0627 0.0638
0.0614 0.06236 0.0632
0.062 0.06248 0.0632
0.0614 0.06236 0.0632
0.061 0.06204 0.0634
0.0616 0.0623 0.063
0.061 0.06226 0.063
0.0612 0.0622 0.063
0.0616 0.06206 0.0628
0.0616 0.06238 0.0644
0.0612 0.06222 0.063
0.0608 0.062 0.0632
0.0616 0.06218 0.063
0.0618 0.06244 0.0634
0.0612 0.06206 0.0636
0.0616 0.06244 0.0634
0.0616 0.06238 0.0634
0.0614 0.06246 0.0632
0.0608 0.06194 0.0628
0.062 0.06264 0.0634
0.061 0.06236 0.0632
0.0616 0.0624 0.063
0.0616 0.06222 0.0634
0.0616 0.0624 0.0638
0.0618 0.06226 0.063
0.0616 0.06242 0.0634
0.0618 0.06236 0.0632
0.0618 0.06226 0.0628
0.0606 0.06248 0.0636
0.0614 0.06218 0.0628
0.0612 0.06216 0.0628
0.061 0.06228 0.063
0.061 0.06248 0.0634
0.0614 0.0619 0.0624
0.0608 0.06202 0.0636
0.0614 0.0622 0.0634
0.0612 0.06222 0.063
0.0612 0.06228 0.0632
0.0618 0.06274 0.0638
0.062 0.06258 0.0634
0.0618 0.06236 0.0628
0.0616 0.06232 0.0634
0.061 0.06248 0.0634
0.0616 0.06238 0.0638
0.0612 0.06244 0.0632
0.0618 0.06244 0.063
0.0618 0.06264 0.064
0.0612 0.06224 0.0636
0.0612 0.06208 0.0628
0.0622 0.06264 0.0636
0.0616 0.06232 0.063
0.0616 0.06214 0.063
0.0614 0.06246 0.0636
0.0614 0.06254 0.0634
0.0616 0.06236 0.063
0.0622 0.06274 0.0634
0.0616 0.06228 0.063
0.061 0.0623 0.0634
0.0616 0.06232 0.0632
0.062 0.06252 0.064
0.0622 0.0627 0.0638
0.0616 0.06232 0.0632
0.0616 0.06242 0.063
0.061 0.06222 0.0632
0.0612 0.0622 0.0632
0.0612 0.06238 0.0632
0.0614 0.0621 0.063
0.062 0.06258 0.0634
0.0612 0.0623 0.0632
0.0614 0.0625 0.0634
0.0612 0.06236 0.0634
0.0612 0.06214 0.0634
0.0614 0.06202 0.0628
0.0616 0.0626 0.0642
0.061 0.06212 0.063
0.0616 0.06244 0.0634
0.0616 0.0623 0.0634
0.0618 0.06228 0.063
0.0612 0.06238 0.0632
0.0604 0.06238 0.0644
0.0614 0.06218 0.0634
0.0612 0.06202 0.0626
0.0606 0.06214 0.0634
0.0614 0.062 0.0632
0.0608 0.0622 0.0638
0.0612 0.06238 0.0636
0.0616 0.06226 0.0628
0.0612 0.06212 0.063
0.0614 0.0624 0.0632
0.061 0.06236 0.0634
0.0616 0.06242 0.064
0.0614 0.06248 0.064
0.0616 0.06216 0.0632
0.0622 0.06284 0.0634
0.0616 0.06226 0.0632
0.0616 0.06266 0.0636
0.0616 0.06252 0.0638
0.061 0.0623 0.0632
0.0612 0.06196 0.0628
0.0612 0.06246 0.0632
0.0624 0.06276 0.0638
0.062 0.06264 0.0632
0.062 0.0627 0.0638
0.0614 0.06234 0.0632
0.0616 0.0624 0.0632
0.0616 0.06252 0.0634
0.062 0.06272 0.0636
0.0612 0.06254 0.0646
0.0622 0.0626 0.0632
0.0614 0.0622 0.0626
0.062 0.06266 0.0636
0.0612 0.06232 0.0632
0.0604 0.06196 0.0628
0.0618 0.06242 0.0634
0.0616 0.0627 0.0638
0.0618 0.06256 0.0634
0.0612 0.0622 0.0628
0.0608 0.06194 0.063
0.0608 0.06214 0.0628
0.0614 0.06238 0.0638
0.0618 0.0623 0.063
0.061 0.06226 0.0632
0.062 0.06238 0.063
0.0612 0.06206 0.0634
0.0612 0.06242 0.0632
0.0616 0.0623 0.0628
0.0614 0.06222 0.063
0.0614 0.0622 0.0634
0.062 0.06262 0.0632
0.0622 0.0628 0.063
0.0614 0.06258 0.0636
0.0614 0.06252 0.0636
0.0618 0.06246 0.0632
0.0616 0.06268 0.0652
0.0616 0.06266 0.0634
0.0614 0.06264 0.0634
0.062 0.06284 0.0638
0.0614 0.06222 0.063
0.062 0.06282 0.064
0.0618 0.06266 0.0636
0.0616 0.06256 0.0632
0.062 0.06266 0.0638
0.0618 0.06266 0.0634
0.0614 0.0626 0.0632
0.0616 0.06234 0.0632
0.0612 0.0622 0.0632
0.0614 0.06216 0.063
0.062 0.0627 0.0632
0.0614 0.06258 0.064
0.0616 0.06236 0.0628
0.0616 0.06244 0.063
0.0618 0.06278 0.0638
0.0618 0.06244 0.0632
0.0618 0.06266 0.064
0.0612 0.06242 0.063
0.0618 0.06244 0.0638
0.0618 0.06262 0.0634
0.0614 0.06204 0.063
0.062 0.0625 0.0636
0.0618 0.06278 0.064
0.0614 0.06234 0.0632
0.0614 0.06254 0.0636
0.0608 0.06202 0.0626
0.0618 0.0623 0.0632
0.0612 0.06216 0.0628
0.0614 0.0623 0.063
0.0612 0.0624 0.0634
0.0618 0.06242 0.0634
0.0608 0.06252 0.064
0.061 0.0619 0.063
0.0618 0.06224 0.0632
0.0614 0.06252 0.0632
0.0616 0.06218 0.0628
0.0616 0.06214 0.0634
0.0616 0.06238 0.0632
0.06 0.06212 0.0636
0.0612 0.06216 0.0634
0.0612 0.06218 0.0632
0.0612 0.06216 0.0634
0.0616 0.06214 0.0626
0.0612 0.0623 0.0634
0.061 0.06204 0.0632
0.0616 0.0622 0.0634
0.0612 0.06172 0.0622
0.0616 0.0623 0.0632
0.0608 0.06208 0.063
0.061 0.06194 0.0624
0.0614 0.06204 0.063
0.0612 0.06162 0.0624
0.061 0.0619 0.0628
0.0616 0.06218 0.0632
0.0618 0.06236 0.0628
0.061 0.06186 0.0628
0.061 0.06176 0.0634
0.0608 0.06188 0.0626
0.0612 0.06178 0.0628
0.061 0.06212 0.063
0.061 0.06182 0.0626
0.0606 0.06172 0.0622
0.0596 0.0615 0.0626
0.061 0.0618 0.0626
0.0614 0.0621 0.0632
0.061 0.06162 0.0624
0.061 0.06196 0.0628
0.0608 0.0623 0.0634
0.0612 0.06194 0.063
0.0614 0.06192 0.0624
0.061 0.0621 0.0628
0.061 0.0621 0.0632
0.0612 0.06202 0.0628
0.0612 0.06194 0.0626
0.0608 0.06208 0.0642
0.0612 0.0622 0.0634
0.0608 0.06202 0.0628
0.0604 0.0617 0.063
0.0604 0.0619 0.0626
0.0616 0.06192 0.0626
0.061 0.062 0.0632
0.0612 0.0622 0.0632
0.0608 0.062 0.0628
0.0606 0.06192 0.0626
0.0612 0.06198 0.0628
0.0608 0.0619 0.0626
0.0606 0.06208 0.0628
0.0614 0.06198 0.0628
0.0614 0.06224 0.0628
0.0608 0.06222 0.0634
0.0614 0.06198 0.0632
0.0606 0.06186 0.0626
0.0608 0.06192 0.0628
0.0608 0.06222 0.063
0.0608 0.06198 0.0626
0.061 0.06162 0.0626
0.0614 0.06232 0.0634
0.0614 0.06198 0.0628
0.0604 0.06188 0.0634
0.0612 0.0622 0.0632
0.061 0.06216 0.0644
0.0612 0.06216 0.0632
0.0608 0.06176 0.0628
0.0614 0.06212 0.0626
0.0618 0.06218 0.0628
0.061 0.06198 0.0626
0.0606 0.06174 0.063
0.061 0.06174 0.0624
0.0606 0.0618 0.064
0.0608 0.06192 0.0628
0.0606 0.06194 0.0632
0.0614 0.06214 0.063
0.0614 0.06194 0.0626
0.061 0.062 0.0632
0.0608 0.06208 0.0628
0.0612 0.06222 0.064
0.061 0.06194 0.0628
0.0612 0.06216 0.0632
0.0608 0.06218 0.0634
0.061 0.06214 0.0638
0.0612 0.06214 0.0632
0.061 0.06192 0.0626
0.061 0.0621 0.0632
0.0614 0.06236 0.0632
0.0614 0.0621 0.063
0.0606 0.06196 0.0628
0.0612 0.06214 0.063
0.0608 0.06174 0.0626
0.0606 0.0617 0.0626
0.0616 0.06252 0.0632
0.0618 0.06236 0.0632
0.0616 0.06226 0.0636
0.061 0.06198 0.0628
0.0612 0.06242 0.0638
0.0616 0.06204 0.0626
0.0616 0.0623 0.063
0.0616 0.06204 0.0626
0.0614 0.06222 0.0626
0.061 0.06214 0.0628
0.06 0.0616 0.0628
0.0608 0.06216 0.063
0.0608 0.06178 0.0628
0.061 0.06198 0.063
0.061 0.0617 0.0626
0.0616 0.06226 0.0632
0.0618 0.06212 0.0628
0.0612 0.06206 0.063
0.0612 0.06212 0.0632
0.061 0.06192 0.0626
0.061 0.0617 0.0622
0.0608 0.06208 0.0628
0.061 0.06164 0.0624
0.0614 0.06206 0.063
0.061 0.06196 0.0634
0.0612 0.06174 0.0626
0.0612 0.06198 0.063
0.0606 0.06208 0.0628
0.0608 0.06166 0.0624
0.0612 0.06218 0.0634
0.0612 0.06156 0.062
0.0616 0.06218 0.063
0.061 0.06178 0.0624
0.0614 0.06186 0.0624
0.061 0.0619 0.0624
0.0612 0.0618 0.0636
0.0606 0.06186 0.063
0.0604 0.0621 0.0634
0.061 0.06208 0.0634
0.061 0.06196 0.0628
0.0614 0.06214 0.0634
0.0608 0.062 0.0628
0.0608 0.06172 0.063
0.0614 0.06218 0.063
0.061 0.06178 0.0626
0.0604 0.06196 0.063
0.0608 0.06194 0.0632
0.0618 0.0622 0.0626
0.061 0.06194 0.0634
0.0608 0.0621 0.063
0.061 0.06206 0.063
0.0608 0.0623 0.0636
0.0614 0.06224 0.0632
0.061 0.06212 0.0628
0.0614 0.06246 0.0632
0.0612 0.062 0.0628
0.0614 0.06198 0.0628
0.061 0.0621 0.063
0.0608 0.06222 0.0638
0.0616 0.06218 0.063
0.0616 0.06226 0.0628
0.0606 0.0621 0.0638
0.0614 0.0621 0.063
0.061 0.06224 0.0628
0.0618 0.06218 0.0626
0.0614 0.06216 0.063
0.0612 0.062 0.063
0.0612 0.0623 0.063
0.0616 0.0626 0.0636
0.0612 0.0621 0.0636
0.0608 0.06224 0.0632
0.061 0.06226 0.0632
0.0612 0.06196 0.0626
0.0616 0.06244 0.0634
0.0612 0.06232 0.0632
0.0616 0.06238 0.0636
0.0616 0.06228 0.063
0.0618 0.06252 0.063
0.0618 0.06244 0.0628
0.0616 0.0625 0.0638
0.061 0.06226 0.063
0.061 0.06208 0.063
0.0614 0.06228 0.063
0.0612 0.0623 0.0632
0.0616 0.06276 0.0636
0.0614 0.06202 0.063
0.0612 0.06212 0.063
0.0614 0.06258 0.0636
0.061 0.06224 0.0632
0.0612 0.06208 0.0628
0.061 0.06258 0.064
0.062 0.0624 0.0628
0.0614 0.06214 0.063
0.0616 0.06206 0.0628
0.0608 0.06204 0.0632
0.0616 0.0624 0.0632
0.0612 0.0625 0.064
0.0618 0.06232 0.0632
0.0616 0.0623 0.063
0.0614 0.0624 0.0632
0.0616 0.0621 0.063
0.0612 0.0624 0.0634
0.061 0.06194 0.0628
0.0614 0.0621 0.0632
0.0612 0.06218 0.063
0.0612 0.06202 0.0628
0.0608 0.06248 0.0636
0.0608 0.0622 0.0632
0.0614 0.0619 0.0624
0.061 0.06244 0.0638
0.0604 0.0621 0.0634
0.061 0.06228 0.063
0.061 0.0619 0.0624
0.061 0.06224 0.0636
0.0618 0.06248 0.0634
0.0614 0.0624 0.0636
0.061 0.06206 0.0632
0.0608 0.06214 0.0636
0.0618 0.0621 0.0628
0.0604 0.06216 0.0634
0.0614 0.06224 0.0638
0.0618 0.0625 0.0634
0.061 0.06226 0.0634
0.0616 0.06236 0.0634
0.0616 0.0625 0.0634
0.061 0.06214 0.0628
0.0614 0.06254 0.064
0.0612 0.0619 0.0624
0.0614 0.06206 0.0626
0.0614 0.06226 0.0628
0.0604 0.06228 0.0634
0.0606 0.06206 0.0636
0.0612 0.06224 0.0632
0.0608 0.06206 0.0634
0.062 0.06228 0.0628
0.061 0.0622 0.0632
0.061 0.06216 0.0628
0.0604 0.06216 0.0634
0.0616 0.06218 0.0636
0.0616 0.06238 0.063
0.0616 0.06242 0.0636
0.0618 0.06236 0.0628
0.0614 0.06208 0.063
0.0612 0.06218 0.0628
0.0618 0.0622 0.0634
0.0616 0.06256 0.0634
0.0608 0.0624 0.063
0.0614 0.06218 0.0634
0.0618 0.06254 0.0634
0.0614 0.0623 0.0632
0.0616 0.0623 0.063
0.0616 0.06234 0.0632
0.0618 0.06244 0.0634
0.061 0.06244 0.064
0.0614 0.06214 0.063
0.0606 0.06218 0.063
0.0612 0.06206 0.0626
0.0616 0.06262 0.0634
0.0616 0.06212 0.0628
0.0612 0.06218 0.063
0.061 0.06212 0.0626
0.0604 0.06204 0.0636
0.0612 0.06194 0.0628
0.0618 0.0624 0.0634
0.061 0.06228 0.0636
0.0614 0.06242 0.064
0.0608 0.06212 0.0632
0.0612 0.06226 0.0634
0.0604 0.06184 0.063
0.0608 0.06194 0.063
0.0608 0.06192 0.0628
0.0614 0.06226 0.0628
0.061 0.06206 0.0632
0.061 0.06202 0.0628
0.0616 0.06208 0.0626
0.061 0.06206 0.0626
0.0614 0.06214 0.0632
0.0616 0.06188 0.0624
0.061 0.0619 0.063
0.0618 0.06262 0.0636
0.0614 0.06218 0.0634
0.0616 0.06262 0.0636
0.0606 0.06234 0.0634
0.0612 0.06212 0.063
0.0616 0.06224 0.0626
0.0616 0.06224 0.063
0.0612 0.06202 0.0632
0.0608 0.06216 0.0634
0.0608 0.0618 0.0626
0.0616 0.06234 0.0632
0.0612 0.06212 0.063
0.0612 0.06232 0.064
0.0604 0.0619 0.0628
0.0606 0.06198 0.0632
0.0614 0.06186 0.0626
0.0612 0.06224 0.0634
0.0614 0.0624 0.064
0.0608 0.0619 0.0628
0.061 0.06216 0.0638
0.0606 0.06174 0.0624
0.061 0.06214 0.0632
0.0614 0.06202 0.0626
0.0612 0.0621 0.0632
0.0612 0.06194 0.0624
0.0614 0.06228 0.0636
0.0616 0.06238 0.0634
0.0612 0.06228 0.0636
0.061 0.06202 0.0632
0.0612 0.06182 0.0624
0.0608 0.06166 0.063
0.061 0.06196 0.0626
0.0614 0.06232 0.0634
0.061 0.06214 0.0632
0.0606 0.06214 0.064
0.0612 0.06196 0.063
0.0616 0.06202 0.0626
0.0614 0.06206 0.0636
0.0612 0.062 0.0628
0.0614 0.06238 0.0634
0.061 0.06198 0.0628
0.0608 0.0621 0.0634
0.0616 0.06232 0.0632
0.0612 0.0621 0.0628
0.061 0.06218 0.0634
0.0612 0.06202 0.063
0.061 0.06198 0.0628
0.0612 0.06236 0.0634
0.061 0.06222 0.0638
0.0614 0.06206 0.0636
0.0606 0.06202 0.0632
0.0614 0.0624 0.063
0.0614 0.06198 0.0626
0.0614 0.0621 0.063
0.0612 0.06204 0.0628
0.0608 0.06186 0.0626
0.0614 0.062 0.0628
0.0608 0.06208 0.0634
0.061 0.0622 0.0636
0.0614 0.0624 0.0634
0.0612 0.06216 0.0638
0.0612 0.06194 0.0626
0.0612 0.06204 0.0634
0.0614 0.0622 0.0634
0.061 0.062 0.0628
0.0616 0.06212 0.0626
0.0612 0.06184 0.0632
0.0616 0.06208 0.0628
0.061 0.06182 0.0628
0.0604 0.06224 0.063
0.0618 0.06236 0.0636
0.0608 0.06186 0.0628
0.0614 0.06198 0.0628
0.0616 0.06236 0.0632
0.0614 0.06208 0.0626
0.0614 0.06214 0.0626
0.0608 0.06202 0.0626
0.0618 0.06236 0.063
0.062 0.0622 0.0626
0.0612 0.06224 0.0632
0.0612 0.06206 0.0634
0.0612 0.06202 0.0628
0.0614 0.06228 0.0634
0.061 0.06196 0.0634
0.0614 0.06204 0.0628
0.061 0.06216 0.0636
0.0608 0.06178 0.0624
0.061 0.0621 0.0626
0.061 0.06194 0.0626
0.0616 0.0623 0.063
0.0608 0.06232 0.063
0.0612 0.06212 0.0628
0.061 0.06206 0.0634
0.0612 0.06192 0.0628
0.0616 0.06242 0.0632
0.0612 0.06224 0.063
0.061 0.06214 0.0626
0.061 0.06206 0.0626
0.0612 0.06214 0.0632
0.0612 0.06272 0.0642
0.0618 0.06248 0.0634
0.0614 0.06216 0.0636
0.0612 0.06192 0.0636
0.0614 0.0619 0.0622
0.0612 0.0621 0.0632
0.0616 0.06248 0.0634
0.0612 0.06202 0.0626
0.0616 0.06224 0.0628
0.0612 0.0623 0.0628
0.0616 0.0623 0.0632
0.0612 0.062 0.0626
0.061 0.06228 0.0632
0.0614 0.06248 0.0636
0.0608 0.06212 0.0628
0.0614 0.0624 0.0636
0.061 0.06238 0.063
0.0614 0.0623 0.063
0.061 0.06222 0.0628
0.0612 0.06214 0.063
0.0614 0.06258 0.0634
0.061 0.062 0.063
0.062 0.06238 0.0628
0.0622 0.06252 0.0628
0.0612 0.06256 0.0634
0.0616 0.06254 0.0636
0.0614 0.06236 0.063
0.0618 0.0626 0.064
0.062 0.0626 0.0634
0.062 0.06274 0.0646
0.0616 0.06236 0.0628
0.0614 0.06236 0.0636
0.0612 0.06214 0.063
0.0616 0.0623 0.0632
0.062 0.0626 0.0634
0.0614 0.06264 0.0634
0.061 0.0624 0.0632
0.0612 0.06232 0.0636
0.0616 0.06222 0.0626
0.0614 0.06264 0.0648
0.0622 0.06244 0.0632
0.0614 0.06264 0.0634
0.0612 0.06232 0.0636
0.0614 0.06272 0.064
0.0618 0.0629 0.0638
0.062 0.06258 0.0634
0.0614 0.06212 0.0628
0.0614 0.06228 0.0632
0.0612 0.06266 0.0638
0.0616 0.06238 0.0636
0.0616 0.06274 0.064
0.0616 0.06236 0.0642
0.0618 0.06274 0.0638
0.0612 0.06216 0.0628
0.0618 0.06242 0.0632
0.0612 0.0623 0.0632
0.0618 0.0627 0.064
0.0604 0.06206 0.0632
0.0612 0.0623 0.0634
0.0614 0.06244 0.064
0.061 0.06204 0.0632
0.0616 0.06222 0.0626
0.0616 0.06216 0.063
0.0618 0.0626 0.0632
0.0608 0.06234 0.0632
0.0616 0.06222 0.0626
0.0614 0.06236 0.063
0.061 0.06224 0.0634
0.0618 0.06234 0.0634
0.0618 0.06278 0.0634
0.0608 0.06228 0.0632
0.0614 0.06236 0.063
0.0614 0.06218 0.063
0.0614 0.06246 0.0634
0.0616 0.0622 0.0626
0.0608 0.06214 0.063
0.062 0.06242 0.063
0.061 0.06238 0.063
0.0612 0.0623 0.0632
0.0614 0.06224 0.0628
0.0608 0.06222 0.063
0.0612 0.062 0.0634
0.0616 0.06244 0.0636
0.062 0.0627 0.0638
0.0614 0.06226 0.0628
0.0616 0.06244 0.0638
0.0614 0.06256 0.0632
0.0618 0.0629 0.0636
0.0614 0.06238 0.0636
0.0616 0.06248 0.064
0.0622 0.06264 0.0634
0.0614 0.06234 0.0632
0.0618 0.06276 0.064
0.0616 0.06268 0.0638
0.0612 0.06236 0.0632
0.0618 0.06276 0.0638
0.0612 0.06216 0.064
0.062 0.0627 0.0632
0.0614 0.06242 0.0632
0.0618 0.06254 0.0632
0.0618 0.0625 0.0632
0.062 0.06262 0.0632
0.0618 0.06258 0.0632
0.0622 0.0628 0.0636
0.0612 0.06214 0.0634
0.0616 0.06232 0.0632
0.0618 0.06264 0.064
0.0616 0.06234 0.0634
0.0614 0.06244 0.0636
0.0616 0.0624 0.0636
0.0608 0.06238 0.0636
0.0618 0.06256 0.0636
0.0616 0.06224 0.0634
0.0618 0.06274 0.064
0.0608 0.06218 0.0632
0.0612 0.06236 0.0638
0.0616 0.06264 0.0634
0.0614 0.06246 0.063
0.0616 0.06264 0.0636
0.0614 0.06216 0.063
0.0616 0.06256 0.0632
0.0624 0.06278 0.0638
0.0614 0.0624 0.0634
0.0618 0.06272 0.0638
0.0618 0.06282 0.0636
0.0622 0.06272 0.0634
0.0614 0.06232 0.0634
0.0618 0.06242 0.0634
0.0614 0.06228 0.0632
0.061 0.06252 0.0636
0.0622 0.06278 0.0632
0.0618 0.06244 0.0632
0.0614 0.06248 0.0634
0.0614 0.0624 0.063
0.0618 0.06248 0.0632
0.0616 0.06238 0.0632
0.0616 0.06244 0.0632
0.0618 0.06258 0.0632
0.061 0.06246 0.0632
0.062 0.0627 0.0634
0.061 0.06252 0.0638
0.061 0.06206 0.063
0.0618 0.0624 0.063
0.0616 0.06238 0.0632
0.0614 0.0622 0.0628
0.062 0.06244 0.063
0.0614 0.06232 0.0632
0.0614 0.06242 0.0634
0.0614 0.06238 0.0634
0.061 0.06216 0.063
0.0608 0.06212 0.0634
0.0616 0.06246 0.0632
0.0616 0.06262 0.0638
0.0616 0.06234 0.0628
0.0616 0.06234 0.0636
0.0612 0.06236 0.0634
0.0618 0.0624 0.0632
0.0616 0.0624 0.0636
0.0614 0.06242 0.064
0.0612 0.06232 0.0632
0.0614 0.06244 0.0638
0.0616 0.06298 0.0642
0.0622 0.06274 0.0636
0.062 0.06272 0.0634
0.0612 0.06252 0.0632
0.0614 0.06222 0.0632
0.0624 0.06276 0.0636
0.061 0.06242 0.0634
0.0614 0.06232 0.0636
0.0614 0.06252 0.0638
0.0614 0.06214 0.064
0.0612 0.06232 0.0628
0.061 0.0623 0.0634
0.0612 0.06232 0.0638
0.062 0.0626 0.0634
0.061 0.06224 0.0634
0.0612 0.06198 0.0628
0.062 0.0629 0.0636
0.0616 0.06224 0.063
0.0614 0.06234 0.0632
0.0614 0.0621 0.0628
0.0612 0.06234 0.0636
0.062 0.0627 0.0638
0.0614 0.06252 0.0634
0.061 0.06214 0.0628
0.062 0.06266 0.0634
0.0614 0.06258 0.064
0.0618 0.06234 0.0628
0.0618 0.06242 0.0634
0.0612 0.06222 0.0634
0.0618 0.06242 0.063
0.0614 0.06212 0.0632
0.0612 0.06238 0.0638
0.0612 0.0625 0.064
0.0622 0.06282 0.0632
0.061 0.06238 0.0632
0.0612 0.0623 0.0642
0.0612 0.0622 0.063
0.0618 0.06268 0.0632
0.0618 0.06244 0.0632
0.0616 0.06248 0.0634
0.0612 0.06224 0.0632
0.0612 0.06238 0.0632
0.0618 0.06238 0.063
0.0614 0.06254 0.0638
0.0616 0.06266 0.064
0.0614 0.0622 0.0632
0.0618 0.06256 0.0636
0.0618 0.06252 0.064
0.0614 0.06228 0.0634
0.0616 0.0624 0.0632
0.062 0.06278 0.064
0.061 0.06258 0.0638
0.0612 0.0627 0.0642
0.061 0.06218 0.0642
0.0614 0.06264 0.0638
0.0618 0.0628 0.0636
0.062 0.06268 0.0636
0.0618 0.06252 0.0636
0.0616 0.06234 0.063
0.0612 0.06252 0.0636
0.0616 0.06218 0.0636
0.0616 0.06276 0.0636
0.062 0.06282 0.0642
0.0614 0.06244 0.0636
0.0616 0.06232 0.063
0.0614 0.0623 0.0634
0.0618 0.0628 0.0638
0.0616 0.06242 0.063
0.0622 0.06286 0.0636
0.0616 0.06218 0.0628
0.0612 0.06234 0.0632
0.0614 0.0624 0.0636
0.061 0.06226 0.0638
0.0618 0.0624 0.0634
0.0612 0.06234 0.063
0.0618 0.06232 0.063
0.0614 0.06266 0.0634
0.0616 0.06268 0.0634
0.0618 0.0624 0.0632
0.0616 0.06236 0.0634
0.061 0.06236 0.063
0.0608 0.06224 0.0634
0.0614 0.06238 0.0636
0.0618 0.06222 0.0636
0.061 0.06212 0.063
0.0624 0.06284 0.0636
0.0608 0.0624 0.0634
0.0614 0.06226 0.0636
0.062 0.0627 0.0638
0.0618 0.0623 0.0632
0.0612 0.06262 0.0632
0.0618 0.06264 0.0638
0.061 0.06256 0.0636
0.0616 0.0627 0.0636
0.0612 0.06224 0.0628
0.0618 0.06274 0.0638
0.0618 0.06234 0.0636
0.0618 0.06254 0.0632
0.0614 0.06254 0.0636
0.0622 0.0628 0.0636
0.0616 0.06218 0.0628
0.0618 0.06244 0.0634
0.0618 0.06236 0.0632
0.0612 0.06216 0.063
0.062 0.06254 0.0634
0.061 0.06182 0.0624
0.0618 0.06258 0.0634
0.0614 0.06226 0.063
0.0608 0.06248 0.0634
0.0614 0.06268 0.064
0.0616 0.0625 0.064
0.0612 0.06248 0.0636
0.0624 0.06284 0.0634
0.0614 0.06224 0.063
0.0614 0.06234 0.063
0.062 0.0627 0.064
0.0618 0.06254 0.0634
0.061 0.06248 0.064
0.0614 0.06242 0.0642
0.0614 0.06276 0.064
0.061 0.06252 0.0634
0.0618 0.06244 0.0634
0.0612 0.06226 0.0634
0.0612 0.06206 0.0628
0.0614 0.06228 0.0632
0.0616 0.06308 0.0642
0.0618 0.06256 0.0636
0.0612 0.06232 0.0632
0.0618 0.06272 0.0634
0.0616 0.06228 0.0628
0.062 0.06278 0.0636
0.0614 0.0624 0.0638
0.0618 0.06252 0.0634
0.061 0.06194 0.0628
0.0612 0.06242 0.0632
0.0614 0.06228 0.0632
0.0608 0.06196 0.0628
0.0618 0.06234 0.063
0.0614 0.06218 0.0626
0.061 0.06226 0.0634
0.0618 0.06268 0.064
0.0616 0.06222 0.063
0.0616 0.06286 0.0638
0.0616 0.06232 0.0634
0.0612 0.0623 0.0634
0.0612 0.06222 0.0636
0.0612 0.06246 0.0636
0.0614 0.06196 0.0628
0.0616 0.06252 0.064
0.0618 0.06242 0.0632
0.0616 0.0623 0.0628
0.062 0.0628 0.0636
0.0616 0.0625 0.0638
0.0618 0.06224 0.0628
0.0616 0.06218 0.0634
0.062 0.06258 0.0634
0.0614 0.06244 0.0632
0.0614 0.06256 0.0636
0.0614 0.06264 0.064
0.0612 0.06242 0.0632
0.0622 0.06278 0.0634
0.0614 0.06254 0.0634
0.062 0.06266 0.064
0.0616 0.06264 0.0634
0.0612 0.06232 0.0634
0.0616 0.06234 0.063
0.0618 0.06228 0.0628
0.0616 0.06226 0.0634
0.061 0.06218 0.0636
0.0612 0.0621 0.063
0.0618 0.06234 0.0636
0.0618 0.06238 0.063
0.0612 0.06232 0.0632
0.0618 0.06246 0.063
0.0616 0.06234 0.063
0.0618 0.0624 0.063
0.0616 0.06232 0.0644
0.0616 0.0622 0.063
0.062 0.06262 0.0634
0.0618 0.06276 0.0638
0.061 0.0619 0.0628
0.0616 0.06248 0.0632
0.0614 0.0623 0.0632
0.0614 0.06228 0.0628
0.061 0.06208 0.063
0.0618 0.06268 0.0632
0.0614 0.06254 0.0634
0.0614 0.06228 0.0626
0.0612 0.06244 0.0642
0.061 0.06232 0.0628
0.0614 0.0626 0.0638
0.0612 0.06256 0.064
0.062 0.06264 0.0634
0.0616 0.06246 0.0636
0.0614 0.0624 0.0632
0.062 0.06288 0.0638
0.0616 0.06264 0.0636
0.0616 0.06238 0.0632
0.0616 0.06256 0.0632
0.062 0.06272 0.063
0.0616 0.06254 0.0634
0.0616 0.06266 0.0638
0.0624 0.0628 0.0638
0.0622 0.06274 0.0638
0.0618 0.06238 0.063
0.061 0.0626 0.0636
0.0618 0.06274 0.0644
0.0614 0.06256 0.0632
0.062 0.06276 0.0636
0.061 0.0625 0.0638
0.0616 0.06232 0.0634
0.061 0.0623 0.0634
0.0616 0.06238 0.063
0.0622 0.0628 0.0634
0.0608 0.06228 0.063
0.0614 0.06254 0.0636
0.0612 0.0626 0.0636
0.0618 0.06262 0.0636
0.061 0.0625 0.064
0.0618 0.06252 0.063
0.0614 0.0628 0.0636
0.0616 0.06222 0.0632
0.0614 0.06242 0.0638
0.062 0.06258 0.0636
0.0622 0.06278 0.0634
0.0616 0.0624 0.063
0.0618 0.0624 0.063
0.0614 0.06228 0.0632
0.0616 0.0627 0.0638
0.0616 0.06226 0.0628
0.0614 0.0626 0.0638
0.0616 0.06244 0.0634
0.061 0.06248 0.0632
0.0616 0.06294 0.0642
0.0614 0.06242 0.0634
0.0612 0.0627 0.0634
0.0608 0.06254 0.0642
0.0616 0.06254 0.0636
0.0614 0.0626 0.0638
0.0612 0.06222 0.0638
0.0622 0.0625 0.063
0.0612 0.06236 0.0636
0.0616 0.0626 0.0636
0.0618 0.06252 0.063
0.0618 0.06262 0.0632
0.0616 0.0625 0.0634
0.0614 0.06284 0.0636
0.062 0.06258 0.0632
0.0616 0.06266 0.0634
0.0612 0.06224 0.0634
0.0622 0.06274 0.0638
0.0622 0.06262 0.0634
0.0618 0.06244 0.0628
0.0616 0.0625 0.0632
0.062 0.06236 0.0638
0.0622 0.06252 0.0638
0.0618 0.06272 0.0638
0.062 0.06262 0.0642
0.062 0.06266 0.0638
0.0614 0.06256 0.064
0.0616 0.06272 0.0636
0.0612 0.0624 0.0638
0.0616 0.0624 0.0634
0.0614 0.06244 0.0638
0.062 0.06286 0.0642
0.0616 0.0625 0.0634
0.0614 0.06214 0.063
0.0616 0.06258 0.0638
0.0618 0.0626 0.0638
0.062 0.06272 0.0634
0.061 0.06244 0.063
0.0614 0.0627 0.0636
0.0618 0.06242 0.0632
0.0614 0.06244 0.0632
0.0622 0.06292 0.0636
0.0614 0.06242 0.0632
0.0616 0.06232 0.0634
0.0616 0.06248 0.0634
0.0622 0.06262 0.0636
0.0616 0.0626 0.0634
0.0616 0.06272 0.0632
0.0618 0.06284 0.0644
0.0616 0.06244 0.0634
0.0614 0.06258 0.0634
0.0616 0.06266 0.0634
0.0616 0.06252 0.0636
0.0618 0.06272 0.0636
0.0614 0.06274 0.0634
0.062 0.06254 0.063
0.0614 0.06274 0.0642
0.0614 0.0624 0.0638
0.062 0.06252 0.0632
0.0616 0.06234 0.063
0.062 0.06258 0.0632
0.062 0.06278 0.0642
0.0616 0.06268 0.0642
0.0618 0.06244 0.0632
0.0612 0.06208 0.063
0.0616 0.06242 0.0638
0.0612 0.06206 0.0632
0.0616 0.0628 0.0638
0.0616 0.06246 0.063
0.062 0.06254 0.0636
0.0608 0.06208 0.063
0.061 0.06212 0.063
0.0614 0.06262 0.0634
