-11907.5697007 -11626.8081325 -11002.7817406
-11867.6478646 -11619.3757636 -11291.9197139
-12338.4099428 -11754.9354862 -11269.4327982
-12386.9531104 -11368.8153049 -10980.6523417
-11990.8707597 -11279.0749347 -10785.7648341
-12225.4393949 -11502.2068901 -10917.4156733
-11611.8349352 -11252.9324251 -10744.9693975
-11698.0411965 -11286.4694129 -11019.9922971
-11451.2377159 -11086.6940309 -10816.7057966
-11480.6229446 -10939.7345719 -10560.7303158
-11391.6133502 -11068.9009303 -10889.4525967
-11319.502011 -11009.2711731 -10728.3685671
-11263.8316869 -10675.0322546 -10232.275024
-11347.2132638 -10843.2115487 -10279.040439
-11190.8502385 -10700.1794729 -10351.7263114
-10514.704864 -10130.9746831 -9540.20391423
-10986.0551307 -10197.9247945 -9752.73627372
-10751.8465667 -10436.7202457 -9988.48638216
-10429.0363541 -10183.0780585 -9971.74378454
-10382.3332871 -9987.15438291 -9745.95399826
-10280.0064084 -9855.668971 -9369.01635373
-10072.476881 -9718.03955636 -9181.81490106
-9905.18165211 -9599.98297698 -9373.37577512
-10238.7652181 -9944.5292109 -9422.83429644
-9814.31001649 -9220.07789728 -8836.22004155
-9860.65856533 -9377.76321135 -9040.16519173
-9985.95986695 -9471.74761582 -9216.65405574
-9835.42409967 -9289.09035968 -8943.42015832
-9277.23751518 -8777.58676144 -8449.69599392
-10031.7586094 -9289.01337033 -8838.11343232
-9523.0930297 -9069.25221338 -8716.33355792
-9361.62654739 -8852.82303349 -8359.91145177
-9888.98853286 -9137.32737349 -8552.78830996
-8805.92342824 -8654.64642676 -8494.39118514
-9386.73284428 -8871.14324174 -8512.09478351
-9643.82956793 -8894.23151703 -8121.51254785
-9550.42444701 -9138.41728959 -8615.13094251
-9443.37178513 -8970.36470825 -8390.50971532
-9511.32837498 -9038.95501454 -8526.19671642
-9040.28178037 -8604.08806235 -8214.15767403
-8914.2664567 -8690.29052006 -8387.09827403
-9193.39781347 -8646.84112235 -8408.50697438
-8962.58018492 -8751.19326737 -8565.61604606
-9394.82578634 -8826.49783757 -8590.15173057
-9596.63784221 -8909.79432738 -8575.40432104
-8949.70508483 -8666.07764663 -8432.10677041
-8906.95961233 -8556.80923376 -8054.70354309
-8831.907512 -8509.06081565 -7726.35878834
-9110.51417946 -8428.01923087 -7165.67206001
-8861.9941393 -8741.23886665 -8569.69364615
-9183.56935949 -8644.86741602 -8384.57310925
-9021.89117953 -8757.83102577 -8672.81824483
-8829.3418094 -8038.89055979 -7597.39326544
-8819.6267605 -8223.55976085 -7768.77867851
-8970.93209068 -8426.39135101 -6972.24037926
-8946.3612199 -8452.15007241 -7167.23420763
-8808.72007163 -8514.91702779 -8172.82925186
-9033.22117762 -8507.00351178 -7627.2429595
-8916.78245143 -8070.7339147 -5933.03755762
-8387.98744213 -7827.56876757 -6810.78933379
-9045.98482583 -8082.50696452 -5932.15225181
-8703.99447288 -7650.13115258 -5556.22243714
-8895.93621057 -7722.46815089 -5829.34297213
-6620.45211371 -4448.01193244 -2919.41720658
-8992.78191087 -6687.31502938 -3154.12175412
-7983.51259557 -4652.77124502 -2386.62865151
-6378.13271074 -3727.12742144 -2216.88480197
-7065.16362333 -3923.80147823 -2255.82808745
-7934.62928566 -4997.31071006 -2283.34789463
-2552.48799123 -2025.8268099 -1510.2802772
-2616.08165832 -1830.39312228 -1520.2276392
-3036.67723888 -2152.66559528 -1456.98684698
-2437.46072637 -1680.29466248 -1439.19621967
-3074.81404029 -1758.27769465 -1322.81183768
-4362.17382422 -2066.22794633 -1289.7103163
-1656.15542119 -1477.86839907 -1345.92938883
-1912.8460508 -1494.56968957 -1231.55244547
-1560.42041735 -1454.02043128 -1290.43237996
-2267.947714 -1426.3518573 -1221.8788519
-1526.99255024 -1343.90077474 -1199.76549794
-1609.16644438 -1405.32493514 -1218.61788206
-1353.88990445 -1236.62140324 -1086.11299878
-1543.36074248 -1291.11567511 -1118.36981801
-1458.71998137 -1195.99650189 -1070.43710708
-1307.35303912 -1192.31006629 -1026.25529121
-1287.40427193 -1186.90072264 -1120.05131366
-1339.61120422 -1208.70852706 -1107.07850082
-1275.72477019 -1161.15802668 -1045.7807325
-1327.05975596 -1177.35999286 -1033.15540109
-1294.58962793 -1143.11590983 -1062.14209319
-1236.37738542 -1122.17664327 -1041.76230315
-1260.5501331 -1144.58511987 -1002.15124789
-1276.3724508 -1152.3528185 -1025.83353728
-1315.20317233 -1182.85019627 -1087.87736556
-1195.91401243 -1128.90699228 -1062.84768375
-1220.91986065 -1140.5524897 -972.304974957
-1191.62195933 -1094.56678419 -1026.93202249
-1147.01365122 -1082.26947092 -1031.62917125
-1220.71183922 -1094.84184143 -946.336175772
-1190.75776044 -1046.04293881 -947.807484457
-1180.94965707 -1064.57899036 -980.659124526
-1111.38997245 -1060.97089916 -991.732437377
-1109.68334123 -980.914733589 -906.768463091
-1116.42293255 -984.332477665 -875.7872967
-1083.12322702 -974.823496673 -894.821365817
-1064.70436529 -932.360425489 -819.645187869
-1029.65337125 -975.094079105 -838.706479775
-1043.95084026 -1007.90078219 -935.15388767
-1081.38807474 -964.134393549 -866.729110815
-1122.54842208 -958.577691228 -734.032840959
-1008.60173984 -918.490051134 -797.635701975
-964.391268171 -919.15006369 -867.023740689
-1012.42967034 -851.528248746 -213.565743382
-964.520518415 -845.731272229 -392.78704372
-1025.08406414 -889.122822708 -757.858634554
-931.020502318 -506.361879034 -49.2159912158
-1075.06078364 -834.351033655 -477.023630018
-1055.55106455 -834.40129689 -119.254763771
-1081.25636462 -696.632956721 -308.087821826
-1161.59026496 -743.420258094 -459.190448238
-1024.72261338 -411.041247413 69.9804220278
-1015.27987833 -281.760026652 166.809593738
-859.605051191 -344.579726205 49.4332143075
-795.840592059 -379.950726444 -107.633634964
-1794.84840249 -634.468534954 -197.773216752
-579.051510229 -301.149741377 -184.792653133
-946.89597047 -277.994439467 -10.4379435534
-1462.36563573 -443.453414451 60.3697232803
-893.016902938 -284.73549296 162.136241455
-1273.359468 -363.629030785 251.934602025
-652.873961715 -243.974840544 56.5497730285
-959.390412275 -273.801404904 255.528619534
-1097.26857971 -439.872510011 379.496038296
-388.79873787 -71.495836139 304.251324708
-1413.38975139 -376.444227835 -123.879191396
-743.532972104 -254.942703997 121.349751811
-1364.31636317 -344.246968873 185.792087315
-1918.85725193 -554.024240801 -48.2827838167
-1148.85338634 -409.445728487 163.262768846
-1616.97088223 -207.601299 366.771094436
-1463.61703182 -237.176112427 229.813805514
-1115.78119498 -405.114197572 206.667681807
-567.124660957 -197.826021857 65.6503715552
-782.457927603 -239.266206757 116.252965658
-1164.34271942 -352.137023078 36.8176604771
-1111.73897233 -321.272986985 122.887427564
-399.390258347 -71.4372092511 213.716766457
-603.491739314 -107.616114415 266.052551834
-1149.13319732 -354.858785631 346.866635099
-867.741716967 -224.11697896 227.467276003
-1309.9810039 -172.74989062 88.3317211975
-936.568796267 -273.844542981 104.355442715
-1963.94393081 -222.343877366 282.162759027
-641.338060704 -31.0419715961 393.946514078
-1548.9519604 -308.429686937 290.691300109
-876.15111583 -296.79441349 255.341050822
-718.301396056 -265.853557827 69.4366009025
-811.303392298 -238.895587118 179.408062588
-270.074114388 -25.995581587 183.031649135
-902.840736297 -266.425839406 256.784928879
-677.487663215 -52.4737785868 555.617737526
-292.233815703 42.8503871571 328.804333573
-365.397206574 -80.4478537435 309.295059817
-1652.26150997 -41.215295047 488.916248688
-1394.61091676 -13.8457069328 467.055770395
-1025.00153457 -100.07289826 583.188186973
-623.642613205 -102.508870909 284.504790882
-409.039519884 138.416481757 428.662213681
-672.513294807 -14.7514039011 434.408657142
-826.799808136 -280.663428298 297.167462293
-1019.76064178 -186.182159499 193.153868148
-966.093112242 -141.191793678 248.157811472
-815.828009873 -96.4987548922 237.825277763
-773.219977824 -127.784162229 452.090133434
-1201.24298232 -68.924272155 258.553781223
-1171.37855937 -114.37795814 256.36483158
-460.984250375 -25.8418137214 342.055503382
-716.393206114 -270.167697173 201.260977891
-769.800207805 -61.4780364545 422.995959532
-765.87541816 -150.061147258 199.554288729
-1301.36871265 -291.587442344 287.687340025
-734.942434818 -227.757614992 161.621386472
-1070.80942206 -58.5550810321 336.681438385
-1109.77897641 -310.575773446 468.2989043
-1289.58489303 -286.025992801 148.296382349
-798.746929234 -191.175055334 170.36464376
-827.942979615 -79.4055775691 469.78673523
-932.976581324 -18.1007527948 375.393865638
-1705.07193248 -355.28540137 259.875130311
-848.505148586 31.6192421429 543.076670373
-237.847339997 96.3842708623 373.876083723
-1347.7694699 -235.8413638 498.423886465
-1183.46003786 -167.661781736 418.607410839
-1069.33770859 -96.5555543939 306.028316352
-684.945092123 16.1598287224 397.815780546
-1519.34712921 -242.035517532 339.104346041
-581.070380496 105.452137623 579.754555024
-893.065557155 -236.337471886 320.695624762
-700.134552453 133.304228059 494.963556643
-1149.28959199 31.1177092371 537.488450081
-1022.32488965 -222.523776701 316.982803749
-601.668642408 -15.6655017309 337.357312517
-795.193233027 22.4120157308 475.079341264
-525.786125398 15.8562709801 537.617646884
-652.518951247 -76.6040291346 382.996439299
-659.796801412 74.0150312548 643.054912442
-735.198025666 142.772946566 515.93559531
-801.74692973 -168.943702193 203.263746662
-727.451526725 23.42060924 286.379966163
-223.048894923 86.1038639469 379.087303335
-609.47342319 -7.01595475426 360.110561235
-452.523825809 54.2023658823 557.126835913
-671.625879843 157.880484561 619.931393802
-667.267217804 9.49294069804 532.248006517
-1065.93308323 2.56030427994 559.996052053
-538.595536801 -17.8566894042 521.075851706
-625.369534578 18.3175215471 555.752273371
-745.893493054 -14.6338244722 616.99410923
-694.786555124 11.9439702418 304.242301202
-344.028555005 97.0067462368 414.744258184
-397.984031793 126.499206982 593.669287568
-569.0026638 158.279272718 484.440415363
-579.270877642 102.35721534 405.350877378
-658.874983022 163.463557593 667.37309757
-1073.96966488 6.6093206168 551.484497812
-337.172651657 119.811809953 457.028606554
-524.033993974 207.974511203 711.023313116
-562.36508216 57.3487990633 695.777857467
-538.702069887 145.961604761 565.663285711
-648.549352728 199.116450274 493.427822152
-511.616128515 47.935023895 461.16305267
-766.470984469 -168.178142541 357.74437094
-691.264892746 171.562029295 598.73315791
-467.82532421 128.847293558 541.511485062
-829.865853798 73.4497777156 576.904497388
-58.7522574504 275.807832667 530.708086806
-268.301130396 30.4162665553 489.724934424
-640.561962148 -57.0948168532 437.503369766
-516.85945812 48.6587849425 405.772317495
-1057.4266287 -129.060428178 485.106561779
-779.974378829 -95.2637115362 464.311186084
-989.664774317 -367.968875055 34.118342266
-883.961025081 -97.0609019445 426.988717864
-810.108765308 -175.348949466 137.39087905
-333.500564079 290.940053457 704.220500565
-783.465277732 105.361014096 522.329465801
-86.1943782683 184.537619519 487.632525993
-568.176660879 42.1206641265 627.449002895
-682.749461432 119.29798058 452.870339292
-361.675992711 188.890733462 522.964760677
-357.498150779 222.418038609 521.420961685
-815.355251848 9.62777185511 473.756086542
-653.317102396 73.2670174274 490.018937424
-689.95705353 203.839442351 637.40559429
-546.180822408 -26.3704130332 406.251403556
-475.832093844 -1.78385292476 268.701120264
-871.148020863 -76.5437284573 539.92194968
-179.543753629 225.425276271 478.623496582
-331.876555042 -92.3177579699 194.452942784
-1236.22295478 -157.183627513 317.052173788
-640.349751749 118.771809956 432.892387194
-600.891019416 157.74686651 631.731774701
-420.365657428 131.986450184 443.00811955
-675.761000121 -27.0678110452 414.091421369
-219.138121316 200.806542745 507.414546299
-170.712790932 75.6950479927 302.310839101
-499.589154398 3.16989604455 334.796306446
-401.245878765 257.436023756 672.256498707
-456.184850535 48.1277161463 563.335896523
-309.065053826 122.929863674 420.419513881
-576.205238953 -5.22889231649 446.021196674
-615.711929414 28.2389551149 461.005979764
-663.64603784 -185.31843223 241.282973839
-549.797910758 -21.936149256 402.33413572
-289.17581177 265.024258324 464.038707874
-500.804995207 150.267732215 799.675442542
-622.393142618 -34.8882992382 237.634187547
-676.342069504 -96.4323071279 516.841431198
0.887307712277 327.900886491 651.390028476
-1196.0453024 39.6280471822 561.911767573
-776.07610711 103.480603793 411.477329585
-849.907037663 -180.361167952 351.072469992
-205.085362126 238.356832509 604.939721993
-338.490063525 -39.0854283959 127.002844142
-651.67842249 -100.961019648 340.000119708
-826.395714256 123.702025942 485.2898004
-462.300406153 103.467387072 396.748697724
-755.06975395 69.4913037895 486.219188281
-360.772205525 213.51354377 691.447863376
-378.480926534 197.193690693 579.308485386
-74.8590894457 239.37744123 525.752274436
-462.817297214 317.003453781 683.211921522
-267.949313268 223.016968594 622.662545979
-285.571666116 57.3404246232 395.950931463
-260.638432455 131.807407454 568.248557238
-614.389543405 184.886497788 583.929233282
-407.619729402 342.303140915 628.484606055
100.946208468 471.921493103 612.733292962
-722.46633929 63.7503689294 642.151317204
-225.024874448 313.8976404 741.546617588
-490.925777239 50.4240815942 466.941805472
115.934472463 278.470962831 757.826434948
-217.907480083 257.976997213 637.767565517
-291.908514841 181.100755907 460.171352824
-89.8238833299 312.370376732 594.900443525
-300.830273998 150.092743932 606.568989731
86.4905737011 321.517213839 539.066132879
-290.009739644 261.779032444 652.199657047
-874.03966881 353.066575408 668.51431359
-417.615361746 186.964269742 479.169144984
-608.006877183 -23.1698311424 501.347476472
-665.563233974 -43.0631987061 478.243018494
-340.305400244 229.946366795 510.741043528
-17.3081740837 165.483915375 384.319221939
90.6862756102 423.337887045 780.90947913
-519.308686845 240.675539537 531.468674628
-189.65767544 26.291627296 523.641763372
-198.831237279 100.653933224 534.661811428
-464.105487884 120.716840593 473.628298823
-55.9582797759 130.359903743 290.127939512
-633.590708652 194.111867432 660.048663014
-520.836842605 246.449910104 603.248077098
-409.164418693 138.991847357 581.841842095
-558.474438903 263.144323875 560.610214965
-396.412619381 151.653502726 498.833939635
-7.94819576525 207.882568348 476.823154286
-472.157541551 -31.8916037286 464.690728621
-69.5352741968 263.357087447 515.213538514
-350.916589243 55.8358606783 476.411315236
30.5996357453 287.861348996 446.534989008
-180.881469806 234.368676778 577.119440757
-185.269067881 331.931687832 693.154420644
-525.052389545 -11.1670190644 448.041314225
-254.560277986 286.307092695 649.853814362
-711.148133396 65.2838632884 539.960029888
-143.246498057 331.640644496 638.933257085
-471.885427004 107.313715702 523.130934593
-314.064197995 185.272690677 514.179621394
-1155.80107582 25.3809529593 430.039413286
-814.915608981 245.735807587 627.122735777
-849.013715029 -38.086888055 467.724435862
-429.42851281 88.2875739594 469.186646426
-444.040843065 98.2335047396 412.534244521
-771.537559513 2.50965153768 459.793840202
-214.791645653 278.660460572 559.889905895
-735.184216602 171.16229157 560.859308248
-255.361285625 148.569828277 573.048450088
-396.865824013 184.225619077 546.008614809
-191.139240902 201.530689008 429.656105582
-389.893019751 193.923297435 642.54879492
-513.688206181 301.116680601 581.025298232
-602.156642602 111.534725875 506.697953955
-771.336313577 79.4729859005 633.029806292
-836.541759369 23.716707136 558.428058589
-252.964183247 133.945918243 423.146521388
-290.4264045 -7.3506798521 358.095645332
-317.064233513 140.919871065 490.460095775
342.521703681 415.105443253 568.089306573
-82.0134772393 148.21106314 491.481725648
-552.42436457 277.160978319 622.547168898
-583.376433948 33.8429447485 442.396950659
-184.566376275 162.381069892 364.842455476
-204.893635924 164.023864583 476.14438877
-411.453898914 135.873137519 535.836357971
-480.986308514 425.800202786 849.619943455
-577.159208434 -9.27259405963 490.275430972
-226.106001547 463.629945181 717.235917776
-108.425826497 224.503656901 688.575794874
79.6797065219 401.675640756 632.825016558
-858.732654515 300.540801609 633.510158872
-533.014295043 253.868419583 742.392098558
-687.601817739 213.225921552 644.316355194
-600.013429118 151.448723529 536.184561274
-252.051764278 160.263900812 417.839930757
-92.7595666912 363.11016486 645.606144554
-203.684511648 244.529640048 634.362805775
