0.44364 0.569544 0.6
0.4006 0.571672 0.6
0.38368 0.57414 0.6
0.30624 0.498508 0.6
0.29944 0.54024 0.6
0.31576 0.517216 0.6
0.21848 0.510164 0.6
0.20188 0.373328 0.6
0.22644 0.516884 0.6
0.17196 0.367444 0.6
0.17308 0.322888 0.6
0.20912 0.317176 0.5984
0.1328 0.18686 0.23256
0.15556 0.239928 0.5782
0.13884 0.244112 0.57792
0.1502 0.238372 0.6
0.13668 0.196928 0.2838
0.1346 0.165568 0.22
0.14516 0.258772 0.6
0.15404 0.18016 0.23932
0.13984 0.17826 0.27672
0.13992 0.162648 0.19576
0.13876 0.23244 0.6
0.15228 0.247416 0.45452
0.12556 0.160484 0.20132
0.1342 0.196368 0.46628
0.13276 0.20962 0.5338
0.13352 0.151444 0.17144
0.14028 0.161528 0.19816
0.12204 0.137076 0.16452
0.12972 0.154748 0.21672
0.11532 0.137 0.16636
0.12052 0.146744 0.18056
0.1252 0.140712 0.16948
0.12444 0.139284 0.16308
0.11892 0.132968 0.1502
0.1232 0.136172 0.16132
0.11532 0.130232 0.14412
0.11412 0.13938 0.2248
0.11556 0.126508 0.14396
0.10792 0.12412 0.14868
0.12004 0.130064 0.15988
0.11916 0.13236 0.14508
0.11232 0.1283 0.15364
0.11348 0.131032 0.14704
0.11652 0.132916 0.16864
0.119 0.129224 0.15096
0.11516 0.12264 0.12912
0.11572 0.127736 0.1462
0.12216 0.134916 0.16276
0.11944 0.13004 0.15196
0.11456 0.125756 0.14368
0.11816 0.12924 0.14068
0.11296 0.126564 0.13932
0.10616 0.11818 0.13252
0.1144 0.12456 0.14376
0.11456 0.134276 0.21532
0.11056 0.128852 0.15528
0.11532 0.132296 0.15448
0.11532 0.124948 0.15164
0.116 0.124104 0.13664
0.1134 0.126164 0.1578
0.10972 0.12998 0.14932
0.11212 0.126244 0.14352
0.1154 0.125792 0.14532
0.11208 0.127592 0.14808
0.11012 0.121232 0.13312
0.11364 0.120584 0.13428
0.11292 0.126176 0.14972
0.10892 0.122752 0.1322
0.10436 0.121896 0.14484
0.11064 0.125364 0.13592
0.11028 0.121248 0.13332
0.11884 0.127324 0.14116
0.1052 0.121248 0.1426
0.11124 0.125628 0.13688
0.10936 0.119012 0.12896
0.10976 0.11824 0.13116
0.09968 0.118292 0.1368
0.11156 0.120868 0.13588
0.1106 0.12638 0.15344
0.11028 0.120912 0.13484
0.11148 0.119052 0.12968
0.10688 0.1191 0.13568
0.10608 0.117244 0.14196
0.1078 0.11338 0.11864
0.108 0.123152 0.18412
0.10784 0.121044 0.13304
0.10748 0.1172 0.12668
0.10448 0.11394 0.1252
0.1064 0.111596 0.11948
0.10872 0.114172 0.12112
0.10708 0.114832 0.12612
0.10596 0.111616 0.11808
0.10516 0.113456 0.12464
0.10592 0.113456 0.1236
0.10508 0.113396 0.1254
0.1012 0.111132 0.1258
0.10512 0.113432 0.11984
0.10692 0.116912 0.13424
0.10704 0.112056 0.1158
0.10404 0.113 0.1212
0.10916 0.113924 0.12772
0.1054 0.113844 0.12208
0.10884 0.113972 0.12104
0.0998 0.112196 0.12112
0.107 0.115344 0.12964
0.11056 0.112924 0.11792
0.10192 0.107816 0.11892
0.10224 0.109308 0.12012
0.10184 0.109656 0.12168
0.09852 0.110008 0.1168
0.10604 0.114016 0.12184
0.09876 0.107348 0.11772
0.09392 0.109908 0.12192
0.0926 0.109592 0.12368
0.1068 0.113372 0.12608
0.10288 0.11274 0.12476
0.10188 0.116072 0.13208
0.09724 0.10844 0.11696
0.09772 0.109108 0.12164
0.10128 0.1086 0.11752
0.10468 0.111344 0.12572
0.10256 0.107164 0.11308
0.10124 0.107156 0.11144
0.10232 0.10642 0.11252
0.10092 0.109296 0.12068
0.09056 0.105492 0.11588
0.10004 0.109364 0.11708
0.10184 0.109608 0.12284
0.10168 0.107668 0.11388
0.09956 0.109632 0.1242
0.10564 0.111764 0.12236
0.1046 0.136284 0.36856
0.10192 0.10648 0.117
0.104 0.11504 0.12632
0.10076 0.10714 0.11204
0.10484 0.11066 0.1196
0.1032 0.121952 0.22944
0.10724 0.111716 0.11548
0.10392 0.108316 0.11312
0.10416 0.10998 0.12848
0.10404 0.11318 0.11832
0.1036 0.111848 0.124
0.10912 0.115024 0.125
0.10216 0.111228 0.11944
0.10652 0.115652 0.13352
0.10756 0.111448 0.12244
0.107 0.1145 0.12404
0.10584 0.116 0.1276
0.10276 0.113092 0.12756
0.10056 0.119188 0.16928
0.10484 0.110716 0.12216
0.10412 0.1135 0.12496
0.10024 0.108716 0.12044
0.10268 0.117348 0.19392
0.09444 0.157228 0.6
0.102 0.111652 0.12124
0.1048 0.10952 0.12028
0.10492 0.112696 0.12264
0.10108 0.1109 0.12744
0.1066 0.112404 0.12676
0.10444 0.107992 0.1136
0.10492 0.111452 0.1208
0.1026 0.13174 0.34428
0.10712 0.113592 0.13304
0.10804 0.114536 0.1334
0.0962 0.108104 0.11416
0.1022 0.109184 0.11984
0.10436 0.114084 0.13144
0.10072 0.112544 0.13328
0.10556 0.11294 0.1258
0.10188 0.108768 0.12576
0.09988 0.107356 0.11292
0.09908 0.11116 0.12376
0.0992 0.107652 0.11316
0.10128 0.111092 0.12092
0.09204 0.107256 0.1338
0.09732 0.106908 0.11352
0.10028 0.109256 0.12224
0.09644 0.107044 0.11728
0.09112 0.111304 0.15336
0.0958 0.104696 0.11192
0.10028 0.110924 0.12248
0.10132 0.159928 0.59108
0.10164 0.113608 0.12636
0.10472 0.111132 0.1226
0.09692 0.159472 0.6
0.09672 0.111904 0.15464
0.10248 0.111796 0.13036
0.10424 0.108432 0.1142
0.09968 0.107412 0.11444
0.09272 0.105332 0.1146
0.10708 0.113928 0.1272
0.10236 0.111656 0.1292
0.0988 0.109208 0.11964
0.10276 0.14004 0.39784
0.0904 0.117036 0.19324
0.10172 0.112044 0.12472
0.08716 0.104832 0.11416
0.09568 0.119564 0.22284
0.09772 0.108984 0.12112
0.0912 0.107552 0.12228
0.10408 0.110692 0.12232
0.10184 0.110404 0.11788
0.08852 0.106748 0.13348
0.10212 0.112616 0.14488
0.0988 0.105688 0.12464
0.1028 0.15664 0.54496
0.09544 0.107084 0.11896
0.09492 0.129732 0.35576
0.0908 0.112216 0.14492
0.09792 0.150904 0.50184
0.09464 0.137384 0.35848
0.09744 0.111348 0.13684
0.09288 0.107568 0.14128
0.09436 0.128112 0.30552
0.09188 0.106236 0.12872
0.08916 0.108512 0.12976
0.0912 0.103604 0.11636
0.0924 0.105072 0.12404
0.09372 0.112992 0.1474
0.09528 0.110648 0.16268
0.0928 0.10814 0.1394
0.09004 0.099212 0.1246
0.08736 0.15486 0.6
0.089 0.096368 0.10588
0.08904 0.098648 0.1128
0.08672 0.099268 0.11844
0.09176 0.10416 0.12152
0.09556 0.10234 0.11996
0.09368 0.10764 0.14012
0.0914 0.098392 0.12704
0.0904 0.110276 0.14728
0.08864 0.096692 0.10576
0.09104 0.098112 0.10716
0.09292 0.100036 0.10664
0.09384 0.099 0.11812
0.0924 0.098168 0.11372
0.0908 0.102432 0.14308
0.09232 0.098504 0.11668
0.0924 0.099924 0.11736
0.09056 0.095024 0.10112
0.09256 0.097508 0.1092
0.0924 0.099996 0.11592
0.09024 0.097172 0.11084
0.09344 0.097196 0.1064
0.09432 0.098824 0.11336
0.09312 0.09738 0.10192
0.09092 0.095868 0.10396
0.0922 0.095512 0.1004
0.09088 0.095568 0.10352
0.09296 0.097044 0.10236
0.09232 0.098992 0.10872
0.0924 0.094688 0.09984
0.09288 0.098452 0.10652
0.09124 0.094904 0.09796
0.09204 0.094904 0.09976
0.09296 0.095892 0.10084
0.0926 0.096024 0.10296
0.0914 0.095772 0.10644
0.0922 0.096016 0.10212
0.09068 0.097712 0.1144
0.09152 0.09678 0.1084
0.09216 0.09702 0.1124
0.09316 0.095444 0.09912
0.0906 0.095816 0.10172
0.0918 0.094708 0.09688
0.09084 0.147484 0.6
0.0918 0.096336 0.10756
0.09152 0.096788 0.1014
0.08992 0.095612 0.10656
0.09272 0.096844 0.1072
0.09116 0.0954 0.10496
0.09212 0.096436 0.10584
0.0904 0.094692 0.09688
0.09144 0.09634 0.10008
0.09296 0.095724 0.10196
0.08992 0.097272 0.1274
0.09232 0.096372 0.10624
0.09144 0.093964 0.10272
0.09108 0.096616 0.09816
0.09044 0.096488 0.10944
0.09108 0.095996 0.10556
0.09188 0.097208 0.10644
0.09176 0.09648 0.10756
0.0876 0.096464 0.10432
0.09116 0.09574 0.09952
0.09144 0.095388 0.09768
0.08956 0.095724 0.1014
0.09276 0.096312 0.1008
0.08876 0.094876 0.09772
0.08928 0.09512 0.09892
0.09088 0.094708 0.101
0.09264 0.096988 0.09992
0.09036 0.094204 0.09984
0.08904 0.094776 0.10428
0.08908 0.094128 0.10108
0.09272 0.096204 0.10032
0.09096 0.094712 0.1018
0.09136 0.099224 0.12464
0.09088 0.095244 0.09892
0.09196 0.095052 0.09964
0.09196 0.094752 0.10048
0.09148 0.095736 0.10404
0.09036 0.096168 0.10772
0.0916 0.094768 0.10148
0.09256 0.094424 0.09652
0.0898 0.094432 0.09768
0.09092 0.095832 0.10104
0.08988 0.093712 0.09656
0.09088 0.09476 0.1004
0.0926 0.095184 0.1
0.09284 0.100296 0.14704
0.09248 0.099096 0.11136
0.09276 0.095748 0.09764
0.08996 0.09546 0.09908
0.09164 0.094064 0.09684
0.09196 0.09488 0.09796
0.09156 0.096408 0.10308
0.09232 0.0969 0.10936
0.09252 0.09676 0.106
0.08912 0.096184 0.10344
0.09216 0.095196 0.09752
0.09368 0.095736 0.10048
0.08916 0.09572 0.1054
0.09008 0.096172 0.11404
0.09376 0.097628 0.10464
0.09104 0.105664 0.19968
0.0916 0.097736 0.12832
0.09128 0.09566 0.101
0.09136 0.094232 0.10244
0.09092 0.094984 0.09852
0.09248 0.094896 0.09984
0.09124 0.09628 0.10556
0.09192 0.095288 0.09924
0.09104 0.094608 0.1008
0.09208 0.094416 0.097
0.09044 0.094776 0.1024
0.092 0.093816 0.09676
0.09292 0.095972 0.10088
0.09068 0.096336 0.10124
0.09116 0.094936 0.10168
0.09264 0.095424 0.10104
0.09128 0.09476 0.10092
0.09292 0.096348 0.10364
0.09256 0.097428 0.11548
0.08976 0.096008 0.102
0.09292 0.096416 0.10148
0.0928 0.096824 0.10096
0.09228 0.095592 0.10716
0.0914 0.095236 0.10008
0.09216 0.097664 0.11376
0.092 0.095096 0.09812
0.09176 0.09668 0.10644
0.09132 0.09404 0.09964
0.09232 0.095636 0.09892
0.09216 0.0958 0.09844
0.09012 0.095328 0.10352
0.09272 0.095368 0.10344
0.09256 0.09606 0.10072
0.0902 0.094044 0.10032
0.09204 0.097828 0.1104
0.09056 0.095396 0.1052
0.09144 0.095336 0.10084
0.09212 0.096352 0.10276
0.09176 0.098604 0.11392
0.08968 0.09612 0.10888
0.09172 0.09538 0.0998
0.09252 0.09618 0.09916
0.09272 0.097132 0.1038
0.09228 0.096516 0.10164
0.095 0.097916 0.10576
0.09192 0.095384 0.09816
0.09184 0.097272 0.10888
0.0924 0.095688 0.1086
0.09284 0.09858 0.10596
0.0914 0.097208 0.10276
0.0902 0.094964 0.1026
0.09204 0.096848 0.1096
0.09164 0.096976 0.11084
0.09228 0.095384 0.10444
0.09284 0.09614 0.10228
0.09184 0.097992 0.12956
0.09252 0.096252 0.10284
0.09108 0.093748 0.09568
0.09004 0.094316 0.1034
0.0906 0.095088 0.10196
0.09064 0.095252 0.0988
0.08964 0.094664 0.1
0.09336 0.095412 0.09936
0.09256 0.093552 0.09444
0.09272 0.09366 0.09476
0.09264 0.0939 0.0948
0.09296 0.09392 0.09476
0.0928 0.093776 0.09552
0.09284 0.093908 0.0948
0.09352 0.093848 0.09432
0.0928 0.093748 0.095
0.09296 0.094116 0.09492
0.09252 0.0939 0.09464
0.09292 0.093684 0.09432
0.09308 0.09358 0.09584
0.09208 0.093556 0.09488
0.09348 0.094044 0.095
0.0926 0.093688 0.09468
0.09256 0.093508 0.0942
0.0926 0.09348 0.09452
0.09228 0.093704 0.0944
0.09284 0.093708 0.0944
0.0928 0.093496 0.09504
0.09304 0.09364 0.09452
0.09288 0.093656 0.09444
0.09308 0.093604 0.09452
0.09292 0.093564 0.09464
0.0928 0.093388 0.09392
0.09276 0.093732 0.09448
0.093 0.093676 0.09412
0.09264 0.0933 0.09388
0.09184 0.093432 0.09456
0.09288 0.093636 0.09448
0.093 0.093648 0.09456
0.0926 0.093624 0.09484
0.09224 0.093332 0.09428
0.09264 0.093612 0.0948
0.093 0.09386 0.09512
0.09312 0.093972 0.0946
0.09228 0.093668 0.09512
0.09232 0.093564 0.0946
0.09184 0.093392 0.0944
0.0928 0.093556 0.0942
0.0928 0.093716 0.0944
0.09248 0.093592 0.09444
0.09296 0.0936 0.09512
0.09284 0.09374 0.0948
0.0928 0.093516 0.0942
0.09264 0.093624 0.09432
0.09328 0.093772 0.09472
0.09296 0.093504 0.094
0.09296 0.093828 0.09464
0.0918 0.093552 0.0946
0.09252 0.093644 0.0946
0.09276 0.093764 0.0946
0.09264 0.093688 0.09432
0.09272 0.093272 0.09388
0.09316 0.093856 0.09484
0.09304 0.093844 0.09504
0.09284 0.093916 0.09496
0.09272 0.0938 0.09476
0.09292 0.093696 0.09464
0.0928 0.093576 0.09408
0.09276 0.093504 0.09388
0.09292 0.093724 0.09472
0.09304 0.093692 0.09448
0.09256 0.09362 0.09484
0.09272 0.093632 0.0942
0.09292 0.093464 0.09416
0.09304 0.094104 0.09484
0.093 0.09368 0.09456
0.0924 0.093532 0.09472
0.09312 0.093596 0.09392
0.09304 0.093788 0.09448
0.09288 0.093952 0.09528
0.09268 0.093536 0.09484
0.0922 0.093932 0.09464
0.09292 0.093972 0.09536
0.09308 0.093736 0.0944
0.09168 0.093432 0.09424
0.09284 0.093696 0.09448
0.09264 0.093764 0.0944
0.09296 0.09388 0.09492
0.0928 0.093404 0.09424
0.09268 0.093932 0.09464
0.09284 0.09404 0.09456
0.09264 0.093728 0.09448
0.0928 0.093424 0.09448
0.093 0.093712 0.0944
0.09276 0.093664 0.09424
0.093 0.093496 0.0944
0.09316 0.09386 0.09452
0.09296 0.09368 0.09452
0.09332 0.0939 0.0942
0.0932 0.093932 0.09472
0.09304 0.094036 0.09488
0.09268 0.09386 0.09488
0.09264 0.093528 0.09548
0.09252 0.0935 0.09448
0.09328 0.093568 0.09392
0.0924 0.09358 0.09456
0.0928 0.093476 0.09452
0.09304 0.093596 0.094
0.09208 0.093608 0.09484
0.09296 0.093532 0.09452
0.09296 0.093624 0.09436
0.09264 0.093436 0.0948
0.09256 0.09352 0.0942
0.09292 0.093728 0.09484
0.09308 0.093664 0.09448
0.09332 0.09384 0.09452
0.09296 0.093396 0.09448
0.09264 0.09346 0.09428
0.09288 0.09394 0.09448
0.09288 0.094152 0.09556
0.0932 0.09388 0.09436
0.0928 0.093672 0.09436
0.093 0.093604 0.09404
0.09224 0.093732 0.09484
0.09296 0.09376 0.09476
0.09252 0.093728 0.09492
0.09284 0.093728 0.09484
0.09296 0.093512 0.09444
0.09284 0.093412 0.09436
0.09264 0.093672 0.09428
0.0928 0.093528 0.09448
0.093 0.093972 0.09456
0.09244 0.093252 0.09416
0.09272 0.093548 0.09436
0.0922 0.09336 0.09472
0.0922 0.09358 0.09416
0.09236 0.093392 0.09456
0.09276 0.093864 0.09492
0.09332 0.093708 0.09472
0.09248 0.093324 0.09384
0.09248 0.093364 0.0944
0.09228 0.09364 0.09444
0.0928 0.093396 0.09424
0.09276 0.09364 0.09424
0.09316 0.093792 0.0946
0.09224 0.093304 0.09464
0.09288 0.093536 0.094
0.09264 0.093688 0.09472
0.09272 0.093596 0.09504
0.09264 0.093364 0.09428
0.093 0.093712 0.09444
0.0926 0.093592 0.09456
0.09264 0.093624 0.09412
0.093 0.093736 0.095
0.09268 0.093592 0.0944
0.09252 0.093436 0.09476
0.09304 0.093748 0.09444
0.09268 0.093684 0.09448
0.09312 0.093788 0.09456
0.09248 0.093444 0.09428
0.0926 0.093592 0.0952
0.09304 0.093616 0.09456
0.09196 0.093508 0.09416
0.09292 0.093856 0.09464
0.09292 0.093548 0.0942
0.09272 0.093548 0.09476
0.093 0.093804 0.0944
0.09304 0.09364 0.09416
0.09276 0.093364 0.094
0.09252 0.093604 0.0946
0.09272 0.093692 0.09468
0.09276 0.093556 0.09444
0.09188 0.093232 0.09492
0.09312 0.093804 0.09476
0.09296 0.093472 0.09428
0.0924 0.093884 0.09496
0.0922 0.09366 0.0952
0.09216 0.093576 0.0946
0.09248 0.093568 0.09428
0.09304 0.093576 0.09436
0.0928 0.09348 0.09432
0.09264 0.093508 0.09408
0.09316 0.09406 0.09516
0.09264 0.093704 0.09464
0.09308 0.093636 0.09484
0.09316 0.093672 0.09428
0.09264 0.093476 0.09456
0.09276 0.093392 0.09392
0.09288 0.093588 0.09464
0.093 0.093964 0.095
0.09284 0.093384 0.0946
0.09292 0.0934 0.09376
0.0924 0.093372 0.09388
0.093 0.093636 0.09444
0.0926 0.093656 0.09456
0.0934 0.093872 0.09424
0.09252 0.093588 0.09432
0.09312 0.093652 0.0948
0.0926 0.09342 0.09424
0.093 0.093584 0.09432
0.09256 0.093584 0.09472
0.09272 0.093624 0.09484
0.093 0.093612 0.0942
0.09284 0.093828 0.09492
0.09232 0.093344 0.09408
0.09284 0.09366 0.0942
0.09288 0.093416 0.0944
0.09276 0.093524 0.09476
0.09272 0.093456 0.09416
0.09288 0.093456 0.0946
0.0922 0.093572 0.095
0.09316 0.093688 0.09436
0.09216 0.093516 0.095
0.09248 0.093624 0.09432
0.09244 0.093444 0.09492
0.09308 0.093464 0.09448
0.09276 0.09354 0.09488
0.09264 0.093168 0.0938
0.09244 0.093356 0.09448
0.093 0.093572 0.09464
0.09272 0.093552 0.09512
0.0924 0.093248 0.0944
0.09292 0.093656 0.0944
0.0924 0.093456 0.09444
0.09244 0.09324 0.09436
0.09304 0.09378 0.09452
0.09272 0.093504 0.0946
0.0924 0.093656 0.09432
0.09236 0.093444 0.09424
0.0924 0.093456 0.0944
0.09248 0.093516 0.09476
0.09264 0.093288 0.09428
0.09256 0.093568 0.09448
0.09328 0.093776 0.09432
0.093 0.0936 0.09412
0.0924 0.093716 0.09496
0.09304 0.09364 0.0944
0.09276 0.093484 0.09476
0.09276 0.093956 0.09468
0.09336 0.094032 0.0948
0.09256 0.09376 0.09468
0.09336 0.093976 0.09476
0.09308 0.093804 0.09452
0.09272 0.0939 0.09516
0.09292 0.09406 0.09512
0.09288 0.094016 0.09468
0.09276 0.093768 0.09516
0.0932 0.09388 0.09452
0.09284 0.093936 0.09476
0.09292 0.093816 0.09448
0.09336 0.093884 0.09444
0.09284 0.094072 0.095
0.09332 0.094076 0.09448
0.09312 0.093792 0.09528
0.09324 0.093844 0.09452
0.09316 0.09396 0.0944
0.09316 0.093856 0.0948
0.09312 0.093952 0.09516
0.09312 0.093668 0.09424
0.09288 0.093576 0.094
0.09304 0.093804 0.09456
0.09256 0.09392 0.09568
0.09332 0.09386 0.09516
0.0934 0.093984 0.09532
0.09276 0.093764 0.09428
0.09356 0.094236 0.09508
0.09292 0.093688 0.0942
0.09336 0.09378 0.09472
0.09328 0.094076 0.09532
0.09324 0.094124 0.09484
0.09284 0.093636 0.0948
0.09288 0.09392 0.09484
0.09292 0.093896 0.09492
0.09272 0.093848 0.09456
0.0926 0.093804 0.09476
0.09276 0.09396 0.0952
0.09336 0.09382 0.09464
0.0932 0.094124 0.09496
0.09324 0.093752 0.09516
0.09264 0.09366 0.09464
0.09316 0.09368 0.09424
0.09332 0.09406 0.09512
0.0928 0.093668 0.09472
0.09288 0.0937 0.09472
0.09312 0.09356 0.09448
0.09264 0.093588 0.09464
0.09292 0.093848 0.09496
0.09296 0.093596 0.09448
0.09264 0.093728 0.09436
0.09296 0.093428 0.09432
0.09308 0.093708 0.09472
0.09244 0.09348 0.09488
0.09288 0.093796 0.09472
0.09316 0.093648 0.09452
0.09336 0.093732 0.09432
0.09272 0.093804 0.09472
0.09352 0.09406 0.0948
0.09276 0.093728 0.09428
0.09316 0.093828 0.09456
0.09296 0.093912 0.0948
0.09292 0.093624 0.09452
0.093 0.093864 0.09484
0.09332 0.094 0.09476
0.09296 0.09398 0.09504
0.09308 0.093884 0.09448
0.09212 0.093732 0.09428
0.0926 0.09372 0.09496
0.09256 0.093688 0.09468
0.093 0.093548 0.09448
0.09268 0.093476 0.0942
0.09312 0.093956 0.09516
0.093 0.093632 0.09452
0.09324 0.09378 0.09432
0.09296 0.093688 0.09452
0.09284 0.093744 0.09444
0.093 0.093572 0.09424
0.09248 0.093488 0.09476
0.09296 0.09364 0.09436
0.09224 0.0936 0.09428
0.09248 0.093564 0.0942
0.09304 0.093668 0.09436
0.09292 0.093936 0.09492
0.09192 0.093648 0.09468
0.09288 0.093992 0.09496
0.0924 0.093584 0.09424
0.09276 0.093904 0.09484
0.09296 0.093656 0.0946
0.09304 0.093684 0.0946
0.09308 0.093896 0.09496
0.09228 0.093424 0.09408
0.093 0.093892 0.09472
0.0928 0.093564 0.09416
0.09212 0.093344 0.09432
0.09256 0.093512 0.09424
0.09228 0.093696 0.0948
0.09252 0.093668 0.09456
0.0926 0.09356 0.09444
0.0928 0.093664 0.09492
0.09264 0.093548 0.09444
0.09244 0.093604 0.0944
0.09204 0.093372 0.09444
0.09264 0.093404 0.0942
0.0926 0.093512 0.0944
0.0928 0.093516 0.0946
0.09288 0.093732 0.09456
0.0926 0.093444 0.09424
0.09304 0.093472 0.09392
0.09256 0.093704 0.09448
0.0932 0.093732 0.0946
0.0932 0.09366 0.0946
0.09256 0.093588 0.09452
0.09188 0.093576 0.09416
0.09324 0.093864 0.095
0.09272 0.093644 0.09472
0.09292 0.093696 0.09424
0.0922 0.093552 0.09464
0.09252 0.093456 0.09464
0.09308 0.094008 0.0954
0.0926 0.093544 0.09416
0.0924 0.093592 0.09484
0.09284 0.093396 0.0946
0.09308 0.093736 0.09464
0.09236 0.093648 0.09456
0.09268 0.093436 0.09448
0.09248 0.093516 0.09444
0.0932 0.093628 0.09428
0.09296 0.093412 0.09412
0.09284 0.093624 0.095
0.0922 0.093556 0.0944
0.0924 0.093724 0.09448
0.0928 0.093728 0.09452
0.09288 0.093864 0.09476
0.09284 0.093592 0.0948
0.09236 0.093212 0.09448
0.09252 0.093716 0.09492
0.09272 0.093796 0.0948
0.09308 0.093756 0.09416
0.09324 0.093644 0.09396
0.09276 0.093716 0.09428
0.09316 0.093804 0.09456
0.09308 0.0936 0.09408
0.09308 0.093888 0.0948
0.0924 0.093676 0.09496
0.09276 0.093572 0.09444
0.09324 0.093884 0.09456
0.09336 0.094244 0.09544
0.0928 0.093796 0.09444
0.09292 0.093456 0.09428
0.09256 0.09356 0.09468
0.09312 0.093528 0.09424
0.09324 0.093924 0.09488
0.09272 0.093888 0.09524
0.09304 0.093588 0.0944
0.093 0.093864 0.09436
0.09284 0.093708 0.09436
0.09304 0.093728 0.09504
0.09352 0.093912 0.09436
0.0928 0.093796 0.09428
0.09264 0.093728 0.09484
0.09332 0.093728 0.09456
0.0928 0.09368 0.09456
0.09272 0.093584 0.09452
0.09188 0.093392 0.0946
0.0928 0.0938 0.09424
0.0926 0.093328 0.094
0.09244 0.093448 0.09472
0.09232 0.0935 0.09492
0.09196 0.093144 0.094
0.0926 0.093632 0.09464
0.09296 0.093372 0.09404
0.0932 0.0935 0.09396
0.09272 0.093488 0.09428
0.09252 0.093308 0.094
0.09256 0.093396 0.09404
0.09284 0.09342 0.09428
0.09324 0.093524 0.0942
0.09244 0.093544 0.09488
0.09336 0.093716 0.09428
0.093 0.09366 0.09416
0.093 0.09378 0.0942
0.09292 0.093544 0.09456
0.09272 0.093396 0.0952
0.09308 0.0938 0.09416
0.09188 0.093476 0.09424
0.09232 0.093528 0.09436
0.09268 0.09338 0.09416
0.09296 0.09362 0.0944
0.093 0.093648 0.09436
0.09292 0.09348 0.09444
0.09192 0.093104 0.09392
0.09268 0.093328 0.09416
0.09284 0.093248 0.09356
0.09264 0.093468 0.0948
0.09276 0.093572 0.095
0.09252 0.093208 0.09428
0.0926 0.093312 0.09416
0.09272 0.093512 0.09444
0.09288 0.093384 0.09416
0.09236 0.093316 0.094
0.09268 0.093216 0.09372
0.09252 0.093312 0.09404
0.09188 0.092988 0.09376
0.09292 0.093588 0.09508
0.09308 0.09382 0.09444
0.0926 0.09344 0.09412
0.09268 0.093488 0.09412
0.0928 0.09362 0.09488
0.09248 0.093428 0.09448
0.09268 0.093448 0.09424
0.09268 0.093776 0.09448
0.09244 0.093796 0.09496
0.09296 0.093428 0.094
0.09212 0.093432 0.09432
0.09264 0.093772 0.09464
0.09248 0.093692 0.0948
0.09284 0.093464 0.0946
0.0928 0.093336 0.09396
0.09308 0.093568 0.09388
0.0926 0.093424 0.09404
0.09224 0.09352 0.09468
0.09244 0.093676 0.09488
0.09312 0.093832 0.09484
0.09292 0.093496 0.09444
0.09216 0.093472 0.09464
0.09288 0.093696 0.09512
0.09272 0.093604 0.09448
0.09292 0.09356 0.09408
0.09284 0.093632 0.09436
0.09308 0.093688 0.0942
0.09264 0.09344 0.09412
0.0928 0.093496 0.09436
0.0924 0.093492 0.09464
0.0924 0.093452 0.094
0.0926 0.093332 0.09376
0.09268 0.093284 0.09396
0.09272 0.093468 0.09392
0.09332 0.093904 0.09432
0.09268 0.093676 0.09484
0.0926 0.093692 0.09484
0.09296 0.093636 0.09452
0.09268 0.093336 0.0938
0.09296 0.093792 0.09456
0.09284 0.093628 0.094
0.0924 0.09342 0.09452
0.09304 0.093508 0.09428
0.09264 0.093484 0.09428
0.0928 0.093544 0.09436
0.09244 0.093228 0.09428
0.09256 0.093436 0.09424
0.09268 0.09354 0.09412
0.09232 0.09338 0.09436
0.0928 0.0934 0.09432
0.09256 0.093484 0.09476
0.09248 0.093408 0.09408
0.0928 0.093304 0.09408
0.09248 0.093556 0.09504
0.0928 0.0937 0.09504
0.09236 0.093756 0.09472
0.0926 0.093524 0.09496
0.0926 0.093304 0.09456
0.09232 0.093176 0.09456
0.09272 0.093444 0.09432
0.09252 0.093324 0.09416
0.0924 0.093388 0.09408
0.09264 0.093268 0.09396
0.09292 0.09328 0.09368
0.09248 0.093272 0.09396
0.09244 0.093352 0.09408
0.09244 0.09306 0.09352
0.09248 0.093268 0.09376
0.09264 0.09338 0.09408
0.0926 0.092992 0.09372
0.09236 0.09328 0.09416
0.09292 0.093324 0.09372
0.0924 0.093044 0.09384
0.09228 0.09312 0.09428
0.0926 0.093572 0.09468
0.09188 0.092988 0.09428
0.09188 0.093076 0.09404
0.0916 0.092732 0.09384
0.09152 0.092924 0.09332
0.09236 0.093188 0.09396
0.09204 0.093016 0.09392
0.0922 0.092968 0.09388
0.09196 0.092788 0.09436
0.09184 0.0927 0.0934
0.09148 0.092996 0.0936
0.09232 0.09254 0.0934
0.09192 0.092748 0.09364
0.09236 0.09308 0.09352
0.09228 0.092844 0.09324
0.09228 0.092832 0.0936
0.09216 0.092852 0.09332
0.09212 0.09284 0.09364
0.09176 0.09268 0.09368
0.09232 0.093072 0.09352
0.09164 0.092616 0.0932
0.09192 0.092592 0.0934
0.09208 0.09304 0.09436
0.09228 0.092976 0.094
0.0918 0.093048 0.09496
0.0922 0.09302 0.09388
0.09212 0.092572 0.09352
0.09212 0.092932 0.09404
0.09164 0.092944 0.0942
0.09228 0.092936 0.09404
0.09192 0.093008 0.09416
0.09264 0.093116 0.09352
0.09204 0.092856 0.09448
0.0924 0.093108 0.09396
0.09188 0.093 0.09436
0.0928 0.093212 0.09392
0.09144 0.093164 0.094
0.09216 0.093044 0.09392
0.09236 0.09296 0.0936
0.09284 0.093384 0.09428
0.09224 0.09338 0.09492
0.09268 0.093328 0.09392
0.09256 0.093344 0.09448
0.09212 0.092968 0.09476
