0.44292 0.467104 0.4794
0.4644 0.481224 0.50164
0.44376 0.469528 0.52176
0.44632 0.474548 0.50064
0.45064 0.4682 0.48652
0.44448 0.46614 0.48928
0.444 0.46334 0.50376
0.41844 0.464372 0.50724
0.4464 0.467452 0.49564
0.44412 0.460848 0.4912
0.4422 0.466068 0.48636
0.44864 0.467636 0.48188
0.44908 0.466952 0.50616
0.44684 0.465852 0.48492
0.45328 0.469552 0.49048
0.44732 0.475296 0.50952
0.43036 0.465216 0.4934
0.45544 0.469432 0.48412
0.45648 0.473204 0.48864
0.4512 0.46354 0.47304
0.44084 0.466484 0.49196
0.43876 0.474372 0.50416
0.45136 0.471284 0.48836
0.45972 0.47628 0.51256
0.45176 0.47566 0.49408
0.44832 0.47934 0.51728
0.45012 0.471912 0.49984
0.45592 0.475 0.49628
0.44748 0.467904 0.4912
0.45532 0.471348 0.48104
0.45192 0.473472 0.50172
0.46412 0.483424 0.51572
0.4458 0.468372 0.49152
0.44724 0.463056 0.47668
0.45316 0.47056 0.49304
0.454 0.470212 0.48792
0.44912 0.463504 0.48284
0.45056 0.470996 0.50388
0.4508 0.470344 0.51032
0.44228 0.45764 0.47556
0.4424 0.464172 0.47616
0.45192 0.470212 0.49052
0.45136 0.465584 0.49068
0.4432 0.461888 0.49304
0.45512 0.47046 0.49528
0.43996 0.457608 0.46868
0.45088 0.462416 0.48256
0.4422 0.46062 0.48616
0.45356 0.468936 0.5062
0.4466 0.456368 0.4662
