0.45212 0.470088 0.49292
0.42984 0.461568 0.48768
0.4492 0.468196 0.48576
0.43912 0.466 0.51372
0.44324 0.474996 0.51564
0.454 0.480688 0.50344
0.44 0.472404 0.50324
0.445 0.461216 0.48252
0.44808 0.470564 0.49372
0.44164 0.472196 0.49932
0.4408 0.471636 0.50432
0.454 0.477548 0.52004
0.42488 0.474724 0.49988
0.43888 0.471592 0.51812
0.45576 0.473464 0.48908
0.44208 0.473004 0.49176
0.45644 0.47776 0.49388
0.45832 0.478692 0.51152
0.45384 0.47798 0.4954
0.4492 0.477504 0.5024
0.46696 0.48016 0.502
0.44584 0.480844 0.509
0.46048 0.500932 0.52684
0.43856 0.487864 0.5234
0.44244 0.488284 0.51608
0.46336 0.484344 0.51492
0.45976 0.48454 0.52264
0.44924 0.470776 0.49344
0.45196 0.484628 0.50216
