-2337.78599592 -2123.82332596 -1989.29243289
-2306.90471715 -2121.82479792 -2031.96098938
-2191.02717764 -2075.82526851 -2008.10329948
-2239.90305484 -2101.25211848 -1961.56097433
-2322.52767889 -2131.76544711 -2018.20727079
-2439.66898486 -2139.62904545 -2025.1893008
-2284.33967716 -2115.16780135 -2015.61950991
-2281.48127031 -2087.96331574 -1955.56119744
-2475.0247681 -2140.98777939 -2053.23162603
-2210.53710291 -2114.84770806 -2007.88110078
-2451.64265837 -2159.63287467 -1984.26038689
-2248.17786325 -2101.96661559 -2009.00099428
-2325.28793179 -2136.10178183 -2001.12384606
-2603.53682808 -2130.1914391 -1973.47449934
-2163.90796459 -2053.56295957 -1930.0624563
-2221.90983648 -2086.8222799 -1998.39482954
-2162.43381043 -2060.44408524 -1957.40136969
-2208.67968341 -2094.03534399 -1953.84952879
-2367.84772793 -2121.67069099 -2046.42534143
-2325.49049524 -2093.12148499 -1981.58680908
-2253.80047645 -2073.38901714 -1969.21179617
-2467.23402359 -2103.38909143 -1986.26115698
-2318.33468964 -2106.61566727 -1985.76711139
-2459.59243229 -2168.83016928 -1995.70795238
-2287.48701899 -2128.38106802 -1968.21848432
-2180.09469948 -2079.8797168 -1995.59966413
-2141.26468992 -2049.08733414 -2005.86943744
-2152.20050455 -2057.16808709 -2016.21720312
-2258.79742934 -2104.63011591 -2020.51830234
