0.222 0.31508 0.6
0.1776 0.24856 0.3804
0.1992 0.29172 0.3868
0.1756 0.29876 0.4124
0.2092 0.37632 0.6
0.2052 0.28036 0.3504
0.2348 0.3024 0.3528
0.2048 0.27724 0.3908
0.2256 0.30916 0.502
0.1856 0.27316 0.3956
0.2284 0.28096 0.336
0.1972 0.32108 0.6
0.1724 0.245 0.3876
0.212 0.26012 0.3188
0.1696 0.2378 0.2848
0.1856 0.2562 0.412
0.2024 0.25464 0.3196
0.1804 0.24972 0.3624
0.1996 0.2446 0.28
0.1944 0.25348 0.3912
0.1776 0.25876 0.3692
0.1892 0.22692 0.284
0.196 0.23316 0.2988
0.19 0.23544 0.2928
0.1876 0.22892 0.2796
0.2032 0.26272 0.3996
0.1928 0.2186 0.2616
0.1872 0.25312 0.3448
0.1812 0.22708 0.2904
0.1884 0.232 0.316
0.1888 0.2418 0.3564
0.2044 0.24372 0.3228
0.2 0.24444 0.274
0.202 0.23604 0.2844
0.2032 0.2516 0.3396
0.1944 0.23912 0.294
0.1924 0.23792 0.2868
0.2056 0.25776 0.3668
0.2108 0.24628 0.2884
0.2008 0.25208 0.3024
0.19 0.23864 0.2924
0.19 0.22316 0.2688
0.218 0.25208 0.2948
0.1936 0.23588 0.2676
0.2068 0.24856 0.3
0.2012 0.26016 0.3196
0.1984 0.2662 0.3308
0.1952 0.29272 0.4596
0.216 0.27904 0.392
0.2228 0.27668 0.3512
0.2176 0.33812 0.6
0.2148 0.26816 0.3268
0.1852 0.25644 0.306
0.236 0.3322 0.4992
0.202 0.26732 0.3356
0.2164 0.3144 0.5416
0.2028 0.24672 0.3016
0.224 0.28876 0.6
0.2052 0.25848 0.3772
0.2296 0.28124 0.3724
0.198 0.23364 0.2772
0.1916 0.25792 0.3088
0.1976 0.24172 0.3
0.1876 0.25208 0.2912
0.2036 0.23288 0.288
0.1732 0.22532 0.3176
0.188 0.2228 0.3232
0.1788 0.2358 0.3376
0.1672 0.19972 0.2412
0.1632 0.21456 0.296
0.1728 0.22648 0.346
0.1832 0.22032 0.2764
0.1696 0.20144 0.2404
0.1932 0.21528 0.2356
0.154 0.19172 0.2192
0.172 0.19952 0.2284
0.1776 0.21088 0.2644
0.1764 0.211 0.2372
0.1596 0.20116 0.2572
0.1628 0.20376 0.2368
0.1612 0.19864 0.2604
0.1576 0.19252 0.2136
0.1784 0.20184 0.2248
0.1536 0.18208 0.2216
0.172 0.19956 0.2228
0.1776 0.20432 0.2676
0.154 0.19096 0.2672
0.1676 0.19976 0.2424
0.1764 0.20412 0.2556
0.1684 0.20232 0.2224
0.168 0.20788 0.234
0.1692 0.19468 0.2224
0.1824 0.21576 0.2776
0.1664 0.19364 0.2228
0.1572 0.19188 0.2216
0.1572 0.19392 0.2212
0.1768 0.19304 0.2372
0.1836 0.19468 0.212
0.1792 0.19172 0.2072
0.154 0.19964 0.222
0.1692 0.20684 0.2416
0.1744 0.19812 0.2396
0.1764 0.20108 0.2164
0.1724 0.19648 0.2164
0.16 0.18988 0.248
0.1676 0.20204 0.2148
0.176 0.20856 0.252
0.1648 0.20452 0.2444
0.182 0.21608 0.2748
0.1816 0.21272 0.2732
0.1532 0.19752 0.2144
0.1836 0.21152 0.2252
0.1656 0.20692 0.256
0.184 0.20688 0.236
0.1768 0.19484 0.216
0.172 0.19632 0.2152
0.1652 0.19956 0.2396
0.1712 0.19684 0.2156
0.1956 0.216 0.2588
0.1744 0.214 0.2624
0.1732 0.20896 0.244
0.1824 0.20708 0.2492
0.1772 0.2032 0.228
0.1716 0.20476 0.2232
0.1784 0.20544 0.2296
0.1656 0.20592 0.258
0.1808 0.2112 0.2468
0.17 0.19908 0.2372
0.182 0.21392 0.2416
0.1696 0.19324 0.2516
0.1788 0.21096 0.2588
0.1648 0.1914 0.2628
0.1504 0.19404 0.2252
0.168 0.1902 0.2204
0.1752 0.19452 0.212
0.1736 0.18376 0.1996
0.1688 0.18472 0.2204
0.162 0.1854 0.2244
0.1504 0.17456 0.1924
0.1628 0.1886 0.2348
0.1736 0.189 0.2148
0.1724 0.19152 0.214
0.1476 0.17752 0.2356
0.164 0.19428 0.2216
0.1624 0.18392 0.2156
0.1688 0.185 0.2028
0.1684 0.18608 0.2096
0.1652 0.18736 0.1988
0.1712 0.19368 0.2172
0.1704 0.1964 0.2256
0.1788 0.19928 0.2156
0.1612 0.18692 0.2116
0.16 0.1832 0.2048
0.168 0.18656 0.2104
0.1628 0.18604 0.2044
0.174 0.19344 0.2476
0.1696 0.19132 0.2164
0.1752 0.19536 0.22
0.1772 0.1984 0.2292
0.1852 0.20128 0.2332
0.1676 0.203 0.26
0.1608 0.18836 0.2056
0.1684 0.18884 0.22
0.1736 0.19228 0.2412
0.1584 0.1834 0.222
0.1564 0.1932 0.2684
0.1644 0.1894 0.2192
0.1492 0.1944 0.2268
0.1704 0.19164 0.2244
0.1652 0.20208 0.2412
0.1652 0.18532 0.2092
0.1852 0.20996 0.2528
0.1632 0.19896 0.2516
0.1572 0.18584 0.2268
0.172 0.18528 0.2088
0.1844 0.1976 0.2176
0.1784 0.18788 0.2068
0.1548 0.17352 0.1944
0.1652 0.1934 0.2212
0.1708 0.19112 0.2128
0.1696 0.18292 0.2108
0.16 0.18924 0.2128
0.1432 0.1818 0.2144
0.1652 0.19044 0.2164
0.1608 0.19344 0.2232
0.178 0.19252 0.21
0.1668 0.18832 0.2276
0.1684 0.19768 0.216
0.1836 0.20804 0.238
0.1656 0.19172 0.2196
0.1656 0.19444 0.2152
0.1572 0.18344 0.1948
0.1812 0.19736 0.228
0.158 0.18792 0.2312
0.1664 0.18944 0.2092
0.172 0.19468 0.2136
0.1664 0.1808 0.1908
0.1624 0.19488 0.224
0.1516 0.1868 0.2116
0.1764 0.1868 0.1976
0.1712 0.18756 0.2112
0.1652 0.18472 0.2112
0.168 0.19364 0.214
0.1636 0.1942 0.2576
0.158 0.18092 0.1932
0.1692 0.19116 0.214
0.1664 0.186 0.2036
0.1624 0.1932 0.2116
0.164 0.1918 0.2212
0.1588 0.18304 0.1936
0.16 0.18368 0.2176
0.168 0.19764 0.2224
0.1736 0.19216 0.2104
0.1492 0.187 0.202
0.1556 0.18912 0.2336
0.16 0.18316 0.2052
0.1704 0.18836 0.2016
0.1856 0.2022 0.2408
0.1584 0.19844 0.2216
0.178 0.19728 0.2324
0.1768 0.20092 0.2208
0.1732 0.19008 0.2132
0.1536 0.19744 0.236
0.1808 0.197 0.236
0.1556 0.18972 0.2112
0.1764 0.19492 0.2072
0.1572 0.18164 0.2064
0.1524 0.19208 0.22
0.1772 0.19804 0.2252
0.1728 0.20656 0.262
0.182 0.20704 0.2456
0.1796 0.2058 0.2352
0.1824 0.2012 0.2264
0.18 0.19692 0.242
0.1708 0.20232 0.2196
0.1788 0.19832 0.226
0.1812 0.20144 0.2256
0.1748 0.19516 0.2168
0.1792 0.19936 0.2328
0.1716 0.20748 0.2432
0.1736 0.19384 0.2384
0.1876 0.20208 0.2432
0.1724 0.20104 0.2224
0.1816 0.2052 0.2352
0.168 0.18772 0.2212
0.1752 0.19124 0.2236
0.1648 0.20168 0.248
0.1692 0.1926 0.2208
0.1768 0.20764 0.2284
0.1832 0.19584 0.232
0.1656 0.1922 0.2412
0.1732 0.19964 0.2292
0.1652 0.19268 0.2196
0.1708 0.19788 0.2248
0.1816 0.1976 0.2228
0.1744 0.2 0.2236
0.1716 0.19152 0.2088
0.156 0.18772 0.2216
0.1676 0.19932 0.2232
0.1784 0.19476 0.2088
0.1824 0.205 0.2376
0.1736 0.20056 0.2284
0.1772 0.19796 0.2244
0.1856 0.20532 0.2224
0.1924 0.21124 0.2864
0.164 0.2046 0.2388
0.1764 0.21724 0.2552
0.1752 0.20412 0.2436
0.1816 0.20444 0.2264
0.1768 0.20156 0.2488
0.1704 0.19956 0.2332
0.1732 0.19416 0.2104
0.1748 0.19768 0.24
0.1744 0.19756 0.2232
0.168 0.19308 0.2176
0.1884 0.2022 0.2176
0.178 0.19848 0.2208
0.1768 0.20036 0.2344
0.1668 0.19 0.2556
0.1608 0.18556 0.2088
0.1672 0.18764 0.2124
0.1612 0.19732 0.2404
0.156 0.19792 0.23
0.1824 0.19872 0.22
0.1828 0.19076 0.2044
0.174 0.19296 0.214
0.1516 0.1926 0.2296
0.1784 0.19348 0.2336
0.1724 0.18584 0.2064
0.1592 0.17908 0.1988
0.1528 0.1848 0.2072
0.1564 0.18472 0.2132
0.1652 0.1952 0.2232
0.1768 0.19688 0.2268
0.1576 0.18988 0.2252
0.1592 0.19092 0.2108
0.1756 0.18912 0.2076
0.1548 0.18116 0.212
0.1604 0.18384 0.21
0.1508 0.18668 0.2308
0.1524 0.17968 0.2124
0.1696 0.18812 0.208
0.166 0.18656 0.2344
0.1564 0.17932 0.204
0.1592 0.176 0.1868
0.1664 0.18176 0.2
0.1596 0.1718 0.1932
0.1608 0.17892 0.2068
0.1536 0.17824 0.2008
0.1584 0.18604 0.208
0.1672 0.18708 0.218
0.1616 0.1754 0.1884
0.162 0.17492 0.1908
0.1688 0.18668 0.2112
0.1672 0.18368 0.2384
0.1664 0.17948 0.2104
0.16 0.17984 0.2188
0.1556 0.17124 0.1868
0.1604 0.175 0.1956
0.1676 0.18632 0.2196
0.1456 0.1694 0.1816
0.1564 0.1698 0.1944
0.1468 0.17032 0.1932
0.1604 0.1742 0.1932
0.1396 0.16144 0.1748
0.1456 0.17284 0.1956
0.1524 0.1706 0.1916
0.1516 0.16424 0.186
0.146 0.15896 0.1728
0.1576 0.17276 0.1908
0.1556 0.16792 0.1808
0.1404 0.16844 0.2108
0.1616 0.17116 0.1864
0.1548 0.169 0.1932
0.148 0.168 0.2016
0.1496 0.16356 0.1764
0.1524 0.17512 0.1892
0.1568 0.17332 0.2008
0.1552 0.1744 0.1884
0.1708 0.19164 0.2112
0.1648 0.17248 0.196
0.1512 0.17244 0.2024
0.1668 0.18352 0.1948
0.1516 0.17292 0.198
0.16 0.1694 0.1892
0.1472 0.17064 0.1928
0.1536 0.1736 0.2048
0.154 0.17012 0.184
0.1632 0.17836 0.2044
0.1536 0.16372 0.1736
0.1532 0.16876 0.1776
0.1484 0.16436 0.1816
0.1496 0.1642 0.186
0.1424 0.1602 0.1756
0.1432 0.1654 0.1884
0.148 0.17096 0.1876
0.1468 0.16568 0.1832
0.1544 0.17912 0.2108
0.1396 0.16152 0.1796
0.1516 0.16784 0.182
0.1644 0.17536 0.2024
0.1628 0.17564 0.1936
0.1568 0.17044 0.1844
0.1432 0.16432 0.1892
0.1556 0.17336 0.1864
0.1648 0.17884 0.2008
0.1596 0.1738 0.1884
0.1488 0.16888 0.1968
0.1576 0.17676 0.1976
0.1604 0.172 0.1904
0.1584 0.17688 0.2032
0.1616 0.16836 0.1848
0.1492 0.17532 0.2112
0.1536 0.16912 0.1808
0.1516 0.1674 0.1784
0.1548 0.16908 0.1984
0.1516 0.17256 0.1936
0.1496 0.1652 0.1988
0.15 0.16956 0.1932
0.1516 0.16636 0.1768
0.1524 0.17224 0.1904
0.1476 0.16856 0.1796
0.1532 0.16752 0.1864
0.156 0.17124 0.1888
0.15 0.173 0.1932
0.1544 0.17168 0.2044
0.1504 0.16276 0.1776
0.1576 0.1714 0.1872
0.1568 0.17456 0.1904
0.1568 0.16908 0.1868
0.1508 0.16852 0.1976
0.1532 0.17508 0.2016
0.1648 0.17444 0.1924
0.1484 0.17212 0.1972
0.1552 0.17124 0.1836
0.1432 0.17252 0.1828
0.1532 0.16796 0.1792
0.1388 0.17036 0.1932
0.152 0.1678 0.1884
0.1528 0.17204 0.1908
0.1576 0.17104 0.1928
0.1592 0.16996 0.1828
0.154 0.16592 0.1768
0.1512 0.1682 0.1892
0.1536 0.17044 0.1892
0.1492 0.1654 0.1844
0.148 0.16668 0.1788
0.1516 0.16556 0.1772
0.1508 0.1664 0.1808
0.1536 0.1698 0.1844
0.1504 0.16632 0.1832
0.1396 0.17108 0.2096
0.1488 0.16616 0.1828
0.1528 0.17264 0.1864
0.1552 0.1698 0.196
0.1536 0.17416 0.1956
0.1584 0.166 0.1784
0.1468 0.17152 0.1912
0.1488 0.16336 0.1756
0.1412 0.15676 0.1708
0.1436 0.15912 0.194
0.1484 0.16308 0.1896
0.1368 0.16216 0.1884
0.1576 0.16784 0.1852
0.152 0.16332 0.1816
0.1564 0.16536 0.1936
0.144 0.1604 0.1796
0.1356 0.16628 0.1908
0.1496 0.16408 0.1904
0.1432 0.16184 0.1764
0.1504 0.16664 0.194
0.1528 0.1662 0.1844
0.1376 0.15972 0.1836
0.1416 0.15748 0.1772
0.1456 0.16408 0.196
0.1412 0.16252 0.1856
0.14 0.15912 0.1736
0.1488 0.16392 0.1884
0.1528 0.17088 0.186
0.1436 0.15796 0.1752
0.1496 0.16416 0.1832
0.1528 0.16428 0.1808
0.1468 0.16068 0.1868
0.1476 0.163 0.1844
0.1468 0.15468 0.1676
0.1304 0.15432 0.1708
0.1396 0.1612 0.1788
0.1344 0.15216 0.1744
0.1304 0.14548 0.1572
0.1352 0.15328 0.1644
0.1416 0.15628 0.1732
0.144 0.16524 0.1904
0.1356 0.16112 0.1876
0.1388 0.16 0.1872
0.1472 0.16116 0.1764
0.148 0.15844 0.1904
0.1456 0.1568 0.1696
0.1548 0.16732 0.1908
0.15 0.1652 0.18
0.1452 0.165 0.1976
0.1364 0.15716 0.1768
0.15 0.16484 0.1872
0.1368 0.16096 0.1836
0.146 0.16416 0.1768
0.1508 0.1674 0.1836
0.1492 0.16292 0.1832
0.1416 0.15948 0.1816
0.1416 0.16128 0.1844
0.158 0.16892 0.19
0.154 0.16448 0.1864
0.144 0.15924 0.1744
0.1364 0.15684 0.1804
0.1464 0.15716 0.1732
0.144 0.16584 0.1752
0.1464 0.15636 0.1712
0.1528 0.16796 0.1892
0.142 0.1578 0.1816
0.1384 0.16072 0.174
0.1468 0.1568 0.1696
0.1352 0.16232 0.1876
0.1512 0.1658 0.1888
0.154 0.17232 0.1892
0.1472 0.16456 0.1864
0.1552 0.17116 0.1836
0.1604 0.18208 0.2052
0.1556 0.17292 0.1968
0.1632 0.18572 0.2132
0.1544 0.17544 0.2096
0.1596 0.18004 0.2184
0.1484 0.17088 0.1972
0.1476 0.17228 0.198
0.1524 0.17148 0.188
0.152 0.17784 0.2012
0.1576 0.1792 0.1936
0.1564 0.17316 0.1912
0.1588 0.17548 0.2096
0.1412 0.16736 0.1876
0.148 0.16624 0.1804
0.1508 0.16232 0.1756
0.1448 0.16472 0.1872
0.156 0.16748 0.1804
0.1508 0.16468 0.1872
0.1552 0.16852 0.186
0.1448 0.15904 0.176
0.1328 0.16188 0.1824
0.1352 0.16148 0.1884
0.1468 0.16256 0.1912
0.1444 0.15952 0.18
0.1504 0.16636 0.1808
0.1504 0.16408 0.1816
0.1404 0.15732 0.1768
0.134 0.15708 0.1824
0.1356 0.15504 0.1748
0.1336 0.15192 0.1704
0.1388 0.15376 0.1696
0.1412 0.15784 0.1764
0.138 0.14972 0.1732
0.1364 0.15616 0.1788
0.144 0.15812 0.1864
0.142 0.1568 0.1748
0.1424 0.16196 0.186
0.1496 0.16584 0.1896
0.1364 0.16144 0.1908
0.1496 0.16936 0.1952
0.1412 0.17152 0.21
0.1416 0.16212 0.174
0.1484 0.15944 0.1764
0.1468 0.15808 0.1732
0.1428 0.1606 0.184
0.1464 0.15932 0.1732
0.1444 0.16272 0.1848
0.1424 0.16764 0.194
0.1404 0.1602 0.1696
0.1412 0.15588 0.1912
0.1444 0.16964 0.2108
0.1432 0.16556 0.184
0.156 0.17016 0.1912
0.146 0.17092 0.1964
0.1456 0.1628 0.1732
0.1448 0.15764 0.1748
0.1428 0.1596 0.1856
0.1484 0.16136 0.1744
0.14 0.1578 0.1816
0.1268 0.1502 0.1652
0.1388 0.15772 0.1792
0.15 0.15692 0.1692
0.1388 0.16196 0.178
0.1492 0.16048 0.1796
0.1468 0.15716 0.1732
0.1212 0.15356 0.1676
0.1396 0.15444 0.1704
0.1492 0.16428 0.1996
0.1476 0.16032 0.1796
0.1336 0.15596 0.1776
0.1508 0.16076 0.1756
0.1412 0.15948 0.1764
0.1524 0.16424 0.1832
0.152 0.16352 0.1724
0.1384 0.16248 0.188
0.1504 0.17116 0.1892
0.1484 0.16532 0.1836
0.1372 0.15648 0.1648
0.1428 0.15188 0.1688
0.1404 0.16124 0.19
0.1436 0.16532 0.1892
0.1448 0.1626 0.1776
0.146 0.1714 0.2008
0.1404 0.16152 0.1792
0.1456 0.1668 0.1888
0.1416 0.16288 0.194
0.1456 0.16316 0.18
0.142 0.1632 0.1872
0.1348 0.15612 0.1768
0.144 0.16152 0.1784
0.1468 0.16188 0.1744
0.144 0.16276 0.1796
0.1476 0.16484 0.192
0.1472 0.15928 0.174
0.1452 0.1634 0.1812
0.1432 0.15716 0.1696
0.1436 0.16216 0.1888
0.1428 0.15536 0.1688
0.1336 0.159 0.188
0.1404 0.15636 0.1756
0.1416 0.1542 0.1836
0.1448 0.159 0.176
0.146 0.15824 0.1772
0.1396 0.15948 0.1768
0.1364 0.15968 0.1804
0.152 0.16668 0.1872
0.1444 0.15968 0.1724
0.1508 0.16616 0.1848
0.1484 0.16444 0.1888
0.1256 0.15556 0.1688
0.1464 0.161 0.1748
0.1484 0.1634 0.178
0.1444 0.16524 0.1868
0.1468 0.15792 0.164
0.146 0.156 0.1656
0.146 0.16132 0.18
0.144 0.15648 0.1872
0.142 0.1654 0.1792
0.1472 0.16136 0.1828
0.1472 0.1586 0.1728
0.1384 0.1548 0.1684
0.1428 0.15796 0.1672
0.146 0.15468 0.166
0.1532 0.16208 0.1776
0.1448 0.1618 0.1756
0.14 0.15968 0.1808
0.1456 0.16008 0.178
0.142 0.15836 0.178
0.1404 0.15768 0.1756
0.1376 0.15248 0.1788
0.1432 0.15456 0.166
0.1412 0.16136 0.1836
0.144 0.1614 0.1796
0.1388 0.16008 0.1816
0.1348 0.15012 0.1608
0.138 0.15268 0.168
0.142 0.15632 0.1944
0.136 0.15496 0.1768
0.1328 0.1574 0.176
0.1364 0.15336 0.1696
0.138 0.15372 0.1716
0.1488 0.16496 0.1896
0.1508 0.16056 0.184
0.142 0.15996 0.1764
0.1424 0.15956 0.1796
0.1432 0.15568 0.1716
0.134 0.15392 0.1952
0.1336 0.15032 0.1672
0.1364 0.15268 0.1756
0.1392 0.15412 0.1812
0.1444 0.15864 0.1804
0.1416 0.16096 0.1864
0.1384 0.15072 0.1696
0.1444 0.15408 0.1632
0.1424 0.15024 0.158
0.1308 0.14808 0.162
0.138 0.15296 0.1628
0.14 0.15528 0.1648
0.1412 0.1546 0.1708
0.1392 0.15404 0.1708
0.1464 0.15752 0.1676
0.1388 0.15468 0.1684
0.1336 0.1506 0.16
0.1416 0.15752 0.17
0.1404 0.15136 0.172
0.1384 0.15164 0.1592
0.1432 0.1522 0.1652
0.1388 0.15552 0.1672
0.1468 0.15712 0.1792
0.1372 0.1482 0.1736
0.1416 0.15428 0.1624
0.1448 0.15708 0.1692
0.1444 0.15328 0.1608
0.1396 0.15564 0.1704
0.1484 0.15628 0.1684
0.1388 0.15604 0.168
0.1424 0.15428 0.1716
0.1476 0.15944 0.1784
0.144 0.15348 0.1672
0.1476 0.15896 0.1712
0.1488 0.15444 0.1624
0.144 0.15488 0.1644
0.1372 0.15112 0.1604
0.1396 0.14976 0.1616
0.1324 0.15944 0.1796
0.132 0.14644 0.1676
0.1416 0.15448 0.1704
0.1384 0.14956 0.162
0.1456 0.1524 0.166
0.1296 0.14628 0.1624
0.136 0.1434 0.1528
0.1432 0.15148 0.1664
0.1396 0.15404 0.162
0.132 0.15272 0.166
0.1436 0.15172 0.162
0.1404 0.15228 0.1612
0.1324 0.14684 0.1616
0.1416 0.15148 0.168
0.1376 0.15088 0.16
0.1328 0.14784 0.1564
0.1408 0.15268 0.1624
0.1328 0.147 0.1548
0.138 0.1506 0.1684
0.1396 0.1526 0.164
0.1368 0.14972 0.164
0.1388 0.15356 0.1948
0.1368 0.15176 0.1776
0.1364 0.15088 0.1636
0.1328 0.14876 0.1676
0.1372 0.1482 0.1592
0.1348 0.14792 0.1564
0.1408 0.14836 0.1544
0.1404 0.14696 0.1588
0.136 0.1456 0.1588
0.1344 0.1506 0.1628
0.1368 0.14856 0.1536
0.1404 0.14944 0.1664
0.136 0.14904 0.162
0.1396 0.15188 0.1632
0.146 0.1548 0.17
0.1436 0.15196 0.1652
0.1332 0.14512 0.1556
0.128 0.14588 0.158
0.1424 0.14964 0.1568
0.1352 0.1502 0.162
0.1268 0.15096 0.166
0.1404 0.15008 0.1724
0.1344 0.15488 0.1688
0.1468 0.15476 0.1708
0.1404 0.15364 0.1644
0.1412 0.1586 0.1684
0.134 0.1528 0.1684
0.1372 0.15036 0.1672
0.1452 0.15608 0.1724
0.142 0.1522 0.172
0.1556 0.16376 0.1748
0.1464 0.15624 0.1652
0.1484 0.15524 0.1656
0.1468 0.16096 0.1792
0.1432 0.15384 0.1724
0.1524 0.15764 0.1668
0.1452 0.15524 0.1796
0.1396 0.15204 0.164
0.1384 0.15592 0.1716
0.1456 0.157 0.1752
0.1396 0.15104 0.1652
0.1404 0.15808 0.168
0.1428 0.15892 0.1792
0.1472 0.15744 0.1756
0.1468 0.15348 0.1632
0.136 0.15404 0.1708
0.134 0.1524 0.1664
0.1432 0.15556 0.1768
0.1432 0.15848 0.1684
0.1428 0.15416 0.176
0.1428 0.15676 0.1704
0.1412 0.15352 0.168
0.1468 0.15484 0.1712
0.1424 0.15664 0.18
0.146 0.15444 0.1652
0.146 0.1578 0.1684
0.1456 0.15524 0.162
0.1396 0.15416 0.1624
0.1304 0.15208 0.1636
0.1456 0.15428 0.1636
0.1256 0.15252 0.1628
0.148 0.15672 0.1712
0.1404 0.15092 0.1688
0.1356 0.1554 0.1812
0.14 0.15236 0.1608
0.144 0.15156 0.1628
0.1356 0.15032 0.1656
0.1392 0.147 0.1552
0.136 0.14828 0.1592
0.132 0.14764 0.1592
0.1408 0.15016 0.1624
0.142 0.15432 0.1688
0.1376 0.15048 0.1648
0.136 0.14632 0.1676
0.1348 0.15044 0.1712
0.1388 0.14828 0.166
0.1324 0.14852 0.1596
0.13 0.142 0.1572
0.1396 0.14808 0.1568
0.13 0.14272 0.1596
0.1208 0.14196 0.1664
0.1368 0.14396 0.1528
0.1276 0.13932 0.154
0.128 0.13788 0.15
0.1268 0.1398 0.1572
0.1328 0.14712 0.1684
0.1352 0.14252 0.1528
0.1288 0.13972 0.154
0.1388 0.14668 0.1524
0.1368 0.1448 0.164
0.13 0.14236 0.1572
0.1332 0.14428 0.1516
0.1248 0.14424 0.1548
0.1432 0.14936 0.1668
0.1376 0.14748 0.1644
0.1456 0.15052 0.1592
0.1344 0.14496 0.156
0.1356 0.14492 0.1532
0.1316 0.14604 0.1636
0.1372 0.14488 0.1564
0.1272 0.14164 0.1592
0.1376 0.1476 0.1536
0.1312 0.1464 0.1588
0.136 0.14776 0.1652
0.1364 0.1482 0.1544
0.1348 0.14984 0.162
0.136 0.14736 0.1576
0.1456 0.15384 0.166
0.138 0.15032 0.1628
0.134 0.14976 0.1664
0.14 0.15104 0.1644
0.14 0.14676 0.1596
0.1428 0.153 0.1616
0.1404 0.15008 0.1644
0.1484 0.15568 0.1636
0.1448 0.15736 0.1676
0.1464 0.15824 0.1732
0.142 0.153 0.1628
0.1528 0.16152 0.1688
0.1308 0.15668 0.1808
0.1516 0.15968 0.1732
0.1412 0.15256 0.17
0.1464 0.1616 0.1812
0.1392 0.15348 0.1636
0.14 0.15432 0.1724
0.1324 0.14572 0.168
0.1368 0.15108 0.1676
0.1368 0.1466 0.156
0.1344 0.15104 0.1572
0.1376 0.14452 0.1556
0.1384 0.1452 0.1524
0.1336 0.14384 0.1544
0.1344 0.14292 0.1532
0.1312 0.14336 0.1532
0.1332 0.14336 0.1624
0.1376 0.14392 0.1576
0.1312 0.14056 0.152
0.1324 0.1414 0.1476
0.1288 0.142 0.158
0.124 0.14016 0.1556
0.13 0.13944 0.1528
0.1356 0.14048 0.1484
0.1324 0.14012 0.1472
0.1332 0.14228 0.1516
0.1348 0.14364 0.1504
0.1316 0.14308 0.1544
0.1344 0.1446 0.1624
0.1332 0.14352 0.1636
0.1296 0.14108 0.1504
0.1336 0.14 0.1472
0.1288 0.1398 0.1476
0.1328 0.13756 0.1456
0.1296 0.1412 0.148
0.13 0.142 0.1636
0.1256 0.13576 0.1548
0.1336 0.14176 0.1524
0.1352 0.1386 0.1448
0.1308 0.14124 0.1532
0.1232 0.13852 0.1552
0.126 0.13848 0.1488
0.1324 0.14028 0.1496
0.1288 0.14008 0.1508
0.1248 0.13684 0.1444
0.134 0.14184 0.152
0.132 0.14 0.15
0.1324 0.1388 0.1472
0.1336 0.13912 0.1444
0.1336 0.14176 0.1484
0.1304 0.14244 0.1544
0.1396 0.1456 0.164
0.136 0.14372 0.1568
0.1356 0.14492 0.152
0.1352 0.14564 0.1588
0.134 0.14584 0.1564
0.1264 0.14432 0.1652
0.14 0.15156 0.168
0.1356 0.14956 0.1544
0.1352 0.14488 0.1532
0.1372 0.14908 0.1608
0.1348 0.1456 0.1592
0.1388 0.14996 0.1624
0.1412 0.15028 0.1592
0.14 0.15172 0.17
0.1368 0.15348 0.1768
0.1376 0.15192 0.1668
0.14 0.15032 0.1656
0.1396 0.15064 0.1584
0.134 0.14444 0.1564
0.1328 0.14424 0.1576
0.1392 0.14516 0.1512
0.1336 0.1454 0.1588
0.1352 0.14344 0.1516
0.1356 0.14212 0.1472
0.1332 0.14204 0.1572
0.13 0.13844 0.152
0.1284 0.13916 0.152
0.1344 0.14176 0.1488
0.1364 0.1456 0.1584
0.1276 0.14272 0.1548
0.13 0.14052 0.1512
0.1296 0.1408 0.1496
0.136 0.14452 0.1528
0.1324 0.14232 0.148
0.1332 0.1454 0.1552
0.1328 0.14272 0.1516
0.1408 0.14536 0.1572
0.1324 0.14452 0.158
0.1388 0.1454 0.1516
0.136 0.14796 0.1656
0.1368 0.1438 0.15
0.1404 0.14432 0.1496
0.1296 0.14468 0.1548
0.14 0.14648 0.1572
0.1324 0.14328 0.1572
0.1372 0.14644 0.16
0.13 0.143 0.154
0.1356 0.14516 0.1548
0.1312 0.1396 0.1488
0.1332 0.13948 0.146
0.1304 0.1414 0.156
0.136 0.14288 0.152
0.1308 0.14236 0.1488
0.138 0.14196 0.1492
0.1328 0.13984 0.1484
0.1368 0.1432 0.1504
0.1344 0.14256 0.1484
0.1368 0.14412 0.1504
0.1336 0.14184 0.1468
0.1392 0.14352 0.1508
0.14 0.14752 0.1584
0.1316 0.14276 0.1488
0.1376 0.14344 0.1508
0.1372 0.14436 0.1552
0.1368 0.1488 0.1596
0.1356 0.14688 0.1636
0.1412 0.1484 0.1556
0.1368 0.14708 0.1624
0.1348 0.14732 0.156
0.1384 0.14564 0.154
0.1396 0.14868 0.168
0.1416 0.14788 0.1532
0.1384 0.14464 0.156
0.1436 0.1502 0.1604
0.1376 0.14684 0.1504
0.136 0.15472 0.1648
0.1388 0.1496 0.16
0.138 0.14924 0.16
0.14 0.14748 0.1532
0.142 0.1486 0.1576
0.1436 0.15164 0.1604
0.1476 0.15316 0.162
0.1388 0.14808 0.1556
0.1388 0.14804 0.1556
0.1428 0.15248 0.1704
0.1412 0.15028 0.164
0.138 0.15152 0.1648
0.14 0.15056 0.1592
0.14 0.15132 0.1636
0.1424 0.15076 0.1628
0.1432 0.14808 0.1576
0.1452 0.14976 0.1588
0.1412 0.15356 0.1668
0.1408 0.15004 0.1624
0.1372 0.15052 0.16
0.14 0.14876 0.1548
0.1456 0.15112 0.1572
0.1424 0.15436 0.1716
0.138 0.14876 0.1648
0.14 0.14512 0.1548
0.1344 0.14536 0.1532
0.1376 0.14544 0.1572
0.1416 0.14852 0.1556
0.138 0.1468 0.1552
0.1332 0.14316 0.1536
0.1396 0.14588 0.1588
0.134 0.14412 0.1532
0.1384 0.14572 0.1512
0.1344 0.15424 0.1772
0.1296 0.14124 0.1772
0.126 0.13808 0.154
0.1228 0.14368 0.176
0.1152 0.13692 0.148
0.1248 0.13408 0.1444
0.102 0.14092 0.1744
0.1184 0.13916 0.1652
0.1196 0.13948 0.1768
0.12 0.143 0.162
0.112 0.13832 0.156
0.1196 0.14936 0.1704
0.1144 0.14192 0.158
0.1144 0.1332 0.148
0.1236 0.14512 0.1572
0.1204 0.14116 0.1544
0.1204 0.13956 0.204
0.1336 0.15412 0.1904
0.1188 0.14 0.1748
0.1172 0.13944 0.1592
0.1164 0.1362 0.1576
0.122 0.1396 0.1496
0.122 0.1356 0.1472
0.1204 0.13908 0.1544
0.1176 0.13724 0.1696
0.118 0.13116 0.15
0.1216 0.13468 0.1496
0.1112 0.1294 0.148
0.1276 0.13676 0.154
0.114 0.12932 0.1508
0.1088 0.1286 0.1508
0.1192 0.13172 0.154
0.118 0.13272 0.1456
0.1208 0.13276 0.148
0.1132 0.13252 0.1508
0.1172 0.12748 0.1388
0.1148 0.12664 0.1388
0.114 0.1338 0.152
0.1172 0.13044 0.1608
0.1176 0.12728 0.1352
0.116 0.12708 0.14
0.1156 0.12824 0.148
0.1156 0.1244 0.1352
0.1088 0.12268 0.1304
0.1112 0.13088 0.1524
0.1124 0.12244 0.1404
0.11 0.12372 0.138
0.1116 0.12316 0.1344
0.1072 0.11816 0.1284
0.1072 0.12124 0.1296
0.1084 0.12392 0.1436
0.1132 0.12472 0.134
0.112 0.12328 0.1432
0.1144 0.12552 0.1468
0.114 0.1244 0.1368
0.1152 0.12368 0.1328
0.1168 0.12384 0.1344
0.1188 0.12868 0.1376
0.1088 0.12116 0.1332
0.1168 0.12684 0.1364
0.1168 0.12832 0.142
0.1172 0.12792 0.1452
0.1056 0.1248 0.1432
0.1144 0.12656 0.1388
0.1176 0.12616 0.1372
0.1124 0.12884 0.1432
0.12 0.12972 0.1424
0.12 0.1322 0.1568
0.1208 0.13056 0.1492
0.1196 0.127 0.1412
0.1176 0.13176 0.1424
0.1184 0.12872 0.1416
0.118 0.12688 0.1404
0.118 0.13092 0.1532
0.12 0.12848 0.1464
0.114 0.12804 0.1412
0.12 0.13228 0.1412
0.1124 0.12852 0.1388
0.1204 0.13144 0.1396
0.1148 0.12956 0.1444
0.114 0.1256 0.1376
0.1176 0.12796 0.1484
0.1136 0.1292 0.1452
0.124 0.1334 0.148
0.1248 0.13128 0.1404
0.1176 0.13212 0.1456
0.1228 0.13148 0.142
0.124 0.13816 0.1496
0.1196 0.13204 0.146
0.1216 0.13068 0.1436
0.1172 0.13304 0.1488
0.1248 0.13352 0.1492
0.1204 0.12944 0.1536
0.116 0.1316 0.1488
0.1248 0.1392 0.1492
0.1164 0.13768 0.1456
0.1184 0.13172 0.1448
0.1224 0.13776 0.1508
0.1252 0.13168 0.142
0.1196 0.13012 0.142
0.1164 0.1294 0.1504
0.1228 0.1322 0.1416
0.1192 0.13272 0.152
0.1224 0.13864 0.1568
0.124 0.13784 0.1604
0.1232 0.14024 0.156
0.1236 0.1328 0.14
0.1244 0.13824 0.1624
0.13 0.14096 0.1512
0.1328 0.14216 0.1544
0.1268 0.14072 0.1548
0.1296 0.1378 0.1544
0.128 0.13888 0.1604
0.1284 0.13596 0.1532
0.1228 0.13628 0.1504
0.1244 0.1372 0.1452
0.1264 0.13656 0.1516
0.1312 0.14076 0.1564
0.1256 0.13812 0.1544
0.1252 0.13716 0.1476
0.134 0.14208 0.1516
0.1268 0.1368 0.1644
0.1184 0.13248 0.1452
0.122 0.13268 0.1412
0.1212 0.13148 0.1412
0.1216 0.13412 0.1408
0.1188 0.12944 0.1416
0.124 0.13312 0.1452
0.1184 0.13048 0.14
0.1192 0.12944 0.1416
0.1232 0.13376 0.1428
0.1196 0.12788 0.138
0.1232 0.1358 0.1452
0.1172 0.12992 0.1432
0.1176 0.12916 0.1388
0.1212 0.13716 0.1584
0.1256 0.13272 0.1348
0.1252 0.13192 0.1408
0.124 0.13144 0.1448
0.1272 0.1366 0.142
0.1276 0.13624 0.1472
0.122 0.13416 0.1532
0.1268 0.13524 0.144
0.1216 0.13408 0.1504
0.1232 0.13316 0.148
0.1232 0.13768 0.1504
0.1268 0.1372 0.1476
0.132 0.13764 0.146
0.1228 0.13124 0.144
0.1248 0.13428 0.1464
0.1224 0.13156 0.1416
0.126 0.13588 0.1504
0.122 0.13068 0.136
0.1256 0.13528 0.1416
0.1208 0.1338 0.15
0.1168 0.127 0.134
0.1204 0.13168 0.1468
0.1212 0.13388 0.1448
0.1172 0.13396 0.1556
0.1212 0.13 0.1388
0.1188 0.12836 0.138
0.1144 0.129 0.1408
0.1188 0.1274 0.1348
0.118 0.13148 0.1432
0.1204 0.1256 0.1328
0.1196 0.1268 0.1332
0.1164 0.12348 0.1344
0.1164 0.12512 0.1348
0.1128 0.12312 0.1348
0.1176 0.125 0.14
0.1164 0.12468 0.1376
0.1176 0.12744 0.1344
0.1156 0.12196 0.1316
0.1168 0.12596 0.1376
0.1184 0.12884 0.1404
0.1168 0.12752 0.1476
0.1156 0.12928 0.1376
0.12 0.13516 0.1472
0.1184 0.12636 0.1372
0.1224 0.13 0.144
0.118 0.13056 0.1412
0.1276 0.13292 0.1372
0.1324 0.13752 0.1496
0.128 0.1342 0.1404
0.1184 0.12684 0.134
0.1164 0.1312 0.1444
0.1252 0.13436 0.1428
0.1288 0.13516 0.1412
0.126 0.1366 0.1468
0.1284 0.13604 0.142
0.1264 0.1386 0.1476
0.1292 0.13652 0.146
0.1256 0.13808 0.156
0.1276 0.13772 0.144
0.1224 0.135 0.1496
0.1288 0.13396 0.1456
0.1228 0.13576 0.1476
0.1292 0.13516 0.1432
0.1288 0.135 0.1424
0.1244 0.13092 0.1416
0.126 0.13528 0.1476
0.1192 0.13452 0.1516
0.1204 0.13064 0.1408
0.1224 0.1316 0.1392
0.1188 0.13408 0.1472
0.1224 0.13096 0.1396
0.1236 0.13216 0.14
0.1232 0.13244 0.1408
0.1204 0.13488 0.1468
0.1188 0.1318 0.1428
0.1296 0.13508 0.1412
0.1252 0.13392 0.1468
0.126 0.1334 0.1408
0.1224 0.13164 0.1396
0.1284 0.13588 0.1452
0.1296 0.13764 0.1464
0.1244 0.13692 0.1528
0.1256 0.13824 0.1524
0.1252 0.13404 0.1484
0.1244 0.13244 0.1432
0.1288 0.13508 0.15
0.1272 0.1358 0.1484
0.1212 0.13168 0.1436
0.1168 0.12588 0.1336
0.1188 0.12784 0.1324
0.1152 0.12808 0.146
0.1204 0.12976 0.1368
0.12 0.12932 0.1468
0.1192 0.127 0.14
0.1208 0.1274 0.136
0.1136 0.12724 0.1348
0.1132 0.12656 0.1372
0.1204 0.12816 0.1372
0.1184 0.12732 0.1372
0.1172 0.1294 0.1384
0.1208 0.1274 0.1328
0.1196 0.12792 0.1368
0.118 0.12672 0.1368
0.1212 0.12868 0.1464
0.118 0.1268 0.1384
0.1224 0.12688 0.1372
0.112 0.122 0.128
0.122 0.12928 0.1356
0.1212 0.12944 0.1384
0.1208 0.12628 0.1324
0.1208 0.13176 0.1384
0.1188 0.12536 0.1312
0.1204 0.1296 0.144
0.1244 0.12952 0.1336
0.1264 0.13172 0.1396
0.126 0.13056 0.14
0.1132 0.12668 0.138
0.1152 0.12684 0.1376
0.124 0.13164 0.1416
0.1236 0.13072 0.136
0.12 0.13148 0.1396
0.1264 0.13148 0.1448
0.1236 0.13092 0.138
0.1212 0.13496 0.1456
0.1184 0.136 0.1484
0.1244 0.13252 0.14
0.13 0.13736 0.1496
0.1256 0.1328 0.1448
0.1324 0.13568 0.1424
0.1244 0.13616 0.146
0.1212 0.13312 0.1504
0.1184 0.131 0.1448
0.12 0.1292 0.1408
0.1212 0.13056 0.1364
0.118 0.12604 0.1344
0.1164 0.12832 0.1444
0.1188 0.12652 0.1352
0.118 0.12792 0.1372
0.12 0.12856 0.1384
0.1228 0.12692 0.1324
0.1184 0.12652 0.1332
0.1216 0.12692 0.1356
0.12 0.12848 0.1364
0.1164 0.12728 0.1388
0.112 0.12684 0.1372
0.1136 0.1268 0.1372
0.1196 0.12752 0.1388
0.1192 0.12524 0.1392
0.1108 0.12212 0.1272
0.1156 0.12488 0.1296
0.12 0.12772 0.1324
0.1192 0.12648 0.1328
0.1112 0.12372 0.1352
0.1104 0.12428 0.138
0.1168 0.12572 0.1372
0.118 0.12208 0.1272
0.1132 0.12212 0.1348
0.1116 0.12476 0.1332
0.116 0.12452 0.1292
0.1192 0.12444 0.1348
0.1172 0.12256 0.1284
0.1128 0.12452 0.1316
0.1184 0.1236 0.134
0.116 0.1242 0.1324
0.1204 0.1254 0.13
0.1132 0.12288 0.132
0.1172 0.12548 0.1332
0.1128 0.11768 0.1224
0.118 0.12536 0.1344
0.1136 0.12388 0.13
0.1156 0.12284 0.1276
0.1188 0.12488 0.13
0.118 0.12616 0.1388
0.1156 0.12404 0.1352
0.116 0.12108 0.1284
0.1112 0.12348 0.1372
0.1156 0.12368 0.1332
0.1156 0.12332 0.1324
0.1112 0.12248 0.1384
0.1136 0.12044 0.1272
0.1128 0.12432 0.1344
0.1136 0.1192 0.1256
0.1124 0.12168 0.136
0.1168 0.12504 0.138
0.1148 0.1222 0.1288
0.1116 0.12036 0.1312
0.1104 0.11868 0.128
0.1136 0.12508 0.1356
0.1068 0.11744 0.1296
0.1128 0.11924 0.126
0.1032 0.11928 0.1316
0.1128 0.11984 0.1296
0.1084 0.1174 0.1276
0.1116 0.11728 0.1252
0.112 0.11904 0.1288
0.1072 0.11488 0.12
0.112 0.1172 0.1212
0.112 0.11792 0.1236
0.1108 0.11912 0.1304
0.108 0.1182 0.128
0.1124 0.11968 0.13
0.1124 0.12216 0.144
0.1096 0.11784 0.122
0.1116 0.11952 0.1272
0.1132 0.12324 0.1308
0.11 0.12124 0.13
0.1108 0.12028 0.1284
0.1148 0.12144 0.1268
0.1064 0.11824 0.1284
0.1104 0.12268 0.128
0.1156 0.12332 0.1304
0.114 0.12152 0.1276
0.116 0.12436 0.1372
0.1124 0.12276 0.1372
0.1172 0.12284 0.1324
0.1184 0.1252 0.1324
0.1132 0.1248 0.1332
0.1224 0.12824 0.1344
0.116 0.12584 0.136
0.1176 0.12652 0.1312
0.1156 0.12608 0.1368
0.1168 0.12524 0.1356
0.1208 0.12832 0.1412
0.1204 0.12648 0.1328
0.1204 0.1262 0.1352
0.1184 0.13144 0.146
0.1148 0.12656 0.1432
0.1208 0.1286 0.1364
0.1196 0.13124 0.1408
0.1208 0.1326 0.152
0.1248 0.12992 0.134
0.1188 0.1294 0.1404
0.12 0.12956 0.136
0.1204 0.12904 0.1408
0.118 0.1272 0.1428
0.1264 0.13236 0.142
0.1188 0.12752 0.1372
0.1188 0.12776 0.1376
0.114 0.12784 0.1416
0.1172 0.1262 0.132
0.1204 0.12868 0.1428
0.1212 0.13056 0.1396
0.1216 0.12872 0.1408
0.1204 0.12952 0.1384
0.1236 0.13104 0.1404
0.1208 0.12968 0.136
0.1216 0.13036 0.1376
0.124 0.13196 0.1416
0.1244 0.13004 0.1384
0.1232 0.13088 0.1504
0.126 0.13136 0.1372
0.1212 0.12948 0.1384
0.1228 0.13432 0.152
0.1324 0.13828 0.1472
0.12 0.13156 0.1432
0.118 0.13248 0.1416
0.1272 0.13272 0.14
0.1224 0.13208 0.1416
0.1256 0.13488 0.1404
0.1224 0.13428 0.1488
0.1244 0.13252 0.1432
0.1224 0.12992 0.136
0.12 0.12992 0.1408
0.1232 0.13332 0.1492
0.12 0.12888 0.1388
0.1152 0.12768 0.136
0.1236 0.131 0.1444
0.1196 0.12644 0.1372
0.1212 0.12936 0.1388
0.1188 0.1246 0.1396
0.1216 0.12936 0.1352
0.1236 0.12768 0.132
0.12 0.1262 0.1416
0.1156 0.12532 0.1368
0.1124 0.12576 0.1352
0.1192 0.1252 0.1408
0.12 0.12348 0.1308
0.1148 0.12196 0.1344
0.1168 0.12028 0.1264
0.1104 0.11876 0.124
0.1188 0.122 0.128
0.1112 0.12188 0.1356
0.1164 0.12288 0.1324
0.116 0.12372 0.1312
0.1144 0.11976 0.1284
0.116 0.12104 0.1344
0.114 0.11988 0.1272
0.1152 0.12104 0.1304
0.1156 0.1192 0.1296
0.1116 0.11936 0.1268
0.1116 0.11708 0.1292
0.112 0.11756 0.1264
0.1132 0.11812 0.1236
0.1088 0.11808 0.1268
0.1064 0.1144 0.124
0.11 0.1176 0.1304
0.1068 0.11736 0.1236
0.108 0.11588 0.1216
0.1088 0.11432 0.1192
0.106 0.11604 0.1248
0.1076 0.1154 0.124
0.1068 0.11424 0.1212
0.1084 0.11604 0.1236
0.1088 0.11584 0.122
0.1092 0.1164 0.1276
0.114 0.11896 0.1256
0.1152 0.12028 0.1328
0.1116 0.11592 0.1208
0.1104 0.1176 0.1316
0.1108 0.11948 0.1256
0.1076 0.11764 0.1248
0.1136 0.11868 0.1288
0.1088 0.11792 0.1248
0.1116 0.11532 0.1204
0.108 0.11644 0.1252
0.1124 0.11624 0.1268
0.1124 0.11616 0.1208
0.1072 0.1162 0.12
0.1092 0.11684 0.1272
0.1092 0.11432 0.122
0.1112 0.11592 0.1196
0.1068 0.11376 0.1212
0.1124 0.11436 0.1172
0.1068 0.11432 0.1204
0.108 0.11468 0.122
0.1092 0.11484 0.1196
0.1064 0.11484 0.124
0.1124 0.1168 0.1232
0.1096 0.11524 0.1216
0.11 0.11596 0.1264
0.1088 0.11556 0.1208
0.1116 0.11636 0.1236
0.1132 0.11688 0.1212
0.108 0.11652 0.1248
0.1068 0.11456 0.1308
0.108 0.11564 0.1244
0.1124 0.11448 0.1176
0.108 0.11232 0.1172
0.1116 0.1162 0.1204
0.108 0.11468 0.124
0.1096 0.11348 0.1224
0.1104 0.11728 0.1224
0.108 0.11684 0.1248
0.108 0.1146 0.1208
0.1124 0.11688 0.1236
0.1112 0.11972 0.1256
0.1112 0.11612 0.1252
0.1132 0.11788 0.1276
0.1068 0.11524 0.1244
0.1084 0.11492 0.1244
0.1132 0.1164 0.1212
0.1108 0.11676 0.1252
0.1124 0.11984 0.1272
0.1084 0.11648 0.1224
0.1112 0.11804 0.1236
0.11 0.11652 0.1192
0.1112 0.11848 0.1268
0.1132 0.11884 0.1288
0.1128 0.11756 0.1236
0.112 0.11576 0.1252
0.1108 0.11676 0.1244
0.1164 0.12116 0.13
0.1152 0.11992 0.1248
0.1092 0.1162 0.1224
0.1152 0.121 0.136
0.1116 0.11744 0.1248
0.1136 0.11752 0.12
0.1132 0.1164 0.1216
0.108 0.11688 0.1212
0.1116 0.11664 0.122
0.1124 0.11816 0.1272
0.1124 0.11724 0.1232
0.1104 0.11584 0.1248
0.1116 0.11552 0.122
0.1108 0.1184 0.1288
0.1128 0.11792 0.1248
0.1064 0.11788 0.1244
0.1104 0.11516 0.1204
0.1088 0.11576 0.1232
0.1096 0.11492 0.1196
0.1088 0.11548 0.1204
0.112 0.11532 0.1212
0.114 0.1168 0.12
0.1116 0.11672 0.1224
0.1108 0.11712 0.1276
0.1088 0.11744 0.126
0.1084 0.1166 0.124
0.1108 0.11708 0.1224
0.1084 0.11824 0.1248
0.114 0.1188 0.1256
0.1152 0.12352 0.1344
0.1156 0.12176 0.1312
0.1168 0.12136 0.1288
0.1196 0.1258 0.1316
0.116 0.12172 0.1324
0.1148 0.12148 0.136
0.112 0.12428 0.1444
0.1172 0.12232 0.1296
0.1172 0.12124 0.1296
0.1108 0.12232 0.1364
0.1148 0.11936 0.1252
0.1164 0.12372 0.1356
0.1136 0.12232 0.1284
0.1168 0.12432 0.1328
0.1176 0.12168 0.1344
0.1148 0.12088 0.1268
0.116 0.12576 0.1316
0.1148 0.12404 0.1364
0.1144 0.11896 0.124
0.112 0.11972 0.1256
0.11 0.12128 0.138
0.1172 0.12268 0.1292
0.1156 0.12364 0.1312
0.1152 0.12216 0.1336
0.1168 0.12324 0.1304
0.1176 0.12416 0.1292
0.1148 0.12356 0.1304
0.1136 0.12096 0.1272
0.1152 0.12216 0.1308
0.1192 0.1254 0.1296
0.116 0.12352 0.1428
0.1188 0.124 0.1296
0.1124 0.12012 0.1276
0.1148 0.1268 0.1404
0.1188 0.12724 0.1324
0.1216 0.13012 0.1484
0.1144 0.12496 0.14
0.1192 0.12808 0.1404
0.1192 0.12688 0.138
0.1228 0.12884 0.1372
0.1192 0.12936 0.1356
0.1168 0.12524 0.1328
0.1216 0.12728 0.1376
0.1208 0.12908 0.1388
0.1192 0.12868 0.1388
0.1196 0.12756 0.1372
0.1204 0.1262 0.1332
0.1172 0.126 0.1328
0.122 0.12688 0.138
0.1208 0.12652 0.1332
0.1192 0.12524 0.1332
0.1204 0.1264 0.1352
0.1228 0.12804 0.136
0.1188 0.12492 0.1328
0.1188 0.12612 0.1444
0.1196 0.12572 0.1316
0.1216 0.12536 0.1332
0.1204 0.12692 0.1344
0.1184 0.12468 0.132
0.1172 0.12748 0.1356
0.1176 0.12428 0.1296
0.1196 0.12484 0.1288
0.12 0.12512 0.1292
0.1156 0.1232 0.13
0.118 0.12436 0.1292
0.1164 0.12476 0.1316
0.1176 0.12432 0.1376
0.1168 0.12284 0.1316
0.118 0.12572 0.1376
0.1156 0.126 0.1348
0.1196 0.12576 0.1332
0.1196 0.12572 0.14
0.1204 0.12584 0.132
0.1196 0.12532 0.13
0.1176 0.1248 0.132
0.1232 0.12952 0.1372
0.1204 0.1286 0.138
0.1184 0.13004 0.1404
0.122 0.12816 0.1344
0.1092 0.12628 0.1368
0.1228 0.13 0.14
0.118 0.12796 0.1412
0.124 0.1306 0.1524
0.1276 0.13424 0.14
0.1236 0.13092 0.136
0.1204 0.12652 0.1312
0.12 0.1288 0.1388
0.1188 0.1274 0.1328
0.1208 0.13204 0.1396
0.1176 0.13044 0.1372
0.1224 0.12972 0.138
0.1244 0.12788 0.1308
0.1216 0.13088 0.138
0.1228 0.13332 0.1424
0.1228 0.1352 0.1452
0.1232 0.12996 0.136
0.1256 0.13368 0.1412
0.1256 0.13252 0.1476
0.1196 0.12996 0.1364
0.1264 0.13188 0.1416
0.1204 0.12912 0.14
0.1248 0.13428 0.1412
0.12 0.12548 0.132
0.1228 0.1326 0.1404
0.1224 0.12684 0.1312
0.1208 0.12872 0.136
0.12 0.12656 0.136
0.1204 0.12948 0.138
0.1196 0.1318 0.1396
0.126 0.13332 0.1444
0.1232 0.13 0.1344
0.1212 0.13252 0.1484
0.1268 0.1348 0.1472
0.1256 0.13384 0.1432
0.1256 0.1346 0.1428
0.1256 0.13136 0.1452
0.1292 0.13444 0.1476
0.1216 0.13236 0.148
0.124 0.13368 0.1444
0.12 0.12908 0.144
0.124 0.12884 0.1324
0.1224 0.12928 0.136
0.1208 0.12952 0.142
0.1232 0.13188 0.1412
0.126 0.13136 0.1396
0.1176 0.12936 0.1416
0.1228 0.13196 0.1416
0.1244 0.13408 0.1432
0.122 0.13124 0.1368
0.1228 0.13352 0.1428
0.1244 0.13244 0.144
0.1256 0.1336 0.1416
0.126 0.1318 0.1384
0.12 0.13164 0.1416
0.1248 0.13084 0.1372
0.1236 0.1292 0.1344
0.1292 0.134 0.1432
0.1172 0.13204 0.1448
0.122 0.1316 0.1416
0.1248 0.13232 0.142
0.1188 0.1268 0.1328
0.1188 0.13364 0.1444
0.1192 0.12724 0.1344
0.1168 0.13104 0.1412
0.1224 0.13216 0.1388
0.1296 0.13336 0.1412
0.1252 0.13144 0.1424
0.1208 0.12744 0.1372
0.1228 0.13116 0.1444
0.1216 0.13188 0.1456
0.1196 0.12748 0.1348
0.122 0.1302 0.1392
0.1232 0.13228 0.1432
0.1252 0.1304 0.1352
0.1232 0.12908 0.1368
0.124 0.1304 0.1436
0.1272 0.133 0.1488
0.1232 0.12964 0.1336
0.1208 0.131 0.1412
0.1252 0.13456 0.144
0.1288 0.13496 0.1428
0.1228 0.12956 0.1416
0.1248 0.13092 0.1368
0.1276 0.1348 0.1416
0.13 0.13556 0.1404
0.122 0.13196 0.1428
0.126 0.13288 0.1412
0.1264 0.134 0.144
0.1284 0.13852 0.1496
0.1256 0.13464 0.1456
0.1316 0.13628 0.1496
0.1324 0.14004 0.1564
0.1324 0.14076 0.158
0.1276 0.13348 0.1432
0.13 0.14156 0.1492
0.1316 0.1398 0.1484
0.1292 0.13688 0.142
0.1316 0.13968 0.1484
0.1344 0.14368 0.156
0.1296 0.1418 0.1456
0.1364 0.14204 0.1476
0.1292 0.14304 0.152
0.136 0.14148 0.1568
0.1336 0.14176 0.1556
0.1372 0.14516 0.1524
0.1332 0.14236 0.1532
0.1352 0.14816 0.1592
0.136 0.14684 0.1584
0.1372 0.14456 0.1564
0.1396 0.14704 0.1528
0.136 0.14244 0.1544
0.1312 0.14724 0.1564
0.1336 0.15008 0.1604
0.1396 0.14836 0.1568
0.14 0.15004 0.1688
0.136 0.1472 0.1616
0.1436 0.1492 0.16
0.1332 0.14952 0.16
0.1296 0.1458 0.158
0.144 0.1514 0.1624
0.1376 0.14896 0.1716
0.1332 0.14904 0.1732
0.1408 0.1516 0.1632
0.1392 0.15404 0.1704
0.1352 0.14744 0.1536
0.142 0.1508 0.162
0.1376 0.148 0.16
0.1392 0.1504 0.1612
0.1372 0.1472 0.1576
0.1444 0.15672 0.1708
0.1424 0.15024 0.1572
0.1392 0.15044 0.1636
0.1456 0.15304 0.1624
0.134 0.15476 0.17
0.146 0.15084 0.158
0.1412 0.15156 0.168
0.1416 0.15364 0.1644
0.1404 0.1484 0.1596
0.1476 0.15516 0.1672
0.148 0.15556 0.1664
0.144 0.1526 0.158
0.1368 0.14684 0.1624
0.1468 0.15256 0.1636
0.1508 0.15724 0.1712
0.146 0.153 0.1584
0.1512 0.15764 0.1732
0.1456 0.1602 0.1808
0.146 0.16056 0.1716
0.1496 0.1604 0.172
0.1476 0.1584 0.1692
0.15 0.1606 0.1672
0.1444 0.15768 0.1744
0.1488 0.16488 0.1792
0.146 0.161 0.18
0.1484 0.1638 0.1808
0.1448 0.16336 0.1912
0.1552 0.16208 0.1724
0.1528 0.16376 0.1716
0.1464 0.16008 0.1924
0.144 0.1684 0.1868
0.1536 0.16772 0.1796
0.1528 0.16608 0.1836
0.148 0.16056 0.1752
0.1484 0.16332 0.184
0.152 0.163 0.1736
0.1468 0.16172 0.1764
0.144 0.16316 0.178
0.1552 0.16324 0.1728
0.1412 0.16612 0.1844
0.1464 0.16852 0.1956
0.1472 0.1616 0.182
0.15 0.16504 0.184
0.1504 0.16244 0.1712
0.156 0.16416 0.1828
0.1436 0.16724 0.1832
0.154 0.16632 0.1776
0.158 0.16616 0.1888
0.1512 0.17244 0.1912
0.1524 0.16504 0.174
0.1572 0.17036 0.192
0.1544 0.1654 0.1744
0.1548 0.16948 0.1884
0.1572 0.16744 0.1772
0.1464 0.16432 0.1836
0.156 0.17208 0.1836
0.154 0.16848 0.1888
0.1572 0.17336 0.1884
0.1632 0.17408 0.186
0.1548 0.17048 0.1968
0.1476 0.1696 0.1884
0.1496 0.16364 0.1728
0.1504 0.16544 0.1924
0.15 0.1666 0.1836
0.15 0.16352 0.1876
0.1484 0.16232 0.174
0.1488 0.16228 0.1776
0.1504 0.1666 0.184
0.154 0.16092 0.178
0.1528 0.16368 0.178
0.1504 0.16152 0.1896
0.1472 0.1596 0.1692
0.1448 0.1594 0.1744
0.14 0.15112 0.1672
0.1488 0.15696 0.1676
0.1444 0.15636 0.1704
0.142 0.15336 0.1652
0.138 0.15052 0.1592
0.1424 0.15184 0.1672
0.1432 0.15448 0.1604
0.1352 0.1478 0.16
0.1392 0.1512 0.1664
0.1392 0.14692 0.1552
0.1352 0.14428 0.1584
0.136 0.15104 0.1632
0.1412 0.15368 0.174
0.1412 0.1486 0.156
0.1336 0.14768 0.1564
0.1368 0.1458 0.1536
0.1356 0.147 0.1616
0.1368 0.14444 0.152
0.1416 0.14688 0.1528
0.1348 0.14648 0.1556
0.1392 0.1478 0.1536
0.136 0.1476 0.1588
0.1372 0.14884 0.1564
0.1368 0.14208 0.1616
0.1348 0.14544 0.1592
0.1384 0.14544 0.1488
0.138 0.14768 0.1572
0.1336 0.14316 0.1604
0.1368 0.14368 0.1548
0.1372 0.14324 0.1536
0.1312 0.13988 0.1532
0.13 0.13928 0.1504
0.1312 0.13968 0.1504
0.1284 0.13544 0.1396
0.134 0.14012 0.1484
0.1308 0.13868 0.1508
0.1316 0.1404 0.1512
0.128 0.13972 0.1564
0.134 0.14132 0.148
0.1368 0.14168 0.1464
0.1372 0.1406 0.1448
0.1376 0.14324 0.156
0.1304 0.13684 0.142
0.1316 0.14076 0.1512
0.124 0.13736 0.1436
0.128 0.13472 0.1444
0.1284 0.13756 0.148
0.1312 0.136 0.144
0.128 0.13452 0.1456
0.1276 0.13628 0.1424
0.1268 0.13416 0.14
0.1248 0.13004 0.1372
0.1208 0.12996 0.1372
0.1208 0.13148 0.1384
0.1172 0.12792 0.1336
0.1188 0.12768 0.1392
0.1184 0.12696 0.136
0.118 0.12748 0.1372
0.1148 0.12436 0.1312
0.12 0.12824 0.136
0.1224 0.12664 0.1352
0.1136 0.12456 0.132
0.12 0.12476 0.1312
0.1168 0.12336 0.1328
0.1184 0.12388 0.1316
0.1144 0.12244 0.1296
0.1188 0.12528 0.1372
0.1156 0.1242 0.1352
0.1136 0.11984 0.1236
0.1108 0.12124 0.1304
0.1116 0.1208 0.13
0.1108 0.12232 0.1292
0.1156 0.12416 0.1316
0.1152 0.12404 0.1368
0.1196 0.12712 0.1408
0.12 0.12572 0.1304
0.116 0.12664 0.1348
0.1228 0.12908 0.1388
0.12 0.127 0.138
0.1128 0.12216 0.1348
0.1124 0.12476 0.1356
0.1212 0.12704 0.1348
0.1164 0.12804 0.1396
0.1192 0.12944 0.144
0.118 0.1286 0.1396
0.1184 0.12372 0.128
0.1212 0.1276 0.1344
0.1176 0.12436 0.1336
0.1168 0.12568 0.1316
0.1196 0.12588 0.1372
0.1132 0.12468 0.1312
0.1228 0.12912 0.1352
0.1108 0.1242 0.1328
0.1156 0.12816 0.1348
0.1224 0.1298 0.1412
0.1164 0.12644 0.1384
0.126 0.1306 0.14
0.1232 0.12884 0.1368
0.1228 0.12936 0.1412
0.1208 0.12916 0.1376
0.1224 0.13056 0.1416
0.1192 0.13068 0.1476
0.1196 0.12872 0.138
0.1252 0.13424 0.1424
0.1276 0.13328 0.1428
0.1264 0.13252 0.142
0.1236 0.1334 0.1412
0.1232 0.13204 0.1376
0.1244 0.1318 0.14
0.1268 0.13512 0.1412
0.126 0.13376 0.1404
0.1268 0.13336 0.1412
0.124 0.13416 0.15
0.1248 0.1312 0.1372
0.1224 0.13328 0.1448
0.12 0.13216 0.1492
0.1192 0.13008 0.1444
0.1276 0.13344 0.1428
0.1216 0.1282 0.1376
0.1196 0.12884 0.142
0.1152 0.13116 0.1392
0.1232 0.1284 0.1324
0.1188 0.12996 0.1404
0.1228 0.13008 0.1352
0.1248 0.12988 0.1392
0.12 0.12776 0.1364
0.1216 0.12772 0.134
0.1124 0.12896 0.1372
0.1148 0.12364 0.128
0.1176 0.12564 0.1372
0.112 0.1242 0.1312
0.12 0.12636 0.1332
0.118 0.12688 0.1316
0.118 0.12444 0.1352
0.1204 0.12796 0.1336
0.122 0.12968 0.142
0.1208 0.12644 0.136
0.1164 0.12516 0.1408
0.1224 0.12996 0.1376
0.1172 0.12828 0.1376
0.1128 0.12896 0.1416
0.1172 0.12996 0.1392
0.12 0.12544 0.1304
0.1176 0.12704 0.1356
0.1196 0.12896 0.136
0.1172 0.12596 0.1312
0.1168 0.12372 0.1312
0.1184 0.13052 0.144
0.122 0.128 0.1352
0.1192 0.12844 0.1364
0.1236 0.12948 0.1368
0.1236 0.13096 0.1416
0.1228 0.13 0.1408
0.1168 0.125 0.134
0.1204 0.12724 0.1376
0.1196 0.12656 0.132
0.112 0.1242 0.13
0.1184 0.12672 0.1324
0.1176 0.12508 0.1328
0.1172 0.1262 0.1348
0.1156 0.12456 0.132
0.1212 0.12712 0.1336
0.1156 0.123 0.1328
0.114 0.12396 0.1316
0.1164 0.124 0.13
0.1148 0.12456 0.1356
0.12 0.1252 0.134
0.1176 0.12196 0.1308
0.1152 0.12424 0.1304
0.1168 0.12224 0.1352
0.1156 0.1236 0.1304
0.1188 0.123 0.132
0.118 0.12256 0.1336
0.1168 0.123 0.1308
0.1116 0.1218 0.1344
0.112 0.11952 0.128
0.1132 0.12036 0.132
0.1144 0.12012 0.1284
0.1168 0.12044 0.126
0.1128 0.11952 0.1256
0.1052 0.11824 0.128
0.114 0.12084 0.1272
0.1152 0.12084 0.1276
0.1136 0.1204 0.1272
0.1132 0.1202 0.1296
0.112 0.11892 0.1276
0.1164 0.12032 0.1256
0.1132 0.11812 0.1308
0.1072 0.1194 0.128
0.11 0.11724 0.1228
0.1124 0.12072 0.1268
0.1144 0.11864 0.1296
0.1056 0.11728 0.1248
0.11 0.11584 0.1224
0.1136 0.11796 0.1268
0.1124 0.11884 0.1236
0.1092 0.114 0.1176
0.1104 0.11424 0.1192
0.1088 0.1148 0.1204
0.1096 0.11428 0.1192
0.1112 0.1152 0.1192
0.1148 0.11748 0.1212
0.1048 0.1164 0.1204
0.1088 0.11372 0.1188
0.108 0.1176 0.1252
0.1068 0.11336 0.1228
0.112 0.11624 0.1256
0.1112 0.11608 0.1228
0.1096 0.11328 0.1192
0.108 0.11632 0.1216
0.1084 0.11392 0.1204
0.1064 0.11276 0.1184
0.1088 0.11512 0.124
0.1092 0.11316 0.1204
0.1088 0.11268 0.12
0.108 0.1138 0.1184
0.1052 0.1102 0.116
0.1084 0.11296 0.1184
0.1088 0.11244 0.1196
0.1048 0.11096 0.1172
0.1088 0.11304 0.1204
0.1036 0.10912 0.1148
0.1028 0.11136 0.1188
0.1032 0.11008 0.1188
0.104 0.10948 0.1152
0.1044 0.10876 0.1172
0.1072 0.11148 0.1192
0.104 0.1118 0.1164
0.1064 0.11248 0.1208
0.1048 0.11164 0.1216
0.106 0.1122 0.1212
0.1092 0.11292 0.1152
0.1092 0.11544 0.1208
0.1084 0.11412 0.1248
0.1088 0.11416 0.1168
0.1088 0.11148 0.1152
0.1092 0.11412 0.124
0.1088 0.11456 0.1224
0.1088 0.11392 0.122
0.1092 0.1132 0.12
0.1076 0.1136 0.1192
0.11 0.11452 0.1192
0.1088 0.11364 0.1192
0.11 0.11524 0.124
0.1032 0.11436 0.1224
0.1068 0.11412 0.1208
0.1056 0.11208 0.12
0.1088 0.11284 0.1188
0.1096 0.11456 0.12
0.1096 0.11308 0.1176
0.106 0.1106 0.1148
0.1088 0.11476 0.1296
0.1072 0.11468 0.1248
0.1084 0.1168 0.1252
0.11 0.11516 0.1184
0.11 0.11496 0.1272
0.1064 0.113 0.12
0.1092 0.11404 0.1184
0.1044 0.11416 0.1224
0.1076 0.11096 0.1168
0.1044 0.11156 0.1208
0.1096 0.11468 0.1188
0.1072 0.11248 0.118
0.1044 0.11236 0.1196
0.11 0.11384 0.1188
0.1092 0.112 0.1156
0.1092 0.11236 0.1148
0.1072 0.11248 0.1192
0.1092 0.1132 0.1212
0.1064 0.11064 0.1176
0.1072 0.11324 0.1232
0.1068 0.11168 0.1152
0.1096 0.1132 0.1196
0.1036 0.11124 0.1156
0.1076 0.11388 0.1244
0.1076 0.1108 0.1132
0.1056 0.1098 0.1128
0.1056 0.11028 0.1156
0.1068 0.1116 0.1204
0.1036 0.11084 0.116
0.1072 0.11124 0.1152
0.1088 0.11184 0.1176
0.1068 0.11112 0.118
0.1044 0.11148 0.1196
0.1072 0.11096 0.116
0.1076 0.1112 0.114
0.1032 0.10872 0.1124
0.1048 0.10884 0.1128
0.1052 0.1108 0.1164
0.102 0.1086 0.1144
0.1052 0.11136 0.1164
0.1064 0.11076 0.1168
0.108 0.1112 0.1172
0.1004 0.10828 0.112
0.106 0.1114 0.1232
0.106 0.11224 0.1164
0.104 0.11196 0.1168
0.1056 0.11148 0.1156
0.1048 0.11064 0.1228
0.1028 0.112 0.1192
0.108 0.11396 0.122
0.106 0.11072 0.1196
0.1088 0.1134 0.1196
0.1044 0.11272 0.1224
0.1072 0.1114 0.1152
0.1072 0.1124 0.1188
0.1072 0.11252 0.116
0.1076 0.11344 0.1228
0.1068 0.11188 0.1144
0.102 0.1104 0.1168
0.1072 0.1112 0.1196
0.1076 0.11152 0.1152
0.1032 0.10768 0.114
0.1012 0.10988 0.1144
0.1012 0.10956 0.1184
0.1084 0.1114 0.12
0.102 0.10796 0.1112
0.104 0.10972 0.1148
0.1052 0.10988 0.1152
0.1084 0.11256 0.1224
0.1036 0.1092 0.1124
0.1076 0.11216 0.1188
0.1028 0.10964 0.1176
0.1048 0.11228 0.124
0.1032 0.11096 0.1168
0.1072 0.1102 0.1152
0.106 0.11084 0.1164
0.1024 0.11144 0.12
0.1092 0.11308 0.1196
0.1048 0.1114 0.1164
0.1052 0.11188 0.1168
0.1072 0.11284 0.1168
0.106 0.11168 0.1172
0.1056 0.1134 0.1216
0.1096 0.11188 0.1176
0.106 0.1116 0.1168
0.1076 0.11476 0.1248
0.1096 0.11404 0.1204
0.1092 0.1134 0.1172
0.1052 0.1122 0.1184
0.1096 0.11536 0.1196
0.112 0.1146 0.1204
0.106 0.11412 0.1208
0.1076 0.11504 0.12
0.106 0.11388 0.1184
0.1104 0.11604 0.1176
0.1124 0.11636 0.1204
0.1116 0.117 0.1296
0.1044 0.1162 0.1292
0.1152 0.11932 0.1304
0.11 0.11728 0.1252
0.1104 0.11824 0.1272
0.1088 0.11752 0.1264
0.108 0.11368 0.12
0.1068 0.12052 0.1344
0.1116 0.11956 0.1276
0.1128 0.11936 0.1292
0.1152 0.1194 0.1244
0.1148 0.12184 0.13
0.114 0.12044 0.1256
0.1116 0.11936 0.128
0.114 0.11816 0.1268
0.1108 0.11892 0.1256
0.1096 0.12028 0.134
0.1104 0.11908 0.128
0.1104 0.11832 0.1288
0.1132 0.12092 0.1284
0.11 0.11716 0.1228
0.1132 0.11904 0.1248
0.1112 0.11716 0.1272
0.1096 0.11848 0.1264
0.1136 0.11988 0.1264
0.1104 0.11708 0.1272
0.1136 0.11948 0.124
0.1144 0.1184 0.1264
0.1052 0.11536 0.1204
0.1088 0.11756 0.1216
0.1092 0.11576 0.1256
0.11 0.11464 0.1184
0.1064 0.11692 0.132
0.112 0.11696 0.1228
0.112 0.11752 0.1252
0.1104 0.11724 0.1208
0.1096 0.11624 0.1232
0.1128 0.11736 0.1256
0.1104 0.11424 0.1192
0.1112 0.1152 0.1228
0.1096 0.11444 0.1204
0.1108 0.11632 0.126
0.1076 0.11488 0.1228
0.1104 0.11508 0.1244
0.1084 0.11236 0.1172
0.1064 0.11472 0.1252
0.1124 0.116 0.1208
0.1112 0.11724 0.1248
0.1108 0.11864 0.126
0.1108 0.11776 0.1256
0.1108 0.1182 0.1264
0.1112 0.11732 0.1264
0.1116 0.11652 0.1216
0.1108 0.11736 0.1292
0.1112 0.11708 0.1208
0.1144 0.11988 0.1252
0.1112 0.1174 0.1284
0.114 0.11916 0.1244
0.11 0.11924 0.1256
0.1096 0.11684 0.1252
0.1128 0.11572 0.1188
0.114 0.11708 0.1196
0.1048 0.11272 0.1204
0.1056 0.11308 0.122
0.106 0.11348 0.1188
0.1104 0.11476 0.1264
0.106 0.11472 0.1208
0.1056 0.11252 0.1156
0.1096 0.11448 0.1216
0.1132 0.11696 0.1216
0.1076 0.11412 0.1228
0.11 0.11508 0.12
0.1112 0.11448 0.1256
0.1112 0.11596 0.1252
0.1116 0.1162 0.1224
0.1096 0.11724 0.1232
0.1096 0.11788 0.1268
0.1128 0.1164 0.1192
0.1136 0.11756 0.1212
0.1112 0.11724 0.1228
0.1092 0.1154 0.1252
0.112 0.11664 0.1216
0.1132 0.1196 0.1252
0.1132 0.11672 0.1216
0.1112 0.11568 0.1248
0.1136 0.12032 0.1332
0.1108 0.1178 0.1248
0.1088 0.11832 0.1272
0.1132 0.11908 0.126
0.114 0.11912 0.124
0.1112 0.119 0.1244
0.112 0.1204 0.13
0.1112 0.11948 0.1248
0.1112 0.11752 0.1232
0.1088 0.11864 0.1268
0.1112 0.11616 0.1212
0.1108 0.11712 0.1216
0.1048 0.11836 0.1256
0.11 0.11652 0.122
0.1092 0.11816 0.1268
0.114 0.11708 0.1208
0.1128 0.11944 0.1248
0.11 0.116 0.1224
0.1132 0.1192 0.1296
0.1144 0.11748 0.1212
0.112 0.11724 0.1208
0.1096 0.11856 0.1272
0.1144 0.11848 0.1244
0.11 0.11812 0.122
0.1116 0.12028 0.1312
0.1148 0.12016 0.1264
0.1116 0.1166 0.1224
0.1148 0.11948 0.124
0.1112 0.11812 0.1256
0.114 0.12136 0.1296
0.1112 0.12044 0.1284
0.1104 0.11864 0.1256
0.1124 0.11976 0.1248
0.1132 0.11872 0.1264
0.1124 0.1178 0.1244
0.11 0.11668 0.1244
0.1108 0.11648 0.1236
0.11 0.11552 0.1204
0.1124 0.11684 0.122
0.1132 0.11664 0.13
0.1128 0.11636 0.1216
0.1136 0.11688 0.12
0.1124 0.11632 0.12
0.108 0.11304 0.118
0.1092 0.11444 0.1196
0.1052 0.11176 0.1152
0.1084 0.11284 0.122
0.1072 0.1132 0.1232
0.1084 0.1118 0.1156
0.1064 0.11172 0.1176
0.1052 0.11328 0.1188
0.1064 0.1126 0.1196
0.106 0.11284 0.1168
0.104 0.1116 0.1192
0.1084 0.11404 0.1252
0.106 0.11232 0.1196
0.1076 0.11276 0.1176
0.1064 0.11376 0.1232
0.104 0.11188 0.1172
0.1068 0.11348 0.1168
0.1088 0.11192 0.116
0.1116 0.11464 0.1196
0.1088 0.1146 0.1232
0.1032 0.11156 0.1168
0.1068 0.11268 0.1184
0.1044 0.11228 0.1192
0.1048 0.11104 0.1136
0.1056 0.11076 0.1172
0.1036 0.11044 0.1152
0.1064 0.11116 0.116
0.1048 0.10968 0.114
0.1056 0.11128 0.126
0.108 0.11244 0.1172
0.1052 0.11064 0.114
0.1032 0.10952 0.1156
0.1036 0.10976 0.1176
0.108 0.11168 0.1176
0.1052 0.11032 0.1188
0.1032 0.10836 0.1128
0.1012 0.10708 0.1124
0.1052 0.10908 0.1184
0.1012 0.10724 0.1132
0.1048 0.10724 0.1116
0.1044 0.10912 0.1132
0.1028 0.10836 0.1124
0.1036 0.10848 0.1124
0.1028 0.10756 0.1112
0.102 0.108 0.1176
0.1032 0.1084 0.112
0.1024 0.10756 0.1124
0.0988 0.10848 0.1132
0.0984 0.10504 0.1096
0.1004 0.1078 0.1156
0.1036 0.10916 0.1164
0.1048 0.10732 0.1132
0.1012 0.1082 0.1164
0.104 0.1084 0.1152
0.1 0.10796 0.112
0.104 0.10844 0.114
0.1048 0.10948 0.1168
0.1048 0.10936 0.1144
0.1024 0.1074 0.1116
0.1052 0.108 0.1124
0.1044 0.11068 0.1148
0.1024 0.1064 0.1124
0.1036 0.10688 0.11
0.1048 0.10864 0.1124
0.0996 0.108 0.1164
0.1008 0.10784 0.1152
0.1024 0.10736 0.1112
0.1052 0.10972 0.1156
0.1008 0.10848 0.112
0.1012 0.10724 0.1128
0.1044 0.1078 0.1136
0.1028 0.10572 0.1096
0.102 0.10652 0.1112
0.1032 0.108 0.1132
0.1036 0.10696 0.1104
0.1028 0.10736 0.1108
0.1028 0.10584 0.1104
0.1024 0.10724 0.1108
0.1036 0.10696 0.1104
0.1036 0.1068 0.1108
0.1028 0.10656 0.1124
0.1024 0.10672 0.112
0.1028 0.10692 0.1104
0.1 0.10672 0.112
0.1056 0.1086 0.112
0.1048 0.1084 0.116
0.1056 0.10984 0.1172
0.1008 0.10632 0.1092
0.1028 0.10712 0.1124
0.1048 0.108 0.1104
0.0988 0.10752 0.1128
0.1076 0.11004 0.1172
0.1056 0.109 0.112
0.1044 0.10888 0.1136
0.1088 0.11116 0.1148
0.1032 0.10844 0.116
0.104 0.10748 0.1128
0.1016 0.10844 0.1136
0.1028 0.10804 0.1136
0.1016 0.10624 0.11
0.102 0.10644 0.1116
0.102 0.10452 0.1064
0.1012 0.10556 0.1108
0.1044 0.10764 0.1112
0.1036 0.1068 0.11
0.1004 0.10692 0.1104
0.102 0.10708 0.1108
0.1036 0.10612 0.1084
0.1024 0.1056 0.1084
0.1016 0.10648 0.1128
0.1032 0.10648 0.11
0.1036 0.10636 0.1092
0.1024 0.10688 0.112
0.1024 0.1062 0.1096
0.1016 0.10496 0.1088
0.1044 0.10728 0.1152
0.1016 0.10576 0.1076
0.1028 0.1068 0.112
0.1024 0.10836 0.114
0.1032 0.10764 0.1124
0.104 0.10668 0.1096
0.1056 0.1096 0.1136
0.1028 0.1092 0.114
0.1036 0.10856 0.1124
0.1048 0.10852 0.1128
0.1044 0.10756 0.1104
0.1036 0.10744 0.1116
0.1016 0.10816 0.1112
0.1016 0.10648 0.1108
0.1028 0.10844 0.112
0.1044 0.1072 0.1108
0.1012 0.10692 0.1136
0.104 0.1072 0.112
0.1036 0.10644 0.1092
0.1036 0.1068 0.1104
0.1008 0.10524 0.1092
0.104 0.1068 0.1108
0.0996 0.10432 0.1072
0.1032 0.10672 0.1128
0.1024 0.10476 0.1076
0.1 0.10496 0.112
0.1024 0.10492 0.1076
0.1 0.1044 0.1084
0.102 0.1066 0.1116
0.102 0.1054 0.1084
0.1008 0.10532 0.1092
0.1016 0.105 0.1084
0.102 0.10588 0.1088
0.0996 0.10548 0.1104
0.1048 0.10736 0.112
0.1032 0.10524 0.1068
0.1008 0.1058 0.1092
0.1024 0.10548 0.1084
0.1024 0.10536 0.1108
0.102 0.10572 0.1116
0.1008 0.10432 0.1076
0.102 0.10556 0.1108
0.1008 0.10552 0.11
0.1016 0.10708 0.11
0.1028 0.10648 0.1112
0.1024 0.1054 0.108
0.1 0.10704 0.1128
0.104 0.10732 0.114
0.102 0.10628 0.1104
0.102 0.10832 0.114
0.1044 0.10792 0.1108
0.1048 0.107 0.1096
0.1032 0.1066 0.11
0.1032 0.107 0.1104
0.1056 0.10868 0.1116
0.1048 0.10804 0.1148
0.1028 0.1076 0.1116
0.104 0.10856 0.1156
0.1032 0.1104 0.1156
0.1064 0.10944 0.1116
0.1036 0.108 0.1132
0.1024 0.10932 0.1172
0.1068 0.11 0.1156
0.104 0.10932 0.1164
0.1044 0.1096 0.118
0.104 0.10824 0.112
0.1056 0.11052 0.1136
0.1072 0.11084 0.1172
0.1048 0.1106 0.1172
0.1048 0.11176 0.1168
0.1028 0.10852 0.1128
0.1068 0.1098 0.116
0.1064 0.11104 0.1144
0.1044 0.10888 0.1124
0.1036 0.11072 0.1168
0.108 0.11032 0.1156
0.1068 0.11072 0.1164
0.1056 0.10952 0.1156
0.1052 0.1096 0.1148
0.104 0.1096 0.1144
0.1036 0.10908 0.1128
0.1052 0.1108 0.1156
0.1048 0.1078 0.1116
0.1032 0.10808 0.1108
0.106 0.10908 0.112
0.1036 0.10816 0.1156
0.1016 0.10876 0.1156
0.1032 0.10864 0.1128
0.1052 0.1096 0.1132
0.102 0.10892 0.1132
0.1052 0.10988 0.1136
0.1056 0.10788 0.1128
0.1036 0.10712 0.1144
0.1052 0.1088 0.112
0.102 0.10724 0.1136
0.102 0.10616 0.1128
0.1028 0.10768 0.112
0.1024 0.10528 0.1096
0.1028 0.10732 0.1112
0.1004 0.1076 0.1148
0.1028 0.10616 0.1092
0.1004 0.10604 0.1132
0.0992 0.1054 0.11
0.1012 0.10444 0.1064
0.1004 0.10508 0.108
0.1012 0.10512 0.1104
0.1016 0.10704 0.1144
0.1 0.10636 0.112
0.1016 0.10512 0.1076
0.0992 0.10676 0.1132
0.1024 0.1054 0.108
0.1012 0.10536 0.1104
0.1016 0.10544 0.1088
0.1032 0.10616 0.1088
0.1016 0.10564 0.1092
0.1012 0.10584 0.1104
0.1028 0.10476 0.108
0.1012 0.10476 0.1084
0.1 0.10616 0.1096
0.102 0.1046 0.1088
0.1008 0.10524 0.1096
0.1016 0.1052 0.1088
0.1004 0.10472 0.108
0.1 0.10448 0.108
0.1 0.10364 0.108
0.1008 0.10508 0.1088
0.1 0.10444 0.1084
0.0996 0.10484 0.108
0.102 0.10468 0.1084
0.1016 0.1048 0.108
0.1 0.1048 0.1084
0.1032 0.10604 0.1112
0.1028 0.10576 0.1088
0.1028 0.10592 0.1088
0.1028 0.10532 0.1088
0.1004 0.10444 0.1092
0.102 0.10692 0.1116
0.1024 0.10608 0.1112
0.1016 0.10692 0.1104
0.102 0.10536 0.1072
0.1 0.10628 0.1136
0.1004 0.10532 0.1092
0.1032 0.10688 0.1116
0.1028 0.107 0.1104
0.1036 0.10788 0.112
0.1028 0.10688 0.1124
0.1036 0.10748 0.1156
0.1032 0.10708 0.1108
0.102 0.10704 0.1136
0.102 0.10704 0.1148
0.104 0.10752 0.1108
0.1044 0.10872 0.112
0.1032 0.10832 0.1116
0.1048 0.10796 0.1112
0.1028 0.10896 0.1144
0.106 0.10872 0.112
0.1064 0.10936 0.112
0.1052 0.10952 0.1156
0.1044 0.11108 0.1176
0.1048 0.108 0.1156
0.1032 0.10836 0.1124
0.1056 0.10944 0.112
0.1012 0.10824 0.1144
0.106 0.10868 0.114
0.104 0.10896 0.1124
0.1028 0.10836 0.1156
0.1012 0.10956 0.1148
0.1072 0.1098 0.114
0.1052 0.10772 0.1112
0.1032 0.10872 0.112
0.106 0.10984 0.1144
0.1036 0.1082 0.1116
0.1036 0.10908 0.1136
0.104 0.1094 0.1132
0.1016 0.11024 0.1172
0.1036 0.10816 0.1132
0.1008 0.10764 0.1124
0.1012 0.10692 0.11
0.1056 0.10776 0.1128
0.1052 0.10808 0.1136
0.1036 0.1078 0.116
0.1052 0.10848 0.112
0.1036 0.10824 0.114
0.1052 0.10836 0.1128
0.1036 0.1098 0.1136
0.104 0.10852 0.1136
0.1056 0.10784 0.1104
0.104 0.10932 0.112
0.1044 0.11008 0.1152
0.106 0.10948 0.1144
0.1064 0.10932 0.1128
0.1056 0.10912 0.112
0.1056 0.10868 0.1156
0.104 0.10864 0.1148
0.1056 0.1086 0.1116
0.1028 0.1082 0.1128
0.1052 0.10868 0.1136
0.106 0.109 0.1144
0.1052 0.10876 0.1148
0.1096 0.11192 0.116
0.1068 0.10884 0.1132
0.1052 0.1092 0.1132
0.104 0.1096 0.1152
0.1068 0.11116 0.1144
0.1064 0.11184 0.1164
0.1064 0.1098 0.1132
0.1052 0.1092 0.1148
0.106 0.11036 0.1148
0.1044 0.1082 0.1104
0.1052 0.11004 0.1156
0.1044 0.10852 0.1132
0.1052 0.10912 0.112
0.1036 0.11016 0.1148
0.1052 0.10884 0.1124
0.1032 0.10856 0.1144
0.1048 0.1084 0.1116
0.104 0.10856 0.1148
0.1064 0.10892 0.114
0.1052 0.10824 0.1128
0.1052 0.10956 0.1164
0.1064 0.10932 0.1128
0.1044 0.10784 0.1116
0.1048 0.10856 0.1132
0.1052 0.10912 0.112
0.102 0.10888 0.1132
0.1044 0.10864 0.1132
0.102 0.10776 0.1128
0.1056 0.1084 0.1136
0.1052 0.10832 0.112
0.1044 0.10884 0.1136
0.1048 0.1092 0.1144
0.104 0.10916 0.1152
0.1072 0.1094 0.1152
0.1032 0.10688 0.1104
0.1036 0.1066 0.1092
0.104 0.10716 0.1104
0.1024 0.10764 0.1132
0.1028 0.1068 0.1104
0.106 0.1084 0.112
0.106 0.10936 0.114
0.1016 0.10688 0.1116
0.1056 0.10872 0.112
0.1032 0.10664 0.112
0.104 0.10836 0.1136
0.1048 0.1072 0.11
0.1048 0.1088 0.1132
0.104 0.10728 0.1104
0.1052 0.10876 0.1156
0.1036 0.10692 0.1096
0.1036 0.10832 0.1144
0.102 0.10792 0.112
0.1044 0.1088 0.1136
0.104 0.10752 0.1132
0.1028 0.10752 0.1108
0.1028 0.10744 0.11
0.1024 0.10796 0.1104
0.1008 0.10812 0.114
0.102 0.10804 0.1152
0.102 0.10728 0.1144
0.1024 0.10664 0.1132
0.1032 0.10784 0.112
0.106 0.10924 0.1132
0.106 0.10856 0.1124
0.1064 0.1082 0.1124
0.1024 0.1078 0.1144
0.1024 0.10836 0.1136
0.1036 0.10784 0.1128
0.1064 0.10952 0.1116
0.1032 0.10736 0.1112
0.1052 0.10836 0.1144
0.1028 0.108 0.1132
0.1044 0.10684 0.1096
0.1048 0.10816 0.112
0.104 0.10928 0.1144
0.1036 0.10656 0.11
0.1012 0.10652 0.1116
0.1032 0.108 0.1116
0.1048 0.10732 0.1092
0.1036 0.10688 0.11
0.1028 0.10536 0.1068
0.1044 0.10748 0.1124
0.104 0.10588 0.108
0.1036 0.1076 0.1104
0.1032 0.10768 0.1112
0.1036 0.10672 0.11
0.1028 0.107 0.112
0.1036 0.10632 0.1088
0.1044 0.10628 0.1076
0.1028 0.1074 0.1132
0.1028 0.10752 0.1112
0.1028 0.10748 0.1104
0.104 0.10744 0.1108
0.1036 0.10716 0.1108
0.1044 0.10672 0.1084
0.104 0.10668 0.1096
0.1028 0.10664 0.1104
0.1012 0.10552 0.1084
0.1036 0.10744 0.1148
0.1036 0.10716 0.11
0.1024 0.10684 0.11
0.1048 0.10748 0.1104
0.1008 0.10724 0.1112
0.1052 0.10748 0.1112
0.1044 0.10668 0.1104
0.102 0.105 0.11
0.1028 0.10744 0.1132
0.1032 0.10696 0.1104
0.1028 0.10716 0.1128
0.1008 0.10572 0.1084
0.1028 0.10672 0.1112
0.1048 0.10704 0.1084
0.1028 0.1062 0.1084
0.1048 0.10716 0.1128
0.1036 0.10696 0.1108
0.1028 0.10856 0.112
0.1028 0.107 0.1108
0.1044 0.10712 0.1088
0.1044 0.10696 0.1092
0.1044 0.10784 0.1136
0.1044 0.10684 0.1112
0.1032 0.10704 0.1124
0.1044 0.10776 0.1132
0.1 0.10592 0.11
0.1048 0.10672 0.1084
0.1044 0.10712 0.1092
0.104 0.10784 0.1148
0.1016 0.10544 0.1116
0.1056 0.1078 0.11
0.1028 0.1072 0.1124
0.102 0.10572 0.1108
0.1048 0.10804 0.112
0.1044 0.1078 0.1104
0.1024 0.10728 0.1112
0.1056 0.10856 0.1124
0.1032 0.10744 0.1108
0.1052 0.107 0.1096
0.1044 0.10732 0.1116
0.1048 0.10824 0.1128
0.1044 0.10828 0.1148
0.104 0.10644 0.1096
0.104 0.10588 0.1088
0.1036 0.10676 0.1088
0.1028 0.10692 0.1124
0.1024 0.10516 0.11
0.1036 0.10564 0.1092
0.102 0.10448 0.108
0.1032 0.10668 0.1104
0.102 0.1062 0.1112
0.1032 0.106 0.1084
0.1044 0.10676 0.1104
0.1032 0.10544 0.1084
0.102 0.10688 0.11
0.1044 0.10772 0.1108
0.1044 0.10728 0.1112
0.1032 0.10616 0.1096
0.1028 0.10792 0.1108
0.1044 0.1082 0.1124
0.1028 0.10752 0.1116
0.1056 0.10788 0.1104
0.1052 0.10752 0.1144
0.1052 0.10856 0.1136
0.1052 0.10804 0.1108
0.1032 0.10672 0.1136
0.1056 0.10824 0.112
0.1032 0.10776 0.1112
0.1052 0.10752 0.1092
0.1044 0.1074 0.1112
0.1016 0.10664 0.1132
0.104 0.10744 0.1108
0.1048 0.10788 0.1124
0.1036 0.10652 0.11
0.1032 0.10652 0.1112
0.1028 0.1068 0.1112
0.1032 0.10772 0.112
0.104 0.10696 0.1104
0.106 0.10736 0.1096
0.1024 0.1062 0.1092
0.1032 0.10608 0.1116
0.1028 0.1054 0.1076
0.1016 0.10476 0.1076
0.1028 0.10488 0.1076
0.1032 0.10648 0.1104
0.1032 0.10592 0.1092
0.1016 0.1054 0.1092
0.102 0.10624 0.1116
0.1008 0.1058 0.11
0.1012 0.10628 0.1096
0.1028 0.106 0.1092
0.102 0.10712 0.1108
0.1032 0.10616 0.1084
0.1028 0.10508 0.1084
0.1052 0.10668 0.1108
0.1028 0.10656 0.1096
0.102 0.106 0.1076
0.1032 0.10636 0.1104
0.102 0.10568 0.1124
0.1032 0.10796 0.1108
0.106 0.10788 0.1124
0.104 0.10616 0.1084
0.1048 0.10744 0.1128
0.1044 0.10672 0.11
0.1052 0.10724 0.1108
0.1048 0.10796 0.1116
0.1048 0.1092 0.1128
0.1048 0.10872 0.112
0.1032 0.10804 0.1128
0.1036 0.10664 0.11
0.1052 0.10836 0.1108
0.1036 0.10656 0.1096
0.1048 0.10772 0.112
0.104 0.10776 0.1132
0.1044 0.10732 0.1108
0.1048 0.10772 0.1112
0.1028 0.10756 0.1104
0.1048 0.10744 0.11
0.1052 0.10788 0.1108
0.104 0.10748 0.1116
0.1004 0.10648 0.1104
0.102 0.10584 0.1088
0.1036 0.10652 0.1108
0.1004 0.10672 0.11
0.1044 0.10688 0.11
0.1028 0.10572 0.1096
0.1036 0.10728 0.1092
0.1032 0.10704 0.1104
0.102 0.10672 0.1116
0.1028 0.1064 0.1088
0.1036 0.1068 0.11
0.1028 0.10732 0.1136
0.1036 0.10572 0.1092
0.1032 0.10608 0.1096
0.102 0.10652 0.1116
0.1032 0.10596 0.1088
0.1024 0.10516 0.1104
0.102 0.10632 0.1116
0.1032 0.10752 0.1112
0.1036 0.10696 0.1112
0.1032 0.10676 0.1112
0.1056 0.10796 0.112
0.1032 0.10688 0.1104
0.102 0.10592 0.1116
0.1044 0.106 0.1104
0.1024 0.10652 0.1088
0.1012 0.107 0.1108
0.104 0.10572 0.108
0.1036 0.1054 0.1076
0.1032 0.1074 0.1108
0.1044 0.10772 0.1152
0.104 0.10856 0.1112
0.1028 0.10628 0.1112
0.1044 0.10712 0.1104
0.1028 0.10668 0.1112
0.1032 0.10652 0.1128
0.1004 0.1064 0.1112
0.1024 0.10556 0.1084
0.1036 0.10576 0.1092
0.1032 0.10476 0.1076
0.102 0.10544 0.108
0.1024 0.10456 0.1076
0.102 0.10424 0.1072
0.104 0.10688 0.1088
0.1024 0.10456 0.1088
0.1008 0.10524 0.1072
0.102 0.10536 0.1096
0.102 0.10532 0.1072
0.102 0.10392 0.1092
0.1024 0.10568 0.11
0.1028 0.10516 0.11
0.1036 0.1062 0.1092
0.1008 0.10516 0.1092
0.1012 0.105 0.1088
0.1016 0.10508 0.108
0.102 0.10416 0.1088
0.0996 0.10504 0.1088
0.1008 0.10368 0.108
0.102 0.10532 0.108
0.1004 0.1044 0.1072
0.1012 0.10388 0.108
0.1024 0.10396 0.1064
0.1016 0.10392 0.1068
0.1024 0.10544 0.1084
0.1036 0.1056 0.1076
0.1012 0.104 0.1072
0.102 0.1056 0.1104
0.1004 0.10656 0.1116
0.102 0.1048 0.1072
0.1024 0.10472 0.1076
0.1008 0.10524 0.1072
0.1016 0.10656 0.112
0.1008 0.10408 0.1072
0.1016 0.10496 0.1088
0.0984 0.10524 0.1108
0.1016 0.10512 0.1108
0.1016 0.10412 0.1064
0.1028 0.10636 0.1104
0.1016 0.10464 0.1072
0.1 0.104 0.108
0.1016 0.10412 0.1068
0.0988 0.10404 0.108
0.1016 0.10464 0.108
0.1004 0.10492 0.1088
0.0988 0.10312 0.1072
0.1008 0.1054 0.1108
0.1012 0.10372 0.1076
0.1004 0.1038 0.1056
0.1012 0.10452 0.11
0.0996 0.10468 0.1112
0.1004 0.10396 0.1064
0.1028 0.10628 0.108
0.0992 0.10288 0.1064
0.1028 0.10552 0.1076
0.104 0.1066 0.1116
0.104 0.10632 0.1084
0.1028 0.10464 0.1072
0.102 0.10556 0.1096
0.1036 0.10652 0.11
0.1016 0.10588 0.1112
0.1032 0.10556 0.1092
0.102 0.10524 0.1108
0.1032 0.1062 0.11
0.1028 0.10636 0.1112
0.1036 0.10512 0.108
0.1032 0.106 0.1092
0.1008 0.10528 0.108
0.1044 0.10604 0.1092
0.1028 0.10652 0.1096
0.1016 0.105 0.1108
0.1008 0.10552 0.1124
0.102 0.1058 0.1108
0.1012 0.10648 0.1104
0.104 0.10584 0.1076
0.1004 0.10368 0.1076
0.1024 0.10424 0.1072
0.1032 0.10672 0.1112
0.102 0.10628 0.1108
0.1036 0.10552 0.108
0.102 0.104 0.1064
0.102 0.10516 0.1092
0.102 0.10508 0.1096
0.1028 0.10588 0.1092
0.1012 0.10512 0.1092
0.1012 0.10524 0.1092
0.1004 0.10484 0.1072
0.1028 0.10516 0.1096
0.0992 0.10364 0.1088
0.1 0.1046 0.1092
0.1028 0.10532 0.1108
0.1008 0.104 0.1068
0.1024 0.10532 0.1112
0.1024 0.105 0.1068
0.1 0.10328 0.1068
0.1 0.10336 0.106
0.1016 0.10356 0.1072
0.1008 0.10292 0.1052
0.0992 0.10344 0.1088
0.1008 0.10324 0.1064
0.1008 0.10392 0.108
0.1008 0.10288 0.108
0.0988 0.10288 0.1064
0.1004 0.10364 0.1076
0.1012 0.10372 0.108
0.1012 0.10392 0.1072
0.1028 0.1048 0.108
0.1 0.10416 0.1068
0.1008 0.10364 0.1072
0.0992 0.10296 0.108
0.1012 0.10348 0.1064
0.0988 0.1028 0.1104
0.098 0.10296 0.1096
0.0984 0.1022 0.1048
0.0992 0.1036 0.1064
0.0992 0.10264 0.104
0.0984 0.1028 0.1052
0.0992 0.10356 0.108
0.0972 0.1024 0.1064
0.0972 0.1028 0.1056
0.1 0.10232 0.1048
0.0996 0.10272 0.106
0.1012 0.10336 0.1052
0.0996 0.10196 0.1056
0.0984 0.103 0.106
0.1008 0.10296 0.1048
0.1 0.10264 0.1064
0.0984 0.10284 0.1068
0.1016 0.1028 0.1036
0.0988 0.10168 0.1036
0.0992 0.1022 0.1052
0.0984 0.10156 0.1044
0.0964 0.1012 0.1044
0.0992 0.10196 0.1072
0.0968 0.10128 0.104
0.0988 0.10176 0.1068
0.0992 0.101 0.1028
0.0992 0.10152 0.104
0.0988 0.10132 0.1032
0.1004 0.10308 0.1056
0.0984 0.10092 0.1044
0.0992 0.10236 0.1064
0.096 0.10196 0.1056
0.0992 0.10204 0.1052
0.0984 0.10144 0.1036
0.0964 0.10004 0.104
0.098 0.10084 0.104
0.0992 0.1016 0.104
0.098 0.10112 0.1064
0.0972 0.09992 0.1036
0.098 0.10056 0.104
0.0968 0.1016 0.108
0.0964 0.0998 0.1028
0.0992 0.10132 0.1044
0.0972 0.10088 0.1056
0.0976 0.10036 0.1056
0.0972 0.10072 0.1036
0.0984 0.09988 0.1036
0.096 0.09896 0.1024
0.0964 0.10036 0.1036
0.0976 0.09952 0.1012
0.0972 0.09964 0.1032
0.0976 0.09976 0.1032
0.0976 0.10036 0.1028
0.0992 0.10064 0.1024
0.0968 0.09964 0.102
0.098 0.10032 0.1024
0.0992 0.10048 0.1028
0.0968 0.09928 0.1036
0.0964 0.10072 0.1052
0.0976 0.09916 0.1012
0.0968 0.09932 0.102
0.0984 0.10056 0.1032
0.0968 0.1012 0.1036
0.0976 0.10044 0.1044
0.098 0.10028 0.1036
0.0968 0.09896 0.1016
0.096 0.09936 0.1052
0.0972 0.09936 0.102
0.0972 0.10024 0.104
0.0964 0.09948 0.1032
0.0976 0.10044 0.1032
0.0968 0.10016 0.1044
0.0948 0.0984 0.1032
0.0964 0.09936 0.1008
0.0956 0.09956 0.1032
0.0976 0.09952 0.1012
0.098 0.10044 0.1044
0.0972 0.09984 0.1044
0.098 0.09964 0.1032
0.0972 0.1002 0.1032
0.0972 0.10028 0.104
0.0976 0.10032 0.1044
0.098 0.10008 0.102
0.098 0.10112 0.1044
0.0972 0.1004 0.1036
0.0956 0.09992 0.1064
0.0976 0.10012 0.1048
0.0964 0.09924 0.1012
0.0948 0.09912 0.1032
0.0984 0.10088 0.1024
0.0996 0.10116 0.1044
0.0988 0.10012 0.1028
0.0984 0.10044 0.1044
0.0972 0.10016 0.1028
0.0972 0.10016 0.1024
0.0964 0.10032 0.1036
0.0976 0.10068 0.1036
0.0952 0.09956 0.102
0.0964 0.09992 0.1024
0.0964 0.09944 0.102
0.0988 0.10036 0.102
0.0968 0.10008 0.1052
0.0968 0.09944 0.1016
0.0968 0.09928 0.102
0.0976 0.1 0.1028
0.0972 0.1002 0.1036
0.096 0.09884 0.1004
0.0952 0.0998 0.1032
0.0968 0.099 0.1016
0.096 0.09956 0.1028
0.0988 0.10028 0.1032
0.0976 0.09932 0.1012
0.0972 0.09932 0.1012
0.0984 0.0998 0.1024
0.096 0.09988 0.1028
0.0968 0.10016 0.1032
0.0968 0.099 0.1008
0.0964 0.09924 0.1024
0.0948 0.09792 0.1004
0.0952 0.09916 0.1032
0.096 0.09884 0.1016
0.0972 0.099 0.1
0.0964 0.09896 0.1004
0.0968 0.099 0.1024
0.0976 0.0996 0.102
0.0964 0.09888 0.1008
0.0952 0.09904 0.1032
0.0976 0.09936 0.102
0.0964 0.09916 0.104
0.0972 0.1002 0.1048
0.0968 0.0996 0.1032
0.0968 0.09876 0.1016
0.0964 0.09944 0.1012
0.0948 0.09936 0.1024
0.0976 0.10004 0.104
0.0968 0.09936 0.1012
0.0952 0.09836 0.1016
0.0952 0.09852 0.102
0.0972 0.09964 0.102
0.0972 0.0992 0.0996
0.0968 0.09828 0.1024
0.0972 0.10008 0.1044
0.0972 0.09932 0.1016
0.0944 0.09864 0.1004
0.0968 0.09896 0.1008
0.0956 0.09872 0.1004
0.0936 0.09856 0.1024
0.0972 0.09852 0.1012
0.0964 0.09876 0.102
