-8382.30716508 -8333.59016772 -8263.65793214
-8394.26569636 -8353.18062336 -8306.38318269
-8413.54798126 -8339.50108076 -8259.98481134
-8337.37647384 -8284.30518907 -8208.79690134
-8353.74006337 -8281.30698753 -8192.09332179
-8368.63367214 -8261.3784972 -8105.40384821
-8269.67309713 -8231.60391031 -8179.98053509
-8307.98863185 -8193.84896249 -8086.99993025
-8269.64260753 -8195.35995466 -8109.50099513
-8244.93294307 -8150.54276676 -8067.4930595
-8542.75617249 -8167.1375384 -8081.34260866
-8209.82843725 -8133.21265254 -8060.60486806
-8474.17710155 -8150.94971531 -8065.6029125
-8672.15689893 -8149.08735605 -8065.95524762
-8304.53237719 -8136.98979513 -8072.08135532
-8851.23423572 -8262.55660564 -8063.94434518
-8772.95377956 -8212.06923788 -8073.40710841
-8751.04930623 -8176.82228827 -8065.62463476
-8523.1373574 -8177.42541224 -8079.08625832
-8463.1064642 -8154.76694209 -8052.69415423
-8686.6833656 -8180.65897439 -8064.98258304
-8725.99464762 -8204.67844545 -8071.54877127
-8564.13632643 -8209.08374358 -8062.61824038
-8827.96522748 -8274.99995251 -8054.86858397
-8471.46970492 -8244.38231601 -8074.02942982
-8118.1517866 -8081.03677771 -8055.26141028
-8642.91960961 -8242.55328211 -8070.49535824
-8365.65277889 -8168.01573112 -8051.04909544
-8435.11924724 -8172.54471724 -8048.28227241
-8328.99454907 -8110.86271917 -8046.31065003
-8473.74422179 -8206.52778654 -8085.94862114
