0.6 0.6 0.6
0.6 0.6 0.6
0.6 0.6 0.6
0.6 0.6 0.6
0.59456 0.599456 0.6
0.6 0.6 0.6
0.59492 0.599492 0.6
0.6 0.6 0.6
0.6 0.6 0.6
0.6 0.6 0.6
0.6 0.6 0.6
0.6 0.6 0.6
0.6 0.6 0.6
0.6 0.6 0.6
0.6 0.6 0.6
0.6 0.6 0.6
0.6 0.6 0.6
0.6 0.6 0.6
0.6 0.6 0.6
0.6 0.6 0.6
0.6 0.6 0.6
0.6 0.6 0.6
0.6 0.6 0.6
0.6 0.6 0.6
0.57904 0.597904 0.6
0.6 0.6 0.6
0.6 0.6 0.6
0.5784 0.59784 0.6
0.6 0.6 0.6
0.6 0.6 0.6
0.6 0.6 0.6
0.6 0.6 0.6
0.6 0.6 0.6
0.6 0.6 0.6
0.6 0.6 0.6
0.6 0.6 0.6
0.6 0.6 0.6
0.6 0.6 0.6
0.6 0.6 0.6
0.6 0.6 0.6
0.6 0.6 0.6
0.6 0.6 0.6
0.6 0.6 0.6
0.6 0.6 0.6
0.6 0.6 0.6
0.6 0.6 0.6
0.57792 0.597792 0.6
0.6 0.6 0.6
0.6 0.6 0.6
0.6 0.6 0.6
0.6 0.6 0.6
0.6 0.6 0.6
0.6 0.6 0.6
0.6 0.6 0.6
0.6 0.6 0.6
0.6 0.6 0.6
0.6 0.6 0.6
0.6 0.6 0.6
0.6 0.6 0.6
0.6 0.6 0.6
0.6 0.6 0.6
0.6 0.6 0.6
0.6 0.6 0.6
0.6 0.6 0.6
0.6 0.6 0.6
0.6 0.6 0.6
0.6 0.6 0.6
0.6 0.6 0.6
0.6 0.6 0.6
0.6 0.6 0.6
0.57776 0.593648 0.6
0.6 0.6 0.6
0.6 0.6 0.6
0.6 0.6 0.6
0.6 0.6 0.6
0.6 0.6 0.6
0.6 0.6 0.6
0.6 0.6 0.6
0.6 0.6 0.6
0.6 0.6 0.6
0.6 0.6 0.6
0.6 0.6 0.6
0.6 0.6 0.6
0.6 0.6 0.6
0.6 0.6 0.6
0.6 0.6 0.6
0.6 0.6 0.6
0.6 0.6 0.6
0.6 0.6 0.6
0.6 0.6 0.6
0.6 0.6 0.6
0.6 0.6 0.6
0.6 0.6 0.6
0.6 0.6 0.6
0.6 0.6 0.6
0.6 0.6 0.6
0.6 0.6 0.6
0.6 0.6 0.6
0.6 0.6 0.6
0.6 0.6 0.6
0.6 0.6 0.6
0.6 0.6 0.6
0.6 0.6 0.6
0.6 0.6 0.6
0.6 0.6 0.6
0.6 0.6 0.6
0.6 0.6 0.6
0.6 0.6 0.6
0.6 0.6 0.6
0.6 0.6 0.6
0.6 0.6 0.6
0.6 0.6 0.6
0.6 0.6 0.6
0.6 0.6 0.6
0.6 0.6 0.6
0.6 0.6 0.6
0.6 0.6 0.6
0.6 0.6 0.6
0.6 0.6 0.6
0.6 0.6 0.6
0.6 0.6 0.6
0.6 0.6 0.6
0.6 0.6 0.6
0.6 0.6 0.6
0.6 0.6 0.6
0.6 0.6 0.6
0.6 0.6 0.6
0.6 0.6 0.6
0.6 0.6 0.6
0.6 0.6 0.6
0.6 0.6 0.6
0.6 0.6 0.6
0.6 0.6 0.6
0.6 0.6 0.6
0.6 0.6 0.6
0.6 0.6 0.6
0.6 0.6 0.6
0.6 0.6 0.6
0.6 0.6 0.6
0.6 0.6 0.6
0.6 0.6 0.6
0.6 0.6 0.6
0.6 0.6 0.6
0.6 0.6 0.6
0.6 0.6 0.6
0.6 0.6 0.6
0.6 0.6 0.6
0.6 0.6 0.6
0.6 0.6 0.6
0.6 0.6 0.6
0.6 0.6 0.6
0.6 0.6 0.6
0.6 0.6 0.6
0.6 0.6 0.6
0.6 0.6 0.6
0.6 0.6 0.6
0.6 0.6 0.6
0.6 0.6 0.6
0.6 0.6 0.6
0.6 0.6 0.6
0.6 0.6 0.6
0.6 0.6 0.6
0.6 0.6 0.6
0.6 0.6 0.6
0.6 0.6 0.6
0.6 0.6 0.6
0.6 0.6 0.6
0.6 0.6 0.6
0.6 0.6 0.6
0.6 0.6 0.6
0.6 0.6 0.6
0.6 0.6 0.6
0.6 0.6 0.6
0.6 0.6 0.6
0.6 0.6 0.6
0.6 0.6 0.6
0.6 0.6 0.6
0.6 0.6 0.6
0.6 0.6 0.6
0.6 0.6 0.6
0.6 0.6 0.6
0.6 0.6 0.6
0.6 0.6 0.6
0.6 0.6 0.6
0.6 0.6 0.6
0.6 0.6 0.6
0.6 0.6 0.6
0.6 0.6 0.6
0.6 0.6 0.6
0.6 0.6 0.6
0.6 0.6 0.6
0.6 0.6 0.6
0.6 0.6 0.6
0.6 0.6 0.6
0.6 0.6 0.6
0.6 0.6 0.6
0.6 0.6 0.6
0.6 0.6 0.6
0.6 0.6 0.6
0.6 0.6 0.6
0.6 0.6 0.6
0.6 0.6 0.6
0.6 0.6 0.6
0.6 0.6 0.6
0.6 0.6 0.6
0.6 0.6 0.6
0.6 0.6 0.6
0.6 0.6 0.6
0.6 0.6 0.6
0.6 0.6 0.6
0.6 0.6 0.6
0.6 0.6 0.6
0.6 0.6 0.6
0.6 0.6 0.6
0.6 0.6 0.6
0.6 0.6 0.6
0.6 0.6 0.6
0.6 0.6 0.6
0.6 0.6 0.6
0.6 0.6 0.6
0.6 0.6 0.6
0.6 0.6 0.6
0.6 0.6 0.6
0.6 0.6 0.6
0.6 0.6 0.6
0.6 0.6 0.6
0.6 0.6 0.6
0.6 0.6 0.6
0.6 0.6 0.6
0.6 0.6 0.6
0.6 0.6 0.6
0.6 0.6 0.6
0.6 0.6 0.6
0.6 0.6 0.6
0.6 0.6 0.6
0.6 0.6 0.6
0.6 0.6 0.6
0.6 0.6 0.6
0.6 0.6 0.6
0.6 0.6 0.6
0.6 0.6 0.6
0.6 0.6 0.6
0.6 0.6 0.6
0.6 0.6 0.6
0.6 0.6 0.6
0.6 0.6 0.6
0.6 0.6 0.6
0.6 0.6 0.6
0.6 0.6 0.6
0.6 0.6 0.6
0.6 0.6 0.6
0.6 0.6 0.6
0.6 0.6 0.6
0.6 0.6 0.6
0.6 0.6 0.6
0.6 0.6 0.6
0.6 0.6 0.6
0.6 0.6 0.6
0.6 0.6 0.6
0.6 0.6 0.6
0.6 0.6 0.6
0.6 0.6 0.6
0.6 0.6 0.6
0.6 0.6 0.6
0.6 0.6 0.6
0.6 0.6 0.6
0.6 0.6 0.6
0.6 0.6 0.6
0.6 0.6 0.6
0.6 0.6 0.6
0.6 0.6 0.6
0.6 0.6 0.6
0.6 0.6 0.6
0.6 0.6 0.6
0.6 0.6 0.6
0.6 0.6 0.6
0.6 0.6 0.6
0.6 0.6 0.6
0.6 0.6 0.6
0.6 0.6 0.6
0.6 0.6 0.6
0.6 0.6 0.6
0.6 0.6 0.6
0.6 0.6 0.6
0.6 0.6 0.6
0.6 0.6 0.6
0.6 0.6 0.6
0.6 0.6 0.6
0.6 0.6 0.6
0.6 0.6 0.6
0.6 0.6 0.6
0.6 0.6 0.6
0.6 0.6 0.6
0.6 0.6 0.6
0.6 0.6 0.6
0.6 0.6 0.6
0.6 0.6 0.6
0.6 0.6 0.6
0.6 0.6 0.6
0.6 0.6 0.6
0.6 0.6 0.6
0.6 0.6 0.6
0.6 0.6 0.6
0.6 0.6 0.6
0.6 0.6 0.6
0.6 0.6 0.6
0.6 0.6 0.6
0.6 0.6 0.6
0.6 0.6 0.6
0.6 0.6 0.6
0.6 0.6 0.6
0.6 0.6 0.6
0.6 0.6 0.6
0.6 0.6 0.6
0.6 0.6 0.6
0.6 0.6 0.6
0.6 0.6 0.6
0.6 0.6 0.6
0.6 0.6 0.6
0.6 0.6 0.6
0.6 0.6 0.6
0.6 0.6 0.6
0.6 0.6 0.6
0.6 0.6 0.6
0.6 0.6 0.6
0.6 0.6 0.6
0.6 0.6 0.6
0.6 0.6 0.6
0.6 0.6 0.6
0.6 0.6 0.6
0.6 0.6 0.6
0.6 0.6 0.6
0.6 0.6 0.6
0.6 0.6 0.6
0.6 0.6 0.6
0.6 0.6 0.6
0.6 0.6 0.6
0.6 0.6 0.6
0.6 0.6 0.6
0.6 0.6 0.6
0.6 0.6 0.6
0.6 0.6 0.6
0.6 0.6 0.6
0.6 0.6 0.6
0.6 0.6 0.6
0.6 0.6 0.6
0.6 0.6 0.6
0.6 0.6 0.6
0.6 0.6 0.6
0.6 0.6 0.6
0.6 0.6 0.6
0.6 0.6 0.6
0.58912 0.598912 0.6
0.6 0.6 0.6
0.6 0.6 0.6
0.6 0.6 0.6
0.6 0.6 0.6
0.5824 0.597376 0.6
0.6 0.6 0.6
0.6 0.6 0.6
0.6 0.6 0.6
0.6 0.6 0.6
0.6 0.6 0.6
0.57232 0.597232 0.6
0.6 0.6 0.6
0.6 0.6 0.6
0.6 0.6 0.6
0.6 0.6 0.6
0.6 0.6 0.6
0.6 0.6 0.6
0.56588 0.59494 0.6
0.6 0.6 0.6
0.6 0.6 0.6
0.57904 0.597904 0.6
0.6 0.6 0.6
0.59048 0.599048 0.6
0.6 0.6 0.6
0.6 0.6 0.6
0.6 0.6 0.6
0.58656 0.598 0.6
0.6 0.6 0.6
0.6 0.6 0.6
0.52644 0.587596 0.6
0.6 0.6 0.6
0.57728 0.590832 0.6
0.6 0.6 0.6
0.6 0.6 0.6
0.52164 0.588724 0.6
0.6 0.6 0.6
0.50072 0.572916 0.6
0.6 0.6 0.6
0.6 0.6 0.6
0.6 0.6 0.6
0.52492 0.58166 0.6
0.6 0.6 0.6
0.43332 0.529396 0.5922
0.6 0.6 0.6
0.6 0.6 0.6
0.4596 0.549444 0.6
0.6 0.6 0.6
0.6 0.6 0.6
0.41404 0.49052 0.55648
0.6 0.6 0.6
0.3776 0.459492 0.53896
0.6 0.6 0.6
0.6 0.6 0.6
0.36772 0.472552 0.6
0.6 0.6 0.6
0.3272 0.437544 0.53912
0.6 0.6 0.6
0.38684 0.485572 0.55744
0.6 0.6 0.6
0.6 0.6 0.6
0.35328 0.482424 0.5968
0.36724 0.474056 0.59264
0.6 0.6 0.6
0.6 0.6 0.6
0.3432 0.457484 0.56768
0.6 0.6 0.6
0.36892 0.455776 0.59936
0.6 0.6 0.6
0.6 0.6 0.6
0.35188 0.413292 0.48524
0.6 0.6 0.6
0.35012 0.440556 0.6
0.6 0.6 0.6
0.6 0.6 0.6
0.31468 0.438488 0.5176
0.31828 0.43554 0.53884
0.6 0.6 0.6
0.6 0.6 0.6
0.35152 0.515956 0.59792
0.6 0.6 0.6
0.6 0.6 0.6
0.36088 0.44876 0.59632
0.6 0.6 0.6
0.3678 0.471032 0.588
0.6 0.6 0.6
0.6 0.6 0.6
0.36084 0.464392 0.5278
0.6 0.6 0.6
0.3688 0.464704 0.5728
0.6 0.6 0.6
0.37092 0.507224 0.6
0.6 0.6 0.6
0.3682 0.446268 0.49764
0.6 0.6 0.6
0.32816 0.451424 0.59936
0.37652 0.456884 0.57364
0.6 0.6 0.6
0.6 0.6 0.6
0.34308 0.505444 0.6
0.3346 0.447896 0.5972
0.6 0.6 0.6
0.6 0.6 0.6
0.33244 0.43872 0.57816
0.34684 0.40684 0.6
0.6 0.6 0.6
0.6 0.6 0.6
0.31788 0.420236 0.52208
0.3636 0.452956 0.58272
0.6 0.6 0.6
0.32716 0.411196 0.55684
0.6 0.6 0.6
0.6 0.6 0.6
0.3502 0.456652 0.6
0.33424 0.414052 0.54252
0.6 0.6 0.6
0.6 0.6 0.6
0.3486 0.456028 0.59312
0.37556 0.456336 0.57088
0.6 0.6 0.6
0.345 0.414644 0.49516
0.6 0.6 0.6
0.36092 0.44466 0.5652
0.6 0.6 0.6
0.35212 0.469464 0.59992
0.6 0.6 0.6
0.6 0.6 0.6
0.35912 0.442788 0.6
0.36472 0.491364 0.58284
0.6 0.6 0.6
0.6 0.6 0.6
0.34928 0.511256 0.6
0.36576 0.480328 0.59856
0.6 0.6 0.6
0.6 0.6 0.6
0.4174 0.50952 0.6
0.6 0.6 0.6
0.359 0.49038 0.6
0.6 0.6 0.6
0.42088 0.499076 0.6
0.6 0.6 0.6
0.38144 0.473476 0.5976
0.6 0.6 0.6
0.6 0.6 0.6
0.35436 0.43632 0.52804
0.36 0.475712 0.6
0.6 0.6 0.6
0.35588 0.462508 0.59392
0.6 0.6 0.6
0.31084 0.458704 0.6
0.6 0.6 0.6
0.36344 0.431772 0.4886
0.6 0.6 0.6
0.6 0.6 0.6
0.33696 0.456632 0.6
0.4226 0.513076 0.6
0.6 0.6 0.6
0.6 0.6 0.6
0.3694 0.4613 0.6
0.36428 0.477932 0.58276
0.6 0.6 0.6
0.6 0.6 0.6
0.32184 0.4185 0.48608
0.6 0.6 0.6
0.3854 0.456924 0.59292
0.35276 0.4495 0.58216
0.6 0.6 0.6
0.6 0.6 0.6
0.38376 0.497124 0.5888
0.37044 0.45196 0.6
0.6 0.6 0.6
0.6 0.6 0.6
0.3404 0.448632 0.5402
0.6 0.6 0.6
0.36416 0.430692 0.5252
0.58076 0.598076 0.6
0.37 0.471912 0.5888
0.6 0.6 0.6
0.4354 0.528248 0.6
0.6 0.6 0.6
0.6 0.6 0.6
0.44284 0.533072 0.6
0.6 0.6 0.6
0.38492 0.50446 0.59968
0.6 0.6 0.6
0.3724 0.45796 0.58604
0.6 0.6 0.6
0.41816 0.472976 0.56216
0.6 0.6 0.6
0.6 0.6 0.6
0.38072 0.529688 0.6
0.6 0.6 0.6
0.32956 0.51124 0.6
0.4224 0.489804 0.55876
0.6 0.6 0.6
0.53444 0.59314 0.6
0.40476 0.518308 0.6
0.6 0.6 0.6
0.32388 0.446248 0.57252
0.6 0.6 0.6
0.6 0.6 0.6
0.34448 0.50048 0.6
0.40948 0.493572 0.56716
0.56864 0.59246 0.6
0.4612 0.58596 0.6
0.37292 0.478224 0.574
0.56916 0.590668 0.6
0.3524 0.51168 0.6
0.59572 0.599412 0.6
0.57712 0.597712 0.6
0.41832 0.527496 0.6
0.36668 0.493344 0.57632
0.55516 0.5907 0.6
0.49964 0.582424 0.6
0.30892 0.455076 0.6
0.5644 0.593032 0.6
0.3606 0.491548 0.6
0.49524 0.579836 0.6
0.55736 0.595016 0.6
0.41268 0.49864 0.6
0.42512 0.55176 0.6
0.3708 0.462096 0.6
0.46784 0.568032 0.6
0.33088 0.484132 0.6
0.51264 0.567324 0.6
0.463 0.551192 0.6
0.39708 0.473284 0.6
0.49052 0.564796 0.59792
0.41784 0.524456 0.6
0.40112 0.490096 0.55128
0.34184 0.483992 0.6
0.4616 0.540848 0.6
0.42728 0.484712 0.54876
0.44908 0.524832 0.6
0.41936 0.524404 0.6
0.37512 0.472784 0.58928
0.37996 0.483592 0.5976
0.46504 0.533992 0.59824
0.36216 0.464004 0.57732
0.36528 0.456584 0.58688
0.36936 0.421544 0.45836
0.44148 0.514152 0.6
0.41612 0.487228 0.58624
0.34564 0.525416 0.6
0.40156 0.436148 0.54208
0.34788 0.477004 0.56736
0.3866 0.48592 0.57808
0.35152 0.44556 0.56288
0.3612 0.438044 0.539
0.39056 0.4553 0.5544
0.41756 0.498844 0.6
0.3202 0.41578 0.47092
0.37868 0.437276 0.48236
0.28168 0.436648 0.6
0.37812 0.451144 0.52272
0.41456 0.506348 0.59984
0.40108 0.47498 0.6
0.3718 0.430908 0.49364
0.37208 0.47588 0.5832
0.40248 0.49492 0.58688
0.35576 0.418644 0.47008
0.36752 0.46766 0.6
0.3736 0.465584 0.6
0.36688 0.406172 0.43564
0.33084 0.440904 0.6
0.3692 0.451928 0.55892
0.31656 0.476312 0.6
0.33404 0.436452 0.5656
0.40532 0.438208 0.52984
0.31796 0.425772 0.54504
0.32636 0.396564 0.56252
0.38892 0.446996 0.52176
0.37704 0.455416 0.55332
0.3344 0.41434 0.57932
0.36228 0.45966 0.57716
0.32184 0.456968 0.58656
0.34364 0.403288 0.49804
0.314 0.406924 0.55824
0.324 0.45666 0.59968
0.33044 0.3827 0.49588
0.41376 0.523796 0.5968
0.34908 0.419792 0.51016
0.3164 0.381164 0.50124
0.32332 0.424192 0.51264
0.30376 0.367292 0.44868
0.39748 0.507684 0.59052
0.34008 0.407608 0.55376
0.33108 0.470232 0.6
0.34648 0.495352 0.59872
0.35268 0.453056 0.57596
0.32352 0.427992 0.5892
0.3528 0.482336 0.56428
0.3704 0.471412 0.5754
0.34856 0.406888 0.45892
0.34444 0.477 0.5976
0.3288 0.41968 0.4766
0.38528 0.474664 0.59968
0.3474 0.466844 0.584
0.33624 0.452276 0.587
0.335 0.450768 0.57808
0.40608 0.494996 0.6
0.36368 0.4493 0.59404
0.34928 0.43044 0.5834
0.39444 0.491056 0.6
0.38888 0.50126 0.6
0.349 0.44656 0.54448
0.28904 0.486596 0.6
0.34208 0.482916 0.6
0.33876 0.40858 0.48364
0.41428 0.500744 0.6
0.3136 0.41656 0.56268
0.37648 0.429444 0.4854
0.40268 0.484932 0.59948
0.365 0.488132 0.6
0.35772 0.439668 0.57888
0.37276 0.454212 0.59504
0.33548 0.460552 0.59916
0.3046 0.4471 0.57776
0.37796 0.47314 0.579
0.40636 0.50668 0.59328
0.3834 0.47204 0.6
0.32988 0.461124 0.58672
0.3442 0.472948 0.57
0.38836 0.483996 0.6
0.3426 0.414648 0.54672
0.34976 0.4936 0.59784
0.37524 0.488792 0.6
0.35556 0.474992 0.58368
0.36496 0.456028 0.6
0.41776 0.517972 0.6
0.394 0.479344 0.6
0.35476 0.476436 0.56928
0.3906 0.482864 0.57892
0.37296 0.454768 0.56368
0.32124 0.450228 0.534
0.3706 0.457404 0.5704
0.35276 0.442068 0.55464
0.34572 0.460536 0.58796
0.35344 0.466628 0.55924
0.387 0.476536 0.6
0.34208 0.44204 0.56048
0.35136 0.45124 0.55712
0.3834 0.475224 0.56744
0.34296 0.412672 0.52948
0.33248 0.449532 0.6
0.435 0.505524 0.58432
0.37476 0.446276 0.506
0.37148 0.460796 0.5976
0.34992 0.418748 0.54288
0.43276 0.498744 0.5944
0.35568 0.436864 0.59944
0.36068 0.477652 0.6
0.4008 0.493412 0.5986
0.36308 0.46824 0.58228
0.3876 0.479652 0.5554
0.39088 0.498328 0.59888
0.32404 0.445504 0.57416
0.37508 0.468784 0.6
0.32764 0.441504 0.54712
0.34868 0.439616 0.6
0.36592 0.473296 0.6
0.3922 0.487084 0.57112
0.33948 0.431448 0.58384
0.31972 0.512488 0.6
0.353 0.447732 0.58848
0.35992 0.458492 0.58956
0.42264 0.51394 0.6
0.31364 0.436992 0.56636
0.34656 0.479088 0.6
0.37868 0.440744 0.54088
0.34772 0.438788 0.51888
0.38588 0.485108 0.6
0.31708 0.461156 0.55208
0.3024 0.41796 0.57328
0.37012 0.504436 0.6
0.4106 0.52176 0.6
0.34192 0.4137 0.58584
0.37024 0.450108 0.52
0.31672 0.392836 0.49344
0.43716 0.5246 0.59968
0.47232 0.538636 0.6
0.31428 0.435492 0.53928
0.35492 0.493212 0.59864
0.36868 0.486684 0.59312
0.3796 0.48262 0.6
0.41116 0.514904 0.57548
0.32008 0.509532 0.6
0.37652 0.488948 0.6
0.42824 0.4863 0.54532
0.36088 0.479792 0.59728
0.3626 0.509444 0.6
0.36172 0.463512 0.55804
0.36084 0.462584 0.59904
0.3466 0.467736 0.57432
0.35176 0.47432 0.55236
0.36092 0.459764 0.6
0.25576 0.47434 0.58272
0.32624 0.4783 0.58608
0.35192 0.4719 0.56508
0.3646 0.491516 0.5784
0.4034 0.519924 0.58264
0.35756 0.489508 0.59552
0.35428 0.44394 0.59536
0.34228 0.505528 0.5976
0.32304 0.45502 0.6
0.373 0.512068 0.59808
0.42496 0.507864 0.6
0.34592 0.4693 0.58352
0.42336 0.508728 0.59948
0.35856 0.52254 0.6
0.36736 0.48 0.59344
0.38092 0.46564 0.59792
0.36664 0.467276 0.58096
0.375 0.455752 0.5438
0.3402 0.44012 0.6
0.4154 0.507956 0.6
0.36436 0.427948 0.58912
0.4208 0.512608 0.6
0.34264 0.485192 0.6
0.33768 0.485116 0.6
0.37496 0.457356 0.6
0.37508 0.49964 0.6
0.38712 0.463116 0.5378
0.32896 0.441828 0.6
0.3756 0.520708 0.6
0.3424 0.48432 0.58416
0.3652 0.411784 0.53548
0.33276 0.402996 0.47712
0.33252 0.458312 0.56176
0.33576 0.431396 0.55536
0.37132 0.446352 0.56972
0.33756 0.45982 0.59824
0.31404 0.485208 0.59792
0.32512 0.409804 0.57296
0.32068 0.364188 0.52264
0.37976 0.48018 0.59936
0.3138 0.46178 0.59468
0.30788 0.377576 0.47156
0.3342 0.45904 0.56592
0.3826 0.48622 0.6
0.2958 0.392132 0.49288
0.30936 0.46484 0.5812
0.37352 0.494608 0.59584
0.29052 0.371968 0.49672
0.31716 0.508152 0.59664
0.48684 0.556544 0.6
0.37296 0.470584 0.59824
0.35012 0.490616 0.6
0.40344 0.507928 0.56812
0.37348 0.476308 0.6
0.35812 0.483024 0.5786
0.4226 0.517184 0.6
0.42952 0.540864 0.6
0.3068 0.405796 0.52376
0.34816 0.445184 0.6
0.39356 0.477124 0.6
0.36272 0.505724 0.6
0.34736 0.465928 0.6
0.34984 0.48086 0.6
0.4012 0.528244 0.6
0.3104 0.437944 0.59312
0.35768 0.486196 0.6
0.3012 0.447128 0.58384
0.39548 0.50104 0.6
0.34824 0.464488 0.5992
0.37004 0.49818 0.59712
0.34088 0.469512 0.5936
0.37228 0.46168 0.5826
0.36532 0.434952 0.54904
0.36704 0.478548 0.59068
0.36532 0.515612 0.6
0.34324 0.458056 0.59504
0.36308 0.501888 0.58816
0.38816 0.50242 0.6
0.40008 0.527556 0.6
0.31352 0.43938 0.58984
0.31548 0.434964 0.59956
0.39864 0.493732 0.5992
0.3998 0.515036 0.58304
0.33764 0.461352 0.57904
0.39412 0.502672 0.6
0.36144 0.455504 0.59148
0.33152 0.437884 0.59916
0.37832 0.452176 0.56756
0.36768 0.444472 0.56216
0.36308 0.459676 0.58736
0.3184 0.416972 0.5778
0.37044 0.46774 0.55112
0.35484 0.440724 0.59264
0.34944 0.485088 0.59664
0.33132 0.423888 0.54128
0.30776 0.448388 0.59088
0.39812 0.501992 0.6
0.34068 0.463888 0.59872
0.4478 0.515316 0.5928
0.36464 0.481536 0.59888
0.39724 0.502932 0.6
0.32816 0.446336 0.59792
0.37064 0.520864 0.6
0.37968 0.483616 0.6
0.3698 0.50102 0.6
0.33168 0.41212 0.56568
0.36212 0.467944 0.59824
0.3412 0.446352 0.59728
0.34016 0.494292 0.6
0.40152 0.453204 0.54256
0.40888 0.468924 0.6
0.35968 0.462812 0.59824
0.3374 0.454204 0.55092
0.32216 0.441276 0.53776
0.40476 0.457316 0.55984
0.35352 0.45848 0.59872
0.35856 0.495204 0.59008
0.3388 0.47782 0.6
0.33864 0.473552 0.6
0.36224 0.476076 0.5976
0.38636 0.442988 0.6
0.39304 0.480388 0.59408
0.37508 0.509976 0.59392
0.3566 0.447688 0.59664
0.37168 0.482248 0.59872
0.39752 0.524472 0.6
0.3628 0.480928 0.6
0.31744 0.496628 0.6
0.39704 0.480056 0.56152
0.39316 0.47718 0.5976
0.371 0.489528 0.6
0.32652 0.425972 0.51684
0.38804 0.4956 0.5992
0.33804 0.456076 0.6
0.41212 0.486484 0.6
0.35424 0.463784 0.59728
0.34864 0.464524 0.56296
0.3602 0.467484 0.6
0.35632 0.47224 0.59476
0.40708 0.470028 0.6
0.37076 0.455376 0.6
0.34708 0.496804 0.6
0.38348 0.47308 0.59584
0.40132 0.465996 0.6
0.38384 0.478804 0.6
0.39224 0.48164 0.6
0.37768 0.458928 0.55884
0.3364 0.44598 0.6
0.37616 0.489796 0.6
0.38932 0.514196 0.6
0.42604 0.508576 0.6
0.37632 0.493228 0.59952
0.3604 0.519328 0.6
0.36192 0.482716 0.58892
0.33348 0.474412 0.59136
0.41392 0.501656 0.6
0.41356 0.527144 0.6
0.37736 0.50288 0.59392
0.3772 0.509228 0.6
0.45564 0.495172 0.58672
0.34276 0.482384 0.6
0.32028 0.497224 0.59856
0.343 0.478912 0.59712
0.35816 0.483896 0.5584
0.31264 0.4542 0.59272
0.39048 0.490224 0.57012
0.35368 0.436592 0.53624
0.3888 0.496 0.59968
0.36 0.476184 0.59112
0.35012 0.510236 0.6
0.31644 0.481912 0.6
0.38504 0.480276 0.58704
0.39772 0.504536 0.6
0.37544 0.484032 0.58772
0.34312 0.474504 0.59452
0.37232 0.520636 0.5968
0.29772 0.467644 0.6
0.36464 0.481816 0.6
0.44892 0.536084 0.6
0.4358 0.506776 0.59844
0.4686 0.52876 0.58888
0.33832 0.485992 0.6
0.41292 0.520304 0.5912
0.36908 0.511896 0.59456
0.405 0.513852 0.6
0.38416 0.4776 0.6
0.34832 0.491828 0.6
0.32964 0.478056 0.56944
0.4468 0.502776 0.59648
0.29656 0.480712 0.58368
0.46428 0.529224 0.6
0.43988 0.509792 0.6
0.39024 0.519244 0.6
0.37872 0.4691 0.6
0.41972 0.488324 0.59488
0.38956 0.514844 0.6
0.42548 0.546076 0.6
0.43776 0.497284 0.57836
0.37144 0.479636 0.5702
0.4372 0.529888 0.6
0.4028 0.48618 0.58768
0.39116 0.480472 0.58492
0.38388 0.4832 0.59504
0.44964 0.50876 0.6
0.41308 0.529568 0.5984
0.40544 0.529184 0.6
0.36412 0.509432 0.6
0.3868 0.48868 0.57616
0.48624 0.547112 0.59308
0.46516 0.532708 0.58612
0.33416 0.495512 0.57248
0.46492 0.533396 0.59512
0.44948 0.506624 0.57496
0.38632 0.493132 0.57724
0.42244 0.524488 0.6
0.4146 0.509128 0.5916
0.36976 0.494624 0.57112
0.40096 0.484196 0.59856
0.41772 0.473292 0.58776
0.37148 0.464112 0.5346
0.44316 0.501908 0.59792
0.40884 0.4762 0.556
0.4092 0.479276 0.58196
0.44012 0.507576 0.58604
0.41976 0.48716 0.59456
0.334 0.485464 0.59992
0.42644 0.51058 0.5984
0.39044 0.49904 0.59848
0.36992 0.485856 0.59372
0.42072 0.50006 0.58656
0.4158 0.516292 0.5976
0.41716 0.501728 0.56984
0.41932 0.495284 0.57108
0.49468 0.545452 0.6
0.38168 0.535528 0.6
0.4104 0.506424 0.59712
0.42312 0.537816 0.6
0.40616 0.485896 0.6
0.43252 0.508648 0.6
0.4602 0.54496 0.6
0.41628 0.515388 0.59712
0.43708 0.512296 0.5936
0.40396 0.490828 0.5542
0.41872 0.4688 0.53524
0.39776 0.479856 0.59232
0.4518 0.496856 0.57896
0.4042 0.479876 0.57944
0.37616 0.504388 0.5984
0.34452 0.474848 0.57356
0.39988 0.458064 0.53172
0.40864 0.474424 0.58592
0.39564 0.480688 0.5594
0.40652 0.458136 0.54952
0.43348 0.500056 0.58448
0.393 0.494984 0.5718
0.33396 0.499812 0.59612
0.4034 0.48268 0.56392
0.42868 0.519352 0.59812
0.38612 0.4946 0.563
0.43764 0.496988 0.58816
0.42404 0.493032 0.6
0.44736 0.506648 0.57092
0.38252 0.475496 0.54296
0.41808 0.529684 0.6
0.43016 0.51212 0.5954
0.43104 0.477268 0.59124
0.38044 0.483352 0.59888
0.39984 0.507308 0.6
0.43528 0.518208 0.56512
0.46824 0.551976 0.6
0.45228 0.516308 0.6
0.4374 0.50746 0.59848
0.41748 0.495028 0.56224
0.41392 0.496028 0.5922
0.44696 0.484204 0.56228
0.43136 0.498292 0.599
0.40448 0.477588 0.59644
0.41052 0.496608 0.59904
0.43164 0.48936 0.54696
0.4128 0.500472 0.58448
0.42152 0.536308 0.6
0.46068 0.517532 0.58876
0.43608 0.48318 0.53152
0.39016 0.472272 0.53936
0.44384 0.516468 0.6
0.45004 0.521792 0.59728
0.42624 0.518648 0.6
0.47768 0.5445 0.6
0.47332 0.532444 0.6
0.42916 0.5188 0.6
0.46752 0.537752 0.6
0.393 0.518036 0.5852
0.45008 0.54794 0.59792
0.49112 0.542712 0.59824
0.46348 0.516676 0.56164
0.455 0.523312 0.5866
0.42892 0.499868 0.56148
0.46072 0.522064 0.57364
0.43224 0.52514 0.59968
0.49936 0.551276 0.6
0.43364 0.498188 0.54472
0.4814 0.531712 0.6
0.45612 0.5488 0.6
0.46132 0.532968 0.6
0.45556 0.554796 0.6
0.44132 0.509408 0.55936
0.38576 0.513108 0.59728
0.45832 0.523708 0.5678
0.47084 0.538968 0.6
0.40052 0.499516 0.59984
0.48964 0.549264 0.59888
0.44912 0.50402 0.5688
0.43832 0.522172 0.59904
0.48008 0.5438 0.6
0.39468 0.484376 0.6
0.43124 0.504564 0.59352
0.44576 0.51422 0.6
0.45808 0.522304 0.6
0.40488 0.495616 0.56392
0.41704 0.5065 0.5926
0.44808 0.51346 0.6
0.411 0.50868 0.55296
0.41088 0.515368 0.585
0.41524 0.493276 0.5366
0.38124 0.48196 0.594
0.41076 0.4888 0.5912
0.3738 0.4856 0.59824
0.4484 0.485088 0.52596
0.45332 0.51504 0.59952
0.39208 0.477524 0.6
0.37192 0.477848 0.6
0.41908 0.503396 0.56884
0.44836 0.50396 0.56688
0.4178 0.513908 0.6
0.41072 0.476756 0.59744
0.42084 0.52396 0.58732
0.42012 0.533988 0.6
0.39972 0.490892 0.59952
0.42304 0.468764 0.57424
0.4102 0.483912 0.59892
0.42012 0.470412 0.5306
0.37968 0.467324 0.5498
0.39904 0.509428 0.59904
0.39424 0.475888 0.5862
0.41096 0.476728 0.53464
0.43676 0.486772 0.56716
0.33936 0.465268 0.6
0.38816 0.521088 0.6
0.43996 0.51842 0.6
0.406 0.484436 0.6
0.36732 0.493064 0.59696
0.38848 0.480344 0.59676
0.42092 0.48484 0.6
0.3646 0.482748 0.5772
0.36508 0.454112 0.527
0.37744 0.48354 0.55156
0.41528 0.495732 0.6
0.38344 0.500236 0.59984
0.3742 0.485516 0.6
0.4562 0.514732 0.6
0.36448 0.494952 0.6
0.39324 0.494512 0.59472
0.369 0.453544 0.6
0.38736 0.47038 0.5734
0.35556 0.491112 0.59456
0.43708 0.49362 0.55188
0.37512 0.506848 0.6
0.37752 0.490312 0.59616
0.42724 0.539176 0.6
0.33328 0.482588 0.6
0.40564 0.543968 0.6
0.413 0.540784 0.6
0.37888 0.454732 0.6
0.31932 0.48074 0.6
0.36084 0.474868 0.58432
0.41012 0.498092 0.6
0.40932 0.500592 0.5856
0.42484 0.548264 0.6
0.41416 0.551168 0.6
0.423 0.49056 0.5944
0.30716 0.510604 0.6
0.2814 0.515344 0.6
