0.6 0.6 0.6
0.6 0.6 0.6
0.6 0.6 0.6
0.57344 0.597344 0.6
0.6 0.6 0.6
0.6 0.6 0.6
0.6 0.6 0.6
0.57248 0.594528 0.6
0.54896 0.594896 0.6
0.52032 0.5864 0.6
0.49808 0.585504 0.6
0.55472 0.585264 0.6
0.4854 0.570184 0.6
0.37684 0.557956 0.6
0.52016 0.568132 0.6
0.3584 0.480892 0.6
0.29568 0.47084 0.6
0.2974 0.452684 0.5744
0.33292 0.4306 0.51812
0.24336 0.333036 0.39196
0.27096 0.456836 0.6
0.24024 0.30258 0.46272
0.25916 0.321696 0.4046
0.25072 0.279212 0.3246
0.23324 0.268412 0.30428
0.24432 0.274648 0.3304
0.24664 0.279876 0.34312
0.23904 0.262108 0.29032
0.25132 0.270244 0.28824
0.2362 0.272192 0.36264
0.23376 0.274136 0.32152
0.2622 0.282732 0.32332
0.25348 0.268804 0.29072
0.27688 0.299736 0.3446
0.24604 0.290964 0.3534
0.27348 0.298812 0.33996
0.28184 0.314696 0.39028
