-22497.3251237 -17922.6469327 -14458.2095264
-19969.5042569 -16697.1092005 -14073.7862644
-20202.986281 -16826.4174761 -12622.8245967
-15823.4616417 -13042.2903335 -9397.66454757
-22053.5385662 -15104.8764617 -10440.0357488
-16651.1488489 -13998.2379339 -11431.7074563
-14295.1830704 -11805.5424091 -9409.08687702
-15268.4833651 -11980.1772881 -9310.1050495
-12112.7475673 -10654.7299121 -8918.63519698
-12999.5341914 -10064.8858657 -8273.72948623
-11541.1797672 -9700.00384056 -7910.10740133
-12684.2408578 -10065.6223654 -9006.85214987
-9983.92746426 -9106.48942385 -7993.51622668
-12395.3230747 -9300.56445514 -5776.53096269
-10703.7791491 -9215.48093994 -8215.44079778
-10025.9035922 -7607.4411217 -5082.80159836
-9778.88899312 -7391.03771974 -4280.93101998
-8964.77566871 -7090.54483743 -3851.41908981
-7983.48745694 -6573.75339091 -4925.87476833
-6246.03027848 -4833.37756464 -3150.02583089
-9413.5843649 -6951.87329149 -3462.50952865
-7176.59742415 -4031.62868804 -3048.42946223
-6295.80742396 -4543.18868567 -3297.45985519
-4530.82876441 -3610.51322144 -3113.84946751
-4587.05760812 -3272.85044262 -2728.72658912
-4843.58413136 -3506.96245373 -2981.8725758
-4892.00405922 -3506.22756437 -2709.74938061
-3147.48592817 -2781.69587924 -2424.14222689
-3399.37718611 -3004.64277965 -2559.70840878
-3675.82778977 -3208.62713027 -3001.02844856
-3022.86183325 -2670.92695505 -2364.98888117
-3070.51458083 -2614.19591696 -2263.03377252
-3200.55822249 -2729.80606631 -2283.36253254
-2732.06095757 -2371.01154385 -2028.084746
-2908.4371271 -2436.46963983 -1966.94859702
-2841.2787786 -2448.95722052 -2036.09914595
-2727.14675033 -2447.26278497 -1504.16748648
