-61.0817948765 1181.3667807 2312.66096845
-48.6397073006 681.812236038 1654.07979937
-9281.88063238 -563.172499878 2068.45152183
-3841.22404089 619.750872261 2022.01257547
-7093.38991645 -100.911672157 1857.73308733
-53.9486856986 869.570013166 2063.68656464
-72.0760227905 1136.03106814 2198.89827976
-64.8848283926 872.811364104 2358.32699284
-68.8656639517 1067.91115343 2167.6896915
-62.5561945418 1324.09809878 2442.35537381
-76.0591073461 1240.57896679 2400.45239374
31.5869311982 1199.91227343 2117.42809699
-2.61992051965 1751.95694463 2425.07775784
-76.2432638442 1436.54896455 2271.22602734
41.3450788885 1315.6230963 2282.53613073
255.477784212 1602.09715539 2409.04758612
149.572851925 1893.10115812 2463.9959391
377.555102147 1674.36388677 2357.97481752
661.613447447 1873.56544755 2342.12032814
918.023058453 1756.0133191 2359.41798363
1008.80538142 2012.66265078 2451.27171739
147.546466045 1735.0098497 2463.06887191
1122.51988866 2073.20773204 2461.58713395
1295.18912802 2013.16359898 2445.10381623
154.5368981 1876.51209689 2369.90037225
908.778221208 2037.40278816 2448.52444862
1375.44270046 2095.22784785 2508.81153743
1867.00594628 2182.26850652 2371.12685871
451.084776835 2068.48003137 2482.48234857
1516.40478619 1948.82119419 2486.86149076
58.5991680449 2027.10347108 2475.6947552
1237.69047149 2176.62375149 2503.06728273
819.219091959 2082.44645077 2377.43270513
1891.60263446 2192.6575624 2453.21037591
1114.02431497 1997.16192935 2444.70257474
397.685696024 1928.30672186 2528.97991577
1444.66610633 2219.98141512 2508.53876352
1361.52620849 2123.01305822 2474.67368822
909.424500924 2182.06269454 2423.8274684
-1.36937016489 1751.11108876 2480.53989366
810.886919371 1922.60577368 2423.69393741
-48.810585387 1653.09770614 2433.94926041
362.11990588 1970.14077424 2455.33566854
-39.398152696 1933.11311537 2474.58471389
354.783171742 2018.06434473 2472.447186
1750.54210626 2248.93871624 2518.1889227
1708.73038801 2308.15939687 2526.45561319
1179.48867642 2044.51679615 2416.14469688
1289.74120983 2200.9776725 2481.23496956
1194.09043722 2163.87154351 2536.49058111
667.125683172 2237.66122962 2520.35740437
468.946702931 1890.18648551 2479.44936848
1492.64133204 2138.62763665 2528.32103468
-55.7025038449 1845.20759044 2517.64813115
1587.73664848 2241.80642942 2514.0595047
1754.48218974 2199.06106505 2439.82484517
1816.23952845 2328.06437351 2526.8485805
1765.22924632 2199.46399404 2492.9383952
1249.51595707 2232.74779691 2491.13419581
1193.14090191 2195.90419829 2534.26506806
-48.7360874556 2098.40348121 2533.62824543
1794.16716515 2242.52325282 2491.20637426
919.108754996 2023.93660533 2473.24118283
1711.40957562 2174.0197309 2536.57214461
2291.83408721 2402.13895146 2545.17840886
2066.23545679 2327.4035156 2486.58720007
2058.3395212 2365.45201715 2533.92101477
518.258398071 2060.64096708 2490.19775185
1134.01069188 1941.26411428 2441.89418689
1956.65625273 2296.92367911 2507.73324094
1705.93655897 2285.23728287 2497.04788794
619.397567528 1925.30080961 2538.42739874
1442.94640532 2013.25557505 2495.5077997
1826.02454921 2314.52159493 2510.06895829
1877.63928625 2301.11573067 2551.61377989
1966.4738263 2374.45113541 2510.259011
2029.24539017 2386.85128637 2550.92318158
998.087285928 2038.56317307 2496.94175021
1938.7978402 2234.14067202 2491.87659722
1975.24170971 2352.29355566 2524.58432401
1832.69476534 2212.68576389 2502.84565457
1648.22418516 2279.58573591 2486.2179516
1552.22775959 2273.78585377 2501.95677743
1190.74662883 2293.85888322 2490.97933534
1295.47075015 2193.37595804 2541.68961727
1908.6589558 2369.6109784 2513.07802122
2181.8967589 2358.46398967 2500.14670298
1880.9380087 2289.93071076 2491.45675756
1856.30371613 2323.58951884 2508.8073528
2044.41729962 2381.01967116 2450.36916159
1561.70314545 2138.35290233 2527.51830672
2235.10453701 2419.20469112 2543.94303593
-4.96598977734 2136.46012065 2546.71614021
610.30751293 2138.9108899 2507.58121876
1137.00225183 2225.2183324 2551.66284865
2244.2432169 2410.32861741 2566.02828206
466.744951756 2227.66856942 2574.15656028
411.812771059 2071.96698289 2561.88151884
1156.98277904 2008.31818172 2507.42410436
1774.12392043 2282.66638732 2530.62940516
1307.76716004 2125.57111054 2496.82099549
2051.14563453 2298.72969603 2504.27221717
57.0239967982 1851.3296399 2547.01302803
1497.74721097 2319.55503707 2513.27298668
1692.26802765 2198.43925069 2577.99908059
2051.55874718 2351.05231937 2499.72050248
1293.25250325 2300.90861214 2517.73738469
1983.05083622 2263.3961995 2575.9350055
2001.33897644 2398.21560094 2581.88194398
1206.26500119 2189.36068376 2474.95129096
2052.78716102 2337.31788124 2556.86517671
1737.41279508 2305.55283558 2579.48901798
1315.73147071 2104.62638189 2523.48561727
1827.04680258 2346.91228902 2581.81187243
1531.17983345 2267.39206452 2547.10463247
-50.7457759732 1966.23819074 2525.78902046
1897.78348128 2364.92566347 2585.6900232
682.759181264 2235.13971545 2584.87402356
1106.87120925 2175.50064559 2517.19423345
1730.0786737 2322.81196686 2584.0895311
947.094746702 2140.03544152 2529.95556119
109.349164028 2060.77417083 2570.94124177
1525.41438077 2230.23340217 2521.46695619
1831.07930454 2249.13700578 2525.00799056
524.078356006 2177.91714842 2481.03407628
993.387334089 2209.95951115 2576.85162176
1938.31842751 2383.48664776 2588.89512936
-47.7962311879 1925.04692211 2514.72923686
1679.6841483 2289.61478834 2486.12079601
1505.99737601 2153.15600997 2567.5696152
1197.72588066 2116.47111311 2497.08012393
1629.98009307 2110.79449873 2527.97039286
1669.6560883 2245.3334578 2590.84587092
1655.43222674 2263.95112138 2519.77942319
1571.12656717 2270.36168029 2564.16729349
640.338048947 1813.447715 2555.13679393
2211.81280014 2407.0759814 2545.71116878
1817.04672566 2218.54278161 2586.90565603
323.643528372 2124.91675629 2583.54634654
484.719830024 2140.19656838 2597.85697094
1911.81934148 2401.37736527 2576.15043756
1578.00083034 2295.19877542 2531.00535698
1062.45392144 2161.5896427 2578.6389622
-2.37182107489 1462.25808146 2571.67200119
2113.07021634 2355.41894852 2574.64110546
1782.97153937 2348.13996124 2591.82569299
1732.95687572 2336.39042894 2595.72611074
1633.28154802 2196.47437898 2488.10179242
2107.35155647 2316.59019535 2454.71050265
585.174200339 2146.9333814 2537.92837952
9.26839356008 1912.10996414 2531.40506582
1002.4371798 2054.15282704 2533.58987888
-47.7918626364 1842.36513546 2415.39822258
1686.17599711 2386.32664316 2571.26940301
1256.68369823 2248.600814 2566.76305203
2006.19748612 2375.68384898 2530.40159171
2011.05086762 2337.20206659 2594.68852324
2167.76952366 2445.15667813 2596.11232009
1670.5614469 2246.62649675 2545.06256612
1888.54133551 2392.85964673 2588.66485444
1523.15088352 2256.99754956 2593.53987377
1997.08651097 2366.45415527 2526.78285301
2226.30727433 2417.54874004 2583.80164293
2322.02530779 2431.46507466 2576.34641094
-50.2231619812 2140.82368317 2491.33214694
2094.72672047 2349.38713958 2588.43347055
417.774679778 2020.92120694 2543.67212949
2071.87247092 2354.87170728 2538.2069789
746.923644886 2297.27262938 2588.988916
2228.7585849 2452.70310532 2579.75076738
-44.4619634842 2163.15301023 2542.10588797
1589.46137965 2365.53762562 2590.18176419
2115.98596085 2358.41323473 2537.84761478
272.117568342 2158.1135374 2588.03230148
2119.11485242 2381.40892874 2561.6132879
2201.18382916 2335.73563208 2483.51836283
1877.41260225 2243.01528425 2538.56639722
1420.64349959 2218.22694713 2532.35689338
2051.22717281 2274.97002368 2431.38955611
2227.586271 2427.12339653 2586.62303342
2015.61946259 2329.91090926 2589.99677177
2018.37800166 2353.58779614 2593.51415526
1057.14604743 2045.99700916 2544.66635094
1850.20471327 2293.53846483 2485.85097866
845.960530916 2261.04562842 2542.84820648
2209.40319128 2410.22153302 2543.4115504
1997.87683138 2390.01494003 2583.39320712
2156.57442186 2378.47735277 2542.05028915
1853.63839162 2275.21198355 2531.29426065
1844.4652132 2343.0914892 2588.56566117
2162.80328266 2357.76963834 2537.03209718
2017.05554468 2327.51935172 2543.82454929
1480.7024343 2326.32533161 2589.68455869
1900.30552354 2381.68693924 2573.94292939
1952.62719944 2390.07453429 2585.91646074
2121.52824722 2441.10680457 2583.36546992
1582.8793818 2176.04836672 2532.97417957
2152.2656955 2357.87544163 2588.43127998
1324.67458106 2245.09167357 2535.16723951
1647.63279484 2294.58433516 2590.24216938
2333.36633295 2441.47488175 2548.70869694
1701.86643372 2261.69408324 2583.43094013
2128.27579243 2395.7529924 2544.91357853
1748.75348917 2316.22956521 2568.04350998
1754.12595967 2351.33417727 2598.62529504
1688.87546595 2343.44888654 2586.15695462
1481.18199854 2200.39767131 2547.53964012
1902.42379808 2345.73522275 2583.41619961
2062.0894245 2439.13939293 2592.6734009
2070.30901975 2406.61000766 2597.34542499
2275.61345239 2461.47892787 2542.13849364
2174.33967461 2477.21257046 2587.63099707
2040.51165074 2377.75247022 2538.12270069
1697.6441519 2317.25024971 2603.2459825
2363.20291635 2468.25565041 2595.28569188
2012.26983662 2333.63759428 2538.78458746
1909.03594261 2377.03551385 2542.04016768
2044.33884391 2347.82178023 2588.58082784
2015.52253496 2373.89767198 2532.09683366
2322.96418545 2452.41121337 2543.02928706
797.395618943 2265.67662925 2592.15076538
954.440103477 2216.72261242 2593.13339828
1478.57129755 2275.27449247 2595.00706273
2279.96989979 2445.5308501 2596.69468391
2163.0976878 2356.12922157 2595.36429314
1212.98250462 2224.14864548 2599.14240513
1779.46676685 2341.23226925 2540.26898744
1533.60327473 2286.09839047 2541.4643865
1635.99344044 2303.37502843 2542.70024382
2112.9435147 2429.47242648 2544.02913479
2069.4968049 2443.68689259 2585.61203461
2275.02389772 2427.38923513 2578.51135748
2007.08602629 2304.43904649 2436.26727051
1169.18132517 2290.9688028 2590.22243535
2224.40181509 2418.38532801 2542.88798554
1634.6924647 2318.03573175 2592.37607513
2108.6950436 2432.92616521 2597.90026476
2056.20847221 2376.19005278 2542.71374523
1530.51089567 2175.47102183 2538.64078847
1731.39667809 2332.29948661 2590.82684751
1894.59230882 2335.17491018 2534.62822392
2070.7769223 2371.79580576 2543.64038621
1699.74108359 2243.9018096 2483.05398512
2065.4653869 2430.33792937 2591.94901324
796.612379018 2103.27188376 2491.38910094
2110.89743585 2481.16855193 2589.82233105
1429.67381361 2302.58843448 2491.1229702
2162.82854863 2395.63468739 2595.42883492
1735.28145527 2331.21265057 2548.76685944
2020.43821848 2374.20103596 2548.44172436
1530.04685939 2286.71760681 2599.29134386
2018.9461812 2393.43661898 2595.52002266
1902.66475433 2391.0241205 2544.92878766
1592.7435496 2214.27360071 2599.61370427
1944.20984469 2398.96890521 2544.55422736
2106.47273791 2418.05954551 2548.22566548
2023.21478969 2354.75533564 2594.77921071
2010.33987555 2345.10635442 2584.85247776
2059.93936797 2388.64549731 2553.10841484
2117.45370212 2423.73654836 2540.70907387
2124.48933416 2389.89700998 2545.61772189
2011.11719516 2389.33853429 2547.80178364
1845.9866029 2330.70515175 2598.51815989
2176.95441848 2372.03447581 2590.69265826
1693.69330156 2340.90501941 2588.70739691
2059.53523534 2394.06790785 2597.00374467
2321.74343449 2441.18437338 2589.68939131
2225.63636731 2467.02605079 2596.23089703
1953.09206439 2431.49060995 2602.90684468
2179.2564418 2334.31100964 2482.91503422
1322.0207002 2255.0452731 2540.214323
1746.75918205 2204.54536074 2549.23152292
2061.63211978 2385.22771687 2548.87866138
1702.35819003 2370.88315491 2544.64758344
1915.24867849 2350.2926338 2601.58333093
1852.5860875 2337.38486638 2539.07399713
2165.61040735 2472.44860339 2602.93182798
1529.96614712 2399.05027188 2597.9167128
2058.59906349 2360.57352033 2539.50179776
2020.50946099 2385.60583119 2544.15511443
1752.24497315 2356.85836027 2597.11337528
1267.71080796 2329.38094654 2599.31947272
2230.30297562 2390.48592782 2595.62392057
1326.01056372 2260.26022613 2546.57775305
270.023349691 2193.09181818 2595.21535339
2060.23038732 2380.05266725 2539.0856543
1375.46661181 2310.15234236 2598.17143015
2283.7384141 2419.89068887 2595.16657431
2228.25792662 2435.67667464 2595.86808923
1857.11505623 2393.4567151 2596.58174905
2110.94050655 2297.63790301 2580.98579902
1693.0239555 2336.62859055 2544.1641315
1323.7463813 2226.23797837 2591.65487706
2113.74916849 2415.00602935 2548.30824372
2275.59819154 2452.96037797 2594.45728365
1913.75609977 2411.75290568 2597.57333965
2274.66365441 2484.83231612 2602.48360055
1799.85739988 2354.08464838 2547.51046843
2008.88865443 2404.69203831 2599.07041871
1534.58394547 2333.65607765 2591.60079191
2276.16667062 2464.45865927 2598.81022714
325.295440098 2201.82438 2573.05405022
2009.36468769 2448.09360933 2551.52879121
2116.1932975 2425.32899214 2546.05873632
1114.11625028 2309.18566514 2600.68237091
2067.68474054 2384.12477114 2581.98729591
1634.11745254 2294.77462947 2491.18882862
2330.69723831 2478.86839823 2598.38913118
1464.53356215 2381.57610246 2592.04325332
1588.9360071 2334.19554491 2605.18103647
2220.56742844 2440.00047144 2584.34085206
2220.79246941 2464.56900072 2604.2869579
2168.64519275 2436.08428502 2599.774379
2014.00665498 2360.59285069 2596.48297888
1920.69841295 2380.18519699 2554.11896655
2279.17377818 2452.84161992 2600.02862772
2220.01290421 2428.97514192 2499.2732238
2115.11047946 2428.65290229 2546.1399353
2272.40320485 2463.59783367 2597.92788017
2064.79432543 2401.40495502 2541.57967132
2233.51680459 2417.69804481 2550.64174678
2072.53297875 2460.93782501 2594.41885855
2061.51218065 2413.88995588 2596.28197141
903.711535372 2246.12267733 2493.50608824
2065.49603612 2391.03022191 2588.90175074
2221.0705599 2431.35382191 2588.57525461
1954.30586535 2397.90839646 2539.89162175
2183.26601997 2444.34553692 2599.88927696
2332.27661306 2514.70532006 2599.1977573
2115.37948902 2424.32779569 2601.90250605
2231.27580109 2451.77428625 2597.50494064
2382.22367431 2513.6763049 2598.73013922
1582.321261 2220.66438037 2546.77117772
2168.99982421 2465.43326652 2597.88980087
2284.96887057 2497.17862763 2602.14609907
1585.70906884 2249.50756917 2591.4931455
1954.30529685 2408.31788373 2597.66634522
1061.43110077 2310.12732793 2598.3521828
1482.05128152 2300.19066314 2543.21790098
1637.76797812 2256.0584013 2543.09916696
2222.38695038 2414.21434833 2541.22675925
2274.65398491 2385.91748832 2544.00584409
1544.2838581 2275.30316037 2593.99201035
1324.77427105 2300.23801554 2491.44985261
2183.47072957 2366.64166321 2489.93666798
2117.61913386 2454.95611598 2593.90545118
2112.34528446 2419.47869689 2591.1011558
1850.26184485 2379.9743874 2595.08307952
1849.018696 2333.4894902 2546.82273865
2326.05302666 2464.84105385 2596.79623437
2019.32414518 2408.82686779 2542.71770228
1009.75086324 2292.85665289 2595.84161276
2111.5897871 2325.51389851 2549.61023879
2125.46872274 2394.99124342 2544.28694489
2216.60359885 2402.90826957 2596.00455732
2288.00214444 2464.18540237 2543.55992328
1218.86891057 2240.91947852 2497.33379167
1746.32221574 2330.14384543 2597.93844878
1483.77483179 2359.08584893 2603.53907159
1493.48037316 2210.0492503 2594.64133432
1694.8356025 2264.77838106 2547.00672481
2335.81828372 2455.43353654 2601.05485994
1639.88259371 2315.58747726 2494.90912144
1323.8447398 2374.87824323 2549.16955328
2337.79522968 2441.24070386 2596.52837055
1637.73172636 2421.87795716 2600.49813225
2011.87230717 2398.53020868 2597.38819511
2276.06314721 2474.18460975 2549.68447369
850.068255134 2169.90369828 2544.10329683
2168.95178986 2413.42555542 2597.9728877
2177.70473517 2434.78159715 2597.45664905
2168.0465933 2469.84242069 2598.22283059
2445.52825668 2523.84901124 2599.48673143
2223.72815368 2449.41644961 2546.90988534
2169.44512444 2443.71410194 2600.75758513
2233.57202937 2449.67829203 2547.62890216
2120.81434252 2370.22206426 2539.40204764
2386.35106033 2496.87541695 2593.68165547
2222.68335635 2462.06821426 2601.50822763
2327.05896282 2433.85931249 2550.62859676
2272.99970936 2422.80449727 2550.88409454
2232.47145279 2452.87324562 2601.1002362
2232.01927216 2375.04563836 2545.45859294
2167.37277351 2450.97310732 2599.33565533
2281.17924843 2463.65508085 2550.57968722
2339.90748742 2462.40976022 2546.27718617
1379.36816657 2314.30202388 2548.66708974
2227.8443494 2430.58475054 2603.08527359
2184.98667564 2475.52598967 2600.75949324
2075.08157168 2358.19643298 2545.22175809
1576.99773654 2370.75997554 2551.99409559
2221.43617017 2445.10776444 2546.5530846
2229.47490098 2429.40491925 2605.56111765
2076.15933653 2421.64394927 2603.49676773
1695.37682558 2392.79473997 2600.41925343
1795.18095434 2389.93528521 2551.75040847
2393.8602655 2502.68919778 2599.35907326
2491.57717028 2536.52374328 2601.43355393
2151.1120244 2447.05044701 2598.90240566
1587.52416077 2396.81691128 2586.16674635
2219.57465571 2455.83841717 2604.75230672
2068.39371272 2419.409005 2597.35213307
2388.63869955 2490.91023642 2555.50226604
1961.66721102 2380.45747715 2606.68408142
2238.68873933 2438.81061938 2603.69666317
1904.12378077 2305.7195755 2604.73385723
2335.93004391 2478.12439555 2599.12548154
2180.68527363 2418.49213481 2602.96129127
2236.33681804 2459.66648696 2600.1460859
2184.71230636 2449.63917328 2551.75548043
2338.16998324 2473.7140988 2550.78780856
2330.8838361 2428.14081106 2498.70972781
2337.09720817 2506.44690469 2598.51688458
2439.94066572 2516.99503563 2603.88353402
2238.24296343 2454.29792008 2549.91164529
1588.30978199 2356.02606001 2609.43076807
2384.06472926 2487.95690536 2599.75248215
2076.60739181 2396.65315285 2555.33225107
2268.93850371 2451.10948908 2601.01104967
2285.87785073 2445.14272133 2550.30018603
2291.21322766 2482.1344443 2607.09860343
1696.65920494 2414.92947574 2551.33091925
2226.86120733 2452.81936284 2598.94499406
1951.63676703 2393.65223807 2548.45769773
2224.43152259 2447.1571076 2602.5810364
2173.83921386 2408.60184524 2597.02698814
2434.63736844 2510.74598521 2603.21227055
2286.48515454 2490.93355629 2593.9905879
2278.42027676 2448.17190719 2594.16165176
1485.80919539 2324.10131617 2601.21771239
2341.11623352 2496.34343732 2605.10505898
2119.05486356 2417.37362414 2603.30383898
2182.72024407 2446.73181812 2547.84040397
2167.66227325 2474.07432436 2599.09963464
2113.15977945 2405.45788797 2604.47366128
2015.97625534 2390.88426442 2605.71586123
2176.43739109 2458.4394217 2579.56237488
1167.72712532 2357.84969404 2602.35106152
2227.17518306 2411.15326092 2606.10117874
2392.35958992 2491.08157283 2606.19078411
2343.02844035 2468.60175222 2599.80704551
2241.73503742 2418.39303513 2549.19500307
2279.68736162 2424.03786836 2549.77322799
2386.30151549 2493.53010288 2595.02334695
2233.07183541 2444.6445235 2552.0770043
2075.1032486 2353.63003765 2545.25869356
2289.47159827 2444.78800041 2604.28563498
2237.96766668 2410.8029352 2551.60831203
2074.55581542 2432.84037273 2601.867293
1904.41608972 2407.0654472 2548.73443139
2234.85107982 2478.59638286 2549.74871658
2493.66158268 2523.06074128 2552.56955955
2127.90960593 2396.22423171 2545.16725381
2272.10311502 2418.94189684 2500.32903429
1696.22429877 2399.53754143 2606.14392137
2275.14750021 2468.5672366 2551.26120322
2122.67020714 2437.25445711 2603.70623082
2391.37121586 2489.11148077 2554.61639185
2120.59548097 2451.98002631 2602.46960137
2127.97401802 2421.76553625 2594.92761827
2342.90369339 2505.20759353 2607.0406357
2337.13099537 2501.90518985 2600.90180014
2281.36714656 2447.01129229 2601.93695932
2018.14434593 2427.47621728 2551.8017613
2334.10259728 2518.44284019 2609.83575223
2344.95151078 2483.88995203 2606.60125468
2240.02640522 2472.29810732 2551.91138344
2181.08242098 2388.07195137 2557.64728569
2235.0378275 2461.19272254 2601.92633611
2288.72359408 2451.45999265 2551.95736124
2289.95999986 2482.09700385 2604.98320911
2281.02209802 2452.43619162 2598.96687115
2237.86391964 2454.25373334 2589.98673389
2069.00140078 2442.16529472 2554.25991723
2222.76839097 2456.9993663 2595.75152685
2281.08249955 2488.69551361 2602.25891117
1694.59935509 2389.92241316 2606.2270831
2331.89029524 2466.51688051 2599.15186648
2238.11786952 2433.0737417 2551.68621741
2279.03055714 2491.22535363 2605.02837865
2285.21890118 2428.06245237 2545.85208435
2391.85195565 2496.2644787 2599.55057282
2185.52453748 2444.66428338 2605.2664155
1708.48884091 2339.62624044 2550.93788406
585.236937876 2278.76750591 2605.18742977
2014.19531507 2448.00978424 2605.8054847
2281.58417321 2502.60742828 2603.53128262
2225.57153291 2418.51916166 2599.79487608
2288.38728959 2479.90283653 2606.69739623
2439.72331896 2510.6811851 2606.11907262
2234.3905299 2437.42768166 2548.99405837
2318.83978418 2476.14834507 2602.40275166
1482.36423501 2252.33655703 2547.65961043
2285.2024662 2490.77234503 2608.73704842
1976.61493811 2407.30585787 2597.7914181
2384.98027212 2479.90846122 2551.76751238
2332.59960054 2473.61223845 2604.98551187
2226.85193864 2477.66290547 2556.50619636
2277.47686661 2426.53133906 2549.69266779
2439.45347945 2535.94423283 2599.10487726
2231.57567921 2401.24147416 2548.32608513
2174.70847615 2452.90688014 2603.35249023
2335.2819307 2513.95727617 2600.53975723
2231.85163972 2463.63787778 2597.46233758
2334.78049577 2477.85184713 2598.48484346
2332.68699672 2457.65692505 2548.7455348
2284.38201233 2466.3371592 2549.4286165
2286.61551078 2500.89339181 2604.00729429
2335.91331999 2474.61441451 2551.56570681
2133.59508923 2407.07805643 2554.31233462
2286.25570297 2447.12017679 2600.04072413
2233.76749575 2459.00822461 2601.54410493
2385.39613898 2461.609241 2550.38269632
2330.28222326 2483.51536616 2600.08388982
2276.65313607 2492.53645829 2600.03091588
2074.27748889 2494.20716332 2599.61164394
1907.37764886 2451.3749391 2600.8350163
1954.49151405 2363.61282694 2603.66878578
2435.46808787 2488.89530939 2550.53565053
2067.73988192 2414.86626444 2547.02788914
2341.12834544 2507.19966827 2600.86612809
2178.56908841 2463.38509207 2601.14715757
1694.08050226 2420.87649466 2602.43418418
2283.88649452 2443.66993333 2602.23363107
2287.52015794 2442.96556825 2552.517582
2173.3270972 2464.1803333 2551.09563365
2285.41852548 2458.99086695 2600.23818388
2334.85022832 2488.47437436 2601.24065489
2336.42286096 2504.01210891 2606.75538894
2331.45860596 2499.17326804 2603.54532246
1009.02587132 2305.3190908 2604.39203259
1856.74940746 2468.52207132 2602.20417114
2335.33620844 2459.20796298 2602.43614187
2385.18906356 2521.73464356 2603.65577119
2118.42581081 2421.64357444 2599.42062797
2181.64593306 2470.09387071 2605.03986334
2443.98384267 2531.97701482 2601.78436414
2340.75720023 2490.30821746 2603.57231425
2233.9431748 2424.30132654 2600.37575299
2289.55363007 2484.7630229 2599.51174921
2387.69505354 2462.79340017 2546.97794299
2184.40601454 2457.2457349 2597.09851446
2073.04180104 2403.48336844 2551.42426843
2239.92697584 2449.77455654 2603.86221229
1903.78041462 2455.06827561 2603.20837222
2284.88668141 2453.4494985 2605.69481559
2128.85577058 2411.83585822 2554.47639084
2389.30432957 2496.63154548 2601.98895424
2342.15865446 2516.5140731 2601.7471731
2390.63229868 2490.83012486 2603.24280559
2289.09612506 2485.99725082 2553.01923317
1805.67700072 2424.97876594 2603.81670912
2230.01814803 2484.90593332 2602.07939903
2387.84978484 2516.67497252 2606.04233483
2280.67771485 2474.21068603 2602.92832981
2230.66837758 2489.57894965 2601.15395178
2281.45965714 2476.01009395 2608.43674503
2344.00802006 2497.28158082 2600.93992085
2336.01485645 2484.37862134 2600.33468396
2385.81878501 2489.10915213 2606.8022164
2279.80035315 2494.18516075 2602.45157694
2122.91656253 2432.6700697 2599.25003815
2323.4579534 2482.7470784 2600.53518854
2393.79974328 2496.56708482 2554.54346972
2015.66674338 2366.80395956 2551.90070441
2335.1846877 2478.56658691 2551.15270672
2285.46372555 2484.53139556 2595.83881103
2282.94885617 2477.31913467 2549.79769924
1583.90914787 2421.88721561 2606.67570671
2343.25113067 2500.43414155 2607.17101815
2175.79820148 2444.69737777 2606.15275924
2281.17654175 2464.91984842 2602.45116284
2069.28635379 2341.91015263 2597.69685687
2234.99441717 2433.93585832 2599.08658506
2229.15295114 2439.56452471 2603.0615976
2289.65116424 2451.41483372 2600.96172608
2442.7644357 2529.88584423 2606.49496022
2439.44518735 2529.62150222 2605.27036829
2228.11787475 2453.37954993 2552.40401994
2393.50173777 2502.2533339 2602.48309724
2237.1485921 2444.4199337 2603.54743304
2448.0997944 2535.32046586 2598.94696136
2393.89504453 2482.73269415 2555.9348452
2021.08695609 2413.33457322 2604.35035502
2394.26459988 2518.06348596 2605.2905121
1220.08438737 2289.03178835 2604.12722631
2274.35502784 2468.45453739 2603.41081551
2442.19443463 2513.48110291 2555.32258153
2230.53853587 2411.44798759 2552.0183144
2130.6810991 2402.73075197 2550.73247033
2340.83608523 2498.70495977 2600.69382896
2181.55960224 2426.27390231 2601.36598883
2229.7779979 2442.75859668 2604.47415207
2331.40694133 2485.91406757 2580.37749785
2274.95954006 2433.29375085 2550.99330665
2347.62232899 2496.54770353 2555.47733279
2280.02736799 2427.19635835 2547.88612787
2223.36912958 2456.55635671 2552.3124533
2051.79307375 2421.28790199 2600.88184124
2392.8049334 2495.88163005 2597.17801421
2012.854815 2396.68992959 2593.78650858
2089.33134303 2420.25298032 2552.87174256
2339.27043566 2481.59224797 2550.48066996
2287.6981861 2485.5801998 2602.94099085
2130.48233492 2393.63599837 2544.65849434
2171.70567018 2256.81417475 2365.52494945
2108.08088052 2285.52353544 2366.12790784
2165.10193869 2257.0525258 2312.85624291
2151.67397362 2266.92406059 2365.07538455
2118.14663167 2246.28202336 2319.18685441
2056.76188538 2256.21331154 2367.07385087
2188.67574297 2286.49683198 2371.47478555
2108.74204508 2245.595948 2315.98341474
2097.74900432 2267.65577105 2364.87802847
2004.3931899 2256.89591609 2372.63249981
2093.67305237 2251.21348341 2377.72755522
2104.98601488 2245.92013863 2366.71901351
2153.89358392 2277.97261351 2367.90872697
2107.11916575 2250.3631997 2319.67732361
2164.95919929 2268.77760565 2367.94853386
2155.06591749 2298.12295657 2366.7061517
2196.06599253 2309.25101506 2378.26541906
2153.25788701 2257.20942942 2374.56884149
2117.05604901 2303.20941113 2365.90212017
2160.51649885 2270.81158844 2374.05029633
2109.41723637 2260.64763016 2371.27430014
2099.59312207 2277.51416136 2375.96653787
2111.91319895 2266.42804744 2371.87642617
2215.02914276 2313.86986788 2373.9455968
2163.05906703 2288.81701468 2375.44810525
2157.17296462 2297.29484653 2368.44979473
2203.93841061 2264.86718591 2321.1082747
2164.12832482 2279.06901827 2371.46465711
2206.78313679 2305.532631 2374.22782314
2001.33527444 2261.24667611 2367.4543117
2149.68376589 2276.46579127 2371.83010302
2158.31981353 2256.85714962 2318.61182961
2065.8917513 2259.02912013 2365.67340512
2160.33228837 2277.4283423 2319.81554435
2105.44711389 2269.12252304 2371.24636754
2103.84222066 2293.92970292 2369.2215987
2154.48106156 2305.95344491 2375.46911149
2173.78842261 2267.37950049 2323.46131015
2216.11925422 2287.27998128 2366.04069424
2208.17470115 2283.78732736 2371.92374073
2165.45359438 2303.46007353 2365.7313865
2155.93031278 2280.80955664 2369.16175039
2162.3922133 2286.46639427 2373.01622801
2167.07374605 2282.50002657 2366.22463123
2156.36775171 2302.11179444 2372.05625015
2111.31925985 2260.01464245 2315.83285227
2108.82547511 2267.73710303 2319.51456189
2205.45827748 2289.0606251 2365.63403406
2179.58927731 2297.43697015 2378.49932982
2161.59611599 2264.12545203 2366.96199172
1999.38659711 2245.82104122 2368.37531978
2167.17444085 2279.60414068 2376.02452429
2113.34675632 2246.34916335 2327.50386578
2254.04613222 2294.90496181 2331.78543619
2098.71097683 2244.98792091 2382.74332023
2208.06928955 2308.02334443 2381.45307609
2119.7628065 2258.63076639 2376.41395177
2112.0307843 2259.47076814 2366.84733309
2119.20627264 2276.70112647 2376.50845639
2156.15366459 2275.5460372 2368.52639247
2063.94622948 2217.64358253 2390.71826842
2107.24414052 2232.35791101 2320.55182049
2156.9988673 2251.95413972 2318.48799872
2077.65234615 2271.14612369 2376.65659097
2119.21019277 2268.01437669 2363.81490126
2174.24203416 2255.11129075 2321.18276345
2164.97078654 2307.86811527 2379.55152358
2161.99588483 2279.74487313 2370.1099204
2208.5761519 2272.56252046 2327.18143932
2170.0557577 2290.50806959 2371.82673816
2000.94755049 2289.77888904 2383.42676361
2151.27153892 2274.14404097 2377.27723526
2161.40092593 2295.55071601 2378.60093019
2162.01715735 2269.48381032 2367.68207763
2161.59264877 2237.84019523 2369.69239795
2019.22374879 2232.97519359 2372.39561073
2264.94044509 2327.44627377 2381.96983008
2010.08826496 2222.56339896 2320.18954726
2107.7718683 2238.06506691 2370.40030473
2158.35013349 2247.39405768 2375.32825077
2106.52752445 2269.67960385 2328.10640755
2263.49908756 2311.65813884 2369.36875783
2114.60827278 2226.60587127 2372.14760614
2115.17862707 2285.75451437 2367.74144208
2154.25877655 2282.67479632 2373.87437312
2115.85240927 2269.01067047 2368.8870562
2154.36086889 2256.45392992 2365.49817372
2157.28285201 2287.63699047 2360.9111519
2169.1160265 2270.22552319 2320.98171324
2165.44626063 2244.85278376 2371.95244197
2203.12321982 2304.98397889 2367.74711788
2168.0956484 2263.4005704 2322.90981658
2170.92735161 2297.03323589 2366.78575555
2011.27303812 2246.20715142 2326.56111649
2198.96141894 2296.60047276 2373.44187069
2161.3752223 2258.513783 2374.43096058
2201.73915056 2252.88972908 2318.29954344
2107.56589236 2261.22660119 2326.06782018
2159.9180272 2276.55091285 2374.49522442
2111.20986146 2286.18762621 2373.48306262
2163.34376014 2246.07441956 2312.29821535
2120.50496295 2258.70871494 2328.17625715
2109.65184938 2254.38370435 2316.89147564
2184.41669123 2259.67666712 2363.49530372
2211.26509922 2279.62675035 2374.54252779
2012.20345078 2252.21496771 2372.56451338
1956.35060542 2261.26884811 2375.88903264
2003.09337849 2243.37996012 2370.7511909
2152.50610123 2289.98304301 2366.92060651
2216.08251757 2301.96377375 2363.75019485
2116.98288985 2251.08320788 2376.49473956
2112.28209689 2281.21578313 2372.9203195
2251.54591053 2308.09644527 2368.46589052
2192.56568741 2300.95021816 2373.39715535
2214.59092157 2297.1677862 2370.77401942
2165.77863736 2289.60556452 2364.41627272
2167.28561248 2281.61842985 2375.50315145
2121.80194229 2226.60168681 2370.39079642
2166.20634697 2280.18860919 2320.73507432
2154.40851957 2257.21562614 2372.20824921
2109.00845778 2258.4026338 2367.345086
2106.90195422 2272.52052167 2369.73560959
2152.57123598 2273.05254887 2327.50920009
2171.49384936 2243.81705945 2309.92356996
2117.10635736 2260.15551444 2371.94375349
2200.58652616 2303.93267195 2373.6109208
2125.37345063 2259.21586999 2376.61451501
2216.01313458 2295.33725325 2322.8308316
2035.1912702 2275.44622951 2369.38360496
2169.62061327 2282.32664282 2371.55604339
2113.24363396 2284.370444 2377.37622009
2204.10307803 2309.1876796 2376.55485607
2194.3736052 2267.91366523 2318.14721796
2167.73272198 2278.95411305 2367.63816413
2201.44377598 2282.68293228 2352.90862081
2150.97245313 2231.32512356 2316.05837592
2150.06655762 2270.89199492 2371.73570415
2151.16913591 2292.74910998 2371.77481252
2211.71025501 2294.78131436 2361.88379014
2200.3167916 2292.83108412 2372.04470015
2080.73931392 2246.39229576 2378.48567665
2214.9791649 2311.49817901 2375.32883802
2119.01044394 2262.54956113 2363.52108929
2151.7229666 2279.88437557 2365.04412427
2221.22268843 2314.64735312 2371.4506268
2275.73772721 2324.68327428 2374.43017046
2211.0297916 2287.44018667 2372.02053524
2189.53200066 2276.08652055 2379.57016148
2168.28816257 2288.95621983 2374.53503805
2266.64187365 2327.60084602 2381.52328255
2061.02267353 2270.43710664 2375.69525393
2053.15116232 2283.6655871 2378.67983191
2110.34171823 2244.54392811 2376.07755709
2091.05802633 2250.20530722 2323.23011946
2159.48326294 2263.8599582 2360.97985218
2093.68270068 2268.61926804 2369.34706432
2101.93790241 2268.93388919 2368.14563129
2213.92946594 2307.10912649 2361.54357487
2142.16532813 2267.33758221 2368.779845
2094.39640443 2291.51888381 2370.72440764
2206.67817692 2289.46743653 2369.26515183
2248.92112834 2322.97883209 2378.31446836
2112.75016036 2269.12716325 2369.23344924
2166.17046787 2296.73105126 2363.92978023
2106.45384757 2226.24529086 2374.15733763
2268.08693008 2317.72863764 2378.91514225
2204.0505263 2283.44517379 2372.15670195
2211.49716616 2299.17803224 2374.43713297
2210.64872176 2265.37011242 2373.02042383
2263.66168834 2320.49496818 2374.75126745
2166.24220623 2311.07222894 2373.67046067
2116.90882688 2254.93972512 2364.66568972
2102.12670883 2253.6028445 2322.97316514
2159.71018521 2303.09032732 2376.09996514
2112.58624166 2242.84369692 2375.26132662
2120.20491777 2257.495634 2368.77386985
2205.33666386 2313.03609087 2380.77090036
2110.92885796 2244.47553116 2321.79949417
2163.23735606 2279.07292467 2374.62062069
2066.01825931 2233.68514242 2363.43859951
1957.94072056 2284.02386127 2368.30919652
2214.96891208 2300.7190964 2367.03179881
2225.32540514 2312.87480874 2373.01890087
2110.80910852 2273.55526811 2359.26705946
2254.15843281 2319.09057593 2375.73338489
2113.79161358 2235.55938701 2323.82909823
2148.67923132 2278.45016032 2359.71164659
2166.75287552 2264.38826669 2320.78139693
2206.46520809 2313.39118694 2366.63078744
2058.84192756 2234.50093148 2329.44583103
2160.2739216 2271.07317113 2358.70246188
2117.01134038 2254.10240209 2374.55738264
2155.73120711 2275.38719436 2373.66153589
2068.58286121 2242.56008058 2371.67788994
2156.89088008 2262.45976972 2374.67224019
2106.8244258 2245.92828649 2325.84383387
2061.40389413 2233.74128133 2318.91545264
2007.39969258 2216.48363546 2374.55588523
2108.27072226 2286.21524748 2379.52501166
2054.50620553 2245.593611 2369.54373075
2210.59185902 2268.95425888 2371.84052703
2211.43015478 2293.49288881 2379.95649267
2203.41022643 2281.56416739 2362.54603929
2209.97703393 2287.4810776 2367.82501302
2168.72315547 2264.32941027 2378.72388165
2113.96839408 2240.86601839 2324.25074621
2110.78336377 2250.3813998 2377.54380973
2112.83527814 2269.04746745 2376.60063427
2110.36034941 2250.91739122 2379.20468329
2069.93252303 2249.11186214 2360.95659573
1960.78095965 2186.84125488 2372.39396723
2171.53419352 2272.08713043 2369.56617176
2056.14810763 2270.33110225 2337.03679603
2168.35130778 2284.24136772 2387.14903751
2159.68304147 2241.58514159 2318.76560873
2108.0548693 2215.00872725 2321.40220546
2163.17647335 2274.53149335 2375.77371851
2054.18576496 2240.11711598 2377.9668315
2111.33284943 2198.9828148 2324.30383106
2162.94993678 2262.92318893 2366.41712579
2110.04092802 2236.66192104 2325.32716333
2165.38425815 2269.27554008 2330.60861962
2166.96860232 2252.01845737 2372.56318764
2116.19377184 2242.11286893 2380.32040112
2053.64271745 2219.29842358 2375.83234559
2110.86823392 2219.27362725 2329.79715579
2119.81578698 2264.42903985 2365.19885998
2156.69744945 2265.87722381 2383.13108946
2120.00512255 2229.23002849 2362.00820086
2109.58649985 2270.41228925 2377.58340925
2026.9313269 2222.83065821 2374.5503909
2125.03133475 2209.81002185 2322.35158829
2121.52262214 2261.23793816 2377.03766064
2222.1759758 2289.7286101 2374.07762552
2176.0173292 2266.31675338 2370.56691479
2015.60759944 2212.09744355 2324.05658209
2108.25903218 2219.27842824 2278.6237584
2157.16941315 2251.58579186 2321.46458942
2117.24330849 2245.77139073 2314.97036432
2164.09311809 2263.43697937 2379.88351235
2120.0114564 2226.1631926 2317.49952014
2169.81567351 2274.27969513 2367.20095346
2162.28911395 2283.45160157 2364.97312189
2167.3890486 2257.50237503 2321.59177163
2165.127231 2282.09545225 2363.64643507
2267.01446225 2317.59951946 2378.16928912
2155.36101765 2240.76390113 2370.20209857
2109.23201821 2230.82059367 2375.57309993
2059.54557651 2257.86711757 2371.76026527
2212.735163 2284.1495524 2367.94782943
2165.60045689 2244.62263805 2316.21759674
2102.75168883 2271.46660872 2370.22789701
2213.25840475 2292.77398814 2372.06948107
2207.36188331 2296.09258074 2364.76919311
2169.37550402 2259.56457034 2325.74727274
2206.43222699 2284.10019938 2376.1234456
2064.76465045 2302.7253558 2372.61271198
2165.2563385 2306.13976656 2372.37886874
2201.34796366 2288.28710672 2365.49181044
2161.95542036 2286.83455651 2376.00708753
2205.43669633 2291.13256922 2371.51810898
2011.97710489 2292.22506555 2376.15555493
2067.15851476 2253.18291469 2374.0045675
2062.61186245 2276.7879347 2375.12133957
1962.94664129 2194.52987089 2314.20360845
2161.20800494 2267.30354728 2375.09961442
2154.388461 2253.63778177 2329.32558854
2170.43393467 2274.88004775 2358.68852026
2215.95430151 2312.92204066 2374.42344496
2095.25767525 2289.36959245 2374.43612033
2162.83393032 2258.54641992 2319.25655358
2121.55309864 2274.86100374 2371.6323047
2169.31995573 2263.58662203 2370.67685574
2219.49282154 2292.89164167 2362.51198609
2254.27827251 2289.54746949 2360.07324063
2210.38635676 2287.75307908 2364.90073244
2211.52576817 2287.11801748 2371.14145665
2109.96220836 2273.31996721 2372.06532026
2219.53670534 2295.25626861 2368.44731516
2208.00176898 2298.51196154 2378.72387354
2113.37647344 2272.28086233 2366.87169703
2208.35278505 2270.97751911 2317.83351208
2069.72642567 2257.83576732 2363.62888371
2114.28218262 2240.68149201 2372.91643835
2150.24060795 2264.23598369 2321.7797651
2172.15077162 2304.32333073 2373.59026936
2214.07655323 2315.42902725 2371.43892876
2202.59661561 2295.22234523 2374.76001792
2118.56122002 2283.23616821 2374.12016037
2168.34642274 2307.68446847 2374.43145617
2061.72442062 2233.73219194 2326.61572537
2156.57103083 2276.20447087 2375.81539715
2160.70925009 2275.52107167 2362.09242037
2268.27413612 2321.83265502 2372.92291889
2163.47103094 2293.08997299 2376.20179151
2211.09768595 2299.11919006 2379.96924973
2018.50737178 2232.77519173 2366.53460666
2158.11948941 2296.79045353 2376.34704317
2165.02768526 2287.65204563 2373.907935
2164.03221258 2278.15877792 2380.77915121
2124.1119012 2265.0836996 2369.03876575
2165.17356867 2287.31290935 2375.46471881
2061.63242073 2229.22302619 2372.50067838
2209.72844991 2280.99663787 2372.2500861
2117.4477942 2246.40286496 2308.04308378
2157.93638029 2291.08642535 2370.87122188
2010.91856372 2251.8475324 2370.83252145
2160.91312113 2298.82724256 2383.5137647
2157.94024961 2251.59707249 2368.3233234
2163.55341249 2279.80382334 2374.89230091
2156.29470731 2260.692701 2367.68389724
2060.91472915 2296.49063493 2377.91773602
2115.05796699 2294.55800555 2377.21424022
2110.67196767 2264.31780458 2326.7352387
2207.26940449 2264.6755208 2373.75691162
2114.97086874 2288.56502945 2376.82174929
2107.74603624 2229.37338758 2363.82117417
2170.40756517 2277.22379699 2322.11008521
2150.30487096 2290.98804435 2366.1987943
2008.50092928 2237.58041979 2370.22040653
2156.86381115 2280.94459543 2372.37069712
2167.18722017 2277.08323564 2375.16423491
2198.314316 2281.60573278 2371.89574866
2105.46291376 2282.16341173 2385.67778778
2007.23059347 2228.11212102 2368.13506948
2099.91222396 2306.78710553 2369.91699487
2206.91512878 2290.21061488 2369.88365469
2210.31794211 2302.72181862 2364.76907636
2160.85938198 2304.01989005 2372.10069325
2155.83302321 2286.01804203 2371.70474892
2156.9083477 2281.48354368 2372.99876534
2204.64585119 2266.82745139 2318.19958545
2206.80523178 2267.36465334 2374.31140599
2107.00372339 2257.30151868 2316.43770419
2163.62836393 2286.24809348 2363.06805956
2206.82152946 2274.43011131 2322.89853198
2155.48910299 2297.39862177 2368.53668638
2223.75744126 2293.32362156 2363.66020954
2111.94570692 2311.97057584 2373.69592875
2112.59619575 2269.32964682 2361.24303861
2159.75178952 2268.207366 2374.24774351
2105.27725844 2277.23370519 2366.29137128
2259.58737016 2302.3513527 2317.89377317
2147.45254915 2309.41074784 2371.68259693
2010.08521781 2271.27571931 2368.19660006
2205.08489085 2281.2577318 2325.51923693
2118.26556952 2283.15968685 2368.14453177
2215.97577106 2300.60595001 2367.08815401
2201.66748003 2292.97429144 2372.17822984
2114.63871691 2280.9305912 2366.86047242
2210.47080427 2304.05111986 2371.72469013
2208.93815056 2294.39012264 2378.67155228
2155.05203887 2274.62517554 2375.33258861
2216.2173832 2287.66821917 2327.3662108
2171.51245338 2267.33034361 2326.06136036
2210.18882293 2278.95512025 2371.47846406
2108.52863586 2247.6328892 2370.62381577
2152.10726652 2237.50964361 2368.94103813
2157.64288025 2281.28826329 2371.89797542
2155.52680533 2275.78651624 2371.3646079
2162.81639814 2260.34156426 2318.227179
2109.20136915 2258.88466833 2366.06147057
2117.88783641 2249.49911859 2323.74192684
2210.94171485 2285.44768214 2367.67054928
2211.47562151 2285.79228617 2372.95436906
2208.86153438 2275.57209165 2373.4797669
2165.46236774 2290.05653526 2368.89108808
2154.50056035 2223.61556005 2317.27124038
2051.49615693 2255.51806045 2376.74428932
2111.90447915 2216.5436008 2373.1483487
2162.4211275 2275.5685561 2374.33893751
2164.43589892 2289.58925193 2368.01056223
2212.18461512 2290.46634287 2379.7961615
2105.80947564 2252.05200489 2371.39496172
1996.48902977 2241.23849751 2374.91971996
2215.49585448 2279.82971136 2368.99425387
2171.08191092 2271.7127509 2374.77972705
2067.72150647 2234.01331619 2382.37441704
2150.28434091 2281.4545374 2367.82243118
2121.83991054 2242.83844249 2328.24559732
2163.49240472 2281.28640993 2376.0287287
2123.472055 2272.85634097 2378.31465493
2217.76747636 2305.69599959 2384.88560136
2158.11393937 2264.47473179 2373.47801263
2050.06646579 2223.55677534 2361.03972559
2016.81011104 2256.76004112 2379.81864944
2217.42123464 2272.26984618 2370.20806042
2111.77317609 2265.03146172 2339.36347796
2068.62156029 2249.13253093 2366.05564996
2169.87148236 2263.43703087 2322.95843807
2127.88232629 2246.62813342 2371.05789284
2160.59628207 2280.96739802 2376.71638067
2119.16736492 2278.8397704 2370.02856733
2171.03031069 2243.0739998 2324.21974452
2125.79054412 2266.30516756 2375.6695932
2210.5247142 2272.74607774 2326.9135666
2174.23635945 2271.72421632 2326.11278007
2117.11325137 2286.61747973 2378.49900198
2118.05362265 2228.78176874 2370.29862717
2066.75112001 2244.24285663 2370.0012132
2155.55334679 2259.7508955 2371.48913222
2106.82945403 2262.748989 2370.80178222
2156.73882437 2287.44800581 2377.42612747
2114.79680324 2295.198374 2368.85020101
2219.90665645 2304.23433524 2372.71839416
2257.70349352 2309.8616038 2366.81637509
2156.79399523 2267.67327509 2377.2076713
2118.14924379 2287.63722387 2373.49709639
2015.24720617 2251.21761572 2370.74516743
2166.7583694 2285.78353721 2377.06333495
2158.01133732 2267.21423001 2374.68500948
2155.50294237 2268.69879488 2364.1498348
2159.94766682 2262.36675122 2367.10780809
2166.86890573 2278.26954539 2377.46671204
2256.55978747 2307.48169289 2376.63040594
2153.76848867 2303.8529297 2367.41600152
2157.34702721 2290.13846149 2371.16763294
2154.55140765 2245.76169188 2368.8618909
2126.1725357 2273.31318719 2375.49825499
2110.63694904 2242.53637311 2322.82840955
2060.51174217 2277.91987893 2379.1162744
2119.01282083 2249.9934418 2361.78415977
2159.77801413 2267.59484284 2365.49333165
2164.36689991 2263.09602444 2366.42947163
2161.92565499 2289.0996944 2374.9093797
2107.77493329 2260.57479205 2369.94194592
2160.75623235 2248.58870194 2323.45369949
2162.80496704 2272.21702997 2372.65320507
2166.08868945 2269.71805401 2369.61476831
2165.63199448 2284.9620341 2370.81688958
2115.46355658 2272.74848507 2366.98267377
2033.44670735 2272.08332226 2381.84547671
2153.88494351 2266.48117136 2361.81057373
2121.18513967 2255.6049138 2326.87718776
2214.95269551 2261.39985476 2323.61363316
2163.65260158 2254.20594906 2375.14016516
2205.39219391 2294.30059017 2380.98219713
2128.23808024 2259.87780007 2326.97936561
2208.80061089 2264.10184445 2370.7193921
2109.99182111 2269.30055587 2368.70941266
2159.16995167 2277.9775277 2376.94641192
2172.81239366 2280.72132112 2376.24244501
1909.28994536 2206.48635621 2330.35345535
2009.65614501 2239.00600145 2363.89087389
2113.14585843 2257.38380841 2371.36477149
2158.04046206 2279.03198676 2377.36937511
2112.15738691 2241.45442498 2319.92640098
2202.62171423 2274.99305347 2331.65490512
2007.4397092 2262.18100494 2375.30010787
2171.31582006 2268.30131294 2376.00692579
2158.64128532 2269.40345818 2374.05624127
2166.83631359 2258.83797033 2371.28084681
2066.61347748 2239.09943402 2330.95030098
2104.79146113 2237.42244798 2373.08430996
2106.51642714 2290.16128644 2382.77502276
2171.90599772 2275.23385515 2321.86237003
2166.46283269 2261.25162294 2325.86642048
2160.41006453 2253.86954323 2324.66225982
2226.08967219 2304.31136989 2383.8539745
2174.0516543 2263.90209179 2371.70722281
2164.63208378 2237.94963332 2317.61565773
2167.10803208 2227.06434654 2324.39062497
2163.73738851 2270.92585895 2366.56906078
2110.24632004 2261.48618049 2369.18948756
2212.30514981 2277.54534191 2381.17372454
2168.90206312 2255.86959814 2381.41818145
2120.73154809 2244.26947518 2377.48163886
2067.1636606 2258.90603158 2372.22489693
2164.5543375 2274.95535943 2374.07162484
2067.181874 2276.35993048 2372.08270026
1962.587991 2253.40684579 2376.42253052
2211.31458438 2281.53650871 2326.19518981
2112.63311237 2239.59743161 2325.08348944
2201.81143567 2281.42511208 2382.33838845
2162.11693305 2277.1151507 2372.13613672
2169.1023034 2271.69227962 2368.26903191
2113.52417509 2263.39724414 2378.81330042
2114.44241274 2256.12031664 2374.57100716
2227.53963231 2300.19529823 2375.99201152
2206.94797603 2281.11980401 2335.39960287
2165.01624821 2265.51760293 2368.70965093
2128.66659897 2264.46156743 2325.5572763
2224.73510168 2313.93525657 2382.64434534
2062.2514057 2253.37560615 2367.63870168
2258.48544222 2312.77430555 2374.64998013
2060.42096556 2251.9593432 2379.28556314
2124.82388288 2229.34692728 2321.09680624
2119.11670473 2239.12128243 2380.99683897
2122.4020195 2257.71894734 2374.33150559
2070.3607551 2192.49834026 2328.8902751
2057.85021611 2285.20360985 2379.92470986
2173.77063836 2263.80245715 2317.57761866
2221.14139224 2319.9712437 2377.67178361
2160.98158819 2283.7768345 2375.68720796
2216.23817708 2307.30267722 2366.14524596
2119.54857995 2285.54461827 2369.83088722
2012.35636612 2259.11373873 2373.7422354
2048.07813713 2219.45405412 2365.17006177
2207.97062427 2266.48303509 2370.47183457
2214.08762068 2288.94288136 2368.71632834
2168.24442703 2273.84709326 2365.00350896
2105.47393029 2268.60969791 2378.96825623
2163.21435365 2315.26701727 2378.88295601
2001.14549981 2237.5135598 2365.96495008
2098.6457448 2279.54789388 2372.88159336
2210.00274465 2287.81653459 2372.81159754
2155.15271677 2265.0389561 2375.93116469
2213.64050754 2293.47331075 2370.24270349
2207.27252021 2278.82597519 2369.98013417
2107.04011969 2240.95954986 2375.40261624
2201.16858532 2289.87578932 2370.70662061
2157.09720421 2247.04573236 2360.55696096
2249.45051684 2312.73318625 2370.86912841
2070.38120063 2278.15609633 2361.41498943
2210.89865153 2294.81897179 2368.90375167
2114.79425321 2284.03899964 2379.96894394
2264.21272551 2299.59330399 2369.84405726
2172.69798451 2280.12324079 2327.81558402
2152.46884571 2295.90861896 2371.86189709
2252.79163769 2316.83488044 2384.50537901
2111.54561819 2260.40905778 2322.12743261
2107.84511086 2265.12277927 2368.26900926
2011.56115623 2227.03840093 2358.89755115
2155.66205386 2280.23472983 2361.69207788
2112.75233488 2301.54791714 2378.56698459
2172.96426545 2295.01354923 2379.44667988
2168.41666264 2264.99587061 2371.57160804
2217.92791671 2280.65422952 2368.26240321
2113.71787867 2267.8104751 2376.45975936
2156.81037418 2317.36475452 2376.7114032
2204.0772085 2314.36964852 2376.97503905
2152.201615 2279.12317736 2363.41091262
2106.8977807 2227.67019664 2318.37089222
2257.1715645 2296.05339751 2373.49563378
2049.71074062 2245.5093707 2362.4832648
2112.4783241 2264.89752236 2330.65502783
2188.99613272 2305.82381694 2373.693542
2159.89507143 2284.11299825 2366.49872574
2217.53089342 2305.98893634 2381.58522721
2161.1632812 2244.7951958 2311.86675458
2159.36032928 2260.08905709 2316.1275566
2108.21497462 2260.50766836 2377.68274422
2155.08705256 2287.20411764 2324.90232946
2130.31069217 2304.17616833 2374.40879495
2168.47773413 2296.64506579 2373.4612183
2102.19851075 2260.4944151 2375.78223758
2152.1659847 2257.78545576 2363.57693527
2055.99253308 2252.7508818 2324.10020744
2201.9557706 2287.63493355 2375.16497713
2117.89658304 2274.48995131 2363.39256347
2113.9573201 2260.25197035 2330.04247459
2111.75054492 2261.50371712 2369.19645299
2111.64827785 2245.35363112 2366.81335797
2069.09110015 2256.46641663 2372.91344413
2165.56424488 2308.1413682 2375.92463239
2170.44640662 2238.09891353 2319.5583095
2109.50423676 2282.06442776 2380.26470063
2165.43594435 2306.83734285 2383.62672839
2115.58975943 2263.30849345 2372.74302144
2162.94192136 2266.82980107 2382.73292265
2115.39991258 2282.06568664 2382.86887506
2169.71101396 2274.32684259 2368.97365075
2164.75396577 2267.44269159 2327.11471511
2161.69500637 2260.09224377 2370.30858471
2113.03116616 2210.6593637 2303.14487491
2161.7216488 2278.94396343 2380.73440617
2066.91693755 2283.73187394 2373.52231559
2212.56609015 2294.85239318 2366.96050706
2157.75222145 2273.93755493 2379.57426453
2165.15137462 2296.03612106 2382.82967403
2164.77069421 2293.61751372 2373.21186159
2216.52816978 2279.22004268 2367.75437726
2163.68535058 2308.50839446 2375.53253956
2064.82443849 2208.90620223 2276.04090247
1965.77652053 2213.89460601 2327.59806366
2116.86621616 2237.95549764 2363.60557712
2120.05961609 2273.45082184 2375.9214897
2163.54417881 2283.85405732 2375.98229039
2119.40694367 2246.84609336 2368.13287142
2213.56627578 2306.81054316 2377.71789164
2218.31978273 2294.46543396 2372.50625702
2165.98212029 2271.54548913 2374.40339618
2161.32766526 2285.40624688 2373.9121978
2037.71768401 2247.06204577 2366.649329
2100.3396555 2278.12324705 2371.49016058
1959.93219052 2279.28389957 2368.45176037
2208.14764683 2282.72998932 2369.10491537
2103.7344016 2260.35907305 2373.45998148
2160.58693344 2285.22546024 2370.13085552
2157.42861022 2269.28364142 2364.05039556
2103.88174608 2260.9706799 2370.68067841
2170.98444465 2277.30082141 2369.34699333
2114.57544664 2276.18984114 2368.10096244
2168.09840359 2264.50223997 2375.58824609
2156.7777498 2252.65010805 2367.50419916
2096.02632668 2268.57869581 2378.71049476
2162.84833204 2282.63760908 2370.66324509
2107.37297922 2252.28109194 2378.90888714
2160.67091139 2287.15007095 2364.70107551
2016.1248426 2277.92058277 2376.18221356
2114.61237053 2277.84039119 2364.5460908
2201.77120751 2299.95475042 2373.24393325
2117.25719824 2255.92020593 2314.85506371
2215.46056516 2278.22017768 2375.0174614
2202.62109811 2298.99910177 2362.20549622
2104.35786785 2266.32358382 2357.04959309
2168.63833584 2280.93996497 2373.80645751
2260.63745532 2319.5953137 2366.12025162
2061.67750173 2211.37918625 2325.18410834
2163.95157432 2261.18468106 2373.95511524
2104.5478803 2285.3540717 2376.67578297
2156.80860285 2282.0618782 2374.70086966
2220.32817947 2298.38804698 2372.99831208
2014.49005142 2271.39286425 2366.7339939
2208.78614344 2288.40102777 2378.0848605
2259.80257868 2310.27980303 2373.34730763
2005.79355398 2257.27978408 2364.12371979
2063.49972072 2218.35096085 2324.97890161
2157.28933168 2292.91798993 2374.28082191
2225.03419704 2302.77741795 2375.68949006
2115.26088639 2268.70410391 2320.45209717
2163.10848835 2282.98132375 2369.68138328
2116.03496143 2280.93990713 2367.8398807
2057.95552832 2259.95722157 2377.30941569
2227.78567922 2297.66087103 2363.10269181
2059.43861224 2244.29837629 2314.88705681
2209.88161209 2288.14583185 2366.28217931
2149.41418315 2255.190016 2359.86428502
2215.80107252 2298.8644469 2370.72379833
2196.79541555 2293.52359791 2367.12662267
2140.70416415 2266.42108852 2358.65916306
2163.33512373 2266.8024095 2361.93847597
2167.01847708 2292.54743732 2365.02788716
2202.28010407 2292.43753671 2365.81343039
2202.43158016 2278.40643672 2362.92895012
2195.20101119 2289.19214235 2361.1309351
2186.44130424 2284.09807276 2364.25918038
2150.96166262 2286.20014222 2357.71384747
2190.11968302 2272.49813883 2368.14046458
2256.71969578 2291.87960162 2317.90795306
2161.64944654 2302.61250555 2366.82080289
2195.21922309 2304.54269643 2367.95108831
2154.44371659 2228.56147503 2316.41871816
2088.20821837 2303.27230393 2360.44955679
2148.20621764 2282.23377073 2374.4675687
2209.58172431 2298.54483512 2356.55312184
2158.3558537 2267.7835674 2373.09509272
2098.92907583 2274.45725009 2373.1276409
2052.99220662 2282.60355097 2361.471438
2106.70022809 2267.40390442 2363.73749392
2208.21023476 2275.68783241 2365.81838804
2200.7395997 2265.72156487 2367.86599128
2067.00385197 2269.60619475 2363.02633885
2214.35358476 2316.15605282 2377.45967228
2147.94987648 2269.28688601 2362.78443931
2166.89140408 2278.11775873 2360.92077243
2257.76801534 2321.49251145 2368.57248319
2063.49228213 2269.68118237 2370.95371815
2058.7483089 2246.41315729 2362.17230019
2257.818961 2304.51382136 2355.63890327
2160.17826537 2302.42712804 2372.61483813
2207.70864983 2305.43569918 2367.85609289
2211.05308604 2310.25326869 2369.85588443
2170.23308547 2307.76203139 2367.63327775
2107.03612704 2239.57796144 2322.01624081
2205.57289988 2272.50639599 2365.14688157
2162.46488114 2278.0432526 2355.48877003
2159.5193154 2267.56616552 2364.36273218
2116.68173141 2271.15390642 2363.88624917
2205.34756112 2272.74506866 2321.55930901
2160.82984771 2270.12665839 2326.29696405
2212.06518488 2287.82321254 2368.57444259
2178.33246616 2271.6379904 2381.05350101
2163.25456527 2250.1743828 2362.55346431
2066.37756194 2265.97895379 2369.86824004
2113.56484301 2259.20363735 2368.46608381
2106.71659543 2288.53543358 2374.79939809
2165.67478771 2258.09589851 2378.8982771
2063.33684087 2296.65306659 2353.37769765
2065.07860554 2243.44699564 2324.59390183
2063.54202314 2270.36601625 2372.7682528
2217.06196135 2295.47195664 2367.34297733
2216.57439122 2294.17111199 2377.56436832
2112.83263742 2274.72201951 2377.67782913
2155.45207635 2244.94606853 2368.82612271
2197.05413319 2309.47129554 2369.0334347
2114.49113512 2276.97336733 2371.535195
2154.87121519 2273.53379768 2372.91782212
2059.43059421 2264.65392806 2374.07009614
2151.14852244 2229.93449855 2327.72855061
2063.60739507 2260.79740845 2372.86045012
2209.52107103 2286.35414032 2372.13118899
2117.40377866 2271.53769523 2373.74600808
2158.98696701 2291.40510265 2371.91111323
2167.71827285 2261.98275374 2373.58932176
2164.90409028 2265.90803887 2322.37689003
2013.17093184 2259.00588383 2371.99370434
2114.47871809 2266.25907318 2365.4510087
2062.36900002 2278.24549668 2367.31716723
2202.02627904 2264.06996772 2327.83301115
2116.8289204 2244.58741285 2372.08693536
2064.87426142 2272.94962607 2374.37838771
2197.84580879 2302.61483223 2377.63128927
2212.32260343 2280.8666838 2373.55531402
2073.69333627 2279.87996127 2373.23695639
2207.81001431 2283.49619555 2366.64742622
1986.52152973 2238.89383285 2377.02638048
2261.99462125 2316.79583312 2374.21724781
2116.9110514 2281.16571604 2367.79804691
2224.53467801 2285.06290747 2370.13966405
2161.29083862 2290.54675557 2373.31734736
2204.45904513 2306.44408616 2371.35702207
2199.55549496 2272.32808045 2370.66869258
2210.37311071 2292.13449442 2365.97296145
2153.48193208 2257.0823221 2373.18886378
2158.18904149 2269.27556551 2364.47122737
2206.33257386 2267.72400981 2370.49124796
2176.44994092 2252.1353355 2314.62007606
2065.78374165 2238.66079056 2369.48680861
2109.6995073 2274.13703578 2369.99073166
2067.18606621 2256.28580901 2368.52546838
2170.94805713 2258.81410642 2371.50738231
2200.91667709 2322.35795339 2370.4629113
2200.87288462 2310.93621452 2374.48141023
2085.4735524 2272.13998925 2374.15198572
2226.24594376 2303.77841995 2377.57382597
2209.70403225 2284.30942415 2367.02497937
2213.04780458 2293.35319349 2363.93834684
2251.46936928 2290.97251628 2373.65491747
2154.08756059 2288.24816742 2368.7168575
2215.3235848 2332.53538478 2370.43421203
2165.65730594 2276.40087194 2381.38263784
2168.38054691 2309.00941701 2373.95781964
2206.26386466 2291.44286009 2370.6388477
2153.98490875 2285.28174367 2362.97571835
2111.47240855 2259.91340318 2367.1458884
2151.21564314 2274.41483977 2374.08385591
2211.62066149 2286.62544489 2370.61557933
2153.74940109 2301.93273654 2379.21158331
2109.15483274 2221.44918557 2314.68619905
2161.32775835 2278.89384127 2367.86943832
2115.45514551 2302.4319943 2370.50730077
2260.49695791 2314.05306286 2376.28668923
2064.45662285 2230.7852283 2314.7609406
2054.43779219 2253.92027804 2374.87714678
2198.71348866 2274.86132914 2381.82097122
2154.61171229 2265.75561393 2361.95567286
2106.75372007 2251.03476619 2358.62595448
2109.76500327 2240.80690104 2320.35112541
2164.23019643 2259.25378426 2353.0247455
2138.91770915 2303.79952324 2375.44462624
2163.16426807 2279.82247754 2367.99762262
2216.97344408 2291.76194781 2361.77844357
2168.86834201 2273.19892307 2367.8278295
2160.77937777 2280.23744167 2367.28161595
2162.80182289 2298.52668539 2363.58811226
2016.17611681 2234.9800658 2372.9173748
2110.03739274 2273.50818642 2362.41944463
2246.07602182 2326.10715974 2368.02668586
2255.36357882 2324.64666234 2372.36087593
2150.47462029 2263.60427624 2321.5102555
2159.18022097 2246.43173554 2370.14136123
2106.21201253 2297.62870982 2366.56247129
2151.43498146 2240.53186174 2364.02232372
2168.5458844 2302.71019413 2375.4447942
2105.20512028 2258.02362353 2361.98402205
2204.57246725 2293.75945594 2370.27524337
2164.90319997 2267.15768184 2365.03604596
2254.75097167 2299.0165314 2364.51905189
2261.67633234 2317.52660521 2371.01989457
2118.48609005 2296.03483237 2371.26799341
2206.98195922 2258.43980308 2326.23859504
2259.06009409 2302.01070871 2374.97140836
2063.68439444 2287.19058391 2372.68721947
2151.79679159 2252.51394618 2373.97388392
2216.45894807 2292.95602912 2372.38306333
2111.73890813 2292.51357405 2377.10314439
2102.92221088 2260.91906078 2366.09860305
2166.32122678 2266.63280457 2370.65416679
2103.97599485 2286.71368489 2369.08120181
2160.12926104 2252.88052729 2363.28603484
2107.31969197 2261.34001269 2374.28926672
2146.88488201 2278.16208701 2368.10368405
2176.29488157 2256.75542349 2318.69974724
2211.05514877 2281.72163392 2323.68426932
2216.75667783 2322.35812067 2374.88619675
2111.10165877 2266.03533762 2366.90654349
2163.92299976 2297.03461403 2377.49548856
2055.55307481 2246.51283835 2371.4367804
2207.50494644 2276.09541923 2372.59347622
2193.09710242 2292.42583886 2368.66979498
2071.67442998 2256.86742884 2329.82875973
2217.08694518 2286.1998844 2371.43693316
2151.77225273 2299.24000529 2376.33126891
2219.37479546 2289.3433205 2374.78817077
2177.44536254 2264.52248425 2382.57832828
2217.06587373 2304.87288105 2371.79107306
2107.71927616 2300.7661194 2374.62367414
2222.23781874 2293.90840615 2372.90180315
2121.12252191 2271.04699828 2369.1321752
2161.46100508 2276.93594023 2372.64004549
2169.08278586 2303.6558689 2380.27013973
2114.97735392 2240.53018422 2325.40046383
2165.29256774 2292.30027417 2370.28650688
2209.10095929 2296.69148514 2373.35948881
2115.31204079 2299.71296142 2376.00852691
2169.10837392 2263.06609598 2368.06629039
2206.59068842 2300.15990722 2378.3219464
2166.02659299 2281.85521935 2374.16816998
2117.76636265 2263.48019488 2370.41866933
2108.40920064 2257.98151226 2326.13079095
2157.59348204 2262.24406664 2362.3481
2216.69436192 2282.89978262 2329.90252534
2215.58764053 2304.52014775 2381.81172509
2216.92153527 2305.25848096 2373.77362333
2119.88505348 2264.07677331 2374.1600956
2157.73738276 2241.07322373 2317.76809195
2126.40755811 2261.64395112 2370.73209429
2162.25190214 2281.77515595 2377.74001668
2049.63968148 2230.32813304 2378.84048718
2127.71957643 2273.67786884 2376.28435161
2109.2331079 2298.32543144 2370.86235661
2264.31747984 2320.41759285 2373.6946217
2167.60216305 2297.84836153 2378.48237905
2207.381676 2287.62758117 2320.95672078
2201.95266112 2311.10018285 2372.01965511
2117.2254586 2252.70790977 2369.83703163
2161.71484432 2263.75278694 2322.09021244
2119.34436347 2270.52984579 2371.2952236
2158.86081966 2276.43124564 2371.12925916
2166.94399551 2284.74837033 2365.73914596
2261.75599903 2299.3666003 2323.0629534
2157.84848032 2293.00096198 2371.84091269
2258.26910546 2334.73551825 2373.33566586
2207.13740099 2279.93399854 2371.49046731
2204.58560535 2282.56677399 2371.22440509
2208.04886787 2260.53664097 2320.63030965
2114.05067023 2266.01583437 2368.83148815
2112.33010456 2241.31548727 2354.04522478
2210.67270662 2294.21976054 2363.52070562
2202.12209992 2292.59368575 2372.75725768
2152.40953912 2291.36266737 2372.26310155
2211.12468873 2270.11660889 2376.4662649
2049.4281103 2265.65653161 2357.28019719
2163.01983695 2262.36152851 2374.05612199
2211.51058503 2280.68776483 2327.71396935
2219.13035638 2304.70059032 2372.67675832
2110.91081193 2269.78158888 2374.62491861
2215.32654049 2277.56502772 2368.12154553
2044.60869392 2251.36730499 2370.80779023
2158.99506912 2285.46754142 2376.06349816
2159.09695455 2247.64197277 2367.27357634
2160.44857688 2270.41337908 2368.21725
2204.73420953 2280.80525635 2360.98097923
2253.57078339 2301.4205353 2328.43515423
2113.0443293 2263.33727249 2368.00211233
2209.88026565 2307.90776384 2372.5484193
2160.38577219 2276.93000721 2366.86080161
2207.15121934 2300.03846291 2366.61785688
2158.56270905 2269.10385326 2369.13686982
2168.89087814 2289.33357114 2365.63904742
2153.93268287 2310.76914554 2369.62517064
2156.63210799 2314.52023709 2373.72438648
2215.83781487 2315.32912871 2372.41179796
2166.46300016 2280.57300906 2374.48786488
2222.8686376 2320.18319203 2373.81123149
2158.90786101 2292.64244157 2368.53921748
2275.295346 2338.68979756 2374.40538488
2151.69640845 2259.84356524 2372.85121797
2163.25258125 2259.17929249 2365.1642006
2207.82710487 2297.32502845 2377.86568327
2104.01305686 2239.70660177 2318.30019737
2207.01982666 2278.46471094 2325.89713407
2062.01355599 2275.45398846 2379.14408822
2166.57236934 2281.37083049 2367.39023668
2203.13099277 2297.88982133 2373.35546415
2157.49348122 2264.39335301 2364.21147806
2218.88367128 2297.93344836 2378.10679538
2259.36944533 2316.32075757 2367.9002132
2163.65224856 2282.09611158 2371.05300603
2202.96640008 2282.32043447 2373.00025903
2167.64205113 2245.44301407 2320.18136629
2158.6397501 2257.15490081 2363.30504477
2005.73052493 2260.55391704 2363.29314823
2151.9399824 2261.1965198 2376.14427095
2222.9580421 2303.83172083 2371.09898128
2209.427776 2286.00660438 2371.31532399
2205.02686183 2303.99171413 2371.97268601
1962.8124111 2239.75787703 2375.48634962
2210.77892583 2295.1236082 2371.46258359
2159.13306286 2267.84325056 2371.62762085
2165.60173678 2278.72060916 2372.86340457
2018.35617417 2239.81667944 2377.59757672
2220.90117375 2319.01448993 2379.98714641
2008.74254128 2258.63414618 2325.76862524
2216.46812439 2286.38021128 2369.61912935
2217.90406102 2283.62679087 2324.08212584
2167.76006754 2245.18926908 2319.02227187
2259.62332226 2300.2790053 2379.34167347
2162.87655639 2297.21711064 2380.36075486
2169.64751227 2249.68776963 2324.86195375
2167.40663091 2276.08079087 2374.79311458
2217.11332921 2294.68565906 2358.93635217
2112.28314859 2280.69102533 2377.88962483
2163.4224672 2280.05570839 2372.03172848
2166.784979 2287.5144421 2369.9037591
2215.50490538 2285.74834471 2358.31345659
2118.52706731 2246.75034525 2369.15295983
2171.09983464 2249.92750963 2375.38360066
2130.01511086 2239.54767632 2365.60526145
2199.360098 2275.41257476 2363.90206965
2111.19223146 2254.00221403 2370.26409728
2212.02882015 2293.32836014 2368.50776001
2263.65702592 2302.65168382 2371.91933438
2162.2907803 2299.80546081 2371.09002848
2164.77479456 2286.88533767 2369.09763723
2152.73697416 2283.20070305 2379.1223676
