-10485.3862704 -9541.29834463 -9101.24507751
-9984.27729067 -9442.67425849 -9019.01827139
-9635.57761002 -9368.04535816 -9138.88341697
-9906.98398003 -9651.68738237 -8807.22679328
-10045.3316603 -9609.59322009 -9166.55821531
-9629.81528649 -9283.46671178 -8930.43212248
-9805.55538452 -9242.56640532 -8779.36570386
-9232.75404333 -8879.94199934 -8568.73499585
-9331.57825441 -8893.04648338 -8592.06804319
-9557.63355572 -9181.14058198 -8816.19704917
-9178.40502108 -9068.3800742 -8935.91429135
-9703.25296912 -9047.78736396 -8679.85155632
-9432.3709082 -9202.24669642 -8839.20810346
-9590.56437652 -9143.12023371 -8651.42485667
-9631.71009101 -8939.11958558 -8589.20048333
-9187.41020557 -9013.14675311 -8657.02769662
-9156.82730606 -9082.35217365 -8993.69400303
-9329.85976737 -9112.9938055 -8914.00309313
-9299.53908802 -8993.19320454 -8717.73723769
-9068.33143959 -8910.5240704 -8775.70855008
-9389.77763036 -9044.84376299 -8796.91302627
-9355.58763576 -8895.65528629 -8619.27007935
-8822.0864875 -8729.01002304 -8663.25774767
-9306.82737396 -8908.16984877 -8567.17789879
-9108.82449026 -8935.93462759 -8804.22136122
-9303.46079981 -9100.70546308 -8999.6034762
-9050.05824894 -8896.60703186 -8729.62495769
-9298.65679399 -8887.6437574 -8692.48375869
-8976.8243116 -8848.74636893 -8733.85145694
-8976.36021236 -8756.30337015 -8611.01104872
-9369.27538227 -8804.9435732 -8633.61874218
-8919.52888335 -8823.58845493 -8732.27041275
-8884.52167863 -8692.9349151 -8566.77566803
-9059.2674261 -8836.2683824 -8643.85636331
-8978.67054046 -8676.30841615 -8232.00302462
-8705.57581231 -8418.1346241 -8245.51429431
-9078.73637276 -8771.53525238 -8615.97821137
-9629.15320595 -8731.56294566 -8504.44865838
-9337.23217963 -8907.64895929 -8727.83956558
-8952.55637771 -8771.59877875 -8375.15077229
-8925.53454557 -8710.2442135 -8467.33448428
-9031.7151885 -8658.50231534 -8444.22370131
-8972.51633768 -8773.21930776 -8541.68658069
-8927.06706098 -8764.03507922 -8569.32470504
-9145.42870539 -8789.62705984 -8587.15834
-8984.0528889 -8788.61151642 -8542.62988886
-8833.06815737 -8598.79495846 -8185.3734007
-9103.60867722 -8668.89674855 -8516.72575668
-8954.14337805 -8766.90287052 -8625.82065422
-8932.91045839 -8808.84736049 -8599.41391857
-8922.04058235 -8707.95881655 -8463.62535141
-8963.97318198 -8810.46297706 -8590.75289659
-8840.65503415 -8715.57224874 -8671.98242069
-8919.14681584 -8634.86462724 -8431.59563425
-8879.55415108 -8629.72752611 -8336.14443202
-8941.77323541 -8795.6885621 -8681.7422501
-8984.81544716 -8864.62829546 -8652.16784753
-9054.250968 -8849.45257603 -8658.95475129
-9062.20135612 -8706.99160392 -8463.44363347
-9021.96820823 -8759.69247137 -8570.17156753
-8836.6991424 -8714.70401838 -8606.99147789
-8827.96840837 -8643.14854245 -8465.95746537
-8957.86029934 -8845.23637938 -8725.90567578
-9009.50666252 -8809.18011832 -8351.22967206
-9073.79772078 -8914.07732121 -8762.88767246
-9075.4262019 -8898.54887285 -8602.44600931
-8921.88071512 -8757.0085266 -8417.53998959
-8998.17555666 -8852.98644897 -8624.44769457
-9191.99171478 -8955.3714466 -8717.75845429
-8920.40656967 -8571.52660858 -8249.12766154
-8840.71109821 -8600.55582945 -8255.28132002
-9080.03236796 -8706.64976324 -8315.57422697
-8776.30014092 -8650.76437086 -8485.86165407
-8785.38329778 -8625.51667672 -8494.79371491
-8761.06248777 -8438.57613228 -8210.92448947
-8629.72150309 -8527.56688278 -8356.2308626
-8772.15434592 -8473.63523935 -8163.81214667
-8599.77886291 -8337.70595672 -7904.64056999
-8706.06931519 -8605.56190897 -8251.86241743
-8774.88031545 -8495.21350795 -8255.73898281
-8642.2574488 -8502.01500914 -8408.99012008
-9155.56872926 -8826.37123367 -8562.14619097
-8927.23209342 -8543.38456376 -8302.99324196
-9349.54786017 -8908.95168039 -8501.39449621
-9045.68237945 -8438.08485236 -8042.19907334
-8847.18265918 -8510.4910984 -8292.49950284
-9123.88893975 -8890.06297318 -8575.61413162
-8836.22783847 -8507.44987827 -8168.00727651
-9251.84976808 -8602.5281913 -8287.54468977
-8531.47792983 -8346.76792654 -8012.15410128
-8921.68791508 -8529.39206022 -8185.30351859
-8954.13956891 -8646.67852899 -8409.58367275
-8712.48538332 -8459.03247473 -8207.68534509
-8824.59680632 -8541.33759341 -8277.28504001
-8844.03140486 -8588.11147246 -8408.01893472
-9029.9767757 -8652.37798545 -8276.40111337
-8788.44666817 -8382.82322541 -8061.146503
-8934.19989868 -8522.9173811 -8122.68177082
-8809.68393996 -8465.00642015 -8235.42502378
-9133.17381529 -8661.58243446 -8355.04315627
-8822.84265341 -8647.62026733 -8431.65743811
-8756.05164324 -8599.93060519 -8288.66797881
-8789.20169149 -8278.5558014 -7828.59088142
-8705.28350014 -8198.50602504 -7875.72111856
-8710.89272438 -8562.27149189 -8406.20853873
-8607.31455071 -8392.14162295 -8149.56363792
-8822.24138326 -8670.43286855 -8567.15422937
-8825.76427885 -8447.05531776 -8119.67322259
-8734.59476658 -8386.08137249 -8124.83545012
-8550.37313596 -8383.80274413 -8227.45149653
-8607.30749274 -8334.0138318 -8094.01999635
-8376.82382831 -8231.36381263 -7936.44698841
-8419.47119211 -8237.34257995 -8064.0372935
-8743.02829378 -8240.53039963 -7954.48621114
-8710.26184598 -8183.93474095 -7589.54728379
-9129.37120621 -8401.86765485 -8105.62151948
-8472.46438326 -8246.14793811 -7942.78665373
-8599.59207712 -8293.84658487 -7966.18205203
-8349.93883769 -8221.82632458 -8036.14772147
-8466.15653705 -8143.46069372 -7785.44955473
-8804.96355906 -8399.16125749 -8117.17060448
-8847.81311321 -8349.92007873 -8114.70983445
-8367.15356935 -8232.63629074 -7939.62802371
-8687.54222981 -8169.05016847 -7899.47640481
-8603.30789616 -8205.39021125 -7875.7962083
-8525.64985486 -8086.58657088 -7757.60881544
-8448.40245537 -8010.24236211 -7688.6469023
-8438.12306051 -8004.50718033 -7456.31328758
-8496.87542889 -8308.50291207 -8094.28200648
-8236.88834676 -8011.50526184 -7489.31481487
-8462.5558527 -8174.35065535 -7840.2037347
-8483.74740245 -8354.12595604 -8144.70808176
-8588.85174761 -8262.27018837 -8073.72550969
-8165.87300076 -7776.04507017 -7330.12449419
-8408.97064796 -8107.67319206 -7628.850537
-8293.31033815 -7987.63229753 -7685.47208676
-8499.07946275 -8090.65759235 -7661.10249649
-8406.07753683 -7895.7220235 -7427.02902203
-8176.07231998 -7728.5498907 -7347.83944318
-8163.69133401 -7824.64789228 -7407.97167084
-8437.63766282 -8087.76671787 -7837.89215387
-7914.12805465 -7619.17543716 -7319.82429447
-8087.22700703 -7592.27760067 -7165.44344414
-7996.003764 -7547.83565265 -7224.77469475
-8173.93518132 -7711.40503956 -7266.60755908
-7907.99263988 -7459.7645006 -6997.01329629
-8086.21515836 -7577.3859999 -7053.3198177
-7611.50462106 -7310.871923 -7061.54200081
-8144.59791177 -7516.4039741 -7025.02429219
-8516.62915047 -7596.57961368 -6562.88842622
-7468.01744948 -7247.11305168 -6968.40203137
-7922.17555322 -7387.61078602 -6981.02732646
-7740.60035203 -7363.23799917 -7125.15768235
-7714.04861827 -7126.55492544 -6249.19782614
-8149.45094709 -7321.77976971 -6422.66500686
-7747.52429198 -7356.39241534 -7085.86448739
-7838.55583161 -6960.38413722 -3232.02396963
-7623.16451396 -7250.64993156 -6149.85750889
-8325.76917881 -7296.60117148 -5823.49650981
-7480.97718343 -6613.47347679 -4490.24045024
-7086.01289002 -5393.50313617 -3979.06353859
-7818.62345279 -5643.97109219 -3907.61230373
-4950.5263525 -4208.96250533 -2644.14303919
-7305.2967077 -4936.07590214 -3327.67552225
-6865.7993382 -4607.47065726 -2352.84833336
-5817.34030276 -3921.52820248 -1960.28548378
-7367.71336753 -4484.60274381 -2184.47652235
-6400.68680948 -4229.43047398 -3071.90303571
-6371.43951084 -3561.22367007 -2014.26636033
-6641.43865964 -4078.50463379 -2475.35230515
-5813.83822364 -3270.85073078 -1966.84025743
-5889.37486435 -3450.27412196 -1575.11801788
-5114.44572535 -3192.1653581 -1572.05584649
-4856.91098713 -3025.0458821 -2079.52823698
-4416.13088856 -2357.34815953 -1551.10570862
-2555.8438337 -1945.04644684 -1450.68003258
-6059.66256581 -3021.12590717 -1547.53356668
-2439.34639753 -1644.78540321 -1258.0363088
-3813.2458887 -1955.4369606 -1454.65273496
-3110.3816657 -2075.73294076 -1239.1073938
-1507.49409746 -1390.55640709 -1136.89934534
-1760.54368421 -1449.76840697 -1249.50589491
-1626.95867869 -1401.42214691 -1229.12700898
-2636.24473018 -1535.27421381 -1228.07073054
-1582.31020157 -1363.05305871 -1204.91139405
-1596.79311358 -1371.73438387 -1200.60224326
-1438.3551178 -1286.55161688 -1134.34788546
-2053.80735184 -1434.62805727 -1201.76863128
-1408.36578446 -1281.50747543 -1126.21031315
-1479.28480951 -1296.31365644 -1119.49926553
-1369.99822647 -1177.15054701 -959.501145538
-1731.44035849 -1331.73114502 -1148.02517976
-1714.96072694 -1224.91636628 -920.499939986
-1260.35095951 -1073.77082931 -951.264831806
-1321.20999367 -1213.89369801 -1058.20646132
