0.57572 0.597572 0.6
0.2762 0.565692 0.6
0.6 0.6 0.6
0.22456 0.504644 0.6
0.20388 0.560388 0.6
0.16292 0.44228 0.6
0.13416 0.39072 0.6
0.19708 0.425596 0.6
0.14556 0.470932 0.6
0.14016 0.222752 0.56328
0.13396 0.181084 0.32164
0.13604 0.206556 0.29592
0.13116 0.211376 0.41328
0.12724 0.245112 0.6
0.13008 0.24766 0.6
0.14088 0.185692 0.23036
0.12516 0.315356 0.6
0.12428 0.229732 0.6
0.12116 0.148568 0.17552
0.1472 0.236804 0.6
0.11784 0.151692 0.18836
0.12532 0.149708 0.24608
0.11852 0.139124 0.18384
0.111 0.14052 0.20236
0.10384 0.131828 0.16276
0.12004 0.139012 0.175
0.104 0.127752 0.15272
0.10752 0.130152 0.14428
0.103 0.126564 0.18068
0.09804 0.129592 0.16428
0.10304 0.122192 0.15828
0.09496 0.1189 0.15404
0.10092 0.112132 0.13488
0.09688 0.114212 0.1372
0.10132 0.117868 0.14656
0.0888 0.11262 0.13568
0.09384 0.122948 0.16032
0.096 0.121844 0.19396
0.09456 0.113776 0.13092
0.09692 0.108956 0.13636
0.09096 0.110016 0.1608
0.08636 0.118968 0.23716
0.09644 0.1079 0.1454
0.08836 0.096068 0.11116
0.08896 0.103168 0.11504
0.0934 0.106024 0.12404
0.08704 0.10892 0.13084
0.094 0.105116 0.12264
0.0854 0.101612 0.11584
0.09196 0.10584 0.13152
0.09756 0.107844 0.1316
0.08568 0.097456 0.1032
0.08468 0.09974 0.12172
0.0816 0.10128 0.13028
0.09324 0.106816 0.13932
0.08748 0.10432 0.11856
0.0904 0.099708 0.11724
0.09592 0.112152 0.1328
0.0886 0.102212 0.11708
0.09504 0.104912 0.11656
0.08472 0.095728 0.11424
0.087 0.0992 0.1226
0.08812 0.101328 0.11456
0.0826 0.1009 0.1236
0.0818 0.092596 0.10844
0.0862 0.094092 0.10372
0.08152 0.091832 0.10492
0.08136 0.091252 0.10192
0.0808 0.087184 0.09652
0.0788 0.08506 0.09232
0.08256 0.087568 0.0948
0.07796 0.087536 0.097
0.08052 0.090552 0.11316
0.08176 0.088864 0.0994
0.08108 0.085776 0.0932
0.07824 0.087732 0.09724
0.08156 0.087028 0.09228
0.07784 0.087392 0.1
0.08016 0.083996 0.08784
0.08068 0.089348 0.0984
0.0804 0.084944 0.08952
0.079 0.0872 0.10376
0.07644 0.084584 0.09644
0.07652 0.085616 0.09636
0.075 0.08258 0.09024
0.07784 0.084924 0.09392
0.07492 0.082192 0.089
0.07524 0.081668 0.08752
0.0726 0.081976 0.09228
0.07612 0.082264 0.09948
0.08048 0.086876 0.1064
0.0788 0.083784 0.0896
0.07832 0.083852 0.0934
0.07384 0.082528 0.08828
0.07676 0.082276 0.09212
0.08172 0.085412 0.09288
0.08032 0.083504 0.08752
0.07688 0.0816 0.09408
0.07884 0.084348 0.09248
0.07408 0.080768 0.08764
0.07576 0.082276 0.10128
0.0778 0.08232 0.08904
0.0758 0.082924 0.10852
0.07596 0.08484 0.09076
0.07352 0.08268 0.08864
0.07628 0.08046 0.09156
0.07336 0.07926 0.09292
0.0752 0.078528 0.08616
0.07488 0.078508 0.08792
0.07216 0.076844 0.08284
0.07436 0.078568 0.08616
0.07276 0.07528 0.08088
0.07204 0.07662 0.08024
0.07088 0.075688 0.08308
0.07208 0.074728 0.07864
0.07212 0.077084 0.0822
0.07244 0.076372 0.08496
0.07248 0.077252 0.08724
0.07252 0.076028 0.08076
0.07152 0.074436 0.08136
0.07148 0.075572 0.08232
0.07312 0.076128 0.0838
0.07264 0.078568 0.08496
0.07228 0.076576 0.0876
0.0726 0.0759 0.08524
0.07236 0.075456 0.08172
0.07236 0.07768 0.08884
0.07128 0.07562 0.07808
0.07004 0.073708 0.07616
0.07272 0.07546 0.0814
0.07184 0.074792 0.08008
0.07224 0.076124 0.08168
0.07248 0.0747 0.08144
0.07388 0.076168 0.08288
0.07124 0.073808 0.07696
0.07164 0.073128 0.07676
0.07068 0.073824 0.081
0.07084 0.074908 0.07716
0.07044 0.073832 0.0784
0.07136 0.073904 0.07788
0.07004 0.073504 0.0776
0.07216 0.075336 0.0818
0.07032 0.072808 0.07716
0.07008 0.07324 0.07764
0.07096 0.073844 0.08152
0.0702 0.07424 0.07988
0.07024 0.073616 0.07656
0.0702 0.072312 0.07716
0.06908 0.073476 0.07788
0.07056 0.073112 0.07696
0.06964 0.072544 0.07532
0.06936 0.071804 0.07584
0.06968 0.070916 0.07276
0.069 0.071848 0.07648
0.06952 0.071972 0.07416
0.0694 0.07158 0.07436
0.06988 0.073368 0.08256
0.06848 0.071652 0.075
0.06908 0.071136 0.07368
0.06928 0.071424 0.07324
0.06924 0.070132 0.07228
0.06816 0.070792 0.0728
0.0684 0.071032 0.0748
0.06872 0.069988 0.07184
0.0682 0.070352 0.07308
0.06848 0.070256 0.07248
0.06936 0.071696 0.07424
0.0676 0.070216 0.07192
0.06832 0.069608 0.07544
0.0684 0.069736 0.07252
0.0678 0.070872 0.07528
0.06804 0.069404 0.07148
0.06732 0.069412 0.07236
0.06744 0.06924 0.07296
0.06796 0.069352 0.07216
0.0672 0.068824 0.07012
0.0676 0.068976 0.07064
0.06716 0.068876 0.07032
0.06744 0.068916 0.07008
0.06704 0.068304 0.06936
0.06748 0.0685 0.06944
0.06624 0.068804 0.0712
0.06792 0.068848 0.07048
0.06696 0.068872 0.07068
0.06832 0.068912 0.07032
0.06692 0.068724 0.0724
0.0668 0.068584 0.07168
0.06736 0.068572 0.07144
0.06692 0.069212 0.07276
0.06764 0.069828 0.07264
0.0668 0.069592 0.0736
0.0674 0.069268 0.075
0.06724 0.068924 0.07128
0.06776 0.06944 0.0738
0.06744 0.069032 0.07668
0.06684 0.068616 0.07136
0.06744 0.069156 0.0716
0.06736 0.06922 0.07136
0.0668 0.06788 0.06888
0.066 0.06932 0.0738
0.0674 0.069024 0.0728
0.06692 0.069568 0.07708
0.067 0.068264 0.071
0.06668 0.068812 0.07248
0.066 0.068108 0.06996
0.06712 0.06862 0.07028
0.0674 0.068624 0.07316
0.0668 0.068336 0.06992
0.06768 0.069096 0.07204
0.06668 0.06808 0.07056
0.0666 0.067932 0.06988
0.06608 0.069524 0.0748
0.06672 0.068828 0.07376
0.0662 0.06814 0.07044
0.06684 0.068504 0.07116
0.06676 0.06838 0.07072
0.06656 0.06814 0.06988
0.06652 0.068576 0.07296
0.06676 0.068092 0.07112
0.06628 0.068232 0.07004
0.06676 0.067704 0.06904
0.06644 0.067964 0.06928
0.06652 0.067396 0.0688
0.06644 0.068 0.07344
0.0662 0.069884 0.0798
0.0668 0.067944 0.07112
0.06612 0.067416 0.06876
0.06636 0.067864 0.07028
0.06656 0.06778 0.0696
0.0664 0.067488 0.06908
0.06648 0.068096 0.07104
0.0664 0.067344 0.06868
0.06664 0.067792 0.06956
0.06576 0.067856 0.07292
0.0666 0.067892 0.0694
0.06632 0.0682 0.07216
0.066 0.066956 0.06896
0.06616 0.067384 0.07024
0.066 0.06732 0.07028
0.06576 0.067848 0.07116
0.06628 0.068352 0.07384
0.0656 0.06694 0.0684
0.0664 0.067648 0.06936
0.0654 0.066684 0.0688
0.0652 0.066828 0.06796
0.06564 0.067728 0.07296
0.06624 0.068144 0.07736
0.06564 0.0675 0.06924
0.06596 0.06724 0.0684
0.06616 0.068612 0.07488
0.06592 0.067224 0.06868
0.06608 0.067928 0.07104
0.06604 0.067872 0.07108
0.06636 0.068448 0.07524
0.06648 0.067512 0.06864
0.06552 0.068348 0.07552
0.06572 0.067364 0.0704
0.0656 0.06702 0.06796
0.06584 0.067756 0.07096
0.06612 0.068084 0.07304
0.06608 0.067388 0.0698
0.06668 0.06824 0.07044
0.06656 0.069488 0.07404
0.06576 0.068016 0.06928
0.0658 0.066944 0.06872
0.066 0.067324 0.06984
0.06516 0.067724 0.07284
0.06632 0.068748 0.077
0.0654 0.067784 0.0696
0.06604 0.067504 0.069
0.06624 0.067532 0.06992
0.06584 0.067116 0.07048
0.0662 0.068044 0.07224
0.066 0.067576 0.0728
0.06588 0.067436 0.07
0.06668 0.067204 0.06828
0.06604 0.067936 0.07316
0.06596 0.067692 0.07216
0.06644 0.067848 0.07164
0.06564 0.067924 0.07356
0.06492 0.06776 0.07324
0.06584 0.067128 0.06836
0.06636 0.067768 0.06948
0.06596 0.067068 0.06872
0.06564 0.067416 0.07032
0.06612 0.067328 0.0684
0.06572 0.067396 0.06872
0.06688 0.067884 0.06956
0.06616 0.067608 0.07036
0.0662 0.067312 0.06792
0.06668 0.068312 0.0734
0.06632 0.0679 0.07028
0.06576 0.06752 0.07164
0.06608 0.067232 0.06832
0.06636 0.068092 0.0704
0.06552 0.067684 0.07116
0.06564 0.067208 0.06856
0.06556 0.067068 0.06848
0.06564 0.067304 0.06908
0.06604 0.068336 0.072
0.06648 0.067896 0.07008
0.06628 0.067968 0.07412
0.06644 0.068044 0.07228
0.06624 0.067308 0.06856
0.06576 0.068348 0.07396
0.0664 0.069028 0.07836
0.06592 0.067348 0.06924
0.06592 0.06714 0.06872
0.06612 0.068488 0.07652
0.06528 0.067128 0.0684
0.06552 0.067416 0.0722
0.06632 0.067396 0.06844
0.06632 0.067464 0.0682
0.06704 0.067644 0.06852
0.066 0.067508 0.07048
0.0668 0.069204 0.07272
0.06712 0.067828 0.0692
0.066 0.067648 0.06856
0.06664 0.06806 0.07052
0.06644 0.0678 0.07032
0.06648 0.068064 0.07008
0.066 0.067348 0.0692
0.066 0.067348 0.0692
0.06676 0.068324 0.07272
0.06644 0.068504 0.07136
0.06604 0.067572 0.07036
0.06588 0.067216 0.0684
0.06596 0.067888 0.06928
0.066 0.06808 0.07308
0.06684 0.068224 0.07088
0.06632 0.069556 0.07652
0.06556 0.067624 0.0692
0.066 0.06998 0.08648
0.066 0.069916 0.08916
0.0668 0.068164 0.07088
0.06528 0.068148 0.07288
0.06504 0.068792 0.075
0.06624 0.068912 0.07308
0.06628 0.067992 0.07048
0.06512 0.066772 0.06868
0.06532 0.067256 0.07224
0.06468 0.066808 0.06928
0.06624 0.068184 0.07516
0.06636 0.06762 0.0712
0.06564 0.067052 0.0718
0.06516 0.0669 0.06828
0.06572 0.066928 0.0676
0.06524 0.066916 0.06836
0.06572 0.067192 0.0702
0.06564 0.067328 0.06932
0.0654 0.068064 0.0738
0.06556 0.067596 0.07192
0.0648 0.066772 0.06864
0.0662 0.067484 0.0716
0.0658 0.066984 0.07224
0.06608 0.067184 0.06964
0.06532 0.067928 0.0718
0.06596 0.06722 0.06888
0.0654 0.067424 0.06888
0.06644 0.06752 0.06912
0.06568 0.06762 0.06888
0.0662 0.0675 0.0718
0.06536 0.068804 0.0778
0.0664 0.067356 0.07068
0.06536 0.066776 0.06748
0.06592 0.066376 0.06744
0.06488 0.06676 0.06792
0.06516 0.067736 0.07488
0.06612 0.066928 0.06932
0.06532 0.066548 0.07028
0.0656 0.066752 0.0694
0.06628 0.068976 0.07764
0.06512 0.066544 0.06776
0.066 0.067628 0.07004
0.06524 0.066624 0.06848
0.06508 0.066448 0.06796
0.065 0.066852 0.06984
0.06548 0.066924 0.07036
0.06544 0.066484 0.06796
0.06544 0.066832 0.0696
0.06556 0.066504 0.06748
0.06544 0.067128 0.0714
0.06488 0.06704 0.07024
0.06496 0.066952 0.06848
0.06552 0.066592 0.06784
0.06492 0.068664 0.08004
0.06536 0.06712 0.06936
0.06556 0.068564 0.0768
0.06552 0.068276 0.07296
0.06548 0.067804 0.0756
0.06528 0.067504 0.0728
0.06556 0.068084 0.08136
0.06588 0.067176 0.06932
0.06608 0.06722 0.06812
0.06496 0.067256 0.0702
0.06508 0.066896 0.06896
0.06548 0.068876 0.07952
0.066 0.067964 0.07464
0.06552 0.067968 0.07452
0.06576 0.06992 0.07844
0.06564 0.067692 0.07868
0.06556 0.06772 0.07408
0.06644 0.068372 0.07116
0.06508 0.077528 0.1642
0.06552 0.068756 0.07284
0.06532 0.06798 0.07252
0.06544 0.06868 0.08196
0.06572 0.067964 0.07184
0.06568 0.067892 0.07568
0.06556 0.067252 0.0724
0.06528 0.0667 0.06804
0.0652 0.06714 0.0724
0.06524 0.068724 0.07888
0.0652 0.066556 0.0686
0.06512 0.066536 0.06872
0.06488 0.06624 0.06784
0.06564 0.066608 0.06968
0.06528 0.068104 0.07236
0.06544 0.067572 0.07612
0.0654 0.066264 0.06708
0.06572 0.067512 0.07576
0.06592 0.069268 0.08428
0.06568 0.066548 0.06736
0.0658 0.06754 0.07504
0.06632 0.067204 0.06872
0.0658 0.066564 0.06756
0.06532 0.066128 0.06708
0.06504 0.06746 0.07544
0.06564 0.067212 0.07292
0.0656 0.067108 0.06992
0.06584 0.067244 0.06972
0.066 0.066824 0.06856
0.06468 0.066212 0.06728
0.06488 0.06718 0.0728
0.06556 0.066836 0.06908
0.06596 0.068336 0.0762
0.06536 0.067268 0.07196
0.06524 0.066312 0.06768
0.06568 0.066292 0.06712
0.0656 0.0671 0.07048
0.06512 0.066368 0.07008
0.06536 0.06602 0.06776
0.0656 0.067576 0.07652
0.06488 0.066384 0.07004
0.0658 0.066496 0.06784
0.06568 0.066524 0.06776
0.06516 0.066452 0.06824
0.06492 0.066212 0.06724
0.06584 0.06656 0.06752
0.066 0.067116 0.07068
0.06572 0.066508 0.06728
0.06592 0.066488 0.06724
0.066 0.066932 0.06796
0.06564 0.066728 0.06776
0.06588 0.066688 0.0674
0.06636 0.067016 0.06768
0.06624 0.06742 0.06876
0.06532 0.066812 0.06864
0.06584 0.067184 0.07064
0.06552 0.066516 0.06728
0.0654 0.066752 0.068
0.06572 0.067012 0.06932
0.06596 0.067208 0.0726
0.06564 0.066448 0.06772
0.0654 0.066632 0.06736
0.06576 0.067148 0.0706
0.06556 0.067052 0.06808
0.06576 0.067052 0.07116
0.06572 0.066956 0.06868
0.0654 0.068552 0.07396
0.06556 0.06676 0.06848
0.06564 0.067288 0.07192
0.06576 0.06662 0.06752
0.066 0.066928 0.06936
0.06572 0.067732 0.07868
0.06564 0.066832 0.06908
0.0654 0.066332 0.06756
0.06524 0.068552 0.07996
0.06544 0.066416 0.06724
0.066 0.067132 0.0718
0.06556 0.067768 0.07508
0.06532 0.066436 0.06868
0.0656 0.066584 0.06752
0.06556 0.066876 0.071
0.06532 0.066896 0.06908
0.06488 0.066824 0.06888
0.06552 0.066924 0.07004
0.06572 0.068628 0.07756
0.06512 0.06782 0.0742
0.06532 0.067752 0.07368
0.06548 0.06656 0.06896
0.06552 0.067372 0.0734
0.06576 0.066692 0.06836
0.06536 0.066936 0.07208
0.06588 0.067076 0.07032
0.06612 0.068048 0.07288
0.06564 0.067388 0.07404
0.06572 0.066732 0.06848
0.06516 0.067056 0.06944
0.06616 0.067932 0.07336
0.06552 0.066624 0.06812
0.06608 0.067056 0.0684
0.06576 0.068548 0.075
0.06584 0.066496 0.06796
0.06596 0.0668 0.06824
0.06624 0.067048 0.06824
0.06552 0.066888 0.0716
0.06576 0.06672 0.06724
0.06564 0.066664 0.06736
0.06536 0.066168 0.06688
0.06596 0.066956 0.07216
0.06612 0.067128 0.06836
0.06592 0.06678 0.06808
0.06568 0.066868 0.06872
0.06604 0.067232 0.0724
0.06596 0.06826 0.078
0.0654 0.066864 0.06888
0.06592 0.066848 0.06848
0.066 0.066784 0.06764
0.0656 0.067048 0.07052
0.06524 0.066584 0.0674
0.06604 0.066756 0.06832
0.0654 0.066596 0.06768
0.06548 0.066932 0.06984
0.06476 0.06642 0.06864
0.06616 0.06674 0.06772
0.06568 0.06656 0.06712
0.06628 0.068972 0.07992
0.06568 0.066196 0.06684
0.06516 0.066192 0.06728
0.0654 0.066468 0.06768
0.06528 0.066316 0.06744
0.06552 0.067068 0.0686
0.06508 0.066384 0.0672
0.06552 0.066196 0.06732
0.06584 0.06654 0.06756
0.065 0.066288 0.06744
0.06564 0.067064 0.07356
0.06576 0.066564 0.06788
0.06516 0.065996 0.06728
0.06576 0.066384 0.0668
0.06508 0.066112 0.06696
0.06544 0.06714 0.075
0.0654 0.06746 0.07336
0.06572 0.066652 0.06976
0.06556 0.06616 0.06772
0.0658 0.066588 0.06744
0.06536 0.06658 0.06792
0.06564 0.066688 0.06776
0.0656 0.066492 0.0674
0.06564 0.066616 0.068
0.06608 0.067092 0.06868
0.06604 0.067332 0.0716
0.06548 0.066276 0.06768
0.06548 0.0663 0.06816
0.0662 0.066952 0.06864
0.06548 0.06622 0.0674
0.066 0.066444 0.06696
0.06528 0.066128 0.06732
0.06508 0.066572 0.06808
0.06584 0.066884 0.06792
0.06484 0.066184 0.06776
0.0658 0.066268 0.06736
0.0658 0.06696 0.06828
0.06552 0.067212 0.07448
0.0648 0.066464 0.06848
0.06564 0.066636 0.06772
0.06592 0.066444 0.06736
0.06536 0.066688 0.07032
0.06572 0.066996 0.06844
0.06576 0.066464 0.0674
0.06564 0.067192 0.07108
0.06552 0.066592 0.06772
0.0652 0.066836 0.06812
0.06604 0.067072 0.06912
0.06576 0.066548 0.06764
0.06592 0.066488 0.06888
0.06608 0.066648 0.06764
0.06572 0.066872 0.06772
0.06552 0.06664 0.0676
0.06612 0.06692 0.068
0.06572 0.066524 0.06768
0.0654 0.067404 0.07672
0.06548 0.066612 0.0678
0.06556 0.066272 0.06672
0.06572 0.066384 0.06788
0.06572 0.066148 0.06692
0.06564 0.066452 0.0694
0.06516 0.067012 0.07056
0.06532 0.066324 0.06988
0.06508 0.066348 0.06812
0.06556 0.066456 0.0678
0.06592 0.0664 0.0672
0.06516 0.067384 0.0708
0.06532 0.066728 0.06828
0.06556 0.066388 0.067
0.06528 0.065908 0.06664
0.06564 0.066184 0.0682
0.06592 0.067076 0.06948
0.0658 0.066708 0.06924
0.06532 0.06634 0.06816
0.06588 0.066556 0.06996
0.06552 0.066224 0.06732
0.0656 0.066296 0.0672
0.06564 0.06636 0.06692
0.0654 0.066276 0.06708
0.06488 0.066204 0.06708
0.06592 0.066424 0.06744
0.06556 0.066312 0.06768
0.06528 0.066108 0.0666
0.06552 0.066172 0.06656
0.06536 0.06628 0.067
0.06508 0.066292 0.06792
0.06568 0.066492 0.0672
0.06532 0.0663 0.06856
0.0654 0.066156 0.06852
0.06584 0.066384 0.06784
0.0654 0.066056 0.06736
0.06536 0.066552 0.06764
0.06576 0.066236 0.06668
0.06604 0.066432 0.06672
0.06552 0.066248 0.06712
0.06556 0.06636 0.06684
0.0656 0.066316 0.06712
0.06576 0.066264 0.06688
0.0656 0.066376 0.06708
0.06584 0.066368 0.06688
0.06592 0.0663 0.06676
0.066 0.06644 0.06688
0.06572 0.066304 0.06704
0.0658 0.066332 0.06708
0.06576 0.066264 0.06688
0.066 0.066336 0.06668
0.06564 0.066212 0.06664
0.06608 0.066416 0.0668
0.06592 0.06638 0.06672
0.06572 0.066208 0.06672
0.06576 0.066192 0.06648
0.06564 0.066248 0.0666
0.06572 0.066176 0.0672
0.06588 0.066272 0.06688
0.0658 0.066284 0.06708
0.06588 0.066208 0.0668
0.06528 0.066164 0.06672
0.06564 0.066348 0.06672
0.06576 0.066292 0.06676
0.06592 0.06632 0.06696
0.06572 0.066344 0.06668
0.06564 0.066348 0.0668
0.06588 0.066244 0.06672
0.06584 0.066384 0.06684
0.0656 0.066184 0.06644
0.06556 0.066256 0.0674
0.06596 0.066376 0.06708
0.06564 0.066172 0.06664
0.06588 0.066172 0.06652
0.06548 0.066268 0.06708
0.0658 0.066168 0.0666
0.06548 0.066348 0.0668
0.06604 0.066344 0.06664
0.06584 0.066344 0.0666
0.06588 0.06638 0.06684
0.06588 0.066484 0.06712
0.06608 0.066552 0.067
0.0658 0.066172 0.06644
0.06584 0.066328 0.06696
0.0658 0.066376 0.06672
0.06596 0.066376 0.06684
0.0656 0.066292 0.06672
0.066 0.066344 0.0666
0.0658 0.066292 0.06696
0.06556 0.066208 0.0668
0.066 0.066324 0.0668
0.06584 0.066336 0.06668
0.06584 0.066264 0.06692
0.0658 0.066228 0.06692
0.06596 0.066388 0.06692
0.06572 0.066324 0.067
0.06612 0.066384 0.06704
0.06592 0.066364 0.06684
0.066 0.066396 0.06688
0.06548 0.066208 0.06676
0.06556 0.066252 0.06664
0.06568 0.066128 0.06652
0.06552 0.066192 0.06668
0.06572 0.066376 0.06692
0.06576 0.066396 0.06712
0.0656 0.066208 0.06692
0.0658 0.066368 0.0672
0.06588 0.066384 0.06704
0.06588 0.066372 0.06696
0.0658 0.066332 0.06688
0.0658 0.066332 0.06676
0.06604 0.066292 0.06664
0.06608 0.06642 0.0668
0.06636 0.066536 0.06676
0.06596 0.06646 0.06708
0.06604 0.066416 0.06676
0.066 0.066372 0.06672
0.06588 0.066464 0.06676
0.06584 0.066312 0.06656
0.06588 0.066464 0.067
0.066 0.066444 0.06684
0.06624 0.066468 0.06676
0.06584 0.066472 0.06724
0.06596 0.06644 0.0668
0.06616 0.066464 0.06692
0.0662 0.066624 0.06704
0.0662 0.066532 0.06684
0.06604 0.066552 0.06696
0.06552 0.066336 0.06692
0.06608 0.066452 0.06692
0.06612 0.066472 0.06684
0.06608 0.066508 0.06692
0.06612 0.066432 0.06676
0.06636 0.066764 0.06712
0.06596 0.06642 0.0668
0.06592 0.066488 0.0674
0.06624 0.06656 0.06736
0.06588 0.066484 0.067
0.06584 0.066448 0.06696
0.06616 0.066688 0.06708
0.06592 0.06654 0.0672
0.06632 0.066744 0.06756
0.06616 0.066568 0.06712
0.06616 0.066532 0.06716
0.06588 0.066404 0.06684
0.06552 0.066516 0.06688
0.06628 0.066568 0.06688
0.06596 0.066508 0.067
0.06616 0.066548 0.067
0.06612 0.066388 0.0666
0.06604 0.066436 0.06688
0.06556 0.0663 0.06692
0.06596 0.06644 0.06696
0.0658 0.066304 0.06668
0.06632 0.066548 0.06724
0.06592 0.06644 0.06696
0.06588 0.066248 0.06704
0.0656 0.066352 0.06676
0.06564 0.066424 0.06716
0.066 0.066328 0.06672
0.066 0.066544 0.06716
0.06548 0.066168 0.06676
0.06628 0.066516 0.06704
0.0662 0.066684 0.0672
0.06596 0.066464 0.06712
0.06604 0.066388 0.06696
0.06596 0.066416 0.06668
0.06616 0.066536 0.06692
0.06592 0.066388 0.06676
0.06616 0.066488 0.06688
0.06612 0.066496 0.06684
0.06612 0.066556 0.06688
0.06604 0.066376 0.06692
0.06596 0.066388 0.06676
0.06624 0.06654 0.067
0.06612 0.066476 0.0672
0.06548 0.066412 0.06692
0.066 0.066432 0.06696
0.06624 0.066544 0.06716
0.06608 0.06658 0.06712
0.06584 0.066332 0.06716
0.06612 0.066552 0.06704
0.06616 0.066544 0.06728
0.06608 0.066412 0.06704
0.0658 0.066388 0.06672
0.0656 0.066408 0.06688
0.066 0.066664 0.06732
0.066 0.066676 0.06704
0.06604 0.06644 0.06684
0.06596 0.066724 0.06764
0.06576 0.066536 0.06708
0.0662 0.066544 0.06708
0.06632 0.066664 0.06716
0.06612 0.066644 0.06716
0.0664 0.066724 0.06736
0.06584 0.0665 0.06696
0.0664 0.06668 0.06692
0.06608 0.066588 0.06716
0.0658 0.066568 0.06748
0.06608 0.066584 0.06728
0.06608 0.066692 0.06704
0.066 0.066432 0.06708
0.06616 0.066656 0.06712
0.06608 0.066644 0.06708
0.06628 0.066616 0.06716
0.06616 0.066752 0.06744
0.06604 0.066592 0.0674
0.06608 0.066448 0.06692
0.06636 0.066728 0.06696
0.06604 0.066604 0.06692
0.06628 0.066752 0.0672
0.06604 0.066616 0.0674
0.06596 0.066592 0.06712
0.06616 0.066604 0.06712
0.0658 0.0666 0.06696
0.0662 0.066676 0.0672
0.06596 0.066644 0.06724
0.06604 0.0666 0.067
0.06648 0.0668 0.067
0.0658 0.066592 0.06696
0.06624 0.066704 0.06716
0.0664 0.066808 0.06752
0.06584 0.066508 0.06696
0.066 0.066484 0.06684
0.06628 0.066796 0.06744
0.06592 0.066472 0.06728
0.06592 0.06678 0.06732
0.06612 0.066648 0.06708
0.06616 0.066764 0.06712
0.06584 0.06656 0.06732
0.06592 0.066464 0.06712
0.06572 0.066564 0.06716
0.0662 0.066564 0.06728
0.06636 0.066732 0.06724
0.06636 0.066764 0.06728
0.06612 0.0666 0.06716
0.06616 0.06662 0.06688
0.06616 0.066632 0.06704
0.06588 0.066628 0.06704
0.06604 0.066628 0.06716
0.06616 0.066628 0.06704
0.06644 0.066944 0.06744
0.06624 0.066748 0.06728
0.06612 0.066588 0.06704
0.06632 0.066632 0.06692
0.06608 0.066764 0.06744
0.06612 0.066592 0.06732
0.06636 0.066872 0.0676
0.06648 0.066784 0.06748
0.06624 0.066668 0.06716
0.06616 0.066668 0.0676
0.06608 0.066676 0.06724
0.06584 0.066616 0.06716
0.06592 0.066628 0.06732
0.06636 0.066752 0.0672
0.06596 0.06666 0.06736
0.06596 0.06664 0.06728
0.06612 0.066564 0.06708
0.0664 0.0667 0.06696
0.06616 0.066584 0.06692
0.06632 0.066696 0.06708
0.06596 0.066552 0.06712
0.06596 0.066572 0.06716
0.06596 0.06648 0.06696
0.066 0.066456 0.06712
0.066 0.066344 0.06692
0.0662 0.06652 0.06676
0.066 0.066392 0.06676
0.06632 0.066628 0.06732
0.06588 0.06644 0.067
0.06568 0.066364 0.06676
0.06592 0.06642 0.06672
0.06604 0.066368 0.06676
0.06572 0.06652 0.06728
0.06596 0.06654 0.06716
0.066 0.066468 0.06696
0.06612 0.066468 0.06692
0.06612 0.066472 0.06684
0.06576 0.066392 0.06688
0.06592 0.066336 0.06696
0.06616 0.066432 0.06692
0.06616 0.066436 0.06676
0.06588 0.066492 0.06728
0.06584 0.066316 0.06676
0.06592 0.066424 0.06672
0.066 0.066528 0.06712
0.06572 0.066404 0.06684
0.06624 0.066692 0.06724
0.0656 0.066464 0.06716
0.06592 0.066576 0.06696
0.06588 0.066352 0.06696
0.06584 0.06632 0.0668
0.066 0.066332 0.06668
0.06624 0.066672 0.06704
0.06612 0.066448 0.06684
0.06592 0.066396 0.06684
0.06576 0.066428 0.06688
0.06608 0.066448 0.06684
0.06596 0.066528 0.067
0.0656 0.066464 0.06716
0.06636 0.0667 0.0672
0.06612 0.066628 0.0672
0.06604 0.066568 0.06716
0.06552 0.06632 0.06668
0.06632 0.06672 0.06712
0.06632 0.066596 0.067
0.06604 0.0666 0.06708
0.0662 0.066588 0.06716
0.06576 0.06648 0.06684
0.06556 0.066416 0.06676
0.066 0.066452 0.06684
0.06608 0.066508 0.06712
0.06612 0.066604 0.06708
0.06564 0.066548 0.06712
0.06588 0.066348 0.06688
0.06612 0.0665 0.06688
0.06612 0.066496 0.06712
0.06612 0.066336 0.0666
0.06624 0.066672 0.06744
0.06596 0.066488 0.06716
0.06592 0.066632 0.06724
0.06592 0.066584 0.067
0.0658 0.066336 0.06712
0.06616 0.066388 0.06672
0.066 0.066352 0.06676
0.06612 0.066424 0.06696
0.06576 0.066484 0.06728
0.06616 0.066416 0.067
0.06584 0.066428 0.0672
0.06616 0.066448 0.06672
0.06588 0.066476 0.06708
0.06584 0.06636 0.0668
0.06616 0.066572 0.0672
0.06596 0.066396 0.06708
0.06588 0.066268 0.06696
0.06592 0.066368 0.06704
0.06628 0.06646 0.067
0.06564 0.066332 0.06676
0.06596 0.066352 0.06708
0.06608 0.066412 0.0668
0.06588 0.066288 0.067
0.06564 0.06646 0.06716
0.066 0.066464 0.06684
0.06612 0.066556 0.06704
0.06596 0.066448 0.06712
0.0658 0.066624 0.06692
0.06572 0.066424 0.06692
0.066 0.06642 0.06696
0.06584 0.066296 0.06688
0.06572 0.06636 0.06672
0.06608 0.066724 0.06736
0.06604 0.066452 0.0668
0.06596 0.066396 0.06684
0.06596 0.066332 0.0666
0.06624 0.066492 0.06704
0.06572 0.066372 0.0668
0.06588 0.06648 0.06692
0.06636 0.066584 0.06704
0.0656 0.066284 0.067
0.06616 0.06654 0.06712
0.066 0.06644 0.0668
0.06612 0.066504 0.06732
0.06604 0.066412 0.0668
0.06604 0.06644 0.06712
0.0656 0.066276 0.0668
0.06596 0.06644 0.06688
0.0658 0.06644 0.06732
0.06612 0.066348 0.06672
0.06564 0.066352 0.06704
0.06592 0.06632 0.06692
0.0658 0.06628 0.06712
0.066 0.066532 0.06692
0.0656 0.066296 0.06708
0.06596 0.066576 0.06708
0.06576 0.066332 0.06704
0.06616 0.066484 0.06688
0.06604 0.066496 0.06712
0.066 0.06648 0.06684
0.06572 0.066308 0.06688
0.06572 0.066368 0.06688
0.06584 0.0661 0.06656
0.0656 0.066192 0.06672
0.06572 0.066276 0.06664
0.06576 0.06634 0.06676
0.06588 0.0663 0.0666
0.06556 0.066176 0.0666
0.06624 0.066528 0.06684
0.06584 0.0664 0.0672
0.06584 0.06612 0.06648
0.06576 0.066236 0.06652
0.06556 0.06626 0.06684
0.0654 0.066336 0.06712
0.06588 0.066164 0.06652
0.06576 0.066252 0.06696
0.066 0.066368 0.06676
0.066 0.066388 0.06672
0.06572 0.06644 0.0668
0.0658 0.066324 0.06672
0.06588 0.066416 0.06684
0.06576 0.066128 0.06656
0.06544 0.066276 0.06668
0.06588 0.066288 0.0668
0.06556 0.066396 0.06716
0.06588 0.066164 0.06672
0.06564 0.066188 0.06648
0.06592 0.066508 0.06716
0.06572 0.06624 0.06692
0.06612 0.066608 0.06696
0.06588 0.066208 0.06672
0.066 0.066384 0.06708
0.06588 0.066224 0.06668
0.06584 0.066396 0.06688
0.06584 0.06638 0.067
0.06592 0.066432 0.06684
0.06604 0.066476 0.0672
0.06608 0.06636 0.06688
0.06568 0.066148 0.06716
0.06556 0.066256 0.06704
0.06592 0.066348 0.0668
0.06564 0.066272 0.06672
0.06588 0.066336 0.06712
0.06564 0.066316 0.06708
0.0658 0.066248 0.0666
0.06592 0.066508 0.06688
0.0656 0.06636 0.06688
0.06576 0.066356 0.06672
0.0658 0.066152 0.06676
0.06568 0.066296 0.0668
0.06532 0.066236 0.06716
0.06572 0.066372 0.0668
0.06568 0.06608 0.06632
0.06572 0.06614 0.06664
0.06548 0.066088 0.06664
0.0656 0.066144 0.06668
0.06564 0.066128 0.06664
0.06584 0.066488 0.06696
0.06584 0.066208 0.06644
0.06536 0.066132 0.06676
0.0658 0.066296 0.06676
0.06564 0.066252 0.06684
0.06596 0.06632 0.06676
0.06608 0.06642 0.067
0.06592 0.066424 0.06672
0.06592 0.066352 0.06676
0.06544 0.06642 0.06708
0.06596 0.066256 0.06672
0.06556 0.0663 0.06668
0.0658 0.066272 0.06676
0.0658 0.066268 0.06684
0.06576 0.066376 0.06712
0.06568 0.066488 0.06716
0.066 0.066488 0.0672
0.066 0.066456 0.06704
0.0658 0.066216 0.06676
0.06592 0.066448 0.067
0.06572 0.066272 0.06728
0.06548 0.066332 0.06664
0.06588 0.066384 0.06676
0.06592 0.06628 0.06668
0.06592 0.066376 0.06668
0.0662 0.066532 0.06688
0.06612 0.066444 0.06676
0.06584 0.06628 0.06672
0.0658 0.066316 0.06684
0.06592 0.06634 0.06684
0.06608 0.066432 0.0668
0.06604 0.066368 0.0668
0.0658 0.066336 0.06672
0.06596 0.066476 0.067
0.06588 0.066428 0.06692
0.06544 0.066444 0.06692
0.06608 0.066364 0.0666
0.06612 0.066548 0.0672
0.06616 0.066624 0.06724
0.06616 0.066604 0.06704
0.06612 0.0665 0.06688
0.06612 0.066544 0.0668
0.06604 0.06648 0.0668
0.06616 0.066548 0.06696
0.06588 0.066452 0.067
0.06624 0.066648 0.06692
0.06608 0.066612 0.06744
0.0662 0.066528 0.06704
0.06612 0.066464 0.06696
0.06612 0.066528 0.06716
0.06596 0.066344 0.06692
0.06588 0.066328 0.0668
0.06588 0.066336 0.06684
0.06604 0.066404 0.06696
0.06604 0.066392 0.06676
0.06564 0.066236 0.06664
0.06604 0.066436 0.06692
0.06588 0.066436 0.06676
0.06632 0.066572 0.06684
0.0662 0.066544 0.06724
0.06608 0.066604 0.0672
0.066 0.066432 0.06728
0.06612 0.066564 0.0672
0.06608 0.066512 0.067
0.066 0.066424 0.06696
0.06604 0.0665 0.067
0.0654 0.066184 0.06656
0.06596 0.066384 0.06688
0.06612 0.066432 0.06672
0.066 0.066384 0.06696
0.06612 0.066468 0.0672
0.066 0.066376 0.06688
0.0656 0.066184 0.06664
0.06552 0.066284 0.06672
0.06584 0.066348 0.06684
0.066 0.066404 0.06712
0.0652 0.066244 0.06668
0.06564 0.066568 0.0672
0.0654 0.066336 0.067
0.06592 0.066332 0.06688
0.06608 0.066396 0.06696
0.06572 0.066248 0.06672
0.06576 0.066296 0.06688
0.06588 0.066332 0.0668
0.06576 0.066344 0.06692
0.06552 0.066228 0.06672
0.066 0.06652 0.0668
0.06568 0.066212 0.06664
0.06596 0.066336 0.06684
0.06572 0.06638 0.0668
0.06588 0.06624 0.06708
0.06512 0.066096 0.06664
0.0658 0.066184 0.0666
0.06576 0.066304 0.06676
0.06592 0.066208 0.06672
0.06548 0.06608 0.0664
0.06604 0.06624 0.06652
0.06596 0.066244 0.06668
0.06572 0.06626 0.06676
0.06556 0.066152 0.06652
0.06572 0.066224 0.06676
0.06572 0.066288 0.06712
0.06604 0.066356 0.0668
0.06584 0.066316 0.06664
0.06556 0.066344 0.06676
0.06548 0.066232 0.0668
0.06496 0.066108 0.0666
0.0658 0.0662 0.0666
0.0656 0.066248 0.06672
0.066 0.066248 0.06648
0.06584 0.066312 0.0674
0.0658 0.06624 0.06652
0.06584 0.066284 0.06684
0.06572 0.066176 0.06664
0.06556 0.06614 0.0666
0.06576 0.066156 0.06664
0.06556 0.0662 0.06708
0.0658 0.066276 0.06652
0.06552 0.066092 0.06644
0.06556 0.066224 0.06664
0.0658 0.066192 0.0666
0.06588 0.066292 0.06708
0.06596 0.0663 0.0666
0.06556 0.06616 0.06664
0.06564 0.066128 0.06656
0.0656 0.066104 0.06636
0.06564 0.066076 0.06656
0.06596 0.066496 0.06728
0.06556 0.066216 0.0668
0.0658 0.066156 0.0666
0.06584 0.066268 0.06684
0.06572 0.066112 0.06648
0.06576 0.066052 0.06664
0.06548 0.065984 0.0666
0.06588 0.06626 0.06664
0.0658 0.066108 0.06672
0.06596 0.06628 0.06704
0.06584 0.06642 0.06732
0.0656 0.066188 0.06648
0.06572 0.066304 0.06672
0.06572 0.066196 0.06672
0.06528 0.066164 0.067
0.06564 0.066256 0.06708
0.06556 0.066168 0.0668
0.06576 0.0662 0.06664
0.0656 0.06598 0.06644
0.06576 0.06626 0.06672
0.06552 0.066288 0.0666
0.0654 0.066164 0.06664
0.06556 0.066172 0.0668
0.06552 0.06616 0.067
0.06584 0.066284 0.06672
0.0658 0.066184 0.0668
0.06556 0.066128 0.06664
0.066 0.066324 0.0668
0.066 0.066288 0.0668
0.06576 0.066228 0.06672
0.06552 0.066028 0.06664
0.06548 0.066056 0.06672
0.06564 0.06614 0.06684
0.0654 0.066024 0.06648
0.06588 0.066068 0.0664
0.06576 0.066168 0.0664
0.06572 0.066144 0.0664
0.0658 0.066216 0.06728
0.06572 0.066136 0.06652
0.06564 0.066036 0.06664
0.0658 0.066176 0.0666
0.06592 0.066192 0.06664
0.06568 0.066168 0.06664
0.06528 0.066072 0.06644
0.06552 0.06622 0.06708
0.0656 0.065996 0.06656
0.0658 0.066384 0.06712
0.06572 0.066108 0.06684
0.06564 0.066024 0.06632
0.06568 0.066332 0.06696
0.06568 0.066088 0.06668
0.06576 0.066188 0.0666
0.06564 0.066236 0.06704
0.06596 0.066228 0.06664
0.06584 0.066188 0.06668
0.06572 0.066336 0.0668
0.06568 0.065992 0.0664
0.06556 0.065972 0.0666
0.06536 0.06616 0.06672
0.06556 0.066088 0.0668
0.0656 0.066228 0.06672
0.06584 0.066236 0.06668
0.06568 0.06616 0.06676
0.06548 0.065992 0.06644
0.06572 0.066152 0.06664
0.06564 0.066244 0.06676
0.06564 0.066112 0.06668
0.06576 0.066264 0.06688
0.06556 0.066196 0.06664
0.06556 0.066092 0.0664
0.0656 0.066196 0.06676
0.06556 0.06602 0.06652
0.0656 0.065928 0.06624
0.06512 0.06594 0.06668
0.06544 0.066052 0.0668
0.06576 0.066164 0.06668
0.06564 0.066016 0.06688
0.0656 0.066148 0.06676
0.06568 0.066068 0.0666
0.06576 0.06608 0.06652
0.06564 0.066076 0.06644
0.06588 0.066248 0.06672
0.06592 0.066244 0.06664
0.06568 0.066164 0.06676
0.06576 0.066156 0.0666
0.06576 0.066124 0.06636
0.06572 0.066148 0.06656
0.06552 0.066076 0.06672
0.0656 0.06614 0.06672
0.0652 0.065968 0.06652
0.0656 0.066176 0.06668
0.06576 0.066076 0.06648
0.06556 0.066004 0.06664
0.06564 0.066232 0.06672
0.06568 0.066168 0.06668
0.06572 0.0662 0.06676
0.06564 0.066288 0.0668
0.06552 0.066072 0.06652
0.0656 0.066284 0.06668
0.06568 0.066088 0.06668
0.06552 0.065992 0.06656
0.06544 0.065816 0.06628
0.0656 0.06608 0.06664
0.0656 0.066076 0.06656
0.0656 0.066268 0.06684
0.06528 0.065972 0.06656
0.06564 0.066056 0.06652
0.06552 0.066012 0.06708
0.06572 0.0662 0.06664
0.06576 0.066216 0.06664
0.06536 0.06582 0.06624
0.06524 0.06588 0.06628
0.06592 0.06618 0.06652
0.0658 0.066192 0.06644
0.06584 0.066176 0.06672
0.06528 0.06602 0.0666
0.06536 0.065996 0.06644
0.0656 0.066012 0.06664
0.06592 0.066152 0.06672
0.06564 0.066116 0.06632
0.06552 0.066136 0.06696
0.06564 0.066248 0.0668
0.0658 0.066156 0.06664
0.06552 0.066044 0.06632
0.06548 0.066092 0.06664
0.0658 0.066108 0.06664
0.06568 0.066252 0.06676
0.06556 0.066216 0.0666
0.0656 0.06616 0.06684
0.06588 0.066132 0.06644
0.06588 0.066184 0.0664
0.06592 0.06622 0.06656
0.0656 0.06618 0.0668
0.06584 0.066164 0.06664
0.06572 0.066216 0.06676
0.06564 0.066104 0.06648
0.06532 0.066 0.06648
0.06572 0.06622 0.06656
0.0658 0.06622 0.0666
0.06564 0.066116 0.06672
0.0656 0.066108 0.06656
0.066 0.066224 0.0664
0.06556 0.066104 0.06644
0.0652 0.065952 0.06692
0.0654 0.066068 0.06652
0.06528 0.066216 0.06664
0.06568 0.066112 0.06664
0.0656 0.066012 0.0666
0.0656 0.066152 0.06668
0.06556 0.066096 0.06668
0.0658 0.0661 0.06652
0.06556 0.06594 0.06652
0.06596 0.066232 0.0666
0.06544 0.066136 0.06672
0.06588 0.066196 0.06644
0.06576 0.066268 0.06668
0.06584 0.066284 0.06684
0.06592 0.066332 0.06712
0.0656 0.066116 0.06668
0.06592 0.066196 0.0666
0.06532 0.066152 0.06656
0.066 0.066384 0.06684
0.06568 0.066064 0.06648
0.06584 0.066212 0.06664
0.06596 0.066408 0.06692
0.0658 0.066336 0.06696
0.0658 0.0663 0.06664
0.06584 0.066392 0.06684
0.06544 0.066176 0.06684
0.06568 0.066168 0.06656
0.06556 0.066216 0.06664
0.06568 0.066236 0.06656
0.06596 0.066396 0.06688
0.06564 0.066124 0.06664
0.066 0.066324 0.06664
0.06584 0.066396 0.067
0.0658 0.066116 0.06632
0.06568 0.066244 0.06672
0.0658 0.066392 0.06692
0.0658 0.066208 0.06684
0.06604 0.066308 0.06688
0.06584 0.066188 0.06648
0.06544 0.065912 0.06652
0.06552 0.06606 0.06648
0.06592 0.066144 0.06652
0.06552 0.0661 0.06656
0.06588 0.066072 0.06636
0.06556 0.066172 0.06668
0.06568 0.066072 0.06648
0.06556 0.066236 0.06676
0.06544 0.066212 0.06692
0.0656 0.066124 0.06676
0.06564 0.066108 0.06704
0.06588 0.0663 0.06664
0.06592 0.066336 0.06748
0.06572 0.066156 0.06684
0.06544 0.066264 0.067
0.06564 0.066288 0.06688
0.06592 0.066196 0.06648
0.0658 0.066208 0.06672
0.06544 0.066036 0.06644
0.06576 0.066008 0.06664
0.06564 0.066032 0.0666
0.0654 0.066116 0.06652
0.06572 0.06628 0.06668
0.06568 0.06612 0.06652
0.06572 0.066048 0.06652
0.0656 0.066168 0.06672
0.06544 0.066064 0.06676
0.06576 0.066068 0.06632
0.06572 0.066128 0.06648
0.06584 0.066208 0.06652
0.06524 0.065916 0.06672
0.06544 0.065852 0.06632
0.0652 0.065824 0.0666
0.06524 0.06584 0.06684
0.06544 0.065876 0.0664
0.06588 0.066324 0.06692
0.06512 0.065864 0.06648
0.06572 0.066092 0.06632
0.06516 0.066064 0.06668
0.06576 0.066028 0.06644
0.06568 0.065984 0.06624
0.06548 0.066104 0.0668
0.06564 0.0659 0.0662
0.06552 0.06614 0.06668
0.0654 0.065952 0.06672
0.06572 0.066088 0.0666
0.0656 0.0661 0.06656
0.06548 0.06598 0.0664
0.06552 0.065944 0.06652
0.06524 0.065872 0.06624
0.06556 0.066052 0.06664
0.06556 0.066036 0.06664
0.06528 0.065968 0.0666
0.06572 0.066076 0.06656
0.06552 0.066036 0.06636
0.06576 0.066072 0.06636
0.06552 0.065944 0.06628
0.06544 0.06612 0.06656
0.06548 0.066 0.0662
0.06572 0.065952 0.06656
0.0654 0.066008 0.06664
0.0654 0.066088 0.06652
0.0652 0.066172 0.06652
0.06564 0.06602 0.06648
0.0654 0.065936 0.06632
0.06592 0.066108 0.06664
0.0652 0.06592 0.0664
0.06512 0.065884 0.0662
0.06552 0.066008 0.06628
0.0654 0.06578 0.06612
0.06528 0.065808 0.06632
0.0654 0.06592 0.06652
0.06544 0.065772 0.06604
0.06568 0.066064 0.06664
0.06548 0.06582 0.06616
0.06548 0.066012 0.06636
0.06544 0.065992 0.06628
0.06516 0.06594 0.06632
0.0652 0.065856 0.0662
0.06548 0.06586 0.06648
0.06532 0.065788 0.06616
0.065 0.065928 0.06648
0.06528 0.065944 0.06652
0.0654 0.066172 0.06672
0.06536 0.065888 0.06656
0.06536 0.065832 0.06624
0.06548 0.066 0.06668
0.06568 0.06602 0.06628
0.06528 0.065728 0.06616
0.06532 0.065728 0.06636
0.0654 0.0661 0.0664
0.06556 0.066056 0.06632
0.06556 0.06598 0.06644
0.06536 0.065852 0.06636
0.0654 0.06594 0.0662
0.06576 0.066028 0.06636
0.06572 0.065996 0.0662
0.06584 0.066124 0.06644
0.06544 0.065888 0.06648
0.06536 0.065704 0.06616
0.06512 0.06594 0.0664
0.065 0.065992 0.0666
0.06556 0.065956 0.06648
0.0654 0.065792 0.06608
0.06556 0.066008 0.06644
0.06544 0.065932 0.06628
0.06564 0.066008 0.06644
0.06548 0.065972 0.0664
0.06516 0.065872 0.06632
0.06572 0.066096 0.06644
0.06524 0.065916 0.06688
0.0656 0.06598 0.06644
