0.35512 0.437768 0.54996
0.33544 0.429368 0.54856
0.36512 0.466692 0.53552
0.32104 0.386028 0.48776
0.27584 0.361316 0.47032
0.31068 0.376368 0.46192
0.23584 0.313836 0.4118
0.271 0.33126 0.38016
0.23088 0.316644 0.40264
0.23276 0.255968 0.29352
0.23396 0.267344 0.3424
0.22792 0.256348 0.30364
0.23148 0.271416 0.325
0.201 0.253876 0.29576
0.2222 0.25962 0.34168
0.21128 0.24984 0.33664
0.22564 0.248096 0.2692
0.20548 0.249588 0.27188
0.20352 0.251692 0.3058
0.20728 0.24492 0.30112
0.22084 0.246752 0.27528
0.20176 0.229092 0.27064
0.19428 0.23928 0.25712
0.21836 0.24174 0.26308
0.19596 0.221432 0.23352
0.19944 0.217856 0.23172
0.2088 0.233976 0.25252
0.2008 0.223968 0.25068
0.20128 0.22534 0.25552
0.1946 0.223356 0.24292
0.20008 0.221544 0.24648
0.19844 0.2161 0.24684
0.20564 0.23258 0.25612
0.18816 0.214732 0.23676
0.19124 0.227644 0.26576
0.20492 0.235304 0.26012
0.18704 0.222756 0.24632
0.17668 0.213556 0.24216
0.20096 0.225152 0.25764
0.17456 0.202664 0.22356
0.18568 0.207352 0.25872
0.188 0.210208 0.23596
0.18028 0.204728 0.23664
0.17604 0.21642 0.2524
0.18292 0.205764 0.24104
0.18952 0.206212 0.23324
0.18676 0.201216 0.21888
0.18724 0.213612 0.25648
0.17212 0.206328 0.24284
0.1816 0.202608 0.25652
0.18152 0.198568 0.22732
0.1836 0.208572 0.22624
0.19392 0.210976 0.22744
0.19612 0.215616 0.24472
0.21496 0.22944 0.26576
0.40276 0.476884 0.53712
0.35364 0.466672 0.58688
0.3472 0.42102 0.52056
0.291 0.36836 0.47132
0.29876 0.347 0.43012
0.33804 0.385636 0.47408
0.28 0.34876 0.42788
0.23148 0.308132 0.3698
0.22036 0.31166 0.45868
0.22744 0.281596 0.36
0.21784 0.259304 0.31504
0.24828 0.297956 0.33636
0.21872 0.27106 0.32592
0.2204 0.250984 0.28504
0.22988 0.272272 0.36592
0.19968 0.221976 0.26796
0.20304 0.227588 0.25976
0.20116 0.23402 0.2808
0.21644 0.230224 0.25448
0.21096 0.252376 0.3038
0.21432 0.245636 0.29168
0.19144 0.223216 0.2544
0.18936 0.210572 0.22412
0.19996 0.23246 0.26628
0.21232 0.2372 0.27028
0.20964 0.245064 0.2826
0.2042 0.230864 0.26448
0.19104 0.221756 0.24724
0.19788 0.226712 0.27088
0.20824 0.235224 0.27428
0.2008 0.2281 0.27404
0.21644 0.240592 0.27852
0.21604 0.227804 0.24328
0.20688 0.231496 0.27184
0.21648 0.255496 0.31148
0.19772 0.232444 0.26844
0.19732 0.230776 0.27452
0.20564 0.223056 0.26724
0.1956 0.215948 0.27472
0.191 0.224356 0.25924
0.18688 0.235612 0.3176
0.18804 0.23288 0.25688
0.19776 0.225248 0.29648
0.18752 0.233176 0.2648
0.2046 0.245388 0.30016
0.20084 0.245792 0.30864
0.20504 0.22544 0.2484
0.195 0.224364 0.27364
0.1904 0.210716 0.23104
0.18924 0.207276 0.22684
0.19 0.20498 0.21472
0.15712 0.204168 0.2338
0.18108 0.21532 0.24172
0.1874 0.206632 0.2406
0.19364 0.209828 0.23604
0.17688 0.207724 0.2302
0.18144 0.205372 0.24712
0.20268 0.225736 0.24968
0.18836 0.224304 0.29132
0.189 0.220488 0.27012
0.1768 0.205256 0.2352
0.16932 0.199176 0.22376
0.181 0.209256 0.23168
0.17892 0.20286 0.2252
0.19216 0.22388 0.25488
0.18044 0.218272 0.24912
0.18108 0.21196 0.23264
0.18936 0.21126 0.22752
0.18236 0.200876 0.24504
0.1784 0.215908 0.29536
0.17944 0.202104 0.24384
0.16604 0.197696 0.23476
0.17892 0.201144 0.23704
0.17784 0.198884 0.234
0.16656 0.195196 0.25348
0.1706 0.192316 0.23692
0.17416 0.200376 0.23416
0.17932 0.20196 0.22288
0.18372 0.209848 0.22904
0.17328 0.208044 0.25556
0.17516 0.198016 0.221
0.16 0.187464 0.2196
0.16292 0.184548 0.2264
0.17472 0.19096 0.2064
0.17148 0.188504 0.22792
0.16284 0.20702 0.24496
0.178 0.203532 0.22308
0.17616 0.196372 0.24728
0.1814 0.204704 0.2258
0.1886 0.19666 0.22396
0.16636 0.19994 0.22216
0.169 0.184264 0.2118
0.15536 0.180872 0.20224
0.15984 0.195836 0.2272
0.1666 0.189772 0.21896
0.16772 0.20154 0.28236
0.17032 0.196084 0.21752
0.1792 0.195576 0.21652
0.163 0.179684 0.209
0.16628 0.204156 0.24164
0.174 0.196652 0.21928
0.19324 0.208252 0.23136
0.16596 0.198516 0.23824
0.1728 0.202096 0.2416
0.1886 0.214768 0.26208
0.1862 0.20974 0.2388
0.18236 0.203468 0.23736
0.16268 0.191824 0.21888
0.181 0.206912 0.3258
0.17388 0.192364 0.20728
0.15068 0.187624 0.20664
0.16328 0.196804 0.22712
0.14864 0.199136 0.234
0.16612 0.182968 0.22356
0.18368 0.213136 0.25156
0.17308 0.210568 0.2636
0.18296 0.242856 0.43552
0.15864 0.18552 0.22604
0.17548 0.186412 0.2236
0.14968 0.19348 0.23184
0.17464 0.191964 0.2118
0.15976 0.193644 0.2452
0.18372 0.200084 0.23752
0.16656 0.193232 0.25784
0.16552 0.190956 0.22512
0.15472 0.184036 0.20984
0.31892 0.416928 0.55756
0.32088 0.435372 0.56044
0.334 0.457696 0.56912
0.32692 0.433404 0.53664
0.33036 0.414924 0.6
0.32028 0.47524 0.55292
0.3146 0.363268 0.42792
0.27776 0.37172 0.48736
0.28124 0.356716 0.46756
0.30352 0.3834 0.52988
0.31576 0.365892 0.479
0.23996 0.365436 0.51276
0.2186 0.279128 0.31852
0.27028 0.321188 0.38128
0.22772 0.279704 0.3204
0.24228 0.320328 0.46032
0.2274 0.286308 0.35036
0.26316 0.300064 0.33352
0.2302 0.27226 0.31952
0.23952 0.290952 0.3586
0.20872 0.252556 0.33804
0.2198 0.294984 0.3484
0.23464 0.266552 0.30844
0.20288 0.23664 0.28432
0.23492 0.291552 0.37684
0.21952 0.25674 0.32704
0.2322 0.282872 0.37732
0.20792 0.249124 0.29596
0.22244 0.264484 0.31864
0.21156 0.237728 0.26068
0.20736 0.230552 0.25896
0.22608 0.254608 0.32936
0.21544 0.25056 0.31108
0.22444 0.25346 0.28988
0.22624 0.2574 0.29444
0.229 0.251376 0.2972
0.21396 0.24248 0.26004
0.20248 0.238492 0.27044
0.21236 0.237464 0.29156
0.2206 0.247772 0.29408
0.20288 0.245344 0.29228
0.19884 0.2309 0.2842
0.22456 0.239832 0.2614
0.21144 0.252628 0.31508
0.21192 0.230424 0.26836
0.216 0.24302 0.2726
0.20912 0.236108 0.25716
0.19796 0.232516 0.25928
0.21076 0.228072 0.24976
0.21384 0.232576 0.26336
0.20976 0.231036 0.27908
0.19908 0.231984 0.26008
0.19636 0.22568 0.27216
0.1972 0.225056 0.25704
0.19412 0.2308 0.27868
0.2118 0.230932 0.2656
0.2034 0.225732 0.246
0.20644 0.224988 0.23568
0.20296 0.21716 0.23776
0.20944 0.226188 0.28128
0.20068 0.229336 0.25308
0.207 0.227016 0.25936
0.1958 0.218388 0.25684
0.19104 0.211784 0.24564
0.20708 0.217728 0.23044
0.19016 0.228404 0.25024
0.21056 0.24058 0.26956
0.21236 0.22754 0.25096
0.19896 0.21198 0.25124
0.20792 0.225128 0.25248
0.19632 0.214616 0.23296
0.21112 0.233524 0.25932
0.2096 0.221124 0.24268
0.19804 0.2206 0.23788
0.18248 0.213868 0.23808
0.20248 0.213048 0.22908
0.19164 0.210484 0.2246
0.203 0.217336 0.23284
0.19616 0.207852 0.2184
0.21524 0.228212 0.25316
0.18692 0.206564 0.23368
0.19352 0.215052 0.23904
0.19632 0.209372 0.24736
0.19672 0.22076 0.24188
0.19816 0.215696 0.24516
0.1906 0.20952 0.22616
0.17932 0.206636 0.25204
0.19052 0.209788 0.22572
0.1882 0.201884 0.22648
0.18228 0.19932 0.224
0.19076 0.202016 0.2188
0.19528 0.207272 0.21408
0.17956 0.196184 0.2234
0.18528 0.206336 0.2286
0.19712 0.210152 0.22492
0.19512 0.21198 0.25508
0.18088 0.205956 0.22984
0.19092 0.216372 0.2404
0.19576 0.214976 0.23888
0.19312 0.216012 0.2434
0.20252 0.219796 0.23896
0.19876 0.215516 0.23244
0.18432 0.217128 0.24792
0.20308 0.218768 0.2466
0.2018 0.235736 0.26608
0.21444 0.225812 0.24212
0.19792 0.219336 0.23592
0.204 0.226008 0.25976
0.18408 0.206912 0.2242
0.19296 0.216508 0.25
0.1928 0.214412 0.23832
0.19468 0.219588 0.27556
0.19364 0.208324 0.22216
0.20628 0.227288 0.27368
0.19732 0.226268 0.26148
0.22024 0.234304 0.25724
0.1824 0.21674 0.23776
0.19392 0.218476 0.23348
0.19692 0.21232 0.22424
0.1874 0.210092 0.23504
0.17716 0.21568 0.24128
0.17576 0.210828 0.24668
0.2004 0.220292 0.27232
0.18768 0.224044 0.24912
0.19188 0.216864 0.24376
0.19168 0.227892 0.277
0.20124 0.217244 0.2432
0.19764 0.21388 0.23516
0.19588 0.21586 0.24976
0.20312 0.227692 0.25184
0.20332 0.228332 0.28588
0.20016 0.23172 0.276
0.20712 0.224552 0.24244
0.21128 0.231584 0.25548
0.1696 0.214528 0.26852
0.18924 0.219476 0.26596
0.1886 0.23132 0.29528
0.20008 0.232868 0.28636
0.21116 0.236392 0.26384
0.19416 0.227364 0.26836
0.20724 0.237196 0.2678
0.19456 0.222384 0.26864
0.19288 0.224204 0.25072
0.1984 0.226656 0.24812
0.21716 0.24388 0.27036
0.18912 0.260132 0.34528
0.21316 0.25126 0.27612
0.21856 0.245148 0.31176
0.21564 0.243092 0.29644
0.20412 0.241752 0.29012
0.19332 0.227704 0.25584
0.30024 0.397108 0.48928
