-6049.16816271 -3152.30668438 -1631.83175566
-6366.62640602 -3184.16579118 -1369.54338185
-5885.67192379 -3853.36114614 -1443.94100343
-4645.23226756 -2260.18198301 -1197.24947574
-4020.24328156 -1908.40402435 -1023.38909756
-3784.85671469 -1976.32496986 -1315.73203245
-2054.0436822 -1344.79562583 -832.506867127
-2094.69458039 -1389.89158903 -990.423713792
-2203.57847816 -1312.53499046 -903.212341748
-1107.44716935 -999.593914152 -833.44382818
-1221.61504158 -963.04298079 -748.175175444
-1135.87640465 -934.427739118 -779.185987264
-1214.2321522 -981.282020694 -827.434730242
-1011.9228062 -892.113805892 -706.400600764
-1179.43302741 -885.293033969 -717.27000065
-1425.4974056 -828.558191888 -679.616855791
-876.219587776 -764.877533181 -661.564254695
-944.547537531 -764.090937061 -671.674189572
-1081.94527023 -764.724166635 -659.622004878
-929.955647711 -728.086864999 -580.824336119
-793.179051689 -688.535108338 -601.423133099
-928.075602983 -689.835327582 -583.172696784
-707.480094245 -662.809060434 -569.469752017
-743.239731722 -642.97110594 -568.858412322
-688.548205438 -594.699164335 -516.203740329
-729.236110009 -625.236764632 -573.106690851
-664.196166865 -592.459495132 -453.325107745
-697.611392953 -584.101985168 -497.162294896
-754.407653508 -598.388022904 -524.396055
-645.83943287 -546.927286178 -433.073998379
-571.911843033 -489.354403065 -387.801785546
-596.631520999 -534.675735441 -460.387283621
-666.77367119 -544.5145428 -472.939378046
-549.180417768 -479.285011305 -411.416503785
-698.89733241 -552.160221725 -490.993032984
-742.110653931 -541.646502215 -433.771649302
-635.495263945 -509.434807139 -445.218659704
-507.467810169 -485.495939923 -458.19590966
-691.453941042 -516.310870032 -401.008465127
-595.712264028 -487.806471797 -391.042046506
-547.391818678 -487.024364722 -444.06352237
-587.922596554 -457.552688199 -393.677508566
-538.655684901 -466.616561316 -395.296580658
-599.129492543 -453.053661993 -369.064179868
-735.074133848 -466.196941371 -385.138249447
-519.749918592 -449.353729509 -366.584471654
-529.170407451 -437.030220269 -362.84160181
-763.257581753 -490.079192109 -363.476067648
-529.840645881 -411.664266422 -336.507794448
-501.677005941 -422.591389685 -350.395289642
-518.533513422 -448.439667272 -392.421103556
-473.803834191 -399.869439381 -361.126480379
-444.350104344 -379.009638966 -305.475695967
-743.4228354 -453.956023247 -343.67771916
-689.342136137 -435.802459761 -282.795368341
-6255.51472316 -4262.96560876 -2281.60421298
-7702.52736632 -4004.93403679 -1970.19106718
-5060.50126821 -2888.37074751 -1373.49630528
-3929.078568 -1727.29728406 -1041.3016502
-2243.01194353 -1522.58470006 -1057.65742338
-3718.97736815 -2227.39718203 -1297.63104874
-2700.24999045 -1620.69670931 -909.716908459
-1846.00953284 -1270.22090441 -807.131196834
-4170.44923311 -1473.51873132 -900.87206911
-1699.1819839 -1071.51951001 -785.676438103
-1194.78777153 -976.618092264 -770.815239383
-1248.44540799 -1060.73931046 -801.37045395
-1416.73022344 -965.590659646 -736.616335633
-1048.90268793 -851.057091404 -718.580770657
-2289.2234998 -1087.76087799 -808.722712727
-972.741491371 -888.375905761 -748.232972102
-872.898030773 -769.178010878 -607.353660582
-966.437691452 -841.06116451 -654.454787582
-820.75444577 -726.846903366 -607.845734336
-1075.69427482 -847.141633615 -700.803080688
-1002.53159704 -847.372978226 -727.952113065
-902.935258578 -745.44081425 -594.626206158
-1011.69628476 -776.834635657 -528.743088458
-1003.47287108 -876.093501227 -609.906763934
-767.391146991 -660.542445148 -548.700972685
-882.809855117 -724.61083693 -575.91971415
-806.169384498 -688.509247077 -441.886777522
-806.696527072 -673.943133081 -543.472077888
-897.084520868 -665.788561304 -545.169122691
-702.923148288 -578.613313127 -443.41311177
-737.456799976 -585.708248018 -500.128555703
-690.870061382 -618.770092993 -519.782652307
-649.606623707 -561.185842379 -444.962227847
-665.171937622 -572.825406412 -442.18518615
-975.07567273 -686.168503139 -578.224172872
-658.441638204 -590.705787365 -505.020024872
-655.668295542 -539.253494079 -438.804546638
-686.501103819 -538.571443852 -413.47688605
-725.463457214 -577.727177232 -463.103218215
-658.810568534 -550.086294451 -464.844481916
-1229.8656694 -621.140335059 -369.747441533
-621.9008774 -557.501759104 -446.352382208
-775.705837184 -546.226553023 -462.013169579
-624.517037732 -577.895100704 -477.774723249
-994.632483806 -619.444008068 -438.570721809
-1249.0615497 -654.630774331 -467.083111088
-653.373599494 -585.738514547 -491.838476654
-777.428167263 -543.488513374 -421.801720085
-639.276753501 -515.557658359 -415.433928317
-605.047044262 -526.630927344 -459.503158678
-670.28126879 -558.109430962 -442.820043106
-760.279704932 -510.295381279 -364.685137218
-661.563110949 -504.424243326 -375.406212258
-633.643766698 -495.552906555 -345.152554104
-621.049740309 -567.895073285 -484.15105089
-591.373613368 -486.822127213 -367.856269309
-529.165575067 -450.591432113 -396.674401756
-620.55122375 -508.165078148 -424.646089645
-833.182575166 -557.395017743 -327.483904136
-988.181966152 -542.671175158 -379.131201205
-546.976925276 -441.472115064 -297.842683179
-764.83884151 -506.733368025 -398.334840999
-513.990459511 -460.485235036 -409.869457485
-499.343202515 -402.56541951 -358.050415695
-846.364329673 -513.102779311 -360.410535041
-600.155834332 -443.783342679 -372.528990014
-617.110445558 -446.748762142 -381.727164161
-603.588651424 -454.318693615 -382.113957595
-554.744291679 -467.455932447 -367.543150313
-1762.02209755 -536.599430054 -336.021785112
-689.626593906 -484.417044872 -367.188565278
-630.011536729 -504.343745574 -413.251522215
-663.390076923 -480.586276388 -356.763040741
-546.67881747 -428.398103666 -367.449363038
-677.733435958 -488.961004083 -339.76626209
-593.593386873 -453.442605113 -343.809950144
-524.140552106 -349.300367227 -261.773846822
-524.429733086 -431.765998442 -371.075923865
-654.821979851 -528.865408687 -462.277486246
-755.707003183 -501.952080123 -410.170527572
-565.787599005 -470.364726037 -390.689611998
-631.525764389 -465.349838965 -367.033513613
-651.433418001 -473.76607123 -258.465738462
-435.705548552 -365.234554503 -269.255897963
-548.144931526 -416.487388838 -274.394155324
-483.271078393 -396.217430077 -300.613572963
-488.107355457 -411.51229858 -314.766957325
-432.2866701 -339.294145845 -239.877176709
-663.309483447 -403.840871613 -268.00496849
-494.123423733 -431.463676875 -376.540912623
-528.198862445 -353.422355638 -264.980125517
-488.041921536 -382.805328554 -231.078519006
-616.224098279 -396.643427586 -264.204073314
-783.5974229 -371.92125844 -227.379912795
-383.610781889 -318.670080141 -225.591128587
-644.143119091 -390.925521413 -284.516056422
-467.027415977 -339.619793069 -300.93180998
-391.782545908 -342.137147766 -298.927057596
-511.748399947 -399.857545242 -333.484625325
-505.116183188 -359.428676089 -264.584473989
-395.760619638 -325.322763139 -227.72303898
-533.401619341 -324.96445821 -210.919562003
-538.558973803 -374.776628204 -305.780812442
-489.792385807 -350.803117738 -184.588662554
-621.797823636 -325.543768565 -210.929333927
-514.338278832 -328.904948447 -253.916224152
-488.636439591 -332.131875209 -240.97865546
-522.523624973 -342.001733452 -183.80763289
-1792.19962158 -417.023742644 -220.864496328
-396.277476159 -329.129825528 -230.102558655
-635.302493335 -325.121004553 -230.035564053
-547.900958171 -357.908400088 -176.072750487
-730.297644113 -393.069629756 -242.50036405
-471.673798745 -317.061927783 -248.261914062
-694.330627273 -348.803639874 -236.652405352
-759.20551857 -363.366163531 -205.875942479
-4514.52063683 -872.005719361 -174.757050794
-441.800881893 -305.815471147 -187.978682178
-374.368522729 -268.248965818 -162.69363048
-633.319993967 -342.371792206 -238.633895332
-478.982464737 -298.301945313 -174.678279191
-983.752558958 -396.965764596 -181.204272406
-563.72253982 -294.813376636 -173.077002813
-487.147647129 -305.346799685 -181.42854531
-523.166809087 -313.321259289 -209.810470346
-585.42730239 -315.46763262 -204.367480623
-6693.92147453 -2954.17619701 -1192.40595849
-7210.37074911 -2956.0072678 -937.908200383
-7554.97415148 -3711.62504192 -1532.76303859
-6046.5851184 -2905.37611766 -1280.9042419
-8386.57088943 -2936.67913183 -1309.48007705
-6901.45286435 -3813.1407499 -1021.6569043
-2229.87181982 -1612.03866192 -1057.24644045
-3877.74634965 -1862.34729708 -1148.50078235
-3874.28488641 -1663.482256 -959.246767174
-4991.8348788 -1989.79365046 -1007.68701565
-3907.98461146 -1647.31865512 -967.711802445
-5497.57612436 -1992.35240019 -934.552353207
-1366.46551821 -1121.90844238 -809.631393586
-1900.65439518 -1370.0225375 -899.483685359
-1214.02992142 -1000.23091535 -784.699897622
-3361.768116 -1431.68671878 -960.157447768
-1471.33582388 -1062.36354706 -735.979585613
-1248.56991719 -1072.47121041 -880.392517401
-1368.77661372 -1061.9855287 -805.0497925
-1967.80041722 -1212.27962719 -803.565510587
-1349.27091697 -982.190961032 -785.153109026
-1930.17064391 -1168.49977795 -857.01544561
-1528.88119028 -970.737489107 -585.900802656
-961.125457951 -824.095337367 -704.628903983
-1872.47540472 -1118.04203468 -763.812646063
-1244.10602401 -913.077042404 -738.895712028
-2270.14914661 -1137.16728037 -769.907777213
-1031.32213519 -852.191307743 -764.46649157
-1459.475054 -1038.83244959 -875.006916779
-936.394287132 -809.688892814 -743.973445292
-907.366965952 -782.194619628 -668.64359438
-1172.69169067 -897.882096483 -698.266276131
-1031.90591498 -805.814453571 -598.530074225
-922.555481199 -826.17422815 -679.90140065
-961.833401063 -842.94513528 -691.006640904
-990.478605454 -802.813709172 -517.388162861
-914.77962373 -770.357136542 -640.441566751
-888.725200964 -749.262681228 -571.491250038
-931.33835476 -777.639682813 -628.154780711
-979.041180384 -768.544324131 -549.760491062
-928.816467026 -815.33655706 -695.515570147
-899.947480937 -798.834672849 -672.89955092
-982.44913857 -842.439163279 -642.890760053
-1092.72651349 -847.183961302 -661.554572213
-951.811219102 -760.998925922 -695.908366797
-937.452196235 -799.782367638 -681.692129668
-831.542044157 -689.169747686 -585.32955341
-851.539487147 -711.687897352 -546.40696594
-741.351428796 -618.009150172 -463.62426419
-862.061870736 -699.48645516 -576.219027852
-876.748907877 -707.781885837 -588.431344249
-839.152107822 -682.082507061 -551.378122047
-853.206430067 -668.888629371 -463.634780082
-920.319586123 -793.373011204 -594.999312975
-912.817159339 -720.868451597 -601.636258168
-731.248928845 -606.825690194 -463.396941836
-840.858358509 -667.872505844 -516.598451574
-779.493034053 -697.104506906 -608.191331873
-732.042907833 -656.017435852 -541.384989021
-752.352931444 -573.558723395 -443.2511217
-753.214385796 -620.730558441 -434.643537866
-650.798932923 -583.837382037 -521.57049084
-702.04360571 -592.908556728 -484.196373078
-875.412984377 -573.250957749 -439.982352475
-651.746913516 -512.351395236 -408.120832105
-650.945210094 -481.754376273 -411.958308875
-618.71322027 -507.770319802 -401.233105918
-602.518179052 -507.246552038 -438.985910438
-612.578335777 -508.720763133 -411.106607401
-585.729652298 -498.051792407 -412.853172311
-635.648980338 -559.289250878 -414.710467489
-532.248302728 -440.15602861 -359.878905068
-406.872568628 -355.344199869 -304.791062887
-531.703344809 -428.381063784 -278.004950897
-687.731612868 -447.425208921 -241.145181454
-623.939048442 -420.015088021 -315.845099347
-515.802208578 -426.14196499 -348.207529642
-536.505382796 -453.230754752 -398.828913555
-520.67830959 -423.664288052 -370.252937891
-588.988467753 -461.350064577 -375.709246234
-512.487860598 -432.653804778 -369.92310725
-571.381106287 -463.429349771 -355.689777011
-508.363315421 -426.004460518 -369.814994484
-500.263087384 -447.246806658 -373.520421866
-549.917583132 -425.342128697 -325.339231477
-495.048695354 -375.917011415 -289.960760936
-539.821985574 -381.54927338 -311.027130812
-453.581787969 -373.7912571 -272.044842141
-533.418332436 -416.117103196 -272.533999439
-498.860726977 -380.063286802 -315.760261725
-426.717669253 -358.743163932 -277.342396823
-489.552344673 -392.483775834 -313.972857329
-492.046194013 -395.935450924 -265.854702462
-442.182728709 -366.685783116 -280.984558787
-482.25845686 -365.378550099 -224.861611424
-400.137962016 -337.161165938 -277.192288507
-430.219007155 -320.958214764 -245.77767544
-396.025180569 -308.557100852 -215.046616345
-429.792806027 -368.154053835 -291.560634407
-547.902669682 -396.235602881 -341.427476899
-402.374192555 -345.155611801 -263.296356438
-385.048434217 -314.174684785 -245.120145723
-432.619795356 -322.669585349 -235.888329165
-398.163682065 -320.185422316 -232.066128857
-458.671470114 -311.721223248 -154.203598607
-359.698649827 -302.823977675 -242.189785092
-389.549971566 -272.393844522 -222.192385916
-370.995069034 -257.297416786 -182.38284485
-453.517705987 -284.02361756 -200.544888109
-353.578272781 -289.210438826 -225.736817675
-367.064254246 -329.317523439 -276.944962396
-431.255945734 -331.822288354 -178.361700719
-329.728666764 -270.990016099 -195.392489259
-529.778075603 -322.285650821 -248.840538581
-488.151507727 -319.051819829 -177.380236701
-365.286003497 -286.853181508 -197.339084192
-348.257991102 -228.973992716 -161.229531871
-319.34148137 -240.101796866 -180.019381811
-320.102048926 -237.929589142 -151.705437959
-397.634057168 -245.844906118 -157.705381095
-368.921337074 -212.552675429 -105.799190345
-392.103164421 -270.776435625 -206.029937378
-438.641787763 -243.468416271 -142.075018402
-324.637253267 -264.828221529 -205.066539209
-279.083006868 -213.362003527 -161.704565107
-367.285775975 -273.394338796 -186.961117143
-326.411679486 -245.502195964 -192.56595455
-392.647940267 -249.629528471 -90.6421137078
-300.103900432 -225.666127365 -128.024304167
-332.588743876 -251.223576406 -192.184591336
-344.738690725 -226.199318256 -138.677409934
-397.614941857 -219.528844981 -91.0685558716
-244.416109572 -172.910518066 -103.926976631
-253.263208303 -167.916145001 -59.6153374324
-408.648405409 -247.472741001 -155.107706492
-291.227603892 -217.430528552 -120.385227583
-438.868669908 -236.581218882 -108.145466538
-557.660861535 -264.153521741 -90.9567914156
-375.089465796 -245.430509521 -155.29017003
-318.754802614 -245.197900171 -145.896006735
-234.000423156 -163.473098185 -86.0941818634
-349.05076709 -197.02570716 -123.554442229
-329.552776745 -200.419275188 -69.4938072299
-295.530934361 -176.365967319 -103.845522732
-273.207086978 -173.952147313 -109.287735507
-378.998784488 -207.308210996 -80.7859661304
-239.496757687 -170.811250237 -122.847491013
-440.599263052 -235.390607987 -128.212857704
-601.200481718 -252.374231745 -113.501851194
-252.281164746 -184.669419172 -77.9443227373
-208.032247418 -152.975821394 -89.8414698824
-4319.89780541 -2302.82827996 -1055.990894
