0.6 0.6 0.6
0.6 0.6 0.6
0.6 0.6 0.6
0.6 0.6 0.6
0.6 0.6 0.6
0.6 0.6 0.6
0.6 0.6 0.6
0.6 0.6 0.6
0.6 0.6 0.6
0.6 0.6 0.6
0.6 0.6 0.6
0.6 0.6 0.6
0.6 0.6 0.6
0.6 0.6 0.6
0.6 0.6 0.6
0.6 0.6 0.6
0.6 0.6 0.6
0.6 0.6 0.6
0.6 0.6 0.6
0.6 0.6 0.6
0.6 0.6 0.6
0.6 0.6 0.6
0.6 0.6 0.6
0.6 0.6 0.6
0.6 0.6 0.6
0.6 0.6 0.6
0.6 0.6 0.6
0.56676 0.596676 0.6
0.6 0.6 0.6
0.6 0.6 0.6
0.42364 0.582364 0.6
0.6 0.6 0.6
0.6 0.6 0.6
0.3054 0.5667 0.6
0.39232 0.577256 0.6
0.2436 0.562332 0.6
0.06476 0.066344 0.0678
0.065 0.065908 0.06676
0.06508 0.066716 0.06764
0.06632 0.066976 0.0678
0.06572 0.06666 0.06804
0.06528 0.06634 0.06776
0.06528 0.066304 0.06744
0.06564 0.066608 0.06772
0.0656 0.066964 0.06772
0.06496 0.066432 0.06708
0.06628 0.06704 0.06836
0.06612 0.06698 0.06808
0.06592 0.0671 0.06788
0.06604 0.067304 0.06824
0.06552 0.06724 0.06852
0.06644 0.067348 0.0682
0.06644 0.067468 0.0686
0.0672 0.067636 0.06852
0.0666 0.067856 0.06864
0.06608 0.067148 0.0682
0.067 0.067636 0.06864
0.06676 0.068016 0.06936
0.06696 0.06778 0.0686
0.06672 0.067596 0.06852
0.06636 0.06726 0.0686
0.06672 0.067496 0.06836
0.06696 0.067348 0.0678
0.06672 0.068064 0.06944
0.06636 0.067968 0.06956
0.0666 0.067796 0.06904
0.0666 0.067588 0.0688
0.06756 0.068172 0.06916
0.06676 0.067636 0.06864
0.0676 0.068276 0.06912
0.06672 0.067496 0.06832
0.06704 0.067832 0.06876
0.06648 0.067772 0.0688
0.06744 0.068156 0.06972
0.06676 0.067708 0.06964
0.0666 0.068024 0.06964
0.0666 0.067592 0.06888
0.06704 0.068184 0.06888
0.06716 0.06814 0.06936
0.0664 0.068108 0.06972
0.06728 0.068192 0.06888
0.06672 0.068292 0.06932
0.0676 0.068528 0.06992
0.06716 0.06828 0.06908
0.06724 0.068168 0.06944
0.06792 0.068424 0.06896
0.06744 0.068344 0.06984
0.06724 0.068236 0.0694
0.06716 0.06826 0.06968
0.06708 0.068404 0.069
0.06708 0.06834 0.07076
0.06688 0.067964 0.06896
0.06716 0.06794 0.06868
0.06756 0.068212 0.06924
0.06696 0.06794 0.06984
0.06628 0.067836 0.06856
0.06684 0.067836 0.06888
0.067 0.068012 0.06916
0.06652 0.068272 0.06968
0.06676 0.067908 0.0692
0.0662 0.067632 0.06876
0.06748 0.068112 0.06896
0.06672 0.06762 0.06824
0.06692 0.067964 0.0688
0.06684 0.067984 0.06944
0.06652 0.067796 0.06868
0.06708 0.068056 0.06912
0.06712 0.067988 0.06868
0.06616 0.067512 0.06852
0.06704 0.067644 0.06824
0.06604 0.06724 0.068
0.0668 0.067824 0.06868
0.06656 0.067612 0.0684
0.06708 0.067988 0.069
0.06688 0.067852 0.06896
0.06688 0.068172 0.0692
0.06744 0.068248 0.06872
0.06708 0.068232 0.0692
0.06688 0.067844 0.06868
0.06748 0.068188 0.06892
0.06764 0.068 0.06876
0.06728 0.068052 0.06884
0.06704 0.06808 0.06904
0.06736 0.068148 0.06948
0.06768 0.068448 0.06916
0.06748 0.068264 0.06904
0.06724 0.06846 0.06936
0.06724 0.068068 0.06912
0.06744 0.06808 0.06856
0.06628 0.068236 0.06932
0.06748 0.06826 0.0692
0.06728 0.06796 0.06872
0.06732 0.068144 0.06916
0.06732 0.068116 0.06936
0.06704 0.068212 0.06932
0.0666 0.067884 0.06872
0.06724 0.068176 0.06944
0.06776 0.068616 0.06952
0.06544 0.067636 0.06848
0.06716 0.068012 0.06888
0.0674 0.067932 0.06848
0.06732 0.068088 0.0694
0.0674 0.068092 0.0688
0.06724 0.067804 0.06872
0.06644 0.067664 0.06912
0.06704 0.067856 0.06832
0.06684 0.067812 0.06856
0.0666 0.067932 0.06956
0.06684 0.067772 0.0688
0.06644 0.067416 0.06864
0.06692 0.067924 0.06896
0.0662 0.067804 0.06884
0.06708 0.06788 0.06904
0.06692 0.06818 0.06884
0.06632 0.067688 0.06868
0.06692 0.067872 0.069
0.06724 0.068344 0.06928
0.0674 0.068152 0.06988
0.06716 0.068156 0.06908
0.06732 0.068 0.06916
0.0674 0.06806 0.06876
0.06732 0.067844 0.06836
0.06772 0.068296 0.06896
0.0676 0.068372 0.06932
0.06736 0.068012 0.06924
0.06728 0.068032 0.06912
0.06728 0.068028 0.06968
0.06708 0.06812 0.06912
0.06704 0.068124 0.06952
0.06804 0.068464 0.069
0.06732 0.06828 0.0692
0.0672 0.06844 0.06988
0.06704 0.068152 0.06936
0.06748 0.068116 0.06864
0.06736 0.068108 0.06924
0.06724 0.068008 0.06932
0.06784 0.06826 0.06888
0.06764 0.068504 0.06948
0.06672 0.067932 0.06864
0.067 0.067944 0.06876
0.06776 0.068104 0.06856
0.0676 0.068076 0.06852
0.06728 0.068488 0.06936
0.0672 0.067768 0.06848
0.067 0.06826 0.0694
0.06744 0.068552 0.06964
0.067 0.068428 0.06988
0.06728 0.068052 0.06876
0.06748 0.067936 0.0686
0.0676 0.068168 0.06904
0.06684 0.068112 0.06984
0.06708 0.068184 0.06972
0.0668 0.067776 0.06836
0.0674 0.068 0.06892
0.06724 0.06788 0.0688
0.06704 0.0681 0.0688
0.06696 0.068052 0.06868
0.06752 0.068168 0.06928
0.06788 0.06842 0.0692
0.06704 0.068188 0.06944
0.06712 0.067856 0.06896
0.06724 0.06786 0.06848
0.06736 0.068196 0.06896
0.06708 0.06806 0.06928
0.067 0.068004 0.06888
0.06692 0.068176 0.0692
0.06704 0.068204 0.06888
0.06644 0.067964 0.06888
0.06708 0.067916 0.06896
0.06732 0.068232 0.06928
0.06732 0.068184 0.06956
0.0678 0.068532 0.06932
0.06772 0.068268 0.06948
0.0676 0.068576 0.06948
0.0676 0.068216 0.06912
0.06768 0.068324 0.06912
0.06708 0.068108 0.06892
0.06712 0.068216 0.06868
0.06696 0.067728 0.06904
0.0666 0.068176 0.069
0.06744 0.06816 0.06876
0.06724 0.06834 0.06908
0.06736 0.067956 0.06844
0.06748 0.068464 0.06996
0.06788 0.068568 0.06968
0.06728 0.068084 0.06864
0.06772 0.06828 0.06876
0.06744 0.068512 0.06908
0.06724 0.068256 0.06916
0.0674 0.067924 0.0688
0.06752 0.068332 0.069
0.06728 0.068024 0.06916
0.06724 0.067992 0.06896
0.0678 0.068476 0.06908
0.06756 0.068048 0.0686
0.06772 0.068424 0.069
0.06696 0.06806 0.06864
0.06712 0.068112 0.06908
0.06708 0.06808 0.06868
0.067 0.067744 0.06844
0.06684 0.068044 0.06892
0.06716 0.067968 0.0692
0.06752 0.068196 0.06932
0.06744 0.067852 0.06876
0.06712 0.06784 0.06904
0.06704 0.067888 0.0688
0.06688 0.068308 0.06936
0.06724 0.067924 0.06884
0.06744 0.068204 0.06944
0.06752 0.068456 0.06976
0.06752 0.068144 0.0688
0.06704 0.068032 0.06908
0.0674 0.068224 0.06912
0.0674 0.068344 0.06928
0.0674 0.068208 0.06908
0.0676 0.068324 0.06908
0.06764 0.068368 0.06892
0.067 0.068276 0.06948
0.06712 0.068308 0.06928
0.06772 0.068476 0.06904
0.06708 0.06834 0.069
0.067 0.067864 0.06908
0.06736 0.068296 0.06904
0.06748 0.068296 0.06932
0.06772 0.068092 0.06888
0.06732 0.067964 0.06892
0.06744 0.068152 0.06948
0.06744 0.068168 0.06908
0.06776 0.068572 0.06932
0.06756 0.068324 0.0688
0.06732 0.067848 0.06832
0.06772 0.068132 0.06884
0.06728 0.068024 0.06912
0.06716 0.068304 0.06936
0.06732 0.067688 0.0686
0.0672 0.068328 0.06916
0.06688 0.06776 0.06904
0.06692 0.06778 0.06864
0.067 0.068028 0.06896
0.06708 0.068212 0.06936
0.06732 0.068264 0.06904
0.06688 0.067972 0.06892
0.06748 0.067936 0.0686
0.068 0.068472 0.06932
0.06716 0.068212 0.0688
0.0678 0.06838 0.069
0.06692 0.068188 0.06912
0.0672 0.06814 0.06952
0.06756 0.068312 0.06904
0.06744 0.068264 0.06964
0.0674 0.067988 0.06864
0.06784 0.068292 0.06904
0.06712 0.068256 0.06896
0.06744 0.068016 0.06872
0.06684 0.067944 0.06936
0.06708 0.068264 0.06944
0.06776 0.06814 0.069
0.06712 0.06806 0.06976
0.06736 0.067944 0.06868
0.06752 0.068212 0.06888
0.06712 0.068112 0.06908
0.06756 0.068412 0.06944
0.06744 0.067952 0.06872
0.06776 0.068456 0.06896
0.06744 0.068264 0.06932
0.06756 0.068092 0.06884
0.06736 0.068284 0.06952
0.0678 0.068464 0.06972
0.06712 0.067948 0.06864
0.0676 0.068452 0.06928
0.06792 0.068516 0.0692
0.06792 0.068448 0.06936
0.06776 0.068216 0.06884
0.0674 0.06834 0.06896
0.06724 0.06834 0.06872
0.06768 0.068144 0.06884
0.06724 0.067956 0.06892
0.0672 0.067852 0.06816
0.06744 0.068352 0.06896
0.06744 0.068048 0.06832
0.06768 0.068496 0.06996
0.06708 0.068288 0.06928
0.06716 0.067976 0.06872
0.06684 0.067812 0.06868
0.06744 0.067956 0.06848
0.06704 0.068104 0.06888
0.0676 0.068336 0.06948
0.06724 0.067792 0.06848
0.0668 0.068112 0.06944
0.06756 0.068128 0.06908
0.0672 0.067736 0.06856
0.0678 0.068284 0.06892
0.06732 0.068288 0.06936
0.067 0.068176 0.06908
0.06772 0.06838 0.06916
0.06688 0.068116 0.0694
0.06708 0.06798 0.06904
0.0672 0.068052 0.069
0.06748 0.068448 0.0694
0.06688 0.068016 0.06864
0.06748 0.06822 0.069
0.06692 0.067832 0.06876
0.06732 0.06802 0.06928
0.06732 0.067916 0.06884
0.06736 0.068572 0.0694
0.06804 0.06856 0.0694
0.06744 0.06848 0.06944
0.06724 0.068364 0.06988
0.06708 0.06806 0.06884
0.06784 0.068332 0.0688
0.0674 0.068288 0.06968
0.06776 0.068368 0.06904
0.06768 0.068256 0.06892
0.06748 0.068632 0.06956
0.0676 0.068268 0.06896
0.0674 0.068592 0.06952
0.0672 0.068392 0.06992
0.06756 0.068408 0.06904
0.06708 0.06876 0.06956
0.06796 0.068416 0.06928
0.06776 0.068396 0.06956
0.0672 0.068496 0.06936
0.06776 0.068408 0.06908
0.06696 0.068096 0.06864
0.0672 0.0682 0.06892
0.0672 0.0683 0.06884
0.0674 0.068128 0.0686
0.06736 0.06824 0.06924
0.0676 0.068384 0.06932
0.06708 0.068216 0.06912
0.06772 0.068448 0.06888
0.06748 0.068336 0.06896
0.0678 0.068608 0.0694
0.06716 0.068404 0.06932
0.06736 0.068228 0.06936
0.06756 0.068532 0.06992
0.06816 0.068592 0.06924
0.0676 0.068276 0.069
0.0674 0.068204 0.06912
0.06748 0.068388 0.06924
0.06792 0.068468 0.06912
0.06816 0.068636 0.0692
0.0676 0.068628 0.06936
0.06756 0.068192 0.06888
0.06776 0.068548 0.06912
0.06716 0.068128 0.06896
0.06764 0.068416 0.06908
0.0678 0.068548 0.07016
0.06804 0.0687 0.06924
0.06756 0.068116 0.06852
0.06812 0.068424 0.06912
0.06736 0.068296 0.06904
0.06768 0.068324 0.069
0.06736 0.068308 0.069
0.06696 0.068316 0.06924
0.06752 0.06866 0.06912
0.06776 0.06854 0.06932
0.06804 0.068604 0.06936
0.06792 0.068484 0.06988
0.0682 0.068852 0.07024
0.06792 0.068544 0.0694
0.06784 0.068476 0.0696
0.06748 0.068332 0.06948
0.06724 0.068376 0.06924
0.06756 0.068692 0.0704
0.06748 0.068556 0.06944
0.068 0.068764 0.06964
0.0676 0.068332 0.06944
0.06788 0.068636 0.06976
0.06788 0.068604 0.0694
0.06736 0.068108 0.06888
0.0678 0.06824 0.06868
0.06744 0.068444 0.06964
0.06752 0.06856 0.0692
0.06752 0.068344 0.06952
0.06792 0.068468 0.06984
0.06752 0.068324 0.0692
0.06728 0.068436 0.06908
0.06716 0.068116 0.06904
0.06764 0.06866 0.06964
0.0678 0.068596 0.06944
0.06768 0.068296 0.06884
0.06756 0.068336 0.0692
0.0678 0.068356 0.06888
0.0674 0.06808 0.06872
0.06768 0.068328 0.069
0.067 0.068196 0.06928
0.06828 0.068924 0.07044
0.06816 0.068668 0.06948
0.06788 0.068572 0.0704
0.06784 0.068568 0.06916
0.06704 0.068612 0.06908
0.0674 0.068212 0.06988
0.06792 0.068572 0.0694
0.06772 0.068444 0.06908
0.06776 0.068668 0.06932
0.0672 0.068428 0.06904
0.06732 0.068704 0.06956
0.06756 0.068732 0.07048
0.06736 0.068684 0.0694
0.068 0.068644 0.06924
0.06792 0.068564 0.0702
0.0682 0.068812 0.06984
0.06732 0.06846 0.06928
0.06768 0.068576 0.0694
0.0674 0.068324 0.06916
0.06752 0.068524 0.0692
0.0674 0.068604 0.06944
0.06784 0.068684 0.06992
0.06792 0.068436 0.0692
0.067 0.068348 0.0694
0.06772 0.068452 0.06948
0.06728 0.068188 0.06892
0.0676 0.068536 0.06988
0.0676 0.06844 0.06924
0.06748 0.068872 0.0702
0.06796 0.068772 0.06968
0.06828 0.06868 0.0696
0.06812 0.06896 0.06964
0.0686 0.069136 0.07048
0.06776 0.06862 0.06952
0.06828 0.06888 0.07
0.06792 0.068692 0.06984
0.06792 0.06862 0.06952
0.06776 0.068632 0.06992
0.068 0.068556 0.07
0.06752 0.06844 0.06896
0.06808 0.06876 0.06964
0.06732 0.068616 0.07008
0.06708 0.068612 0.07
0.0674 0.06856 0.07012
0.06748 0.068592 0.069
0.06772 0.06876 0.06996
0.06676 0.068116 0.069
0.06784 0.068924 0.0704
0.06748 0.068432 0.06928
0.06832 0.069016 0.06948
0.06788 0.068884 0.07
0.06788 0.068872 0.06988
0.06832 0.069268 0.07056
0.0676 0.06872 0.0698
0.06832 0.069212 0.07012
0.06764 0.069008 0.07
0.06852 0.069064 0.0696
0.06848 0.068988 0.06964
0.068 0.068956 0.06952
0.06796 0.068816 0.06932
0.06832 0.068932 0.0696
0.06804 0.068652 0.06924
0.06792 0.069048 0.0702
0.06828 0.069024 0.07028
0.06824 0.069128 0.06988
0.06816 0.068836 0.06972
0.068 0.0688 0.06952
0.06792 0.068636 0.06916
0.0682 0.068948 0.06976
0.06748 0.06866 0.07012
0.06816 0.068816 0.0696
0.06844 0.069216 0.07028
0.06804 0.069032 0.06984
0.0678 0.068628 0.06976
0.06828 0.069092 0.07004
0.06824 0.069008 0.06956
0.06824 0.069184 0.07008
0.06824 0.069076 0.06964
0.06784 0.069156 0.06984
0.0684 0.069076 0.06972
0.0678 0.068928 0.06992
0.06792 0.069172 0.07032
0.06812 0.068636 0.07032
0.06728 0.068572 0.06964
0.06756 0.06858 0.06964
0.06772 0.068632 0.06908
0.067 0.068708 0.06944
0.06788 0.068568 0.06924
0.06764 0.068672 0.07044
0.0674 0.068664 0.06964
0.0678 0.068332 0.06968
0.06812 0.068756 0.0696
0.06768 0.06866 0.06968
0.06784 0.068676 0.06936
0.06776 0.068792 0.07104
0.06816 0.06866 0.0692
0.068 0.068688 0.06944
0.0676 0.06842 0.06908
0.0676 0.068648 0.06972
0.06756 0.068432 0.06936
0.06752 0.068372 0.06896
0.0682 0.06874 0.06912
0.06776 0.068312 0.06872
0.06788 0.068656 0.0704
0.06812 0.069032 0.07044
0.06712 0.06862 0.07012
0.06728 0.068828 0.06964
0.0676 0.068756 0.06976
0.06744 0.068616 0.06984
0.06792 0.068788 0.06932
0.06812 0.068576 0.06924
0.06776 0.068584 0.06976
0.06776 0.06868 0.06944
0.06756 0.068664 0.06948
0.06776 0.068772 0.07
0.06776 0.068652 0.06964
0.06796 0.06896 0.06996
0.06764 0.068584 0.06944
0.06832 0.068876 0.06932
0.06816 0.068976 0.06984
0.06756 0.068828 0.07004
0.06856 0.0692 0.07032
0.06772 0.068468 0.06964
0.06808 0.068548 0.06912
0.06776 0.068936 0.07012
0.06816 0.06906 0.06996
0.06788 0.068684 0.0698
0.06756 0.068956 0.06992
0.06804 0.069168 0.07012
0.06804 0.06904 0.0704
0.0674 0.068824 0.07092
0.06828 0.068864 0.0694
0.06828 0.069128 0.07012
0.06788 0.068868 0.06948
0.06804 0.06892 0.06996
0.06812 0.068856 0.06984
0.06864 0.06906 0.06972
0.06808 0.068976 0.06968
0.06724 0.068692 0.06944
0.06788 0.068744 0.06996
0.06752 0.068588 0.06944
0.0674 0.06842 0.06932
0.06816 0.068964 0.07012
0.06796 0.068944 0.06992
0.0682 0.068764 0.06948
0.06788 0.068592 0.06964
0.0676 0.068576 0.07008
0.06764 0.06844 0.0692
0.06788 0.068668 0.06968
0.06768 0.0687 0.07
0.0678 0.068772 0.0698
