-9630.09698779 -2255.49897204 -325.925522791
-9190.40764219 -4207.4659061 -543.772745268
-10006.9498193 -2548.64503253 -695.570616107
-9814.97606322 -2858.28242648 -135.044799985
-9823.53922084 -4556.0513788 -637.495270081
-10004.0221024 -3790.94252244 -64.2821566839
-9855.37918493 -2964.37551647 -543.518046147
-9997.00009576 -2561.50024552 -255.369338465
-10005.6749368 -1974.21911711 -137.634458527
-9981.63036846 -4002.97548955 -204.936901275
-9989.80896139 -1862.05852782 60.0505570288
-9947.03881113 -4559.45872047 -299.584654826
-9951.46260098 -1682.57872571 71.8361630931
-9995.37190035 -3369.34349484 -24.7271367891
-9778.99344541 -2272.27234537 5.83013927354
-10031.1224732 -1424.93914272 58.792573587
-10026.989258 -1907.61750698 -24.0869720081
-1764.70641794 -933.852979232 -279.019760892
-2146.13855012 -441.941280785 14.6902338569
-1727.27581801 -539.604334669 21.5598421593
-9990.78582682 -1883.2648334 72.2028355682
-10007.9036286 -2284.92633086 17.6589562873
-9261.10439499 -1750.02004147 -105.22349009
-9993.99529609 -1925.05520736 -12.7093789889
-8713.22510983 -1227.11833521 91.5588952856
-6612.90998589 -1090.6309342 -170.890281633
-1517.04239098 -405.525402487 121.343644488
-10079.6297938 -1246.03456287 87.5496285664
-2355.37652644 -539.472289653 136.879048891
-6405.70665547 -805.598040341 -15.0549213407
-8650.29003646 -1307.13714867 219.741289124
-8158.52501469 -1031.04946055 87.3129378377
-3664.87680376 -951.985889816 11.300070714
-1564.91027857 -338.213852017 141.351964879
-9984.78935828 -1383.27676836 -8.40475894741
-9608.26190155 -1168.07661653 105.884365281
-9687.29121626 -1277.03842848 47.5647666034
-9969.20390579 -2207.478958 121.402789596
-784.385822289 -295.475016823 78.6441310605
-8724.97264057 -1042.15633713 111.306898766
-3652.33245986 -461.099665153 253.387121151
-743.025255074 -392.244792179 58.7029743058
-9154.08066091 -1877.76984001 45.5215919828
-8494.21552181 -1808.09345867 62.9273677259
-9997.13900786 -1234.0426622 64.6711206364
-3430.55190091 -504.91766683 158.798336272
-9101.09637775 -2109.34031097 39.179137571
-10064.8093672 -1757.04711826 -16.9590307782
-5429.99569468 -909.409664668 37.3467219401
-1899.51899984 -476.288410158 74.9034950441
-6946.17856814 -1007.56849746 70.9900500736
-2773.05209445 -471.545556354 53.7690874183
-1419.51746486 -507.538952475 133.519210495
-386.996474243 -73.9023960269 144.089002903
-629.195657918 -73.3795798275 204.975867862
-1289.20008992 -436.336629861 137.67376362
-10002.0558967 -1160.30906402 150.046979921
-1803.10464734 -209.648646393 89.0867773571
-448.849025516 -140.903908796 87.6528647038
-1013.7929809 -196.90356353 121.928825297
-2626.84421624 -748.563245964 43.8034800071
-449.57105806 -140.033768857 167.605626831
-6921.54069246 -845.600096968 52.5112509333
-1687.30404685 -325.328043773 61.355799339
-6556.39711976 -779.368622071 209.91735722
-2067.71480606 -441.328931079 127.047685023
-968.524268514 -146.490526123 275.767146691
-738.473335785 -127.714593319 268.876879883
-423.880467631 -66.4733128242 151.310469278
-679.137050541 -281.44785108 26.3168577372
-4268.75270661 -718.363874381 125.26331232
-2059.91149604 -358.856653857 118.078171463
-772.376915912 -141.090599048 75.749628942
-1644.27869374 -228.910072642 215.48125129
-1645.5395476 -267.899173563 81.2366114809
-911.110775511 -298.641135946 102.149398969
-717.583325591 -256.126537642 57.6380612808
-1099.97180376 -238.504374591 77.3385704173
-438.349587455 -121.395199126 14.9299986198
-271.929955391 -104.820560388 65.8264736849
-306.925932396 -43.1399285371 163.998466518
-5320.03468117 -571.482285121 70.3185934195
-424.839280108 -99.8845471322 200.009817282
-298.926457565 -20.8381953035 150.288788499
-450.280759975 -82.7109607895 86.0592405885
-695.491545347 -88.0049434096 93.2250457466
-654.830775657 5.04852035926 262.235842854
-223.817124881 -37.7248932531 126.871321312
-458.899366317 -101.496628853 244.330980446
-127.190092023 32.6675327764 231.757703649
-236.606179567 -3.47093911671 132.987469891
-144.229917765 -2.47610436385 124.409725346
-268.808251334 -33.5853260303 152.121273188
-172.856645438 -24.710572603 153.266938692
-392.467169668 -59.8344861267 127.010948984
-246.902013959 -51.6835849828 178.164745699
-120.393286733 -17.4224844089 226.098714094
-150.47384647 36.5033216867 140.393673558
-110.228674447 -2.04539978725 127.066321445
-132.491040153 8.14206212526 109.693247906
-165.607741434 22.4113233659 145.801415347
-109.602001293 -32.5749588117 49.8076748594
-92.5724482667 41.8940972003 159.329653133
-86.3290315014 31.7228814431 98.6238211241
-123.867645144 -57.9657419238 27.1897658271
-149.796103628 -22.2943160003 137.569425522
-93.8104204788 24.3060021935 103.359132813
-149.800961176 15.6360334953 205.559871924
-87.9597463965 -19.8770569315 104.594575008
-82.5075486816 18.2774067131 135.48600421
-50.2369930013 23.7528328053 105.960528398
-148.112049847 -2.59896154123 138.596904229
-75.5987259474 28.9053507677 195.796208184
-107.334213245 -35.60020478 63.238583975
-135.422070344 -3.89671619368 105.515946362
-165.658555193 26.4309811625 258.82958736
-106.522282951 -33.6670769114 157.143466592
-57.257572345 35.4578869245 172.91586792
-63.427816728 31.2496603181 208.228916045
-48.4578414397 47.2562268642 241.647308986
-65.154024269 -4.05047921029 156.015202061
-33.8122761501 18.8353302154 89.6902279345
-154.755200652 30.9108014836 127.039297469
-97.9577472276 18.7215225499 156.160845298
-80.545207554 -10.9367309627 56.4204974948
-23.3468889402 68.0086363763 135.964192506
-172.976968444 -11.0815146556 137.954143372
-150.926049109 -9.03848699704 191.286298636
-141.394722238 -32.5472168848 69.2075198243
-55.3982425799 34.9390366739 123.191271938
-144.054259199 53.1242955141 177.186505396
-52.4545684593 3.60399872252 91.9663078184
-70.508638312 35.043679194 113.485680744
-82.5850158231 29.6135313334 209.415654716
-100.451538606 31.8413279597 159.994735681
-116.324617708 33.8256647047 164.570369923
-102.742545207 50.5223610817 213.8046182
-60.7215172372 35.8141984535 189.272187313
-14.8820611745 57.9261507018 144.205589805
-92.8680093234 56.2051209338 184.586470493
-134.02124116 8.2061591093 152.991520343
-70.4497987483 43.2072940802 166.909447477
-72.717706958 38.9077522566 117.235093752
-80.8794551703 2.59387993952 107.430956436
-184.399812695 40.0680141705 214.770724935
-105.008105973 18.0526417444 122.401952003
-40.608113856 69.722110682 215.63220289
-240.86529861 15.3630520135 194.112980841
-92.0793536535 14.9117439783 209.251221892
-123.188602725 -10.640743987 99.3238941999
-39.5943241246 65.1359063331 189.392189666
-146.167912902 42.7623638487 156.316990314
-129.931965598 -5.59640947947 77.7686381323
-61.2025709137 18.4758653586 157.135082348
-57.7657251067 50.3977529642 210.244490225
-37.1400148722 43.8406760162 116.958686138
-59.0366972995 87.6903242285 228.149027034
-12.1505377265 58.274213551 125.890301873
-53.5283015733 58.2982676017 241.36724039
-45.7484237676 50.273115502 132.377019582
-86.5232270349 67.9451879208 213.293923191
-57.4025082915 37.2825023585 139.806900961
-110.732691516 39.7444699552 129.721937458
-44.0551043508 39.6146339981 136.430912896
-36.848652847 55.9384712739 198.264671023
-173.11053624 5.72082888893 172.281517764
-132.201191883 23.6665176872 171.018002859
-45.6542545937 55.7570951214 153.346110187
6.65515331809 56.780217893 234.998042267
-47.7564015102 57.8829282769 158.566366396
-50.5983451865 74.2671504067 173.412644908
-119.693105351 26.5174161411 109.215446926
-156.546043448 11.7275738816 75.4731959825
-96.6684278931 38.8601272809 141.366556442
-56.8021548206 36.1604027465 248.155539701
-136.254162205 51.8677653918 155.436265563
9.81893136046 86.8035849806 180.189213708
-126.425599404 32.4470138432 135.762216907
-24.9084252687 86.5215594925 189.819586446
-28.94055447 42.4206554654 193.470058805
-81.9508629545 64.4997497414 154.902651911
2.97471270773 81.8398568268 133.598658325
57.0153459192 91.4587012304 127.574538418
-61.9675577582 27.2769854864 98.3900406532
-52.9332378515 103.219715695 253.906321994
-82.4946779492 49.3725816389 174.927587906
-75.0838150938 56.2918593097 209.4732129
-71.9312221224 80.4883059881 262.099598232
-65.2446013183 57.3070577001 197.799965724
6.34764056414 83.2181615767 170.379239429
-20.7600519155 63.2090170427 208.41041496
-30.9340988701 57.2899060518 125.794005611
-8.90073556076 118.226816253 246.345280525
-79.1209198555 91.3803006258 264.705663785
-39.8229956839 77.5787525834 170.699251743
16.0439664448 84.1399247253 305.149470195
-52.1315699895 117.333943552 230.07652299
-6.00530277801 89.1956905561 282.659989185
-25.0769747767 61.8536058427 184.549172605
-42.187471205 97.5999421653 306.171427207
96.4798661883 170.970535295 244.947233584
-66.1243150527 121.705488028 233.886830864
-48.7583636151 80.9440525021 150.475240882
-126.090318774 80.4049046208 228.224106643
-2.59517739491 110.443393693 254.173594089
7.79823676945 117.408365939 192.109404332
-27.0750592625 110.850673579 179.520425987
5.52847595675 151.867460288 235.755807554
2.96688781773 88.1123420363 178.662517408
-19.7592407814 112.833193341 263.110084044
21.7193669642 121.25676353 170.849305827
-24.2111915581 131.375996714 223.917527792
49.6806245436 174.858205643 283.745119756
-10.8868247421 124.983028006 259.375318219
34.6004530857 137.676431123 293.708470917
-0.980756869187 118.750301989 234.35704026
-10.9509643342 112.668451856 215.57096602
-130.45786778 146.255459093 249.262501491
29.9724973917 138.544874029 284.026199027
36.868941903 136.434025303 266.562353055
-63.2906750922 122.764072373 252.084958957
89.8193498098 182.903048638 330.943921186
10.2563253222 179.392701667 304.099547113
52.8432431321 124.435198595 252.821368796
51.5008741766 127.37150379 231.931276476
-10.2322202576 99.9395031326 210.926876792
0.125230248948 117.29408828 338.201360561
56.4616072911 139.204385698 225.451204767
-41.6394323404 92.6379404457 205.936324873
