0.1988 0.208268 0.21364
0.20072 0.206996 0.22152
0.2044 0.211252 0.22212
0.18592 0.200032 0.20972
0.18972 0.202256 0.21132
0.19368 0.19936 0.21744
0.18932 0.196624 0.202
0.19192 0.197436 0.20396
0.18836 0.197536 0.20224
0.18592 0.19322 0.20192
0.18788 0.194468 0.20468
0.18672 0.196356 0.20652
0.18164 0.189376 0.19472
0.1844 0.1902 0.2002
0.18164 0.189136 0.19848
0.17952 0.189256 0.19368
0.18148 0.189372 0.20188
0.17944 0.188248 0.19492
0.17576 0.182468 0.1892
0.1748 0.1834 0.19108
0.17248 0.181004 0.18848
0.17032 0.180528 0.19064
