-10097.6464837 -6171.92181691 -389.37955739
-10009.5791275 -5577.6659177 -308.490370779
-10007.7440649 -4516.93066743 -620.213078
-9999.69145529 -5580.83176337 -192.914979652
-10012.9896375 -4586.29362355 -307.071847614
-9489.82664331 -2581.21571429 -198.94454491
-517.278287501 -319.112762815 -197.517335676
-503.12513991 -251.16160067 232.98958777
-10007.1209074 -1391.70710098 -83.169509318
-2985.58066215 -554.962822798 -96.137529498
-9884.46784681 -2000.48477115 -217.096660762
-9928.99834616 -2387.16793574 -32.1683696681
-4759.29559081 -730.393076824 -123.382528737
-4483.95784557 -602.497386589 466.980566836
-353.692259538 -249.962044499 -13.2853443023
-8930.8006784 -1830.17599798 687.127849613
-7734.57574201 -605.504050556 973.238867115
-683.1758201 -23.1302475727 498.661613082
-4529.17892144 -641.710037992 588.134765412
-3022.41876528 -568.147880255 745.525390742
-2132.4432718 -258.04233516 340.631547277
-915.105217982 -75.3044281108 618.006431934
-138.854865265 146.398631513 1219.98399422
-5748.58009065 -579.682794819 365.34783032
-420.699993333 55.4971855444 1098.67807783
-5449.2216865 -205.485516167 841.791765544
-6419.26903474 -519.037280589 938.596142882
-1559.22265534 -8.56304721799 1424.98338615
-292.929892227 461.528493579 1393.25262578
-128.316072842 339.440811704 1229.15491451
-335.732443974 445.669860544 1087.45112663
-221.01218264 504.247219469 1542.52574883
-284.60236999 314.486190143 1146.23157438
-215.970083039 442.643619293 1218.10684281
-201.490045331 386.058613922 1165.78211057
-409.610455345 327.392160777 1315.21426434
-48.4287493945 684.359738114 1419.19230825
-109.325726647 776.446208435 1325.45549663
-288.958679259 276.493048935 1290.75642494
-229.9980727 584.065806493 1311.90900421
-215.97340078 685.744882656 1309.48815385
-213.788477782 286.17709385 1157.33194639
-288.129664108 385.920918881 1173.08259397
-56.8487277993 695.996651666 1344.30594914
-429.454171795 348.486211123 1244.84162971
19.5587364512 867.129184635 1394.36629645
-191.780048206 784.298609979 1373.80174168
-543.626353774 725.754816436 1192.26240252
-196.751531062 787.147701899 1696.89850726
-8885.73917152 -27.0133998231 1382.6892813
-112.648243735 738.700172149 1401.52849657
-390.194007042 529.327972354 1579.2321871
356.109274612 1132.87009634 1645.84021255
323.423646541 1046.52916246 1313.33907703
-245.860930908 845.131542754 1490.38925548
184.24891686 895.974881033 1455.58190843
-173.537532279 680.466661784 1460.54686817
-197.197951843 876.980575261 1463.10000032
11.6718453977 939.402147907 1458.75713636
-225.935778192 583.59485591 1492.83652411
-102.006751067 1034.41352858 1573.84362
96.1062254011 1048.58336626 1508.21084301
-166.557733838 526.609707206 997.586201543
-297.18573991 1236.6893299 1642.51775601
-108.678820041 1081.05003809 1592.71734967
483.305033247 1005.85498994 1592.34667563
-113.404186678 687.936802712 1269.59882443
-54.6729661071 1092.20265404 1639.34114464
165.664594206 1110.38073158 1735.51610114
44.0551287953 807.01706917 1622.06648782
-252.037526434 858.120301987 1549.33843998
181.724314931 1150.56128272 1877.28523465
550.657984535 1218.64798435 1587.5314695
468.812555382 1359.54611756 1781.56335507
768.841636349 1190.85881972 1593.00584932
330.041075648 1166.20416291 1627.1113709
698.152813977 1160.56771363 1577.30027972
-165.398872024 912.509932648 1686.59962416
1109.9358318 1315.2932092 1620.77691704
-50.3086280616 833.800339985 1570.52780321
-217.427525805 620.199838105 1584.70906356
46.1964409717 1257.27580576 1684.06562612
507.403966366 1160.66930075 1669.37902572
9.14419574309 1295.1033993 1565.55162482
897.614305235 1309.60931538 1621.73555384
1033.96184752 1428.15894221 1629.58806604
534.599865102 1146.73470862 1486.22685436
-63.3788819977 1336.28624771 1731.07668433
-165.324240153 1066.11919986 1569.3219558
-116.259347874 834.287766501 1623.16194038
-182.490386884 1169.98821924 1726.08135834
241.824161383 1123.38246947 1885.18386504
718.120377221 1298.92848126 1662.42695153
-68.4442587288 952.981091364 1467.60971175
340.89506498 1155.40580069 1636.23254811
375.071847766 1158.4343055 1783.91880842
-54.9805743639 1104.38832381 1531.13529807
117.382061771 1187.78083539 1588.95264712
-52.4624126239 1380.56735076 1732.29009431
322.788825799 1417.8684819 1919.64992546
1058.90023302 1363.48953027 1547.8391859
941.312741095 1418.28536922 1725.56422906
-69.3173251979 1082.00446956 1501.87622698
868.902703254 1326.31385261 1729.98735416
-89.2831188391 1248.62071955 1876.6372173
-103.710501859 966.27630274 1601.97302147
333.78650425 1283.40662346 1720.82103614
38.8711816744 1224.06344432 1678.30421532
132.928171044 1163.46307088 1633.35088198
-8.04710579019 1245.48846849 1860.56066533
-151.211565561 1251.57549712 1736.18726277
-63.1826903987 1227.95274777 1679.37782265
-183.801143566 1286.85648336 1706.95627542
505.794136013 1365.8708632 1680.29567338
949.023467744 1346.76364857 1673.22135458
-68.9477601935 1250.28777557 1753.52438271
-121.691251916 1190.66388626 1668.44155498
-127.414036031 969.887265295 1682.71161811
-52.3446961636 741.92975071 1716.60362014
84.9247143633 1285.09389435 1669.65625082
-41.5501456237 1069.18198771 1827.16312
1091.31936586 1354.17168119 1618.85173154
975.665135183 1371.790165 1741.42875807
-200.194728226 1047.50262345 1638.4669268
-269.907713883 1109.13885736 1920.0776801
864.898590873 1399.84306703 1779.34710103
270.186710481 1295.18048124 1673.88744055
983.180902889 1388.2941936 1725.72935371
-46.8411232096 1150.84154922 1608.64520801
-165.92116011 1191.9483138 1732.95776597
-162.134368683 977.470902473 1832.4751041
1056.6521651 1478.85088239 1830.6693638
921.208913235 1499.06273008 1739.18239147
-156.94550079 1130.70776692 1823.13086727
835.168172683 1336.29776849 1735.68970009
-232.408098854 948.463147658 1773.57894479
-120.737403581 1212.13993545 1736.5948456
1366.80396599 1587.53587295 1815.3534961
275.831851332 1450.2362526 1819.41368733
-58.854539426 1257.86236337 1696.41598315
452.801266747 1439.19000414 1786.65452462
1279.82744998 1524.58555674 1866.92663711
-122.976054255 1376.32580687 1827.96006509
-2.56823691975 1344.10466519 1746.72036183
-134.196630661 1286.58134539 1778.53642718
-114.870284592 1419.67515889 1875.34685325
1424.10342172 1615.59899909 1726.97991249
1157.23519066 1587.84701757 1920.01205359
-144.6653623 1355.65646846 1823.38692589
1203.22048987 1471.85401667 1783.30563236
-219.916323018 858.248815045 1734.32649942
-429.897308327 1094.7371029 1741.34052436
-263.676857643 1173.64241734 1960.26753041
-141.182981205 1225.48343391 1689.78213533
1099.16531551 1502.46061176 1728.85415576
459.599738828 1286.21129923 1790.01052963
737.933111243 1473.35442846 1915.33689819
605.431988421 1368.77115369 1693.44167571
1192.10186734 1537.9755392 1951.19883149
-188.24829791 1188.36560567 1737.83426858
-83.7505621366 1310.82813685 1743.40212367
-185.338193814 1078.79557365 1817.44573575
-119.448009679 1238.4690534 1697.4424806
-4.75584036351 1026.52689027 1749.20017332
865.72029559 1499.70282094 1916.48060195
-164.034611134 1044.4660614 1827.68388725
-122.887075497 1182.81033742 1737.73075457
-175.551929367 1341.69966313 1891.36472647
330.604971598 1304.68676497 1732.3406209
310.258316099 1401.82489065 1913.77005514
-174.719239148 978.509792845 1728.99456003
187.46879904 1094.81473581 1765.38027601
6.26474177935 1179.16139034 1673.20083574
-157.716984786 1256.18621461 1741.1818283
-28.7883280453 1308.24415663 1652.79854943
401.764539244 1280.25813246 1656.22083224
-265.463900747 1019.08018693 1549.15132684
-99.467681419 1306.17932811 1781.17168974
308.544694592 1375.00759863 1923.64894099
1429.21264574 1638.00726218 1873.64921584
1074.15681023 1263.59631886 1515.66601748
1153.85720843 1349.04639929 1515.83945431
1149.33708992 1391.47015676 1517.31665121
969.476170212 1273.15021486 1430.29733507
238.732959152 1168.02672621 1556.47970838
1070.22421736 1271.39245583 1559.9625551
888.860145407 1304.61823546 1427.81927695
1156.3055804 1303.60131637 1464.6764335
972.950703863 1263.10502304 1641.70354578
1064.05253806 1328.56402009 1507.58297757
1153.48805438 1279.52641716 1471.97216906
854.030245426 1210.15952381 1418.22755964
1147.32252783 1298.43137829 1465.92360741
982.251918881 1326.40826469 1692.72386303
1151.88668105 1264.86626201 1370.87355366
1153.04514913 1294.92998296 1512.05040985
1242.84738792 1344.6942863 1428.06173743
993.27737101 1341.38998788 1611.48871925
1062.96394054 1289.11308661 1556.41993142
1202.4726525 1374.69879768 1557.92065333
1237.42290829 1345.33514399 1468.96309052
1074.24281325 1334.01131288 1651.94647866
981.752575581 1250.8510879 1474.94818277
1155.25851399 1321.96567106 1513.05146384
1159.02222544 1335.45898969 1513.75908594
1105.20541934 1267.28422841 1510.77090521
1075.01362069 1311.38718498 1556.01907217
794.891976818 1240.59873712 1416.93845282
1069.62775342 1271.69644244 1468.71512171
1109.04205068 1338.19027442 1512.55965702
1194.7092523 1283.24863202 1461.67505887
1161.41293248 1305.50464755 1459.78201965
1239.60728779 1372.46209929 1692.98647436
903.170279475 1268.93080073 1554.58855756
1149.34153335 1323.45507615 1506.48538837
1057.56445834 1368.80266262 1690.89428248
1099.63424259 1259.26876087 1379.36909121
934.432711144 1285.02622408 1514.82857281
1062.62157806 1314.95730734 1516.2124345
1110.86056865 1266.53232546 1650.24388067
968.648521293 1319.03389942 1468.43988388
1099.01698182 1305.11373831 1519.41718527
1115.84742364 1314.04135464 1559.72918915
1100.84819237 1338.32858351 1508.31601116
1016.56732598 1262.26855761 1464.43142705
1159.27221508 1271.51216101 1389.25061352
1105.07339669 1240.81196907 1420.32987401
1061.21770975 1376.92223781 1565.20132574
1064.31683538 1335.43805386 1644.79841462
886.328084234 1192.49514436 1436.04932716
1192.69613092 1338.14838031 1513.2404818
1111.94282178 1294.17217499 1431.89431986
1195.21588242 1315.04361695 1554.19588217
1164.98594233 1338.35231054 1520.35735087
889.45983316 1246.42551434 1519.97471018
1072.74081175 1327.56489546 1650.41338153
1156.39466719 1308.8789332 1522.13797376
981.855672865 1237.79258959 1380.3788589
1019.11717748 1216.76512425 1371.97905129
1294.65182268 1346.57555622 1387.38474222
969.960421737 1288.5718617 1476.00328917
1033.56091047 1204.56118732 1335.02663247
1194.4669769 1372.21990498 1557.81981144
1069.17562468 1264.70552214 1554.8524832
1113.0389591 1263.74091855 1383.54594371
1239.08417447 1346.34215953 1563.75151193
1110.47998983 1256.28942323 1565.69603525
1107.62868103 1333.7155564 1471.80873588
1105.76232256 1317.33363359 1510.18713122
1019.62804709 1319.48272885 1514.50218995
1018.36050457 1287.23013618 1474.319343
1064.65061738 1323.01867487 1480.14416078
1069.47734571 1349.54984072 1591.58216295
1151.6342378 1309.42486596 1652.0290918
1073.78259779 1269.8937563 1468.05688388
1195.56001626 1322.13226098 1508.26124086
1111.50228023 1375.82531741 1604.34365246
1063.93480555 1242.57354184 1427.55656237
1149.8323434 1302.44286199 1513.96176945
973.781661079 1334.75792877 1515.53587401
1188.37587922 1411.47031754 1609.67127294
1014.52311034 1285.08769387 1605.26164793
1016.4591241 1365.92226041 1600.43873889
1068.89463932 1323.13519771 1477.05821516
1189.03939956 1309.36635105 1423.70432305
1103.5818552 1273.92972001 1550.39861882
1290.45357731 1363.2015488 1468.36265185
1013.39906083 1227.53102318 1431.23008647
1191.04420208 1306.1115116 1517.71242579
1147.53758717 1361.43338196 1557.11682388
1200.16501465 1343.35212091 1458.54060261
1068.75780038 1310.36346851 1471.50944622
1152.97469375 1358.56246119 1567.30591638
936.284114093 1265.24130627 1468.49488354
1014.52819547 1267.51338095 1468.59587866
1065.07727576 1328.95669878 1602.18276087
1056.51009385 1400.36832396 1569.09944259
1158.28403037 1369.29617975 1522.89482691
1118.08735372 1306.60235435 1480.60074963
1072.89682556 1247.6083996 1605.9932154
888.852518172 1283.74735704 1424.02559982
1068.7390689 1303.12707077 1431.35065302
926.525104539 1313.27957434 1521.50319842
1149.45641399 1255.3518066 1473.349306
1020.69998998 1259.479136 1421.63279481
1200.93433054 1351.60126412 1515.20969984
1201.83090364 1404.71447209 1560.98481042
1105.92804463 1375.80036668 1511.42063273
1158.44427883 1320.16824418 1471.06847509
1103.44718558 1307.30191054 1471.9528584
1012.1716957 1292.84701865 1467.09794624
1112.84924634 1312.96300841 1512.11417512
1283.24625937 1363.90756885 1466.81824999
896.844133606 1318.71397421 1604.08879146
1296.74213976 1413.4454474 1567.26686821
1150.96144711 1308.16566848 1425.99432029
1109.72068804 1353.49015626 1609.20288797
1192.47982737 1346.73684953 1429.53603934
1059.44201115 1212.24988211 1380.48938396
1156.82208003 1347.4079466 1518.64173351
1200.12232142 1397.33977118 1562.85918187
978.702478438 1335.74652687 1609.74340122
1154.56280163 1320.62619745 1516.02795894
1164.49995533 1318.57566748 1483.27242437
1153.61676563 1326.96482109 1522.55166626
1153.46241347 1352.97012582 1517.11867633
1197.13317227 1340.72522321 1526.18886655
1017.88500758 1314.64473827 1565.58509564
1117.37865625 1293.49594555 1432.5166218
1209.26663673 1368.93733236 1524.32965403
979.262240575 1351.25524312 1565.03579091
1245.82757591 1380.24620175 1515.63618333
1018.42409057 1323.09119524 1516.28141205
1200.7757889 1337.34227039 1520.16720285
974.097917765 1246.86807808 1390.6217303
1108.28829953 1350.46991676 1661.50088029
1119.08379376 1293.78521827 1569.66186887
974.489896038 1377.92304301 1651.19917753
1148.97809175 1291.32464557 1466.30550392
1111.03670128 1305.52976678 1520.2050419
1154.50088236 1353.05696469 1519.76099107
1195.36809159 1403.36540108 1577.92658058
1103.02101083 1350.84937468 1568.77825749
1153.94100376 1338.40750007 1554.10758189
1025.84874255 1268.46673327 1518.80385658
1027.86048634 1234.11613748 1395.99527265
1014.72257768 1291.86675002 1521.50692718
977.731931692 1259.10574362 1433.59833412
1071.73168588 1241.68945298 1562.37761232
1207.58894221 1346.68879731 1474.69603272
1110.29814814 1333.90056654 1519.86179097
1021.87460238 1279.41870702 1428.53102503
1161.70505175 1347.04767765 1526.42676731
1014.61192934 1241.23278109 1564.8718857
1161.54733022 1351.21638991 1620.56158581
1151.33469525 1361.92893486 1529.50623429
935.528090759 1270.48782069 1656.77583458
1028.58794361 1323.02395008 1523.59325502
1009.93191628 1250.40378631 1480.72856932
1067.75815009 1363.10074967 1622.40085807
930.076961276 1204.24573407 1345.74112139
1026.68141623 1313.56017158 1477.01652862
1203.90532015 1370.20452436 1477.81504597
1200.37360217 1302.74783708 1436.82836946
1109.78739101 1329.34337582 1515.97486969
1018.62000517 1297.57747041 1437.34895155
1167.86511163 1365.40904118 1569.75457156
1161.69761061 1353.96204627 1605.26346404
1155.53130376 1380.41959145 1564.33421137
1161.27366527 1343.89456275 1562.48256992
1109.70579559 1307.80377234 1434.24145214
1104.71885006 1341.17735735 1476.11278076
1195.53790961 1325.16378214 1519.30482728
1201.59084682 1369.0030994 1653.77841047
977.85993913 1363.63939105 1612.2801672
1121.00150501 1369.27697993 1519.4479277
1060.37789321 1351.84365426 1565.02792548
981.674517311 1294.71151254 1568.38457792
1064.37846443 1276.39405829 1477.26216371
1157.98277067 1389.66139446 1561.75382049
1202.49767869 1438.80913453 1567.80768918
1023.39588308 1313.97777812 1563.53985128
1069.49575584 1364.72095252 1611.7691773
1199.80638628 1311.89695941 1481.25395386
1201.34988974 1357.04778844 1614.58458127
1162.91369184 1319.03718535 1428.0766857
1065.25151792 1236.35348725 1432.47581131
1072.93447953 1315.90355496 1531.13255778
1153.80921353 1340.22076411 1476.02863707
1161.38965797 1321.8845101 1479.3745886
1211.58267227 1338.88714576 1565.14137116
1029.25287438 1255.31363003 1481.30376759
980.973224558 1300.44397918 1440.54424009
1113.28384937 1386.65362155 1574.00585429
1070.83692222 1316.29086296 1433.67085557
1169.41232722 1379.53557383 1570.88023519
1127.78907574 1314.74994114 1431.44309331
1201.20975405 1422.9662806 1573.1971096
1019.48088093 1242.11365326 1529.13401903
1154.37722114 1350.22208302 1701.72992232
877.071981224 1290.23474658 1564.24539412
1156.18350384 1323.10697938 1519.52441856
1154.61012455 1345.48777873 1523.12955035
938.822470062 1295.14964128 1474.54677371
1199.39681513 1356.90149295 1610.3214366
1111.63672576 1341.03250893 1529.3879304
1163.25329156 1400.91433045 1613.46219743
938.654940418 1337.14416802 1615.82450484
1074.57102236 1375.70237496 1568.54916417
1209.84281081 1343.77149167 1483.49756031
1202.20267581 1343.74551113 1521.7350899
1035.55571341 1376.59652606 1624.42617142
1121.54499558 1348.28949453 1571.38170642
1028.88874489 1346.78250193 1574.23287717
890.524272781 1310.77086225 1521.54286831
973.034154311 1289.11694015 1576.35698443
1169.44695375 1308.99182927 1429.95637075
1160.24168319 1359.22266894 1570.95184607
1205.62891367 1377.91941245 1567.95222434
1121.76536018 1323.71635563 1475.64911358
1114.37371442 1368.51146257 1605.89089568
1337.78946588 1432.64496707 1564.21183894
1108.17470418 1306.82783707 1440.00796023
1154.48749448 1322.69103639 1520.15312678
1172.49080707 1383.2590675 1656.56825557
1247.50013621 1368.51225278 1478.44142655
1167.10227715 1282.00527347 1481.1300788
1107.03113286 1337.37252391 1479.73130253
1118.94175489 1337.57265841 1477.56781642
1019.57644545 1309.61244656 1521.31281044
979.490392723 1234.30884818 1434.41994347
1113.95666804 1312.53863573 1660.71674942
1065.62981013 1359.87179118 1572.90247331
1109.29443558 1365.58794193 1526.77392195
1247.84438584 1399.36217624 1661.6626611
1118.37154993 1330.11860837 1434.76055917
1072.46096862 1339.71738353 1575.64537793
1116.39860897 1300.05696587 1432.39131763
1162.99772325 1339.70840251 1575.45647037
1027.35452292 1356.5549467 1614.08442221
1017.56940661 1311.34309364 1525.30338068
1259.7739848 1417.60944576 1611.76835109
1164.32644066 1372.67682568 1566.31780107
1154.93731554 1404.37517817 1611.40985333
1115.17980144 1369.34711154 1524.15994303
1022.94281365 1309.72695831 1475.17468653
1240.07980726 1345.18370366 1569.33532293
1247.22206129 1384.42250405 1611.50679256
1060.24980635 1302.96801501 1613.43065325
1197.04074165 1386.06113267 1520.42712092
1111.35659673 1391.54004195 1556.97427475
1251.87244866 1372.07943537 1566.36986008
1252.79586012 1406.80070308 1526.89761557
1160.36260985 1358.50141476 1516.41191436
1244.54341873 1384.95122772 1565.44941529
1208.66796851 1335.50367999 1484.07875661
1212.49116293 1404.66312455 1606.38431244
1067.36150249 1344.54145594 1519.78388822
1064.07980268 1332.09674941 1611.58087407
1290.78646159 1353.37603358 1438.65508766
1210.36097477 1396.77149352 1653.72805883
1110.43314336 1353.86212995 1565.67463521
976.587934933 1212.45946279 1569.08098815
1197.11705572 1374.75628456 1564.01353444
1158.18172411 1336.46218859 1476.98765771
1111.14588192 1281.03028306 1432.15843517
1017.40362701 1328.33252405 1573.41864132
1118.39080062 1339.35484417 1527.03850176
924.869553454 1292.30806502 1439.96365255
1162.54989112 1334.59379316 1482.1892137
1216.25591232 1384.02247631 1567.47033636
1072.74597975 1357.11913235 1528.29255674
1073.89932553 1309.70879287 1477.37353203
1151.13828153 1357.66815074 1526.21633973
1056.51425707 1373.09827668 1699.99181612
1024.82007478 1340.19209411 1568.7113701
988.368551083 1334.65790821 1525.87617346
1205.9430212 1382.87211982 1532.05133257
1031.68060558 1314.99265685 1614.94096942
1192.04054504 1347.36059069 1656.24173293
1075.42358501 1267.89626799 1388.12133336
1207.69867256 1384.34829834 1533.82193616
1206.77067384 1338.70043323 1474.17326286
1083.4190589 1293.53066943 1475.79966141
1154.93447222 1391.18441039 1521.28542578
1107.25693204 1332.48620678 1523.03263415
1161.74283029 1284.08743505 1346.0384217
1067.39795443 1350.86759953 1518.10886554
1201.09025833 1389.62704665 1533.58325918
1289.52525217 1410.21776507 1487.06899357
1199.13180981 1314.48487355 1474.51644384
1205.21298566 1314.74677486 1482.4170587
1150.74809867 1327.42508638 1484.31556187
1160.56262559 1326.39717407 1576.33558949
1156.87257231 1318.53569845 1431.78239485
1162.59343538 1372.67138156 1756.70242378
1027.19871947 1320.14019495 1527.0022113
1076.23338076 1281.39278164 1622.38378295
1153.71061827 1315.36075464 1441.29538031
1169.8605105 1375.82858974 1615.75325303
1110.32718334 1377.5101347 1573.6180061
1155.30597966 1325.21222998 1572.97623417
1116.00953999 1312.18746219 1439.33025173
822.394604873 1230.98722113 1436.09728707
1126.24928803 1394.75895703 1662.93530853
1197.833976 1343.97964748 1437.89766251
1038.8330821 1288.77490266 1436.49692368
1117.9400355 1348.66084499 1610.15854564
1162.6859448 1399.38652606 1615.51648947
1252.80846093 1378.84938097 1569.27208909
1111.63770719 1324.16164788 1523.42715545
1171.24754013 1283.51030055 1482.74124144
816.095013603 1289.11967089 1571.08484562
1066.70257501 1346.13313178 1661.03505785
1082.60793824 1324.05804143 1483.16137764
1155.41643417 1284.17826717 1394.2349688
1067.30294203 1282.51460686 1434.32867278
1020.2322627 1218.94198853 1374.02089851
1247.73969683 1351.52983638 1436.37967277
1162.67842596 1329.9211196 1484.16910704
1030.16568158 1322.92398319 1567.18973349
1206.38066993 1359.99822058 1609.45248064
1063.35970007 1350.56097243 1527.29736555
1065.47517493 1296.89027972 1434.89232524
1207.47545937 1329.73887811 1478.08172392
1209.75722338 1343.84210444 1476.74293957
1156.67162322 1378.32648044 1609.52363127
856.638550502 1257.46767684 1483.5424808
1294.78795135 1437.68832993 1619.64621639
1111.7730383 1306.32076342 1528.36911272
1204.75254347 1372.69248483 1707.58167368
1076.58134248 1257.09206339 1566.73042492
1061.171971 1217.99310728 1385.50861877
842.04839216 1270.53192038 1532.15094641
1076.32529829 1394.76296161 1529.08136027
979.632875652 1235.79873381 1438.36374453
1199.95191506 1353.7575546 1569.16919931
1203.5927984 1379.75199852 1623.31368515
1160.11470362 1315.85794807 1478.27426839
1156.78512135 1310.29167342 1481.88971465
1109.82727926 1444.86188762 1667.10455197
1159.60856196 1380.81840403 1617.15645082
685.116928033 1219.46866805 1438.19310777
1015.61806937 1314.93498895 1530.44011353
1153.29026877 1378.04176973 1566.70779006
1245.36996683 1369.97002985 1476.58699013
1072.34024073 1356.34798009 1570.89203545
1157.20939817 1325.03086782 1528.97225579
1201.494576 1377.96139269 1662.73428812
880.750873087 1319.71421338 1660.61195154
1067.75314096 1315.73814481 1527.8423433
1124.68999842 1308.18312244 1479.58122279
1165.47374558 1358.32628972 1666.46215561
1031.83170194 1300.91829073 1527.3265536
1211.03220139 1402.88627788 1618.00386369
984.2985285 1369.56118919 1564.62531376
1159.65687224 1354.85196244 1533.50118924
1202.03789264 1328.09799799 1437.05365962
1116.06429249 1340.46753354 1621.46237683
