0.35016 0.378636 0.40844
0.37432 0.393052 0.41832
0.35984 0.377064 0.42832
0.28712 0.382936 0.45108
0.32692 0.388896 0.44136
0.33208 0.397176 0.4244
0.33712 0.381004 0.442
0.34604 0.380216 0.438
0.3588 0.400356 0.44692
0.32552 0.38152 0.43732
0.35252 0.393608 0.43144
0.32656 0.381052 0.44876
0.30224 0.351576 0.43584
0.31612 0.348768 0.4026
0.30056 0.340028 0.42004
0.32276 0.360248 0.39208
0.30556 0.348852 0.40612
0.31344 0.35888 0.4068
0.35144 0.38638 0.41396
0.34144 0.361636 0.38988
0.34848 0.384684 0.44608
0.3202 0.36298 0.41124
0.29152 0.3698 0.42128
0.30312 0.365528 0.39732
