0.11896 0.125432 0.13668
0.10812 0.126924 0.13524
0.12264 0.12818 0.13404
0.11392 0.1245 0.14824
0.11724 0.128552 0.1358
0.11856 0.127896 0.14264
0.1168 0.125424 0.1334
0.11812 0.129436 0.1382
0.11708 0.12684 0.13928
0.11632 0.126736 0.13344
0.11696 0.129128 0.1412
0.11408 0.124852 0.13024
0.1146 0.125648 0.13672
0.11952 0.126136 0.13188
0.11132 0.12436 0.13944
0.12008 0.127996 0.14104
0.11964 0.128816 0.14096
0.11692 0.127344 0.14156
0.1244 0.130192 0.1352
0.1212 0.128304 0.14
0.12208 0.130988 0.13892
0.12008 0.130048 0.13444
0.12072 0.129104 0.13908
0.122 0.129884 0.13476
0.11476 0.1313 0.14428
0.11668 0.12652 0.13808
0.11836 0.128076 0.13908
0.11648 0.123056 0.1268
0.11192 0.123768 0.13472
0.115 0.125784 0.13516
0.11456 0.124968 0.13916
0.11332 0.12618 0.14156
0.1172 0.127284 0.13884
0.11656 0.12442 0.13816
0.1204 0.125108 0.13084
0.11844 0.1245 0.13128
0.11984 0.12512 0.13044
0.11708 0.123104 0.1276
0.11804 0.124144 0.13116
0.11864 0.123596 0.131
0.11724 0.124712 0.13004
0.11464 0.123236 0.13504
0.11396 0.120192 0.12808
0.108 0.11952 0.12756
0.1132 0.123796 0.13284
0.11216 0.118456 0.12444
0.1136 0.12308 0.1304
0.11276 0.122144 0.12944
0.11792 0.1231 0.12984
0.10564 0.119472 0.12744
0.11048 0.121924 0.12976
0.11452 0.12188 0.12812
0.11376 0.122268 0.12748
0.11716 0.120704 0.12776
0.11496 0.121308 0.12808
0.11572 0.121476 0.13016
0.11216 0.122088 0.13588
0.11308 0.120304 0.13192
0.11576 0.121472 0.12676
0.11304 0.121196 0.12704
0.11432 0.121888 0.12992
0.11928 0.12246 0.125
0.11624 0.122132 0.12952
0.11648 0.119684 0.12424
0.11492 0.1223 0.13056
0.11396 0.122992 0.1288
0.11488 0.120324 0.12732
0.10908 0.120288 0.12692
