-2731.06772461 -530.928039343 1447.82041729
-4185.12596833 -415.440554982 1493.84852718
-5153.15904406 -556.020757099 1848.31946972
-5059.86972873 -1217.83938825 1318.88878164
-2390.62625399 -226.539262596 1880.60496975
-1896.86318244 -334.457456217 1694.00724208
-875.784777028 202.446107125 1573.95937137
-3459.18083872 464.159107131 1780.86220857
-3039.20174502 512.351124377 1636.30775584
-2966.14874905 300.43306783 1666.06753057
-2559.78487696 -548.752181115 805.74267159
-1235.52525805 -149.607265381 1041.14085835
-2177.37411523 197.232272067 1492.88533306
-2076.38646921 -500.246987816 1374.53806663
-8964.65773115 -776.867659667 2005.36654451
-1772.35331931 504.182140858 1693.71116749
-2621.33721666 -3.14487926696 1712.93777988
-1512.56003687 404.923721159 1759.76331256
-1198.70218663 526.195944332 1753.60887201
-2091.93025254 311.203225363 2056.2040879
-3967.87667426 331.751404935 1554.34319819
-4574.47921623 -515.517946076 1703.7326657
-1888.76797893 226.103369078 1921.73020884
-3688.11410159 -437.489595537 2004.28289646
-2494.69514475 -85.9831830455 1597.56281831
-1767.84653871 53.4690843823 1612.71782454
-1646.65951608 197.292120601 1409.94104532
-1204.28350927 522.399983966 2157.8950243
-3190.99780974 35.8849669966 1593.56149649
-71.337732965 881.487437449 1543.82087015
-4475.78269248 -300.280494099 1305.54824433
-3449.91636958 -90.0563011342 1678.77043458
-1339.81781429 820.995916591 2317.04628109
-1462.24816243 30.4603463523 1779.25149972
-973.29826916 513.736359803 1885.96126563
-2057.68171191 885.5115143 1942.9016565
-386.427878934 617.730429524 1837.99432139
-1569.25318853 494.52522171 1664.57668962
-1019.97032582 883.934661206 1491.21181801
-1484.74758118 326.118378386 1727.17416993
-3625.71632 -4.90131763226 1504.7136166
-1218.81107122 392.917506356 1641.66389663
-310.023144124 835.072633924 1515.62318999
-1311.19319163 576.804880647 1671.80296793
-1922.12579814 105.624230486 1483.90641283
-848.247745838 304.48687592 1712.70724518
-1186.89281767 297.190431742 1564.57500223
-961.706902471 -81.8550652468 1328.38968351
-1337.3830277 277.649494286 1645.26768182
-2571.4653499 178.283980247 1735.84317721
-1712.70045361 -36.4050313439 1259.36551856
384.210800303 1085.03205307 1980.02255015
-1516.08339917 799.787166587 2034.07039869
-1095.40859631 522.361610243 1827.36676989
-2938.11877156 130.931747905 1769.15076883
157.958296429 1094.95129087 1659.6315129
-775.930513001 516.952441634 1541.24318981
-1226.9596711 91.0236226111 1666.79118406
-496.961627188 841.224686684 1626.42801043
-775.143849875 520.681190737 1486.58401258
-754.97716612 469.632415952 1921.93358683
-1428.21474104 519.899520395 1837.93497324
-1333.47593721 826.921406987 1463.19274339
-2429.91895462 198.487529952 1393.94677519
-817.76552908 272.366207961 1435.08477625
-1345.74597295 335.742505782 1609.04210688
-1974.19174619 204.491685604 1785.60577781
-3021.03614629 -80.2875715039 1377.83867752
-820.125786654 507.586976085 1818.07994179
-958.750900355 63.0853140405 1371.11612865
-1274.78319413 -127.694221466 1321.40176296
-1149.74626752 385.636431673 1447.92046066
-1145.19224683 194.722496557 1354.05629979
-2328.10763749 359.251998731 1519.52356663
-1524.575675 777.194985913 2233.52528593
-821.705631804 -173.836587701 1353.72148461
-678.422470739 516.503350361 1816.38232424
-767.706204384 552.059560789 1901.07735455
-1703.62407315 102.757901667 1577.41962099
-1856.52352569 63.2704709886 1517.34930532
-439.797165712 975.971131096 2013.13517509
-1918.68538671 292.798178592 1887.18984216
-1078.62757553 518.072747502 1609.16421018
-1318.23971692 132.983578965 1785.72780884
-2584.45880006 -279.069511902 1568.39707559
-1347.29302787 435.349893708 1756.98670432
-2345.76669687 196.804309549 1800.83488302
-1380.63840953 432.636430003 1957.37712296
-1456.44014085 644.141050986 1612.87965113
-3797.28995347 372.364076182 1781.78839783
-3172.13667706 157.0691611 1313.93468235
-1296.74726804 410.215244674 1494.20183658
-1839.26094616 346.775677354 1977.41219253
-3650.30799269 484.349574446 1588.24169479
-1789.3865947 395.417514398 1820.64391495
-2625.5327166 -110.155033616 1703.99200324
-2889.51641547 258.011286335 1787.71935796
-2035.56932249 388.392624844 1617.15460507
-761.567072528 201.99881144 1766.61441373
-1353.38043351 324.661316256 1764.62227619
-670.488343851 295.862165854 1696.98468934
-781.475591076 191.400592319 1058.77234554
-1242.15758024 638.121302468 1830.84309751
-2977.14367985 276.193865183 1297.9504372
-1282.23233158 16.9135190109 1943.61751227
-1664.13046538 357.600081561 1951.62317922
-1579.75807831 182.671077034 1655.20541238
-2711.16627858 -285.963731626 1157.34812094
-430.95462953 880.336861293 1642.0139533
-1004.19526233 753.399235683 1633.86402635
-687.056528192 756.201990845 1746.89380296
-1394.53226108 -129.278283399 1519.48911592
-918.255552809 390.462567423 1171.80411582
-832.776659143 -93.5133277546 1395.06638237
-833.943718277 971.001227549 1931.92795831
-1518.51989424 178.578332367 1703.19425708
-4073.56681618 -309.150317664 1291.73510691
-2136.76790431 -44.4048216931 1350.85497346
-934.610315579 297.444334643 1438.12929324
-3142.27758252 -869.561932362 1430.5927507
-1661.5087251 24.6240118334 1427.31350525
-5430.14439763 -267.20814476 1347.06593166
-1006.94709498 332.520308516 1618.38465152
-2471.62623191 -230.655695898 1300.04964005
-978.381081709 177.404893355 1696.35005812
-1597.77035546 373.402028107 1515.15956326
-2334.62071181 -6.43759199209 1575.61472267
-1150.42229661 358.262138849 1457.38304557
-1816.95027087 451.547596748 1176.63830363
-2326.66431996 -99.25759727 1355.33175895
-1510.64935928 191.838910338 1551.5496538
-3472.06610178 -779.83262141 1276.73130901
-3812.74769465 -670.077956953 1460.25314357
-2543.34197091 559.068845925 1346.30876622
-3622.51106063 -375.406210043 1820.97361328
-2902.50862921 -77.1060008024 1563.34562364
-1276.29948038 52.3122667193 970.959058315
-1286.17689269 -73.5718580352 1323.18487835
-704.109537071 430.628652229 1536.65127833
-2471.49172774 382.10942359 1625.18147183
-1703.98224085 -20.1876054223 1240.16843084
-941.689863036 166.996981786 1421.76517442
-2993.17489429 -445.551210702 1335.55233931
-2342.9462239 -91.8271322103 1441.84404486
-1254.69513171 637.057752646 1769.61392001
-2698.01535158 400.674214663 1300.3648507
-1250.4467189 457.960285994 1578.03525561
-912.23215108 279.3879586 1440.35829122
-3300.70211228 168.019592719 1463.82799258
-907.547825318 589.359477706 1854.80981674
-1555.87006643 552.731565879 1767.99317266
-2462.8947449 238.947826664 1561.83837479
-4879.19468852 -107.100794435 1682.89276217
-908.775754216 311.355593288 1246.03142841
-87.2682458144 1053.16569189 1618.83687794
-884.704973985 686.935114965 1411.09116322
-4448.98307163 175.211742347 1641.33577856
-1753.11042145 124.057287141 1395.76916324
-1491.73053312 544.65350254 1508.26228255
-1578.53667841 129.395655053 1372.33702948
-1715.9780501 -88.6180833424 1816.70961036
-2623.15799817 -163.528290035 1572.987748
-1077.22388251 -69.3356208183 1677.99875778
-1799.48721915 320.258056238 1480.51037117
-1380.97179894 553.25021821 1527.44738118
-1072.73852556 351.817540733 1565.63434503
-48.3630084044 808.678799614 1560.69933903
-1135.79779005 581.460880944 1611.32147529
-435.200370466 666.557199574 2063.17435819
-1478.79825485 103.489615396 1744.32975944
-1404.83927918 337.224491209 1874.55418357
-993.084075256 635.932909892 1706.70321904
-1179.09240363 291.604428369 1648.75902317
-1448.6992996 93.3721470815 1106.68617373
-870.882963599 -82.0627273327 1064.24736549
-889.494229119 378.557970525 1744.32534778
-724.38643613 528.907957213 1764.11237983
-796.82093966 690.381284885 1934.23237243
-1679.913261 123.464485847 1778.70576884
-1289.00955706 576.101261746 1690.42619097
-976.550556927 554.78495998 2020.09842444
-1175.72822205 644.175052552 1801.8036869
-600.976137274 285.962562124 1625.93152627
-75.0830379027 1091.67524471 1854.44313427
-610.833375028 358.080255439 1949.51508182
-1040.97869477 746.019748459 1960.30255726
-562.429856866 803.443467156 1741.04747082
-2290.06860354 476.204594361 1710.79455529
-2006.54965137 -176.641465142 1715.81906447
-902.064447102 177.051264418 1577.77473541
-1850.96582469 695.606517136 1969.14536178
1061.09815088 1495.87503864 1894.55417665
-649.141360002 604.678147502 1774.79164618
-1347.96916612 455.803110881 1854.87216279
-1111.4614029 -197.038524888 1528.2123483
-475.22969615 799.075238881 2007.14377599
-1240.5266625 583.164663533 2071.24569208
-230.248396052 1118.3047072 1874.8343283
-207.463764473 721.963520472 2345.75278631
-1077.26496086 69.1348958538 1603.21130659
-924.070383943 355.193397111 1753.54090698
-1163.14544355 649.297434429 1784.28469906
