0.4836 0.572636 0.6
0.57328 0.597328 0.6
0.37628 0.55806 0.6
0.2306 0.489244 0.6
0.3278 0.571744 0.6
0.24592 0.558316 0.6
0.20808 0.47222 0.6
0.236 0.427884 0.6
0.25592 0.390068 0.6
0.19436 0.431936 0.6
0.24488 0.449084 0.6
0.21796 0.408692 0.6
0.2456 0.486712 0.6
0.19 0.427924 0.6
0.23324 0.363472 0.6
0.1942 0.392368 0.6
0.17168 0.323856 0.6
0.15688 0.42044 0.6
0.1906 0.329752 0.51388
0.18648 0.344564 0.6
0.16768 0.376012 0.6
0.16788 0.2878 0.6
0.17928 0.290324 0.6
0.1728 0.350032 0.6
0.1606 0.268252 0.6
0.17116 0.293044 0.6
0.189 0.254996 0.56304
0.15556 0.250232 0.59396
0.17164 0.262324 0.6
0.16604 0.253964 0.6
0.15436 0.268452 0.6
0.1612 0.265384 0.6
0.178 0.200952 0.23996
0.18396 0.294972 0.6
0.17412 0.246964 0.59288
0.16348 0.24228 0.54376
0.15836 0.185544 0.2262
0.16928 0.381344 0.6
0.17312 0.197844 0.26788
0.1716 0.198912 0.26076
0.15896 0.204468 0.27712
0.152 0.179852 0.21176
0.1594 0.207364 0.44088
0.17132 0.196288 0.2932
0.19244 0.196752 0.20116
0.191 0.194992 0.19928
0.19252 0.196336 0.2028
0.19048 0.196644 0.2
0.1936 0.198368 0.2022
0.19484 0.197784 0.20268
0.194 0.199232 0.20336
0.19348 0.199544 0.20808
0.19376 0.19808 0.20392
0.19108 0.19834 0.20248
0.194 0.19854 0.20256
0.19068 0.197044 0.20184
0.19016 0.197416 0.204
0.19632 0.19976 0.2084
0.19648 0.201624 0.20576
0.19672 0.1993 0.20224
0.19688 0.201008 0.20576
0.19608 0.200888 0.20912
0.19568 0.201352 0.20496
0.19804 0.20088 0.2066
0.19872 0.201996 0.20748
0.19592 0.20182 0.20476
0.19624 0.200852 0.20624
0.19504 0.201292 0.2076
0.19816 0.204108 0.20976
0.19776 0.202936 0.21408
0.19676 0.20152 0.205
0.19748 0.201988 0.20804
0.19732 0.203184 0.21004
0.19524 0.200936 0.20836
0.19752 0.200424 0.20556
0.19648 0.199252 0.20488
0.19604 0.20006 0.20536
0.1958 0.200156 0.20536
0.19428 0.201484 0.20508
0.1964 0.200832 0.20636
0.1966 0.200724 0.2042
0.196 0.199984 0.2026
0.19172 0.199796 0.20636
0.19268 0.19812 0.20168
0.1934 0.1986 0.20276
0.19596 0.199652 0.20376
0.19612 0.199448 0.20552
0.19404 0.199332 0.20588
0.19928 0.201704 0.2054
0.19772 0.200568 0.20552
0.19556 0.200616 0.20432
0.19428 0.198072 0.20212
0.19484 0.1972 0.20028
0.19568 0.197956 0.20268
0.19336 0.198708 0.20252
0.1924 0.199328 0.20456
0.19152 0.198828 0.20476
0.1932 0.19744 0.1994
0.19484 0.198212 0.20324
0.19192 0.196664 0.20144
0.1932 0.197236 0.20172
0.19496 0.198416 0.2052
0.19328 0.19986 0.20348
0.19268 0.197428 0.20128
0.19472 0.200092 0.21188
0.19392 0.198792 0.20268
0.1956 0.200296 0.20464
0.19504 0.198852 0.2026
0.1944 0.200044 0.20548
0.19692 0.200892 0.20524
0.19612 0.20036 0.20548
0.194 0.200544 0.2066
0.19624 0.201184 0.20836
0.19464 0.200184 0.20984
0.19492 0.200472 0.2038
0.19636 0.20172 0.20536
0.19564 0.19986 0.20424
0.196 0.19972 0.2036
0.19744 0.201692 0.20492
0.19544 0.199204 0.20456
0.19588 0.198304 0.20096
0.19668 0.200148 0.20368
0.19684 0.200184 0.2094
0.19304 0.200012 0.20564
0.19536 0.200344 0.20184
0.19684 0.199116 0.20148
0.19524 0.199352 0.205
0.19656 0.200376 0.20368
0.19656 0.200896 0.20544
0.19372 0.200324 0.20332
0.1936 0.200888 0.20884
0.19856 0.201144 0.20576
0.19516 0.2 0.20484
0.19376 0.199008 0.20192
0.19632 0.200536 0.2052
0.1954 0.199332 0.20556
0.19652 0.200124 0.20572
0.1936 0.198212 0.203
0.19576 0.199508 0.20448
0.1934 0.196348 0.20252
0.19536 0.198088 0.20096
0.19464 0.198116 0.20228
0.19412 0.196928 0.20064
0.19456 0.197268 0.2032
0.1944 0.1978 0.20184
0.19272 0.197188 0.2014
0.18868 0.1962 0.20084
0.19564 0.200152 0.20824
0.19516 0.198892 0.20404
0.19204 0.195736 0.20308
0.19448 0.198168 0.20512
0.19372 0.196892 0.2002
0.19444 0.199676 0.20288
0.19188 0.19624 0.19992
0.19208 0.196584 0.2022
0.1906 0.196524 0.20388
0.19748 0.200668 0.20408
0.19612 0.20022 0.20424
0.19192 0.19828 0.20364
0.19652 0.199836 0.20748
0.19788 0.202088 0.2068
0.19808 0.20254 0.21076
0.1976 0.201144 0.20684
0.19948 0.202468 0.20724
0.19556 0.201896 0.20832
0.1928 0.200124 0.20564
0.19848 0.201676 0.21104
0.19548 0.200096 0.20776
0.19632 0.199996 0.20376
0.1964 0.201696 0.20524
0.19496 0.199148 0.20376
0.19376 0.198056 0.20164
0.19164 0.196244 0.20352
0.1938 0.199764 0.2122
0.19508 0.1987 0.20312
0.19508 0.197888 0.20076
0.1974 0.199208 0.20396
0.19724 0.200864 0.20788
0.19504 0.198512 0.2014
0.19428 0.198216 0.20248
0.19384 0.201908 0.20492
0.19392 0.201012 0.2066
0.1946 0.200132 0.20652
0.19632 0.20108 0.20516
0.19864 0.202764 0.20668
0.19732 0.202432 0.20788
0.19424 0.1999 0.2058
0.19824 0.201316 0.2052
0.195 0.201316 0.20772
0.19524 0.203428 0.208
0.19632 0.200584 0.2044
0.19856 0.201888 0.20632
0.19788 0.203588 0.20868
0.1998 0.203912 0.21052
0.1998 0.202708 0.20616
0.19468 0.202276 0.20736
0.19532 0.201288 0.20784
0.19848 0.203072 0.2086
0.19736 0.202248 0.20872
0.19684 0.201964 0.20632
0.19792 0.201168 0.20656
0.19556 0.202432 0.21688
0.19604 0.202828 0.20804
0.19472 0.19984 0.20564
0.197 0.201336 0.20624
0.19324 0.199284 0.20576
0.19308 0.200484 0.20916
0.19308 0.199488 0.20364
0.19904 0.202584 0.20584
0.19392 0.199344 0.20388
0.1986 0.203272 0.2072
0.1926 0.20194 0.20988
0.19692 0.201584 0.20796
0.19556 0.199944 0.20268
