0.5184 0.58806 0.6
0.53168 0.581296 0.6
0.4608 0.569484 0.6
0.45172 0.550448 0.6
0.47068 0.526244 0.58352
0.40348 0.552408 0.6
0.37228 0.454008 0.53924
0.3768 0.50652 0.58032
0.36064 0.485784 0.6
0.31972 0.386092 0.6
0.3578 0.446344 0.53444
0.28164 0.392656 0.51264
0.28272 0.35792 0.46264
0.29104 0.340364 0.47924
0.29292 0.373212 0.57968
0.2548 0.29134 0.32488
0.2576 0.29042 0.33684
0.23768 0.303484 0.40596
0.23944 0.296012 0.356
0.2372 0.301164 0.3786
0.26468 0.2982 0.37268
0.24448 0.269332 0.30808
0.23792 0.269656 0.30032
0.25136 0.273252 0.3272
0.2268 0.25356 0.33896
0.23184 0.256868 0.28228
0.24784 0.28318 0.3506
0.23296 0.244712 0.2576
0.22276 0.247 0.2768
0.23116 0.241908 0.2526
0.22416 0.254956 0.2754
0.221 0.237956 0.25336
0.23584 0.25206 0.28608
0.22288 0.25854 0.31524
0.22352 0.244176 0.25452
0.21672 0.236904 0.27156
0.23072 0.243156 0.26136
0.23044 0.245088 0.26156
0.2252 0.241352 0.25792
0.2258 0.257256 0.29328
0.21796 0.241844 0.28172
0.23108 0.24572 0.26724
0.22168 0.249736 0.28172
0.2356 0.250976 0.27204
0.22636 0.253348 0.32432
0.22508 0.244824 0.27452
0.23832 0.259692 0.30408
0.23384 0.25958 0.29732
0.23344 0.256408 0.28248
0.21216 0.243792 0.27692
0.23616 0.262236 0.31688
0.2332 0.260324 0.28564
