0.6 0.6 0.6
0.6 0.6 0.6
0.6 0.6 0.6
0.6 0.6 0.6
0.6 0.6 0.6
0.6 0.6 0.6
0.6 0.6 0.6
0.6 0.6 0.6
0.6 0.6 0.6
0.6 0.6 0.6
0.6 0.6 0.6
0.6 0.6 0.6
0.6 0.6 0.6
0.6 0.6 0.6
0.6 0.6 0.6
0.6 0.6 0.6
0.6 0.6 0.6
0.6 0.6 0.6
0.6 0.6 0.6
0.6 0.6 0.6
0.6 0.6 0.6
0.6 0.6 0.6
0.6 0.6 0.6
0.6 0.6 0.6
0.6 0.6 0.6
0.6 0.6 0.6
0.6 0.6 0.6
0.6 0.6 0.6
0.6 0.6 0.6
0.6 0.6 0.6
0.6 0.6 0.6
0.6 0.6 0.6
0.6 0.6 0.6
0.6 0.6 0.6
0.6 0.6 0.6
0.6 0.6 0.6
0.6 0.6 0.6
0.6 0.6 0.6
0.6 0.6 0.6
0.6 0.6 0.6
0.6 0.6 0.6
0.6 0.6 0.6
0.6 0.6 0.6
0.6 0.6 0.6
0.6 0.6 0.6
0.6 0.6 0.6
0.6 0.6 0.6
0.6 0.6 0.6
0.6 0.6 0.6
0.6 0.6 0.6
0.6 0.6 0.6
0.6 0.6 0.6
0.6 0.6 0.6
0.6 0.6 0.6
0.6 0.6 0.6
0.6 0.6 0.6
0.6 0.6 0.6
0.6 0.6 0.6
0.6 0.6 0.6
0.6 0.6 0.6
0.6 0.6 0.6
0.6 0.6 0.6
0.6 0.6 0.6
0.6 0.6 0.6
0.6 0.6 0.6
0.6 0.6 0.6
0.6 0.6 0.6
0.6 0.6 0.6
0.6 0.6 0.6
0.6 0.6 0.6
0.6 0.6 0.6
0.6 0.6 0.6
0.6 0.6 0.6
0.6 0.6 0.6
0.6 0.6 0.6
0.6 0.6 0.6
0.6 0.6 0.6
0.6 0.6 0.6
0.6 0.6 0.6
0.6 0.6 0.6
0.6 0.6 0.6
0.6 0.6 0.6
0.6 0.6 0.6
0.6 0.6 0.6
0.6 0.6 0.6
0.6 0.6 0.6
0.6 0.6 0.6
0.6 0.6 0.6
0.6 0.6 0.6
0.6 0.6 0.6
0.6 0.6 0.6
0.6 0.6 0.6
0.6 0.6 0.6
0.6 0.6 0.6
0.6 0.6 0.6
0.6 0.6 0.6
0.6 0.6 0.6
0.6 0.6 0.6
0.6 0.6 0.6
0.6 0.6 0.6
0.6 0.6 0.6
0.6 0.6 0.6
0.6 0.6 0.6
0.6 0.6 0.6
0.6 0.6 0.6
0.6 0.6 0.6
0.6 0.6 0.6
0.6 0.6 0.6
0.6 0.6 0.6
0.6 0.6 0.6
0.6 0.6 0.6
0.6 0.6 0.6
0.6 0.6 0.6
0.6 0.6 0.6
0.6 0.6 0.6
0.6 0.6 0.6
0.6 0.6 0.6
0.6 0.6 0.6
0.6 0.6 0.6
0.6 0.6 0.6
0.6 0.6 0.6
0.6 0.6 0.6
0.6 0.6 0.6
0.6 0.6 0.6
0.6 0.6 0.6
0.6 0.6 0.6
0.6 0.6 0.6
0.6 0.6 0.6
0.6 0.6 0.6
0.6 0.6 0.6
0.6 0.6 0.6
0.6 0.6 0.6
0.6 0.6 0.6
0.6 0.6 0.6
0.6 0.6 0.6
0.6 0.6 0.6
0.6 0.6 0.6
0.6 0.6 0.6
0.6 0.6 0.6
0.6 0.6 0.6
0.6 0.6 0.6
0.6 0.6 0.6
0.6 0.6 0.6
0.6 0.6 0.6
0.6 0.6 0.6
0.6 0.6 0.6
0.6 0.6 0.6
0.6 0.6 0.6
0.6 0.6 0.6
0.6 0.6 0.6
0.6 0.6 0.6
0.6 0.6 0.6
0.6 0.6 0.6
0.6 0.6 0.6
0.6 0.6 0.6
0.6 0.6 0.6
0.6 0.6 0.6
0.6 0.6 0.6
0.6 0.6 0.6
0.6 0.6 0.6
0.6 0.6 0.6
0.6 0.6 0.6
0.6 0.6 0.6
0.6 0.6 0.6
0.6 0.6 0.6
0.6 0.6 0.6
0.6 0.6 0.6
0.6 0.6 0.6
0.6 0.6 0.6
0.6 0.6 0.6
0.6 0.6 0.6
0.6 0.6 0.6
0.6 0.6 0.6
0.6 0.6 0.6
0.6 0.6 0.6
0.6 0.6 0.6
0.6 0.6 0.6
0.57952 0.597952 0.6
0.45864 0.580952 0.6
0.59936 0.599936 0.6
0.5956 0.59916 0.6
0.48184 0.567604 0.6
0.49936 0.551368 0.6
0.50268 0.57178 0.6
0.42856 0.502216 0.5568
0.40804 0.5183 0.59008
0.39608 0.526064 0.59904
0.3702 0.442032 0.56432
0.42692 0.48752 0.5672
0.36032 0.449 0.56288
0.36788 0.422384 0.56696
0.34976 0.401948 0.4382
0.36804 0.422608 0.49076
0.35972 0.399236 0.46052
0.35504 0.394296 0.45976
0.35564 0.422148 0.52116
0.39448 0.431988 0.4952
0.33052 0.41758 0.56012
0.3882 0.427444 0.52412
0.33772 0.450996 0.58144
0.32936 0.441272 0.51596
0.35448 0.453452 0.557
0.3142 0.428264 0.55108
0.32892 0.44108 0.58228
0.30024 0.422036 0.51344
0.32436 0.443872 0.5756
0.34516 0.47386 0.6
0.35928 0.43802 0.5236
0.38728 0.48088 0.54928
0.31796 0.453964 0.5904
0.4282 0.503344 0.55644
0.33696 0.437996 0.58908
0.38224 0.478688 0.55696
0.3356 0.456492 0.592
0.37376 0.451376 0.56868
0.35908 0.420444 0.48812
0.34652 0.41026 0.50884
0.35644 0.432316 0.59584
0.34084 0.451252 0.57056
0.389 0.46044 0.58344
0.35048 0.460064 0.52096
0.37644 0.464972 0.6
0.38292 0.445796 0.53532
0.46496 0.525412 0.6
0.33468 0.506776 0.6
0.3286 0.451416 0.57152
0.39724 0.4773 0.6
0.33396 0.425308 0.56784
0.3722 0.47474 0.6
0.37128 0.443096 0.5824
0.32348 0.449924 0.56048
0.39072 0.490308 0.58144
0.35188 0.428164 0.5588
0.37724 0.403688 0.46888
0.3306 0.397468 0.45656
0.40128 0.46724 0.54424
0.376 0.481128 0.55716
0.36212 0.452676 0.6
0.37376 0.45544 0.5622
0.36748 0.411868 0.54372
0.38052 0.469472 0.58656
0.33868 0.436812 0.4798
0.38768 0.464192 0.55512
0.35188 0.449844 0.52032
0.3524 0.426428 0.54476
0.36164 0.433528 0.51488
0.3236 0.4584 0.53856
0.36488 0.52376 0.6
0.3736 0.482488 0.57792
0.37696 0.475444 0.57484
0.33048 0.46838 0.5968
0.3652 0.469968 0.59136
0.36496 0.451232 0.53948
0.31716 0.413436 0.5294
0.38556 0.424872 0.47756
0.3662 0.434264 0.59632
0.3842 0.464892 0.5618
0.37348 0.509312 0.6
0.36568 0.472692 0.59776
0.3758 0.46322 0.56292
0.36644 0.439604 0.49848
0.36172 0.44628 0.6
0.40984 0.476488 0.6
0.38144 0.49694 0.59248
0.36308 0.489116 0.59568
0.35608 0.45424 0.54556
0.33736 0.46276 0.6
0.3756 0.4815 0.59908
0.3634 0.426332 0.53552
0.3864 0.461268 0.59144
0.3766 0.443344 0.53972
0.3784 0.4696 0.59712
0.33596 0.418052 0.50976
0.33548 0.42542 0.50524
0.42136 0.510616 0.6
0.35856 0.492368 0.6
0.40608 0.509672 0.57728
0.35136 0.480724 0.5982
0.35092 0.4703 0.59584
0.38432 0.474896 0.55024
0.3896 0.471636 0.6
0.35224 0.49818 0.59872
0.35992 0.479696 0.58752
0.40208 0.498948 0.6
0.4116 0.4934 0.59816
0.38248 0.46654 0.6
0.40748 0.480732 0.6
0.40232 0.477004 0.5936
0.41944 0.471432 0.6
0.40368 0.473148 0.6
0.40496 0.49124 0.6
0.40996 0.455956 0.5408
0.43448 0.541532 0.6
0.44748 0.487112 0.59984
0.403 0.473304 0.58996
0.6 0.6 0.6
0.6 0.6 0.6
0.6 0.6 0.6
0.6 0.6 0.6
0.6 0.6 0.6
0.6 0.6 0.6
0.6 0.6 0.6
0.6 0.6 0.6
0.6 0.6 0.6
0.6 0.6 0.6
0.6 0.6 0.6
0.6 0.6 0.6
0.6 0.6 0.6
0.6 0.6 0.6
0.6 0.6 0.6
0.6 0.6 0.6
0.6 0.6 0.6
0.6 0.6 0.6
0.6 0.6 0.6
0.6 0.6 0.6
0.6 0.6 0.6
0.6 0.6 0.6
0.6 0.6 0.6
0.6 0.6 0.6
0.6 0.6 0.6
0.6 0.6 0.6
0.6 0.6 0.6
0.6 0.6 0.6
0.6 0.6 0.6
0.6 0.6 0.6
0.6 0.6 0.6
0.6 0.6 0.6
0.6 0.6 0.6
0.6 0.6 0.6
0.6 0.6 0.6
0.6 0.6 0.6
0.6 0.6 0.6
0.6 0.6 0.6
0.6 0.6 0.6
0.6 0.6 0.6
0.6 0.6 0.6
0.6 0.6 0.6
0.6 0.6 0.6
0.6 0.6 0.6
0.6 0.6 0.6
0.6 0.6 0.6
0.6 0.6 0.6
0.6 0.6 0.6
0.6 0.6 0.6
0.6 0.6 0.6
0.6 0.6 0.6
0.6 0.6 0.6
0.6 0.6 0.6
0.6 0.6 0.6
0.6 0.6 0.6
0.6 0.6 0.6
0.6 0.6 0.6
0.6 0.6 0.6
0.6 0.6 0.6
0.6 0.6 0.6
0.6 0.6 0.6
0.6 0.6 0.6
0.6 0.6 0.6
0.6 0.6 0.6
0.6 0.6 0.6
0.6 0.6 0.6
0.6 0.6 0.6
0.6 0.6 0.6
0.6 0.6 0.6
0.6 0.6 0.6
0.6 0.6 0.6
0.6 0.6 0.6
0.6 0.6 0.6
0.6 0.6 0.6
0.6 0.6 0.6
0.6 0.6 0.6
0.6 0.6 0.6
0.6 0.6 0.6
0.6 0.6 0.6
0.6 0.6 0.6
0.6 0.6 0.6
0.6 0.6 0.6
0.6 0.6 0.6
0.6 0.6 0.6
0.6 0.6 0.6
0.6 0.6 0.6
0.6 0.6 0.6
0.6 0.6 0.6
0.6 0.6 0.6
0.6 0.6 0.6
0.6 0.6 0.6
0.6 0.6 0.6
0.6 0.6 0.6
0.6 0.6 0.6
0.6 0.6 0.6
0.6 0.6 0.6
0.6 0.6 0.6
0.6 0.6 0.6
0.6 0.6 0.6
0.6 0.6 0.6
0.6 0.6 0.6
0.6 0.6 0.6
0.6 0.6 0.6
0.6 0.6 0.6
0.6 0.6 0.6
0.6 0.6 0.6
0.6 0.6 0.6
0.6 0.6 0.6
0.6 0.6 0.6
0.6 0.6 0.6
0.6 0.6 0.6
0.6 0.6 0.6
0.6 0.6 0.6
0.6 0.6 0.6
0.6 0.6 0.6
0.6 0.6 0.6
0.6 0.6 0.6
0.6 0.6 0.6
0.6 0.6 0.6
0.6 0.6 0.6
0.6 0.6 0.6
0.6 0.6 0.6
0.6 0.6 0.6
0.6 0.6 0.6
0.6 0.6 0.6
0.6 0.6 0.6
0.6 0.6 0.6
0.6 0.6 0.6
0.6 0.6 0.6
0.6 0.6 0.6
0.6 0.6 0.6
0.6 0.6 0.6
0.6 0.6 0.6
0.6 0.6 0.6
0.6 0.6 0.6
0.6 0.6 0.6
0.6 0.6 0.6
0.6 0.6 0.6
0.6 0.6 0.6
0.6 0.6 0.6
0.6 0.6 0.6
0.6 0.6 0.6
0.6 0.6 0.6
0.6 0.6 0.6
0.6 0.6 0.6
0.6 0.6 0.6
0.6 0.6 0.6
0.6 0.6 0.6
0.6 0.6 0.6
0.6 0.6 0.6
0.6 0.6 0.6
0.6 0.6 0.6
0.6 0.6 0.6
0.6 0.6 0.6
0.6 0.6 0.6
0.6 0.6 0.6
0.6 0.6 0.6
0.6 0.6 0.6
0.6 0.6 0.6
0.6 0.6 0.6
0.6 0.6 0.6
0.6 0.6 0.6
0.59552 0.599552 0.6
0.6 0.6 0.6
0.59356 0.599356 0.6
0.58092 0.596668 0.6
0.56736 0.59616 0.6
0.59152 0.59888 0.6
0.56336 0.581288 0.59856
0.55984 0.584976 0.6
0.55008 0.583232 0.6
0.52048 0.566408 0.6
0.48904 0.55402 0.5968
0.57472 0.582576 0.59936
0.4202 0.524904 0.57088
0.48524 0.551864 0.591
0.46096 0.528592 0.593
0.41808 0.473264 0.53792
0.38372 0.461304 0.53108
0.4054 0.479488 0.56132
0.41432 0.476704 0.5442
0.39792 0.455452 0.52752
0.38516 0.433596 0.4948
0.40556 0.47324 0.55568
0.41928 0.44892 0.4922
0.38284 0.443164 0.518
0.3632 0.448076 0.5544
0.40436 0.443852 0.53412
0.36968 0.411312 0.46288
0.36252 0.453284 0.53504
0.36012 0.466644 0.54176
0.40848 0.479992 0.58696
0.37092 0.44492 0.53688
0.3548 0.441572 0.54716
0.37064 0.46266 0.5948
0.3242 0.39788 0.47204
0.34596 0.414096 0.51652
0.31904 0.36802 0.43152
0.33456 0.41178 0.53704
0.38308 0.436104 0.527
0.3602 0.421596 0.55488
0.358 0.474996 0.57376
0.42996 0.493916 0.5692
0.38764 0.46664 0.59024
0.4262 0.475428 0.6
0.35448 0.439556 0.5752
0.39816 0.47698 0.5912
0.35432 0.489228 0.59128
0.33428 0.451736 0.6
0.4176 0.468844 0.59936
0.36704 0.495444 0.6
0.40812 0.495764 0.6
0.36704 0.444252 0.49228
0.44128 0.47496 0.55904
0.37564 0.472792 0.5872
0.40236 0.514848 0.5992
0.38504 0.488736 0.58608
0.37224 0.474404 0.54008
0.35112 0.4972 0.58704
0.36868 0.43428 0.55196
0.35936 0.396368 0.53328
0.39528 0.462776 0.53328
0.3992 0.457736 0.5936
0.39756 0.477268 0.59632
0.4166 0.478592 0.57424
0.3922 0.451788 0.52568
0.33736 0.467564 0.52876
0.409 0.50728 0.6
0.362 0.42928 0.50552
0.38576 0.451904 0.56548
0.38168 0.459648 0.52096
0.32964 0.403536 0.4826
0.34844 0.392456 0.44228
0.31292 0.399068 0.49548
0.35156 0.421396 0.4684
0.35188 0.402312 0.46044
0.3382 0.416052 0.52492
0.3514 0.421256 0.4994
0.37244 0.413072 0.56348
0.40984 0.490844 0.59416
0.39668 0.476208 0.54536
0.35812 0.43942 0.55068
