-1645.45784457 -1511.82780922 -1452.65549685
-1590.43300391 -1512.1825401 -1434.22431585
-1661.02418033 -1523.02029153 -1471.48303129
-1636.03203515 -1527.59366874 -1459.21118996
-1729.20676111 -1534.94983099 -1466.94646313
-1694.35750505 -1540.40680114 -1458.95982922
-1624.90034855 -1514.50123041 -1457.29807774
-1812.69115396 -1560.15228993 -1457.73857411
-1526.79224961 -1483.9929332 -1441.65871927
-1779.03002732 -1532.8522862 -1449.10118751
-1587.02783013 -1508.29498403 -1456.23835308
-1685.11428929 -1512.34465918 -1434.75261917
-1609.90329007 -1525.03925138 -1483.56014957
-1605.85532358 -1519.78065022 -1453.40749347
-1553.39513629 -1512.51628818 -1475.58997722
-1647.95594644 -1536.69828681 -1450.81839472
-1906.67706459 -1563.46955807 -1432.94988645
-1543.35958992 -1482.53736279 -1431.69631494
-1602.56564762 -1497.52793713 -1460.97802663
-1706.12373763 -1523.75265142 -1428.04532348
-1501.4749968 -1461.70761195 -1433.83836709
-1554.77055563 -1500.99039559 -1462.41305391
-1555.96212862 -1485.99724392 -1451.40461165
-1543.80828914 -1488.42768722 -1458.45566909
-1556.05751777 -1482.93311628 -1453.79282509
-1560.33752111 -1487.69155859 -1429.46151024
-1572.25159293 -1497.63594719 -1446.92496611
-1516.17612254 -1482.66063935 -1440.91810845
-1569.60520328 -1484.31402568 -1428.72776008
-1666.81458817 -1503.6123853 -1452.63276817
-1680.33733014 -1519.98694258 -1459.3966157
-1497.92587751 -1479.39932665 -1438.63114295
-1563.39678945 -1499.41403965 -1450.60523233
-1595.91602665 -1520.14664606 -1442.94159778
-1567.52483002 -1499.37511072 -1423.39844277
-1530.10048055 -1483.17130355 -1444.12537172
-1559.14706912 -1487.81318255 -1446.80119241
-1590.86137184 -1485.69671358 -1421.91078212
-1492.6530151 -1466.2477884 -1434.59186968
-1497.70817648 -1473.84689049 -1431.52044482
-1504.97178152 -1463.2126657 -1431.99793411
-1569.60655059 -1493.8550109 -1450.03967966
-1651.55525142 -1507.8821881 -1449.22615698
-1619.19176916 -1504.23058882 -1461.15108357
-1542.26230245 -1500.33909917 -1458.82294991
-1621.17318097 -1495.18299073 -1417.71970714
-1508.2202882 -1478.84698632 -1450.51552419
-1557.22848396 -1481.84528609 -1427.98491078
-1518.01589511 -1477.56196297 -1458.41741712
-1515.24881631 -1475.96758843 -1443.04694711
