-2361.3291556 -2120.7407771 -1860.31400219
-2254.29396215 -2015.67798192 -1852.84587263
-2394.77450728 -2068.79460952 -1775.83283424
-2180.27672326 -1985.66566261 -1670.46725845
-2128.76826732 -1920.27832538 -1655.99302706
-2243.8307427 -1793.93966268 -1543.48102141
-2110.0476671 -1844.66539259 -1611.87844009
-2218.97450035 -1934.36994836 -1669.38711391
-2265.47162964 -1881.53386099 -1605.48252405
-2299.9313255 -1861.5907798 -1639.90308284
-2101.11507677 -1810.64874017 -1412.93278658
-2271.90362256 -1911.43694497 -1696.83672863
-2059.90865046 -1812.25183407 -1612.19591687
-2002.2439432 -1774.22395019 -1597.77506116
-1962.23199933 -1822.47109937 -1478.32975075
-2129.45704275 -1785.86566524 -1318.54372886
-2591.27790329 -1977.81230439 -1551.65612877
-2268.92924036 -1810.11002861 -1611.08201413
-1999.33413821 -1801.47579731 -1588.79055072
-2134.89579566 -1868.3887708 -1613.85839858
-2044.89074372 -1753.3271425 -1474.23064333
-2269.18386654 -1785.3866695 -1321.46412579
-2280.23418079 -1869.43736764 -1535.49256192
-1919.97559274 -1788.25519213 -1513.4449447
-2098.66388071 -1857.97843698 -1586.84127539
-2351.41500512 -1798.55236467 -1507.64059226
-1907.87610003 -1682.76856499 -1427.31564165
-2006.22921816 -1711.90102599 -1548.92931472
-1878.43028746 -1689.58425063 -1508.93651038
-1876.63247628 -1668.042219 -1411.00142428
-1915.35329959 -1771.15213957 -1626.30143322
-1919.9055524 -1657.66449977 -1192.8725373
-1823.66559292 -1540.99769241 -1318.43951064
-2027.8623576 -1662.38788836 -1442.54577952
-2008.36954396 -1664.30780118 -1192.82278405
-2108.38949165 -1590.78203553 -1334.69050198
-2086.52418014 -1607.31213454 -1283.52964198
-1818.29150845 -1652.21873416 -1403.61269424
-1941.49447777 -1621.26441511 -1235.08933541
-1812.15083471 -1550.85683714 -1354.5252085
-1766.51859447 -1567.83295613 -1267.40380397
-1812.90089767 -1615.04723627 -1381.84952911
-1912.10039106 -1671.36552022 -1389.45311924
-1681.62753648 -1432.03824618 -1120.01803568
-1813.48421071 -1598.22106484 -1300.7723869
-1754.47541501 -1444.55136793 -1058.49285153
-1696.19383135 -1444.04630777 -1067.33038968
-1736.84462141 -1443.11640065 -1136.93376885
-1731.35948376 -1507.86539826 -1221.91271522
-1626.18646935 -1365.06289953 -1063.97714409
-1871.76929334 -1634.90479922 -1447.49817992
-1692.41070305 -1429.43732703 -1204.04179539
-1444.89617261 -1222.59612408 -1038.83467588
-1714.60688571 -1465.53051299 -1222.3394093
-1688.99283365 -1407.78260909 -938.120262691
-1657.17618111 -1436.09320354 -1252.584576
-1657.60370052 -1443.77401439 -1266.02040221
-1708.29105464 -1336.61107082 -889.143383381
-1481.62876624 -1306.23144205 -1118.06310083
-1571.66570694 -1327.04456709 -1081.82608409
-1503.05313053 -1348.14345507 -1084.60348744
-1822.36526927 -1319.36760999 -1067.93897803
-1668.86017958 -1343.041674 -1034.77092054
-1530.90234136 -1305.40474138 -1079.810356
-1662.2661084 -1368.98606097 -951.429200982
-1859.98684692 -1371.73544936 -1060.95615125
-1427.10237887 -1193.89559551 -908.585543575
-1675.35122815 -1441.75830261 -1265.22150081
-1580.86543831 -1325.10502696 -1054.85574142
-1519.64518347 -1104.71153195 -838.466291543
-1598.79446229 -1226.31431238 -820.498710887
-1440.29792581 -1128.88957315 -890.141237719
-1341.93144964 -1063.508646 -811.037307363
-1713.55700605 -1177.49975372 -913.919381777
-1418.28915838 -1086.93735596 -684.485860871
-1425.71567767 -1091.54896343 -948.861519446
-1415.2857193 -1075.7735883 -905.625081034
-1374.14390325 -1183.07931832 -932.278818584
-1481.33073954 -1100.80429641 -679.331864804
-1433.7644283 -1068.78775981 -734.344746731
-1358.66129103 -1013.69231872 -789.396979752
-1566.74353956 -945.965059007 -594.266687204
-1294.64582943 -887.782850145 -690.560819578
-1406.86486196 -1060.13315467 -653.048438021
-1310.43222412 -947.317384744 -429.069748207
-1330.8864003 -957.442861146 -639.637474536
-1402.7893155 -896.308368294 -681.328783306
-1354.32442132 -919.438249252 -588.938119986
-1567.70854446 -899.209658706 -621.308819321
-1094.25273998 -818.940888679 -578.96459099
-1882.10192427 -831.432399245 -473.521723438
-1370.22095703 -849.899315672 -437.367280727
-1433.74789057 -897.176954495 -506.549437774
-2986.79999509 -1094.68352191 -502.677814293
-1753.52281504 -1005.79441152 -617.379135096
-1920.24489303 -923.968758988 -480.39942481
-1817.88218696 -919.825223384 -428.883650278
-3666.22722093 -1165.7067312 -607.706090656
-3431.63597444 -1140.98387889 -649.453074377
-4924.27728827 -1150.78809554 -445.794980027
-1316.36808024 -760.223974558 -504.90477724
-3888.56909313 -1160.18662797 -534.627396297
-3796.51287455 -1252.12396856 -559.514675
-3294.34711141 -1074.26612822 -504.9011333
-5938.79767315 -1656.89872839 -502.06535384
-3296.12468094 -1042.29741034 -515.968108848
-3115.87450581 -1224.7923261 -474.655908483
-8053.78450977 -2172.20604417 -580.361133026
-1396.58820699 -768.226062747 -409.129955706
-6560.47803268 -1419.82625597 -630.905802555
-2609.71018411 -1044.40999936 -517.058911274
-4994.79644366 -1329.18952688 -551.183799157
-2578.30059427 -972.632297253 -479.840734478
-1473.69030976 -824.984543114 -426.779853523
-2257.60996964 -958.60242176 -434.875186177
-4222.54937446 -1189.56588821 -547.278427659
-6295.54198413 -1580.39323149 -458.946741262
-2930.6120733 -881.171973965 -368.068555757
-7200.57997322 -1991.67100447 -414.895491937
-7346.43962503 -1701.13681719 -672.428773581
-3207.78593849 -1110.84469422 -630.919467973
-968.785362838 -649.961374608 -168.161933929
-6149.58120453 -1599.26378481 -577.973650566
-7586.08721415 -1578.27515844 -447.404264725
-6801.69606479 -1351.59736531 -574.203857422
-7488.52141074 -1508.09806307 -434.516339471
-7558.1434351 -1997.84810315 -387.773614962
-3073.29360534 -1373.89743746 -869.615998242
-3844.17490213 -1460.2759727 -528.675240493
-1208.62531745 -868.383080219 -373.201116714
-5653.32008697 -1283.37775063 -556.689034493
-5234.24746112 -1310.06678972 -560.958330982
-1507.39843984 -993.107326423 -427.701161858
-3224.6958259 -1032.35591237 -469.935168793
-1492.52035252 -645.078747222 -359.790670659
-5882.07428933 -1191.50170657 -450.684411884
-3271.73440769 -1179.0539313 -577.027816941
-2553.73878907 -1307.93463396 -393.901060596
-4171.22213241 -1391.48078916 -360.52364157
-4483.10966844 -1246.77858086 -721.538277809
-2042.73588212 -786.502140007 -498.328331412
-2349.35191604 -928.148410387 -435.621886347
-2666.95637992 -1213.74416887 -657.057081562
-6722.47940367 -1988.93163846 -397.526711605
-7647.05120135 -2658.47283493 -608.645584245
-925.703264693 -615.892506869 -428.603768173
-3022.13779154 -1234.19428434 -495.076161143
-7654.00361025 -1469.12255806 -347.171050401
-5858.13501838 -1844.1661132 -710.22388673
-863.329251105 -738.995367913 -625.891919885
-2997.95230847 -1027.98715939 -409.93464443
-8068.22206384 -2036.3862936 -613.93436577
-5602.9801661 -1813.66849447 -416.099104415
-3204.70790713 -1045.72350546 -297.164302802
-1157.51699249 -781.770964613 -466.418947903
-1920.3232615 -932.770640537 -447.40424625
-6986.28457798 -1320.74592728 -400.368819888
-1799.52867575 -861.382139228 -431.041896581
-1577.60280389 -831.570860583 -446.306767823
-2126.91988793 -737.079060926 -451.023840795
-6765.60590372 -1560.8477598 -390.349728129
-7550.70937956 -1472.76321781 -566.497305872
-6598.56667736 -1733.06580353 -494.766564602
-4936.60750168 -1376.88064226 -583.697150804
-1958.32624579 -919.377134069 -595.17602907
-7803.51820041 -2435.70435115 -526.181018977
