-9986.24430332 -5897.43103422 -237.275431352
-9973.30070954 -5827.26451204 -376.708666145
-9971.35879745 -7433.0737313 -1138.9253048
-9998.25710437 -5049.79572272 142.323742741
-8681.99507752 -2212.81567532 -148.231436482
-10001.207121 -2740.20285877 -65.6225452498
-8664.16483409 -4148.25356353 -145.149638763
-1772.0906808 -632.98103936 64.9854926267
-9967.42929303 -2175.43663393 191.418715514
-8731.40659509 -3208.75673008 69.1435456428
-9965.58230487 -3948.29454336 234.766324511
-6904.41350617 -2594.77628224 -52.2226061759
-8768.25813631 -4210.53046533 -237.742394138
-8762.03130118 -2096.8256401 427.170801239
-8734.57742241 -4525.71356267 52.6310284947
-9974.34121871 -3376.66580921 66.3164985883
-8331.2831303 -1675.16982939 253.83481365
-9298.66222645 -3232.45861372 281.607819612
-9659.74776528 -1899.47948072 -93.267258889
-8102.80858065 -1404.9663742 296.291761887
-8134.48930818 -1594.97039615 297.08070092
-8864.45058687 -4504.36360851 464.356260947
-8645.50688939 -2297.69254658 289.361338908
-8817.07430468 -3398.57268014 -144.861825674
-8854.21711369 -2830.97771 -45.8918660759
-8619.49576029 -1252.43820218 272.477830687
-1688.02037502 -485.811224723 283.411224127
-8741.22190277 -2023.929828 240.936568293
-8655.68996677 -3862.44162971 -445.301629005
-8648.16452759 -2106.1989929 211.958057379
-6578.48815095 -2375.87623584 -752.639735423
-4587.17923835 -995.798958711 163.885328764
-8649.11608138 -1132.42406889 372.545050702
-8644.5946652 -1039.76460172 239.865226878
-8885.64678761 -2424.05503434 320.718017604
-8878.52192159 -3875.41765176 108.783357241
-7290.27490771 -1768.63692766 219.727633519
-8682.21974145 -1258.4351998 280.128732081
-8838.53300407 -2896.07763618 6.44553316882
-1352.6964917 -153.05324071 415.766415452
-8942.05206985 -1963.78529271 280.829667108
-1460.93278936 -414.162121341 241.261497709
-8562.3967602 -1125.81098654 319.577116125
-8849.21639085 -1439.98714545 132.49324039
-8508.51670788 -1775.6827936 287.378018561
-8730.07799877 -1864.25276092 504.09540638
-8931.69686268 -1988.63421584 193.302291997
-8712.07697662 -2178.08941222 -139.745334684
-7489.88661573 -1442.18420343 -122.6651866
-3471.03813384 -780.047590925 180.012896142
-8918.67094152 -2265.82579936 133.383079708
-8842.11055633 -1204.99042931 425.920980876
-7395.12020944 -1640.05727247 319.371246019
-2880.46639021 -926.504230677 159.815085109
-8518.78918938 -1684.10716596 134.135094231
-823.967405932 -94.3567624743 250.170413414
-8629.42371291 -1708.17889145 -132.022680074
-2347.86244135 -633.101037973 51.9826452578
-1453.55189146 -334.408924593 239.268543846
-1629.26670172 -533.270878693 163.82182592
-8713.23354486 -1150.35555787 210.980963261
-4981.58633123 -1289.49817409 150.465306886
-9061.07010013 -870.159037383 404.201678448
-3190.12578397 -817.7255562 235.687055171
-9051.81624513 -2666.89244302 99.5499432871
-1573.2807071 -462.311689138 191.936289021
-8914.07355374 -2895.41833182 379.090771084
-4136.83757146 -711.736429822 287.377957512
-8881.03497906 -1901.27530507 259.760635448
-8034.73445349 -1327.12429189 168.377902409
-8860.36053414 -1710.84252064 132.437326798
-8376.87529657 -2003.9700467 -82.2298276582
-8725.30829443 -1278.08821313 161.236205148
-8019.52810849 -1903.12285535 75.6628991148
-8823.4115693 -2638.75907724 244.33333009
-2777.41657988 -998.107247192 119.753718203
-8468.85628572 -1838.2653541 8.58307750824
-5282.6532752 -1223.90264454 401.07960177
-5020.92368399 -893.409264739 252.32855588
-2459.18453248 -471.724602593 206.678842259
-8843.67852954 -2018.60145127 230.521579217
-1163.0936448 -588.359977096 -12.9811153038
-8142.29656495 -2024.60499125 210.308639199
-3506.13507808 -638.570989159 314.036053574
186.451188704 602.911784406 853.010673212
-505.340129894 497.008617146 802.671595056
250.777865299 635.420623511 918.291978365
14.9194094698 642.34981615 1091.81860215
169.276295305 580.450755922 836.80429305
291.65793799 569.557476037 796.214098739
-61.7005753922 640.759054019 887.642273161
202.334134539 601.734012519 831.475466254
312.699507009 742.698359916 1084.90674737
113.962022634 684.831445124 1166.05336277
394.11996223 658.110966769 952.179877024
5.67062918859 668.055419676 959.246598428
149.166935258 692.047292867 1025.1286204
516.259602638 818.541847489 1094.41548616
584.005608289 773.756141957 954.552257244
328.177733627 645.474462708 784.396431594
29.9319011089 723.568071062 1040.14111366
333.118177139 679.660435312 944.824762414
262.759663045 711.103332129 1103.61566384
317.777152743 625.938082812 904.803247924
177.736127668 662.873052917 1037.63047311
234.735315341 534.806407543 1043.40183159
470.590844888 692.133694424 799.743089646
183.58123255 677.096422678 981.555561902
-30.7748928405 596.332279879 924.363351213
417.565491557 737.796121784 979.217353539
425.153553991 608.878851509 845.450866892
391.640990578 731.300747524 941.575007686
379.357086993 777.126868225 1027.80157157
427.791767902 699.692892297 1067.18255352
371.806302933 705.465111016 1049.42555239
206.43455193 732.830839944 1057.88485757
262.605366388 614.740742899 915.778169015
648.044919061 772.432187222 995.297260778
122.349476627 579.006690095 822.004006624
405.986004464 719.601272761 1023.18356379
485.41680377 743.061370527 1162.58377435
486.433421672 715.969604766 950.471204832
285.948774257 636.207117723 847.463753405
476.195359159 757.249134331 1052.25749167
408.592644437 719.418080519 870.956631608
403.370798043 774.410154048 963.551281095
217.978127218 706.925187331 1048.22992698
304.279298061 766.874939106 1159.29273856
516.996227831 807.422512355 1035.50847475
631.097273388 787.007211366 915.837685539
494.232610105 707.026069678 898.146374702
445.69219814 686.693161791 909.223240297
458.602999757 708.62091111 915.081974467
418.249994457 752.754157459 1105.08612393
400.49121709 709.525069627 895.876761906
329.79223162 671.785424387 906.107671299
563.682276847 789.548703173 1019.99829373
469.894940415 681.931291535 902.762640827
476.803827272 765.35402129 1025.11528974
466.224261994 739.774230103 978.257594957
643.532889875 797.614080447 1160.8001393
335.087048326 705.231306567 898.838388095
142.590481955 708.277516684 951.890612222
473.277011112 806.006262502 1165.77390717
406.521701396 603.997411147 812.276550672
326.616686444 713.817508893 1044.40598244
557.180985687 817.461516965 978.753415479
2.05702427026 692.27065672 1017.20924441
59.613915505 710.09600272 1030.15893681
203.975717942 763.348874678 1192.2475799
389.980892122 714.532647388 1019.25945514
569.880165771 737.114653109 952.198171415
524.710263242 733.190447988 961.249645126
8.05799316362 645.171340228 980.236776657
326.580837047 776.706395789 1086.69634499
80.9963198523 746.416009993 917.157080542
668.531660547 844.597280018 987.381903703
352.637585938 824.970977121 1020.21985235
681.689009934 860.172810357 1046.27793007
444.788288275 770.095917608 1023.18719897
389.760074816 747.718926783 933.642072974
465.833663175 763.850624331 1204.76403257
637.572848948 800.738516001 912.823212346
672.322247985 799.58322267 997.026172359
452.331635898 802.142896509 1029.8312896
263.9121954 775.468623997 1063.00156913
677.621817338 839.740030464 1078.42577355
537.745271546 810.886376124 968.083748486
478.885443186 775.820419288 1151.20986461
213.650131246 681.790477733 961.319521867
409.454085501 755.983551797 1026.77850803
382.04862574 760.264657196 988.726614792
199.288489161 718.645094066 955.536208214
731.90587885 857.425403747 955.858285843
411.896181126 748.876065383 928.073514911
312.242381214 729.13929006 990.467551144
396.733591838 735.045554428 971.030286199
533.371446965 769.476275013 993.223800262
464.803665061 749.594543339 1060.01355942
435.24283425 801.160812804 1104.9393309
463.846762857 746.627861155 1001.49048968
297.888187401 629.627004682 942.779154073
538.725928714 821.051577437 1091.53651053
541.586105422 781.247791828 1032.2938676
521.544538906 696.988500658 961.510887286
322.998301562 778.831358687 957.649592297
182.934301929 644.586498696 871.043610389
625.266603117 802.740369078 928.912562513
167.826126294 709.082917345 993.799134618
373.823236396 744.737603466 965.978379846
528.241037343 830.610871877 988.295888936
599.387687229 836.559954872 951.141703279
224.40163067 816.57599391 1207.24341205
420.161735892 697.30154275 945.378117685
413.052097906 785.275356306 1007.62672727
394.505271581 723.855953888 1007.44944349
425.782220551 611.571211595 842.688156211
550.419924191 781.465983212 1058.92265862
498.796362468 801.796734182 1017.89106261
278.187612882 652.438718454 915.589328001
419.079074601 781.425241915 1054.09659914
388.839676673 717.234869961 1011.87141874
655.392203006 897.9177384 1099.97544689
699.596644252 788.867622558 900.704768679
406.197525403 741.745121257 1126.62395984
238.102372568 685.970975651 1077.57031937
656.349398322 817.381291936 1042.78984636
503.22822922 772.93222907 1011.14378371
338.420752458 740.736457867 1016.94015524
614.013451683 783.468402402 918.866100662
531.782924002 872.289387864 1091.87951152
353.470389976 730.625761711 1231.71272781
679.863940411 819.673624222 1073.77124719
331.644525431 790.861693444 947.650353363
476.805836195 761.976430469 1018.57964851
288.858130726 738.487479778 1065.93430507
462.236831548 729.859613179 943.880505336
597.162134803 843.156734432 966.344016062
345.231432082 710.909998042 959.458619579
634.95484657 814.111507338 1043.04145902
486.810228594 779.198253943 1029.81031278
426.036924843 787.697473809 1102.37505439
531.333310139 778.930731073 983.205808779
641.957920546 847.134478635 1031.27609217
648.227314947 774.41432814 901.842707029
518.949235426 836.891854544 1096.62575714
536.223133506 816.182534264 1062.38653827
533.029167125 743.64820519 1038.96998893
675.48163318 811.390740327 909.581472972
562.268599178 798.60372624 1025.96868099
562.390736512 806.36340281 1046.18122098
497.544645525 728.401065348 920.549780311
376.8802972 761.719159469 1024.74866341
305.536394644 695.433950242 948.876661984
480.48412473 754.215800903 919.267407105
327.581165407 740.301691893 986.1347469
460.419658109 913.98394046 1247.92573856
321.43820654 757.145168964 1140.85513387
543.756706333 785.191268855 897.169453509
521.189084738 778.132044769 1126.3487165
107.527967194 754.377734067 1061.04706455
497.817172797 761.087979352 922.892744167
411.930836503 766.405882256 977.8230793
138.56147489 778.626904197 1152.24404509
361.235723376 744.495779224 986.941679593
520.249598374 864.066334733 1196.49035202
473.51321454 766.865570213 891.441227986
300.213726248 671.137129475 970.782539367
608.339100552 745.640132304 940.59457624
224.768719354 621.951653246 912.827500995
428.097435376 664.388657397 915.663124784
356.009330496 710.616312132 1010.74803761
514.080316721 763.117302292 995.607741329
265.270680387 693.578957116 965.138106915
375.214562057 702.849126738 1212.78915948
317.029073609 694.603627909 958.221810605
617.225548578 784.16348391 1093.86135375
491.199672649 729.306228857 1003.59561128
596.735230755 726.108511464 1016.41198707
530.037911334 751.179465838 1023.87860027
190.569602 625.651058808 970.106136729
261.85176983 692.987114271 1002.08133541
638.258766394 852.975904676 1144.12919366
514.683442281 720.564898569 1001.37185133
465.810820564 726.697996336 1132.03443928
171.170052193 541.485897421 915.256219501
