0.21172 0.449452 0.6
0.16688 0.449024 0.6
0.25864 0.527624 0.6
0.17688 0.419088 0.6
0.21648 0.341796 0.6
0.18484 0.294344 0.6
0.16856 0.3714 0.6
0.18172 0.233128 0.31604
0.2004 0.32552 0.6
0.18112 0.323792 0.6
0.2012 0.374744 0.6
0.1776 0.303944 0.55344
0.18148 0.370644 0.6
0.18788 0.309908 0.6
0.17628 0.39778 0.6
0.20088 0.334048 0.6
0.18396 0.27678 0.58752
0.1798 0.330892 0.6
0.16716 0.267512 0.6
0.18488 0.259416 0.57564
0.1594 0.243464 0.5644
0.19108 0.401948 0.6
0.16316 0.290532 0.6
0.19976 0.3346 0.6
0.17932 0.29966 0.6
0.17892 0.23944 0.6
0.17384 0.1928 0.21096
0.16588 0.274532 0.6
0.15892 0.332752 0.6
0.17752 0.265128 0.6
0.15584 0.26228 0.49144
0.15948 0.215936 0.38252
0.169 0.231236 0.6
0.17156 0.238232 0.6
0.16448 0.287916 0.6
0.15544 0.342572 0.6
0.16728 0.26634 0.5512
0.16572 0.225272 0.6
0.16324 0.311992 0.6
0.16148 0.184956 0.23672
0.1666 0.240352 0.6
0.15088 0.195572 0.384
0.15004 0.21878 0.6
0.15532 0.229588 0.6
0.15308 0.251192 0.59228
0.15168 0.241532 0.6
0.15764 0.247608 0.6
0.16268 0.257948 0.6
0.14544 0.201412 0.51792
0.15264 0.192112 0.31068
0.14184 0.247656 0.6
0.15216 0.209876 0.6
0.15244 0.231848 0.52092
0.14184 0.186696 0.29388
0.15796 0.233128 0.58356
0.15544 0.169452 0.19556
0.14464 0.218816 0.5848
0.14756 0.172912 0.23664
0.15784 0.171536 0.19868
0.1436 0.168556 0.21332
0.1486 0.21198 0.6
0.1564 0.209772 0.381
0.14996 0.207784 0.6
0.1466 0.178408 0.2854
0.15236 0.270468 0.6
0.1444 0.173468 0.21984
0.15468 0.301448 0.6
0.14372 0.178932 0.34032
0.1548 0.253716 0.6
0.14324 0.199232 0.56
0.1496 0.22358 0.6
0.14428 0.231244 0.57636
0.1494 0.214196 0.6
0.14596 0.241792 0.54096
0.14352 0.273668 0.6
0.14532 0.176108 0.27108
0.14528 0.222544 0.57652
0.14348 0.20946 0.41668
0.14004 0.175296 0.3856
0.1414 0.169132 0.26972
0.1402 0.250592 0.59148
0.13976 0.158288 0.18356
0.14132 0.244736 0.55008
0.15072 0.182884 0.3182
0.16352 0.167672 0.1726
0.16084 0.169216 0.18804
0.16124 0.166856 0.17396
0.15868 0.16808 0.17692
0.16672 0.170744 0.18056
0.1584 0.1675 0.17224
0.16404 0.169488 0.18152
0.15912 0.167152 0.17508
0.1634 0.166536 0.17132
0.16348 0.168028 0.17432
0.16216 0.168232 0.17516
0.164 0.167612 0.17904
0.16012 0.16486 0.17036
0.16212 0.166016 0.17112
0.1638 0.167824 0.17172
0.1638 0.166876 0.17168
0.16184 0.167748 0.17888
0.16464 0.168372 0.17396
0.16416 0.166972 0.17476
0.16008 0.166952 0.17396
0.15728 0.165576 0.17812
0.1576 0.164464 0.17732
0.15904 0.166204 0.17044
0.16048 0.164768 0.17484
0.15976 0.163208 0.1686
0.16048 0.16544 0.1702
0.15996 0.165008 0.17168
0.1584 0.164652 0.16824
0.16076 0.166864 0.17532
0.16152 0.166392 0.1706
0.16128 0.167248 0.1732
0.16156 0.166796 0.17348
0.16172 0.168344 0.17552
0.16424 0.166744 0.17124
0.16156 0.167268 0.17668
0.16252 0.167244 0.17472
0.16132 0.165512 0.17088
0.1594 0.165592 0.17308
0.15964 0.165028 0.17344
0.16032 0.16458 0.174
0.16076 0.164672 0.1696
0.16232 0.165324 0.1698
0.15624 0.164064 0.1674
0.15912 0.1645 0.16888
0.16236 0.165224 0.16752
0.16388 0.166208 0.16912
0.16048 0.1646 0.17008
0.15832 0.164128 0.1694
0.16116 0.166672 0.17304
0.15928 0.163444 0.16684
0.16348 0.166968 0.17072
0.15964 0.165828 0.17052
0.15812 0.164232 0.17124
0.15896 0.164956 0.1688
0.1604 0.163468 0.1704
0.15692 0.162092 0.16608
0.15808 0.16464 0.16996
0.1586 0.16418 0.16928
0.15584 0.160724 0.16564
0.1606 0.164548 0.1692
0.15876 0.16068 0.16388
0.15956 0.161912 0.16816
0.16036 0.16278 0.16568
0.15796 0.163092 0.16932
0.15804 0.162208 0.16992
0.15508 0.161728 0.1664
0.1584 0.162128 0.166
0.15572 0.160428 0.16336
0.1574 0.161336 0.16804
0.15488 0.16278 0.17176
0.15588 0.161936 0.17044
0.15976 0.162888 0.17116
0.15824 0.162232 0.16392
0.15512 0.16056 0.16352
0.15868 0.1619 0.16732
0.15704 0.16104 0.16556
0.1588 0.162816 0.16908
0.15744 0.161252 0.16608
0.16064 0.1639 0.16644
0.15984 0.164628 0.16768
0.1614 0.165008 0.16852
0.15776 0.16402 0.16856
0.15904 0.16282 0.1662
0.15956 0.162508 0.16724
0.15796 0.163008 0.16916
0.15732 0.164636 0.17024
0.16128 0.16478 0.1708
0.1598 0.163504 0.16736
0.16048 0.165296 0.17224
0.15736 0.16274 0.1652
0.15976 0.16448 0.17164
0.15948 0.1635 0.17368
0.15792 0.164292 0.1692
0.16 0.164984 0.1684
0.16 0.1647 0.1682
0.16 0.165108 0.17204
0.16 0.163564 0.16812
0.15872 0.164772 0.17096
0.16116 0.16492 0.17068
0.15828 0.162796 0.16512
0.16016 0.164072 0.16688
0.15776 0.161748 0.16928
0.1596 0.164096 0.17292
0.15888 0.164216 0.1682
0.15524 0.162052 0.1664
0.15888 0.162976 0.16568
0.16112 0.1646 0.1694
0.16052 0.16352 0.16868
0.16048 0.164752 0.17024
0.15944 0.165068 0.17028
0.16036 0.163396 0.16728
0.16108 0.16558 0.17348
0.15856 0.16368 0.16972
0.1622 0.165512 0.17088
0.15968 0.164576 0.16944
0.15872 0.16302 0.1702
0.16108 0.165484 0.17136
0.15756 0.1638 0.1692
0.16108 0.1647 0.16924
0.16344 0.1664 0.1684
0.15792 0.163176 0.16704
0.15904 0.164116 0.17152
0.1634 0.165812 0.1686
0.16004 0.1642 0.16896
0.16076 0.165004 0.17048
0.15884 0.164332 0.1678
0.16196 0.165036 0.16696
0.16056 0.166136 0.17164
0.15972 0.16388 0.16828
0.15988 0.164804 0.1686
0.16076 0.164864 0.17076
0.16248 0.16524 0.17004
0.15988 0.16534 0.173
0.15904 0.163716 0.16796
0.1618 0.16526 0.17032
0.16144 0.164844 0.16976
0.15704 0.163352 0.1686
0.16004 0.164792 0.16892
0.15888 0.163012 0.16652
0.15972 0.163024 0.16748
0.15988 0.163476 0.16948
0.15892 0.162404 0.16636
0.1598 0.164284 0.16812
0.15972 0.163164 0.1678
0.15992 0.16404 0.16916
0.15912 0.163392 0.1684
0.158 0.163248 0.16676
0.16096 0.164376 0.16772
0.15832 0.164112 0.16944
0.15928 0.162032 0.1658
0.15652 0.163204 0.16904
0.15948 0.163228 0.17
0.1594 0.16212 0.16632
0.15772 0.161976 0.16576
0.15972 0.163904 0.16692
0.15768 0.164448 0.16856
0.15952 0.162772 0.1714
0.15728 0.161704 0.16432
0.15612 0.163844 0.16788
0.15816 0.16234 0.1708
0.15668 0.161876 0.16672
0.15932 0.162676 0.1656
0.1586 0.160804 0.16352
0.15796 0.164316 0.17012
0.15616 0.161632 0.16708
0.15864 0.162532 0.16808
0.1554 0.162448 0.16764
0.15852 0.162476 0.16932
0.15632 0.160872 0.1666
0.15776 0.162152 0.16676
0.15616 0.161468 0.16956
0.15788 0.161884 0.1646
0.15836 0.162764 0.1656
0.15596 0.160324 0.16532
0.15904 0.163136 0.16672
0.15784 0.161828 0.16752
0.15816 0.1634 0.17088
0.15468 0.161496 0.1654
0.15944 0.161664 0.166
0.15812 0.163052 0.16656
0.15796 0.161372 0.16516
0.156 0.164028 0.17024
