0.41056 0.581056 0.6
0.6 0.6 0.6
0.6 0.6 0.6
0.393 0.569788 0.6
0.56056 0.593692 0.6
0.59852 0.599748 0.6
0.58532 0.59822 0.6
0.51644 0.591644 0.6
0.48992 0.587328 0.6
0.41632 0.555488 0.6
0.27472 0.564904 0.6
0.16292 0.51816 0.6
0.198 0.410228 0.6
0.27956 0.453088 0.6
0.20896 0.393224 0.6
0.19612 0.3024 0.6
0.1952 0.362956 0.6
0.20332 0.428884 0.6
0.16692 0.378684 0.6
0.19416 0.29874 0.6
0.17116 0.347668 0.6
0.15948 0.314284 0.6
0.14924 0.234572 0.6
0.16948 0.306964 0.53228
0.15316 0.248268 0.6
0.14712 0.183116 0.208
0.1418 0.240508 0.46012
0.12104 0.175556 0.24748
0.15956 0.183444 0.21468
0.12752 0.165892 0.27332
0.13828 0.177912 0.2454
0.13732 0.25106 0.6
0.13636 0.159452 0.21
0.115 0.215204 0.6
0.13988 0.214564 0.6
0.12836 0.202708 0.5834
0.14064 0.159392 0.21512
0.13 0.159832 0.19344
0.1298 0.148832 0.20044
0.1222 0.200108 0.5294
0.11916 0.15596 0.22384
0.12632 0.14788 0.18132
0.12084 0.193344 0.59256
0.12644 0.153544 0.18856
0.12676 0.165756 0.27024
0.11572 0.184628 0.6
0.12336 0.145404 0.18324
