0.2146 0.22898 0.2452
0.219 0.23022 0.2546
0.2088 0.22716 0.2416
0.2174 0.22368 0.2372
0.2162 0.2288 0.243
0.217 0.22602 0.235
0.2184 0.22922 0.241
0.2128 0.2254 0.232
0.2146 0.22706 0.2364
0.218 0.22608 0.236
0.2114 0.2246 0.234
0.2124 0.22688 0.2456
0.2138 0.23002 0.2404
0.2212 0.23178 0.2386
0.2134 0.22744 0.2414
0.2082 0.22824 0.2362
0.2198 0.23076 0.2394
0.2212 0.22628 0.2302
0.2216 0.23024 0.2406
0.227 0.2322 0.246
0.22 0.23084 0.2404
0.2216 0.23154 0.2426
0.2232 0.23316 0.2408
0.218 0.23228 0.24
0.2276 0.23476 0.247
0.2194 0.23178 0.2406
0.2232 0.23212 0.2456
0.224 0.23386 0.2474
0.227 0.23684 0.2476
0.2266 0.23918 0.2468
0.233 0.23758 0.2476
0.2338 0.23918 0.246
0.2252 0.23678 0.2508
0.234 0.24158 0.255
0.2284 0.2405 0.2564
0.2286 0.23542 0.248
0.2228 0.23634 0.2478
0.2284 0.23916 0.2452
0.23 0.23714 0.247
0.2276 0.2366 0.244
0.2354 0.23976 0.245
0.2256 0.23684 0.2462
0.232 0.24182 0.254
0.2376 0.24246 0.2494
0.2328 0.24192 0.2522
0.2262 0.23874 0.2486
0.2276 0.23916 0.253
0.23 0.23906 0.2444
0.2226 0.23528 0.2426
0.2312 0.23744 0.2492
0.2304 0.23768 0.2474
0.22 0.23624 0.2486
0.2304 0.23622 0.2426
0.2242 0.23234 0.238
0.2288 0.23614 0.248
0.227 0.23604 0.2454
0.225 0.2351 0.2444
0.2242 0.23276 0.2428
0.2228 0.23434 0.2428
0.2226 0.23424 0.2458
0.2248 0.2336 0.2444
0.2198 0.232 0.247
0.2242 0.232 0.2418
0.2216 0.2318 0.2358
0.2268 0.23304 0.2404
0.2266 0.2347 0.2406
0.2322 0.2366 0.2418
0.2276 0.23886 0.2458
0.223 0.23382 0.2402
0.2306 0.23732 0.2516
0.2158 0.23462 0.245
0.2254 0.23464 0.2408
0.2254 0.23978 0.2554
0.232 0.23968 0.2502
0.226 0.23732 0.2476
0.225 0.23798 0.246
0.2288 0.23706 0.2466
0.2272 0.23882 0.2496
0.2324 0.23956 0.2464
0.228 0.2383 0.2462
0.2334 0.24108 0.2548
0.2292 0.24042 0.2472
0.2242 0.24056 0.257
0.2314 0.23952 0.2496
0.237 0.24646 0.2536
0.2284 0.23898 0.2466
0.2288 0.2416 0.254
0.2334 0.23936 0.2454
0.229 0.2397 0.2462
0.235 0.24102 0.2458
0.2296 0.23726 0.2464
0.2338 0.24304 0.2524
0.2296 0.24352 0.253
0.2338 0.2454 0.2546
0.2262 0.24158 0.2536
0.234 0.23978 0.2504
0.2302 0.24274 0.254
0.2336 0.24108 0.2468
0.233 0.2437 0.2478
0.2322 0.24172 0.2568
0.2288 0.24192 0.2486
0.2404 0.24606 0.2526
0.2342 0.24316 0.256
0.2408 0.24652 0.254
0.2364 0.24728 0.2602
0.2374 0.24288 0.2504
0.239 0.2467 0.2522
0.2388 0.24742 0.2584
0.2342 0.24348 0.2562
0.2338 0.24382 0.2572
0.233 0.24386 0.255
0.2382 0.24342 0.2504
0.2366 0.24846 0.2614
0.239 0.24586 0.252
0.226 0.24514 0.2584
0.2304 0.2437 0.251
0.2304 0.24194 0.2606
0.2298 0.24172 0.255
0.2378 0.2465 0.259
0.2378 0.24414 0.2506
0.2344 0.23974 0.247
0.2314 0.24064 0.2488
0.2332 0.24172 0.252
0.235 0.2415 0.2508
0.238 0.24476 0.2574
0.2288 0.24378 0.2524
0.2326 0.2396 0.2534
0.2264 0.24316 0.259
0.234 0.24274 0.254
0.2364 0.23888 0.2434
0.2324 0.2409 0.2514
0.2334 0.2418 0.25
0.234 0.2416 0.2458
0.2314 0.24458 0.2524
0.2258 0.24138 0.2512
0.2354 0.24292 0.2518
0.2404 0.24612 0.252
0.2346 0.24416 0.2524
0.2282 0.24404 0.253
0.2302 0.24368 0.2494
0.2368 0.24226 0.2494
0.2334 0.2419 0.2526
0.2328 0.24286 0.2586
0.236 0.24548 0.2582
0.237 0.2486 0.2554
0.2388 0.24412 0.2494
0.2424 0.25192 0.263
0.234 0.24226 0.2558
0.2388 0.24682 0.252
0.232 0.2425 0.2524
0.2378 0.24688 0.2526
0.2312 0.2423 0.2544
0.235 0.24082 0.2504
0.237 0.2441 0.2482
0.2292 0.23986 0.2516
0.233 0.2448 0.2554
0.2324 0.24042 0.2524
0.236 0.24464 0.253
0.235 0.24084 0.2494
0.2356 0.24782 0.2562
0.2398 0.24374 0.2488
0.2342 0.24212 0.251
0.2408 0.246 0.2512
0.2458 0.24854 0.251
0.2312 0.2471 0.259
0.2382 0.24334 0.2496
0.2336 0.24278 0.2506
0.229 0.24272 0.2548
0.2374 0.24438 0.2632
0.239 0.24594 0.2534
0.235 0.24832 0.2576
0.2428 0.25244 0.2602
0.2394 0.24798 0.2562
0.2338 0.24688 0.256
0.2386 0.24862 0.258
0.2378 0.25152 0.2584
0.243 0.24792 0.254
0.2364 0.2485 0.2564
0.2374 0.24554 0.2584
0.2408 0.2472 0.2546
0.2432 0.25072 0.2608
0.247 0.25326 0.261
0.2394 0.24738 0.2612
0.25 0.2557 0.2618
0.2466 0.25726 0.2676
0.2366 0.25166 0.2684
0.2358 0.25062 0.2636
0.24 0.2499 0.262
0.2438 0.25076 0.2552
0.238 0.24982 0.2568
0.2446 0.25068 0.2594
0.242 0.24806 0.2572
0.2468 0.25026 0.2538
0.2418 0.25184 0.2604
0.2378 0.25134 0.2618
0.2394 0.24944 0.2608
0.2396 0.2492 0.2574
0.2408 0.25116 0.2606
0.2376 0.24452 0.2534
0.2374 0.24744 0.2566
0.2416 0.25096 0.2594
0.2272 0.2488 0.2574
0.238 0.24862 0.2596
0.2402 0.2498 0.2554
0.2402 0.24958 0.2616
0.2406 0.2503 0.2594
0.2414 0.24828 0.2524
0.239 0.24944 0.2624
0.2382 0.25244 0.2598
0.2316 0.24914 0.2594
0.2422 0.24952 0.2566
0.243 0.24988 0.2558
0.2424 0.24802 0.2554
0.248 0.25126 0.2568
0.242 0.2503 0.2566
0.2368 0.24856 0.2584
0.2358 0.24578 0.2576
0.2368 0.2461 0.2578
0.2404 0.24766 0.2566
0.24 0.24902 0.2556
0.2364 0.2433 0.2524
0.2366 0.2471 0.263
0.2354 0.24466 0.2516
0.2336 0.2449 0.2528
0.2346 0.24712 0.2558
0.2366 0.24468 0.25
0.231 0.2433 0.2614
0.2328 0.24902 0.253
0.2362 0.24674 0.2534
0.2426 0.24864 0.2558
0.2362 0.24784 0.2622
0.237 0.2469 0.2628
0.239 0.24672 0.253
0.235 0.24528 0.2542
0.2376 0.24912 0.2572
0.2388 0.24512 0.2536
0.2406 0.25174 0.2616
0.2366 0.24944 0.2592
0.2404 0.249 0.2584
0.2374 0.24816 0.2548
0.2392 0.24904 0.2628
0.2416 0.24932 0.259
0.2392 0.24792 0.2558
0.2358 0.24974 0.26
0.2428 0.24926 0.2548
0.2372 0.24738 0.2556
0.2398 0.2469 0.2546
0.2376 0.24716 0.2542
0.2406 0.24794 0.2588
0.2436 0.24906 0.259
0.2398 0.24706 0.257
0.2356 0.24504 0.2632
0.238 0.24836 0.2558
0.2408 0.24802 0.2574
0.2404 0.24714 0.253
0.2406 0.24932 0.261
0.243 0.25082 0.2628
0.234 0.24694 0.2572
0.2332 0.24596 0.2544
0.234 0.2445 0.2508
0.2378 0.24622 0.254
0.2394 0.24502 0.253
0.2416 0.2434 0.2492
0.236 0.24468 0.2502
0.238 0.24652 0.2576
0.2402 0.2484 0.2602
0.241 0.24766 0.2548
0.2304 0.2439 0.2544
0.2338 0.2431 0.2508
0.2432 0.24702 0.252
0.2374 0.24474 0.2558
0.2382 0.24674 0.2602
0.2364 0.2477 0.2546
0.237 0.2432 0.2566
0.2382 0.24348 0.2608
0.2392 0.24662 0.2558
0.2254 0.24218 0.2546
0.2328 0.2414 0.25
0.2308 0.24178 0.2474
0.237 0.2419 0.2484
0.233 0.23942 0.2484
0.2326 0.24298 0.2566
0.2322 0.23978 0.2462
0.2338 0.24152 0.2456
0.2308 0.2412 0.2562
0.2326 0.24246 0.2534
0.2328 0.24494 0.2616
0.2282 0.24042 0.2526
0.2348 0.244 0.2512
0.231 0.2444 0.2558
0.2354 0.24162 0.2488
0.231 0.23852 0.245
0.2412 0.24664 0.253
0.2352 0.24498 0.2594
0.2376 0.24356 0.2508
0.235 0.24274 0.2482
0.2342 0.24382 0.2492
0.234 0.2401 0.2486
0.2318 0.24342 0.2528
0.2438 0.24788 0.2562
0.2356 0.24364 0.2508
0.2376 0.24566 0.2524
0.2336 0.24612 0.2536
0.2356 0.24512 0.2562
0.238 0.2459 0.2548
0.2342 0.24228 0.2522
0.2362 0.24374 0.2552
0.2366 0.2424 0.2496
0.2336 0.24434 0.2558
0.234 0.24418 0.2516
0.234 0.24332 0.2508
0.233 0.24196 0.2504
0.2384 0.24336 0.2494
0.239 0.2447 0.2504
0.2282 0.24334 0.2548
0.2356 0.24324 0.2516
0.2264 0.2428 0.2518
0.2376 0.2433 0.2528
0.2354 0.24634 0.2542
