0.232 0.38964 0.5044
0.3032 0.3868 0.5584
0.3412 0.38528 0.4356
0.298 0.40728 0.4928
0.2844 0.4078 0.6
0.3212 0.43452 0.594
0.3224 0.37516 0.464
0.2912 0.43208 0.5828
0.3112 0.40464 0.4808
0.3336 0.4078 0.5236
0.3624 0.4264 0.504
0.386 0.43004 0.514
0.308 0.41048 0.5424
0.3648 0.42428 0.4988
0.3816 0.42152 0.4664
0.372 0.44152 0.54
0.3032 0.44592 0.5732
0.356 0.44456 0.5656
0.304 0.436 0.5668
0.3836 0.44684 0.4884
0.2676 0.41356 0.4996
0.3372 0.42492 0.5084
0.3192 0.41784 0.5808
0.3264 0.40104 0.4808
0.404 0.44408 0.5064
0.3676 0.44988 0.5928
0.3864 0.458 0.528
0.3764 0.47016 0.5764
0.3356 0.46304 0.5052
0.3992 0.466 0.5364
0.3928 0.48492 0.5964
0.4036 0.4402 0.4864
0.3136 0.44012 0.5016
0.3744 0.46128 0.5892
0.4068 0.46336 0.5396
0.4 0.46368 0.5528
0.3648 0.44108 0.5032
0.3988 0.46816 0.5924
0.416 0.45384 0.5316
0.344 0.43288 0.4864
0.3868 0.43872 0.5696
0.3236 0.42268 0.5132
0.3436 0.45644 0.5256
0.348 0.44228 0.5116
0.368 0.4336 0.5316
0.37 0.457 0.5364
0.3656 0.45 0.5164
0.3276 0.46248 0.55
0.3684 0.44452 0.5232
0.3056 0.42264 0.4812
0.3256 0.4412 0.502
0.352 0.42624 0.504
0.3444 0.42796 0.5128
0.33 0.42908 0.508
0.366 0.43288 0.4956
0.3736 0.42608 0.5328
0.3572 0.44 0.4948
0.3896 0.44804 0.5012
0.3772 0.45016 0.504
0.414 0.47476 0.5132
0.3824 0.43672 0.4748
0.4004 0.44988 0.514
0.356 0.42684 0.4948
0.3276 0.41516 0.5012
0.3744 0.432 0.492
0.37 0.44092 0.4804
0.378 0.42328 0.4788
0.3392 0.41136 0.5292
0.3772 0.44044 0.5148
0.3712 0.40404 0.4492
0.4072 0.45104 0.5016
0.3576 0.4166 0.46
0.3872 0.42764 0.478
0.3404 0.40284 0.4916
0.354 0.3928 0.4276
0.3708 0.44108 0.4884
0.374 0.41696 0.4936
0.3712 0.42336 0.522
0.3572 0.4042 0.472
0.4036 0.4488 0.5148
0.3572 0.41008 0.4576
0.3472 0.42072 0.5336
0.3412 0.40388 0.4812
0.3444 0.39884 0.4328
0.3308 0.40244 0.508
0.346 0.398 0.4484
0.37 0.42544 0.526
0.3668 0.40752 0.5332
0.332 0.38184 0.4556
0.3612 0.39428 0.4576
0.332 0.40392 0.426
0.3416 0.37888 0.4276
0.3228 0.39144 0.4568
0.3392 0.41328 0.4912
0.3568 0.3984 0.464
0.2916 0.40184 0.4864
0.3392 0.42004 0.462
0.332 0.3986 0.4584
0.3492 0.40552 0.4792
0.3424 0.38496 0.4492
0.3212 0.39312 0.4424
0.3132 0.38716 0.4444
0.3 0.3772 0.4516
0.2952 0.35516 0.418
0.3124 0.36668 0.4596
0.358 0.39784 0.4368
0.3296 0.36964 0.4208
0.34 0.38172 0.4208
0.3296 0.3712 0.442
0.3292 0.37956 0.446
0.3188 0.38476 0.42
0.308 0.35696 0.4092
0.3064 0.35768 0.408
0.2832 0.36252 0.4056
0.3012 0.33616 0.3732
0.2584 0.35168 0.3784
0.2556 0.35372 0.428
0.234 0.33488 0.3828
0.2544 0.33932 0.3856
0.3072 0.34404 0.3932
0.2752 0.32584 0.3632
0.322 0.34424 0.3616
0.244 0.31832 0.3836
0.2656 0.34872 0.4252
0.2856 0.3508 0.3872
0.2736 0.32492 0.384
0.2648 0.3408 0.406
0.2556 0.3268 0.3988
0.324 0.34648 0.3792
0.2852 0.31944 0.3688
0.2532 0.3506 0.4068
0.27 0.34696 0.396
0.2964 0.34264 0.3928
0.3344 0.36264 0.4048
0.2548 0.32944 0.3704
0.2924 0.35432 0.42
0.2864 0.3432 0.408
0.2692 0.3326 0.3892
0.2928 0.359 0.4324
0.3076 0.34764 0.414
0.2684 0.36132 0.4068
0.292 0.37076 0.4156
0.3104 0.36876 0.4156
0.2892 0.36888 0.4952
0.2756 0.38032 0.45
0.312 0.36036 0.3976
0.3048 0.37588 0.5036
0.304 0.3642 0.4048
0.3012 0.36724 0.4248
0.3012 0.38596 0.4396
0.2716 0.36988 0.4128
0.348 0.38392 0.4268
0.3556 0.39688 0.4652
0.3312 0.403 0.4732
0.3348 0.40076 0.4388
0.3276 0.38524 0.4792
0.3208 0.35036 0.3668
0.312 0.358 0.388
0.3188 0.36912 0.4348
0.3 0.36164 0.4192
0.3368 0.36188 0.3972
0.328 0.35576 0.3888
0.294 0.34936 0.4584
0.3288 0.36136 0.41
0.3128 0.36024 0.4068
0.3516 0.37416 0.4216
0.3308 0.36144 0.4296
0.278 0.3444 0.414
0.3368 0.369 0.4232
0.3292 0.35012 0.396
0.3148 0.35816 0.396
0.3108 0.34976 0.3892
0.2928 0.34968 0.4
0.3076 0.36228 0.454
0.3164 0.35364 0.3984
0.3216 0.35016 0.3956
0.3212 0.3744 0.4052
0.3184 0.366 0.4708
0.3252 0.35096 0.3956
0.3032 0.351 0.4016
0.3176 0.36636 0.4232
0.3004 0.35852 0.4268
0.3172 0.3778 0.4596
0.3208 0.36632 0.4124
0.2832 0.34556 0.3996
0.3244 0.36384 0.4024
0.3324 0.36452 0.3988
0.306 0.359 0.446
0.3164 0.35428 0.3988
0.282 0.32212 0.3684
0.2936 0.34668 0.3952
0.2896 0.33288 0.4412
0.2768 0.32988 0.3824
0.3028 0.34384 0.3928
0.2984 0.34768 0.396
0.2728 0.33204 0.3724
0.2872 0.34132 0.4236
0.3092 0.339 0.3972
0.2784 0.33764 0.3728
0.2788 0.33432 0.3664
0.2684 0.32576 0.382
0.294 0.33828 0.3736
0.268 0.33372 0.376
0.2912 0.33096 0.3856
0.2768 0.33596 0.3756
0.2992 0.34324 0.3804
0.3108 0.33632 0.3968
0.3052 0.35076 0.4052
0.2908 0.34008 0.4056
0.312 0.33948 0.3884
0.2944 0.32928 0.3656
0.29 0.33112 0.3868
0.3036 0.34884 0.3848
0.3056 0.3524 0.4612
0.294 0.3244 0.3736
0.2784 0.33348 0.41
0.292 0.31852 0.3468
0.2952 0.33256 0.3732
0.2684 0.32652 0.3892
0.2732 0.3158 0.3596
0.244 0.29676 0.3496
0.2632 0.30588 0.352
0.2776 0.30364 0.3368
0.2724 0.3136 0.3644
0.3052 0.3384 0.3976
0.2832 0.31672 0.3752
0.2516 0.29752 0.3388
0.2936 0.315 0.342
0.3008 0.31312 0.3428
0.2844 0.32332 0.3536
0.2784 0.31984 0.3756
0.2792 0.33352 0.3928
0.2872 0.31928 0.3424
0.2936 0.32864 0.3868
0.2792 0.32928 0.3732
0.304 0.34088 0.4016
0.3156 0.34696 0.3696
0.3036 0.33784 0.362
0.2756 0.32088 0.3856
0.2976 0.33436 0.3728
0.3048 0.35116 0.4244
0.2888 0.32068 0.3928
0.2952 0.34288 0.4124
0.276 0.32236 0.3508
0.2912 0.32072 0.3488
0.2876 0.32052 0.3736
0.2928 0.332 0.3776
0.3012 0.33308 0.3704
0.292 0.31404 0.3608
0.2936 0.33784 0.3744
0.2932 0.34696 0.424
0.2932 0.31812 0.334
0.3112 0.33716 0.3724
0.3152 0.32832 0.3596
0.3048 0.32756 0.3808
0.2976 0.3312 0.388
0.2892 0.33648 0.3716
0.2948 0.32752 0.356
0.298 0.3204 0.3372
0.3052 0.32752 0.3872
0.3108 0.34052 0.3916
0.2832 0.32676 0.3872
0.262 0.31448 0.382
0.2848 0.3228 0.3736
0.25 0.30068 0.3436
0.2736 0.31132 0.3528
0.2672 0.3134 0.3668
0.2944 0.30844 0.3328
0.2736 0.3122 0.3776
0.2908 0.31368 0.3372
0.2672 0.2998 0.3556
0.2756 0.32808 0.3676
0.2432 0.30228 0.3588
0.2692 0.30492 0.3356
0.2712 0.29836 0.3272
0.2836 0.30744 0.3264
0.2748 0.30224 0.3296
0.2572 0.3016 0.3436
0.2608 0.31456 0.3676
0.2736 0.3108 0.3508
0.2728 0.31716 0.34
0.264 0.29616 0.3376
0.282 0.3182 0.3712
0.2548 0.30348 0.346
0.2612 0.30476 0.3356
0.2868 0.30544 0.338
0.2756 0.31148 0.3672
0.26 0.31948 0.3864
0.2744 0.31008 0.3368
0.2776 0.31664 0.3456
0.2704 0.32884 0.4036
0.2664 0.32196 0.3732
0.2632 0.33744 0.4076
0.2764 0.31764 0.3824
0.328 0.35448 0.39
0.2992 0.354 0.4292
0.2888 0.3234 0.3636
0.29 0.32664 0.3712
0.2888 0.32096 0.3544
0.2576 0.32572 0.366
0.3052 0.3352 0.3732
0.3076 0.32516 0.3672
0.2724 0.33464 0.3792
0.2776 0.3176 0.3544
0.2836 0.34548 0.41
0.2824 0.33332 0.3804
0.3108 0.35204 0.414
0.3036 0.34392 0.3772
0.2644 0.33028 0.376
0.306 0.33856 0.3796
0.3184 0.36336 0.4228
0.2864 0.34048 0.3972
0.3148 0.34592 0.4048
0.324 0.35776 0.4056
0.2956 0.33968 0.3944
0.3336 0.3692 0.4072
0.3252 0.34716 0.3832
0.3184 0.35664 0.3824
0.2948 0.36848 0.4548
0.3344 0.36796 0.4316
0.3 0.33464 0.3836
0.2824 0.33532 0.3596
0.3036 0.34244 0.3976
0.3032 0.34212 0.3892
0.2836 0.33244 0.382
0.256 0.34676 0.3988
0.2876 0.33788 0.4056
0.2808 0.3568 0.3916
0.2832 0.3424 0.4132
0.306 0.35924 0.4244
0.2912 0.33312 0.3832
0.27 0.33108 0.3928
0.272 0.33252 0.4392
0.262 0.33828 0.3808
0.3024 0.35576 0.3968
0.3008 0.3534 0.4008
0.2728 0.34764 0.3872
0.2916 0.357 0.4108
0.2932 0.36212 0.4076
0.2792 0.35176 0.4264
0.2792 0.34768 0.3968
0.2996 0.35264 0.3912
0.3028 0.34404 0.3796
0.2972 0.33372 0.3928
0.2392 0.32488 0.47
0.26 0.32736 0.3808
0.2776 0.32604 0.4104
0.2612 0.33256 0.3828
0.2532 0.3416 0.4152
0.2696 0.32464 0.3572
0.288 0.32196 0.3892
0.2568 0.32996 0.3832
0.302 0.35296 0.4204
0.3024 0.343 0.3852
0.2456 0.33004 0.3704
0.276 0.32212 0.3716
0.288 0.32996 0.3816
0.286 0.33112 0.3972
0.272 0.33796 0.3884
0.2968 0.36352 0.5488
0.2964 0.34624 0.4096
0.292 0.32704 0.3552
0.3016 0.33724 0.38
0.2468 0.31276 0.3648
0.3 0.33412 0.37
0.2408 0.3272 0.4416
0.2624 0.32216 0.39
0.2748 0.32752 0.3808
0.2724 0.30884 0.3636
0.2628 0.3186 0.3952
0.254 0.32188 0.378
0.264 0.31036 0.3648
0.2892 0.34852 0.4216
0.3076 0.3432 0.3904
0.288 0.34464 0.472
0.2716 0.349 0.424
0.242 0.32484 0.3968
0.2696 0.32516 0.358
0.2652 0.32596 0.3832
0.2628 0.31524 0.3964
0.2592 0.3374 0.4684
0.2864 0.31916 0.4004
0.2748 0.31252 0.3864
0.27 0.31516 0.374
0.2588 0.30736 0.3868
0.2584 0.30716 0.346
0.2616 0.32088 0.3696
0.2628 0.30972 0.346
0.2488 0.3012 0.364
0.2452 0.30092 0.3384
0.2588 0.3018 0.3412
0.2596 0.30268 0.3376
0.2552 0.2886 0.334
0.2696 0.31296 0.39
0.2176 0.29536 0.3432
0.2604 0.3054 0.348
0.2524 0.295 0.3764
0.2444 0.2914 0.3412
0.2552 0.29676 0.3476
0.2704 0.30768 0.3564
0.2684 0.29592 0.3376
0.2344 0.2912 0.3624
0.2644 0.2976 0.33
0.232 0.28492 0.3176
0.2576 0.29796 0.344
0.256 0.30464 0.3532
0.2452 0.30304 0.3744
0.2468 0.287 0.3304
0.2528 0.30444 0.3668
0.2556 0.29268 0.3456
0.2688 0.31404 0.3648
0.2828 0.3178 0.3572
0.2364 0.31212 0.396
0.2464 0.31028 0.3652
0.2468 0.30884 0.3832
0.2736 0.30664 0.3396
0.262 0.2984 0.3372
0.2456 0.31512 0.3516
0.2488 0.30168 0.3644
0.2704 0.31444 0.3484
0.2892 0.296 0.308
0.2608 0.3126 0.3776
0.2492 0.30372 0.324
0.2428 0.31236 0.3612
0.2568 0.31296 0.3968
0.2732 0.30712 0.3364
0.2564 0.29932 0.3492
0.2636 0.29848 0.3356
0.26 0.29496 0.3232
0.2552 0.31076 0.35
0.2644 0.30052 0.3408
0.278 0.303 0.3348
0.2632 0.29832 0.3268
0.2516 0.29412 0.3392
0.2528 0.28516 0.3352
0.268 0.29076 0.3328
0.2528 0.27844 0.308
0.2684 0.28932 0.3204
0.2496 0.28664 0.3344
0.2584 0.28608 0.332
0.2452 0.28892 0.3228
0.2544 0.29268 0.3116
0.2596 0.30276 0.3328
0.2824 0.30292 0.3332
0.2656 0.2954 0.3232
0.2704 0.2928 0.3204
0.2416 0.28136 0.326
0.2484 0.28336 0.34
0.2476 0.28748 0.308
0.2196 0.30092 0.3772
0.2056 0.28968 0.3524
0.2764 0.30292 0.3332
0.2852 0.32432 0.4336
0.2496 0.32592 0.3808
0.2972 0.30932 0.32
0.2876 0.34532 0.4476
0.3044 0.34908 0.396
0.2848 0.3174 0.3508
0.2504 0.30864 0.3768
0.2952 0.33568 0.4008
0.248 0.33036 0.3956
0.2732 0.32604 0.374
0.2656 0.325 0.4032
0.268 0.3192 0.3788
0.266 0.31752 0.406
0.2688 0.32952 0.3728
0.2408 0.31796 0.3796
0.2972 0.32812 0.3716
0.2452 0.31468 0.3904
0.316 0.3534 0.4184
0.26 0.31224 0.3784
0.2756 0.31752 0.3824
0.2656 0.2924 0.3276
0.2896 0.31004 0.3284
0.264 0.31012 0.3988
0.248 0.29572 0.3552
0.2404 0.30552 0.406
0.2544 0.3182 0.3804
0.2772 0.30184 0.3416
0.264 0.29672 0.3352
0.2484 0.29188 0.3448
0.2392 0.28536 0.3716
0.2376 0.29 0.3376
0.2352 0.28244 0.348
0.2516 0.30668 0.3936
0.2344 0.30188 0.3476
0.2392 0.30004 0.3592
0.2652 0.30176 0.3712
0.2284 0.29492 0.3488
0.2636 0.31272 0.3508
0.2356 0.31384 0.3908
0.2576 0.31296 0.3708
0.2756 0.32432 0.38
0.2736 0.32484 0.408
0.3084 0.33 0.356
0.2836 0.323 0.382
0.284 0.32032 0.3712
0.2948 0.35668 0.4452
0.2972 0.33448 0.3836
0.284 0.32944 0.3824
0.2876 0.33884 0.386
0.2724 0.33812 0.3936
0.262 0.33448 0.4044
0.276 0.33232 0.3972
0.2496 0.32148 0.3948
0.282 0.31692 0.348
0.2772 0.32704 0.406
0.2964 0.34996 0.4028
0.282 0.32728 0.3752
0.3028 0.3448 0.4576
0.2756 0.34496 0.4104
0.2816 0.32812 0.3792
0.292 0.32764 0.3648
0.2312 0.31852 0.37
0.2696 0.31736 0.4024
0.2868 0.31864 0.34
0.2596 0.31528 0.4188
0.2624 0.3232 0.3964
0.2568 0.30964 0.3628
0.2524 0.31172 0.3656
0.2576 0.3048 0.3476
0.2708 0.31328 0.348
0.2452 0.30792 0.3576
0.2848 0.333 0.3996
0.2784 0.32812 0.3748
0.2776 0.33804 0.4496
0.2876 0.34 0.4156
0.2888 0.35304 0.4076
0.288 0.33252 0.3976
0.2708 0.34356 0.3988
0.306 0.32892 0.372
0.2948 0.35032 0.4288
0.2928 0.34336 0.4016
0.2664 0.3422 0.422
0.2848 0.3414 0.392
0.2932 0.35104 0.4288
0.2604 0.34352 0.39
0.2812 0.3164 0.344
0.2532 0.34676 0.416
0.2716 0.3304 0.4076
0.2692 0.31728 0.4032
0.314 0.36244 0.4276
0.3404 0.37568 0.4444
0.3256 0.38724 0.456
0.2876 0.37696 0.496
0.3544 0.38688 0.4232
0.3296 0.39416 0.4572
0.3064 0.3968 0.5028
0.3864 0.42416 0.4824
0.3308 0.38792 0.4404
0.3548 0.4112 0.5132
0.3648 0.4548 0.6
0.3532 0.45736 0.536
0.3176 0.41796 0.5516
0.396 0.477 0.5788
0.3848 0.43836 0.5028
0.3744 0.4888 0.5652
0.4256 0.50604 0.5916
0.3688 0.47764 0.5672
0.3764 0.442 0.5984
0.3712 0.49472 0.5788
0.3892 0.48408 0.566
0.4252 0.49616 0.6
0.3608 0.45816 0.5496
0.4268 0.48832 0.572
0.3936 0.46424 0.5464
0.3776 0.45404 0.5004
0.3232 0.45136 0.5696
0.3712 0.44164 0.572
0.3812 0.46964 0.574
0.4076 0.48976 0.5928
0.3824 0.48396 0.5768
0.3932 0.45732 0.5516
0.3884 0.4974 0.6
0.392 0.48084 0.5992
0.3664 0.47276 0.568
0.366 0.458 0.5132
0.3396 0.4422 0.5268
0.3916 0.45436 0.5276
0.4208 0.49684 0.5964
0.3496 0.45608 0.5224
0.3892 0.45068 0.5692
0.3916 0.4602 0.6
0.396 0.42268 0.4504
0.3872 0.43308 0.5216
0.3732 0.4414 0.5328
0.3592 0.42088 0.4944
0.3388 0.4374 0.5172
0.3216 0.40916 0.4668
0.3348 0.41296 0.49
0.3416 0.44068 0.5704
0.3816 0.44872 0.518
0.3592 0.45904 0.5896
0.396 0.44748 0.5048
0.37 0.42256 0.4864
0.3612 0.46212 0.5684
0.378 0.4442 0.5164
0.3716 0.42592 0.5036
0.3796 0.42132 0.4772
0.3488 0.40896 0.4824
0.3708 0.4002 0.4392
0.3856 0.44164 0.4872
0.3484 0.4026 0.5024
0.3544 0.414 0.4944
0.3232 0.3944 0.4812
0.324 0.3996 0.4712
0.354 0.40988 0.4632
0.3596 0.40716 0.4928
0.3712 0.40088 0.4296
0.3504 0.3976 0.438
0.338 0.39124 0.4672
0.3448 0.37736 0.4432
0.3 0.39348 0.4908
0.3116 0.3778 0.4748
0.3188 0.37444 0.4564
0.344 0.40368 0.4732
0.306 0.37136 0.4416
0.3184 0.36504 0.47
0.3004 0.36172 0.4328
0.3164 0.36412 0.396
0.2952 0.36364 0.4188
0.3328 0.36932 0.3984
0.2748 0.34432 0.4372
0.2908 0.3554 0.4084
0.3012 0.36688 0.4356
0.3228 0.36316 0.4028
0.2916 0.3762 0.4268
0.3192 0.36768 0.4752
0.2876 0.35252 0.408
0.3204 0.35448 0.3944
0.3076 0.37216 0.4712
0.2836 0.35996 0.4128
0.3112 0.37112 0.4212
0.3112 0.35908 0.3964
0.3132 0.36632 0.4456
0.338 0.3912 0.4132
0.372 0.42376 0.498
0.3252 0.37424 0.4324
0.3228 0.37312 0.454
0.2964 0.36996 0.4112
0.3352 0.3862 0.4384
0.3364 0.35844 0.3992
0.3308 0.36644 0.41
0.3136 0.36424 0.462
0.2868 0.3246 0.3628
0.2756 0.33288 0.4012
0.2916 0.35156 0.4016
0.2708 0.3364 0.4452
0.278 0.342 0.376
0.28 0.33452 0.3928
0.2884 0.3684 0.4768
0.3212 0.36676 0.4192
0.324 0.34504 0.4032
0.2808 0.35904 0.4308
0.2976 0.35104 0.44
0.2816 0.34196 0.3816
0.2892 0.36252 0.422
0.2972 0.34368 0.3848
0.2924 0.3562 0.3968
0.2916 0.33748 0.3764
0.32 0.3584 0.4
0.3336 0.3668 0.42
0.3172 0.3368 0.3692
0.3028 0.35064 0.4048
0.3132 0.35628 0.4292
0.298 0.3402 0.3972
0.284 0.33496 0.3864
0.2892 0.33684 0.3944
0.2696 0.30732 0.356
0.2744 0.31084 0.3304
0.2432 0.29908 0.3768
0.2776 0.3152 0.3588
0.2812 0.32984 0.37
0.2916 0.33572 0.3896
0.2812 0.33144 0.388
0.2932 0.32432 0.3764
0.242 0.311 0.3864
0.2912 0.32048 0.3804
0.3004 0.32248 0.3484
0.2704 0.30884 0.3508
0.2596 0.3186 0.3652
0.2888 0.31928 0.35
0.2928 0.30828 0.3364
0.2528 0.30192 0.3492
0.2664 0.30304 0.3172
0.2564 0.30576 0.342
0.2732 0.3072 0.3316
0.2648 0.31624 0.3716
0.2644 0.31068 0.3612
0.2844 0.32404 0.346
0.2904 0.32856 0.3532
0.2644 0.30808 0.3484
0.2788 0.32724 0.3676
0.2836 0.33084 0.3876
0.3076 0.34628 0.3948
0.2816 0.3316 0.37
0.278 0.32744 0.374
0.2852 0.32648 0.3788
0.2764 0.2994 0.3756
0.2804 0.32112 0.3576
0.2716 0.315 0.3536
0.26 0.30536 0.3324
0.2584 0.30088 0.3536
0.2736 0.30436 0.3392
0.2404 0.3004 0.326
0.2696 0.29452 0.3284
0.256 0.31032 0.352
0.2628 0.31048 0.3548
0.2684 0.29756 0.3376
0.258 0.31036 0.3768
0.2628 0.29016 0.3176
0.2444 0.3046 0.4304
0.282 0.30948 0.3424
0.2528 0.29068 0.3284
0.2748 0.29728 0.3176
0.2628 0.30052 0.3536
0.2416 0.29712 0.348
0.2608 0.29604 0.328
0.2852 0.31056 0.3572
0.272 0.2938 0.3168
0.2736 0.30892 0.3548
0.2564 0.30892 0.3592
0.2692 0.29332 0.3316
0.2556 0.30112 0.3376
0.256 0.29044 0.318
0.2516 0.29032 0.346
0.2556 0.28668 0.3412
0.2696 0.29724 0.3164
0.2708 0.29756 0.3268
0.2332 0.28896 0.346
0.2596 0.30208 0.3516
0.2676 0.3196 0.38
0.2716 0.31024 0.3616
0.2612 0.30696 0.3288
0.2624 0.30396 0.3348
0.2668 0.31748 0.3696
0.2764 0.30428 0.3524
0.2368 0.30132 0.352
0.2736 0.31248 0.3604
0.2724 0.30592 0.3452
0.2832 0.3214 0.376
0.3 0.3314 0.3664
0.2924 0.3306 0.4024
0.2912 0.33476 0.416
0.2956 0.33512 0.3864
0.2792 0.32456 0.3688
0.2676 0.32836 0.3656
0.2636 0.32264 0.3636
0.2956 0.3446 0.4168
0.2792 0.32892 0.3812
0.266 0.31792 0.3904
0.2912 0.33676 0.4124
0.252 0.31644 0.3892
0.2692 0.31704 0.3548
0.2892 0.3176 0.3792
0.2708 0.32016 0.3724
0.27 0.31896 0.3612
0.274 0.31084 0.3452
0.2724 0.31572 0.3588
0.274 0.30348 0.356
0.2728 0.3088 0.3408
0.2704 0.30724 0.3452
0.2536 0.29068 0.3272
0.2664 0.28724 0.314
0.2504 0.29092 0.3384
0.24 0.28036 0.296
0.2716 0.29772 0.33
0.2608 0.30072 0.3344
0.2708 0.29296 0.3296
0.2412 0.30564 0.3568
0.2732 0.31316 0.3496
0.2752 0.31224 0.3588
0.2572 0.30092 0.3416
0.2572 0.29496 0.3236
0.2648 0.29676 0.324
0.2716 0.29668 0.3276
0.2392 0.30332 0.3512
0.272 0.3034 0.3364
0.2616 0.29536 0.3204
0.2852 0.30804 0.3412
0.2772 0.31604 0.3688
0.266 0.30556 0.3584
0.26 0.304 0.3492
0.2896 0.3172 0.3416
0.2788 0.30932 0.3368
0.2668 0.2972 0.3268
0.252 0.3114 0.384
0.2696 0.29484 0.3164
0.2644 0.30912 0.3464
0.2476 0.30504 0.3564
0.2804 0.30516 0.3404
0.2668 0.29208 0.314
0.2628 0.31016 0.366
0.2612 0.29244 0.3676
0.2836 0.31804 0.368
0.2724 0.30484 0.3408
0.2824 0.30332 0.3404
0.2712 0.30796 0.346
0.284 0.31892 0.358
0.2812 0.3096 0.3504
0.284 0.31028 0.356
0.2844 0.3238 0.382
0.2544 0.30672 0.3504
0.2792 0.30668 0.3532
0.2708 0.30976 0.382
0.2616 0.3056 0.3424
0.258 0.29788 0.3432
0.2704 0.31056 0.3664
0.26 0.30248 0.3504
0.2812 0.29912 0.3616
0.27 0.28848 0.31
0.286 0.30908 0.3444
0.2532 0.29476 0.3136
0.262 0.29292 0.3244
0.2548 0.29236 0.3524
0.2664 0.3066 0.3716
0.2652 0.29336 0.3324
0.2508 0.29528 0.3292
0.2584 0.29556 0.366
0.2348 0.297 0.338
0.2596 0.30092 0.3564
0.2404 0.28012 0.3152
0.242 0.2796 0.3088
0.2444 0.27912 0.2924
0.2476 0.27476 0.3068
0.2576 0.28152 0.3148
0.2488 0.28088 0.3192
0.2532 0.27504 0.2948
0.2572 0.271 0.3076
0.2408 0.27748 0.3636
0.2408 0.2632 0.2916
0.2444 0.27424 0.3264
0.23 0.2654 0.2964
0.2352 0.26924 0.298
0.2328 0.27396 0.3128
0.242 0.27856 0.3268
0.2412 0.26944 0.3216
0.2404 0.27284 0.3188
0.2324 0.25968 0.2964
0.2332 0.27016 0.2976
0.2412 0.27492 0.318
0.2268 0.26532 0.3064
0.2372 0.25628 0.2856
0.2188 0.25956 0.3076
0.2272 0.26052 0.2816
0.2332 0.25388 0.2684
0.2432 0.26456 0.2932
0.2424 0.25888 0.2808
0.22 0.25836 0.2832
0.2428 0.25756 0.3008
0.2456 0.26892 0.2956
0.2408 0.26428 0.2812
0.2264 0.254 0.294
0.2188 0.24936 0.284
0.2192 0.23992 0.2648
0.2156 0.25084 0.2748
0.214 0.25568 0.2848
0.2172 0.246 0.2792
0.2056 0.23504 0.2536
0.2128 0.24076 0.2716
0.2304 0.24896 0.2728
0.2272 0.24248 0.2684
0.2104 0.23248 0.2532
0.2088 0.24452 0.2704
0.2112 0.23312 0.2736
0.212 0.23544 0.264
0.204 0.2238 0.2504
0.2144 0.2264 0.2504
0.1976 0.229 0.2692
0.2064 0.22024 0.2352
0.1964 0.21772 0.2384
0.2016 0.23356 0.2568
0.212 0.22704 0.2472
0.2064 0.22808 0.256
0.2116 0.22872 0.2516
0.2144 0.23036 0.2596
0.2036 0.22932 0.2504
0.2112 0.23468 0.2648
0.2084 0.22424 0.24
0.2108 0.2306 0.2468
0.2016 0.22768 0.2388
0.1968 0.22852 0.2528
0.1952 0.2224 0.2504
0.2132 0.23108 0.2468
0.2064 0.23184 0.264
0.2128 0.2324 0.2548
0.1952 0.23472 0.266
0.2168 0.2316 0.2644
0.2152 0.23404 0.262
0.2012 0.22712 0.2528
0.2036 0.2188 0.238
0.2136 0.2412 0.2772
0.204 0.2282 0.2704
0.2048 0.22288 0.2444
0.1872 0.2164 0.2432
0.2048 0.22572 0.2456
0.1976 0.22064 0.246
0.204 0.22428 0.2496
0.2044 0.22744 0.2616
0.1968 0.2222 0.2576
0.1964 0.21576 0.242
0.2012 0.21388 0.2344
0.198 0.21824 0.2392
0.198 0.2176 0.244
0.1948 0.22044 0.2348
0.1936 0.20884 0.2152
0.2008 0.21616 0.2372
0.2 0.21556 0.2224
0.1988 0.21412 0.2252
0.1896 0.21452 0.2516
0.1948 0.21252 0.2348
0.1816 0.21412 0.2496
0.1944 0.21928 0.2572
0.204 0.2248 0.2376
0.2008 0.2172 0.2532
0.2052 0.22088 0.246
0.2004 0.21504 0.2304
0.2016 0.2198 0.2448
0.1856 0.21444 0.2512
0.1976 0.20956 0.2348
0.18 0.21644 0.2348
0.2044 0.22256 0.2472
0.2016 0.22672 0.2796
0.196 0.22772 0.2472
0.2116 0.22352 0.2344
0.1988 0.22144 0.2476
0.1868 0.21528 0.2376
0.2052 0.2214 0.2464
0.2004 0.22576 0.2512
0.2024 0.21876 0.2376
0.1888 0.22068 0.256
0.1944 0.21376 0.2256
0.1996 0.21632 0.242
0.1948 0.21504 0.2336
0.1844 0.22272 0.2772
0.1996 0.22256 0.252
0.1976 0.2186 0.234
0.198 0.2126 0.2364
0.1976 0.22236 0.2528
0.196 0.22076 0.2596
0.2096 0.22772 0.2476
0.2072 0.22012 0.24
0.1968 0.223 0.2488
0.2076 0.21796 0.2356
0.202 0.22144 0.2452
0.188 0.22288 0.2392
0.1992 0.22688 0.2508
0.1888 0.21932 0.2528
0.1968 0.21308 0.2312
0.1992 0.21688 0.2364
0.1812 0.22076 0.2432
0.2 0.21652 0.2244
0.2 0.21808 0.2392
0.19 0.22768 0.2616
0.202 0.2264 0.2608
0.2 0.2276 0.2708
0.1964 0.2236 0.24
0.1996 0.22248 0.2504
0.2096 0.22492 0.25
0.1952 0.22564 0.2436
0.2032 0.22708 0.2528
0.2144 0.23092 0.2584
0.208 0.22768 0.2468
0.2064 0.22528 0.2524
0.2216 0.23276 0.2464
0.2092 0.229 0.2508
0.1968 0.2262 0.2464
0.2108 0.2296 0.2484
0.2104 0.22488 0.2356
0.2112 0.2278 0.2436
0.2144 0.23224 0.2524
0.1996 0.23048 0.2528
0.2028 0.23284 0.2704
0.2136 0.23412 0.26
0.1964 0.2218 0.2428
0.2072 0.22148 0.2372
0.1836 0.22732 0.2564
0.1892 0.21436 0.244
0.2004 0.22668 0.2528
0.1836 0.21504 0.2428
0.1952 0.21156 0.2352
0.1856 0.2166 0.2312
0.186 0.20868 0.2284
0.1804 0.20304 0.2376
0.1844 0.20776 0.2268
0.1944 0.212 0.236
0.1908 0.20552 0.228
0.184 0.20816 0.22
0.1884 0.20896 0.24
0.1896 0.2046 0.2352
0.1824 0.2016 0.2132
0.1824 0.20552 0.2252
0.19 0.20264 0.2168
0.1928 0.21056 0.228
0.1844 0.20648 0.2292
0.1696 0.19724 0.2164
0.1824 0.20556 0.2264
0.1816 0.20248 0.2292
0.1796 0.20708 0.2212
0.1828 0.20492 0.226
0.1792 0.20108 0.2256
0.18 0.19784 0.2132
0.1836 0.20444 0.2316
0.1804 0.19864 0.2092
0.1812 0.19228 0.208
0.1776 0.19288 0.204
0.1796 0.19064 0.21
0.176 0.20276 0.2292
0.172 0.18976 0.2224
0.178 0.1882 0.2008
0.1788 0.19876 0.222
0.1836 0.19912 0.2144
0.1804 0.19548 0.2132
0.18 0.19164 0.2132
0.1724 0.19632 0.2124
0.1736 0.19096 0.2112
0.1768 0.1932 0.2044
0.1836 0.19672 0.2144
0.1784 0.19788 0.2192
0.1788 0.19336 0.218
0.1776 0.19164 0.2044
0.174 0.18836 0.2016
0.1884 0.19972 0.2132
0.1764 0.19292 0.21
0.1884 0.20064 0.2188
0.1752 0.19168 0.2108
0.1724 0.18668 0.206
0.174 0.19088 0.2128
0.1712 0.1876 0.2012
0.178 0.19204 0.2208
0.1688 0.18596 0.1996
0.17 0.18572 0.2028
0.1676 0.18608 0.204
0.1716 0.18504 0.2012
0.1696 0.19092 0.212
0.1716 0.1848 0.2088
0.1684 0.18336 0.1912
0.1748 0.186 0.2084
0.168 0.18184 0.1956
0.1716 0.18252 0.1972
0.1744 0.18624 0.2004
0.1772 0.189 0.1964
0.1744 0.18648 0.2256
0.1748 0.18592 0.2012
0.1708 0.18424 0.1964
0.1668 0.18084 0.2016
0.1632 0.18392 0.1992
0.1788 0.19132 0.2052
0.1752 0.1894 0.2036
0.1784 0.18768 0.202
0.1812 0.19224 0.1996
0.1856 0.19384 0.2104
0.1844 0.19496 0.22
0.1784 0.19084 0.2156
0.1744 0.1928 0.2084
0.1764 0.19212 0.2092
0.1728 0.18796 0.2028
0.178 0.191 0.2024
0.1796 0.18728 0.1996
0.1676 0.19292 0.2168
0.1708 0.18608 0.204
0.1712 0.18544 0.208
0.1644 0.18512 0.1992
0.1768 0.18532 0.1976
0.1808 0.18728 0.2024
0.1664 0.18312 0.2036
0.1784 0.1884 0.1968
0.1764 0.18576 0.202
0.1728 0.1872 0.2128
0.1696 0.18956 0.21
0.1752 0.19024 0.2032
0.1768 0.18712 0.2028
0.1712 0.18848 0.2016
0.1732 0.18076 0.1944
0.1636 0.17952 0.19
0.168 0.1858 0.2144
0.1588 0.18328 0.1932
0.178 0.1874 0.1972
0.1684 0.1838 0.202
0.1752 0.1902 0.208
0.1716 0.18408 0.1996
0.1764 0.19552 0.2172
0.1692 0.19584 0.2144
0.1772 0.198 0.2236
0.1744 0.18872 0.2112
0.1888 0.1972 0.206
0.1812 0.1934 0.2072
0.176 0.19624 0.2268
0.1908 0.20208 0.2168
0.1812 0.19356 0.2044
0.1828 0.19892 0.21
0.176 0.18876 0.2172
0.1732 0.18888 0.2032
0.1784 0.19608 0.2144
0.1788 0.191 0.2124
0.1772 0.19116 0.2104
0.172 0.18904 0.2064
0.1796 0.19136 0.2064
0.1792 0.19032 0.2048
0.1752 0.19508 0.2196
0.1756 0.19172 0.212
0.1748 0.19028 0.2032
0.1812 0.1966 0.2072
0.176 0.1914 0.218
0.1792 0.18756 0.1944
0.1752 0.19244 0.2084
0.1804 0.19668 0.2312
0.1812 0.18872 0.2044
0.1716 0.18528 0.2008
0.1828 0.19468 0.2068
0.1788 0.19944 0.2276
0.172 0.1928 0.2084
0.1812 0.19344 0.2112
0.188 0.194 0.2008
0.1804 0.19932 0.2176
0.1928 0.20168 0.2224
0.1888 0.19552 0.2064
0.1852 0.19588 0.216
0.1832 0.19568 0.2056
0.19 0.19588 0.2016
0.1876 0.19684 0.2072
0.186 0.19628 0.2044
0.1824 0.1946 0.208
0.1884 0.20444 0.214
0.1868 0.20232 0.2208
0.1776 0.19728 0.2104
0.1772 0.19328 0.214
0.186 0.20272 0.2296
0.1896 0.20396 0.2164
0.1856 0.19708 0.2096
0.1908 0.20448 0.224
0.19 0.20012 0.2104
0.1884 0.19996 0.2164
0.1892 0.20112 0.2284
0.1948 0.20572 0.2232
0.1892 0.20424 0.2196
0.186 0.2014 0.212
0.1856 0.20016 0.222
0.1876 0.2052 0.2304
0.1912 0.20036 0.2148
0.1732 0.19908 0.2108
0.1872 0.2 0.2132
0.1852 0.19884 0.2116
0.1776 0.21156 0.2396
0.1824 0.20004 0.2096
0.1836 0.2 0.2136
0.1912 0.20456 0.2212
0.1876 0.2058 0.226
0.1752 0.19828 0.2168
0.186 0.20284 0.224
0.1908 0.2012 0.2116
0.178 0.20116 0.2112
0.196 0.20704 0.228
0.19 0.203 0.218
0.1916 0.20492 0.2264
0.192 0.20632 0.2204
0.184 0.20728 0.2312
0.1944 0.21732 0.2392
0.1988 0.21248 0.2252
0.1912 0.209 0.2284
0.1884 0.21664 0.2448
0.1992 0.21604 0.238
0.2016 0.2158 0.2408
0.2052 0.22256 0.2404
0.1932 0.211 0.2392
0.1948 0.21748 0.2404
0.196 0.20852 0.2304
0.2052 0.22048 0.2452
0.2064 0.2202 0.2408
0.2068 0.22148 0.2432
0.2076 0.22728 0.2392
0.2012 0.21696 0.2288
0.1904 0.22136 0.2432
0.202 0.21948 0.2324
0.206 0.22576 0.2428
0.2016 0.21652 0.2436
0.196 0.22164 0.2452
0.1956 0.21836 0.2324
0.1972 0.2094 0.2164
0.2048 0.21908 0.24
0.1984 0.21856 0.2452
0.2016 0.22076 0.2504
0.1968 0.21884 0.2412
0.2036 0.21792 0.2344
0.2052 0.21552 0.2312
0.2044 0.22112 0.2388
0.2076 0.22112 0.2444
0.2116 0.22284 0.2504
0.2108 0.22032 0.2316
0.1912 0.2098 0.2348
0.1976 0.21196 0.2212
0.2056 0.21344 0.224
0.198 0.21516 0.2284
0.1904 0.215 0.2436
0.1988 0.21848 0.2308
0.2008 0.2106 0.2216
0.1944 0.21156 0.222
0.1988 0.21412 0.24
0.2 0.21724 0.2448
0.1936 0.21184 0.2384
0.2016 0.22008 0.232
0.202 0.20948 0.2192
0.1976 0.20956 0.2232
0.2012 0.2164 0.226
0.2008 0.21272 0.228
0.196 0.21344 0.2364
0.1852 0.214 0.2416
0.2012 0.21784 0.2268
0.1984 0.21376 0.2292
0.2008 0.21584 0.242
0.1968 0.21452 0.234
0.2048 0.21492 0.2212
0.1956 0.21 0.2336
0.1988 0.21404 0.2372
0.196 0.2102 0.2292
0.1928 0.20832 0.2336
0.1996 0.21028 0.2292
0.1816 0.20748 0.2224
0.194 0.20968 0.2328
0.1968 0.21044 0.2208
0.1948 0.21652 0.2316
0.188 0.20528 0.224
0.1968 0.2082 0.2256
0.2 0.21636 0.23
0.2028 0.21428 0.23
0.1996 0.21488 0.2304
0.2008 0.22172 0.2344
0.206 0.21992 0.234
0.1956 0.21212 0.2388
0.2004 0.2248 0.2432
0.2048 0.21752 0.228
0.2072 0.22152 0.2484
0.2036 0.21796 0.2304
0.1884 0.2128 0.2392
0.2052 0.21268 0.2408
0.2092 0.21696 0.236
0.2068 0.21984 0.2392
0.2072 0.22032 0.234
