-2711.31757626 -688.808658506 615.06242727
-2265.44376468 -659.303062337 525.941638557
-515.636950229 -7.43898778654 1128.00312886
-696.746595475 -166.276047479 440.553521425
-674.731763861 111.378170821 681.933265228
-1267.25464502 14.3471829555 876.702121911
-1315.45297551 -184.759661863 761.984988853
-997.655489149 -282.673257094 1106.81155195
-2613.70463615 -361.771058863 885.643149029
-1002.74656769 -36.6791802205 1352.84670309
-1795.09721837 -410.484406373 897.788870822
-773.484516643 83.0603165981 1006.49378327
-1351.9364137 -300.285335039 1193.80207973
-958.727767257 -98.1945405795 770.043951536
-1974.48084756 -726.917008531 -126.608631834
-939.065308062 -258.422923034 391.92129535
-959.514692051 -62.9525223283 679.804978369
-1098.80575529 -216.109325536 1064.4737059
-468.941558577 402.870187368 1142.04530655
-816.256295062 -64.7188876912 1117.31086331
-1479.43803939 -33.7287121326 993.738523617
-847.120162218 -325.428359984 716.839611931
-657.894543643 93.4335108668 1490.2018573
-1009.80335342 81.427141204 1095.77858312
-1342.43579096 9.20848987925 702.074000964
-944.669400199 -43.8265741117 1508.50765229
-1440.61236884 -62.2588296495 1204.47482021
-625.932374112 -96.489736842 1199.84092684
-1694.63886865 -240.791486125 654.237443882
