0.3288 0.44812 0.5768
0.368 0.454 0.5828
0.3404 0.41836 0.5772
0.3084 0.42568 0.5832
0.2664 0.42016 0.5368
0.3144 0.40232 0.4772
0.3752 0.4668 0.596
0.3148 0.4752 0.5704
0.3124 0.427 0.594
0.3716 0.47976 0.5516
0.2964 0.4566 0.6
0.3516 0.42244 0.5128
0.3748 0.4652 0.58
0.38 0.43848 0.4976
0.3252 0.42984 0.5268
0.36 0.42048 0.5284
0.3012 0.42824 0.548
0.3896 0.44912 0.5468
0.362 0.44308 0.5056
0.3568 0.44132 0.5136
0.2896 0.47204 0.5856
0.33 0.47256 0.588
0.4144 0.4826 0.5952
0.3372 0.45736 0.6
0.382 0.49028 0.5948
0.3876 0.49492 0.5736
0.4212 0.49612 0.5912
0.4228 0.4836 0.5368
0.4044 0.48716 0.5616
0.4284 0.51008 0.6
0.4076 0.48504 0.5576
0.416 0.47668 0.5784
0.3916 0.47968 0.53
0.3828 0.483 0.56
0.4036 0.49152 0.6
0.37 0.46744 0.554
0.4232 0.4816 0.554
0.4156 0.46912 0.5864
0.4564 0.48556 0.518
0.3616 0.46508 0.5464
0.3552 0.44824 0.4948
0.39 0.46376 0.6
0.376 0.45984 0.556
0.376 0.457 0.5232
0.3748 0.45548 0.5204
0.3176 0.43548 0.4944
0.3764 0.44196 0.4876
0.4076 0.48476 0.586
0.3984 0.46592 0.5864
0.3496 0.42108 0.4788
0.3688 0.44504 0.5232
0.3552 0.4282 0.5044
0.386 0.44596 0.5024
0.3548 0.44216 0.5488
0.3352 0.42152 0.566
0.3384 0.41304 0.5388
0.3696 0.43128 0.5028
0.3484 0.42336 0.5248
0.3784 0.43504 0.5564
0.3276 0.42008 0.4812
0.358 0.409 0.4812
0.2692 0.4506 0.6
0.3472 0.45496 0.5608
0.3488 0.41884 0.5184
0.2872 0.39332 0.4796
0.3064 0.42156 0.5844
0.3588 0.4082 0.5112
0.3164 0.39792 0.4836
0.32 0.38188 0.448
0.3216 0.4036 0.5912
0.3568 0.4456 0.5028
0.3208 0.43744 0.5588
0.3076 0.38184 0.4584
0.2816 0.3838 0.4752
0.3056 0.40184 0.5044
0.3092 0.3816 0.4472
0.3024 0.4142 0.5244
0.3192 0.40452 0.4712
0.2908 0.3732 0.468
0.2956 0.38728 0.472
0.3228 0.3828 0.4544
0.33 0.40148 0.5192
0.2944 0.38832 0.4636
0.3132 0.39156 0.4612
0.352 0.41424 0.4872
0.354 0.40572 0.4564
0.246 0.40124 0.5968
0.3208 0.41376 0.5456
0.3812 0.43704 0.556
0.3172 0.41652 0.49
0.3536 0.43576 0.538
0.3504 0.44908 0.5408
0.3552 0.41768 0.5056
0.4008 0.46912 0.5556
0.3932 0.45868 0.5536
0.3568 0.454 0.516
0.3744 0.41528 0.4664
0.3732 0.44588 0.54
0.3952 0.47496 0.5668
0.344 0.43472 0.56
0.3812 0.44704 0.4928
0.3864 0.437 0.502
0.3696 0.44392 0.5276
0.3408 0.45596 0.5808
0.3436 0.41776 0.5
0.3052 0.4256 0.4748
0.3368 0.40784 0.498
0.3692 0.42968 0.5036
0.3828 0.4344 0.4808
0.3328 0.41836 0.56
0.3788 0.44268 0.536
0.3692 0.44352 0.5184
0.366 0.41288 0.4696
0.3264 0.44432 0.526
0.324 0.4248 0.6
0.4064 0.45308 0.544
0.3564 0.41192 0.5012
0.352 0.41332 0.4668
0.3388 0.4152 0.5008
0.3084 0.38792 0.5204
0.3136 0.37792 0.5028
0.3288 0.38972 0.5136
0.2688 0.38692 0.5676
0.2848 0.36724 0.4168
0.3044 0.38016 0.48
0.2744 0.35768 0.4324
0.294 0.37528 0.4616
0.2896 0.37888 0.4448
0.284 0.36524 0.4124
0.3048 0.39844 0.5292
0.35 0.4288 0.5124
0.3048 0.42084 0.59
0.3196 0.39812 0.4956
0.2928 0.4272 0.5244
0.3448 0.41996 0.5268
0.3328 0.40824 0.5508
0.3664 0.44208 0.5388
0.3476 0.42292 0.4936
0.3468 0.42472 0.548
0.3096 0.39124 0.4852
0.3396 0.426 0.468
0.3328 0.45568 0.546
0.362 0.43684 0.5204
0.2896 0.4324 0.5412
0.3356 0.43108 0.5372
0.3584 0.44972 0.5248
0.3124 0.447 0.5584
0.3996 0.4972 0.5904
0.3816 0.46508 0.5964
0.326 0.43812 0.5044
0.3692 0.45868 0.5676
0.3528 0.45296 0.5552
0.4064 0.4726 0.5636
0.462 0.50392 0.5752
0.398 0.47996 0.5788
0.4 0.47928 0.564
0.4216 0.48912 0.5352
0.3444 0.44084 0.494
0.3688 0.4746 0.5496
0.4044 0.47924 0.5652
0.3708 0.4882 0.5816
0.4052 0.4816 0.5908
0.404 0.47608 0.5992
0.3808 0.47488 0.6
0.4016 0.46924 0.578
0.386 0.484 0.6
0.4344 0.4952 0.5888
0.3792 0.48304 0.5736
0.3816 0.48716 0.568
0.3356 0.48332 0.5916
0.3556 0.48484 0.562
0.3852 0.44504 0.512
0.346 0.4268 0.506
0.3372 0.42868 0.5324
0.36 0.43476 0.4904
0.3224 0.40052 0.464
0.3592 0.42816 0.5108
0.3844 0.44292 0.5708
0.3504 0.40688 0.5192
0.358 0.40832 0.4556
0.3136 0.4106 0.5556
0.3332 0.41816 0.5456
0.314 0.41008 0.5444
0.3652 0.4174 0.464
0.3336 0.40028 0.4484
0.2832 0.40276 0.52
0.358 0.41896 0.4784
0.3324 0.41792 0.5348
0.388 0.44876 0.5228
0.3192 0.44572 0.5372
0.3756 0.43148 0.5148
0.3604 0.4326 0.572
0.3344 0.44764 0.528
0.358 0.42852 0.528
0.3688 0.45412 0.5088
0.3392 0.44032 0.5196
0.3332 0.4372 0.5464
0.3172 0.42344 0.4864
0.3828 0.44496 0.546
0.3052 0.3884 0.422
0.3208 0.41028 0.5072
0.3452 0.44644 0.5492
0.3336 0.42072 0.5336
0.3756 0.42932 0.5208
0.3588 0.4326 0.5208
0.384 0.46092 0.57
0.3096 0.4324 0.536
0.3904 0.45844 0.5388
0.3992 0.43116 0.5236
0.3888 0.45132 0.5516
0.3708 0.47416 0.5552
0.3568 0.4548 0.57
0.3308 0.43396 0.4948
0.4188 0.48768 0.5848
0.396 0.4578 0.5564
0.43 0.50784 0.5896
0.3816 0.49188 0.5816
0.4032 0.50832 0.6
0.4024 0.48596 0.574
0.4072 0.48208 0.6
0.4252 0.49108 0.5616
0.4232 0.49696 0.5804
0.364 0.45988 0.5092
0.3708 0.4484 0.532
0.3988 0.47868 0.5764
0.4112 0.44928 0.4812
0.392 0.44924 0.534
0.3892 0.4704 0.5568
0.406 0.44788 0.5284
0.3684 0.42304 0.5156
0.3524 0.44192 0.5044
0.3804 0.42816 0.5768
0.3804 0.46108 0.4964
0.35 0.45444 0.5444
0.392 0.4492 0.5236
0.412 0.48268 0.5288
0.3924 0.45776 0.5916
0.3956 0.469 0.546
0.3588 0.45324 0.552
0.4316 0.48908 0.5976
0.4 0.4506 0.5504
0.3364 0.47696 0.5464
0.3884 0.47388 0.5536
0.3712 0.43984 0.5324
0.352 0.47424 0.5492
0.3964 0.47756 0.5832
0.3872 0.43636 0.484
0.2812 0.4266 0.5952
0.3924 0.46248 0.53
0.3228 0.44732 0.534
0.3304 0.43516 0.542
0.3252 0.42668 0.534
0.3924 0.45584 0.5424
0.4168 0.47924 0.5952
0.3608 0.45576 0.5872
0.4312 0.48812 0.5988
0.3836 0.50076 0.6
0.3788 0.45096 0.5532
0.3872 0.45968 0.5504
0.37 0.46268 0.5456
0.3404 0.43144 0.5136
0.3728 0.45896 0.5704
0.3992 0.45236 0.5232
0.424 0.48932 0.5676
0.3744 0.4816 0.5824
0.3612 0.46084 0.5724
0.3656 0.44704 0.5136
0.378 0.45888 0.5632
0.3428 0.48692 0.6
0.4024 0.4918 0.5548
0.3764 0.48484 0.6
0.3976 0.48868 0.5716
0.3488 0.46144 0.5532
0.4184 0.51752 0.596
0.4428 0.52784 0.5904
0.372 0.46688 0.598
0.3544 0.44596 0.5896
0.3592 0.471 0.6
0.3448 0.4386 0.5828
0.3756 0.46076 0.558
0.3516 0.45804 0.582
0.3948 0.4532 0.5244
0.4108 0.474 0.5308
0.3796 0.47672 0.5872
0.4192 0.4846 0.564
0.3624 0.48496 0.592
0.426 0.49536 0.5804
0.4204 0.4966 0.6
0.4256 0.4678 0.536
0.32 0.49044 0.5688
0.4116 0.46452 0.5344
0.4304 0.48748 0.5396
0.3396 0.46516 0.5684
0.3852 0.51012 0.5972
0.406 0.51356 0.5968
0.3564 0.49644 0.5896
0.3776 0.49112 0.5716
0.476 0.55112 0.6
0.4404 0.51924 0.6
0.42 0.52256 0.6
0.408 0.47712 0.6
0.4732 0.51304 0.596
0.4376 0.5054 0.588
0.4092 0.49064 0.592
0.4144 0.48308 0.5756
0.3924 0.4868 0.5904
0.3848 0.45956 0.5312
0.3976 0.47664 0.5912
0.4112 0.48784 0.554
0.3568 0.4314 0.4704
0.3256 0.4306 0.4908
0.392 0.42572 0.468
0.4008 0.46288 0.5364
0.3788 0.46184 0.53
0.3664 0.41372 0.4792
0.3744 0.44156 0.5028
0.358 0.41156 0.486
0.3404 0.4344 0.5312
0.3528 0.45292 0.5788
0.3768 0.43536 0.5112
0.34 0.42864 0.494
0.3368 0.41988 0.5688
0.3224 0.4198 0.482
0.3624 0.42584 0.4848
0.3508 0.39932 0.462
0.328 0.41376 0.4536
0.3284 0.39204 0.4664
0.336 0.39188 0.5244
0.3116 0.416 0.5272
0.3352 0.38204 0.416
0.3296 0.38752 0.4716
0.3 0.38468 0.4352
0.3336 0.38192 0.5008
0.2964 0.374 0.4404
0.3096 0.37252 0.4456
0.324 0.38152 0.442
0.2768 0.35668 0.4436
0.334 0.37548 0.4092
0.2872 0.35352 0.3984
0.3252 0.37448 0.43
0.3012 0.3602 0.4004
0.2708 0.38492 0.4764
0.3364 0.38012 0.4296
0.2848 0.37824 0.47
0.3388 0.41836 0.4936
0.3576 0.39044 0.4376
0.328 0.38644 0.4592
0.3252 0.38592 0.4312
0.3676 0.40404 0.4636
0.3216 0.39656 0.5148
0.3176 0.3874 0.478
0.3248 0.38988 0.4948
0.3228 0.39196 0.4812
0.284 0.3756 0.4856
0.3064 0.36528 0.4496
0.2968 0.35136 0.4004
0.2504 0.34244 0.4008
0.29 0.33752 0.424
0.3368 0.39592 0.4724
0.3108 0.37208 0.43
0.3248 0.36736 0.404
0.2992 0.35724 0.424
0.2908 0.34476 0.3856
0.3372 0.37456 0.45
0.3296 0.39464 0.4384
0.2984 0.38192 0.4688
0.306 0.38696 0.5212
0.3444 0.39356 0.5084
0.3156 0.38604 0.4492
0.3148 0.3998 0.5248
0.3176 0.38724 0.4372
0.3028 0.36184 0.4384
0.3964 0.42288 0.4732
0.3312 0.40452 0.48
0.3368 0.39352 0.5056
0.322 0.43396 0.514
0.3648 0.41668 0.4748
