-10067.9559414 -10057.8324387 -10047.4563672
-10064.6507985 -10058.5372253 -10049.6963358
-10070.6475786 -10058.0088057 -10044.5750687
-10070.777761 -10052.8433301 -10030.8654096
-10063.9856455 -10041.3828919 -10014.9370497
-10067.4957698 -10053.7801288 -10034.3162078
-10056.9584242 -10034.6723236 -10017.3460438
-10059.986397 -10032.084334 -9991.34079315
-10050.1561228 -10034.4158431 -10020.6888807
-10043.9958142 -10011.0024886 -9980.61878804
-10045.8181263 -10024.6228478 -10005.728233
-10051.5378257 -10014.9664996 -9982.17684661
-10017.043388 -9989.74296314 -9939.27507586
-10022.2591579 -9976.29665192 -9917.62285379
-10024.6648851 -9994.19775988 -9938.74606874
-9997.01739183 -9959.00440633 -9903.97022778
-9996.79771786 -9945.0176245 -9903.12428747
-10002.8622921 -9964.48951321 -9931.70991796
-9974.45099456 -9933.82709419 -9903.82981823
-9978.23539277 -9925.61788457 -9896.11382486
-9974.95404327 -9937.70550835 -9886.36601544
-9953.20176644 -9914.72696161 -9863.36737935
-9958.50230084 -9918.22689214 -9889.38734408
-9935.37016765 -9912.77143657 -9873.87116164
-14602.5113253 -13697.736119 -12859.6364759
-14235.11949 -13634.1614527 -12989.0176381
-14497.203588 -13824.7238073 -13020.1615149
-14298.1633413 -13301.2123582 -12260.8097934
-14527.4107748 -13426.0077957 -12772.6392771
-13998.5364067 -13373.3872158 -12409.1976747
-13729.2380829 -12606.8018917 -11826.7026902
-13546.7644611 -12836.1972711 -12367.6139793
-13506.8801441 -12750.658286 -12218.3814373
-12875.8601815 -12136.8163398 -11800.8424024
-12509.3346316 -12061.8641977 -11697.7048713
-12966.9235296 -12107.814688 -11733.817569
-12475.4282706 -11886.1472385 -11590.1673634
-12392.7149648 -11903.6145555 -11586.7928895
-12192.4903543 -11900.5723696 -11558.6038567
-12132.4269721 -11745.7276194 -11378.5478803
-11875.4717188 -11635.6141593 -11356.0030199
-11956.3286392 -11709.7872337 -11454.8890377
-11586.2858814 -11415.5978167 -11192.6942313
-11734.3797113 -11539.8739387 -11352.9245946
-11634.3575999 -11481.4063415 -11374.6688038
-11537.5789136 -11282.3470277 -11072.3744476
-11505.5666647 -11307.5454335 -11197.1135165
-11513.2019317 -11278.5780061 -11095.4264235
-11419.486987 -11153.2834803 -10988.6673239
-11372.4412108 -11144.5011203 -10973.2172446
-11307.50077 -11128.3705997 -10935.4486071
-11205.1318479 -11064.6871406 -10839.5423374
-11178.0624944 -11031.7567593 -10884.7416666
-11371.3013622 -11067.3787974 -10831.5087993
-11121.9975163 -10955.4015456 -10767.8997331
-11111.5506313 -10907.7226084 -10726.9630724
-11008.1549386 -10927.884157 -10783.0172936
-11015.7239 -10821.8080883 -10725.1517405
-10945.8132465 -10795.7106852 -10645.418605
-14376.809033 -13857.8275505 -12755.9493109
-14344.5281819 -13874.7450751 -13245.0109448
-14774.5524846 -14182.9667072 -13448.6683243
-14531.8848041 -13538.4677643 -12730.8502799
-14295.7827884 -13455.0316775 -12349.289913
-14354.4085965 -13292.0130827 -12254.3481073
-13319.4054777 -12813.6825868 -12471.1940632
-12587.3306173 -12329.9614338 -12052.2316452
-13113.4022832 -12393.3184375 -11728.5325881
-12652.0922439 -12240.6922578 -11908.6407575
-12840.4258885 -12193.2274457 -11760.3570709
-12258.7310677 -12081.6033313 -11936.2301273
-12019.6681438 -11740.2326075 -11560.7868044
-12648.5681713 -11987.9091081 -11549.939277
-11982.425261 -11738.0402784 -11411.2634558
-12110.123095 -11749.4201017 -11539.4896375
-12308.2328219 -11952.8430768 -11646.0123177
-12150.8075735 -11864.767709 -11670.7380424
-11743.9581476 -11573.0693314 -11323.5675249
-11709.3137049 -11529.5222806 -11197.0799917
-11591.5136691 -11378.4159809 -11124.0746777
-11495.3505182 -11207.5853226 -10965.5925636
-11731.6123175 -11319.6075854 -11040.3585684
-11510.2401933 -11310.9548739 -11120.4159458
-11422.2032937 -11154.7175856 -10976.4763621
-11504.9392656 -11323.7568024 -11076.1718871
-11440.9139183 -11180.4029894 -10878.3877664
-11318.8142968 -11101.0928832 -10913.4026327
-11274.7026553 -11057.9800455 -10948.0220605
-11225.0676379 -10990.7493914 -10668.7144643
-11218.6286095 -10924.845876 -10744.9778119
-11268.5473937 -10892.3994429 -10757.6951863
-11281.8705325 -10975.4730389 -10806.5082613
-10922.7731522 -10720.6729701 -10573.0782644
-10808.889419 -10730.4668744 -10609.6059355
-11026.3120194 -10809.2719357 -10664.0777093
-10882.7128315 -10806.1903041 -10742.0007168
-10918.6093373 -10744.8194789 -10601.4891151
-10824.8486421 -10709.7667022 -10488.2659096
-10885.6763924 -10714.3673945 -10467.0871831
-10761.7717005 -10636.8940907 -10522.8149849
-10703.0013492 -10589.7808802 -10491.4416509
-10692.6386399 -10583.0274424 -10390.2710196
-10778.662945 -10620.3064353 -10504.6247011
-10739.0380559 -10602.3311995 -10532.7709329
-10824.8990482 -10534.3433151 -10349.8869863
-10643.0789652 -10516.4169893 -10396.5543403
-10862.563926 -10500.8902364 -10275.1540547
-10583.1830917 -10331.6339781 -10159.8228623
-10440.4319398 -10365.8636156 -10285.4130994
-10643.7484628 -10472.8739567 -10358.9919002
-14030.9541029 -13455.8493691 -12728.2929034
-14736.912954 -14135.4020292 -13188.0442611
-14633.7133196 -13914.8374732 -13150.1310713
-13851.9318725 -13246.8571422 -12316.6810334
-13998.7214085 -13318.996619 -12520.9361962
-14187.3010929 -13455.3863117 -12814.9525051
-13643.0846248 -12958.5200006 -12024.9109936
-13662.3915518 -12883.8175936 -12328.3626892
-13482.862208 -12648.3595483 -12002.590959
-12798.3740992 -12301.6033181 -11954.1994135
-13051.4642292 -12190.6075691 -11787.8663083
-13480.2979505 -12402.5173575 -11976.7904329
-12680.0898256 -12012.6687802 -11684.5617799
-12366.5263934 -11939.8345022 -11681.3804352
-12363.695567 -11890.1658091 -11689.2378628
-11977.7867163 -11692.9999252 -11393.6825271
-11951.0208308 -11714.8865905 -11583.1529606
-12050.7825022 -11844.5581363 -11641.0069795
-11744.7169415 -11606.8228317 -11520.5589082
-11728.7658847 -11591.3086712 -11451.1001761
-11956.0622083 -11681.3139482 -11488.7013399
-11718.8335857 -11633.2924047 -11522.3803446
-11890.031476 -11613.9820814 -11326.197495
-12175.0158353 -11618.9838958 -11413.2184083
-11649.5226125 -11473.1471827 -11304.1799922
-11678.8326316 -11484.2656871 -11305.8771836
-11583.512322 -11501.0952775 -11376.4416734
-11501.9082013 -11386.8154189 -11270.9540503
-11705.9936702 -11494.8143517 -11191.3209844
-11621.7734211 -11420.9184232 -11128.7686476
-11408.3862413 -11231.8574726 -11123.9111059
-11526.8905516 -11332.9841163 -11171.9837064
-11403.7013075 -11306.2490581 -11102.3310819
-11433.5549074 -11204.0985692 -11045.1709784
-11520.946495 -11256.9667516 -11091.1372297
-11322.370673 -11149.2620044 -10852.2630334
-11282.7790182 -11006.6870106 -10833.4574065
-11134.4659803 -11018.1707862 -10836.0701075
-11119.4367231 -10958.3469806 -10834.5270312
-11227.6532021 -11037.6703347 -10770.4904651
-11088.3653263 -10937.6457081 -10684.1367207
-11213.114126 -11044.7624096 -10900.8004594
-11036.3545922 -10865.9332039 -10627.0244656
-11059.2014619 -10824.1605771 -10648.443771
-10934.1772019 -10773.6062467 -10506.2800643
-10813.7246219 -10646.8857952 -10538.026928
-10767.9730147 -10672.0485627 -10546.1065641
-10852.7387263 -10714.436584 -10559.4376431
-10736.2107848 -10632.45059 -10563.3099367
-10825.386254 -10596.9399893 -10453.557568
-10776.5487597 -10629.1711818 -10478.2492202
-10732.7744284 -10546.2240149 -10227.4916589
-10632.5766997 -10548.6493773 -10457.6687252
-10558.7590591 -10445.249386 -10310.5047353
-10721.6763099 -10521.2645755 -10298.5779532
-10671.6794844 -10532.6875281 -10465.502136
-10658.4624759 -10485.4322289 -10313.1414702
-10578.1501156 -10468.0988295 -10374.0118613
-10503.8578073 -10393.0584448 -10313.3799629
-10552.2872618 -10434.2915261 -10317.1391089
-10485.2229733 -10341.1428166 -10177.5623044
-10418.7925971 -10331.607386 -10202.731139
-10513.8725487 -10411.2203252 -10271.5397969
-10542.7190781 -10330.0744142 -10117.3644668
-10496.7888307 -10419.4863837 -10287.6361554
-10717.1280975 -10426.6123847 -10224.065853
-10355.5343804 -10293.0864617 -10241.9724785
-10524.0605387 -10361.7078977 -10214.6213515
-10565.7226662 -10394.1011647 -10317.0480591
-10440.4508436 -10295.3050048 -10135.715781
-10363.5003039 -10236.9148333 -10158.7535975
-10560.7579836 -10279.8456869 -10178.2944084
-10416.026167 -10223.110997 -10128.109865
-10367.0603572 -10266.3053077 -10183.1343133
-10362.6757338 -10249.1099866 -10157.3884993
-10324.6854218 -10227.5884276 -10118.7096108
-10355.1032451 -10209.4106747 -10090.550962
-10430.0530746 -10282.9237399 -10124.0407021
-10481.6612682 -10296.52689 -10192.302391
-10376.5992638 -10283.8949311 -10121.544702
-10341.909434 -10261.4028717 -10177.042299
-10433.1199309 -10243.4939929 -10032.8577877
-10461.0898874 -10322.4741492 -10244.3449123
-10446.6082174 -10360.7381164 -10311.7948632
