0.0558 0.060536 0.06368
0.05484 0.061216 0.0646
0.05912 0.061264 0.0632
0.05896 0.0612 0.06292
0.0572 0.06082 0.06524
0.05952 0.062136 0.06308
0.05964 0.062016 0.06496
0.05796 0.061772 0.06428
0.05924 0.062604 0.06588
0.05996 0.062804 0.06456
0.05904 0.062448 0.06556
0.0584 0.061756 0.0642
0.05816 0.06168 0.06508
0.05952 0.061564 0.0648
0.05648 0.061004 0.06328
0.05988 0.0618 0.0648
0.0594 0.061828 0.06588
0.05868 0.061676 0.06516
0.05812 0.061252 0.0634
0.05964 0.062068 0.06376
0.05896 0.06222 0.064
0.05844 0.061864 0.0646
0.05988 0.062052 0.0652
0.05924 0.0621 0.064
0.05844 0.060912 0.0642
0.05824 0.061972 0.06388
0.05864 0.061908 0.06372
0.05956 0.061356 0.06436
0.05984 0.061536 0.06408
0.05916 0.061856 0.06392
0.0592 0.06142 0.06412
0.05996 0.061616 0.0634
0.0584 0.061312 0.06432
0.05852 0.062544 0.06636
0.05792 0.062208 0.0684
0.05788 0.061636 0.065
0.05856 0.061732 0.06644
0.05844 0.06116 0.06372
0.05912 0.061136 0.0642
0.0584 0.0615 0.0644
0.06044 0.062244 0.06476
0.05932 0.06162 0.06328
0.05876 0.06178 0.066
0.05924 0.061476 0.06372
0.05956 0.062608 0.06856
0.05756 0.06156 0.06428
0.05792 0.061768 0.06652
0.05956 0.06246 0.06476
0.05816 0.061004 0.06456
0.05928 0.06344 0.06668
0.05852 0.062088 0.06604
0.05724 0.061124 0.06316
0.05756 0.062672 0.06684
0.05848 0.062988 0.06964
0.05872 0.062116 0.06692
0.05924 0.061452 0.06492
0.05836 0.060752 0.06572
0.05908 0.06206 0.06712
0.05688 0.062208 0.06816
0.05988 0.063468 0.06548
0.05964 0.062296 0.06676
0.05796 0.062084 0.06668
0.0606 0.063424 0.06716
0.05904 0.062124 0.06428
0.05624 0.061484 0.06532
0.06072 0.062404 0.06468
0.05928 0.06136 0.06424
0.06004 0.065312 0.08148
0.05832 0.062328 0.06592
0.05896 0.062764 0.06536
0.06012 0.06298 0.06616
0.05864 0.063164 0.06636
0.05792 0.061796 0.06684
0.06048 0.062268 0.06572
0.05916 0.06266 0.06572
0.06028 0.06254 0.06652
0.06008 0.063272 0.06732
0.05908 0.064016 0.0706
0.05788 0.064 0.06988
0.06108 0.063536 0.07032
0.06056 0.06504 0.06908
0.0588 0.061944 0.06832
0.06196 0.064536 0.06788
0.05932 0.062812 0.07292
0.06084 0.063048 0.06632
0.05944 0.063552 0.07084
0.06032 0.063596 0.06804
0.0574 0.06368 0.07344
0.05764 0.06346 0.07272
0.05888 0.065108 0.07728
0.05956 0.063952 0.07
0.05988 0.064212 0.06676
0.06036 0.06178 0.06468
0.0588 0.06296 0.06896
0.0598 0.06296 0.06524
0.05824 0.062812 0.0716
0.06156 0.06448 0.06752
0.05944 0.062092 0.06648
0.05944 0.062852 0.06784
0.05804 0.061652 0.06348
0.05908 0.062216 0.06528
0.05976 0.062364 0.06376
0.05832 0.061844 0.065
0.05876 0.062312 0.0646
0.05968 0.06166 0.06364
0.0588 0.06274 0.0662
0.06008 0.062292 0.06604
0.0592 0.062328 0.06612
0.05764 0.061736 0.06432
0.05984 0.062236 0.06884
0.05844 0.06234 0.0656
0.06072 0.063172 0.06696
0.05704 0.0617 0.06624
0.05924 0.063268 0.0682
0.06044 0.06284 0.0656
0.0616 0.063036 0.0644
0.06044 0.062436 0.06444
0.05896 0.062016 0.06616
0.05964 0.063588 0.07144
0.06076 0.063448 0.06692
0.05808 0.062956 0.06764
0.0606 0.063152 0.06568
0.06096 0.062624 0.06372
0.05808 0.062628 0.0674
0.05792 0.062396 0.06552
0.0602 0.063832 0.06888
0.05948 0.06418 0.06776
0.06084 0.063832 0.0682
0.0588 0.062208 0.06676
0.0606 0.063276 0.06884
0.05924 0.063044 0.0696
0.0612 0.06326 0.06692
0.06044 0.063868 0.06988
0.0604 0.062588 0.06576
0.05928 0.062648 0.06808
0.05968 0.063456 0.06748
0.0606 0.062668 0.06492
0.06084 0.063668 0.0692
0.06072 0.063932 0.06708
0.06064 0.064036 0.06916
0.0596 0.062672 0.0696
0.06048 0.062388 0.06444
0.0602 0.063416 0.0666
0.0588 0.06244 0.06464
0.05988 0.063224 0.06596
0.05904 0.062116 0.0644
0.0614 0.063088 0.06696
0.05972 0.062608 0.06688
0.061 0.062568 0.06524
0.0594 0.062516 0.06432
0.06016 0.062612 0.06468
0.05908 0.06234 0.06628
0.0592 0.061844 0.06324
0.0594 0.06258 0.0646
0.06064 0.06316 0.06576
0.0592 0.062368 0.06564
0.05956 0.062436 0.06528
0.05924 0.062632 0.06648
0.06188 0.063332 0.0662
0.05992 0.06274 0.06576
0.06096 0.063268 0.06628
0.05956 0.06256 0.06652
0.06032 0.063836 0.06588
0.06148 0.06502 0.07028
0.05912 0.063776 0.06836
0.06116 0.063416 0.0656
0.06052 0.063744 0.06708
0.06156 0.063656 0.06568
0.05968 0.06352 0.06588
0.06008 0.062404 0.065
0.06012 0.0624 0.06524
0.05896 0.064152 0.07224
0.05972 0.062936 0.07168
0.06104 0.062848 0.06536
0.06 0.062472 0.06464
0.06008 0.062384 0.06396
0.06056 0.062344 0.0656
0.05936 0.061496 0.06372
0.0608 0.06314 0.06532
0.061 0.062812 0.0652
0.06116 0.063476 0.06516
0.05912 0.06204 0.06512
0.05864 0.061632 0.06404
0.06088 0.063196 0.06936
0.06004 0.0621 0.06352
0.05956 0.061816 0.06624
0.06004 0.062156 0.06468
0.06008 0.062304 0.06464
0.05924 0.061708 0.06388
0.0598 0.062844 0.0674
0.05984 0.062288 0.06452
0.0612 0.06254 0.06436
0.05716 0.061152 0.0636
0.06076 0.062768 0.066
0.05916 0.061584 0.06308
0.06084 0.062584 0.06664
0.06016 0.062672 0.06476
0.05924 0.061788 0.06408
0.06116 0.062664 0.06472
0.06184 0.062636 0.06344
0.0602 0.06218 0.06436
0.05944 0.061824 0.06364
0.06096 0.063552 0.06872
0.0582 0.061428 0.064
0.06128 0.0625 0.06424
0.06036 0.062216 0.06548
0.05924 0.061744 0.06344
0.05932 0.062444 0.06504
0.06016 0.06194 0.0632
0.06048 0.062316 0.06476
0.05948 0.062112 0.0646
0.05756 0.061452 0.06352
0.06092 0.062568 0.06432
0.05952 0.061908 0.06376
0.06052 0.062816 0.0654
0.05964 0.061988 0.06432
0.05956 0.06222 0.06564
0.06044 0.061616 0.06284
0.05976 0.062328 0.06484
0.05972 0.062164 0.06384
0.05916 0.062296 0.06424
0.06044 0.063068 0.06868
0.06168 0.062964 0.06444
0.06008 0.062048 0.06352
0.06 0.062076 0.06544
0.06052 0.06164 0.06272
0.05992 0.062248 0.06548
0.0604 0.061704 0.063
0.05948 0.06328 0.06528
0.06016 0.062092 0.06732
0.06024 0.062104 0.06364
0.0602 0.061852 0.06436
0.06032 0.061692 0.06328
0.05976 0.062428 0.06544
0.06012 0.06202 0.0644
0.05964 0.06214 0.06496
0.0598 0.061676 0.06332
0.0606 0.06226 0.06472
0.06028 0.06224 0.06412
0.06004 0.06268 0.06432
0.06048 0.06238 0.06452
0.05992 0.061828 0.06332
0.06028 0.061856 0.06296
0.06048 0.062604 0.0672
0.06004 0.062212 0.0642
0.05908 0.062496 0.06376
0.0606 0.062472 0.06472
0.06056 0.062448 0.0658
0.05776 0.0623 0.06708
0.0602 0.062068 0.06352
0.06008 0.061956 0.06472
0.05952 0.0618 0.06376
0.06052 0.062372 0.06472
0.059 0.0623 0.06628
0.05896 0.061244 0.0636
0.05968 0.06184 0.06444
0.05864 0.062196 0.06352
0.05864 0.061776 0.06372
0.06 0.062264 0.0646
0.06104 0.062416 0.06444
0.05992 0.06148 0.0626
0.0602 0.062484 0.06424
0.06124 0.062448 0.06416
0.0604 0.062316 0.06416
0.05968 0.062028 0.06404
0.059 0.061124 0.0642
0.05916 0.062632 0.06528
0.06008 0.062928 0.06636
0.06016 0.062204 0.06424
0.0594 0.06344 0.06648
0.05876 0.061784 0.06336
0.06024 0.061528 0.06328
0.06056 0.061556 0.06472
0.05908 0.061336 0.06292
0.05912 0.061004 0.0634
0.06004 0.061564 0.06504
0.05868 0.061032 0.06288
0.05872 0.062148 0.0648
0.05896 0.0612 0.06352
0.05712 0.061088 0.06364
0.06072 0.06268 0.06504
0.0602 0.063064 0.06592
0.06056 0.061932 0.06372
0.06 0.0619 0.06548
0.05996 0.06204 0.06436
0.06052 0.06204 0.06516
0.05968 0.06116 0.06316
0.05952 0.061632 0.06416
0.05992 0.061916 0.06316
0.05936 0.061732 0.06456
0.0608 0.062008 0.0636
0.06016 0.061632 0.0634
0.05844 0.060828 0.06316
0.05956 0.061508 0.06492
0.05772 0.061064 0.06292
0.05716 0.061212 0.0648
0.06052 0.062228 0.06428
0.06008 0.062076 0.06384
0.05976 0.062044 0.06928
0.05908 0.061988 0.06412
0.05816 0.061532 0.06368
0.05844 0.061344 0.06332
0.05908 0.061292 0.06364
0.0586 0.060428 0.06168
0.0592 0.061368 0.06328
0.05944 0.06104 0.06268
0.0596 0.062028 0.06436
0.06024 0.0615 0.06328
0.0588 0.061412 0.06284
0.05944 0.062092 0.06392
0.05904 0.061344 0.06324
0.059 0.062056 0.06468
0.05876 0.061268 0.0632
0.0594 0.061044 0.06396
0.05996 0.061796 0.063
0.05968 0.061452 0.063
0.05892 0.061228 0.06248
0.06092 0.061932 0.06356
0.06048 0.061656 0.0638
0.059 0.061416 0.06296
0.05872 0.061116 0.06308
0.06016 0.062012 0.06396
0.0604 0.061644 0.06384
0.05928 0.060908 0.0628
0.05816 0.061128 0.06508
0.0596 0.061564 0.06344
0.05992 0.061808 0.06472
0.0604 0.061968 0.06384
0.06004 0.061632 0.0636
0.06016 0.06198 0.06336
0.0598 0.061664 0.06352
0.05884 0.061016 0.06256
0.05936 0.061096 0.06428
0.05976 0.06172 0.06392
0.05808 0.060988 0.06456
0.06044 0.061836 0.06264
0.06112 0.062032 0.06368
0.05956 0.06174 0.06392
0.06012 0.061736 0.06416
0.05992 0.061456 0.06288
0.05924 0.062148 0.06704
0.06008 0.062088 0.06504
0.05952 0.06184 0.06404
0.06044 0.062352 0.06368
0.06052 0.062508 0.06492
0.05924 0.061804 0.06352
0.05964 0.061328 0.063
0.05916 0.060868 0.063
0.0606 0.061784 0.06292
0.06068 0.062692 0.06404
0.06056 0.062336 0.06448
0.05912 0.061096 0.06316
0.05948 0.061588 0.06596
0.05904 0.061276 0.06248
0.06024 0.062736 0.06508
0.05788 0.060908 0.06328
0.0596 0.061344 0.06324
0.06008 0.062068 0.06368
0.05916 0.061984 0.06492
0.06028 0.061724 0.06484
0.06044 0.061416 0.06272
0.05844 0.06152 0.064
0.061 0.06216 0.06456
0.0588 0.061568 0.06388
0.05788 0.06104 0.06432
0.05908 0.060704 0.06272
0.05936 0.06124 0.06408
0.05984 0.062192 0.06424
0.05984 0.06134 0.06428
0.06088 0.062412 0.06428
0.06032 0.060992 0.06152
0.0604 0.062184 0.06472
0.05976 0.061464 0.06416
0.05896 0.061924 0.06468
0.05892 0.06114 0.06296
0.05988 0.062112 0.06472
0.05792 0.061056 0.06332
0.05912 0.061512 0.06336
