-87.3848762715 1908.96874912 2753.16523651
-407.657732974 1621.07302224 3100.56775433
1602.97209482 2573.62200624 3107.39931604
1629.04938877 2737.38531548 3105.8927711
317.807063709 1985.32195223 2907.32564296
1843.49474021 2458.58736268 2971.86599117
445.713984682 2213.9649598 3105.10117783
1175.25376307 2054.66109796 2895.31102522
215.54156482 2040.51784665 3036.66171614
1320.61696624 2431.09061286 3034.58754227
1310.6946482 2335.76274389 3096.36495701
1112.90915228 2349.76605087 3105.75848977
889.125996028 2372.05355685 3101.98576483
1881.09576106 2689.89883664 3090.95782464
-204.722604325 2284.23590472 3038.7024344
1714.28098298 2578.70522134 3167.25812135
571.164927876 2557.32247277 3104.74585197
574.748010577 2331.15558588 3103.27379507
848.64324146 2653.80638744 3104.89964674
1769.74426989 2458.28295382 3097.19336094
1636.13263353 2567.71539937 3096.13995982
1293.2895258 2605.85603251 3098.7358623
490.153369577 2531.25974298 3096.54255917
1762.85126612 2667.98372378 3102.28367314
1338.3157867 2375.46532033 3040.60072114
709.979510878 2483.53109061 3027.77327069
1180.62797496 2533.17752349 3014.41496979
2173.73805271 2727.69553901 3171.60941947
1924.5127936 2669.76933806 3102.9928902
1736.47379209 2698.72676595 3087.56347017
2141.39136791 2709.81837014 3098.0366242
2152.48979794 2716.80329386 2969.3013942
832.343925698 2132.81775304 3157.60242938
460.863318076 1997.3377715 3037.59447953
197.28715118 2178.66756934 3094.48654611
332.634521364 1874.08324766 2993.51909458
1175.72401175 2498.87327879 3007.07508205
2007.68483606 2800.19043555 3166.93036722
1515.7106822 2392.24431731 3099.65602803
1507.22741754 2587.80828722 3152.43329019
1586.05160194 2544.88651107 3152.65365185
2100.5721461 2605.85799211 3080.94743171
846.377131747 2258.7094871 3078.45882013
1452.48317224 2569.87621965 3102.32320088
783.777421146 2490.67687526 3090.78729041
-64.929056339 2405.34956195 2963.35577877
307.58502517 2150.25867188 3021.29872866
1498.65317467 2492.75203851 3024.2089084
590.827566103 2175.62461822 2827.90771459
284.048091329 2179.20956819 3007.76641977
995.300125702 2462.46860502 3013.40936344
302.992169897 2343.71124356 3024.1714334
225.503143037 2222.28096734 3021.16065666
-52.1992751438 1945.88672254 3011.1498709
1716.91738906 2544.80026013 3024.44878875
979.89086574 2277.09942873 3034.89103222
732.219146158 2001.06342958 3009.18664395
507.406269275 2121.4140327 3025.80668886
259.906592628 2189.79728211 3085.72666955
1181.62233193 2451.71760122 3011.97036944
1108.0649949 2535.51853522 3073.86212113
1030.70662331 2088.14060777 2952.92918515
1443.15064036 2718.92060862 3091.13816325
1298.85484588 2614.63173275 3018.67267888
-252.158078846 1885.24193046 3149.07022241
2442.84102634 2846.57256113 3152.07586048
1661.08496722 2549.60897604 3087.04812997
-197.6258015 2090.33323366 3010.94421832
1411.48519904 2480.08198588 3088.60020472
1166.65718504 2500.91287676 3148.4395457
2398.08943303 2734.79969878 3023.69725479
1162.04433174 2239.09218823 3081.33971903
575.934884465 2155.00974679 3078.79288566
2112.14153199 2688.55057111 3080.24661442
1803.29777358 2546.55302134 3080.24505912
2191.56364483 2767.10378249 3156.40182135
1245.77708668 2535.5653477 3011.46478368
1438.10596692 2602.03018489 3084.21965224
388.873319597 2393.88323749 3133.02528631
1706.05788 2621.38724138 3126.46697384
918.999866673 2413.53728874 2955.45872402
945.878765909 2168.89473911 3149.01238158
1514.13276777 2703.33290878 3133.74101049
700.640690531 2286.76745219 2936.86619934
2600.49914779 2911.06718897 3148.07068734
1443.40751442 2710.9509558 3084.11507852
2105.75605475 2585.31583278 3151.3446942
18.0963895741 2402.62241042 3157.15386454
469.154563113 1976.57820908 3080.22124912
208.96104497 2027.33475668 3084.06959424
59.9421393785 2084.84950864 2949.44532027
1907.58584077 2520.368098 3077.78793284
2197.34795416 2676.94303344 2955.4461758
1524.15338922 2593.14440565 3148.7414051
2071.52537058 2751.59433878 3077.00413194
94.0907376578 2466.16137101 3163.77718795
507.451084137 2252.718687 3089.81646945
1386.37047008 2394.01119269 2886.61652953
1503.34778591 2656.29987079 3088.23837207
741.310329749 2578.36156548 3089.7150233
1305.16226158 2626.41353023 3154.62051682
1796.51703385 2708.49094487 3094.98119828
985.754304024 2220.00234422 3024.45401213
993.272447127 2382.85097733 3020.16877885
2313.25984094 2756.4136593 3082.56323748
1571.50726226 2321.41843096 2907.5511326
636.792629905 2722.88561681 3084.37197918
1376.61748332 2584.62615362 3156.67788153
244.396283405 2482.45863095 3025.21980547
712.479194736 2459.85623702 3010.64791685
1117.97671164 2398.76042617 3085.89907544
2162.95590278 2704.64147395 3097.86555113
341.371191142 2508.10770832 3154.84870652
1537.25453738 2619.9365366 3097.61151744
1853.27724212 2543.34383223 3021.41522503
2047.38933988 2701.14431704 3148.42882013
2498.14212082 2801.31992629 3028.13642058
1362.18324213 2608.05052511 3089.17539578
1578.87715683 2540.70693644 3079.1007561
1978.88569196 2725.48702045 3077.34313445
439.184424022 2210.46657146 3008.25706045
2189.05111019 2788.77899113 3082.60397796
2377.99472435 2858.75400678 3085.78237538
485.680899952 2381.72052643 3078.32211498
246.540320063 2418.65584813 3083.35208473
1123.85008471 2518.63842575 3022.4394002
1042.77559539 2333.58983508 3013.28796616
921.792155258 2633.56389536 3148.51859445
1180.41047607 2457.44686288 3154.16061716
2336.42105317 2858.09543714 3142.51738578
1442.91619761 2582.33500894 3085.92839769
2165.62284859 2850.15220713 3150.93218957
1972.77491942 2578.51341702 3150.89362155
1998.28646521 2823.81033461 3012.42066955
1655.00775436 2558.03284634 3085.84664895
1841.32016174 2643.70237353 3021.31120331
2196.66617766 2792.33204096 3023.59388996
1573.09569101 2595.40944253 3064.60835057
2315.74002368 2755.84300952 3082.65645224
1766.2169934 2596.69876902 3025.67441551
1505.45779528 2356.37045729 3088.24937668
2604.94617053 2888.33226063 3098.53112086
1646.79022269 2576.97309803 2963.00655373
1510.46022875 2679.38210293 2968.96645793
1254.59412716 2593.07387449 3092.39119462
1598.55275726 2692.33442998 3096.57474918
2195.42779615 2824.21245356 3153.01853733
2007.7311231 2796.91027881 3083.84629898
1913.67753816 2705.45415596 3157.385078
2212.33563458 2723.87048783 3087.69865417
2404.69078137 2832.84527112 3091.00617072
1668.69360487 2488.60439959 3153.80736483
1393.71791406 2782.93653153 3161.55397239
1757.6913682 2749.65008246 3089.09510396
1986.87952336 2768.0450333 3032.8226307
1844.15177441 2568.04569313 3090.24548224
1720.271721 2529.98230139 3027.18507147
983.982232483 2554.50325786 3153.68720681
2375.98713038 2847.72836101 3154.93828322
710.521425158 2657.82278577 3146.70688289
1647.17275856 2614.52372875 3094.62383242
1864.28090437 2623.35411452 3087.16869632
1109.91328621 2381.93659974 3024.62331859
709.329589898 2423.6151745 3091.13311947
899.555854302 2338.91966773 3168.66328016
2436.72268011 2840.18683352 3034.76505154
1511.48840139 2787.75829436 3153.0265791
1848.91227223 2687.58516539 3033.0964605
1913.40818512 2685.73777662 3038.57683989
2423.33422847 2859.02701558 3095.09888682
1668.20990549 2766.7059115 3149.49993412
89.3304513771 2360.81259241 3035.0355099
1427.56503407 2498.96677094 3169.65603453
1714.74718056 2675.00038105 3105.14481785
2275.8597129 2855.41004311 3153.19400488
2628.6865174 2912.63035428 3038.31649601
2355.36649641 2790.10936494 3159.6914657
