0.4072 0.46032 0.5848
0.316 0.50268 0.5844
0.3688 0.49468 0.6
0.39 0.465 0.5496
0.392 0.50128 0.6
0.3816 0.484 0.6
0.356 0.44576 0.5592
0.3744 0.47208 0.5676
0.2972 0.44252 0.5792
0.3888 0.46136 0.5248
0.3648 0.4216 0.524
0.3444 0.47072 0.6
0.3256 0.4202 0.5032
0.3248 0.44028 0.5256
0.3124 0.4018 0.5484
0.3228 0.4008 0.4936
0.3604 0.45484 0.6
0.3664 0.45236 0.6
0.3208 0.41332 0.5552
0.3244 0.3714 0.4432
0.3076 0.41712 0.5172
0.3536 0.393 0.5512
0.3028 0.39516 0.5388
0.3288 0.42068 0.592
0.3296 0.408 0.4748
0.3272 0.40624 0.4956
0.3448 0.40524 0.4728
0.2928 0.39616 0.5132
0.3004 0.395 0.4936
0.346 0.41748 0.5024
0.3016 0.40032 0.5224
0.3048 0.3688 0.4932
0.3436 0.39704 0.4664
0.3 0.37372 0.4732
0.2604 0.36492 0.4696
0.2964 0.38168 0.4468
0.3156 0.39736 0.5104
0.322 0.39356 0.4836
0.3044 0.38016 0.5316
0.3124 0.38624 0.4592
0.2888 0.37968 0.4692
0.3372 0.40924 0.5352
0.3584 0.41016 0.5192
0.2924 0.44204 0.4968
0.33 0.42372 0.4872
0.3468 0.38844 0.4196
0.3488 0.40828 0.5328
0.292 0.41576 0.5468
0.3144 0.41124 0.5172
0.3412 0.4238 0.5396
0.3808 0.44052 0.5168
0.2976 0.39016 0.5008
0.3176 0.392 0.5008
0.3136 0.40428 0.5768
0.3016 0.3664 0.4288
0.2812 0.3718 0.464
0.304 0.3852 0.468
0.3252 0.39872 0.4712
0.2908 0.42416 0.5884
0.3452 0.39232 0.4432
0.3312 0.40796 0.5132
0.3244 0.42276 0.5464
0.3116 0.39116 0.5124
0.3496 0.39896 0.504
0.3428 0.41668 0.5832
0.2988 0.40576 0.4712
0.3208 0.42576 0.5052
0.3156 0.38136 0.4428
0.3016 0.37512 0.4704
0.3012 0.37184 0.4284
0.2972 0.37756 0.4516
0.304 0.3778 0.4136
0.2988 0.38696 0.5304
0.2656 0.35224 0.434
0.2996 0.36596 0.4396
0.3336 0.37472 0.4712
0.3196 0.38128 0.4816
0.308 0.393 0.4836
0.2868 0.39856 0.4936
0.2996 0.3938 0.5544
0.2808 0.39328 0.492
0.304 0.41412 0.4836
0.326 0.41924 0.502
0.2756 0.3808 0.518
0.34 0.43972 0.5452
0.3496 0.45036 0.5876
0.3296 0.40508 0.5108
0.318 0.42372 0.5228
0.346 0.44764 0.5724
0.3468 0.42904 0.596
0.2832 0.41516 0.5016
0.3256 0.45872 0.5956
0.3732 0.43544 0.5296
0.3188 0.43312 0.5096
0.2824 0.38908 0.4836
0.2972 0.39892 0.528
0.3596 0.43096 0.5068
0.2704 0.41168 0.5544
0.3604 0.43144 0.558
0.3808 0.42844 0.6
0.31 0.3854 0.4732
0.3084 0.38632 0.562
0.3192 0.4246 0.572
0.3032 0.4042 0.5328
0.3476 0.4124 0.5272
0.2736 0.42064 0.58
0.3156 0.42344 0.5876
0.3412 0.42388 0.5436
0.3388 0.41496 0.6
0.3344 0.4094 0.476
0.3152 0.3888 0.4944
0.2832 0.38388 0.4908
0.302 0.40164 0.5788
0.3152 0.40348 0.6
0.3 0.39888 0.6
0.2848 0.35096 0.4476
0.2664 0.36564 0.5248
0.238 0.35116 0.4056
0.2544 0.31972 0.3812
0.2524 0.35312 0.4264
0.2652 0.36324 0.472
0.2416 0.3554 0.6
0.2876 0.35536 0.4136
0.2328 0.36224 0.4532
0.2712 0.37028 0.4704
0.2456 0.36892 0.5268
0.3504 0.43296 0.5436
0.246 0.37016 0.466
0.368 0.45752 0.6
0.284 0.42744 0.6
0.2904 0.41464 0.5488
0.2808 0.4286 0.5684
0.306 0.40016 0.4748
0.3448 0.42172 0.5656
0.2912 0.39676 0.5364
0.26 0.37044 0.4564
0.3152 0.43144 0.6
0.3636 0.43788 0.5712
0.288 0.42876 0.6
0.2988 0.44112 0.594
0.3392 0.47224 0.6
0.272 0.40528 0.5124
0.2788 0.38936 0.4748
0.3632 0.40456 0.458
0.354 0.42788 0.5116
0.3428 0.4102 0.5004
0.3568 0.42528 0.502
0.3108 0.4208 0.5632
0.298 0.39344 0.4552
0.3168 0.41556 0.5008
0.2924 0.40508 0.5036
0.3072 0.42024 0.58
0.3144 0.36896 0.4848
0.3024 0.40216 0.4872
0.2972 0.40916 0.516
0.3112 0.39292 0.5072
0.294 0.39692 0.53
0.3424 0.39224 0.4488
0.3232 0.3986 0.5032
0.3044 0.38704 0.522
0.292 0.3742 0.4744
0.3404 0.43908 0.5484
0.3544 0.41724 0.4792
0.336 0.41532 0.5192
0.2924 0.38148 0.4904
0.3448 0.44976 0.5728
0.2532 0.42632 0.54
0.2852 0.42832 0.6
0.3636 0.47088 0.5668
0.3588 0.46856 0.5796
0.3284 0.406 0.456
0.3384 0.45148 0.6
0.4212 0.48168 0.5808
0.364 0.47232 0.5668
0.3036 0.44628 0.5964
0.3064 0.40988 0.5396
0.324 0.45476 0.596
0.398 0.48828 0.5748
0.3912 0.51724 0.6
0.3428 0.47608 0.5844
0.4132 0.51048 0.598
0.354 0.50536 0.6
0.36 0.4688 0.5816
0.3552 0.46052 0.558
0.3704 0.43868 0.5176
0.3432 0.4772 0.6
0.2972 0.43004 0.5664
0.3332 0.36612 0.4344
0.2932 0.39408 0.5072
0.3428 0.41512 0.4804
0.3356 0.41304 0.5032
0.3324 0.43528 0.5868
0.2892 0.45196 0.596
0.324 0.39188 0.5252
0.3364 0.47908 0.6
0.3528 0.48704 0.6
0.3532 0.47424 0.5812
0.3912 0.46252 0.6
0.39 0.4938 0.6
0.3472 0.48 0.5968
0.3424 0.45516 0.5852
0.3004 0.41688 0.5648
0.3584 0.46636 0.596
0.328 0.38688 0.4632
0.3048 0.39488 0.5612
0.318 0.40416 0.5548
0.3596 0.46148 0.5824
0.3288 0.4026 0.4624
0.3144 0.41556 0.484
0.3764 0.44588 0.5304
0.3264 0.438 0.6
0.3984 0.46828 0.57
0.2992 0.42076 0.49
0.3604 0.43692 0.5272
0.294 0.40428 0.4676
0.3384 0.46416 0.546
0.3844 0.47688 0.6
0.3084 0.4584 0.6
0.348 0.48248 0.596
0.348 0.47476 0.6
0.3376 0.4144 0.5068
0.3704 0.42648 0.506
0.308 0.4692 0.6
0.3672 0.417 0.4796
0.3888 0.45996 0.5412
0.3656 0.4718 0.5692
0.4084 0.4618 0.536
0.3512 0.45972 0.5428
0.3964 0.50304 0.5908
0.3288 0.44936 0.5332
0.3912 0.45784 0.5288
0.45 0.50584 0.5592
0.3868 0.4742 0.568
0.4128 0.50852 0.6
0.3456 0.45808 0.5936
0.3576 0.43836 0.5068
0.4256 0.50228 0.574
0.3356 0.4538 0.6
0.3536 0.46172 0.5636
0.3372 0.45444 0.5664
0.328 0.42908 0.5548
0.316 0.43984 0.5496
0.3264 0.42204 0.4828
0.3192 0.39292 0.44
0.3276 0.40828 0.4892
0.3104 0.39968 0.5804
0.3472 0.43548 0.528
0.3504 0.43132 0.5884
0.2784 0.41772 0.4912
0.4004 0.45212 0.504
0.332 0.41144 0.4548
0.3724 0.40852 0.5108
0.3828 0.4464 0.5152
0.3132 0.37492 0.452
0.334 0.39076 0.458
0.3956 0.46936 0.5612
0.3692 0.44716 0.5968
0.3176 0.42656 0.5452
0.36 0.40632 0.508
0.3812 0.436 0.5128
0.3484 0.41784 0.4916
0.3124 0.3998 0.48
0.3036 0.38852 0.4788
0.3456 0.38496 0.4408
0.3256 0.38116 0.474
0.328 0.3954 0.4812
0.3044 0.38724 0.4968
0.3188 0.43232 0.568
0.3548 0.40396 0.4744
0.3136 0.4078 0.5048
0.3272 0.41672 0.5068
0.3444 0.39888 0.444
0.3536 0.40792 0.4868
0.2824 0.349 0.4168
0.3036 0.38008 0.4604
0.2796 0.33936 0.3912
0.306 0.3514 0.3948
0.2984 0.35388 0.3992
0.3132 0.368 0.4236
0.2916 0.36128 0.4364
0.3032 0.35984 0.452
0.3184 0.35308 0.4116
0.2912 0.35732 0.4304
0.3104 0.36996 0.4504
0.2888 0.34504 0.3964
0.2796 0.35472 0.3968
0.2876 0.34508 0.3844
0.31 0.36368 0.4168
0.3 0.37168 0.43
0.2656 0.36528 0.426
0.3084 0.35664 0.4124
0.3088 0.37812 0.4552
0.316 0.38944 0.4512
0.318 0.38556 0.4488
0.3472 0.41736 0.4644
0.3364 0.4054 0.4848
0.3444 0.39064 0.448
0.3632 0.43476 0.5388
0.3568 0.39392 0.424
0.3336 0.4064 0.4924
0.362 0.40628 0.4644
0.3596 0.41208 0.434
0.3456 0.4092 0.4652
0.3164 0.39008 0.474
0.3308 0.41056 0.4948
0.3072 0.39724 0.4928
0.3504 0.42296 0.468
0.3644 0.44752 0.514
0.38 0.45424 0.5148
0.3792 0.45612 0.5464
0.3644 0.41244 0.4936
0.338 0.41504 0.4768
0.3128 0.40304 0.5772
0.3672 0.4368 0.4896
0.3164 0.42848 0.4788
0.3644 0.40752 0.458
0.3188 0.37236 0.4808
0.3684 0.40136 0.4688
0.3156 0.39508 0.456
0.3276 0.38628 0.4448
0.3312 0.39016 0.454
0.3296 0.38284 0.4316
0.3288 0.403 0.4312
0.3448 0.37832 0.4456
0.2928 0.3848 0.4816
0.2796 0.42064 0.5324
0.3552 0.40308 0.4608
0.3588 0.40192 0.4496
0.354 0.39752 0.43
0.3328 0.39404 0.4444
0.3172 0.39292 0.4888
0.3252 0.37016 0.4672
0.3116 0.39876 0.4724
0.2916 0.34344 0.4156
0.2844 0.35568 0.4212
0.3136 0.36244 0.4312
0.2868 0.329 0.3796
0.31 0.34728 0.4316
0.2916 0.35224 0.4104
0.302 0.3356 0.4144
0.294 0.33856 0.4272
0.3052 0.33628 0.4164
0.2856 0.32212 0.4268
0.2776 0.34352 0.4188
0.3004 0.33604 0.3832
0.2892 0.33692 0.3984
0.3044 0.33816 0.4024
0.3208 0.35588 0.416
0.3132 0.35752 0.4504
0.3016 0.34684 0.4248
0.3376 0.37896 0.44
0.3368 0.38244 0.4616
0.344 0.38304 0.424
0.3336 0.37676 0.414
0.3236 0.39484 0.4696
0.3284 0.38332 0.4564
0.3204 0.39444 0.4824
0.3896 0.46416 0.5548
0.3276 0.41008 0.4852
0.3328 0.40648 0.4932
0.3256 0.42096 0.5076
0.3728 0.42796 0.5676
0.3364 0.45156 0.5368
0.3444 0.41576 0.4904
0.3596 0.4238 0.4928
0.3484 0.41296 0.4668
0.3588 0.41688 0.4912
0.386 0.4464 0.5296
0.3616 0.41928 0.5212
0.362 0.43248 0.5936
0.3432 0.42284 0.5364
0.3948 0.45376 0.528
0.4076 0.4434 0.4916
0.3244 0.41744 0.5132
0.3716 0.4134 0.5092
0.3652 0.42264 0.4844
0.3712 0.42232 0.5184
0.3536 0.43152 0.4996
0.3844 0.45856 0.538
0.3764 0.44368 0.5072
0.3556 0.4408 0.5312
0.4052 0.46332 0.5576
0.3956 0.43696 0.4784
0.4032 0.46532 0.5944
0.3268 0.41816 0.49
0.3892 0.4588 0.5584
0.386 0.44536 0.5368
0.3676 0.4174 0.4836
0.32 0.42232 0.5964
0.3216 0.38224 0.462
0.364 0.3978 0.4588
0.3552 0.4288 0.5308
0.3588 0.42292 0.5396
0.3576 0.4154 0.4884
0.3304 0.40576 0.4856
0.2908 0.40948 0.4548
0.3316 0.39208 0.4632
0.3264 0.40416 0.5224
0.3068 0.38008 0.4584
0.3172 0.39504 0.4952
0.3236 0.38604 0.446
0.3116 0.37584 0.4708
0.3044 0.3542 0.4104
0.3288 0.38936 0.4476
0.326 0.39 0.4652
0.3472 0.40116 0.4696
0.3272 0.37616 0.4596
0.3272 0.36176 0.4096
0.3252 0.40792 0.5372
0.3772 0.41912 0.4928
0.3568 0.39196 0.4468
0.3352 0.40732 0.4916
0.3512 0.40072 0.4596
0.3232 0.40556 0.5056
0.33 0.38496 0.4524
0.3052 0.39432 0.5064
0.3284 0.43332 0.512
0.388 0.4506 0.5228
0.3416 0.4044 0.4844
0.4084 0.43848 0.4732
0.3132 0.41096 0.4896
0.3828 0.43172 0.4664
0.348 0.41376 0.4724
0.3784 0.42528 0.4688
0.3784 0.44424 0.5344
0.3 0.42596 0.5228
0.3516 0.43056 0.506
0.3624 0.41228 0.4812
0.3752 0.4318 0.5236
0.3296 0.40448 0.4916
0.3404 0.39532 0.4848
0.3532 0.40768 0.4772
0.34 0.38144 0.476
0.3168 0.38064 0.4852
0.3316 0.38332 0.446
0.3168 0.38324 0.5032
0.3564 0.39672 0.422
0.3516 0.3914 0.438
0.3376 0.37988 0.4304
0.3176 0.36388 0.4044
0.3176 0.35704 0.4
0.3232 0.37028 0.4244
0.3264 0.366 0.4348
0.3024 0.37184 0.4828
0.342 0.38696 0.4736
0.2984 0.36868 0.476
0.332 0.37876 0.4384
0.3428 0.42208 0.4604
0.3196 0.38888 0.4996
0.3212 0.38336 0.4708
0.3128 0.3866 0.4884
0.3664 0.40148 0.45
0.3492 0.39356 0.4456
0.3212 0.37864 0.4588
0.3412 0.39072 0.4652
0.3284 0.38704 0.424
0.34 0.37008 0.444
0.3132 0.37908 0.4576
0.3316 0.39288 0.4692
0.3212 0.38416 0.438
0.3084 0.39032 0.4932
0.3384 0.37996 0.4556
0.346 0.38988 0.4636
0.3576 0.40624 0.4964
0.336 0.40876 0.4872
0.3676 0.40868 0.4304
0.3524 0.40656 0.4776
0.384 0.40708 0.4708
0.3392 0.39172 0.4344
0.3392 0.41916 0.456
0.3244 0.396 0.4924
0.366 0.41932 0.48
0.3396 0.42028 0.49
0.2996 0.4166 0.4792
0.3496 0.44396 0.5412
0.3912 0.44932 0.5036
0.3216 0.4152 0.5076
0.3552 0.42908 0.5152
0.3588 0.41644 0.5284
0.3708 0.41448 0.4528
0.3448 0.43036 0.4924
0.3164 0.41588 0.4732
0.3376 0.41072 0.4532
0.3844 0.44784 0.5736
0.4036 0.43332 0.5012
0.3844 0.43864 0.4972
0.3336 0.40184 0.49
0.3932 0.43936 0.4928
0.3356 0.4058 0.478
0.3904 0.43216 0.516
0.3424 0.41324 0.4656
0.3584 0.42696 0.4808
0.4048 0.4534 0.5548
0.4064 0.43456 0.4748
0.372 0.45444 0.5512
0.3976 0.45368 0.504
0.394 0.45004 0.4988
0.3768 0.45436 0.5312
0.3364 0.45684 0.5724
0.352 0.4478 0.508
0.3988 0.45508 0.508
0.4072 0.48648 0.5584
0.3848 0.4616 0.5204
0.4168 0.46692 0.5508
0.4368 0.49596 0.5524
0.3776 0.46332 0.5828
0.4168 0.46944 0.6
0.4392 0.49812 0.598
0.4216 0.50244 0.6
0.4232 0.48644 0.6
0.4544 0.51108 0.5684
0.4144 0.48084 0.5564
0.4196 0.49176 0.5844
0.3892 0.45052 0.4916
0.4104 0.49412 0.5976
0.4408 0.48528 0.5416
0.3656 0.45156 0.5408
0.4064 0.44396 0.5184
0.4284 0.48004 0.5412
0.3592 0.42236 0.4956
0.4044 0.46904 0.5756
0.3076 0.43344 0.5116
0.3912 0.44896 0.5532
0.3432 0.40232 0.544
0.4068 0.45076 0.5136
0.37 0.42336 0.4784
0.366 0.43756 0.5224
0.3708 0.41868 0.504
0.3592 0.4484 0.566
0.358 0.42184 0.4652
0.3488 0.41516 0.4564
0.3672 0.43452 0.4952
0.386 0.46956 0.5108
0.36 0.45524 0.548
0.3304 0.41704 0.4844
0.3652 0.42048 0.4752
0.3668 0.4086 0.4732
0.3348 0.42256 0.4972
0.3668 0.42756 0.5072
0.3148 0.42712 0.4768
0.3604 0.45176 0.568
0.4448 0.48176 0.528
0.3888 0.4628 0.5764
0.3968 0.4516 0.524
0.3548 0.45192 0.5488
0.312 0.44008 0.5464
0.34 0.40876 0.4728
0.3828 0.44196 0.504
0.354 0.45316 0.5212
0.3584 0.42092 0.4888
0.3244 0.42768 0.5064
0.3336 0.41136 0.4776
0.362 0.43208 0.5028
0.3888 0.43512 0.5184
0.3264 0.4432 0.5084
0.348 0.46148 0.5808
0.4296 0.48172 0.5484
0.3544 0.4436 0.552
0.3696 0.47468 0.56
0.4128 0.46396 0.536
0.3936 0.46884 0.5856
0.3684 0.4622 0.5836
0.3676 0.45548 0.5932
0.4044 0.46972 0.6
0.3764 0.44004 0.5448
0.36 0.41048 0.4752
0.3788 0.43364 0.5208
0.3148 0.45324 0.5804
0.3536 0.4302 0.484
0.3388 0.42352 0.4824
0.3788 0.43936 0.5452
0.3324 0.42244 0.5464
0.4068 0.44992 0.534
0.3488 0.41316 0.478
0.3312 0.38952 0.5008
0.34 0.44304 0.5
0.3472 0.42768 0.5048
0.344 0.42724 0.5372
0.3224 0.44368 0.5756
0.3856 0.43804 0.5
0.3864 0.44576 0.5044
0.3364 0.41832 0.5428
0.3448 0.45708 0.5596
0.3976 0.44464 0.5144
0.3888 0.43472 0.5024
0.4028 0.42132 0.4916
0.4036 0.4672 0.5296
0.4088 0.48044 0.554
0.378 0.4344 0.4724
0.3724 0.44128 0.4956
0.3476 0.40924 0.4856
0.3716 0.42064 0.5128
0.36 0.4438 0.526
0.3692 0.4334 0.4716
0.418 0.45252 0.5124
0.3384 0.44832 0.5252
0.3896 0.42876 0.4732
0.4016 0.46892 0.5736
0.3872 0.45324 0.5156
0.3956 0.48696 0.5744
0.4064 0.46068 0.5116
0.3704 0.4342 0.5116
0.3816 0.44744 0.5156
0.3264 0.42116 0.5044
0.4084 0.4596 0.512
0.3836 0.45044 0.506
0.3584 0.41756 0.522
0.3936 0.4356 0.5056
0.3828 0.45396 0.5432
0.3952 0.45888 0.554
0.3412 0.42412 0.4728
0.382 0.42564 0.4752
0.3276 0.42128 0.4756
0.3668 0.42724 0.4532
0.3872 0.4332 0.4936
0.398 0.44376 0.49
0.3768 0.44744 0.4928
0.3928 0.43896 0.484
0.3816 0.44916 0.5116
0.3644 0.42736 0.5
0.3608 0.42724 0.4972
