-39600.9852538 -39153.1602087 -38695.9036196
-39683.251688 -39235.2191064 -38887.5252689
-39866.3454354 -39220.0007134 -38655.2992514
-39499.361003 -39098.8800002 -38367.9983727
-39534.4794482 -38979.666687 -38499.3924365
-39695.7615511 -38779.1742066 -37737.3018503
-38958.2653685 -38555.0944822 -37916.9699142
-39473.0589677 -38767.3472957 -38208.1535758
-39088.2403092 -38388.7885893 -37288.2795533
-38933.2084938 -38150.5827112 -37598.765185
-39473.9052028 -38456.6555505 -37432.2394492
-38695.0242478 -38179.0520585 -37531.0916939
-38180.9226482 -37696.3626321 -37091.7691757
-38077.6077428 -37616.1377739 -37114.9954772
-38227.0993704 -37659.6268264 -36519.2854958
-37843.0763721 -37403.2207594 -36797.3176595
-37762.8604777 -37247.1392998 -36862.5638422
-38052.7822905 -37572.3814755 -36996.3713027
-38334.254089 -37607.5554809 -36947.9125385
-37970.8298173 -37536.4587672 -36956.5705029
-37860.4218715 -37554.5371902 -37339.9162494
-37469.3422506 -37061.3685229 -36696.9261051
-37254.5090464 -36811.3411029 -36010.9904891
-37726.218299 -37280.4952445 -36593.1440784
-37133.8307287 -36837.653993 -36323.3099582
-37621.9759935 -37204.3215973 -36521.7350347
-37571.8579171 -37118.2481288 -36699.629652
-37185.9596224 -36722.3805886 -36383.0290608
-37517.3451056 -37235.1829734 -36880.1762679
-37583.1816011 -37039.5538182 -36540.0241028
-37102.7026398 -36845.9006368 -36582.7981278
-36954.674903 -36466.0908519 -36071.8128681
-37603.0805435 -36674.9951023 -35956.6688758
-36887.6204653 -36357.046282 -35862.1864893
-36892.4320733 -36105.9718431 -35346.312374
-36837.8873004 -36204.9298649 -35499.1923838
-36712.3902203 -36172.9679501 -35694.6645686
-36487.0093499 -36106.7904111 -35515.3860873
-36983.68898 -36521.5733081 -36071.0512519
-36387.3942159 -35897.5989517 -34958.9475555
-36658.7236736 -36139.3616372 -35263.4859268
-37040.0389622 -36279.6933961 -35870.5348196
-36614.4909361 -35947.8251999 -34911.2287747
-36228.6599487 -35718.7840653 -35157.297675
-36474.9473278 -35801.4225325 -35321.1024157
-35861.2839965 -35631.340066 -34784.9364963
-35671.0227433 -35272.5950684 -34787.5607189
-36174.1202286 -35690.1186173 -35371.1342478
-35855.8831681 -35150.184868 -34322.6621927
-36516.4071207 -35778.990213 -34993.2563688
-35760.8562016 -35227.6356064 -34475.4152008
-35061.3202725 -34608.4419861 -33929.8941612
-35879.485039 -34943.931909 -34179.8989229
-35648.7132864 -35142.336219 -34719.4232164
-35410.3508988 -34629.6968489 -34180.183821
-35284.3177482 -34780.4143464 -34285.9260583
-34973.8432048 -34711.3312668 -34435.0634639
-34572.903651 -34011.703616 -33301.1757373
-34750.1396722 -34142.5967078 -33713.0508552
-34940.0566716 -34459.6827316 -34016.39645
-35288.1480438 -34316.4489456 -33648.2727252
-35166.6882969 -34336.6705108 -33412.2131804
-34055.7359122 -33704.4288979 -32972.8322843
-34419.3871446 -33870.0128659 -33363.2733805
-34548.0648778 -33783.9450164 -32932.8026598
-34315.1789776 -33310.972103 -32856.8446631
-33579.4651473 -33201.4085925 -32659.4101283
-33656.6073557 -33172.3914319 -32694.6010986
-33750.0423751 -33302.9365942 -32347.4899846
-33665.2336163 -33041.6306431 -32636.7653464
-34415.1290483 -32940.622638 -32424.8868877
-33215.380129 -32882.337434 -32529.1536572
-33245.6584415 -32517.9666328 -32058.1269467
-33352.9701845 -32781.2073567 -32452.5684651
-33200.1032486 -32712.3301829 -32376.0112161
-32244.4134304 -32062.259359 -31816.9453309
-33328.6138865 -32529.7070885 -31865.1752638
-33383.9640176 -32687.0463329 -32218.6713299
-32681.379582 -31983.9308276 -31393.1038986
-32890.4542366 -32400.376343 -31804.8094563
-32622.6823831 -32299.7409846 -32093.264917
-32214.7062766 -31989.7863166 -31781.5587806
-33011.3511799 -32523.5684471 -32174.7306793
-33254.8712436 -32511.9396757 -31745.3453662
-32649.6717117 -32197.6374266 -31910.0863933
-32774.2899617 -32082.7150342 -31585.0765106
-32455.9833871 -31854.5271587 -31200.0343388
-32850.1569042 -32134.4039899 -31339.4140287
-32031.1773239 -31573.8542681 -31052.9731355
-32623.1241426 -31887.4657487 -31286.101531
-32245.1448178 -31671.8420638 -30990.8779652
-31620.3369522 -31355.0050602 -31042.0057083
-31882.9175119 -31380.2617649 -30864.8806693
-31705.2762684 -31365.001683 -30649.3040182
-32162.9908102 -31411.8455959 -30862.4642284
-31768.4295835 -31216.9836438 -30400.8378955
-31168.9099099 -30809.9515937 -30329.924503
-31284.3437948 -30822.7666956 -30048.4677065
-31115.7789535 -30792.2194488 -30458.322755
-31050.5379421 -29990.2048309 -29066.1900083
-30766.2026061 -30035.449553 -29317.1648421
-31065.0309955 -30420.5754311 -29800.7298013
-31083.8495117 -29856.4764282 -29478.491917
-30647.086033 -29897.7731657 -29109.9794947
-30525.7918889 -29809.7198962 -29090.5905314
-30486.500801 -29424.0520869 -28015.9877913
-29898.9823456 -29242.2110501 -28358.9592516
-31171.5327003 -30083.9404802 -29093.6548111
-30357.8543507 -29348.2419911 -28375.2801092
-29953.8364249 -28800.464134 -27717.1751538
-29805.8737969 -28742.1596052 -27956.8104286
-29012.4644477 -28157.4561726 -27312.8508538
-29338.0223222 -28090.8610894 -27346.9520553
-29237.3107151 -28301.713043 -27579.6475653
-28417.7716786 -27179.1013881 -26035.1082819
-27303.3013621 -26690.3200408 -25479.7640735
-28470.194481 -27071.0216077 -25877.2045368
-28612.6725291 -26877.2995149 -26117.2743359
-27312.4557433 -26022.0934306 -25111.9050247
