-9470.47791285 -1021.1346864 1928.07434473
-596.240630591 1280.79717222 2628.4437395
-2884.86411046 410.578422186 2551.0886728
-6965.68296397 -116.314969857 2575.2089304
-382.155828642 638.490237453 2443.47700602
-8222.4661141 -2201.48466098 619.733035573
-10167.6741516 -60.2517111915 2602.0937965
-1883.51666246 296.836622713 2361.95179297
-3041.92822144 -105.481748605 2331.4969523
-1480.77313392 953.242783242 2572.73439739
-674.60176721 855.81397795 2599.0330456
-2291.53236451 -450.59972039 915.489836641
-4276.31613046 355.151601526 2385.11714738
-2597.76859718 330.782234382 2550.31352115
-649.322509794 1077.96060674 2501.67773385
-861.015843451 1330.15641741 2514.97543813
-1252.12898521 793.476598505 2596.18401921
-1263.80640436 1142.88240431 2522.76284157
-10140.7978967 296.681260919 2551.53794218
-1743.93945089 -243.903788856 2388.19027964
-9439.09745573 -900.142175177 1581.75459205
-528.823183194 1351.36774315 2597.07325872
-706.648118637 781.510760243 2510.15073811
-714.181551173 783.502933708 2495.82732672
-832.312956712 832.550711491 2538.60110899
-893.693613705 -32.6162920164 1776.60408968
-7677.7350487 -146.132798524 2431.89271338
-520.050234686 884.756788483 2466.07458771
-5243.70098397 -241.698944404 2493.29777589
-6998.38287907 0.914151596743 2495.02028445
-546.607655584 1218.2521281 2516.07294195
-1069.34962049 873.772665188 2477.82637221
-1100.46081223 373.866216975 2418.73618033
-1174.73178273 911.913429431 2654.66525586
-6100.90068344 373.162753916 2510.37715328
-3275.42687343 405.491771703 2438.34294451
-8413.18598528 -210.137898735 2540.41957151
-4595.35894155 188.485059583 2469.28113578
-8553.64096031 -43.6361177676 2656.07781571
-5764.00055316 -169.398870361 2519.28447959
-6.77965691908 1755.72685335 2517.23020258
-708.73047696 1095.34852752 2480.57832673
-789.196440564 1742.2483268 2591.44930962
-333.399215603 1595.83509682 2422.38108656
-606.559615926 909.462791021 2547.7693211
-355.33873187 1393.51890325 2642.34944563
-704.832170801 830.885072395 2588.61889232
-822.502795949 835.210986549 2426.04259152
-1006.67810301 571.474900701 2590.54328852
-417.616543668 1092.88296134 2587.46530463
-602.680041082 933.263535377 2557.82264145
-658.620137074 470.845189615 2505.87542494
-1396.39289612 276.485108618 2665.12810523
-523.956553296 1273.59550368 2551.74042788
-475.312392241 888.267799481 2538.9445641
-518.188503849 1452.86164899 2633.11890731
-467.621343636 811.033656582 2595.11969475
-685.911876841 795.438985086 2685.83101444
-475.326421731 808.171728418 2582.13455275
-672.357386121 655.411779748 2568.18925258
-1167.71376513 770.467281019 2616.72330856
-818.231092348 815.961353012 2592.38867194
-921.949624717 901.14889585 2645.90110759
-430.913316055 1189.71133394 2614.58714289
-635.538998954 616.948557892 2696.07761537
-718.124278619 1076.69208362 2636.86126586
-696.941193727 1288.39295064 2648.49006089
-549.582053211 490.363543397 2377.69584249
-707.213892451 623.62507977 2601.98800354
-1432.84189628 630.654969448 2664.22152499
-543.004688568 1028.70145968 2572.31419665
-398.267883198 1259.81360623 2629.79735327
-1077.27337237 1327.65125808 2670.23422596
-399.0531447 1035.52906087 2418.87691463
-393.534492027 1673.76408904 2664.17264264
-789.0605742 876.968376363 2751.52162661
161.813500382 1199.78164211 2048.72183481
-514.947865882 1098.04892825 1981.44807088
-639.501456345 1124.44194402 2606.11490415
-417.961374365 887.752022296 2654.04985922
-344.855204038 945.529512056 2739.14000632
-1453.88606218 1625.63152088 2657.80535589
-493.938158706 608.572054395 2640.09776725
-564.464577088 977.423597678 2739.03922293
-671.556910942 682.243073042 2528.81137304
-398.796286414 1170.89925337 2582.29689853
-3858.30731089 349.213635793 2060.45851994
-435.825597413 1461.33324989 2523.62122267
-371.475710317 1020.10917918 2664.52646604
-844.478303753 872.534584038 2664.90985649
-394.352969318 1499.90645547 2677.12312123
-314.297177347 1596.23519281 2713.19167499
-7186.86056674 -215.750763258 2541.48960383
-2221.99522226 1189.42899601 2737.73664774
-586.140124245 856.775080659 2510.82938225
-276.838798986 1089.51150258 2541.89216075
-890.538034145 784.868748899 2650.84830917
-406.3182752 1578.2225528 2649.1378703
-675.446125685 708.566673718 2660.00966522
-312.2633446 1057.19705358 2684.2381882
-603.08571183 925.391337145 2657.53731632
-266.029520405 1477.80666358 2609.96274949
-1187.65780483 571.152550127 2641.7620158
-701.476226522 981.692531778 2705.00727522
-656.727355704 936.34928492 2763.43041894
-216.197529378 1344.34733916 2661.41315177
-872.652188716 376.141225138 2485.43609667
-1048.00859879 1146.70683277 2585.66201032
-499.315738611 1298.78192653 2694.30685117
-509.832993768 853.793523362 2668.09384531
-883.2790564 1310.13413822 2681.46362194
-582.120826839 927.484212866 2645.32529672
-645.640842967 971.399534423 2427.50487637
-855.994083579 858.99332987 2672.09692216
-2599.94776708 977.273290095 2640.47471451
-1287.13880546 1005.51033098 2641.91870759
-638.13688582 1008.98483085 2661.0476117
-408.640496741 725.362838158 2541.58391188
-468.945790639 1039.59173738 2633.73673372
-672.721872614 892.427260062 2562.24153071
-659.35745858 986.822005449 2631.42613976
-786.894425206 817.99424933 2622.18818853
-748.905993862 678.363761807 2574.20881739
-541.237807475 634.304052152 2140.40727745
-335.478375183 1428.84129769 2687.04138042
-2025.73673182 1417.27478708 2668.71820986
-752.534959987 387.90219798 2588.114587
-5607.1216724 688.562238782 2518.41308899
-313.494566468 1565.7383429 2751.51954774
-716.211563719 716.731700676 1912.13421164
-802.201128025 1091.58938992 2732.35565556
-840.350793422 1501.55298959 2726.063118
-423.576603641 1426.05258845 2620.99771302
-476.862243538 1020.39666751 2555.88620476
-1031.96466809 1109.92706337 2668.45105289
-598.529834518 778.307840213 2657.0418109
-487.89824 726.741615612 2064.32426277
-720.260690434 1159.90185028 2659.67254864
-504.860874394 908.681591575 2594.21115628
-763.749579769 1080.68326889 2727.30657
-497.80158477 591.508347654 2474.99978995
-350.117825469 1216.28853391 2753.21852634
-513.655283581 510.591950661 2622.13989058
-338.682746301 827.980941788 2602.71808812
-757.307852601 1048.60979692 2588.859267
-647.330490212 460.724666343 2100.37593803
-376.259773175 968.614930454 2734.09914271
-766.256461407 1356.78046728 2704.24373036
-1573.8580484 466.01692661 2776.69117151
-670.748580704 1302.23406675 2675.96608096
-779.491025821 743.715544465 2189.05645006
-250.861969551 1761.48708238 2742.29397724
-215.562610906 1458.99731533 2692.34981954
-668.646007793 611.519382964 2741.2640025
-879.111169842 758.418850376 2728.94635578
-572.212249177 1124.00588178 2775.70592226
-687.859771384 353.831546206 2578.77496757
-1183.95236116 253.77559418 2045.23834489
-885.875153233 587.674654145 2733.0102469
-902.638122585 961.137979102 2210.87427551
-411.801229835 949.737827134 2776.20475621
-1629.93601121 978.262588339 2677.70253714
-993.763684021 846.086480258 2723.28347619
-1378.27858448 1033.2206503 2706.92467135
-914.57725747 1090.72715792 2787.01601927
-1051.17097048 -43.7318387947 1571.9048181
-295.074428222 1166.96296108 2466.32046353
-685.768685669 702.763951491 2713.23846108
-745.68326193 241.598947281 2166.80833663
-206.314340384 1799.99231594 2741.52832218
-1132.8193032 737.340910252 2687.10648055
-713.474161663 952.706383439 2354.20102666
-589.005418271 971.353250916 2763.02085999
-363.854236939 1167.28134495 2673.19839119
-508.272664969 862.0536666 2701.80471456
-1164.85512289 569.303812811 2609.08968046
-2390.57911361 862.922983299 2756.35368858
-342.130115104 1687.23880443 2734.90583629
-397.781137725 1147.17403712 2764.32047583
-306.142945055 1126.72111389 2128.93519462
-647.484391217 1021.02991076 2468.07835327
-497.964492498 253.154418175 2052.34746344
-607.73094562 753.699687323 2671.2589508
-721.652634849 69.525720725 2133.51482217
-715.267172423 937.658440266 2656.91250066
-985.3423359 890.527463309 2137.18425747
-200.788971965 924.405569491 2102.0456837
-631.954907674 1491.53005261 2663.03401271
-428.48553838 1024.85216919 2662.42111728
-1379.85506266 691.534357962 2508.20764347
-457.27771421 995.00393222 2668.83933059
-409.394646884 429.858081495 2661.23653875
-2806.07664017 644.892939413 2704.48780026
-268.197959219 1405.39596846 2778.88088002
-952.106057537 44.9462103813 2095.76011485
-483.189385183 1107.96865315 2707.6797463
-246.522935266 1069.26214618 2567.12582766
-581.95699197 1257.68406691 2680.01585765
-409.280905345 1281.09716134 2691.67863431
-616.43741715 1169.47477015 2619.46801332
56.5862543716 2120.22233149 2721.71495881
-561.166553328 775.583585181 2757.44356797
-680.598219049 1154.42973599 2738.98163517
-893.70215993 345.175787809 2186.58287205
-656.268134473 1118.99394675 2648.51224312
-344.437224181 927.122911914 2762.49561993
-382.019789002 625.556003775 2705.45132158
-738.786039521 778.093727393 2631.82428444
-1907.39210846 1255.85627912 2752.45007055
-391.552415721 1467.37053929 2701.00349579
-275.875681407 948.928421846 2628.83209681
-731.538529278 329.055215621 2668.93749875
-451.647324543 1261.35479995 2705.63878332
-611.269271043 1078.95572249 2688.75267058
-509.139427702 936.996189077 2126.2898067
-1465.35031351 716.383482624 2564.9373394
-460.056173136 1271.8802519 2766.88898509
-434.596658863 384.464349074 2513.74279678
-431.493195673 1030.67115127 2650.61694588
-1057.86045676 524.227870727 2656.37415475
-1269.20883981 580.586741284 2674.42778865
-631.808305778 537.263045345 2716.77450425
-1074.1466657 854.042827338 2768.55921617
-1197.30002416 1308.31537001 2691.86952736
-690.56961898 843.039015879 2698.091758
-2422.7407381 914.215422595 2675.293405
-587.496226286 915.523482379 2641.21939447
-533.29024376 680.70235788 2679.12511705
-1082.07720441 710.448937004 2630.66226063
-1197.98381592 853.266202712 2650.05063193
-707.180035115 544.016659476 2643.44656559
-599.649617761 1180.97817991 2638.02111159
-381.207741177 998.301747811 2106.62487228
-1911.42335311 -393.658403901 405.543524589
-1049.69134245 126.432805357 2474.94315849
-641.284531748 805.967170695 2684.21351288
-761.25779118 1369.28468439 2610.29641711
-2093.25541629 705.988130227 2644.53244965
-1511.70790206 -309.587663927 2635.93408774
-747.833714506 1122.63481954 2755.04363157
-476.674857792 1368.52188894 2687.26813033
-379.596509856 462.902010968 1877.37731456
-1441.17501281 1189.46264196 2599.18674626
-1109.27461549 961.434357678 2698.59470923
-571.071667025 772.709300801 2653.75339057
-251.144976359 1195.22987266 2694.0822466
-594.363624227 518.921741248 2578.87016856
-378.615890896 629.055269208 2104.75237082
-923.85112973 549.670108051 2608.20139201
-841.037269531 594.460597331 2673.12691796
-1097.22516989 759.880732435 2656.55176996
-577.109445052 1160.18575272 2497.10190826
-339.039404911 1222.56811062 2486.1940455
-658.045826376 521.409933072 2674.40757873
-700.318333844 125.871160322 2264.74022447
-1397.78187201 1304.80111109 2663.04555489
-458.29312547 1014.78931245 2645.49577815
-602.337960682 785.304634619 2458.66166727
-1061.85378387 621.787728513 2707.30989539
-1496.73893227 870.21291284 2710.45138408
-339.571183861 1016.70183543 2700.30359462
-708.78323551 1567.79453967 2646.55589952
-1239.88353128 570.18760877 2682.02601067
-366.916904208 1208.23620667 2703.62744411
-467.443819667 613.339597581 2634.05821316
-410.476164194 727.178575745 2536.48852622
-681.335925792 1243.37632919 2674.23362223
-600.079556797 1105.65838213 2659.02516707
-660.422356252 1078.35464787 2578.48225276
-360.524901706 1171.94760301 2674.25376577
-798.312888169 782.560758549 2644.90015317
-1398.74532404 228.814977615 2708.69581348
-1104.21555895 1132.70774669 2685.39097357
-417.943458397 1613.70937688 2657.57790981
-425.549606613 1183.41778838 2601.05502293
-895.308249837 1130.96789855 2612.31042501
-472.241132446 614.69163157 2215.92015304
-606.804924566 570.878533446 2545.62330991
-260.002093382 1857.39568888 2743.11789227
-1111.30958417 974.854548868 2650.50203129
-1030.7818519 869.062752117 2715.08456493
-594.797436977 974.767024908 2692.25398108
-748.196710119 1226.21683424 2089.92410518
-927.931176276 1643.25035186 2740.05222317
-583.458040099 780.350025014 2540.35306918
-917.95559098 1129.42964884 2716.07348856
-387.854924125 446.391766336 2501.1729334
-1259.52947763 -87.3462366662 2605.24940218
-1220.31754483 442.570755332 2569.50676116
-706.899449362 651.842746719 2162.11866024
-892.283652506 584.70652329 2565.95628787
-1446.55920211 300.861285962 2024.2831917
-559.572948294 1464.35233481 2756.13086653
-729.902331257 940.728670451 2721.88139645
-894.428795785 842.931810039 2513.52490802
-514.155639928 872.326340144 2615.46900378
-413.667853819 1310.38148232 2737.31690271
-855.553012107 1559.02605408 2741.21346816
-348.727518133 1246.54091656 2699.68839077
-284.23025199 1736.24435516 2712.75259708
-431.854289099 773.224979682 2162.11856491
-1157.12471833 619.359136447 2644.86488616
-486.032787517 1546.48465707 2749.86082642
-801.796926479 1207.58666348 2696.13441236
-420.130342314 710.953474475 2071.10013014
-472.040563164 1488.18353611 2712.66576691
-2846.14887381 288.877060638 2627.8800834
-538.568395558 815.587183006 2586.28227054
-1535.52838726 412.793872156 2704.09101017
-437.921072551 1289.09733287 2709.52521682
-1395.76685949 532.480073991 2053.79503095
-879.106696006 1026.93009501 2672.97255358
-1138.10617679 627.976947049 2661.86039654
-517.183058486 1189.83060044 2657.11493033
-781.920642457 556.411947312 2004.14963706
-1245.49340505 1120.95415801 2677.75769904
-801.116809011 730.023296888 2709.96900578
-383.024621937 751.208727403 2722.66744063
-756.127783273 1421.39450114 2688.69693765
-438.109181069 991.971065575 2145.75471739
-1145.47547094 486.595227274 2608.09798362
-694.848597904 909.593957833 2671.00406718
-795.616220239 1098.9692561 2739.38612565
-983.995241765 469.993746991 2725.59662824
-965.677274125 554.213481302 2741.2769709
-836.158104441 1292.89550579 2626.86230125
-699.558003465 947.09061076 2732.28524237
-329.613178551 1381.86192591 2812.14444588
-312.884553966 956.999927882 2750.42554509
-305.565767898 928.1354358 2148.88238806
-882.45618292 1052.08451115 2805.17871645
-354.436858358 1081.02912348 2713.61546871
-615.579271213 914.052488092 2632.69739106
-1405.58629069 1385.16887126 2747.65290974
-1009.3535721 1076.16458863 2811.74716281
-1012.46969442 670.822588307 2759.33438759
165.398272687 1467.34737025 2740.8008737
-1450.30443919 597.391689027 2747.66109706
-1004.3549806 1232.34243088 2800.52241598
307.446075445 1472.50872505 2705.53188929
-540.471352957 951.890349076 2155.29314118
-350.467445487 1469.33401198 2784.08645914
-532.97099813 961.982683664 2780.43478919
-503.385225818 605.608076908 2182.16662161
-793.350906468 1068.47735121 2164.97541754
-619.352312151 1328.28600311 2753.58018311
249.270210252 1586.56979594 2793.10396152
-762.880810368 738.919006341 2789.29191445
-555.711303371 1737.66498239 2765.87325853
-1624.67862099 671.059895803 2718.90887949
-344.485366798 933.976798742 2198.87277281
-487.959233283 1062.69551273 2761.17699868
-1058.97564448 1314.61962727 2580.39048048
14.8282288414 1322.27815989 2750.76107721
-271.314614733 1514.01587075 2776.70730444
-432.536016407 861.237309214 2735.36524984
-595.663744134 683.703109388 2659.15421072
-393.95005227 1341.78038021 2661.40260547
-401.525070197 1255.47859765 2633.04740253
-753.746466891 1246.63272263 2766.98571539
-1155.4682922 275.126135759 1502.0612555
-524.383462237 553.851741708 2639.51615553
-1043.13239611 888.386201854 2609.2967011
-622.618505989 959.943668999 2748.97104768
-3671.62776317 345.67975213 2132.86818085
-769.892403677 1204.84205203 2638.92352701
-354.850779695 641.372683089 2029.25215531
-570.800780809 863.959292535 2126.02708119
-310.624986371 1010.95134198 2117.11784728
-280.124778328 1344.65485656 2701.2680586
-572.162463002 1233.35131172 2607.29586773
-291.809250977 1658.05491908 2731.13863392
-481.020266734 720.161281897 2166.21997969
-691.434967041 783.881338412 2623.60013298
-637.304841172 982.280677893 2728.56283751
-1506.45544572 868.940416621 2697.85215833
-796.322686367 619.098170302 2159.60783891
-650.44083132 736.312245278 2701.28274704
-627.001657465 635.566515607 2721.48013297
-302.477968526 1376.21429884 2691.36638146
-1037.33887114 436.720848536 2690.23897683
-479.414563186 667.140860076 2147.30645809
-457.294798279 1188.99000832 2732.42644052
-334.460962967 1458.36246998 2732.07727917
-500.05675273 1367.15933302 2779.64911351
-491.384169682 1182.70075255 2670.32562391
-828.270784437 1072.3484524 2691.64971467
-404.34589817 1446.22129654 2737.70749944
-789.058626972 833.502928799 2781.13943543
-733.167606557 901.957579218 2725.15574104
-284.836245669 1081.69256782 2689.36119072
-77.6502650785 1171.5701223 2693.21997042
-777.731972561 385.039862232 1638.39894114
-529.288852708 1194.49991969 2698.6039272
-363.47877957 1136.93025324 2137.20411658
-435.462614265 1286.63554022 2613.54100928
-394.362083702 1832.57035776 2841.55843993
-652.709997768 1157.02092451 2743.68753709
978.619634537 1730.61838783 2710.69655448
-2484.91123725 755.301610371 2786.11455211
329.382162117 1476.65085882 2727.55587264
-380.661000131 1501.63589776 2697.55916683
-286.289556895 1016.93185383 2698.43121219
-943.123021241 1198.03123901 2831.88649643
362.938342907 1874.99519173 2722.21633986
-441.460153667 1840.78633171 2817.34072361
-613.814598123 1359.66864618 2778.99328267
-283.701396104 1009.02309757 2107.21756877
-179.982191756 1684.64323048 2777.75470963
-911.295594952 742.043966117 2792.38890578
-401.87131727 1019.99883486 2734.95134704
-224.618748763 1584.43340648 2723.42640342
-254.187808602 1344.18202514 2722.61927206
963.266036955 2111.96027723 2770.75847945
-630.988845273 1062.60659991 2681.55200296
-458.254259013 1899.17220354 2785.58427085
230.890767602 1302.69695083 2210.64590874
-415.954329671 1436.40036783 2775.22030752
-479.85373393 1351.56047294 2742.21504287
-961.523637453 988.430439689 2778.98759694
-506.58698129 1618.26617933 2790.86989703
253.882672147 1708.46079743 2803.28153956
-830.600295746 789.302824315 2219.46967234
-178.870073725 1175.06935565 2784.24242883
-526.531893722 1523.27683125 2782.78360406
-473.649109295 1272.43606644 2211.83626432
-589.085409887 1151.64890446 2825.06409649
-671.290096969 663.316576108 2768.97885702
-815.006656091 554.238686694 2816.03819913
-327.98627392 1801.18272666 2841.64741157
-1728.02717803 164.997750856 1608.41814337
209.02358189 1816.5508648 2795.53142414
-288.395682031 1400.01918821 2798.4198077
-501.515618489 1558.33188902 2847.68541535
-774.622372305 927.749693675 2822.45032582
-375.393626382 1244.64881427 2787.48221311
-314.418352952 1422.71446618 2266.314229
-652.875575213 777.19738803 2785.36606155
-631.763734449 774.612949843 2608.20507483
-352.678802618 835.403143425 2807.15956626
-505.341361334 1501.17345645 2789.34661434
-528.016573007 838.969692064 2826.95130133
-407.309091678 731.148916496 2823.84330258
-478.924120518 541.338377605 2204.40050327
-391.063894035 951.574480671 2246.02456752
-994.619010805 688.274337771 2141.56385827
-374.595145422 1319.24145122 2721.89310255
-769.15246251 775.566744197 2170.08964754
-496.483234718 1017.86758785 2794.07268798
-964.150304531 794.102129433 2229.10629408
-617.365585754 980.161450695 2780.99512302
-196.285590511 1715.51218337 2840.64693305
-552.758660303 889.298006054 2781.30020304
-360.484551577 1659.54513291 2793.14127975
-864.01874094 180.655530392 1532.83687792
-511.788430501 675.501711649 2262.47832498
-283.809249271 1129.03446105 2814.99062159
-596.936267126 946.481765634 2887.03254182
-723.735930337 457.899731229 2190.82501963
-1485.2682081 900.680765587 2787.37230492
365.187271337 1406.12762091 2797.97768356
-284.244117155 1164.07201255 2778.03594762
-627.169027251 874.205211871 2771.57871176
-717.5353559 1023.0943284 2784.68413887
-732.536057361 520.725299346 2792.96325225
-716.583478681 1336.83742772 2799.89013924
-410.664289574 963.874253154 2235.29058608
-386.80351125 699.498123975 2798.73094021
-456.399077337 1292.84310616 2800.00211452
-665.562764285 1280.96370895 2196.97979004
-590.358196451 770.14914856 2226.21655425
-278.101906056 1334.04702023 2234.18033929
-409.889494745 1312.22945091 2834.91898875
-894.719969257 1126.24084976 2827.03197458
-592.992337826 1298.465981 2802.12907908
-507.276926453 1085.07901732 2795.9031982
-815.074609958 686.725332596 2787.57736348
-321.426648983 1516.88436993 2821.59185198
-561.585104799 1126.28232996 2825.44963273
365.62405273 1590.91637803 2792.01629369
-582.341410013 1146.00370678 2821.42652168
-583.538793435 1023.87607508 2669.94017832
-639.589701618 1062.18301645 2704.40051714
-1228.64196947 938.50464556 2167.38441471
-385.756921222 1532.60310829 2277.19024759
805.936967031 1834.50268914 2853.15618915
-483.295200457 1257.77113762 2832.41664071
-520.709017956 1125.75006225 2268.06429279
-293.573625355 1222.10985915 2878.59808083
-421.986308257 1066.08026407 2903.90765834
-515.280495219 397.796596346 2256.52116375
-612.939008998 611.440669818 2209.98419174
-491.184599784 1176.41200298 2795.96754945
-491.432802502 1705.29121474 2830.33290911
-1699.41729647 755.373614448 2279.7702212
318.754683898 973.98829447 2271.35506618
-435.982994771 1325.69226595 2779.12806482
-634.680588899 1269.47767951 2740.83091612
-598.262880687 1261.5606242 2851.0441737
473.856110934 1372.49824971 2855.23114272
-824.666477915 583.509354691 2786.19994279
-551.03760661 1597.78913881 2258.3541618
-508.47134944 915.172969169 2876.34460391
-554.402796985 1611.60965041 2849.57430565
-520.555188852 688.960757182 2735.56185159
-603.626467964 1132.16779116 2853.24871558
-507.603674918 1464.5757831 2830.10944355
-490.473762509 1369.4531771 2858.88986278
-279.504601263 1466.73542463 2297.51215136
-614.322723261 1268.57367755 2828.82334625
-298.340869268 1185.8464293 2279.30247334
-229.466722918 1165.01372925 2891.00488078
-698.489815981 1038.96556153 2874.14449184
-517.063459527 814.571850821 2876.59471179
-822.436763429 607.57928526 2238.91181957
-524.691272631 1234.55961379 2816.71921159
-812.675474404 880.16436443 2818.13318189
386.969103719 1666.7270327 2773.2220863
-418.126944744 1420.92725771 2827.50451552
-312.830858516 1611.17615238 2814.79166946
-441.282052063 1134.97682586 2843.98146656
-667.231392257 479.341066315 2252.87769485
310.098409653 1383.91123575 2811.62091626
-600.240849109 1037.83174579 2278.17923153
-360.694400369 1523.6581536 2823.94431746
-310.232517243 1178.23388925 2218.9674326
-419.694171787 1506.55667235 2865.7263332
-521.655847566 1331.93499319 2231.20837808
-372.488062801 1543.23269138 2868.16909772
-206.696308638 1218.07646445 2805.34743535
-549.207548679 1393.34031116 2800.43514949
310.150984241 1279.4186883 2267.74811069
-660.808420682 784.879123677 2765.37686885
-154.910674585 1854.38642602 2823.56440571
-224.279251017 1016.34414723 1658.93502336
-380.411485771 1420.79962451 2872.77948797
322.683984421 1450.91323473 2261.1508065
-612.719666164 1197.70281859 2857.50730281
-418.231055186 1101.07411811 2280.51058312
-316.462131476 1435.54976246 2844.95456122
-463.80713879 1786.56666232 2832.44887225
-313.588224228 1506.6899323 2845.47036324
335.437172373 976.721667153 2692.80985835
-441.462013416 1245.77009979 2809.25958112
-1080.32378799 1284.95518003 2833.71513877
-364.645834546 732.166660014 2095.73300447
-231.950574261 885.361190171 1664.52463277
-250.521344122 1524.06006366 2819.63020129
319.793283703 1757.3531199 2864.25104708
-560.540319609 1551.02929752 2845.06859991
-393.926402046 1683.67018037 2829.23784467
473.986724695 2012.60989289 2857.97794463
-488.8469049 1089.62952775 2860.50692096
255.761835868 1639.03258799 2851.89869607
294.563400853 1641.97132953 2822.84663056
-502.346756712 1574.94980353 2798.42632855
-364.137132067 1412.05456425 2265.76556236
430.862441217 1794.29444207 2856.33607962
-572.323377428 1195.58611416 2206.95060308
-378.856455558 1699.58918294 2780.23307624
-219.959853515 1524.85591677 2887.32458069
226.342511865 1164.40262203 2872.55187105
330.910921842 1822.07345159 2304.1829831
-306.47218019 1422.05117975 2849.19939537
-563.554209097 1710.71218139 2849.53781621
-331.010773523 798.727256134 2275.79888888
-255.414374516 1409.65696531 2884.86850373
-516.99989631 1408.03145569 2896.97856623
-182.260519709 1222.28507644 2282.67508541
-422.722212584 1215.0645528 2806.53575626
-276.977796238 935.067272291 2290.48640106
-619.139951043 1048.70316881 2881.59746472
-285.729517599 1140.40856264 2281.03833352
-454.157670076 1232.21832571 2258.73951754
-420.735956001 985.730159553 2303.83184213
-422.027452636 1729.30024165 2853.75502564
462.083723293 1895.20556333 2864.29346938
-283.357026034 1485.85812968 2255.17006026
970.698466147 1919.8968078 2848.4036006
-566.731599888 1087.86399599 2879.21029599
304.564510919 1652.9577769 2875.56261651
-434.319258339 1724.16143357 2850.97007972
455.649589615 1997.89696999 2885.75626577
-674.068715698 1060.35448021 2278.24760987
-460.590217363 1410.03284353 2818.21346643
-265.821730689 1025.28265566 2846.37125418
-188.733629198 1168.70815844 2865.20866802
-698.68592381 1617.70828903 2862.8044487
-445.756679381 1183.25900754 2869.26856601
-848.678106648 972.813666321 2868.59872787
-196.224395441 1189.01530937 1683.20448765
-330.235780117 1497.00653112 2793.85456898
-138.167652146 1632.35172257 2806.32408132
-193.93527769 1558.56638062 2833.04439423
-251.416675249 1477.34077302 2845.99680465
-430.313554386 1708.99775139 2857.65630794
-686.295891487 1232.21984065 2786.98124469
-402.071066425 1407.97165918 2301.80938386
-570.349953668 1164.92273936 2848.21169561
-235.356011933 1352.18952071 2903.02842923
351.644903187 1462.35862918 2887.59850355
336.324216954 1866.3651773 2859.64518765
-194.695038948 1208.22742609 2329.87395977
-239.640281204 1453.056299 2878.057719
-118.547575401 1412.24783655 2846.24925579
129.681095116 1661.61167362 2820.68459095
1077.74670251 2196.03736885 2899.38116839
-199.753150993 1368.14266311 2904.43432315
-329.327730193 932.051118306 2257.97814029
-294.819165451 1212.01915573 2849.43200133
254.473061256 1308.23674305 2827.82478553
-533.283886547 1318.01471509 2881.34200671
-651.216549252 1596.16419599 2904.63545337
-311.599750828 1480.96210996 2876.63296825
-480.068967842 443.341036557 2875.82267048
-389.144117072 1333.73476753 2281.90324247
-276.764706805 1435.39786421 2884.11994997
-962.736356684 981.02942244 2305.96635953
401.637208645 1914.21143017 2865.78830574
-455.926144233 1113.24442424 2313.99646099
-362.132483989 994.071776479 2886.72474501
-831.295083835 991.675335296 2273.88372609
824.080664003 1640.72209779 2287.72626438
-741.982722675 1195.10028448 2875.5032701
-623.221276346 851.535436826 2868.61320454
1023.57203494 2061.29311511 2928.35786465
-197.532189673 1143.03139543 2287.88301588
301.913083153 2089.89247832 2851.77421827
-590.554414355 1273.52325056 2284.71392145
-556.06206555 1645.62038048 2273.44824985
-835.864491443 1460.49583527 2881.95166595
-173.486084279 1350.39276758 2245.84287998
-145.38631487 1654.56157527 2904.5600983
-485.17321951 1306.12274779 2896.24448623
387.92552961 1440.4085908 2895.27232915
-738.720900223 1088.57458067 2876.64752096
-733.806730639 1539.52431002 2905.96245519
467.451988661 1741.66105052 2895.56037563
972.86080043 1753.65181788 2828.60019521
-490.996151663 644.754467048 2275.26347787
-291.543769387 1098.38649814 2269.78427526
-415.718434995 1448.73511805 2917.22956017
378.239257043 1507.7812244 2823.5887189
-254.676952804 1625.42048105 2862.36843629
-425.28192419 1191.1457407 2279.2466901
410.128692933 1885.81030502 2918.52001011
295.892314189 1257.14274199 2856.28165398
-362.243192376 1245.05679019 2903.81429888
-234.54450745 1500.83167603 2298.10524713
279.513248222 1490.22003329 2249.94449475
-335.682595709 1511.50585783 2880.79590855
965.574264765 2067.32283813 2894.25967094
-431.622250703 1504.94885308 2884.7916328
-460.404520827 845.161314325 2905.89408137
-403.241808545 1102.85029854 1976.46917749
449.630500391 1809.1812235 2886.17450451
-599.0117088 1235.68275408 2182.59889361
-415.842220786 1278.26747494 2886.28407022
-295.922769843 1360.68106043 2886.88570847
-240.737632787 1300.34524583 2872.31963185
312.218771196 1450.54649706 2296.46325671
125.118458813 1355.77374105 2278.60693828
-300.680783887 1245.92455143 2851.92418449
-785.903658076 1367.44241452 2895.84037147
-327.71326732 1339.1971037 2281.83174948
137.065034173 1348.5645527 2308.71002801
-720.195503555 1426.64167881 2822.11965649
-526.6103477 1010.28649723 2899.18699225
-567.467512089 1128.38849076 2829.167008
459.639755945 1768.92035225 2838.94844602
-437.129525919 1351.59587982 2875.08975975
377.328779663 2059.01172461 2882.92190442
-387.349052548 1662.36345736 2887.56505701
-271.952302685 1609.29808585 2870.96796171
-271.988850824 1438.97839496 2910.52013245
-529.25449076 1167.81826379 2903.79005985
-401.493184645 741.157274166 2906.20037251
-690.860628079 1491.06556813 2889.72257302
376.137365857 1558.300961 2876.60644051
-546.297488844 1402.22985593 2846.03189685
337.42797887 1673.22134751 2877.11208193
-515.583312411 496.896181274 2309.35033291
-276.25272312 1128.78237847 2293.29881136
-294.215009808 1675.82463737 2893.01575863
0.511307577257 1292.17374308 2818.51642431
-343.982098356 1653.82294312 2718.97431263
-597.277519622 1305.1101139 2879.69187576
-653.70288117 1419.06868221 2856.8096648
-472.166346101 1028.64693976 2883.82235041
-365.615516632 1711.6118594 2846.89377445
267.14420494 1575.64730588 2878.432992
-603.151057308 1109.71012466 2832.90994082
-380.578901338 1362.58783004 2820.80843847
-470.203886739 849.226768858 2828.60628072
-986.86127148 1165.39790332 2242.95287257
-226.651046874 918.638910901 2853.36347356
-254.582169401 1490.03014 2280.37880128
-380.99418978 1292.88211701 2313.61488143
-343.424100896 1546.86207801 2850.22460888
439.089311638 1566.95507997 2288.94968979
-775.344176182 996.805486288 2285.20716532
-366.17802425 1487.01862929 2889.1998456
-304.192328075 1311.5318059 2288.66988537
357.593842283 1376.31118103 2877.38943653
355.974710767 1531.61670705 2295.43587878
189.676465589 1500.78449763 2295.58536379
-145.758042287 1484.74891901 2295.93009096
-643.671289145 1707.08567961 2890.28369233
-386.923148522 1726.56693277 2800.25247902
-519.485240985 1387.0536964 2689.85096255
-398.224137038 1365.3726754 2916.44050676
-254.105878438 1161.08787344 2782.77858368
377.517800405 1527.80428881 2886.6042464
421.02959385 1396.61183146 2289.84669625
128.066974055 1332.15474272 2759.69280663
905.060750453 1864.62837628 2836.88284009
343.376582431 1317.87591342 2290.88211419
-182.68202133 1170.46631518 2893.74273421
-252.726013324 1149.2496252 2318.23963367
-225.119716957 1615.09093536 2885.30640556
-365.080974816 1297.86685527 2892.23873877
-175.580411882 1790.30880588 2860.9873653
-432.463839009 1182.71934779 2270.76477735
-232.22841624 1285.80635593 2891.71080363
356.961518304 1749.96105059 2282.77900104
301.586322655 1247.11673317 2247.01278129
-377.685329016 1001.29649442 2795.52358299
-461.923618725 684.685819638 2190.17871459
-268.885973393 1135.96300194 2880.45321009
-354.761623938 1114.06904587 2901.56736708
-563.925874485 1566.64785362 2886.6897374
150.456204817 1119.72849447 2298.02332503
419.128322161 1572.5863019 2882.28851827
-198.874659011 1379.99877945 2752.8106673
-324.290844097 1418.80523268 2886.14452626
-220.375158444 1256.11845368 2860.49579416
-355.34331719 738.673035829 2287.30185354
-167.389869201 1221.94284803 2873.94599804
357.495449157 1619.59153236 2816.43373769
-275.114244558 1387.11501402 2872.73055788
-225.623836793 1152.16597666 2881.10108437
-700.077939225 1451.20618192 2895.96868601
-513.31565168 1460.1485601 2854.60198953
-418.906819269 907.391623042 2288.69981369
-214.533588151 1405.49293189 2902.25566128
-406.345027788 1120.84189251 2255.91847874
-303.798189991 1416.9343814 2879.32472505
-305.982681599 1816.07086995 2876.24749678
-278.693654202 1260.30015363 2235.75972278
1023.7176386 2079.47438231 2912.15015349
-351.823654805 1197.34488859 2280.94465861
-605.663804314 1093.48109381 2890.80217582
342.306443073 1510.90259658 2322.83614145
318.923179137 1542.24203602 2836.42979004
-396.488136965 1308.9393375 2312.58614181
1547.41024868 2061.45382724 2857.1277306
-327.138402416 1364.81810616 2271.32091544
-921.312296965 1270.48913786 2305.70597046
1633.59956314 2145.48871694 2876.06156374
-514.47997305 1355.266289 2882.98133767
-335.41058482 747.122198712 2304.49473089
-257.411452945 1013.71053334 2857.0899012
-391.82043325 1296.05816725 2282.35352473
-576.65904253 1168.49809615 2864.82510311
-306.402266842 1310.08259387 2922.68781829
385.646668002 1442.32458295 2878.41012208
-413.217481023 882.422186215 2883.27621427
-487.019974412 1139.48718529 2839.63031717
-331.785256505 1304.06388782 2836.3628441
289.35959521 1876.08083396 2903.08472707
-224.09645701 1842.90991504 2920.46048467
441.704430163 1766.73781683 2885.95933232
-415.7640189 1385.16306477 2923.59197639
359.652029354 1553.11824966 2892.39552535
-531.331798606 1084.52858428 2824.74941997
-197.794824398 1143.07649795 2877.23085061
-323.787299853 1322.84924327 2872.05562316
374.935444997 1256.92478301 2815.69740326
207.579768535 1283.60211611 2854.98077231
-289.192273101 1805.2691426 2895.0036159
152.25625415 1945.57218507 2869.46195178
-376.340646776 1619.60720983 2904.1766643
-111.859745081 1317.58493245 2257.96985996
-356.760785297 1403.56203224 2906.69881791
-277.462676855 1024.44419659 2272.55973682
308.054735791 1463.3103548 2894.41767617
-350.474386737 1728.35463316 2881.37655751
-246.666842994 1879.87911723 2888.63990959
167.117699703 1625.47725834 2871.81775617
-359.065553236 1757.43440818 2900.54078888
-234.920641313 1502.77592818 2923.83761882
-602.431163212 1137.68693559 2868.41204633
-502.882443891 1101.16043092 2883.64581717
-323.543868232 1631.01919452 2896.46493239
280.153961906 1341.37751089 2930.87832223
-275.322755442 929.280210356 2278.00511565
384.935849235 1470.13870533 2329.16186765
74.1079674268 1755.66556288 2876.73758943
363.269705493 1646.73273647 2314.79419921
398.943584641 1672.04165798 2335.72872696
385.379922297 1673.02548232 2319.05602052
-344.702657259 1066.89288128 2289.72365038
151.645338648 1337.28378722 2906.21277698
394.065523654 1691.09836286 2925.25455794
-689.579805052 1132.16350529 2915.43539761
-198.350176872 1197.7315394 2891.39399984
-449.351734532 1176.11211407 2904.41270412
-386.089671265 1404.23230638 2295.94218076
192.992183606 1611.46415991 2915.7192381
1067.77381264 1963.30749648 2904.74746447
-420.967083259 1462.5443607 2842.93914135
-709.468526179 1643.04457329 2321.16979605
-629.285373135 1295.38306474 2867.13704134
-409.427953488 1589.95637191 2918.84546649
1624.71605449 2080.29261711 2904.17557837
-597.433073799 1222.3166459 2907.64522201
-223.782684993 1892.4951127 2886.90816611
426.34940604 1543.82793064 2892.1529461
-200.121251979 1175.31535341 2730.40543612
-316.892804121 1181.41600162 2836.66096861
-648.765430929 722.278198914 2871.08870494
138.75622485 1816.17607691 2856.8927568
-823.808110571 1362.45834582 2906.34358091
445.381178219 1905.26972482 2912.56102391
116.621917052 1271.73312763 2325.94353678
-310.140507815 801.985784313 2288.90463254
-413.743000131 1249.34960091 2865.7248156
231.807468549 1160.57484211 2914.69699908
-313.945764116 1217.82663541 2922.6716422
358.268408407 1552.70760191 2220.09892686
-383.014243977 1259.59230052 2894.26843001
449.626302984 1274.70159548 2255.0557731
355.435970337 1703.74008506 2930.04244493
-438.696918826 1350.71849119 2816.70028468
-517.610096065 1200.54782351 2253.31705132
-235.969931102 1683.79709169 2883.10220115
-392.761630546 875.120133273 2293.60584661
-747.05447982 1564.41186325 2871.70798961
678.682339182 1577.59109114 2284.27248526
445.999693909 1325.46074815 2297.43814015
305.042615963 1403.5662483 2709.87139176
-461.895180588 1111.10292418 2887.76860266
1004.95956777 1586.27862145 2847.63631641
-201.721227779 902.507297382 2178.33252735
-245.925465321 1371.24247744 2866.79104005
-242.380930152 1419.49378673 2922.02378393
-564.852891701 1234.92956851 2859.44645195
27.7276743944 1449.88540653 2302.61236413
867.225975048 1863.54242045 2928.27539179
-239.248323319 1358.54520222 2861.16285227
-547.049254716 1054.23582088 2871.71641711
40.0416182759 1259.1995715 2799.89559424
341.930895841 1665.76006131 2897.26404133
889.727823282 1767.57093555 2903.58755123
295.525714463 1125.94481967 1690.84381531
-573.829299565 1230.51623273 2128.02100909
-322.394029361 1573.84104954 2834.71801719
-403.546677136 1457.66528158 2775.40700871
230.986772817 1003.33478634 2318.98410773
-281.546860477 1529.9647679 2926.55674306
-832.957789385 1225.63336425 2924.88053084
378.186994344 1458.35805468 2288.91047042
-402.904424984 1622.16058242 2882.05348864
-289.304129786 1528.0521789 2953.29202236
-369.045878798 997.728158518 2304.67548992
-168.274169274 1248.45845876 2874.75502046
-128.772251557 861.593301465 2883.18478727
-335.517884704 871.391292862 2326.00778652
-420.741251822 1735.28889013 2877.50845406
-364.950093732 1421.26944055 2938.23988756
-398.967033708 1370.10751953 2841.25370195
-552.68891963 1378.22710715 2272.71250613
402.629921446 1332.21339292 2284.37682933
-330.050048863 1888.07013688 2854.10327691
-243.614937215 1318.24384097 2266.93575364
974.273025093 1530.42317488 2259.47175825
-312.045172268 1370.80292441 2263.34128533
-327.587486473 1441.8971066 2290.96202032
-266.174553989 1351.9557866 2307.24745472
-718.606915326 1236.77142947 2893.66023078
-276.322686509 1190.560445 2223.81835301
1024.24957918 1744.44903712 2941.07374878
-200.478450151 1640.8825362 2321.82389754
363.486886399 1510.25075582 2913.00718536
-71.6664408199 2143.93674726 2882.04719141
406.77973858 1645.90353884 2279.51358131
-779.973035549 1066.09934075 2908.23354905
475.001414671 1378.5798248 2270.36579765
393.071454213 1509.40205379 2810.70303806
400.053363404 1671.6026783 2303.65369656
395.521054989 1650.60478922 2870.95294771
-362.299495299 1634.48309024 2315.01558016
-265.256179035 1264.43775947 2200.58368052
296.112603195 1365.43542664 2298.70275889
-141.168347131 1429.03444604 2938.9566316
454.220427123 1730.65035704 2327.00560849
-686.066713737 1300.99891054 2329.89017369
907.2511901 1764.04465424 2897.26067515
119.587324335 1347.13700515 2918.63919436
361.356898055 1652.40015935 2910.31920848
129.710794078 1697.67484209 2948.38456955
-216.119324632 1538.08715536 2927.23519882
-513.631722165 915.337038332 2249.90073637
198.952611251 1132.82772002 2242.45609726
-384.944780087 1042.84467474 2222.26761151
-497.668064844 1416.99274082 2913.81438357
-242.549347235 930.6449274 2275.18906376
-427.943187788 1077.31508933 2882.31760419
-436.030036439 1168.23729811 2295.87860974
374.335360636 1539.03287903 2920.70437379
-247.209017342 1293.27905539 2892.74492274
273.135769088 1535.9173928 2852.67966895
384.514319982 1396.03445289 2886.89861689
-209.467437699 1518.32159733 2905.49639066
-197.925670654 1829.87763059 2939.24049845
340.847292941 1774.44716242 2899.53477253
-274.071943272 1187.45491111 2880.46222496
973.546403909 1671.4075446 2871.86797282
331.375305596 1546.69933185 2871.27739034
380.556652788 1781.24264663 2944.38309942
405.03748882 1631.08752441 2880.85503945
-310.895788816 1509.81971253 2895.59291898
214.731186048 1341.82050535 2831.24272562
819.569540639 1980.3874452 2886.25067074
-378.953556041 1289.45380595 2832.55972251
-207.299961125 1408.87212187 2909.47356217
-277.62429436 1178.67254218 2265.59822455
-303.546139758 1162.98196075 2851.63038814
-341.088138857 1810.88488774 2916.97988529
985.644526795 1698.43188473 2876.93687256
-491.133911454 1041.15523874 2901.98198264
-229.240983896 1094.98539473 2282.47937221
-318.40551752 1550.43766387 2842.52804567
-477.1805162 1442.75991227 2905.68901642
-784.709804817 1159.59499518 2263.88081627
357.135837551 1811.94343519 2890.75914819
360.054510212 1373.61583286 2822.48976759
-311.578401854 1434.8524511 2919.72492483
975.948054711 1893.14619323 2931.61794433
291.815411271 1454.17946302 2902.19561345
-217.924844225 1325.29226644 2290.97986047
-183.309262956 1346.60404461 2239.43435826
-529.548603881 1519.89928904 2891.38014712
-521.390213285 1438.34171894 2929.2708383
292.164511838 1499.69181996 2876.25787314
1042.75067354 2042.02326565 2332.84255389
-429.194347509 1193.34089496 2870.33107035
-520.507743107 1287.73089235 2933.69383147
285.753352318 1760.83826856 2934.3069723
412.632785381 1958.48484708 2889.62519513
464.958713293 1809.17487541 2930.31173955
-182.198486436 1459.76835995 2295.46385411
982.333418218 1884.13893855 2855.18642557
216.015384583 1487.15252925 2875.58185569
207.3735239 1365.03831085 2341.43366468
-183.887173248 1633.54168187 2921.85785788
367.885872004 1280.75879282 2289.4523843
333.598429943 1450.09654804 2880.68788006
-539.883340981 1005.40205063 2890.90729796
389.887061637 1626.6947132 2287.27837685
-261.85906882 1593.89857897 2892.35042342
-229.368951642 1274.21123092 2298.04138196
-474.134145954 1174.12208339 2911.69959743
357.960594054 1268.25914155 2277.22794195
-204.095884736 1351.54098221 2308.93927655
472.668501781 1913.36653452 2876.1379714
238.068852171 1623.09926796 2880.17403219
363.485461269 1754.86434351 2910.03505629
271.56380248 1838.44057225 2934.65088283
-535.405606261 1556.80728679 2900.94982145
-364.1645086 1441.72569797 2942.4600504
-591.795762952 1632.52905881 2901.92544173
448.51794808 1825.3215782 2924.66630277
-362.713085135 1214.47404279 2307.45254912
429.602401845 1831.13749847 2774.47913592
-173.540158938 1614.40492332 2953.86630815
-268.436566207 1643.74259401 2312.76276595
-336.340176503 1709.73305028 2927.15190441
1017.50584588 2224.45140522 2937.59289384
-495.404306684 1745.33958626 2932.5400624
-452.824589161 1309.42495437 2328.63406709
449.820445103 1671.40206203 2923.05916256
452.734630358 1735.64316418 2884.45541106
262.422349803 1460.58275357 2924.99291615
274.38431271 1850.2552658 2939.72919224
-280.999106933 1326.99423741 2925.218064
-455.262945893 1258.05916964 2928.04796437
329.958883045 1415.21393339 2934.77582389
-167.741399477 1282.29351083 2851.43556827
-348.887838312 1509.23303257 2910.91022532
1079.44511823 1965.55947626 2866.46701952
443.350828104 1861.46365388 2952.08360362
-270.37620477 1357.11265847 2937.22557476
990.524267128 1611.79619359 2305.68137227
-265.97024666 1101.417028 2907.49047972
980.308455224 2018.72111456 2921.64218977
348.11239674 1278.23749683 2882.51847705
-553.179370583 1194.77334559 2955.29814098
-162.593498331 1425.36548005 2972.76635327
-298.451909834 1092.27172328 2297.74239684
271.671945164 1624.91592781 2943.82458487
-291.895522466 1518.99767676 2894.94650213
335.487759787 1522.0315816 2930.40503751
-293.389369856 1654.52884646 2919.30634917
392.506764672 1575.21147116 2874.47452367
-488.282493499 1104.00860389 2909.81685002
-308.114547733 1404.18591506 2846.68076109
426.47865573 1701.41519735 2919.36950605
-295.793631722 1530.72807095 2896.66803539
-475.974783581 1765.91988038 2928.64308862
137.342716526 1391.02958784 2288.76368751
-409.237726901 1631.39497122 2937.11444215
474.723883343 1780.30564476 2896.16843832
358.740186545 1638.13074826 2902.42297907
-275.726703099 1670.50018518 2339.91355079
-304.982397845 1351.7248944 2911.77544009
387.456699665 2141.54960656 2942.8611148
490.862122901 1770.15833219 2879.85971261
-263.096150827 1535.26654028 2301.99843696
927.528414907 1383.49226997 2275.61723453
765.007977265 1911.09445639 2887.41689012
441.183659311 1792.31041809 2312.56866837
455.931894412 1910.40205048 2934.87929749
377.845595579 1653.98089523 2939.45040248
-257.794803797 1467.54816091 2907.40134547
-265.388311928 1153.73549397 2931.46635521
-262.661110336 1579.6767027 2921.65061841
1061.65127503 1763.32810263 2328.01503505
-211.473530606 1750.2152898 2930.7132321
391.710507117 1361.59540691 2319.14114129
-227.147837692 1276.08059192 2927.01694018
-344.15059386 1585.75223088 2917.78249354
-216.42793348 1654.48803429 2938.77910601
-222.904614659 1633.83214383 2918.05475406
-390.917986498 1628.00264483 2870.14383318
452.167434916 1476.64117703 2940.45922873
-575.034854146 602.887493738 2316.56010733
294.881691508 1856.87220067 2945.51525585
-483.621772147 1458.00247892 2938.90274706
230.39690914 1271.68743324 2314.73251349
-368.357839925 1296.53069113 2916.94527588
-305.098601436 1386.02933983 2920.38148826
434.287885511 1725.82196309 2943.29418235
391.064429236 1404.77384091 2320.81744816
950.826798057 1664.99756234 2337.27629137
409.581945993 1601.80558598 2906.71033749
-526.517598716 1475.4690869 2302.33063896
-228.48287884 1337.91464001 2321.17436705
228.557267592 1694.63027523 2939.42090476
395.0445605 1494.28056906 2896.98159975
430.730454733 1731.43856377 2844.17994021
-234.929012512 1862.4936543 2962.31047942
485.693149445 1625.92923203 2313.33079949
-436.166576994 1525.63556144 2341.09145149
-407.035110537 1721.28461824 2378.31859506
-446.771966228 1596.18876976 2352.52642026
145.829441527 1459.05618159 2889.4542314
-175.734789007 1554.81298772 2962.33612651
-318.955663406 1351.34896548 2952.94457259
-229.53255174 1182.48050822 2305.976876
491.95846345 1811.89999131 2944.02706053
-308.351185577 1415.56794859 2955.48978844
-430.121151263 999.217341662 2329.46148371
-483.861368985 1373.36707902 2332.43151146
-320.049812007 1272.34657028 2227.68235314
-309.171772138 1555.89103985 2966.32429411
-398.680690468 1530.3643568 2330.64769381
-201.539371592 1534.25298635 2333.23046578
-313.104151378 1228.99357308 2874.28732651
256.642531507 1735.31737267 2347.58613497
-101.484617442 1077.58875576 2961.60809625
239.672067916 1836.43819568 2928.22029117
-467.423253315 1043.65194745 2928.88595621
-275.239942987 1155.45260748 1705.18289393
466.600990063 1727.80925623 2943.88871122
-232.14447508 1274.65098729 2884.87662181
-194.049451466 1416.16874474 2924.49276514
929.205160019 1710.78951839 2892.07733504
-35.897756385 1034.21078385 1704.76908667
-194.089529514 1311.15221499 2339.98712984
-369.927574658 964.417949001 2366.00853125
380.33507481 1427.01661678 2329.94711572
1077.50888907 1868.43117678 2942.04693208
399.060065783 1693.56173255 2886.03711505
321.076148488 1822.9510903 2957.02298977
450.624074089 1593.36855202 2839.77791553
329.380856434 1525.80177772 2953.29950321
-241.669994093 1696.60852038 2934.48499191
-217.662248955 1421.5446559 2855.87678527
-176.691012305 1483.4825283 2863.19032115
-188.684214992 911.431122516 1725.00440359
399.368283723 1620.62598351 2950.87144338
-162.096136112 1925.14230795 2968.25585471
508.105227658 1970.36124737 2943.77977798
2137.07008039 2512.98162152 2913.21686118
-263.324088257 1634.90560183 2921.41899327
-350.337461465 1125.42540185 2909.25626314
1029.22462793 1723.47451797 2937.09628564
-283.165165015 1179.58813458 2951.59108574
1010.2731442 1621.68445424 2333.23771599
993.685880058 1920.19946683 2350.79412875
-167.230312405 1444.84849311 2951.77589651
1023.66450734 1853.80825378 2950.17135324
1040.32499041 1747.61960499 2352.23715372
364.75459997 1533.35444671 2311.11553107
-346.088419448 1705.15749775 2942.97554942
351.77349193 1281.77340506 2905.26840963
-305.348735863 1457.32077461 2321.23344928
-611.756880161 1524.22282764 2857.75565428
-235.72329922 1216.13846173 2320.0129845
-377.996967424 1813.81919054 2885.8097465
378.248582658 1960.28317726 2878.32137148
-226.479503541 1398.95279076 2918.5504458
365.05948206 1548.37311083 2804.41205836
113.30934773 1149.67225893 2216.45865146
471.913710523 1914.33895747 2344.93542853
-284.85955146 1170.93827322 2766.10133171
239.70097201 1472.32587635 2826.01106746
217.911753181 1567.04540756 2293.99611816
-213.345979073 1220.30472091 2306.29335569
-308.073256781 1519.11060941 2218.84648251
754.337668802 1831.22733948 2321.46149208
974.670738313 1890.78888443 2303.11471434
-184.678464356 1364.82106697 2872.57900194
-229.346242339 891.183538702 2980.416671
412.999070917 1355.2039288 2185.00196182
-355.393817479 1409.36198546 2945.16919334
-485.061816022 978.358021308 2256.83576089
1051.78151066 1809.3270531 2902.50807726
308.26773182 1867.72458313 2834.47537443
-310.937735403 1348.94977695 2302.85067778
84.0744685659 1747.40589076 2960.36041247
446.519289992 1798.30421559 2994.56326013
-406.329165208 1408.69552565 2348.86748657
417.673905753 1447.50591181 2964.36095935
-622.782929913 1086.03249347 2941.92301535
202.096026244 1346.15396093 2963.6311401
-215.356221503 1402.77101448 2921.72292114
425.998465355 1871.05330964 2927.16034879
-578.948956351 1418.37541437 2945.76326009
1058.53043441 1939.35875997 2365.17827603
-188.356486509 1577.61223173 2925.61629842
-364.866751245 1413.25256686 2933.84166392
-475.628960071 1267.5054334 2348.32727833
-465.20798024 822.450381196 2348.60251554
