-9039.46535438 -8698.94348696 -8344.53361208
-9178.12866269 -8304.31520487 -7449.57858222
-8980.18726053 -8353.85470073 -6611.62350898
-9067.92162311 -7334.85443884 -4749.38736763
-9011.00701301 -8323.36867046 -6381.15843316
-8956.58559143 -8038.66255916 -5471.78982068
-8266.39182992 -6455.30123594 -5020.19010967
-8171.35763447 -6177.56846802 -3656.606553
-8518.87496143 -6150.38129424 -4127.05677178
-5333.5113636 -4299.23260297 -3240.69986967
-6173.29720518 -4513.45223834 -3132.82004488
-6336.29974839 -4938.06054249 -3744.70704814
-6528.53983591 -4210.15636094 -2907.36513114
-6503.34413619 -4254.7255662 -3033.75289025
-7666.01873369 -3856.31960066 -2802.19435599
-4231.19371014 -3226.30976235 -2730.38792598
-4381.94022659 -3128.16573014 -2637.74598316
-5818.45023305 -3136.11882825 -2457.63873217
-3314.69599755 -2722.91796707 -2338.28342718
-3578.81076995 -2793.82277586 -2530.2010461
-3240.81249347 -2847.22157654 -2587.11666545
-2903.05677192 -2614.23050738 -2418.67381864
-2685.2011199 -2555.32130378 -2450.59741604
-3187.02729033 -2554.82062804 -2296.70510865
-2682.20368481 -2461.11915371 -2361.90608554
-2593.36235138 -2482.30376623 -2314.64363047
-2651.70819908 -2366.41505579 -2159.23800202
-3000.46187017 -2426.78834545 -2170.86146335
-3128.21259816 -2386.192273 -2136.07112836
-3041.00307465 -2512.16563232 -2292.62482169
-2708.02713095 -2381.5933706 -2216.28424824
-2639.18614171 -2397.53547293 -2093.7224908
-3790.62833999 -2531.86616331 -2161.7382895
-2780.61128578 -2328.16583195 -1931.01165151
-2488.91732808 -2291.88146025 -2089.26443319
-2548.7109598 -2309.78037162 -2135.87938118
-2380.83629993 -2167.63533145 -2016.05563641
-2687.98089239 -2188.78916787 -1995.8482866
-2523.21877899 -2164.59629682 -1954.58590108
-2319.46644535 -2111.37284207 -1934.27068323
