0.49436 0.580392 0.6
0.2836 0.565996 0.6
0.31 0.571 0.6
0.2452 0.536084 0.6
0.26904 0.472172 0.6
0.24928 0.462512 0.6
0.2398 0.440964 0.6
0.21572 0.335956 0.6
0.197 0.428788 0.6
0.20628 0.391044 0.6
0.18232 0.386964 0.6
0.15616 0.321496 0.6
0.18 0.319144 0.6
0.16328 0.251908 0.38076
0.168 0.246332 0.5704
0.15472 0.247548 0.6
0.16796 0.290332 0.6
0.1764 0.260124 0.54932
0.16488 0.266164 0.6
0.18284 0.264056 0.6
0.18016 0.289324 0.54568
0.18272 0.290196 0.55432
0.15652 0.243624 0.39928
0.18548 0.247552 0.6
0.1622 0.240212 0.6
0.17976 0.215948 0.29252
0.153 0.231692 0.3438
0.15112 0.240672 0.6
0.15724 0.224436 0.4238
0.15776 0.27656 0.6
0.15896 0.221912 0.6
0.17536 0.25546 0.6
0.14336 0.236444 0.47528
0.15644 0.244552 0.55372
0.16088 0.206284 0.30044
0.14908 0.1935 0.22832
0.15984 0.186896 0.22108
0.15908 0.220628 0.34632
0.164 0.2725 0.6
0.16092 0.257388 0.6
0.15704 0.258912 0.59472
0.1576 0.24146 0.6
0.15236 0.185972 0.24972
0.16688 0.226344 0.34308
0.15512 0.191704 0.29296
0.14632 0.189348 0.37988
0.14752 0.186336 0.28476
0.15324 0.195732 0.2534
0.14844 0.19536 0.4024
0.1464 0.220944 0.50404
0.14796 0.180184 0.28052
0.14736 0.170228 0.31416
0.13156 0.208284 0.6
0.1414 0.212132 0.52984
0.1374 0.155768 0.1744
0.17892 0.183876 0.18992
0.17272 0.179692 0.18408
0.17176 0.179832 0.1844
0.17472 0.178944 0.18288
0.17416 0.181232 0.18872
0.17272 0.178064 0.18592
0.1756 0.18048 0.18628
0.1738 0.178056 0.18372
0.1708 0.177564 0.18284
0.17476 0.177908 0.18164
0.17388 0.178432 0.18512
0.17564 0.180948 0.18652
0.17132 0.177512 0.18328
0.17408 0.180492 0.18744
0.17304 0.17862 0.18208
0.17588 0.178888 0.18404
0.17392 0.180092 0.18644
0.1748 0.178424 0.18236
0.17616 0.18218 0.18672
0.17504 0.180548 0.18744
0.17248 0.181604 0.1878
0.17748 0.183488 0.18732
0.17476 0.17904 0.1832
0.17544 0.181304 0.18732
0.17476 0.181068 0.19112
0.17628 0.180264 0.18648
0.17508 0.179152 0.18712
0.1764 0.180432 0.1836
0.17336 0.17772 0.18548
0.1756 0.180448 0.18872
0.17272 0.180124 0.18632
0.17312 0.176952 0.18512
0.1738 0.177288 0.18172
0.17052 0.175976 0.18212
0.17056 0.175364 0.17976
0.17104 0.177728 0.18628
0.17232 0.175908 0.18012
0.17296 0.177208 0.18268
0.17188 0.175128 0.17796
0.16712 0.174224 0.17896
0.17052 0.174748 0.17952
0.17072 0.1764 0.1826
0.17252 0.177764 0.18296
0.17084 0.17684 0.18284
0.1706 0.174736 0.18024
0.171 0.175156 0.18476
0.17132 0.173584 0.17728
0.16928 0.175772 0.18132
0.16884 0.176192 0.18364
0.16752 0.173264 0.17684
0.17028 0.174028 0.17768
0.1674 0.173628 0.17808
0.16896 0.173496 0.1776
0.16944 0.1725 0.17688
0.1696 0.174056 0.17896
0.17004 0.173768 0.1778
0.16736 0.17286 0.17572
0.17244 0.174944 0.1782
0.16888 0.173664 0.17804
0.17012 0.174496 0.18152
0.1712 0.172924 0.1752
0.1708 0.174968 0.1876
0.17292 0.176536 0.1814
0.17132 0.17602 0.18108
0.16628 0.173584 0.17856
0.16812 0.173248 0.17608
0.16844 0.173864 0.17912
0.17076 0.173712 0.18036
0.16884 0.1749 0.1804
0.16988 0.175076 0.17972
0.1722 0.175364 0.18024
0.16828 0.17306 0.17852
0.16976 0.173072 0.17764
0.16808 0.172316 0.17804
0.16828 0.171852 0.17516
0.1702 0.17216 0.17452
0.16804 0.1727 0.17576
0.1694 0.172168 0.17476
0.16668 0.171276 0.17476
0.16932 0.1731 0.17636
0.16868 0.173 0.17936
0.16704 0.171644 0.17764
0.16728 0.170808 0.17628
0.1686 0.171708 0.17488
0.16816 0.172532 0.17488
0.16768 0.170656 0.17496
0.16868 0.171304 0.17516
0.16808 0.171196 0.17612
0.16472 0.169364 0.17228
0.16832 0.17016 0.1726
0.1684 0.171972 0.176
0.16576 0.16988 0.17376
0.16648 0.170864 0.17508
0.16728 0.171996 0.17684
0.16588 0.168972 0.17048
0.16528 0.169052 0.1716
0.16548 0.170432 0.17452
0.16756 0.170652 0.17456
0.16616 0.169452 0.17268
0.1648 0.169976 0.1744
0.16524 0.16836 0.17204
0.16236 0.1686 0.17204
0.16484 0.169272 0.17204
0.16412 0.167816 0.17096
0.1654 0.16732 0.16908
0.16328 0.168308 0.17192
0.16524 0.167924 0.17224
0.16508 0.167368 0.1712
0.16336 0.166928 0.16992
0.16324 0.167704 0.16972
0.16584 0.168564 0.17304
0.16592 0.168228 0.17164
0.16276 0.16842 0.17344
0.16412 0.168624 0.17204
0.16404 0.167336 0.17072
0.16544 0.167932 0.1712
0.16244 0.167988 0.17248
0.16512 0.169684 0.17292
0.1632 0.167092 0.17132
0.16268 0.166476 0.17104
0.16184 0.16662 0.17076
0.16268 0.167932 0.17104
0.16324 0.1684 0.17212
0.16412 0.16768 0.17104
0.16576 0.168716 0.17344
0.1662 0.168996 0.17088
0.165 0.169296 0.17212
0.16684 0.171616 0.17548
0.1656 0.168528 0.17048
0.16512 0.169416 0.17308
0.16476 0.169796 0.17468
0.16616 0.172024 0.17496
0.16748 0.170008 0.17356
0.16652 0.170752 0.17476
0.16592 0.169124 0.17232
0.16536 0.171648 0.17488
0.16708 0.17054 0.17452
0.16728 0.171024 0.1754
0.16584 0.16986 0.17624
0.16816 0.172432 0.17692
0.16832 0.172124 0.17728
0.16644 0.171944 0.17656
0.16808 0.17004 0.173
0.16836 0.171448 0.175
0.16716 0.170784 0.17348
0.16792 0.17016 0.17272
0.16644 0.170916 0.1762
0.16768 0.17114 0.17536
0.16748 0.170032 0.1724
0.16388 0.169752 0.17272
0.16464 0.168836 0.1732
0.16628 0.169328 0.1728
0.16484 0.168016 0.16932
0.16956 0.170804 0.173
0.165 0.168048 0.1728
0.16616 0.169688 0.17184
0.1664 0.17026 0.1754
0.16884 0.171208 0.17348
0.1664 0.170652 0.17596
0.16572 0.16896 0.17316
0.16508 0.168452 0.17132
0.1652 0.169444 0.17324
0.16544 0.16918 0.17308
0.16788 0.169916 0.17212
0.16716 0.170364 0.17296
0.16716 0.17078 0.17304
0.16552 0.17072 0.17732
0.16496 0.169432 0.17308
0.16656 0.170008 0.17272
0.16724 0.171324 0.1748
0.16756 0.170916 0.17532
0.1642 0.17098 0.17488
0.16684 0.170472 0.17388
0.16808 0.171596 0.17596
0.16596 0.172096 0.17668
0.16564 0.168448 0.17152
0.1642 0.169644 0.17268
0.1632 0.169868 0.17504
0.1656 0.1695 0.17368
0.16772 0.170548 0.17292
0.16552 0.169568 0.17392
0.1664 0.170096 0.17408
0.16844 0.17002 0.17344
0.16744 0.170084 0.17236
0.1662 0.170064 0.17484
0.16764 0.170192 0.17376
0.16848 0.171204 0.17264
0.16652 0.172844 0.17908
0.16468 0.169996 0.1728
0.16592 0.170824 0.17596
0.16692 0.172108 0.1764
0.1658 0.170776 0.175
0.16804 0.170224 0.17696
0.1662 0.16964 0.17424
0.16812 0.17018 0.17232
0.16708 0.169784 0.17308
0.16692 0.17034 0.1732
0.16468 0.170488 0.17572
0.16544 0.170584 0.17468
