0.45844 0.585844 0.6
0.3582 0.575432 0.6
0.3334 0.572424 0.6
0.23784 0.48826 0.6
0.35204 0.530104 0.6
0.32868 0.50494 0.6
0.22516 0.393956 0.59804
0.25916 0.4616 0.6
0.22908 0.415372 0.6
0.19764 0.388996 0.5994
0.22096 0.355092 0.6
0.19396 0.391096 0.6
0.21844 0.320708 0.51216
0.19836 0.393952 0.6
0.23504 0.40288 0.6
0.25376 0.385084 0.59908
0.23612 0.410352 0.6
0.24808 0.403144 0.6
0.19824 0.405912 0.6
0.23128 0.415424 0.59464
0.21104 0.368016 0.6
0.25148 0.37398 0.6
0.27344 0.433344 0.6
0.292 0.500436 0.6
0.21776 0.343372 0.45704
0.25316 0.357076 0.59248
0.2526 0.383488 0.6
0.24668 0.428868 0.5518
0.26644 0.400308 0.6
0.23892 0.455224 0.6
0.21572 0.374168 0.58916
0.29348 0.411012 0.5994
0.25036 0.415508 0.6
0.26828 0.429212 0.6
0.26972 0.464744 0.6
0.2668 0.45498 0.6
0.27604 0.369488 0.48704
0.32944 0.447376 0.5458
0.26372 0.433572 0.6
0.31352 0.469376 0.6
0.25548 0.422016 0.6
0.24748 0.387996 0.57308
0.27988 0.419952 0.5598
0.30492 0.458456 0.6
0.34884 0.44338 0.5992
0.292 0.45656 0.6
0.2444 0.473452 0.6
0.2264 0.434612 0.59624
0.35568 0.475224 0.6
