-9583.29211153 -5250.87127371 -318.103548335
-9983.69510467 -7275.39730938 229.710885893
-10006.6025866 -5191.57924283 155.507883646
-9726.12070066 -4988.78787605 282.758124847
-9728.38371956 -5884.19063846 107.462114854
-9266.36376015 -3085.65441459 -112.188488632
-9751.06068912 -2664.36786862 417.392589626
-10009.4870535 -2487.27066859 -45.4748700678
-9015.80272286 -1329.82998325 199.039539982
-8904.16603651 -1034.44878868 280.320921323
-9353.40983317 -3976.34362363 -257.639156656
-8549.86446358 -1971.67536383 -37.3865741357
-9481.83694574 -3293.40275706 181.411949825
-3380.7914115 -928.620753641 183.281997753
-6423.59464196 -1078.59948718 266.972642386
-9675.69198325 -2137.1170455 215.135939087
-9821.79375318 -1726.73313117 326.614291793
-7980.97813766 -1239.44169354 514.174201601
-8808.46402549 -2254.10479218 291.226774682
-8435.17846212 -1840.92249087 320.363012163
-9119.23258938 -1430.49362978 448.236220555
-623.647568939 -290.580224831 178.12428735
-8876.00106619 -1110.14732916 494.413663931
-5600.83434288 -761.458239391 627.379422779
-5787.85007452 -786.812829986 528.469536561
-8979.53964667 -3227.47528831 559.240410283
-8188.81689809 -1622.97677229 423.352725584
-8911.60364273 -1909.08164678 497.437456166
-8898.27287773 -2867.68923747 225.28749003
-7085.79102556 -1451.29606286 353.620855114
-5876.09442732 -1385.3320871 498.841186652
-391.673768577 -0.256272604848 646.334239801
-440.028191396 7.85787948058 558.04960893
-8871.19104984 -2469.6689448 629.151152452
-8841.53045144 -1870.0507256 460.081959318
-8944.51090428 -1201.34029085 52.2485672714
-2068.81280931 -143.230867872 774.854310367
-1648.61546071 -12.8849248989 737.272244568
-2035.74364088 -408.032500707 591.760197232
-8915.41948346 -1875.48725742 467.755978251
-1080.40172935 -105.907293807 731.830257142
-5067.23445597 -739.37708634 484.491557832
-8775.24652815 -1209.96758894 710.542439858
-4689.30319149 -1213.48055482 -128.135622526
-4426.0239605 -796.797563904 227.083787246
-4515.65582131 -731.779925468 347.044714868
-1270.67637777 -364.174267921 342.283179133
-6806.94949049 -774.155931865 469.149292434
-5437.90640209 -606.907003954 480.535066518
-8896.16304529 -1939.35900653 304.811716651
-7052.72504167 -950.475252867 505.534692231
-6855.66062654 -1616.49955562 194.111198226
-8869.17751284 -2228.21279093 299.116229421
-8875.02867456 -2052.01869595 225.176536102
-468.896185361 -1.96014104455 488.74217613
-595.169732123 -54.1061361658 616.343153366
-7047.8897561 -950.609818157 97.2718528837
-2497.91541583 -507.597302519 324.426558149
-8994.4481883 -1033.75987179 362.632501445
-5866.89344003 -1308.0199796 213.410732481
-1383.82695188 -151.162323139 450.36363318
-3510.12567504 -489.371938565 281.216525337
-8851.8210992 -2837.29054278 534.904446941
-2379.86038942 -70.8333773281 540.88751012
-855.621747883 -41.5229814577 658.987709999
-7958.67349641 -760.139701617 605.764196629
-1198.77891875 -113.251728743 514.666673949
-1661.15301822 -172.434401451 636.503809871
-521.00142389 -51.6116930096 396.473299341
-1586.26920693 -187.194077741 472.365409317
-8917.28807429 -1617.38711598 197.097588553
-1383.19794116 -415.653570244 268.893490722
-452.584079306 -0.921544018834 724.431966705
-1485.2956791 -332.819178054 277.145684937
-4222.71175702 -466.50668917 366.818965514
-5826.55160237 -968.761625121 556.414466269
-4659.28344044 -451.018894094 464.716956093
-927.289866558 -238.633278843 278.946953189
-590.96289826 -154.740164533 620.273850052
-5620.7800412 -1339.08301278 -45.5469136439
-8998.67248608 -1248.06634466 316.231486292
-1534.00351969 -258.188952487 477.794901184
-7309.43011778 -1146.54886155 686.42743663
-1630.44187798 -282.112873984 487.317909652
-449.392935481 -112.539053164 286.88196874
-572.057957526 -11.9899156609 432.128773264
-141.75189477 664.824092704 1174.67323213
-222.071423006 768.168556021 1390.90547927
-520.961289535 582.001564397 1151.98386357
439.529614243 795.459005461 1262.18590405
-1.69571984049 736.485790548 1148.95000724
-277.367037982 670.400545438 1173.09379123
-77.1674177107 726.89229057 1131.73390098
127.343174831 658.876070409 1089.56789621
-121.059819741 868.862260213 1236.92049794
316.574018789 772.775671464 1117.50593485
137.890841022 832.902371822 1331.35659019
-59.5758289171 579.117889487 1143.90412701
315.135264031 820.215765605 1122.55226209
254.415770096 864.539368804 1168.95185623
21.2385143151 854.885043313 1164.70675096
-447.443324678 596.075745838 1309.83431694
-8.07766122359 704.993919025 1262.79278066
170.672444857 719.29635556 1196.58250472
336.83313653 804.735021706 1192.43836843
447.793245352 791.399713019 1218.87079505
356.883532909 908.444068569 1320.89036442
306.005101744 781.88937183 1178.24906705
481.923865644 765.61035124 1302.54436204
456.328427345 832.486489812 1237.16414091
486.127672609 923.904839279 1378.81661504
40.6354047878 837.475121237 1332.53632012
41.5463463688 754.230040418 1133.17733452
553.999488918 905.036409121 1200.68444606
766.441166668 979.601720639 1152.73185347
415.30969586 735.541487799 1024.61446769
417.354236685 821.730515767 1314.00695872
482.355342969 793.192128744 1200.94955644
445.037599815 887.19195775 1146.47718286
465.936199146 809.132795264 1323.01771731
619.856221467 967.615733467 1188.13093745
688.135850701 976.598389786 1160.8028141
538.105737041 860.911103275 1160.40690768
207.492748928 856.025569144 1190.08057004
-77.3269200261 740.748230052 1082.95528032
627.483258806 945.217690801 1327.9072613
414.783232074 878.308057888 1344.67090763
78.6737654277 860.272444882 1185.37759007
-174.678070443 870.723400772 1306.29311564
289.168396988 769.677400152 1226.31491358
572.051462575 965.201918567 1262.51072612
283.569730995 800.969174856 1275.54744943
269.260703615 823.302850837 1194.6239173
540.090434207 838.458533757 1261.55603586
403.080507899 950.679137317 1273.67522469
149.177146456 727.445336653 1346.69600095
319.537009327 771.55666648 1214.12173116
433.917139442 903.537115509 1209.22473021
361.665247794 992.488140997 1299.35129636
-272.030028618 810.483128576 1273.31624341
176.325080009 795.170339117 1158.68421711
489.028222246 963.429550883 1545.27896763
500.496992642 932.240103826 1314.56344026
392.973287081 914.078583933 1172.35983721
-40.2947812781 740.997927367 1367.7986618
146.583510194 877.645313609 1281.91661541
178.146869062 887.605249451 1149.76397965
414.807535205 758.814776361 1113.33995106
677.447927681 1042.91316511 1300.51715166
430.669501213 910.275284327 1414.12198192
534.632223685 1007.52194141 1163.4525102
237.866737882 979.095797482 1232.0963682
582.680309834 968.241639884 1330.06560864
459.418354367 957.719207584 1218.36914819
407.282138563 941.041013318 1232.46198185
161.15761905 736.127876688 1132.3478933
149.806945004 741.959922531 1153.49107982
637.895148461 938.640117435 1334.64188387
192.340875508 911.436202635 1248.84215466
870.630506338 1013.53361093 1241.16061044
585.545081024 831.544436103 1238.39444705
140.872075554 791.829718318 1210.43216257
330.983014986 912.878338104 1302.07875922
464.424377948 783.662731236 1253.945017
670.455318921 890.500228027 1062.87351492
474.261079013 955.569630239 1307.54570884
554.397877243 823.347279584 1078.15744039
168.36131327 814.028101107 1220.21415996
370.294086251 723.955780007 1221.20947697
419.958751262 748.490011877 1202.32225781
146.867881271 856.114904331 1130.30219134
477.483373726 976.697098465 1256.95201316
461.081138848 901.251038622 1198.61042261
309.044612427 726.385893647 1111.91621124
696.668109899 962.317142719 1267.35186003
301.175243116 866.723207843 1234.81811933
346.47266858 782.272837687 1286.37815652
421.820333685 1008.96262548 1304.85032028
632.085733113 960.55828246 1150.18033797
571.212866895 916.832839151 1335.29603912
379.016556787 937.091126916 1249.44410669
884.641896148 1122.65993931 1381.3174252
555.377158556 1040.80121492 1442.95552108
516.463091982 892.880297801 1379.47585321
358.383144109 985.870319461 1301.35744726
904.393098213 1094.06238649 1307.78824436
516.152333366 977.084921182 1306.53724251
740.618665596 970.991768474 1293.39967917
380.676495252 754.847679495 1032.43256832
92.0067894781 746.756883197 1243.73931101
327.522959144 1020.73267628 1374.50087427
-52.22936025 925.650394323 1296.50500465
436.873305121 982.998942095 1302.20527841
857.509849414 1131.57929908 1387.47888788
749.006703157 1081.89500595 1312.16258652
306.358269467 777.452280836 1268.65872313
533.235793116 938.349545521 1094.73820522
521.567500733 892.687428178 1241.91637283
242.353182372 864.962723858 1148.51165323
766.10899254 993.565125452 1264.27857452
472.554950633 894.424089032 1305.25595837
934.580800102 1104.62210574 1362.01895683
467.52527558 1038.86833263 1391.34006708
976.281953425 1118.74880865 1247.5653817
582.17174356 966.961784293 1227.07066494
911.586300105 1070.04279298 1393.9743865
502.810275039 1047.45325979 1393.49118978
681.263491779 1085.85600136 1351.90099459
226.92972196 860.291467948 1266.68463134
579.442708088 1005.8336437 1248.30775017
197.825941484 937.108841412 1360.38246107
607.767286778 1034.01460625 1292.79414943
795.277401643 947.772565798 1265.79818467
295.290445941 920.858364385 1181.44495066
475.862867473 904.326351093 1245.65173122
646.280590485 1059.00440934 1340.39969819
744.309057159 1080.25525525 1344.22064413
563.391167157 943.287282948 1200.11818974
646.445314758 1022.45264862 1330.12457054
404.394664978 938.037322937 1173.7727398
93.7369840271 963.419440313 1405.08224804
387.160363751 930.228355208 1288.7141701
427.32626055 953.709630538 1327.69086212
300.286569934 976.950955022 1418.96097041
96.9067453145 772.07339072 1231.1013857
444.974161905 997.410588351 1336.35501551
671.218161318 1072.57212002 1389.77149506
446.583272787 894.773321326 1226.30547612
799.805175028 1101.2353931 1282.97093256
825.494898627 1117.7623523 1459.16799328
406.888899752 875.128620119 1266.60129339
768.66346585 1122.20006439 1376.64551531
-38.4193578828 773.752895517 1437.44663745
351.067264946 878.001119559 1309.81595468
143.373438149 887.168918528 1296.60743712
725.031112554 1067.83582383 1342.44251334
317.313916864 917.117747772 1327.72467463
320.123461754 1006.899982 1413.20395515
357.339447912 965.645032218 1244.85757703
384.418105475 946.000187557 1335.05205636
211.945014764 910.569580894 1295.32561014
773.57753348 966.503925264 1062.93556213
636.364034932 1087.86936344 1296.61764016
659.311388831 993.871272664 1150.07680431
420.561487856 999.450909978 1355.77388885
370.395966048 911.379565107 1290.38740301
160.687047519 992.908070537 1385.43772438
526.382325945 942.11167971 1234.3854803
685.387585836 992.509718983 1357.61906213
