0.2822 0.496752 0.6
0.24712 0.534764 0.6
0.20216 0.518752 0.6
0.212 0.438816 0.6
0.24668 0.46236 0.6
0.208 0.389688 0.6
0.20928 0.338896 0.6
0.2002 0.325748 0.6
0.2082 0.272684 0.6
0.19516 0.264056 0.6
0.1894 0.375072 0.6
0.1928 0.29192 0.58568
0.16964 0.358708 0.6
0.17324 0.276048 0.40376
0.18736 0.260184 0.48972
0.20984 0.336708 0.6
0.21772 0.327808 0.6
0.19312 0.265536 0.555
0.1954 0.314668 0.6
0.19972 0.312192 0.6
0.17436 0.289848 0.6
0.17628 0.204584 0.24484
0.18532 0.266368 0.6
0.18052 0.22972 0.44424
0.19188 0.23914 0.48252
0.18332 0.329432 0.6
0.17404 0.259192 0.562
0.17116 0.276652 0.6
0.17856 0.325796 0.6
0.17796 0.254428 0.49576
0.16832 0.252288 0.4652
0.16356 0.18566 0.20416
0.16336 0.181912 0.2086
0.16672 0.303536 0.6
0.16216 0.26824 0.6
0.17592 0.239464 0.6
0.16868 0.196708 0.26112
0.17364 0.190192 0.25212
0.17076 0.203496 0.25844
0.16752 0.257532 0.5916
0.16188 0.188432 0.20748
0.16296 0.210364 0.42196
0.17024 0.235336 0.6
0.16012 0.21806 0.4
0.16496 0.206748 0.36308
0.17024 0.205632 0.3756
0.16056 0.189928 0.2432
0.16248 0.21392 0.49736
0.17092 0.214964 0.4112
0.16976 0.255484 0.6
0.15916 0.214532 0.52532
0.1698 0.254496 0.5042
0.16552 0.282344 0.6
0.17024 0.281056 0.6
0.1718 0.197568 0.2406
0.15772 0.19392 0.21824
0.17036 0.213924 0.51628
0.1718 0.195892 0.28236
0.16584 0.228272 0.6
0.16776 0.239004 0.46548
0.16924 0.19272 0.21176
0.1772 0.205472 0.32904
0.176 0.313696 0.6
0.17152 0.199232 0.27016
0.1572 0.185532 0.21228
0.17876 0.236336 0.56216
0.16644 0.19008 0.21892
0.16708 0.180924 0.19132
0.16868 0.189344 0.20504
0.15908 0.183684 0.26368
0.16936 0.238048 0.6
0.1666 0.191284 0.23068
0.16872 0.185508 0.22236
0.16492 0.188564 0.25256
0.16204 0.202736 0.37792
0.15328 0.205032 0.46964
0.16248 0.198216 0.37496
0.16516 0.173564 0.19412
0.16056 0.1714 0.19008
0.16464 0.22102 0.43624
0.1628 0.216076 0.6
0.16072 0.180408 0.24876
0.16172 0.224056 0.53028
0.1634 0.185872 0.26916
0.17456 0.188108 0.208
0.15976 0.176204 0.19416
0.17036 0.182652 0.19368
0.17744 0.18262 0.19136
0.17744 0.182528 0.20128
0.1786 0.182404 0.18632
0.17856 0.183996 0.1898
0.17588 0.183544 0.19344
0.17672 0.181908 0.18852
0.17628 0.181472 0.1898
0.17812 0.183392 0.1938
0.17488 0.18146 0.19032
0.1778 0.182936 0.18936
0.17456 0.182964 0.192
0.17528 0.183032 0.1876
0.17712 0.18058 0.18884
0.1802 0.183376 0.18736
0.17804 0.186212 0.19392
0.17968 0.184848 0.19184
0.1774 0.181584 0.18864
0.17396 0.181392 0.18628
0.17892 0.182792 0.18776
0.17848 0.182336 0.18704
0.1754 0.183308 0.18876
0.17712 0.181 0.1844
0.17704 0.181352 0.18612
0.17512 0.182276 0.18832
0.17728 0.181692 0.18724
0.17664 0.181292 0.18552
0.1794 0.183168 0.18716
0.18128 0.18488 0.18948
0.17668 0.180736 0.18636
0.17852 0.183412 0.18812
0.17592 0.183596 0.18636
0.17976 0.186032 0.19452
0.18172 0.18604 0.19272
0.1824 0.185828 0.19096
0.18204 0.184992 0.19012
0.1788 0.184796 0.1914
0.17976 0.18464 0.19124
0.18296 0.185832 0.194
0.17644 0.181392 0.1848
0.17896 0.18422 0.19148
0.17928 0.184604 0.19544
0.18008 0.18634 0.19448
0.17964 0.185456 0.19252
0.17976 0.183516 0.19036
0.18152 0.185552 0.19444
0.18448 0.188232 0.1938
0.1834 0.186432 0.19096
0.18212 0.186084 0.1906
0.18104 0.184512 0.18888
0.18044 0.185028 0.19052
0.18392 0.186596 0.1906
0.18284 0.186664 0.19288
0.18464 0.18846 0.20056
0.18288 0.18844 0.19548
0.18008 0.186472 0.19268
0.18256 0.18664 0.19528
0.18296 0.186612 0.19192
0.18404 0.18876 0.19752
0.18352 0.187392 0.1942
0.18324 0.18696 0.19204
0.18176 0.186328 0.19052
0.1824 0.187424 0.19128
0.18264 0.187036 0.19248
0.183 0.186432 0.18884
0.1826 0.186396 0.19152
0.1794 0.185376 0.1926
0.17988 0.185304 0.19152
0.18184 0.185472 0.19156
0.179 0.185912 0.19688
0.177 0.183736 0.18984
0.1784 0.183412 0.1866
0.18072 0.18462 0.19276
0.18 0.18378 0.18632
0.17972 0.183204 0.18852
0.17992 0.183456 0.188
0.17704 0.182084 0.19308
0.17736 0.182316 0.18792
0.17932 0.183916 0.18912
0.18084 0.184176 0.1888
0.17836 0.185224 0.19048
0.18048 0.185608 0.1934
0.17812 0.183468 0.1868
0.18092 0.185016 0.19032
0.181 0.185424 0.19088
0.18108 0.1851 0.1958
0.1776 0.184252 0.18916
0.1792 0.18434 0.18816
0.1812 0.184292 0.18824
0.17864 0.184208 0.18904
0.1782 0.182504 0.1866
0.17728 0.181096 0.18564
0.17968 0.18272 0.1876
0.18044 0.182548 0.18592
0.17548 0.179856 0.1828
0.17856 0.18144 0.18456
0.17848 0.182052 0.185
0.17536 0.181344 0.1864
0.178 0.181388 0.18724
0.17684 0.18048 0.18468
0.17716 0.179532 0.18352
0.178 0.180468 0.18252
0.17616 0.180256 0.18572
0.1766 0.180184 0.18864
0.17688 0.179536 0.18608
0.17464 0.179272 0.1826
0.17416 0.178176 0.18156
0.17616 0.179476 0.18332
0.17252 0.178824 0.18276
0.17048 0.17872 0.187
0.1784 0.180452 0.18368
0.17172 0.177708 0.18328
0.176 0.178956 0.1858
0.17324 0.177108 0.1806
0.17296 0.177348 0.18056
0.173 0.178004 0.1802
0.17124 0.176696 0.18076
0.1744 0.177696 0.18252
0.173 0.178956 0.18228
0.17572 0.178956 0.18384
0.1752 0.179084 0.18492
0.1734 0.178276 0.183
0.1732 0.17816 0.18212
0.17372 0.17716 0.18012
0.17256 0.17854 0.183
0.17296 0.17632 0.1804
0.17288 0.176832 0.18128
0.17604 0.179132 0.1838
0.1718 0.176888 0.18064
0.17304 0.175624 0.17776
0.174 0.17732 0.17972
0.17288 0.176108 0.18088
0.17432 0.17796 0.18288
0.17216 0.176356 0.17908
0.1722 0.17724 0.18476
0.1724 0.175516 0.18096
0.17404 0.17658 0.18052
0.17092 0.174588 0.18088
0.17168 0.17578 0.17932
0.17148 0.173596 0.1752
0.17184 0.174968 0.18012
0.17032 0.174372 0.17904
0.16816 0.173204 0.1762
0.17084 0.174284 0.17704
0.17424 0.176832 0.17984
0.17232 0.174668 0.17712
0.16932 0.174364 0.17972
0.172 0.175588 0.179
0.17288 0.177548 0.18064
0.17072 0.174056 0.178
0.17356 0.176412 0.18116
0.17196 0.17614 0.18268
0.17276 0.176276 0.17872
0.17032 0.174236 0.18084
0.17044 0.175012 0.1832
0.1698 0.174628 0.17828
0.1726 0.176384 0.17932
0.17356 0.176824 0.18112
0.17272 0.175528 0.17812
0.17104 0.175928 0.18088
0.17188 0.176452 0.18176
0.17136 0.174464 0.1782
0.17056 0.174492 0.17744
