0.6 0.6 0.6
0.6 0.6 0.6
0.47564 0.587564 0.6
0.6 0.6 0.6
0.59984 0.599984 0.6
0.35148 0.575128 0.6
0.36304 0.575124 0.6
0.41964 0.567388 0.6
0.56328 0.59622 0.6
0.40668 0.576428 0.6
0.2908 0.527056 0.6
0.39552 0.566368 0.6
0.33944 0.427808 0.6
0.36024 0.463424 0.6
0.29464 0.429516 0.59676
0.26816 0.479664 0.6
0.31708 0.511868 0.6
0.27092 0.410972 0.55336
0.31592 0.499808 0.6
0.26956 0.4832 0.6
0.36096 0.4437 0.6
0.30972 0.442208 0.6
0.3014 0.431464 0.57272
0.25876 0.503012 0.6
0.32744 0.428544 0.6
0.30204 0.384272 0.52432
0.29336 0.45718 0.6
0.33576 0.433988 0.6
0.29328 0.40626 0.6
0.30596 0.527608 0.6
0.25364 0.416128 0.6
0.32108 0.44692 0.59952
0.29268 0.437344 0.6
0.28216 0.426176 0.6
0.28028 0.39714 0.58024
0.28492 0.431764 0.6
0.3336 0.406352 0.5978
0.27648 0.365212 0.5246
0.255 0.423604 0.6
0.29712 0.44174 0.6
0.23612 0.40192 0.6
0.34352 0.46808 0.6
0.34624 0.500636 0.6
0.30864 0.477548 0.6
0.30876 0.442032 0.55004
0.32204 0.502368 0.6
0.35464 0.483384 0.6
0.34032 0.481144 0.6
0.30528 0.437144 0.6
0.33488 0.479 0.6
0.37264 0.38096 0.38988
0.37036 0.381352 0.39704
0.37536 0.385272 0.39788
0.36352 0.38134 0.40436
0.37152 0.377696 0.39016
0.36228 0.378208 0.3886
0.3662 0.374456 0.38532
0.36884 0.37932 0.39384
0.3678 0.378248 0.3898
0.3718 0.381188 0.3888
0.37252 0.382324 0.39108
0.36724 0.377976 0.38856
0.37432 0.38024 0.39244
0.36548 0.372348 0.37736
0.36396 0.380308 0.39484
0.3638 0.377944 0.39256
0.37392 0.382052 0.38948
0.36592 0.375476 0.3838
0.37032 0.378072 0.38948
0.36992 0.377144 0.39308
0.36832 0.379276 0.39424
0.36608 0.378224 0.38472
0.36912 0.37918 0.39752
0.37496 0.380072 0.3924
0.37308 0.380104 0.3898
0.37464 0.38204 0.39356
0.37084 0.377884 0.3838
0.36412 0.3803 0.38836
0.37204 0.380024 0.38684
0.3646 0.379216 0.3934
0.37112 0.378824 0.38432
0.37568 0.383812 0.39272
0.37132 0.382408 0.39332
0.37032 0.38186 0.38772
0.3724 0.38626 0.39468
0.36752 0.380216 0.39656
0.3716 0.382608 0.3918
0.3738 0.382644 0.39136
0.37484 0.3805 0.38808
0.37592 0.383888 0.39416
0.36864 0.382988 0.3944
0.37216 0.382212 0.40016
0.37596 0.383148 0.39236
0.37388 0.384024 0.39288
0.37396 0.381888 0.40132
0.3718 0.382204 0.39552
