-1753.49673646 -1411.47164399 -662.097589043
-1737.64244083 -1364.67329325 -1002.65664028
-1759.91093905 -1556.55350005 -1291.40026922
-1621.67800413 -1042.41051826 -455.898349806
-1612.5231036 -1087.22229287 -203.631287748
-1615.66356135 -1146.5730726 -286.058664395
-1470.4174044 -606.276408104 -135.034796106
-1437.53669357 -494.676336306 10.9518165331
-1685.58693222 -839.203982622 -184.104447095
-574.341115102 -138.750949676 276.967402815
-967.361849904 -332.338550016 161.095163671
-580.282351094 -287.219055147 -107.418334316
-364.21660736 74.0702560447 327.518429481
-605.893332024 50.0015083803 324.558458653
-229.106931597 30.9924834508 274.970291322
-7.65372939371 289.844437976 399.27577084
61.1735640651 278.635668821 365.737193138
104.762574323 228.401035995 421.801990018
137.046973579 274.229783744 442.604986843
17.7804693824 219.973696866 356.806152517
53.8040742871 289.593836268 446.840313681
-59.6902123252 233.246238583 414.607307029
151.595458259 288.190584048 392.929745524
231.106790759 304.537091559 352.099224998
-373.320158742 191.229382235 366.046534289
-12.654093592 296.047847677 466.806955392
-662.521536809 138.624984277 387.291202724
-842.060587864 68.5719535679 432.642431443
