0.37728 0.395292 0.41828
0.38316 0.396388 0.40688
0.37684 0.389204 0.4044
0.3694 0.403328 0.42492
0.38228 0.40164 0.43276
0.37972 0.39646 0.41008
0.36984 0.414732 0.43932
0.39284 0.421556 0.44724
0.37732 0.402424 0.43
0.4116 0.435556 0.45124
0.40016 0.42516 0.45904
0.39908 0.426696 0.4522
0.41 0.440256 0.47272
0.41756 0.457436 0.54128
0.40332 0.449588 0.52732
0.41904 0.450596 0.48228
0.43236 0.462224 0.48724
0.41912 0.46016 0.49948
0.41872 0.454992 0.48896
0.41884 0.45148 0.47944
0.4192 0.455076 0.49584
0.43796 0.468364 0.5066
0.40684 0.451324 0.4948
0.42612 0.448688 0.4684
0.42608 0.458408 0.50828
0.42592 0.451764 0.47404
0.41052 0.460032 0.53796
0.4302 0.472328 0.53184
0.43468 0.475716 0.5452
0.42772 0.462288 0.5264
0.411 0.452668 0.47384
