0.1476 0.1968 0.3948
0.1308 0.2248 0.5172
0.144 0.18492 0.2948
0.1372 0.20968 0.3736
0.13 0.17092 0.204
0.14 0.21628 0.5184
0.144 0.17284 0.208
0.1456 0.19068 0.3572
0.1336 0.19468 0.436
0.1388 0.16472 0.2216
0.1408 0.16452 0.192
0.1376 0.15424 0.1672
0.124 0.159 0.204
0.1448 0.16152 0.1844
0.1304 0.16536 0.192
0.1576 0.18904 0.2612
0.1312 0.1792 0.3684
0.146 0.17704 0.2164
0.138 0.15808 0.1804
0.1268 0.16152 0.2068
0.1284 0.1592 0.2064
0.1204 0.14728 0.1752
0.1232 0.14212 0.1652
0.1176 0.14964 0.1868
0.1288 0.15156 0.1844
0.1176 0.1402 0.1704
0.1204 0.15084 0.2052
0.128 0.14552 0.1668
0.1224 0.13856 0.1664
0.1276 0.15416 0.176
0.1204 0.14984 0.1668
0.1216 0.1468 0.1848
0.1304 0.15004 0.1928
0.1332 0.14588 0.1824
0.1276 0.14972 0.1824
0.1172 0.15476 0.1808
0.1376 0.14984 0.1768
0.1264 0.15376 0.1832
0.132 0.15228 0.1752
0.1336 0.15252 0.178
0.1372 0.15624 0.1752
0.124 0.14836 0.192
0.1216 0.13724 0.148
0.1268 0.158 0.1976
0.1356 0.1468 0.1588
0.1332 0.14932 0.1984
0.1304 0.14676 0.174
0.1216 0.14432 0.1612
0.1224 0.14432 0.16
0.1288 0.14548 0.1608
0.13 0.14752 0.1564
0.1248 0.14852 0.1692
0.1276 0.14148 0.178
0.134 0.14868 0.1676
0.1352 0.14984 0.1864
0.122 0.14148 0.1584
0.1308 0.1516 0.1816
0.1224 0.14384 0.1692
0.1304 0.1478 0.1728
0.1372 0.15132 0.1684
0.13 0.15716 0.1952
0.1272 0.1482 0.182
0.1236 0.1378 0.1516
0.1288 0.14536 0.1712
0.1228 0.1422 0.1644
0.1176 0.1438 0.1736
0.1216 0.147 0.18
0.1488 0.15396 0.16
0.1228 0.14972 0.1724
0.1252 0.15716 0.1812
0.138 0.14876 0.1688
0.1292 0.15536 0.176
0.1284 0.1512 0.1792
0.1248 0.1522 0.1688
0.1224 0.14968 0.164
0.13 0.14912 0.1732
0.1244 0.1442 0.17
0.1284 0.14704 0.1704
0.1212 0.1346 0.1536
0.1204 0.13728 0.1604
0.1244 0.13916 0.164
0.1224 0.13868 0.1572
0.1124 0.13864 0.1612
0.1112 0.13112 0.164
0.1196 0.1398 0.1732
0.1236 0.13972 0.1616
0.1232 0.14316 0.17
0.126 0.13688 0.1644
0.1224 0.13928 0.1636
0.12 0.14444 0.1676
0.1348 0.14664 0.1596
0.1284 0.1458 0.1592
0.122 0.13644 0.1568
0.128 0.14532 0.1732
0.122 0.14472 0.1712
0.13 0.15144 0.1684
0.1112 0.13872 0.1724
0.1232 0.15468 0.1872
0.118 0.13824 0.1564
0.1364 0.15028 0.1728
0.1288 0.14984 0.1736
0.134 0.15612 0.196
0.1272 0.14928 0.1704
0.1312 0.1608 0.182
0.1312 0.1486 0.1708
0.1324 0.15328 0.1976
0.1476 0.16196 0.1812
0.1212 0.155 0.1824
0.1416 0.17004 0.2196
0.1384 0.16188 0.2084
0.138 0.1552 0.1664
0.1412 0.159 0.1704
0.148 0.15304 0.1628
0.14 0.16128 0.186
0.1376 0.1598 0.1876
0.134 0.16872 0.2008
0.15 0.16596 0.1824
0.1204 0.15024 0.2072
0.1308 0.15232 0.1668
0.1424 0.1564 0.172
0.122 0.14688 0.1724
0.1216 0.13896 0.1652
0.1316 0.149 0.1776
0.13 0.14944 0.172
0.126 0.14528 0.1676
0.1316 0.14124 0.1588
0.1176 0.14216 0.1528
0.1268 0.14556 0.1624
0.1364 0.15492 0.188
0.1316 0.14752 0.164
0.1232 0.1516 0.1824
0.1324 0.15296 0.17
0.1476 0.16644 0.1844
0.1344 0.16552 0.2136
0.1348 0.16476 0.1944
0.1428 0.15992 0.1768
0.132 0.15484 0.1816
0.146 0.16448 0.19
0.1276 0.15224 0.1752
0.1252 0.1524 0.1888
0.1324 0.15264 0.1888
0.1308 0.155 0.1736
0.1284 0.15504 0.1988
0.1388 0.15552 0.1744
0.1248 0.14324 0.1636
0.1296 0.14728 0.1676
0.1332 0.15036 0.1676
0.1292 0.15172 0.1788
0.1176 0.14092 0.1668
0.1236 0.14372 0.1608
0.1228 0.14532 0.1584
0.128 0.14556 0.1644
0.1304 0.142 0.1588
0.1264 0.14708 0.17
0.1192 0.14256 0.1568
0.1304 0.142 0.1544
0.1276 0.15368 0.198
0.1372 0.15664 0.186
0.1256 0.14808 0.1624
0.116 0.13852 0.1556
0.1296 0.14468 0.1644
0.12 0.14628 0.1584
0.1308 0.14136 0.1628
0.1276 0.13968 0.1568
0.1316 0.14168 0.156
0.1184 0.13928 0.152
0.1316 0.14568 0.176
0.1356 0.14632 0.1648
0.12 0.14508 0.1676
0.1168 0.14064 0.166
0.1168 0.14008 0.1544
0.1244 0.13644 0.144
0.1264 0.14312 0.1568
0.1188 0.13476 0.1472
0.1272 0.14048 0.1508
0.1296 0.1472 0.1708
0.1148 0.13708 0.158
0.1192 0.1376 0.152
0.1256 0.14064 0.1528
0.1264 0.13976 0.1596
0.1264 0.1418 0.16
0.1276 0.14072 0.1548
0.126 0.13996 0.1528
0.132 0.14328 0.1524
0.1244 0.14064 0.1576
0.1272 0.14348 0.1824
0.124 0.14188 0.17
0.1244 0.1364 0.1472
0.1296 0.14216 0.1708
0.1184 0.13212 0.144
0.1256 0.13876 0.1596
0.128 0.13736 0.152
0.1236 0.14224 0.1816
0.124 0.1374 0.1588
0.1244 0.14148 0.1656
0.1408 0.14956 0.1644
0.1372 0.1496 0.166
0.1344 0.14284 0.1568
0.122 0.15328 0.1744
0.138 0.15216 0.1624
0.138 0.14676 0.1572
0.1344 0.15188 0.1856
0.126 0.15736 0.1808
0.14 0.14784 0.1664
0.1368 0.15056 0.1624
0.1324 0.15476 0.19
0.1344 0.1508 0.17
0.1212 0.15112 0.17
0.1184 0.14924 0.1856
0.1348 0.15912 0.174
0.13 0.1484 0.1724
0.134 0.15768 0.1744
0.1296 0.15796 0.178
0.1416 0.15864 0.1804
0.1388 0.159 0.1788
0.1512 0.16856 0.1956
0.1564 0.17024 0.18
0.1488 0.17012 0.2112
0.142 0.16256 0.1864
0.1516 0.17008 0.2056
0.1432 0.16912 0.204
0.1432 0.16664 0.1836
0.1476 0.17084 0.1952
0.1572 0.17396 0.2028
0.1472 0.171 0.2128
0.1436 0.16616 0.192
0.1464 0.17548 0.236
0.1544 0.16788 0.1824
0.1504 0.16408 0.1864
0.1392 0.16604 0.2012
0.15 0.17752 0.2208
0.1404 0.16404 0.1932
0.144 0.1618 0.1744
0.1408 0.16448 0.1884
0.1484 0.1698 0.2292
0.1464 0.16952 0.1904
0.1504 0.16668 0.1896
0.1452 0.17432 0.2232
0.154 0.1754 0.208
0.1464 0.16432 0.1792
0.1604 0.17572 0.216
0.1472 0.18444 0.2284
0.1512 0.17844 0.1948
0.1496 0.17556 0.2084
0.1676 0.19296 0.2636
0.1512 0.17536 0.2224
0.1584 0.17724 0.2148
0.1596 0.17888 0.2108
0.1584 0.17672 0.2072
0.1588 0.17336 0.1952
0.1636 0.18944 0.2116
0.1484 0.17772 0.2064
0.1556 0.17888 0.2068
0.1448 0.18256 0.2336
0.1412 0.18432 0.2156
0.148 0.16924 0.2056
0.1392 0.16912 0.2128
0.1572 0.18016 0.2044
0.1452 0.1702 0.1944
0.1584 0.18492 0.2268
0.1536 0.171 0.2028
0.1468 0.17724 0.228
0.1568 0.18608 0.2152
0.148 0.17016 0.2008
0.142 0.18616 0.258
0.1588 0.18384 0.2064
0.1632 0.17964 0.1964
0.1616 0.17648 0.1952
0.1536 0.18568 0.2244
0.1536 0.19008 0.2248
0.1388 0.16812 0.214
0.1508 0.17268 0.1916
0.1528 0.17572 0.2148
0.1512 0.17204 0.1956
0.1364 0.1624 0.1844
0.1528 0.17412 0.2124
0.1332 0.16768 0.2056
0.1448 0.16768 0.1876
0.1336 0.16176 0.1752
0.138 0.177 0.2184
0.1368 0.16008 0.1772
0.1432 0.18724 0.2504
0.1492 0.16732 0.1884
0.138 0.16316 0.1936
0.1456 0.16468 0.1916
0.1452 0.1658 0.2032
0.1428 0.17172 0.2156
0.1456 0.16252 0.1976
0.144 0.16844 0.2132
0.1508 0.16336 0.18
0.1436 0.1664 0.2012
0.1516 0.17048 0.1968
0.1428 0.1682 0.1964
0.1472 0.16808 0.2024
0.1468 0.16624 0.1856
0.1404 0.16904 0.204
0.1456 0.16916 0.1956
0.15 0.17876 0.206
0.1392 0.17104 0.1888
0.1484 0.17528 0.234
0.1472 0.172 0.192
0.1464 0.16588 0.2
0.1476 0.17288 0.1924
0.1424 0.16976 0.1928
0.1528 0.16876 0.2052
0.1432 0.17304 0.1944
0.1568 0.17592 0.202
0.1524 0.1772 0.2008
0.1472 0.17592 0.2096
0.1516 0.18104 0.2028
0.17 0.18104 0.2008
0.1428 0.17636 0.2136
0.1428 0.17344 0.2168
0.1676 0.17936 0.1916
0.1596 0.18892 0.226
0.1668 0.19136 0.22
0.1544 0.18196 0.2184
0.14 0.1644 0.1928
0.1612 0.17664 0.1992
0.1536 0.16808 0.1836
0.1488 0.17656 0.2104
0.156 0.17 0.2096
0.1528 0.18044 0.198
0.14 0.1688 0.1984
0.154 0.17496 0.2088
0.1432 0.17556 0.1996
0.1492 0.1686 0.19
0.1556 0.1712 0.1908
0.1556 0.16996 0.1888
0.1592 0.17676 0.1936
0.1488 0.17144 0.198
0.1572 0.179 0.2316
0.1644 0.18368 0.2184
0.1464 0.16788 0.1944
0.1504 0.16968 0.2072
0.1384 0.16664 0.2032
0.1428 0.16012 0.19
0.1532 0.16692 0.1832
0.1432 0.16792 0.1976
0.1492 0.1686 0.1812
0.1452 0.16384 0.18
0.1492 0.1642 0.1936
0.138 0.15628 0.1832
0.1436 0.17248 0.2024
0.134 0.15448 0.18
0.1252 0.16344 0.1804
0.1488 0.16232 0.1804
0.1536 0.1648 0.1772
0.142 0.15696 0.1804
0.1404 0.15568 0.1728
0.1388 0.15136 0.17
0.1432 0.16008 0.1752
0.1312 0.15512 0.1696
0.1272 0.15044 0.1644
0.1436 0.15132 0.1592
0.1336 0.15624 0.1848
0.1448 0.16064 0.18
0.1336 0.15984 0.1884
0.134 0.15808 0.1944
0.1376 0.15536 0.1688
0.146 0.16132 0.1776
0.1296 0.15644 0.1764
0.1304 0.16376 0.1936
0.1448 0.16504 0.1944
0.1372 0.154 0.1732
0.142 0.15092 0.1692
0.1468 0.15524 0.1676
0.1284 0.15424 0.182
0.1344 0.15828 0.1884
0.1412 0.15588 0.1788
0.1376 0.15476 0.1748
0.1304 0.14976 0.1752
0.1368 0.155 0.1716
0.1296 0.1506 0.1628
0.1392 0.15016 0.1684
0.138 0.15148 0.1676
0.1372 0.15008 0.1736
0.1456 0.1588 0.1852
0.1328 0.15236 0.1744
0.1428 0.15268 0.1664
0.1412 0.15724 0.1732
0.13 0.15592 0.1756
0.1272 0.14816 0.1724
0.1264 0.14944 0.1812
0.1312 0.15396 0.172
0.148 0.15644 0.17
0.1324 0.15332 0.174
0.1436 0.15648 0.1632
0.1324 0.15096 0.1748
0.1416 0.15556 0.1664
0.1356 0.15396 0.1716
0.1296 0.16128 0.1856
0.138 0.154 0.172
0.1344 0.14964 0.1692
0.136 0.15064 0.158
0.1356 0.1532 0.1832
0.1392 0.15576 0.182
0.1352 0.15964 0.1768
0.1348 0.15376 0.1692
0.1332 0.15152 0.1764
0.1216 0.14548 0.1572
0.1324 0.1464 0.1716
0.1248 0.14712 0.1684
0.1376 0.15268 0.168
0.1236 0.15156 0.1748
0.1292 0.15076 0.1892
0.1376 0.14872 0.1588
0.13 0.14984 0.1652
0.1396 0.15088 0.1656
0.1292 0.14744 0.1612
0.1364 0.14628 0.1656
0.138 0.1528 0.1776
0.1368 0.15124 0.1628
0.1364 0.1502 0.1704
0.1412 0.15896 0.1852
0.1372 0.15056 0.1612
0.1312 0.14968 0.1616
0.134 0.15432 0.2008
0.1236 0.15152 0.1808
0.1356 0.1506 0.17
0.138 0.14716 0.166
0.1304 0.14304 0.1628
0.1352 0.15324 0.1836
0.1284 0.14172 0.158
0.1356 0.1452 0.1752
0.1304 0.14292 0.1568
0.1328 0.144 0.1548
0.1312 0.13888 0.1544
0.128 0.13772 0.16
0.114 0.14188 0.1532
0.1292 0.14924 0.1712
0.124 0.14984 0.1704
0.1204 0.14632 0.1764
0.1324 0.14572 0.1608
0.1316 0.14156 0.1568
0.13 0.14724 0.16
0.13 0.143 0.1672
0.1284 0.13684 0.1476
0.124 0.14192 0.16
0.1196 0.13588 0.1532
0.1276 0.1384 0.1528
0.1252 0.13812 0.156
0.1288 0.13832 0.1488
0.1216 0.13948 0.1512
0.118 0.13664 0.154
0.118 0.1378 0.1484
0.1224 0.1394 0.1544
0.1208 0.13672 0.146
0.1216 0.13628 0.1584
0.1128 0.13472 0.1476
0.1188 0.13548 0.1548
0.13 0.13944 0.1452
0.124 0.13344 0.1492
0.1252 0.13872 0.1628
0.1276 0.14416 0.17
0.1172 0.13724 0.1468
0.1228 0.1324 0.1496
0.124 0.13348 0.1392
0.1236 0.13356 0.1416
0.12 0.13652 0.144
0.1208 0.13624 0.1584
0.1184 0.13396 0.1492
0.1216 0.12864 0.1396
0.1172 0.13112 0.1544
0.1096 0.12768 0.1488
0.1172 0.13032 0.1412
0.114 0.1304 0.1472
0.1104 0.12692 0.1372
0.116 0.12556 0.1404
0.1132 0.12696 0.1456
0.1088 0.12236 0.1312
0.114 0.12792 0.1496
0.1108 0.12472 0.138
0.1032 0.13312 0.1432
0.11 0.1264 0.1408
0.1184 0.12752 0.138
0.1188 0.12756 0.1388
0.11 0.12216 0.1416
0.1056 0.1208 0.1344
0.1084 0.12592 0.144
0.1116 0.12672 0.1476
0.1104 0.12532 0.1364
0.1184 0.12512 0.1328
0.1044 0.11588 0.1272
0.1172 0.12716 0.1344
0.1072 0.12608 0.1472
0.112 0.1214 0.13
0.1048 0.12072 0.1364
0.1188 0.12728 0.134
0.1016 0.11944 0.128
0.1028 0.11892 0.1304
0.1116 0.1202 0.132
0.1076 0.12316 0.1332
0.1108 0.11792 0.1248
0.106 0.11924 0.134
0.1152 0.1232 0.1428
0.1092 0.12612 0.1408
0.11 0.12224 0.1384
0.1084 0.12116 0.1376
0.1124 0.12116 0.138
0.106 0.1216 0.1432
0.1028 0.11964 0.14
0.1076 0.11908 0.1324
0.1036 0.11648 0.1292
0.1116 0.12352 0.1368
0.1064 0.12344 0.1404
0.1096 0.12584 0.1368
0.114 0.125 0.1452
0.1116 0.12496 0.1376
0.1084 0.12436 0.1404
0.1148 0.12464 0.1472
0.1016 0.12076 0.1488
0.1028 0.11936 0.1444
0.1096 0.124 0.1384
0.104 0.12636 0.1452
0.1112 0.127 0.1396
0.1152 0.12928 0.1516
0.1192 0.1286 0.1388
0.1132 0.12404 0.1336
0.112 0.12236 0.1324
0.114 0.12896 0.148
0.118 0.12696 0.1376
0.1092 0.12196 0.14
0.1032 0.12412 0.1396
0.1068 0.11932 0.1284
0.11 0.12184 0.1384
0.1116 0.12304 0.1352
0.1136 0.12388 0.132
0.1152 0.12396 0.1392
0.108 0.12128 0.1328
0.1092 0.1192 0.1368
0.1052 0.12108 0.1444
0.11 0.12096 0.1352
0.112 0.12352 0.146
0.1112 0.12472 0.15
0.1032 0.12024 0.1376
0.11 0.12096 0.1316
0.1096 0.12612 0.1456
0.106 0.12248 0.138
0.0984 0.11816 0.1432
0.1112 0.12976 0.1428
0.1116 0.12028 0.1292
0.108 0.12108 0.13
0.104 0.12592 0.1352
0.1212 0.134 0.1468
0.1192 0.1294 0.1476
0.1124 0.12688 0.1572
0.1024 0.12884 0.1408
0.1168 0.12968 0.1404
0.114 0.12692 0.1376
0.1092 0.13092 0.1464
0.118 0.12692 0.1388
0.1164 0.13364 0.1524
0.1052 0.12872 0.1468
0.1188 0.12668 0.134
0.1156 0.13048 0.1632
0.114 0.12596 0.1424
0.1156 0.12464 0.1344
0.118 0.1294 0.1396
0.12 0.1308 0.1496
0.1192 0.12848 0.1516
0.1052 0.13052 0.1556
0.1172 0.1232 0.134
0.1176 0.12824 0.1392
0.1172 0.1292 0.1448
0.1176 0.1274 0.146
0.1136 0.1314 0.156
0.1208 0.1304 0.1436
0.116 0.13132 0.1424
0.1116 0.12872 0.1396
0.1172 0.132 0.1448
0.1192 0.12868 0.1532
0.1156 0.13328 0.1708
0.112 0.12636 0.1424
0.1204 0.1284 0.1364
0.1148 0.12464 0.1352
0.124 0.13168 0.142
0.112 0.12712 0.1416
0.1168 0.1324 0.1424
0.1088 0.12332 0.1384
0.1168 0.1232 0.1352
0.1072 0.13012 0.1472
0.118 0.12424 0.1384
0.1148 0.12744 0.1424
0.1136 0.12588 0.1352
0.1164 0.12556 0.1328
0.114 0.12176 0.1324
0.1104 0.12528 0.134
0.1144 0.12464 0.132
0.114 0.12728 0.1368
0.1128 0.1254 0.1356
0.1212 0.12672 0.142
0.1176 0.13024 0.1472
0.106 0.12696 0.1392
0.1124 0.13072 0.1472
0.1168 0.1292 0.1456
0.1176 0.1288 0.144
0.1196 0.12948 0.1456
0.12 0.13128 0.1448
0.118 0.13588 0.1568
0.122 0.13356 0.1492
0.1172 0.13312 0.1464
0.1212 0.13228 0.144
0.12 0.1348 0.1528
0.1176 0.1328 0.1512
0.1152 0.12756 0.1388
0.1192 0.13152 0.1436
0.124 0.13124 0.1416
0.1204 0.13148 0.1404
0.1244 0.132 0.1392
0.1284 0.13616 0.1452
0.1212 0.1284 0.1344
0.12 0.12956 0.138
0.1252 0.13068 0.1376
0.1156 0.12584 0.1324
0.1164 0.13096 0.1428
0.1076 0.12244 0.1292
0.1176 0.1262 0.136
0.1164 0.13396 0.1432
0.114 0.12424 0.1408
0.1076 0.12188 0.1412
0.1148 0.13156 0.1424
0.1216 0.1362 0.1524
0.1248 0.13404 0.144
0.114 0.1292 0.1372
0.1152 0.12924 0.138
0.1188 0.13704 0.1564
0.1212 0.1346 0.1504
0.1256 0.13812 0.1484
0.1264 0.13236 0.1436
0.1216 0.13228 0.1448
0.1224 0.13256 0.1432
0.1272 0.13448 0.1504
0.1164 0.13504 0.15
0.1244 0.139 0.1492
0.1248 0.14212 0.1692
0.13 0.14612 0.1676
0.122 0.13972 0.1628
0.1232 0.14344 0.1668
0.1192 0.13288 0.1424
0.1272 0.13512 0.1576
0.1176 0.13564 0.1524
0.1236 0.13316 0.144
0.1212 0.133 0.1524
0.1204 0.13436 0.1564
0.1296 0.13868 0.1588
0.122 0.13288 0.15
0.12 0.13224 0.1484
0.1212 0.13036 0.146
0.1208 0.13628 0.1464
0.1232 0.13248 0.1492
0.1108 0.12732 0.1428
0.1048 0.12596 0.1436
0.114 0.12756 0.1352
0.1136 0.13036 0.1424
0.1132 0.12696 0.1376
0.1184 0.12548 0.1412
0.1064 0.12556 0.1344
0.1124 0.1292 0.138
0.11 0.12584 0.1376
0.1224 0.12984 0.1392
0.1084 0.12528 0.1344
0.1212 0.12784 0.144
0.108 0.12216 0.1316
0.1176 0.1314 0.1428
0.1172 0.1304 0.136
0.1168 0.12528 0.1368
0.116 0.12452 0.1388
0.1136 0.12136 0.1276
0.1128 0.12536 0.1436
0.1152 0.12692 0.1468
0.1116 0.1244 0.1344
0.1104 0.12308 0.1412
0.1188 0.1274 0.14
0.1156 0.1272 0.1332
0.114 0.12176 0.134
0.1172 0.12904 0.1416
0.1148 0.12512 0.134
0.1124 0.1254 0.1392
0.1068 0.12484 0.138
0.118 0.12684 0.1364
0.1132 0.1288 0.1392
0.108 0.12 0.1324
0.1156 0.1222 0.1332
0.1104 0.12844 0.1392
0.1144 0.12624 0.1336
0.1184 0.12812 0.1396
0.1076 0.12676 0.1408
0.122 0.1312 0.1432
0.1132 0.12844 0.1436
0.1228 0.13368 0.1456
0.1116 0.12852 0.1388
0.1188 0.13384 0.1468
0.1264 0.13144 0.1432
0.1216 0.13236 0.1444
0.116 0.128 0.138
0.1208 0.13096 0.14
0.1104 0.12908 0.138
0.12 0.13312 0.146
0.1248 0.13224 0.138
0.1204 0.13184 0.1488
0.1284 0.1356 0.1468
0.1192 0.1278 0.138
0.1156 0.13188 0.1432
0.1136 0.13048 0.1464
0.1156 0.13264 0.1576
0.1228 0.13624 0.15
0.1148 0.12916 0.1432
0.1196 0.13588 0.1448
0.1236 0.13372 0.1404
0.116 0.13172 0.1452
0.1192 0.13212 0.1468
0.1184 0.1352 0.1428
0.1232 0.13388 0.1484
0.1228 0.13252 0.1492
0.1192 0.13508 0.1468
0.1236 0.13708 0.1432
0.1136 0.13004 0.1424
0.1216 0.13348 0.1416
0.1252 0.136 0.1476
0.1208 0.13296 0.1472
0.1204 0.12952 0.1392
0.1132 0.13072 0.1412
0.116 0.13192 0.1488
0.1212 0.13104 0.1456
0.1184 0.1316 0.1448
0.118 0.12792 0.1448
0.1184 0.1274 0.1392
0.1176 0.12548 0.1336
0.116 0.1292 0.14
0.1148 0.12584 0.1404
0.1232 0.13104 0.1456
0.12 0.13148 0.1428
0.1216 0.13048 0.1424
0.1068 0.12736 0.1496
0.1216 0.12932 0.1396
0.1172 0.1282 0.1404
0.1208 0.13128 0.1476
0.1216 0.13524 0.162
0.124 0.13324 0.144
0.1164 0.1276 0.1344
0.1176 0.12996 0.1496
0.122 0.12636 0.1352
0.1184 0.13368 0.1672
0.1216 0.1302 0.1408
0.122 0.1308 0.144
0.1152 0.12368 0.1436
0.1192 0.12724 0.1348
0.1212 0.128 0.132
0.1176 0.12648 0.14
0.1184 0.12664 0.1332
0.1224 0.1326 0.1432
0.1164 0.1276 0.1424
0.1152 0.13136 0.1504
0.1196 0.13072 0.1448
0.1196 0.13012 0.1428
0.1236 0.1308 0.1368
0.1212 0.1306 0.138
0.1168 0.12576 0.1352
0.1196 0.13412 0.1432
0.116 0.12396 0.1424
0.1184 0.12852 0.1464
0.1168 0.13404 0.144
0.1148 0.13008 0.1396
0.1236 0.12892 0.1336
0.1216 0.13368 0.1428
0.1188 0.1298 0.1444
0.1264 0.13592 0.1512
0.1208 0.13096 0.1432
0.1148 0.12864 0.1408
0.1216 0.1294 0.1356
0.1228 0.1314 0.1424
0.1184 0.13088 0.1568
0.116 0.13236 0.1464
0.1156 0.12748 0.1372
0.1188 0.1302 0.1448
0.1192 0.13332 0.1432
0.1132 0.1314 0.1536
0.1236 0.1332 0.146
0.1196 0.13248 0.1532
0.1144 0.129 0.1436
0.1144 0.12832 0.144
0.1208 0.13424 0.1504
0.1248 0.13432 0.1444
0.1208 0.13024 0.1456
0.1196 0.13072 0.1408
0.128 0.1386 0.1572
0.1212 0.13672 0.1588
0.1176 0.13312 0.1524
0.114 0.13192 0.1492
0.1156 0.13132 0.1448
0.1244 0.13288 0.1404
0.1172 0.13548 0.1552
0.118 0.13424 0.1464
0.12 0.13524 0.1516
0.1208 0.13796 0.16
0.1076 0.1372 0.154
0.1212 0.13584 0.1596
0.1268 0.13136 0.138
0.1212 0.13208 0.15
0.1172 0.12884 0.1396
0.1124 0.12856 0.1368
0.1232 0.13416 0.1512
0.1192 0.13132 0.148
0.1176 0.12836 0.136
0.1172 0.12764 0.1392
0.1144 0.13136 0.1428
0.1128 0.12388 0.1332
0.1136 0.12444 0.1348
0.1128 0.1306 0.154
0.1196 0.12844 0.138
0.1088 0.12624 0.1396
0.116 0.1244 0.132
0.1176 0.1286 0.1516
0.112 0.12652 0.1512
0.1044 0.12276 0.1376
0.0996 0.1262 0.1392
0.1084 0.12104 0.1368
0.108 0.12088 0.134
0.1064 0.12224 0.1404
0.1068 0.1192 0.1284
0.1068 0.11916 0.1364
0.1076 0.11728 0.1284
0.1092 0.1214 0.1368
0.1108 0.12556 0.1352
0.1068 0.119 0.1432
0.108 0.121 0.132
0.1084 0.1226 0.1344
