-4806.48013236 -236.961930467 1806.00262679
-8311.00434787 -1065.29886229 1667.37374264
-2171.02893264 -199.009624687 1902.38764237
-4728.13547692 -774.203607411 1019.61578743
-445.31171867 427.066114359 1359.58777348
-8286.24202854 -296.751448207 2436.29763347
-1037.97555533 -56.7753710525 1419.21122466
-2432.82798731 -380.423028168 2473.68019143
-6470.4868283 -824.308036008 801.195786329
-1009.56502693 -19.9767279269 1544.99935797
-668.451913047 19.5833186534 1273.48329244
-940.420921155 -249.336075879 884.311656706
-722.042408293 401.714066975 1522.61641238
-722.418879506 564.999771922 2064.45272102
-677.135115523 765.6444449 2009.77424672
-381.321417296 786.925856482 1456.63833448
-382.291215411 729.419024257 1990.05777156
-688.772419283 132.449209255 2015.58065371
-1917.63522262 599.949974363 2152.15153498
-712.16989838 469.785044795 2573.84709728
-719.786056181 485.512488796 1979.93858758
-1427.75329731 -45.977601336 1478.81232614
-607.339536321 111.422360017 1466.53776545
-765.028840237 49.1847359521 763.298606513
-1182.81339842 -226.127323183 761.817969252
-489.78871238 678.198803348 1962.75515563
-739.936180361 689.341283826 2078.5177584
-478.313883138 182.045468711 1484.69664011
-1012.48671891 -116.091266766 1029.18975634
-1083.74413591 250.435540977 2097.56929534
-901.735287887 46.2185416325 1462.85143731
-694.311205047 479.633896815 1528.62625173
-517.978666097 386.255296564 2029.15506367
-724.120397696 344.891547332 1495.65816153
-784.301695941 348.729485495 1814.25217304
-580.233597128 251.980347243 1966.30311445
-810.612483997 259.823666445 1433.82821163
-814.284386348 232.28516616 1469.22446852
-1169.55468753 133.811370789 1989.36717522
-489.473251805 291.654375735 1403.71180013
-860.222005581 124.920832964 2005.67545327
-468.088826 214.625987557 1353.33628661
-909.879861842 501.375409378 2172.51287452
-492.941738353 321.074400002 1462.68733862
-537.715763067 496.114984395 1993.17924942
-1282.55101838 90.4306475625 1551.3462551
-465.978978958 558.708654393 2097.85740906
-604.407078055 319.726910645 1021.34580493
-617.683200817 249.719783623 2018.61697347
-309.87710326 367.757044492 2090.12849455
-446.588630057 503.542816723 2092.125976
-362.315091597 621.685404778 1569.89723375
-329.642520028 369.367129372 1564.40017484
-755.324488143 246.705961132 1561.92293158
-446.018218706 607.708664225 2608.69090282
-504.495861958 592.268545915 2154.46615453
-325.77899314 578.645874663 2097.19200355
-322.0783291 610.712301697 1480.09354442
-296.979002737 665.095437231 1634.79267142
-575.334925971 488.055846787 2119.77131916
-1126.70292853 344.366844219 1613.60904651
-629.093705262 305.5584165 1653.24895974
-600.292697251 845.429113919 2128.73625103
-361.183721268 443.198241126 2146.01692208
-533.650517294 17.3575972311 1565.83012668
-804.795635094 598.173244312 2719.25597331
-356.848536168 538.233181196 2164.17795419
-710.36784381 893.368172439 2212.48453938
-799.71503968 553.726806184 2181.42465846
-634.630750209 1346.44141195 2752.13219181
-259.198338583 658.045080312 2146.02429608
-321.84686269 89.5456124923 1052.54985303
-837.422701983 12.1278794321 1077.49075365
-738.161924268 646.418185936 2186.69484855
-333.641976876 630.030139334 1635.70232386
-420.036963721 970.090618771 2240.40023316
-764.148002073 314.644361579 2294.56993371
-593.56620792 354.713832641 2201.38644594
-494.844057375 604.37683138 1664.33664928
-440.958464905 298.236977245 2192.33429128
-530.452347745 446.808884267 1658.21907812
-364.326774441 614.535629168 1635.12896221
-674.065927509 206.779618685 1121.33120739
-646.762818439 15.7943665999 491.278388372
-398.755513135 176.83896649 1063.42467665
-332.632352333 723.050172503 2146.58625001
-794.415940735 480.512593473 2161.57319644
-415.315501971 212.462407434 1573.58442955
-564.89228522 81.1244097381 1469.11345472
-502.025121591 324.554613792 2158.8473028
-355.029736699 331.845948568 1012.40782608
-596.905737043 679.600848324 1639.09654496
-1036.77935993 171.723806518 1604.43382196
-344.252730923 708.769810683 1640.9837604
-359.635538323 819.272030264 2291.20089868
-527.00654166 213.714545891 1033.79448937
-264.560823182 1146.53970938 2707.28179913
-833.255692197 235.841632445 2154.25337526
-1049.79263992 112.414740795 2242.79564076
-314.883428264 426.16690633 1663.42519614
-681.201286267 382.207567474 1655.36133
-148.516077983 869.923845011 1646.4069752
-614.861997783 832.406140929 2260.53305391
-242.643323515 441.535526806 1669.77980882
-453.102882397 152.641031575 1078.54287646
-349.019273391 464.848067597 1704.56195377
-438.987267551 738.742953647 1663.31783045
-398.091991498 365.226624333 2177.32721977
-770.397517201 128.374344325 1609.80825609
-600.29981485 63.136821652 1615.32783078
-263.816618447 883.374776579 1642.01955849
-662.546394503 571.408158486 1643.28468631
-564.61761552 733.344559904 1653.27251292
-309.983448684 877.554941664 2145.05017639
-122.408332451 1076.95502173 2210.95618992
-225.433731089 614.471610117 2261.99964709
-343.573476037 706.819988902 2222.2052478
330.609043417 915.406083 1659.45812044
-486.198178733 732.651138453 1609.7065628
-702.103197752 343.141286332 1659.83046513
-311.773177066 426.999437692 1682.4106824
-313.133346259 337.964379498 1055.10536327
-292.137311016 765.050538327 2200.34252137
-610.66204181 260.505329069 1618.1655951
-431.01204069 374.607300481 1639.93520732
-273.346337535 356.984524577 1075.61951578
-434.962583252 491.437216961 1626.1652023
-338.724911602 507.894737086 2148.82778836
-447.62394178 758.370692104 1651.74851552
-295.579302732 791.873205791 2150.53864448
-683.114062591 386.459726951 1057.94321473
-1281.79437511 602.866366058 2160.19291777
-408.969403361 567.296259865 2207.28310069
-476.016967907 184.965008332 1516.12979419
-282.568080931 349.333198182 2143.97928292
-258.008547665 649.279565301 2140.36580562
-150.233227024 741.608309983 1656.00268878
-392.651723004 415.109794271 1642.97293963
-1330.28475912 -2.27630346434 995.381886854
-564.536453339 750.50449156 2237.55173067
-362.194468523 854.763077436 2843.90903282
-503.161935654 661.561295187 2217.40808793
-328.593293043 545.760137461 1663.83900039
-379.728016632 357.698744175 1087.82774865
-412.77070563 419.709143689 2227.58416565
-375.217470799 677.027454322 2238.50096438
-555.413720715 649.791078414 2255.99248633
-272.914368193 462.096269394 1589.86849357
-422.722785799 862.386822788 1602.82255992
-314.0929193 571.591738267 2220.58838263
-479.850338574 193.197879637 1077.69392026
-174.211145298 658.147109993 1590.45393939
-333.424856077 514.146804293 1091.96257019
-240.568167599 426.435735245 2161.3458349
-406.086311521 653.15442398 1613.89111004
-328.374266608 400.924367746 1589.57017242
-419.068931964 821.789371383 2249.89728206
-806.801487593 43.9427274609 441.886029727
-404.632362676 358.046581445 1088.40408615
-263.319485737 698.69837927 2186.73961606
-480.63654597 812.233281036 2258.21631307
-1134.89616578 476.346655783 1628.76198785
-557.412992365 316.055954834 1678.4244445
-697.913327158 522.389169354 1655.46488844
-630.305770458 461.207232333 2158.69338612
-532.374257646 566.641197442 1669.67229143
-222.759047108 601.619681195 2239.88499862
-150.662627289 1039.84508031 2247.16786863
-1219.12076052 645.868689723 2244.82950616
-398.66102249 461.663596033 1681.41369976
-246.294628899 718.790196324 2125.01850496
372.460930415 1390.90455105 2239.56466855
-512.196664934 470.934402717 1643.78450351
-384.352807976 426.986924477 1615.65216352
-687.622198927 491.734131314 1665.75988787
-724.659623286 670.643849901 2244.43324332
-828.665805285 164.096333018 1093.67102502
-300.616305224 889.310261943 2251.36887279
-616.824985481 349.534386528 1660.63917706
-547.810369897 720.8925255 2175.93558319
-378.805270959 878.050304414 2227.81176363
-866.574186751 342.436098167 2252.4659178
-538.595658318 738.122895519 2245.86159498
-177.763038372 598.013186857 1066.52873145
-329.516251094 554.570252971 1685.04326221
-143.805467144 690.535690179 2193.35515729
-890.580740411 593.776841116 1644.8828951
-290.158548179 432.193478324 2253.7956602
-275.659817493 921.526494547 2728.81876691
-323.604874585 965.112353463 1721.00059338
-255.39395426 450.802153579 2239.18059756
458.889042519 1288.75470754 2239.90808757
-512.844221784 546.587219054 1673.49473763
136.85001874 1056.82691255 2027.72325923
-578.014795419 712.759047159 1646.29511816
282.22429118 1211.44064239 2270.11159592
-459.223161106 884.475706525 2214.48833122
321.010714826 1024.06949517 1595.90851905
-495.158329508 771.496757097 2110.65741763
-507.625628296 565.486304477 1628.67193937
-240.171968576 1091.86229461 2152.54446485
-363.700965234 824.454285599 2817.08667087
361.748174219 1305.68658685 2734.84228298
-246.961739032 473.632809289 1678.07901262
-153.272577879 616.609845401 2153.72500034
270.710277856 1246.01153265 2760.48456041
-178.06881711 1053.30507897 2692.99728897
-408.009408814 679.3369201 1636.88562838
-330.337579983 815.27922682 2155.18679994
-279.737992103 662.94940397 2159.73993762
-162.353607171 923.810005456 2160.58903128
-271.374008712 758.318788068 1600.03106627
-364.475695757 970.398202247 2710.85535476
-388.784889562 468.314897271 1644.71778387
-220.257922578 654.573170844 2104.76361711
-535.019852768 607.97809229 2103.21136678
-135.39485944 834.983376543 2221.85690512
-210.019363154 939.269305821 2163.55090284
-265.031273933 485.850660501 1585.06910033
-233.187110105 335.584324545 2145.23221761
-160.406831592 1579.26759436 2779.73458326
-278.856397309 362.606056436 2113.73540776
-310.531839001 993.285584237 2682.22054285
-363.809827054 1042.16860602 2719.75015275
-141.420845721 747.442586356 2734.1861217
-356.845486564 682.694557916 2618.35037129
-424.857097853 372.857204926 2723.6135546
-168.477129919 1217.24384962 2678.72069738
-684.034564699 1025.06065885 2223.33842836
-564.509823501 538.252642078 1077.10008468
-548.857698457 513.365241675 2714.42871048
-314.274029492 325.957005645 1579.82917391
-559.445775227 886.173537508 2132.65951641
-328.373726064 1104.82003152 2673.65235022
-808.682508233 681.075151523 2103.48281346
-170.917602196 765.058215812 2585.30538886
-231.852066398 531.210252069 2154.90511911
-342.521431988 616.022205946 2644.68339605
-108.697099493 801.105412229 2130.86989647
-273.181264222 215.664472231 1539.33906338
-149.015658813 1318.4009763 2068.83691286
-806.070895917 795.475626694 2155.80487224
-302.298873354 816.969978192 2137.07685198
-248.773562032 168.762546701 837.988129017
-224.843072516 873.290892191 2160.17394054
-507.466327845 631.697450807 1601.91248283
-492.780752255 697.196274349 2576.08623315
-188.753990616 874.654262752 2039.13707955
-267.490136659 814.484642864 2160.53716516
-143.440297014 757.7948338 2116.25902118
-343.479276567 665.688454679 2105.02342171
-217.888192402 802.290643523 2641.97520361
-301.574948286 704.943362455 2106.85563536
-522.743272116 609.042923889 2623.77548813
-455.041640512 942.061851979 1997.93081424
-362.869856896 886.993559362 2675.48026043
-956.589959172 213.288407846 1424.12842131
-425.446695353 499.956210471 1942.25875837
-613.221350877 38.0394878621 1561.5877365
-467.922951611 656.406989492 2136.36758859
-403.799778059 882.01433328 2565.99165115
-546.213888425 553.406621166 2029.94047127
-348.721049273 557.048377699 2080.1616994
-921.571330261 894.071449408 2055.14411471
-441.221062528 819.182930561 2051.54216801
-818.860506496 718.325562095 2100.24082293
-486.333583947 1046.23655728 2713.57716065
-634.296742092 1076.70471589 2139.43301539
-780.482035463 691.49693478 2741.35984296
-410.417378312 569.951205755 1573.64330743
-132.535875578 1089.77407164 2188.49475173
-524.354121374 730.299216933 2205.55062175
-473.117914148 504.684247787 1546.52439581
-662.0368725 485.667438693 2671.28603256
-432.963180662 968.512116689 2156.75479356
-242.079916265 1140.63578675 2099.85641594
-227.795816793 892.802727315 2194.80976662
-451.911786344 328.833998652 1059.65292864
-378.064613155 846.297794837 2118.67784968
-181.885816196 779.113111815 2127.76730054
-190.229395204 853.66832086 1566.31472203
-198.216874384 931.953617428 2236.54661574
-346.260877257 654.698113758 2123.75238067
-245.241191768 468.987618465 1038.03467309
-563.740602506 360.337568388 1612.98465917
-790.844809252 1052.49270222 2654.91067093
-331.551426366 611.581988069 2129.29228515
-229.215442321 874.893631925 2683.78438486
-401.423120038 967.203505588 2167.21483427
-671.477953698 712.079860247 1581.8484488
-343.743850038 914.837874308 2128.87824175
281.762722695 906.536780305 1572.99788425
-284.334390905 1096.48467891 2145.69870426
-187.895900468 880.326852794 2062.19013048
-356.078151652 722.244893464 2696.10593041
-775.888578582 76.0396906173 1470.49302325
-468.57856142 1175.49440685 2071.52766254
-279.113017623 1028.03286413 2132.42249963
279.897053741 625.904688781 1557.67151886
-205.734671041 540.21144344 1559.0135001
-168.571891095 1024.02175074 2701.56858016
-346.268520359 1156.82349647 2150.70660115
-326.095683537 986.71688312 2109.37452997
-184.70794007 807.919457539 2158.66728246
-279.980763147 927.955265626 2667.33403935
-307.804993108 1598.74402734 2666.83013089
-191.453719319 898.330342354 2092.56732876
-320.134924153 525.835529198 2186.09162306
-300.443997381 633.933771728 2072.00552223
-514.003190237 726.027260139 1594.0247273
-133.90786327 1111.53747185 2090.46661545
-436.423019427 1038.12343299 2140.7325298
-243.228053952 684.59000121 2159.55529613
-141.8461527 1123.69519674 2154.21310232
-271.371237349 679.306463775 2650.25713488
-238.44414151 435.411168096 1598.616984
-367.677919956 968.0316848 2169.82594184
388.470356197 1518.37845364 2727.89669143
-235.504799968 586.633438837 2085.36624376
-310.380387876 648.035457553 1644.33173732
-108.881576601 948.926349207 2129.19459413
-549.231072021 674.466459754 2146.81239538
-197.069536635 667.275679529 2639.13681962
-333.525243504 424.24646434 1592.53161147
-117.805097655 1178.57745073 2728.6118029
-225.173757057 883.971819905 1609.82313116
-201.039444061 702.440287969 2143.75373036
-250.318922885 703.090139939 2681.9015304
-165.048625097 899.666498497 2117.07162464
-229.405780526 1001.39349317 2168.75772114
-141.09190197 707.172385385 1589.34453286
-174.959745413 999.399871262 2193.49387388
-353.395709289 860.707189481 2151.93902797
-53.8618013466 1005.04747384 2097.62697508
-223.705246591 551.455788623 1560.82489388
-175.645720135 816.597656078 2156.50421938
-290.441231772 815.92093269 1597.17652052
389.703658908 1239.3226782 2187.31026891
-216.668347944 605.773377081 1615.03421341
-265.949033871 916.971949283 2212.00237662
408.709809834 1058.00272919 2149.94085591
-156.650776977 672.503905683 1633.23043593
-422.506500739 335.73238028 1618.83434227
-232.791715634 997.544089217 2173.0330547
-159.82903058 942.137352245 2077.41835525
-316.001699555 700.476958713 1631.33088333
-412.314747241 657.721418564 2747.27867242
355.382741055 1121.62664768 2152.74919796
-559.684179874 703.315473388 2195.23424305
-497.504910477 639.597714377 1640.7097602
-274.753939218 501.200569893 1083.64192113
-298.18431532 461.697074835 1610.86260742
-233.071364133 826.90035479 2160.96079422
-428.132360273 359.168265438 1613.00372854
-104.177310434 741.453704781 2215.06555489
-260.034360468 472.9161176 1564.65561362
430.74856277 1365.73429325 2232.7632974
-349.194070082 998.358704168 2209.3690915
-240.959276287 1067.95076396 1652.81743646
-266.779782375 827.288111546 2250.48430177
342.328864599 1109.87980871 1621.26637946
-422.446957152 984.050333698 2117.8022959
-222.378036936 722.714394373 2749.08543411
-170.46421403 567.645534367 1568.18211273
-234.314210483 1022.17700846 2157.95721708
-249.884259368 428.892507748 1607.69943095
-211.270878989 1073.04941464 2215.87080563
-580.15484098 863.852455043 2242.23973948
-447.243757325 408.801341132 1586.69917769
-274.160717496 728.986409172 2793.50263727
-178.236715147 688.551511521 1638.52569621
-337.905421482 288.553201633 2209.32001096
-133.891126785 908.501970297 2181.6117597
-267.637580164 830.018207252 2138.73313922
-489.539176061 670.957495939 1661.28266074
-154.267145949 634.544763229 2223.44991645
-214.502841785 619.366023691 2211.44281383
-307.707417674 789.310579855 1617.71133826
-516.049419474 1098.57319142 1637.34011177
-211.347950043 840.919279683 2168.65907293
-106.707872862 916.453208823 2210.35071851
-325.728776634 933.54882173 2705.38671737
-238.321947564 837.299605899 1672.83509688
-244.123548623 496.026904236 1087.44969715
-235.242433557 603.191375722 2195.03068416
-310.900819317 952.109026825 2183.20986263
-166.581971494 915.454943966 2200.46281263
-101.89794508 919.694070383 2779.40021646
-343.729622636 521.972998212 1558.89683809
-135.096367272 898.218760157 2181.7855261
-238.391613809 1238.25049286 2166.55530417
-146.835147957 1256.89207013 2782.26312663
-228.068711691 1087.72143223 2232.50854008
-428.074198532 787.25182878 1664.30575424
-317.775797622 391.39471992 1086.39458134
-224.908841654 839.454645355 1614.78711691
-155.190358116 913.691062422 2203.1516757
-191.201999844 393.786652455 1667.89392101
-191.576622587 1021.25778206 2167.12652765
-184.509135622 592.552207196 2749.43525651
-133.304014297 940.994715611 2207.13368869
-275.924019899 660.081051702 1630.52270696
-240.049483945 908.196347578 1690.12426186
-192.556023233 818.903987939 1635.98610959
-251.405786869 895.268983339 1656.79577918
-234.357419285 905.200756133 1643.91331389
-64.8246348825 712.576955174 1678.36606384
-313.307159261 1003.9767179 2191.30961599
-270.522178326 948.028777247 2157.30627014
-533.569322206 344.494104423 1657.00141518
-391.817206346 826.431649808 2242.73853693
-601.651388265 551.929686088 2260.51583664
-230.641760953 866.075133994 2146.88878692
-160.980555316 742.10287288 1669.77511382
-391.655120701 708.483829656 1658.76680422
-249.630450147 981.17590668 1649.34675218
-270.975909335 837.722030268 2238.15379468
401.273679838 793.204624832 1612.54154193
-449.048109676 578.020844975 2751.39874512
-142.299176024 1023.812908 2257.27775008
-274.467637836 924.034427802 1675.62148087
-101.311246312 929.521368038 2260.72222766
-238.661032994 271.783621299 1058.24531879
-297.621249862 590.736623629 1631.854156
-236.093746883 775.836986328 1654.56536066
-317.834999343 758.235930476 1674.37741931
329.723627246 862.931951223 1643.4561215
-173.014092629 1029.26600993 2198.59295192
-218.989416317 787.136897925 2261.19640853
-190.748509725 753.786140043 2263.81712701
-109.904963177 845.519262977 1670.04793791
-363.682524117 671.530892061 1682.72771887
-154.805335847 979.863544633 2226.03608919
164.45826353 1128.10186404 2230.63968104
-511.279880061 755.147140509 2223.62833902
-243.425884058 432.279047863 1573.89748671
-102.863051701 644.002372723 1086.47256121
-232.766123612 930.34671574 1669.981247
-232.192017957 509.408553882 1668.87953601
-100.235058345 935.012993783 1673.97139899
-77.3751944885 793.762998992 2783.87201326
401.942407742 1032.06820286 1639.05315499
-343.39996058 541.419174683 1659.88867442
-149.720191768 569.528444137 1552.48115129
-282.027552219 332.962826783 1603.2004264
-148.899009947 1109.39714634 2230.57295558
375.168153957 1021.87818121 2262.88945709
-224.761342189 792.861401582 2193.3161006
-410.713112339 578.615032897 2247.21041946
-225.274181152 903.009292209 2845.77499597
393.855266284 1210.15525042 2167.27181202
-74.3701597414 888.296224777 1626.76550406
-206.92821804 996.303198742 1671.35390272
-221.202049899 735.804993202 1718.68684722
-79.373197344 917.338289093 1683.43995756
-172.749020196 799.883873885 1683.00108773
-138.962005896 811.243389874 1673.41154007
-169.967409865 815.175948538 1700.21918429
-232.679869487 765.130849167 1688.29809585
-505.071081486 419.981016876 1648.64449606
-78.5947935949 747.049106893 1703.76939715
313.957513586 1173.75849532 2289.15487066
477.029183431 1008.4850562 1638.80713893
-370.315860361 474.026018433 2281.49367288
-175.259675059 758.792259674 1702.0360527
231.127145622 856.407834915 1677.38286368
-100.720550634 764.06133103 1642.59812164
-419.261904688 289.8505416 1712.2937876
194.098156316 787.363905657 1131.18042746
-270.473083208 789.38099172 1719.68986492
-145.661696512 819.254582364 2293.29371975
-240.321791219 772.908930006 1692.49046089
-450.620606628 566.338929365 1662.03503519
-722.636288895 1035.5457516 2288.75153607
-267.599110927 555.144033187 1661.36342272
-151.837730271 694.032699727 1654.19814131
-451.617059337 438.529530929 1106.86366236
-160.987200575 646.331000562 1673.07588164
-307.840092142 541.683162482 1079.01968802
-314.402464693 724.769399885 2279.60085822
-287.595168361 222.536900738 1071.92311838
-523.162783218 769.608053459 2282.13578346
-204.888376893 757.017307596 2309.91086376
-264.267162456 604.852261936 1701.31313113
-542.374270391 269.848090147 1670.14880934
-228.995470038 603.177891419 2234.77305699
-264.756787279 667.067584067 2323.42821557
-511.504164591 202.086773263 1693.97383842
-404.782634453 515.929388245 1119.96604893
-341.747615751 617.724948554 2280.53289867
-590.073829774 509.851732701 1652.44551721
-489.285827749 535.458868615 2309.2202047
-181.281357887 932.034876292 2260.40761242
-291.836404621 488.774266695 2291.72323301
-826.122448627 594.512607501 2227.57480063
-180.418648747 488.869745102 1124.27785429
-258.806258085 483.071279434 1673.79769862
-288.878139016 439.832583032 2133.59477631
-360.474611163 498.009929808 1670.0655344
-219.279571353 1088.31279878 2209.08851816
-574.832768633 662.176538056 1717.85033689
-469.890274032 415.778796526 1073.57458162
-374.514529715 443.327527686 1605.58692911
-262.059566529 718.526474684 2271.97732341
422.070611664 856.476668744 1717.8475976
-477.117913104 463.845331801 2847.39537408
-434.827436872 559.520320114 1619.09267711
-123.248134046 758.577474003 1689.54714335
-494.728558846 384.420129893 1088.36518563
-111.026319137 624.068279913 1114.18492751
-669.226856715 589.203837895 2288.40602996
-579.286647461 88.0516455695 1071.0942778
-649.35256872 419.436589814 1158.89288686
-436.85257129 385.478611848 1720.23540358
-525.915253838 637.62148687 1725.05840789
-342.041989642 322.482824753 1610.64018097
-288.905710943 586.013593215 1082.37574913
-454.739771967 453.067747233 1712.7458482
-161.777937699 580.352284214 1680.50230782
-232.303449791 629.630736853 2321.91563419
-597.771824809 531.041387027 1699.02480864
-527.920711861 654.27024797 1708.98587327
-227.655382512 801.18091977 1703.18406333
-584.059179395 305.427631075 2331.91297378
-509.804097836 1241.33521065 2312.25153583
-399.464187395 647.932135122 1691.3038832
-420.791241656 719.431703225 1693.31887706
-91.961628286 771.184151832 1712.25172766
-515.928294844 889.682611976 2238.98678442
-185.932414874 391.205280545 1066.18659869
-330.91255091 202.357043825 1120.16242877
-546.120758213 383.268313159 1719.38756766
-352.219356648 334.599817738 1717.94852431
-174.842053564 559.854931406 1657.7438291
-701.330871096 277.459590488 1731.84522868
-558.804563863 312.01284228 1745.59578154
-442.749108537 450.698582357 1680.64798368
-496.587685442 452.464448242 1660.50600293
-272.71111835 587.870248608 1579.47352588
-404.008767818 670.88231397 1704.74099909
-297.698857761 690.102704496 2258.94461415
-248.607772441 662.32784644 1680.37009275
-177.519792654 695.448005856 1675.41345433
-197.583704597 749.720986258 1703.01211265
-469.667125974 861.81395917 2848.58650705
-1603.79621299 217.321393231 2251.75177222
-543.474389583 295.57983427 1105.52803484
-761.940440486 246.61549578 1093.01497117
-301.78829463 470.558803591 2279.97269536
-170.27532112 662.843407542 2274.8094875
-628.714932147 689.277688544 2279.13979063
-330.112356928 209.523149286 1615.67297021
-312.394271406 717.155509895 1689.67822474
-397.114140608 849.937610682 1658.48573078
-221.117701641 614.258219945 2900.24638477
-203.380243639 841.549541616 1688.27021648
-506.553071145 778.871589883 1657.33236892
-289.216763283 563.832943879 1629.20776422
-300.078770831 539.134683348 1667.31351217
-447.489555366 508.081992676 1700.28094975
-581.458647619 587.648524108 1622.30736049
-614.137183562 674.416422572 2246.12688518
-429.068093433 1007.90560917 1738.56259207
-444.664941155 769.406362092 1665.0561649
-84.3291514039 912.570168144 2815.34933255
-561.303743707 762.86646596 1709.81595013
-248.018360344 946.614639485 1722.5179183
-106.189769381 816.404434431 1658.52797488
-186.843976999 539.236640577 1567.69979656
-96.5161455152 942.205469276 1677.37882547
-264.657296073 875.349697264 2904.95421288
-471.59996334 407.979787002 1671.49448861
-319.315231972 321.224950348 1097.87329087
-170.287801143 938.788519375 1705.38262998
427.337781341 938.157648793 2290.12299278
-208.053464772 755.614586755 1677.43788856
-349.721884938 724.506383179 1658.32126387
-390.87060011 642.005346804 2264.37875301
-252.919658259 633.107876834 2273.83262965
-269.8323811 639.596620718 1704.54732944
-249.072761701 909.343324129 1683.72108447
-378.495911534 582.346804762 1619.10111123
-239.307213486 1050.2068889 2863.56465134
-279.008945316 311.569368557 1663.50330822
-413.353935712 859.159495156 2316.4252177
-217.186037014 733.561476816 1658.31299583
-340.6981364 675.682549381 1720.63689043
-137.881138439 702.911323223 2260.62394202
-68.1723105353 1140.96493305 1690.79930524
-289.520366092 728.753595332 2241.75473955
-190.020947748 622.346234701 1672.13498257
-253.132188305 502.549030076 1660.61459954
-227.668675476 332.890708079 2328.81221094
-285.97652826 449.135278155 1131.7993369
-286.992630422 930.2802029 2274.04324602
-258.132750223 527.229464955 2298.98143968
-581.75656899 598.2876895 1113.24155773
-194.844089378 661.147261572 2175.67858967
-290.957361871 1207.75347372 2299.56609728
-258.46492541 849.77026874 2842.62117594
431.64192617 1230.31978343 2879.93554273
-86.2782663148 919.006548194 2257.34677685
-322.710030054 871.661056939 2294.39553895
-255.9610371 994.465261235 2839.18507972
950.350024165 1368.76731467 2275.8491511
288.989802087 1184.34714088 1730.52269778
-138.263263263 972.554867471 1703.64701365
-445.011048663 428.048788099 1684.35327233
-229.617245533 487.493342395 1662.4113707
393.914897572 933.877775987 1713.43444912
-172.071182624 971.565306659 2270.65975719
-160.366636237 732.518759641 1688.01035865
-180.832131027 754.008083382 2309.7388508
-126.421118193 948.321978944 2224.46812292
-161.528610889 900.283554063 2309.97938963
-292.512376639 646.512670351 2307.52522652
-304.601452474 982.329761052 1660.22530617
-207.979665931 882.460484704 2248.53222728
301.2023468 1033.05319478 2244.15785247
-176.560246983 901.003497936 2248.05643836
-220.084999921 698.686706095 1733.87708168
-200.914660842 1143.82283452 2713.99019549
-253.813641664 1060.57774418 2861.72479883
-266.598885496 1242.62010881 2881.84747194
-374.330211962 1008.62374044 2249.62468714
-323.273383633 980.92013053 2294.8982985
-169.457010833 447.335289851 1096.61976364
-291.743727352 964.310559804 2236.82030169
-94.4739824831 878.406472975 1681.46320039
431.166836525 1234.08911656 2296.32277018
-299.23339956 663.426783615 1653.25320175
-281.894096092 876.126355656 1700.1516561
-332.106231442 979.170892803 2870.38067137
-160.35053236 977.683749221 1656.75849766
-264.643859228 931.899762894 2220.83329389
-252.441894519 1140.47101512 2234.42500523
-157.506143959 944.459779276 1690.70136956
-287.104633357 1037.7175894 1698.45629138
-227.237370402 1288.91840669 2294.84147638
-155.531943295 1292.77856493 2301.50060115
-145.424727454 793.490453251 1651.53665971
-279.491193774 950.317522087 2170.78651551
-145.323199913 976.74774287 2227.95809582
-246.529899928 663.130891864 1599.7317143
-137.628413491 1215.95030286 2835.34924729
-162.75418218 798.076977453 2215.11209967
-342.356641784 1140.94343483 2842.74766277
-192.149641401 989.329547124 2909.17309491
-301.003831729 768.142341864 2261.06126766
-266.057823105 1114.80800578 2273.24910777
-190.129595602 947.398873166 1696.90089255
-352.334820956 546.063382624 2304.55552455
-366.389448997 659.527131593 1676.05822058
-120.508745093 768.4195055 1631.50355102
-263.236120958 792.549424034 1672.85216091
-286.276913734 878.512584829 1693.35706396
-137.862757036 868.484399801 1675.26409048
460.180228274 841.821448515 1151.43309889
-217.553613465 1102.57950556 2882.80512765
-196.149539466 776.463650438 1722.54015344
-185.84910914 775.484581844 2911.17840156
-289.048184254 870.029674123 1694.04227056
-126.335070642 1113.15471943 2908.75153372
439.064159586 1320.19710422 2291.89236577
-428.745732988 790.976963502 1669.77857383
474.055607046 1535.38008864 2315.58822675
-110.213528401 954.351436843 1697.57751083
-81.5351658305 872.742968471 1716.31124679
-185.036420648 590.347310173 1696.68917592
-189.117493463 820.574791594 2286.78371018
-322.329363108 753.738780748 2300.5020948
-325.249274017 555.771786656 1594.25358655
-171.703690602 823.730694008 1697.60815171
435.156862824 1066.36977964 1691.1326589
401.403824902 1200.22871455 2303.77437868
-410.524104142 801.1536579 1701.75523174
-458.826442801 585.2842851 1479.73311612
503.077263874 1258.63942083 2268.18057541
-105.54457866 763.075091724 1713.91853899
-258.878330359 1263.19062714 2301.017354
342.935056921 1226.78800455 2282.58706869
466.063538516 1247.74409346 2283.33364575
-86.1138567831 688.735361692 1581.78235407
-370.24640615 1200.95952797 2298.39769185
394.564944875 1044.08202141 2328.853739
279.866094976 945.590517736 1663.06598004
-110.254369328 1083.27266005 2891.34448109
-427.123700968 839.51261457 2816.45983718
424.632113433 1206.52948831 2818.34020833
-365.363568139 722.172177369 1676.90392545
-216.305053508 1113.37408582 2280.60634786
-162.178175626 825.991024019 1696.57674356
419.773506218 1483.93792205 2246.88335761
-125.759655207 1196.6859381 2245.60502673
-165.225852856 890.522854255 2273.56960052
-213.905895362 1179.05531879 2289.64206306
-163.963161873 824.929238061 1706.25809794
-327.609161828 734.932582946 2280.41069395
-302.058255034 1044.8962379 1697.35031152
-151.627431473 1468.62228953 2857.16002979
-269.6743217 992.614108877 2267.40484475
-161.560800777 1170.60153193 2297.9760676
-249.259706561 1230.04503464 2889.85594976
-247.771406466 972.216807174 1609.84997407
-217.542351814 805.253668258 1708.57366305
-243.516345504 1023.84202105 2195.70008835
-380.372724457 668.662443943 1682.05821629
-238.174341853 1111.2907098 2250.29587435
-300.401672665 972.96255246 2844.82702223
-203.118299734 1074.01922642 2745.41096622
-164.501934874 861.335638452 1706.18446723
-250.484654652 1001.63907359 2220.42304193
443.904062721 1012.33442418 2226.64430488
-96.1536964878 628.459615316 1678.90531198
-214.908596399 884.836948949 2246.89166917
401.345276062 1218.88149064 2318.05425891
-211.390948707 879.2423357 2278.86783573
-252.118191204 1250.6403125 2342.12682141
-173.536475045 1194.78270707 2273.58249306
466.355458483 1474.08565141 2273.13368968
-231.973735386 554.765528613 1636.34099485
413.496732084 1047.37792002 2188.91993804
-235.460826417 1000.18588365 2296.28721407
-310.072428341 803.797021099 1668.75638011
-205.43784542 919.618312743 2319.92405744
-185.511985386 1123.34663625 2277.82666601
-149.120932129 954.949409431 2820.73947048
-163.080661861 1096.33628031 2877.26393981
-396.841121991 721.406925485 2215.03510161
-200.642238593 425.255288091 1058.29681522
-192.661203557 1102.08673014 2292.29758886
-309.684141861 896.418841796 2869.95268424
-404.148031523 946.044289031 2129.52632325
325.98790887 840.813028023 2319.61495617
-364.856615111 827.465076782 2855.73482457
-318.552193675 1156.07638477 2802.75264871
417.81019396 1353.41538283 2826.22971539
-125.835431971 1124.26680157 2157.70611143
-323.172672124 560.485727698 1697.72411121
-211.692579167 1102.15867943 2276.04590914
-251.947364332 1435.4617913 2878.61531466
-606.312037194 692.456151717 2243.17091594
-160.704434519 818.09846696 1665.30044624
310.819768232 947.509400899 2250.79283309
-215.230442341 1153.00926219 2751.15945463
370.520740871 954.32440311 2292.41764967
428.713545555 1291.53393532 2200.15923157
-111.599161771 895.788579217 2283.58527155
425.688172048 1194.74810259 2277.88395965
-93.7123008693 996.640078337 2245.7677858
-246.079079567 689.269211699 1676.78265449
-392.296563068 871.392197073 2146.89957809
361.943579725 1127.21839665 1713.50121309
-147.923838333 1131.45684453 2246.56761602
-142.36608615 1050.2779455 2237.18749731
-315.22442682 860.069265214 1636.33860993
-270.021712792 851.017251687 2262.75092999
-166.551727029 985.022226201 2255.83080933
-132.614487521 1065.91031966 2788.03197797
-162.814421505 1130.55007879 2185.68899121
-113.24263896 1063.96948543 2824.94390672
-96.5008388183 836.364476144 1675.12579935
-497.9830539 1043.96611118 2261.47875515
-392.910853189 407.986657547 1551.41830832
-241.415254948 860.997934319 1691.87125533
-237.213658891 794.520470136 1662.84300424
-189.869264748 1084.43241299 2895.59006451
-228.623835997 949.344242099 2838.30745686
-396.409831205 626.940874276 1670.66460929
-244.928901713 748.4159712 1685.6474336
-114.945398722 890.02540406 1640.30217239
490.998609668 1503.41490663 2280.70228801
-106.075647982 1048.92171254 2752.21205583
-219.761258379 852.713999473 1675.93061075
-166.439695316 884.585227792 1699.30085154
-242.167588937 1049.85644549 2662.08010465
-257.062875791 924.106655662 2213.7082514
-283.331164186 914.800864974 2316.19595505
403.348568237 1363.58764199 2263.09238398
-369.323607044 606.97319809 2268.3213225
-474.675293451 736.120019089 1719.91199992
-149.836505882 654.900563813 2263.91082874
-106.004226561 1119.86646781 2228.78690393
517.814770746 1669.61903408 2860.90630984
-345.701218818 1161.61226714 2835.44572255
-282.180457497 557.656326393 2875.17920008
-247.573186919 930.292272945 2233.01912048
-112.806419904 1007.72314596 2272.28351647
-174.152603402 598.331300232 1102.30651053
-463.844478653 566.131384958 1660.24356311
-209.684552723 871.653564125 2871.5744635
-164.276537844 1125.95288948 2849.51883641
-202.371399354 1111.51020585 2246.25965937
-188.146698104 1131.54988385 2257.21887649
-95.3443370412 1203.04372728 2848.75122794
-173.543384825 1152.33083528 2308.96227343
-435.991355154 790.886985426 2888.06979064
-162.279182288 1067.4434066 1702.8176936
491.59267613 1178.4859209 1694.6110465
-299.325324181 1057.62451729 2268.44225112
-514.775312903 780.515255297 1679.15654774
-109.257123124 901.756413831 2262.12960132
-655.419605761 707.099535879 1704.89331095
-167.244651575 955.858041588 2897.17031563
-263.339337693 1428.48415022 2857.99542126
478.43209652 1270.87466129 2326.23246886
-225.292978653 947.702448749 2280.68521337
-105.746562274 1084.28606049 2325.49588915
-221.247776821 1064.16014961 2304.99841556
-474.907356043 958.97625239 2245.49331953
379.928001008 1486.5433652 2304.47463118
-223.00545077 889.363743999 2906.31139204
-45.7330009073 1048.61992375 2344.43969464
-378.660892201 693.893070198 1724.49083956
-123.269803967 1327.70693512 2835.48106684
-162.340099926 1082.70027659 2283.40565486
-255.801532419 985.308165567 2324.65888691
-382.383970427 1305.7486988 2921.93255142
-250.547147844 1021.66523364 2265.02926133
-379.041345196 876.804143707 2306.85771879
-175.122565521 1036.07308172 2276.92135076
-240.664219489 837.930811892 2900.37264276
-166.459002597 782.339574408 2313.49337211
-185.133560346 895.507245926 2288.26575331
-366.026852323 567.726801607 1734.4101386
-475.185575204 434.150778353 1721.3763421
-370.43975263 753.833061218 2328.65925937
-87.7578354846 1092.80820725 2347.5265904
