1440.25314452 1631.18668698 1781.56828065
1022.32935273 1532.98937356 1780.12976944
1322.33700388 1563.0426502 1879.99476662
1379.08953355 1581.26819458 1826.23396168
1378.29177581 1525.44758887 1690.97888114
1422.44847513 1554.74575607 1721.5198193
1477.83015473 1654.12663326 1830.36164958
1280.60512888 1528.19942123 1688.4278361
955.623157622 1521.19825782 1866.42754579
1171.02533668 1591.76422904 1731.24515436
1343.71393508 1624.80154134 1839.10244267
1470.28158296 1609.31461776 1876.54805336
1278.0564528 1548.26414465 1789.73869243
1535.53280864 1694.24657343 1886.65201184
1132.36599352 1609.96023223 1934.4606181
1281.78080949 1635.20342984 1886.62654401
1381.87148756 1630.83579756 1841.89140272
1395.9009794 1608.99423888 1834.5857581
1436.23393409 1637.0160527 1881.38157529
1389.08566015 1598.91213561 1790.78654486
1434.57519885 1664.05676851 1880.736118
1434.48961492 1646.00926215 1797.30473606
1487.0169235 1616.50728354 1782.64257599
1431.02920411 1631.06909623 1733.03509428
1490.67284944 1660.98315267 1884.77177426
1439.04324889 1641.24562861 1882.54229511
1495.45960333 1633.74895463 1739.76129348
1421.75408649 1592.9054642 1736.56986662
866.900833119 1483.4545137 1736.40447736
1430.16803993 1661.61798396 1825.1563198
1525.27886717 1622.60773299 1738.31138362
1374.76116623 1663.60877157 1994.08680857
1331.49569366 1684.34809443 1784.4351834
1125.55943319 1558.66570793 1830.26959183
1435.13103015 1642.37527552 1839.42569287
1435.0605832 1605.79873839 1738.69196598
1381.93516462 1593.97613656 1827.04442044
1185.22043405 1593.16509244 1742.77760484
1374.5418963 1578.24602505 1738.74906369
1346.22967914 1614.20316699 1801.91165538
1389.13479534 1666.77347602 1836.86135179
1377.04823989 1650.74018851 1841.76391272
1192.1786176 1607.19495266 1845.55864865
1340.53671632 1605.58359122 1845.60651093
1396.78026111 1691.167289 1885.1298055
1481.99340871 1672.33778168 1840.95342831
1375.19078448 1557.15591766 1696.49933007
1480.78594326 1642.2173935 2040.10446593
1286.8099514 1652.16630071 1840.12096917
1485.72175479 1668.7163452 1901.9649302
1386.14068169 1640.96148892 1893.13442516
1343.46470918 1636.41828028 1842.87100661
1274.87559472 1585.44749905 1834.73593539
1534.04260254 1688.53619815 1901.53589365
1543.52913118 1753.23458929 1893.36307672
1299.9830288 1572.07929619 1886.97220183
1582.51346735 1668.1537954 1839.11318453
1541.58209899 1650.01069723 1848.49940862
1536.73316004 1678.11942515 1845.56658428
1537.95593256 1687.08985393 1841.14154469
1493.03481596 1660.58341832 1855.36919007
1448.64754021 1633.25186042 1840.46144747
1339.29247331 1637.51082603 1840.74766847
1202.16425806 1571.58017648 1895.07596212
1397.43174545 1611.41483308 1888.33265621
1322.74664719 1603.71722839 1824.94834953
1354.49446279 1639.84605777 1938.61066912
1458.66416649 1682.97293202 1939.50674392
1484.31167983 1620.63174758 1742.61404967
1601.86882913 1710.86841077 1797.72269046
1398.76224019 1601.42391734 1741.97791379
1404.25414379 1629.2658234 1794.8922048
1280.23505953 1672.35744616 1882.27572853
1530.01125545 1610.8502903 1806.40996431
1488.48262108 1705.52250474 1842.56447138
1540.11140125 1708.21642636 1993.34165005
1547.93990267 1725.61046106 1840.71056056
1392.64452685 1630.02419954 1804.32598817
1580.37881849 1686.99394803 1750.11349059
1286.32238748 1621.5438965 1992.35985036
1343.95191356 1637.23481658 1895.84113653
1500.5215794 1672.91103215 1929.28918112
1486.69107165 1663.38951208 1799.83746072
1497.46158698 1693.89845733 1839.24643507
1539.02104165 1683.67497521 1889.59825123
1348.62452849 1557.21643374 1825.78546283
1017.28395191 1542.21266153 1793.8318887
1303.13355845 1616.32505514 1834.00422628
1299.65825573 1659.3069334 1886.79220214
1497.88882844 1709.35335544 1883.09477839
1483.56302927 1676.53544633 1840.69754425
1384.43480871 1701.91419934 1894.65493814
1399.75780177 1661.5384484 1980.63830425
1540.1500508 1711.77796018 1943.67657309
1439.75631508 1658.30616755 1832.72710257
1224.36683984 1599.62369675 1791.10950291
1398.99892886 1620.61818641 1778.55618312
1444.60083008 1649.43115447 1836.25402545
1492.70784114 1695.44828417 1821.31158753
1167.66171627 1624.32294343 1894.37188567
1486.82388563 1668.22019633 1796.92491372
1432.35881344 1644.50918739 1788.29381937
1500.50705687 1667.70783497 1826.65961765
1545.34624247 1651.38909253 1835.28037884
1528.51781984 1681.49500609 1891.3253009
1215.8592293 1599.17784668 1840.39328126
1335.20189277 1601.96704116 1782.61302104
1333.22953515 1717.25781779 1894.39688568
1544.69777206 1733.36744663 1945.53617545
1265.07298291 1645.27842325 1900.59175641
1540.06400498 1704.39173224 1938.46809767
1543.33796587 1701.18297673 1903.65625313
1368.3745897 1656.99614339 1985.12061007
1255.64103944 1618.68307701 1790.86267725
1334.55159921 1610.60537067 1794.21801147
1301.49174743 1585.80935067 1877.84473367
1243.12085476 1616.71736691 1846.9714164
1494.65063202 1665.97954352 1787.02476371
1462.45429221 1702.99667802 1838.72699078
1391.88689927 1632.09538811 1852.24788238
1237.75168258 1646.9695894 1842.0391614
1521.3117346 1695.04745753 1897.75049961
1431.87334502 1732.24460926 1945.24311561
1432.09201117 1646.49673393 1844.76396591
1337.14645324 1667.02634939 1793.05879223
1327.4434043 1659.36576119 1850.12417231
1489.37072338 1698.17109594 1848.31842534
1531.58221457 1656.4254749 1889.82820641
1382.1395755 1664.7751451 1887.09029063
1499.42447092 1678.12895487 1799.41385872
1441.22855071 1684.64917785 1892.96632014
1586.19506455 1700.07956254 1845.84886547
1360.95730703 1688.0803923 1845.34458746
1483.54670075 1651.0214021 1894.45419174
1548.43119122 1738.16723557 1846.63576199
1487.58803189 1634.31141407 1740.34139075
1344.36347072 1602.44561832 1900.74350264
1486.03341096 1647.67938336 1800.33424833
1405.25896922 1596.76653799 1887.43758145
1542.28766472 1629.44988342 1846.26478071
1167.3545168 1618.64566153 1744.43184844
1243.61450522 1593.23759057 1752.55472861
1330.42530783 1584.22948053 1799.6643373
1539.95055158 1708.28167912 1846.42834095
1453.08616464 1652.07157404 1836.83486997
1436.39303826 1608.7588853 1736.95355731
1299.76383288 1693.64563152 1901.61008931
1400.02341139 1661.20263998 1937.96644556
1158.56942916 1537.43980185 1940.92112627
1215.01637031 1703.65999332 1899.5747105
1328.86855476 1632.77142805 1845.65671077
1492.87053041 1598.38506433 1698.69854476
1277.02602482 1561.98108776 1842.52688539
1434.8215225 1632.7806977 1842.31675275
1490.45846769 1695.93926984 1795.15995692
1363.37005119 1602.34697275 1835.23029533
1486.18727458 1719.25658918 1948.50346295
1391.1640401 1667.75826613 1847.92867041
1172.61570439 1562.89568315 1897.01138581
1342.67158644 1607.51147163 1790.9868016
1119.94295108 1672.96295189 1996.56320895
1449.84312736 1600.95169745 1785.82351491
1388.98960639 1586.67495785 1792.18203812
1241.27124021 1643.06000111 1936.95361715
1312.01664684 1663.24772938 1846.85517199
1384.27608489 1606.4852247 1954.81153642
1528.23715311 1666.94207923 1895.47660756
1647.52663804 1734.53926422 1837.97061286
1401.09097029 1663.1967524 2035.95632613
1584.78525716 1709.44830798 1788.75887235
1371.33666979 1605.97457869 1885.31578776
1435.65836408 1708.80405019 1892.47433509
1582.64846527 1749.74551902 1944.26203902
1451.322267 1696.2598381 1801.83833099
1495.88481891 1668.0477128 1997.83415906
1297.59961217 1671.01933907 1890.46485488
1495.21241693 1620.64039899 1849.04024789
1475.00488311 1752.38500165 1893.92137716
1528.97870025 1754.27450232 1991.32045051
1579.10509484 1682.55201842 1787.98673373
1461.01980542 1632.79810501 1900.76487498
1497.28699663 1702.84583224 1983.98819274
1444.2100878 1723.88629249 1937.99132015
1274.6190152 1609.54237374 1843.52979959
1370.4703212 1621.89979712 1746.23024989
1495.78250178 1633.06944403 1780.02013922
1457.96073534 1680.94839757 1940.37313673
1540.85247649 1685.77817537 1845.40276855
