0.17996 0.183384 0.18828
0.18012 0.184216 0.18996
0.17696 0.182692 0.18528
0.1798 0.182316 0.18756
0.17608 0.180764 0.18576
0.17588 0.180192 0.18596
0.17864 0.182952 0.19156
0.17416 0.182212 0.189
0.17732 0.18212 0.186
0.17948 0.183512 0.18864
0.1752 0.180244 0.18428
0.17576 0.181056 0.18644
0.17524 0.17958 0.18508
0.17856 0.182108 0.1856
0.17676 0.18008 0.18224
0.1788 0.181984 0.18508
0.17656 0.179964 0.18572
0.17512 0.180196 0.18332
0.17604 0.179516 0.18128
0.17464 0.180432 0.18672
0.17372 0.179472 0.184
0.17448 0.178632 0.18392
0.17616 0.180216 0.18304
0.17572 0.178816 0.18124
0.17488 0.178808 0.18372
0.17636 0.179924 0.1838
0.17608 0.178784 0.18208
0.17476 0.17896 0.18184
0.17568 0.179464 0.18216
0.17608 0.17978 0.18296
0.17516 0.17918 0.18272
0.17676 0.180184 0.18596
0.17444 0.17898 0.1818
0.17136 0.17796 0.18208
0.17068 0.175544 0.17952
0.17508 0.178488 0.18128
0.17672 0.18042 0.18568
0.17384 0.177576 0.18132
0.17404 0.178324 0.18364
0.17384 0.178424 0.18144
0.173 0.178784 0.18216
0.1742 0.177784 0.18084
0.17412 0.176528 0.18144
0.17348 0.175896 0.18076
0.1732 0.177244 0.182
0.17436 0.176964 0.18248
0.17312 0.177192 0.1798
0.17248 0.176204 0.18044
0.17096 0.176156 0.18032
0.17324 0.176976 0.18392
0.17288 0.17518 0.17932
0.17144 0.17528 0.17916
0.17016 0.175436 0.18176
0.17408 0.177392 0.1828
0.16756 0.17496 0.17736
0.17412 0.176276 0.17952
0.1728 0.175704 0.18032
0.17248 0.175772 0.17916
0.17172 0.175504 0.17964
0.17092 0.17528 0.17936
0.16964 0.176256 0.18
0.17164 0.175444 0.18044
0.17244 0.175568 0.1784
0.1704 0.175656 0.17968
0.17448 0.17644 0.18064
0.1708 0.17662 0.18064
0.17172 0.176376 0.18508
0.17424 0.176592 0.17908
0.17356 0.17826 0.1838
0.1714 0.1756 0.17944
0.17544 0.178548 0.18072
0.17388 0.177404 0.18632
0.1706 0.175204 0.18064
0.17192 0.174992 0.17748
0.1728 0.175112 0.17732
0.17224 0.176132 0.18184
0.17248 0.177252 0.18084
0.17316 0.176088 0.18016
0.17376 0.176368 0.17936
0.1742 0.177756 0.18044
0.17248 0.178612 0.18364
0.171 0.17788 0.1812
0.17444 0.17612 0.17964
0.17364 0.17644 0.18016
0.1742 0.177688 0.18148
0.17468 0.177972 0.18328
0.17308 0.17604 0.1814
0.1732 0.180512 0.18384
0.17356 0.177328 0.18056
0.174 0.177792 0.18004
0.17364 0.178748 0.18428
0.17524 0.17844 0.18424
0.17132 0.176976 0.18172
0.17236 0.179956 0.185
0.17288 0.177492 0.18096
0.17264 0.1782 0.18248
0.1736 0.177016 0.18144
0.17164 0.176952 0.18176
0.17232 0.177012 0.18252
0.17288 0.176488 0.18144
0.17532 0.178296 0.18056
0.17256 0.17688 0.18044
0.1726 0.175836 0.1816
0.17316 0.176636 0.17972
0.17448 0.178804 0.1866
0.17412 0.176216 0.17852
0.17332 0.176648 0.18088
0.17412 0.176888 0.17864
0.17172 0.176104 0.17928
0.17108 0.177788 0.18256
0.1734 0.175628 0.17876
0.17268 0.175692 0.17956
0.17232 0.177116 0.1808
0.17324 0.17624 0.18068
0.17292 0.177308 0.18212
0.17568 0.180028 0.18396
0.17064 0.173908 0.17888
0.1692 0.176292 0.18376
0.17516 0.177764 0.18072
0.17172 0.175944 0.17936
0.17148 0.174856 0.1802
0.17056 0.176408 0.1822
0.17156 0.175088 0.178
0.17088 0.174684 0.17676
0.17052 0.17404 0.17804
0.17124 0.17512 0.17804
0.16932 0.174264 0.17804
0.17072 0.175812 0.1806
0.17204 0.17634 0.18112
0.17304 0.178056 0.18416
0.17268 0.176856 0.18192
0.1716 0.176952 0.18056
0.17024 0.176248 0.1814
0.17296 0.176584 0.17956
0.17472 0.17772 0.18064
0.1748 0.176708 0.18044
0.173 0.1765 0.17972
0.17348 0.176968 0.18064
0.1732 0.17616 0.18264
0.1746 0.177428 0.18024
0.17384 0.176944 0.18096
0.17196 0.17798 0.1828
0.17324 0.176956 0.18152
0.17204 0.176584 0.18268
0.17396 0.178684 0.18272
0.17404 0.177236 0.18016
0.173 0.1765 0.17964
0.16744 0.175544 0.1792
0.17148 0.175712 0.17884
0.173 0.176256 0.18184
0.17312 0.17716 0.18204
0.17296 0.175168 0.17768
0.17036 0.175216 0.18032
0.16836 0.173544 0.17616
0.17124 0.174172 0.17844
0.16868 0.1734 0.17704
0.1712 0.17464 0.18036
0.17172 0.173756 0.17724
0.16968 0.173604 0.1766
0.17032 0.174748 0.17924
0.17232 0.175484 0.17872
0.1688 0.173624 0.1776
0.17224 0.17596 0.184
0.1746 0.177464 0.18136
0.17456 0.176236 0.17932
0.17092 0.174716 0.17944
0.17376 0.177144 0.18528
0.17256 0.175952 0.17916
0.17348 0.175864 0.17984
0.17308 0.1767 0.181
0.17256 0.175304 0.1808
0.16952 0.174328 0.178
0.1748 0.176576 0.17968
0.17308 0.176928 0.18192
0.17024 0.17554 0.18036
0.17364 0.176916 0.18208
0.17188 0.176208 0.18
0.1718 0.176572 0.17964
0.17276 0.176308 0.18096
0.1728 0.176308 0.1796
0.17128 0.177216 0.18488
0.1728 0.177364 0.18224
0.16972 0.176364 0.18164
0.17476 0.176716 0.18096
0.17224 0.176332 0.18032
0.17228 0.17656 0.17996
0.17208 0.175184 0.1774
0.17032 0.176808 0.18044
