-937.185764946 1366.58625516 2290.24942467
616.319462209 1744.30197724 2295.05371023
-584.034684138 1247.92400665 2285.69848632
-137.254568372 1609.39727714 2328.31198767
-703.433460228 1371.83947484 2358.86484393
-573.511053625 1681.70214874 2287.93170191
399.976929359 1949.25801227 2349.53416202
-907.307162386 1707.5722083 2340.89698022
994.002615187 1910.04187468 2337.92315005
-646.75100049 1427.82376091 2280.21091471
1555.18274779 2169.776348 2370.30350833
-708.051706209 1507.62599671 2302.9129951
-433.036824084 1372.46681074 2374.93052546
-983.630908045 983.998725053 2376.47195941
-500.938934949 1553.44890758 2354.63741311
1491.95283032 2094.60827982 2370.92999794
-216.893459472 1866.15704257 2345.52402445
-240.945324419 1324.27324633 2335.4444143
-243.712376163 1814.21482108 2312.81220979
-389.773174815 1451.70636613 2394.2728874
-661.070461049 1602.01778788 2372.72711836
-897.356696289 1715.28878143 2370.75525193
920.005370614 1865.92321897 2346.4770692
-364.150508499 1748.79012223 2357.74712468
-31.5727556009 1972.5986103 2361.87564872
-846.948501185 1465.62566123 2339.41248207
140.492791858 1794.71478545 2345.80646824
42.0047556279 1912.43490135 2338.31954641
-237.766203697 1401.6350418 2134.14933237
-573.373953472 1470.21013236 2337.71477663
-591.494140479 1584.55165332 2378.11820928
-520.281509078 1482.09564635 2361.96757261
-76.8926579542 1224.03993587 2336.11091204
1498.64483819 2107.210389 2344.10088807
1548.09295405 2205.94149639 2358.52298816
-8.78010412303 1730.11918202 2337.81466094
-630.948122916 1422.39784737 2356.69159083
-309.733887693 1338.46382916 2394.66652611
-741.824867643 1696.74166468 2385.04748104
-792.450371891 1897.30071232 2381.1381525
-610.081859674 1483.01257987 2379.57606487
150.285697312 1857.74618521 2355.86677829
51.7869764728 1635.43640333 2378.87217234
-666.657240939 1559.67004076 2363.66837133
-528.774147369 1660.00174114 2363.82634036
-640.623912212 1402.75061975 2388.91313713
389.509262724 1525.01098579 2375.27148013
685.738807371 1999.55581956 2385.93187442
310.460732295 1278.93441574 2376.26200448
1248.14298704 2024.99457344 2387.31329742
-1489.3793235 1766.81294129 2374.73064232
-901.674189169 1851.85101459 2384.69836708
-21.8842549062 1922.16427217 2398.41842975
-927.563960902 1525.02236209 2373.89402217
-612.939115851 1177.16839199 2366.78548542
-225.885583746 1384.29417593 2381.25715835
-497.920711659 1787.74549469 2390.99185864
1882.02204855 2252.88752721 2407.80759478
-469.941146999 1722.92733905 2389.24050784
-2014.37621549 1758.05859945 2402.83635419
-926.322972027 1427.02390295 2416.87096354
-176.510934995 1811.20355631 2386.61871278
1225.78124661 2103.90131295 2396.62423347
1291.42229365 2127.48549434 2425.27811558
462.044941995 1981.84379567 2363.30257753
79.9618262316 2006.85212628 2359.45409574
-716.4697657 1214.04250456 2236.44908374
-881.105669559 1245.02938634 2380.89147169
696.272137148 1959.76517051 2402.13655453
-951.418918644 1572.10893271 2390.98439878
1466.98544582 2106.63178535 2360.94691761
365.524292099 1806.11697778 2414.91671143
1022.29460185 2009.33376002 2439.73558206
-161.926954365 1932.53193224 2415.68175761
998.83188689 1837.38389466 2320.94122394
1754.42669399 2255.96570409 2422.12001807
-787.148658339 1682.54533369 2402.62209927
-799.301770075 1163.23055298 2361.83566015
-546.636873389 1257.71646746 2458.15977316
-706.372197655 1361.15770517 2427.99708773
-299.566951078 1833.45284801 2416.03334884
-255.697872324 1814.60199873 2443.88116933
1688.43329825 2222.45361965 2421.955632
710.425890074 2122.96841975 2426.17278286
-545.752367672 1819.14843386 2430.55498803
-690.481634415 1381.88290455 2369.23868712
624.900195475 1914.94727454 2439.41949182
-228.529102669 1259.82764636 2384.05556334
-547.730557932 1545.00279861 2397.13177705
451.832959588 1887.65498308 2376.69016758
-599.654966409 1626.00459572 2418.88687785
-180.14522631 1890.69568085 2408.5186047
-1141.37849706 830.777123476 2229.03781419
730.314757504 1880.76276351 2429.63286688
42.3386151546 1679.30308388 2436.11847799
1974.52907988 2321.93858806 2393.48290844
-1403.73025112 1308.78263183 2411.91969743
-238.222860791 1578.06557235 2451.50646896
-531.338441849 1744.40969671 2393.18805619
-825.724852723 1777.57805268 2407.66149455
-346.859923408 1504.40756067 2333.76363885
-591.708661075 1827.18363672 2434.88050904
-913.876292816 1633.07357588 2365.29376125
945.832492998 1896.81932029 2390.98535511
997.189764113 2117.79754501 2398.6939805
-275.130088803 1857.54125787 2420.97817258
-804.616394213 1492.67792809 2443.257509
55.6125865625 1764.9725545 2407.9763415
-831.657952734 1920.15379994 2422.58865179
163.711607478 2021.19731542 2385.59020938
959.172488653 2075.82624246 2378.52207862
619.976251661 1993.31196125 2377.75624272
-652.098545407 1588.04511091 2360.91075807
1214.50883415 1947.37350087 2344.75255406
-103.699966361 1909.1848519 2393.08553708
337.699706509 1948.53717409 2419.3291638
-505.919250834 1863.32162095 2420.07595388
54.7274781122 1787.86559188 2437.8832334
303.949883395 1681.38588429 2418.80221454
-785.457281528 1575.43758646 2391.3225015
-1315.1632475 1602.69203359 2431.83391942
124.236397954 1962.00225226 2393.27117772
452.254460455 1603.38016829 2409.1828979
-850.33261461 1501.57044927 2386.81621341
413.233252171 1961.50640481 2395.90025769
422.677858292 1531.35755095 2352.45492176
435.614019448 1922.12429791 2404.54249298
115.902320924 2109.65375677 2391.72652677
539.553729256 1808.99842655 2393.26569114
-802.992928117 1934.40124637 2401.26686865
-176.213931563 1858.06852218 2394.26227769
-524.885137412 1833.95377341 2411.28038354
-539.264390791 1603.32964114 2387.29518297
22.34654374 1827.8646174 2389.42008398
596.565220779 2086.67607507 2448.90643267
864.626568834 2178.592269 2434.56983642
-231.385252756 1972.40327409 2433.95894611
-721.405273982 1504.57795333 2400.30977114
103.179475116 1714.22203987 2413.00915267
498.122049246 1951.20354284 2430.39028148
136.751448276 1804.880372 2422.44445151
-704.26366261 1755.4218673 2427.27115568
1568.07971079 2104.53065274 2427.52327466
301.765475125 1855.62021782 2428.49565181
-208.783515122 1764.4723065 2412.61081694
-623.935032515 1463.89186036 2426.8224073
-226.470029832 1952.25566202 2395.2652465
-661.677111493 1865.9754092 2433.10234054
1472.55316535 2167.64377242 2386.76357326
-236.195968216 1863.05397537 2407.24408508
-629.781927741 1691.4408978 2401.8878034
337.892008638 1750.991585 2409.26976475
-319.896926201 1715.44889084 2369.05960679
500.892944213 2060.38524637 2424.29438688
-869.729710915 890.61680523 2373.56169584
1877.11585125 2299.00650975 2441.62245147
-193.044988493 2050.06880542 2430.5950169
-1492.37788839 1322.88910569 2371.91087748
-203.229703239 1736.39327158 2413.53923541
-257.596919315 1775.43682006 2409.40617243
-678.092470196 1544.73658623 2414.93091265
-316.192240414 1931.6647666 2452.8375243
-815.09869945 1659.82471742 2389.12235647
-284.131969179 1754.89621929 2424.05634738
-693.253058597 1707.86787452 2457.4215808
-698.62111583 1828.99886182 2432.0991225
1138.54397778 2051.00829971 2429.06971745
916.13996679 2019.88623413 2426.21485984
2059.57178348 2319.49627624 2425.62275376
406.074515202 1935.40605582 2452.75624965
-524.727313929 1353.29892106 2437.83261585
-1090.93067274 1147.52536598 2381.0843922
-391.334845857 1523.04327738 2397.73651303
475.276091273 1831.80508617 2412.25689139
1600.1114682 2173.61461844 2464.39031052
-262.250829603 1316.91827274 2375.82896813
1772.53970471 2264.45117167 2452.62440184
-100.216736209 2011.78888811 2422.01848705
537.009836887 1946.51926181 2447.79141234
1271.98599066 2197.94100528 2405.95027342
1760.0545809 2096.45005295 2401.16263002
1266.63687035 2133.85007554 2417.65273472
80.1526222351 1878.77905738 2439.59579611
-1588.98040388 1613.06497941 2417.79210536
617.890183777 2068.05255772 2467.36963619
-1100.74281357 1537.70053233 2410.97890333
-112.832372463 1494.70118493 2445.43921158
999.261278059 1982.64178941 2443.13110562
-222.003950988 1513.63296958 2435.21131238
337.866834994 2064.21300727 2469.67726175
-617.227787418 1664.12618995 2448.96286395
-1066.85456879 1594.88440407 2475.78624305
143.168253489 1858.19082985 2437.31492094
-753.757314116 1474.9367116 2430.3555598
641.706361032 1872.83742642 2466.89500473
2103.43312893 2303.38727642 2433.67002339
840.551420507 1813.91050332 2453.18599876
-372.466407653 1947.18236919 2466.67762217
-666.129840034 1765.84834775 2436.68876973
-471.95190185 1874.46273503 2456.91866915
-510.046704743 1509.5506055 2431.42803323
1542.41796344 2126.77102678 2434.47640275
-662.938569835 1437.41563041 2402.59535529
-192.218337954 1474.08384914 2422.20799157
490.320671433 2142.16788169 2446.77643478
-366.750421384 1335.43703594 2367.03246141
422.363985941 1922.35913817 2440.96303796
-603.909676436 1766.61488021 2431.68321743
1395.75711698 2059.73706873 2435.16605923
1509.86317438 2140.86211037 2459.14280534
1015.13007893 1917.64643353 2390.18344436
-846.785708123 1587.85212885 2445.97848505
-589.40565851 1790.15048713 2399.89539746
954.544999093 2099.2508765 2454.94755302
1462.30030763 2081.98347319 2466.47417461
1313.07798443 2099.48530213 2428.58865206
730.772735984 2008.5867363 2432.43501571
-576.968772629 1301.9196746 2463.31996449
59.2399816632 1750.66215695 2461.55898547
-17.8588598511 1943.951916 2464.04938143
923.471902378 2098.977868 2446.45953698
1375.71840773 2230.22277802 2440.38073111
628.320620746 1989.85803025 2430.18731009
-918.006640444 1696.03330322 2439.63641847
1576.40636015 2131.33812052 2446.64309891
-884.47788424 1899.71194948 2464.23093129
641.701723046 1847.23249075 2424.49228821
-479.04254685 1803.32194248 2468.22336785
683.487543074 1806.6740942 2453.34358222
-169.758119287 1818.41339478 2431.69898269
-733.617543121 1939.22203519 2413.19548724
673.947209677 2030.30495937 2455.75879258
1346.34388723 2115.84332557 2426.88814893
1566.65069559 2200.691781 2468.81614226
366.948714936 2117.54657054 2463.05061163
-212.685587576 1767.05910473 2368.87569624
1327.49072646 2097.41565049 2414.05812666
-244.075061889 1796.79640857 2442.50607517
33.7793663018 1829.95487387 2465.79889273
414.894605318 2006.27053937 2446.16472902
642.305665787 1820.5122793 2477.95541717
-456.267307257 1569.19197473 2430.38653236
929.81524145 2120.28958227 2480.87959231
-819.876414041 1914.46022369 2449.65551705
207.805701435 1941.69761083 2447.32454606
-234.37836898 1777.22329063 2425.63805149
102.589827666 1907.84552824 2454.83312518
-318.334265699 1893.42168347 2444.02372768
-279.481702355 1751.53759118 2469.18787573
772.653434246 1967.73345142 2456.54864559
1586.28841451 2207.07091333 2477.74151123
-562.337133504 1618.19564935 2454.53450718
391.760667865 2053.82970334 2468.02199353
-36.8593680277 1402.53357532 2438.97016928
701.630210113 2042.62342816 2456.60901916
-708.158026695 1773.12389395 2449.92621251
311.956385059 2071.17945659 2466.70053644
-793.217694011 1867.60906832 2468.72879785
377.242194904 2026.80676148 2474.92895099
-27.1201762049 1786.32182097 2432.43263278
665.994049354 2091.84923439 2454.98063868
-157.447801454 1903.62162601 2431.78016051
-389.491969571 1773.85614281 2448.63412016
1863.19208057 2286.41457444 2455.29514327
-716.775274182 1854.33898037 2456.50652155
1262.45240804 2048.83046762 2456.96827066
1864.46708312 2274.22378634 2460.01165402
715.481673924 1843.57616321 2415.32706394
-685.150823303 1757.65471404 2457.94277632
-267.291633511 1612.44708042 2366.83344083
368.981286916 2103.43305828 2471.97530881
-663.301656939 1391.14045832 2461.20271796
1062.65717274 2197.45754275 2462.64035952
1324.42881605 2138.92862709 2444.56602395
-591.192526352 1418.19375822 2465.74044391
-552.113598893 1862.18834649 2465.88124562
1518.94837264 2160.22135787 2465.12233142
-307.265989997 1747.18755463 2465.90407641
140.499530608 1547.44323086 2422.55177439
964.259424049 1991.38747592 2478.38933629
-1774.42300271 1528.56467762 2430.96668617
1885.9665473 2231.95865884 2445.33821688
1231.32278254 2086.23585117 2476.75248066
-1049.22113263 1934.49190493 2479.62122106
697.85114995 1870.62386518 2435.27170325
1024.55868686 2089.87246661 2456.34100051
-863.303309697 1348.75162536 2419.32027113
1222.95088848 2051.40053013 2438.74944951
14.9017562737 1952.69364779 2475.30939224
699.95730846 2004.63969051 2479.45272773
-967.112926118 1341.54113405 2466.07275321
1627.01997066 2180.53506945 2431.5696641
80.5001206961 1573.9191734 2325.85946177
19.7294258844 1437.90410986 2417.88037812
-23.5215917804 1726.14483564 2442.49550037
-530.23799249 1971.04809777 2445.64905447
1630.60666715 2253.94438654 2474.34785347
347.838651906 1983.91192811 2444.78541257
-28.0612717399 1906.26628658 2473.48734079
-705.478111151 1553.21257885 2465.08512533
-139.146881564 1922.74464521 2478.88251021
171.494074829 1417.24521304 2460.8133887
1281.09517123 2078.01422394 2468.69301653
418.142848186 1994.09998296 2472.56586873
-283.60066945 1454.77620278 2469.53719015
1299.44984367 2099.30990996 2466.89488406
113.87350959 1854.4949464 2475.83990843
-665.18994132 1723.44525166 2470.33332603
666.001509777 2013.14435688 2454.26874664
-380.407814889 1827.7237375 2511.27025453
-601.282477809 1971.49078533 2470.70793228
406.575908082 1721.43389293 2457.91085195
1349.80454354 2164.56701154 2472.94034898
842.367643518 2044.03504389 2487.35338291
-720.887670563 1751.59830988 2461.12581025
-1029.47592189 1793.46702008 2492.70312608
-268.811046736 1926.75525696 2477.54095983
-1291.30535568 1236.35753948 2491.50293405
1536.2848114 1935.63083332 2439.90252308
657.568251294 2097.81283935 2481.18482796
1268.281801 2058.00784409 2522.81733562
1457.70671401 2239.0288469 2489.84870233
-215.423232289 1642.21595778 2510.15976494
-444.726431238 1661.03996762 2481.58455624
1036.0004882 2010.16600789 2483.87962201
-197.885933583 1992.93801945 2488.19178879
-41.9888734922 2040.27636941 2503.97668055
1278.5643855 2034.14302855 2482.70220259
745.209468779 2268.96731704 2499.77883784
391.242879473 1988.50735379 2495.95616253
662.378778408 1584.93850708 2461.05341717
727.131612886 1954.76134598 2440.16115421
-746.406975876 1405.62406086 2455.18627162
-710.865660929 1527.80811845 2500.22270853
143.377168315 2010.35469851 2483.81512641
-31.6525011091 1758.02821886 2490.67160364
-107.689572292 1721.57219351 2458.07666229
705.243339898 2039.41913654 2509.64468279
384.266706908 1617.25716 2507.69268227
903.64209069 2062.68225237 2504.71864995
1643.20760549 2308.74686647 2490.0394713
444.934829372 1592.76230921 2479.54703384
984.332405494 1988.08766749 2505.30283901
1206.79983883 1934.88311793 2479.7990437
-828.601660971 1860.1692528 2499.22203572
433.320129627 1764.45179055 2512.45870583
1579.07409861 2210.19095768 2490.12224582
681.381322992 1889.94833611 2485.38534294
-417.324529499 1675.82941973 2470.44806811
35.8460175003 1709.45132411 2512.73326604
431.542610158 2252.42132675 2499.94977249
47.3583649921 1852.18268168 2473.98260548
-863.69216703 1716.46824172 2487.09894746
993.665910077 2031.55483163 2483.62818356
-743.398507758 1572.09909285 2481.49149031
1312.76794745 2325.00369323 2515.23656447
-102.096839839 1880.61860062 2488.70168599
845.548165076 1807.47425074 2499.89403167
951.562186201 2084.99888947 2499.23296857
405.154732336 2034.80594918 2517.05443097
-721.240020906 1384.42697885 2488.44140556
112.427233672 1769.14805026 2466.66944023
1008.49042034 2141.81862755 2507.66376867
670.054471847 1747.15057045 2482.55075106
-446.132609192 1765.52041993 2489.90697442
-527.656447328 1678.20107006 2472.79923457
147.193075418 1805.3255232 2478.86757097
597.880553196 1777.72655757 2455.63455145
228.340590638 1736.44880862 2517.79702895
597.486268401 1692.64295266 2489.1392912
-70.1710881354 1848.11826777 2416.60028936
1307.79655865 2102.3911945 2479.45308556
-721.311300682 1457.65022586 2482.05622195
-207.093071202 1674.56506435 2460.25479814
168.93969626 2090.48981247 2479.17379882
252.215215948 1920.49417791 2508.22761399
-304.802793013 1605.67615482 2459.98369315
24.286908885 1835.8244006 2465.41042718
93.0236834557 1672.96640784 2448.03528947
-372.568815048 1798.17859895 2477.34379351
1264.60381273 2097.29519807 2461.86649913
-541.755421598 1662.60073903 2487.16922799
-304.376820351 1944.56307711 2460.08345259
4.63815227818 1911.38079211 2492.72722108
1965.73528818 2384.33469733 2477.31006711
1533.75382221 2269.0298685 2486.52339742
-727.858257538 1689.81425613 2499.64606456
434.056260437 2085.59677526 2483.66148705
1004.27623918 1990.33989572 2480.81170372
77.5400950761 1788.69799605 2481.20444664
-443.505583936 1934.66838072 2434.60201527
1268.03898031 2316.77382216 2493.90871958
2151.86086035 2338.56097023 2469.635868
1352.5337247 2187.85256878 2488.62488173
-57.3262161089 1876.77751447 2492.84502682
1551.82029828 2125.00873828 2477.39161007
133.528449395 1887.27309533 2461.07021138
589.220236642 1736.43105353 2440.91341788
375.291258677 1975.76500869 2464.30552537
1851.75982591 2302.46665704 2487.55707144
171.03889058 1903.23835428 2480.34647313
-367.980544535 1368.76974672 2467.81190492
-1029.70654368 1481.57394391 2478.92475987
1361.54205831 1987.02593057 2464.8739765
831.466833447 1847.19539402 2468.95641005
1637.74186125 2214.4191195 2481.16799444
1898.527991 2265.89826147 2494.43721479
-453.33205426 1518.33981087 2465.56704185
-270.804951804 1695.58693894 2476.03722569
-395.117332784 1858.20712386 2494.13495342
634.900432291 1716.61550124 2470.74854895
1610.05574718 2220.99068404 2460.39775199
1188.72843982 2210.68501771 2485.00771538
676.019584928 1842.74866142 2474.49676252
71.1512293528 2032.93291273 2462.30795441
1575.10313522 2210.73965853 2515.36932896
1178.92315774 1969.43843657 2489.53357031
615.421991613 2019.75606817 2499.32016875
-1455.54612596 1712.06500967 2429.18850372
-1205.20010318 1562.15498402 2481.79234749
619.009489758 1947.34738595 2503.05880671
1066.70678953 2111.87557583 2488.60042552
1030.51681436 2231.58999871 2484.46144328
-175.032952811 1856.56173835 2508.94621644
1081.8345642 2221.16632582 2505.45722722
1315.399083 1970.20299969 2480.37163746
1629.00839061 2186.13999597 2486.97969568
680.528446184 2031.76371243 2497.21731344
1302.11028602 2179.51461566 2461.9443264
1019.69199659 1997.85245478 2488.56120828
-532.000441927 1856.64207657 2450.7361233
850.275322027 2014.67788729 2503.84468123
49.0144329045 1676.06247553 2515.87108955
668.327698772 1812.30422551 2485.88784089
162.912278526 1823.51282027 2494.07350801
-81.2925729962 1589.11114396 2491.31370658
1542.70074544 2267.31757228 2505.45567136
-643.624139937 1582.71664774 2485.44336857
-261.037117156 1576.45967057 2454.24626212
708.784960286 2082.03313229 2484.61258843
732.912555335 2083.77341784 2493.26204781
-605.200838937 1833.93268879 2508.48530464
1583.89976684 2181.49461615 2493.7712165
1600.96802371 2265.69405778 2482.69610376
1926.11971523 2253.69734793 2500.73761363
1622.2695324 2165.92153262 2496.55120691
197.766980257 1613.5850062 2475.9210595
643.989279321 1725.73205222 2449.54196361
61.2578260013 1889.34503956 2478.18995369
35.9470364009 2015.07046249 2474.19606681
679.75510525 2101.0229621 2467.32995064
1072.10955308 2238.88243302 2490.37910715
103.237504723 1983.43217212 2490.25905515
-743.587820667 1658.08499919 2460.90272858
7.67832057754 1784.36905155 2491.4534663
1566.18010563 2335.62738983 2507.25844431
-7831.59028723 -657.786950817 2315.42077705
-2355.26948561 -489.720487515 1790.51979427
-10469.9165758 -1878.61008311 2384.95098182
-2164.01540503 -96.9959662373 1874.45880839
-4651.49488621 -893.641020267 2101.90871913
-1957.93135041 311.773957986 2249.1525237
-1826.86922348 349.427124331 2314.78873335
-2654.29191514 -171.151906751 2172.33102573
-4930.65570907 -45.0806503313 2331.86179927
-884.709759933 1015.39254969 2306.81464159
-2158.05777871 -6.9176410212 2390.02507322
-2685.69146748 -472.428330427 2305.67217958
-6316.40755158 -267.427273274 2253.23150983
-2082.30175903 -50.0245928156 2304.22625152
-1436.54399494 789.485411003 2240.90039088
-2413.4017859 -25.442092702 2298.29784987
-2678.76100986 -377.70785625 2031.81939848
-962.317975428 1272.33892123 2445.33707041
-1142.0831012 924.134242793 2371.71711818
-2002.86320758 -107.600716438 2226.04560895
-738.497837001 789.749526387 2396.97438838
-2903.46099195 377.780498767 2440.23577167
-1616.58297746 813.149286729 2288.69675697
-1241.13394096 506.516474738 2337.73035502
-2942.92125208 -347.467402836 2351.56774442
-1276.35875964 349.980697011 2393.15129686
-814.457228773 899.955428551 2209.13363097
-1652.96230805 521.756501764 2360.84012966
-934.237251688 1827.89529013 2424.59609988
-2745.64857401 -343.30689384 2320.62061768
-895.100158531 1216.04506656 2381.1950618
-6675.07342423 -112.26173062 2396.12661852
-2783.42641894 -217.299401373 2224.19448552
-2669.56508839 145.752499803 1958.03338219
-1166.87110038 1303.99074376 2167.71719047
-1526.69843039 616.330283492 1741.75418257
-2544.0291702 378.581384594 1919.67348712
-1339.97850761 1224.58755691 2389.52744064
-773.82585821 1034.27188433 2360.12315631
-1182.61290731 1403.04306605 2317.44262418
-2676.53459369 -51.9833160787 2234.90398462
-1527.66044953 773.177640021 2431.90010873
-2668.97910341 170.503400615 2283.28754669
-493.951703442 1791.97875221 2427.49479769
-1413.08016757 555.186133582 2415.79843145
