-25202.8804399 -21729.9440992 -17975.5491256
-25629.8452402 -22772.1811268 -20046.6075709
-24999.3167911 -20695.5523842 -10235.2613151
-20452.2004547 -15542.7003139 -10973.3207974
-24393.9074729 -18325.0611209 -11678.5000323
-23278.951794 -17151.2806513 -10378.3545426
-21057.2792098 -13411.0728039 -5986.41423723
-17677.4712103 -11252.3132662 -4725.96592377
-19636.4082438 -11899.0288861 -5135.30732569
-13026.9834166 -7510.39011983 -3446.22694065
-9379.80350958 -5668.2946891 -3136.72853005
-11797.2593882 -7302.83421202 -4034.89845839
-5267.91434131 -3849.85310546 -2748.00042891
-9336.96785891 -4350.94784562 -2852.75627968
-6886.27921083 -4297.70911889 -3451.65325163
-4542.51685571 -3401.24642829 -2728.4655612
-4054.34700871 -3287.82227516 -2792.72513396
-4164.60592532 -3147.71974533 -2717.3596464
-3151.05918214 -2871.03759358 -2573.22725949
-4668.46578642 -3168.36930746 -2477.64227909
-4311.66956026 -3129.61981237 -2312.53902293
-3023.22105683 -2507.46590073 -2031.94785641
-3615.60283857 -2750.45221666 -2034.80640605
-3021.80478553 -2437.33068401 -1809.40689253
-2550.6339461 -2124.75193178 -1688.9447726
-2446.22125192 -2180.63249637 -1896.51089386
-2450.36513647 -2031.92334011 -1641.4171453
-2697.57112458 -1940.11817124 -1277.67877643
-3107.66822566 -2010.74926017 -1456.77608706
-2488.99488562 -1900.42356054 -1215.5462717
-3615.56949858 -1842.72825251 -1040.02084407
-7564.20228128 -2656.29807371 -1002.33822
-4209.41940094 -2226.21315733 -1328.99618377
-3084.85132609 -1670.90777484 -960.235468574
-6564.98155119 -2333.23294449 -1031.09562147
-3907.40061917 -2108.09146666 -1140.12341318
-4130.54594046 -1844.54662088 -921.385814216
-5000.74189827 -1859.98828461 -858.710094573
-7536.0693657 -2867.1062964 -1074.56162405
-7591.3115077 -2747.4323409 -512.169218349
-4486.30830745 -1941.91029687 -924.018065288
-6984.68756948 -2727.6648725 -994.130145699
-4456.35715885 -1545.817987 -722.917062057
-7467.52760696 -2344.02561107 -575.905928976
-7957.49261122 -2986.93866474 -727.949778684
-7718.2978585 -3037.27794558 -1132.91211557
-7856.95934253 -1975.56181846 -603.032709055
-7613.75829846 -3130.72885691 -996.634300862
-7710.52477809 -2281.62589266 -667.356554343
-8337.87616486 -2032.16407683 -647.019626672
-7072.14632059 -2989.02851683 -697.509109574
