0.5398 0.59266 0.6
0.57236 0.595208 0.6
0.51528 0.579344 0.6
0.47348 0.54388 0.6
0.53044 0.582744 0.6
0.46372 0.55252 0.6
0.35972 0.500588 0.6
0.314 0.466604 0.58696
0.33056 0.503084 0.6
0.29464 0.3987 0.53516
0.29504 0.360008 0.4702
0.30408 0.389172 0.48188
0.27884 0.30982 0.35016
0.27352 0.326972 0.43392
0.29724 0.32738 0.40912
0.26952 0.301256 0.3456
0.27804 0.297748 0.33052
0.2698 0.297268 0.34372
0.269 0.288352 0.309
0.27416 0.293764 0.31636
0.27204 0.295528 0.32136
0.28176 0.296124 0.31148
0.2746 0.299336 0.34836
0.27572 0.29874 0.32596
0.2834 0.32998 0.36672
0.29168 0.317632 0.33984
0.29788 0.317832 0.33436
0.30328 0.334296 0.38376
0.30888 0.3455 0.42332
0.29292 0.348508 0.42748
0.29116 0.409796 0.5254
0.35596 0.436104 0.6
0.3188 0.405176 0.55136
0.357 0.432664 0.53284
0.34928 0.453376 0.58904
0.33036 0.402272 0.55992
0.33924 0.433568 0.56332
0.32632 0.405 0.57208
0.35136 0.474072 0.599
0.32304 0.445184 0.59972
0.33688 0.438528 0.57216
0.325 0.456792 0.5962
0.34224 0.446736 0.5708
0.34372 0.428776 0.59668
0.36336 0.467268 0.6
0.34288 0.482276 0.6
0.30924 0.436188 0.6
0.31704 0.460024 0.6
0.36132 0.468104 0.6
0.34032 0.41158 0.6
0.31188 0.45298 0.59848
0.56876 0.596876 0.6
0.54688 0.59208 0.6
0.6 0.6 0.6
0.52032 0.572292 0.6
0.54432 0.578112 0.6
0.5192 0.581056 0.6
0.51632 0.547068 0.6
0.45568 0.536012 0.6
0.44256 0.524168 0.6
0.32284 0.489812 0.6
0.40296 0.509244 0.6
0.48788 0.534592 0.6
0.29744 0.393248 0.49712
0.2938 0.372476 0.4318
0.32392 0.38936 0.48976
0.27396 0.305016 0.33856
0.5448 0.568576 0.6
0.27036 0.321392 0.44624
0.27024 0.341292 0.44176
0.6 0.6 0.6
0.46432 0.57764 0.6
0.49488 0.552648 0.6
0.42776 0.536008 0.6
0.49024 0.56432 0.6
0.43376 0.51184 0.5744
0.34468 0.500156 0.6
0.4912 0.551284 0.6
0.28908 0.466952 0.57488
0.30356 0.465948 0.55024
0.40196 0.46276 0.57248
0.29464 0.435164 0.54864
0.27824 0.408656 0.54864
0.31572 0.43388 0.57296
0.29184 0.386604 0.51416
0.33912 0.418412 0.48568
0.27276 0.350328 0.43536
0.26928 0.316688 0.3664
0.25988 0.299612 0.41072
0.28612 0.312892 0.38772
0.25916 0.289896 0.32492
0.26556 0.288492 0.31884
0.26016 0.288868 0.316
0.25008 0.291544 0.3348
0.266 0.274324 0.30504
0.26864 0.282008 0.31068
0.28352 0.300424 0.3208
0.28088 0.30302 0.33408
0.28692 0.299648 0.32456
0.26752 0.308832 0.36724
0.25296 0.2923 0.31836
0.27048 0.310392 0.35764
0.30056 0.329232 0.38164
0.29044 0.336576 0.4178
0.2698 0.339972 0.41096
0.33256 0.37632 0.48944
0.29496 0.362028 0.45692
0.31008 0.360756 0.41924
0.34628 0.393488 0.6
0.30004 0.381228 0.4764
0.31892 0.383256 0.52736
0.31796 0.424028 0.53616
0.3416 0.393136 0.45264
0.33496 0.420484 0.57
0.31824 0.3647 0.39376
0.3112 0.399076 0.51504
0.33668 0.442088 0.58372
0.3366 0.414404 0.588
0.36348 0.42386 0.52072
0.32432 0.441136 0.53284
0.37064 0.461756 0.6
0.34276 0.473364 0.6
0.37572 0.486548 0.6
0.34708 0.456488 0.6
0.35008 0.447808 0.59456
0.33124 0.458216 0.58464
0.35292 0.461528 0.6
0.33044 0.439696 0.6
0.33784 0.420588 0.58176
0.35384 0.402524 0.5356
0.36664 0.47404 0.59072
0.34956 0.430908 0.5154
0.36116 0.462048 0.6
0.33952 0.479644 0.6
0.32152 0.443416 0.6
0.33624 0.451124 0.6
0.34368 0.411784 0.52588
0.3556 0.453836 0.59664
0.32896 0.424688 0.59796
0.30016 0.434424 0.59228
0.3246 0.414576 0.6
0.36104 0.494404 0.6
0.31324 0.433556 0.56952
0.35484 0.438144 0.5548
0.35552 0.489216 0.59376
0.34932 0.414628 0.54024
0.37748 0.48684 0.6
0.344 0.405532 0.5584
0.35128 0.484272 0.6
0.33352 0.415492 0.6
0.3224 0.430796 0.59456
0.35768 0.455832 0.6
0.33356 0.44688 0.6
0.36044 0.4585 0.6
0.31848 0.455152 0.59744
0.3308 0.453644 0.59868
0.32824 0.455148 0.6
0.31976 0.445124 0.59792
0.32776 0.509692 0.6
0.34388 0.434864 0.55952
0.3148 0.443716 0.6
0.35 0.415212 0.49776
0.33104 0.439296 0.6
0.3426 0.454664 0.55544
0.3324 0.44352 0.56224
0.3354 0.450432 0.6
0.32356 0.455924 0.59884
0.36244 0.442756 0.6
0.3778 0.49238 0.6
0.3482 0.457544 0.6
0.32876 0.481488 0.6
0.35624 0.479404 0.6
0.33672 0.440672 0.6
0.316 0.423188 0.57712
0.37752 0.427108 0.59568
0.34876 0.403752 0.53608
0.37108 0.481392 0.58944
0.35988 0.438388 0.536
0.34408 0.39038 0.49392
0.3226 0.461496 0.6
0.35932 0.467676 0.59424
0.33792 0.461504 0.59456
0.33116 0.480196 0.59248
0.40908 0.490392 0.59232
0.33424 0.405692 0.46936
0.32872 0.45192 0.6
0.34468 0.461336 0.6
0.37832 0.464184 0.6
0.35132 0.476116 0.6
0.34464 0.438948 0.6
0.341 0.40668 0.48944
0.35164 0.449796 0.58304
0.33664 0.422084 0.57848
0.34484 0.441512 0.57184
0.31252 0.425216 0.50044
0.31704 0.453876 0.58304
0.33732 0.435892 0.6
0.3654 0.495884 0.6
0.3432 0.486216 0.6
0.37156 0.458176 0.6
0.3368 0.466708 0.6
0.31016 0.43624 0.58456
0.39868 0.491772 0.58464
0.31848 0.47668 0.59232
0.36112 0.473212 0.57516
0.32368 0.427464 0.59552
0.32572 0.436156 0.58152
0.3636 0.471284 0.6
0.4272 0.545476 0.6
0.37188 0.497784 0.6
0.34332 0.424156 0.59892
0.33452 0.454268 0.55568
0.3536 0.458936 0.6
0.3188 0.447248 0.6
0.32936 0.485488 0.6
0.36036 0.489296 0.6
0.346 0.49018 0.6
0.41488 0.511428 0.59976
0.39328 0.516664 0.6
0.37356 0.482192 0.6
0.38008 0.469344 0.6
0.39664 0.517648 0.6
0.36388 0.476708 0.6
0.35344 0.504064 0.6
0.36116 0.459716 0.59136
0.30868 0.463708 0.6
0.34612 0.444024 0.6
0.35644 0.491092 0.6
0.3668 0.472136 0.6
0.32688 0.446832 0.6
0.342 0.451436 0.5976
0.33532 0.438148 0.6
0.3276 0.445312 0.6
0.35064 0.429928 0.58352
0.35152 0.43204 0.52756
0.39704 0.530936 0.6
0.32492 0.432672 0.6
0.34408 0.453016 0.57664
0.33024 0.46918 0.57644
0.34044 0.458488 0.589
0.34104 0.43666 0.59116
0.37764 0.487532 0.55628
0.33436 0.470088 0.6
0.35 0.419172 0.58772
0.3482 0.479588 0.5976
0.38068 0.48426 0.59964
0.35592 0.502864 0.6
0.30148 0.498056 0.6
0.36912 0.489076 0.6
0.33748 0.462652 0.592
0.30788 0.448544 0.59072
0.33136 0.511056 0.6
0.36784 0.478268 0.6
0.32656 0.408228 0.55316
0.34284 0.400092 0.51948
0.37604 0.461516 0.57496
0.344 0.456384 0.5958
0.38352 0.47276 0.58992
0.33188 0.469336 0.6
0.37972 0.459284 0.6
0.3638 0.438224 0.57452
0.36496 0.526176 0.6
