-1619.00317027 -168.485211519 338.342120754
-393.404871555 49.7426489327 446.837716987
-685.031921818 26.3510029187 363.276051563
58.6257296804 281.494333066 460.223535088
63.4071433856 326.728905885 535.863514662
86.8562948388 247.23001908 520.308880537
182.617102748 388.512200585 524.515879224
172.569927307 367.172547899 463.714011632
205.711507233 347.403813766 520.1213542
196.036964005 452.430175641 577.265097992
258.509410308 475.790492464 655.04572455
292.760163602 472.133168986 626.274810128
-90.4750811576 421.397455763 894.165593512
363.015921335 491.056471476 652.090860496
184.096406707 379.351631083 568.072066556
331.469217323 440.152571127 579.709281795
221.866301997 464.205253024 663.060681266
398.989810437 535.410437068 745.228099927
183.731341486 459.31419896 679.755781596
283.932685205 467.864349004 615.080546211
235.035000364 435.054402081 589.145524526
288.75142495 402.729982369 533.436446569
171.913003601 422.713643947 617.147046615
316.570988937 528.56706118 677.949366044
245.718402051 489.097591763 661.444880338
366.949348469 499.593814059 597.602987182
222.473554296 501.337194236 712.577208219
272.23782601 462.879661235 672.389848209
261.588542372 462.896562563 716.917542459
206.905627457 494.187651547 695.197583157
509.58669084 563.464464258 696.409330337
358.188405427 501.188503948 712.247610494
291.33161049 512.183911067 721.829714459
289.333098372 516.654042969 701.541053225
446.792456179 539.425056646 707.244962509
300.108397732 503.342493491 730.150834061
375.519712946 523.43785077 670.443947256
433.617171166 545.996010939 632.322085273
331.23034898 522.49962068 704.625984977
294.772332265 471.935175203 579.403929932
337.09556428 548.388299166 816.490391525
235.033865142 496.062567475 707.662738074
416.909071668 524.833564741 680.259233754
391.089480529 525.394734216 642.308958354
347.735610346 552.6456684 772.433918945
304.402842214 516.813700021 673.09424537
342.508657736 502.317343312 708.609430659
371.291066348 529.964360854 633.969367596
409.987671232 543.536341534 654.24748014
423.502187704 577.164024937 838.261753313
322.000386856 533.631396954 714.711756979
249.010251033 484.140334794 703.950241345
327.767383548 507.901318795 699.621996568
285.723023421 560.645174235 779.767537303
455.862460309 612.034940381 825.984304529
324.440370191 555.549491032 817.412299229
439.047235496 613.14004223 782.13364636
412.611004623 589.151176092 804.140256988
460.826327042 554.104196466 725.896957954
353.438665643 538.113595788 786.124580272
405.917887068 584.573924238 867.482179909
382.765530518 551.36236114 668.96628721
476.610192488 581.955266721 748.590294685
321.724303285 629.236630239 834.394620755
347.536262143 605.582556881 765.61579675
305.89699316 528.181660894 686.549091123
159.697344666 482.994196498 676.181946045
427.313313824 587.652688087 705.968625157
192.458071154 551.306549447 764.593619882
334.950674374 525.525215838 737.670352625
433.914522898 556.741755049 627.785793332
323.908796003 513.287890859 674.790093988
441.116989269 590.057636292 749.004174478
459.063574443 575.328137767 661.807955922
414.907735993 576.464153673 702.512130198
371.566138576 588.829269954 749.732318017
362.515995415 557.429227731 843.982210093
370.014070032 563.448274504 712.297417077
363.008955586 542.947597082 869.308640425
434.884416538 677.951195833 925.051944528
321.816105501 574.549123339 725.2452839
374.089280005 587.001193614 717.32497752
