602.451137288 1361.52704582 1835.79935841
608.53959705 1409.02861234 1966.85907902
1317.06151874 1583.96347626 1838.0845089
941.236392641 1508.71282773 1807.67615646
718.768396634 1410.28468798 1749.45378194
646.270951998 1563.23922502 2140.4049414
411.654565345 1426.81075697 1916.32709406
1087.63678575 1602.10457544 1961.14051781
1269.41891582 1571.94024221 1907.31684193
1255.55973123 1586.83031583 1803.65598113
784.109843108 1354.10700851 1708.08231493
519.212436196 1457.23363439 1763.9497989
1382.72219712 1643.6521751 1860.29413159
751.699402535 1417.34612964 1763.48088279
822.395222154 1431.81006626 1846.06438327
942.978255754 1529.117006 1778.1143495
1426.08319975 1673.85545478 1919.71249908
779.44540865 1551.73176859 1929.40025324
1126.17440754 1574.61405156 1764.27083987
563.668486069 1490.21822705 2011.2543263
1179.13045629 1643.60986199 1807.63386465
1184.58678071 1560.06272674 1833.53229788
809.552239594 1546.73982322 1914.68947509
1443.9488189 1630.28241858 1907.80870778
1138.45943913 1542.96429165 2024.22568471
1315.91955861 1626.62789189 1817.67181015
1556.44966858 1678.47355885 1777.17430544
1348.27617078 1638.75706992 1940.13184517
1083.98494773 1615.74989676 1950.12435877
719.586088171 1481.29143738 1880.75124749
846.707646804 1583.93476036 1864.92456457
312.040094322 1466.98377922 1891.37052227
879.76502736 1448.24108253 1790.73797746
1154.25512595 1588.42095362 1934.63531821
1038.79899252 1589.90439473 1818.16971802
1135.67976536 1484.35675029 1752.3066836
1222.02202194 1536.18713205 1902.37464809
767.616532637 1448.44511557 1943.51637487
1031.23486429 1590.64293916 1869.50078578
920.593870357 1434.2498611 1730.03395171
881.503704701 1512.88418432 1809.94928733
587.420050921 1470.13457422 2027.83116323
1452.79561731 1643.38044107 1885.15470486
1178.02687226 1590.71263535 1807.04853261
1332.88498822 1602.85788678 1848.69172331
1367.64900847 1525.91605982 1671.83594962
965.091604401 1499.51919998 1721.39765871
1427.08034113 1653.16397176 1997.43464345
984.432481971 1482.17363429 1874.77137917
1545.33354705 1684.89015558 1795.37807116
620.922572793 1423.17064347 1815.38390349
1306.70367453 1604.68108324 1834.2419378
973.790158572 1428.84207767 1825.53086353
1227.92734035 1526.90181319 1809.87419522
693.44533453 1295.74916585 1733.00598596
934.410757047 1581.02994671 1968.50795949
1465.70364983 1639.70329844 1931.97198279
1302.92560094 1656.11986029 1874.99146373
909.256230036 1514.61259611 1838.73138153
1363.89458436 1599.97324376 1820.87084817
1093.40839515 1573.78284238 1945.92042538
972.337066207 1558.12785174 1927.40717834
1235.31874827 1602.40653904 1821.68680584
936.58608524 1582.57743302 1948.67870405
917.605124495 1583.19826384 2044.53012694
987.274689673 1533.16049053 1778.57738455
1236.26556982 1582.51381064 1997.10145176
999.100041535 1596.61129272 1916.30195029
1035.56736097 1524.99237999 1745.0877946
1450.25385207 1609.3670542 1797.21059848
1554.22831946 1668.15023424 1804.56352885
1389.65370772 1635.27881346 1806.0151671
1055.60724604 1573.00578099 1986.09425411
1080.67137061 1592.6051511 1835.91849868
1125.31633488 1587.63446785 1939.75718907
741.707292376 1578.04026881 1973.25358266
1471.40909682 1740.69916766 1954.27338336
883.863368836 1577.16519736 2014.14644325
1100.09160801 1475.24189019 1909.10046699
1242.72799071 1589.17617208 1822.21844839
833.614833157 1659.57640546 2037.10264125
988.150352367 1599.00151785 1896.00318024
1049.19658698 1478.37399783 1885.32156979
1438.72050918 1697.92564722 1859.18667694
1088.61904009 1717.78552583 1973.49578646
1302.7873846 1707.10722332 1977.67076239
856.540627573 1378.28878328 1815.16502375
679.116824649 1543.56215622 1956.81144817
1354.91528021 1621.65588575 1934.49487647
1195.81423897 1490.57762692 1887.22431897
327.565315151 1445.62484173 1834.29225612
1194.11328764 1571.66077706 1834.44282654
667.68104572 1522.56333781 1979.39659107
1230.38197375 1516.57135498 1833.64022426
1277.85361717 1588.69629591 1972.2830833
1165.25100204 1649.9040651 2036.02324847
1494.74219353 1698.04954503 1841.67997433
1028.94248275 1490.297826 1906.45034982
1364.46660383 1654.01301023 1933.41399977
1364.86662682 1723.7709774 1958.16437667
967.770921441 1453.17283377 1827.82862652
774.887452074 1433.56779605 1840.04151803
1031.24144691 1544.10236351 1923.45893745
1133.97828396 1581.84153889 1918.58939918
598.555925579 1525.59742033 1952.52850569
1414.07986543 1791.19465683 2016.24865208
1285.17183393 1695.66653535 1958.66449941
1185.71490246 1650.00894962 2030.99060315
838.119687163 1467.83635581 1897.20629106
1294.15144229 1655.22817946 1946.20110026
747.123016323 1384.49745644 1813.83631438
923.165713548 1529.90723887 1923.25083515
301.077108782 1581.56630118 1963.68135137
1289.81414584 1625.60288552 2094.92863841
1180.92118157 1524.44947431 1723.33700678
683.397206835 1445.89625716 1908.55322592
1009.435907 1651.61012735 2003.1714287
1153.03860272 1660.70949471 2056.26217637
1059.60167836 1494.58101897 1986.12285007
1188.94070106 1689.96051397 1934.29947877
899.053591327 1630.84285619 1898.61963179
1160.77204555 1517.23706486 1952.79330451
1434.34515299 1701.87654786 1923.0662395
1239.8811796 1634.95252152 2027.35096482
1357.9451504 1728.40572143 1953.64872961
1162.99348907 1493.42099841 1807.46314662
1142.33809257 1641.07613822 2003.58002181
938.790131696 1599.29685951 1942.75869272
1111.71901805 1515.43964882 1794.56593599
1479.77143759 1754.68552956 2007.43517175
1040.6681377 1614.57575167 1864.13018669
730.676761288 1564.0247276 1941.2944306
1157.4586416 1660.90526688 2031.48188413
1033.4693013 1636.61080679 2015.36031502
1210.17699693 1615.10781511 2020.75853978
1301.79954664 1634.99500728 2015.25117337
921.497921877 1559.23583491 1941.69012421
1287.94357989 1629.82714749 1807.6284344
148.163317587 1497.54408201 1886.18139162
1156.68317577 1679.98886641 1946.56517292
626.009797944 1487.0933731 1969.53895498
1240.68668857 1648.4159131 1996.44612827
840.811696593 1536.16834122 1785.35866719
408.486718019 1499.39793626 1954.27325839
1335.35593442 1649.85468159 1990.70680031
1191.51146623 1725.58475507 2042.23656482
1214.44027264 1731.00184827 2099.60376068
1155.27488108 1614.44406385 1941.65429825
878.35833992 1531.22097076 1862.6410264
1066.38093395 1484.04963279 1774.72946481
1406.29449053 1681.19454798 2003.9694103
1001.28052684 1597.01581711 1938.91344245
1320.02831201 1623.53831352 1845.98479663
1390.81205136 1626.16695088 1909.48157485
1532.56692877 1728.51189376 1892.88705613
1236.28123083 1743.94243843 2054.73301281
1640.12551574 1761.06250735 1930.37929832
1247.3653347 1648.33260963 1998.52199206
1450.13543826 1778.83412591 2045.72990973
1298.9234084 1655.01212274 1927.51345343
36.0137573101 1463.53179105 1899.82751345
1406.44539565 1679.92620288 1941.47769911
1389.8612597 1771.12954437 2010.04696648
1416.16953578 1679.72037207 1997.65280799
691.932989489 1538.87021825 1977.85439425
1201.83153252 1577.63883152 1919.19099315
797.851700178 1527.2564299 1969.97147575
843.23213098 1653.85565261 1922.72590802
1409.3964213 1713.77705824 1888.75025827
