0.3476 0.392416 0.43068
0.36 0.386688 0.42964
0.33216 0.376224 0.42204
0.32204 0.363124 0.39512
0.33956 0.3746 0.41944
0.34264 0.372056 0.3966
0.33808 0.369544 0.4158
0.35448 0.37924 0.40164
0.3178 0.353196 0.38296
0.33444 0.385912 0.46156
0.336 0.372088 0.40952
0.30232 0.352536 0.38368
0.3218 0.364348 0.41392
0.33596 0.35912 0.3906
0.36972 0.392896 0.42436
0.32732 0.359604 0.41836
0.32412 0.38104 0.42524
0.324 0.363068 0.39068
0.3328 0.373476 0.41136
0.28592 0.36206 0.4026
0.34764 0.36798 0.4094
0.32524 0.361324 0.39972
0.34608 0.361224 0.38532
0.33032 0.363784 0.39224
0.34572 0.366892 0.37976
0.34644 0.371068 0.4168
0.33008 0.3653 0.38248
0.33492 0.372196 0.42796
0.33604 0.365104 0.41904
0.33268 0.364984 0.38492
0.31964 0.367028 0.4156
0.3276 0.374832 0.4
0.318 0.355116 0.39036
0.31048 0.374608 0.43836
0.33244 0.357656 0.38208
0.33744 0.375504 0.41876
0.33 0.369236 0.39284
0.3188 0.365432 0.41876
