185.215241183 346.845700871 471.635127983
123.923707444 390.889633414 576.68273023
188.258996098 358.774845341 469.75404431
227.860913446 386.863945134 502.965051122
200.787487972 406.312888737 528.987937232
319.021939412 410.548112072 498.324523217
267.53148813 403.377149426 509.260200348
316.382764646 389.446781214 477.551029637
160.011306774 399.428861142 524.488029092
125.151387989 373.831318338 570.055172007
266.844967574 384.793489836 563.931341009
155.241194887 338.889797019 496.174596359
219.823157413 369.864456731 579.483805809
390.006665774 465.697048941 555.251145221
67.7809249333 391.105781206 521.252713198
239.646431039 421.87925583 688.327173754
218.3026545 371.05811215 487.262578016
332.316034831 414.36451726 530.967663952
272.493562316 410.523974455 567.070977901
6.23041350497 413.209360026 587.973985545
303.950117296 468.259881883 620.266183163
295.436117779 454.569992319 641.511224888
344.98760056 458.150232404 543.033636672
294.593563903 444.104014124 591.519951174
391.904067526 470.285477454 569.063054405
218.573573869 465.835374385 614.569002596
312.528046732 425.458326301 517.535414007
173.888417668 409.008191341 539.700261981
332.911642467 405.176723925 531.613044309
339.698966417 475.132245414 634.546798989
266.583315748 431.182747358 572.931171281
309.091795828 424.674605847 501.026661656
190.323034973 420.686381424 583.792132705
18.5690917034 381.973417066 571.565459782
322.795135821 464.048579698 583.719240193
271.847220433 404.189292683 545.139189945
394.312046735 480.39356023 573.549436777
316.388440653 415.672254309 567.025900149
301.4586803 497.011034487 577.184915882
383.735386557 467.48566583 564.328363568
376.311713748 458.580010345 580.670784481
267.886670898 436.223037374 500.304994629
291.407741795 444.402680132 592.132641596
290.925495379 435.331055206 592.326219414
103.788769966 425.766419596 549.007140011
272.487086282 493.375251521 574.101622632
297.817436608 460.359528963 569.102281385
322.217676588 453.376208097 586.825352449
348.723795436 424.275606417 499.582678049
248.442928488 485.034754974 595.475290225
417.115992443 468.601591236 610.638533455
321.179153378 461.944522516 597.944042707
388.898245576 488.133366987 624.147295534
