0.1624 0.17862 0.2008
0.157 0.17312 0.1864
0.1584 0.1761 0.205
0.1614 0.17436 0.2054
0.1518 0.16838 0.1804
0.1668 0.17606 0.1842
0.1556 0.1732 0.1916
0.152 0.17016 0.1908
0.1612 0.17466 0.182
0.1534 0.1646 0.1776
0.1656 0.1756 0.19
0.1552 0.1703 0.193
0.16 0.17318 0.1874
0.1648 0.17358 0.179
0.1654 0.173 0.1862
0.1626 0.17422 0.1958
0.1498 0.17038 0.1854
0.1558 0.17338 0.1908
0.1598 0.16928 0.1834
0.157 0.16632 0.175
0.1576 0.17104 0.1794
0.1536 0.16864 0.183
0.1594 0.166 0.1824
0.1556 0.16594 0.1744
0.1518 0.16418 0.1724
0.1592 0.16696 0.1794
0.1542 0.15972 0.1674
0.1482 0.16036 0.1724
0.1452 0.16554 0.1832
0.152 0.1613 0.171
0.16 0.16504 0.172
0.1528 0.164 0.1772
0.1462 0.16628 0.1862
0.1542 0.16242 0.1724
0.1546 0.16392 0.1736
0.1512 0.1618 0.174
0.147 0.15706 0.1636
0.1442 0.1569 0.1642
0.152 0.15876 0.1756
0.1456 0.15856 0.1722
0.1502 0.15872 0.1684
0.1464 0.15444 0.1614
0.1476 0.15572 0.1604
0.1422 0.15312 0.1622
0.1432 0.15424 0.172
0.1474 0.15458 0.1618
0.142 0.15116 0.161
0.1366 0.15108 0.1584
0.1474 0.1521 0.1612
0.1438 0.15004 0.1654
0.1454 0.1519 0.1604
0.1406 0.15182 0.1634
0.1452 0.15324 0.1634
0.1484 0.15332 0.1576
0.1456 0.15406 0.1646
0.1456 0.15024 0.1592
0.143 0.15424 0.1648
0.1442 0.15216 0.1646
0.1428 0.15152 0.159
0.1412 0.1513 0.1694
0.1408 0.1529 0.166
0.1418 0.14936 0.1558
0.1436 0.15164 0.1602
0.1402 0.14566 0.1536
0.1398 0.14826 0.1534
0.1376 0.15076 0.1632
0.1432 0.1505 0.1626
0.142 0.15058 0.1608
0.143 0.1518 0.1626
0.1432 0.14986 0.1556
0.142 0.14862 0.161
0.1428 0.14792 0.156
0.1442 0.14956 0.1568
0.1398 0.15212 0.1696
0.1398 0.14716 0.1568
0.1418 0.14876 0.1624
0.135 0.14742 0.1552
0.1348 0.14564 0.1562
0.1392 0.14858 0.1566
0.1426 0.1479 0.1558
0.1398 0.14764 0.157
0.1386 0.14436 0.1532
0.133 0.14454 0.1576
0.14 0.14768 0.157
0.135 0.14684 0.1578
0.134 0.14662 0.1562
0.1398 0.14752 0.1564
0.1326 0.14368 0.1596
0.1346 0.1432 0.1498
0.1378 0.14452 0.1514
0.132 0.14344 0.1494
0.1374 0.14382 0.151
0.1332 0.14348 0.1604
0.1378 0.1456 0.154
0.1406 0.14732 0.1522
0.139 0.14816 0.159
0.1396 0.14634 0.1562
0.1424 0.1467 0.1544
0.1358 0.14758 0.1698
0.1382 0.14664 0.1544
0.144 0.14968 0.1574
0.14 0.1508 0.1604
0.1418 0.15164 0.1602
0.1394 0.14708 0.1524
0.1376 0.14554 0.1512
0.1408 0.1481 0.159
0.141 0.1471 0.152
0.1368 0.14688 0.156
0.1422 0.14644 0.1558
0.1324 0.14484 0.1528
0.1394 0.14546 0.1484
0.1354 0.1421 0.1498
0.1388 0.14724 0.1522
0.1362 0.14474 0.152
0.141 0.14778 0.1552
0.1358 0.1451 0.1548
0.1402 0.1488 0.162
0.1394 0.14504 0.1534
0.1398 0.1471 0.1552
0.1358 0.14494 0.153
0.136 0.14546 0.1612
0.1382 0.14432 0.1518
0.1372 0.14514 0.151
0.1346 0.14664 0.1534
0.1404 0.14842 0.155
0.142 0.14816 0.157
0.14 0.14758 0.1526
0.1458 0.15096 0.1584
0.1346 0.1466 0.1532
0.1432 0.14808 0.154
0.1412 0.14716 0.1646
0.1404 0.147 0.1562
0.1388 0.14812 0.1566
0.143 0.14872 0.157
0.1378 0.14718 0.1554
0.1398 0.1474 0.1546
0.1418 0.14684 0.1546
0.1386 0.1445 0.1496
0.136 0.14502 0.1598
0.1376 0.14574 0.161
0.1396 0.14692 0.1538
0.144 0.14646 0.1516
0.143 0.14858 0.1552
0.1418 0.14504 0.1512
0.1416 0.14486 0.1546
0.1442 0.1489 0.158
0.1406 0.14722 0.1606
0.1418 0.1469 0.154
0.1386 0.14462 0.1512
0.1366 0.14662 0.156
0.1378 0.14452 0.1544
0.138 0.14646 0.1562
0.1376 0.14346 0.153
0.136 0.14282 0.1504
0.1362 0.14148 0.1472
0.139 0.14378 0.1482
0.1352 0.14216 0.1534
0.1402 0.14556 0.1514
0.1394 0.14366 0.1498
0.135 0.14102 0.151
0.136 0.14236 0.1512
0.1356 0.1429 0.1514
0.1366 0.14268 0.1494
0.1338 0.14314 0.1498
0.1356 0.1431 0.1506
0.1344 0.1434 0.1512
0.1358 0.142 0.151
0.1368 0.1417 0.1438
0.1356 0.1427 0.151
0.1366 0.14272 0.1468
0.1374 0.14288 0.149
0.1384 0.1435 0.15
0.1316 0.14224 0.1492
0.1358 0.14622 0.1574
0.1382 0.14382 0.1506
0.137 0.14288 0.1486
0.1392 0.14482 0.152
0.134 0.14052 0.1496
0.1364 0.14604 0.1524
0.139 0.14422 0.1504
0.1392 0.14492 0.1524
0.1398 0.14384 0.1484
0.1344 0.14276 0.1502
0.137 0.14272 0.147
0.1362 0.14556 0.1574
0.1398 0.14584 0.1572
0.139 0.14528 0.1516
0.1332 0.14528 0.1552
0.1332 0.14296 0.1548
0.1374 0.14776 0.157
0.1376 0.1448 0.1554
0.1416 0.1469 0.1524
0.1422 0.14762 0.1524
0.1372 0.1465 0.1514
0.1422 0.14736 0.1534
0.1414 0.1483 0.154
0.1394 0.14682 0.1528
0.14 0.14932 0.1622
0.1434 0.14832 0.1538
0.139 0.14662 0.1538
0.144 0.14948 0.1548
0.1446 0.15 0.1564
0.144 0.14754 0.153
0.1384 0.1486 0.1538
0.1418 0.14806 0.1538
0.1436 0.14976 0.157
0.1428 0.14854 0.1562
0.1448 0.1503 0.1608
0.1412 0.14912 0.156
0.1436 0.14948 0.1572
0.1418 0.14834 0.1562
0.1432 0.15298 0.163
0.145 0.15 0.1552
0.1428 0.14876 0.153
0.1428 0.15092 0.1602
0.143 0.15122 0.157
0.1388 0.14996 0.1586
0.1442 0.15424 0.1634
0.1486 0.15434 0.1596
0.1476 0.15106 0.1562
0.147 0.153 0.1628
0.1474 0.15492 0.162
0.1484 0.15266 0.16
0.143 0.14898 0.1572
0.1446 0.15372 0.1592
0.1422 0.14762 0.153
0.1422 0.14962 0.1572
0.1452 0.152 0.1616
0.14 0.14996 0.1578
0.1476 0.15248 0.1562
0.1464 0.1512 0.1618
0.1404 0.14966 0.1602
0.1428 0.14966 0.1562
0.1428 0.14996 0.1578
0.1438 0.14936 0.1572
0.1406 0.1468 0.156
0.135 0.14674 0.1532
0.1368 0.14622 0.1538
0.1398 0.14748 0.1556
0.134 0.14696 0.1568
0.1352 0.1459 0.1554
0.1406 0.1445 0.1486
0.14 0.14642 0.1516
0.139 0.14332 0.152
0.1396 0.14516 0.1542
0.141 0.14694 0.1544
0.1354 0.14416 0.1528
0.1352 0.14106 0.1444
0.1376 0.14516 0.1544
0.1366 0.13966 0.143
0.1368 0.14108 0.1464
0.1364 0.14156 0.1464
0.1362 0.14048 0.1462
0.1364 0.14118 0.1464
0.1346 0.14206 0.1458
0.1336 0.13972 0.1502
0.1384 0.14206 0.152
0.135 0.13996 0.1494
0.135 0.13982 0.1482
0.135 0.13932 0.1448
0.1326 0.14104 0.1476
0.1352 0.13908 0.143
0.1334 0.13948 0.1464
0.1334 0.1403 0.145
0.1394 0.14206 0.148
0.137 0.14182 0.1482
0.1358 0.13992 0.1454
0.1352 0.14022 0.1496
0.1376 0.14254 0.1472
0.1352 0.14564 0.152
0.137 0.14186 0.1502
0.1334 0.1432 0.1504
0.1384 0.14266 0.1486
0.1356 0.14086 0.1456
0.1362 0.14066 0.1492
0.1348 0.14016 0.1472
0.136 0.1408 0.1462
0.1356 0.13976 0.1448
0.1352 0.14138 0.147
0.1334 0.14024 0.147
0.1366 0.13914 0.1432
0.1342 0.14096 0.1476
0.1336 0.14138 0.1484
0.1348 0.14036 0.1478
0.136 0.13898 0.142
0.1368 0.141 0.1478
0.1358 0.14062 0.1448
0.1384 0.1415 0.1508
0.1332 0.13956 0.1442
0.1316 0.13962 0.1466
0.1362 0.14086 0.144
0.137 0.14074 0.1442
0.1334 0.1393 0.1496
0.1372 0.14038 0.144
0.1334 0.13944 0.145
0.1336 0.13962 0.1454
0.131 0.13814 0.1454
0.1338 0.14036 0.1492
0.132 0.13918 0.1484
0.1336 0.13878 0.1438
0.13 0.1371 0.1422
0.1348 0.1376 0.1424
0.1314 0.1375 0.1432
0.1338 0.13728 0.1432
0.129 0.1338 0.139
0.1342 0.13846 0.1418
0.1324 0.13728 0.1442
0.1274 0.13614 0.1416
0.132 0.13822 0.1454
0.1336 0.14002 0.1444
0.1334 0.13868 0.1426
0.1354 0.1397 0.1444
0.1326 0.13978 0.1468
0.1326 0.13922 0.1446
0.1368 0.14294 0.1488
0.1316 0.13774 0.1466
0.1296 0.13718 0.1446
0.1312 0.13694 0.1428
0.1322 0.13638 0.1408
0.1306 0.13574 0.1388
0.1286 0.13324 0.139
0.1306 0.13788 0.1432
0.1304 0.13538 0.145
0.1312 0.13656 0.1434
0.1296 0.13542 0.1424
0.1298 0.1369 0.1426
0.1294 0.13382 0.1398
0.1294 0.13558 0.1426
0.1316 0.1353 0.1416
0.1254 0.13414 0.1402
0.1306 0.13494 0.1474
0.127 0.13486 0.1472
0.1306 0.13624 0.1478
0.128 0.13458 0.1404
0.1234 0.13486 0.1414
0.1302 0.13602 0.1416
0.1334 0.13774 0.1454
0.1276 0.13896 0.147
0.1296 0.13568 0.142
0.1284 0.1371 0.144
0.1292 0.13588 0.1422
0.1332 0.1377 0.143
0.1308 0.1379 0.1434
0.1342 0.13952 0.143
0.1282 0.13824 0.1448
0.1304 0.13646 0.143
0.1322 0.1367 0.1414
0.1286 0.13572 0.1406
0.1294 0.1351 0.14
0.1312 0.1353 0.1406
0.1304 0.13464 0.138
0.1336 0.13762 0.1436
0.1308 0.13688 0.143
0.1276 0.13634 0.1402
0.1326 0.13648 0.1404
0.1276 0.13408 0.1438
0.131 0.13682 0.1422
0.127 0.1329 0.1388
0.1288 0.13302 0.1366
0.1262 0.1343 0.1416
0.1282 0.13376 0.1388
0.1252 0.13342 0.1392
0.1244 0.13292 0.144
0.1272 0.13398 0.1422
0.1276 0.13328 0.1392
0.1256 0.13334 0.1406
0.129 0.134 0.1412
0.1308 0.1365 0.1472
0.1278 0.13534 0.1388
0.1298 0.13532 0.1414
0.1274 0.1343 0.1384
0.1258 0.13156 0.136
0.1298 0.13444 0.1392
0.1294 0.1343 0.14
0.1316 0.13878 0.141
0.125 0.13542 0.1428
0.1326 0.1363 0.1404
0.1316 0.13772 0.145
0.1296 0.13478 0.1372
0.126 0.13214 0.1368
0.1284 0.1349 0.1414
0.1304 0.13456 0.1392
0.1272 0.13448 0.139
0.1248 0.13256 0.1378
0.1316 0.13468 0.1394
0.1308 0.13578 0.1398
0.1264 0.13254 0.1366
0.1294 0.13312 0.1394
0.1294 0.13428 0.141
0.1268 0.1348 0.141
0.1292 0.13508 0.1388
0.1302 0.1349 0.1382
0.128 0.1349 0.1398
0.1324 0.13476 0.1386
0.1324 0.1354 0.1396
0.1278 0.1351 0.1436
0.129 0.13446 0.138
0.1224 0.13318 0.138
0.1264 0.13362 0.141
0.1294 0.13348 0.1418
0.127 0.13424 0.1408
0.1262 0.13458 0.1428
0.1284 0.13332 0.1414
0.13 0.13346 0.1386
0.1306 0.13528 0.1414
0.1242 0.13354 0.141
0.1292 0.13454 0.142
0.1292 0.13382 0.1384
0.1258 0.13188 0.1398
0.129 0.13454 0.1418
0.1288 0.13438 0.1432
0.1256 0.13212 0.137
0.1278 0.1324 0.1374
0.129 0.13276 0.1364
0.1274 0.13228 0.1388
0.1262 0.1331 0.1396
0.1264 0.13198 0.1374
0.1276 0.13048 0.1334
0.122 0.1312 0.139
0.1244 0.12976 0.1384
0.1268 0.1321 0.1374
0.1264 0.13086 0.1364
0.1262 0.13176 0.1364
0.1268 0.13172 0.1356
0.1256 0.12976 0.1366
0.1268 0.13134 0.1458
0.1252 0.12912 0.1324
0.1284 0.13312 0.1394
0.1256 0.13096 0.1386
0.1244 0.12798 0.1328
0.1268 0.13122 0.1378
0.1256 0.13188 0.1402
0.1236 0.12942 0.1354
0.125 0.13154 0.1388
0.1256 0.12956 0.1322
0.124 0.1299 0.1346
0.1266 0.13094 0.1366
0.1268 0.13088 0.1354
0.1298 0.13374 0.1402
0.1264 0.13152 0.1442
0.129 0.13078 0.135
0.126 0.13258 0.142
0.1244 0.13218 0.136
0.1302 0.13236 0.135
0.1274 0.13332 0.1398
0.127 0.1333 0.1396
0.1288 0.13186 0.1376
0.1252 0.13046 0.1374
0.1268 0.13106 0.1376
0.1286 0.13214 0.1376
0.1264 0.12984 0.133
0.1256 0.13086 0.1352
0.1284 0.13102 0.1342
0.1238 0.12982 0.133
0.1234 0.12904 0.1348
0.123 0.13138 0.1364
0.1256 0.13326 0.1398
0.126 0.1319 0.1378
0.1244 0.13004 0.1348
0.1254 0.1305 0.1362
0.1272 0.13176 0.1366
0.1252 0.13098 0.1346
0.1286 0.1321 0.1356
0.1278 0.13124 0.1364
0.1274 0.13274 0.1396
0.1236 0.13132 0.1384
0.129 0.13062 0.1336
0.1284 0.13258 0.1364
0.1256 0.13044 0.1374
0.1256 0.13094 0.1376
0.1288 0.13124 0.1344
0.1276 0.13134 0.1336
0.1262 0.13084 0.1358
0.1278 0.1325 0.1376
0.1282 0.1318 0.139
0.1284 0.1308 0.1344
0.125 0.13102 0.1366
0.1262 0.13002 0.1352
0.1254 0.13074 0.137
0.1274 0.13088 0.1338
0.1282 0.13122 0.1362
0.1268 0.13162 0.1424
0.1288 0.1319 0.1362
0.1286 0.13166 0.1364
0.1274 0.13116 0.136
0.1244 0.13132 0.1352
0.1244 0.1295 0.1332
0.1288 0.13228 0.1384
0.1276 0.1309 0.1348
0.1256 0.1314 0.1376
0.127 0.13072 0.137
0.129 0.13186 0.1358
0.128 0.1334 0.142
0.1294 0.13278 0.1368
0.1272 0.13108 0.135
0.1296 0.13236 0.136
0.1286 0.1332 0.1374
0.1264 0.13092 0.1342
0.1272 0.13286 0.1408
0.1282 0.1323 0.1386
0.127 0.13142 0.136
0.1266 0.13078 0.1354
0.1246 0.13058 0.1352
0.126 0.1295 0.133
0.1282 0.13122 0.1354
0.1266 0.13204 0.1368
0.127 0.13046 0.1328
0.1266 0.1296 0.1366
0.1252 0.1304 0.1348
0.1274 0.13192 0.1372
0.1258 0.13084 0.138
0.1284 0.13088 0.1354
0.1244 0.12984 0.1354
0.1232 0.13028 0.135
0.1286 0.13146 0.1348
0.1262 0.13124 0.1352
0.123 0.12902 0.1344
0.124 0.12992 0.1328
0.1286 0.13176 0.136
0.128 0.13102 0.1342
0.1262 0.12888 0.1332
0.1276 0.13222 0.136
0.1248 0.13054 0.1352
0.1246 0.12942 0.1344
0.123 0.12842 0.1324
0.1232 0.12744 0.1312
0.123 0.12648 0.1296
0.1198 0.12656 0.134
0.124 0.12784 0.1304
0.1228 0.1272 0.1346
0.1206 0.12612 0.1306
0.125 0.1283 0.131
0.1202 0.127 0.1304
0.1236 0.12704 0.1322
0.1242 0.12622 0.1284
0.1234 0.1262 0.1298
0.1212 0.1257 0.1338
0.1206 0.12574 0.1308
0.1216 0.12448 0.1292
0.1202 0.1248 0.1298
0.12 0.12474 0.1276
0.1204 0.12552 0.1284
0.1238 0.1264 0.1294
0.1202 0.1256 0.1306
0.1204 0.12366 0.1262
0.1206 0.12566 0.1288
0.1222 0.12698 0.1346
0.12 0.12476 0.1312
0.1174 0.12368 0.1308
0.1202 0.12624 0.1304
0.12 0.1247 0.1286
0.1196 0.12408 0.1288
0.1224 0.12516 0.129
0.119 0.12404 0.1274
0.1214 0.12418 0.1272
0.1182 0.1233 0.1278
0.116 0.12322 0.1294
0.1188 0.12472 0.1308
0.1214 0.12474 0.127
0.122 0.1248 0.129
0.1212 0.12424 0.1278
0.1188 0.12382 0.127
0.1166 0.12462 0.1324
0.1196 0.12358 0.127
0.1228 0.12504 0.1268
0.121 0.12484 0.1296
0.1194 0.12472 0.1306
0.1196 0.12476 0.1284
0.1214 0.12492 0.1278
0.1232 0.12634 0.1314
0.1222 0.1265 0.1288
0.122 0.12544 0.1278
0.1218 0.12566 0.1296
0.1202 0.12544 0.1318
0.1216 0.12482 0.127
0.1206 0.1254 0.132
0.1198 0.12552 0.13
0.1218 0.12694 0.1328
0.1222 0.12618 0.132
0.1228 0.1271 0.1304
0.123 0.1263 0.1296
0.119 0.12618 0.1314
0.1234 0.12624 0.1284
0.124 0.12522 0.127
0.1234 0.1264 0.1314
0.1216 0.124 0.1274
0.1214 0.12438 0.13
0.1242 0.12606 0.128
0.1236 0.1254 0.1276
0.1176 0.1237 0.1268
0.1208 0.12334 0.1276
0.1228 0.12424 0.1254
0.1208 0.12498 0.1302
0.1178 0.12356 0.1266
0.1198 0.12504 0.1282
0.1196 0.12516 0.134
0.1234 0.12608 0.1292
0.1204 0.1231 0.1276
0.1206 0.1247 0.128
0.1216 0.12526 0.1292
0.1206 0.12408 0.13
0.1208 0.12492 0.1292
0.1176 0.12178 0.1252
0.1158 0.12198 0.1254
0.118 0.12286 0.1272
0.12 0.12322 0.126
0.1162 0.12138 0.1262
0.1178 0.1212 0.1234
0.1184 0.12364 0.127
0.1192 0.12252 0.128
0.1174 0.12198 0.1252
0.1176 0.12336 0.1268
0.1176 0.1232 0.1262
0.1162 0.12198 0.1264
0.1198 0.12246 0.1256
0.1204 0.12536 0.1308
0.1194 0.12294 0.1278
0.118 0.12326 0.1288
0.117 0.12274 0.127
0.1196 0.12418 0.1296
0.1186 0.12254 0.127
0.1176 0.12176 0.1262
0.1174 0.12176 0.1248
0.1222 0.12404 0.1268
0.1198 0.12432 0.127
0.119 0.12312 0.1296
0.1212 0.12346 0.1292
0.119 0.1228 0.1258
0.1174 0.12338 0.1312
0.1192 0.12284 0.128
0.1176 0.12262 0.126
0.1172 0.12242 0.1254
0.1178 0.12226 0.1284
0.1168 0.12268 0.1264
0.1194 0.12504 0.1312
0.12 0.12296 0.126
0.1156 0.12202 0.1258
0.1184 0.12248 0.1266
0.1192 0.12216 0.1262
0.1164 0.12378 0.1312
0.118 0.123 0.126
0.1166 0.12246 0.1272
0.1172 0.12352 0.128
0.1162 0.12452 0.1288
0.1202 0.1237 0.128
0.1194 0.12398 0.1306
0.1196 0.12434 0.128
0.1168 0.12216 0.1252
0.1192 0.12326 0.1268
0.1166 0.12272 0.128
0.118 0.12424 0.128
0.1202 0.12388 0.127
0.1182 0.12406 0.1284
0.1204 0.12434 0.1268
0.1208 0.12624 0.13
0.1192 0.1232 0.1296
0.1188 0.12502 0.1284
0.1194 0.12504 0.1294
0.1208 0.12476 0.1304
0.1206 0.12348 0.1262
0.1178 0.12584 0.1294
0.12 0.12464 0.1306
0.1176 0.12526 0.1288
0.1196 0.12528 0.1304
0.121 0.124 0.1288
0.1184 0.125 0.13
0.1208 0.12524 0.1292
0.119 0.12478 0.1302
0.1208 0.12378 0.1276
0.1186 0.12532 0.1302
0.1218 0.12514 0.1282
0.1222 0.12492 0.1282
0.1238 0.12642 0.1294
0.1184 0.12398 0.129
0.1188 0.12438 0.1282
0.118 0.1234 0.13
0.1198 0.12486 0.128
0.1208 0.1258 0.1304
0.12 0.1237 0.1258
0.1194 0.12364 0.1296
0.12 0.1234 0.125
0.1202 0.1245 0.1304
0.1176 0.1239 0.1292
0.1196 0.1241 0.13
0.1218 0.1248 0.1284
0.122 0.12462 0.1286
0.1242 0.12576 0.1274
0.1208 0.1244 0.1274
0.1196 0.1249 0.1314
0.1186 0.12636 0.1294
0.1224 0.12608 0.13
0.1202 0.12452 0.129
0.1212 0.125 0.1278
0.1194 0.12478 0.1278
0.1214 0.12524 0.1316
0.1204 0.12462 0.1302
0.1218 0.1249 0.128
0.1204 0.1254 0.1336
0.12 0.12512 0.131
0.1196 0.1242 0.1308
0.1214 0.12512 0.128
0.119 0.12392 0.1298
0.1194 0.12544 0.133
0.1224 0.12536 0.1314
0.1202 0.1262 0.1326
0.1198 0.12482 0.1306
0.1192 0.1241 0.1288
0.1234 0.12634 0.1294
0.1192 0.1235 0.1278
0.1192 0.12572 0.13
0.1218 0.12582 0.1314
0.1214 0.12496 0.1282
0.1196 0.12446 0.1292
0.1204 0.125 0.1292
0.1238 0.12556 0.133
0.1204 0.12508 0.1284
0.1212 0.12542 0.1304
0.1248 0.12616 0.1278
0.1194 0.1273 0.1356
0.118 0.12306 0.1288
0.1204 0.12596 0.134
0.1218 0.12728 0.1326
0.1188 0.12636 0.1302
0.1236 0.12778 0.132
0.1222 0.12776 0.131
0.1204 0.12516 0.1302
0.1214 0.12848 0.1318
0.1218 0.12536 0.1288
0.122 0.12414 0.1272
0.1236 0.12654 0.1324
0.1198 0.12426 0.1294
0.122 0.1252 0.1312
0.121 0.12416 0.126
0.1214 0.12474 0.1284
0.1188 0.12446 0.1338
0.121 0.12542 0.13
0.1224 0.12526 0.1278
0.1218 0.12584 0.1312
0.1224 0.12724 0.1328
0.1206 0.12454 0.1324
0.1216 0.12736 0.1298
0.1214 0.12678 0.131
0.1252 0.12832 0.1346
0.1224 0.1268 0.133
0.1206 0.12904 0.1326
0.1224 0.12752 0.131
0.1236 0.12726 0.1308
0.1212 0.12612 0.1308
0.1238 0.1285 0.1328
0.1224 0.12792 0.1334
0.1248 0.12856 0.1336
0.1238 0.12828 0.135
0.126 0.12896 0.1352
0.1224 0.1295 0.1352
0.122 0.12844 0.1356
0.1212 0.12788 0.1338
0.1236 0.12758 0.1328
0.122 0.127 0.1346
0.1218 0.12734 0.131
0.1236 0.12682 0.1316
0.1258 0.12866 0.132
0.1258 0.13018 0.1334
0.1246 0.12902 0.1322
0.1228 0.1283 0.1352
0.1238 0.12704 0.1304
0.1246 0.12728 0.1334
0.125 0.12756 0.1306
0.1244 0.12886 0.1348
0.1248 0.12818 0.1316
0.1266 0.13024 0.1378
0.1246 0.13006 0.1358
0.1266 0.12938 0.1338
0.1252 0.12872 0.1332
0.1236 0.1287 0.1332
0.1226 0.12764 0.131
0.1208 0.12554 0.1288
0.124 0.12832 0.132
0.1256 0.12918 0.1332
0.1268 0.13014 0.134
0.1254 0.12768 0.131
0.125 0.12724 0.1308
0.1226 0.12538 0.129
0.1232 0.12864 0.1314
0.12 0.12654 0.1312
0.1242 0.12718 0.1292
0.1238 0.12614 0.128
0.1232 0.12646 0.1292
0.1238 0.12824 0.1326
0.1232 0.12666 0.1292
0.1228 0.12678 0.1304
0.1244 0.1271 0.1304
0.1228 0.12598 0.1306
0.1212 0.12596 0.13
0.124 0.12676 0.131
0.1242 0.12612 0.1334
0.1216 0.12684 0.1312
0.1228 0.12598 0.1306
0.121 0.12572 0.1294
0.1224 0.12594 0.1298
0.1242 0.12764 0.1322
0.1212 0.1273 0.1322
0.1198 0.12576 0.1304
0.1224 0.12482 0.1272
0.1214 0.12382 0.1268
0.1232 0.12564 0.1284
0.1212 0.12536 0.1322
0.1238 0.12594 0.13
0.1206 0.12478 0.1302
0.121 0.12366 0.1284
0.1216 0.12534 0.1308
0.1196 0.12304 0.127
0.1212 0.12428 0.1266
0.119 0.12296 0.1262
0.12 0.12372 0.1274
0.119 0.12304 0.1268
0.119 0.12432 0.127
0.121 0.12512 0.1276
0.121 0.12496 0.1284
0.1172 0.12268 0.126
0.122 0.12428 0.1274
0.1188 0.12264 0.128
0.1222 0.12458 0.1274
0.1216 0.12346 0.125
0.1212 0.12342 0.1252
0.12 0.12366 0.1264
0.117 0.12376 0.1278
0.1224 0.12476 0.1278
0.1178 0.12214 0.1256
0.1184 0.12434 0.131
0.12 0.124 0.127
0.1204 0.12254 0.125
0.1192 0.12274 0.1254
0.1202 0.12346 0.1266
0.1198 0.12262 0.127
0.1194 0.1235 0.1294
0.1216 0.12358 0.1288
0.1174 0.12216 0.1264
0.1198 0.12394 0.127
0.1168 0.12222 0.1278
0.119 0.1233 0.1266
0.119 0.12404 0.1282
0.121 0.12408 0.1262
0.123 0.12514 0.1284
0.1196 0.1229 0.13
0.121 0.12356 0.1258
0.1216 0.12468 0.129
0.1198 0.12298 0.1276
0.1192 0.12442 0.1312
0.1208 0.12326 0.125
0.1204 0.12262 0.125
0.1174 0.12246 0.126
0.1196 0.12264 0.1254
0.1194 0.12332 0.1268
0.12 0.12306 0.1272
0.1172 0.1214 0.1242
0.1196 0.1226 0.1282
0.1154 0.12158 0.1254
0.1166 0.12176 0.1284
0.1186 0.12262 0.1272
0.1186 0.12228 0.1254
0.1168 0.122 0.1248
0.1174 0.12198 0.1246
0.1174 0.12162 0.1254
0.1184 0.12244 0.1262
0.1168 0.1213 0.1248
0.1192 0.12142 0.1236
0.1152 0.12184 0.1274
0.1182 0.12414 0.1292
0.1192 0.12182 0.1238
0.1172 0.12094 0.1274
