-2591.80515609 -1843.1298248 -787.401894825
-2209.67054869 -1483.20074094 -954.246848278
-2039.83863147 -1614.88350025 -1054.72455066
-2247.90015455 -1373.90715 -888.435982143
-1674.82932102 -1170.25909973 -853.66770527
-1720.84279449 -1306.75088729 -837.99058701
-1709.43894228 -1052.53355264 -742.701227238
-1812.27755805 -1186.73036308 -753.82142843
-1386.80386683 -989.248238539 -729.628233041
-1101.94706489 -873.125913241 -580.880135712
-1290.8262157 -790.21270096 -564.318875366
-1295.17199254 -845.261186301 -621.93375912
-1033.63891637 -672.698151634 -524.002110382
-1015.94376246 -730.699319449 -563.369493727
-1100.71228897 -635.635337903 -403.329417579
-727.182499674 -517.993900607 -297.093535248
-636.9219557 -508.468751015 -349.249169633
-764.432843811 -518.748153834 -367.443552938
-515.876063839 -383.120682531 -294.308553149
-517.422664928 -379.931639045 -302.685334923
-546.176126679 -403.323974545 -343.233145566
-512.922462007 -372.204075136 -281.996950889
-477.046691275 -378.298550617 -288.857352626
-494.941429494 -353.638507177 -264.831362354
-444.478790661 -314.628128106 -239.62244895
-424.614055965 -306.867102715 -215.972153725
-364.722200443 -291.669719197 -170.625989318
-355.869342076 -254.103761528 -184.109640534
-323.307201341 -258.146273531 -186.337918285
-317.180923135 -237.01425747 -197.547589935
-319.597384795 -236.045796664 -166.923318873
-247.176688924 -203.7614101 -132.833376161
-298.037335992 -209.033788192 -173.269158714
-304.412756156 -173.73516567 -119.665702401
-214.277820172 -146.760591464 -96.1709666373
-227.329369378 -170.726900596 -107.813883929
-155.637672204 -118.456528228 -59.196324186
-222.437865095 -130.225183263 -69.5028160005
-211.191450797 -126.377595484 -65.4967356609
-140.842172295 -87.8586100324 -9.13245514074
-135.325500414 -75.33480088 -43.7163022703
-126.388326777 -89.1728460439 -47.4723891935
-192.422841515 -71.3700112006 -10.526879991
-84.0268219193 -52.0250024694 -27.1641010835
-81.1779498594 -43.8561270096 -10.3387186343
-45.6062986384 -16.8816684428 6.89494436543
-58.9967240518 -36.4154396148 -12.5923811723
-42.297708463 -22.8544668356 -2.73017095064
-60.0526674069 -12.9006642979 3.66773330507
-40.9540527623 -13.5055725282 25.4684898615
-33.4171532558 -11.9889037416 2.77061119353
-27.9650983629 0.400755718939 39.7046705937
-5.34676316969 5.99048006918 25.970369274
-64.4350155021 -0.463499590139 28.0323193877
-2.70967635399 20.9875999552 48.7164858066
1.33794591334 16.453062494 38.1324715399
2.66116759005 16.8947928568 32.1961315726
5.70286872087 27.4970214862 43.8907323558
-7.17083730993 22.205186388 50.7625119852
1.12908511612 31.2491147029 47.4136408206
26.039109376 37.9597603509 64.164682493
15.3301907524 33.0999092495 55.1263378546
18.9736576733 35.5293981326 51.7299148681
28.9472212164 45.9901697165 56.1185409092
24.971430134 42.8444730425 54.7776008294
7.41819550382 41.4694545386 60.1018498347
40.82349143 50.7750499397 59.5715298893
32.8778014779 57.42535484 72.1733296023
28.4796076435 49.9153972362 67.2871839461
-26.0079670131 50.80513528 78.7563268397
40.1269916719 58.2896343795 78.4492131681
34.2830620946 57.3790779864 73.2062719017
45.5988855288 64.0610266037 78.4018974168
48.7064404317 66.5742037149 81.1255738924
49.4629537204 64.8387098685 83.7338927393
49.1943829258 64.5998433071 79.0654271595
17.4949705626 60.5435947254 76.9698207795
52.6311409758 72.5202925881 90.2094388101
41.3582034168 67.969360675 83.3329460872
61.2995904425 74.1006191925 99.4379564654
53.6465386555 75.092970303 86.9261689359
62.2694511219 75.4032634001 94.6488656565
57.4124915157 76.3746917095 97.8803400387
68.6815324192 79.8725633085 90.9310292536
55.940739064 79.0290784834 102.195970966
54.3869663345 72.8144042403 94.4047465863
46.9425922135 75.4307366485 96.5672247021
25.3691999142 70.5265366523 89.8306405646
60.2393623508 74.4549320817 90.2846819907
73.5191686304 84.2672019281 99.8001091103
-39.0583163121 67.7929235309 95.993301412
34.5986584707 82.5582295668 102.783941089
4.57893035349 76.5723928721 95.1157983505
48.8139529497 82.8676083885 106.913161502
48.0966070765 77.1236033836 98.0741166752
55.8087880793 83.8410930598 115.059237565
33.3233442748 82.745832754 113.212444361
65.4268608506 81.0675601747 96.3780847074
52.7893088618 77.3249201137 93.4574846894
-28.9001821567 68.4380919986 100.391225114
-58.9066095891 61.369195372 93.875003102
50.776064411 81.4992094972 101.758385512
-16.8319883246 81.2441699042 113.356138654
38.2724769398 90.790576661 124.511227313
64.2846405283 95.8712873611 119.891421759
85.0066721713 98.4486057254 112.26077982
-7.36288403005 85.23754414 108.315228957
52.7919720399 91.4318038443 112.467102003
48.3439075748 82.4750079185 115.048580435
74.4640068496 96.5185764851 112.86468701
67.3190570353 94.3655446146 110.771822001
74.9550626963 101.637066177 128.758994891
20.3937906324 88.7731383316 129.084887906
-80.7223965484 70.4308907486 113.784591858
57.8906734245 101.365839942 126.100805481
81.262606251 99.9119681467 115.664134924
80.9542758407 102.630641451 121.115521858
26.7036574606 93.2012980188 125.616655782
-205.31845602 75.1028737711 130.274308521
40.9608446659 105.550801212 131.897749062
-68.1271064126 91.8538071766 142.317793566
31.5600776158 98.6233390566 121.343963471
-23.9943238611 89.11166806 127.757572921
39.8776393852 103.243019735 142.107385556
56.8783989143 109.175424678 134.224934601
-63.598996931 96.7948634619 130.93520745
53.5030406724 100.51619579 143.561097415
82.4644823097 120.19197063 151.800088942
77.3551564614 109.231777812 146.803372537
4.68868870396 103.563812087 149.001892935
5.91747498322 97.2781065403 132.87963983
73.4609050445 111.308045602 150.031625512
78.1811295612 106.786310059 139.024976412
26.2691051135 113.145669682 154.825657112
98.4014607186 122.091320386 134.857432646
-15.0982909541 113.948243549 154.414626238
60.2848150022 113.025040885 157.869610209
2.30989242345 112.476754198 150.001940855
60.6281332629 105.451580039 135.320042611
2.89593576764 109.267524825 145.200087157
96.1642807047 126.325706415 157.24189729
63.7096277702 116.211237238 157.538017011
72.5255579838 132.824253697 151.800443666
27.3173414511 124.493094254 162.88715475
32.6227787165 114.794182808 154.840772971
91.1675967014 129.166359245 160.608269307
77.633302649 128.525799277 153.36481865
72.134452879 134.550159859 175.271749413
109.133379163 145.691133742 170.224123689
75.7412418139 125.45337613 160.691376965
8.73155099916 119.091940948 155.748732173
87.1593632881 121.22619548 155.212137075
-65.2598311856 112.862436724 166.336684606
-2.6287677277 126.897261228 155.270924065
65.0663436439 134.236869634 169.762416843
72.7197601116 112.500889976 156.697364538
-59.7902906391 122.437790882 163.263171124
-36.9144389798 107.575617388 163.803711298
82.426481854 126.496811299 151.714521174
54.4120386318 125.058153538 170.878919039
38.4629094644 127.11709723 164.606633782
74.5803714236 133.313074057 180.72024259
74.291067291 128.959689422 155.282948978
66.6332141954 132.67845868 171.370176347
54.4396184546 135.659541433 168.940305628
64.1032056812 136.91977238 165.403661789
31.062035446 105.598139435 161.075404111
80.05989107 125.304501997 159.874281263
75.3907856678 139.287678432 164.299980182
67.4423801343 130.071068531 161.834870781
63.341337406 124.741563013 160.617943807
84.1311841073 129.585864171 162.086469622
28.6010538492 127.219232443 160.103581977
18.161525748 119.987597091 171.907277261
-448.557995277 80.574653062 163.145580695
56.4136937267 129.785693342 176.906685562
76.0996645069 139.673053848 173.735611477
88.8891929521 143.863680886 168.828763971
37.1089723867 136.67433471 171.083523962
87.2004719343 144.477153223 175.623227447
118.324770272 147.046920944 174.214569399
112.108625487 151.721130174 178.657352524
107.945396004 147.69684852 180.387021107
50.6857871889 121.893942804 166.078715077
34.5845083367 128.710011848 169.101729492
84.5875250906 131.349296132 180.151859664
87.9428785081 137.680259512 162.48734308
-59.3089577946 123.340401355 180.718551732
106.985331266 145.142115262 173.348813628
61.2894286622 125.690560659 179.406848402
100.078820562 146.885444131 162.501288904
22.9414806132 121.588655988 166.537085254
59.7138371404 130.906627809 162.941435364
91.966481786 141.698467762 180.198797943
9.1840147618 121.487863108 155.025182426
-31.6614273444 114.453340578 175.929158008
-32.3178816641 98.8979662532 167.064270634
125.465827162 152.02588825 172.145313995
36.6501865482 117.416674863 171.111664005
101.023928474 144.065081842 169.895494566
96.86086656 144.826954938 178.608432845
88.9754858867 135.808404525 167.921284393
113.45763188 156.430685663 176.050144727
83.5008727337 138.394191573 158.050620332
45.3955051002 136.405596767 171.80350062
68.3074328472 127.559558482 160.849319396
46.5026669466 135.670212064 171.937377306
79.6557737415 149.009570523 169.206120866
123.617556287 147.086268715 173.461148459
135.026290249 155.330485811 176.030661488
0.631904764248 124.358142686 165.900348943
25.1404423647 136.196588312 177.495462869
87.4592321092 145.83929204 168.19342101
120.371236926 149.425727538 178.320227714
101.7968006 147.473512905 174.381767473
48.103122673 120.194630629 168.640872516
-12.8886375461 127.71458498 183.093713105
102.461692465 156.787010681 182.705236003
91.7652844262 155.930746568 176.37509638
98.5434606763 144.166606962 174.726571439
-162.61418164 126.209987059 169.029251106
12.7459474623 124.027181895 173.796723336
100.073325012 147.966126161 190.338222163
95.8486352394 142.747100247 178.497574776
77.8664798537 150.296538597 183.524173218
-33.0985687306 116.648056524 170.119547846
9.51952102325 119.533109057 181.267751071
103.028892923 147.473082768 164.860185701
88.2671358932 136.897238618 171.416565656
76.0562815965 143.992257155 177.995954826
73.9824651407 144.656023725 178.41321513
5.65318975512 128.856869556 180.147999956
112.36725624 150.03413614 183.139597403
44.6238103873 124.482346755 180.111691344
77.6238574454 141.953415136 165.845479921
47.9858165123 129.409404137 171.845297226
93.1050296934 156.931536195 180.069268041
91.5877535052 152.559413033 177.840885063
96.7688489321 140.262139475 185.814214339
-211.190651489 101.508363147 164.713963181
43.9618962967 138.575972976 184.711108823
99.7536942618 158.28611992 177.532402233
47.5838127883 151.835735863 184.619921874
113.510765397 150.966613347 177.829956107
24.727176511 120.876695313 168.447009254
-30.1602347133 121.637961091 177.412122802
0.7721278781 142.726367799 194.19630939
109.881349288 143.204312434 171.938565376
73.083455738 144.767946869 184.953560991
52.1423871864 156.558964158 189.706102911
96.4577929622 145.752352701 186.646516214
53.6051977419 134.094537884 170.798694498
97.6473126158 149.543729758 185.700829082
91.2489246858 149.986263603 186.02571562
85.4836265402 146.358875924 181.639288425
118.801459927 156.656613633 180.455696303
95.0285739217 159.833077521 180.924668831
-101.206225359 127.291032296 191.152264014
97.3032649363 161.283871882 183.893529468
97.6471700574 159.587589556 182.663103687
-103.388403649 117.954800498 165.583744031
113.005523984 146.715505117 180.875638652
61.6588492159 133.204525579 188.453452419
-73.8547041931 132.609128609 176.971031667
114.235623842 163.592272457 186.480934674
97.8822144093 158.382114152 182.409102437
95.5952648396 159.548331023 177.53832043
30.6773339307 140.012398305 181.285424759
106.91040875 150.033649501 192.639156409
10.6454789609 114.535751103 194.288041607
80.564757068 145.330260342 173.276501822
-286.80978689 103.110438272 179.30610109
8.47487218977 122.590910591 189.546821979
-18.1848021513 125.007667132 186.209587184
-105.283175137 119.701603358 211.821256615
118.483260342 158.672284226 188.905559746
81.3465796955 161.069686291 190.860925334
62.316142172 130.059659573 192.272496815
89.2853815393 145.285613051 187.437478147
43.935022737 143.814835891 174.647227087
132.884548523 162.702080832 194.510067205
61.3397310291 141.303056903 176.894575232
127.241162215 160.212873071 174.610785296
76.4916596654 139.741455237 177.025307506
99.3580864922 150.11511392 186.331588558
73.4128649259 147.858983259 187.768826422
93.6603755508 145.056462687 171.883094976
99.0594537026 150.535399503 179.329463766
85.6024696298 154.077702123 191.061810117
85.1359095101 146.847301689 202.222292778
131.044926626 166.014048981 213.855249993
130.353473861 155.31452329 181.891127698
55.1123350484 164.033990575 203.677873189
-119.192710008 144.33818264 187.883543336
63.6437632965 134.487276409 182.806218589
101.147699949 165.386600407 207.792464
79.3661063462 160.178246302 190.250626577
73.4740021386 156.653894076 201.552148263
54.1817275537 139.585725869 175.194654047
87.1350044564 156.722123844 192.879194062
105.665202326 163.978139087 191.166147913
101.207185705 158.237393757 184.338019344
92.4350683755 148.83326485 176.47145376
115.657045051 155.028452221 191.022237367
67.5975902584 156.453090344 193.039115089
82.6670068632 153.915469952 177.587064584
118.198789955 170.276826483 201.939892539
137.26263245 168.472020706 196.965862204
90.4002063817 150.558460251 178.083869387
118.538047493 161.740910356 201.236006768
73.4815012895 153.019522181 189.920766344
-81.2993797716 134.68041393 190.427037558
125.811637691 162.324762064 184.585959679
113.500534655 169.43290864 197.878622636
130.220719175 163.008118952 188.595855645
-65.6632448411 126.972931187 193.39297672
77.3385469393 155.262278669 216.343974945
111.180425896 156.897179719 174.272163416
97.5786195399 174.629135672 199.39298769
124.431873146 168.354557553 194.454226311
110.912910758 141.829998837 176.318577725
114.293957906 157.322681436 188.930502452
-143.805847421 133.380039309 202.304530493
48.8603135819 148.046269711 199.032956876
82.1205197027 162.910128247 191.580659597
69.1600557049 142.608489796 186.911826038
131.755549878 165.459422535 200.514749679
122.215570974 164.609093686 186.814646403
88.5707064016 150.494684049 185.139123373
138.340304344 174.652274277 199.787525654
129.209890111 160.910643185 189.44987691
145.152120348 169.31514746 182.535066879
96.5493041294 163.379158241 194.741181481
103.240528099 164.022389597 194.693447973
40.6863234535 129.537289348 180.87154663
31.7948356679 136.439125809 192.273747846
28.4858445242 152.183814133 193.203017035
29.8314248307 141.495502185 199.393776885
81.9693710011 161.515490504 191.886841568
45.5273190122 147.531198647 195.91088619
88.5930367073 158.394032919 188.766851921
65.4840739638 150.835840661 191.533293768
80.968674023 165.173982453 186.117106855
125.357655816 164.294691793 188.583850186
99.9296477004 163.200099008 183.52076621
14.444180379 145.402060036 194.344151715
3.26061448654 139.894872358 178.58616417
-288.603363372 124.861391512 206.959586112
-20.509689659 149.801994655 191.249531793
72.625005462 159.518227563 188.944864895
114.194760044 149.179139804 194.25226894
14.079380429 142.694371284 188.529966173
118.340610234 160.709731456 191.901983111
75.5057740108 157.020546479 201.02940229
-100.432872638 138.775381845 202.876188188
120.156558593 166.751802797 186.730647353
99.5969180367 160.252175126 210.352679086
-14.8117832649 133.702628022 195.919963912
60.7276419306 149.302149102 187.96317514
57.5383199936 153.933667572 195.659210076
82.7310492118 160.412031724 202.772459308
84.0005231627 161.469869215 190.811137283
155.754466728 182.348334116 196.054518734
120.411992794 163.85968879 199.149028742
-3.62665638994 152.786453792 195.905746647
19.744675455 154.776989159 201.550232955
-22.5775084683 149.374847129 194.859139498
112.120938966 166.210291942 206.965881901
-8.05963551687 148.413509058 202.376938966
88.7225107012 151.655617335 204.391035737
42.7383181204 132.705959424 182.147117887
-18.5135641127 152.481124512 194.479822459
116.519734289 172.315061094 202.851216386
139.477394603 178.602092396 201.981692863
103.925173871 160.107917187 192.368742447
126.09982583 174.66108152 194.227869821
103.348410334 166.746021943 205.835139487
59.8894830798 154.53180388 196.186639393
72.207699896 167.734649901 201.930674152
102.137412344 163.167108146 204.305351318
115.659309539 176.021750511 198.187087065
57.3147966384 159.984574374 207.337706881
136.482890509 176.104188749 196.646539068
97.5791717277 165.5046879 197.394933099
70.0598020795 166.788659243 196.461369265
126.100364698 172.009900007 201.799598957
35.0817205018 159.541139631 199.501027347
131.736185987 179.437121602 204.760547791
115.860301732 178.23821408 196.38281058
88.6279123021 171.798394712 198.394219099
83.9710496269 163.612991983 209.629810647
69.6600773428 168.143654442 198.378889293
-335.398805748 119.3439384 195.853403626
133.853994581 173.593429665 202.299440835
124.753242946 174.45933587 213.306819638
144.807810972 180.512147429 210.935092276
109.324166757 173.157831173 216.220335071
114.968554934 175.735341029 195.373191935
109.865508631 179.341700531 215.851291958
52.0643323698 152.460742131 217.047021218
100.148083468 154.419760841 202.007453904
111.315583212 168.94758574 188.015731848
22.199855289 172.342273598 217.900768203
131.130173644 169.8018565 193.978153826
140.145626419 173.426649818 192.941162394
130.602398876 173.164381102 207.827136642
100.800948738 172.176528756 221.787742619
77.0943995712 169.070610008 208.717827143
109.580107415 176.901977774 208.147376425
110.429826538 168.434520276 202.053208839
100.253208432 161.637614802 192.681018438
82.4323053974 170.738515354 211.751978615
131.866131904 169.60177918 205.672497507
96.9158108692 173.514640154 197.843722909
101.504868017 157.746871417 210.255835716
71.2842151138 153.944995018 187.059548157
69.531306741 169.409852126 207.076993338
52.5032050973 165.562844054 216.032174617
88.1432901417 180.923074951 210.571161458
117.028988682 180.118411194 230.408141876
97.3875238653 167.974195125 208.958791074
81.6447634775 166.561915155 214.061800554
159.950276719 182.695699985 195.375679489
117.54207894 175.341311583 203.367289125
118.829641394 165.407210312 208.565953993
56.38756592 165.009498803 220.080678956
129.787668556 176.423917595 210.377618205
119.72474267 162.4885391 202.260894264
133.778778126 175.695910501 206.304293746
136.500624999 172.999442387 205.514307784
21.1819911791 151.839187533 213.983836627
156.571711991 185.096428324 210.613997382
25.6808973267 151.341803523 200.579036678
129.969986601 186.109019316 224.93953673
141.37850562 186.110892507 201.75340482
122.488893226 176.019376161 205.91629942
128.493001964 172.162570582 204.658673698
120.949133535 184.654080427 213.301948925
32.6313481867 157.260454166 207.867672512
116.367353513 172.61380249 201.459037929
90.6022075098 183.449666175 215.304185797
67.069441853 190.390583246 223.695283023
108.96926181 186.259893356 229.846190695
149.192296457 183.280894317 203.61820764
-38.0664315431 150.926904908 213.834893019
39.5864959359 164.607032265 200.21941941
148.355388212 180.184301649 202.500489832
160.236177137 187.765530661 219.606442114
149.026493738 184.295441866 207.216533467
110.807124424 173.927026508 209.552406982
92.4772040499 165.068032389 211.669838904
91.969317008 179.783595923 209.907903271
106.83295954 175.725778205 211.586575273
110.673348919 171.620274883 216.731049436
116.054017368 184.859070715 211.080332233
145.847286326 184.126892392 199.32847297
140.386802693 176.340699746 201.52550484
140.898818664 184.01198748 204.460975087
149.570149364 184.57211444 206.137002088
