-8204.68439362 -650.379627074 2308.8292827
-936.859115886 535.533464003 2387.76197115
-6584.38245171 -679.296504243 1430.92974661
-403.426488338 691.621081697 2548.28792284
-6465.34102411 -193.581430845 2587.97180194
-10162.7912485 -1486.16126805 1926.56132219
-794.768515094 625.26722668 2119.16934357
-4480.8942949 -833.638256704 2105.08351054
-569.151201911 1275.49619315 2532.79550664
-5388.32301575 791.732556014 2630.34977189
-2271.91418984 185.810439948 2429.62106895
-499.285493544 1324.21887436 2559.26154177
-647.563817183 593.347419086 2082.37225082
-873.803872133 493.606736259 2572.20184166
-759.757759885 836.155146343 2134.85876862
-2197.51571256 579.109918722 2519.66342797
-354.143429001 1502.05978727 2591.42957229
-1149.51028985 539.658486917 1879.23865312
-790.203397729 1493.8019547 2565.27721004
-391.271247496 1298.34744083 2532.1099375
-717.155556669 1065.86722226 2532.96768789
-581.244812087 1291.50021538 2563.57306007
-218.151313212 1163.90536947 2406.52476944
-1580.78137849 1328.6598708 2623.27667095
-1279.65658764 1543.22465634 2584.23266072
-496.910658506 1168.64742641 2628.49506918
-2706.18228738 68.8709197233 2559.1878766
-304.366023571 1508.28377088 2494.32126422
-1045.08512983 222.954556355 2573.80719229
-530.337989017 1129.48748068 2522.84256062
-579.840387381 602.492503462 2507.94867738
-4508.60418282 195.021073879 2572.58647445
-221.462305644 1660.89375306 2651.78950668
-289.290873798 1444.42850697 2725.26905741
-478.985428345 1249.24789386 2649.79161763
-196.406520968 1144.52157384 2545.12412167
-344.978278771 550.330078778 2554.54513185
-1078.9578581 1078.36018829 2558.10524939
-287.330314001 1644.10158762 2658.05312819
-891.652055585 648.301830863 2579.46679224
-214.769655292 910.901303437 2484.37842331
-315.09177024 1206.16267535 2563.49815858
-455.401019195 893.267956501 2628.60762791
-147.579915782 1691.80832928 2596.42219595
-700.119540144 568.26214165 2611.65020511
-261.348936764 884.048135301 2617.86846219
-322.597335938 1576.68970132 2579.00924019
-360.930123264 1021.6576888 2567.84330818
-8829.78956337 380.009659565 2608.07883225
-4253.19153192 566.670364978 2604.89856658
-557.789032881 872.721078812 2632.90022619
-9373.77614162 364.200214471 2691.85421603
-10103.466499 172.65143503 2610.36298276
-5647.53490651 929.459416006 2636.03504094
-2259.18149373 1042.26067568 2674.47047323
-392.806813385 1327.09513686 2711.38862769
-442.557503572 806.627382991 2635.76783127
-8157.33074193 85.5832182076 2666.34009483
-237.269363092 1580.6612769 2675.16114781
-880.084882631 1354.01093227 2760.60382107
-762.070305551 1505.99896608 2710.84049174
-288.664296417 1277.39083962 2708.72063563
-916.841741994 1377.0161812 2541.17306011
-215.750095129 1853.64684025 2718.95859296
-512.888882184 814.07529947 1930.52583614
-471.98334134 1186.71282282 2603.1281916
-10191.006759 -356.260419072 2626.57535782
-257.096236908 1181.64717538 2724.45782945
-2201.61467403 935.727017199 2683.22566999
-8248.64422037 134.032957109 2743.71962616
-5267.59013808 1108.71877085 2738.9558091
-8209.19591058 -264.304312074 2777.69111592
-722.394831829 1459.44494302 2704.32442955
465.165678958 2075.84385638 2752.23582083
-580.73764127 802.65263334 2696.4551647
-557.971168187 1463.57483173 2711.33337023
-459.970084113 1269.35811979 2717.26210529
-304.967868018 1440.05435204 2772.6952959
427.879993041 2152.18022666 2804.88712861
-598.584783702 893.84862487 2764.84804738
-343.372592622 1181.30122095 2783.09458923
-721.490679051 658.613153972 2656.84450445
-618.361045419 813.619670777 2769.89030361
-640.40850629 247.515136333 2080.39008566
-424.720038015 1439.65325761 2841.70225589
-709.877151908 1342.07641883 2788.84099147
-608.974639293 590.763357847 2746.67937297
-272.606623445 1193.04078555 2789.71807039
-673.028962292 399.274418991 2816.33569523
-491.188923389 559.344418925 2787.7779773
-545.71962043 1468.14119485 2818.32626713
-498.260913095 1673.80429663 2790.96112127
-522.790118945 841.289355113 2640.09667644
-574.484175308 1131.98894571 2829.74051428
-584.947441562 1097.74528155 2772.96753331
276.651699896 1801.46225681 2790.759181
-726.337748629 793.882147739 2744.91059669
-553.012372636 1129.76605804 2779.04889102
-533.477698266 1272.13936624 2170.01543145
-349.141734156 1667.95515143 2870.33489794
-483.28912281 1594.46083434 2812.44564174
-561.855068183 1446.32748499 2763.23981136
-829.396073679 739.054189755 2810.15035384
-697.336178604 1012.17052369 2732.97472874
-510.071518357 1679.12149322 2819.89811343
-279.392837963 1250.99942377 2792.41466401
-358.406386181 1473.98940883 2755.60002021
285.562498651 1715.09809833 2779.15225688
-587.193753197 1201.949516 2839.05490252
-1071.36341594 1016.9495351 2708.704316
-958.148612742 1287.15356544 2807.73106877
-1025.32882931 782.543522779 2851.56380886
-508.105337197 1261.80359163 2838.84093765
-252.7157117 1324.67632656 2806.15943308
-580.718928009 1352.40687338 2824.16098454
-939.456877398 1333.45752376 2882.10068448
-1082.12029601 519.737658442 2779.74414121
-541.251837142 1010.93810358 2770.58619435
-958.522070723 1197.92107716 2843.08564925
-158.024755753 1998.53659921 2831.74915664
-1158.30514151 892.484724261 2802.47855653
-662.047278126 1058.40157012 2786.50331267
-936.002391282 255.202855764 1579.16048535
-970.425008601 904.630411037 2806.95417886
-561.300780727 1118.88726116 2832.11102031
-598.0774143 1329.10894737 2832.90316525
-223.010400154 1383.19754459 2827.66225917
-607.427114877 615.168959261 2769.50459904
-548.615262618 878.059552276 2858.53434673
-490.687320235 606.779611899 2876.06422962
-789.017800404 1229.23640667 2853.84239844
-1036.29205011 1372.31179024 2855.77056394
-1226.20809928 942.070861712 2713.41929617
-516.946063294 1041.84314098 2249.64256553
-1025.45388406 1327.70537977 2725.7955793
-1189.8113552 952.900668233 2208.46292271
-324.984876484 1072.08340261 2635.52271101
-428.227178533 1541.03248516 2885.22242342
-357.340974099 1401.13807602 2845.68147977
-174.696749955 1352.0693343 2654.5676857
-798.243420029 1389.71089642 2732.79641302
-583.204283198 1173.10120528 2835.23146383
-329.932516078 1562.1383276 2813.84902807
-724.933730502 957.519795558 2676.40077065
-699.003312978 658.358505317 2755.82567291
-476.878881017 1406.53144485 2807.06236058
-682.545260296 1388.82221723 2811.63901984
-917.686488469 658.446543497 2199.4543778
-344.340473492 665.212103067 2142.71616615
-791.024226154 591.291830322 2537.96430818
-609.361396846 1093.35502356 2667.27959473
-872.354898012 1282.49712874 2556.82567472
14.8023922386 1706.3220636 2787.33072595
-2294.96262307 328.821884815 2188.06026852
-597.072564231 1355.83727554 2865.08262858
-700.002616424 865.219854549 2696.85182177
-382.649771486 1780.69616962 2829.36115336
-964.409913238 687.983503812 2614.99403313
-301.034747771 1084.17143031 2162.35342977
-1092.77075946 608.988126527 2637.30983819
-440.248742845 1713.20645181 2869.03536971
-910.466924153 710.461381471 2144.90163027
-1214.99353413 1168.06197949 2743.82005417
-1249.09782353 1041.70311777 2837.92243959
-798.652335225 244.432539848 2792.11606603
-955.264834632 1225.89586416 2751.24895706
-764.821372242 1480.13490361 2809.58417198
-594.834016325 993.016958653 2830.00282034
-421.00632641 1154.45505255 2797.44202569
-495.517317824 1679.92635719 2928.98503391
-393.456721549 1134.5785203 2807.24636263
-1048.60131088 1321.77670328 2860.92860177
312.510139159 1926.1213562 2822.94323845
-816.636496076 1382.91511957 2879.86689675
-426.272592012 1515.67624361 2633.29463124
-468.310384721 1470.25816009 2833.11592555
-911.268338149 640.106428891 2932.43792196
-680.487296654 1332.34653731 2736.08673442
-953.170378755 1489.12542199 2808.12249936
-1366.83206173 693.556067713 2818.07063547
-709.918732784 1384.45286344 2932.65106124
-794.687485463 626.865044843 2843.13574613
-856.117728309 817.13697003 2777.63584302
-448.700885475 1061.04041358 2812.61888891
-624.911976018 1366.62370803 2929.72876247
-435.291963473 1336.9165784 2765.16365065
29.8793301747 1353.29808579 2756.13144835
-482.508049439 1448.07561894 2817.64832721
-881.435413867 1611.89192064 2844.38247156
-559.220968984 1143.05044667 2753.61606395
-938.50715473 1237.54022799 2744.55593718
-581.442862429 1031.96405905 2271.62092236
-570.75229812 1209.82851621 2838.55925243
-59.03488808 1444.44731084 2265.67322531
-496.699727717 1462.67699538 2703.16008249
-395.553424813 1237.43288653 2672.91401516
-19.4392327185 1635.73759438 2666.71012662
252.634547349 1993.10530068 2895.46513522
-713.974547086 703.616105612 2800.02916443
342.526741379 1582.15708247 2250.36066463
-435.440746622 1382.45698322 2836.56129059
-59.2728914454 1779.18616793 2868.89433138
-837.751722308 1882.61886125 2848.82207145
-348.242734295 1907.99791075 2814.59305544
-418.242301267 316.852467421 1009.40057923
-812.257753482 1643.16870874 2786.3451827
650.511878645 1644.7570403 2740.98112795
-375.630773563 1744.0900408 2761.92254288
-903.591543615 1733.48656297 2797.75724042
78.8860994851 1564.87874546 2845.70138734
-399.036108154 1922.96632245 2761.75070091
-306.415052287 1539.9645523 2880.57267557
-865.99648708 747.17963393 2756.25812761
-580.537800007 870.502514206 2750.45276925
1407.5438229 2213.48826736 2804.48780137
-538.271892017 1754.55724967 2749.66336375
-345.168095996 1893.90881724 2794.47777456
40.6972403341 1314.9832071 2729.45110335
-449.864789687 1750.49387139 2879.40419673
340.831404118 1457.23075545 2295.24881643
-385.093258089 1338.95729664 2767.13573527
-653.188777076 1236.95631213 2751.79385221
-364.521772077 1222.88334119 2915.89519772
-545.494905447 1357.36357438 2816.87021389
-760.567453074 727.046360562 1617.11799939
-750.815076562 1080.41684718 2787.57205609
311.13697638 1742.39220006 2759.7744968
-816.279061542 1501.48094211 2725.88903313
314.527566284 1986.32821232 2821.45397975
-42.6529089329 1482.62025467 2727.16106976
-1551.67175813 817.810539243 2724.42418758
76.9531576954 1640.62866563 2759.30934719
-778.182917889 1292.85939742 2275.19109661
-293.732558725 1536.3940558 2797.48081256
-781.23911306 738.177640612 2887.46909532
-7.17318982653 1696.63311886 2934.73147093
-388.029167124 1554.96405356 2861.27481709
-534.250764211 1319.01706012 2723.0177901
-266.578823435 1253.09734571 2812.80530709
-199.499771658 1865.19406224 2827.64972875
-331.85160845 1505.76204536 2319.87921924
-465.825530105 1238.1466941 2843.15465302
-805.630608209 1330.23305672 2280.35461355
-440.188022383 1398.36470245 2789.43203719
682.31948392 1690.34572491 2817.74135451
-493.992523555 1106.74938703 2754.57868365
711.337229617 1698.85470566 2744.77615247
1410.24254372 1957.70784196 2663.09871727
-529.702365583 1779.30146012 2876.40542215
-265.987841231 1700.9900672 2917.45943653
-440.563977633 1422.80017675 2871.12064393
-637.512452483 1111.96347714 2877.40033986
-242.077956259 1738.04434943 2854.88919834
-610.457961431 1057.37351329 2798.65483221
-815.839381159 1196.84744818 2842.77787308
-563.676399897 971.231212539 2821.20041357
25.4995037699 1452.58534343 2793.08657284
-642.953846833 1108.38110261 2286.56056254
-1420.12742403 1257.27237129 2781.75637858
327.091942383 1657.66731954 2923.32070473
-257.890287206 1505.21490156 2924.3524487
-431.190299991 1032.67587007 2868.28412813
-853.0418597 1559.94315349 2791.64129185
-526.037661226 1915.96594535 2823.49477838
-408.796899072 885.978034306 2225.21583068
378.626868843 1366.69377329 2806.44284274
-315.146785473 1849.94964373 2868.57591879
-635.790502559 1391.02047668 2842.61736186
-1117.03931305 907.620234006 2932.31952259
-719.510609356 1273.64057377 2812.82933774
-723.008221948 702.320845371 2843.27531422
-1338.47691536 2024.44659848 2833.0291915
0.614424752423 1327.00716148 2757.7341008
247.91777725 1707.40902067 2786.06364914
-963.407118449 1422.8417247 2330.71143447
-510.820525186 1238.54444461 2173.77896968
163.024023241 1413.78568423 2840.26889408
-651.400280303 1511.68796502 2833.74506909
-692.927886369 1626.66679238 2882.18086158
-718.348107931 1449.72856687 2881.61416153
-665.585362533 1411.41851213 2633.46171797
898.257002108 1911.92936472 2889.49567523
-378.736332692 1692.06605239 2774.62769289
-410.073800185 1305.24815137 2855.03707338
326.21073872 1865.02241922 2843.36807095
-781.313060882 1759.80538539 2904.04015142
-491.704557479 1350.02623887 2816.66382393
-504.079269479 1747.68079791 2855.51548767
-383.693489852 1710.08920393 2726.45537154
421.492385879 1833.36955997 2935.22136007
162.046756538 1696.59936908 2902.49309725
-525.884306066 1362.23019485 2838.48129139
-443.530938521 1099.8523596 2787.44992647
-206.114970355 1785.95168103 2827.92023568
-507.687002983 1552.87204701 2890.29214228
-240.067624074 1847.71476095 2908.74494369
-313.173508776 1899.79747791 2773.91786239
-681.300667251 1330.55165733 2879.23576711
-728.987291449 885.979948266 2263.87643092
-501.683637141 1639.83273873 2880.76210988
-603.69211302 1364.82001272 2857.43039094
-741.423877647 912.92246026 2847.77964644
-647.648809971 1229.63861238 2891.40425967
167.50910099 1689.14417842 2818.9019207
359.42119829 2218.53404587 2871.59377819
-483.82067939 1477.46665563 2889.91377888
-991.251456983 698.588470079 2890.01622513
-509.558117239 1099.73621115 2877.66942391
-256.996161812 1897.71327377 2920.8094103
-452.157579616 1131.59345846 2800.13143432
326.023753516 1822.64376976 2838.7655048
194.292727103 1640.34359013 2820.3650882
399.408843914 1925.14743607 2929.54801067
198.461112129 1534.08916792 2866.00448265
-812.182308558 609.944761131 2665.56249518
-799.296617804 970.806870979 2830.41094381
-272.313655211 1203.06192148 2686.71730102
-333.439126086 969.628548394 2133.40392041
-533.290207583 1301.19935823 2914.81068489
92.7641644963 1702.92453139 2785.92158912
26.427447122 1269.43812821 2203.73099485
235.92563062 1564.5851608 2840.54101295
-566.26616042 1697.10404306 2893.42936455
853.137799501 1754.84294683 2826.85391782
-261.036686824 1506.51820918 2912.40403991
-593.093407529 1754.5982585 2892.55665377
-665.437318558 1381.28525608 2848.18826238
331.098249826 2013.51109136 2799.36807865
102.662852252 2323.1966321 2878.50312115
-428.601636372 1154.42125179 2873.32199943
-317.127252724 1281.06088396 2894.07511831
259.655952962 1657.03982006 2712.7676299
-525.587814113 1626.02334473 2882.99998783
-652.158576018 1678.03096979 2918.89543002
388.365730861 1703.5793798 2864.09293816
-1166.83655902 1048.55789221 2217.10968353
-537.553994095 1738.74769292 2900.77117069
-243.917057501 1719.19457341 2768.42960661
-849.491120654 884.266325753 2955.0228075
-316.847447498 1183.85351601 2293.89615157
-233.52224424 1275.52547644 2836.99782145
-344.673367957 1445.04741397 2833.74437672
-131.966075749 1329.54713358 2246.6330134
-486.362524209 787.620616001 2288.74300707
-744.340620207 769.143172512 2859.59623241
-200.159316761 1358.67115299 2856.48757577
104.084831752 1478.40773687 2831.26030326
426.273406691 1877.69310735 2799.95093455
-549.036706127 1000.09301387 2919.61611442
480.610223505 1804.62370672 2915.98925058
-263.353071358 1754.6241732 2750.55667148
-471.679114469 1500.40784562 2887.64639489
-703.327650161 690.439613833 2222.07906602
-435.778703764 906.263394147 2756.50538449
-719.382165215 1264.43995163 2876.36577552
416.563029057 1388.375671 2666.63121788
-650.090321693 1022.99694251 2265.57222754
-806.088969503 921.730118371 2794.4908808
-356.405159733 1679.25160535 2789.44581777
-578.679853659 1141.0947385 2860.57599589
-650.42294044 1031.28979436 2673.4936955
-1172.7924718 866.641590555 2907.50314881
-180.294381697 1198.25084809 2789.28755228
-579.803543917 1275.50509109 2874.5132407
-877.127488821 1050.68028281 2932.31523374
344.844515104 1848.82761489 2835.14006074
-668.671069476 1406.31948253 2948.45614251
194.891417839 1949.40961296 2839.27993795
-540.823089661 1194.80118814 2897.68622084
-435.56716224 1776.53117862 2837.32088732
-583.882851722 1842.99102378 2897.47817076
-899.07460825 1288.67530921 2852.49604848
169.961490126 1594.68927154 2810.4185702
875.642487769 1656.09458839 2752.58944734
-359.791619509 1245.18696846 2804.1557674
890.151310879 1787.84763449 2891.68370818
-802.672574142 1572.32421018 2887.39609962
-606.96622662 1030.64213002 2749.27487937
-988.308378002 1034.25360585 2261.85752446
-1039.20958784 1619.35216017 2822.74564091
372.615465399 1990.97002097 2864.98021011
137.470504426 1365.08207777 2817.1329841
-384.247863153 1187.78475449 2813.64098604
-804.354985536 606.673219314 2109.12873705
-423.961425971 1176.65988493 2831.76850677
-548.068851333 1383.17158103 2246.19197678
-887.666535015 1097.07339744 2861.54655833
-480.840201081 1329.38648152 2848.64825828
347.884824311 1957.45826758 2829.74725415
44.9181149848 1597.73712165 2876.68096685
-631.318413007 1168.22542823 2803.01044682
861.420835779 1780.84537548 2789.89995736
-784.790284525 1276.23966653 2951.27890139
-606.061833522 1386.85703015 2294.33233379
140.893492847 1612.77778688 2875.93972123
-337.795125477 1625.50139407 2878.12158384
-781.270919799 1541.40602155 2851.0281687
77.0340342088 1739.47046397 2892.49347621
1548.39446423 2059.96992635 2730.2591958
-544.741095572 1240.75077311 2917.49520076
-502.383356194 1632.91208256 2875.12214498
-692.913044032 1340.97593425 2814.14157393
-199.10548808 979.173329841 1662.60186163
-500.376668745 1414.67127904 2835.97163324
184.283008462 1667.9761054 2933.90943547
123.702062238 1637.59518238 2884.53347884
1087.84688856 2072.20675804 2837.13336315
-655.127578809 1775.518629 2872.3853225
-513.892899409 1236.54748949 2832.84941766
299.639619559 1729.19411835 2880.76967748
-529.718934714 1670.20377207 2895.96187948
97.667449563 1576.31742539 2832.75896283
-522.630424441 1141.78367516 2174.45234045
885.297465912 1792.04813418 2890.52313439
-499.358219841 1474.8158865 2866.30927262
-242.069820152 1602.50058274 2831.20662714
-194.618667137 1625.4720232 2873.79909355
-688.39319245 1466.1498677 2857.34510431
-425.67968753 1690.53339422 2864.54644226
-653.312258773 1602.80724466 2843.54540019
-485.736798914 1317.99080282 2828.53305272
-439.892211455 1410.52513974 2868.41170673
-514.017272997 1509.33111096 2872.05249063
435.153787451 1751.36143071 2905.96750467
-714.891588854 1926.86856389 2894.99512995
815.33312301 1940.01047161 2814.76375628
-434.935492159 1740.81805401 2698.32353969
-411.407031284 1643.67412832 2923.14404512
-707.386083632 1658.42993828 2864.87567602
-474.060324255 1965.95915211 2870.05767151
221.684163403 1678.26342876 2852.41742335
-578.041918152 1843.14421543 2890.62590604
-170.921490517 1753.72585439 2859.72962441
-261.110233174 1191.05316236 2909.25336296
-433.860675658 1342.97577144 2834.68128619
1492.22413157 2126.86541969 2884.77677074
-445.11225792 1237.47177992 2940.07429373
-657.286351963 984.022308981 2724.35829152
392.247228536 2025.54967161 2975.98039846
-399.371022642 1633.3475113 2909.37405042
887.498698424 2069.2942138 2909.59669991
-1090.25149265 1733.59543967 2884.10278655
-667.437963386 1311.89553489 2900.5078285
673.583309494 1758.62231469 2942.96091642
-291.173742135 1759.48184156 2843.50396722
14.8159342965 1570.18586035 2297.99375582
-537.457031269 1850.39690151 2936.40770091
24.6456652092 1641.60000157 2893.75741641
-492.818137985 1157.36136565 2836.08342899
-466.946944494 1658.05875303 2923.49255261
-387.497333682 1193.99917988 2217.33275685
125.494431016 2028.03446973 2903.96516401
997.70056897 1841.25341695 2741.78510407
-1115.40461128 1244.1886205 2943.57743336
875.350399488 1908.80749664 2903.86295155
-710.155028839 1747.29882291 2880.96129907
-558.055377301 1349.36648594 2910.78594386
-528.416993973 1184.06175265 2851.69873654
-599.337729988 1518.75507699 2915.09734567
-1516.72652839 1209.44793217 2843.80091465
-138.389764344 1494.189624 2296.7604647
33.6101962981 1576.6714394 2798.09030426
-820.53605082 1459.66484221 2871.42656114
-513.587860567 1686.984332 2837.64805658
98.5640881271 1536.00565043 2857.03418588
-694.481685095 1458.86884209 2861.70852753
296.988790138 1713.2149083 2947.73807031
-626.388552505 1051.84513428 2380.00495217
-868.721393775 1185.80124558 2946.17733818
-225.782758082 1497.65052761 2907.43656045
-8.59076370222 1862.91112113 2961.42407483
-198.610219558 1584.88294352 2818.45097539
-444.638264862 1539.74758538 2861.96522157
-232.508587576 1546.21967312 2911.36788439
-601.688095829 1496.53768847 2838.11644967
408.700249543 1575.01015552 2786.38435454
120.918440845 1456.87738525 2910.43166142
-720.530190779 2085.26865005 2938.80994013
1629.82503379 2421.65887749 2877.76929456
-196.751599767 1419.15284489 2958.17767431
229.509793801 1052.59038481 2778.53525567
242.291073356 1834.69511452 2899.35867976
218.345067141 1958.8997569 2891.44707058
1476.5261838 2159.19485591 2917.67085516
-203.935033301 1691.30151891 2908.30325485
-675.103913382 2015.88087756 2919.32647865
8.72249678333 2002.65434543 2946.72512466
945.390370788 2109.59240775 2944.45218801
-305.042436944 1408.40208682 2863.71150126
269.929986431 1831.1139911 2830.92690002
-793.409448129 1640.18928899 2300.80895433
-635.580544621 1740.42069208 2912.48784697
-1006.39200828 1382.98810663 2934.15873818
-626.892534604 1691.17293929 2939.63395791
447.601880929 1637.9377068 2871.92423934
296.355284216 1887.94516249 2979.9953327
146.011964866 1628.0066044 2933.94177468
48.2392123279 1323.26453305 2880.76258776
208.308020721 1621.58920796 2317.95475469
-395.34171385 1967.0682123 2899.88405913
237.48285274 2015.6072947 2907.18574966
-330.148586447 1559.08699499 2842.1043431
204.404315249 2064.14719142 2923.92962949
-671.9704682 1649.51988705 2882.28094533
-716.340336474 1039.60628413 2954.17061852
-278.442919872 1798.08472509 2959.29038163
170.67628615 1655.12124182 2881.30330922
-325.815175988 1333.69295857 2857.25510691
-317.094982894 1763.46257102 2937.84664427
-261.81575838 2074.89011083 2921.51208327
-554.56792212 1391.55051262 2925.06348244
194.202792267 1682.83983509 2316.47989297
35.3017312265 1622.25222377 2302.14269302
-231.326009825 1116.05814812 2904.55324135
293.34757868 2069.49933161 2882.57944933
-577.102972378 1470.87958786 2861.92496307
-569.759374778 1264.62393247 2187.82615511
-436.421916101 1669.2911838 2918.38027854
254.264404931 1594.37408723 2860.4168477
291.91370437 1566.8106422 2887.13265409
720.3508572 2035.14566902 2949.46961879
-630.900214933 1690.54519537 2924.24326955
-602.336286467 1048.05858224 2829.94264006
-466.73506321 1755.86939392 2952.45541297
-859.017388863 1295.10239153 2948.06900874
-751.577582988 1655.43639191 2908.75272845
-323.298966511 1351.748504 2940.45479392
-710.971262476 1216.72244962 2899.59332339
-653.669002814 1095.11216406 2950.52551389
-622.428900908 1527.36633011 2888.1847769
-342.829035099 1491.98143882 2942.31812434
-463.649199653 1167.73729835 2923.46721828
-832.609929586 829.890407313 2233.47816862
253.645047303 1653.63014814 2826.14502217
1061.54303504 2189.39577768 2941.6523665
-568.653978787 1752.55013187 2893.97082679
-604.799586053 1956.64356483 2922.74250159
-553.115280096 1573.15484783 2966.10234386
80.4636790691 1662.62707681 2914.47932915
160.73370384 1703.42331952 2928.78837462
-431.407790422 1669.88737684 2895.8126705
-646.129908131 1395.04059076 2926.12186919
-278.25532827 1828.2130973 2965.15745652
-655.690978316 1520.00635148 2826.2320253
-453.283354836 1453.34543062 2916.13414092
-637.814663131 1753.66696467 2942.92172019
-916.382731411 1403.35155602 2895.53672566
-574.726407612 1605.68102682 2949.03590528
-392.038007222 1308.6900254 2939.02357836
-434.910017534 1763.24997095 2889.98357135
-118.962472033 1866.69388701 2916.78743549
-586.270778082 1520.13674731 2904.68303788
-464.704928095 1624.88533176 2891.44688833
-474.656927683 1626.20574409 2891.96292268
72.4940749282 1597.77728881 2908.78128508
-804.9092148 1173.077866 2863.97530453
-560.563962583 1938.23326424 2913.54383224
369.548642514 1961.10431492 2636.44113503
1108.70181418 2045.23951078 2954.96471724
-443.337056528 1744.58866113 2911.23020922
-400.516056117 1339.54284236 2264.34818925
-506.046495566 1264.71166259 2949.04266183
296.60951192 1784.96244124 2329.17609937
-498.087642228 1716.27464891 2941.06260164
164.766064903 1658.35481613 2892.3102537
-392.384675715 1474.993981 2954.88133558
-10.3159107098 1707.72013753 2850.16721919
309.189124915 1640.91625862 2896.45695834
-437.36234165 1132.66533897 2945.33814588
405.648765061 1737.96737874 2876.1298196
-414.450514883 1587.38583201 2919.01145897
-573.583594688 1180.65684879 2913.99011017
1505.20264897 2232.75025916 2910.1362781
1.76352214667 1753.91216041 2950.92346486
-294.681716429 1403.78738599 2312.14995253
189.832980281 2059.07746446 2860.28052055
36.4542496796 2011.64930675 2896.10141422
-641.798602913 1899.12460758 2908.78752627
-599.61199998 1653.83099792 2847.26383349
737.020690772 1769.44200537 2867.27429183
-1291.75854374 1685.97753434 2953.50166615
-694.310791686 1620.0979679 2858.19490374
-566.391668771 1292.96863041 2923.27008983
-623.164265797 1606.26665521 2943.33274063
-337.113675417 1681.59564669 2864.47663997
-543.424786115 980.654762178 2892.33976357
-46.4207020227 1952.04841116 2939.07004475
211.877440791 1082.59534292 2324.27904297
147.494209907 1696.0490736 2841.47089245
994.486346474 1947.65044657 2932.95234524
-625.26642808 1287.53697163 2701.13614429
225.196500599 1616.08213314 2831.85955701
-538.349715823 1852.3796409 2929.39791964
82.5781171574 1601.17460854 2914.5516591
-379.874437912 1985.46874654 2879.86233151
62.1570149793 1833.4870927 2877.32398915
244.902315846 2042.6495742 2953.63522487
29.0500000134 1915.75053102 2947.02891761
-523.72672952 1509.55163062 2925.19720533
1026.55122293 2020.23898369 2903.46095508
-759.765185949 1773.2437205 2903.79441499
-589.067230085 1336.63703873 2773.00482874
-593.160287242 1007.86664685 2884.57928602
-543.196938738 1432.51220372 2873.28758156
479.011617486 1958.24818494 2871.4526276
1409.78836495 1978.15839547 2940.59452771
1576.22636278 2313.75825334 2945.87724492
-293.567681598 1872.58589431 2907.04161594
187.597427587 1749.08280976 2794.49256957
986.053152173 1901.70003761 2910.63687872
-260.011291292 1758.72320943 2945.99264268
216.441775984 2224.20026833 2936.22970775
-322.57709482 1367.42747491 2831.22860331
-453.678898932 1924.15927151 2917.8915957
866.196162306 1983.29391956 2843.55371854
-284.694772392 1461.34176645 2947.8188116
268.168954368 1578.77464253 2906.81427777
936.448746438 1809.3459941 2908.61537859
890.667179984 2287.58110056 2909.67744575
421.22719308 1930.49628881 2795.83363828
-218.530415664 1434.10614492 2302.99294046
238.210936595 2184.06967327 2904.46473219
109.185342032 2013.32259179 2920.53135853
840.685152221 2067.2080216 2923.47098186
417.763425775 2170.41645502 2956.27947057
918.771398396 2022.98501707 2917.25069267
918.278173237 1802.82542788 2879.77644948
61.4576702489 1779.97236186 2874.48332104
466.867397012 1623.44958319 2781.33193569
311.012203841 2360.37879884 2996.22935921
1013.40900906 2142.23633958 2900.20369588
997.185016653 1885.20150861 2800.33447559
-472.167032214 1879.33121113 2816.16796749
984.364108899 1989.80642476 2881.48600383
-781.799365302 1770.17955501 2931.74550496
11.0148039533 1868.98435177 2937.9588011
360.857761708 1450.65090848 2237.14016725
783.503369694 1775.56031282 2875.05257844
1427.47958446 2024.98147365 2756.75433147
684.061824094 1768.30454195 2883.05209303
818.136141872 2113.16505185 2911.28078233
431.779589321 1992.6887788 2837.15813116
839.333110843 1935.70955437 2822.28789797
132.326110708 2143.92741716 2935.00121867
205.541764909 1584.65788267 2832.72347731
1593.87080455 2322.488673 2892.29451843
798.482070664 2284.49422706 2866.36462239
46.1683850369 1693.70085108 2847.62356535
1333.67899274 2249.60586006 2868.01975403
428.723726355 2060.47122175 2855.94820464
-683.955961728 1931.51474832 2831.21977175
1392.217917 2056.93508287 2807.83397646
-297.287289224 1706.21909008 2892.81487547
337.192415566 1628.95591258 2798.50824253
1.37652588311 1711.25056569 2849.38821572
877.835290304 2352.62808868 2997.06661755
559.461772446 1814.18149617 2793.08199894
1437.68187007 2318.62723805 2894.66224074
982.805685753 1950.94926846 2751.68226308
1004.5396354 2401.73490318 2966.45440952
1102.060098 2340.22519971 2915.58906475
-600.90515247 2029.6353971 2794.45056653
-138.33695687 1954.60412597 2939.61832659
-488.101501693 1757.36116801 2863.09113928
184.495293519 1870.53495548 2863.05802406
796.271194128 2408.96132184 2905.65269564
-641.300741948 2029.91477335 2937.67656815
962.317582602 2178.72568232 2832.32461259
-506.698143426 1893.48033589 2820.08918041
89.0018894975 1604.16850044 2943.5074586
1554.2551778 2439.36536133 2905.88423747
1016.01028347 2224.32763746 2896.09921915
-364.899246597 1403.09346696 2822.90907364
180.203133567 1894.54622546 2944.41193903
-399.057799295 2028.9267397 2888.54573722
-816.944534579 1285.08088101 2301.41265018
1695.2706242 2360.63706781 3004.76333957
82.845387548 1594.57569697 2827.66789473
1354.46381137 2327.04899664 3002.98633668
103.980403347 2051.37022954 2822.38172235
140.754197791 1956.06911208 2968.87998843
966.072996934 2054.92649317 2862.70775902
856.792095072 2159.62222956 2954.84602132
430.046041158 1682.54331439 2873.55583664
276.137076989 1826.84368592 2921.475838
-320.981446111 2199.55357217 2858.90806719
-678.986964248 2142.72028119 2956.65822188
187.658304701 1925.3823339 2925.02639488
1400.29671999 2139.49577428 2976.31600059
-658.460639998 1994.77969613 2951.42700158
900.201954856 2373.49536954 2933.74201342
-959.487376695 1439.49734714 2878.33857873
196.324686861 1818.13685352 2888.15725434
-860.707955348 1449.60492287 2961.77893621
-177.496368844 1687.34842702 2964.6612882
1085.94969723 2069.62941377 2906.82200134
-563.870989674 1857.19216549 2908.46008383
446.52353675 1793.11512712 2908.8964201
1040.53726062 1955.19305287 2913.52315978
902.544944892 1958.29518799 2341.70943108
1088.36507563 2008.4293895 3000.68101031
867.873942886 2338.4354231 2906.15200291
1512.78173025 2064.14724158 2868.23000991
951.581707006 2199.23943111 2931.72867111
801.436423308 2231.92744215 2887.06442255
136.824448817 1335.11670231 2800.13123995
1502.09869383 2342.40521293 2921.87422919
136.71761723 1698.58039446 2828.29686348
1663.65930544 2566.18739512 2970.76092326
799.631901301 1967.90826765 2893.02379271
973.293841303 2082.22208884 2808.42490314
1450.15032604 2419.19470422 2929.4260227
906.000763835 2018.59781949 2860.30430646
-546.788308582 1448.38000146 2966.74302282
1679.40431992 2495.95247057 2970.13007152
860.256857728 2105.91491706 2847.14502856
1460.3215198 2094.48780769 2890.91994837
499.54204476 2056.88531171 2945.24044929
674.832313004 2112.17182287 2884.19157162
1016.06617573 2140.27632694 2910.99516945
1047.91638522 2291.7781386 2922.76916273
164.446204778 1952.71038117 2878.64833534
942.710003237 1932.45448476 2942.34990824
264.499279039 2258.04924459 2879.41997495
-250.851606222 1959.42544825 2857.4277575
840.300137482 2456.37002433 2978.17464578
381.730646019 1599.12457094 2850.12051141
878.198993764 2353.59229052 2910.93168685
1491.7245387 2348.58782959 2867.66200512
1335.86793946 2471.97501909 2929.56984965
1572.5658187 2324.94662682 2939.64446022
764.762985753 2140.13369804 2865.21755216
662.858855842 1926.39926811 2946.90714137
383.085845544 2290.06695976 2927.3965554
-288.579126542 1874.36300936 2908.09756791
83.4718445892 1642.29768607 2892.24889829
247.066081874 1812.80865528 2785.95404939
963.265293561 2360.29841333 2923.80253892
1050.72145975 2167.669788 2948.06141258
1583.24266844 2383.45263831 2938.90675971
61.9545348099 2136.75846348 2926.40195479
187.361767236 1820.55047205 2879.91561875
977.827221838 2039.74143853 2895.96173902
146.032899395 1422.49542654 2930.79165267
869.416602072 2356.27842641 2963.1909629
384.628598853 1706.58405559 2873.68297835
78.8858236979 1798.24785607 2963.09804608
1479.76928374 2298.89416986 2869.11468784
-487.175271084 2148.50048916 2899.42066802
253.170761917 1861.33855957 2825.25974152
721.31605821 2261.75042461 2915.15033173
467.106395335 2181.28359923 2912.34168105
999.84296264 2273.74972275 2944.45021702
1665.2727838 2309.06414505 2882.93009054
223.610767075 2073.44972204 2914.24902864
34.1548064686 2278.86710338 2782.86693001
486.555286088 2350.8469385 3000.42516373
911.471682305 2014.11609717 2903.87705182
101.443432411 2031.55743695 2895.27531649
64.3929842126 1927.62025719 2946.03867325
1034.38581392 2305.10896415 2983.80252623
798.932004832 2178.35484892 2982.02957216
1039.17192419 2272.01695686 2979.52739173
918.610054728 1983.81391765 2864.5607639
219.782891414 1771.60062623 2960.60805208
117.17591665 2145.45447584 2943.38445255
446.092727945 1959.76299342 2804.65194184
1626.16732293 2313.52021311 2903.31108956
960.546289426 2399.84075804 2933.62291437
188.189040839 1662.96081049 2939.57516593
260.726897328 1596.2831138 2895.15686033
1446.05173389 2147.10055712 2944.74492422
1001.08795952 2230.26741806 2869.4409807
1018.91973785 2172.51619573 2922.84364026
321.349423067 1997.09396331 2927.89714654
305.595145875 1989.66271769 2992.01422481
177.727852698 1780.57141229 2854.03240814
1095.13230123 2330.71631463 2894.36281348
126.236100038 2253.21414728 2890.78560756
1472.05828065 2085.96602827 2911.05730194
-530.840628225 2048.22756458 2888.069524
169.868042506 1750.53654922 2894.74556933
971.515004309 2216.30379407 2904.35681957
853.205983935 1920.64847789 2856.13019047
793.597200008 1879.56886415 2800.77108604
1351.65536528 2136.76960324 2876.42298355
398.563793827 1638.87446098 2883.77888771
1098.29867091 2128.94146252 2893.62129877
292.551105876 1304.01690784 2803.29059774
805.717185106 2304.067002 3029.40907314
770.439531894 2162.35629719 2958.07812499
369.703405609 2167.49376435 2870.89398958
334.457216437 2159.06199128 2947.18591549
936.865305283 2050.65769308 2970.94168903
1547.82802669 2163.92339015 2828.89336779
397.682938181 2023.55636095 2995.15796429
820.174220867 1824.92946011 2840.71735254
-209.630118201 2188.43970378 2885.76405192
415.697549251 2010.13643402 2928.23862765
746.598122581 2134.52239049 2938.35786889
248.014853653 2145.76764156 2989.35595421
-194.599433419 1764.99769413 2925.5008122
1513.42840754 2501.19867348 2927.90145232
885.143817148 2217.02337916 2937.82322166
358.138649098 1734.09303906 2286.11129649
1675.82752497 2231.37627631 2921.17232917
257.047146946 1692.16584672 2853.80254247
918.122464317 2134.73005041 2866.23267496
-538.03770285 1902.10113727 2940.6808249
930.864356894 2160.11467976 2936.27627752
139.846097553 2079.28233126 2919.09116783
1678.34209138 2285.00755893 2886.85842875
1428.28396037 1888.67183079 2869.7650225
472.205993284 1622.38737695 2684.70864856
878.426898678 2207.75542673 2894.07875028
452.789535702 1907.48426533 2897.70991597
1594.72862676 2453.56709789 2887.11184634
685.854131723 2180.53487854 2810.10804091
816.622819796 2213.76889826 2905.14453928
1496.62541532 2378.34689519 2902.60531745
1486.44170144 2265.23665905 2902.50940539
946.146500346 2171.66256043 2902.50830061
1505.19744227 2475.56887328 2962.08693193
725.577502938 2206.29127066 2925.85199749
680.824590105 2187.36617229 2921.86955195
1496.79269795 2332.80538685 2908.89582594
1451.34321436 2420.10547964 3004.91444524
1071.74432225 2344.51896458 2926.52717898
1485.54486647 2525.5585539 2899.72840411
882.894638395 2288.6747994 2974.03004142
1466.36855662 2279.910545 2876.72711798
1050.75560043 2172.04031196 2920.23689325
687.668996983 2110.48159389 2912.04022341
207.439071039 1997.37041797 2918.91367315
1518.53662629 2559.48975786 2928.02431266
1499.77536592 2317.2003789 2946.69036011
782.599771967 2229.82784581 2924.51571675
2089.61658745 2622.23505099 2853.68787701
215.71519383 1913.88782405 2957.62887221
1542.46150087 2460.78582376 2953.76749431
384.023262354 2065.4902619 2837.13898519
985.732296134 2089.35327479 2867.64388466
29.5435066164 1997.764072 2961.29784999
1336.11323082 2230.36463072 2968.44390013
2192.94172184 2754.69504307 2957.08461268
2041.47868812 2369.66150182 2900.55918347
1029.05710329 2251.804804 2907.17900976
1680.74570714 2656.04855155 2959.00363585
697.719063023 2375.60224352 2932.51883909
1528.64362375 2289.28243816 2881.53407452
1607.72931277 2488.184098 2955.04717535
1094.72876014 2161.39428346 2858.43250754
355.512043986 2022.51509419 2903.77052963
291.968314368 2216.73411734 2850.5160654
1664.8659918 2527.69759941 2957.08608648
994.700755775 2317.65392092 3003.21039415
2245.14693934 2741.39286548 2945.42339885
1097.71432712 2350.86392451 2887.34413866
1061.77269248 2309.75085219 2895.18432073
871.7053013 2174.11717742 2925.35023357
977.767916221 2156.75689932 2893.91506285
1475.33962788 2486.39010638 2993.17091857
937.366949589 2409.81410212 2924.15412036
1057.55489944 2331.43631829 2849.98085121
2231.60287792 2518.84503251 2953.58687171
224.584157801 2356.98465245 2916.50678126
847.921853269 2405.25148763 2973.60824523
1339.06450413 2442.21709721 2933.3931445
1054.03737764 2245.68348152 2893.49388854
-773.185233961 1655.10088957 2776.61351334
1115.42055709 2335.29527735 2879.53026136
2089.41532719 2482.47591824 2946.76909121
2102.19559484 2679.52694624 2936.59543865
1660.63547844 2467.72870072 2962.39350053
334.34421463 2017.33014746 2944.85412526
849.893591165 2206.63071406 2953.22535097
1736.56061194 2307.53834824 2976.11953298
766.913108077 2246.63990489 2966.02337732
813.953650423 2505.70665046 2957.12926226
1060.78707343 2111.47201176 2946.56037507
1617.17565226 2517.29425222 2961.24353947
-389.471059421 1828.02371641 2963.42220186
1530.58228459 2262.20228535 2928.28985206
464.86805373 2154.10395428 2935.62224424
212.373636024 1967.15405555 2884.84935267
375.000541648 1668.02623782 2865.41503422
1038.21503338 2441.55024853 2962.44691868
1723.28463401 2463.84576684 2953.41711595
874.172160582 2428.77855717 3003.44524988
874.147904116 2172.66062861 2944.10188087
1599.65649108 2436.41221256 2933.56740463
424.409792829 2337.45095116 3017.51161102
272.232358942 2090.74560645 2989.23606567
1538.97965489 2526.82653988 2971.30237312
937.316492354 2445.04010969 2960.83788349
356.179635103 2264.42266827 2986.62301471
1388.56119088 2443.94695445 2959.61150776
-15.4064743191 2304.77546644 2969.28781227
988.441148172 2368.07239361 2986.49625239
914.908968552 2473.24871682 3009.69589386
2077.2891581 2748.58481472 2959.7842043
897.552266906 2063.41108206 2875.136058
975.345970953 2344.88312257 2939.4438353
1547.06108517 2355.9998466 2937.77601628
1512.51105567 2566.64416489 3000.46713797
1001.44932436 2414.29130251 2939.26917363
2151.0090538 2526.5476808 2960.83500909
2214.37951152 2632.83647128 2956.22193209
2139.91784665 2610.85010994 2924.3474506
1461.90610039 2280.53771995 2923.3997034
1585.79267433 2682.70602792 2955.60628792
650.933081134 2341.82708186 2942.62646067
1523.07859763 2512.53189384 3000.92784372
765.958135116 2229.31811686 2971.34045255
1467.06825157 2465.0158411 3000.09008934
1472.3210633 2414.08540994 2913.0127598
-749.301770271 1950.54770513 2891.6833215
959.218834168 2229.31556274 2945.86305617
1568.21102874 2566.8797614 2917.54694804
1598.87870608 2314.23332767 2930.72108786
1669.73702622 2627.67961998 2936.17141976
2066.42987485 2392.60027586 2966.77649202
745.325266991 2113.76369789 2882.17423956
1090.96338032 2416.60925374 2886.86909248
1621.38163014 2396.72420762 2911.83468657
2157.81745143 2682.61053044 2941.90677995
1420.81935661 2123.36865387 2898.0457408
898.31965945 2108.10289008 2907.24731707
1638.56091618 2495.14467227 2876.16977268
793.786098605 2142.09473482 2894.84160165
1697.42800096 2295.26408018 2968.05774037
2126.51790735 2489.05843284 2980.9972187
1692.26144626 2524.4838104 2931.71079211
469.941030229 2115.74798751 2928.87203064
851.356313428 2394.1664049 2924.83799803
969.752007131 2295.0472992 2929.66469101
1053.95567124 2180.21444164 2942.39313718
2147.04950635 2765.32010235 2992.18296084
1129.88654166 2399.48088866 2973.44658746
1090.32284533 2384.08567619 2886.26465657
887.882271984 2218.48846844 2957.81959969
806.677480087 2165.40426721 3015.31543715
1544.65348832 2486.83829558 2938.06588769
1013.45710984 2206.72466756 2903.03214323
945.386528977 2079.69163836 2935.33982559
1716.69955192 2367.96054042 2910.22543188
904.632834698 2272.23608077 2979.40077898
1658.17006999 2407.75586753 2974.84212354
1374.07614882 2440.04634941 2953.91922076
903.69431512 2478.64089499 2962.33659804
814.280316924 2553.57675955 2940.28586198
2111.44364203 2426.73422622 3011.24165542
1324.43701111 2608.98923496 2998.50067097
1449.07007847 1898.52609183 2928.69286624
1537.30606943 2151.87534137 2921.17938258
951.113846056 2117.2960144 2972.07406761
1654.26832937 2350.91623099 2969.10439046
2171.90547591 2482.81448407 2935.57693106
1526.34484703 2304.54737699 2944.28428581
2068.72776357 2427.44125722 2971.80780604
938.193471043 2054.09602615 2954.7725057
1468.85581745 2444.36435312 3016.44014795
1345.72824063 2207.74159338 2844.00909544
2150.78095911 2671.23186843 2972.79927617
2208.10941539 2628.37824215 2955.39001418
1522.8932866 2237.44992678 2879.62247738
611.811851224 2337.115753 2950.39297525
1348.63387507 2514.99059603 2961.50597291
684.002627508 1958.93587509 2862.56869107
2078.98623906 2670.6529743 2956.23022782
1542.80981946 2240.85264874 2860.47736586
936.8441962 2092.17960503 2879.07077673
1494.18105493 2255.19355704 2933.21054438
2236.45385281 2640.4539005 3004.63292947
1349.39858827 2094.6231466 2819.93708455
1601.77310885 2346.56071395 2936.43564736
1093.0083571 2316.78756256 2938.48497912
2259.36359563 2686.76848455 2952.54867561
1460.75544751 2509.85542497 2987.58202259
762.481488474 2337.83110149 2951.2481953
1435.52145036 2405.04098962 2943.03224076
834.049667161 2141.54245247 2970.60231806
957.267986717 2197.33662257 2974.61093073
1519.86323072 2413.67284581 2949.28504644
1078.90622713 2430.33333693 2980.84028
1470.22730144 2523.87601956 2962.82901948
2211.80920385 2702.22183459 2970.87932457
747.262532857 2267.27488336 3017.09304663
733.435164164 2197.91730628 3001.06599024
725.211343225 1826.69605539 2891.76896612
2002.5993799 2575.64050765 2933.70730225
2173.36065528 2496.00526204 2926.55751673
735.797783248 2209.8774333 2945.38388089
1684.85249501 2297.37287483 2844.50465167
2064.9447479 2536.00255219 2948.8514353
1651.21327121 2408.06991576 2975.08195738
874.42017397 2085.72687781 2881.93325848
848.800102957 2283.16826736 2948.77936782
737.4118419 2254.35560942 2956.43678784
882.032928216 2438.20680398 2943.25414526
-659.205455259 2325.25873264 2943.02046388
1040.78054848 2458.0163904 2956.27492892
1694.54157666 2454.57317467 2973.02136392
1678.18383294 2420.5486213 2976.09952988
920.269305053 2189.75966266 2965.82440769
1675.37411638 2456.53272936 2916.30640494
1251.79763876 2166.38806333 2888.32139914
1033.61088695 2363.82958042 2983.40465666
1020.98345753 2209.04851667 2918.78505769
1591.16090743 2511.41494393 2974.49816382
-266.313495038 1711.15137849 2977.45442363
1344.53516174 2333.38324131 2990.2641002
994.837149493 2325.56365141 2975.30218469
1610.43089912 2522.34988712 2956.32800227
1622.98518985 2633.29889296 3016.81846662
1046.03825265 2425.75095836 2878.65970185
1090.62717383 2492.82814472 2948.29630493
1586.2937096 2495.43433209 2928.57678139
1481.24590075 1904.97881266 2945.84636341
859.810064562 2278.14659876 2849.04209918
739.675570842 2260.540325 2974.45932648
1662.18815854 2260.10202257 2940.51741396
1521.14356121 2093.07045714 2926.8260782
1513.27262945 2581.69121021 2960.08317836
1563.03940878 2268.64182759 2934.415161
1416.96589606 2274.15494825 2964.32329146
1033.70359167 2233.75902261 2968.5020631
1076.43186988 2185.62929911 2941.91932095
1053.528225 2089.85839134 2938.97718363
1470.76450188 2434.08107357 2956.18729006
1372.18163985 2307.58730534 2902.20297268
2102.52418886 2679.53497768 2967.74465932
1521.19136122 2346.33276194 2918.44256234
1441.7015195 2454.65653621 2973.66238904
689.087694214 2147.66114782 2960.71382933
849.772496708 2371.1843125 2889.45924805
1624.49436798 2497.73525128 2933.49648105
447.679114024 2006.1422402 2883.01991781
1349.29354709 2375.24437077 2915.08381781
1638.88649904 2232.1968001 2907.06197121
114.42768445 2256.04179233 2930.70627702
1037.85847155 2275.17608748 2889.03726249
2192.46979492 2688.50232708 2949.69897312
1506.14929676 2382.22665602 2940.89382362
1499.24955298 2629.82814067 2943.70565758
1131.55354638 2151.52180726 2933.20991121
2253.82832838 2738.34282703 2942.60156696
1515.6602582 2204.82228917 2902.70167424
876.103579401 2474.6094861 2917.40646466
1688.8520795 2326.78276095 2990.13524648
1699.82184429 2365.00444039 2893.3041459
700.216164685 1962.92511552 2866.71068157
1522.9389753 2526.04951165 2940.29751835
189.36650742 2223.9648718 2947.88822199
983.811644887 2199.6769468 2916.32124239
2138.82645263 2659.91986267 2909.1328017
1654.55385765 2461.41517522 3018.68464047
1542.73395284 2306.58049973 2958.62269522
997.130479597 2346.11315929 2951.00150771
325.252238384 2023.1746352 2858.32442585
2156.69284383 2475.4903393 2908.34273349
783.583480426 1915.7798863 2847.88759604
2225.0594918 2677.83365262 2918.81520325
2208.5510237 2629.93460458 2936.77724972
1590.23405029 2473.94690796 2909.47270555
2228.5050843 2721.4631112 2896.39229003
1413.03943447 2460.74761863 2960.47055095
2250.94148871 2670.40990254 2940.64242706
1656.99680977 2476.3597467 2847.28621018
987.133973111 2341.81714187 2918.29290232
2147.01597326 2678.31106697 2960.552775
806.725171634 2311.36520305 2990.04629204
210.521486278 2119.64574534 2923.26496664
406.3540157 2227.56057815 2962.90042541
894.168123082 2298.4284048 2910.5391066
1601.35313542 2445.25638837 3002.90284577
1322.22399445 2185.87171792 2920.60104183
2089.41974814 2408.38201864 2886.49305018
852.557833325 2147.83084324 2927.89876308
1541.22861984 2429.75771611 2932.27125696
950.421436573 2217.61028816 3010.68997793
1304.48110818 2190.58842722 3007.92792625
1499.41782294 2164.10494195 2931.81461474
1343.96077438 2273.92129131 2879.60742538
1307.29049774 2197.06153197 2890.5579036
865.356468142 2142.30687548 2940.59625741
2029.86842152 2363.63791239 2905.4787853
1507.2240506 2218.49337269 2887.48420773
1473.79953471 2367.74685603 2952.53974833
1425.07529986 2351.01612086 2928.54812042
1061.63439799 2381.12071244 2913.71188958
353.698152696 2231.70704871 3014.53112207
1725.62724451 2267.00734927 2827.8384304
1729.36118644 2513.08831278 2952.01997165
1439.51299525 2306.02344819 2947.86679686
1287.71943164 2100.97163655 2952.58559005
1552.61967661 2323.84974743 2942.15329378
1489.48551026 2293.74148189 3022.98020916
2140.59666206 2359.86893429 2954.5134321
1423.95413121 2396.14405189 2948.52527608
1715.77670028 2470.89123371 2922.98833227
2199.04602135 2735.22282506 3016.67997276
2228.00290483 2771.77400805 2985.06647622
1602.25984098 2406.32888353 2945.36754224
1143.95399406 2113.17697963 2759.67541615
1522.489389 2211.34966422 3020.64105366
1388.87914952 2280.82918548 2962.13843607
1574.77663471 2405.50010209 2902.35043753
1603.73735315 2533.59246564 2945.93745845
1594.78706417 2457.80414717 3020.8451819
2050.1981074 2449.37767891 2930.66972035
828.33230596 2210.18980657 2887.77697334
887.630559108 2150.21782794 2976.91666109
1601.39223231 2218.33034324 2879.40130396
853.771429918 2308.24733222 2913.82185321
1643.99124302 2367.97525705 2993.29982871
-222.016373829 2154.41171426 2948.34432499
364.268268578 2040.27140269 2916.20008907
712.554987705 2328.88730632 2887.38913973
976.003484276 2355.12329692 2984.65199243
306.948701177 2109.35908519 3029.64178324
872.69471177 2101.57131582 2938.34838447
1482.72372956 2223.951574 2965.61252326
856.365367833 2120.75755313 2872.23175826
1446.64081882 2467.57738763 2987.19930755
751.886594695 2259.1766618 2977.02828153
1473.81792694 2171.79004595 2979.79661122
971.464741326 2417.30746475 2953.4709588
1588.97436588 2134.57183874 2882.88308714
378.934980486 1979.57431263 2935.1949948
1431.57831926 2327.64979889 2898.95596471
1736.63775856 2479.62548383 2961.31435293
2091.08146475 2395.09970055 2929.64831396
1545.30179444 2225.13513552 2961.45321924
2014.53054267 2560.88874502 2971.816931
1444.54182455 2182.37532904 2882.40643853
672.908518586 2153.38200871 2849.20039176
1041.66593364 2113.5205704 2929.82085576
1576.00382386 2119.82081523 2956.49888708
1587.47267733 2298.60995553 2929.35321881
2111.3425904 2580.15542475 2838.85758436
1699.95059247 2639.24977239 2925.6999224
1588.66355371 2609.70085768 2978.40835574
922.549819624 2228.57466894 2948.05284712
1516.83061517 2486.03920293 2966.70020264
785.209897314 2267.00664639 2922.38992826
1405.6601875 2587.89005297 2959.37546807
1350.63101853 2300.14783047 2973.09949122
926.295944312 2419.37674199 2899.88401765
2258.79254594 2628.30384411 2941.91132616
1422.24091365 2277.490426 2964.01241253
2084.39853305 2518.64032533 2889.2617221
1501.0364553 2497.34403269 2980.5867687
2041.93222013 2631.7120526 2996.63189187
1543.13240154 2632.18400108 2948.79755959
854.034192356 1770.52558528 2870.19399865
2196.31166199 2617.40194566 3018.58510472
253.703795901 2086.24531805 2909.21962567
1511.70887992 2348.27823628 2857.47974963
799.949399636 2151.15882315 2977.61990249
751.478231799 2237.72289758 2889.71227441
433.165858436 2125.43028464 2873.31504478
843.811029791 2284.03128244 2965.79947037
1591.9149885 2503.69511113 2955.34206249
2129.82730854 2597.31018632 2954.80278073
290.890039647 2185.81169315 2960.9002282
1421.86594335 2371.27976049 2947.89313506
991.846377789 2188.37301545 2897.31399265
783.591394197 2144.60286366 2952.11370754
1448.74992002 2231.16711017 2891.3946847
548.943724611 2164.54067632 2925.76281691
1044.07197542 2460.49602663 3001.86341803
1419.42633956 2518.39876872 2951.58436261
1489.23226366 1834.48525823 2250.42102347
1661.34612464 2361.40698077 2996.98741392
1058.59908471 2225.08631089 3005.95851196
1087.92734691 2279.32964062 2890.98395412
1575.18179931 2404.97211357 2905.75900148
1521.2583836 2334.14607065 2920.2624564
901.565425397 2231.25711007 2929.0838754
977.949171535 2222.88184459 2862.09189157
1541.15138199 2224.77988077 2869.56959837
1020.40537062 2242.10275991 2809.97325942
867.660947913 2381.9429348 2940.21651844
915.767840455 2245.09994302 3016.89741134
1646.47472126 2316.12096909 2946.36188446
267.478192646 2073.05840011 2994.06368265
1524.87202269 2292.92832684 2925.17129936
1568.22079618 2337.92249848 2972.54985743
976.69980744 2247.80708376 2973.97179984
1074.0897732 2457.41485065 2996.49031718
-462.617895747 1904.23299908 2956.47938534
1114.62489438 2269.6121065 2932.25416151
1488.82195311 2310.20627592 2919.05538474
1469.25732996 2196.94777722 2911.21753198
676.270130841 2086.4950655 2883.64256225
240.957619877 1925.44327166 2810.13772977
118.76851199 2423.43135655 2942.59197035
1597.34246085 2426.95361015 2962.90993007
1479.91228242 2497.49958585 2974.26130491
710.220885467 2193.33004353 2930.22628842
671.751299966 2450.39041024 2987.93549269
827.498624766 2006.49713004 2978.05273686
1510.76522106 2640.05015486 2953.45803662
162.008080868 2210.50532109 2974.86822071
1521.86360854 2238.2233285 2961.19576151
1568.03850875 2246.4125087 2955.7119281
464.592001924 2465.33175586 2957.54601
1547.40009376 2128.93292999 2971.73315046
946.087649422 2113.88980768 2951.29346987
912.42644426 2094.85233321 2962.18893141
350.873083101 2144.1646574 2903.51822527
1651.57200912 2516.07498228 2916.66483896
1097.90268683 2544.56470049 3042.55773686
1323.18528776 2485.97428546 2982.33149355
2166.93141359 2699.95600038 2948.68748603
1115.91161574 2407.08707438 2939.15207152
1648.83923867 2605.12681778 2997.2445351
-37.0932394903 1843.12461096 2895.51553405
1686.15215523 2407.63454855 2962.69594744
-145.865880441 1971.1897511 2922.72976314
296.522942368 1914.05527364 2928.35036404
348.658430955 2244.48863403 2957.73418125
1514.6750652 2365.93376451 2930.72464682
1457.92137298 2107.0312649 2931.87466894
130.366645498 2174.1844151 2957.3504168
1563.22939904 2493.87088849 2969.41815402
2130.53125025 2501.71686214 2923.97741172
1547.68801402 2200.99458164 2870.53124118
591.187223191 2298.31478225 2852.70269261
2182.4252256 2626.96973246 2920.26616415
2088.22673077 2446.80884496 2891.93047514
457.049552182 2373.03730538 2929.48903843
870.917223299 2034.25426564 2881.85338589
-55.1273561772 2161.55880147 2956.01356555
1559.21957805 2566.03863738 2959.93713046
428.883764854 2366.03496129 2970.87037532
1558.63578291 2323.37496302 2952.43648886
1022.2192622 2372.79732065 2946.80664466
849.448066331 2342.46844343 2907.70723938
1496.73099115 2340.27408768 2927.77585929
682.364407952 2365.49669111 2916.75342236
1441.93272508 2308.36046051 2951.06595208
1584.54204808 2364.32275244 2927.40211647
1553.41811415 2462.30218043 2939.21376772
-34.5739991871 2236.77064376 3000.53026595
904.476472864 2161.43086067 2928.75287857
1596.55846975 2333.90855517 2880.07673694
859.844093357 2315.30519061 3018.60056091
2136.74992579 2491.06470104 2930.88583979
1569.27664583 2571.8261248 2961.44917604
1093.55452259 2339.37484524 2933.46553456
285.096959722 2060.11825537 2858.71988802
1272.41290323 2266.60354483 2998.14947792
1657.00929528 2171.03749899 2911.75369378
1484.8772916 2326.6636849 2802.65292512
2035.69336874 2742.29001516 2951.9969165
2232.6581023 2535.81219426 2904.9069354
257.87179565 2032.59863773 2924.62641044
971.182254612 2324.73016282 3050.18742965
1590.2787541 2315.07245549 2894.63036106
1003.98955603 2391.1201579 2939.41451396
760.234215074 2017.52907083 3012.19310154
1578.08134086 2370.09312155 2970.06991502
1671.85200255 2538.78430302 2902.25680694
1558.65222766 2360.6252055 2861.54352772
729.359604822 2100.04492589 2892.16122853
1620.60677181 2519.73408949 2949.79778172
1423.55936742 2452.48196512 2957.07664847
-276.015881149 2023.34638773 2976.66060182
1479.58692966 2193.75063455 2869.15458521
1619.14013488 2491.25202791 2963.33784569
899.053324182 2197.63761449 3029.56996723
675.175969118 2375.34052916 3007.37210362
957.60191661 2253.59057473 2964.35322454
2151.15177732 2617.86184784 2892.6071688
2033.46133793 2359.24405876 2962.73558948
1510.8071691 2522.51340549 2946.17998516
1446.04442242 2479.32391713 2951.23782838
927.844661617 2312.3707131 3016.95987955
1639.21027589 2509.36512084 2907.83070266
1383.80996784 2375.29407668 2976.29189095
321.274595171 2081.62235193 2849.49149715
1495.67846725 2385.19841073 2970.23014223
1028.21139749 2220.10417917 3020.52070031
1639.2833108 2263.29639571 2978.24277921
856.842027167 2403.71097115 2936.61412071
1964.26282305 2569.55946542 2924.85524091
770.025655677 1832.01789292 2978.43323442
1641.58175275 2406.96037506 2946.24390698
1373.13988248 2769.25926275 3013.12921698
1547.7638361 2393.97442147 2960.47321392
1980.55732419 2408.19523864 2929.89154979
257.346039491 1877.56815852 2979.19335281
862.280256111 2536.10607857 2984.31035738
1558.19840242 2466.08292509 2984.92882353
1041.68581402 2304.77617502 2919.77329118
803.53913675 1699.01786378 2904.21163107
1485.98707257 2244.36348717 2973.51984675
1610.92689584 2515.7630475 2935.89087974
-580.023516077 2074.5190622 2970.77488891
2213.92809788 2627.99129443 2960.51232572
1616.42601749 2555.29570264 2936.53914559
1043.27967757 2396.29789906 2892.25125479
1421.08768507 2380.05593476 2907.33899202
1532.83749141 2516.02105984 2914.22187091
560.903536304 2121.22162745 2947.9197133
1381.76490428 2365.82709499 2964.7704054
1381.40873028 2457.14018313 2943.65192359
1504.54830149 2512.34295085 2988.53998774
1029.70895556 2142.66701548 2893.59012538
2203.11060713 2582.74660379 3005.14362592
1357.53646947 2280.31865985 2915.68715568
1520.31586934 2503.15808815 2932.05437159
1625.82726834 2378.22478365 2933.91814723
1479.62042557 2386.51322132 2901.32368342
1543.72371166 2189.8115922 2897.44721083
763.50824247 2460.38261159 2957.80426033
745.788051642 2182.1368657 2956.55958021
2191.85784176 2584.52497667 2954.12085402
1513.43468788 2252.03814589 2855.48447202
1496.35251184 2261.34322863 2897.55034752
943.28259126 2149.21364033 2957.26110562
713.299801798 2394.93844508 2965.8379495
1507.95060581 2456.94751888 2992.4236477
161.405124267 2033.29998618 2896.06598057
381.546145422 2269.34832606 2938.7412688
773.782300323 2471.71893181 2951.8869143
1471.42625763 2112.81352728 2951.42216106
1606.90707123 2343.78896831 2981.49196532
1467.32399009 2216.8010947 2958.95893531
552.041214611 2126.28239369 2950.45983122
1489.07405082 2433.28327943 3012.5669516
1317.21088065 2591.58316499 2958.52484587
1443.03445544 2108.13713091 2836.55815693
1262.38924912 2493.85229554 3002.26718937
1440.02147556 2484.87789418 2975.80032027
1438.50115573 2320.75173539 2955.25446526
753.342195603 2067.36448085 2915.48895218
1489.0812365 2405.03577665 2934.55021975
1626.06144305 2490.41940925 2947.77231063
1271.27592761 2374.33544019 2949.22640631
1608.77148761 2428.62755655 2939.87888746
1516.29219668 2263.08458074 2939.80270957
1359.2541176 2192.79141535 2958.35131556
786.245242491 2343.26331232 2902.90014206
1481.58876319 2288.34310471 2961.74438491
233.211094381 2360.2893068 2955.2729587
907.27542879 2417.03913826 2941.28877013
1550.82939282 2299.91056469 2933.45463701
2035.88007409 2401.66145105 2932.5611618
2091.89428399 2663.64853313 2927.11391859
1069.17671305 2283.41249645 2918.22199783
1583.79058203 2384.92144319 3008.04197247
1337.05434408 2504.10381212 2952.20453937
793.419940037 2347.42256541 2945.65953274
1034.40260473 2388.35529654 2968.72444969
2212.10738157 2683.07098857 2978.14128249
1703.06586098 2302.69868664 2986.61703317
1678.55606502 2258.35932297 2968.67216244
660.08953067 2325.85111052 2909.59153864
1581.54689958 2541.80254664 2987.40660863
2020.20329543 2592.40483087 2922.19517243
1573.35650171 2510.92167701 2981.28720554
1572.72993356 2720.55517227 2929.25846643
2229.39073718 2499.54405732 2887.66018165
2177.24849198 2610.76273263 2970.9265133
1616.22984141 2370.46886098 2971.29102068
1407.62011094 2295.22264562 2994.317592
1607.90125468 2446.17750993 2996.24881788
1491.62321225 2540.24993639 2948.83935232
442.254605949 2423.25614758 2914.5168857
1434.83473469 2330.00861767 2964.7052299
2067.12265565 2543.53840542 3007.24869508
1340.38327996 2355.24320301 2910.7149228
2056.95300932 2685.30763294 2993.86500338
2195.54485862 2504.68039839 2916.11303979
2047.8272203 2548.7483795 2971.656289
80.5713421082 1931.89234812 2936.64850298
1609.94454498 2464.7192685 2974.40550591
917.53121936 2300.07031491 2940.23337045
1590.85117944 2299.43383969 2893.15758982
1981.80764741 2525.02413843 2904.16109036
2070.11663819 2616.1156148 3018.96762983
741.205104468 2309.97214848 2947.28484155
-45.329738538 2244.63230028 2945.27030238
1514.10562249 2401.39092763 2952.35325403
1041.76985134 2423.01037836 3059.78355691
1173.03099856 2239.80251895 2956.6120665
988.346301693 2199.31746048 2991.8629986
1501.91276699 2196.19443912 2960.80193235
867.174538899 2069.92870559 2983.46248473
1194.48962599 2360.8938238 2975.85243933
979.026471699 2350.96322376 2955.75527199
1613.20616006 2305.5964066 2861.43846809
721.417772723 2051.17970514 2886.47247399
989.657026054 2162.7368029 2978.25715402
737.663842635 2225.96450952 2960.85819068
1586.06886381 2500.68915624 2908.56459233
872.99277693 2425.34823567 2953.02199224
670.898457339 1927.12301426 2982.82842059
2112.54947748 2480.90072475 2975.43663438
930.305370504 2294.35963503 2901.57962774
2020.43652244 2452.17409687 2943.95652936
2022.85046367 2578.60816421 2942.00977139
813.570520786 2230.42889659 2940.14207163
1132.32260659 2211.84856709 2915.34316122
2253.34585703 2528.66804242 2895.47951646
1655.15774079 2270.43064718 2844.28125345
1588.02292109 2382.25244448 2891.84282972
762.702049422 2100.30536902 2884.77017442
1532.23512396 2245.32286478 2948.25985447
1458.38849867 2469.49848321 2990.01602256
929.218799085 2145.05649431 2966.26983012
869.227762788 2265.58189481 2959.94000818
1600.35498951 2318.67548767 2900.55643275
2149.773187 2525.11430259 2935.31017104
736.037654467 2303.38033822 2932.54107109
1613.76465846 2494.66654305 2944.71727369
376.190553751 2166.89983927 2972.78311634
1449.90159927 2229.00176613 2977.43390651
851.170597605 2377.6386529 3001.90298784
2257.26721372 2641.57454683 2943.72321101
1193.06015444 2371.85229427 2959.02468049
-332.363049758 2252.71631626 2982.22507185
1291.20340809 2272.06637122 2876.43042786
851.967276852 2165.51053385 2929.53897436
1498.95608207 2178.67988793 2878.67579047
1687.37689617 2510.59254466 2955.51906368
1054.5550065 2089.59993072 2932.4225692
2164.95383188 2449.75721051 2899.12012624
1339.63008921 2265.21795995 2953.86551621
1191.44703825 2446.15766943 2948.22596848
1611.33886385 2677.06154577 2937.89424096
1046.64625209 2385.9237255 2938.95865773
1598.23587506 2420.68730973 2930.43332219
1458.25895619 2191.22220482 2955.05487722
35.1523533516 2075.39618283 2947.08208213
1436.34207114 2274.32417551 2992.55078366
852.443890028 2222.28989014 2900.38327063
800.971351075 2297.48191345 2923.30714277
421.605026606 2292.78766183 2896.31979745
1594.70349355 2455.14346136 2935.57793427
1492.12367716 2433.44493263 2968.06501175
1648.01812832 2382.7601053 2963.52921869
2159.38170708 2656.00741227 2903.7061233
1589.69207476 2498.83805165 2972.70152984
894.620719079 2357.15774585 2910.45451963
2118.77052779 2679.13208563 2961.52632894
1566.44746584 2273.57098517 2920.26685921
899.398292241 2002.46993079 2836.92718385
988.158342772 2055.38065011 2920.88949409
1012.68374848 2312.17270895 2934.8137739
1554.55248295 2458.70556699 2961.45432414
846.367318657 2029.56162082 2870.38843016
1536.88169092 2341.11796835 2995.27822345
1512.37516018 2481.51131755 2978.82355495
1730.45091582 2349.91830671 2966.53541598
2131.30918133 2601.33297072 2952.74357147
2065.83780525 2677.81253218 2944.10959857
1616.94665237 2493.30577456 2970.96118747
2033.5202033 2597.20926826 2976.08696634
938.624327017 2342.70062706 3007.44977882
1671.96670822 2440.8370807 2869.23604619
1326.24841879 2407.0421975 2981.16653156
1476.53087526 2349.48176881 3001.49712218
801.593188111 2317.73718515 2941.77480071
565.629521426 1914.5939552 2882.85376235
1436.77065301 2474.32982647 2927.18381108
786.661826576 2261.89894689 2999.92358816
1526.01991679 2589.34662773 2977.16421389
1434.14642742 2316.35322234 2911.17042556
1483.51762304 2313.13916772 2931.1858814
1100.81799128 2513.01568738 2939.64727683
815.967721257 2198.31048231 2880.66914817
2189.06412723 2842.78492308 2948.18481129
2181.85488543 2659.62931337 2949.7908821
881.33037248 2028.13851944 2959.0324315
1627.1445846 2700.57380865 2946.50506223
1511.12274687 2432.19848601 2975.55549055
1501.52137421 2439.91105045 2937.67786213
930.157186527 2293.59236996 2929.89075459
923.567760628 2181.33707371 2982.11866566
2095.80510323 2441.89299131 2933.65313755
1046.36661988 2385.16411382 2966.77835981
-155.130370642 2227.23076854 2919.87931748
726.279238041 1836.893561 2844.696346
1473.967621 2401.4125947 2915.57077301
731.621826934 1970.93535825 2955.99063439
657.166689332 2227.89751217 2933.8872256
1443.67907313 2109.74064956 2986.0697591
1562.76122689 2483.81904582 3002.27679866
1493.94278184 2303.36862734 2943.06122941
2112.70148698 2367.26918334 2853.94291625
1458.01474082 2262.09192137 2882.06268125
1482.15956003 2394.50274034 2980.36606667
2074.03570323 2509.25125017 2967.49325293
1640.74387634 2354.80857782 2939.83600761
1445.65353516 2441.43007879 2957.57988639
1501.79823507 2226.01486564 2917.1521166
1499.85983719 2430.47784177 2951.12351161
1465.7804421 1957.86907217 2289.0897512
1543.32076767 2424.87473415 2947.76997322
1453.95502378 2461.77037312 2890.93517862
1497.14073246 2343.55875566 2904.38939632
2152.81392919 2433.6568431 2940.7199547
1345.09729426 2321.89522917 2927.71977709
502.156045699 2348.45306974 2968.4095103
1490.7682468 2229.0980598 2913.26564781
1450.4204076 2297.76778039 2953.42212781
1479.62948175 2392.05255649 2911.03055728
323.242600479 2242.24089424 2901.90296426
1067.13617095 2310.03244315 2932.99452118
1600.95470994 2256.67243743 2699.51669215
1584.59312151 2295.40869042 2846.76047409
977.941392827 2363.3929831 2940.68251061
1729.02060224 2586.91511168 2983.65638493
1565.5116029 2346.72482179 2855.98912716
1617.73535985 2317.26578513 2985.862542
1596.7414818 2398.64434429 2990.8178189
1383.22913785 2154.42514899 2877.95583733
909.542721091 2441.18371251 2939.4940523
2158.28807499 2615.83813944 2950.19038577
1704.52964596 2639.41160984 2986.14949872
1043.15642696 2303.68025682 2913.07465022
811.57384025 2016.39062728 2954.44664815
1645.64590633 2323.1588762 2915.16107095
1645.71226686 2408.46656658 2902.45971453
1563.27675817 2426.72448074 2947.34080473
1628.31757345 2322.35491873 2896.79618108
2191.08253653 2562.4922985 2969.33159873
1767.8704437 2489.17430224 2944.53475928
2162.73103925 2475.46948372 2911.75657238
2116.94888218 2596.0192086 2916.43484456
2130.59695067 2733.26663263 2979.67176451
1539.99042623 2215.45267066 2887.07445025
1458.85865571 2178.55740373 2905.30706802
1499.41186587 2504.61598675 2923.87839617
1460.29406219 2511.58832111 2948.74907876
830.047931738 2314.25744186 2916.13976964
829.868980676 2090.83898703 2921.2784464
2157.49901893 2491.73234442 2898.45508661
1033.40571989 2294.84717579 2904.9176342
1540.39056542 2226.64157639 2917.55005818
734.598032253 2279.87797053 2958.37554304
1517.23654573 2263.71193758 2876.48106307
1338.40943072 2407.98317072 2951.93459207
1454.33970119 2366.48185386 2943.45883005
1710.33172859 2581.45644098 2968.1657446
741.86511996 2201.07001359 2879.03959705
2127.87321092 2493.02116636 2922.03578599
2068.76952517 2718.66140198 2908.64026114
948.170374806 2305.8140429 2987.76158641
1596.90959268 2375.99802606 2938.56249493
2120.69342358 2688.45955028 2914.68655133
1438.04307922 2259.188037 2867.36595903
1555.58525937 2437.20203806 2945.04551152
1733.84863769 2408.40662271 2975.54565414
1143.50163217 2071.00111378 2813.27802392
1377.85342509 2331.00813849 2955.62186042
1462.91960042 2413.16257651 2922.26603891
2105.79108729 2621.98511499 2970.89486579
1081.38125807 2250.19564297 2945.36403661
295.221048974 2248.69103182 2963.0224923
1035.37910821 2262.78886673 2882.85932396
1045.05408385 2613.99701151 2929.92229022
1544.7796729 2355.34725069 2904.28876326
1611.17138189 2457.26745318 2941.44424134
2090.47786232 2400.56818507 3018.50490359
2103.72304757 2427.30540822 2951.8979993
1519.53576799 2315.18684327 2989.77534957
1659.56433428 2382.22136609 2921.01524951
1343.45301722 2333.73185573 2952.09962748
841.210659672 2250.58665374 2971.23094846
1684.5030657 2373.37447439 2966.13374135
2171.59528755 2500.44459852 2919.38622232
1371.31302518 2263.71699699 2912.48145664
1451.87494773 2439.5508374 2954.65742807
2285.82414631 2720.88633795 2948.60630643
1597.59358773 2404.39529746 2926.28144465
2244.79949905 2736.56164713 2922.48429812
2037.40968084 2572.45630555 2925.33566472
1576.94545188 2363.55116558 2860.5088282
1750.45872805 2356.94454034 2801.81060835
1519.79277427 2224.47676013 2830.95163195
1550.14916658 2352.43901017 2935.97468739
1500.30724162 2398.36109448 2972.81773968
1484.55838064 2385.2635897 2904.2243807
1440.86686926 2267.28388105 2922.11835062
1571.32220243 2431.46075077 2992.49260185
1687.77477959 2516.17079531 2950.42360445
1402.75457802 2255.44561745 2920.05886651
1631.48508906 2316.19049199 2949.35649007
1545.38524398 2560.88286851 2960.70971722
1584.58069527 2502.05890189 2959.72339072
1748.81274876 2437.44770898 2947.16608718
2127.58118263 2658.52574681 2960.57327871
1606.03662932 2416.38865349 2960.33238307
1618.82525902 2383.07118863 2957.75207633
1494.44257784 2235.12938975 3048.3708967
1433.54543211 2411.45625344 2956.57848365
1624.92862608 2344.58837296 2941.82967977
829.190631571 2066.16674075 2934.0258327
1666.72649175 2512.4092555 2956.54058101
986.161708215 2507.77336343 2977.2865882
1641.02646679 2526.64246275 2985.18987819
744.430068426 2034.84061568 2845.93160989
1565.79585026 2355.04606452 2899.39738773
1374.32381265 2417.41216928 2950.89200993
1626.16085638 2399.62385137 2978.54627803
1564.39130017 2549.09222968 2943.24888235
738.431530463 2401.03443192 2966.06880726
1689.7067577 2631.32884633 2995.85982414
1463.13193809 2357.84185213 2956.37626656
-328.002736852 2307.90989881 2947.86374245
1645.97856537 2512.87648841 3031.46057755
2209.21163142 2662.98162907 2969.94556538
1400.0545272 1913.92031777 2903.09907782
1541.4936502 2675.73587384 2941.20326915
1422.12574865 2283.78626013 2964.85288565
1682.98396573 2471.47666669 2954.09407571
938.542969308 2013.76813358 2993.32309081
1475.9512486 2163.65559883 2920.22025632
983.177295139 2262.25236168 2838.58878904
2194.33131766 2596.03629189 2978.81513235
