-9488.71120586 -5455.23567455 -1811.50684841
-9556.39832068 -6425.71961136 -1976.03371859
-9872.20627467 -8209.01333258 -4697.65169235
-9578.41584113 -5948.02695373 -399.816705514
-9712.43393574 -8001.21143623 -1999.41122905
-9441.76180709 -7275.69937131 136.307783702
-9943.78740196 -8037.54624262 -4716.60788829
-9677.21858136 -7234.74403479 -2385.12933
-9749.57476952 -7006.01344461 -1817.05046026
-9004.47626936 -4685.17107882 -1793.42404684
-9849.18463272 -4372.66776444 -100.893320352
-9241.07630155 -4295.47972248 -109.262551968
-9018.87068384 -4651.88583912 -246.288314134
-7983.58244174 -4146.76943803 -1162.87175357
-7774.21389972 -2521.01149439 -4.90538039508
-8144.12462255 -3694.33895805 -172.697668054
-6834.81916979 -2397.66360657 -200.275505452
-8475.91502985 -2132.29378913 24.783613989
-8631.85290408 -4303.34581272 -74.6972614593
-6822.90996457 -2073.3670222 148.784306922
-7758.99162947 -3140.93653126 -362.583415452
-7524.93312808 -1654.01460435 90.8837471391
-4846.53995795 -1375.1610449 269.653486107
-8596.54674624 -3279.16640533 12.87321934
-8505.0141484 -2051.55867447 145.311734376
-8540.12526917 -1641.45318865 50.3837988532
-8513.79740596 -2365.37758533 88.9212027538
-8507.70346142 -1690.87654845 16.8296384883
-8556.42949701 -3132.32809867 192.939306895
-8652.2559482 -3557.3417506 33.0694996419
-8509.25284181 -1623.7527968 -39.8777667136
-8541.87622537 -2730.66575302 -25.1128214514
-8438.96443794 -2249.10307862 131.953771647
-8706.86899561 -2120.45941786 -99.3522337702
-8093.44938543 -2340.79029093 -23.2117374277
-8481.88940792 -2750.49574964 -237.00467603
-51.2128219645 72.5896704837 184.627801847
-88.9655611666 284.073618362 491.242843891
-455.463951694 254.927947189 525.201967219
-76.0066425998 350.980055285 502.685493171
-114.81626113 316.27662858 647.962131063
271.409359278 349.766592655 431.803775212
109.689492525 331.961370569 526.934615911
-85.4042514835 255.836124961 592.221893957
73.972351593 398.553551408 635.737431066
-67.4652881425 285.535670685 578.201066931
241.541466449 419.571055063 566.471459173
257.922042176 410.630075751 593.66366283
179.125128146 426.558792223 672.466069381
245.644424954 500.364455478 662.05365477
300.573259198 496.42156175 686.013454888
267.079281379 408.493045981 572.62486483
385.412233378 536.180098751 731.798396434
306.309293368 528.948011966 733.11524485
188.067629959 518.464598901 696.727992063
292.968248682 484.139972578 712.735895241
14.9612278333 476.403601196 717.408635056
240.280893215 460.406811561 692.501330649
254.790257833 506.25004839 758.100046605
56.0138638303 464.585866628 557.626070746
313.162795203 471.381273656 774.953842996
243.631125365 457.311744675 700.113345502
133.814459221 478.853109496 731.549636768
280.660265621 473.879806335 647.804621449
0.663783807107 415.794094054 677.274558595
376.839812412 543.742638076 722.748916833
299.84507824 498.121155812 613.764703324
265.357583508 472.006549677 787.002469495
246.10592517 490.412346341 712.288679802
322.251776266 522.637856705 715.924677254
123.392114543 436.636120001 605.888153761
326.595491942 582.670317724 840.607827149
205.633726812 504.584298867 637.175220446
245.632967756 462.615086294 643.645221984
289.257278946 559.441879641 680.86349081
413.170166839 530.085127976 646.433465558
372.912788647 530.795092279 705.793823859
174.514592272 447.788511176 801.645296577
169.217318459 447.595516555 754.920406796
401.254721459 509.997785978 641.226958633
316.267685191 468.771996816 683.024860551
265.049366951 560.355314813 787.378971024
238.29897747 548.675074475 758.86916696
274.328399722 624.311867223 1035.26135016
332.243879743 525.785318852 780.240262858
341.33034266 505.23655919 672.704812325
388.744599929 532.336961856 746.694520233
261.680511399 495.694310416 636.968419353
187.141105952 510.407229945 787.348661468
349.863713417 544.735811326 753.855625829
479.805708982 612.716567978 806.137398216
289.802395698 566.945948533 805.18457914
154.805041835 517.591399956 712.801159362
307.66919686 513.914932394 696.873667252
265.269730347 597.042859365 701.682302965
372.303404704 594.457405594 716.54950949
453.565825927 622.741958581 779.248769538
169.565409508 560.623416568 770.32238523
378.135764578 561.032814194 874.497970172
78.0167693327 513.784096786 801.545426281
266.064326693 461.121278097 642.945391778
458.651274924 555.305750965 706.620901218
271.053724772 577.351279586 687.203305032
391.989282985 589.698535694 752.037762933
84.8804162604 514.556550272 700.269918809
329.569411224 598.930496282 878.345218933
-249.525321185 546.574259819 763.448880879
222.883614137 506.52077254 759.31836012
253.738376077 559.582106981 765.05126864
391.203615003 602.933659179 801.861458598
111.579750396 540.614290184 789.28610618
-91.6461768418 520.5730783 814.415852512
284.615425481 507.044384999 731.643719144
400.234012981 596.193597812 708.131553735
440.817043369 617.715917679 849.799974131
198.609802083 592.715493086 806.658986602
364.244464688 604.148301677 791.651832236
318.635183996 503.486067646 723.739187737
328.064957808 620.132845874 892.659170142
249.390808945 514.971399863 686.661484658
420.545119329 589.607775772 872.772713735
415.129519263 644.520804638 983.967631417
470.086760345 632.814818735 774.551091208
305.458186071 639.462647815 765.986097721
402.786300622 593.447619588 767.413555916
307.371641216 521.756678838 684.412892461
336.630988052 547.154342225 690.624915724
301.364508462 566.035287071 713.010991675
82.9275980985 513.86498333 674.35795773
171.528276314 532.917433167 649.049804639
263.694317702 546.024053396 858.000142381
320.483793937 471.695188629 809.116821691
181.726916803 599.047085269 858.809248095
204.23236602 665.549698646 882.868458892
20.651784267 495.202789486 709.591960087
348.004456272 590.986330063 739.498672357
-5.67843401519 559.909287964 800.175908127
78.9292146634 536.826794136 806.380485835
191.360676043 518.7745006 676.56121342
271.808394661 569.137026089 817.191186402
425.18161959 609.800531442 861.132070614
356.867795767 625.305170871 829.012390751
317.553375881 585.506712339 765.25808357
420.657982401 546.60768911 708.480413782
532.41460195 670.141953648 876.767935059
270.249035422 581.424864488 855.195716125
389.038845504 595.124844807 856.697708552
225.57941746 627.108588464 879.352079928
463.095511056 629.795673269 853.323414424
278.882780289 574.960672791 779.996884368
363.730120791 549.631213557 759.964142444
422.068005862 568.77377946 820.58645932
168.108303499 591.283593567 961.101308635
444.015354392 678.703454996 922.856696881
498.077922018 627.775745837 885.460776074
390.559728324 621.605071757 873.505577911
264.034528974 555.060410101 748.413710193
381.816842154 650.452826379 871.285272309
