0.43828 0.548968 0.6
0.49456 0.573584 0.6
0.50724 0.590724 0.6
0.4362 0.566832 0.6
0.52808 0.588128 0.6
0.47964 0.578272 0.6
0.58004 0.596428 0.6
0.536 0.590492 0.6
0.44256 0.572388 0.6
0.42964 0.53118 0.6
0.38248 0.495408 0.6
0.36108 0.490384 0.6
0.24988 0.463592 0.6
0.32812 0.507904 0.6
0.27264 0.429248 0.6
0.26444 0.439344 0.6
0.26944 0.401944 0.5416
0.2358 0.3634 0.6
0.26336 0.447672 0.6
0.27452 0.35588 0.55232
0.21652 0.374128 0.57612
0.20252 0.319748 0.6
0.23284 0.325872 0.55904
0.24244 0.412644 0.6
0.21092 0.324764 0.6
0.22868 0.331204 0.6
0.27656 0.371948 0.6
0.24628 0.326688 0.6
0.21448 0.35696 0.6
0.21816 0.398088 0.6
0.21112 0.306964 0.6
0.216 0.335928 0.6
0.20156 0.344336 0.59288
0.2074 0.316388 0.6
0.1796 0.307872 0.58184
0.2242 0.340672 0.593
0.27244 0.28086 0.2932
0.26448 0.274816 0.28344
0.26784 0.277176 0.28704
0.26928 0.27532 0.284
0.266 0.274484 0.28188
0.2658 0.272356 0.27992
0.26588 0.274652 0.2848
0.26848 0.275972 0.29216
0.2714 0.277288 0.28364
0.26904 0.2793 0.28424
0.27368 0.281 0.29312
0.27332 0.283208 0.29164
0.27068 0.280692 0.28836
0.27564 0.281472 0.28492
0.2758 0.281768 0.28944
0.27068 0.2837 0.29616
0.27684 0.28114 0.28608
0.2742 0.283652 0.29068
0.27532 0.281104 0.2904
0.27196 0.278236 0.284
0.2718 0.278176 0.2824
0.26108 0.282448 0.29924
0.2734 0.281024 0.29224
0.27332 0.282404 0.29232
0.2686 0.279872 0.28996
0.26824 0.278816 0.28472
0.271 0.278976 0.28576
0.2734 0.280656 0.28796
0.26548 0.276928 0.28176
0.26932 0.279068 0.28792
0.2674 0.276436 0.28632
0.27276 0.28208 0.28996
0.26548 0.277008 0.28344
0.26644 0.276608 0.28724
0.26572 0.277204 0.2884
0.2692 0.27532 0.28004
0.2656 0.274476 0.28432
0.26456 0.276636 0.28852
0.26468 0.271972 0.27804
0.266 0.276256 0.28152
0.26544 0.274032 0.28352
0.27036 0.276372 0.288
0.26488 0.274864 0.28112
0.26864 0.274684 0.27972
0.26772 0.27194 0.27612
0.27048 0.277628 0.28612
0.27276 0.282016 0.29264
0.26468 0.275344 0.28388
0.27212 0.280496 0.29572
0.27124 0.280072 0.29252
0.27304 0.279476 0.28732
0.27076 0.280388 0.29264
0.27 0.275944 0.28392
0.26944 0.279028 0.2912
0.26948 0.278592 0.2888
0.26784 0.275156 0.29052
0.26276 0.274708 0.28628
0.27224 0.27696 0.28308
0.26628 0.273728 0.28508
0.26756 0.272376 0.2792
0.2634 0.272688 0.2854
0.26436 0.272936 0.27968
0.26464 0.273064 0.2832
0.25872 0.273244 0.282
0.26508 0.273324 0.28068
0.26636 0.275004 0.28416
0.26504 0.27188 0.27736
0.26156 0.27412 0.28276
0.26916 0.275212 0.28216
0.26876 0.27564 0.285
0.27572 0.2809 0.29104
0.27288 0.281828 0.291
0.26648 0.27546 0.28248
0.26544 0.276528 0.28348
0.26412 0.276808 0.28684
0.26884 0.27396 0.28108
0.267 0.274656 0.28296
0.2666 0.276276 0.29
0.26724 0.277284 0.28632
0.26408 0.27362 0.28316
0.26232 0.275004 0.2852
0.26724 0.272844 0.28416
0.26556 0.273956 0.27964
0.26864 0.275992 0.28252
0.2696 0.275148 0.28444
0.26408 0.274364 0.2824
0.26336 0.272152 0.28428
0.2608 0.273632 0.2808
0.26836 0.272596 0.276
0.25796 0.271508 0.28
0.26416 0.271812 0.28084
0.2656 0.273964 0.28596
0.25456 0.270812 0.27936
0.2642 0.27096 0.28812
0.25804 0.26674 0.27348
0.2596 0.265508 0.27472
0.26132 0.269376 0.27588
0.26028 0.265924 0.27876
0.26128 0.268164 0.27352
0.2598 0.26828 0.27616
0.26168 0.268424 0.27676
0.25788 0.266344 0.28544
0.26344 0.26886 0.27728
0.25612 0.264452 0.27756
0.25912 0.266696 0.27364
0.25332 0.264248 0.27828
0.25264 0.26322 0.27632
0.25668 0.263796 0.27172
0.25564 0.261348 0.27308
0.25752 0.264444 0.27456
0.2498 0.2613 0.26916
0.25752 0.264032 0.27
0.2556 0.26488 0.27348
0.25312 0.262448 0.27248
0.25764 0.26372 0.2676
0.25308 0.26286 0.27368
0.25652 0.262196 0.26852
0.24972 0.258276 0.26996
0.24968 0.262292 0.26984
0.25096 0.262132 0.27388
0.24736 0.259344 0.26756
0.25856 0.264568 0.27476
