0.15844 0.185788 0.21056
0.1558 0.181116 0.22916
0.15496 0.170648 0.18764
0.16024 0.16914 0.1938
0.15208 0.184588 0.21808
0.17432 0.185996 0.20552
0.1504 0.179188 0.2034
0.16064 0.183424 0.20392
0.167 0.185532 0.2204
0.15988 0.1845 0.2082
0.1576 0.183012 0.20416
0.16404 0.18346 0.20472
0.159 0.186852 0.21044
0.16064 0.183036 0.20112
0.17168 0.188216 0.2068
0.1602 0.183936 0.22032
0.16416 0.18748 0.2008
0.1628 0.185448 0.20468
0.1512 0.18048 0.21032
0.16184 0.185136 0.21888
0.16864 0.17832 0.18672
0.15372 0.18994 0.22324
0.16524 0.187892 0.21548
0.18276 0.193088 0.20508
0.16632 0.190828 0.215
0.16884 0.189456 0.21272
0.16744 0.19266 0.21552
0.1752 0.19104 0.212
0.17012 0.188664 0.20868
0.1702 0.19552 0.23028
0.16836 0.195416 0.2446
0.174 0.196716 0.23016
0.16928 0.19442 0.22004
0.16828 0.189704 0.20968
0.17008 0.18806 0.21108
0.17428 0.190856 0.21656
0.16052 0.193356 0.21352
0.16548 0.18796 0.20996
0.17452 0.188868 0.20364
0.1684 0.191772 0.2156
0.17224 0.184324 0.20164
0.1742 0.192192 0.22036
