275.828733951 533.692679449 852.175734042
244.931682287 643.035515367 965.549323564
144.294343055 511.988518543 975.977991382
573.098678273 751.001068776 905.582648438
461.084324383 763.675585481 1024.46154291
492.029126471 749.162315279 926.475640821
447.461162211 757.28271654 1019.79573333
475.145847199 704.313118668 953.021873952
589.944811717 758.889731369 922.352758123
300.053477477 696.002275598 1036.78315388
393.178079629 693.716136336 1049.16376019
548.825028453 834.09438682 948.175881506
371.358436972 731.955724475 952.032994628
255.850465421 633.486648059 977.655112851
362.700553298 718.488881671 988.470885105
515.277113077 732.057134711 941.087020334
333.465602671 715.437356101 872.039023392
263.012502443 757.939035616 972.69825939
416.289218203 725.997790313 954.08400406
659.76386993 793.170924736 1001.15040345
443.284788975 743.390451117 966.497202521
-162.362943968 619.1976804 915.260129354
563.834851789 756.948424833 975.038883197
627.651176005 830.997838916 987.749831514
535.602691911 782.459595191 964.894687166
393.584169758 749.000061664 1044.49888629
624.622229383 782.879306212 956.922456225
450.583891375 787.921742163 1113.78662415
551.909429441 733.02865249 909.728069638
477.439482829 740.086819686 933.886102091
505.301812489 727.640801858 900.095761789
491.062348992 767.471831213 1063.2292961
496.642559977 739.588152796 1083.68713389
649.855245356 806.177552056 998.893984061
277.075558701 755.431749458 1140.22556448
514.213829406 793.455793 983.622939711
494.304460509 743.965168459 992.570478919
294.57634208 800.620116931 1223.66450393
638.972997624 782.805769946 1002.9063592
520.444220174 687.210800518 854.124829815
533.655673354 760.783521977 927.191858109
458.032706645 776.434514982 1026.5147252
443.485880295 792.279031422 1246.5608203
388.741236303 825.847950034 1014.76117936
637.504033089 751.497104322 928.292857628
667.442161695 816.007153426 1048.21625777
572.990812729 815.098480851 1156.80337062
568.639030378 788.488289356 1047.42412062
442.119140683 803.238421864 1004.08938708
730.836371653 865.410800796 960.554326758
509.525316199 818.506900911 1038.73612198
471.646816024 783.395072346 1086.80216554
520.631251846 774.529231487 947.98155138
455.315730599 786.471884497 1023.16498408
560.794051188 822.82339584 975.856144834
494.655106146 772.628797426 958.192648644
628.127294711 817.58239927 1025.7071577
706.531531332 850.41054979 993.254953976
369.645902551 732.62975377 909.405744275
552.887622942 761.846209065 977.018823096
515.710432907 839.134306662 1070.60451487
619.985665566 766.516372251 870.297166703
536.956167237 747.512372857 888.682389269
494.165837083 762.408568153 972.462311243
642.090546083 855.505302064 1119.26140499
261.610285991 872.571136127 1239.85535936
586.218053885 796.737696283 1057.15958902
459.109751865 804.454011597 1131.75886545
599.129118984 844.542915827 1014.13675727
293.368388465 730.622962311 1056.59697305
432.189611259 766.483307017 1033.37159938
508.065863566 769.29524583 920.561136436
661.808865388 899.407427496 1162.10390255
628.545200387 849.855015061 1154.54305233
617.33715968 894.394681409 1108.65864981
603.721008854 798.932692617 933.740724684
571.418084817 820.932664923 1122.00534239
641.864934349 848.744022844 1019.50319905
605.30614219 808.571941423 998.877376002
182.498212182 670.979719452 882.20257229
585.366592821 769.162022809 1082.873092
366.110754965 804.500179286 1055.64830861
377.840260768 707.450092633 856.257595336
427.547248289 777.725226691 968.911298951
555.353084453 740.94461692 970.405584376
