0.13128 0.153976 0.17164
0.14168 0.158284 0.17108
0.13156 0.162496 0.18272
0.13684 0.157268 0.19112
0.14152 0.156112 0.17372
0.1412 0.16166 0.18548
0.12836 0.155832 0.18152
0.14608 0.16304 0.17532
0.13872 0.162288 0.1862
0.14724 0.166268 0.17852
0.1464 0.164736 0.18376
0.15676 0.169916 0.19488
0.12076 0.16094 0.21232
0.12728 0.161428 0.18932
0.13368 0.155724 0.18092
0.13584 0.168656 0.21584
0.15612 0.175904 0.1906
0.14496 0.165116 0.1802
0.1596 0.176088 0.19808
0.14532 0.169936 0.1882
0.15888 0.180232 0.1952
0.15784 0.182712 0.22064
0.14104 0.177728 0.21112
0.1444 0.174956 0.20816
0.1554 0.176052 0.20668
0.15044 0.172236 0.18976
0.16376 0.183632 0.20136
0.15872 0.179548 0.19924
0.15748 0.18662 0.21136
0.16088 0.1776 0.1966
0.15968 0.184676 0.20552
0.15376 0.1808 0.20332
0.17224 0.18802 0.21036
0.16288 0.18046 0.20044
0.1708 0.18758 0.21024
0.16684 0.18276 0.1978
0.1484 0.172416 0.19344
0.1454 0.169396 0.19768
0.13372 0.169672 0.18936
0.14908 0.168492 0.19412
0.13752 0.16156 0.1858
0.14 0.163368 0.18052
0.13364 0.164776 0.21548
0.14632 0.164976 0.18264
0.15604 0.165968 0.18624
