-10003.5507503 -9836.04494939 -8632.76475801
-10000.8652171 -9843.18175304 -9385.83140201
-10011.4105998 -9853.58673192 -8659.79450193
-10002.7397874 -9593.09573612 -8501.1936374
-9975.43370191 -9535.57695415 -8565.44239896
-9991.64591302 -9161.7666426 -7738.33121621
-10003.1048518 -9205.18721939 -8347.6491967
-9810.88780745 -8319.95567492 -1342.15098573
-10003.9245055 -8285.40921374 -1265.3952502
-9991.71077041 -7718.59315525 -4487.20566606
-9108.12124677 -7101.09848725 -973.95878114
-9947.39151959 -7518.35850757 -159.268771741
-9968.08761366 -4566.01839646 348.461722005
-8512.98612319 -3013.93231367 444.865138743
-9987.52661825 -4429.39501098 73.2381854154
-8784.86516364 -2049.36112089 -24.4609644394
-9998.94970199 -3835.21240403 521.004780522
-9434.98462492 -3960.84090834 344.815987788
-7747.91398573 -2058.23185915 390.628627061
-10074.1902634 -2919.82591274 123.791333301
-9961.41462494 -2209.55654749 -48.5355205607
-10011.0848274 -1646.50509612 188.203293358
-9847.79900024 -5026.35416485 -227.387110066
-9120.81050543 -2625.73318183 280.175590269
-709.866199804 -378.80399422 -169.750841016
-8292.42685173 -2348.71285825 646.429932398
-2170.91396427 -330.926439469 627.27672787
-9261.6726826 -3775.48480379 -156.550308937
-9983.17232371 -3520.90525422 -78.7240053598
-9758.84218287 -2723.31244702 153.476027084
-9885.32847084 -6676.31313125 -33.5600434853
-9503.84343373 -1249.73921285 298.528251421
-9965.79600289 -3038.47910995 231.217217533
-8494.6364624 -1447.19150513 660.861325971
-8358.46139716 -787.338886052 469.105761605
-4396.37792793 -897.227891027 853.357661775
247.01571988 556.323020486 951.066958015
111.168061963 321.921867518 554.118698178
110.297061361 301.632345718 494.430329083
12.6746752282 255.166728122 702.383159194
-228.228553804 321.282247059 701.057080903
60.5622071794 197.648828203 456.802902056
-13.5664760046 287.457513883 504.403210617
87.9669160619 282.220042235 560.915320759
40.7518191903 262.572902721 560.506112701
-103.50989958 320.056258504 646.731688075
-30.6732165999 212.632550408 451.296728029
66.6337459706 286.525820924 465.568646727
57.268689137 359.692721135 607.364898218
16.7982321989 223.339608738 450.994737882
159.808651571 360.199164944 701.169838904
137.028703079 352.900553244 557.563627816
-286.080846948 213.870584541 537.006063399
105.85604771 351.773095302 643.328664107
59.9423682799 229.165978496 498.85821379
49.3174026552 269.744256338 452.354474562
91.1261919034 267.270003425 394.721378949
94.4664653648 244.312673368 544.518406877
-184.010603299 279.719324234 652.155410401
-7.21149444639 232.329625072 506.215578063
140.003519127 249.643143169 610.409981521
-13.9013786059 262.591047124 460.465554966
-315.769590837 266.914296506 700.188175542
-180.741530569 343.048837437 900.038065038
-46.3842680768 317.096663876 703.948102697
59.6581366343 312.735364506 601.884616902
5.79259655426 248.961385818 654.967171302
115.920300418 344.092694085 558.98920628
21.7604225642 306.987398379 546.588803569
65.7115197586 246.509405253 465.089625782
296.369466419 359.648542311 458.990123868
69.130372489 248.409796361 460.671743144
62.8309082516 413.14828301 701.809720652
195.463498084 348.60989949 444.786161311
157.318811168 299.905436563 457.164072512
-82.5561942993 221.364937309 507.875881435
58.4050961623 315.323160952 542.457196564
-133.04767164 232.821393393 612.205908472
9.4361538904 280.344552135 507.246029492
-38.6962089841 331.307681888 749.348960544
17.1733720285 307.609417837 757.763180888
-51.1002305668 244.679351193 492.703255539
81.4322106883 315.043804057 498.494303205
5.49727862141 170.772252562 300.310337351
66.1897530795 322.811225503 499.642037662
67.1589253216 269.681057786 507.183720544
35.2885592264 287.777813493 406.365665129
107.600625526 315.789733368 549.377461701
158.12253321 332.84685598 456.612695375
-164.417537244 328.81732665 857.29416251
60.3668404877 270.761002987 499.137521135
-181.906479243 238.981192494 658.144035642
48.5710943722 310.723310372 608.141557065
-29.6725492313 266.624514589 456.062657537
66.6916453226 352.481317984 602.880862401
116.90034891 308.948341348 550.418701878
59.9222383805 288.076886653 611.059816703
144.450780789 461.30846968 749.921700367
61.0507124053 253.122008216 498.401638461
63.9715926245 364.179872634 649.956139727
66.4689837259 309.720415 635.775185456
31.4528307626 334.544013229 598.196559013
111.681953025 290.886415854 504.436740682
97.0000397577 317.507107482 543.019842427
39.5703815016 255.615379329 516.217742344
4.18641173921 288.340314024 660.319796155
146.458046228 350.834889624 692.623485137
61.3312281832 292.678491722 508.535701157
-22.0152396104 286.346882519 509.554285743
59.8390542437 331.957438916 547.831910721
110.532329391 314.466309183 549.690543836
113.628931409 362.508815062 608.44110627
52.950276873 306.183615183 564.494535675
60.6564441909 300.478059392 851.2885966
16.1669870003 145.379308556 298.720954504
61.4831748416 226.753762848 416.032499549
-33.9444838042 259.159158847 561.816119014
19.7643326476 253.01190505 510.388636999
-28.8984998721 243.633499903 497.700576709
-30.4060066585 225.055134429 503.240684645
-42.6833291263 296.790942291 607.532669333
21.77270971 280.519246651 697.123771725
11.8769798717 271.026128403 503.864749913
-11.0348140787 257.595852836 461.2583442
139.503836656 383.022423165 652.29834579
-33.0300152971 226.879111429 404.456180688
-19.0837421547 374.835313053 652.47066979
184.15808543 395.796094567 601.795473363
-37.6326758386 284.456684615 589.670136154
64.8120451872 328.857700374 607.942257055
-94.2990463762 246.277211105 504.501966012
34.8160771505 214.670238469 446.020177402
60.927469387 323.958553874 596.731281313
104.469063256 329.966068079 591.208149032
59.656483999 275.348587961 497.438889956
160.968172605 386.666976432 700.50886768
73.9235250694 345.783256116 780.422548354
42.8185371549 315.10927564 544.65181189
11.0432631364 277.214038228 487.005759099
-166.846911384 256.669985903 553.121629123
30.7538521026 393.153367419 642.761734089
7.1152462049 237.618293437 457.148306923
106.828365042 349.691314409 652.181059129
17.3086804876 266.964789442 501.944539542
135.688548696 430.744867634 694.02372896
-252.985393035 214.760954269 451.712260817
-167.46929716 282.834532086 505.708733296
-77.2815479955 294.629354287 700.393135632
61.1886917052 255.839299391 550.007894936
-131.065077537 257.8894921 496.551010036
-36.2946242821 248.976361797 543.352462031
115.813736536 357.540220585 644.356568082
193.940110459 419.587945268 839.787648494
-29.9915879235 266.153555861 499.870698176
64.9981050589 268.298617938 550.25772068
240.567169383 378.854574957 503.89462074
67.5207356235 336.507585816 492.94296849
98.8994435013 275.77935706 546.0404791
20.4913929668 199.61237436 497.88900587
-36.7654033889 320.963381601 850.760101934
-8.87886022144 270.79253279 451.073741321
138.255424044 276.05436537 457.854501012
-71.665750893 246.55546098 451.115197837
-10.8421506539 306.219756285 500.748635665
158.384430659 383.204725422 597.411210227
105.894915664 328.43878419 498.662932641
-46.2533444991 293.295869991 540.260066201
96.3270648267 258.253624666 599.029151603
65.8588397927 395.702147351 702.387299649
19.1637524462 387.212165735 609.308429971
-36.4624104444 300.55157574 547.976731204
36.6427138918 228.226622011 506.59722509
13.4577400581 305.35487031 658.114834542
42.5379503385 255.600642341 650.971911754
73.1933560661 283.259839246 508.296213128
-63.9062291402 306.89596441 598.386874833
-33.1512030184 299.393008922 644.711724619
114.263075288 297.657226158 503.717958744
-90.1307135068 270.259492194 551.282609029
102.200063047 473.513642714 693.961172482
-11.926480254 305.380849895 644.7092291
-178.20989226 340.716795277 557.154222894
58.5172177175 284.600942615 562.804498896
-129.451704268 283.905705256 703.966163412
-132.203463417 308.902897397 560.411468264
42.1204398294 325.718052893 604.242063918
49.1850385426 267.416525772 604.294454236
-131.4028214 310.387880763 606.468519312
57.1313214201 368.863133557 638.464095053
156.694166652 329.6522412 508.820390045
94.2940178551 330.140248184 561.92227314
182.392582786 338.139322517 593.61786923
140.47733901 276.840625624 406.156578949
-55.2514182213 248.955433661 501.305690382
146.959659882 277.882964925 614.758335681
50.6468643276 362.680253786 605.52823047
66.3943042953 394.89175471 632.526955549
-227.773767735 216.485177844 696.890643351
14.2283057778 292.898123024 554.42048158
-72.9560312804 226.820185301 564.45896373
40.4024792733 330.806718654 599.209336237
-81.6645461532 339.558225032 641.611129463
58.3272742118 328.551286549 684.37097597
144.539422962 401.132644963 697.769241466
6.18293474656 234.553971381 481.653257154
156.144075362 363.455717637 715.707958836
-176.382684882 406.664293036 788.340487877
61.8846646647 305.131211239 558.430380525
-19.4983241596 224.976644169 597.551298006
-31.419153253 345.648177586 737.220412778
160.799022428 357.710987147 585.80503278
134.892540315 322.175131791 695.120211638
93.233382546 325.676465041 697.071758014
-171.48595928 294.863345832 792.311680139
-372.618479596 258.499715623 754.746341675
34.0271888377 281.616728045 491.614419439
-55.9382008931 196.337272747 487.135062748
104.266738408 348.909685157 705.732174242
-174.718257748 270.251910061 600.11592743
22.5911318434 344.209378035 651.37376027
134.001050513 277.566340789 649.928525932
76.1942527836 333.807280389 640.868362628
49.5151760834 251.668764105 539.521308271
36.6220319375 325.790263108 598.738509485
-224.689904466 369.174785293 754.145622302
246.015066791 431.029103238 712.608456161
93.7352666183 447.065046153 660.605098044
-279.861453222 366.771891514 749.429166202
73.924571772 385.12192611 801.713517032
113.242066364 410.959382611 755.155161476
