0.6 0.6 0.6
0.6 0.6 0.6
0.6 0.6 0.6
0.6 0.6 0.6
0.6 0.6 0.6
0.6 0.6 0.6
0.6 0.6 0.6
0.6 0.6 0.6
0.6 0.6 0.6
0.6 0.6 0.6
0.6 0.6 0.6
0.6 0.6 0.6
0.6 0.6 0.6
0.6 0.6 0.6
0.6 0.6 0.6
0.6 0.6 0.6
0.6 0.6 0.6
0.6 0.6 0.6
0.6 0.6 0.6
0.6 0.6 0.6
0.6 0.6 0.6
0.6 0.6 0.6
0.6 0.6 0.6
0.6 0.6 0.6
0.6 0.6 0.6
0.6 0.6 0.6
0.6 0.6 0.6
0.6 0.6 0.6
0.6 0.6 0.6
0.6 0.6 0.6
0.6 0.6 0.6
0.6 0.6 0.6
0.6 0.6 0.6
0.6 0.6 0.6
0.6 0.6 0.6
0.6 0.6 0.6
0.6 0.6 0.6
0.6 0.6 0.6
0.6 0.6 0.6
0.6 0.6 0.6
0.6 0.6 0.6
0.6 0.6 0.6
0.6 0.6 0.6
0.6 0.6 0.6
0.6 0.6 0.6
0.6 0.6 0.6
0.6 0.6 0.6
0.6 0.6 0.6
0.6 0.6 0.6
0.6 0.6 0.6
0.6 0.6 0.6
0.6 0.6 0.6
0.6 0.6 0.6
0.6 0.6 0.6
0.6 0.6 0.6
0.6 0.6 0.6
0.6 0.6 0.6
0.6 0.6 0.6
0.6 0.6 0.6
0.6 0.6 0.6
0.6 0.6 0.6
0.6 0.6 0.6
0.6 0.6 0.6
0.6 0.6 0.6
0.6 0.6 0.6
0.6 0.6 0.6
0.6 0.6 0.6
0.6 0.6 0.6
0.6 0.6 0.6
0.6 0.6 0.6
0.6 0.6 0.6
0.6 0.6 0.6
0.6 0.6 0.6
0.6 0.6 0.6
0.6 0.6 0.6
0.6 0.6 0.6
0.6 0.6 0.6
0.6 0.6 0.6
0.6 0.6 0.6
0.6 0.6 0.6
0.6 0.6 0.6
0.6 0.6 0.6
0.6 0.6 0.6
0.6 0.6 0.6
0.6 0.6 0.6
0.6 0.6 0.6
0.6 0.6 0.6
0.6 0.6 0.6
0.6 0.6 0.6
0.6 0.6 0.6
0.6 0.6 0.6
0.6 0.6 0.6
0.6 0.6 0.6
0.6 0.6 0.6
0.6 0.6 0.6
0.6 0.6 0.6
0.6 0.6 0.6
0.6 0.6 0.6
0.6 0.6 0.6
0.6 0.6 0.6
0.6 0.6 0.6
0.6 0.6 0.6
0.6 0.6 0.6
0.6 0.6 0.6
0.6 0.6 0.6
0.6 0.6 0.6
0.6 0.6 0.6
0.6 0.6 0.6
0.6 0.6 0.6
0.6 0.6 0.6
0.6 0.6 0.6
0.6 0.6 0.6
0.6 0.6 0.6
0.6 0.6 0.6
0.6 0.6 0.6
0.56516 0.596516 0.6
0.6 0.6 0.6
0.58068 0.595744 0.6
0.554 0.592852 0.6
0.55096 0.585696 0.6
0.50368 0.56434 0.6
0.5118 0.551536 0.58536
0.45328 0.549424 0.58532
0.42748 0.499888 0.57156
0.41904 0.507916 0.6
0.4366 0.500572 0.56048
0.39388 0.464148 0.51164
0.39736 0.485748 0.55356
0.43352 0.505728 0.58996
0.3746 0.437356 0.5284
0.38064 0.431596 0.517
0.3846 0.409304 0.44052
0.3308 0.375888 0.42484
0.32424 0.382736 0.44732
0.36584 0.424256 0.48264
0.35472 0.399392 0.45488
0.3334 0.390644 0.44392
0.35288 0.403504 0.45448
0.35808 0.403496 0.45096
0.34496 0.387356 0.47908
0.35268 0.395996 0.44212
0.3638 0.40546 0.44212
0.35544 0.38636 0.40072
0.34388 0.3908 0.4422
0.35944 0.415848 0.57468
0.392 0.414248 0.47272
0.38192 0.400596 0.4426
0.36228 0.392324 0.41928
0.3646 0.379832 0.41416
0.35428 0.392524 0.47336
0.39072 0.428868 0.49568
0.364 0.41002 0.45036
0.34364 0.401132 0.44292
0.36408 0.383156 0.39932
0.34016 0.379744 0.39664
0.34228 0.395704 0.49632
0.37984 0.409 0.44088
0.344 0.39276 0.4772
0.36152 0.404388 0.46844
0.36876 0.39602 0.44712
0.38176 0.416256 0.56408
0.35184 0.371292 0.40308
0.35908 0.400144 0.436
0.35452 0.392512 0.45644
0.37404 0.418632 0.53144
0.36652 0.413536 0.51912
0.34812 0.400568 0.44952
0.35788 0.414332 0.49144
0.3824 0.44772 0.55584
0.38464 0.44154 0.52772
0.34908 0.423208 0.54104
0.36332 0.390012 0.44344
0.36408 0.448416 0.54256
0.3698 0.408788 0.4438
0.35824 0.421164 0.50216
0.35632 0.413636 0.51732
0.356 0.408804 0.49388
0.3606 0.428464 0.49532
0.32996 0.389128 0.45344
0.35416 0.388288 0.446
0.36988 0.410932 0.45596
0.36072 0.40836 0.50016
0.36352 0.433848 0.50476
0.3386 0.404472 0.50028
0.36332 0.437372 0.56004
0.365 0.430656 0.56024
0.3564 0.403548 0.44276
0.35292 0.396472 0.46396
0.36544 0.418144 0.51624
0.39776 0.433064 0.49588
0.36128 0.402984 0.487
0.3362 0.401944 0.45132
0.38364 0.443956 0.49956
0.38656 0.434148 0.49028
0.37892 0.448956 0.55348
0.37428 0.43158 0.54664
0.34744 0.417604 0.54932
0.36748 0.409964 0.50196
0.3896 0.427936 0.4808
0.37116 0.434104 0.51504
0.35504 0.439488 0.52964
0.34328 0.429896 0.47996
0.38544 0.481444 0.5944
0.3818 0.456096 0.50236
0.39656 0.454752 0.56084
0.4056 0.461916 0.56008
0.37908 0.436736 0.538
0.39344 0.441784 0.47952
0.3676 0.42054 0.47604
0.36028 0.44934 0.55104
0.37428 0.426428 0.47128
0.37256 0.438552 0.4986
0.40392 0.443116 0.52976
0.38556 0.453088 0.56412
0.3768 0.4478 0.56852
0.40004 0.466392 0.58928
0.35896 0.453972 0.56272
0.36828 0.446688 0.57568
0.35528 0.40884 0.457
0.37436 0.475464 0.5902
0.39308 0.480908 0.57008
0.36452 0.424732 0.47744
0.361 0.419244 0.52632
0.38008 0.45662 0.59184
0.40012 0.505408 0.57288
0.36968 0.443952 0.49776
0.35632 0.4529 0.52888
0.38292 0.466732 0.523
0.38996 0.45018 0.57104
0.35824 0.430724 0.59472
0.36428 0.436768 0.50228
0.3742 0.437504 0.52504
0.37352 0.418004 0.51288
0.3706 0.419752 0.48676
0.38956 0.430176 0.50452
0.3634 0.400816 0.45544
0.36336 0.398016 0.47824
0.35956 0.384844 0.42748
0.33628 0.402512 0.50028
0.37556 0.428288 0.48888
0.36576 0.410672 0.4644
0.36348 0.414116 0.47396
0.36312 0.412456 0.52592
0.36368 0.418512 0.49464
0.37484 0.412368 0.46128
0.35976 0.427388 0.51524
0.38324 0.405272 0.49508
0.3624 0.415604 0.44524
0.37428 0.427472 0.45928
0.36652 0.412812 0.45004
0.38048 0.406372 0.41936
0.3656 0.394288 0.4466
0.34648 0.41236 0.46836
0.37448 0.451868 0.56964
0.35508 0.42912 0.49264
0.38992 0.437272 0.5252
0.385 0.41444 0.46788
0.3664 0.408696 0.4642
0.36208 0.379296 0.44104
0.3474 0.381224 0.4288
0.34772 0.379932 0.4318
0.3584 0.4045 0.45636
0.39112 0.410148 0.47208
0.37844 0.406316 0.44784
0.36864 0.43076 0.48876
0.36736 0.407372 0.4284
0.36528 0.401564 0.4434
0.36132 0.39058 0.43232
0.34632 0.372916 0.43776
0.3592 0.376236 0.40136
0.35464 0.399764 0.47376
0.35136 0.405768 0.45468
0.37192 0.416304 0.51472
0.36848 0.392544 0.43172
0.37044 0.406656 0.44804
0.36812 0.394816 0.45832
0.3654 0.430052 0.46916
0.3646 0.397664 0.43524
0.33984 0.39118 0.4582
0.37332 0.406968 0.46044
0.38084 0.42792 0.48572
0.38028 0.40344 0.4406
0.3954 0.429452 0.51156
0.34184 0.394092 0.52564
0.37548 0.4113 0.4874
0.3804 0.39416 0.43748
0.36028 0.394168 0.42812
0.3776 0.399356 0.45228
0.39784 0.41892 0.45076
0.35892 0.413796 0.46716
0.36536 0.407692 0.46044
0.362 0.400904 0.43804
0.34476 0.400616 0.45716
0.36732 0.409324 0.4996
0.3746 0.406676 0.46268
0.38004 0.454304 0.4818
0.38764 0.466264 0.53152
0.39212 0.423264 0.51144
0.3844 0.4235 0.50716
0.3844 0.43168 0.49136
0.35444 0.417392 0.45132
0.36984 0.407248 0.45148
0.351 0.396388 0.45096
0.35256 0.401584 0.45708
0.3606 0.419944 0.46392
0.3652 0.41394 0.51148
0.3726 0.420436 0.45164
0.37936 0.4217 0.5108
0.38952 0.444004 0.48548
0.38564 0.461144 0.50552
0.39232 0.431408 0.4984
0.39296 0.452436 0.58184
0.3464 0.443424 0.53752
0.37884 0.433932 0.49064
0.37372 0.434816 0.5204
0.38448 0.451796 0.51384
0.41344 0.461968 0.56872
0.39252 0.457352 0.5044
0.38616 0.443344 0.5188
0.37956 0.432172 0.491
0.37632 0.423388 0.47536
0.3774 0.441384 0.53008
0.37496 0.431508 0.47616
0.40964 0.438444 0.4942
0.39416 0.419936 0.4782
0.36128 0.395992 0.46528
0.37372 0.406856 0.46712
0.3514 0.430544 0.53108
0.39764 0.444076 0.525
0.39668 0.434252 0.51108
0.3726 0.415176 0.45124
0.3822 0.4278 0.4958
0.3516 0.418296 0.5346
0.39176 0.422192 0.45756
0.39948 0.4318 0.49324
0.3532 0.424792 0.49532
0.39092 0.452636 0.56864
0.40188 0.425204 0.4694
0.39368 0.444124 0.49952
0.41124 0.452884 0.48088
0.38508 0.430568 0.47452
0.38608 0.425072 0.4964
0.38724 0.445772 0.5244
0.38124 0.42698 0.54124
0.37816 0.429256 0.50324
0.36224 0.43178 0.48016
0.38864 0.441828 0.52664
0.43184 0.461508 0.50404
0.43856 0.485932 0.5196
0.42924 0.46756 0.50816
0.39596 0.460728 0.53952
0.44372 0.48056 0.54336
0.41724 0.483228 0.56096
0.42092 0.474812 0.55228
0.44316 0.493576 0.58212
0.40936 0.448608 0.48404
0.34652 0.45092 0.54336
0.4024 0.464456 0.53776
0.4102 0.449664 0.50016
0.41176 0.462056 0.53672
0.39144 0.444904 0.51964
0.39452 0.436588 0.4924
0.36848 0.42454 0.48064
0.41136 0.462252 0.533
0.4054 0.499744 0.57532
0.425 0.468696 0.53068
0.41964 0.46312 0.52268
0.42268 0.454952 0.50864
0.43432 0.472496 0.55548
0.40356 0.459432 0.51772
0.43652 0.477712 0.53904
0.4058 0.488704 0.5772
0.42528 0.457964 0.507
0.41592 0.458688 0.50688
0.36324 0.395496 0.4394
0.43476 0.472184 0.53932
0.40108 0.47476 0.56768
0.37668 0.47214 0.59016
0.3962 0.446816 0.50016
0.39828 0.446088 0.51024
0.39992 0.440676 0.47484
0.41308 0.454104 0.51428
0.37912 0.472872 0.53628
0.4028 0.476724 0.55704
0.40944 0.473568 0.55592
0.40724 0.464956 0.5432
0.40412 0.445368 0.47008
0.42052 0.479148 0.58816
0.43972 0.483216 0.55304
0.36628 0.431392 0.52064
0.39728 0.455072 0.51052
0.40968 0.45132 0.50692
