-14846.5340254 -14191.6166976 -13478.2939023
-14887.9613237 -14407.8037382 -13681.0927517
-14792.8357613 -14082.8579998 -13074.2809054
-14468.3316823 -13806.8272012 -12544.679304
-14392.4575565 -13633.1157243 -12566.4867028
-14236.8701962 -13574.220343 -12893.8717392
-13901.0529254 -12862.2416205 -12241.8254686
-13985.3011559 -13087.0198149 -12346.7624241
-13995.1020345 -12599.1074542 -12065.3296123
-13426.8365326 -12712.591705 -12068.9677389
-13180.2874591 -12628.3100985 -12205.2143291
-12953.3021341 -12664.7594684 -12282.2838086
-12417.6469698 -12081.4883227 -11829.030277
-12906.4508756 -12080.3413741 -11733.0156067
-12659.0084592 -12161.5360987 -11833.3328821
-12209.2603623 -11980.8035852 -11720.2217907
-12450.8663098 -12014.4288646 -11729.3471763
-12099.1944999 -11870.2321641 -11748.3657401
-11827.2743264 -11703.2184718 -11580.8368235
-11703.6252504 -11653.4381794 -11585.2346056
-11878.501173 -11643.653827 -11484.1628255
-11772.0013228 -11640.9027145 -11513.4682015
-11757.2137362 -11682.2433615 -11569.4299419
