0.1914 0.205204 0.21916
0.19076 0.209716 0.23348
0.20148 0.215264 0.22452
0.19912 0.219848 0.24504
0.20892 0.220792 0.23264
0.20728 0.215492 0.23224
0.2098 0.233792 0.24748
0.21536 0.227092 0.23996
0.22208 0.229932 0.2416
0.22508 0.235184 0.24944
0.22576 0.236628 0.2538
0.22688 0.241928 0.25824
0.23072 0.248624 0.26188
0.229 0.242492 0.261
0.23304 0.25276 0.2622
0.24412 0.262304 0.27632
0.23976 0.25874 0.27948
0.25296 0.25778 0.26624
0.25528 0.266208 0.29964
0.2492 0.265716 0.27976
0.24756 0.277424 0.29608
0.26064 0.28336 0.30556
0.25968 0.283688 0.31124
0.24912 0.282624 0.30916
0.28012 0.305784 0.34168
0.28124 0.306044 0.33892
0.26972 0.304488 0.35144
0.27764 0.312776 0.36804
0.30508 0.324592 0.3538
0.29516 0.3219 0.35804
0.29864 0.336592 0.37608
0.2802 0.336324 0.38784
0.28672 0.320592 0.36632
0.3168 0.345048 0.37796
0.3062 0.333828 0.3738
0.32624 0.346348 0.40828
0.32464 0.373088 0.433
0.32252 0.35224 0.393
0.30844 0.356232 0.42008
0.33012 0.382348 0.48368
0.3056 0.361304 0.41844
0.3268 0.36338 0.42744
0.3404 0.412356 0.54968
0.33464 0.390284 0.46524
0.31028 0.364232 0.39492
0.3444 0.400472 0.47032
0.32572 0.385376 0.5274
0.34248 0.389924 0.45176
0.33468 0.46036 0.58908
0.33176 0.405716 0.5062
0.33372 0.408012 0.47696
0.32432 0.380296 0.45308
0.32908 0.4097 0.49836
0.3242 0.38302 0.45016
0.3328 0.397456 0.44464
0.32152 0.376192 0.43392
0.31512 0.421428 0.49864
0.31508 0.395576 0.47904
0.3558 0.403036 0.47192
0.3132 0.401296 0.56912
0.35892 0.42642 0.56068
0.33788 0.365092 0.42592
0.33312 0.409672 0.59904
0.33996 0.371528 0.45864
0.20248 0.212276 0.22008
0.19916 0.214768 0.2282
0.2076 0.21612 0.2272
0.19864 0.222004 0.23664
0.20864 0.217676 0.22312
0.19768 0.2173 0.23084
0.20432 0.221396 0.23736
0.20172 0.219772 0.2322
0.202 0.216156 0.23152
0.2178 0.233648 0.24964
0.2218 0.235096 0.24888
0.21292 0.228612 0.2416
0.22636 0.236848 0.245
0.22404 0.24144 0.25292
0.22448 0.241556 0.25752
0.23472 0.24162 0.25704
0.22736 0.244528 0.26196
0.22076 0.239588 0.25308
0.23808 0.253284 0.26496
0.23644 0.256384 0.26868
0.23836 0.25408 0.27292
0.24452 0.265844 0.28356
0.24548 0.261804 0.2818
0.24052 0.260152 0.27368
0.248 0.275164 0.29088
0.25616 0.276216 0.28856
0.23612 0.26706 0.2908
0.26256 0.287088 0.3098
0.26316 0.284596 0.31004
0.25236 0.272248 0.2924
0.27408 0.294328 0.32148
0.25804 0.288156 0.351
0.27036 0.29316 0.32092
0.27588 0.2999 0.34476
0.27516 0.29896 0.32756
0.27096 0.299444 0.35396
0.28836 0.324452 0.37276
0.27776 0.300212 0.35804
0.27872 0.303556 0.32764
0.19864 0.206944 0.21832
0.19636 0.205816 0.21188
0.19536 0.209544 0.217
0.19764 0.216716 0.2286
0.20648 0.214536 0.22884
0.19728 0.20866 0.218
0.19436 0.208284 0.22928
0.20572 0.214936 0.22092
0.20804 0.213076 0.22664
0.2018 0.21362 0.23248
0.19232 0.20528 0.21572
0.2086 0.219856 0.2284
0.21816 0.229008 0.24472
0.19876 0.207852 0.214
0.2018 0.215032 0.22316
0.21224 0.218156 0.22428
0.20312 0.215864 0.22772
0.20984 0.22608 0.24856
0.20168 0.21956 0.22624
0.2036 0.216108 0.23444
0.19856 0.213604 0.22712
0.20752 0.21814 0.23068
0.21024 0.221856 0.23112
0.20368 0.217904 0.2362
0.2072 0.21626 0.22844
0.20688 0.21566 0.23056
0.19608 0.215372 0.22532
0.21484 0.228764 0.23804
0.21308 0.221236 0.23356
0.2116 0.225224 0.24412
0.21872 0.228524 0.23816
0.20696 0.226024 0.23476
0.2074 0.217692 0.22576
0.21604 0.22586 0.23288
0.20416 0.218056 0.23092
0.21884 0.23176 0.24976
0.21348 0.22458 0.2368
0.21524 0.231416 0.25024
0.20992 0.22372 0.23192
0.21484 0.228384 0.24176
0.22968 0.237168 0.24964
0.2358 0.245708 0.263
0.21156 0.22632 0.23716
0.23116 0.246904 0.26076
0.21816 0.228876 0.25036
0.20604 0.218688 0.23468
0.23444 0.245372 0.25416
0.2216 0.235612 0.26324
0.20776 0.224228 0.23848
0.21124 0.228176 0.25464
0.22488 0.241564 0.26608
0.23836 0.253628 0.27072
0.23152 0.23608 0.24804
0.22232 0.239824 0.25372
0.24272 0.257848 0.27676
0.23232 0.245 0.257
0.22616 0.235568 0.24728
0.2286 0.24304 0.25712
0.24292 0.254388 0.271
0.2282 0.234992 0.24768
0.24532 0.258132 0.27152
0.219 0.237696 0.24908
0.24912 0.26522 0.27508
0.22684 0.240456 0.2548
0.22272 0.238892 0.25128
0.22564 0.244448 0.25804
0.24816 0.258776 0.27168
0.22988 0.250736 0.2776
0.24252 0.255532 0.277
0.24328 0.260668 0.27764
0.24824 0.257776 0.27816
0.23764 0.25072 0.27524
0.24808 0.268448 0.28664
0.22944 0.247464 0.27
0.23704 0.260544 0.29484
0.24012 0.251432 0.27528
0.26028 0.277204 0.30008
0.23912 0.245984 0.26172
0.24204 0.254068 0.26016
0.24676 0.259192 0.29352
0.23704 0.257372 0.27736
0.24464 0.257164 0.2824
0.24412 0.258852 0.27348
0.2766 0.289204 0.31016
0.258 0.268176 0.28112
0.2346 0.252124 0.26556
0.24104 0.256688 0.27924
0.27824 0.288316 0.30836
0.24208 0.262568 0.29216
0.23664 0.255508 0.27528
0.25868 0.285904 0.30864
0.23824 0.26244 0.28504
0.2624 0.274948 0.2878
0.22836 0.246076 0.25796
0.26756 0.292988 0.32592
0.24816 0.273028 0.3036
0.2464 0.261272 0.27188
0.26292 0.282492 0.31896
0.25128 0.286196 0.32564
0.26744 0.277728 0.28992
0.24016 0.250096 0.2606
0.25484 0.281956 0.30316
0.25864 0.27494 0.29252
0.23944 0.258332 0.2838
0.26872 0.290856 0.317
0.27112 0.277076 0.28296
0.24068 0.268104 0.29616
0.2496 0.277676 0.30504
0.24612 0.264028 0.27832
0.24816 0.27652 0.30152
0.25208 0.28344 0.31136
0.25076 0.27396 0.30216
0.2514 0.267616 0.28364
0.2836 0.292568 0.3072
0.27896 0.301552 0.33628
0.2494 0.2678 0.27696
0.25184 0.270148 0.286
0.2854 0.294948 0.31908
0.26044 0.277196 0.293
0.25832 0.272484 0.28232
0.27884 0.285472 0.302
0.28204 0.306716 0.32636
0.25644 0.272204 0.2876
0.26276 0.291452 0.31716
0.26164 0.288836 0.34324
0.2498 0.268584 0.2964
0.2742 0.315716 0.3728
0.24152 0.281444 0.30776
0.2682 0.283876 0.30776
0.26888 0.305104 0.33364
0.25316 0.283736 0.31432
0.26776 0.28988 0.3318
0.26168 0.275912 0.29744
0.28368 0.3107 0.33392
0.27348 0.28648 0.29944
0.26656 0.2915 0.35076
0.255 0.287264 0.34276
0.28936 0.329296 0.4122
0.25252 0.283576 0.30836
0.28736 0.30086 0.31376
0.28612 0.301752 0.32648
0.28832 0.314732 0.33364
0.26836 0.288968 0.31844
0.26512 0.293844 0.31552
0.29624 0.333144 0.36436
0.27604 0.312588 0.34204
0.26572 0.294688 0.3202
0.25496 0.280456 0.30956
0.31448 0.33106 0.36844
0.2774 0.302224 0.33932
0.27704 0.297372 0.31272
0.29584 0.323468 0.35128
0.25544 0.294456 0.31312
0.28984 0.309256 0.35092
0.27348 0.309816 0.36912
0.29432 0.323512 0.37432
0.26592 0.293448 0.34376
0.32696 0.343244 0.37012
0.27548 0.304844 0.35716
0.28632 0.3618 0.54448
0.2672 0.297804 0.32772
0.2944 0.31254 0.34044
0.30704 0.326288 0.35644
0.2924 0.346424 0.43028
0.28076 0.304044 0.32316
0.26724 0.298724 0.33072
0.30456 0.339572 0.3724
0.30432 0.335832 0.3706
0.28528 0.306608 0.32452
0.27752 0.301508 0.33324
0.3132 0.355356 0.40972
0.29996 0.326376 0.34596
0.29428 0.325516 0.36552
0.31676 0.354292 0.4046
0.28908 0.302656 0.3326
0.2954 0.351004 0.3882
0.28756 0.32406 0.34712
0.27464 0.347816 0.40904
0.28796 0.309912 0.32748
0.2802 0.302696 0.32844
0.32132 0.350392 0.39596
0.3106 0.3572 0.42336
0.2938 0.332168 0.36852
0.30436 0.325668 0.35628
0.3182 0.349648 0.38992
0.30692 0.369828 0.56104
0.29496 0.33326 0.36188
0.27056 0.313376 0.34852
0.30752 0.366016 0.42708
0.30096 0.361784 0.4696
0.29612 0.327164 0.378
0.27456 0.306656 0.33212
0.33568 0.377568 0.4314
0.31072 0.329584 0.363
0.32296 0.33658 0.35524
0.334 0.385944 0.44828
0.29744 0.324172 0.3598
0.30384 0.341892 0.37568
0.30348 0.340416 0.43536
0.31704 0.358496 0.41752
0.29964 0.3249 0.35092
0.2978 0.332772 0.37544
0.31988 0.345804 0.37932
0.34456 0.391868 0.4996
0.31956 0.344936 0.38484
0.2822 0.3211 0.35052
0.32896 0.34652 0.38228
0.31824 0.396272 0.536
0.32604 0.36634 0.4
0.30652 0.33704 0.37332
0.32132 0.365292 0.41616
0.32648 0.454552 0.5646
0.32584 0.352224 0.41472
0.3012 0.343992 0.37608
0.28552 0.327792 0.40528
0.34268 0.40908 0.48644
0.3218 0.346276 0.40624
0.31356 0.351568 0.39224
0.32384 0.349684 0.3968
0.29968 0.33442 0.3588
0.3116 0.404968 0.47204
0.33172 0.379048 0.47128
0.32936 0.366088 0.41496
0.29944 0.33122 0.37184
0.31316 0.344624 0.368
0.33612 0.385192 0.4458
0.31632 0.353596 0.42508
0.32392 0.411872 0.56068
0.31876 0.390032 0.5242
0.31596 0.37544 0.46
0.31096 0.343912 0.39532
0.32604 0.411612 0.53072
0.30496 0.359192 0.40888
0.30728 0.384556 0.5232
0.30652 0.359072 0.45004
0.33212 0.371788 0.40996
0.32168 0.366652 0.40736
0.31472 0.363012 0.41816
0.30032 0.354404 0.4322
0.30532 0.34438 0.40912
0.346 0.392468 0.4886
0.33256 0.357116 0.4166
0.31656 0.38074 0.4676
0.32828 0.373676 0.40224
0.31308 0.338508 0.38648
0.33648 0.382176 0.51052
0.32508 0.390364 0.4964
0.36204 0.418492 0.54824
0.31108 0.361288 0.45424
0.2904 0.339948 0.37748
0.32352 0.36712 0.43936
0.3458 0.399108 0.44464
0.34268 0.400776 0.51972
0.30588 0.331168 0.35844
0.3322 0.382644 0.50876
0.30444 0.362876 0.4674
0.33272 0.38604 0.44084
0.30044 0.332812 0.37744
0.32036 0.3667 0.43016
0.32276 0.36994 0.39664
0.2808 0.332476 0.394
0.31908 0.350784 0.40724
0.36332 0.441852 0.5856
0.28256 0.322476 0.39288
0.37012 0.399176 0.46104
0.29968 0.357876 0.43208
0.32644 0.36234 0.421
0.29404 0.319872 0.36964
0.3096 0.37338 0.5236
0.323 0.36546 0.43864
0.29876 0.354424 0.3762
0.28796 0.3559 0.45836
0.33832 0.398296 0.53632
0.32148 0.379336 0.44224
0.3168 0.362896 0.38112
0.3214 0.3749 0.44532
0.3502 0.41226 0.49572
0.30484 0.418476 0.59072
0.2996 0.392492 0.48924
0.3228 0.376084 0.46032
0.34024 0.403036 0.50576
0.3434 0.399984 0.47948
0.30748 0.39436 0.52576
0.31876 0.393664 0.52112
0.27968 0.374084 0.43904
0.32592 0.382496 0.59936
0.31364 0.360816 0.41268
0.32968 0.398784 0.48
0.35176 0.411168 0.48692
0.35084 0.41514 0.5736
0.3362 0.383696 0.448
0.30884 0.371148 0.47772
0.34224 0.401632 0.48764
0.322 0.37962 0.47352
0.3462 0.397296 0.43844
0.2858 0.341416 0.43324
0.34756 0.401092 0.50788
0.31804 0.351724 0.3706
0.32248 0.36858 0.43984
0.30088 0.37762 0.5212
0.34252 0.443656 0.51852
0.31352 0.362068 0.39264
0.32516 0.38408 0.46808
0.37256 0.427876 0.50844
0.3166 0.376908 0.4326
0.34388 0.390592 0.46168
0.35088 0.410764 0.52684
0.33628 0.38464 0.46688
0.34132 0.381348 0.43004
0.33216 0.428908 0.56816
0.3372 0.384352 0.55056
0.32656 0.374748 0.46316
0.33276 0.426128 0.58288
0.32764 0.365536 0.43152
0.3684 0.414488 0.49992
0.31184 0.37422 0.42028
0.30248 0.37854 0.55048
0.35072 0.426552 0.5196
0.34988 0.456396 0.55984
0.33352 0.387944 0.45548
0.33332 0.394868 0.43964
0.34324 0.416636 0.5286
0.33104 0.391832 0.44252
0.3316 0.38622 0.45292
0.35156 0.423072 0.53624
0.32908 0.395836 0.48128
0.35124 0.399532 0.51604
0.28668 0.371984 0.48256
0.35856 0.4171 0.55768
0.35124 0.434756 0.53628
0.32212 0.388836 0.47256
0.35344 0.445732 0.55372
0.303 0.390728 0.45884
0.34872 0.459724 0.56452
0.29828 0.38276 0.45856
0.31156 0.388392 0.50284
0.36676 0.441028 0.54596
0.324 0.394172 0.47544
0.34608 0.406296 0.5872
0.34776 0.424224 0.52524
0.31364 0.416792 0.48944
0.35056 0.426064 0.59892
0.34644 0.416704 0.51644
0.30724 0.366488 0.42364
0.36052 0.404388 0.49448
0.32692 0.411792 0.512
0.31792 0.374576 0.41416
0.33392 0.367088 0.43856
0.34992 0.38884 0.48252
0.31584 0.3762 0.46384
0.3216 0.379196 0.42952
0.3434 0.43262 0.58404
0.31388 0.38098 0.48832
0.31412 0.408424 0.59904
0.37964 0.435632 0.47564
0.3266 0.370588 0.45564
0.35136 0.39036 0.47868
0.36588 0.42552 0.4968
0.31144 0.375276 0.48988
0.3118 0.39308 0.52548
0.33592 0.388832 0.47056
0.3414 0.47704 0.57752
0.34308 0.417584 0.56112
0.32528 0.392424 0.425
0.32736 0.399524 0.51544
0.2892 0.400204 0.47692
0.30664 0.356116 0.39212
0.29856 0.367172 0.46056
0.33468 0.431856 0.5984
0.29708 0.41082 0.56984
0.31812 0.40658 0.572
0.34872 0.453308 0.58904
0.35944 0.470032 0.56
0.32768 0.381768 0.46492
0.33796 0.406336 0.55176
0.36652 0.428008 0.51292
0.42292 0.481676 0.6
0.31116 0.396868 0.53116
0.31352 0.397216 0.51908
0.3736 0.423832 0.55368
0.33852 0.386204 0.49796
0.32868 0.38492 0.44464
0.34464 0.433992 0.6
0.32756 0.388964 0.49212
0.31468 0.368328 0.45556
0.32304 0.375476 0.49244
0.30808 0.378944 0.444
0.36244 0.45948 0.5696
0.3048 0.394272 0.5048
0.331 0.397236 0.54716
0.3826 0.430448 0.54064
0.30036 0.358104 0.4412
0.28752 0.368892 0.44868
0.32444 0.389048 0.49804
0.35116 0.416452 0.57568
0.3314 0.367568 0.4556
0.30156 0.384864 0.45332
0.34816 0.467064 0.56564
0.34808 0.389292 0.47216
0.3198 0.386656 0.47328
0.31092 0.397012 0.55372
0.39708 0.470852 0.56936
0.33652 0.411368 0.54012
0.33552 0.399212 0.552
0.3572 0.41394 0.478
0.33324 0.374904 0.45624
0.37024 0.478 0.56172
0.32612 0.393764 0.50352
0.3478 0.427244 0.5388
0.34688 0.476156 0.57592
0.3334 0.391388 0.53428
0.34224 0.395484 0.44612
0.31544 0.348052 0.3716
0.38196 0.444896 0.59184
0.30536 0.370216 0.4538
0.2934 0.389508 0.54768
0.34516 0.403736 0.44204
0.34012 0.385076 0.48464
0.31104 0.38314 0.4364
0.34036 0.3834 0.50964
0.3336 0.405316 0.493
0.3182 0.374576 0.54212
0.31228 0.368556 0.489
0.32288 0.380752 0.46784
0.35704 0.416656 0.48724
0.3192 0.373664 0.44976
0.30828 0.428908 0.59352
0.36064 0.431532 0.56432
0.3122 0.40102 0.44992
0.30148 0.386992 0.49888
0.34408 0.387704 0.42508
0.35808 0.438448 0.6
0.32244 0.390232 0.45816
0.3296 0.418368 0.56548
0.35352 0.451976 0.52024
0.34812 0.401032 0.47732
0.31828 0.3939 0.54948
0.32672 0.38218 0.47728
0.41032 0.459424 0.50936
0.29476 0.398852 0.56996
0.35736 0.431104 0.51272
0.37324 0.438716 0.55308
0.35104 0.420568 0.50384
0.37628 0.444536 0.54164
0.35764 0.420696 0.5306
0.36956 0.456424 0.5682
0.32732 0.372776 0.45396
0.33728 0.386368 0.4672
0.33192 0.38496 0.45012
0.39928 0.471952 0.57504
0.3234 0.406824 0.53096
0.30436 0.38534 0.5146
0.34156 0.414672 0.57632
0.35356 0.433752 0.57368
0.30592 0.376572 0.41672
0.29752 0.392216 0.51032
0.3696 0.436556 0.56568
0.29376 0.350096 0.42756
0.34444 0.411692 0.55752
0.30828 0.405936 0.53592
0.31184 0.360484 0.39712
0.30236 0.359288 0.43972
0.35872 0.405188 0.5568
0.32596 0.404364 0.54788
0.33016 0.404788 0.5626
0.34832 0.423104 0.50488
0.30968 0.390596 0.46424
0.322 0.383168 0.48272
0.35172 0.398476 0.4818
0.37948 0.407116 0.47156
0.32148 0.37846 0.47724
0.353 0.39528 0.45476
0.34032 0.38036 0.51812
0.30348 0.36556 0.47444
0.31668 0.445944 0.5862
0.3538 0.398504 0.48864
0.33432 0.394232 0.48128
0.32448 0.384656 0.5056
0.34084 0.390748 0.45812
0.34072 0.402116 0.54704
0.34808 0.414788 0.48752
0.32112 0.3961 0.53792
0.33668 0.40718 0.51332
0.355 0.445584 0.54848
0.28528 0.40342 0.50192
0.30924 0.35722 0.42816
0.34404 0.419636 0.5232
0.3332 0.366212 0.47232
0.32936 0.422456 0.55184
0.3494 0.405808 0.49004
0.35228 0.409372 0.48828
0.30972 0.36824 0.46508
0.31888 0.345012 0.4238
0.32632 0.372532 0.43692
0.3248 0.372652 0.44384
0.31104 0.350308 0.38704
0.334 0.368132 0.45676
0.29524 0.361304 0.42184
0.3446 0.386228 0.48924
0.3068 0.357264 0.48804
0.31036 0.3539 0.41
0.32836 0.37724 0.45152
0.2818 0.34612 0.42584
0.28636 0.352004 0.39576
0.31168 0.366288 0.44904
0.3006 0.3691 0.42532
0.32328 0.376636 0.42812
0.35048 0.422608 0.55008
0.32796 0.391108 0.52496
0.35656 0.433024 0.52084
0.30528 0.382088 0.49752
0.32692 0.41816 0.56864
0.30844 0.357044 0.55028
0.30776 0.361756 0.52688
0.32824 0.374392 0.53088
0.30652 0.349532 0.3886
0.34764 0.378976 0.40456
0.29096 0.338132 0.39752
0.29892 0.357416 0.40024
0.31632 0.372184 0.42964
0.31692 0.363576 0.4868
0.34628 0.390688 0.45408
0.2888 0.359548 0.42704
0.29268 0.368776 0.45476
0.313 0.35464 0.37496
0.31604 0.37412 0.52488
0.31756 0.376932 0.48636
0.32552 0.378056 0.4522
0.30444 0.342496 0.4624
0.28148 0.349772 0.40848
0.32904 0.388676 0.54148
0.307 0.352376 0.42048
0.31212 0.369836 0.48308
0.28552 0.34076 0.44172
0.30604 0.32716 0.34868
0.32428 0.396808 0.58728
0.31432 0.355576 0.40472
0.28944 0.3361 0.37728
0.314 0.361908 0.4268
0.29088 0.335108 0.3594
0.30736 0.373524 0.53576
0.28552 0.3378 0.39432
0.29488 0.372452 0.42504
0.31996 0.348688 0.40176
0.3194 0.381676 0.44072
0.33296 0.37444 0.39948
0.29576 0.355408 0.43956
0.33368 0.37174 0.43824
0.3236 0.352844 0.40652
0.31324 0.390144 0.45168
0.27952 0.355976 0.44364
0.29712 0.3497 0.43252
0.30864 0.32764 0.35564
0.32004 0.33976 0.36732
0.33728 0.36136 0.42896
0.30416 0.356408 0.42524
0.3108 0.336456 0.38336
0.30456 0.370896 0.47244
0.30852 0.360876 0.42408
0.3142 0.362808 0.49836
0.30572 0.3532 0.42296
0.3026 0.363676 0.46596
0.30588 0.35274 0.40452
0.3122 0.35124 0.40884
0.32952 0.369064 0.40236
0.33448 0.378836 0.46872
0.30156 0.371212 0.44108
0.33264 0.438576 0.52268
0.30864 0.37844 0.44896
0.33472 0.409792 0.5288
0.33996 0.389904 0.46956
0.32028 0.371028 0.41028
0.3404 0.394608 0.46704
0.33216 0.375672 0.4292
0.34492 0.384988 0.48316
0.3318 0.378864 0.47404
0.3288 0.396024 0.47592
0.34508 0.407772 0.51284
0.3296 0.410212 0.4992
0.3186 0.35458 0.48644
0.29536 0.34258 0.43468
0.31284 0.365472 0.44132
0.29136 0.328644 0.37316
0.3054 0.349736 0.3802
0.29012 0.353 0.4962
0.30596 0.35228 0.4808
0.30072 0.33548 0.35032
0.28176 0.356064 0.4056
0.28068 0.366848 0.5096
0.30904 0.351068 0.40788
0.31336 0.3418 0.38584
0.31568 0.356988 0.49896
0.31908 0.358316 0.42632
0.31248 0.360592 0.42456
0.31992 0.353332 0.42092
0.2968 0.324464 0.35012
0.29348 0.33968 0.41924
0.32388 0.381644 0.49336
0.29312 0.338036 0.43508
0.30004 0.36184 0.39548
0.34276 0.401556 0.47944
0.3218 0.401328 0.5798
0.29576 0.40534 0.56624
0.31696 0.378352 0.46672
0.32144 0.391636 0.55036
0.30324 0.379516 0.50264
0.29412 0.381804 0.54032
0.31332 0.36282 0.42172
0.33052 0.369732 0.4186
0.32232 0.366136 0.45008
0.30372 0.363052 0.50272
0.34404 0.39844 0.4898
0.31272 0.36066 0.39764
0.31976 0.343864 0.378
0.34088 0.399364 0.54496
0.344 0.400364 0.55784
0.32684 0.407852 0.4904
0.29996 0.371928 0.47128
0.30288 0.349752 0.42632
0.31836 0.379504 0.44236
0.29356 0.338632 0.37544
0.30212 0.34318 0.37572
0.319 0.353584 0.40564
0.28012 0.320768 0.35452
0.29216 0.348848 0.3906
0.3058 0.358312 0.4674
0.30384 0.360388 0.4368
0.29852 0.35964 0.45632
0.30492 0.372356 0.40984
0.30172 0.35968 0.42724
0.3226 0.356108 0.45968
0.32256 0.352768 0.38944
0.31252 0.384508 0.50468
0.31676 0.359064 0.40056
0.28264 0.36424 0.47556
0.31552 0.360084 0.399
0.32568 0.361684 0.38592
0.33248 0.385248 0.4878
0.33828 0.379444 0.48656
0.33324 0.382952 0.46772
0.32444 0.399404 0.57952
0.30296 0.383092 0.46016
0.2982 0.369488 0.45008
0.31628 0.38328 0.46716
0.31952 0.356872 0.49024
0.28656 0.36372 0.47132
0.31292 0.338768 0.38192
0.29532 0.332784 0.43156
0.27488 0.307996 0.3442
0.28772 0.32658 0.36804
0.29496 0.33342 0.39688
0.2722 0.310724 0.34768
0.29996 0.339332 0.47856
0.27208 0.30712 0.35148
0.314 0.358308 0.51008
0.31944 0.377908 0.51768
0.29028 0.343324 0.42308
0.31372 0.355724 0.4276
0.28728 0.326936 0.38584
0.30004 0.332752 0.37712
0.29444 0.324936 0.3622
0.27412 0.332652 0.41688
0.30604 0.36862 0.41584
0.29072 0.37284 0.45032
0.31888 0.382588 0.49324
0.334 0.370064 0.46808
0.30188 0.401228 0.58168
0.30488 0.377652 0.48516
0.2998 0.3808 0.53104
0.31852 0.385048 0.47076
0.31072 0.403188 0.50616
0.32772 0.368028 0.41524
0.3346 0.38648 0.42856
0.30836 0.362684 0.43908
0.33476 0.359436 0.3834
0.2936 0.36242 0.46128
0.33068 0.352152 0.38724
0.29192 0.387388 0.4972
0.3226 0.35468 0.41068
0.29664 0.333496 0.40016
0.28728 0.339416 0.42304
0.29116 0.35918 0.44908
0.2924 0.361824 0.44048
0.27324 0.34038 0.42792
0.3252 0.392792 0.5228
0.30572 0.375216 0.52152
0.33488 0.403552 0.5172
0.3152 0.359212 0.40464
0.3268 0.35944 0.46436
0.3076 0.361928 0.43944
0.33136 0.380728 0.48856
0.31004 0.376512 0.47856
0.3158 0.374456 0.42744
0.30112 0.386312 0.4568
0.29164 0.341884 0.39932
