0.1076 0.110664 0.11516
0.10736 0.11018 0.11252
0.10864 0.11284 0.12108
0.10676 0.109976 0.1136
0.10784 0.110604 0.1138
0.10852 0.1115 0.11628
0.10656 0.111172 0.11356
0.10616 0.109408 0.11324
0.10796 0.11016 0.11184
0.1084 0.11066 0.11284
0.10688 0.110444 0.11384
0.10776 0.110736 0.11372
0.10892 0.11102 0.11248
0.10888 0.111696 0.11392
0.10828 0.111884 0.11372
0.10752 0.111792 0.11656
0.11004 0.11204 0.1152
0.10916 0.111516 0.1138
0.10632 0.110792 0.11324
0.10892 0.110904 0.11308
0.1092 0.110736 0.11268
0.1084 0.110892 0.11392
0.10904 0.110124 0.11332
0.10852 0.11212 0.11624
0.10804 0.11034 0.11312
0.107 0.109956 0.11228
0.10856 0.110776 0.11308
0.10748 0.110516 0.1132
0.10508 0.10874 0.11128
0.10792 0.109688 0.11184
0.10728 0.110304 0.1156
0.10664 0.108584 0.1098
0.10596 0.108828 0.1106
0.10656 0.109096 0.11176
0.10556 0.108428 0.11048
0.10752 0.109724 0.11424
0.10696 0.109688 0.11312
0.10596 0.110076 0.11772
0.10696 0.108692 0.11136
0.10684 0.109452 0.11204
0.105 0.107192 0.10916
0.10476 0.107932 0.111
0.10576 0.10898 0.11268
0.1076 0.108856 0.11024
0.1072 0.10886 0.11136
0.1066 0.107868 0.10968
0.1058 0.10812 0.1098
0.10448 0.1083 0.11036
0.10552 0.10838 0.11136
0.10672 0.10878 0.11132
0.10632 0.107888 0.10992
0.10524 0.108304 0.11044
0.1064 0.108716 0.11256
0.1062 0.109008 0.11384
0.10648 0.108932 0.11148
0.10608 0.108388 0.11148
