-1195.68132558 1026.86607263 2371.06273585
-1048.13864096 741.859873046 2386.53147498
-3449.07902924 292.923851421 2311.49886642
-953.438739786 1198.79821278 2366.84524919
-2039.73157647 1365.11392738 2423.8745805
-2268.37658104 831.724311007 2344.73030723
-981.901918191 1232.11435237 2467.93373026
-1143.78299311 1230.31186498 2422.31391666
-698.833600141 1125.50234628 2383.06295474
-830.561319196 1405.28688192 2423.69084806
-1180.09451058 1264.67024153 2456.39385263
-1165.12594041 1227.40600601 2421.98844437
-728.82799358 431.430173049 2415.37150354
-1773.54605617 1727.48115082 2454.10368338
-566.185372811 1565.57652234 2461.96458796
-1582.22540939 1572.88820338 2481.28378328
-2117.66496149 716.160724645 2507.28971103
-705.903327144 1654.86995414 2501.19907056
-741.881478807 1568.99815127 2501.97330937
-1819.41552138 311.300649866 2573.11983251
-404.923490643 1368.34083818 2483.05062168
-2118.53481058 1037.16659046 2532.68770078
-576.949386445 1671.84301221 2473.62426
-551.875040771 1643.40329517 2534.0943729
-886.433565196 1543.10632649 2534.62769104
-2360.81051668 536.490263601 2562.16284377
-1044.93884715 984.251260126 2490.41600972
-791.066347406 1144.82605086 2253.47253085
-1411.63554729 1287.24397468 2536.31744532
-1564.41356816 1369.06797633 2556.45798835
-2159.66925706 1031.36073719 2577.0213048
784.707693236 2168.8051985 2544.58375863
-1810.21372344 1033.32017997 2568.51964484
-1087.95182084 1625.47983566 2565.86162638
-704.370661731 507.490549129 2564.31883468
-987.095382452 1471.21578225 2578.181206
-1111.83511303 926.834062969 2569.62250998
-397.070981451 1725.19059653 2620.22651525
-928.696650525 1182.77391652 2583.52503984
-961.393317367 1525.39148127 2599.89722068
-2555.10394557 636.48118682 2575.89690575
-2983.01404818 1183.27938825 2553.30855247
-966.26733145 813.44992971 2292.6233987
-1106.45860817 1241.77857275 2582.35753987
95.4472515361 1868.3527408 2595.660224
-842.555221634 1361.96089504 2603.09684505
-811.697005411 1138.11891452 2607.175441
-1018.79008939 1301.78076458 2609.94453858
-893.73650517 1175.00269918 2601.93991815
-1377.48757015 878.72816903 2646.14934721
-983.056739234 1715.16287779 2612.14794792
-454.209730105 1538.19081002 2630.4085398
-2377.06516592 950.190524097 2616.33015972
-793.596513551 1464.31894497 2604.11248579
236.687356991 1578.9369998 2548.13877685
-1871.56998865 1059.62809482 2592.74221644
-805.404121382 1416.52199623 2595.68896373
-790.832881009 1245.79038045 2618.95258628
-443.804956349 1564.66338173 2598.70670222
-916.944337648 1428.47936393 2601.76842137
-586.638094028 812.594795632 2631.06125331
-877.609027308 1490.47021601 2640.71647121
265.483819611 1909.72158759 2577.730008
-629.719871987 820.467731444 2562.59488396
-835.073361517 540.106007864 2591.50766947
-1092.26501996 1145.92908377 2632.32693694
-696.892461887 1753.29671079 2612.54779949
-1087.04421529 1716.55780665 2617.50176936
-465.230498218 1493.76396083 2618.25764889
-698.89731919 1511.93858882 2626.11294966
-258.170148334 1955.06223678 2617.18181915
1455.64109752 2162.02290536 2623.92003072
-1701.20745654 1592.5073554 2625.40288393
-962.733763364 1391.20260298 2591.57795195
-955.526936257 1513.71770675 2645.55380203
-1158.97565476 803.232107761 2612.84397733
-2568.7846237 1019.88097482 2594.74882029
-485.608633074 1519.45909185 2530.10880256
-1410.78134817 1460.1820712 2625.32229364
-312.848675971 1582.98186041 2617.45691993
-1120.56158691 1382.39387349 2630.4656086
-2087.07702073 1250.69310913 2666.35590404
-1330.80461778 1692.52185875 2653.0488776
-1546.77246859 1208.21761313 2613.00011227
1429.36794648 2236.13644138 2653.46288634
-436.819827954 1346.28781592 2615.88839432
-1366.37265295 1025.07644497 2598.62831108
644.577149126 1878.65206481 2679.44115155
-10.2439132791 1238.49750615 2634.053857
-1126.46466384 1559.54063566 2646.64781945
476.229680261 1992.32420368 2658.6722257
-108.900790567 2048.50755584 2668.66012103
-1012.68022996 1325.13796366 2327.44082452
-1166.56592286 896.147601556 2639.23201957
-946.897931772 1182.10108327 2676.89591596
-1136.8889886 1538.66752043 2654.50419643
-509.286334095 1668.79872333 2644.09551218
-1129.84163692 1114.76834645 2653.54522591
-719.477493648 1295.31092571 2609.9707128
820.643011629 2016.55239447 2648.22349778
-1726.48240593 682.100910209 2029.94767586
-937.669652633 1120.6278725 2662.25383673
-1073.66841232 1356.38610602 2650.28504581
-734.318748787 999.873520627 2357.50727429
-2724.35840365 1230.83484464 2632.72402485
-1157.05906951 1416.14543109 2661.38135094
-689.753122999 1567.11418106 2642.30320509
-936.258823795 1027.21308119 2317.04138487
-1051.641358 1488.75051524 2653.86088534
-1590.37213836 82.3200946502 2021.58981104
-1087.55958748 1543.47688606 2633.21624402
-660.043136203 1479.41550723 2627.39730526
-2523.54062866 392.736136921 2656.3104793
-956.440928376 1438.74385521 2677.89392364
1457.99420106 2275.2652075 2663.38378476
-680.151911745 1176.42074494 2620.16814519
-1610.86762809 1647.07665553 2655.88210143
-1148.81755756 1194.30459984 2387.63178687
-567.687337093 1084.96124404 2631.50652779
-249.116260598 1912.90376149 2677.88622149
-1908.96671889 1216.88332934 2680.29982674
-1260.33729205 1595.68051095 2691.75587602
-1437.2024009 1160.89829222 2667.23590917
-2181.15226839 963.120306644 2673.77854752
-854.839287835 943.121880788 2702.72535657
-1329.61000634 1034.62570267 2696.16867809
-1464.97338448 1430.09492837 2700.70315525
-2366.53420161 1501.99210523 2692.07445399
-2745.21915876 1315.45817805 2682.29429745
-1089.55370126 917.087802771 2398.55477385
-973.745506882 1100.38817828 2380.60608285
-879.293946879 1767.23235803 2691.24899195
-469.961103662 1388.4727368 2662.73976644
-1828.97053698 1293.48214695 2684.45062163
-1069.8280806 1454.45393106 2409.06017276
39.3415970556 1788.63426309 2671.18543039
-694.432120969 1296.81130843 2693.32612273
-1075.71535348 1306.52741565 2105.73160906
-19.5035486625 1917.22332442 2712.53133267
-1589.10342517 1218.65851864 2681.67584747
407.321686708 1840.51861708 2396.92543799
-64.7033954699 1632.80643027 2706.05687898
-850.12728806 1705.48588851 2681.97481765
-1515.50939767 543.666151199 2401.33776642
-408.729000149 1305.92416538 2687.98791129
-1283.99289464 1223.64883102 2673.47478068
-1596.44738886 913.488503 2681.69742464
-817.264631869 1619.0730042 2667.39675029
-1040.50794087 1191.60680981 2620.58429127
-902.785018906 1284.84900026 2666.16730024
-496.679460138 1228.15821669 2703.33427015
-1450.45325799 1083.68535282 2644.986013
-2286.99125543 893.82874151 2686.99765047
1082.50458027 1855.56557252 2655.29056127
-1592.61848157 1251.82072199 2715.78630094
-969.885304499 1184.9911553 2677.87143303
-1260.56328468 986.352041647 2639.86436594
-209.443599277 1416.63684353 2680.87638001
-63.2032367101 1637.65431468 2694.4407958
-498.853325044 1656.18268244 2682.9500559
-267.947326001 1336.57320274 2399.52034771
-1048.75546465 1355.36847907 2605.85731876
133.316429777 2019.1016124 2700.5293715
492.694996447 1926.85552259 2666.42748275
-1522.54966791 1305.89462441 2705.25692356
-1314.17892081 1542.88581418 2681.18578575
-71.7714576468 1658.80579983 2699.54700824
1475.17877759 2145.30415638 2673.15431185
-809.856318614 1002.36339205 2376.46599041
-324.756963438 1443.631315 2675.72290184
-658.997084872 1348.21183314 2666.10741037
-0.327052465135 1623.75142735 2612.42705467
-879.916396146 780.581714496 2266.36779418
-1088.81584184 1107.62495133 2668.92377082
-1522.03279449 1377.02486216 2690.34891187
-864.570827065 1246.95430169 2676.07901674
-1273.20173902 1420.41325507 2662.34900573
-1239.78033056 1112.5175384 2380.62306621
-1637.25947221 905.105896519 2673.94108337
-811.075744169 1571.98100214 2701.33391259
-1004.23810721 2014.06692802 2676.09325151
-225.922413006 2091.78807515 2674.18947842
776.677625874 1916.65885867 2633.43468722
-2035.58033725 1089.07302266 2691.42390534
-246.992596931 1432.88916128 2678.76112813
-1362.18458478 1443.11616084 2705.061647
44.6792635362 1842.75295998 2670.86778124
-1060.90366101 1313.56590145 2688.2151126
-1561.50543571 1043.6389747 2673.8375821
857.034434906 1937.5622295 2398.69619041
-579.618344484 1546.93035975 2675.01418227
-794.320450646 1830.786061 2692.17333207
1138.07192312 2135.95703956 2693.49587803
-13.8023413747 1271.06966665 2395.22318327
-451.682378533 1108.49210254 2686.99863233
-1239.62180038 1176.51774716 2683.0535727
-679.870001876 1722.31738309 2692.12614554
-889.36587258 1050.98360051 2697.62625753
-285.692680374 1737.29786998 2672.40318268
-355.134042938 1460.67073588 2625.45300906
-815.177252939 1706.80730321 2672.61991931
-215.555481114 1554.43240444 2702.1975808
-239.443517666 1191.23258145 2281.57050879
-352.540114681 1652.81706003 2685.00195302
-906.685182839 1385.27386596 2701.03256512
-1602.4884162 1687.92042761 2707.32079512
442.678873318 1676.90754877 2418.10974565
277.092763453 1675.76894028 2724.00742151
-1082.11354731 803.422158879 2685.62287426
485.979913369 2035.92654087 2724.71290647
-714.165366653 1531.73959365 2721.15943601
-993.175404496 1634.43895681 2722.15962213
-1246.44568892 1384.65872294 2561.41398701
-1761.17970409 1150.17446406 2418.70592671
1039.17304982 2227.45685913 2707.39617067
1682.47635485 2241.23587933 2716.66237567
724.093303265 2241.39367484 2701.17297673
-1362.32857155 1452.45911183 2713.93588188
-92.505989089 1703.36733415 2722.52429981
-330.526050172 1737.44269882 2719.85547002
-802.687514615 1392.31537055 2720.16456709
655.390216159 1750.83456807 2707.65676257
-491.318325087 1542.31657413 2697.54517387
53.1845682286 1947.19414749 2713.08837049
-851.717786656 1551.6725141 2693.20192915
35.0834401604 2096.83283508 2708.0723313
-1143.60871159 1714.35781168 2702.3247995
438.295750494 1724.36515773 2421.17936782
1451.5507301 2172.71532581 2688.57910127
-54.5303219168 1247.27831799 2704.38108425
-719.165786874 1571.06976476 2698.32414696
-1572.29969906 959.818813996 2708.94668976
-611.715890237 1462.27062937 2708.39311997
1119.93885794 2143.01784541 2708.03399466
95.7577017425 1757.99478815 2693.75493045
-49.3140552381 1564.3704257 2677.56065942
975.375840072 2047.316012 2724.23010104
1628.80671867 2291.68498356 2722.90515694
-1164.85125217 1660.74303345 2683.36094295
-572.32167867 1612.95068297 2713.88011987
51.4984727215 1312.99904966 2672.61704267
-1639.61960292 1347.60140316 2628.11683681
-487.405895453 1518.3538488 2699.78125732
1010.56352285 2090.86142623 2709.61327264
1625.23254478 2084.56021308 2561.15093832
426.133993545 1728.60205161 2373.76546567
-1811.00259566 1254.54370342 2700.39158931
-334.847239637 1895.01068255 2685.81715699
-1038.91953158 1236.64793498 2688.20113416
-930.267638586 1327.72082785 2718.58559367
-1047.11766599 1697.83943533 2687.97139731
-815.651389587 1543.96986213 2674.58385493
-889.365077712 1526.77754226 2670.58695318
-2996.92350886 1468.23065794 2651.31897005
-1276.06598389 1337.90814328 2701.05430369
1149.93980147 1877.86983075 2401.5188705
761.720670426 2082.54008976 2705.85213018
54.1695653043 2099.38640938 2702.01163304
-609.212861694 1249.6809979 2696.04659542
-778.537126953 1189.47673063 2662.97130487
105.072006419 1834.63021506 2708.65002343
383.326164 1932.96093033 2690.01913394
467.125753913 2030.76576771 2706.89631142
685.182188778 1881.28754506 2590.54594595
-981.66223248 1226.35825961 2717.82132989
-223.114494272 1521.23391309 2362.89576481
-557.580196916 1742.60174106 2697.47749473
-11.3773095711 1674.71032432 2683.19190669
718.218459785 1980.34588611 2708.04771918
547.045870077 1982.973087 2663.08629305
859.481846309 1755.53634903 2673.8033358
752.119503133 2022.85378335 2694.93601518
-472.44323445 1707.39187521 2710.40312627
-1182.66455326 1192.05002668 2692.02930606
-774.301824057 1525.00872385 2659.67346854
106.323402482 1993.28777533 2711.59332527
-998.524813081 1103.88805857 2417.34600773
448.308397727 1661.06007326 2402.96864281
111.279912685 1821.66720069 2685.17450914
508.609065871 2261.4948146 2707.79857087
-227.117222919 1001.52870825 2689.42418561
-478.45912906 1481.6327901 2699.6464402
812.940536042 2171.70837432 2696.79672648
-178.777768935 1476.23025766 2682.34541657
-541.658101988 1544.33932326 2401.73715743
352.859346011 1566.02121301 2681.13263617
-766.53563783 1903.91991272 2683.33646123
200.114229802 1867.55854958 2677.43319387
-49.5638784913 2007.11927527 2696.00005884
-594.797139822 1780.49775934 2721.28015028
675.429262286 1912.50049235 2684.32910911
1727.96737715 2232.26493371 2662.36590225
204.449409765 1872.30502278 2395.14575898
-210.495637559 1718.8292219 2681.18336928
-709.205539329 1816.09037273 2693.42764332
726.406066375 2114.20782137 2716.85825964
764.873728455 1767.78404002 2688.33674702
1279.05345995 2171.78112562 2696.88660532
1071.02411091 2169.2322876 2712.66539911
28.3991650313 1567.21808829 2718.49176167
-1027.94663714 1584.88713492 2692.86018243
418.743599224 1912.80696072 2696.78061694
1408.7242199 2210.65861316 2696.52002794
2328.69535528 2497.95346807 2704.53218047
-1092.21260722 1350.616375 2705.23571512
-985.294184752 1652.22567572 2687.64616603
-670.646186898 1141.03071226 2414.20637168
679.684978333 2028.3841821 2681.7449052
156.79804711 2034.46715651 2726.74855608
270.066708377 1724.43061047 2681.956548
23.2670631417 2034.04085752 2692.22085499
-881.624986398 1564.89717006 2674.26823756
357.1396057 1765.93971661 2695.20136584
-583.850538534 1279.99879475 2687.50308262
383.562834934 1847.76358528 2690.32211037
-312.684488745 1705.76382484 2662.12718163
1147.79600858 2174.52537637 2685.44766595
-1493.29097289 1603.00655692 2413.70778094
-959.92987142 1524.47330476 2699.22519052
-807.799504244 1526.23570005 2677.36647163
1491.5506632 2213.35652062 2695.66740007
31.6705932143 1751.0874574 2661.73861299
-314.163373071 2103.53405351 2719.31492011
725.862352954 2005.36855005 2677.79431192
-402.99773012 1738.11756102 2687.79545918
118.672468476 1863.33084699 2719.01331432
-932.028628778 1414.59656375 2649.66345688
529.480983071 1901.10996188 2696.81081731
-619.65866764 1628.26878435 2708.64300052
1105.92823587 2388.38426375 2685.38671447
455.163699823 1910.5770263 2676.74801752
-798.706119184 1819.06269389 2711.77035131
-678.88213767 1837.13399435 2707.44980241
281.500107684 1846.43910522 2706.67498113
-767.207995616 2101.96703023 2713.50025937
667.998969145 2112.66639596 2692.74782613
-180.703348728 2005.63939758 2709.5058841
1142.52422824 2002.00452941 2719.83637098
818.605365443 1793.65385633 2670.59204455
-177.322132728 1847.80502498 2658.18653756
709.791950182 1931.12099591 2702.32623221
505.630697861 1931.75833535 2707.32899747
1670.53279209 2339.61752162 2713.07682215
-291.723788805 1200.89366361 2691.65708412
-665.364046829 1916.11155846 2714.29946625
154.639887344 1758.26703006 2712.00801733
-723.877373334 1604.28953835 2715.13235765
-968.28136153 1717.15223164 2707.63023109
159.289966087 1634.16078708 2699.66901366
434.817887901 1850.15646716 2713.60120687
-380.383857402 1988.88049414 2692.80741114
-290.022872345 1678.35179642 2696.18633078
133.376537589 1581.8884459 2664.14458028
-813.290422436 2104.36307327 2704.57956032
-774.543433062 1391.15068986 2694.09337141
515.577971206 2018.9340483 2699.34025663
1031.3832543 1960.54825654 2691.03643498
-376.802379462 1858.2494135 2706.66551487
-3.9506255561 2074.10982437 2727.10737222
-1090.45530568 1595.66886062 2703.59930183
287.333827184 1524.934603 2715.84273356
774.812488975 1979.44945425 2711.68856704
791.170949326 1940.68639414 2743.95635583
-616.406336883 1642.9454363 2709.44646795
484.055755853 2049.2710768 2715.56507241
-710.281765998 1741.13978306 2668.43072758
1039.32889227 2090.45345327 2703.38251082
1348.58530206 2035.34486184 2707.75994852
1459.96103091 2267.69591498 2728.9737345
-1046.33712536 1512.38207639 2707.1830794
789.519581935 2206.75361452 2716.89129426
1069.28947222 2145.91280085 2702.42965448
523.098871092 1802.83609447 2413.01147162
30.3294560315 2162.91858393 2723.81938945
89.1340060367 1753.5009375 2706.07355403
7.70239010334 2065.01911763 2420.20842244
325.294272366 1415.30044507 2702.03043608
364.786198394 1874.20732391 2706.96843792
535.443968741 2231.28725225 2711.40197024
-571.106388407 1648.08051965 2725.24506545
1031.33741981 2107.60779912 2724.66301465
1153.99472576 2082.19645206 2718.55732074
-99.3621261112 2118.36106536 2690.43742861
-227.797899924 1801.8966242 2722.52385047
1407.34515485 1971.40169815 2693.49811207
1384.49112678 2175.41539526 2703.75585551
95.3877662808 1706.18293081 2714.59984745
1114.42804782 2108.7714658 2706.00573183
-507.847297213 1794.28050357 2722.61010606
-211.626752921 1827.07065781 2714.67161985
811.524559837 2269.50184422 2724.43750857
635.544514679 2148.25531967 2716.05753182
1832.48392874 2450.19986113 2696.44202902
1447.43414692 2239.99799723 2744.89887652
-108.395870959 2119.06112395 2721.97449075
-800.652330175 1555.15962326 2422.18066514
1780.22183432 2338.43456579 2725.88607974
880.753550579 2047.30278906 2708.25463407
-252.373806894 1915.29375686 2684.94906941
-518.560425923 1831.32501599 2700.93777774
1172.80356713 1995.17515615 2713.18331095
1051.03095852 2241.51982679 2738.78978698
1480.23005636 2130.68124124 2726.43299787
734.441308167 1831.99298736 2702.29568005
435.000288325 2023.2501867 2715.85829034
827.337083403 1929.92346231 2663.10969024
2090.06060933 2409.52614013 2725.32242562
1466.65697083 2270.89982037 2712.2463676
-190.149138887 1649.10647568 2691.55046248
81.53306206 1812.47847005 2731.68792546
2104.02357449 2344.29313505 2701.78022437
425.709680478 1880.86110679 2711.80913745
1671.01482361 2353.86825283 2721.18377782
438.510430043 1781.37556469 2681.05500039
1465.37862319 2268.19899792 2718.41391695
1665.97482254 2230.56825002 2721.11088446
2038.03331414 2413.00570262 2719.26321581
487.09189901 1894.34648348 2677.62917663
2048.98202496 2334.00121911 2712.54887414
-109.400187332 1931.36010169 2721.81323044
485.269585951 2219.05352168 2731.20258695
1826.84185481 2279.97812936 2731.86032995
1392.14807159 2110.48870843 2720.27530103
26.0457224 1749.17875146 2700.82113677
101.663107494 1644.1188883 2722.50382286
752.153666315 1958.41740953 2739.48789186
37.2348754567 1812.35249945 2728.02074215
-202.237756239 2040.21887466 2720.99478392
-885.471281323 2016.11285218 2713.4654721
1420.02568674 1991.23852518 2705.98968564
482.260258564 1995.31654365 2444.72717543
1365.81829481 2254.52674546 2741.25574219
-211.439217015 1851.501249 2732.82402098
-203.264974341 1620.92003322 2727.34887642
45.7014898176 1974.96226956 2726.17269406
768.791171747 2072.307627 2718.48289076
-246.531638417 1705.14183428 2725.20338621
-65.0245676147 1797.69987558 2692.56146336
1512.1793787 2103.95546565 2739.13963236
1051.62056441 1917.42120087 2725.10407565
1014.99132807 2137.96789194 2703.69602465
1778.22250405 2287.75804527 2728.44667895
1476.53144932 2180.00524509 2727.13541252
298.999844481 2066.3650771 2731.03480469
1031.50397482 1860.20569058 2730.43862292
-430.165667039 1765.09690626 2716.16355582
115.285233308 1683.72956375 2707.3671053
508.813750838 1798.08808923 2439.89430166
1335.08137039 2147.5226207 2727.43847257
961.167804971 2229.00966291 2726.43705166
345.81774995 2051.41186234 2700.31308324
384.909213218 2243.05668258 2736.79577354
1146.11659005 2093.44158226 2711.61211672
-889.551962126 1759.1995005 2723.06897327
1769.63699209 2331.93007521 2736.51662763
723.506721984 1931.44727099 2715.81061341
-33.242727295 1900.94065788 2721.8012977
262.952941703 1873.21546788 2719.27863419
393.843925123 2018.31993396 2720.53284714
783.65667351 2050.90028767 2733.88594452
171.254712871 1582.87093523 2399.0846533
993.939555544 2183.30873232 2717.522698
-1234.81783408 1711.28381847 2717.06863461
1429.0539875 2427.68899528 2723.76037977
-154.045113261 1741.3067392 2735.16903942
502.898184678 1924.06277599 2435.30231103
1104.53644023 2079.13717456 2721.976185
816.821200264 1886.4660114 2431.04710888
1409.70274342 2177.01385365 2731.58715073
732.573152587 1846.15053807 2726.31944527
99.8640324646 1913.96439874 2411.3519468
-104.041328895 1781.97505116 2723.70435444
1429.19308523 2041.15261783 2407.25211142
483.218787418 1720.90307227 2734.77430884
1153.84083854 2056.69745756 2715.22079091
321.344202744 2058.53189246 2718.9506319
1080.50947713 2021.39096651 2706.61727286
885.094484284 1793.43643213 2733.01138335
1437.13848206 2119.47330189 2433.01708759
1808.5866833 2228.06496705 2432.25545131
1425.99488965 2217.83818859 2712.34333961
762.874413312 1833.96973548 2696.91917741
1808.86455865 2071.96795134 2431.06416456
1450.80907958 2206.74822623 2711.57663654
-734.069381946 1927.66583612 2719.64724115
1155.39548805 2069.11494345 2428.6566555
562.379273011 1766.77177012 2711.40522997
1361.04594105 2320.08319708 2730.59701296
1163.4059555 2197.26062817 2736.11290458
1186.06685275 2148.46871063 2721.45412255
719.555450147 2091.02433041 2716.05117514
351.646100055 2078.78743953 2705.57844132
-318.713267993 2097.0832111 2719.47891064
508.725889402 2246.70038104 2723.10552428
765.009901426 2051.35371994 2686.38913918
453.716920283 1925.9432164 2740.05963965
-176.230296381 1739.02583475 2735.77194309
168.547755201 2009.79374378 2723.06916372
-383.776550518 1716.05267448 2711.90491394
487.167322627 1768.53429591 2710.69848651
1703.46887686 2242.56025104 2696.70245498
445.421601148 2014.07836192 2711.66069696
1029.32695145 2324.45265775 2731.75980742
434.251387849 1933.80912983 2700.80513236
1116.39372318 2151.63728466 2730.21587329
1131.6777309 1998.12158119 2420.57723794
1500.97778683 2182.4338385 2717.71653324
1169.87513621 2040.68290513 2691.22730426
1118.13140822 2277.52734838 2720.20673644
321.187278473 2085.4235621 2727.65588801
-669.825669462 1893.55654758 2720.58916724
1363.64264754 2259.74471738 2738.29247645
29.1971787447 2194.60344707 2733.91034187
844.896278054 2024.39034125 2729.75935093
794.794341661 1894.87487756 2723.05127923
1452.71282594 2078.14922801 2747.16184895
725.760413483 2113.62381735 2720.49771844
-305.823775193 2142.03821621 2745.22474454
1113.61274728 2255.1361473 2726.84265547
1759.25035256 2295.45367234 2739.8644773
1072.64582916 2179.4083125 2748.34636549
1099.84288554 2121.94520382 2736.1126954
1530.36632909 2322.91115223 2732.65959914
1192.99115253 2020.34943798 2712.35340651
1471.95884617 2223.84244741 2733.77855938
2014.4395 2312.28586389 2738.54182432
1061.20751695 2379.35902441 2749.05976941
1146.34102883 2030.85376294 2693.99973275
1717.44599723 2213.58704814 2744.26433273
1473.85368949 2286.67005258 2743.16548051
763.603253456 2100.59521298 2447.78587531
770.683918844 2066.86794777 2726.81903306
1048.55595702 1890.75381396 2756.61459821
223.708747937 1914.33020802 2732.5614163
493.971485486 1974.01357288 2735.85973396
1469.55234544 2262.68003814 2741.86177502
-1016.53355863 1917.41797626 2757.12429282
819.462908198 1992.23026171 2744.31240686
1128.52241247 2199.04808415 2734.40838124
1183.29670194 1989.92827546 2731.82398161
-249.418513286 1676.19963215 2402.18770409
1509.21345126 2301.45669542 2749.0297242
453.729194038 1327.7345092 2103.96776175
710.67835742 2159.02813435 2744.08332605
735.368638227 1768.14558169 2439.87286394
1505.50467258 2238.13038675 2746.77092345
499.753428963 2098.10494921 2763.66552849
1147.28913198 2170.39609758 2759.99453033
186.70733465 2012.25327792 2759.16999853
-181.545038116 1659.16138102 2725.80179547
1386.32883769 2093.42441835 2745.29086328
509.753506141 1668.14750688 2748.16316763
1739.52742269 2285.21353405 2743.39430642
1725.31089501 2300.63888304 2759.98106575
368.876667181 1694.93968513 2401.37231093
481.042688519 1627.23161938 2421.51282728
978.693239842 1804.84403626 2759.07203431
394.610657988 2139.74632541 2742.76646647
1081.34023406 1953.81197065 2759.35779433
440.702653709 1920.06110029 2747.63852049
346.981069735 1673.78115602 2413.9521751
1126.51593823 1843.09878121 2456.4332794
1179.48633345 2110.28471242 2758.64939651
509.582799636 1980.23136371 2746.56438481
311.318865399 1952.36077466 2763.95106515
-347.785858963 1687.7149378 2421.38768836
1803.88444908 2216.41753383 2761.17571196
1149.93052726 1806.31985855 2442.26755267
1812.33420416 2341.62435325 2752.46780882
1109.72452325 1934.50168393 2445.17504994
828.938215709 2147.52725655 2748.90829776
435.806919964 2018.3186979 2767.57973671
1061.38654119 2111.83590513 2759.74686422
727.054585263 1975.28858223 2764.92424542
1537.34924016 2196.867375 2740.73371571
1129.99302414 1953.87906582 2464.90331658
583.921852873 2013.18637442 2764.31544726
170.396238839 1975.22433888 2455.72719248
388.402494123 2122.82986275 2759.72296905
1157.51411068 2166.69035785 2749.65188924
859.714407644 1993.70489539 2730.31614744
1114.69963855 2009.2884274 2753.60015408
1493.14164091 2069.78583499 2440.72745183
806.031208162 1938.14097997 2749.83189682
803.978010241 2071.12510659 2733.68805753
1673.74856768 2418.8602511 2777.92670603
870.336206279 2158.61285679 2763.86678449
1192.67057859 2142.49605098 2766.10421026
1122.39875984 1933.80297627 2720.51862729
1434.62582329 1822.61938178 2760.55298985
752.455099616 1842.47135743 2758.19872806
1161.85897023 2074.55512595 2756.59426502
143.343932534 1865.79539061 2728.79926291
1290.46033972 1882.28040539 2452.18242518
1448.93784386 2107.5589629 2761.89340202
865.568105372 1962.41821591 2759.01737726
183.20603451 1838.96462295 2747.15709321
1085.60628769 1736.094349 2426.11290124
1118.3212494 1976.16815388 2756.74738412
2070.55158783 2303.24731323 2746.99095112
1468.34457461 2313.377353 2773.86203585
84.643711577 1892.28980387 2746.67141677
773.059208372 1984.3512838 2763.84231229
1782.96951536 2180.40620572 2762.1456762
1040.50677954 1958.06990109 2772.40279945
656.159495868 1813.45564917 2771.39520346
410.228481821 1738.99478639 2768.59670473
457.43726813 1895.99145765 2758.21126989
1402.22683454 2023.00069599 2431.22158691
1813.51076411 2187.1923744 2467.32598795
1430.32993406 2142.40135878 2767.1984412
1484.45436917 2211.2901133 2787.83946285
262.794954497 1684.23384593 2428.17247354
1480.0021731 2051.21758495 2759.39765429
1054.1049025 1793.84683374 2460.56259072
-686.448912379 1730.60264828 2751.26522056
1476.95884635 1944.24161095 2464.16793096
781.15218121 1981.02219171 2742.39914782
1802.2721079 2126.7323517 2770.16762309
1083.98831668 2088.50072728 2449.27446055
1456.39252768 2049.29310169 2751.20664906
1107.32808973 2006.91844538 2743.10734266
331.629990353 2013.80514983 2761.38313888
1804.12559878 2153.56692569 2748.90642885
80.7270173949 1709.93394132 2757.83307906
65.7034410962 1789.63041351 2470.54377883
831.022127541 1984.79271222 2454.38558066
1457.00345313 2091.64152963 2752.39807945
198.529235854 1829.59369348 2741.74211893
1486.27914406 1920.99032344 2424.13371776
1164.8808568 2050.40791024 2452.23497495
1813.5751368 2204.57447612 2763.30611884
-194.190477024 1778.88501466 2436.03496705
778.444457713 1892.39042587 2770.32887924
1099.47473329 2084.88418398 2767.14079545
238.459715315 1548.56120015 2466.21954744
1491.51238845 2046.52784433 2775.60260339
1111.56980151 1702.68860737 2433.58567592
338.648053393 2011.77776464 2727.70085999
447.246967972 1661.98040834 2775.49727731
1094.99837941 1788.31790359 2442.65424321
1360.68054554 2076.03796333 2768.05396548
674.974797755 1579.17043787 2125.3856932
-8654.23701237 -844.161997218 2347.31158135
-985.109483683 912.158683294 2119.96604994
-2738.59334652 19.2219182844 1834.52062224
-2729.94833148 -343.295813594 2259.91972353
-2323.86626306 514.275026991 2324.3400489
-6076.98966636 -128.520612985 2144.01680535
-5698.27471474 -267.62368515 2375.29572779
-1951.00133166 464.210189024 1902.17815197
-2982.68829568 603.616013604 2412.62118005
-3140.82482931 539.099751733 2442.09098307
408.337506571 1118.67914865 2092.11344845
-1686.17367103 -63.3944242157 1614.80812618
-3362.45268795 409.530191985 2467.87110279
-1607.67947215 152.189726654 1523.9259551
-936.872374018 418.962782072 1791.49292587
-5605.1003477 -220.373768665 2511.46327982
-1501.12903366 757.398339314 2389.51982427
-674.556054314 529.39384199 2283.04876836
-9256.93138305 -1164.12397099 2500.90164996
-2661.18876163 620.407428052 2578.48985667
-2278.23572067 -49.9057718279 2462.69764901
-3224.976131 819.516324996 2634.97202698
-3298.58603382 235.279486433 2085.86714585
-3257.65380404 39.1635184514 2358.50811727
-2837.79905653 -39.5968413337 1901.10593695
-2345.75146131 27.5107205637 2545.085085
-2392.46028576 88.0769636345 2528.32431895
-1530.01051052 340.008819085 2665.21296459
-2342.13349127 -114.235957049 2155.8866138
-3771.8906158 -357.861579781 2215.16254233
-2920.37163861 622.10003028 2650.50982335
-1670.26121047 1374.25907635 2565.77284313
-4795.92746765 -89.25632263 2445.65377333
-4651.82050127 -582.213766558 2413.87660526
-1057.79618443 286.33184051 2575.80317744
-2996.41285971 -32.5731458281 2005.79722806
-2222.01363987 288.060697457 2564.40879778
-2742.4560873 -35.574015095 2591.94863981
-3014.15736194 913.825890564 2600.14651658
-3576.93038367 419.594303223 2403.03914833
-2840.73089361 -879.403041958 997.469750256
-1222.66390537 1306.76348204 2417.7587121
-4899.46252481 78.7423079269 1796.13980611
-2104.61501949 90.3713803153 2629.9045154
-3795.49667177 -566.669926352 2354.70576839
-6746.24377575 3.87680851105 2348.31873676
-1925.83808813 204.331303579 2629.24403014
-356.899053744 1064.92294266 2663.5900723
-2801.23030091 -693.346614609 2440.67989812
-2852.49182419 321.28951906 1832.79329724
-4654.42202588 -171.185717631 2235.100068
-1537.5584253 807.076171847 2464.18557671
-2233.69081369 -275.027520798 2304.53232876
-2926.8218188 285.060617744 2577.60282332
-4159.50912809 -277.836929186 2608.23614558
-1894.87604159 571.485567407 2555.9595776
-5882.19487894 -183.013566243 2304.04495606
-1928.0646385 1312.51255619 2597.13692756
-4511.88073278 433.128244998 2637.44068422
-684.758445687 1300.95218023 2514.76243745
-2999.09776818 -297.31423976 2538.67337025
-3760.56296971 483.841412487 2582.10514968
-3753.60148951 684.754482302 2651.20241215
-1517.35035224 263.135124613 2174.75531503
-4449.30069415 -1360.74580223 2089.78080256
