-0.0307557619365
0.0117620672814
-0.203597250569
-0.213796497741
-0.218664146872
-0.219933348086
0.191894469463
-0.27638246495
-0.336698734861
-0.376835740312
-0.419708792125
-0.420247995394
-0.397924841588
-0.326764337035
-0.239652303455
-0.214722037988
-0.218669990118
-0.223548204595
-0.216791109814
-0.216987142282
-0.249645104996
-0.283090439288
-0.297028903804
-0.305539777117
-0.308448705695
-0.311339493767
-0.315799546221
-0.319404103501
-0.321768586634
-0.32331281832
-0.324460499335
-0.324966156864
-0.325085525443
-0.323906545367
-0.318398574718
-0.299695143353
-0.269260741037
-0.235288237517
-0.205791834863
-0.176998691052
-0.160074982682
-0.136830225742
-0.106135032801
-0.0870478730944
-0.0784537739655
-0.0763316951853
-0.0752537245234
-0.0732508555546
-0.070060456629
-0.0665950749953
-0.0636892853855
-0.0615052835729
-0.0595104638466
-0.0575789646198
-0.055286945256
-0.0528053239858
-0.0506027640237
-0.0484167062473
-0.0462101718281
-0.0441375715289
-0.0423502313724
-0.0407525926951
-0.0391435267524
-0.0378341132841
-0.0366644725573
-0.035766140813
-0.0350514731248
-0.0346152033734
-0.0340696925183
-0.0341955606379
-0.0352354282375
-0.035558874563
-0.0356708717421
-0.0345833848184
-0.035175194625
-0.0382715714805
-0.0425208592871
-0.130313869835
-0.181412620035
-0.221541213974
-0.257333133904
-0.254581309439
-0.241175573532
-0.23520668059
-0.236582580268
-0.235239119052
-0.229171142771
-0.223896448061
-0.22358173578
-0.218443247639
-0.209177745375
-0.159511124466
-0.0344818542934
-0.0313715456334
-0.0490354871074
-0.100952773247
-0.0529677384759
-0.0357521294304
-0.0736815951161
-0.13702048589
-0.185584711158
-0.235640094833
-0.256830568917
-0.253627888627
-0.260757218349
-0.26808622753
-0.267740605612
-0.267458405402
-0.268054916427
-0.265965257368
-0.229581957322
-0.202852302661
-0.233399603059
-0.219287698624
-0.25991673035
-0.267288363807
-0.267256951338
-0.258277344357
-0.244084080109
-0.144696023196
-0.337196310364
-0.310280190447
-0.262722402285
-0.254505160591
-0.267139322608
-0.26737699592
-0.266033200183
-0.267665552979
-0.266380947395
-0.267671104235
-0.267973266703
-0.261123020959
-0.296320483115
-0.294816021955
-0.29193995114
-0.266745623798
-0.267014047067
-0.268541644747
-0.267721712947
-0.268707584893
-0.267572268452
-0.267843288642
-0.267813928725
-0.267781107047
-0.267769640438
-0.267827710389
-0.267864382471
-0.267866713581
-0.267817224008
-0.2678673212
-0.267870962583
-0.267882473908
-0.267903739407
-0.267781208013
-0.267796044423
-0.267839236737
-0.267858239019
-0.267873821291
-0.27150053388
-0.304166923128
-0.381972474546
-0.383401939115
-0.282454353052
-0.26506394178
-0.270248997735
-0.268386191062
-0.268933270862
-0.269138577749
-0.267193454427
-0.268275010108
-0.267725268608
-0.26797770706
-0.267886431234
-0.268132456503
-0.267824976594
-0.267979139588
-0.267975717042
-0.268049953117
-0.268051896833
-0.267993809847
-0.268040388571
-0.267950637378
-0.268017455778
-0.267950311939
-0.268043971838
-0.26805113302
-0.267924067352
-0.268010340328
-0.268057807011
-0.268033991465
-0.269247657913
-0.272646766631
-0.279255909795
-0.283209296372
-0.287373646569
-0.296210149266
-0.296150556794
-0.295002234889
-0.297543609825
-0.300601793257
-0.305039477183
-0.308615265013
-0.307069451857
-0.306186427734
-0.302100716861
-0.299121671795
-0.299957402274
-0.303476593877
-0.304280312254
-0.315247949
-0.370855663432
-0.375876841701
-0.377586465901
-0.360354520343
-0.312888996351
-0.307715950717
-0.307457343644
-0.306362720504
-0.309739120954
-0.311008253978
-0.312077254436
-0.310816720481
-0.310283346479
-0.309520839352
-0.310198695831
-0.310216335056
-0.308969353673
-0.310812820491
-0.312062529866
-0.312126477576
-0.313382197396
-0.313906760001
-0.316022580787
-0.318297637551
-0.330116921022
-0.337012756498
-0.342831429557
-0.33129251019
-0.324447785755
-0.319726790409
-0.319797241722
-0.322280189623
-0.321634093775
-0.323615640154
-0.325114103974
-0.324354432017
-0.327361518782
-0.329051140626
-0.328285420647
-0.331272455193
-0.335163955865
-0.334952271572
-0.334534369671
-0.335145045843
-0.336197368928
-0.330527608178
-0.335266574867
-0.340821841839
-0.33674088689
-0.343657964089
-0.347697015574
-0.351206168503
-0.352404748154
-0.348919380666
-0.348031734911
-0.350825500488
-0.353134484002
-0.355377923309
-0.35429722976
-0.355645087054
-0.354704246765
-0.357693999543
-0.359280817691
-0.358030644148
-0.359051663534
-0.359494846466
-0.358434606753
-0.361754270729
-0.36200710455
-0.358688308754
-0.359761448415
-0.36210072724
-0.360978393374
-0.362213790952
-0.359307894132
-0.35950816248
-0.357676771115
-0.363705492118
-0.369995211087
-0.369376241821
-0.36061976226
-0.361498084745
-0.360223021081
-0.361666227102
-0.363094562369
-0.361608448133
-0.361422985874
-0.36162871456
-0.364697139183
-0.362196968924
-0.35980439832
-0.362370861198
-0.360799121593
-0.362006507945
-0.365818663903
-0.362624748918
-0.363777939935
-0.364050284559
-0.364350222695
-0.378214564625
-0.3895939614
-0.36752786796
-0.373389066937
-0.389868639001
-0.38055919551
-0.37086742353
-0.370273766305
-0.371070147265
-0.369040520186
-0.370261454972
-0.358205208451
-0.358959086382
-0.364644583754
-0.362305402285
-0.36441237352
-0.363690765686
-0.365972288116
-0.365201923103
-0.364517303911
-0.363325272922
-0.36682342467
-0.369337493152
-0.368788483518
-0.369111714514
-0.371303797493
-0.393399353033
-0.455155061558
-0.435169362693
-0.371074250061
-0.364397724209
-0.36732542941
-0.36565579631
-0.363229820718
-0.366500968599
-0.369022316631
-0.36995291097
-0.371280555691
-0.372663075102
-0.443762410948
-0.442294819409
-0.388881556001
-0.377815023995
-0.364603349556
-0.365443581219
-0.3726711316
-0.360484246897
-0.361186573676
-0.36359518038
-0.458485823595
-0.462751593459
-0.441735587538
-0.466168939534
-0.450070591243
-0.40532923754
-0.385592996597
-0.380944252477
-0.389367051999
-0.3957421645
-0.399240239408
-0.407842506647
-0.402206283326
-0.400261181123
-0.401520586586
-0.396096067062
-0.398648061919
-0.399462857238
-0.381971555856
-0.369151822685
-0.366575121184
-0.372288879064
-0.386733399176
-0.380912540391
-0.3767654385
-0.372020178617
-0.378162863904
-0.388316325174
-0.3826597304
-0.371080942565
-0.372076328573
-0.37445873803
-0.371008543253
-0.366782710416
-0.3666935497
-0.370201439106
-0.372939451444
-0.373882754505
-0.373431214339
-0.3725673556
-0.371884328797
-0.370443108535
-0.374381118137
-0.38017972903
-0.381703347577
-0.374485266988
-0.371028960562
-0.37066184857
-0.370488831089
-0.371780617264
-0.371489129762
-0.381626731092
-0.406926281704
-0.396846241047
-0.391399921382
-0.377495538541
-0.369751200562
-0.372042367026
-0.371026990495
-0.378956262425
-0.405228548808
-0.438332942211
-0.429511981205
-0.399624463392
-0.378267845855
-0.376777922729
-0.385322601687
-0.395561500874
-0.395306473777
-0.382801002856
-0.375348704256
-0.377874078774
-0.378916579452
-0.374982610338
-0.37455467497
-0.377469258246
-0.378944089301
-0.377257649484
-0.376309233476
-0.377212159667
-0.377111240211
-0.383310469112
-0.380240406181
-0.376209930948
-0.394854043893
-0.455090877082
-0.426536535865
-0.404318366062
-0.401324749887
-0.388249874212
-0.376397471216
-0.371926903949
-0.376812094524
-0.380548713222
-0.374728883378
-0.37264519904
-0.372188643853
-0.375932166925
-0.374679457411
-0.374008442311
-0.371696915401
-0.372302095892
-0.372808451431
-0.372712307112
-0.373876801714
-0.374955938158
-0.374905415521
-0.375938786574
-0.375967831989
-0.380134413086
-0.379552619295
-0.378878286663
-0.379057439034
-0.38192717297
-0.387710794217
-0.389207390661
-0.387804378727
-0.385409838665
-0.382596386983
-0.395730732512
-0.409131646109
-0.399104610056
-0.386995425251
-0.376801970912
-0.373507995291
-0.381255841965
-0.393801226507
-0.398657924655
-0.408552117866
-0.409461601025
-0.390752517405
-0.37805601032
-0.379541793061
-0.381885313973
-0.382314378629
-0.380778452563
-0.377580488712
-0.376587484118
-0.379888345445
-0.388176751724
-0.399277620605
-0.396850615169
-0.3851708909
-0.378522241207
-0.375984497714
-0.376215767267
-0.376865339998
-0.375643437374
-0.378611297801
-0.378665864679
-0.38022801138
-0.392020024829
-0.392979042652
-0.381306157208
-0.383542349942
-0.388125117973
-0.387220975588
-0.382870288895
-0.377476324497
-0.375883780393
-0.380250003961
-0.38142153832
-0.380006936294
-0.379930461955
-0.378397128027
-0.377433797095
-0.377740523081
-0.379238426536
-0.381363725659
-0.376302884959
-0.379016128037
-0.381805134253
-0.382180776355
-0.387051389137
-0.393007091191
-0.396790477963
-0.396937751926
-0.398554224624
-0.392732405029
-0.392207222637
-0.392753688615
-0.392863246046
-0.395486025298
-0.401085788127
-0.396320165194
-0.394367804275
-0.396229072668
-0.398362421831
-0.395576386305
-0.394414952599
-0.397229208588
-0.398063258007
-0.398196731333
-0.399598078027
-0.40110546097
-0.39931392184
-0.39475864199
-0.393338721553
-0.394159625866
-0.396027109542
-0.397955176617
-0.398052589864
-0.399510268362
-0.401700722906
-0.400317471505
-0.402094277428
-0.40272977668
-0.402557281425
-0.403797708248
-0.404243701838
-0.399666688225
-0.398643042154
-0.401831286622
-0.404404621414
-0.409036474864
-0.414946917265
-0.411668721809
-0.405887878069
-0.4039074782
-0.407111145063
-0.412917632693
-0.420172196703
-0.421847222009
-0.419860243282
-0.418063798123
-0.411606146695
-0.405203498151
-0.403020304896
-0.402128976294
-0.403226319959
-0.411247349999
-0.415107623841
-0.415976418463
-0.413664009849
-0.404606951893
-0.400050448311
-0.405496378069
-0.414392091845
-0.418835159543
-0.420039940799
-0.416045935352
-0.414026626197
-0.414048769121
-0.415444996304
-0.416173609879
-0.413954257995
-0.411413671648
-0.411119109243
-0.415638204491
-0.417449238472
-0.413132269959
-0.408821663881
-0.4129807473
-0.415821760772
-0.418416353586
-0.427852869312
-0.414148350223
-0.405835318526
-0.40558376659
-0.416021844837
-0.4201145118
-0.418160365268
-0.418535979998
-0.419297762533
-0.417865947197
-0.417722944093
-0.415826198852
-0.417657433228
-0.422255843383
-0.432733705905
-0.441670687531
-0.439553694545
-0.43503923138
-0.43113496993
-0.43210703144
-0.433301892848
-0.434673756946
-0.436417984726
-0.447803153561
-0.44068352483
-0.433958083268
-0.431061634921
-0.430495932633
-0.425227130637
-0.424265596663
-0.429952158892
-0.429044869916
-0.42763244543
-0.424655878495
-0.420502630944
-0.421827109439
-0.42435289419
-0.428333386913
-0.425480268683
-0.418029549748
-0.417338814228
-0.421200191612
-0.419774555506
-0.421074895471
-0.423877960457
-0.424356946687
-0.428812339555
-0.436127746552
-0.433067360072
-0.427584016909
-0.426065837184
-0.427719455143
-0.43148573488
-0.432381154977
-0.427491733192
-0.421621136778
-0.421544939224
-0.423376965202
-0.424387673895
-0.426666177198
-0.430046781195
-0.432794655467
-0.428597287266
-0.425977477945
-0.423978048958
-0.427158987741
-0.43016882099
-0.426170113155
-0.420568210356
-0.417686026514
-0.415382872423
-0.416506887844
-0.417935650169
-0.417357175012
-0.415096529936
-0.418943951884
-0.426081176052
-0.427161266196
-0.430540742977
-0.425803001249
-0.418980791536
-0.417840496907
-0.420377161735
-0.422036698442
-0.420051368466
-0.417190507834
-0.424274446171
-0.434627650316
-0.435408818406
-0.44123571867
-0.441550638735
-0.430408551239
-0.425029576438
-0.428565490216
-0.428866661455
-0.432535087332
-0.436366727081
-0.432455841589
-0.430427483291
-0.430420604283
-0.430432525499
-0.428681265934
-0.428415487038
-0.430109072699
-0.427740279806
-0.429299703596
-0.429459358729
-0.423611352501
-0.427179281408
-0.451218217253
-0.433146999607
-0.424735902676
-0.435050180418
-0.446485177455
-0.433250689135
-0.42112942199
-0.415631180178
-0.419281128384
-0.425257106207
-0.425954432202
-0.421650759719
-0.422402088434
-0.4203940392
-0.419988906294
-0.425228643981
-0.430640153791
-0.429284767715
-0.427955402305
-0.42326455928
-0.42365852747
-0.426153994096
-0.42891430139
-0.430802972093
-0.434177185643
-0.432180092411
-0.43009130635
-0.434146198673
-0.432733436826
-0.430663813009
-0.429402106182
-0.429586337269
-0.432738104758
-0.430690654465
-0.425969038395
-0.422927078574
-0.42052058073
-0.423578067771
-0.427401325569
-0.429523103442
-0.442409267516
-0.435954771308
-0.42593886687
-0.426707930659
-0.435415856653
-0.425882975733
-0.430011773713
-0.434802007786
-0.438613510428
-0.438735459051
-0.430854660514
-0.426880471439
-0.428322534711
-0.427072280083
-0.431361097505
