-10391.7939336 -10352.7000035 -10322.9269655
-10401.0550879 -10370.3922015 -10334.1754905
-39342.9914159 -39145.6696919 -38477.1054905
-39693.4407672 -39207.7789944 -38201.5136354
-39790.3766908 -39205.7566232 -38178.0367869
-39489.3359443 -38696.8600968 -38280.4717817
-39316.6516507 -38663.0490354 -37926.5235066
-39834.2682361 -38741.5536716 -38177.254089
-39254.0698493 -38373.5881447 -38090.661499
-39238.3170183 -38373.1839406 -37669.8282914
-39383.668883 -38418.3845266 -37629.6793058
-38920.7757938 -38092.9886241 -37355.1804631
-38416.6348621 -38004.6030145 -37714.6424433
-38205.7641668 -37893.6752771 -37613.1820296
-38031.7646375 -37717.4993796 -37328.2879581
-38288.8555233 -37652.0215038 -37253.3349661
-37929.6121389 -37657.7448262 -37293.9920559
-37715.0154486 -37468.1532805 -37216.8061
-37520.1359653 -37284.7519966 -37036.6382697
-37783.3676204 -37424.0859575 -36960.5260673
-37793.8413973 -37233.277508 -36703.9303981
-37566.9853903 -37258.9490224 -37019.1147366
-37872.5441248 -37262.9068451 -37002.833999
-37284.3515281 -36981.7947529 -36683.5867011
-37301.4474567 -36937.4829713 -36478.7993027
-37201.2601999 -36891.5621087 -36312.4828696
-39674.778982 -39077.399768 -38253.6360108
-39566.7315007 -39085.9689735 -38529.2174868
-39950.9825517 -38964.9956259 -38312.707877
-39174.2159641 -38706.277617 -37901.1605602
-39663.4424333 -39020.2662675 -38143.9092934
-39493.3496266 -38975.9838595 -38143.9824087
-38789.9658306 -38259.1837543 -37762.9607168
-39047.4008508 -38305.4784542 -37668.4518253
-38682.4086404 -38287.4089656 -37797.2875256
-39486.935981 -38703.2614095 -37933.9652264
-38982.3484328 -38458.61258 -37945.7081262
-38686.4613729 -38262.6458157 -37671.5203201
-38336.2065158 -37946.3364288 -37452.8135949
-38346.5915198 -37901.1603252 -37580.7847674
-38666.3397417 -37887.6417003 -37509.4637469
-38250.1644461 -37839.7458085 -37464.3238544
-38152.9738889 -37849.6820092 -37288.0772676
-38393.6975654 -37644.7636028 -36720.2260536
-37668.8404288 -37236.4314581 -36840.4379532
-37752.0906356 -37359.732794 -37017.1539569
-37888.4277088 -37476.9534816 -37018.5117503
-38062.479022 -37435.0798338 -36883.5556364
-37254.8961815 -36991.5192061 -36615.2872188
-37865.2367875 -36968.5915032 -36087.4771505
-37648.837207 -37279.289663 -36907.6291248
-37313.7247141 -37118.9022812 -36771.451553
-37682.7571627 -37085.5271722 -36685.0902129
-37869.2307512 -37111.8673119 -36293.7057519
-37785.0934512 -37443.2923735 -37009.6911558
-37912.9979791 -37602.9225655 -37279.5476753
-37560.4570608 -37000.5917836 -36356.749864
-37422.655697 -36800.9866034 -36411.534295
-36841.0997047 -36600.8766271 -36443.3661784
-36784.5086064 -36367.8713094 -35810.0303997
-36896.3521314 -36565.7173077 -36156.6681921
-36994.4039519 -36670.7516875 -36377.5555355
-37011.6463375 -36354.0205617 -35887.8888752
-36568.0453895 -36254.5340922 -35936.9175664
-36682.272064 -36400.3796542 -36044.7028313
-36737.2788878 -36447.7616052 -36187.4428174
-36703.4642492 -36145.7095034 -35868.0086874
-36174.1128533 -35875.0938396 -35461.2213324
-36641.041219 -36157.3833475 -35302.0467143
-36964.5296905 -36261.5590427 -35585.4824469
-36485.0801449 -35903.6989859 -35312.5866015
-36638.0682772 -35991.8826954 -35660.087646
-36389.7109416 -35756.5515221 -35363.6558361
-36042.8006767 -35636.3834454 -35114.0222451
-36171.5425854 -35509.1065176 -34999.2784507
-36191.4755024 -35527.8523925 -35142.8364068
-36356.4087338 -35818.199647 -35153.7674832
-36335.6870107 -35225.3905166 -34851.3871099
-35662.6011052 -35184.2326017 -34546.4258333
-36089.1422504 -35525.8942566 -35106.9569078
-35933.4982137 -35336.6337016 -34769.9925726
-35913.1877096 -35337.8502446 -34626.2935535
-35864.9048901 -35345.5862302 -34782.1995679
-35072.9779442 -34429.0623468 -33886.9950318
-34677.7159134 -34348.7220416 -33875.0603492
-35133.0397685 -34444.8066491 -34061.6274725
-34992.7890423 -34578.1511265 -34103.9359599
-35164.2655714 -34636.931745 -33908.8756907
-35405.628351 -34500.7011235 -33828.115949
-34588.1706517 -34110.3583116 -33801.2549349
-34826.746611 -34330.855475 -33552.6284415
-34542.8453279 -34189.3951965 -33828.8269673
-34557.2447312 -34172.1140385 -33687.6183807
-34632.1574593 -34230.6062223 -33716.2764386
-34348.2186075 -33850.4187335 -33486.6397235
-34236.2720674 -33627.7497176 -32812.4108578
-33992.5470467 -33526.2510025 -33031.3733803
-35164.2842477 -34123.5974866 -33360.2657978
-34277.2379413 -33884.5178515 -33560.579589
-34158.3032289 -33722.3577766 -33117.959655
-34227.9857999 -33709.9513579 -33310.7227702
-33812.7268177 -33052.8851028 -32627.6843664
-33486.6170657 -33129.3313044 -32708.6512733
-33829.8452219 -33292.9620507 -32541.3257826
-33201.1388742 -32576.130924 -32008.3949991
-33125.1749754 -32558.6514698 -31700.2409406
-33443.7145526 -32875.1203594 -32356.2433028
-33100.9570018 -32657.1268605 -32114.0418602
-33385.5629977 -32581.7204031 -31887.6213893
-33314.2635664 -32520.7506388 -31571.8699676
-32971.0927844 -32287.593847 -31732.2804106
-32822.8269871 -32428.5799408 -32050.1049783
-33386.8882318 -32336.2762623 -31994.7211244
-33033.0039377 -32500.7757963 -31759.1711399
-32708.4266037 -32107.3732432 -31041.5990827
-32188.2402667 -31895.2089803 -31496.6127534
-32180.6096741 -31582.8224735 -31161.0598468
-32257.9870475 -31834.4719341 -31389.3066839
-32473.3655753 -31981.5595734 -31410.2324689
-31962.3366331 -31271.5346087 -30748.1296032
-31518.6586937 -30923.1733111 -29680.0174842
-31915.2292848 -31425.3536336 -30837.3775022
-31387.5008827 -30660.5163192 -30021.6920049
-31297.5486537 -30669.3276183 -30219.060265
-31741.0973166 -30806.4349695 -29883.7768484
-30416.8835592 -29917.9623753 -29465.3170391
-31234.2879287 -30342.1425285 -29569.5473197
-31537.8156972 -30675.8929779 -29775.2376841
-30687.7008129 -30028.6377069 -29461.2871124
-30866.1017821 -30292.7376286 -29165.9522208
-30737.9781635 -30012.3517021 -29136.4016412
-30129.1873929 -29442.5550424 -28582.3303182
-30818.0547115 -29887.0415448 -28895.8772202
-30731.1752111 -29288.0800519 -28669.3622439
-29518.4497575 -28529.1405331 -27801.8676877
-29704.0894024 -28864.7839545 -27794.0918118
-30260.8296311 -29381.923414 -28381.2983781
-29209.3686873 -28401.9525069 -27779.1528804
-30062.2004229 -28720.8552082 -27654.3373205
-29893.9619484 -28613.4364309 -27860.8542981
-28616.3511254 -27991.2398922 -27287.4664852
-28710.8505315 -27979.3620163 -26956.6172273
-28447.0095874 -27825.6230262 -27120.6465318
-28015.6938818 -26977.0652721 -25968.4685076
-28119.5613247 -26926.5244847 -26040.0816653
-27883.2559336 -26849.2311679 -26294.7499427
-27666.9720267 -26269.0962504 -25498.7273867
-27206.3387509 -26597.9992697 -25579.7391208
-27879.6276967 -26852.9078213 -25837.5538186
-26784.381366 -25889.8716833 -25177.7826495
-26591.2748912 -25738.7732295 -24901.8290672
-26306.2018942 -25582.5505606 -24448.3955142
-25530.1309049 -24661.3675746 -23406.7809418
-25906.1582756 -24898.4299893 -23060.6374933
-28056.7316362 -25374.8091086 -24400.3818748
-25541.0006349 -24505.2508933 -23787.4508537
-25253.3694541 -24211.2567253 -22302.4234313
-25992.3006162 -24890.0829511 -23710.7675655
-25455.0702765 -24214.0728499 -23004.4037786
-25673.849794 -24046.1182296 -22804.8139457
-26721.7208277 -24128.1667282 -23047.7956392
-24077.4728347 -22949.1085728 -21809.0197333
-23590.336592 -22615.0976643 -20790.926208
-23960.4756595 -22466.1872541 -20305.8924171
-23205.4387349 -21441.9078101 -19591.701656
-23079.5089538 -21275.2859768 -18900.0202947
-21971.4481055 -20827.341963 -18536.7994053
-22730.1555271 -20255.5599397 -16127.8370757
-20866.7480543 -19195.4131059 -17627.9684757
-21211.2579653 -19832.2865389 -17916.6904755
-21067.1772734 -19208.7145264 -16722.7841863
-19944.3979171 -18311.8558635 -16977.9880977
-20025.3913669 -18082.0267791 -15337.6969867
-18350.7483338 -16539.3726114 -15780.9173223
-18028.9365075 -16455.7767343 -14792.8290497
-18803.9682675 -17021.340539 -14773.986618
-19485.7622113 -14879.7500472 -12008.1646978
-17208.9418806 -15828.9596616 -14445.7748183
-18569.1540148 -15165.7682123 -13504.1141481
-14761.2783885 -13176.5974697 -11477.765201
-15881.3423588 -14012.3594635 -12172.8230487
-16198.2148318 -14407.6879142 -12270.8892664
-16073.2055085 -13254.3087958 -11295.1135973
-15687.924008 -13027.846342 -10864.0950869
-14907.2698918 -12074.1706181 -9982.85138536
-13699.2485655 -11369.6869613 -10355.9193585
-12996.1315895 -11038.1187225 -9625.34407447
-11715.4444215 -10635.0986249 -9351.78825881
-11426.6096747 -9991.67814711 -8865.43519012
-11809.0915187 -10212.3307881 -9131.17344571
-11640.7900109 -10221.0492279 -9150.44370151
-10147.4841349 -9526.64218825 -8230.55815144
-10508.3191312 -9497.38203457 -8676.8274016
-11263.5442324 -9363.74677929 -8517.16122934
-10725.3703101 -8966.18234306 -7858.99768932
-9892.62351141 -8719.74029802 -6886.29195105
-11356.9129427 -8297.30180142 -5514.80015954
-8884.667412 -6833.4256204 -2758.56137954
-8318.69455869 -6353.10100438 -3218.42277974
-9895.34176305 -8011.94886853 -4091.38936524
-7687.48130252 -5442.28459828 -2875.05533053
-8509.42212869 -5899.6944023 -2096.08526997
-9637.83711137 -6189.87456852 -2551.68665049
-5544.65162283 -3543.26073713 -2089.60475795
-8123.46959945 -4288.9106601 -2067.32644277
-7619.92835022 -4351.71429772 -1912.90018731
-6333.40504409 -2968.25619661 -1894.72681326
-7394.11845789 -3689.61072236 -2112.9030597
-8139.41706906 -4023.44451513 -1973.76523187
-8135.73690109 -4098.12377416 -1748.48794698
-5409.94479652 -2894.75523783 -1514.13064142
-7348.47875213 -3400.27474808 -1728.07486579
-5175.05007197 -2609.40489595 -1485.39876126
-7013.01464142 -3466.20655379 -1435.25752112
-6295.24468379 -3007.98287353 -1537.53900698
-2803.77761518 -2032.84460161 -1541.10356277
-6714.03295719 -3168.71507074 -1483.61488819
-7220.9635521 -2525.19095586 -1289.23229386
-6005.23676323 -3030.23544089 -1563.13445284
-6741.45211878 -3162.96034808 -1155.17428232
-6355.77228601 -3187.16735059 -1570.58627884
-6535.08514699 -2793.86318248 -1411.81478656
-6879.18036694 -3232.23259551 -1368.71679125
-6961.01645799 -2986.53799814 -1043.8892515
-7444.29386388 -3971.14389746 -1082.27557048
-7212.32562409 -3640.51287785 -1247.37738207
-5862.86941452 -3375.87027121 -1153.59099102
-9184.65498403 -4036.6985877 -1718.4010721
-7253.95779944 -3241.60694634 -1106.80876932
-7365.16864127 -4501.82051197 -1343.34259751
-7834.87825477 -4206.98818578 -1194.51603998
-5890.92285803 -3060.71017614 -1345.74381249
-5991.33053149 -2512.34782559 -607.718844754
-9050.71675976 -4040.87551128 -932.642604641
-7782.67435335 -4023.11741862 -1259.84409046
-8129.61871113 -3899.16356397 -1257.92974254
-3937.04563718 -1902.08136957 -695.029525923
-7399.14780639 -3641.66460735 -913.952293653
-6287.63739777 -2416.59908798 -1008.92341275
-6548.53144386 -2282.37565805 -808.546273021
-6094.12730671 -2323.00599265 -958.763355372
-6410.12038371 -2621.08448348 -1097.54749068
-8327.34748997 -3706.76706448 -703.092660818
-5990.77518371 -2980.16241918 -885.284446449
-7322.48066103 -3354.79836574 -965.189777769
-6239.92678012 -1929.35029257 -610.84136018
-6816.28518279 -2688.67055342 -769.305710659
-7414.9597215 -4681.94243401 -831.733937246
-5691.03477778 -1685.11265866 -893.777520898
-6615.17593084 -3124.2000458 -804.055655315
-6649.71336763 -2925.1586545 -836.663328978
-6490.92283929 -3443.49975788 -1479.6917709
-6698.68555422 -3052.88258028 -693.973806833
-9163.10092598 -3648.15918077 -815.777281135
-6229.20851621 -2443.26950935 -838.918033734
-9641.47841585 -4027.52687639 -769.506173751
-9621.20903914 -4876.36808964 -765.338145922
-9524.6501477 -5149.20031794 -719.436044171
-8996.29252571 -3469.01333275 -359.350100019
-10781.125804 -3906.42656339 -668.934281984
-7657.57489336 -2930.32749169 -530.970222916
-10184.9793192 -4751.38632757 -563.912812325
-7330.55396335 -3317.71015893 -417.150404946
-10772.6472504 -4811.40110543 -958.93138569
-10151.5258454 -4413.81911816 -435.094579246
-7110.13196475 -3611.24071101 -711.410716896
-7102.05377635 -3217.68872643 -543.376163473
-6759.92732637 -3342.65795547 -284.075234758
-7760.43406421 -2260.1043906 -499.66304458
-8556.39921484 -3036.01057867 -846.553118034
-7668.57174544 -3483.90252286 -670.982149337
-7879.53441458 -4047.17313745 -708.057460573
-7748.91284159 -4142.09635641 -225.415878423
-8754.04781518 -4427.99148207 -507.543195321
-9958.79921465 -4742.68495096 -572.431229742
-8276.61162305 -3565.15675849 -517.116791379
-10193.4432788 -4023.5427406 -457.708730493
-11217.4240844 -5675.34496957 -1629.961097
-9489.3838271 -4772.60724587 -695.479674942
-8134.057023 -3273.4298545 -977.795483372
-8273.24640943 -2869.24784311 -660.487947307
-8864.60974606 -3581.8215512 -878.922689907
-11097.0844675 -3608.654453 -994.882877124
-9783.92551016 -3916.61432102 -1008.18002689
-7099.13417032 -3054.41732406 -787.607027019
-7322.71289155 -3520.61897133 -900.922651858
-10814.7386395 -6264.32532115 -1177.68171032
-10946.8603328 -2982.25627828 -740.954243802
-10866.1676196 -4988.74945373 -843.951496281
-8512.17116668 -4482.5165808 -1132.44336717
-6512.66989486 -1673.94805127 -524.217866473
-7816.23651446 -2753.73313305 -761.483065163
-5662.19599449 -1860.3111478 -373.045729525
-6724.04889153 -2479.31342822 -592.824702583
-6865.71677918 -2568.71710348 -824.545055393
-6526.23597883 -2807.66634774 -554.481257415
-8711.57433723 -4719.01168551 -896.72742246
-7018.16660575 -2573.48099613 -830.681217586
-2365.79926468 -1463.42529744 -815.303859467
-8326.99623897 -3956.68025187 -911.100536498
-7282.24678297 -2496.68985717 -527.89467065
-5476.55417455 -3020.72739816 -772.348622823
-8854.7323964 -3424.84253634 -731.847743607
-7172.0872845 -1836.65192818 -344.788011359
-9442.67940845 -5391.29634548 -662.315731734
-8861.67273195 -3529.50695678 -786.780937716
-7903.30824733 -3651.60242093 -823.520367316
-9569.10311123 -3980.52781354 -641.334859802
-12016.9250814 -4089.77831047 -734.190534207
-7417.120569 -3348.50394039 -698.185458344
-7328.92011825 -2933.1968981 -566.910862694
-9920.91581062 -3448.30009934 -906.072035519
-8426.8199021 -2956.35064391 -562.563117537
-6497.18021582 -2424.93260397 -678.816365603
-6088.7510415 -2003.54208628 -662.984057533
-7839.82102514 -2790.84710886 -669.791206286
-11876.4979447 -3459.96888681 -509.851873511
-8850.22944698 -3546.44812621 -864.323823824
-6535.20100268 -2516.5661749 -551.812469615
-8355.43919168 -2393.42767587 -613.893847983
-7452.35433235 -2239.91635322 -894.707773186
-8011.67898396 -2966.25672774 -806.715916778
-8766.61100386 -4385.85203001 -608.876810598
-9134.07125689 -3206.31784599 -846.620180207
-8301.70428807 -3369.95523673 -859.242540002
-11371.9242259 -4183.22577791 -831.31268766
-6194.60688872 -1929.9529136 -226.046087613
-8060.99730609 -2670.70213541 -725.407215111
-9017.74941876 -3157.53067321 -833.495892317
-5241.3496803 -2362.59947294 -934.401501556
-5187.21421836 -1783.12917032 -768.965272535
-7695.73325166 -2133.44080371 -807.134106766
-9678.40669104 -2446.33631503 -516.39144109
-7192.93197146 -2988.87753597 -777.955102625
-6559.3902162 -1998.45284171 -815.993614168
-8647.15840885 -2513.32941788 -726.867347561
-8191.42243727 -3181.88528217 -687.757711909
-7943.48019998 -2163.00116301 -445.073151968
-8136.40226244 -1684.69164891 -704.65559337
-3437.87782642 -1479.10080205 -579.744972408
-7345.37634924 -2229.61397488 -536.81115681
-5841.73582709 -2333.18778897 -579.950375927
-10590.3952261 -3017.895604 -633.04207801
-10100.8041339 -3898.84292158 -841.232377992
-7814.34235636 -2166.38288542 -501.215074483
-8904.38162034 -2495.56379571 -581.511494688
-8135.62884556 -2792.29405307 -473.663706627
-7199.65545221 -3138.59594949 -299.473890586
-7414.8040419 -3356.77489825 -302.401909121
-4701.64352619 -1464.869246 -379.518930096
-5138.04067351 -2207.29747571 -390.442055131
-5551.83424653 -1926.25474597 -336.728973654
-7197.13820327 -3405.11100097 -352.327446539
-6996.24598879 -3361.0850661 -609.031259738
-3532.85257359 -950.409462054 -154.586327714
-6309.60975607 -1444.35372177 -383.078518595
-10652.8985816 -3698.04611523 -438.147221668
-7876.67694572 -2664.47227402 -254.349471002
-7781.91553314 -3932.93528689 -859.217342094
-6176.89415214 -1770.09394894 -378.526928435
-6746.7839669 -1396.26439184 -300.356615758
-3347.39706703 -1293.19987689 -431.977850302
-7485.47180093 -1468.47431367 -590.623763217
-7411.02195974 -2830.02148317 -208.849546305
-4874.35148565 -1633.08283625 -581.738768061
-8176.19329252 -2451.70313313 -502.512978511
-9005.49777747 -3190.88932504 -250.758485478
-4141.45788783 -1381.69708782 -347.612531515
-6933.65366277 -1886.49182476 -409.330604166
-7220.16478057 -3125.10983376 -402.507105851
-6886.12637723 -1924.60904347 -605.717806554
-8206.96175517 -3964.72181824 -236.557576772
-7616.63659717 -4489.08566445 -631.56150056
-7228.02587529 -2089.99617174 -16.532395461
-7088.25036621 -3206.93741097 -97.5755905338
-7514.18712921 -2294.15045997 -273.059379432
-6187.6249111 -1895.47672242 -267.395558426
-7747.20270631 -2472.78136215 -214.662969233
-8606.38084229 -1586.8925846 -127.15193613
-7367.78544751 -1866.30578465 -29.1907890741
-6486.0420833 -1743.99060034 -76.8972523075
-7409.6048455 -2236.00917277 -107.748423225
-7442.91400495 -2910.38678522 -12.4467254593
-7168.25226608 -2568.95782288 -269.164241247
-6986.25642511 -2701.97661141 -254.001139116
-7667.95992402 -2895.41772959 -279.745766012
-6275.8623748 -1852.69372173 -370.694303749
-8059.95908404 -2142.64668858 -309.529466976
-7571.80488456 -2528.09984063 -207.343626892
-4977.59728944 -1319.5189565 -23.9489386772
-8226.04344186 -1795.72570349 -27.7796573213
-8573.61059719 -2840.60672708 -510.308820301
-7204.81351705 -2655.68891308 -215.097903672
-7149.77009853 -2075.62046279 -170.078402853
-2245.83014835 -729.624148858 -130.91870884
-7443.16737159 -2684.6591001 25.492486996
-7910.26878565 -4673.45155637 -437.939900529
-4596.79899653 -1825.31502388 -515.944433438
-7400.40339353 -1518.77227663 -126.932328846
-9041.94536278 -2939.81969856 -269.799526525
-7143.46390898 -2243.69038706 -249.927380017
-1997.48362558 -1011.941794 -22.4047339953
-7189.54371343 -2199.53981036 -301.500696986
-3528.41846994 -695.244904298 -37.1289884536
-8042.38157121 -3133.59586997 -352.41436754
-8517.27857675 -3403.97072772 -122.85238361
-6604.11273753 -2219.22338814 -148.50065923
-7029.58481981 -3362.70794323 -290.664191823
-4487.29464608 -909.613636475 88.410629158
-7714.22528352 -2976.93759719 -394.512681768
-5224.46965331 -1182.06869278 -61.6493169672
-5286.3678158 -1105.94331814 -124.461152585
-7889.00134683 -3058.85422502 -153.502607706
-7375.32762296 -3921.71790802 -10.4487050398
-8350.48476739 -4108.68544621 -331.468276691
-8148.85646502 -1215.0801609 230.356519109
-7367.93047716 -2136.45870482 -194.300099137
-7754.96824482 -3057.9258836 52.1399545291
-7654.33775745 -2761.94841666 -30.7172500401
-7482.43111165 -3133.85707372 -58.2788834044
-7627.77988306 -2684.24022137 -98.5871789171
-5596.2793618 -2835.99870884 -150.310920325
-7777.26554456 -3582.20482212 -85.6204783561
-7632.36520875 -4555.99191375 -341.249775329
-7558.9370881 -3883.01300141 -333.852572641
-5488.77118874 -2348.22490437 -170.161621521
-3694.81594763 -1437.80924312 -491.359300201
-5750.02565749 -1790.67577031 -192.923378321
-3598.26361923 -1549.32079682 103.162695577
-6710.19382074 -1740.55718227 -501.030987774
-6699.93746548 -1354.12918316 -337.337427613
-8296.30183217 -2093.01422853 -58.8091319849
-7961.59900166 -2237.74117307 245.459192875
-6677.41848228 -2773.87860622 -69.7068615711
-7737.75084144 -4118.92659191 -771.092345316
-9579.09519743 -3514.9596379 -558.905052613
-8052.80764928 -2640.41760775 -131.919509091
-6631.3750568 -1349.36428155 -321.073016423
-4734.38362937 -1632.64381357 -272.09217868
-6835.26451751 -2347.35804765 73.8404810831
-6565.07409516 -2258.60952531 -104.228553279
-6343.48805078 -1590.33482002 -80.4984076272
-6103.30675458 -1625.67241514 -21.3562419745
-7379.2964883 -3480.8847949 -100.687798232
-7604.91902771 -3553.56121367 -74.0148630032
-7796.63224097 -3878.82427087 -49.0108562953
-6579.22981178 -1722.18366475 -219.409010774
-6710.34104003 -2569.74401741 -215.94879624
-4533.29270213 -1269.01687226 -15.4623477892
-3182.30495944 -620.610039538 12.0902618221
-7729.58306037 -3445.59668943 326.028560994
-8941.56046941 -2300.93077788 111.47915616
