0.34136 0.431748 0.49688
0.39852 0.467068 0.55804
0.34384 0.420656 0.47848
0.326 0.388432 0.47688
0.28944 0.364088 0.47276
0.26016 0.371548 0.53576
0.2592 0.307816 0.35284
0.25248 0.3067 0.37248
0.25944 0.319764 0.37444
0.22336 0.271444 0.31672
0.23344 0.2736 0.32848
0.24092 0.264588 0.30528
0.22136 0.258912 0.31528
0.22772 0.249684 0.307
0.23708 0.265796 0.32384
0.1938 0.238072 0.27612
0.22652 0.24768 0.28332
0.2128 0.258424 0.3136
0.21024 0.24812 0.28244
0.2016 0.228996 0.26404
0.19624 0.225688 0.25368
0.20028 0.217564 0.25
0.19976 0.216504 0.24468
0.1908 0.22596 0.2662
0.2008 0.21732 0.23428
0.19264 0.21974 0.26236
0.18084 0.215108 0.23388
0.1968 0.204204 0.21364
0.1956 0.208344 0.2258
0.20108 0.216152 0.23328
0.19748 0.219336 0.2372
0.19208 0.212936 0.23508
0.19436 0.211424 0.2362
0.195 0.210572 0.22816
0.19856 0.218332 0.2486
0.19932 0.219892 0.24088
0.19608 0.221024 0.2374
0.19908 0.214056 0.23956
0.19428 0.214648 0.22656
0.19448 0.217404 0.25136
0.1916 0.221472 0.26044
0.19472 0.221444 0.26168
0.20628 0.223336 0.24008
0.202 0.224652 0.2544
0.19264 0.216468 0.24416
0.2042 0.223768 0.27472
0.21484 0.229376 0.2506
0.20564 0.226244 0.24124
0.19696 0.2208 0.2432
0.20216 0.221764 0.23868
0.18404 0.217348 0.2528
0.20784 0.228868 0.24224
0.20708 0.220108 0.23064
0.2008 0.22542 0.24712
0.20076 0.223948 0.24212
0.19676 0.23168 0.27908
0.20344 0.223124 0.24652
0.18216 0.21656 0.24812
0.19836 0.230748 0.2546
0.18912 0.227036 0.2664
0.20452 0.232508 0.26904
0.19356 0.218168 0.2498
0.207 0.228784 0.26332
0.20936 0.225704 0.25528
0.19136 0.222776 0.29452
0.19328 0.233088 0.26784
0.20452 0.229788 0.255
0.18324 0.21862 0.23672
0.21148 0.235672 0.2606
0.20724 0.237344 0.27648
0.19412 0.245668 0.31976
0.19896 0.242448 0.27212
0.22672 0.249272 0.26932
0.19044 0.232004 0.2734
0.2092 0.239436 0.27024
0.1964 0.240744 0.28796
0.21912 0.238964 0.25736
0.213 0.230504 0.263
0.1988 0.242556 0.28108
0.20692 0.231004 0.26084
0.20628 0.230036 0.28196
0.1918 0.227524 0.25776
0.19884 0.226976 0.28908
0.1844 0.230096 0.26376
0.21228 0.237896 0.25912
0.19324 0.236864 0.2842
0.21056 0.232924 0.25084
0.2248 0.245868 0.27744
0.20104 0.231564 0.25724
0.21852 0.24448 0.28872
0.18808 0.251244 0.28872
0.23464 0.276872 0.3286
0.2204 0.259076 0.29328
0.24492 0.269404 0.2932
0.21216 0.257484 0.32988
