-10158.0997358 -8757.55653209 -7979.57025817
-9186.0213447 -7066.61428691 -84.8271550572
-10097.2665314 -8296.30732788 -426.542098392
-10065.1399056 -5952.06799911 -188.173491244
-8596.63261349 -3290.58862254 155.427903861
-9873.90045495 -4977.05026025 48.6794617481
-10057.0018906 -2678.52489489 19.5192566011
-8869.90728057 -2876.07628329 12.4746877925
-8781.53109532 -1238.5536934 36.7017235238
-8879.44054398 -1903.23556276 32.3249348325
-1964.36039002 -915.081057488 37.1457756768
-8406.41009698 -1130.54759521 46.7040013519
-8595.93620995 -1660.0760985 71.6142725386
-8652.80850722 -991.373180606 54.8142003456
-8845.5156453 -1480.79145011 161.536682198
-8917.13283955 -1597.96441056 17.9068780326
-8809.74466782 -2075.15907632 42.361817556
-258.139949752 -55.3359584519 215.265729045
-1038.72259197 -326.657771622 93.6297340172
-919.554302887 -225.736175756 213.764165096
-694.390109137 -146.499299443 173.967756958
-1289.52957293 -278.920068378 97.2211550616
-1754.73230778 -401.388884785 -39.6471861364
-3077.86848049 -450.482886769 35.3363853108
-242.875324236 -84.6501459291 54.9878241598
-468.837754669 -74.6705010743 124.76458373
-694.228045139 -74.2343939956 287.809467927
-850.985257745 -268.701626024 167.335817342
-1068.1680795 -240.219000109 104.874350154
-290.676142193 -69.2131640832 225.829534183
-235.857009779 -41.8949781957 208.708566761
-823.836863456 -98.7591704521 255.818661148
-1118.82424595 -173.700840498 119.656716785
-350.241304923 -70.7791510648 91.1404026593
-1132.96743426 -195.905954487 212.199357574
-742.622545759 -160.192536296 168.457542661
-302.562489285 -35.8886033301 138.872772987
-505.043950708 -52.8340404633 242.789518979
-1001.99479329 -153.330069786 72.2398246568
-204.959500498 34.5203647268 254.19479147
-2547.3037144 -293.79292526 99.9564470097
-258.348578054 -24.1496169093 89.3437547094
-351.47251077 15.6898903189 212.637897352
-745.542873039 -115.928840714 111.294338208
-1270.06555205 -99.2068066983 172.22085158
-649.736497994 -70.6741360889 353.634266812
-475.023643468 -103.292181387 132.801956631
-556.182779826 -130.705751904 98.9599106924
-243.628626451 9.72666405908 188.784763909
-243.943419844 -18.7575919355 111.122114867
-344.895111364 -41.5544311565 166.127941541
-205.755450555 33.8933743852 261.579971567
-195.568734049 -9.06843191836 180.052364852
-245.649098841 -40.8904584763 123.97459552
-147.565011121 15.2883620526 130.245396029
-121.883284078 34.3292140825 177.497461813
-7690.87995662 -953.663106231 130.634270816
-61.1587031762 0.901621737537 121.467023738
-193.709932271 -35.7307424118 170.691775978
-301.607468981 -91.7971531366 131.945316873
-336.205642652 -8.30741442757 216.525090797
-164.980543021 60.9877049377 173.307550161
-871.732059406 -88.1601129093 258.255793269
-195.005094643 -55.0395415342 217.322664312
-224.761207446 -31.0484553692 164.233146389
-880.130580273 -114.903836036 177.314095272
-103.291814885 36.1093985394 142.405769798
-253.733811252 11.8951910194 180.392012797
-487.622291825 -181.543330113 -5.28107817703
-88.44332012 32.3746159351 158.909312487
-224.725308985 14.876342033 254.052143704
-65.8318175789 74.960053179 277.701306512
-810.078854665 -60.7105685497 267.902361043
-295.382564787 -0.888776997058 215.769708
-199.746674853 45.0489990621 138.819641926
-170.751298747 -2.27040633175 112.605656925
-70.0557676812 122.097955032 338.97161005
-113.695794345 43.7649264396 230.028809749
-125.9024616 49.4137657842 174.75345594
-945.139503017 -112.60128084 175.244609359
-276.327051521 0.870087406162 127.522927167
-165.03323922 -11.607607555 133.912414492
-424.247170076 -11.3146434947 255.105095386
-371.952570581 -37.2158067663 186.276417926
14.672566014 76.5983715535 226.292067277
-148.113694485 45.8003384963 356.819390202
-226.653078237 35.7112909361 309.398726583
-106.267072514 44.2402171018 226.515401613
-129.14309829 20.980569133 137.352306168
-594.896727489 -28.8068402122 267.817784477
-296.640395706 -42.7141408659 251.044183499
-322.909603316 -89.9427748149 75.4803252395
-268.223895197 -72.3695755898 130.943037925
-188.794445414 -48.627900464 110.522381518
-373.288822406 -114.808310722 130.672928955
-559.23533721 -14.7160787166 222.956779032
-455.973909176 -11.2380928062 176.859013125
-36.0627103673 44.5068170453 179.636950369
-104.093077514 28.1682698332 183.974302869
-743.074019295 -74.5230984421 135.951262777
-36.0733954245 95.8899862305 256.218073442
-149.778754373 62.8834808041 271.694148815
-318.622788869 -58.731162311 64.0978375591
-346.556709759 -33.2000862008 132.977127957
-202.632444309 4.53623053304 257.992216244
-279.732207757 21.5799768656 158.36193738
-583.917921362 -101.755949599 184.894339135
-107.30520693 39.7183904619 250.445730185
-283.900636906 -43.6877895964 64.5663114213
-9109.63911686 -861.068624653 229.755453973
-353.906749695 -136.356669442 37.4676039694
-1135.82753318 -74.2862478198 132.866484365
-180.086356138 66.5473489253 207.682241082
-476.240331548 -68.7495340542 140.159993446
-125.657227363 43.3281401409 303.981515709
-956.161744075 -57.8901016684 138.891844521
-406.976958836 -128.302397544 87.6441503658
-150.447927943 25.2803555599 219.101020301
-212.428411644 -3.3904531603 278.905819208
-263.176725992 49.9055594056 209.875534234
-1029.6464549 -61.6439755229 273.520434047
-394.55935213 -2.09543762091 128.275621043
2.29897411661 71.5186879254 171.36813587
-505.221900746 -81.4262094651 85.4070828803
-453.080700664 -24.5580020167 107.054097117
-403.365179435 -39.0782362733 199.352813607
-140.641328152 30.0260990789 219.973931872
-172.295192763 26.3469607314 220.958308208
-121.983874332 35.2577014865 223.520674243
-52.05850282 36.5320361101 167.656782321
-128.317199289 -27.9268802729 85.1255910077
-161.637144929 24.8904851649 130.215693897
-343.165974628 -10.2891410612 137.41876468
-413.420971837 -30.4591019435 171.29300033
-60.9214079368 66.8250911444 192.976447545
-186.038288353 5.9404341242 216.180756713
-429.097305401 -24.2780342477 120.960053635
-471.708546139 45.7478306923 440.396874705
-122.746745284 5.21247155999 257.058224894
-131.401741375 71.0765397561 215.591645763
-32.8353391943 55.2775198326 160.913195419
-126.305580167 18.4445434605 167.948914767
-163.706825227 -24.8214441806 210.086985607
-150.944438738 12.3042349819 113.971737328
-424.717467582 -93.0668993833 119.002972291
-126.669282809 36.3100514414 179.008911228
-1388.05746497 -307.041200552 34.7375140902
-202.520686696 22.1931337918 242.229388506
-153.734212528 24.8773636018 137.413970491
-123.372677341 84.5068195544 242.630350468
-593.313331863 -70.2296852113 59.1722623692
-353.235809566 -35.8276115678 163.989989999
-441.839175509 -91.2688899266 135.313639698
-367.521650636 35.0747864412 298.65316058
-1152.13890063 -196.543235891 165.955783081
-211.787987832 -2.52945821744 247.732662514
-6067.50471065 -584.741519912 212.271981734
-3873.87918928 -450.353357152 265.40470149
-234.229638107 -47.1950548264 125.962494623
-509.9281321 -24.6887302502 184.739294772
-119.906049288 42.7880245953 262.027145864
-307.329851684 -30.127498939 212.322537869
-198.611636802 3.30635843229 125.347837326
-423.36455998 -50.2073911224 266.639717859
-345.309384047 -10.758627183 168.121349993
-188.533425066 -1.233750071 194.368013784
-268.628506984 31.8492351851 176.184184002
-454.748400801 -15.3537830257 202.008978499
-121.489607864 41.7660771932 176.850565478
-378.503539697 -33.6198662098 53.775474672
-209.401102366 7.22864972493 266.217185304
-251.42843828 17.4538269308 167.522969195
-180.460375481 20.3330915114 261.497241126
-220.086284645 -8.55354145006 196.516104069
-143.089697872 24.3050009787 145.41129453
-71.9829629086 30.5919739488 167.266562608
-223.810932202 -51.8632088 87.2082325572
-198.217850798 -7.03112310709 141.657108947
-29.1665441518 73.351422031 209.831263144
-94.6839927755 58.1119573192 379.727414739
-134.150479349 14.610804204 199.470528465
-212.746773283 51.8365900493 288.229598495
-377.039794216 36.5872207976 171.758887544
-78.5087322313 31.3583682614 210.588882512
4.58138464992 78.5287656783 127.160076311
-221.081364294 -16.6445739853 174.224656624
-83.5331164415 25.2493612429 163.622410278
-169.917659823 -8.22731981268 216.017502024
-123.25390174 5.89833801216 123.208525859
-306.392182766 -43.6636033418 71.4318688001
-392.29481005 5.44843114415 213.90320376
-264.494041744 0.278132450397 153.079524381
-136.274885393 11.1547818167 157.32338818
-67.5342435063 60.2918707893 247.257345905
-165.065904129 44.2472882072 154.012855173
-130.097733423 -4.30012923184 165.281500599
-89.4201870054 23.9256543606 181.696166631
-8.68818680213 86.6961927547 216.963816131
-67.0824726926 31.3252701094 245.978261396
-106.939152409 44.0065065979 172.944701345
-71.3951015938 74.6693064125 263.130954854
-273.698280873 32.7108798987 265.860460003
-114.841797027 24.1245821562 153.046874629
-167.151661696 30.4926965616 151.880662588
-158.230173878 31.4668781209 169.255292714
-98.2377473238 18.0351004875 152.644510366
-181.954961209 -33.2388263366 221.402747123
-149.25464895 19.284789173 161.889421373
-184.354357467 38.4997144071 258.432026495
