0.1496 0.16164 0.1756
0.1536 0.16494 0.1742
0.1542 0.16224 0.168
0.1546 0.1627 0.1764
0.1502 0.16122 0.1698
0.1532 0.1613 0.1704
0.1526 0.16294 0.1736
0.1574 0.16404 0.172
0.1558 0.16596 0.1722
0.1514 0.16282 0.1692
0.1512 0.16328 0.1748
0.1574 0.16476 0.1732
0.1554 0.1616 0.1666
0.15 0.16434 0.1722
0.152 0.16172 0.1704
0.1478 0.16054 0.1676
0.1558 0.16352 0.1702
0.1598 0.16556 0.1738
0.154 0.16338 0.1686
0.1566 0.16274 0.1754
0.1564 0.16296 0.169
0.1466 0.16004 0.1708
0.1538 0.16142 0.1718
0.1532 0.16314 0.1748
0.1604 0.16646 0.1708
0.1516 0.1591 0.1662
0.1622 0.16582 0.1702
0.1584 0.16546 0.1738
0.151 0.1672 0.1856
0.1588 0.16568 0.1714
0.1558 0.16566 0.1782
0.1612 0.1689 0.1806
0.1594 0.16724 0.1856
0.1592 0.16746 0.1742
0.1594 0.1647 0.171
0.1552 0.16582 0.1724
0.1558 0.16304 0.1706
0.1562 0.16346 0.1692
0.1564 0.16592 0.1704
0.154 0.16316 0.1694
0.1526 0.16484 0.1726
0.1586 0.16868 0.178
0.1636 0.16832 0.175
0.1516 0.16448 0.1714
0.1622 0.16982 0.182
0.165 0.16938 0.178
0.1572 0.16562 0.1724
0.1606 0.16818 0.1846
0.162 0.17154 0.1802
0.1586 0.16744 0.1752
0.1606 0.1693 0.1768
0.1638 0.17076 0.179
0.1626 0.17448 0.1816
0.1586 0.16976 0.181
0.1698 0.1747 0.1796
0.1664 0.17354 0.179
0.1622 0.17174 0.1772
0.1672 0.17356 0.1804
0.1618 0.1744 0.186
0.1618 0.17174 0.1796
0.1604 0.1702 0.1778
0.1682 0.17248 0.1774
0.1648 0.17468 0.1836
0.1648 0.17646 0.1856
0.1636 0.17386 0.1882
0.1634 0.17474 0.1846
0.1684 0.17846 0.1934
0.1726 0.17762 0.1832
0.1708 0.17576 0.1824
0.1648 0.17444 0.1846
0.173 0.17838 0.1824
0.1698 0.17648 0.1826
0.1668 0.1761 0.182
0.1672 0.1748 0.1882
0.1714 0.17826 0.1846
0.17 0.17614 0.1874
0.1732 0.17816 0.1838
0.1672 0.1775 0.1878
0.1718 0.17752 0.1858
0.1696 0.17788 0.185
0.163 0.17884 0.1882
0.1702 0.17972 0.1886
0.1712 0.17734 0.1908
0.1698 0.17996 0.192
0.1732 0.18142 0.1972
0.1646 0.1749 0.1824
0.1684 0.1803 0.1894
0.1684 0.18172 0.1978
0.1748 0.18294 0.1884
0.1736 0.1789 0.1906
0.1694 0.18088 0.1908
0.171 0.17994 0.1926
0.1766 0.18236 0.1898
0.1728 0.18054 0.1872
0.1754 0.1815 0.1914
0.1708 0.18126 0.204
0.1744 0.17968 0.1892
0.1694 0.18156 0.197
0.1744 0.18172 0.1954
0.1768 0.18208 0.189
0.164 0.17668 0.185
0.165 0.17668 0.1882
0.1694 0.18316 0.1938
0.1694 0.17962 0.1942
0.1716 0.1793 0.1922
0.1764 0.18082 0.1858
0.1708 0.17748 0.1872
0.1724 0.18038 0.1858
0.1702 0.1816 0.1928
0.1726 0.1813 0.1908
0.1714 0.18212 0.19
0.1654 0.17758 0.1904
0.174 0.18292 0.191
0.1712 0.17782 0.1892
0.1754 0.18346 0.2002
0.176 0.18102 0.1908
0.1734 0.18132 0.1924
0.1788 0.18446 0.1952
0.1676 0.18492 0.1984
0.1764 0.18366 0.1932
0.1776 0.1849 0.1916
0.1726 0.1823 0.1946
0.1702 0.18596 0.1956
0.1742 0.1798 0.1926
0.1784 0.1855 0.192
0.1674 0.18394 0.1924
0.1768 0.183 0.194
0.1758 0.18542 0.1918
0.176 0.1819 0.1916
0.1758 0.18806 0.2002
0.1754 0.18432 0.193
0.1754 0.18522 0.194
0.1794 0.18664 0.1944
0.1752 0.18538 0.1964
0.179 0.18842 0.196
0.1778 0.1878 0.2062
0.1772 0.1888 0.1992
0.1762 0.1852 0.1938
0.1788 0.18552 0.1924
0.1736 0.18416 0.2016
0.18 0.18872 0.2006
0.1762 0.18366 0.1888
0.1746 0.18348 0.1998
0.1732 0.1857 0.195
0.1706 0.18088 0.1966
0.1766 0.18514 0.19
0.1776 0.18198 0.1866
0.1788 0.18656 0.1932
0.1716 0.18242 0.1952
0.1726 0.18522 0.1982
0.1748 0.18674 0.1922
0.1772 0.18594 0.1968
0.172 0.18368 0.1956
0.1754 0.18556 0.193
0.1678 0.18484 0.2014
0.1734 0.18594 0.1974
0.1724 0.18192 0.1956
0.173 0.1854 0.192
0.1784 0.18492 0.1918
0.1768 0.18596 0.1988
0.177 0.18432 0.1968
0.1816 0.18882 0.1952
0.1774 0.18502 0.1906
0.1728 0.18536 0.1932
0.1754 0.18358 0.1928
0.1768 0.18988 0.2022
0.1826 0.18792 0.1914
0.1786 0.18768 0.1926
0.184 0.19022 0.2028
0.1798 0.19144 0.2
0.1692 0.1858 0.1938
0.1832 0.19338 0.2006
0.1752 0.18684 0.1934
0.1822 0.18878 0.1946
0.181 0.18822 0.1976
0.1822 0.18964 0.2
0.1734 0.1875 0.201
0.1842 0.18856 0.1912
0.178 0.18886 0.1982
0.1812 0.19232 0.2016
0.1758 0.18666 0.1984
0.179 0.19284 0.2104
0.183 0.19346 0.1984
0.1892 0.1985 0.2114
0.1886 0.19468 0.2082
0.1782 0.19136 0.2022
0.1784 0.1918 0.2098
0.1812 0.19662 0.214
0.1884 0.19662 0.2048
0.185 0.19832 0.218
0.187 0.19724 0.2114
0.1814 0.19646 0.2102
0.1852 0.19644 0.2124
0.1888 0.20102 0.2148
0.1834 0.19762 0.222
0.1854 0.19806 0.208
0.177 0.19272 0.2022
0.1892 0.20108 0.2138
0.1822 0.19282 0.212
0.181 0.19462 0.2072
0.1864 0.19886 0.208
0.181 0.19636 0.213
0.1834 0.18994 0.206
0.1796 0.18952 0.2028
0.1808 0.19516 0.208
0.1792 0.19204 0.2086
0.1814 0.1928 0.2024
0.1746 0.19026 0.2048
0.1822 0.19002 0.2004
0.1878 0.19506 0.204
0.1802 0.18982 0.2068
0.18 0.19272 0.2044
0.1784 0.18984 0.2
0.1798 0.19428 0.213
0.1792 0.18938 0.201
0.1896 0.19628 0.2058
0.1838 0.1904 0.199
0.1836 0.19186 0.2014
0.1834 0.19568 0.2118
0.1824 0.18922 0.1986
0.1698 0.1902 0.1992
0.1792 0.19244 0.2022
0.1832 0.19298 0.2046
0.1824 0.19344 0.2026
0.1734 0.19046 0.2052
0.1848 0.19608 0.207
0.1838 0.19444 0.2024
0.1766 0.19222 0.206
0.1828 0.19628 0.2236
0.184 0.19396 0.2066
0.1794 0.19332 0.2132
0.1794 0.19294 0.2
0.1832 0.1923 0.1966
0.1828 0.19094 0.2008
0.1822 0.19158 0.2012
0.1834 0.19288 0.2102
0.1764 0.18552 0.199
0.1812 0.19096 0.2016
0.183 0.1926 0.2006
0.1844 0.1902 0.196
0.184 0.18984 0.2008
0.1772 0.18982 0.1996
0.1768 0.19028 0.2038
0.183 0.19088 0.2006
0.1846 0.19568 0.2044
0.1808 0.18822 0.1994
0.1834 0.19078 0.2018
0.1866 0.19242 0.1996
0.1822 0.19608 0.2162
0.183 0.1936 0.2022
0.1832 0.1932 0.1982
0.1818 0.19326 0.2058
0.1872 0.20028 0.217
0.1782 0.19448 0.2044
0.1824 0.19346 0.2038
0.183 0.19954 0.2162
0.1906 0.20216 0.2162
0.1772 0.19618 0.2076
0.191 0.20112 0.2162
0.193 0.20542 0.218
0.1916 0.20068 0.212
0.1896 0.19794 0.2124
0.1896 0.19776 0.208
0.1862 0.20052 0.2148
0.1886 0.1967 0.2048
0.1906 0.19938 0.2094
0.1846 0.20014 0.2126
0.185 0.19376 0.2088
0.1856 0.19974 0.2078
0.1942 0.20094 0.2094
0.1836 0.1999 0.2176
0.1834 0.19696 0.2102
0.186 0.19492 0.2046
0.1818 0.19816 0.2136
0.1882 0.19906 0.2174
0.1868 0.19406 0.2048
0.1834 0.19006 0.196
0.1894 0.19488 0.204
0.1744 0.19204 0.2054
0.1792 0.19016 0.2016
0.1826 0.19392 0.2148
0.182 0.1937 0.2076
0.1722 0.19142 0.2058
0.1798 0.18922 0.2012
0.1782 0.18762 0.2004
0.1742 0.1906 0.2062
0.1788 0.1863 0.1942
0.1776 0.1914 0.2044
0.1784 0.1882 0.1968
0.1806 0.19414 0.2112
0.173 0.18852 0.2002
0.1736 0.18446 0.1914
0.1808 0.18944 0.2056
0.179 0.18768 0.1978
0.1774 0.18504 0.1934
0.175 0.18824 0.1976
0.1824 0.19028 0.2034
0.1816 0.19392 0.211
0.1828 0.19102 0.1976
0.1826 0.1917 0.2008
0.179 0.19256 0.2118
0.187 0.19808 0.2066
0.1782 0.19198 0.211
0.1764 0.19916 0.2112
0.1828 0.19878 0.2156
0.1866 0.19648 0.2072
0.183 0.19838 0.2056
0.1892 0.1981 0.2086
0.1836 0.19522 0.2096
0.1754 0.1953 0.205
0.1818 0.19372 0.2134
0.1828 0.19576 0.2058
0.1768 0.19464 0.2144
0.193 0.19982 0.21
0.178 0.19896 0.2104
0.1776 0.188 0.2024
0.1776 0.19278 0.2108
0.1768 0.19358 0.2074
0.184 0.19386 0.2108
0.191 0.19496 0.2012
0.1824 0.1955 0.207
0.185 0.19362 0.2056
0.1888 0.19494 0.203
0.1794 0.19414 0.2076
0.1858 0.1929 0.2024
0.1778 0.19086 0.204
0.1826 0.19518 0.2048
0.1778 0.1976 0.2124
0.1882 0.19592 0.2054
0.1888 0.19646 0.2076
0.1792 0.19058 0.1992
0.1802 0.19224 0.2086
0.1822 0.19196 0.2084
0.1812 0.19136 0.2042
0.1798 0.19432 0.2138
0.1794 0.18748 0.2082
0.1778 0.1879 0.1948
0.1738 0.1913 0.2074
0.1876 0.1972 0.2076
0.1736 0.19674 0.2156
0.1818 0.19394 0.2048
0.1826 0.19488 0.2064
0.1904 0.20192 0.2238
0.182 0.19986 0.217
0.1912 0.19836 0.2068
0.183 0.18922 0.2032
0.1886 0.20054 0.2112
0.1786 0.19696 0.2138
0.1892 0.19636 0.2122
0.1826 0.19436 0.2068
0.177 0.19758 0.2046
0.1884 0.19972 0.2184
0.1838 0.2006 0.2166
0.1942 0.20302 0.2112
0.1804 0.20338 0.2186
0.1946 0.20802 0.2192
0.1882 0.2034 0.2196
0.196 0.20646 0.2296
0.1886 0.20174 0.2176
0.1906 0.20108 0.216
0.192 0.20306 0.2304
0.1832 0.20158 0.2194
0.1894 0.19948 0.211
0.1842 0.20148 0.2158
0.1878 0.20224 0.2176
0.186 0.19702 0.216
0.1754 0.1965 0.2252
0.1828 0.19568 0.217
0.1802 0.1963 0.212
0.1742 0.1956 0.2094
0.182 0.19482 0.2036
0.1744 0.19924 0.2122
0.1834 0.193 0.2044
0.1772 0.19316 0.212
0.1792 0.19278 0.2118
0.1776 0.195 0.2078
0.1808 0.19634 0.2072
0.186 0.19664 0.2142
0.1876 0.19874 0.221
0.1868 0.20192 0.2196
0.186 0.1956 0.2098
0.1836 0.20408 0.2176
0.1848 0.19584 0.2202
0.187 0.20122 0.2198
0.1868 0.20514 0.22
0.1842 0.2034 0.213
0.1854 0.20694 0.235
0.1856 0.20024 0.218
0.1932 0.20212 0.223
0.1832 0.20172 0.2172
0.188 0.2066 0.223
0.1792 0.20132 0.223
0.197 0.2109 0.2312
0.1982 0.21022 0.2192
0.1982 0.21334 0.2296
0.1884 0.21278 0.2392
0.1994 0.21338 0.2336
0.1934 0.20806 0.2314
0.1928 0.20666 0.2248
0.186 0.21022 0.2296
0.1976 0.21256 0.2328
0.1956 0.21372 0.2268
0.2032 0.21044 0.2184
0.1856 0.2075 0.2316
0.1956 0.21326 0.235
0.2044 0.21656 0.23
0.204 0.21482 0.2302
0.1976 0.21318 0.2332
0.2026 0.21796 0.2384
0.1988 0.21908 0.233
0.191 0.21602 0.2412
0.1998 0.21796 0.2326
0.2004 0.21974 0.248
0.2004 0.21368 0.2286
0.1856 0.2126 0.2456
0.1958 0.21538 0.2374
0.1964 0.2171 0.2476
0.1968 0.20622 0.2138
0.2002 0.21224 0.2298
0.2004 0.21258 0.228
0.203 0.2119 0.2202
0.1948 0.21402 0.2318
0.1988 0.20576 0.2132
0.1948 0.21166 0.2288
0.1964 0.2103 0.2276
0.187 0.20456 0.2166
0.195 0.2128 0.2336
0.1906 0.21018 0.2378
0.1974 0.21306 0.2268
0.184 0.20826 0.2228
0.198 0.20682 0.2188
0.1956 0.21294 0.2284
0.1832 0.2044 0.2254
0.1936 0.2069 0.2246
0.1858 0.20492 0.2234
0.1942 0.2093 0.235
0.1932 0.20414 0.2206
0.1956 0.204 0.2176
0.1792 0.19766 0.2224
0.1918 0.20492 0.2176
0.1934 0.20722 0.2286
0.1788 0.20224 0.2254
0.191 0.20242 0.2246
0.1968 0.2078 0.221
0.1932 0.20358 0.2274
0.1846 0.2026 0.2272
0.1854 0.20242 0.2244
0.1818 0.19966 0.2204
0.1864 0.19516 0.208
0.181 0.19946 0.2164
0.184 0.19682 0.2158
0.177 0.1928 0.2126
0.1858 0.1973 0.213
0.1804 0.2004 0.2132
0.1824 0.19914 0.2102
0.1858 0.20246 0.2132
0.1694 0.19792 0.2196
0.1898 0.20182 0.2226
0.1734 0.20402 0.2216
0.1946 0.2 0.2108
0.1774 0.19446 0.2094
0.1878 0.20322 0.2164
0.1922 0.19898 0.2116
0.1914 0.20558 0.2216
0.1828 0.1987 0.2182
0.1872 0.20536 0.2258
0.1898 0.20338 0.2376
0.1892 0.20234 0.2204
0.1878 0.20384 0.218
0.186 0.19788 0.2208
0.1952 0.20618 0.2166
0.185 0.20136 0.2158
0.1884 0.20282 0.2248
0.179 0.19718 0.2212
0.1902 0.19732 0.2134
0.1934 0.20494 0.2176
0.1874 0.19976 0.2222
0.1898 0.19774 0.2052
0.1888 0.19894 0.2136
0.1836 0.20556 0.2438
0.1914 0.21344 0.2308
0.193 0.2059 0.215
0.1846 0.20448 0.2206
0.1922 0.2034 0.2212
0.1946 0.20572 0.2164
0.1954 0.21092 0.2378
0.192 0.2012 0.2116
0.189 0.20556 0.2146
0.1868 0.20078 0.2186
0.1838 0.20134 0.2264
0.1892 0.19796 0.2068
0.185 0.20298 0.2202
0.1926 0.21018 0.2186
0.1868 0.20026 0.2242
0.1814 0.20176 0.2168
0.1938 0.20892 0.2346
0.193 0.20248 0.2134
0.1902 0.19762 0.205
0.1918 0.2066 0.2246
0.1896 0.20504 0.2234
0.1856 0.20512 0.226
0.1818 0.2036 0.2214
0.1966 0.2038 0.2182
0.1852 0.20082 0.2168
0.1902 0.19604 0.207
0.1772 0.19676 0.2086
0.1914 0.20838 0.22
0.1922 0.20058 0.2124
0.1854 0.19538 0.208
0.1848 0.19812 0.2102
0.1878 0.19878 0.2244
0.1782 0.20088 0.2246
0.1884 0.19716 0.212
0.1808 0.19424 0.2024
0.1806 0.19636 0.2124
0.1746 0.19376 0.2058
0.1812 0.19614 0.218
0.181 0.20164 0.2156
0.1802 0.19542 0.2254
0.1898 0.19838 0.2138
0.185 0.20194 0.2234
0.1868 0.19376 0.205
0.1812 0.19614 0.2156
0.1854 0.19898 0.2168
0.1866 0.19502 0.2052
0.1826 0.19592 0.2082
0.1768 0.19488 0.2076
0.1854 0.19578 0.209
0.1852 0.20028 0.2238
0.1898 0.2014 0.21
0.1876 0.20298 0.2248
0.184 0.20482 0.2306
0.1946 0.20984 0.2252
0.1874 0.2065 0.224
0.1898 0.20042 0.219
0.1888 0.20184 0.2206
0.1924 0.20186 0.215
0.1822 0.19848 0.2204
0.1836 0.2022 0.2184
0.1848 0.19794 0.2184
0.1842 0.19848 0.223
0.192 0.20162 0.2112
0.1876 0.20106 0.2152
0.1794 0.1895 0.204
0.1796 0.19068 0.2024
0.1858 0.20032 0.2118
0.1814 0.19374 0.2042
0.1778 0.19296 0.2072
0.1784 0.19158 0.2022
0.1864 0.19412 0.2074
0.1866 0.19528 0.201
0.1742 0.19234 0.205
0.1898 0.20232 0.2194
0.1778 0.19122 0.2018
0.1802 0.19514 0.2206
0.1854 0.20004 0.2126
0.1898 0.19856 0.2096
0.179 0.19306 0.213
0.1884 0.20324 0.2176
0.1796 0.19662 0.2222
0.1846 0.1963 0.2048
0.1822 0.20298 0.234
0.1784 0.19478 0.208
0.1782 0.20234 0.2166
0.1882 0.19578 0.207
0.194 0.20346 0.2274
0.1806 0.19982 0.231
