0.23104 0.23788 0.2488
0.22548 0.237544 0.2492
0.21992 0.234848 0.24696
0.22656 0.232212 0.24156
0.22328 0.232444 0.24076
0.22216 0.23472 0.2448
0.22364 0.235272 0.24616
0.22448 0.233692 0.24828
0.22148 0.233156 0.23956
0.23252 0.23854 0.24632
0.23156 0.238172 0.24868
0.23132 0.237956 0.24464
0.23428 0.23956 0.24392
0.23508 0.240148 0.24964
0.228 0.23758 0.24752
0.23328 0.238248 0.2446
0.23076 0.239644 0.24536
0.23464 0.239956 0.2494
0.23092 0.242156 0.25284
0.23504 0.243312 0.25108
0.2334 0.240548 0.24952
0.23072 0.240344 0.2488
0.23656 0.244132 0.25664
0.23536 0.24322 0.24992
0.23444 0.244712 0.25984
0.23828 0.246084 0.25976
0.2366 0.247908 0.25372
0.23592 0.241952 0.24572
0.2328 0.239764 0.247
0.234 0.24578 0.2582
0.23932 0.242956 0.24824
0.23452 0.2419 0.25048
0.2296 0.239272 0.25616
0.23176 0.242772 0.25764
0.22896 0.24066 0.25596
0.23016 0.239852 0.25132
0.22808 0.241748 0.25168
0.23332 0.239024 0.24948
0.22956 0.241312 0.2512
0.22984 0.239188 0.24848
0.23572 0.246328 0.25468
0.23096 0.242064 0.25388
0.22772 0.23832 0.2462
0.2236 0.236808 0.2448
0.22652 0.236256 0.24596
0.22256 0.233452 0.25016
0.23004 0.235104 0.24512
0.22832 0.239872 0.24876
0.22804 0.233168 0.23964
0.22736 0.233952 0.23856
0.2324 0.236488 0.24784
0.22632 0.23486 0.24684
0.22568 0.237336 0.24732
0.22412 0.233008 0.24092
0.21968 0.22948 0.2438
0.22016 0.22802 0.2406
0.2228 0.232628 0.2414
0.2208 0.231744 0.24236
0.2226 0.23358 0.24588
0.21936 0.232492 0.24832
0.2142 0.225896 0.23784
0.22184 0.231644 0.2402
0.22356 0.228252 0.23724
0.2252 0.23276 0.24644
0.21796 0.228436 0.24044
0.22412 0.228892 0.23368
0.21856 0.228744 0.2422
