0.21048 0.520252 0.6
0.20204 0.55704 0.6
0.27048 0.436344 0.6
0.14704 0.36284 0.6
0.15004 0.401936 0.6
0.15588 0.355296 0.6
0.1348 0.279424 0.6
0.14008 0.245608 0.5714
0.15076 0.293672 0.6
0.12808 0.210224 0.59096
0.118 0.2034 0.40116
0.15132 0.233636 0.46716
0.12748 0.178028 0.4634
0.12788 0.19412 0.44596
0.13184 0.205016 0.5784
0.12272 0.154292 0.2182
0.14184 0.221092 0.6
0.13308 0.150712 0.1714
0.11728 0.145772 0.21568
0.11544 0.195284 0.6
0.11916 0.20322 0.59008
0.11928 0.149204 0.20296
0.125 0.142924 0.198
0.11844 0.135208 0.16336
0.1134 0.18094 0.6
0.11076 0.134832 0.15912
0.11796 0.131024 0.16172
0.11704 0.132688 0.16236
0.116 0.135568 0.1786
0.11588 0.137872 0.16844
0.11516 0.138084 0.2094
0.12092 0.1306 0.15732
0.11304 0.128692 0.14072
0.1178 0.132116 0.16084
0.10888 0.135808 0.17416
0.12328 0.133612 0.1412
0.11492 0.217192 0.58788
0.11632 0.134796 0.15388
0.11968 0.174188 0.30284
0.11896 0.129868 0.14708
0.11632 0.166564 0.42448
0.12856 0.150524 0.19736
0.12076 0.133072 0.17012
0.10348 0.131488 0.14648
0.11676 0.130892 0.15312
0.10616 0.126716 0.1394
0.11004 0.124928 0.14912
0.10228 0.124928 0.1546
0.10272 0.136324 0.33736
0.11432 0.132608 0.16384
0.10964 0.128936 0.15588
0.1104 0.135156 0.19408
0.11096 0.129572 0.17876
0.11372 0.127688 0.14676
0.10588 0.123124 0.13836
0.10208 0.123348 0.1634
0.10832 0.124056 0.16368
0.10392 0.116332 0.13708
0.10564 0.114972 0.13196
0.10368 0.113816 0.13288
0.10088 0.111588 0.1266
0.10788 0.131628 0.25012
0.09948 0.118112 0.14276
0.1024 0.112088 0.12416
0.10204 0.113228 0.14116
0.10272 0.15454 0.53988
0.1 0.108728 0.12548
0.1012 0.112968 0.14492
0.09968 0.108516 0.12872
0.09468 0.10706 0.13436
0.09796 0.106248 0.11848
0.0968 0.10524 0.12728
0.09848 0.11098 0.13148
0.0962 0.099672 0.10416
0.09472 0.102448 0.1126
0.10076 0.108584 0.13216
0.10036 0.104308 0.1108
0.09696 0.105772 0.11632
0.0978 0.105592 0.12952
0.09792 0.101668 0.10704
0.09768 0.105224 0.1202
0.09472 0.099592 0.11012
0.09652 0.102272 0.1106
0.09604 0.102164 0.11488
0.09364 0.1038 0.12604
0.0938 0.100536 0.10736
0.09296 0.099836 0.11016
0.09464 0.10488 0.12792
0.09408 0.102444 0.1222
0.09168 0.103932 0.13352
0.09764 0.101392 0.103
0.09376 0.101488 0.10936
0.0914 0.102772 0.11424
0.09856 0.103956 0.12296
0.097 0.101872 0.1096
0.09704 0.100768 0.1128
0.09768 0.103788 0.11284
0.10088 0.105376 0.11224
0.09328 0.100784 0.116
0.09688 0.101524 0.10552
0.09744 0.1032 0.11304
0.09608 0.10544 0.12108
0.09464 0.105116 0.12336
0.09408 0.100872 0.12092
0.09408 0.10608 0.13992
0.09532 0.099512 0.10676
0.09484 0.099036 0.1068
0.09144 0.097776 0.1072
0.09436 0.100192 0.11212
0.0924 0.103896 0.13092
0.09384 0.0995 0.11128
0.0944 0.098836 0.10688
0.09472 0.101388 0.11324
0.09324 0.101872 0.1142
0.09884 0.102748 0.11656
0.09328 0.098908 0.11
0.09664 0.10022 0.10292
0.09432 0.099464 0.1032
0.09256 0.095452 0.09984
0.09228 0.098388 0.108
0.09128 0.093784 0.0978
0.09244 0.094792 0.09772
0.09036 0.095528 0.10168
0.09124 0.095064 0.1002
0.09128 0.094232 0.09936
0.0926 0.0947 0.09708
0.0906 0.094472 0.0982
0.09068 0.095156 0.10104
0.09116 0.095396 0.101
0.09292 0.09488 0.10224
0.09076 0.096524 0.1004
0.08956 0.093816 0.10096
0.08996 0.094316 0.09836
0.09 0.093224 0.09488
0.09048 0.093844 0.10372
0.08948 0.093228 0.09832
0.0902 0.092356 0.09612
0.09032 0.092792 0.09572
0.08932 0.092 0.09628
0.08832 0.091628 0.09724
0.08944 0.092368 0.09644
0.08968 0.093128 0.10136
0.08884 0.092568 0.1016
0.08776 0.09346 0.10112
0.089 0.091296 0.0938
0.08656 0.092244 0.09836
0.08888 0.090236 0.09316
0.09044 0.096512 0.1134
0.09016 0.09326 0.10052
0.08932 0.093072 0.10244
0.08876 0.091832 0.09564
0.0916 0.09412 0.10256
0.08892 0.093948 0.10676
0.08976 0.093624 0.09656
0.089 0.093152 0.09828
0.08932 0.0914 0.09348
0.08888 0.092768 0.09652
0.0918 0.094756 0.10108
0.09132 0.094776 0.10416
0.08952 0.09302 0.09744
0.08992 0.093408 0.09608
0.09068 0.09284 0.0956
0.089 0.093752 0.10232
0.092 0.09456 0.09716
0.09076 0.093656 0.09756
0.08844 0.092148 0.0952
0.09108 0.093308 0.09612
0.08992 0.093236 0.0976
0.09016 0.092484 0.09668
0.08944 0.093252 0.09688
0.08788 0.092676 0.09584
0.09188 0.092996 0.09512
0.0916 0.094012 0.09744
