-950.539904681 -537.189485397 -244.09014493
-680.274463724 -407.858866953 -141.173451787
-753.416486755 -503.113108234 -168.236691237
-757.957680512 -550.629285935 -129.328097884
-1075.53928194 -457.602252959 -32.5221835187
-804.509635543 -536.810662176 -245.963102367
-846.301859095 -537.146290635 -246.740698341
-591.858650639 -290.37761576 -87.5144629209
-797.725904723 -314.695686403 254.083893712
-759.721027172 -505.223894021 -277.607956553
-856.7308836 -469.989836804 -106.777907916
-484.55191831 -272.733414802 100.101231602
-798.394498202 -499.171394729 -234.966759332
-903.943173693 -399.636775084 27.3873120539
-725.361860999 -442.911158139 146.914892881
-692.869800459 -332.737242668 -50.5414852782
-465.943938472 -187.626041072 -5.29109607566
-512.725375664 -292.037288757 93.5683154479
-784.140960829 -435.824500541 185.094318006
-500.302267392 -177.936063412 353.90860044
-479.130549374 -268.280141311 -140.603258134
-635.108636029 -389.583729099 -37.6948129304
-434.192217353 -189.137157661 299.103403785
-629.640296987 -363.755651956 73.2119166743
-572.993236071 -175.262336996 143.380665515
-488.407861977 -278.333606838 23.4097508611
-594.265547177 -265.531769693 -42.2660886883
-296.794958513 -160.563023212 -27.0472710586
-479.351443662 -93.7107355328 211.461061024
-583.687986056 -157.880639512 156.64439565
-500.216613124 -267.066908482 -75.519254246
-722.818858712 -274.245456428 -1.34107592547
-509.389743532 -158.082494167 238.463694339
-488.532799131 -253.114941827 230.304482871
-545.500616763 -285.288481407 6.73815574273
-597.169200738 -338.785073377 -65.4308719257
-568.745405463 44.3634017787 387.168694987
-464.308832772 -95.0241571228 260.636485007
-482.888727418 -229.238542451 -12.9474505148
-552.112453555 -131.610317472 203.972034052
-509.596085851 -139.545806278 158.591565986
-654.194074007 -346.414600733 -134.742287115
-380.368457526 -186.697064582 65.9177757163
-416.399449152 -206.049778185 106.698686493
-442.138603142 -48.8914385789 357.229856881
-549.465222832 -226.829232546 308.637764508
-555.975996049 -111.897745342 82.9630240819
-523.890488516 -197.337824635 37.3348725501
-550.271899649 -271.946767394 -11.1535069357
-384.089577864 -67.6707113235 122.800026969
-480.057077221 -250.827274245 121.524163314
-482.344108723 -186.029125403 92.7656168234
-389.046722867 -83.0666167157 218.08490087
-618.448004608 -364.092172788 -143.723495354
-226.213899831 -17.0503799018 145.023317676
-359.77246098 -111.308284179 76.7534902879
-612.664369831 -285.673947532 37.7679115335
-529.726668602 -265.362197178 2.36856163625
-477.08146396 -188.677311256 35.7810544169
-579.930683929 -290.102562859 0.181121497443
-375.801138322 -39.4717762237 270.181442567
-473.030582706 -101.456079491 128.851723469
-422.03095058 -125.389127304 132.630296143
-532.526387364 -137.697543309 140.194402227
-292.306453754 -92.6696208149 94.805745416
-288.967025923 -136.756444669 48.6656361975
-607.260308195 -104.473714403 424.438891938
-460.128723009 -47.0353584052 258.295594065
-522.965903908 -176.21197542 92.9316068465
-373.248273869 -65.5325038946 388.167663066
-455.978300417 -51.3216119831 597.467174483
-268.191364279 16.9298547542 220.957641023
-438.413821651 -120.199683334 76.1796849689
-440.59375168 -36.2937498175 348.914212389
-553.090499608 -199.806950151 45.234546173
-456.57580263 -64.822765899 247.359798323
-173.272757925 39.7347902834 278.757934575
-369.527442389 -53.6413117338 281.654148286
-414.547032725 -213.193121539 46.4943344957
-307.102795895 -6.72693636444 256.904555421
-213.309221412 46.4784880661 240.39331054
-250.599674936 37.6704775615 388.078413823
-305.764700507 -37.1592207163 194.258314387
