-8289.79025652 -707.620877895 2246.51815904
-7855.06148613 -1214.49344609 2144.00579408
-6897.96039835 -1118.14623187 2287.48093737
-6543.9625451 -795.047187836 1784.07588949
-4618.16783442 -439.821834362 1804.22350596
-2652.15109783 -398.449358985 2240.90433041
-1767.10338535 -121.501566288 2261.50142034
-1509.46436693 704.010572554 2521.15676196
-8343.01784761 -407.238698073 2410.08274627
-3066.45776653 -736.853410154 1436.69296982
-5378.51907054 -455.295467632 2437.7914297
-1090.48977821 -400.926195604 1946.41563035
-2002.45958344 -352.018365741 1821.32655418
-1725.04363219 -60.3507777752 2265.16492441
-592.673976961 770.347525861 2449.05830048
-2255.2107339 -256.032847536 2328.74282225
-7718.05436038 -313.700420145 2368.47020663
-764.515096441 425.052082456 2507.93325828
-1180.74346747 287.916194137 1964.73421626
-661.600974026 732.604363063 2178.52025862
-1936.60627923 -252.767205314 2257.33799292
-521.571293956 1128.5370739 2434.2530046
-8711.52654841 -444.254797468 1820.08553216
-1106.05700341 27.1703659604 2330.73654111
-478.747738141 577.269012137 2236.64871576
-1548.1720315 548.639825303 2409.57218832
-1746.06522169 175.946255458 2443.38715893
-1822.268319 21.0099462645 2349.1238341
-2404.4551935 -301.021781336 1852.57443503
-1013.01811865 965.966029314 2448.73833566
-2514.04553869 282.53670972 2076.77497661
-809.411930795 359.084790975 2418.33271435
-960.364331297 224.46325958 2204.07614825
-7978.28516084 624.553756675 2401.88232822
-190.151476699 1003.2964091 2294.45636287
-1180.46958141 707.826848389 2374.52109291
-772.716144797 826.362277131 2303.33592768
-1717.45241984 338.625608825 1910.485272
-831.363342883 320.29142869 2438.22850368
-9314.60187513 -284.866027318 2368.65139506
-514.372073869 826.150645504 2207.3867338
-788.320482472 158.897597369 1790.95093929
-2171.04872639 494.025171848 2308.61074755
-471.034492566 1312.29718006 2378.3662917
-6392.42588011 33.8582907857 2333.05066429
-1045.63262004 452.234220218 2217.16691459
-1259.34117923 896.003900523 2307.90872273
-5745.59660791 161.086446912 1926.23066983
-2354.11705226 321.541768356 2094.63454921
-7509.2474791 -247.892912126 2276.41827805
-1037.15080006 470.351337698 2435.4336742
-736.096489529 835.740476253 2486.95523939
-843.715625943 851.964079014 2336.35472088
-2120.20862139 -264.064987047 1803.67449735
-439.320766329 849.25218299 1917.65782767
-1051.16119289 898.549097325 2396.67657256
-698.499226004 299.952560147 1434.42297901
-4766.74872184 -38.1054430453 2422.29841715
-6318.53422733 -60.7852957033 2313.79711894
-972.060246866 -49.4207118315 1223.42803056
-189.361620029 968.261489808 2415.88214703
-4891.86039682 -457.083327959 2346.04852877
-3111.09175632 162.974553093 2396.0089085
-3464.83510311 547.453481743 2410.07140697
-1476.33732776 115.475543777 2451.15378424
-1101.40076179 396.23141659 2396.0731132
-1072.3182869 315.58654702 1816.61606904
-1378.12909932 256.007382828 1779.55732736
-881.830837004 435.792455134 2454.52998357
-617.622985592 328.520098398 1913.78129228
-533.367899778 820.689994258 2356.31784099
-840.54417961 774.950860771 1924.72790062
-1881.31485975 205.641928483 2319.85053932
-1514.40850336 556.12734541 2281.33782275
-1542.00729503 440.990942071 2471.93369284
-1181.03392502 379.488762168 2355.77469569
-1005.56183433 750.618520511 2413.48223125
-2258.48849847 255.434120625 1345.75971235
-1050.72097473 1064.42223679 2305.15684509
-467.705034853 596.025391173 1898.45752338
-614.091555132 814.809007207 2395.49007993
-1630.56930218 112.664874959 2392.77723701
-703.597876414 544.108393788 2249.93972562
-595.810982971 576.853801993 2354.3483088
-509.914789242 514.226529294 2219.49279214
-1664.20089094 -194.532156064 1807.61012297
-800.760153856 1216.93171379 2395.18216691
-652.635959154 452.308290598 1794.8813835
-7311.77482256 -583.155971558 2395.57669539
-6794.74243937 -83.3840267202 2357.67991584
-3627.57960423 411.377174847 2331.64196016
-1671.57893287 -27.9672678562 2512.58101358
-300.152874394 1044.76627546 2471.57290889
-478.978115641 805.432267477 1948.8327166
-874.429048085 979.786137385 2417.36362756
-1326.81811371 788.761584988 2435.9168712
-930.151189662 607.784245875 2363.61569752
-628.202297603 953.308745336 1909.26179629
-863.746768966 710.372638691 2444.96274954
-458.371699975 884.410992838 1948.18161074
-447.425045545 972.616949617 2426.25148655
-832.597651248 808.579054273 2379.5685274
-1076.33856665 490.294773887 2335.20142444
-503.306461992 673.011095265 1892.02810467
-1066.54395442 688.644273019 2234.42523728
-414.53253439 1116.26674818 2474.05577549
-7811.40156279 -273.040224291 1888.7583165
-745.309171023 348.659554138 2303.8862219
-1408.54502333 430.646314331 2331.57661692
-329.110561036 546.882411754 2291.02166346
-3300.29655219 497.172932243 1906.44507962
-2196.82341669 360.059387089 2427.40773781
-490.729469965 923.703612886 2459.96680425
-8305.82265505 -843.460652146 1824.99977901
-2072.8363128 449.247494859 2429.74408209
-7860.72454409 68.5877984385 2428.53954048
-605.389073258 747.146097054 2493.62824336
-1762.10031651 -5.4911039814 1317.3332778
-508.022623236 765.247894971 2371.84504079
-762.679467511 1204.81510991 1998.23186574
-1396.7480487 533.154746889 2316.0251164
-605.861208719 891.811644686 2516.7017227
-835.773135971 239.264875917 2031.15505859
-517.856455938 1078.12429873 2555.82293445
-497.340094886 1341.18761993 2496.82586245
-1036.41703437 508.722667007 2464.43652053
-2393.5690376 -413.013216135 1555.75869895
-550.371015154 1015.86339077 2513.62165535
-561.849412643 1103.07678062 2520.08910228
-551.064045602 1064.45111679 2522.69186754
-985.092217296 228.647400983 2087.57811842
-710.02831695 78.6257761291 958.559655509
-417.028364056 511.215786077 1900.33113433
-928.989895199 467.055873585 2470.27747117
-1019.49590147 300.422710752 1954.83776053
-925.718941829 522.885339874 2040.01468656
-959.095700156 947.264582269 2504.58589153
-674.297124122 431.404098512 1414.37035831
-431.885359546 1349.5870443 2621.92865272
-2029.92881012 320.760043047 2003.09464717
-661.450031001 889.352168176 2560.88953422
-1932.83739066 602.259447618 2109.61913652
-1189.59945718 380.04240778 2601.43932867
-1081.7804475 937.82571308 2576.97833047
-674.106441242 419.910023631 1906.30974147
-1115.55760481 918.105831736 2513.22710443
-932.870124687 769.061574517 2059.27306116
-1126.34035059 80.8347584552 2447.87869401
-1868.40438735 465.836894766 2426.42472234
-608.524092227 638.813626121 1898.92450946
-1891.68150117 122.681635572 1876.31520469
-781.919170716 198.087687361 1899.16928363
-957.203799612 468.410028202 2412.6105873
-508.717243397 825.6730876 2644.09655395
-457.367991746 1197.42542418 2475.35672817
-1491.4501839 236.167398876 2390.79819391
-1198.4474634 51.5778617979 1557.21138843
-906.485528361 522.546443061 1988.3094379
-1437.45760654 496.761919373 1922.1115372
-822.477469021 929.294066545 2117.24530809
-909.033797463 599.563301468 2044.82434355
-1726.08075795 115.270349859 2091.86757847
-784.553087618 413.756001753 2536.96339863
-1359.50908901 -104.105079786 1446.45080923
-871.977789976 791.528863165 2672.47393444
-1502.13231653 563.794891464 2598.95892587
-757.354071542 414.17906169 2075.71007333
-1558.6137962 102.558045173 1459.87300829
-597.728438717 765.376853027 2062.45218184
-799.195911172 759.265543634 2553.22955568
-334.102232095 1074.69521614 1526.6536187
-204.677659542 1160.62037091 1983.9515079
-1528.40810519 926.929332623 2565.91825483
-642.646701809 719.481215538 2084.63943682
-576.762020796 806.72258274 2053.72741144
-2199.54559437 420.474159267 2514.52761301
-341.288616114 687.576990321 2594.21580386
-716.517918039 744.20443998 2467.77424186
-714.22979075 973.502683471 2649.10153847
-700.909169142 645.373977825 2068.39638587
-565.92899002 277.693362799 2596.64377996
-1239.56557609 207.742429354 1929.22203082
-558.209017178 508.558798875 1943.33089082
-675.026915421 550.006933045 2035.9173439
-483.473622791 799.126478499 2639.57177496
-1052.10618048 745.134753641 2308.89463198
-1685.88588939 428.433878356 2545.15913461
-762.661822868 802.645216011 1455.29241417
-1552.67701904 28.9858360458 1893.00126942
-504.319644065 899.789248779 2555.40510046
-1114.03238112 510.776988671 2533.06667106
-721.431233365 878.031225514 2524.42430994
-708.611043376 258.076229153 2044.51813516
-535.671801421 1323.58745949 2637.04666497
-302.486450716 1009.79492801 2556.16988603
-760.884195031 216.10133661 1975.1222391
-622.289404413 481.816074175 1980.37340775
-989.513332469 512.031433011 1967.13970062
-248.70561631 1010.93779312 2503.4471562
-1374.69017739 -59.5418360761 2042.85726519
-1100.67430274 724.632430608 2515.16889957
-1394.26914069 326.837221396 2567.77511032
-839.388020368 539.774039337 2548.01665616
-894.155626037 644.001727512 2456.88879236
-724.933297849 599.841243187 2576.15647964
-805.263863744 223.250975075 1999.04903467
-1123.04104188 943.709873252 2542.83633118
-365.317844913 1318.71843294 2550.77288202
-963.792703214 972.115089947 2432.72140049
286.171008371 1593.50808962 2530.6907475
-778.623998197 1294.51286916 2636.95389643
-401.18174153 1310.23406791 2631.8291594
-876.560022874 271.902392241 1855.04608661
-1640.84817774 -158.760447015 941.208968745
-1577.35611249 452.081540402 1969.49872079
-1821.50104749 408.193252789 2659.92014674
-2058.86359816 996.503867738 2058.04836723
-561.850285468 1357.13072764 2483.43585132
-1597.76040299 149.592309238 2049.5129925
-1231.81151253 820.088340903 2663.10426942
-576.559553886 657.744734978 2577.52891082
-409.295431114 1293.37714522 2555.99409246
-397.555718665 1410.22018926 2577.11241939
-519.015704729 1069.6791526 2568.20894496
-823.086738183 1252.79252889 2652.86461874
-1287.72820388 837.117982077 2471.59190027
-748.354415774 636.562757766 1550.03706732
-976.674806613 571.25858277 2053.22270304
-2501.4618051 361.859286625 2039.49863524
-1756.30044237 488.398079177 2578.89182849
-864.660605541 745.645634921 2546.70989039
-1763.54243926 430.696892069 2081.13559669
-640.815801068 334.441967402 2545.88698282
-1173.63907477 515.668952549 2584.11400464
-679.707763672 694.220761894 2674.88541975
-1172.54960212 545.046297383 2063.88052532
-1904.85715347 95.3580587688 2649.48050695
-546.65433503 611.327402739 2491.14827314
-1092.72005351 636.929454725 2587.24147672
-426.380414169 1037.53292408 2583.29647156
-945.052505941 263.275478638 2568.22376159
-835.551893964 259.74715178 1948.56810816
-617.835095013 1000.73265585 2005.08131602
-996.974108828 289.907939436 2001.51204755
-761.02283419 274.267532778 1440.76573661
-726.184378144 500.550328224 1964.6624148
-2687.45163686 18.1088362691 2065.88721429
-1105.39461048 691.16624774 2546.26222913
-1174.95870652 738.493635616 2025.57501082
-504.218410212 538.661785351 2066.22365131
-817.432545704 893.695095201 2557.74679425
-3219.24912821 89.2287398546 2031.23151123
-829.006611852 537.963475321 1513.39139146
-581.035706356 937.451352856 2062.16598476
-404.737037278 769.56205856 2290.38924978
-2068.30218582 320.598239385 2464.70369034
-1241.43566021 1035.1952831 2047.69660452
-1226.07785713 480.07501024 2581.39592631
-675.445803892 825.263160703 2626.23527753
-901.860285294 288.628551101 2032.17047594
-1001.63248376 249.730632136 2069.10739159
-1910.55901239 863.494830615 2054.31516138
-1804.51150431 693.37547509 2439.80043051
-648.01026926 316.509170694 2592.92828092
-586.977163495 799.81530796 2473.44759635
-942.673762533 829.955819046 2521.73297644
-975.036784637 1066.4175647 2660.54600577
-538.321183626 472.496667436 1990.87545617
-755.845012517 902.543150929 2463.77205453
-360.173754957 881.644052752 2530.4858832
-1581.76016232 456.013716391 2583.43391014
-629.041217625 860.532260345 2635.20276652
-650.000577641 575.826125869 2062.06212376
-948.560343606 930.216149552 2612.65144875
169.408104556 1662.58822053 2663.10191709
-662.576071696 246.242789977 1398.28665594
-674.436503014 824.7292193 1974.46788158
-857.288716208 749.699328305 2633.34629428
-626.710609067 563.932149478 2546.78478314
-939.567779931 191.580218808 2040.11473388
-1298.39091542 614.641327139 2105.96638184
-1313.57078767 617.122299318 2076.40107823
-877.315397376 540.346328257 2036.57384639
-561.437315469 881.75922626 2511.48810576
-671.769862987 630.969658877 2063.90524931
-1476.49494477 492.59611858 2065.43983047
-1035.83311471 88.0102645278 989.576136356
-963.983122995 681.668834677 2658.69402579
-366.235300626 1335.76665489 2711.57847387
-432.925568815 786.158602651 2012.52790186
-773.163795601 1258.80596163 2672.80833546
-1489.80859786 181.696506516 2049.76682915
-2043.02837982 -14.2719159967 2628.97852007
-682.105883525 866.18644919 2064.57288972
-699.914228741 357.05495189 2708.14503963
-1224.52737803 838.848860506 2078.05111342
-424.874452067 934.025457634 2089.16463874
-892.99984492 904.393714786 2139.06758332
-560.563319034 947.27762247 2032.37031889
-1516.30736846 386.640945296 2077.01318114
-1656.03830942 866.484657892 2657.12707589
-462.058816229 417.303454314 2050.45842538
-501.593806024 405.847352779 2137.15016602
-702.229375626 674.305936753 2118.98155458
-951.31226845 789.159876626 2680.25828965
-926.750508834 323.371905403 2042.91452379
-857.510934067 57.948985675 1486.57617649
-1552.6324579 449.258803983 2136.23495434
-843.076627439 223.796676231 1482.1119882
-1960.69387953 361.544253882 2621.84486233
-1851.74108687 843.015747782 2120.43556475
-2814.73663339 633.708957008 2679.24818436
-1313.08570339 290.928982965 1434.12682825
-216.286702003 962.178275046 2733.15317218
-793.045442789 355.052163223 1481.28984631
-815.313211497 787.199206099 2149.00624215
-837.286476827 800.852615984 2570.72417304
-323.634303001 802.538568782 2537.62330363
-1325.90441004 663.526219352 2656.21298346
-1182.2526031 540.798284125 2594.98781546
-612.916150367 804.181342207 2133.81743604
-1654.7576063 848.169557852 2150.88842321
-374.350311412 774.885464784 2027.77313935
-1187.80175739 832.028799645 2166.60086964
-1665.86699983 602.721292634 2120.26271053
-883.120793241 980.742923687 2705.35034578
-409.374213801 617.715061712 2660.13055221
-2050.47041178 344.735675009 2675.75388831
-971.928310992 1155.41351809 2642.71454358
-868.522758834 643.782422919 1947.93396492
-1012.72399793 702.270457318 2637.193688
-348.449385867 955.69689819 2601.88369634
-339.137244197 1406.56408139 2704.92836238
-826.582420549 1057.59687941 2607.57054372
-170.483035063 1363.43216631 2566.65432715
-1005.36315812 939.955457531 2622.75311283
-440.482519428 829.832063709 2086.72105743
-772.398467623 1198.55934068 2684.05817643
-1245.33266405 674.944220736 2640.27926962
-1028.43068979 11.3313712111 2004.96013309
-546.583217988 1022.41076815 2694.13594833
-479.999802371 881.016811708 2083.2467382
-521.428619257 590.373207129 2048.98455885
-948.108405129 598.732962602 2656.74861414
-836.219979514 842.092298668 2106.5420839
-441.306498873 648.54536858 2133.15634807
-786.651561899 894.888390358 2610.73237921
-851.190910729 830.386420614 2607.89016033
-1059.29752814 1037.04449143 2073.76914034
-836.241247105 727.292759175 2145.74467205
-437.769374105 468.34734659 2067.03598498
-663.516927615 345.212534254 2023.07775142
-1618.27682985 92.0513263434 1915.26494405
-813.587108509 91.731744832 976.663938745
-1003.44941723 721.754350818 2462.54342304
-1170.40340619 -38.3689501804 2044.72569361
-660.00664202 755.437531212 2065.02200828
-840.944146195 912.037586604 2516.83411128
-320.814589316 1159.26489549 2079.09157156
-526.973213041 414.94400055 1952.85399472
-571.730375851 968.55221694 2521.97853719
-260.510731513 902.015480585 1972.34174298
-514.874339367 843.918287196 2654.23773535
-771.670200616 -49.0601917922 1835.67404176
-929.375338209 800.731442863 2281.00777025
-1341.60375555 -142.946135391 972.256779982
-544.604992112 702.796739402 2022.09607841
-937.884074638 542.539419335 2078.2086487
-487.5434989 775.226167002 2581.46598146
-6189.54025173 -51.0742026033 1929.72180971
-676.921289141 547.475481085 2107.7520856
-1430.48391253 576.521842081 2634.86401048
-1498.67592394 531.232037172 2068.34460334
-861.999504135 1156.28641757 2610.06803224
-467.712866238 552.376885996 2538.75550894
-184.223712367 1115.20323381 2152.13322207
-1154.70260921 466.76811872 2420.74284562
-783.2973151 673.178918939 2074.43057351
-898.053399707 864.371906689 2634.42345725
-596.204696153 723.298591202 2066.1897299
-403.457063535 426.538485564 2607.24926053
-705.902302068 422.440937762 2094.87474707
-1768.12581259 487.52322838 2040.58375973
-312.428036348 905.118112762 1971.75961748
-1688.09430793 669.990536474 2571.36843858
122.169760849 1145.00930684 2563.8306181
-1177.98791372 284.630734241 2585.22111139
-480.634436434 719.900724645 2529.91737511
-836.875677348 528.956649067 1994.87222552
-453.824815887 401.700180462 2029.1725502
-913.74983636 597.329209763 2382.79330324
-761.701566303 1110.64596399 2604.15967997
-1705.03467244 821.104230388 2561.76949132
-333.939999993 881.625574352 2432.81048625
-1102.35849632 867.173556969 2611.65008343
-808.119035486 562.689256979 2522.07729427
-521.372502093 1291.85872156 2615.08176061
-1157.26378532 280.00854588 1501.98806366
-952.091844231 242.694507492 2066.16141233
-471.835365774 850.587608019 2524.35253695
273.089442942 1772.5594714 2577.67095859
98.0723713566 1070.57500805 2634.99845635
-705.675376043 965.338676973 2543.2646008
-579.016989094 625.351451923 2432.10292399
-1216.40635569 752.132506304 2032.99082269
-1441.91974965 871.945165743 2547.34064642
-310.161168215 868.880891447 2505.36052175
-529.831847314 422.340959196 1518.78540702
-416.66521162 633.484905685 2041.18656711
-954.492591701 479.594061997 2512.54609376
-2605.47219492 43.3642783274 1422.1788306
-7056.03000613 158.458849397 2620.09213151
-1056.48265775 936.969211489 2546.00874916
-702.77064284 972.058568035 2641.29020826
-1219.50843054 1113.10492229 2567.38865206
185.465547124 1586.66108949 2565.30254352
-536.612079268 767.525267788 2651.09461526
-807.842121192 665.435410694 2552.53253861
-989.646364407 403.449946708 1477.37257128
-889.199926075 1245.48987281 2554.30440535
-1067.48721715 171.283096952 2021.92353546
-462.041780955 1105.63806894 2449.18840835
-445.605256448 851.121768996 2536.36985132
-425.124282101 599.715986925 2062.74910348
-771.198891189 860.244831934 2677.36293524
-758.368228833 1049.21137654 2625.21712237
-442.16785115 894.789273438 2042.2804794
-517.844615416 751.409118722 2541.5553674
-889.645664166 628.185443134 2563.28448439
-844.166676286 690.050010597 2021.29004004
-1192.20123675 880.911547467 2643.99309258
-1579.04700747 350.773710384 2482.92124445
-709.026152735 868.796345158 2611.78383016
-547.733756931 861.033562517 2019.99300072
-353.434142947 1042.90788462 1929.56081307
-459.521916446 1260.82419861 2556.46877056
-413.696512689 1176.08810545 2645.87189493
-658.318855891 980.806591034 2472.48153706
-492.822179693 702.006269973 2522.47987494
-730.251995034 503.203377793 2139.35913216
-514.190665518 893.401807828 2656.68043642
-1726.12419577 773.958627793 2020.22939809
-921.430474691 589.034053727 2017.36612753
-1164.1881015 430.907847941 2543.52613282
-373.184813398 900.115532015 2503.57330207
-638.964900847 691.170631844 2667.27807689
-556.623772099 550.46076285 2644.32506974
-749.059421399 671.117900455 2605.45324861
-717.452342027 590.178700025 2574.43820286
-463.456891899 835.478176005 2078.77956227
-878.922739471 731.760145352 1999.7542975
-1163.05012298 1003.7801364 2665.44323698
-463.395315211 1230.72257102 2096.01325994
-577.44510614 863.236756624 2629.63569036
-605.914939189 1506.43418773 2639.74875282
-594.271427056 530.310858351 2185.17578002
-728.711509668 650.046776805 2086.9073472
-679.098105266 899.807126848 2675.49479999
-686.366953566 466.265270451 2524.75163584
-882.091330314 482.754547034 2648.1041226
-391.575253318 866.919299545 2057.07634634
-512.506642098 799.348945959 2071.98176159
-672.379095712 479.232990283 2028.61606547
-613.867032237 949.908636662 2623.45847789
-521.64974087 722.192242236 2067.37929719
-406.049040381 1063.38482864 2678.86609531
-731.538812919 1150.18240907 2585.57863569
-543.579849346 1524.84608512 2534.86087332
-499.223384985 1160.3897089 2120.58213614
-941.874604323 407.421411154 2042.72921463
-762.169642087 1251.58886844 2639.68544859
284.939909633 1372.40634303 2555.69916568
-610.4834102 753.370664733 2595.41582628
-424.800449296 1026.97310394 2524.66708262
-358.648251042 1187.61258442 2545.62882076
-481.535918335 1533.42903608 2593.57472628
-206.283520222 1404.55310217 2598.95140666
165.29208037 1595.91945814 2660.98843792
-436.646481307 1155.97791853 2579.09893822
388.020687923 1854.52957766 2585.15898132
-1023.20713091 988.711952261 2618.9761726
-350.021856249 617.477399697 2675.30397085
-568.52206112 1112.52589904 2534.12723708
-443.950070402 1570.56140569 2610.90102597
-454.390478194 1343.09769157 2578.16158251
-133.63608184 1167.31398964 2008.58991732
-472.116634255 752.95487688 2618.56631347
-641.075252858 793.12616981 2560.78415793
-603.805880167 549.357848417 2046.42148774
-442.64707523 990.9983764 2585.38166957
-597.703417242 1069.64479312 2585.79827903
-561.726082581 1226.61427138 2637.15283816
-292.258908094 1451.47439052 2572.13236578
-830.820277577 770.822645529 2533.18053447
-349.91782763 1273.77641923 2583.76479707
-565.851074069 762.650647781 2001.80126942
-562.645922458 871.038015542 2623.11024506
-726.919337837 403.532433914 1524.14928754
-748.208463385 1411.1390016 2581.49486588
-582.020318533 626.596317119 2023.35271484
-402.501968501 1387.61674306 2596.58679373
207.607999241 1561.51306973 2627.96039198
-655.289700959 804.792942711 2118.82019636
177.234547174 1396.42895306 2561.87159168
-576.900918294 1601.40942023 2660.77583779
318.232234555 1440.35181832 2101.8696933
-566.201973863 844.174207668 2553.43005555
-432.725836803 783.085175278 1927.02068972
-427.859388758 443.884372018 2574.01465207
299.682169688 2110.22921541 2694.88275814
-502.806544609 1012.5540571 2659.98262954
-981.963212925 1521.73646759 2649.10848894
-222.239073877 1148.64296176 2522.57856445
-295.948856691 1136.79180459 2546.95641069
-501.39770481 352.133972433 1512.7996734
-305.31608525 1196.45990094 2482.47559864
-715.41657142 1746.46563997 2643.87089198
256.570944511 1651.56405849 2642.99772414
-390.222667051 1111.57407198 2632.65343505
-278.253475354 1258.41391504 2595.29213046
873.778644682 1677.97446822 2538.12853015
-575.581361858 662.547879381 2038.73941373
174.188410777 1305.87865382 2562.35941257
-212.968878223 1134.14761812 2609.09313991
-199.269086994 963.388954937 2065.34977463
-349.853141314 867.028363276 2042.34690508
-835.811993079 992.486256313 2566.52646926
-603.413134616 1085.94079869 2599.51496756
-385.869660817 962.249690369 2657.09200583
-535.326096623 534.851984989 2026.89433894
-242.22156404 1239.42490913 2666.31402524
-345.348515231 1167.40362823 2599.68394032
-237.772717482 1230.29832308 2519.04148688
-393.786714736 1003.74511206 2553.57806098
-290.325167213 1378.29158098 2631.84127074
-827.864447285 738.182373759 2654.13379253
-583.646263106 1210.44360824 2640.253097
-516.268417583 678.933254814 2631.19435326
-596.046175672 1023.18025694 2610.89157765
300.849167453 1603.43050805 2639.4422527
-903.27616292 1211.59124972 2603.85435867
-536.123081334 1290.98335842 2659.39949006
-476.049557611 857.86586593 2568.35260707
-388.526872801 772.662669603 2595.12705191
-616.315869062 925.399993009 2486.64634558
-1170.16075643 1141.67416446 2658.97841903
-276.945893068 1305.98157524 2574.98643803
-351.776221286 921.134775062 2098.31042557
-488.651720006 1211.72046561 2610.04826325
-534.14483295 1003.45909185 2608.16707345
-421.740581588 517.101865702 2089.31373444
-669.050817664 1129.11584173 2581.75442086
-244.10880761 1434.04325244 2589.43078295
-495.635047537 983.534406377 2639.81033515
-394.798188843 231.393621156 2018.90072688
-429.329001928 484.950692043 2655.60272022
-883.061399699 1474.56953978 2667.5049178
-373.242999482 1053.63346545 2627.42839306
-344.368097811 959.662410669 2577.03680946
-393.647950431 1026.70800455 2623.92844146
229.639994872 1375.50736301 2630.53085225
-469.185586529 1280.66251664 2562.66130236
-807.767711636 572.185808911 2073.90539851
315.793752369 1500.03381415 2697.56999764
-205.344967808 1490.48620808 2635.99056161
-327.171913327 1068.84687341 2085.43989939
-335.479265276 915.458806588 2049.2518056
-506.950403484 1281.3798469 2636.81556617
-301.334667301 1035.83018777 2104.37489268
308.973107554 1561.86821391 2638.9238088
-251.490378332 894.314123026 2687.08222612
-397.524528558 998.847272584 2668.55104406
-440.195055863 996.068779971 2631.09637337
-1046.74075973 1027.29627883 2106.23324884
-100.732179603 1240.01097914 2679.42672477
325.870451001 1480.25980665 2627.9547899
-169.525918333 1615.86191602 2620.10874758
-418.129670303 1359.92727371 2673.99101157
-915.81330211 1566.93081269 2653.74131449
-453.336178087 1574.9118593 2666.56547258
-386.567315416 949.606408642 2696.54331591
-650.533863916 696.866374444 2092.0143655
-287.575035034 1380.35791787 2650.36402925
-251.283339224 1100.18061181 2656.16418476
-289.598306756 1221.98957028 2532.57174017
-383.28540188 1189.0962727 2594.49269832
-242.167413325 1149.96915532 2673.38858708
-1073.5613666 1066.19383795 2644.40462805
-267.599818209 1299.34346838 2593.25904331
-409.133288309 1424.4697511 2702.31880505
-356.915523888 1420.89029432 2655.45557955
-374.5334146 1566.94125382 2602.06500471
-210.65920706 1273.36977954 2668.51109647
179.557246471 1555.39608444 2599.82635048
272.270458046 1534.81747348 2573.5747853
-610.925304808 1075.24447919 2663.57558729
-276.656111384 1304.67457176 2610.66328603
-475.836140567 1513.44858179 2619.46613076
-253.236569712 1102.72760421 2084.52023823
-453.989293142 817.335829315 2560.29991891
-796.914407079 795.977046571 2635.37203105
-419.507376882 1119.08524456 2670.096923
-466.36875253 605.243413281 2607.22165349
-254.893654224 1095.60029445 2133.59452494
-251.763326073 1482.20106122 2655.42632742
-581.27354292 774.641179865 2675.65531382
-870.666570175 1349.08940347 2678.23876236
-339.597968468 1274.69936232 2600.34155832
372.464723596 1322.6747863 2099.471612
-964.470360797 916.852122828 2717.99130063
-346.515456655 1090.49569295 2597.15814473
-585.548545998 1190.1104697 2072.13266678
-255.935047403 1441.18795259 2110.06332003
-1094.5891498 1062.08223557 2711.69088807
251.915388552 920.528677746 1532.91743315
-157.016134802 1448.60957203 2674.26680638
-547.466144607 1460.03386983 2714.83502488
-669.901030418 909.271740678 1513.76891466
-240.926872174 1277.18303897 2108.19303276
-181.645291914 1090.77934238 2153.86862999
-390.704364276 892.340769035 2092.08887151
-364.940125767 1022.6325195 2704.25610185
-1573.21328375 6.71047533189 1546.64001931
73.9989376828 1164.90271779 2618.14582719
-745.451454817 1443.52166806 2675.55634043
-418.735995052 746.83276334 2144.16473624
-1021.44248936 937.908856675 2666.81861103
157.639952282 1342.5126324 2704.975231
-1040.42056309 503.245270678 2089.46350725
-385.316345368 663.872632494 2105.40346451
225.207009251 1696.61313503 2727.51406127
-514.970376524 1241.38443885 2720.05659338
-172.188058774 1630.25395743 2673.57369716
-515.598259622 1365.83076808 2740.96403113
307.441946019 1804.30717111 2695.97274936
-199.432907181 1588.13096272 2740.94548407
272.034028787 1289.15922585 2114.76650784
240.522661937 1397.54810421 2735.90492743
-655.481477683 705.499670941 2726.3760255
-572.527515905 716.325298125 1581.10385701
-363.992452644 1300.4013097 2706.73525797
-257.609622638 1355.56204005 2168.52424975
-272.036187542 1344.78351008 2703.81845399
-919.789438715 1079.47790266 2129.94937218
-305.772768873 724.682684397 2513.43419841
-776.1929839 695.957197164 2128.33336417
-321.024829409 1745.32396979 2154.87362414
-641.443022584 1196.88338086 2142.90753258
-572.961228174 1065.46867717 2654.83410864
-617.252570357 810.437660925 2028.92113626
-131.517434639 1356.82329336 2684.5949868
-301.078912074 1395.91202311 2650.13280634
-1445.04189403 1322.21844476 2703.24191775
-552.950466948 1496.00944212 2736.52005771
-347.216009162 586.288498457 1552.756957
-224.718024032 1359.94763589 2710.22068743
293.892013025 1302.97068925 2162.70260146
967.017598269 1936.41023013 2701.17953343
69.6765617062 1141.80978212 2670.67925409
-419.823097555 1511.07722785 2762.67299966
371.176682795 1653.73333961 2689.40377596
283.825294295 1288.56130477 2652.42008236
-324.461634235 1445.13472021 2735.62509428
-437.33704927 1164.79521969 2721.71864437
-444.710088904 1422.0781054 2718.0293004
-369.5457595 983.024529801 2112.50008264
-468.371269444 927.334284308 2092.32536833
-430.501927741 871.823274014 2157.5693508
-348.501931936 1375.29024855 2118.22184986
-512.614772776 1048.57170198 2144.76687274
275.174723724 1170.8653112 2624.7346866
-286.41465097 1565.28443972 2658.89103578
330.211251946 1891.44683033 2696.26609344
-265.66908846 1371.12569343 2712.52834564
-452.752605687 1278.93066132 2709.87317882
-493.157932058 1058.25615164 2686.11709448
-402.429627786 1567.22503277 2682.90315364
-136.563279267 1230.858122 2718.99110331
-345.951349596 1462.3742207 2714.26425164
-312.206630351 1086.57548557 2683.47434984
-457.124062302 991.172330928 2134.8780563
193.550810758 1236.03315754 2166.9014135
-528.365081168 1227.21208663 2681.31819015
-477.41322173 906.58071078 1582.33274735
-442.881219713 1626.57795838 2710.68036672
-147.970872947 1434.07745601 2726.66262743
319.597111954 1355.37661068 2762.11013355
-664.704076672 1310.14388032 2746.58343098
16.4065298028 1331.31958785 2726.48303035
192.165119665 1264.25527826 2749.75127055
-474.811558818 1140.07321675 2734.46952854
193.498164136 1099.90144295 2152.24234047
-520.056991895 1328.98773358 2755.11177212
-368.441108038 528.331397363 1536.49991642
-324.191248751 746.904539261 1582.27717047
-276.160817153 1585.64361074 2709.47093582
-663.140301666 977.430338302 2683.79458105
266.196291076 1165.27035996 2114.81503891
-380.44226799 1039.16101988 2156.06217912
-321.411260698 1489.81470651 2705.9222627
231.295732534 1361.66564421 2736.80388907
-501.528489072 1014.58693801 2113.6804035
-193.306042373 1612.70482401 2748.23266585
-494.754470125 998.787039035 2730.42561561
896.342393708 1904.34494678 2733.61729778
283.535144597 1367.29115451 2180.62533565
-219.164503362 1208.26949601 2171.59721612
-453.964464373 1373.77468144 2155.27611618
346.439628959 1233.85398188 2097.15252322
-376.348741684 1228.15879093 2670.3355306
-558.062126167 800.158879847 2114.01881213
-384.281996084 1387.11062018 2744.32402614
-379.303204297 1181.00391324 2158.87619088
-347.552158662 1187.41506472 2171.92117188
-419.089727246 1577.32412623 2697.9731668
-294.458512824 1134.72811663 2143.58443418
-361.764192365 1307.79373183 2681.77830182
911.071735371 1825.97732797 2723.58924495
-223.604943725 1444.81486448 2194.33358583
-434.913717546 1264.79315008 2696.74554061
-499.692877199 819.842798683 2102.34422449
276.14811261 1636.30566177 2615.4031847
361.196494186 1622.14954974 2754.45960925
-607.618053944 1257.43052957 2735.20203212
-623.855586706 1791.04031572 2753.86205049
385.586342561 1736.60634719 2775.76636831
-176.26463283 1566.17384746 2745.89323594
304.820517227 1475.31474619 2688.35513433
876.921311298 1368.00020391 2720.56169044
390.716606469 1331.22214749 2705.4997682
-269.673713928 1718.60340602 2729.27537213
333.69036285 1592.1764838 2703.17173412
-280.103366372 1464.58021899 2698.71183482
-272.199334359 1068.11003956 2763.70946544
-431.758690611 1108.29709168 2703.77147613
-180.61721776 1449.84905959 2146.12259702
-371.535205415 1278.27632259 2755.31198821
322.845342267 1580.39493016 2724.07443648
-230.402809224 1554.2723235 2740.5188811
-441.889091283 1387.06666659 2137.56542509
-649.005023503 1169.59115064 2755.8653218
387.265069155 1727.63276253 2751.55002187
281.517185894 1562.86621093 2766.26103423
314.798114341 1616.85410717 2770.61026875
-698.774115109 1261.53572556 2699.87047843
319.951005567 1383.78486934 2188.26511261
392.094651183 1551.00286712 2691.75569808
-738.889829498 1376.27025355 2763.31212955
328.094472799 1314.68866432 2757.57894409
286.988150346 1542.77994918 2740.90405623
252.452323514 1245.37473405 2171.51759774
-588.673102796 1225.83766863 2174.962445
-376.719462246 1538.27025863 2759.14161325
-462.978514059 1243.37569937 2757.01677829
358.13350935 1372.11266552 2741.80510335
863.442315487 1473.19822207 2763.72428825
-479.248662156 1352.79261693 2693.97550957
-535.725532547 1163.01141822 2194.01211513
394.100074817 1524.32201405 2698.70000148
-172.393710141 1243.21153064 1981.72337711
-185.437691961 1582.01447628 2750.8044576
-232.506969041 1314.43469131 2753.56905365
378.424362981 1447.88482374 2182.16001915
377.890046 1683.03850956 2746.5149639
-538.031732977 853.723005084 2166.96575981
207.889223138 1491.09635899 2752.56298007
257.417058753 1423.32116105 2754.88271811
-463.520104805 1221.78375895 2170.45598739
1003.18914938 1771.29328701 2713.66706887
-302.99179106 1498.18410688 2763.54046754
-227.680457914 1090.73176126 2748.36746107
-364.240348561 720.147898751 2184.06829227
-370.07603632 1384.40401255 2788.77666164
-866.849588246 1055.4643618 2182.74061149
-405.691244115 1075.31770557 2065.03696777
-226.736314695 1161.09088044 2195.80891667
296.896252664 1337.83450402 2198.21702619
-282.027788299 1127.11714039 2172.45441864
309.997315494 1404.49264038 2751.08062418
-358.187853402 1359.84667296 2188.71698803
199.918629186 1303.30422862 2192.29875525
-1125.68301248 1481.7740743 2786.38847333
-576.072366329 1355.03603042 2790.69642061
378.651027996 1575.33374352 2780.60580756
-285.874565073 1086.00315411 2193.66296969
-342.110184512 1870.63615919 2778.9089362
-638.825503768 1030.44945214 2198.34172822
-216.075853126 1085.33239484 2186.51694673
-102.618977517 1328.60108582 2193.11076206
-187.52783083 1213.24080468 2742.42937996
-385.42652848 1025.56234539 2781.70909243
-329.026198074 1071.66016702 2208.54974287
191.956656795 1004.17093164 1576.65869834
-216.374310564 1231.80842489 2182.20850061
1016.04734555 1822.3820176 2692.54914552
229.984708589 1198.33086201 2178.19979173
291.844129411 1142.68784069 2138.34836142
-203.251170983 1383.4271985 2763.93966166
-183.074790989 1574.43087658 2181.56911681
-619.168282871 1088.99001888 2179.71671831
407.4348502 1754.62840708 2779.05339624
-489.550542315 1668.61228738 2788.44970184
356.677869503 1497.35559649 2744.07243145
-204.085619326 1324.26319955 2168.94912273
-378.422214911 784.932784975 2772.59268607
-373.246752559 1246.4500777 2205.54657601
-256.30950847 1270.32802723 2765.18770594
-370.701326858 1131.39839505 2754.9153426
303.804165814 1575.78625541 2753.63836172
291.813864356 1388.55018828 2184.31039481
-255.999211081 1579.19134415 2199.06134996
199.424953811 1445.54044113 2764.7108252
-241.001938241 1250.13114377 2760.36731352
