0.40076 0.42206 0.46292
0.4066 0.432724 0.461
0.41076 0.427656 0.44316
0.40172 0.425464 0.44924
0.4168 0.431572 0.44268
0.40848 0.431332 0.45676
0.41848 0.43816 0.45528
0.40636 0.447288 0.46788
0.40484 0.428816 0.44888
0.4082 0.427168 0.44576
0.4116 0.434508 0.4562
0.40908 0.426972 0.44956
0.42172 0.430464 0.445
0.4296 0.444576 0.46832
0.42316 0.4437 0.47264
0.41204 0.446764 0.49568
0.41592 0.436888 0.45676
0.41664 0.432204 0.44364
0.42772 0.451136 0.47256
0.4296 0.466196 0.4986
0.4136 0.45124 0.49492
0.46092 0.48104 0.50288
0.43528 0.47976 0.54692
0.43928 0.476032 0.52608
0.45336 0.484936 0.52784
0.4774 0.498976 0.55912
0.44732 0.49322 0.54052
0.45636 0.498324 0.53348
0.43 0.496112 0.53984
0.44964 0.50286 0.54192
0.45048 0.504 0.53392
0.44572 0.492512 0.52552
0.47004 0.504336 0.54212
0.44712 0.478224 0.50356
0.45368 0.47158 0.493
0.4544 0.487448 0.50608
0.45416 0.481912 0.51488
0.44068 0.47812 0.52848
0.4516 0.492412 0.5324
0.44852 0.492496 0.51868
0.47908 0.501636 0.53564
0.45056 0.4944 0.52492
0.4644 0.514468 0.56592
0.44524 0.492676 0.55972
0.45428 0.506524 0.54044
0.4726 0.517056 0.55364
0.4712 0.505424 0.55352
0.46288 0.515 0.55264
0.47372 0.513952 0.5322
0.49064 0.505448 0.52268
0.44868 0.51128 0.57876
0.46564 0.50102 0.55672
0.45604 0.499824 0.5514
0.47 0.499432 0.53656
0.45728 0.488212 0.52384
0.4768 0.50712 0.54292
0.47056 0.498112 0.5482
0.44492 0.481028 0.53332
0.443 0.478492 0.51856
0.45748 0.482124 0.50708
0.46196 0.504532 0.55756
0.45572 0.49066 0.54196
0.43756 0.491244 0.54372
0.45644 0.490784 0.53796
0.4458 0.501808 0.55368
0.4548 0.500276 0.57016
0.42084 0.496948 0.57136
0.445 0.490116 0.56032
0.43656 0.489868 0.55288
0.46092 0.491128 0.53048
0.44792 0.496332 0.5426
0.45176 0.480628 0.52576
0.42548 0.49062 0.53476
0.43544 0.482652 0.53684
0.4338 0.4825 0.52548
0.45424 0.492976 0.55108
0.42012 0.473624 0.49564
0.44048 0.4926 0.55612
0.43928 0.489608 0.55512
0.42568 0.469336 0.52056
0.4632 0.502844 0.54568
0.4318 0.485408 0.52468
0.43088 0.477332 0.5262
0.4356 0.473392 0.54312
0.4216 0.46596 0.5094
0.41108 0.479864 0.522
0.41312 0.463612 0.51476
0.4336 0.473484 0.53212
0.41256 0.458868 0.51868
0.44324 0.465764 0.49576
0.42536 0.474332 0.56296
0.42468 0.459024 0.49268
0.39244 0.455748 0.51872
0.42788 0.480288 0.5246
0.43064 0.46972 0.52932
0.44592 0.487184 0.52948
0.42956 0.485576 0.5632
0.46344 0.488616 0.52264
0.4332 0.485792 0.51952
0.42552 0.464792 0.5082
0.43048 0.464128 0.499
0.4396 0.494452 0.53908
0.4482 0.478616 0.51352
0.44172 0.471388 0.51004
0.39956 0.443972 0.49664
0.43868 0.466264 0.50348
0.43508 0.471436 0.52624
0.4642 0.485372 0.52124
0.44364 0.469764 0.50824
0.43324 0.471164 0.50344
0.4272 0.478916 0.56648
0.43004 0.451256 0.51752
0.43044 0.448148 0.48108
0.43664 0.47448 0.5274
0.4202 0.45582 0.52432
0.40852 0.44642 0.4706
0.4102 0.44122 0.48876
0.4276 0.472296 0.5292
0.43048 0.466744 0.51672
0.42424 0.468204 0.52332
0.40976 0.4532 0.485
0.41112 0.464964 0.53676
0.42264 0.455824 0.505
0.40928 0.456272 0.49976
0.43512 0.48074 0.53652
0.41704 0.44998 0.48204
0.43072 0.456716 0.4994
0.43216 0.476304 0.51428
0.44504 0.48008 0.52644
0.43316 0.456 0.49
0.41464 0.45082 0.49764
0.39456 0.433564 0.4852
0.396 0.445068 0.4694
0.42336 0.44738 0.46928
0.4214 0.452144 0.51672
0.40716 0.429564 0.46176
0.39608 0.430528 0.46856
0.41336 0.445212 0.47248
0.40412 0.43352 0.48248
0.38284 0.427452 0.4742
0.39928 0.430832 0.4788
0.39936 0.43116 0.47472
0.40636 0.434184 0.48964
0.3908 0.421356 0.45572
0.38784 0.441004 0.49196
0.39048 0.411676 0.44004
0.38936 0.417688 0.4634
0.41108 0.438916 0.46832
0.40636 0.427524 0.44868
0.39248 0.448156 0.49704
0.38208 0.411768 0.4428
0.40784 0.418868 0.46628
