0.16924 0.492852 0.6
0.15164 0.451428 0.6
0.14972 0.465252 0.6
0.11976 0.346072 0.6
0.15528 0.354852 0.6
0.13764 0.399436 0.6
0.13984 0.301952 0.6
0.1192 0.35384 0.6
0.12924 0.20346 0.48596
0.12072 0.206404 0.47016
0.13168 0.263392 0.6
0.10948 0.258284 0.6
0.13544 0.183704 0.27604
0.15104 0.207928 0.465
0.13084 0.211148 0.54948
0.12108 0.159544 0.23024
0.13144 0.152344 0.19196
0.12304 0.204436 0.38104
0.13012 0.180952 0.38204
0.12464 0.158332 0.26104
0.1242 0.15454 0.22208
0.11852 0.156692 0.24228
0.11316 0.163032 0.25592
0.11524 0.140508 0.17508
0.1148 0.140184 0.1544
0.12064 0.18338 0.54696
0.11696 0.1501 0.19848
0.12068 0.15886 0.289
0.12432 0.146228 0.17156
0.1164 0.14406 0.18972
0.10804 0.151904 0.23908
0.1212 0.137288 0.1622
0.11252 0.126476 0.13728
0.1192 0.173224 0.5106
0.11552 0.165972 0.47972
0.128 0.145684 0.20732
0.11368 0.14294 0.16736
0.11296 0.129508 0.17084
0.11548 0.129572 0.14952
0.10964 0.131216 0.17768
0.10852 0.12308 0.1374
0.11036 0.125548 0.14544
0.1088 0.119068 0.13288
0.11084 0.126756 0.17208
0.1094 0.116584 0.13216
0.0972 0.124336 0.14056
0.1046 0.12054 0.13912
0.11088 0.121464 0.14268
0.10468 0.121856 0.14236
0.10836 0.136432 0.20856
0.10524 0.120916 0.13924
0.10892 0.125308 0.13508
0.10924 0.114736 0.12176
0.10904 0.11966 0.14832
0.1086 0.121388 0.139
0.11028 0.127712 0.16524
0.10704 0.127484 0.15788
0.10592 0.128372 0.15768
0.10712 0.11866 0.15836
0.10292 0.120092 0.13096
0.11236 0.116416 0.12456
0.09912 0.11704 0.1478
0.10648 0.116084 0.1206
0.10896 0.118744 0.12956
0.10276 0.114688 0.12296
0.10096 0.115952 0.13948
0.10544 0.11608 0.12592
0.11072 0.119552 0.1398
0.10352 0.115516 0.12988
0.11036 0.121204 0.13268
0.1096 0.117052 0.1448
0.10252 0.118672 0.13164
0.10464 0.123864 0.202
0.10644 0.115624 0.1246
0.09432 0.1188 0.13892
0.10488 0.114436 0.1286
0.10672 0.113164 0.11952
0.10312 0.118852 0.14124
0.0984 0.11756 0.1284
0.10256 0.115708 0.12972
0.11032 0.11982 0.14112
0.10356 0.115708 0.13092
0.10372 0.116312 0.12904
0.10072 0.11228 0.12216
0.10532 0.111988 0.12256
0.10532 0.118636 0.1366
0.1024 0.113668 0.12836
0.10112 0.11126 0.12092
0.10092 0.112868 0.13528
0.10028 0.110184 0.14212
0.10308 0.108496 0.116
0.10072 0.107644 0.11472
0.10272 0.10724 0.11572
0.10236 0.107936 0.11404
0.10104 0.105188 0.11332
0.09536 0.10878 0.117
0.1038 0.10878 0.11996
0.10488 0.114556 0.12368
0.09928 0.10632 0.1202
0.10204 0.111716 0.11752
0.09928 0.107476 0.11908
0.10516 0.11408 0.12496
0.1004 0.11152 0.12976
0.0988 0.108216 0.11624
0.09596 0.10822 0.11852
0.10268 0.111612 0.1382
0.09912 0.106416 0.1188
0.09972 0.105192 0.11676
0.09908 0.107284 0.12464
0.09968 0.10502 0.11712
0.097 0.106192 0.11264
0.09596 0.10466 0.10884
0.09856 0.104328 0.11708
0.09944 0.105596 0.11928
0.09836 0.103392 0.1126
0.0974 0.103452 0.11396
0.09892 0.1037 0.11064
0.1004 0.102848 0.107
0.09968 0.106576 0.1174
0.09676 0.10682 0.11752
0.0966 0.102792 0.109
0.09608 0.103372 0.10828
0.09692 0.10196 0.10968
0.09648 0.099752 0.10324
0.09588 0.102468 0.11484
0.09492 0.101372 0.10896
0.0984 0.105084 0.12692
0.09712 0.1009 0.10492
0.09448 0.100884 0.11188
0.099 0.101368 0.10436
0.09696 0.10058 0.10744
0.0976 0.103472 0.11596
0.09532 0.101912 0.10768
0.09684 0.101388 0.10572
0.09888 0.10394 0.10912
0.09368 0.100196 0.10256
0.09608 0.100796 0.11012
0.0922 0.099448 0.10624
0.09256 0.098864 0.10848
0.09808 0.100496 0.10484
0.09508 0.100832 0.10492
0.09432 0.100136 0.10864
0.0964 0.101368 0.10612
0.09536 0.100032 0.10688
0.09628 0.10106 0.10644
0.09404 0.099256 0.10364
0.0948 0.098184 0.10108
0.0954 0.098456 0.10228
0.09532 0.100376 0.10792
0.09132 0.099264 0.10908
0.09412 0.097944 0.1018
0.09432 0.099092 0.10844
0.09496 0.098624 0.10484
0.09292 0.097148 0.0998
0.09212 0.095408 0.10044
0.09392 0.097044 0.10024
0.09356 0.096332 0.10096
0.09312 0.096272 0.10008
0.09392 0.09596 0.10012
0.09156 0.095852 0.10068
0.09156 0.095892 0.10016
0.09332 0.114512 0.26544
0.09244 0.096364 0.10148
0.09344 0.09744 0.10736
0.0916 0.095068 0.09852
0.09272 0.095964 0.1026
0.09236 0.096264 0.10256
0.0904 0.096628 0.10904
0.09456 0.098004 0.10484
0.09232 0.0955 0.1028
0.0932 0.096356 0.10288
0.0932 0.095568 0.09732
0.09348 0.09496 0.09828
0.093 0.094404 0.09664
0.09404 0.096136 0.09984
0.09124 0.09532 0.09972
0.09436 0.09752 0.10352
0.09276 0.096732 0.09876
0.09404 0.096632 0.10024
0.09332 0.095796 0.10332
0.09296 0.09572 0.09928
0.0914 0.095788 0.10056
0.09256 0.096008 0.10088
0.09332 0.098468 0.10824
0.09324 0.097268 0.10428
0.09212 0.095832 0.0984
0.09272 0.09682 0.1004
0.09276 0.09668 0.1032
0.09364 0.097284 0.10788
0.09272 0.096804 0.10232
0.09352 0.097024 0.10348
0.09296 0.097232 0.10008
0.09016 0.097624 0.10396
0.09304 0.097004 0.10088
