0.2656 0.503692 0.6
0.35996 0.544884 0.6
0.25812 0.562952 0.6
0.18508 0.397284 0.6
0.26492 0.50198 0.6
0.252 0.469496 0.6
0.2208 0.37024 0.6
0.2064 0.343048 0.59548
0.20308 0.361772 0.6
0.18108 0.314372 0.5356
0.1808 0.283052 0.593
0.20244 0.387184 0.59916
0.17656 0.307428 0.6
0.1706 0.30896 0.59264
0.20008 0.308004 0.6
0.17388 0.302636 0.6
0.16884 0.253208 0.6
0.17608 0.234532 0.6
0.18744 0.350416 0.6
0.1768 0.329516 0.6
0.18696 0.323824 0.6
0.17592 0.235432 0.45532
0.18528 0.318216 0.58584
0.19552 0.251524 0.6
0.16472 0.354004 0.6
0.17916 0.273532 0.6
0.18492 0.319956 0.6
0.1748 0.28052 0.6
0.18552 0.305672 0.6
0.17528 0.308372 0.6
0.16528 0.285892 0.57544
0.17 0.36194 0.6
0.19308 0.248316 0.49984
0.178 0.243724 0.59184
0.17824 0.212508 0.25508
0.1842 0.267012 0.5334
0.16552 0.318276 0.6
0.16952 0.206992 0.23336
0.18956 0.224544 0.28044
0.17144 0.215524 0.24632
0.1744 0.232248 0.49276
0.17424 0.261116 0.6
0.2018 0.238484 0.29752
0.20652 0.239196 0.32088
0.18824 0.273024 0.6
0.20184 0.2626 0.6
0.19024 0.228604 0.26992
0.1936 0.231396 0.298
0.16568 0.2361 0.367
0.17172 0.269712 0.6
0.18164 0.293452 0.53528
0.18936 0.298744 0.5058
0.1824 0.247996 0.4954
0.17564 0.224764 0.35388
0.18452 0.249308 0.34536
0.19736 0.29262 0.5488
0.18952 0.22994 0.30232
0.17416 0.26326 0.6
0.18528 0.252924 0.59492
0.18316 0.218544 0.26256
0.1718 0.191284 0.22576
0.18984 0.2164 0.26468
0.1636 0.2164 0.34188
0.1788 0.21656 0.25584
0.16392 0.214496 0.38288
0.17264 0.200728 0.28908
0.1758 0.239612 0.6
0.17912 0.240408 0.53832
0.17676 0.202956 0.2826
0.18316 0.290708 0.6
0.17804 0.213772 0.2908
0.17284 0.22984 0.48752
0.17692 0.194072 0.21624
0.17332 0.204596 0.23912
0.17296 0.20824 0.23616
0.16656 0.212472 0.34088
0.18012 0.19794 0.22348
0.16136 0.205424 0.27264
0.18332 0.201676 0.25188
0.17072 0.17292 0.17556
0.16992 0.172536 0.1754
0.17068 0.172028 0.1734
0.1696 0.172076 0.17524
0.16796 0.171072 0.17368
0.17028 0.172708 0.17556
0.16808 0.172572 0.17608
0.16864 0.171 0.17348
0.1702 0.172924 0.17652
0.167 0.171116 0.17568
0.1698 0.171352 0.1736
0.16916 0.171692 0.17416
0.16844 0.171128 0.17296
0.1702 0.172088 0.17644
0.16832 0.17048 0.17332
0.16936 0.171552 0.17364
0.1674 0.170788 0.17404
0.16944 0.171804 0.17464
0.1702 0.172032 0.17424
0.1698 0.171112 0.17248
0.16976 0.17164 0.17404
0.16864 0.17122 0.17312
0.16796 0.170768 0.1734
0.16992 0.170968 0.17216
0.167 0.170796 0.17352
0.16716 0.169912 0.17104
0.16752 0.170292 0.17224
0.16892 0.170132 0.17084
0.16736 0.169816 0.17176
0.16708 0.17012 0.17184
0.16748 0.170292 0.1734
0.16828 0.170328 0.17352
0.1676 0.169808 0.17324
0.16812 0.17006 0.17392
0.16668 0.169032 0.17104
0.16736 0.169856 0.17116
0.16732 0.170132 0.17264
0.16748 0.169896 0.17184
0.16772 0.169996 0.17148
0.16876 0.170256 0.17276
0.16924 0.171232 0.17284
0.1684 0.17088 0.1726
0.16864 0.170492 0.17336
0.16896 0.170268 0.17228
0.169 0.1713 0.17352
0.16756 0.170344 0.17284
0.17012 0.171616 0.17356
0.1678 0.17014 0.17288
0.16852 0.169904 0.17236
0.16836 0.170932 0.17452
0.169 0.170976 0.17384
0.16836 0.17106 0.17368
0.16796 0.170172 0.17248
0.17076 0.1724 0.17524
0.16736 0.170348 0.1734
0.16864 0.17036 0.17268
0.16928 0.1706 0.1728
0.16712 0.170128 0.17224
0.16776 0.170188 0.17256
0.16832 0.17074 0.17332
0.16624 0.16972 0.1736
0.167 0.16994 0.173
0.16832 0.17072 0.17208
0.16764 0.16948 0.17116
0.16872 0.170824 0.17384
0.16928 0.1709 0.17388
0.16872 0.17084 0.1734
0.16884 0.170468 0.17296
0.16676 0.169956 0.17252
0.16704 0.170216 0.17128
0.16768 0.170144 0.17188
0.16812 0.170328 0.17208
0.1694 0.170816 0.17404
0.16784 0.17 0.17264
0.16772 0.170068 0.173
0.16732 0.16972 0.17128
0.16892 0.170508 0.17212
0.16756 0.16974 0.17284
0.16812 0.16954 0.17172
0.16616 0.170108 0.17356
0.16668 0.170372 0.1724
0.16816 0.170956 0.17384
0.16716 0.16986 0.17184
0.16808 0.170376 0.17196
0.1672 0.16972 0.17272
0.16788 0.16962 0.17252
0.16764 0.16952 0.17164
0.16696 0.169864 0.1714
0.16828 0.170088 0.17288
0.16704 0.169736 0.17144
0.1658 0.16874 0.17052
0.16716 0.169528 0.17148
0.1672 0.170036 0.17284
0.16736 0.16946 0.17164
0.16684 0.1693 0.17224
0.16788 0.169104 0.17108
0.168 0.170284 0.17292
0.166 0.169448 0.17216
0.16772 0.169176 0.17012
0.1664 0.169392 0.17224
0.16644 0.169132 0.17208
0.16716 0.16976 0.17172
0.16648 0.168508 0.17156
0.16716 0.169556 0.17192
0.16756 0.169652 0.1728
0.16712 0.169776 0.1716
0.16844 0.169984 0.17168
0.16804 0.170256 0.1734
0.16704 0.169048 0.17084
0.1654 0.170148 0.17228
0.16816 0.1701 0.17192
0.16876 0.170752 0.17312
0.1684 0.17036 0.17152
0.168 0.169888 0.171
0.1674 0.169868 0.17148
0.16556 0.1697 0.17184
0.1678 0.1696 0.17184
0.16756 0.169604 0.17152
0.1672 0.169272 0.1714
0.1672 0.169156 0.17072
0.16764 0.169396 0.17108
0.16784 0.169976 0.1718
0.16684 0.168752 0.17048
0.16688 0.168684 0.17012
0.16668 0.169332 0.1716
0.16736 0.169412 0.17264
0.16808 0.169436 0.17048
0.16732 0.168808 0.17044
0.16688 0.168644 0.1714
0.16672 0.16834 0.1698
0.16764 0.16894 0.17032
0.167 0.168668 0.16968
0.1654 0.168136 0.17104
0.16648 0.16874 0.17044
0.166 0.168116 0.17028
0.16552 0.167852 0.17128
0.16448 0.16896 0.1716
0.1678 0.169356 0.17152
0.16532 0.168204 0.17008
0.16796 0.169376 0.17104
0.16684 0.169276 0.17184
0.16812 0.169624 0.17088
0.16608 0.168056 0.16964
0.16616 0.16892 0.17092
0.16692 0.168688 0.17044
0.1668 0.169356 0.17248
0.16732 0.168824 0.17064
0.16732 0.168648 0.17088
0.16652 0.169248 0.1718
0.16596 0.168516 0.17112
0.16664 0.168356 0.1702
0.16712 0.168776 0.17012
0.16692 0.168936 0.17196
0.1678 0.169348 0.17216
0.16676 0.168148 0.16928
0.16588 0.1683 0.17124
0.166 0.16896 0.17008
0.1668 0.168928 0.17028
0.16832 0.16968 0.17204
0.16752 0.16942 0.17272
0.1672 0.169044 0.17012
0.16804 0.169276 0.17104
0.1674 0.169204 0.17108
0.168 0.169352 0.17088
0.16724 0.169124 0.17116
0.16788 0.170016 0.17216
0.16816 0.170032 0.1724
0.16836 0.169752 0.17216
0.16676 0.169936 0.17256
0.16704 0.169776 0.17164
0.16864 0.170572 0.17168
0.16804 0.170168 0.1716
0.16868 0.170048 0.17212
0.16916 0.171016 0.1722
0.16864 0.170176 0.1728
0.16904 0.170672 0.17372
0.1678 0.169784 0.17116
0.16752 0.171268 0.1736
0.16948 0.17098 0.17304
0.16748 0.169156 0.17268
0.16808 0.170348 0.17272
0.16924 0.171052 0.17456
0.16696 0.169804 0.17148
0.1686 0.170356 0.17224
0.16844 0.171064 0.17352
0.16868 0.171112 0.17312
0.168 0.169928 0.17232
0.16688 0.170016 0.17244
0.16716 0.169828 0.17264
0.16732 0.169692 0.17128
0.16808 0.170016 0.17316
0.1678 0.170028 0.17184
0.16828 0.169444 0.17224
0.16688 0.16868 0.1706
0.16672 0.168684 0.17116
0.16692 0.169292 0.17088
0.16668 0.16936 0.17104
0.16704 0.169408 0.1724
