-8415.42267923 -7886.11291296 -5835.85941056
-8416.16126614 -8102.109213 -7607.08516164
-8398.54714425 -8176.35554157 -7698.1427946
-8392.48243203 -7312.78490891 -4366.51663841
-8330.23612296 -6959.22182494 -4967.44717999
-8133.04238362 -7266.38988518 -5985.02441575
-8006.50142771 -5677.68806607 -2105.9987815
-8035.86704143 -6030.65775372 -2765.65603616
-7390.81778138 -5625.47613843 -2782.45539203
-7343.90656026 -3428.84051892 -902.405913452
-7220.54062214 -3737.44119584 -361.818702485
-4886.50600617 -3635.45949246 -1511.40723521
-3001.55843228 -1435.59635688 -88.4338822617
-5323.60810758 -1929.68248183 -35.4172076409
-3931.05833591 -1680.15039376 -168.543294678
-1127.1262557 -503.361294683 169.038275801
-1494.93974049 -373.24910463 45.8805434848
-1209.15391224 -410.478477046 140.419496619
-337.092853464 99.6073070445 363.159552981
-856.261130001 11.4946501731 522.927857798
-516.404125782 62.840412714 607.232148155
-406.179935537 188.228806636 356.825403848
-319.347271597 77.998134178 340.574198669
-234.508323143 152.774687698 392.36201114
105.989374585 260.343983768 409.050003154
-3.84423928028 149.477815462 466.289941945
-240.604017518 226.962140395 424.440942135
-4.47459248944 221.137895028 431.475472307
-72.4717942759 225.284943023 433.389747624
-1281.60947811 4.67466322766 434.722656433
69.4542473026 242.145281707 391.298124837
57.9923831469 267.753127147 367.443761236
-527.864750125 -6.04140706947 303.365301954
-436.462209585 125.251024631 454.579471679
150.574848868 286.793322668 370.33421762
-613.634085507 63.8678703759 381.579401709
-6.78902186412 265.931319871 627.892632059
-55.627773585 214.714842237 364.542246795
-129.048412778 172.292669975 311.509902633
-60.2628019952 236.273537923 416.124460703
-1959.56236788 74.0477514457 588.920139681
-197.934146156 184.737264024 461.095479944
-2668.0637194 -19.4968869046 402.828965556
