1322.16940809 1555.58284754 1792.17039673
1174.35526029 1447.68681258 1675.47192221
926.397440987 1482.01925789 1925.26788008
250.323103323 1325.20134918 1731.23111848
683.762423412 1475.23115994 1799.8778251
966.441972627 1495.29952849 1815.39821925
1235.1357036 1529.49837548 1695.20587299
1248.7717626 1466.02586487 1653.5016916
1168.84531795 1474.18490566 1670.52248185
1147.03312599 1454.54333009 1835.94068492
579.49277133 1487.1715381 1856.71689755
1026.52556751 1515.79752471 1904.64217508
1103.29528702 1523.11009793 1792.1744838
577.408394025 1479.26632383 1783.61185142
693.821869057 1363.19524236 1893.32993983
1076.60670095 1467.45919131 1855.85886407
934.491779389 1316.95622595 1550.18727823
1054.70135666 1523.56455815 1772.04394211
1232.30422422 1407.77874191 1592.17047436
1002.98653229 1443.93439312 1987.39693886
882.402466201 1343.17489209 1911.83069142
686.46745903 1374.96381994 1695.39748304
1149.61524723 1410.80672948 1821.08866495
699.593938671 1343.97964267 1692.83219059
1217.84970593 1539.80549405 1708.69471763
655.924345843 1417.39975562 1840.38111697
1291.07307644 1569.30440843 1884.8011277
1078.55346816 1476.42420932 1652.96129764
1199.77496542 1407.85576283 1587.79402611
1280.78782336 1539.32781479 1963.73258695
957.499024702 1477.85991611 1901.62243035
929.104271879 1434.46808691 1721.90427
1197.94934967 1462.61774194 1799.80655345
1131.31695005 1375.92932613 1688.24208526
1225.31182023 1546.03785857 1791.01626844
1221.23745684 1402.93273478 1680.74122071
1032.46806907 1367.64586981 1670.13972434
969.748541934 1335.42675174 1721.08440991
1240.55344971 1427.20696567 1795.46930879
609.533369 1322.09596938 2080.84168822
1307.21093704 1571.36700455 1946.64256125
303.325780539 1297.13009058 1700.48631637
974.70447437 1388.59207152 1630.20600936
1180.45826539 1494.78401054 1816.62994325
1325.0992856 1527.59619327 1982.7524656
1374.77942892 1572.03432107 1927.95637561
887.106998481 1404.00714232 1696.21770394
679.374468033 1301.26993574 1701.88407535
1290.51360445 1531.3052058 1763.65597219
1294.76709448 1618.57485814 2055.85035253
1144.96426496 1467.11598491 1726.39158098
653.60375379 1302.16657141 1674.75861645
1331.17618222 1543.67021676 1723.21788982
1425.31983809 1584.37916696 1750.75268823
759.586984346 1510.21110697 1914.07220273
701.468323177 1349.54717019 1731.8207645
1274.06249953 1610.12642005 1969.6436356
1124.76692404 1438.95401669 1785.79469511
973.941503403 1488.34092903 1802.80618368
1231.02273829 1430.15273277 1597.42526814
1016.71533123 1389.55877543 1734.63884539
1042.29317298 1406.91300854 1822.10261697
1215.08999232 1542.39078638 1818.1371169
1259.49505033 1436.57705311 1637.42175126
1271.21355462 1473.78975021 1719.10071825
908.230725111 1523.18036823 1981.54619509
1250.66124248 1618.31190254 1878.94625477
1001.58786635 1452.54910589 1706.06584229
1134.27722144 1472.57561702 1926.02147737
1167.40479407 1429.06868308 1910.09346712
1171.4063015 1649.81880861 1907.3231569
984.906546713 1524.9518619 1759.93157142
1232.46539148 1561.87189528 2008.96435679
1138.66875325 1526.62382321 1916.85152973
1305.53126284 1563.8862488 1763.99602557
1043.27405604 1423.72589936 1677.54782934
1157.90955173 1399.15816735 1641.61575868
755.427413099 1406.34767805 1908.51958026
1096.73893507 1489.87951977 1821.04992663
1148.08684277 1478.60667013 1748.41501179
1201.01423007 1481.78783458 1828.08182678
981.600765351 1535.4583375 1911.99713722
1039.52218648 1366.244218 1639.26033137
1185.16296247 1457.32454665 1835.775188
1279.38803098 1536.00096279 1877.20198587
922.394326543 1562.62584317 1797.27909108
1264.3226192 1489.36686097 1778.84584216
876.045313674 1366.57971843 1819.08608482
835.398750391 1366.73950515 1590.6728318
1364.49093339 1597.23965204 1763.32489916
1159.74358679 1519.52389456 1744.03908829
1130.7774067 1550.0831677 1821.93108016
1203.1705952 1626.10921487 1998.1753
889.985820402 1439.72314968 1789.4328791
897.797496264 1426.67003203 1852.36393424
1097.20040674 1602.67554733 1859.8350739
1310.66826348 1526.23727951 1928.90603378
1301.32920133 1511.04285718 1716.79229849
1313.54404955 1532.69240556 1651.89062383
1186.31734682 1494.57075849 1918.41085565
1268.80310963 1489.16175315 1784.01031955
1376.60887442 1527.24630875 1823.15100687
1274.61558081 1573.64579005 1735.46285674
1095.3566998 1548.31540775 2153.0542528
1194.52492979 1483.53897093 1777.64687782
1175.68332571 1567.87428034 1796.31306955
1277.71970197 1509.09834766 1715.7437828
1085.45357721 1513.84897824 1919.31372871
1140.07902941 1482.97030315 1789.38111358
1024.75675766 1459.71119167 1699.58778885
1165.63249084 1494.41428481 1742.55387966
1187.06880139 1400.04474918 1704.3900428
934.422612251 1571.45062649 1921.53258101
1204.03839658 1493.26380751 1784.15515287
1166.43322056 1389.6237458 1699.59757131
1161.97485686 1519.98272139 1850.77243947
1236.99512634 1502.83841061 1854.68987532
1120.67895494 1463.54653601 1719.62401676
1372.4037093 1591.53326566 1816.57850331
1320.21140155 1595.55166467 1843.73510011
1105.87548215 1543.75954351 1783.65821742
827.909077993 1423.93779126 1794.73962634
1115.42070566 1450.37339371 1931.26043256
1288.02555336 1464.73535994 1661.60811414
968.135566345 1487.48942105 1849.40839789
1014.59669827 1466.03386995 1795.72348515
1363.34103647 1577.76804962 1767.40769259
1355.64155211 1626.12542462 1882.55449353
1059.86512618 1428.02342579 1961.47785454
1420.35337831 1557.09767129 1704.94878954
1345.04291165 1517.18501054 1724.46743277
950.413953193 1451.7098165 1784.25561881
1295.08001393 1521.65276448 1847.70492573
1219.07566036 1537.25819706 1837.99220018
1248.13194434 1487.89473438 1703.53420801
1174.1826154 1511.95806702 1881.26926641
1309.54546957 1475.41746919 1670.94638275
1274.74691033 1576.26770171 1866.59175748
1211.84743524 1441.01751705 1948.15595894
1074.84317889 1455.39252999 1816.43944286
883.032925599 1559.72545614 1875.95547632
1153.4425398 1492.73009233 1871.17605451
1251.52642682 1490.67025983 1728.58899396
1171.47927995 1401.82434791 1729.71534343
1283.82514219 1546.85972486 1879.64062537
1139.48621466 1532.88288538 1846.04831349
1321.43447979 1529.86003725 1816.26637379
1249.06698031 1565.95214618 2014.66393132
1331.03517618 1568.4577136 1908.51124601
1301.39887824 1482.61384053 1704.55102232
963.809611968 1388.91371835 1901.4591837
1346.79648054 1538.01994965 1788.63458286
1168.9217818 1437.83095794 1791.06033469
1170.77551068 1556.2680591 1933.11757988
1025.83319272 1530.44345613 1912.79851745
1121.90197273 1479.69090933 1781.75253038
1285.53555261 1540.62072086 1781.77022474
985.117690021 1485.1405782 1788.24488478
1250.59034607 1536.44814279 1780.34283849
1252.59537652 1552.32098457 1913.64589816
1368.94007237 1615.41076548 1917.01523893
1112.70465395 1433.00028998 1788.02223824
1221.555778 1541.44952867 1960.88252927
1403.00765766 1584.82163708 1929.19498697
1219.33558536 1561.88235913 1953.02372084
1465.26434391 1685.14283013 1910.74642823
1276.30216437 1665.11030898 1873.1009831
1335.12374403 1542.57605243 1784.32235569
1170.33276101 1597.8564334 1881.4440512
1250.87471885 1512.75538667 1775.50343123
1335.65598266 1551.55629313 1775.13977305
1098.85067728 1583.58201547 2028.03463341
1444.08377326 1575.34824476 1757.19406908
1251.37196045 1515.39470539 1761.86092582
1296.79976022 1539.09496174 1877.99679129
1199.28065777 1438.32680074 1637.65806003
1072.08788403 1494.90922252 1941.4710494
1271.17450793 1560.2509283 1769.7676148
1208.97416164 1535.04999643 1956.53289476
1373.7771447 1608.57942474 2006.23204291
1121.6347057 1466.83566154 1830.51560465
1130.96339696 1542.57558688 1747.60222715
1212.97904067 1538.56640801 1897.84603408
988.568534904 1422.25043946 1819.44860488
987.430700921 1457.44983693 1870.14100935
1377.49092026 1614.1810902 2070.76920464
1118.057503 1434.7929888 1876.97063865
1347.67020532 1651.68051896 1883.08222564
1299.28094017 1507.24276124 1758.43588016
1168.71170455 1501.5148783 1872.03869962
1155.9048052 1548.69903943 1731.4168052
1272.28811373 1571.76994863 1859.39971869
1254.08221829 1462.38607951 1725.52843112
959.330252663 1452.63820562 1742.20733678
1202.95362903 1453.63323115 1791.40175505
1071.62527233 1391.63432691 1642.34331183
1290.19537973 1556.75024924 1926.04720397
1184.22556814 1500.84125209 1743.26282321
1447.62109019 1586.19877272 1764.94124804
1454.56696531 1670.09407671 2136.42294659
1120.08854292 1502.35489919 1774.90263771
1409.92655479 1496.00523538 1719.62125435
1300.25020357 1580.22868348 2074.6540789
987.312849684 1354.3960578 1695.67251206
1281.99897294 1530.07823431 1733.54774893
1070.09581496 1498.92700337 1716.42803574
1084.8677891 1491.1121524 1877.11732355
1280.78103016 1543.46408955 1972.12629408
1264.92408656 1483.17708805 1656.00670545
1287.55835495 1517.44597501 1702.03023363
1066.1461912 1540.4240293 1855.13350463
1281.48856678 1551.94243213 1782.97254631
1143.88051562 1505.58795028 1764.93856976
1098.24343328 1488.62322214 1866.87177666
1130.85052003 1530.30275545 1700.53012152
988.201979472 1514.01931821 1830.70325221
1269.29547146 1593.42254743 1923.62100077
1210.34660583 1569.33981785 1760.19222118
1154.01155749 1436.78996274 1718.21320634
961.977963934 1504.19176307 1925.06465154
566.715415257 1444.57869503 2012.60214263
1096.92782027 1491.0795692 1854.83431567
1376.85114661 1560.09929374 1724.64283749
1269.81221854 1493.21152732 1809.56014616
1186.06407354 1523.12446201 1741.40473725
1137.2787786 1541.48168494 1842.99078278
1113.66331933 1444.75940284 1657.51339844
1184.73653542 1546.78496929 1775.93507711
1260.41303925 1437.67464757 1576.91471755
1120.25753609 1460.15096214 1773.15929661
979.964967104 1550.18188256 2037.47935861
1390.48766712 1584.22684768 1802.36329717
1285.67340606 1550.46736773 1699.70855012
1270.1494517 1611.79588003 1899.51103596
1014.59699466 1487.51758189 1883.17721946
1182.82301044 1587.45956124 1896.13892867
1327.66816912 1611.99735026 1924.00754162
1269.86290543 1550.26342463 1883.76465995
1144.44774198 1491.70725099 1841.70739415
1347.66815042 1660.54147575 1873.06485279
1250.86354835 1552.75957915 1820.60018077
1196.41358712 1477.61801167 1654.35673583
1363.51262987 1612.96290033 1764.62016747
1374.76574935 1545.10840352 1733.61893628
1276.91540862 1498.05636939 1697.51923212
1258.91701188 1546.89588991 1791.00328097
1332.48496251 1550.26037422 1993.05260992
1208.88366755 1437.98151649 1954.27802692
1230.80234734 1535.05229632 1858.59234738
1179.71456658 1508.4848227 1814.34132536
1141.74094237 1467.20992882 1854.09130616
1150.59985313 1461.28003413 1763.40784916
995.652117483 1549.76852929 1922.42360612
1322.93415527 1539.31182338 1721.08461353
1259.65619516 1544.06270152 1727.50890056
1285.78462605 1594.31696231 1926.6044138
1287.74803452 1504.72591696 1879.76511084
1154.95603703 1620.3239203 1912.42588869
992.786604367 1410.97262056 1814.87951304
1286.721971 1504.50507108 1922.57115089
1160.64473889 1508.86655876 1691.25705195
1132.29395768 1484.2215674 1779.61017266
1104.44825317 1457.48837511 1872.29998389
1190.36187812 1571.71872412 1883.49814406
886.238389191 1552.74163645 1836.31329055
1283.12181762 1481.42462099 1753.7275933
1079.18103137 1492.8546148 1791.97598464
1248.31958772 1557.42561047 1813.71632875
1364.61154852 1522.68373293 1760.93679616
1251.172562 1542.70568738 1813.4219632
1147.91858414 1489.4880558 1727.63698375
1196.31719702 1460.90000968 1980.16154335
946.418048582 1557.74088382 1796.31229329
1048.35495008 1487.58841066 1985.91754033
980.123948333 1484.47940971 1788.88770003
1304.92312765 1492.11439712 1696.50143287
1218.1424172 1477.03661036 1692.00721526
1267.30088962 1506.19194302 1703.42511882
1397.73984888 1621.39495803 1873.93368831
1204.67352264 1502.02937918 1829.25735257
1234.36814859 1589.92538179 1783.85686611
1299.0261788 1476.62747982 1761.09097471
1247.05693865 1554.92302849 1937.91993152
1296.46143329 1481.67634916 1750.09094467
1330.77834273 1628.47943765 1857.64293003
941.873356199 1540.88150795 1753.07156039
