0.11888 0.120684 0.12284
0.119 0.12096 0.12312
0.1172 0.12016 0.1214
0.1198 0.12158 0.12492
0.1174 0.120196 0.122
0.118 0.120664 0.12396
0.119 0.120508 0.12332
0.11708 0.119324 0.12108
0.1182 0.121212 0.12292
0.11764 0.120988 0.12512
0.119 0.121392 0.12404
0.1186 0.121044 0.12356
0.11892 0.120384 0.1228
0.1192 0.121372 0.12548
0.11836 0.120576 0.125
0.119 0.121168 0.12304
0.1172 0.121168 0.12316
0.11884 0.121268 0.12384
0.11832 0.120476 0.12452
0.11944 0.121672 0.12412
0.11828 0.12134 0.1242
0.11696 0.120124 0.12392
0.11924 0.12056 0.123
0.11696 0.121416 0.12364
0.11732 0.1207 0.12284
0.11812 0.120276 0.12628
0.11768 0.120564 0.12288
0.11956 0.12224 0.12468
0.11916 0.120784 0.12268
0.1176 0.12082 0.12376
0.11912 0.12142 0.12424
0.11788 0.120348 0.12372
0.11976 0.121888 0.1242
0.11692 0.120796 0.12428
0.11976 0.120888 0.12348
0.11864 0.120624 0.12348
0.1196 0.12136 0.12324
0.118 0.121524 0.12348
0.11964 0.120976 0.12268
0.11872 0.122456 0.12668
0.11904 0.120864 0.12356
0.11968 0.122148 0.12752
0.11788 0.120868 0.12296
0.1192 0.121572 0.12352
0.11912 0.120084 0.12144
0.12044 0.121304 0.122
0.11804 0.120496 0.12468
0.11692 0.12014 0.12248
0.11932 0.120776 0.12232
0.11776 0.12022 0.1224
0.1192 0.120896 0.1232
0.11808 0.121152 0.1256
0.1182 0.120912 0.124
0.1174 0.120572 0.12232
0.12036 0.1216 0.12304
0.11992 0.121984 0.12476
0.11824 0.121084 0.123
0.11792 0.12078 0.12332
0.11808 0.120364 0.12276
0.11908 0.12122 0.12364
0.11916 0.121412 0.1232
0.1168 0.121532 0.12488
0.11832 0.120796 0.1232
0.1182 0.120044 0.1224
0.11804 0.121268 0.12404
0.11928 0.120908 0.12388
0.11708 0.120464 0.1224
0.11716 0.120296 0.12236
0.11848 0.120304 0.12136
0.11928 0.120612 0.12272
0.11824 0.121284 0.12364
0.1176 0.119544 0.12184
0.11976 0.121164 0.12268
0.11872 0.120864 0.12268
0.11864 0.120408 0.122
0.11828 0.121076 0.12316
0.11788 0.120156 0.12236
0.1168 0.12046 0.12508
0.11788 0.1201 0.1248
0.11968 0.121116 0.1238
0.11904 0.121656 0.12352
0.11728 0.120712 0.12424
0.11848 0.120188 0.12168
0.1184 0.120948 0.12364
0.118 0.119876 0.1222
0.11864 0.12138 0.12452
0.11864 0.1203 0.1214
0.11852 0.121824 0.1254
0.11888 0.121908 0.12436
0.1186 0.12076 0.12228
0.11948 0.121552 0.1228
0.11972 0.120896 0.12204
0.11816 0.120712 0.12304
0.11692 0.120196 0.12308
0.11936 0.121064 0.12504
0.11792 0.121308 0.12364
0.11904 0.120868 0.12292
0.11756 0.120364 0.12268
0.11952 0.121056 0.1222
0.11808 0.120252 0.12248
0.1184 0.12046 0.12248
0.11912 0.121256 0.12376
0.11912 0.120532 0.12208
0.11792 0.120308 0.12252
0.1194 0.12062 0.12224
0.11888 0.120956 0.12236
0.12 0.121648 0.12396
0.11884 0.120824 0.12376
0.11824 0.121724 0.12524
0.1192 0.120612 0.12188
0.11884 0.121096 0.125
0.1194 0.12068 0.12288
0.12012 0.121016 0.12308
0.11784 0.121012 0.12272
0.11712 0.120672 0.1236
0.11916 0.121532 0.124
0.11872 0.121056 0.12444
0.1174 0.12044 0.12348
0.1206 0.122168 0.1238
0.11828 0.120968 0.12312
0.11992 0.121976 0.12348
0.11792 0.122256 0.125
0.1192 0.1209 0.12328
0.11724 0.121616 0.1244
0.11912 0.121724 0.1256
0.11804 0.121 0.12408
0.11904 0.121188 0.12232
0.1194 0.121408 0.12348
0.11976 0.121432 0.12416
0.11996 0.121012 0.1226
0.11908 0.121004 0.12252
0.12028 0.1217 0.12304
0.11896 0.121464 0.12352
0.12024 0.12128 0.12368
0.11868 0.12132 0.12308
0.119 0.121588 0.12396
0.11972 0.12178 0.12432
0.1194 0.120936 0.12336
0.11836 0.120748 0.12372
0.11916 0.120556 0.12152
0.119 0.121944 0.12624
0.11852 0.12034 0.12256
0.11892 0.121332 0.12412
0.11904 0.120244 0.12252
0.11912 0.120512 0.12224
0.1192 0.120468 0.12188
0.11896 0.12086 0.12368
0.11856 0.121028 0.12324
0.1178 0.120956 0.12284
0.11924 0.120696 0.12428
0.12008 0.12124 0.12392
0.1194 0.121052 0.12296
0.11824 0.121404 0.1238
0.11876 0.120856 0.123
0.11936 0.12068 0.12196
0.11976 0.121028 0.12324
0.11932 0.121196 0.123
0.11888 0.12112 0.125
0.11956 0.121644 0.12312
0.11912 0.121104 0.12232
0.11912 0.120968 0.12232
0.11888 0.121136 0.12348
0.11876 0.120008 0.1212
0.11828 0.120436 0.1222
0.11908 0.120956 0.1234
0.11896 0.120292 0.12224
0.11636 0.119852 0.1216
0.11828 0.1204 0.1222
0.11852 0.120616 0.12244
0.11752 0.12142 0.1238
0.11868 0.120204 0.12192
0.11896 0.120664 0.12232
0.1184 0.120712 0.12284
0.11816 0.120672 0.12388
0.1198 0.121612 0.12368
0.11928 0.120468 0.12212
0.11804 0.120556 0.12376
0.11896 0.1208 0.1236
0.11896 0.12144 0.1238
0.11888 0.121364 0.12336
0.11952 0.121552 0.12316
0.11672 0.120788 0.12328
0.1186 0.120904 0.12344
0.1192 0.121204 0.12508
0.1176 0.121044 0.1236
0.11948 0.121544 0.12268
0.11888 0.120976 0.12368
0.11888 0.120632 0.12204
0.11876 0.121156 0.12276
0.11868 0.1211 0.12364
0.11864 0.12054 0.12232
0.11888 0.121396 0.12404
0.11884 0.12062 0.1234
0.11888 0.121356 0.12408
0.11868 0.120408 0.1224
0.1186 0.121604 0.12412
0.11868 0.121092 0.12344
0.11904 0.121556 0.1244
0.11968 0.120828 0.12344
0.11872 0.12128 0.1236
0.11808 0.121012 0.12316
0.11888 0.120752 0.12252
0.11924 0.120664 0.1234
0.11796 0.120904 0.12428
0.11736 0.120576 0.12316
0.1174 0.119724 0.12236
0.11896 0.12066 0.12372
0.11748 0.12056 0.12284
0.1184 0.120012 0.12124
0.11956 0.120824 0.12252
0.11808 0.12066 0.12424
0.11912 0.120616 0.12192
0.1184 0.120016 0.12188
0.11816 0.120672 0.12324
0.11936 0.121404 0.12292
0.11856 0.121236 0.12416
0.11908 0.120848 0.12296
0.11892 0.121344 0.12388
0.11776 0.120392 0.12288
0.118 0.11986 0.12228
0.12048 0.121584 0.12476
0.11984 0.12194 0.12416
0.11952 0.120952 0.12248
0.11796 0.121432 0.1222
0.11964 0.121228 0.12412
0.12012 0.121616 0.12388
0.11936 0.12198 0.1244
0.1208 0.121884 0.12376
0.11868 0.121072 0.1242
0.1172 0.120972 0.12488
0.12044 0.122408 0.12572
0.11936 0.121224 0.12344
0.11876 0.120796 0.12352
0.11924 0.121 0.12312
0.11892 0.120912 0.12536
0.11884 0.12066 0.1234
0.1196 0.121112 0.12276
0.1192 0.121148 0.12344
0.11832 0.120836 0.12332
0.12028 0.121396 0.1236
0.11924 0.121648 0.12328
0.11904 0.121428 0.12416
0.11852 0.120972 0.12248
0.11936 0.12084 0.12284
0.1186 0.120836 0.12248
0.11952 0.120908 0.12288
0.1188 0.120904 0.124
0.11864 0.121116 0.12284
0.11988 0.121408 0.1224
0.11904 0.120928 0.12352
0.11928 0.121676 0.12344
0.12008 0.121328 0.12308
0.11896 0.121176 0.12292
0.12004 0.12132 0.12376
0.11856 0.120784 0.12232
0.11776 0.121104 0.1238
0.11836 0.120612 0.12272
0.11852 0.12098 0.1226
0.11916 0.12144 0.12308
0.11852 0.12088 0.12504
0.11828 0.12186 0.12424
0.12032 0.121556 0.12348
0.11748 0.121552 0.12464
0.1192 0.121104 0.1238
0.11908 0.121312 0.12492
0.11708 0.120316 0.12192
0.1184 0.1206 0.1228
0.11852 0.120672 0.12348
0.11872 0.120768 0.12328
0.11892 0.120964 0.12388
0.11932 0.121028 0.1234
0.11888 0.120312 0.12244
0.1192 0.121244 0.12388
0.11912 0.120876 0.12272
0.12012 0.121432 0.12384
0.11916 0.121472 0.12348
0.11996 0.121128 0.12244
0.11944 0.121156 0.1232
0.11892 0.12092 0.12304
0.11952 0.121144 0.12244
0.11864 0.120872 0.1232
0.11964 0.121452 0.12304
0.11916 0.12064 0.12216
0.11964 0.12112 0.12336
0.11968 0.120944 0.12244
0.12008 0.121484 0.12376
