0.6 0.6 0.6
0.6 0.6 0.6
0.6 0.6 0.6
0.6 0.6 0.6
0.6 0.6 0.6
0.6 0.6 0.6
0.6 0.6 0.6
0.6 0.6 0.6
0.6 0.6 0.6
0.6 0.6 0.6
0.6 0.6 0.6
0.6 0.6 0.6
0.6 0.6 0.6
0.6 0.6 0.6
0.6 0.6 0.6
0.6 0.6 0.6
0.6 0.6 0.6
0.6 0.6 0.6
0.6 0.6 0.6
0.6 0.6 0.6
0.6 0.6 0.6
0.6 0.6 0.6
0.6 0.6 0.6
0.6 0.6 0.6
0.6 0.6 0.6
0.6 0.6 0.6
0.6 0.6 0.6
0.6 0.6 0.6
0.6 0.6 0.6
0.6 0.6 0.6
0.6 0.6 0.6
0.6 0.6 0.6
0.6 0.6 0.6
0.6 0.6 0.6
0.6 0.6 0.6
0.6 0.6 0.6
0.6 0.6 0.6
0.6 0.6 0.6
0.6 0.6 0.6
0.6 0.6 0.6
0.6 0.6 0.6
0.6 0.6 0.6
0.6 0.6 0.6
0.6 0.6 0.6
0.6 0.6 0.6
0.6 0.6 0.6
0.6 0.6 0.6
0.6 0.6 0.6
0.6 0.6 0.6
0.6 0.6 0.6
0.6 0.6 0.6
0.6 0.6 0.6
0.6 0.6 0.6
0.6 0.6 0.6
0.6 0.6 0.6
0.6 0.6 0.6
0.6 0.6 0.6
0.6 0.6 0.6
0.6 0.6 0.6
0.6 0.6 0.6
0.6 0.6 0.6
0.6 0.6 0.6
0.6 0.6 0.6
0.6 0.6 0.6
0.6 0.6 0.6
0.6 0.6 0.6
0.6 0.6 0.6
0.6 0.6 0.6
0.6 0.6 0.6
0.6 0.6 0.6
0.6 0.6 0.6
0.6 0.6 0.6
0.6 0.6 0.6
0.6 0.6 0.6
0.6 0.6 0.6
0.6 0.6 0.6
0.6 0.6 0.6
0.6 0.6 0.6
0.6 0.6 0.6
0.6 0.6 0.6
0.6 0.6 0.6
0.6 0.6 0.6
0.6 0.6 0.6
0.6 0.6 0.6
0.6 0.6 0.6
0.6 0.6 0.6
0.6 0.6 0.6
0.6 0.6 0.6
0.6 0.6 0.6
0.6 0.6 0.6
0.6 0.6 0.6
0.6 0.6 0.6
0.6 0.6 0.6
0.6 0.6 0.6
0.6 0.6 0.6
0.6 0.6 0.6
0.6 0.6 0.6
0.6 0.6 0.6
0.6 0.6 0.6
0.6 0.6 0.6
0.6 0.6 0.6
0.6 0.6 0.6
0.6 0.6 0.6
0.6 0.6 0.6
0.6 0.6 0.6
0.6 0.6 0.6
0.6 0.6 0.6
0.6 0.6 0.6
0.6 0.6 0.6
0.6 0.6 0.6
0.6 0.6 0.6
0.6 0.6 0.6
0.6 0.6 0.6
0.6 0.6 0.6
0.6 0.6 0.6
0.6 0.6 0.6
0.6 0.6 0.6
0.6 0.6 0.6
0.6 0.6 0.6
0.6 0.6 0.6
0.6 0.6 0.6
0.59884 0.599884 0.6
0.6 0.6 0.6
0.59664 0.599456 0.6
0.58992 0.598992 0.6
0.57776 0.59696 0.6
0.55984 0.593648 0.6
0.57872 0.593096 0.6
0.52512 0.5846 0.6
0.51884 0.583568 0.6
0.49056 0.564948 0.6
0.50544 0.57444 0.6
0.46524 0.553448 0.6
0.44512 0.51204 0.6
0.40084 0.49242 0.6
0.39488 0.472244 0.59024
0.37584 0.457108 0.57092
0.39372 0.484292 0.56848
0.38196 0.484916 0.57376
0.36992 0.49458 0.57348
0.45808 0.49556 0.56388
0.39224 0.470636 0.6
0.36872 0.456804 0.52148
0.39836 0.506684 0.571
0.36592 0.493124 0.58432
0.37948 0.46792 0.58288
0.30916 0.462744 0.57744
0.34764 0.441052 0.58864
0.41172 0.478788 0.55592
0.38968 0.4615 0.59328
0.39196 0.465468 0.59556
0.32392 0.434232 0.56752
0.34984 0.442028 0.56028
0.36828 0.461048 0.53892
0.36952 0.438764 0.53432
0.40948 0.472328 0.56864
0.30748 0.451472 0.54736
0.32304 0.416976 0.48836
0.33416 0.4367 0.5784
0.34284 0.41696 0.52644
0.36616 0.460188 0.58576
0.39872 0.45938 0.56896
0.31964 0.44864 0.54072
0.41048 0.457448 0.55824
0.3268 0.495512 0.592
0.355 0.4743 0.57504
0.34648 0.416944 0.5476
0.35804 0.415476 0.46568
0.36184 0.42804 0.55088
0.36412 0.433672 0.52176
0.39 0.442516 0.55304
0.39496 0.443148 0.50148
0.39864 0.470076 0.53684
0.3376 0.425852 0.53776
0.3278 0.427004 0.49676
0.34904 0.416148 0.56464
0.3412 0.40738 0.534
0.38868 0.462316 0.56448
0.3286 0.451844 0.58404
0.40812 0.47702 0.57472
0.35212 0.458112 0.58592
0.394 0.458144 0.55888
