0.18316 0.191572 0.20336
0.1894 0.19598 0.20624
0.18928 0.195988 0.20292
0.18232 0.193236 0.2018
0.18936 0.195916 0.20232
0.18948 0.195224 0.2002
0.18428 0.190672 0.19752
0.1936 0.197368 0.20232
0.19048 0.197004 0.2052
0.18836 0.197732 0.20296
0.1904 0.19422 0.19756
0.19096 0.196636 0.2054
0.19232 0.196924 0.19992
0.19092 0.195472 0.2024
0.1872 0.193708 0.20116
0.18364 0.194336 0.19984
0.19164 0.19926 0.20764
0.18684 0.196436 0.20672
0.19176 0.196472 0.20456
0.18712 0.197624 0.20328
0.19004 0.194312 0.19868
0.19092 0.19746 0.20692
