1868.1660103 2080.04461603 2252.57982873
1954.9767412 2145.32472216 2375.62572013
1858.75866199 2114.54510967 2253.04971693
1752.5822138 2128.71117753 2264.97292718
1989.94919054 2158.7072324 2295.61871551
1997.81763366 2121.44386321 2209.94454291
1863.16198884 2076.54833099 2335.24439775
1933.83384641 2163.45814257 2305.52178214
2005.61869115 2170.99361439 2303.84796958
2025.87458713 2135.60239623 2230.34218247
1914.31202118 2198.07577772 2342.95313589
1785.49273351 2147.81855123 2324.17409506
1983.15426625 2229.62615299 2367.00840393
1993.32766239 2152.80502038 2272.62877362
1865.86896464 2137.89659512 2289.71182341
1993.56234226 2197.13924386 2402.71352063
1982.47580435 2126.47567124 2249.38529593
2006.54008171 2173.36487858 2346.62877426
2047.68286669 2189.83876143 2399.31112858
1979.52771831 2138.44228207 2275.11137413
2018.01359707 2205.67412661 2326.77007359
2109.26732995 2184.3315015 2285.64746191
2010.5824937 2199.41169093 2342.73124229
2003.26628199 2229.1147778 2346.15623406
2046.85245907 2159.28851459 2260.03575044
2100.66213822 2244.51087654 2326.74042204
2004.85368264 2195.55114533 2286.29048568
2061.6752379 2184.93921157 2349.84507252
2034.76729641 2155.5968224 2238.17202224
1970.88994156 2205.98249564 2351.80825273
2041.48580463 2197.03415225 2338.22937893
2033.8871913 2165.92068126 2285.10032539
2073.50416428 2217.29687896 2315.93256104
1933.46575003 2206.17465477 2321.8013968
1968.64584267 2118.25909286 2229.08176253
2014.17428222 2170.09063691 2285.98605733
1994.2113353 2196.11245849 2337.01661608
1902.33509931 2138.80691531 2270.69213337
1936.53610013 2116.82032062 2282.1848423
1987.06390136 2112.93610271 2260.77558742
1894.311141 2130.09182127 2314.53118423
1972.01764987 2189.70652635 2341.14825494
2027.72892255 2207.69145941 2319.21498143
2072.50241904 2206.19437297 2322.56330007
2027.51429457 2164.46702474 2284.85406107
2018.19354358 2156.02445786 2267.47583219
1969.73837627 2168.89625868 2276.61946643
1910.29056046 2173.22777313 2283.43479102
1997.46507877 2215.30117544 2402.1326132
2002.4503213 2179.29098812 2315.88038807
2007.41257486 2192.39161301 2345.63256879
2044.86977866 2162.1080218 2283.53452905
2048.97067769 2207.91340877 2300.33483971
2068.93528065 2215.98919793 2350.8079058
1921.15295153 2160.02096239 2300.22249172
1937.55178748 2138.62508752 2309.27960394
1944.57053996 2205.07140992 2318.90273608
2061.01708132 2189.98648353 2301.12357573
2047.6277173 2207.2065771 2373.55643243
2098.18821398 2174.5415819 2244.65009277
2091.46274824 2173.76369457 2268.75133465
1950.78638842 2174.70776018 2340.62567607
2119.23137642 2232.2357281 2397.5511136
2008.28835889 2132.62042924 2318.19178162
1989.6707823 2121.91909579 2355.11444281
2014.24446046 2199.68578508 2386.01363351
2019.36514854 2146.14882077 2298.75609645
2045.36455263 2184.22727866 2332.56144508
2086.24849009 2213.37782641 2352.4806966
1941.79218345 2219.52143286 2407.74366188
1923.57774076 2115.00998876 2276.88101369
2080.44343924 2174.61360109 2412.83332987
2024.91101681 2165.38201352 2239.67235238
1979.49675621 2106.15980003 2334.34245721
1943.01410433 2129.62634553 2312.7421561
2123.51392967 2220.11589177 2295.97093274
2022.33508076 2141.52462004 2340.52873066
1873.17641144 2163.29742861 2340.18549387
1872.3823998 2197.88558638 2321.19848613
2031.31504787 2154.73477754 2310.17301983
2037.72139893 2172.57435212 2294.16282065
1926.65538991 2152.05953329 2375.80223238
1978.81459189 2129.10560113 2292.14379087
1933.03863045 2212.60576062 2321.44720006
2072.18198156 2200.13945302 2415.89320584
1957.84878288 2153.47842212 2299.01344568
2021.39579266 2190.22523699 2336.67747832
2068.62198321 2193.60177189 2308.03193067
2016.87788431 2177.00375408 2341.37132165
2043.75879367 2169.89087236 2277.12342502
1976.06140856 2141.25459535 2299.29557728
2035.1330287 2183.38970142 2318.59966242
1959.00694822 2192.4960652 2390.9876512
1967.27331218 2207.50018357 2419.88512642
2096.86684104 2205.28331422 2331.02871706
1987.06276715 2199.88393567 2321.61153623
2070.65000036 2212.92997564 2298.74469748
2096.59366601 2217.9904491 2312.67937495
1982.41447542 2174.01593389 2314.35416065
2100.69859768 2215.12797626 2320.54271653
2095.15644868 2226.71366788 2435.12154724
1961.98754338 2228.43152382 2378.18257982
2090.79595375 2244.90254941 2348.43094777
1993.81541913 2185.95508425 2298.78836899
2095.04840888 2227.17053261 2408.07667736
2008.85948411 2181.04193298 2358.64697198
1974.35481652 2219.67439693 2373.84325368
2034.20505148 2226.82123075 2361.96443539
2089.50815859 2238.32392185 2387.02045333
2117.02547789 2201.35219129 2271.49604852
2095.2241643 2193.79083861 2340.12985284
2069.4457363 2220.6276627 2350.48169341
2085.17809609 2209.76318696 2280.3554488
1907.91759093 2153.6694457 2354.24641435
2035.99877645 2175.1648101 2358.66684642
2043.81087307 2186.63021632 2284.7828331
2039.07335982 2249.35545495 2403.75294512
2022.34524121 2155.13723098 2314.67783973
1922.89208004 2213.89003065 2395.87334937
2111.5341488 2230.15560756 2368.9697418
