0.39628 0.428624 0.47296
0.4116 0.425568 0.45264
0.41164 0.428108 0.44672
0.41432 0.435808 0.46276
0.412 0.435684 0.46532
0.39364 0.428176 0.46924
0.41764 0.44482 0.47604
0.4124 0.441284 0.47944
0.41436 0.444252 0.46768
0.42356 0.4525 0.50136
0.42104 0.447676 0.47392
0.43512 0.453588 0.4994
0.44264 0.460148 0.48104
0.44376 0.460152 0.49092
0.43852 0.461084 0.4884
0.42928 0.460736 0.518
0.41476 0.468628 0.56448
0.4418 0.470128 0.49048
0.45792 0.488204 0.54764
0.45444 0.482436 0.51072
0.43668 0.470288 0.5302
0.46848 0.495464 0.54724
0.44512 0.47918 0.50236
0.45592 0.485028 0.51372
0.4482 0.492484 0.53096
0.43836 0.489052 0.52168
0.43944 0.488404 0.52696
0.45 0.49192 0.54284
0.44148 0.483048 0.52428
0.3788 0.423692 0.4668
0.37584 0.417048 0.44948
0.40144 0.419652 0.4674
0.4026 0.423336 0.44004
0.4116 0.42726 0.45016
0.4176 0.437 0.4658
0.39592 0.42754 0.46076
0.40856 0.428464 0.46284
0.38124 0.411212 0.4606
0.38728 0.417412 0.4494
0.40948 0.426384 0.43832
0.40348 0.433944 0.45412
0.40868 0.426808 0.4728
0.41036 0.438152 0.46532
0.40084 0.439152 0.47308
0.41012 0.435248 0.45712
0.40316 0.42122 0.43808
0.42852 0.449668 0.49056
0.40864 0.434096 0.45428
0.42736 0.439136 0.46612
0.40604 0.439332 0.48428
0.41736 0.440528 0.47284
0.41596 0.446212 0.50676
0.42188 0.45564 0.49524
0.41964 0.441256 0.47836
0.41608 0.45656 0.49668
0.42556 0.46106 0.48456
0.42468 0.467824 0.4964
0.45116 0.471772 0.50896
0.42012 0.464892 0.50188
0.44684 0.464368 0.49048
0.45344 0.48536 0.51656
0.43792 0.465564 0.52208
0.44772 0.480376 0.51668
0.46352 0.496096 0.5204
0.44952 0.492292 0.55432
0.42292 0.470336 0.52444
0.43652 0.485484 0.54656
0.44216 0.495724 0.56012
0.45444 0.48794 0.53656
0.44192 0.501364 0.55952
0.4548 0.497072 0.53888
0.45064 0.496476 0.53624
0.41892 0.483896 0.53016
0.45592 0.478916 0.52324
0.47252 0.502172 0.57904
0.47528 0.535384 0.59936
0.44048 0.490892 0.53924
0.5002 0.532012 0.55596
0.4358 0.492836 0.5176
0.49108 0.523468 0.54612
0.43664 0.485528 0.51708
0.45812 0.510612 0.58612
0.43708 0.476808 0.54244
0.47284 0.517856 0.54788
0.44668 0.492524 0.55576
0.48404 0.513584 0.55616
0.48824 0.50212 0.52352
0.4754 0.513692 0.55364
0.44788 0.480268 0.5082
0.47448 0.509696 0.54124
0.462 0.499136 0.54304
0.42288 0.46714 0.51972
0.43424 0.480736 0.54512
0.42516 0.505604 0.552
0.45096 0.498016 0.54804
0.46128 0.516232 0.548
0.4322 0.4802 0.50952
0.44832 0.501552 0.55504
0.45728 0.48506 0.51672
0.4434 0.48588 0.50676
0.45456 0.500896 0.52632
0.46016 0.502564 0.54448
0.46612 0.503388 0.56768
0.43888 0.488964 0.54988
0.47396 0.51242 0.56004
0.4438 0.5089 0.56448
0.45624 0.496532 0.5348
0.4676 0.500336 0.54132
0.44064 0.480768 0.55172
0.46004 0.489784 0.52996
0.44804 0.49354 0.531
0.447 0.47934 0.51052
0.47084 0.509456 0.56556
0.44628 0.48852 0.5314
0.47108 0.510988 0.53964
0.4546 0.497012 0.569
0.4844 0.516524 0.57704
0.42796 0.484176 0.58752
0.45984 0.491976 0.55196
0.44324 0.479948 0.53328
0.4226 0.470548 0.50076
0.45456 0.493196 0.52652
0.45216 0.4699 0.485
0.44552 0.479008 0.51092
0.44836 0.486256 0.52592
0.4226 0.473992 0.52456
0.43312 0.466088 0.5188
0.45436 0.49176 0.55452
0.44592 0.4875 0.528
0.47232 0.504096 0.57272
0.44308 0.493156 0.5438
0.43996 0.46746 0.51096
0.457 0.504544 0.56784
0.44372 0.470584 0.5132
0.44144 0.513128 0.56516
0.42584 0.484712 0.55388
0.442 0.484276 0.5304
0.4028 0.48562 0.58096
0.46512 0.50166 0.53224
0.46632 0.51696 0.56856
0.46792 0.518212 0.552
0.42424 0.476284 0.55568
0.4524 0.489564 0.54476
0.4588 0.485376 0.5224
0.44228 0.463256 0.49332
0.425 0.473524 0.50576
0.46928 0.501036 0.57304
0.46684 0.520556 0.59164
0.459 0.510876 0.55556
0.48264 0.503708 0.52848
0.4436 0.487452 0.51408
0.44504 0.503948 0.57556
0.46492 0.503372 0.57668
0.43768 0.483624 0.51796
0.47868 0.51022 0.55276
0.4738 0.509304 0.54956
0.41752 0.431592 0.44508
0.41728 0.435676 0.48404
0.40036 0.42806 0.47568
0.41044 0.445436 0.47692
0.42036 0.453724 0.49472
0.4198 0.442092 0.4964
0.43508 0.459336 0.48808
0.44192 0.453636 0.48708
0.41264 0.455244 0.48904
0.42424 0.460892 0.48008
0.42592 0.45608 0.49528
0.41904 0.43754 0.4722
0.43896 0.467296 0.54872
0.4388 0.486736 0.561
0.45912 0.492208 0.51212
0.42988 0.464996 0.52528
0.43068 0.471824 0.51116
0.4306 0.479832 0.5216
0.4668 0.504012 0.55352
0.44944 0.505344 0.57344
0.46964 0.502936 0.55284
0.45052 0.493072 0.52744
0.45396 0.500588 0.52992
0.4944 0.514004 0.53608
0.45412 0.490296 0.54948
0.47176 0.495596 0.52048
0.479 0.50996 0.53676
0.45044 0.527244 0.57924
0.48216 0.513956 0.53912
0.49932 0.517208 0.5564
0.44704 0.499104 0.52012
0.43084 0.485072 0.54152
0.45252 0.475188 0.50572
0.4476 0.488116 0.5222
0.44728 0.480164 0.53544
0.4704 0.493696 0.52124
0.43528 0.494156 0.5344
0.46784 0.500636 0.53512
0.45336 0.513816 0.57052
0.4506 0.484616 0.50636
0.45324 0.488824 0.54272
0.47564 0.511084 0.55008
0.41868 0.46294 0.48692
0.42144 0.457436 0.50144
0.40668 0.449816 0.50868
0.42972 0.470532 0.5532
0.44708 0.482656 0.53508
0.43556 0.46772 0.49848
0.42904 0.47574 0.53044
0.46232 0.483792 0.5302
0.46868 0.486972 0.50288
0.44904 0.478968 0.54088
0.44536 0.48874 0.56052
0.44784 0.480816 0.53248
0.43908 0.46296 0.4886
0.42168 0.459712 0.52044
0.435 0.480028 0.51764
0.43648 0.468976 0.48976
0.41836 0.46632 0.49252
0.42004 0.468668 0.52
0.4234 0.467736 0.51944
0.41816 0.467888 0.50696
0.43716 0.464612 0.50352
0.46044 0.502816 0.52292
0.46148 0.495704 0.55048
0.45564 0.487716 0.53544
0.44856 0.475932 0.5074
0.40772 0.45528 0.49308
0.45156 0.475408 0.51644
0.4426 0.465352 0.47804
0.44228 0.469308 0.48064
0.44512 0.483128 0.51248
0.4488 0.494732 0.55512
0.43656 0.498068 0.5488
0.43096 0.49906 0.55664
0.42696 0.474 0.50124
0.46388 0.481912 0.54204
0.45528 0.473816 0.49152
0.43524 0.4588 0.49776
0.4482 0.476564 0.5232
0.44168 0.466884 0.49244
0.4244 0.465992 0.50424
0.42072 0.460932 0.50284
0.4344 0.457244 0.48148
0.44784 0.472076 0.55296
0.43588 0.46768 0.51392
0.43176 0.46908 0.5022
0.4334 0.468356 0.49924
0.41592 0.470064 0.5062
0.42708 0.454156 0.48488
0.45296 0.475092 0.5018
0.43248 0.500064 0.55108
0.4548 0.493896 0.538
0.45256 0.49396 0.52948
0.46144 0.486752 0.51972
0.45332 0.491432 0.5332
0.4104 0.464436 0.51372
0.4088 0.453564 0.49516
0.41788 0.455392 0.48688
0.4694 0.491556 0.52796
0.43908 0.468956 0.51468
0.4414 0.474976 0.53772
0.45712 0.483784 0.54556
0.44548 0.47306 0.53392
0.41708 0.46838 0.53432
0.42044 0.458368 0.49028
0.4618 0.473828 0.49256
0.4284 0.480716 0.53844
0.42352 0.476 0.54928
0.45044 0.487 0.52152
0.46516 0.48964 0.53012
0.4446 0.501448 0.55316
0.45864 0.5029 0.54868
0.45732 0.504808 0.56828
0.43848 0.480024 0.54196
0.44812 0.47834 0.49984
0.45028 0.47908 0.50684
0.44448 0.474656 0.5294
0.43024 0.4649 0.477
0.4268 0.463908 0.483
0.45712 0.47898 0.49724
0.42824 0.461788 0.5116
0.43816 0.46586 0.52336
0.45432 0.4719 0.48972
0.43752 0.477236 0.523
0.44764 0.478532 0.51788
0.45972 0.480228 0.51188
0.43168 0.472204 0.50152
0.44788 0.470048 0.48408
0.4124 0.466932 0.50556
0.4502 0.471356 0.51128
0.42448 0.458852 0.5014
0.44768 0.477416 0.52684
0.4476 0.490136 0.54212
0.45096 0.492644 0.55152
0.42332 0.469036 0.495
0.43888 0.476592 0.52336
0.45428 0.468164 0.49588
0.41084 0.456524 0.48284
0.41304 0.45322 0.52224
0.42344 0.448648 0.51544
0.44164 0.45904 0.5126
0.43948 0.456404 0.46536
0.43704 0.461444 0.4998
0.41656 0.442404 0.46608
0.40916 0.440232 0.46836
0.42196 0.465804 0.51084
0.43304 0.455752 0.48704
0.40276 0.444376 0.49816
0.40184 0.458844 0.49932
0.43104 0.465804 0.56188
0.42548 0.452072 0.50244
0.4034 0.463592 0.54524
0.40392 0.443784 0.5056
0.40988 0.433984 0.48844
0.3994 0.447268 0.46756
0.40436 0.459136 0.53796
0.4266 0.453144 0.49384
0.42872 0.464336 0.50496
0.41816 0.455408 0.5108
0.42324 0.444992 0.47196
0.41864 0.4601 0.48804
0.41356 0.457524 0.49324
0.42668 0.466844 0.51196
0.40732 0.455312 0.50708
0.41836 0.432096 0.45044
0.40324 0.455008 0.5046
0.43764 0.460872 0.48936
0.41152 0.442776 0.49548
0.41612 0.441984 0.49716
0.4118 0.439628 0.49032
0.41232 0.442212 0.4768
0.41464 0.437428 0.46212
0.4144 0.438196 0.47296
0.41636 0.442612 0.47304
0.4162 0.44892 0.46588
0.41532 0.449356 0.5226
0.42212 0.453876 0.50096
0.40268 0.443124 0.566
0.42468 0.447012 0.47932
0.41492 0.452432 0.49552
0.41472 0.46054 0.4958
0.41648 0.457688 0.4938
0.39304 0.437536 0.47348
0.40344 0.460904 0.50288
0.44212 0.466876 0.49276
0.41388 0.428544 0.47076
0.42284 0.44734 0.48292
0.42016 0.440604 0.46172
0.4148 0.44906 0.49868
0.4056 0.436388 0.505
0.41252 0.441356 0.4858
0.40676 0.442848 0.51328
0.39776 0.437876 0.47956
0.393 0.424156 0.4594
0.40296 0.429584 0.45576
0.38892 0.416988 0.44272
0.38664 0.402468 0.42676
0.38816 0.41862 0.45384
0.38788 0.418748 0.4448
0.39688 0.417112 0.4378
0.3742 0.444692 0.49672
0.40512 0.430336 0.48156
0.40836 0.44044 0.49168
0.39728 0.439444 0.46452
0.39744 0.440112 0.484
0.43936 0.456464 0.49608
0.41552 0.445288 0.51104
0.39304 0.432728 0.4752
0.3972 0.449296 0.50696
0.41356 0.45808 0.4778
0.40396 0.450152 0.4762
0.40572 0.454588 0.49732
0.3968 0.449512 0.52848
0.39404 0.431312 0.48084
0.39264 0.42478 0.4418
0.39832 0.43676 0.47868
0.42088 0.437196 0.48084
0.40316 0.437216 0.48672
0.38992 0.43038 0.46516
0.3814 0.42704 0.46412
0.38052 0.439696 0.49112
0.39496 0.43532 0.46844
0.40644 0.460016 0.48576
0.40616 0.447784 0.46572
0.41212 0.454092 0.49252
0.39356 0.436496 0.48512
0.3956 0.443036 0.48156
0.40192 0.449816 0.53032
0.38856 0.44042 0.49676
0.4026 0.431208 0.47608
0.38996 0.441088 0.48048
0.39244 0.435912 0.47104
0.40692 0.45472 0.49152
0.38496 0.43144 0.51728
0.38428 0.440048 0.48148
0.40084 0.431664 0.49472
0.43528 0.472588 0.5244
0.43448 0.460652 0.52184
0.40032 0.456896 0.51296
0.42004 0.468324 0.50116
0.40948 0.464764 0.49528
0.44188 0.460064 0.52132
0.41744 0.472468 0.55968
0.40136 0.463824 0.5218
0.42036 0.472008 0.5664
0.38172 0.437768 0.49776
0.39644 0.440556 0.4936
0.3892 0.44998 0.54844
0.44024 0.47494 0.5062
0.4134 0.47894 0.54068
0.4244 0.47622 0.53176
0.39308 0.451036 0.51736
0.40952 0.43982 0.47704
0.4272 0.458676 0.50768
0.41628 0.466096 0.56296
0.41112 0.457144 0.48792
0.43004 0.464844 0.54928
0.44304 0.460588 0.47916
0.42724 0.470804 0.53872
0.44204 0.49484 0.5704
0.4028 0.472904 0.55868
0.42992 0.475088 0.5246
0.40736 0.461188 0.50888
0.41996 0.445352 0.46644
0.41744 0.470252 0.529
0.42672 0.447912 0.48264
0.43824 0.471816 0.49684
0.4072 0.462608 0.4986
0.43688 0.472468 0.5026
0.41824 0.44228 0.48228
0.42448 0.442856 0.47192
0.41912 0.444708 0.5406
0.41588 0.454208 0.50252
0.41628 0.443036 0.4998
0.44528 0.472752 0.54056
0.455 0.498168 0.53532
0.44964 0.487304 0.52228
0.45004 0.50014 0.53492
0.439 0.475052 0.51028
0.3906 0.473236 0.50732
0.42108 0.466596 0.57628
0.42788 0.473168 0.51252
0.40928 0.462124 0.49876
0.416 0.46104 0.52836
0.45252 0.478928 0.52528
0.4146 0.454692 0.55704
0.40432 0.45406 0.52148
0.4302 0.47366 0.54212
0.43704 0.460648 0.4758
0.39132 0.461516 0.56364
0.41768 0.48712 0.55932
0.41908 0.469552 0.55928
0.43544 0.480788 0.52696
0.39844 0.46326 0.5414
0.40152 0.443864 0.48196
0.42296 0.473276 0.50064
0.42176 0.481496 0.5246
0.4282 0.4733 0.524
0.4104 0.475528 0.5316
0.42112 0.472836 0.51292
0.42148 0.462972 0.51896
0.42124 0.472996 0.5214
0.42272 0.476516 0.54144
0.3924 0.472804 0.535
0.39944 0.477392 0.51216
0.40924 0.436996 0.49364
0.42612 0.446884 0.49424
0.42136 0.45632 0.49792
0.41192 0.474588 0.56568
0.41072 0.449024 0.47328
0.3958 0.448212 0.51536
0.37824 0.454316 0.51512
0.44572 0.467896 0.49056
0.39716 0.4604 0.49992
0.4078 0.45598 0.48084
0.42884 0.473244 0.52232
0.44152 0.467904 0.50048
0.43296 0.455124 0.48328
0.39952 0.45058 0.52076
0.41216 0.443084 0.46952
0.43924 0.46052 0.50716
0.439 0.457984 0.48656
0.44324 0.46744 0.52252
0.3948 0.454136 0.49704
0.4516 0.490976 0.55008
0.47896 0.506712 0.5618
0.45688 0.516352 0.57492
0.41156 0.509836 0.6
0.4514 0.478936 0.502
0.426 0.463124 0.53424
0.43276 0.478976 0.55608
0.39992 0.479972 0.51348
0.40724 0.466324 0.50236
0.40448 0.454148 0.5354
0.40632 0.44802 0.48756
0.42372 0.48088 0.57408
0.40196 0.450996 0.49536
0.4204 0.464996 0.50924
0.39944 0.43962 0.5346
0.39016 0.447484 0.50044
0.39836 0.44592 0.50404
0.417 0.460064 0.5412
0.39196 0.47484 0.57808
0.4122 0.46088 0.58096
0.40424 0.461864 0.48908
0.41792 0.474196 0.56848
0.42456 0.466932 0.52572
0.42676 0.47164 0.55784
0.38648 0.438696 0.4892
0.3902 0.44172 0.49588
0.41128 0.480652 0.56556
0.42396 0.4633 0.52852
0.41856 0.493688 0.59584
0.4034 0.469624 0.55712
0.42388 0.489324 0.57728
0.437 0.480128 0.56912
0.40488 0.470644 0.56036
0.44564 0.494476 0.59244
0.44852 0.491276 0.59584
0.41308 0.465 0.53228
0.41144 0.45662 0.51768
0.4224 0.453368 0.51944
0.3978 0.446964 0.4984
0.39868 0.447204 0.49744
0.4042 0.447604 0.47336
0.3886 0.466992 0.54196
0.4346 0.466636 0.53832
0.39428 0.455272 0.53468
0.41672 0.46286 0.52168
0.41336 0.470856 0.54804
0.40144 0.464608 0.55896
0.41004 0.480652 0.522
0.38788 0.44764 0.5376
0.40472 0.476712 0.5752
0.39108 0.438628 0.50076
0.38284 0.45672 0.53088
0.40992 0.459008 0.5018
0.3706 0.448192 0.50596
0.38272 0.446008 0.55712
0.39896 0.460484 0.5042
0.42724 0.461564 0.51472
0.45168 0.471748 0.54596
0.40068 0.438164 0.47176
0.39316 0.43382 0.4948
0.39552 0.451788 0.54312
0.40872 0.465236 0.51908
0.3696 0.469104 0.53204
0.39356 0.453588 0.52544
0.40244 0.462196 0.57204
0.36736 0.453364 0.56448
0.39844 0.467176 0.56656
0.40712 0.451844 0.51336
0.4192 0.462168 0.51428
0.39028 0.442428 0.53564
0.44652 0.49272 0.55312
0.40356 0.449196 0.50764
0.41328 0.47664 0.53184
0.42068 0.463648 0.5022
0.38336 0.431868 0.48492
0.398 0.449688 0.53056
0.38568 0.443188 0.4882
0.38864 0.437684 0.50592
0.4266 0.479864 0.55736
0.40212 0.455176 0.59632
0.39504 0.431104 0.47772
0.3802 0.449448 0.5176
0.39724 0.439428 0.47716
0.39268 0.46168 0.56688
0.4034 0.469832 0.57036
0.40012 0.466676 0.53736
0.38284 0.449828 0.52924
0.4156 0.431484 0.46088
0.37188 0.441104 0.50636
0.406 0.443728 0.49668
0.35348 0.41778 0.46464
0.40888 0.437324 0.54524
0.39168 0.434072 0.46144
0.39512 0.447048 0.53516
0.3906 0.429084 0.4742
0.39728 0.446396 0.49836
0.38332 0.4459 0.53228
0.3968 0.454228 0.50768
0.41084 0.451504 0.5448
0.429 0.464068 0.53948
0.3858 0.429336 0.4934
0.38496 0.432948 0.5332
0.41052 0.4466 0.54248
0.41392 0.466744 0.55364
0.38172 0.439704 0.51548
0.39756 0.449324 0.52068
0.41788 0.444712 0.50616
0.39404 0.453936 0.50436
0.39812 0.44168 0.49132
0.39612 0.44624 0.55332
0.3792 0.4496 0.55056
0.38116 0.423248 0.4916
0.39184 0.428216 0.4592
0.37856 0.443196 0.574
0.39076 0.422328 0.4568
0.38824 0.422148 0.48748
0.38256 0.455112 0.51692
0.38252 0.440908 0.49708
0.3758 0.444748 0.51616
0.34836 0.437772 0.54944
0.38992 0.443636 0.52152
0.40028 0.428352 0.45024
0.38296 0.413072 0.49076
0.38196 0.430184 0.48488
0.3924 0.447828 0.54764
0.38144 0.426856 0.48316
0.38136 0.43082 0.4844
0.3704 0.427196 0.49468
0.36472 0.399952 0.44744
0.38012 0.424704 0.51452
0.38164 0.423716 0.47296
0.37528 0.417176 0.503
0.36552 0.42892 0.48696
0.35812 0.436236 0.4994
0.39804 0.434856 0.50408
0.3926 0.434436 0.50408
0.38876 0.458892 0.58128
0.40004 0.439072 0.58264
0.40292 0.447652 0.58592
0.39028 0.450276 0.58652
0.38736 0.424036 0.47036
0.41136 0.45758 0.58736
0.39256 0.435348 0.529
0.39704 0.444152 0.51252
0.36956 0.425152 0.46884
0.373 0.444292 0.52324
0.37656 0.4339 0.50484
0.3866 0.432912 0.51528
0.38864 0.445696 0.519
0.39428 0.445696 0.50504
0.39876 0.45112 0.55404
0.409 0.453112 0.50024
0.40132 0.429056 0.4758
0.37096 0.446804 0.50924
0.404 0.45108 0.50232
0.39552 0.433708 0.48988
0.36204 0.43508 0.49112
0.3848 0.428212 0.4902
0.35156 0.440676 0.47948
0.41704 0.438684 0.47508
0.37832 0.447948 0.56252
0.39936 0.443036 0.48976
0.4008 0.445996 0.53636
0.3844 0.452936 0.58008
0.38624 0.44242 0.50372
0.41 0.441784 0.49196
0.39236 0.437192 0.51856
0.37656 0.41048 0.43448
0.4032 0.41806 0.44224
0.38044 0.411412 0.44272
0.37788 0.427056 0.46992
0.36952 0.398248 0.427
0.38188 0.416012 0.4584
0.38916 0.426376 0.4802
0.38028 0.428184 0.48616
0.37576 0.421196 0.5342
0.38292 0.44758 0.51512
0.36444 0.414704 0.4968
0.37276 0.446328 0.49852
0.36592 0.388944 0.41684
0.36404 0.416384 0.47872
0.36016 0.403704 0.46404
0.4082 0.429704 0.4714
0.35812 0.41868 0.48684
0.37652 0.418372 0.46952
0.37952 0.43048 0.57632
0.37012 0.414236 0.45224
0.40248 0.433264 0.51536
0.36752 0.4092 0.48828
0.36748 0.420048 0.44992
0.38444 0.41536 0.45024
0.39972 0.429504 0.49096
0.35796 0.41846 0.47848
0.40796 0.431836 0.4678
0.376 0.421292 0.48076
0.3808 0.420656 0.47856
0.3748 0.41454 0.45296
0.37212 0.419728 0.49796
0.39116 0.41882 0.44096
0.39912 0.430004 0.50192
0.39348 0.453544 0.5342
0.3918 0.443528 0.51728
0.38036 0.41724 0.48344
0.38172 0.411264 0.45224
0.371 0.406496 0.43044
0.37096 0.39878 0.43904
0.37336 0.4134 0.47808
0.35292 0.3998 0.45572
0.36656 0.407176 0.4488
0.36192 0.41638 0.49988
0.3662 0.427972 0.4726
0.3558 0.414524 0.48928
0.35972 0.413196 0.47004
0.37844 0.437984 0.5092
0.38272 0.417968 0.46452
0.39156 0.41756 0.45304
0.3656 0.400512 0.4714
0.3662 0.403112 0.43056
0.3962 0.420228 0.49016
0.35948 0.440388 0.50064
0.39152 0.436676 0.4894
0.3784 0.43684 0.47668
0.39456 0.42912 0.47428
0.36548 0.442796 0.54584
0.36612 0.449528 0.56716
0.41164 0.452648 0.56912
0.38556 0.436804 0.49896
0.37388 0.43764 0.52736
0.39036 0.443412 0.48496
0.38528 0.442768 0.51776
0.38236 0.443488 0.48892
0.389 0.41946 0.43564
0.3776 0.422324 0.46876
0.385 0.42944 0.47312
0.38544 0.428116 0.52828
0.38508 0.422928 0.44192
0.40912 0.418072 0.454
0.39248 0.434084 0.55408
0.37592 0.422516 0.51748
0.39568 0.438236 0.54628
0.3758 0.41358 0.47352
0.3806 0.441804 0.57368
0.36512 0.417184 0.46668
0.378 0.419792 0.50072
0.35928 0.41656 0.45648
0.35912 0.427152 0.50532
0.3688 0.425824 0.46476
0.38 0.416572 0.458
0.3714 0.440908 0.514
0.3732 0.419176 0.45444
0.38808 0.427812 0.45024
0.38676 0.42884 0.51644
0.38392 0.416544 0.46112
0.4002 0.429944 0.4622
0.39536 0.435356 0.46988
0.37168 0.424484 0.50184
0.39404 0.417208 0.43396
0.3856 0.415964 0.45656
0.39556 0.427672 0.45732
0.387 0.419588 0.45852
0.395 0.423268 0.4848
0.3798 0.434408 0.57104
0.39484 0.430336 0.4596
0.38168 0.435148 0.46688
0.39488 0.426308 0.4552
0.39728 0.447144 0.53728
0.3882 0.433556 0.48152
0.38312 0.440188 0.47084
0.39524 0.44318 0.46952
0.39288 0.437556 0.4762
0.41336 0.439528 0.47928
0.40004 0.439788 0.4878
0.3976 0.442004 0.52056
0.37584 0.443472 0.48876
0.37648 0.425188 0.47
0.37932 0.430052 0.5162
0.3636 0.411124 0.4576
0.38932 0.429344 0.46272
0.3984 0.423596 0.47932
0.36456 0.409928 0.46012
0.36608 0.421304 0.47484
0.35556 0.425492 0.48568
0.4016 0.43358 0.45004
0.38272 0.420748 0.48764
0.37408 0.416444 0.43432
0.40484 0.439156 0.56096
0.40228 0.428432 0.51544
0.389 0.427672 0.49128
0.39076 0.428928 0.50948
0.37608 0.4305 0.5122
0.383 0.441472 0.4744
0.42508 0.454432 0.50796
0.413 0.445996 0.47356
0.40336 0.436692 0.47344
0.40792 0.450496 0.50824
0.40256 0.439604 0.50032
0.40568 0.442812 0.49792
0.4066 0.435904 0.47644
0.404 0.4354 0.48444
0.39972 0.43302 0.479
0.42152 0.457548 0.4766
0.41156 0.438792 0.49772
0.4316 0.471936 0.5776
0.41892 0.4614 0.4806
0.44716 0.474352 0.55052
0.41904 0.459112 0.56444
0.42376 0.478476 0.54336
0.389 0.443048 0.50544
0.43416 0.458436 0.48316
0.42588 0.472496 0.57184
0.4184 0.462092 0.51404
0.42128 0.45692 0.51964
0.41516 0.46328 0.5754
0.43212 0.466552 0.52952
0.39972 0.462036 0.5074
0.40236 0.465328 0.5516
0.42848 0.4804 0.5102
0.42064 0.471188 0.51228
0.42624 0.46936 0.54896
0.40396 0.461132 0.5422
0.43372 0.483588 0.5306
0.4524 0.489824 0.53048
0.41364 0.489076 0.53016
0.44224 0.470128 0.5182
0.42668 0.471152 0.58268
0.4352 0.473364 0.55936
0.42604 0.47362 0.5032
0.40444 0.474436 0.54804
0.43076 0.472892 0.505
0.3956 0.477032 0.54352
0.4146 0.4724 0.56544
0.41848 0.48482 0.58368
0.43996 0.487368 0.57276
0.44392 0.476368 0.5474
0.45924 0.490912 0.55236
0.43508 0.46884 0.563
0.43688 0.484196 0.51688
0.43516 0.47622 0.59424
0.40228 0.461008 0.51644
0.42272 0.459456 0.54144
0.4446 0.476828 0.56312
0.4464 0.481468 0.57952
0.428 0.491912 0.56576
0.42816 0.498636 0.58288
0.42152 0.473588 0.56076
0.41932 0.4584 0.50672
0.42692 0.469376 0.52968
0.42528 0.476532 0.55572
0.42332 0.494656 0.55632
0.40884 0.482644 0.58752
0.40748 0.481416 0.57692
0.43924 0.483484 0.57208
0.43964 0.494776 0.58432
0.41364 0.4715 0.51432
0.41336 0.485256 0.55664
0.40724 0.485588 0.58076
0.44508 0.49364 0.54456
0.462 0.49354 0.57168
0.483 0.5168 0.5928
0.4052 0.474832 0.5976
0.43596 0.477224 0.55664
0.4328 0.49516 0.54984
0.41796 0.45574 0.50744
0.41732 0.456168 0.57992
0.44548 0.475012 0.51616
0.39464 0.445184 0.50292
0.4148 0.461604 0.506
0.44764 0.483772 0.55384
0.41908 0.45604 0.47948
0.41972 0.475348 0.51928
0.40648 0.459404 0.49568
0.4118 0.46598 0.50364
0.4126 0.469804 0.5334
0.40868 0.471624 0.57208
0.4294 0.484408 0.51276
0.42052 0.458704 0.54668
0.42144 0.489912 0.54504
0.43748 0.469388 0.5388
0.40452 0.462996 0.48364
0.45296 0.47568 0.54704
0.4364 0.473528 0.55076
0.39448 0.460192 0.49428
0.4106 0.466532 0.58524
0.42684 0.46598 0.506
0.43988 0.464244 0.51308
0.42024 0.465116 0.53804
0.4026 0.47748 0.5654
0.4246 0.464556 0.56892
0.43936 0.506732 0.59092
0.39872 0.504584 0.58944
0.43628 0.476764 0.49956
0.43788 0.479436 0.55104
0.4316 0.496048 0.55844
0.44684 0.474424 0.52268
0.43804 0.474032 0.50324
0.43104 0.473048 0.52624
0.44412 0.476036 0.51976
0.45888 0.48114 0.50576
0.44532 0.489068 0.54872
0.43036 0.493784 0.57776
0.40112 0.484564 0.5554
0.45128 0.470624 0.50304
0.4584 0.481728 0.50532
0.43808 0.483984 0.53668
0.4112 0.462124 0.53844
0.40088 0.449616 0.51492
0.4 0.47788 0.5138
0.46244 0.484644 0.5252
0.45484 0.522616 0.571
0.4764 0.50258 0.52972
0.44824 0.46894 0.5134
0.44096 0.481084 0.5512
0.46496 0.482228 0.5218
0.44952 0.494516 0.52684
0.44096 0.464828 0.51196
0.4112 0.488516 0.52192
0.44688 0.513604 0.58712
0.43644 0.480612 0.52672
0.44376 0.501244 0.59132
0.46128 0.491848 0.53464
0.43604 0.485692 0.51808
0.43876 0.491332 0.53676
0.43532 0.489528 0.57452
0.47544 0.490788 0.51312
0.42644 0.483404 0.51888
0.44912 0.481984 0.5302
0.46992 0.505564 0.52872
0.45428 0.492496 0.51612
0.4478 0.506752 0.59232
0.46364 0.491452 0.52848
0.46872 0.470708 0.47572
0.4498 0.489508 0.53724
0.45804 0.519296 0.56236
0.4666 0.499588 0.56116
0.4346 0.48798 0.59488
0.46524 0.490888 0.53404
0.4534 0.487136 0.50784
0.44856 0.48562 0.57164
0.45192 0.48404 0.50824
0.41076 0.4835 0.5208
0.44408 0.474848 0.53268
0.41712 0.489336 0.53272
0.41376 0.458632 0.4956
0.42124 0.47016 0.51404
0.421 0.467292 0.49796
0.42128 0.477752 0.54836
0.45688 0.48686 0.53376
0.46584 0.499072 0.574
0.44208 0.485812 0.5192
0.42808 0.463152 0.50304
0.42316 0.461604 0.49504
0.4234 0.484288 0.54116
0.41528 0.448212 0.509
0.42168 0.464784 0.52356
0.43484 0.465908 0.48404
0.385 0.46362 0.53484
0.4174 0.47922 0.52056
0.423 0.465044 0.49904
0.41884 0.472076 0.51552
0.42996 0.473428 0.52812
0.45124 0.472396 0.48756
0.44848 0.472488 0.51036
0.45832 0.475176 0.52028
0.427 0.477508 0.52252
0.39864 0.457 0.49644
0.43192 0.477576 0.51916
0.45016 0.4862 0.58148
0.42436 0.462828 0.49632
0.41628 0.470948 0.52412
0.41436 0.465712 0.52508
0.4124 0.467096 0.49376
0.4592 0.490044 0.53652
0.43288 0.473396 0.53584
0.44436 0.482936 0.52104
0.44596 0.48172 0.52836
0.44332 0.46902 0.52696
0.41276 0.492348 0.569
0.43224 0.495368 0.57312
0.4694 0.484716 0.50768
0.419 0.479852 0.59904
0.44728 0.474744 0.51232
0.41876 0.49742 0.58656
0.44108 0.460316 0.47544
0.42804 0.470064 0.52372
0.42752 0.474568 0.52304
0.43516 0.458832 0.51212
0.44344 0.47434 0.50868
0.43004 0.447788 0.46764
0.4416 0.470744 0.52104
0.43936 0.461576 0.50144
0.41976 0.463192 0.49808
0.4066 0.454016 0.51888
0.41752 0.451368 0.50708
0.40484 0.455084 0.4946
0.44112 0.479528 0.51628
0.42784 0.471624 0.541
0.43532 0.487496 0.54484
0.4402 0.491604 0.54652
0.46764 0.487116 0.54992
0.42832 0.46662 0.50672
0.44676 0.4809 0.538
0.44552 0.480476 0.5666
0.4502 0.490248 0.56884
0.47016 0.498028 0.58736
0.44208 0.498192 0.5606
0.42676 0.486548 0.54976
0.438 0.46162 0.52248
0.441 0.46556 0.51056
0.43796 0.460204 0.51064
0.44032 0.46336 0.48356
0.44196 0.4688 0.50344
0.42956 0.471756 0.52192
0.44344 0.480604 0.51512
0.486 0.499508 0.55836
0.43668 0.479744 0.50032
0.45688 0.511788 0.55056
0.47996 0.517788 0.57056
0.43848 0.501872 0.52924
0.50056 0.524816 0.5706
0.4446 0.505668 0.5792
0.4442 0.507544 0.56992
0.46888 0.503044 0.56764
0.4572 0.5032 0.56696
0.45604 0.498624 0.54024
0.44068 0.492288 0.52312
0.4646 0.513216 0.57352
0.4642 0.509016 0.5624
0.4388 0.472008 0.52088
0.45708 0.496484 0.56152
0.43684 0.496592 0.56396
0.42164 0.484692 0.50864
0.436 0.4873 0.5674
0.44256 0.479672 0.56192
0.4356 0.493004 0.54864
0.41696 0.478912 0.5092
0.41464 0.465188 0.52072
0.45112 0.468996 0.51272
0.44652 0.473736 0.51052
0.4512 0.475016 0.5308
0.41752 0.465864 0.511
0.42496 0.478436 0.5584
0.42652 0.469328 0.51536
0.4404 0.48854 0.55876
0.42984 0.473836 0.5492
0.43868 0.471236 0.54704
0.45332 0.477588 0.5582
0.44624 0.476908 0.51144
0.45036 0.483616 0.57032
0.46784 0.507144 0.55572
0.46532 0.500332 0.56288
0.42912 0.485064 0.53348
0.42568 0.485816 0.53344
0.421 0.4889 0.54396
0.44792 0.504816 0.56296
0.45592 0.505696 0.59008
0.45976 0.49796 0.53044
0.46932 0.500104 0.53772
0.4332 0.500812 0.58572
0.46636 0.523188 0.56612
0.46236 0.51256 0.58868
0.47544 0.502468 0.54188
0.44592 0.504052 0.58544
0.4718 0.513264 0.54312
0.4302 0.458924 0.503
0.41556 0.457936 0.53792
0.424 0.466044 0.51012
0.42344 0.480352 0.56
0.42736 0.459112 0.49608
0.40728 0.461516 0.5716
0.4124 0.475768 0.55392
0.43156 0.484248 0.57536
0.4116 0.462868 0.47572
0.43116 0.47708 0.51324
0.42188 0.473176 0.53636
0.42404 0.46082 0.53864
0.41056 0.458264 0.49672
0.43084 0.484096 0.55656
0.42056 0.461228 0.49052
0.42348 0.46832 0.54692
0.4386 0.471636 0.51104
0.43304 0.47026 0.57648
0.4406 0.488824 0.54052
0.43648 0.475092 0.53608
0.40456 0.461172 0.51304
0.44256 0.473188 0.52448
0.41848 0.47712 0.51768
0.42028 0.4636 0.48456
0.42036 0.491424 0.56404
0.43664 0.478256 0.5198
0.38784 0.478572 0.5096
0.45668 0.479796 0.5162
0.4496 0.470916 0.5102
0.39536 0.462964 0.55276
0.43456 0.488848 0.55244
0.4424 0.483124 0.55312
0.43348 0.479556 0.51612
0.44856 0.49658 0.54652
0.42252 0.477448 0.54924
0.41976 0.474688 0.55024
0.44676 0.491524 0.51316
0.4368 0.484628 0.526
0.4654 0.506472 0.6
0.40084 0.473512 0.53764
0.42996 0.473468 0.5434
0.41676 0.45378 0.49036
0.43308 0.452084 0.49328
0.40428 0.43236 0.45008
0.39 0.433448 0.47036
0.40388 0.466128 0.51732
0.42868 0.467716 0.52268
0.43252 0.464984 0.51728
0.43692 0.474872 0.55496
0.41396 0.469424 0.53968
0.43616 0.471384 0.55108
0.41176 0.470828 0.50704
0.436 0.493768 0.5702
0.4336 0.471908 0.59656
0.4098 0.468044 0.5442
0.4104 0.468808 0.56276
0.41316 0.465084 0.50012
0.43388 0.474544 0.51384
0.3996 0.451948 0.54124
0.39148 0.455032 0.53496
0.39972 0.458688 0.54272
0.4286 0.480012 0.54704
0.3786 0.460268 0.52308
0.43628 0.484088 0.56816
0.41188 0.449652 0.5
0.41876 0.457548 0.50768
0.42204 0.483056 0.56744
0.4206 0.471592 0.54324
0.381 0.458576 0.52184
0.41604 0.461748 0.52476
0.42792 0.49736 0.56504
0.41784 0.46946 0.53228
0.43852 0.465088 0.51844
0.41584 0.444276 0.50168
0.40652 0.452592 0.4984
0.39424 0.4534 0.49136
0.42092 0.465136 0.50764
0.39316 0.43428 0.48212
0.39736 0.425024 0.46388
0.415 0.437188 0.48308
0.38444 0.426732 0.46492
0.42552 0.451964 0.49
0.40284 0.4487 0.55136
0.38432 0.462976 0.56052
0.40996 0.444304 0.47268
0.38752 0.458624 0.55016
0.415 0.463552 0.55152
0.39496 0.445692 0.47348
0.38872 0.441848 0.51364
0.38716 0.441752 0.53304
0.41844 0.45504 0.49472
0.44584 0.466528 0.52392
0.4036 0.457136 0.50032
0.4114 0.469256 0.58868
0.42216 0.474 0.51784
0.43148 0.468528 0.56128
0.41212 0.475744 0.57888
0.41588 0.453712 0.49336
0.4076 0.445916 0.49624
0.41276 0.472184 0.52024
0.42116 0.4796 0.50684
0.39908 0.473736 0.54144
0.41392 0.459896 0.54276
0.41336 0.446492 0.52868
0.41616 0.445424 0.4642
0.3838 0.453836 0.56064
0.40968 0.466132 0.5184
0.3774 0.452064 0.54908
0.398 0.453044 0.4886
0.41612 0.463432 0.52052
0.40368 0.447696 0.50648
0.42536 0.451392 0.49744
0.42096 0.453404 0.50712
0.42228 0.466476 0.6
0.38036 0.43826 0.46236
0.39076 0.43206 0.47792
0.37696 0.433264 0.45868
0.38932 0.424724 0.45744
0.39072 0.420132 0.45956
0.36888 0.42036 0.48588
0.39844 0.445964 0.50272
0.39932 0.457784 0.50128
0.38776 0.434352 0.51552
0.40652 0.456036 0.51104
0.40496 0.450312 0.48492
0.42136 0.45804 0.50188
0.42472 0.459608 0.50684
0.40552 0.432676 0.48772
0.42752 0.447772 0.50984
0.43556 0.465552 0.53864
0.40836 0.454832 0.52616
0.4088 0.441148 0.52192
0.39288 0.44198 0.50384
0.42644 0.467424 0.52224
0.41624 0.445904 0.4802
0.38944 0.436404 0.47448
0.39868 0.456076 0.51384
0.40232 0.461984 0.52464
0.40744 0.45196 0.50136
0.4156 0.4561 0.53856
0.406 0.466548 0.53244
0.40964 0.457848 0.52084
0.4092 0.451268 0.51872
0.40904 0.459308 0.52272
0.41788 0.45236 0.46956
0.40116 0.452768 0.51268
0.4186 0.44406 0.4718
0.43504 0.458712 0.523
0.42472 0.4555 0.4942
0.42032 0.454824 0.52552
0.42392 0.452152 0.50556
0.40368 0.46202 0.55272
0.43996 0.47508 0.52616
0.41324 0.457696 0.50108
0.4206 0.446076 0.52036
0.41068 0.444384 0.52016
0.43144 0.454864 0.53868
0.41168 0.453848 0.48924
0.43504 0.47224 0.50268
0.40192 0.436648 0.4628
0.39608 0.450416 0.48484
0.40356 0.444272 0.46004
0.40916 0.433772 0.473
0.42948 0.441936 0.47236
0.41824 0.457736 0.51472
0.40032 0.453936 0.509
0.43172 0.468892 0.54244
0.42768 0.45642 0.48176
0.39972 0.45176 0.49472
0.40776 0.435116 0.47884
0.39916 0.431544 0.4562
0.41848 0.457476 0.48408
0.41616 0.463564 0.55208
0.42568 0.452044 0.52396
0.40952 0.464948 0.52212
0.42704 0.4563 0.50984
0.43124 0.455316 0.48964
0.44604 0.469372 0.5072
0.41132 0.462872 0.515
0.44568 0.476832 0.54152
0.43604 0.459524 0.49592
0.37204 0.449212 0.5204
0.4424 0.471368 0.54992
0.42816 0.456304 0.49012
0.41568 0.465512 0.53308
0.40444 0.454592 0.48976
0.4338 0.47766 0.52356
0.40112 0.454968 0.49608
0.39484 0.455344 0.49112
0.41976 0.47104 0.50896
0.4494 0.47324 0.50864
0.43328 0.46958 0.50916
0.41384 0.45486 0.51924
0.42176 0.457792 0.49884
0.42332 0.484764 0.5902
0.43384 0.46014 0.5088
0.42336 0.461164 0.5058
0.43468 0.4715 0.50404
0.414 0.463 0.50084
0.40152 0.444292 0.52228
0.43036 0.468036 0.55816
0.422 0.447352 0.51956
0.39484 0.437604 0.47252
0.42164 0.437012 0.4758
0.42448 0.463676 0.53928
0.42408 0.480332 0.56768
0.39916 0.436324 0.46104
0.39876 0.440484 0.48316
0.398 0.453416 0.54476
0.39464 0.449636 0.47932
0.4114 0.448156 0.48396
0.4288 0.454468 0.48576
0.40928 0.45978 0.55908
0.40804 0.46296 0.55912
0.43008 0.466756 0.49864
0.43444 0.451536 0.48808
0.44512 0.455788 0.50552
0.4188 0.455224 0.50196
0.42256 0.454908 0.4954
0.42456 0.466576 0.50812
0.37236 0.446716 0.5052
0.41428 0.434956 0.44692
0.40912 0.442932 0.50308
0.41212 0.448708 0.48808
0.43056 0.4533 0.48792
0.43376 0.468456 0.48504
0.4162 0.457264 0.49152
0.42056 0.471948 0.52728
0.40572 0.44172 0.48204
0.41004 0.46572 0.53028
0.40612 0.456132 0.48356
0.42108 0.457272 0.50764
0.42204 0.468748 0.52116
0.41796 0.45522 0.51092
0.42616 0.462124 0.49512
0.428 0.456308 0.48504
0.42708 0.453992 0.49576
0.42036 0.438992 0.4502
0.43708 0.448528 0.4692
0.437 0.4544 0.49392
0.40704 0.46218 0.5098
0.4152 0.46688 0.50484
0.4506 0.461904 0.4896
0.4216 0.450688 0.47736
0.4214 0.445752 0.50616
0.422 0.442028 0.46204
0.43208 0.457404 0.47512
0.43332 0.463004 0.56016
0.43324 0.451908 0.4716
0.39824 0.434704 0.45572
0.393 0.43696 0.47144
0.40376 0.442236 0.45464
0.4262 0.45018 0.46716
0.39924 0.440404 0.46568
0.406 0.442296 0.46892
0.4348 0.454608 0.49328
0.40916 0.446172 0.49316
0.39788 0.4459 0.4828
0.40556 0.447588 0.4806
0.42272 0.470028 0.53136
0.403 0.46314 0.49692
0.41236 0.441688 0.47012
0.42876 0.446768 0.48728
0.40732 0.444408 0.46432
0.4408 0.459816 0.48924
0.44608 0.476556 0.52224
0.42496 0.468268 0.521
0.40832 0.45396 0.5066
0.42316 0.453016 0.53856
0.41976 0.464172 0.48396
0.4206 0.450776 0.48224
0.42064 0.44944 0.47516
0.42764 0.459312 0.52444
0.4172 0.440184 0.4572
0.41064 0.443304 0.4594
0.43384 0.458132 0.52708
0.40224 0.434884 0.4672
0.41348 0.43336 0.4694
0.40128 0.445484 0.49428
0.41284 0.43524 0.47436
0.42136 0.451184 0.47268
0.4232 0.432328 0.4542
0.41072 0.437188 0.48036
0.41084 0.440132 0.47256
0.43296 0.450972 0.50036
0.42176 0.458016 0.46776
0.41272 0.45168 0.48744
0.42024 0.445756 0.47428
0.42724 0.4548 0.4914
0.41332 0.451396 0.48644
0.42728 0.437768 0.46136
0.43348 0.452212 0.47776
0.41544 0.442 0.47856
0.40156 0.425408 0.44208
0.43504 0.457604 0.50144
0.4186 0.455032 0.495
0.41424 0.445776 0.49684
0.41108 0.445572 0.48812
0.41128 0.463192 0.49896
0.43084 0.4571 0.49804
0.40144 0.455416 0.48816
0.44708 0.465168 0.49304
0.41744 0.448736 0.47592
0.42504 0.44972 0.50216
0.41216 0.453744 0.50428
0.43668 0.463448 0.503
0.41896 0.47846 0.51848
0.41164 0.458452 0.51084
0.41692 0.45554 0.5082
0.4082 0.441428 0.47876
0.42312 0.453248 0.48516
0.40792 0.457492 0.48372
0.41932 0.438576 0.46112
0.42128 0.456216 0.53872
0.42076 0.453204 0.47724
0.40356 0.437844 0.48856
0.43324 0.445112 0.48404
0.3914 0.44776 0.5088
0.41392 0.462968 0.47364
0.42388 0.45176 0.4744
0.41268 0.44842 0.46912
0.40708 0.437544 0.47168
0.42036 0.447128 0.46368
0.41332 0.457384 0.50576
0.41492 0.457708 0.49684
0.41484 0.453512 0.49252
0.39604 0.45032 0.4864
0.40552 0.435612 0.46792
0.42572 0.454308 0.48356
0.39512 0.433348 0.46896
0.4424 0.468944 0.51084
0.40828 0.454756 0.47896
0.42756 0.4498 0.49616
0.41728 0.445228 0.46548
0.43148 0.447 0.4682
0.41752 0.445108 0.51056
0.40064 0.437132 0.45028
0.39696 0.437308 0.45052
0.416 0.438608 0.45168
0.4092 0.450612 0.48204
0.40768 0.440096 0.46324
0.40452 0.437976 0.4706
0.39364 0.421088 0.43104
0.403 0.425312 0.4504
0.41296 0.427016 0.44728
0.41064 0.4419 0.47548
0.43288 0.448152 0.46636
0.41748 0.44092 0.49688
0.42632 0.439152 0.47204
0.42096 0.433312 0.45204
0.39836 0.432836 0.48368
0.39476 0.42706 0.46104
0.41 0.43452 0.481
0.4098 0.437948 0.4802
0.4062 0.439392 0.46788
0.39872 0.4388 0.47464
0.42208 0.453632 0.501
0.41756 0.447048 0.46
0.44352 0.459344 0.49028
0.44144 0.459532 0.49896
0.41404 0.442296 0.47796
0.40904 0.442172 0.47936
0.40776 0.45744 0.50024
0.4074 0.44304 0.50184
0.42172 0.444836 0.47772
0.40884 0.444364 0.46736
0.4344 0.456696 0.51348
0.40916 0.449376 0.51544
0.41028 0.445672 0.48144
0.41372 0.436972 0.4878
0.41368 0.430624 0.45436
0.4136 0.434756 0.44872
0.41112 0.446548 0.50196
0.42496 0.443636 0.46448
0.41284 0.442004 0.46548
0.43616 0.457856 0.48792
0.42876 0.454268 0.48812
0.43252 0.441628 0.45388
0.43516 0.457908 0.47176
0.43992 0.459132 0.46968
0.42556 0.44708 0.467
0.41192 0.446796 0.49712
0.41532 0.445748 0.49996
0.41324 0.443068 0.47088
0.41932 0.448168 0.4576
0.41408 0.440732 0.46276
0.41524 0.449492 0.485
0.42372 0.447932 0.47824
0.42848 0.465804 0.53248
0.42436 0.445608 0.47416
0.40924 0.443428 0.45656
0.3988 0.441688 0.4654
0.37796 0.445968 0.48856
0.42188 0.448776 0.47332
0.42756 0.454972 0.4916
0.39912 0.448232 0.53736
0.42072 0.458988 0.57716
0.43428 0.448356 0.46984
0.42824 0.45274 0.49044
0.4316 0.464668 0.47564
0.42548 0.478212 0.54728
0.41972 0.459688 0.50716
0.41628 0.45206 0.48988
0.41464 0.449396 0.49956
0.41604 0.461336 0.52712
0.41772 0.461836 0.48208
0.43656 0.470216 0.54908
0.4336 0.45864 0.50176
0.42028 0.452148 0.48788
0.41228 0.43832 0.45824
0.43472 0.45624 0.48504
0.43 0.461616 0.50884
0.44356 0.471628 0.48904
0.4326 0.468212 0.51648
0.43776 0.457412 0.51952
0.43088 0.456092 0.4994
0.40376 0.44714 0.50028
0.42484 0.451172 0.47868
0.43712 0.460272 0.47872
0.42044 0.446712 0.4682
0.43444 0.458624 0.48124
0.41996 0.462316 0.52512
0.42924 0.458032 0.50412
0.43252 0.46618 0.49668
0.43548 0.461328 0.507
0.43332 0.463856 0.49996
0.43268 0.46408 0.4888
0.41728 0.465584 0.48616
0.44244 0.477 0.52836
0.44148 0.468784 0.50712
0.44592 0.47948 0.52872
0.44164 0.476572 0.51632
0.43412 0.462984 0.479
0.41136 0.470272 0.55536
0.42188 0.472616 0.49304
0.41124 0.455016 0.49088
0.42048 0.468132 0.54292
0.41516 0.451188 0.4872
0.42384 0.465744 0.49664
0.4246 0.4602 0.49572
0.45648 0.472804 0.5
0.44608 0.467328 0.5166
0.42868 0.454628 0.4798
0.43464 0.455664 0.47764
0.44036 0.466144 0.5202
0.4242 0.455808 0.49116
0.42628 0.454056 0.5332
0.41764 0.448864 0.52264
0.40328 0.44596 0.5072
0.43788 0.47046 0.532
0.41608 0.441868 0.47644
0.4166 0.440912 0.463
0.427 0.455216 0.5078
0.43072 0.453232 0.51644
0.41864 0.458392 0.49544
0.40128 0.454552 0.5172
0.43072 0.460428 0.51028
0.41044 0.457032 0.50604
0.40764 0.446856 0.48308
0.42588 0.455456 0.47504
0.42284 0.457644 0.53024
0.40232 0.450692 0.49744
0.4202 0.47792 0.50268
0.42072 0.474364 0.5062
0.43712 0.485964 0.5556
0.44624 0.461612 0.47396
0.39884 0.4591 0.48984
0.42012 0.458536 0.484
0.40748 0.466568 0.51656
0.45528 0.494012 0.54
0.43012 0.458136 0.49024
0.42032 0.476116 0.5218
0.43464 0.466084 0.50264
0.40576 0.460584 0.50552
0.43416 0.4747 0.55556
0.42844 0.455692 0.48828
0.42632 0.466056 0.5116
0.41672 0.461884 0.52628
0.43876 0.476936 0.52108
0.43464 0.464852 0.49156
0.43476 0.463592 0.50132
0.44868 0.487984 0.50868
0.468 0.502088 0.53688
0.44224 0.489736 0.5258
0.42012 0.464492 0.53116
0.44332 0.476728 0.5232
0.44848 0.495736 0.55012
0.44592 0.496368 0.56524
0.44828 0.502036 0.53708
0.46788 0.523484 0.5794
0.4458 0.518092 0.57456
0.45284 0.49124 0.55204
0.4224 0.481784 0.53876
0.43576 0.49286 0.54116
0.45528 0.491828 0.53716
0.4276 0.49102 0.57072
0.45028 0.475508 0.50296
0.4474 0.486112 0.50564
0.46048 0.485632 0.57204
0.43776 0.481764 0.53368
0.45768 0.47714 0.50636
0.43 0.490608 0.536
0.451 0.481192 0.52232
0.44332 0.506388 0.576
0.43064 0.488172 0.54396
0.43932 0.480372 0.52964
0.4608 0.486176 0.53264
0.45624 0.49122 0.56444
0.43868 0.483628 0.5518
0.42476 0.500656 0.55892
0.44832 0.489232 0.54404
0.45308 0.4918 0.50492
0.46968 0.512684 0.55436
0.43536 0.497672 0.53764
0.45028 0.486376 0.5476
0.45588 0.495388 0.53724
0.44236 0.478116 0.53444
0.434 0.479616 0.53096
0.4382 0.479528 0.53332
0.42232 0.46762 0.50532
0.43984 0.487704 0.52568
0.39916 0.463724 0.50844
0.4 0.447092 0.52912
0.43836 0.47292 0.57888
0.43336 0.46646 0.50368
0.41472 0.473128 0.53792
0.41484 0.459744 0.54084
0.4274 0.474844 0.5428
0.40856 0.443576 0.49996
0.4136 0.45256 0.51732
0.4338 0.459348 0.49856
0.39088 0.453032 0.5072
0.40668 0.456296 0.5108
0.42356 0.4517 0.49904
0.40884 0.450468 0.55884
0.4102 0.442636 0.4994
0.40852 0.448064 0.52384
0.4134 0.448308 0.51464
0.41412 0.450504 0.49276
0.4152 0.451496 0.49684
0.39252 0.447996 0.47456
0.42336 0.448068 0.48048
0.3982 0.456644 0.53024
0.41584 0.469892 0.5392
0.43744 0.466952 0.50376
0.39404 0.444552 0.54496
0.41272 0.452116 0.4988
0.43236 0.462516 0.50248
0.4018 0.491852 0.58376
0.41732 0.452292 0.50964
0.41824 0.449992 0.48052
0.42932 0.47154 0.52108
0.414 0.449756 0.48308
0.43184 0.474944 0.51708
0.43184 0.471348 0.51924
0.4342 0.467868 0.50888
0.40028 0.448708 0.46936
0.4216 0.462676 0.50624
0.44028 0.472104 0.4928
0.41908 0.462428 0.49892
0.41664 0.46982 0.54788
0.40724 0.46332 0.4806
0.42192 0.44946 0.516
0.42784 0.46022 0.53328
0.42868 0.473012 0.51572
0.43236 0.462928 0.47516
0.42888 0.46894 0.537
0.43316 0.458324 0.49324
0.39952 0.447368 0.50796
0.40712 0.470732 0.52288
0.43104 0.452232 0.47864
0.40096 0.455588 0.508
0.42672 0.453296 0.48072
0.40504 0.458068 0.5264
0.39908 0.43592 0.47388
0.39348 0.445036 0.48884
0.42732 0.459288 0.51848
0.41176 0.463072 0.49396
0.40404 0.447836 0.51732
0.43108 0.46258 0.52
0.40976 0.45428 0.50988
0.43144 0.46368 0.55336
0.40024 0.446228 0.46172
0.42748 0.448772 0.47312
0.42928 0.457228 0.48668
0.42856 0.467908 0.5126
0.40852 0.442964 0.52676
0.40512 0.451328 0.48404
0.41276 0.470168 0.5018
0.40892 0.456812 0.49204
0.42788 0.461372 0.49972
0.4214 0.464028 0.50976
0.43264 0.458544 0.51224
0.4314 0.468316 0.526
0.44344 0.471876 0.53584
0.43968 0.483624 0.52056
0.43948 0.472024 0.51968
0.42164 0.468936 0.50752
0.43092 0.470684 0.50664
0.4324 0.479844 0.52144
0.42796 0.462584 0.5062
0.42972 0.468612 0.5056
0.4268 0.445528 0.5138
0.43292 0.471576 0.51364
0.40488 0.472156 0.5454
0.4388 0.46214 0.48816
0.44804 0.49294 0.52344
0.44784 0.494772 0.52916
0.41924 0.476684 0.53784
0.40612 0.460376 0.53628
0.4232 0.457456 0.48924
0.40656 0.459944 0.51008
0.43964 0.480128 0.51088
0.41944 0.46458 0.48132
0.438 0.476276 0.53884
0.45288 0.486828 0.5478
0.45236 0.504032 0.551
0.4322 0.477092 0.519
0.42192 0.466476 0.50788
0.46708 0.492036 0.54336
0.42892 0.477688 0.52056
0.43916 0.458876 0.5046
0.4434 0.477572 0.51904
0.44476 0.467984 0.51592
0.43072 0.469776 0.507
0.42864 0.47686 0.53392
0.46448 0.485228 0.53068
0.44316 0.465488 0.48952
0.42824 0.476352 0.51976
0.42224 0.473464 0.5214
0.4246 0.4696 0.51568
0.46816 0.4814 0.49652
0.42424 0.466584 0.51824
0.41848 0.483256 0.50104
0.45252 0.480168 0.49964
0.42668 0.46574 0.49752
0.46972 0.480328 0.52552
0.4328 0.484452 0.57048
0.44948 0.47286 0.52392
0.44056 0.465548 0.5184
0.44568 0.470712 0.529
0.44 0.467 0.51608
0.44524 0.477916 0.52424
0.45356 0.486908 0.57564
0.45964 0.477672 0.51304
0.44304 0.47566 0.51564
0.42836 0.476312 0.51456
0.43184 0.470848 0.5112
0.4406 0.485076 0.54784
0.44544 0.489116 0.54876
0.44616 0.500168 0.55752
0.4546 0.489676 0.596
0.46672 0.493436 0.55256
0.46408 0.488524 0.52964
0.46628 0.518064 0.55328
0.445 0.482268 0.5266
0.44 0.519356 0.55924
0.48544 0.519628 0.56428
0.44792 0.489176 0.52612
0.4688 0.4999 0.53996
0.46484 0.492968 0.53568
0.45212 0.477896 0.50696
0.46788 0.480984 0.50464
0.4222 0.479232 0.50424
0.45896 0.500164 0.5942
0.46552 0.50034 0.52832
0.43404 0.475276 0.53528
0.45548 0.497392 0.53808
0.44028 0.485296 0.5392
0.44088 0.478384 0.50868
0.43948 0.49368 0.52856
0.4436 0.484592 0.5266
0.41452 0.474388 0.52316
0.44172 0.482468 0.52476
0.42008 0.500704 0.58436
0.45588 0.48682 0.55332
0.42076 0.469392 0.5244
0.42856 0.471732 0.50948
0.4442 0.488184 0.58816
0.44472 0.473684 0.5078
0.4444 0.478152 0.5172
0.4492 0.491928 0.55344
0.4716 0.491764 0.55664
0.45804 0.496416 0.55652
0.479 0.505296 0.54188
0.4348 0.49564 0.58772
0.428 0.472812 0.49552
0.44748 0.493744 0.55204
0.44628 0.480632 0.54668
0.44748 0.51006 0.57728
0.448 0.486352 0.5484
0.44372 0.472512 0.5124
0.4534 0.494784 0.53328
0.45824 0.500124 0.5396
0.46192 0.498108 0.57028
0.4656 0.494512 0.53444
0.43556 0.501036 0.56176
0.43424 0.50892 0.5818
0.44588 0.488216 0.54732
0.45012 0.506724 0.54488
0.4566 0.494508 0.54384
0.46932 0.513908 0.5706
0.4728 0.499472 0.57264
0.45732 0.510388 0.56932
0.47328 0.507464 0.55796
0.45672 0.493684 0.55036
0.4666 0.507104 0.56972
0.46408 0.504892 0.555
0.44892 0.477124 0.51888
0.43844 0.476848 0.49848
0.43808 0.488884 0.54108
0.4484 0.488832 0.53332
0.44624 0.485468 0.52988
0.4368 0.4706 0.52368
0.43888 0.48172 0.56036
0.4462 0.497048 0.53736
0.43504 0.483408 0.53232
0.45184 0.490876 0.5104
0.4418 0.480664 0.53224
0.44544 0.48132 0.52492
0.41672 0.490988 0.58364
0.43376 0.461128 0.48836
0.43068 0.48326 0.53716
0.42956 0.493224 0.57556
0.43564 0.47204 0.54004
0.46588 0.491056 0.56616
0.41768 0.50114 0.55936
0.4326 0.490576 0.55168
0.45096 0.500268 0.5856
0.46324 0.481696 0.53912
0.45544 0.479452 0.5202
0.4394 0.478488 0.55908
0.45608 0.498376 0.54248
0.44472 0.48376 0.5612
0.46388 0.499204 0.5394
0.47352 0.496168 0.55208
0.44832 0.496388 0.54264
0.45888 0.489608 0.5474
0.44132 0.469352 0.53596
0.4432 0.47656 0.52776
0.42452 0.45958 0.51296
0.42964 0.481668 0.51684
0.45468 0.488084 0.53172
0.45464 0.4938 0.53184
0.43796 0.492192 0.54508
0.4374 0.485032 0.52812
0.4402 0.492784 0.54988
0.4464 0.493256 0.55972
0.44556 0.490404 0.53376
0.48364 0.51502 0.5414
0.46292 0.50884 0.55684
0.46676 0.5125 0.57312
0.42952 0.497256 0.55512
0.44252 0.485332 0.51824
0.46352 0.49806 0.54024
0.42568 0.481912 0.52628
0.46312 0.497724 0.54096
0.46436 0.495412 0.51024
0.45184 0.48194 0.54056
0.46192 0.501328 0.55824
0.47656 0.501344 0.55536
0.4608 0.505208 0.54992
0.4728 0.512 0.55124
0.47644 0.516252 0.55612
0.44036 0.511704 0.6
0.47996 0.514348 0.5486
0.47648 0.520312 0.5802
0.42572 0.513272 0.57304
0.45424 0.510164 0.5598
0.45608 0.4782 0.5046
0.4726 0.503228 0.54268
0.45972 0.494028 0.5444
0.44296 0.493164 0.54796
0.44256 0.490276 0.54216
0.42632 0.485044 0.54656
0.4438 0.498116 0.54896
0.43772 0.491124 0.53184
0.44412 0.487452 0.52768
0.46964 0.500564 0.54944
0.43596 0.477068 0.52256
0.43828 0.49434 0.5484
0.45212 0.499764 0.55576
0.45792 0.493564 0.53624
0.44928 0.487496 0.52204
0.41432 0.472104 0.53944
0.43264 0.467296 0.48648
0.46048 0.484392 0.53532
0.42512 0.466304 0.5344
0.43552 0.4788 0.54308
0.40652 0.470164 0.52044
0.4328 0.478052 0.50832
0.43688 0.496656 0.54124
0.44552 0.474836 0.51632
0.43664 0.46198 0.49336
0.44652 0.461564 0.49608
0.41768 0.467236 0.52844
0.433 0.461408 0.50716
0.43008 0.451588 0.48304
0.43728 0.464304 0.49536
0.44144 0.461968 0.52028
0.41244 0.46336 0.55264
0.43884 0.481728 0.50968
0.39104 0.463304 0.51304
0.43468 0.481296 0.55792
0.43608 0.489296 0.51132
0.41368 0.468776 0.50992
0.4294 0.467856 0.54036
0.45612 0.475588 0.50108
0.45588 0.482368 0.52376
0.42164 0.465528 0.50068
0.43704 0.475656 0.50464
0.43636 0.472724 0.50424
0.46168 0.483756 0.5138
0.4472 0.47126 0.48644
0.44296 0.476812 0.51388
0.44892 0.475232 0.4878
0.45224 0.485816 0.50576
0.463 0.493216 0.514
0.45236 0.492124 0.54684
0.4456 0.466636 0.5038
0.41332 0.455428 0.50364
0.44024 0.4713 0.52164
0.455 0.476948 0.51272
0.43716 0.45632 0.46916
0.43256 0.459672 0.48
0.4312 0.474068 0.50076
0.45208 0.486704 0.51452
0.4266 0.474876 0.49672
0.43656 0.467852 0.50096
0.45648 0.473964 0.51296
0.45132 0.480376 0.50256
0.43456 0.47984 0.52052
0.44908 0.477972 0.53556
0.43032 0.470368 0.52156
0.42888 0.471648 0.51128
0.45404 0.475132 0.48896
0.46372 0.495756 0.53912
0.43836 0.466004 0.51572
0.44272 0.465576 0.50136
0.42744 0.474628 0.55168
0.47036 0.4913 0.52104
0.43764 0.464756 0.50244
0.4496 0.481348 0.51176
0.4462 0.473036 0.50584
0.43172 0.471108 0.52644
0.44748 0.478316 0.56924
0.44464 0.47138 0.51096
0.46468 0.495716 0.54136
0.447 0.489248 0.51124
0.43276 0.465316 0.53796
0.44444 0.481548 0.53448
0.43708 0.491276 0.53824
0.47372 0.491488 0.5298
0.4736 0.486824 0.52544
0.47396 0.49082 0.5566
0.4652 0.504996 0.54168
0.45936 0.490644 0.53768
0.44396 0.488592 0.51676
0.4766 0.499476 0.54756
0.4766 0.48874 0.52704
0.43928 0.479772 0.50256
0.43524 0.472244 0.52184
0.45328 0.4631 0.48616
0.44508 0.461832 0.474
0.42908 0.478808 0.50504
0.43116 0.469372 0.4932
0.42808 0.48042 0.531
0.42692 0.479408 0.51728
0.43784 0.461932 0.48412
0.43752 0.464572 0.49176
0.44396 0.459096 0.47544
0.43756 0.458104 0.50572
0.43804 0.457248 0.50284
0.41944 0.446236 0.47392
0.4488 0.46758 0.51216
0.45836 0.474204 0.49928
0.41952 0.452276 0.48448
0.4254 0.453232 0.47376
0.41904 0.451576 0.48896
0.43088 0.470876 0.49816
0.40956 0.463476 0.49476
0.42008 0.466204 0.51756
0.43708 0.463108 0.52588
0.42872 0.459216 0.492
0.42668 0.444072 0.46328
0.43396 0.454644 0.49308
0.44152 0.467156 0.52052
0.44636 0.474868 0.51472
0.4318 0.46558 0.49348
0.4468 0.469008 0.49456
0.41468 0.454484 0.50964
0.45176 0.473116 0.48884
0.44116 0.470708 0.48612
0.44664 0.474904 0.50564
0.45556 0.488852 0.52996
0.4534 0.486312 0.52992
0.45184 0.48122 0.51732
0.44356 0.48704 0.5298
0.43372 0.480388 0.50148
0.4494 0.468968 0.50408
0.42392 0.465748 0.48248
0.43344 0.467332 0.50012
0.44332 0.470824 0.51956
0.44432 0.482476 0.51252
0.45504 0.4808 0.53088
0.40904 0.465332 0.4974
0.44684 0.462368 0.4896
0.4112 0.46794 0.4918
0.43804 0.475892 0.5394
0.4478 0.478712 0.53916
0.4318 0.470024 0.49928
0.4324 0.46284 0.491
0.44828 0.468048 0.5002
0.43668 0.45846 0.48336
0.4374 0.466856 0.51024
0.44012 0.474848 0.48916
0.43924 0.467108 0.49548
0.44616 0.475964 0.49276
0.452 0.475788 0.48996
0.42508 0.465396 0.49128
0.4264 0.464152 0.489
0.44808 0.495464 0.52392
0.45304 0.486476 0.52104
0.45552 0.507244 0.52796
0.46476 0.491808 0.51144
0.466 0.493104 0.51336
0.44768 0.488128 0.50964
0.46548 0.483144 0.49668
0.44608 0.47688 0.4954
0.47468 0.499328 0.5556
0.47324 0.497716 0.53384
0.46728 0.483864 0.5014
0.46732 0.496256 0.547
0.46536 0.495128 0.52504
0.44952 0.495168 0.535
0.46596 0.500176 0.54772
0.47164 0.495272 0.52604
0.4668 0.488588 0.55024
0.46796 0.499096 0.53092
0.4508 0.493708 0.51144
0.46304 0.495004 0.51492
0.4628 0.495332 0.56208
0.46816 0.488524 0.50212
0.47204 0.500096 0.54684
0.47064 0.499424 0.53728
0.47656 0.506468 0.5418
0.46908 0.513436 0.54708
0.45568 0.500192 0.5508
0.46104 0.510688 0.58112
0.47776 0.51222 0.5376
0.47596 0.507864 0.53768
0.45348 0.499136 0.54696
0.47664 0.507124 0.53788
0.46568 0.490748 0.5258
0.47188 0.498296 0.55732
0.47416 0.495716 0.52184
0.47236 0.512984 0.58616
0.48392 0.517016 0.562
0.48364 0.54292 0.59636
0.48336 0.51668 0.56124
0.4518 0.496224 0.52628
0.47708 0.503884 0.54504
0.4616 0.494044 0.52536
0.46168 0.506372 0.55928
0.4608 0.49476 0.53808
0.4598 0.4934 0.5492
0.46828 0.488296 0.52824
0.46796 0.50542 0.53144
0.47036 0.49494 0.52816
0.45888 0.49134 0.52924
0.45852 0.492664 0.52836
0.45348 0.48536 0.56112
0.4742 0.511696 0.54792
0.4944 0.518708 0.54812
0.4354 0.486336 0.54388
0.451 0.488208 0.54056
0.45616 0.486756 0.53688
0.45524 0.497056 0.54084
0.47072 0.492224 0.53696
0.47072 0.508412 0.53724
0.44676 0.490008 0.53188
0.4552 0.49456 0.5296
0.46276 0.489748 0.52228
0.46684 0.478492 0.52036
0.4408 0.468188 0.51104
0.46784 0.499812 0.54668
0.45896 0.484224 0.5128
0.43308 0.477152 0.49824
0.4384 0.487876 0.51676
0.46536 0.484112 0.49976
0.4676 0.491752 0.5292
0.48044 0.51086 0.53416
0.4764 0.503044 0.52912
0.4668 0.496716 0.52804
0.46268 0.491864 0.52132
0.46152 0.496732 0.52332
0.45564 0.493672 0.51364
0.4938 0.510556 0.5478
0.45912 0.492848 0.53368
0.46348 0.495668 0.5402
0.48144 0.516324 0.56816
0.46968 0.488384 0.52304
0.45404 0.491988 0.5132
0.45084 0.483816 0.51124
0.46424 0.499664 0.51796
0.46952 0.506428 0.55912
0.44848 0.490072 0.54856
0.46952 0.487792 0.49904
0.44904 0.476132 0.53396
0.4622 0.480832 0.51236
0.4604 0.485872 0.54772
0.44392 0.481604 0.52184
0.47184 0.499024 0.52024
0.4474 0.4884 0.52948
0.46832 0.480996 0.53516
0.45492 0.479168 0.50668
0.4726 0.493512 0.52612
0.46936 0.498796 0.55756
0.47376 0.491576 0.52104
0.43588 0.479764 0.52156
0.47052 0.487608 0.49472
0.44944 0.484676 0.52368
0.45512 0.482544 0.4954
0.45764 0.49282 0.5188
0.47424 0.498996 0.51904
0.47124 0.505056 0.53464
0.472 0.502696 0.53972
0.48732 0.514276 0.53812
0.44912 0.497156 0.524
0.46908 0.51588 0.55352
0.4818 0.515652 0.555
0.46652 0.502944 0.5434
0.47056 0.504548 0.55948
0.47184 0.50616 0.5438
0.47308 0.527644 0.56952
0.46524 0.502472 0.527
0.46224 0.489628 0.52648
0.47184 0.500456 0.5298
0.458 0.501876 0.55236
0.48248 0.508956 0.5438
0.465 0.50136 0.53892
0.49976 0.522284 0.54204
0.46764 0.4972 0.55548
0.4602 0.501256 0.54076
0.48416 0.510008 0.5548
0.4834 0.503816 0.52028
0.4824 0.501104 0.52912
0.46336 0.48902 0.51476
0.48704 0.508448 0.54288
0.458 0.509112 0.58124
0.46444 0.495596 0.52712
0.47788 0.503356 0.51436
0.50476 0.512912 0.5484
0.46852 0.510536 0.55364
0.47256 0.50468 0.55252
0.47312 0.50224 0.51924
0.46228 0.491716 0.54868
0.44956 0.491776 0.53852
0.45648 0.491644 0.5244
0.46544 0.491036 0.531
0.44844 0.48338 0.51032
0.48068 0.491164 0.5114
0.46592 0.497208 0.52356
0.46592 0.49402 0.5356
0.46608 0.492948 0.53532
0.47324 0.491384 0.52216
0.47096 0.503068 0.52504
0.48048 0.506596 0.5248
0.45208 0.506072 0.55864
0.46772 0.506784 0.54564
0.46652 0.497668 0.51576
0.48564 0.503932 0.5316
0.48916 0.5121 0.56288
0.4838 0.50358 0.54264
0.46864 0.514928 0.55544
0.47812 0.504624 0.52432
0.47488 0.500284 0.52364
0.4626 0.522928 0.56188
0.46908 0.509384 0.5444
0.48492 0.506548 0.51976
0.48436 0.507348 0.53176
0.47644 0.501528 0.5234
0.47584 0.508664 0.5272
0.46792 0.503664 0.53692
0.46752 0.497828 0.55496
0.4642 0.51042 0.55968
0.46296 0.495432 0.50864
0.49496 0.51116 0.53356
0.45304 0.50096 0.53788
0.47972 0.499884 0.53348
0.48032 0.508564 0.56472
0.46232 0.4941 0.533
0.46384 0.480036 0.49676
0.46024 0.502068 0.54664
0.45896 0.49828 0.55708
0.47708 0.49334 0.50932
0.44184 0.494968 0.54728
0.46428 0.494876 0.50556
0.45584 0.46878 0.48924
0.45812 0.481736 0.5102
0.46272 0.490036 0.51816
0.45412 0.49678 0.53344
0.47468 0.506312 0.53672
0.45544 0.500828 0.53516
0.47968 0.498328 0.5192
0.49152 0.508128 0.54064
0.49184 0.506888 0.51768
0.4746 0.504 0.52848
0.49716 0.508376 0.53144
0.47532 0.506048 0.54396
0.47624 0.496768 0.52376
0.48264 0.513964 0.53232
0.4794 0.505784 0.52584
0.48444 0.500916 0.50504
0.4802 0.497724 0.51132
0.48672 0.499372 0.51084
0.47912 0.517176 0.53252
0.4798 0.514944 0.5332
0.4754 0.501412 0.53248
0.4716 0.507012 0.53448
0.49372 0.507216 0.52248
0.4878 0.512636 0.53276
0.4748 0.503076 0.53408
0.4786 0.496932 0.51404
0.47812 0.502384 0.51336
0.45024 0.479396 0.5056
0.47396 0.493196 0.52868
0.4564 0.493956 0.52936
0.44608 0.494404 0.52916
0.47956 0.501616 0.52024
0.47536 0.501076 0.529
0.46244 0.496708 0.51164
0.47244 0.499636 0.52328
0.46104 0.50016 0.52096
0.4668 0.490096 0.50916
0.46124 0.49236 0.50652
0.4616 0.49658 0.5134
0.4656 0.486064 0.49728
0.46416 0.486608 0.50952
0.46364 0.482584 0.50464
0.49064 0.512072 0.5366
0.492 0.514968 0.55864
0.49272 0.514116 0.5476
0.49912 0.517592 0.541
0.48436 0.506248 0.53876
0.50684 0.515428 0.52372
0.48396 0.514192 0.54
0.46068 0.510276 0.54692
0.4858 0.51508 0.53012
0.46692 0.5099 0.53968
0.47396 0.491332 0.51188
0.47532 0.502748 0.51872
0.4678 0.496772 0.52064
0.47132 0.502392 0.52864
0.48904 0.499476 0.52024
0.49044 0.509836 0.5368
0.47724 0.507912 0.53204
0.47108 0.508728 0.54284
0.48364 0.503192 0.53168
0.48348 0.507252 0.53068
0.48424 0.502836 0.53996
0.491 0.507576 0.5378
0.45892 0.50014 0.52124
0.4626 0.49346 0.51104
0.48812 0.510496 0.52432
0.47644 0.5106 0.5252
0.4854 0.518856 0.5518
0.45832 0.488368 0.52184
0.47612 0.497664 0.50944
0.4642 0.492616 0.51328
0.479 0.49872 0.5316
0.47904 0.501104 0.52604
0.4736 0.490168 0.52972
0.46524 0.488448 0.51488
0.465 0.487064 0.5136
0.47316 0.502 0.51692
0.47212 0.498876 0.52172
0.48768 0.498476 0.53288
0.48612 0.50718 0.5404
0.4738 0.491824 0.51728
0.46148 0.481692 0.51128
0.46824 0.487956 0.51024
0.47004 0.49128 0.50804
0.46852 0.491616 0.5162
0.45496 0.48558 0.51492
0.47048 0.486264 0.51372
0.45004 0.476236 0.50484
0.4582 0.473768 0.48804
0.45012 0.475068 0.48808
0.46576 0.480168 0.50544
0.44964 0.477288 0.49448
0.46748 0.492348 0.51324
0.46668 0.489568 0.53224
0.46812 0.487828 0.51216
0.43868 0.48522 0.52624
0.46756 0.490756 0.52608
0.44868 0.484236 0.51876
0.46316 0.489288 0.52444
0.46324 0.484568 0.52044
0.48552 0.491512 0.49568
0.47084 0.492636 0.5192
0.46896 0.49374 0.51924
0.46328 0.483492 0.5062
0.4756 0.495796 0.51724
0.47052 0.490208 0.50136
0.47324 0.498516 0.52968
0.46548 0.481516 0.49724
0.4618 0.486336 0.51344
0.47324 0.495948 0.51208
0.47744 0.490688 0.52056
0.47596 0.498572 0.54344
0.48332 0.496256 0.52644
0.48576 0.501236 0.52884
0.45876 0.492332 0.51896
0.47428 0.5058 0.53108
0.47912 0.496872 0.52332
0.47832 0.494776 0.52036
0.48368 0.502844 0.54072
0.46092 0.48546 0.51508
0.46076 0.490068 0.50856
0.47576 0.490736 0.50956
0.48716 0.50548 0.5222
0.46048 0.502352 0.5404
0.4824 0.503492 0.52188
0.47176 0.49768 0.54264
0.46012 0.492872 0.5082
0.46032 0.491584 0.53204
0.44848 0.495688 0.53144
0.48232 0.516788 0.55368
0.4916 0.512056 0.53532
0.47408 0.501992 0.51696
0.44196 0.487132 0.51672
0.49436 0.510716 0.54392
0.46356 0.497176 0.54048
0.45456 0.483396 0.50504
0.49412 0.502152 0.52392
0.4734 0.491156 0.51432
0.47748 0.488904 0.51424
0.47356 0.489004 0.52444
0.47612 0.499848 0.521
0.47176 0.50486 0.525
0.48168 0.512364 0.54476
0.4852 0.500324 0.53892
0.481 0.500636 0.53636
0.48464 0.508636 0.5386
0.4792 0.504364 0.5366
0.47988 0.49334 0.53356
0.46948 0.497212 0.53796
0.51368 0.523264 0.53356
0.50116 0.51776 0.54524
0.50192 0.516012 0.53864
0.50632 0.51156 0.51828
0.48832 0.51216 0.53332
0.50448 0.514684 0.54984
0.48836 0.512256 0.51896
0.4752 0.521976 0.55752
0.48208 0.511336 0.55132
0.49268 0.517424 0.54332
0.50052 0.514716 0.53968
0.5018 0.51034 0.54396
0.47056 0.514552 0.53064
0.51508 0.525696 0.53068
0.516 0.52376 0.53168
0.50344 0.516288 0.54824
0.46536 0.507484 0.52692
0.50348 0.518436 0.52708
0.5002 0.511412 0.51376
0.49196 0.50644 0.53128
0.4924 0.51066 0.53864
0.47984 0.508696 0.5316
0.47692 0.501164 0.52236
0.4792 0.514896 0.55832
0.49696 0.514324 0.55436
0.50344 0.507668 0.5226
0.49408 0.507 0.51544
0.48372 0.493696 0.54408
0.4886 0.499956 0.52768
0.48368 0.496368 0.52312
0.50516 0.51362 0.55424
0.50752 0.513752 0.53196
0.47608 0.506716 0.53988
0.486 0.509368 0.54948
0.48712 0.503056 0.51716
0.4836 0.500604 0.51576
0.47888 0.493592 0.50672
0.49372 0.511852 0.54964
0.48104 0.501604 0.54732
0.48244 0.507216 0.53648
0.48196 0.505936 0.53576
0.48248 0.508892 0.53532
0.49096 0.500692 0.5074
0.49012 0.508264 0.5298
0.45836 0.491472 0.5098
0.47496 0.499744 0.52792
0.4876 0.514904 0.5366
0.4836 0.49538 0.52344
0.4614 0.48454 0.51272
0.4646 0.485996 0.52188
0.46132 0.483908 0.525
0.4702 0.493144 0.50816
0.4684 0.494516 0.52096
0.47188 0.491588 0.50948
0.45676 0.48022 0.49308
0.47184 0.480124 0.49012
0.46688 0.481832 0.49372
0.4696 0.495264 0.52344
0.46648 0.49724 0.51848
0.47588 0.498316 0.52108
0.49844 0.510256 0.5154
0.49836 0.510836 0.52452
0.4996 0.507144 0.51232
0.48056 0.502112 0.53388
0.48424 0.500852 0.5274
0.48296 0.508248 0.53676
0.4856 0.500344 0.52016
0.48204 0.494376 0.51628
0.48672 0.501204 0.52404
0.46976 0.503316 0.52204
0.47144 0.509692 0.52488
0.46852 0.502716 0.5242
0.4874 0.5037 0.51584
0.4758 0.499172 0.51472
0.48796 0.501624 0.51288
0.47912 0.490316 0.50212
0.4784 0.487192 0.49928
0.4796 0.493412 0.50184
0.45936 0.47766 0.50516
0.46376 0.488624 0.52224
0.46396 0.491996 0.514
0.46848 0.492664 0.5144
0.48288 0.496264 0.52904
0.48532 0.499232 0.52952
0.47744 0.495544 0.51952
0.4644 0.48592 0.50856
0.47664 0.494712 0.52172
0.48944 0.510024 0.53976
0.50164 0.511604 0.5296
0.49096 0.504224 0.53576
0.48888 0.506624 0.54884
0.46824 0.499836 0.5274
0.46852 0.491508 0.52004
0.48712 0.498124 0.51892
0.47412 0.49862 0.52092
0.4698 0.502408 0.532
0.48756 0.504232 0.51808
0.48696 0.507704 0.53764
0.48704 0.504056 0.53508
0.47808 0.497064 0.52192
0.46656 0.4966 0.52404
0.468 0.495768 0.52556
0.50624 0.512748 0.53176
0.47408 0.50292 0.51508
0.47392 0.50174 0.50876
0.496 0.516236 0.54144
0.49488 0.508484 0.51732
0.49568 0.509732 0.5444
0.50516 0.519144 0.5428
0.48324 0.514192 0.54632
0.48156 0.517072 0.544
0.49744 0.51272 0.52724
0.48172 0.515584 0.529
0.50832 0.518016 0.537
0.49512 0.506224 0.53092
0.49112 0.500372 0.51188
0.495 0.500948 0.5092
0.49572 0.520592 0.54008
0.48856 0.513152 0.5378
0.47804 0.507376 0.54008
0.4818 0.513796 0.5314
0.477 0.501492 0.5274
0.46616 0.499664 0.5158
0.47452 0.499412 0.51996
0.47232 0.495544 0.50328
0.47344 0.498244 0.51516
0.47452 0.489016 0.50676
0.47624 0.489528 0.50584
0.48016 0.49326 0.50764
0.46856 0.498248 0.52636
0.45832 0.495784 0.52828
0.48516 0.500668 0.52828
0.4872 0.505256 0.54036
0.47312 0.49218 0.52012
0.46836 0.496624 0.52036
0.4726 0.494264 0.50128
0.47772 0.49934 0.53424
0.49524 0.498996 0.50104
0.47832 0.489244 0.52284
0.47868 0.492768 0.52
0.47776 0.485572 0.53008
0.45892 0.5064 0.52388
0.4756 0.497728 0.50612
0.47804 0.504392 0.52352
0.47592 0.496904 0.52296
0.48196 0.502372 0.51852
0.47484 0.49108 0.51584
0.4758 0.49772 0.52876
0.47464 0.483944 0.52432
0.47464 0.486008 0.50636
0.4814 0.510044 0.51884
0.48344 0.52148 0.54508
0.47784 0.512232 0.54624
0.48776 0.511932 0.52896
0.4866 0.50624 0.51664
0.48468 0.508032 0.53072
0.49976 0.522444 0.56136
0.49984 0.520576 0.55864
0.50328 0.522912 0.54852
0.49604 0.51144 0.54664
0.49476 0.524136 0.54428
0.49572 0.513696 0.54172
0.4834 0.497956 0.51304
0.48468 0.500276 0.5104
0.484 0.498672 0.513
0.47732 0.484036 0.49784
0.47804 0.484028 0.50012
0.47804 0.485672 0.49956
0.46436 0.507084 0.52256
0.46136 0.487864 0.51476
0.46372 0.501276 0.52084
0.4964 0.503156 0.513
0.497 0.502024 0.50812
0.49804 0.502284 0.5128
0.47376 0.499976 0.52004
0.47496 0.49622 0.54388
0.47444 0.488464 0.50204
0.47684 0.496332 0.53116
