-8770.09653007 -4821.42091106 -2117.6629017
-8636.56163493 -4534.66371014 -1472.9301866
-10511.5506984 -5808.17206745 -2864.58336517
-4107.83830642 -2319.15869593 -1481.61351375
-5169.26658025 -2849.71840814 -1633.12599064
-4902.78846088 -2833.60132268 -1539.27480526
-4289.02873003 -2015.76646406 -1343.12487614
-6451.45994292 -2182.38723029 -1462.88501376
-2770.4127836 -1958.17579991 -1302.85878753
-1945.05977139 -1438.81647551 -1204.87140784
-1669.79498421 -1451.36088171 -1319.6208226
-1752.60603269 -1449.53639116 -1220.04875433
-1439.05204721 -1254.31156521 -1098.43370711
-1663.53440758 -1328.06671164 -1200.71100606
-1598.89271335 -1274.24826418 -1086.87322897
-1337.5477652 -1202.85571169 -1100.47079349
-1760.06795488 -1204.25074233 -1044.81652252
-1272.60252055 -1138.20355723 -1054.43629518
-1167.6497128 -1079.55080049 -909.007417317
-1181.35185003 -1120.25925236 -1015.50703142
-1206.15582511 -1075.48774732 -1005.24439601
-1154.05402682 -1013.73669071 -918.601033762
-1051.16751727 -987.371889619 -915.181032473
-1152.45802581 -1030.16013716 -916.316707553
-1146.9916923 -963.827053902 -821.529580516
-1135.09752972 -998.399634064 -895.781026315
-1066.52403168 -963.826960049 -891.837968902
-1041.04348379 -914.702503092 -763.469708599
-954.552390028 -883.790226687 -798.496028898
-993.994800624 -894.110839515 -788.127204827
-1027.83166459 -851.203348367 -705.618343774
-942.942224129 -841.527978672 -754.61178224
-876.507234079 -811.371518242 -743.297104633
-814.16456286 -742.594327252 -665.807668519
-849.301330517 -757.286982994 -658.961491016
-851.09348762 -740.179354436 -636.547557992
-875.751524103 -759.625207422 -618.678965582
-828.901967241 -695.83002992 -591.231395543
-799.36649953 -704.306502087 -599.605820831
-760.691202474 -569.982558143 -245.203453528
-797.292866422 -635.379099429 -400.126690466
-853.866415304 -618.995551153 -383.138169952
-5921.48101263 -1299.83989146 -351.475744589
-3872.30082075 -972.484248311 -480.480279593
-3232.43463575 -825.850840655 -359.121743709
-705.433412218 -484.041714893 -267.883684932
-735.445223601 -538.302135971 -172.036258049
-1515.3653817 -603.071777436 -138.049837839
-7436.52930574 -2370.84255907 -35.1807529726
-669.177478059 -412.248124901 -15.410267974
-659.924808512 -419.452953703 -253.595797992
-3362.19750984 -681.727486417 -116.879927595
-6921.10629125 -1675.49775976 -172.626227832
-6287.07639578 -1225.22106338 -224.83008247
-6736.48094828 -1652.35649869 -196.00242192
-3613.35961493 -842.938116955 -152.378658998
-5465.17617564 -1041.10549074 -156.821086273
-1056.41215073 -421.85705474 -90.3462427872
-601.928055207 -325.232890633 -103.237933968
-673.518875086 -359.65082585 -171.038677867
-2726.4193268 -611.589047546 -183.041051759
-6132.50834311 -1007.11243829 228.766360761
-4900.11735437 -1257.47808702 -237.959392781
-1573.73334792 -512.85986558 -193.218073743
-6621.90927868 -1563.43220659 119.154821729
-466.595536113 -271.110561327 -97.2872115617
-5349.59362677 -789.032475192 289.151432411
-3228.47897018 -718.033109104 -147.234848581
-680.817504183 -364.780752028 -99.9639975062
-649.52236421 -324.895802461 -109.69308327
-5721.68913226 -865.185512237 334.073918683
-1935.0891459 -553.358270048 333.173116126
-4126.56738972 -1650.57094265 -280.261989347
-4232.57682809 -715.557744948 157.994960215
-5677.44926636 -1138.87800222 -142.465353612
-1297.63369191 -245.034389168 178.782368461
