-10008.1766219 -8963.83321904 -8294.50979197
-9942.18613736 -8978.36319255 -6847.72295461
-9988.56654191 -8914.87614729 -8318.54918533
-9788.18658978 -8009.51083689 -2834.80005319
-9856.54201777 -8784.02056406 -8316.95772459
-10015.467012 -9006.50357886 -8262.27528824
-10013.3035174 -8983.00031016 -8319.34341904
-10030.849628 -9091.46116687 -8275.57497468
-9997.24160341 -9040.17310795 -8312.58520022
-9799.249489 -9062.98405811 -8424.91386177
-9129.01640055 -7768.93642676 -1847.47961049
-9460.81454295 -8280.68343167 -6198.87776173
-9091.00382655 -8521.32604679 -8262.91242343
-9404.42075465 -8480.20593276 -8257.45316943
-9359.96041826 -8580.62687011 -8288.99896348
-9913.55685649 -8719.32630509 -8267.17539123
-9955.032397 -8655.07481174 -8256.54793864
-9536.44994468 -8531.16640257 -8265.60020505
-10005.0297572 -8233.38534347 -3550.969808
-9806.72333157 -8942.54463678 -8262.2432051
-10052.3245884 -8709.91792991 -8257.5675424
-9948.94409104 -8977.96218491 -8267.82688981
-9941.52776672 -8737.01730667 -8296.16313581
-9987.0319808 -8888.05628715 -8257.8107797
-9902.51084153 -8512.38676492 -8271.71854566
-9978.58136447 -8598.07156164 -8272.36636945
-9991.57241281 -8605.79072446 -8267.65498625
-9567.19575897 -8570.70810332 -8252.52690949
-9952.34502651 -8821.09977058 -8268.07885597
-9915.92163681 -8875.88557309 -8268.12167187
-8860.79525203 -8376.90074029 -8258.5329611
-10013.2775542 -8720.60256621 -7395.46457858
-9265.82340125 -8469.06642472 -8265.5297996
-9978.28288438 -9034.09885884 -8254.6274094
-8962.05702737 -8477.05609326 -8283.43659473
-9524.5651433 -7810.49791019 -1801.87860756
