0.29024 0.3426 0.4126
0.2358 0.277388 0.40912
0.21496 0.27496 0.35896
0.21088 0.243972 0.35024
0.19988 0.238036 0.32756
0.2062 0.259324 0.312
0.19588 0.22224 0.25828
0.18996 0.229168 0.27288
0.18872 0.2313 0.27672
0.19236 0.204452 0.22352
0.18704 0.20714 0.22728
0.17796 0.2069 0.24368
0.19436 0.21022 0.24972
0.1828 0.203604 0.22664
0.17388 0.205812 0.24812
0.18072 0.198792 0.24304
0.16524 0.1889 0.22332
0.17144 0.187904 0.20344
0.16296 0.180064 0.1918
0.16412 0.180084 0.19464
0.1686 0.191372 0.20816
0.16404 0.178376 0.19388
0.15744 0.174836 0.1972
0.16484 0.178408 0.18904
0.14904 0.164896 0.1836
0.1512 0.166948 0.1942
0.15052 0.1684 0.19352
0.15 0.158364 0.16636
0.14248 0.155156 0.17096
0.14248 0.155916 0.17432
0.14504 0.155816 0.18
0.135 0.149208 0.16448
0.14244 0.151728 0.16676
0.13744 0.149268 0.1654
0.12932 0.145408 0.15472
0.13604 0.14608 0.16712
0.13084 0.14224 0.1562
0.11892 0.13868 0.15376
0.12576 0.140224 0.16136
0.12272 0.132324 0.14224
0.1256 0.136704 0.14264
0.12056 0.13354 0.15216
0.12408 0.131672 0.14164
0.11492 0.128052 0.13616
0.12136 0.131884 0.14584
0.12524 0.132636 0.14116
0.12036 0.130884 0.147
0.11896 0.133628 0.157
0.11968 0.131836 0.14252
0.1192 0.13094 0.15224
0.12228 0.13024 0.14144
0.12056 0.130508 0.14628
0.11136 0.130184 0.14112
0.11972 0.130844 0.14364
0.11688 0.125776 0.13848
0.11508 0.126224 0.13756
0.11552 0.128036 0.14108
0.10796 0.121612 0.1348
0.10936 0.121008 0.12832
0.11596 0.12586 0.1478
0.1066 0.12334 0.15524
0.1074 0.121552 0.1384
0.11172 0.117264 0.12184
0.10692 0.117872 0.13016
0.10652 0.119904 0.13456
0.10668 0.11858 0.132
0.11 0.119596 0.12988
0.11364 0.123888 0.13876
0.1072 0.116572 0.12476
0.10896 0.12076 0.12904
0.11356 0.1231 0.13256
0.11108 0.126052 0.1396
0.11144 0.122568 0.14028
0.11548 0.126476 0.14772
0.11532 0.127912 0.14092
0.1078 0.12106 0.13484
0.11712 0.127448 0.145
0.11176 0.121224 0.13036
0.10648 0.125224 0.15048
0.1182 0.126168 0.13832
0.10744 0.122468 0.14552
0.11444 0.129436 0.14604
0.11236 0.130092 0.15356
0.11008 0.13 0.14964
0.10936 0.131596 0.153
0.12804 0.136196 0.15124
0.10812 0.1357 0.15464
0.11984 0.137052 0.17024
0.11736 0.140176 0.1806
0.11984 0.131936 0.1408
0.12544 0.158928 0.20236
0.122 0.148736 0.22384
0.11128 0.160824 0.26364
0.14712 0.179644 0.21448
0.14436 0.189404 0.29336
0.13516 0.169804 0.2876
0.12812 0.226424 0.3722
0.14944 0.230744 0.46036
0.14512 0.194844 0.24064
0.13164 0.199484 0.33456
0.13668 0.225428 0.35536
0.17712 0.242436 0.35148
0.14716 0.201788 0.27368
0.15044 0.234812 0.50708
0.13588 0.181716 0.23436
0.13308 0.156268 0.20088
0.12592 0.15018 0.18176
0.13848 0.172216 0.18436
0.1066 0.158404 0.219
0.11728 0.157532 0.19796
0.11148 0.138044 0.19732
0.09904 0.126448 0.20008
0.0984 0.120852 0.13444
0.09212 0.117912 0.15448
0.09144 0.098884 0.10656
0.08888 0.110928 0.13204
0.08896 0.104388 0.1264
0.08296 0.098324 0.12232
0.0874 0.098188 0.1172
0.08552 0.10022 0.11488
0.08304 0.091592 0.1022
0.0836 0.092896 0.11016
0.08216 0.090464 0.09696
0.07316 0.086872 0.11076
0.08296 0.092084 0.10532
0.07672 0.085836 0.09588
0.07048 0.083084 0.11372
0.0774 0.087172 0.12404
0.07484 0.082496 0.09844
