0.2574 0.5258 0.6
0.6 0.6 0.6
0.39132 0.575448 0.6
0.24976 0.519496 0.6
0.29664 0.498144 0.6
0.3374 0.527472 0.6
0.20192 0.331536 0.6
0.22108 0.36084 0.6
0.24844 0.409292 0.6
0.1698 0.291864 0.6
0.16284 0.383108 0.6
0.18552 0.430836 0.6
0.18984 0.329852 0.53464
0.167 0.28398 0.6
0.18232 0.298596 0.58648
0.17556 0.343884 0.6
0.18092 0.298992 0.6
0.18588 0.34656 0.6
0.19536 0.340396 0.6
0.18544 0.420772 0.6
0.1392 0.297868 0.6
0.16028 0.352808 0.6
0.15156 0.264468 0.58968
0.1876 0.291236 0.48864
0.14732 0.277384 0.6
0.16932 0.235684 0.52264
0.17472 0.2742 0.53208
0.15428 0.201352 0.24608
0.15788 0.180844 0.20788
0.1478 0.187668 0.24888
0.1456 0.214608 0.3648
0.15696 0.183248 0.22716
0.1522 0.24374 0.6
0.15496 0.195892 0.2296
0.1478 0.184776 0.21784
0.1488 0.18972 0.2448
0.13576 0.222496 0.6
0.143 0.179268 0.22604
0.1498 0.205232 0.28652
0.14592 0.193952 0.2742
0.13164 0.183452 0.35548
0.13676 0.15612 0.19392
0.14316 0.174748 0.3008
0.14844 0.21336 0.6
0.12368 0.170668 0.2368
0.1394 0.170068 0.239
0.14024 0.199452 0.43396
0.12572 0.183288 0.31584
0.14876 0.195712 0.37528
0.16528 0.195552 0.24068
0.13508 0.202844 0.383
0.15284 0.181908 0.20024
0.13244 0.218568 0.5924
0.1442 0.193176 0.2912
0.14724 0.185256 0.2606
0.13532 0.179092 0.22984
0.13664 0.164916 0.1862
0.14256 0.1799 0.28248
0.14648 0.164076 0.21572
0.15396 0.218976 0.6
0.13248 0.14846 0.16752
0.13104 0.185008 0.37668
0.1386 0.157872 0.18744
0.1298 0.149404 0.19164
0.12092 0.148952 0.1656
0.13136 0.163024 0.24244
0.127 0.150296 0.1744
0.12772 0.151172 0.22368
0.12688 0.156592 0.20908
0.11976 0.13966 0.15632
0.13196 0.151008 0.18408
0.13452 0.147364 0.16524
0.1222 0.141244 0.1534
0.11976 0.14174 0.16056
0.12576 0.149884 0.1814
0.1282 0.148744 0.17768
0.11536 0.14226 0.16748
0.13084 0.144924 0.17056
0.13156 0.142624 0.15828
0.12024 0.144744 0.16528
0.13644 0.147644 0.1802
0.12864 0.167264 0.42068
0.12572 0.139372 0.15632
0.1296 0.139232 0.16132
0.13144 0.13996 0.14916
0.13016 0.142596 0.15128
0.11784 0.13918 0.18712
0.11488 0.159724 0.41392
0.12356 0.13868 0.15512
0.116 0.136992 0.1608
0.11696 0.146156 0.16748
0.12904 0.140252 0.1564
0.12576 0.138096 0.14936
0.13184 0.143328 0.16196
0.12624 0.153568 0.19924
0.1298 0.14944 0.18796
0.1288 0.137196 0.15228
0.1274 0.137848 0.14964
0.13268 0.136416 0.14164
0.1346 0.13702 0.142
0.13348 0.135928 0.1396
0.13376 0.136808 0.13976
0.13488 0.13656 0.13896
0.13536 0.136852 0.13916
0.13452 0.136488 0.14212
0.13392 0.136476 0.13984
0.13156 0.13632 0.14136
0.13344 0.136568 0.1392
0.13328 0.135764 0.13944
0.132 0.135044 0.13752
0.13172 0.13428 0.13732
0.13264 0.136068 0.13964
0.13288 0.13572 0.1388
0.13124 0.135592 0.13856
0.13148 0.135832 0.13844
0.13408 0.137064 0.14024
0.13392 0.1361 0.13876
0.13156 0.1349 0.13736
0.1324 0.136836 0.13984
0.13072 0.136168 0.1394
0.13244 0.136416 0.14036
0.13172 0.13498 0.13732
0.13444 0.136772 0.13952
0.1318 0.134496 0.13708
0.13316 0.135316 0.13772
0.13324 0.135648 0.13944
0.1318 0.135644 0.14
0.13196 0.135212 0.1376
0.13304 0.135312 0.13708
0.13212 0.135212 0.13752
0.13128 0.135932 0.13964
0.13212 0.134332 0.13544
0.1302 0.133424 0.13528
0.1334 0.134956 0.13752
0.13172 0.133724 0.13848
0.13144 0.134328 0.13632
0.13012 0.133632 0.13524
0.13076 0.133752 0.13684
0.13064 0.133736 0.1366
0.13164 0.13308 0.13504
0.12988 0.133692 0.13644
0.13076 0.133772 0.13572
0.13232 0.134044 0.13552
0.13328 0.13446 0.13644
0.1306 0.133288 0.13748
0.13236 0.134252 0.13792
0.13064 0.133072 0.1372
0.13208 0.133688 0.13744
0.13072 0.133188 0.13556
0.12964 0.132944 0.13568
0.13036 0.133832 0.1382
0.13248 0.134312 0.13692
0.13208 0.133 0.13424
0.1296 0.133788 0.13924
0.12952 0.132792 0.13648
0.13048 0.133196 0.13724
0.13148 0.133108 0.13488
0.12876 0.13324 0.13504
0.12984 0.132216 0.13416
0.13148 0.133492 0.13572
0.13076 0.133352 0.13436
0.12984 0.132388 0.13452
0.13 0.132332 0.13488
0.13 0.133024 0.13636
0.12908 0.13204 0.13416
0.12888 0.132584 0.13612
0.12796 0.131316 0.13556
0.12872 0.132228 0.13464
0.12972 0.132172 0.13364
0.13108 0.132564 0.13368
0.1282 0.132904 0.13612
0.13116 0.133364 0.13604
0.12992 0.133028 0.13516
0.12988 0.132236 0.13532
0.13036 0.1326 0.13616
0.12972 0.131452 0.13372
0.13032 0.132356 0.13516
0.12988 0.133832 0.1368
0.12852 0.13294 0.13684
0.13016 0.132248 0.13472
0.12924 0.132856 0.13592
0.12968 0.133248 0.13564
0.1296 0.132648 0.1352
0.12816 0.1316 0.13556
0.12836 0.131856 0.1346
0.12968 0.132416 0.13516
0.12912 0.132656 0.13632
0.13124 0.132536 0.13496
0.12984 0.130988 0.13324
0.12904 0.13198 0.1358
0.1308 0.13278 0.13496
0.12972 0.132896 0.137
0.13028 0.132432 0.13512
0.1274 0.130492 0.13164
0.13012 0.132888 0.14112
0.12868 0.130688 0.13408
0.12844 0.131972 0.13488
0.1304 0.132216 0.1354
0.12804 0.130616 0.13496
0.1264 0.130216 0.13292
0.12956 0.131684 0.13472
0.12724 0.130888 0.1338
0.127 0.130728 0.13396
0.12904 0.131172 0.13272
0.12824 0.13018 0.13268
0.12892 0.132096 0.1362
0.12776 0.130812 0.13332
0.1282 0.13138 0.13432
0.12924 0.131232 0.13344
0.1286 0.130812 0.133
0.12716 0.131168 0.13392
0.12688 0.130136 0.13188
0.12896 0.131176 0.13328
0.13008 0.131448 0.13344
0.1284 0.13078 0.133
0.12812 0.130504 0.1318
0.12844 0.130052 0.13132
0.12944 0.131596 0.13368
0.12816 0.132284 0.1344
0.12932 0.131832 0.13424
0.129 0.131364 0.1342
0.12772 0.130408 0.13288
0.12848 0.131512 0.13332
0.12856 0.131712 0.13504
0.12916 0.131168 0.13348
0.12864 0.131168 0.13344
0.12776 0.130768 0.1326
0.12764 0.13064 0.13356
0.128 0.130452 0.13256
0.1298 0.131436 0.13224
0.12948 0.131132 0.13416
0.12752 0.1308 0.13264
0.12928 0.130988 0.13252
0.12912 0.131056 0.13228
0.12848 0.13042 0.13192
0.12924 0.1301 0.13096
0.1284 0.130068 0.1318
0.12884 0.130616 0.13308
0.12852 0.131088 0.13232
0.1272 0.131264 0.13488
0.12892 0.131552 0.1334
0.12852 0.130684 0.13304
0.12628 0.13 0.13296
0.12848 0.130576 0.13248
0.12852 0.130276 0.1316
0.12908 0.130712 0.13444
0.12644 0.12962 0.13256
0.12756 0.131164 0.13356
0.12668 0.129984 0.13664
0.1272 0.129992 0.13336
0.12808 0.130504 0.13312
0.1278 0.12976 0.1322
0.12824 0.130464 0.13284
0.12804 0.13186 0.13552
0.12744 0.130732 0.13228
0.12824 0.130064 0.13172
0.12872 0.131772 0.13652
0.1284 0.130516 0.13336
0.12664 0.129872 0.132
0.12856 0.131044 0.13396
0.12916 0.130724 0.13236
0.129 0.131276 0.13384
0.128 0.131324 0.13528
0.12816 0.130524 0.13228
0.12872 0.130444 0.13388
0.1282 0.130988 0.13236
0.12816 0.130892 0.13288
0.12888 0.13154 0.13456
0.1296 0.130932 0.1324
0.128 0.130092 0.13376
0.1278 0.130092 0.13416
0.12816 0.130352 0.13348
0.12772 0.131024 0.13392
0.12692 0.13028 0.13216
0.12876 0.130384 0.1318
0.12924 0.130832 0.13328
0.12784 0.130596 0.13232
0.12904 0.131204 0.13328
0.12788 0.130492 0.13448
0.12788 0.130832 0.13344
0.12788 0.131496 0.13612
0.12972 0.131464 0.13376
0.12896 0.131484 0.13444
0.12792 0.132332 0.13776
0.12824 0.131864 0.13536
0.12712 0.130808 0.13252
0.129 0.131492 0.13528
0.12908 0.131908 0.13632
0.1288 0.131384 0.13392
0.12832 0.131316 0.13424
0.12936 0.131064 0.13316
0.12784 0.130496 0.13224
0.12832 0.130096 0.13172
0.12828 0.13096 0.1334
0.12896 0.131084 0.13416
0.12696 0.130288 0.13232
0.12792 0.129808 0.132
0.12868 0.130864 0.13256
0.12748 0.131008 0.13324
0.1304 0.131184 0.13308
0.12896 0.130744 0.1334
0.12728 0.129776 0.13096
0.12736 0.130096 0.134
0.12696 0.130168 0.13344
0.12836 0.130192 0.13192
0.12768 0.129112 0.13056
0.12548 0.129556 0.13192
0.12708 0.129588 0.13268
0.1284 0.129948 0.13248
0.12832 0.13018 0.1332
0.12724 0.129008 0.1318
0.12668 0.12916 0.1314
0.12696 0.129332 0.13236
0.12728 0.129744 0.13204
0.1254 0.128976 0.1312
0.12588 0.128396 0.13088
0.12748 0.128888 0.13156
0.12712 0.129244 0.13372
0.12768 0.129272 0.13092
0.126 0.12934 0.13252
0.12476 0.128324 0.13116
0.12536 0.128416 0.13064
0.12748 0.129368 0.13136
