-9760.16786186 -6359.2791699 -1781.49658564
-9960.83877399 -8713.92877842 -7290.77103958
-10079.5963658 -8417.72897036 -1833.25852907
-9967.61982623 -6656.39557178 -1584.21525096
-9388.13246629 -5475.1333079 -1666.44493658
-10078.7560396 -6612.38732249 -294.373440076
-8283.24509909 -2443.63685241 -1681.90389525
-8384.67689216 -3200.41519512 -1727.57074211
-10089.7014608 -3390.45883938 230.901868434
-9451.79712241 -2385.98848244 -465.143798598
-8932.02993863 -3438.13727672 571.582004637
-9963.32558002 -3468.94824403 -175.432989182
-5263.44609507 -1177.62297483 650.959190025
-9982.59620044 -2516.98752277 -132.930766041
-8386.80428159 -1755.37351657 709.481940674
-9338.01574368 -2776.72314915 624.663736962
-9780.95134544 -1643.08004321 489.046918875
-9985.89774322 -2926.35311742 312.654166209
-8416.85605202 -2232.4329675 94.6208064756
-9987.91472162 -4996.13738106 535.319421986
-8910.2366873 -1884.404728 176.003129921
-10106.3975843 -2988.34651029 921.192213348
-9500.44497981 -1231.07543879 526.032556684
-1768.48335219 -416.745127216 190.326857402
-7573.21173183 -805.778106686 881.802509286
-7567.44513971 -676.98586716 925.874458051
-7295.66479798 -1441.92245978 -45.5391375583
-732.677318637 -33.563364716 482.135367604
-680.945558958 -74.9696388943 836.690924678
-1194.91078901 -99.5512624951 536.099108009
-2073.60489131 -234.818897058 251.893558781
-921.168563047 -80.351012777 547.202936671
-9487.98620968 -767.059532793 903.365418464
-560.220785416 54.3383710446 757.592652845
-766.661127174 59.382695648 585.603697976
-528.254964068 -82.1432281067 658.294556882
-10015.7570146 -1079.2808111 569.97862379
-345.3180813 50.0399852307 626.494078108
-1433.32418967 -259.081410102 934.63779352
-1155.24374388 -219.993168995 902.423638532
-3160.46916665 -405.771202398 876.765950366
-1678.63407648 -304.621404297 1120.18995792
-3168.41760492 -279.039759091 482.886028029
-9507.70225909 -974.498137776 778.186482765
-589.773966846 -76.185652766 660.7447762
-1366.15767524 -214.599216544 686.977830951
-5891.44530173 -1001.11826596 211.583705864
-1342.23545967 -305.533361997 307.554742732
-567.115554243 42.345315305 828.000386401
-830.108464427 -288.130628982 223.723942957
-1627.60631614 -598.895728955 511.731103058
-793.64986592 0.763372880904 482.705967368
-9032.49653263 -912.624055619 780.053581156
-1215.0435206 -151.700469869 403.822827981
-231.847463911 155.944351732 800.688718644
-1054.30741866 -143.287678865 445.287891843
-622.033401062 11.1103642331 713.239622795
-378.314265491 -69.0017899163 926.748797021
-192.705049192 211.024053221 793.378255277
-9718.22713499 -827.385947681 815.278456961
-774.861607958 178.312721084 1288.10612052
-3660.13110682 -582.361766396 517.440604427
-1079.02385882 -135.271622411 548.105725457
-318.183595561 99.5162276846 810.394454692
-669.722158524 -146.976297759 726.511956825
-426.94246973 144.353572263 636.958305689
-355.882315832 2.94616256484 675.995080626
-730.773089375 2.5088331421 650.80794445
-1879.3116889 -144.435262851 676.623035089
-665.530412408 79.298827344 789.684484722
-1359.40174042 -156.833512541 476.265458726
-563.991382004 65.7376580186 618.262466713
-532.900411468 100.11594559 1013.51050182
-1370.51021016 -152.032327697 664.593704313
-1139.04485329 -171.67430163 651.794721476
-930.44515089 -95.2686436897 783.855676311
-1513.21241739 -88.3979652075 782.568199058
-506.939529032 -25.0374440762 622.246200013
-310.599217491 271.244861762 1042.18235088
-365.910516545 -99.0652500115 204.031396173
-225.62898057 202.57399192 832.663449217
-6058.6637631 -778.366523706 103.167037039
-231.569842085 211.30762302 1074.34956044
-263.541978178 243.326079079 769.622697966
-858.653267442 191.75120162 998.922540406
-162.539238559 293.435727359 683.200090459
-796.290835181 142.245512013 693.736266626
-6203.37505529 -749.636085895 515.128649641
-768.679836079 173.709799103 1015.79012514
-1361.23205928 -17.4811891373 994.857199043
-272.955860774 107.667269023 908.513529246
-294.80181822 95.3630461266 822.670025412
-1641.91483039 -80.8695854155 964.758481579
-590.80719791 291.827507095 673.635125697
-171.202703824 237.926305824 863.323072231
-227.157967115 339.798192798 1021.02578109
-1684.22465856 -56.9314479441 816.997433215
-559.91091795 114.499864102 735.428150834
