337.682925364 1325.51573034 1794.17846036
-164.605136641 980.638616442 1760.44756888
-387.198916142 1267.45764548 1837.40519144
503.234328389 1357.90367996 1830.64938808
696.436465129 1385.02529735 1680.99726673
583.293365682 1146.45050751 1746.90183933
219.680571987 1338.4445773 1876.59226926
363.065244505 1328.91256389 1695.18237901
648.786676781 1259.6484122 1772.93566515
1041.14865915 1450.75215503 1707.99609117
390.35108979 1285.52545842 1661.1290658
936.951006737 1308.61975031 1627.59165495
856.72422576 1302.24477058 1644.78432616
663.90176008 1272.45985388 1777.72412612
305.672372892 1329.84539548 1724.26587275
681.27601921 1267.10669688 1670.60782004
1122.13515746 1468.51241687 1938.09532874
819.860381137 1428.49486046 1719.35415692
1302.23915946 1510.12778622 1697.66742335
393.239103727 1181.23954296 1867.91187976
306.053954471 1296.23505595 1865.532835
943.549692143 1493.88159877 1790.30766678
1326.49072938 1562.47373396 1777.90678464
915.379531912 1559.93427936 1854.22866654
375.466326546 1362.61233368 1794.10345918
437.814711371 1306.64728337 1665.85152174
1015.26383991 1517.85924572 1879.93177363
720.822503004 1234.73612914 1502.88737183
577.839157497 1384.23009078 1819.93170721
1316.8374173 1573.07289223 2004.50792168
556.858225769 1322.00114329 1827.01718671
852.739678407 1571.05961854 2012.93434198
455.038317211 1398.58627826 1932.5011933
897.308040737 1489.55472759 1839.89590157
1052.7819413 1656.33855425 1963.26748676
1064.32322494 1539.02357203 1812.9344437
1014.52607046 1549.04753247 1793.02907017
1453.86623414 1666.69193868 1943.68312839
1073.83330734 1504.64743451 1726.99318747
1541.36729898 1654.44838835 1780.87150273
800.704270638 1380.38942855 1681.04857394
562.849005958 1425.63190137 1930.503385
852.986394531 1475.41335778 1774.06402639
976.291097594 1495.56464743 1934.84902774
644.567777724 1483.4946339 1892.4298346
756.314065493 1676.40312518 1935.7845602
1023.36483024 1576.22634073 1879.63658093
1297.93281336 1647.11607568 2021.97932696
697.013218107 1441.76977786 1972.8370705
974.608700693 1702.07525937 2012.750911
1204.12117881 1623.72064348 2013.81173738
1114.18740022 1524.77401579 1840.57251059
1073.46563887 1414.69926171 1914.51004535
959.968930058 1614.87814017 1958.41516511
1043.21729888 1557.63369164 1835.61506937
923.401799556 1687.7062628 1916.08703871
679.44769994 1546.54551187 1950.36927851
1046.65488579 1500.57306204 1979.26774378
1021.02212061 1447.39390994 1888.4265849
892.785503553 1487.98676851 1964.23904395
1447.30852604 1770.26700511 1945.52062345
1387.43676128 1588.73270993 1827.0623872
959.299079119 1559.01094234 1888.70475062
871.371326132 1627.64814953 1922.831183
991.486308904 1619.36089291 2026.42271332
1346.71756668 1692.63762219 1992.97178925
922.254508084 1476.61196045 1926.5742433
481.153099116 1649.14728004 2009.10745701
1120.5094345 1661.10934315 2011.22916722
1286.53785348 1731.33852924 1953.38009703
1155.72336901 1668.77420372 1903.86969325
536.180296044 1496.16132325 1931.97928578
677.356828031 1519.34250366 1852.43600816
1057.21619401 1703.5922408 1999.25137404
1058.00472928 1606.69872104 1960.38756192
1262.89983885 1668.49517902 1903.80501578
