0.4162 0.432812 0.457
0.4046 0.432824 0.446
0.38892 0.429168 0.45632
0.4136 0.428916 0.4474
0.42332 0.435744 0.45208
0.4202 0.435548 0.4504
0.41284 0.429372 0.44524
0.41828 0.4328 0.44412
0.40532 0.43288 0.45848
0.41092 0.432592 0.44592
0.40936 0.435176 0.44856
0.41788 0.434084 0.43984
0.42004 0.435668 0.44412
0.42828 0.437768 0.45296
0.41804 0.434236 0.45972
0.42324 0.437464 0.45112
0.42604 0.436516 0.45376
0.42032 0.430104 0.43672
0.4226 0.435632 0.45108
0.41628 0.436564 0.44892
0.41404 0.433032 0.44316
0.42544 0.438908 0.4504
0.42448 0.432628 0.44868
0.42108 0.438972 0.45148
0.41992 0.436396 0.45156
0.41728 0.429504 0.44068
0.42724 0.434636 0.44596
0.42268 0.434896 0.44504
0.41988 0.436592 0.45964
0.428 0.438008 0.44292
0.42724 0.43798 0.44716
0.42148 0.43738 0.45532
0.42856 0.439908 0.45996
0.42448 0.436156 0.45048
0.42548 0.435652 0.45204
0.41644 0.433452 0.44168
0.41712 0.441136 0.46024
0.42564 0.436964 0.45048
0.41664 0.433064 0.45048
0.42644 0.438472 0.44872
0.42308 0.436068 0.45104
0.42248 0.433584 0.4388
0.42388 0.4397 0.45244
0.42064 0.438716 0.45148
0.42696 0.434008 0.4556
0.41928 0.433248 0.44044
0.42204 0.437856 0.45308
0.4218 0.4383 0.44604
0.42752 0.435792 0.44792
0.41952 0.434472 0.45504
0.42224 0.435444 0.45304
0.43188 0.439536 0.45364
0.42112 0.43638 0.44844
0.42944 0.439208 0.44656
0.4096 0.431088 0.44656
0.42056 0.436856 0.46236
0.42288 0.435936 0.44544
0.42596 0.43784 0.45588
0.4244 0.432576 0.44784
0.42272 0.43478 0.44632
0.4156 0.430488 0.4444
0.41716 0.429588 0.44484
0.42248 0.430856 0.43924
0.41896 0.432716 0.44228
0.41936 0.431436 0.44732
0.42284 0.431548 0.44192
0.42248 0.433776 0.4484
0.41404 0.431484 0.44124
0.42796 0.435592 0.44432
0.42496 0.430976 0.4436
0.41768 0.431864 0.44464
0.42348 0.434928 0.44584
0.40612 0.431464 0.44584
0.42112 0.43396 0.45048
0.41852 0.432768 0.45372
0.4172 0.432728 0.44084
