-10646.5961506 -7426.52400391 -3809.91659227
-10341.8425907 -7177.59485854 -3232.7430107
-7870.27935219 -5957.30351318 -3280.31762784
-7083.43223325 -4723.42898311 -986.722921041
-8231.33838021 -5661.53039014 -2532.85545157
-9143.71974232 -6417.25052486 -3209.11741736
-7479.62110827 -4757.12565231 -1974.23521025
-7682.35529865 -5324.95997273 -1941.13391618
-8617.93026203 -4463.02035398 -2063.59080386
-5444.63215247 -3111.68780278 -1438.23667271
-5650.45771859 -3729.30404116 -2084.95106611
-5091.62796981 -3437.8892 -2227.04092779
-4691.01551145 -3362.9316595 -1732.14706732
-4240.54728615 -3297.83310524 -1035.89176106
-2661.58153868 -1450.73258741 -494.802630815
-2947.09363228 -1632.79164462 -454.335170223
-4106.35008263 -1907.14270519 -654.165745161
-4205.02365491 -2392.26666803 -736.069108819
-4034.44368523 -2300.58929135 -999.578727795
-2219.18924248 -1498.32051018 -227.296661621
-1953.07648093 -1444.24865183 -512.996691989
-4280.81424689 -1834.16945022 -516.920062623
-5255.50875731 -1950.6085609 -512.379021437
-2434.64094277 -1581.23729981 -1016.84622413
-2728.6035874 -1183.90231829 -374.097799718
-2288.40613252 -1205.91468618 -481.408948529
-1991.32712023 -1305.94613678 -559.158890075
-1839.22806843 -1216.57655771 -344.339868475
-1750.57568834 -993.202322922 -436.033580383
-3060.74870863 -1165.68061403 -532.14316838
-1362.15828709 -928.106467948 -480.127330112
-1952.89853264 -678.911905229 -417.036005944
-1743.83481769 -694.658735275 -411.167738605
-1384.0527521 -743.802137519 -490.733111616
-1308.41998228 -755.052945596 -458.080851334
-1774.55682381 -923.897741047 -321.420474318
-1165.119087 -626.409866268 -300.024063819
-2315.10962672 -1094.51715673 -498.650452989
-1255.17749659 -682.189962471 -348.537535667
-1940.43383782 -1055.30669526 -353.548017945
-795.273882968 -595.803509695 -461.757168881
-1066.3562029 -713.785306132 -503.465821707
-1266.44885841 -745.633105037 -463.49524607
-1755.57543659 -713.341816472 -388.415009025
-1839.54821565 -1258.35841077 -599.04632143
-2687.63812788 -1162.36217977 -469.460532841
-1171.79882149 -565.888436702 -357.333255131
-1863.00947046 -832.644875683 -441.606836464
-2891.33374805 -1268.93845257 -610.016491793
-2143.95136147 -776.398839217 -360.530040482
-1186.71556505 -612.203884382 -362.726498188
-1316.69278766 -721.076411286 -468.050375922
-1200.97497338 -684.215384664 -420.962308101
-3110.44377401 -1524.75748712 -345.161578855
-1606.96351645 -717.967905848 -470.593341431
-1188.46983935 -750.721860737 -465.575422512
-1605.38604102 -950.004983409 -347.736414505
-1299.96490179 -736.193212418 -547.821100245
-1080.25698372 -623.702327677 -416.40586291
-2310.00217487 -935.162004416 -250.738816201
-1441.97629242 -650.933025265 -362.808878357
-1230.04255161 -727.239401257 -539.495586867
-1749.16402466 -1008.42004416 -494.14035906
-774.316174901 -578.127583005 -374.729171789
-1262.33397251 -685.445852853 -504.491959755
-1267.17689093 -698.837977052 -383.979369551
-3010.36611459 -974.10099785 -328.181724327
-1722.54368563 -829.929579941 -466.094418905
-1165.75492999 -633.04694851 -384.394895855
-796.785659335 -577.547037593 -322.135582393
-1349.73896415 -807.652091741 -466.700863225
-771.099017903 -610.618054822 -460.519772056
-2443.27059886 -955.390629418 -552.420976183
-2193.81470201 -757.404825778 -257.002508489
-1059.95164375 -585.821671011 -312.191939142
-1623.26438045 -818.183917776 -348.857183267
-1857.37090088 -760.122767099 -288.812814725
-1849.90887443 -1015.29603962 -249.143238733
-1508.63586481 -684.747982388 -422.977490568
-658.856320703 -480.300239241 -317.56216475
-745.258758565 -598.43338047 -440.708949535
-1004.6791509 -602.722364002 -462.130898306
-1171.43525099 -607.934013036 -398.107812153
-1038.48475301 -611.687191287 -277.116295395
-1151.01344044 -605.177901409 -383.421320916
-745.941002129 -514.733946675 -321.284236779
-1897.11139903 -846.390637603 -223.792308161
-1423.62569375 -905.444279601 -442.730415462
-1028.71174935 -592.149893334 -366.84377708
-1549.70916037 -801.837677327 -412.684894595
-1817.98524599 -844.976679668 -395.839255224
-1720.6520914 -954.633549908 -322.478892171
-1169.05661305 -665.511342492 -398.408850567
-555.239290735 -402.884073345 -41.2553751366
-831.4161578 -530.588731918 -290.211844287
-1576.68138158 -581.005352209 -356.975690309
-700.280178966 -473.518596736 -353.454636407
-968.055298764 -515.629977009 -353.249858969
-618.589203025 -451.689502662 -329.14300664
-815.057134127 -486.16680461 -275.668360324
-749.316466691 -444.100005693 -145.36580125
-606.61242536 -398.141348635 -182.464889234
-730.656706117 -592.15181742 -468.240048621
-818.063269725 -563.857230453 -333.7709498
-651.745828615 -503.373202295 -308.755781235
-656.793161365 -458.907403304 -328.096973085
-966.788161098 -614.627830158 -437.740520355
-1133.74364865 -504.830115884 -213.322347898
-554.015395932 -420.355346063 -164.006117029
-818.860824937 -484.973264883 -232.482345435
-1327.71471474 -821.056085481 -452.572493805
-1254.84500304 -713.209125708 -437.178109578
-890.136950505 -606.940648464 -412.614398175
-710.165882541 -565.455607213 -464.151293856
-1331.94473592 -627.88251224 -325.902131332
-538.963042573 -416.296571558 -182.760035188
-632.754697596 -422.381289592 -226.075688455
-1676.37306488 -570.462849719 -330.181784135
-926.363808837 -411.727309536 -245.922726472
-956.4172723 -452.489627518 -277.53931845
-1503.78554333 -578.408418603 -315.634453711
-1353.54993707 -552.654363043 -224.496062899
-832.061133354 -503.46123734 -264.439000734
-783.152082239 -473.609518351 -298.007141453
-1180.33431179 -484.84894088 -250.961546179
-991.43849386 -652.577792823 -483.357477031
-1022.43096267 -596.051599253 -343.529000152
-489.798168851 -423.720227098 -338.72353056
-1065.78157142 -474.804032279 -293.922748354
-723.167874398 -562.57655435 -483.512281574
-1082.8326369 -531.692427624 -297.895580985
-598.057147689 -363.25969712 -167.380519376
-515.69261167 -390.696746589 -199.149530618
-708.708527499 -544.502900915 -399.28682785
-605.895637029 -460.055670336 -333.281490521
-566.920591216 -416.58212881 -239.217411725
-698.005872791 -423.783328456 -127.234101373
-642.973427339 -516.000983111 -265.830031614
-1022.49349338 -566.116201754 -277.574739517
-1196.58270694 -666.39841325 -245.030277753
-940.441411451 -410.190421183 -193.972172648
-1284.88804843 -556.946480175 -230.634273143
-1261.93610559 -520.484637387 -325.473108192
-670.602759362 -460.01841825 -295.754567825
-587.53894796 -304.580230452 -49.7382049769
-556.578906035 -442.973577072 -240.305377505
-1285.71043081 -494.31740138 -285.863244037
-564.751193575 -412.788027557 -202.266333604
-773.042953523 -475.236384786 -205.191609418
-616.568385918 -413.989117365 -249.945863438
-620.060914915 -372.329253188 1.45340498924
-446.114345529 -288.977005983 -144.144330511
-553.425306173 -343.749789633 -94.9756371012
-520.086195011 -447.533967931 -297.579352474
-2023.12355663 -757.64903862 -300.405218463
-1043.56623418 -484.049711403 -301.344339822
-609.06375722 -452.201966129 -232.421167675
-1072.89230818 -575.282404276 -283.687128535
-534.304966285 -392.154987971 -204.713826098
-987.759704905 -540.731658839 -162.346459648
-1156.70926956 -547.376664718 -320.463836917
-520.32745358 -343.917697994 -76.3741157702
-629.822791301 -338.110870332 -76.646883222
-517.536342663 -327.377262096 -108.245687759
-700.454013618 -438.614814025 -191.057883987
-645.433958465 -465.160587464 -340.708969056
-684.727639726 -526.330313865 -384.974290658
-681.995126441 -496.338508278 -243.963602649
-548.471749033 -418.387883145 -348.77312365
-651.366054125 -357.587839923 -179.852585605
-556.676543034 -390.96974686 -259.804247642
-590.417568876 -370.607494095 -228.358046708
-572.941555644 -391.903061329 -168.326706319
-1110.90126083 -535.451626845 -231.680395723
-706.04409332 -440.963259436 -228.642562097
-1196.08570202 -807.372571895 -320.845918755
-546.267888113 -391.76070208 -256.113491981
-796.401271201 -454.940977075 -176.977479849
