0.08676 0.252148 0.6
0.09492 0.355424 0.6
0.08888 0.259024 0.6
0.07616 0.15542 0.58768
0.07652 0.09944 0.14448
0.08156 0.11454 0.15524
0.078 0.161996 0.6
0.09052 0.136812 0.43976
0.07648 0.105068 0.13428
0.0748 0.17008 0.6
0.09996 0.19436 0.59144
0.08748 0.200236 0.6
0.08808 0.151704 0.31304
0.0906 0.238412 0.6
0.08572 0.195272 0.6
0.09036 0.226768 0.6
0.10552 0.17898 0.52996
0.0994 0.211776 0.6
0.09228 0.161936 0.36528
0.0978 0.211376 0.56616
0.10128 0.139276 0.17488
0.10636 0.205556 0.6
0.10032 0.187672 0.59252
0.10384 0.164996 0.6
0.1148 0.217328 0.6
0.08344 0.122324 0.2044
0.0942 0.117452 0.17116
0.09512 0.117884 0.17308
0.08632 0.13302 0.24308
0.10324 0.276032 0.6
0.08752 0.137992 0.30852
0.11172 0.23402 0.6
0.09604 0.167304 0.6
0.09024 0.11104 0.146
0.0992 0.174448 0.6
0.08704 0.119308 0.19432
0.09444 0.287056 0.6
0.09452 0.155804 0.6
0.09512 0.214852 0.6
0.09304 0.220016 0.6
0.08952 0.16476 0.6
0.09144 0.173072 0.6
0.08712 0.107428 0.17352
0.08992 0.1005 0.11876
0.09292 0.1531 0.6
0.08204 0.097872 0.15
0.08244 0.098376 0.1166
0.0868 0.095884 0.10268
0.07552 0.106268 0.222
0.0806 0.097688 0.13232
0.08528 0.09564 0.11832
0.08676 0.136668 0.32144
0.08808 0.101052 0.14672
0.08856 0.104232 0.139
0.08572 0.099676 0.1232
0.0864 0.097396 0.10704
0.08352 0.100832 0.12936
0.08152 0.091452 0.10244
0.0756 0.0882 0.10048
0.08388 0.09416 0.10796
0.08156 0.088464 0.0982
0.0848 0.089696 0.09392
0.08692 0.091956 0.10356
0.0778 0.090172 0.0986
0.07584 0.087796 0.09884
0.078 0.093492 0.10532
0.08192 0.091296 0.0996
0.08384 0.08958 0.09724
0.08096 0.087012 0.09884
0.08252 0.140416 0.58036
0.08364 0.089732 0.09792
0.07608 0.100972 0.21564
0.08296 0.094836 0.1488
0.08368 0.090552 0.0958
0.07464 0.088036 0.09448
0.07996 0.088844 0.09912
0.07376 0.115392 0.35908
0.082 0.092332 0.11564
0.07616 0.09096 0.12952
0.0796 0.08798 0.09944
0.08084 0.09486 0.13988
0.0802 0.110304 0.30124
0.07924 0.100132 0.2248
0.08064 0.087108 0.0952
0.07856 0.0843 0.09
0.0816 0.123824 0.29008
0.07748 0.089204 0.10068
0.07332 0.129668 0.48884
0.07964 0.085732 0.09392
0.07608 0.090752 0.10828
0.0838 0.091164 0.10328
0.08616 0.14356 0.41504
0.07888 0.091356 0.11804
0.07984 0.094832 0.16064
0.08312 0.102952 0.14672
0.08408 0.100824 0.20812
0.08288 0.140448 0.36476
0.07984 0.092032 0.10584
0.08136 0.118692 0.26972
0.08192 0.138508 0.6
0.08556 0.148528 0.44476
0.08252 0.089608 0.10904
0.07848 0.086512 0.09644
0.07996 0.086784 0.10116
0.08064 0.088164 0.09504
0.08048 0.08734 0.09852
0.07832 0.085656 0.09228
0.07904 0.0879 0.09996
0.07912 0.08644 0.09332
0.0766 0.0841 0.09064
0.08116 0.086752 0.0952
0.07972 0.084912 0.08892
0.07996 0.08452 0.09152
0.0776 0.08568 0.0932
0.07948 0.084628 0.09328
0.07808 0.083628 0.08784
0.07992 0.085244 0.0948
0.08184 0.08764 0.09248
0.08008 0.086448 0.10056
0.07968 0.085404 0.0928
0.07732 0.084328 0.09052
0.07996 0.083836 0.09036
0.08012 0.083976 0.09
0.0832 0.090884 0.099
0.08152 0.085056 0.09296
0.08216 0.088516 0.1008
0.0776 0.187264 0.6
0.07564 0.080472 0.0846
0.07684 0.085304 0.10476
0.0768 0.081564 0.08928
0.07784 0.081188 0.08464
0.07456 0.081128 0.08736
0.07668 0.082828 0.09776
0.07772 0.082796 0.09156
0.07676 0.08326 0.09468
0.07912 0.083696 0.09152
0.07852 0.083004 0.08652
0.0776 0.081748 0.08528
0.07556 0.08 0.08604
0.07696 0.081188 0.08916
0.0752 0.080416 0.08856
0.07488 0.081436 0.08764
0.0802 0.08254 0.08596
0.07724 0.082808 0.09864
0.07764 0.08376 0.09144
0.07868 0.083192 0.08772
0.07428 0.080448 0.08968
0.08008 0.084324 0.08788
0.07736 0.08188 0.095
0.07824 0.082124 0.08632
0.077 0.081584 0.08764
0.07948 0.0829 0.08512
0.07452 0.08008 0.08364
0.07616 0.080688 0.09188
0.07668 0.131308 0.57076
0.07952 0.123496 0.4212
0.07688 0.13538 0.6
0.07804 0.083676 0.09124
0.07856 0.083328 0.09156
0.07564 0.08628 0.1264
0.07788 0.084568 0.09876
0.07416 0.080792 0.08752
0.07516 0.080656 0.08536
0.0702 0.079192 0.08376
0.07856 0.081084 0.08744
0.07676 0.082272 0.09748
0.07048 0.0782 0.08108
0.07552 0.08064 0.08676
0.07816 0.08248 0.09056
0.077 0.132208 0.58052
0.0772 0.0857 0.11012
0.07644 0.159656 0.57068
0.07776 0.17828 0.5806
0.076 0.08032 0.08468
0.06724 0.087064 0.15512
0.058 0.079548 0.08812
0.07524 0.097392 0.1754
0.07076 0.078948 0.08776
0.07048 0.07798 0.08412
0.07008 0.080064 0.0906
0.07332 0.07858 0.08452
0.07412 0.080356 0.0872
0.07716 0.082156 0.09192
0.07376 0.07928 0.08396
0.07384 0.084168 0.13824
0.07696 0.127672 0.54024
0.07092 0.08004 0.08836
0.07692 0.080204 0.08236
0.07508 0.094212 0.17704
0.0754 0.080756 0.08976
0.07392 0.102372 0.3142
0.07436 0.08066 0.08488
0.07636 0.087196 0.13072
0.07628 0.07992 0.08228
0.0768 0.079404 0.08264
0.07592 0.080048 0.08568
0.071 0.080608 0.0852
0.07028 0.077516 0.08108
0.074 0.082004 0.10856
0.07764 0.08672 0.1254
0.07752 0.081772 0.09696
0.08412 0.088128 0.09196
0.08512 0.087732 0.09048
0.08632 0.087856 0.08888
0.08456 0.08728 0.0896
0.08624 0.087652 0.0896
0.08436 0.087944 0.09136
0.08568 0.087304 0.08872
0.08376 0.086808 0.09028
0.08504 0.08772 0.09224
0.08068 0.086656 0.08928
0.08496 0.0876 0.09016
0.085 0.08732 0.0898
0.08352 0.086532 0.09008
0.08608 0.087924 0.09308
0.08572 0.08742 0.0902
0.08468 0.08736 0.08984
0.08432 0.087036 0.09048
0.08504 0.08734 0.08996
0.08344 0.086248 0.0888
0.0842 0.086412 0.08856
0.08436 0.08684 0.08864
0.08388 0.086776 0.08872
0.08548 0.0866 0.08848
0.08524 0.086424 0.08924
0.08424 0.086284 0.08844
0.08448 0.086344 0.09084
0.08212 0.085392 0.08804
0.08472 0.087096 0.08912
0.08456 0.087192 0.09136
0.08504 0.086232 0.08756
0.08464 0.087124 0.0904
0.08484 0.087608 0.0902
0.08408 0.086544 0.09056
0.08528 0.087288 0.09104
0.08312 0.085764 0.08692
0.08408 0.087104 0.09132
0.08412 0.087012 0.09024
0.08504 0.087508 0.09096
0.08568 0.087156 0.09012
0.0852 0.087228 0.09036
0.0848 0.087632 0.08968
0.08528 0.088024 0.095
0.08592 0.088624 0.09092
0.08528 0.087624 0.09124
0.08476 0.088116 0.09136
0.08468 0.088324 0.09236
0.08628 0.088404 0.09052
0.08612 0.088008 0.0902
0.08624 0.088792 0.09116
0.08492 0.08792 0.09004
0.08364 0.08752 0.08916
0.08516 0.08774 0.09112
0.086 0.087756 0.08868
0.0842 0.08698 0.09136
0.08628 0.0883 0.0904
0.08564 0.08812 0.09072
0.08592 0.087552 0.08956
0.08568 0.088976 0.09336
0.0858 0.08882 0.09336
0.08736 0.089072 0.091
0.0858 0.08866 0.0922
0.08792 0.090068 0.09448
0.0874 0.089904 0.09164
0.08724 0.089044 0.09108
0.0852 0.089228 0.09212
0.08524 0.089224 0.09324
0.0866 0.089352 0.09252
0.08504 0.088884 0.09184
0.08696 0.088692 0.0906
0.08676 0.089228 0.09368
0.085 0.089344 0.09196
0.086 0.089224 0.09284
0.0864 0.088992 0.091
0.08388 0.088768 0.0916
0.08616 0.08914 0.09312
0.08628 0.088672 0.09152
0.08468 0.087404 0.09052
0.0852 0.088264 0.0916
0.08432 0.087728 0.09064
0.08544 0.087632 0.09064
0.08484 0.086932 0.0904
0.0852 0.087652 0.09236
0.08468 0.0868 0.08964
0.08364 0.086724 0.08912
0.08432 0.087064 0.08944
0.08488 0.088016 0.09036
0.08292 0.086112 0.08948
0.08436 0.08624 0.08784
0.08196 0.086172 0.08856
0.08424 0.086896 0.08956
0.0834 0.08674 0.08984
0.08388 0.087156 0.08888
0.08384 0.086064 0.08948
0.08496 0.086596 0.08976
0.08628 0.08752 0.09012
0.08364 0.087096 0.0914
0.0854 0.087684 0.09168
0.08364 0.086876 0.09144
0.08456 0.088328 0.091
0.08368 0.087556 0.09184
0.08448 0.087492 0.0896
0.08256 0.086368 0.0888
0.08376 0.0866 0.08888
0.0858 0.08852 0.09124
0.08352 0.086884 0.08976
0.08416 0.086692 0.09192
0.0852 0.087296 0.09004
0.08548 0.087344 0.0904
0.08564 0.087284 0.0892
0.08396 0.086916 0.0904
0.08548 0.087496 0.08952
0.08452 0.086644 0.0892
0.08516 0.088028 0.0896
0.08584 0.08876 0.09084
0.08528 0.087148 0.0916
0.08588 0.08892 0.09144
0.08552 0.08716 0.08844
0.08464 0.087244 0.08988
0.08356 0.086628 0.08976
0.08608 0.088192 0.08996
0.08312 0.086952 0.08896
0.08588 0.0881 0.09044
0.08396 0.087012 0.0898
0.08324 0.087296 0.08944
0.08524 0.086916 0.08952
0.08504 0.088364 0.0924
0.08656 0.089276 0.09228
0.08388 0.087236 0.0898
0.08572 0.08888 0.09332
0.08528 0.087116 0.08872
0.08456 0.087588 0.09008
0.08584 0.088652 0.09108
0.08744 0.088996 0.09196
0.08544 0.087616 0.09052
0.08548 0.087904 0.09072
0.08512 0.088292 0.09096
0.08736 0.089508 0.09396
0.08528 0.087316 0.08952
0.08316 0.087364 0.08952
0.08496 0.087692 0.09092
0.08436 0.086776 0.08952
0.085 0.087292 0.09004
0.08412 0.087936 0.09152
0.08388 0.08708 0.09228
0.0866 0.088352 0.09012
0.08452 0.0873 0.09064
0.08572 0.087784 0.09176
0.08588 0.088564 0.09156
0.08368 0.087488 0.0894
0.08452 0.088256 0.09044
0.08492 0.087132 0.08868
0.08532 0.087764 0.09024
0.08452 0.087928 0.0898
0.08688 0.089372 0.09268
0.0872 0.089456 0.09228
0.08624 0.088484 0.09036
0.08304 0.087552 0.09056
0.08456 0.089188 0.0932
0.08704 0.090248 0.09324
0.08536 0.08832 0.09088
0.08636 0.089356 0.09252
0.08512 0.087796 0.09104
0.08692 0.088316 0.09112
0.08624 0.087736 0.0908
0.0864 0.08824 0.09232
0.085 0.088592 0.09144
0.0858 0.088956 0.09088
0.08472 0.08802 0.09048
0.08728 0.0894 0.09196
0.08452 0.088868 0.09304
0.08532 0.08868 0.09088
0.08544 0.089204 0.0924
0.08524 0.090008 0.0934
0.08708 0.089848 0.09308
0.08608 0.088388 0.08972
0.08684 0.087924 0.09084
0.0862 0.088888 0.0932
0.08492 0.088404 0.09148
0.08552 0.087876 0.09012
0.08596 0.08848 0.09112
0.08616 0.087712 0.08996
0.08284 0.08714 0.0904
0.08528 0.087648 0.0904
0.0864 0.088744 0.09412
0.08452 0.088608 0.09264
0.08428 0.087012 0.0896
0.08428 0.087968 0.0902
0.08344 0.088452 0.09192
0.08628 0.087924 0.0904
0.08608 0.08942 0.09356
0.0842 0.08838 0.0932
0.08608 0.089136 0.09156
0.08284 0.087148 0.09212
0.08524 0.087912 0.09252
0.08464 0.088232 0.0904
0.0844 0.088008 0.09052
0.08396 0.086264 0.08812
0.0836 0.087368 0.09012
0.0868 0.089016 0.0916
0.08536 0.08788 0.0938
0.08428 0.088048 0.09272
0.0854 0.089312 0.09672
0.08712 0.088288 0.09056
0.08724 0.088496 0.09088
0.08512 0.088504 0.09068
0.0854 0.088132 0.09192
0.08616 0.089168 0.09252
0.08684 0.087928 0.09052
0.08544 0.08768 0.09032
0.0834 0.087756 0.0908
0.0858 0.088752 0.09308
0.08656 0.088584 0.09092
0.08548 0.088424 0.09392
0.08296 0.087512 0.09368
0.08356 0.088228 0.09056
0.084 0.087512 0.09164
0.08652 0.088288 0.0912
0.0856 0.08794 0.09136
0.08528 0.088968 0.09296
0.08412 0.088016 0.0914
0.08596 0.088292 0.09132
0.08792 0.089532 0.09256
0.08612 0.0892 0.09096
0.08668 0.088608 0.091
0.08568 0.0887 0.09204
0.08536 0.08866 0.09156
0.0874 0.089636 0.09348
0.08472 0.088192 0.09184
0.08544 0.0884 0.09284
0.08628 0.08924 0.09376
0.08664 0.089524 0.09376
0.0844 0.088196 0.09172
0.08664 0.088996 0.09128
0.08516 0.088828 0.09164
0.0848 0.089156 0.09276
0.08688 0.090736 0.09528
0.08576 0.089228 0.09484
0.0872 0.089896 0.09372
0.08576 0.08968 0.09372
0.08828 0.08988 0.09248
0.08808 0.090376 0.09264
0.087 0.08988 0.09528
0.08776 0.090496 0.09312
0.08792 0.089752 0.09256
0.08732 0.091028 0.09744
0.08896 0.091388 0.09496
0.08432 0.089384 0.09136
0.08768 0.09004 0.09108
0.08636 0.091464 0.096
0.08764 0.090196 0.09392
0.08672 0.089164 0.092
0.08624 0.09 0.09368
0.08568 0.088816 0.0918
0.08748 0.090028 0.09248
0.08732 0.091248 0.09564
0.08688 0.089448 0.09216
0.08496 0.0898 0.09224
0.0864 0.091216 0.09484
0.08404 0.089192 0.09292
0.08692 0.090368 0.09392
0.08576 0.0902 0.0962
0.08644 0.089144 0.09268
0.08856 0.090368 0.09244
0.08788 0.091092 0.09548
0.08424 0.088564 0.09096
0.087 0.090596 0.09352
0.08836 0.089864 0.0928
0.08528 0.090072 0.09488
0.08904 0.091528 0.095
0.08832 0.091224 0.09392
0.08792 0.09188 0.09632
0.08884 0.09148 0.09408
0.08844 0.09146 0.09536
0.08788 0.091596 0.09656
0.08476 0.090164 0.09464
0.08624 0.090372 0.097
0.08816 0.090624 0.09464
0.08904 0.0918 0.0946
0.0884 0.090776 0.09388
0.08784 0.091088 0.09504
0.08952 0.09162 0.09432
0.08764 0.09074 0.09308
0.0874 0.0907 0.09468
0.08936 0.091988 0.09432
0.08804 0.091252 0.09636
0.08744 0.091364 0.09456
0.09012 0.092052 0.09536
0.08756 0.091496 0.09372
0.0898 0.092108 0.09504
0.08732 0.092072 0.09816
0.0846 0.090512 0.09276
0.08788 0.091444 0.09512
0.08852 0.092368 0.09676
0.08716 0.091024 0.09432
0.088 0.09168 0.09608
0.08976 0.092252 0.09592
0.09008 0.092816 0.09796
0.08812 0.092648 0.09644
0.08728 0.09118 0.09376
0.08784 0.091636 0.09412
0.089 0.092892 0.09724
0.0884 0.091644 0.0962
0.08768 0.09148 0.09656
0.08764 0.092276 0.0962
0.08748 0.092332 0.0976
0.0912 0.09298 0.0958
0.08792 0.091712 0.09528
0.08792 0.092736 0.09824
0.08704 0.092572 0.09692
0.08904 0.093612 0.09988
0.09112 0.092972 0.09544
0.08744 0.09074 0.09552
0.09028 0.092732 0.09756
0.08748 0.091924 0.09628
0.08892 0.094144 0.09824
0.09068 0.093144 0.09456
0.08988 0.092016 0.0948
0.08884 0.093472 0.10116
0.08412 0.092528 0.09932
0.08748 0.093036 0.09912
0.09128 0.09402 0.09904
0.08772 0.09382 0.10024
0.08924 0.093052 0.10008
0.09192 0.094316 0.09788
0.08804 0.092328 0.09632
0.08752 0.092276 0.10012
0.08768 0.091964 0.09644
0.08552 0.09346 0.09804
0.089 0.094476 0.0992
0.09124 0.093424 0.09768
0.08956 0.092964 0.09644
0.08692 0.092832 0.09792
0.08904 0.095536 0.10448
0.09056 0.092908 0.09544
0.09048 0.094352 0.10116
0.08884 0.095716 0.10136
0.08888 0.092784 0.09884
0.09152 0.094256 0.09724
0.08584 0.093408 0.09932
0.08956 0.092868 0.0958
0.0886 0.092988 0.09592
0.08848 0.091724 0.0938
0.0888 0.092064 0.09584
0.0898 0.09172 0.09452
0.08712 0.090176 0.09288
