-8625.86394182 -2393.07771305 -121.3493038
-10114.0998469 -5400.61486199 -578.415078249
-8764.14500983 -3218.68556441 -305.093447395
-9595.68381915 -1479.19346227 -243.476142641
-1613.12485223 -704.324189422 91.1307683911
-1126.95118613 -592.181987603 -166.978217201
-10243.8037199 -1365.50770496 115.805342011
-5833.86380843 -876.912434881 -152.821912246
-703.246160454 -429.102827066 -177.882233786
-10038.4073158 -1203.55822975 694.205519239
-9913.79966142 -1541.95285003 307.955600423
-9778.58375745 -1760.1557542 321.129241052
-2951.48445279 -374.378022319 844.906106029
-9729.89075946 -2053.73622462 614.101692801
-8806.35622978 -1474.36913168 464.904165629
-10184.0788341 -1852.26513334 992.993361603
-8371.95296747 -879.067048833 425.31174118
-10118.6241711 -1980.53603081 148.442043581
-3883.45291493 -645.677316673 803.643316275
-7469.63558099 -1422.96946073 510.932007054
-351.831765574 214.488425766 716.150371737
-10118.0583384 -1431.30867856 508.646999718
-8409.58669746 -809.61201647 525.161655828
-8512.33108713 -562.264555072 1155.81933671
-8678.95170397 -1482.02367205 779.73217349
-1370.15632477 154.36509491 1179.97216215
-749.20280001 336.559671595 1159.80814859
-505.602950188 31.7832939901 743.549188375
-1930.05295695 29.1327974514 1038.31576753
-8864.88179061 -2604.24747442 980.332454131
-3124.59621377 -282.309211424 774.790203468
-9625.03142696 -1790.13008391 859.206168987
-8715.11386965 -612.522596614 805.136063794
-108.779442058 325.297170583 702.736121089
-9117.87848017 -661.922323291 1196.68911459
-912.825302721 330.846496755 845.009514773
-8909.59930307 -2866.57840954 920.454428567
-10180.262309 -610.427572504 888.499946687
-10157.215138 -1790.17608392 799.938444035
-8693.51484372 -1549.14304839 902.565282259
-10155.1387979 -780.053445025 741.315742617
-10233.1386102 -672.545633751 930.202663085
-521.139839235 475.343458893 1018.201441
-27.1541689634 431.775764936 685.950172105
-8751.68088361 -323.689565933 1113.33332022
-3.48481863895 479.982429368 1061.96716561
-95.429537231 458.608620954 1187.1061218
-106.53123609 700.557005124 992.669472856
-1960.76362202 303.976993646 1028.18185422
-308.955849961 404.256825811 948.309858659
-281.852195374 578.778518975 879.190204819
-4133.32948109 -157.347039344 921.598233874
-403.888158516 637.918789733 1106.73091445
-424.652177177 402.861487456 842.904598342
-342.536091837 445.286842823 926.862644545
307.189119758 677.848453572 1011.16343463
-358.240977504 363.496058127 868.981166878
-193.346865828 492.186319645 1274.46864199
-35.0052119928 439.278091967 874.976531356
497.546136498 751.714444385 992.291628378
-123.777192047 482.75925111 879.243545535
-114.826454426 667.331155693 990.955343211
138.940469055 651.944501435 881.776873297
-50.5387747169 580.16719255 1190.78090574
-347.244633136 676.229188345 1215.39244552
-162.767783261 376.475108381 930.922156545
-197.998886752 658.28647293 1155.21121571
193.695856702 730.700804726 1251.6335788
-47.4864473788 754.814417026 1218.04208511
-9302.06360654 -371.53183361 1069.41263722
72.5460809142 531.89593421 894.087071153
-2185.89519343 311.599467288 970.345523946
-697.379420135 542.846620523 1138.94701052
519.716789119 779.79582245 1036.69942398
-162.441536408 649.163203933 1096.46349586
-48.084958426 651.630285381 1124.11790555
-4251.97558612 -43.8662623515 965.429163124
144.225248874 707.513358903 1026.16977436
-224.759376729 558.280535858 1019.85274749
31.9153716692 587.79575287 973.578906363
-897.171209859 581.645182577 1191.13783016
-3872.01806803 521.32949173 1492.99344405
-2494.63280999 440.974117165 1082.89982175
430.677187719 749.259318619 1429.29999872
-131.644323595 538.338527394 1202.45743303
-3650.55415528 -264.698439514 1123.22403733
-108.927389958 697.034730508 1056.23680826
-7358.70586735 -165.794298781 1199.37846397
91.4853362009 642.780488155 1100.91421265
-125.024187299 616.412789207 952.841406187
26.6738058294 683.365846126 1094.30722862
-6085.62835777 -444.046847928 974.491914608
-343.259845059 637.173255228 1153.75088234
-1170.39588861 550.983595773 1260.09698643
-1000.39935431 282.333249879 973.517119165
-2161.0011387 568.486621069 1111.48877353
-4989.36478035 -364.718636302 1283.79723682
57.0604928225 650.897755525 1018.43228067
-3235.71050381 99.8427770544 1243.27831876
-10118.6875779 -395.425421862 990.450766724
-6582.84330042 -556.042000993 1062.22244521
-52.1234520528 736.75135923 1262.48500563
-149.318046794 562.820066378 875.38131335
-90.7662141585 587.019249633 1318.51334155
16.1657453202 827.441455264 1212.49194013
37.7621389787 629.272947721 1080.06168401
-76.8167205624 722.598346341 1025.23417599
-41.9834964912 656.224555226 1024.04064605
531.527464997 873.358038868 1196.03819799
-139.99652127 586.493271189 889.499934026
308.783380402 908.800031387 1312.16486679
656.319302249 866.334641423 1125.3825975
501.024662159 790.079943922 984.678751384
338.764257668 785.303420365 1402.84002274
391.711070143 823.872412942 1304.55104607
519.740786151 896.89014734 1430.00362507
279.432246472 780.348846966 972.632980525
519.747163229 911.119277906 1390.85198858
163.19478696 828.237148928 1148.34371434
432.19279155 893.469301049 1308.12796746
5.38633531843 666.968650422 1122.17807488
660.378302666 861.972301839 1166.80665086
425.958972067 828.939858047 1218.88667919
224.421508181 570.901577821 810.745254888
438.102034324 900.442861585 1265.59489808
-2.7763371077 662.978870012 976.32054294
-8750.57280791 -1140.09247936 1016.2021512
13.0497595247 845.738208616 1134.06024607
-138.786088305 647.317918394 972.776864965
480.874140765 835.141243005 1089.92745833
578.931342713 834.756022934 977.151352743
144.403386587 812.55669848 1073.4168541
186.778807045 691.434721078 993.441802368
475.222370062 873.18041005 1169.0263135
354.515708283 798.625995969 960.184545298
490.688043602 843.150692218 1179.23365683
499.314544123 869.926124329 1174.26219397
627.342905957 864.566270029 1064.96253035
233.010605913 754.326033341 1263.11837412
388.095371155 730.702879994 1072.52705011
191.213521484 755.927416596 1036.14807854
387.653105223 752.993904732 1064.75081087
762.077670785 960.23706205 1176.30156769
148.958473316 857.587771327 1355.99493666
445.980866172 881.807712563 1083.4400523
341.575853216 736.400955189 1163.44573855
-34.3239793102 708.547195079 1327.08516098
486.806974465 858.901078665 1314.07435206
105.624885945 795.187703552 1317.29476189
500.917084385 856.17700921 1144.07177457
159.358280112 771.549169999 1167.09393635
554.601241078 833.481833704 1227.10986214
70.8574630533 749.380430872 1080.82942726
227.885990758 878.500472575 1366.89574809
-8353.62087146 -219.001276924 1219.99442535
-6224.63740255 -103.867971623 1162.95926955
-8813.04585916 -140.893968112 1324.7662389
134.601362905 781.287924969 1166.3334506
130.318330466 795.592437922 1130.90723283
-614.279563587 776.301970592 1270.31348815
-234.601968316 737.179791889 1456.64450599
481.734996749 725.88816611 1234.59204998
396.415875918 795.089264633 1036.17210148
-120.013457265 807.108326457 1139.39326243
670.296130633 954.736253081 1270.07588003
75.3426224688 884.95407446 1368.57981986
-74.4085606542 822.493839758 1270.54489913
250.069724489 782.507345324 1234.27492947
433.600208794 953.563201461 1275.46325955
-9257.57667236 -73.8977389807 1328.6367364
-352.445539309 770.27364127 1220.61715739
-8996.24870522 -808.015685724 1277.72239277
-8436.33006088 -1032.16616514 1045.734681
-9.3224414158 660.199913042 888.591098768
-1281.97242229 424.395393123 1028.47399019
-420.423905616 796.835447006 1317.90454672
-1791.2856473 417.882194795 1227.54045716
-134.999937904 762.585478096 1189.38145344
-132.223580731 427.83915561 903.498015507
-171.474431023 724.387747846 1083.19011176
159.546953883 762.778153349 1187.13221186
279.83102242 860.414850316 1374.08059575
159.700275905 798.175574803 1225.03967211
294.388973895 868.808676125 1134.34742595
-1084.53522382 654.470685253 1288.73438224
-8195.25640726 -81.5077702495 1284.32262972
-148.723231574 698.304519659 1313.97027045
628.29284022 913.730220369 1284.7026769
-1779.19484461 422.30505177 946.399068479
89.129269478 797.058131438 1038.22158628
-4287.38070897 296.562635731 1229.86926095
352.592639942 776.180983315 1228.35708017
-656.33763778 576.533794742 997.482750118
651.626257612 879.193175554 1085.15985148
553.509312863 990.17393146 1329.67510865
347.884684181 872.152020421 1282.34282517
-102.583016179 823.575326278 1278.60570889
-103.142255695 701.972240207 1144.74140371
-172.449804703 737.862333655 1184.50429977
-854.334335096 597.49980599 1093.12915497
29.1273603268 800.278428361 1131.18951397
747.104194859 887.259219249 1037.06523918
737.011316079 997.047408434 1356.99146231
762.305308142 1010.58636596 1241.11976912
642.038102862 964.03239104 1294.0428483
788.580781322 988.479219762 1195.17703968
850.839331118 1016.1584856 1295.81839823
663.925303144 1000.489871 1233.38179056
692.805737345 943.799345422 1351.19940085
687.88201071 951.925555 1309.1317816
473.212092863 937.541627943 1282.35793797
931.751575263 1055.82618132 1154.68069883
778.485323404 1086.553696 1258.41449708
720.465300681 984.408195219 1214.13874029
546.956022452 916.245113031 1271.71937316
911.838744395 1086.29887367 1326.47524596
772.785257155 995.577364456 1298.81023079
667.187262342 989.841266755 1510.68476897
735.741134079 1016.08944568 1389.5849101
729.758847953 1034.04424362 1303.14013506
922.857293599 1109.83299698 1368.56084531
779.789736779 1019.48375877 1313.92527442
819.194349055 1025.08155706 1209.6434808
700.181639133 1055.21160999 1247.02405072
908.976819318 1088.31282263 1348.83447618
714.463580967 881.241451067 1033.37620408
691.385137759 955.06574369 1355.79810772
701.524365333 892.171744413 1330.77195803
761.441501794 1051.03971517 1245.74385255
872.612799657 1051.49660643 1300.53802883
947.93475975 1114.86805451 1261.45365573
729.541084419 951.278953196 1230.2226386
729.594572661 958.865467757 1153.27145995
799.184366362 1040.8685861 1261.87909287
797.167143865 1023.61114445 1369.28771312
873.196538107 1076.4670531 1634.58878904
785.819342917 1003.01846331 1221.55420733
615.377047832 1043.61300183 1258.90702715
483.289090368 1088.2698858 1522.96461516
718.364891085 1005.34154525 1189.68697778
826.272094632 985.447952467 1121.13017143
709.029567386 966.614098227 1176.59033024
730.851045377 1075.9777067 1415.85984839
812.047991668 1048.38913242 1331.55209919
780.326134468 1097.05506235 1431.72003851
681.309089538 939.258071841 1154.6726019
849.467139278 1012.34722406 1156.63826243
915.687674456 1052.43313716 1173.01436312
832.89097413 1068.3774302 1316.08157068
824.460592212 1076.83278595 1548.22132006
537.310306307 1060.06620283 1456.25000496
820.994848288 1036.83304349 1392.70665876
732.117458912 1043.23804071 1294.23783939
854.2645092 1034.30958523 1322.80893793
756.272613714 1046.69490246 1450.88122899
821.781196528 1057.45284804 1322.60270121
832.131680989 1117.30044005 1355.80672822
767.654827643 1023.10396718 1232.51147027
955.992552228 1104.84396756 1451.05515149
888.57406424 1111.94797427 1326.79478115
674.984676048 996.692160985 1345.70036161
644.880444237 971.360622235 1357.83397519
663.955572423 999.894006955 1229.26311403
814.481476431 1050.05495962 1371.29547914
799.557083529 1042.27738122 1347.68598512
784.028924036 1093.55679961 1385.64940555
454.990908486 1002.83179693 1300.57872764
726.544137188 1057.5751754 1266.6625218
527.95078937 969.726543435 1402.17302573
916.021179305 1063.62365102 1317.76284396
863.122935973 1152.1780143 1359.75542032
806.841225221 992.097704013 1287.17307365
840.737993737 1130.11809391 1469.45360794
779.261463676 1029.281041 1357.40363956
723.442324962 1063.66505242 1317.03487642
846.144956232 1086.11956579 1266.09828534
791.34410536 1094.77176216 1337.54950615
728.129030055 1048.30619276 1360.53917982
761.919350017 1093.33931217 1358.64408305
722.21575869 1011.66093393 1291.55873756
983.954190383 1195.95499861 1502.37436114
843.123415606 1071.0703161 1286.78529569
688.049378951 1056.54221936 1280.30012538
921.309182464 1116.19491499 1412.39077304
770.280829663 1050.33470675 1302.94745992
915.309655309 1115.08564775 1322.03874033
714.750327166 1037.11947002 1301.37809293
832.841248969 1076.3443516 1322.34482592
881.708721134 991.422611806 1159.79223964
894.562160704 1034.68433175 1266.50106063
733.862802659 980.07401339 1244.93836627
976.755490089 1144.62345607 1508.6247565
797.997550321 1033.7264325 1288.86388321
816.745803574 1083.21922145 1260.85961812
695.523757553 1101.9392713 1336.24929385
663.189641728 1097.26280606 1394.77685792
792.793317277 960.996958194 1129.44148676
933.333894078 1084.65632669 1243.57153118
870.993961272 1016.23781473 1353.33009575
894.503856306 1134.14062911 1338.31404822
744.782380859 1059.87981373 1314.99527686
830.002407293 1099.63469132 1269.29050538
576.249474551 1093.80609429 1309.6296339
699.381891181 1022.96122615 1276.81777037
896.176443568 1046.60877855 1298.61464792
778.467449453 954.22432799 1139.82348918
822.585027554 1008.26309609 1149.11233687
714.999951963 1041.38718981 1202.25706829
829.6842536 1081.06628345 1371.86361132
649.252484599 1034.86094557 1202.93815513
780.263742919 1046.88925285 1304.69460543
981.188229973 1118.82580426 1400.58036295
906.35680057 1066.73686708 1328.32778882
827.014469854 1008.86828873 1384.81817174
623.921650901 1060.0607513 1271.89793332
814.633115574 1080.9214716 1314.11719908
845.354598592 1058.86881237 1245.60013277
872.568021947 1070.05993028 1228.4821928
966.343133109 1156.39476846 1428.67618547
628.972191115 1016.70452486 1354.88298534
756.259974994 1113.00243617 1432.18445883
847.064563643 1111.81215909 1351.25706688
893.807891584 1052.50262264 1247.68058902
711.14126882 1067.17072369 1245.2489752
646.959664774 965.199681609 1136.4078858
1029.9047473 1161.90045715 1368.30818488
823.208652167 1119.43705991 1311.27953202
862.030280047 1145.33699525 1481.24779343
1036.05984971 1184.94818473 1383.02363685
708.131541014 997.659715212 1327.11070834
814.707471222 1034.3662408 1348.62154037
795.703437308 1085.43947404 1264.48570121
854.784513251 1124.9092136 1499.59629164
825.301776519 1141.3615066 1266.59358038
970.167263312 1139.90023369 1350.53729476
851.74767152 1128.05147899 1338.61173819
575.845016509 1074.11603721 1379.59077714
806.339605718 1108.35691332 1440.99381802
874.363183548 1048.84567637 1224.85875968
599.076929498 975.867498492 1197.44127419
766.482966642 1070.26972076 1310.76511775
891.93351353 1027.1253162 1256.27123871
834.629493044 1085.84302854 1468.62762018
761.34887798 1125.76967322 1348.00351807
682.312152638 1070.03426123 1446.65258059
927.049018015 1127.22738528 1307.42355982
758.624604605 948.308553947 1235.66907439
830.330806088 1087.38112139 1287.96774289
809.506966197 1076.47530869 1325.45899673
797.180453541 1100.24035411 1343.48772843
876.427127825 1103.66813941 1390.09782497
991.837637461 1198.3669606 1513.96745726
812.925671314 1082.5492134 1308.19636924
954.000749472 1115.9806678 1493.79960047
971.108185388 1126.23903948 1321.776254
792.611321473 1118.02758268 1291.62339353
909.92729221 1084.46420972 1308.16542537
781.227457225 1105.4634577 1339.38617129
910.445383705 1125.67982552 1402.76368236
893.034891715 1025.47007489 1197.31329238
874.07521171 1054.54862012 1342.4670147
664.396905985 1010.61247815 1282.65050934
621.810965992 1074.19466678 1337.1166302
934.41626826 1082.96468301 1423.11099444
932.049087455 1155.14246826 1414.14932149
905.829576254 1091.10657879 1278.17037479
919.572161704 1060.67245003 1260.77843663
908.251380929 1171.88195849 1399.57630164
910.470712424 1083.70304192 1485.80979145
929.250758722 1078.23985384 1298.69856768
799.611070833 1077.84545341 1387.26341213
1021.70738164 1195.23563001 1338.04194031
781.130919828 1085.62321553 1377.40793524
861.393391409 1079.49434598 1245.00466653
812.795064685 1139.84180966 1434.71291152
743.182325521 1153.19437875 1414.72923903
807.473341764 1071.65585133 1348.3995961
892.377576958 1064.82879935 1363.73285126
814.504880118 1072.0253038 1320.50062173
923.140822145 1129.24113699 1302.57439849
831.499643957 1068.50667846 1242.13355395
919.767846892 1119.15055864 1443.94630065
915.352090371 1158.57660825 1495.38312864
888.244514114 1128.89009669 1520.61525434
946.557358007 1178.41534134 1411.54706463
956.561341616 1138.47493437 1345.26575626
704.439768554 1130.84330145 1540.48928622
1011.58855659 1220.17742502 1442.24426489
913.096027135 1048.03264619 1276.12878158
674.70421414 971.600489445 1165.82043637
713.569130049 988.110481083 1342.79832794
848.04556624 1063.49916515 1287.70705552
973.664143518 1182.31318712 1442.52859379
767.398272699 1025.42837871 1194.92676875
907.142541418 1153.08739123 1453.52686928
918.783905876 1097.8428928 1212.4897168
884.390859099 1184.18153227 1385.73303821
821.443202068 1083.43458191 1249.69321651
816.706879246 1225.12911558 1771.14794984
985.392831459 1115.03271427 1353.69759758
122.855122127 1075.78150069 1502.2503377
682.410962281 983.792135591 1360.13875966
506.135731657 1119.96168106 1344.00761873
979.424006553 1231.32775001 1568.47954177
914.317303625 1110.24478967 1306.45294249
668.433861427 1124.18485623 1413.00870723
722.328553406 1090.90426954 1403.36247151
770.230133564 1044.55850249 1309.92323859
947.050305802 1169.64995353 1300.15597241
814.855379084 1113.04643104 1403.26512373
750.086700665 1104.35052228 1430.88256582
924.15540474 1163.89586227 1445.37745314
891.079201421 1138.5948538 1437.7127773
829.570266434 1123.93645466 1412.8093736
841.45123878 1084.29767356 1286.65540293
917.113850389 1149.77299286 1338.28031626
830.569130776 1071.85568012 1397.82657922
892.423770441 1138.17863903 1319.08433714
844.615548117 1131.89329074 1315.9266549
915.723100359 1190.68414777 1347.23510883
914.038341758 1153.37422937 1428.17109716
784.098140377 1206.66052152 1315.22452339
732.037491395 1118.28383403 1287.63301214
835.967396026 1226.15568484 1427.45527773
788.267337225 1087.22110904 1304.05437681
929.489988928 1150.62700987 1507.04968208
856.172468867 1106.4760393 1299.03764457
866.499359626 1112.58345632 1387.46889213
929.004929816 1203.64240346 1547.65636128
623.474521421 1012.02708833 1306.19122403
919.652808579 1173.32990034 1489.45701494
802.022809714 1104.43608562 1373.5634982
920.010700528 1198.24188868 1369.214796
932.890115107 1166.2489481 1402.84304199
936.091115006 1185.89354272 1410.40713568
802.758370306 1132.21285377 1323.04806183
726.053841109 1101.91580394 1278.6555182
621.208616008 1129.34937059 1457.30417757
798.605227653 1112.80290788 1287.45676727
1015.68724334 1174.22837255 1295.65856632
1085.92001812 1277.9386009 1419.05381558
867.397999337 1162.7250658 1395.06983566
878.925125082 1234.12593348 1574.72467119
1023.60208429 1212.75447587 1422.28676947
1025.24350117 1200.30505431 1396.77128606
318.331406373 1084.91470195 1425.04602018
731.658505848 1196.1155944 1566.65430515
786.417780307 1205.44869866 1498.37940807
1076.78732811 1271.26497767 1462.56743327
638.008778311 1108.37604581 1311.61219593
640.253910748 1169.89682834 1578.86564858
1002.09361631 1197.37650116 1459.54854259
869.701807565 1197.34998321 1412.5466336
913.016048174 1192.83361387 1425.26255667
846.361909003 1129.2011313 1368.61332982
855.163977058 1123.94744643 1384.8405394
817.060311858 1140.37056806 1471.07822863
973.143614735 1273.44028185 1421.16593453
1029.59777847 1254.5945117 1413.79535286
770.876686788 1162.04561096 1534.61627867
871.044471245 1217.39940091 1532.29467082
681.049178529 1042.21297161 1393.17846458
968.815442596 1251.32906124 1708.22009428
906.369499251 1153.79034412 1448.48562384
990.225802016 1163.12159102 1405.50863688
782.257793257 1195.91843701 1610.97101977
834.18774441 1241.40654482 1605.75418081
1043.89767851 1262.78686819 1475.40576527
874.006331234 1150.45719387 1588.57059296
922.55190233 1171.34373434 1590.64247003
836.261671748 1204.35311264 1407.45118931
807.550642919 1182.95847747 1435.03040355
979.781419817 1195.79862726 1432.91591939
911.46551194 1138.91363751 1626.67547546
834.780466082 1112.73837948 1492.01182309
997.243376682 1178.10328832 1357.46210897
820.614503391 1182.47388328 1444.40592549
826.39568982 1170.54160169 1408.51522288
702.225008289 1211.44651188 1568.77839729
791.939310181 1112.3607704 1278.40639416
841.127105735 1215.38507537 1359.80443239
1097.21329107 1260.15936766 1457.79880307
1018.27168197 1228.54681309 1537.56680831
919.573015621 1098.66151363 1384.82027065
929.653359604 1153.41858174 1318.43622128
792.207685296 1252.07691203 1687.37145972
843.60391368 1151.45079561 1398.84900312
912.395607501 1226.2637542 1623.3268332
984.002875492 1155.74552321 1399.75952753
748.256003415 1158.13231805 1548.40751081
701.897932595 1200.04653719 1543.3160162
645.094817956 1218.26595025 1431.68050507
1005.42513752 1215.47952516 1556.9035395
797.605225825 1166.30202951 1462.54749566
783.100188734 1177.23199411 1462.06629684
872.466139272 1251.91337633 1748.73552475
1015.68191187 1222.63455248 1413.75857447
655.878174401 1043.7375418 1252.94985719
693.533510771 1161.95595286 1402.6883359
880.437645384 1232.47667963 1465.58526922
872.747429641 1172.92468639 1439.72824129
540.008371052 1176.80685719 1590.54377685
1009.98877255 1225.51150813 1578.45535287
881.948876419 1157.66596445 1578.65349165
862.814409926 1171.44201768 1474.47562579
896.241822041 1170.02151295 1379.28872538
1063.12430001 1285.37739807 1454.1360303
1090.93018346 1248.86936979 1406.16232932
788.26284886 1137.24776322 1430.36906334
760.810621375 1159.0746222 1451.76731688
839.706852004 1139.64448752 1324.04415021
988.101449942 1206.80428014 1486.10732062
805.822628221 1158.36266463 1570.19575425
799.667932575 1171.13198373 1438.76445104
1051.71204665 1273.22140317 1593.54151668
827.675183784 1144.31388405 1549.96700349
1029.54112889 1290.38633127 1541.03655223
965.242202065 1205.20207151 1544.24019818
991.611551903 1200.81704774 1329.79873061
587.955950803 1157.27521271 1539.07162605
721.59723615 1143.61810893 1495.36896935
841.253308793 1181.61743655 1500.29151116
718.930878178 1159.90661707 1553.73246131
863.873012838 1099.33035879 1499.08924486
898.841829127 1140.29071653 1351.24337872
1073.4873154 1261.08743392 1679.83469755
919.593525822 1124.75528672 1441.23917026
848.33775859 1282.4189156 1616.98858902
724.383048887 1072.121738 1509.29150358
790.472138475 1106.8543043 1430.32379949
895.95442086 1200.06048054 1550.89955011
919.20237956 1185.53507146 1370.82947772
876.052392807 1188.1012624 1313.77184332
544.839978693 1078.2328275 1369.05878992
865.380784068 1216.12974043 1493.9602202
984.997949069 1294.16403793 1484.0810966
912.836510065 1186.40438388 1375.92739667
839.747970088 1270.41059729 1557.84920595
1015.13785815 1303.72011358 1585.06815714
645.25160189 1134.83129678 1523.76326501
952.17294312 1158.33151404 1424.87375116
1014.24696732 1253.24365668 1566.00467084
773.947943593 1183.87474964 1341.23149511
922.955349878 1227.91289317 1460.8302816
1041.97807526 1231.52153569 1387.23613863
728.624033081 1232.56156228 1481.59220438
