0.29728 0.350656 0.44476
0.27404 0.3158 0.41756
0.267 0.309572 0.33876
0.25876 0.32164 0.39828
0.2688 0.356108 0.439
0.28244 0.315428 0.42636
0.27736 0.338564 0.37504
0.28576 0.339408 0.38552
0.2862 0.314992 0.357
0.26656 0.34896 0.44624
0.2954 0.339888 0.41528
0.28904 0.32986 0.37932
0.27548 0.341104 0.46332
0.27712 0.342252 0.39684
0.27088 0.330796 0.42668
0.30272 0.368768 0.41828
0.30092 0.350664 0.39556
0.30744 0.35218 0.3964
0.35636 0.376572 0.4008
0.30784 0.373248 0.43108
0.31652 0.384424 0.43684
0.34788 0.392032 0.4326
0.31896 0.381472 0.44392
0.31536 0.40642 0.4838
0.34844 0.416348 0.46264
0.3594 0.4132 0.5204
0.35536 0.40412 0.47088
0.32604 0.397008 0.4564
0.33424 0.384628 0.46408
0.34792 0.390268 0.42756
0.30888 0.400484 0.45368
0.32468 0.398432 0.47948
0.33744 0.404012 0.46716
0.32556 0.403776 0.44836
0.35116 0.40524 0.47916
0.35396 0.395268 0.43688
0.3092 0.38512 0.47376
0.3222 0.376252 0.4988
0.3152 0.392908 0.46588
0.31568 0.387632 0.45144
