0.6 0.6 0.6
0.6 0.6 0.6
0.6 0.6 0.6
0.6 0.6 0.6
0.6 0.6 0.6
0.6 0.6 0.6
0.6 0.6 0.6
0.6 0.6 0.6
0.35612 0.575612 0.6
0.426 0.5826 0.6
0.48256 0.588256 0.6
0.3686 0.550632 0.6
0.35192 0.498816 0.6
0.34672 0.574672 0.6
0.38504 0.57254 0.6
0.28288 0.451472 0.6
0.39756 0.555588 0.6
0.28272 0.405992 0.6
0.25804 0.445284 0.6
0.2434 0.439228 0.6
0.30828 0.444756 0.6
0.2602 0.378432 0.6
0.25336 0.472184 0.6
0.22168 0.294476 0.6
0.22488 0.361604 0.6
0.20312 0.316588 0.6
0.20484 0.249744 0.31688
0.194 0.237344 0.31864
0.1884 0.236248 0.2908
0.18608 0.209676 0.24364
0.1662 0.229092 0.37852
0.166 0.253824 0.3452
0.17964 0.229092 0.36984
0.15148 0.22076 0.287
0.18552 0.22592 0.29628
0.19388 0.229828 0.30472
0.1552 0.195132 0.24584
0.18084 0.185508 0.19556
0.17744 0.183764 0.18932
0.1808 0.183388 0.18748
0.17644 0.181924 0.18744
0.17924 0.182732 0.18616
0.17864 0.183916 0.18904
0.17712 0.180948 0.18624
0.17924 0.182188 0.18648
0.17572 0.180804 0.18744
0.17172 0.180632 0.1868
0.17504 0.180264 0.18416
0.1784 0.181324 0.18556
0.1754 0.178768 0.18392
0.17412 0.181068 0.19492
0.17792 0.180088 0.18328
0.1746 0.180664 0.1908
0.17604 0.179996 0.18496
0.17596 0.181176 0.18544
0.17492 0.178896 0.18332
0.17652 0.179916 0.18452
0.17564 0.179512 0.18416
0.176 0.179156 0.18216
0.17704 0.180516 0.18452
0.17676 0.180584 0.19204
0.17488 0.179208 0.18212
0.17588 0.179144 0.18224
0.17684 0.180252 0.18464
0.17516 0.17908 0.18608
0.1758 0.178872 0.18284
0.17404 0.179472 0.18412
0.17336 0.180176 0.18556
0.1728 0.17708 0.18208
0.1768 0.178588 0.18284
0.17648 0.179356 0.18184
0.17324 0.177196 0.17936
0.17456 0.17956 0.18692
0.17612 0.178304 0.18084
0.17092 0.176864 0.18112
0.16928 0.174384 0.17764
0.17352 0.175936 0.17856
0.17072 0.175588 0.17932
0.17048 0.176256 0.17816
0.17312 0.17538 0.17756
0.16988 0.173864 0.17756
0.17424 0.17688 0.17876
0.17304 0.17644 0.17896
0.17172 0.175032 0.17768
0.1704 0.174796 0.1802
0.17088 0.175596 0.1802
0.1724 0.176996 0.18068
0.17208 0.174728 0.17976
0.17248 0.176248 0.18248
0.17108 0.177084 0.18044
0.172 0.175628 0.18276
0.17228 0.17592 0.18128
0.17136 0.1756 0.18024
0.1726 0.176148 0.18012
0.1744 0.177348 0.18084
0.17156 0.175468 0.17988
0.17348 0.176724 0.18256
0.17364 0.17632 0.17848
0.17092 0.175636 0.17772
0.1734 0.176072 0.18016
0.1722 0.174584 0.17724
0.17224 0.175792 0.18112
0.17188 0.173308 0.17792
0.17352 0.176072 0.17904
0.17148 0.174356 0.17656
0.17176 0.175076 0.17852
0.17272 0.174864 0.17764
0.17044 0.174136 0.17848
0.17036 0.173944 0.17792
0.17264 0.175604 0.17912
0.17112 0.174956 0.18064
0.17144 0.174668 0.17856
0.17084 0.174036 0.18184
0.17288 0.176624 0.18044
0.17104 0.174292 0.17836
0.17344 0.175728 0.17928
0.17208 0.174572 0.17772
0.16772 0.172496 0.1788
0.17244 0.174876 0.17848
0.17016 0.174776 0.17996
0.1712 0.174752 0.17772
0.16932 0.174272 0.17928
0.17364 0.176504 0.18036
0.1714 0.176284 0.1804
0.17208 0.176596 0.18132
0.17184 0.174064 0.17748
0.16644 0.174176 0.17872
0.17036 0.175036 0.17984
0.17008 0.17388 0.17912
0.17136 0.175768 0.17872
0.16928 0.174012 0.17676
0.1704 0.175512 0.17968
0.1712 0.174764 0.17656
0.17204 0.174808 0.1778
0.16892 0.173976 0.17852
0.17188 0.174564 0.17672
0.16976 0.174832 0.17712
0.1732 0.175428 0.18084
0.1672 0.173604 0.1784
0.17188 0.17506 0.17912
0.17292 0.174896 0.1802
0.17088 0.17538 0.17724
0.17028 0.173904 0.17728
0.17256 0.173936 0.17692
0.16796 0.17372 0.17856
0.16816 0.17396 0.17764
0.16592 0.1719 0.17628
0.17108 0.173896 0.17688
0.1692 0.173732 0.17664
0.169 0.172692 0.17552
0.1674 0.17306 0.1764
0.17024 0.172368 0.1756
0.17136 0.17292 0.17848
0.169 0.17232 0.17544
0.16956 0.172872 0.17476
0.17008 0.173164 0.17556
0.16876 0.17256 0.17508
0.17236 0.174164 0.1772
0.16908 0.173676 0.17628
0.17228 0.174036 0.17768
0.16904 0.17354 0.17684
0.1706 0.174244 0.18
0.16996 0.17326 0.17612
0.17036 0.1736 0.18012
0.1702 0.172736 0.1756
0.171 0.173092 0.17604
0.16648 0.171428 0.1744
0.16848 0.172828 0.17744
0.1692 0.17282 0.17672
0.16684 0.173824 0.17652
0.1694 0.172352 0.17728
0.17004 0.172472 0.17528
0.16796 0.172328 0.17756
0.16972 0.172136 0.17764
0.16688 0.171872 0.17652
0.167 0.173084 0.18164
0.16748 0.171656 0.17848
0.1644 0.170484 0.17516
0.1666 0.169852 0.17508
0.16856 0.170896 0.17424
0.16692 0.17134 0.177
0.1668 0.169792 0.17292
0.1694 0.172208 0.17452
0.16776 0.17146 0.17412
0.16636 0.169452 0.1722
0.1662 0.169516 0.17588
0.16852 0.170992 0.17304
0.16564 0.169992 0.17516
0.16496 0.169184 0.17316
0.16544 0.169596 0.17412
0.16584 0.169092 0.17304
0.16472 0.168856 0.172
0.16784 0.170336 0.17348
0.165 0.169132 0.1734
0.16464 0.16794 0.17208
0.16556 0.168208 0.17116
0.16332 0.16742 0.17168
0.16392 0.16744 0.17044
0.16356 0.167412 0.17356
0.165 0.167004 0.16932
0.16448 0.1682 0.17584
0.16372 0.167852 0.17036
0.16424 0.167196 0.17088
0.1658 0.167192 0.16848
0.16528 0.166856 0.17064
0.16504 0.166944 0.16904
0.16132 0.165848 0.16888
0.16308 0.165964 0.16896
0.16392 0.16646 0.16928
0.16316 0.165832 0.16896
0.16512 0.166904 0.16872
0.16392 0.16628 0.1698
0.16252 0.166536 0.16916
0.16364 0.166104 0.1694
0.16292 0.16582 0.172
0.164 0.165888 0.17
0.16456 0.166488 0.16984
0.162 0.166064 0.16856
0.16072 0.166468 0.169
0.16276 0.166216 0.1674
0.16296 0.166564 0.1692
0.1622 0.166068 0.16844
0.16316 0.166756 0.1694
0.16184 0.164924 0.16804
0.16232 0.164372 0.16828
0.1626 0.165528 0.169
0.16332 0.165576 0.16876
0.16168 0.166116 0.17324
0.16244 0.165648 0.16928
0.16292 0.165252 0.16788
0.16144 0.165328 0.16948
0.1624 0.165648 0.16932
