-10070.8162389 -9991.12817296 -9710.82161049
-10036.352197 -9830.34436766 -8613.27184642
-10097.212226 -10027.709871 -9974.48879251
-10081.5802686 -9885.21404364 -9418.20376558
-10076.7226307 -9987.62678782 -9741.99379218
-10039.8385434 -9890.61847236 -9698.05184882
-10133.4509215 -9873.08789846 -9265.17675394
-10001.6838948 -9803.47549325 -9291.84797143
-10107.2260843 -8878.4054423 -1667.12733304
-10096.5398193 -8693.4107442 -1792.12786611
-9881.27443869 -8731.32924639 -1793.54331788
-9846.92625447 -7134.14935533 -1730.05747488
-9770.88847218 -5534.59673143 -1768.48843788
-10037.279812 -8474.34529795 -1775.39932325
-9956.75241512 -7833.52397677 -1782.59466054
-9731.17921658 -4289.20316011 -1739.82907457
-9719.69885646 -6284.46087272 -1752.82949522
-8993.24416646 -3199.93955505 -1717.55089208
-9720.11683685 -3378.76096259 -1739.61409671
-9663.05726598 -4233.66609778 -1752.25616155
-9162.41939227 -4581.68236398 -1758.98476473
-8198.60311058 -2416.66456855 -1736.52771496
-9786.04246916 -5238.59901516 -1749.48952543
-8925.45655474 -2472.58588767 -1711.5882498
-8577.56559134 -2680.50234731 -1712.21931701
-8313.4238617 -2433.48959584 -1669.05713273
-1773.80805639 -1739.3226512 -1688.82991723
-1747.76866825 -1701.45238003 -1645.3539266
-1794.19260264 -1698.09109561 -1626.26166671
-1746.16918808 -1707.69238214 -1651.13743686
-1745.65208708 -1686.88879313 -1656.45471843
-1755.84592334 -1706.69432732 -1645.29439451
-2458.62975312 -1762.19446245 -1651.26086315
-1739.77244769 -1689.08314615 -1655.61378601
-1715.22934103 -1679.41746594 -1656.8899099
-1714.26669242 -1675.64014974 -1634.95272257
-1712.02285428 -1656.83678759 -1607.38115358
