0.10232 0.103396 0.10516
0.10236 0.104312 0.10664
0.10244 0.104172 0.10584
0.10304 0.104972 0.10636
0.10352 0.105464 0.10684
0.10272 0.105156 0.10684
0.10332 0.10692 0.11
0.10396 0.105996 0.10904
0.10456 0.106816 0.1086
0.10588 0.107824 0.11064
0.1054 0.108452 0.11048
0.10664 0.108308 0.11096
0.10764 0.1097 0.1122
0.10748 0.110044 0.1122
0.10928 0.110696 0.11204
0.10852 0.109884 0.11088
0.10892 0.110696 0.11256
0.1092 0.110948 0.11196
0.11036 0.111512 0.11352
0.10912 0.111096 0.11316
0.1072 0.111096 0.11232
0.10948 0.111772 0.11536
0.10912 0.11172 0.1136
0.1104 0.111744 0.11384
0.11012 0.111904 0.11344
0.11068 0.112464 0.11372
0.1102 0.111736 0.11332
0.11124 0.112468 0.11424
0.10976 0.112524 0.11448
0.11012 0.112192 0.11468
0.11064 0.112768 0.11456
0.11204 0.113336 0.11448
0.11108 0.112808 0.11516
0.10936 0.112376 0.11408
0.11192 0.11346 0.11456
0.11 0.112928 0.11484
0.11152 0.11334 0.1146
0.11044 0.11302 0.11408
0.10996 0.112264 0.1144
0.11096 0.113492 0.11624
0.112 0.113872 0.11596
0.11168 0.113424 0.11464
0.11132 0.113612 0.11604
0.1112 0.113708 0.11588
0.11232 0.113656 0.11516
0.11244 0.113832 0.11672
0.11264 0.114424 0.1162
0.11304 0.114012 0.11684
0.1118 0.114212 0.11636
0.11292 0.114256 0.11576
0.11228 0.114228 0.11588
0.11192 0.115528 0.1178
0.11364 0.114788 0.1158
0.11284 0.11424 0.1158
0.1134 0.114556 0.1164
0.11248 0.114592 0.117
0.11264 0.114124 0.11512
0.11212 0.114884 0.1168
0.11176 0.113956 0.11616
0.11288 0.114996 0.11644
0.11448 0.115772 0.11736
0.1134 0.115232 0.11776
0.11332 0.115508 0.11796
0.11368 0.115732 0.11704
0.11316 0.115756 0.117
0.11448 0.115992 0.11732
0.114 0.1157 0.11828
0.1134 0.116184 0.11832
0.11432 0.1155 0.11668
0.11324 0.11592 0.11712
0.113 0.114812 0.1164
0.11324 0.11582 0.11884
0.11464 0.11614 0.1174
0.11232 0.115976 0.1182
0.11448 0.116008 0.1172
0.11488 0.116176 0.1176
0.11528 0.11636 0.11704
0.1142 0.115912 0.11816
0.11556 0.116448 0.11788
0.11496 0.116292 0.11748
0.115 0.116652 0.11832
0.11508 0.116792 0.11864
0.11468 0.116368 0.11864
0.11536 0.116364 0.11788
0.11372 0.115968 0.11768
0.11584 0.117008 0.11844
0.11448 0.116576 0.11804
0.11468 0.11644 0.11756
0.11532 0.116596 0.1176
0.11544 0.116948 0.11844
0.11508 0.116808 0.11876
0.11468 0.116344 0.11804
0.11456 0.116356 0.11828
0.11492 0.116376 0.11712
0.11596 0.117076 0.11872
0.11468 0.116616 0.11828
0.11476 0.1163 0.1178
0.1152 0.11654 0.11828
0.11452 0.116608 0.11812
0.11484 0.116856 0.11756
0.11436 0.115888 0.11724
0.1152 0.116804 0.11744
0.11424 0.116184 0.118
0.1148 0.115704 0.11732
0.11528 0.116488 0.1186
0.11516 0.116344 0.1178
0.11328 0.115492 0.11788
0.1148 0.116164 0.11812
0.11444 0.116652 0.1192
0.11396 0.117548 0.1282
0.1144 0.11646 0.118
0.11408 0.116456 0.11868
0.1152 0.116808 0.119
0.11444 0.116016 0.1176
0.1142 0.116308 0.1176
0.11372 0.115484 0.11876
0.11484 0.115988 0.11744
0.11532 0.116868 0.11936
0.1152 0.116404 0.11812
0.11476 0.115856 0.11728
0.11476 0.115888 0.11724
0.11384 0.115528 0.11672
0.11284 0.115816 0.119
0.11332 0.115504 0.11688
0.11428 0.115936 0.11776
0.114 0.115512 0.11676
0.11484 0.115996 0.11704
0.11436 0.1161 0.1178
0.1132 0.116096 0.11804
0.11384 0.115536 0.11688
0.11444 0.116408 0.11888
0.1144 0.116264 0.11768
0.11532 0.116552 0.11772
0.11464 0.11646 0.11796
0.11432 0.116088 0.1174
0.113 0.11584 0.11864
0.11488 0.116236 0.11764
0.11412 0.116024 0.11816
0.116 0.116984 0.11796
0.1148 0.116284 0.11856
0.11512 0.116188 0.11848
0.11404 0.116732 0.11944
0.1152 0.11644 0.11748
0.115 0.116996 0.11912
0.11616 0.11732 0.11944
0.11548 0.117236 0.1194
0.11556 0.116776 0.11816
0.1152 0.11672 0.11804
0.11524 0.117344 0.11916
0.11544 0.117012 0.11844
0.11432 0.11666 0.11804
0.1162 0.117016 0.11888
0.11572 0.117568 0.11944
0.11536 0.116892 0.1178
0.11576 0.117212 0.11956
0.1146 0.117292 0.11888
0.11424 0.116676 0.1194
0.11512 0.116764 0.11852
0.11512 0.116752 0.11828
0.11492 0.116448 0.11836
0.11556 0.117484 0.1198
0.11468 0.11618 0.11792
0.11528 0.117088 0.11972
0.1154 0.117016 0.12032
0.11428 0.116576 0.11816
0.1138 0.116348 0.11828
0.11568 0.1166 0.118
0.11396 0.116428 0.11796
0.11448 0.116636 0.11976
0.11424 0.115688 0.117
0.11464 0.116436 0.1182
0.11448 0.116424 0.11888
0.11468 0.116744 0.11872
0.11396 0.116292 0.11836
0.11436 0.116228 0.1174
0.11484 0.116192 0.1174
0.11336 0.116616 0.1184
0.11508 0.115976 0.11724
0.11376 0.115912 0.1182
0.1148 0.116336 0.11816
0.11444 0.115824 0.11724
0.11408 0.116048 0.11832
0.11364 0.115828 0.118
0.11484 0.116168 0.11732
0.11496 0.116608 0.11816
0.1144 0.116404 0.11928
0.11396 0.116192 0.11748
0.11324 0.115976 0.11724
0.11492 0.11598 0.11736
0.11588 0.117048 0.1178
0.11408 0.11594 0.11916
0.11388 0.115416 0.11636
0.11436 0.115896 0.11764
0.11484 0.115908 0.11728
0.11308 0.116096 0.11732
0.11488 0.116128 0.11812
0.1156 0.116904 0.11948
0.11304 0.116156 0.11892
0.11324 0.116548 0.1186
0.11416 0.11582 0.11792
0.115 0.116824 0.11896
0.11496 0.116244 0.11764
0.11508 0.1165 0.1172
0.11524 0.116612 0.1188
0.11412 0.1171 0.1192
0.11452 0.1161 0.11724
0.1152 0.11692 0.1188
0.11468 0.116892 0.11964
0.11532 0.116528 0.11772
0.11596 0.116884 0.1186
0.1144 0.116428 0.11888
0.115 0.116492 0.11816
0.11464 0.116148 0.11936
0.11536 0.116652 0.11968
