-10072.1485678 -8498.35131569 -1750.84649972
-10104.9706012 -9337.79184349 -7499.25680349
-10081.4444614 -8277.50159537 -2674.18996711
-10050.4621936 -7076.11882681 -1761.06377866
-9958.37786693 -8039.17936794 -1720.33364638
-9519.88839132 -8633.64605922 -7434.60631161
-10023.9947303 -6332.33645612 -602.904564208
-9552.55510194 -7223.99516612 -1727.58104545
-8751.9114563 -6192.11461911 -1732.82898193
-9507.20459301 -3432.67819797 -718.304943303
-9873.05517 -3285.91771269 -1717.4698966
-10096.0415846 -3915.56634415 -1436.71014289
-1804.80684499 -1615.81986675 -413.495125369
-9919.3819684 -3839.20409385 -1687.11494816
-10069.0042004 -3589.49562656 -260.456429542
-1875.59962862 -1730.89350251 -1508.41336588
-1765.51806528 -1564.34825115 -407.233677735
-7041.39252823 -2351.37460651 -775.104125053
-4284.85054141 -1591.21921945 -315.348803222
-10027.2992572 -2640.50070567 -466.267455383
-1796.43474466 -1551.60981584 -309.792010664
-9437.29710362 -1802.38704018 -305.86497784
-3957.32567506 -1537.7778517 -278.652357805
-1747.28333566 -1008.17241741 -175.881349055
-2393.61285113 -859.388621598 42.7490108955
-8995.76903341 -1622.16314032 -3.44243126853
-10070.7754491 -4319.84745782 70.2225681943
-1111.50361193 -379.930933824 -48.0096167228
-5942.29321518 -1242.11509259 25.1586211371
-9891.42277894 -2177.67580608 -20.7306922365
-8532.94957853 -1853.42363459 231.887560244
-9058.07530383 -1502.11961441 -160.606119041
-10061.9489322 -1469.40979118 -239.801845766
-8626.38406718 -1199.52051622 109.105979889
-8500.93074294 -1154.10377734 -13.5604208869
-3740.59228318 -801.422880052 33.3346218845
-7445.80186957 -1163.69140649 -21.8189094041
-1312.83496171 -457.931754476 308.735069197
-5701.03855709 -1426.30251336 -7.9075074527
-8608.9798936 -1417.78566812 50.1791312544
-8717.52697654 -1448.76296856 -73.0115834734
-5588.712211 -1156.84130225 207.250788238
-1724.06559739 -455.125149584 44.5212614826
-6012.69353846 -1189.35675739 14.4480853985
-1008.37557973 -313.491969528 89.0011168707
-1701.20285742 -638.160951987 164.773280699
-6755.8384099 -1005.30298227 231.970398315
-8132.35624872 -1617.74452287 45.8318449662
-8582.38199663 -950.909879778 104.326775902
-4537.21605591 -1275.55033129 59.4812470504
-2980.52349043 -509.814851453 94.6856527724
-1403.16019517 -402.668427954 271.531436908
-7086.62712577 -982.419237511 -1.20370107022
-5902.75387172 -1216.53883189 -193.727997978
-3596.79933144 -704.931209587 142.570309312
-8405.87336831 -1970.94612263 69.9867188249
-8550.73977771 -2694.76093314 52.074801226
-1523.27180398 -478.115611519 63.642927183
-1461.62190964 -529.124942697 151.688171962
-7501.8952401 -1776.27056288 101.365278618
-8583.75442347 -2692.94930697 106.107354824
-5496.43648565 -1004.3004578 -14.6632739821
-8813.15029172 -1047.24271096 42.1587547388
-8760.19682974 -1821.29696735 216.34589773
-3440.97242821 -1106.60679221 58.5824771726
-4423.52403319 -572.233761674 154.085312119
-2841.03260076 -745.068139958 -23.3839392497
-10132.6157828 -1286.97705145 146.065422908
-1939.10876117 -367.16794093 173.496126336
-9923.77973107 -2165.95151796 284.536743786
-8499.45275008 -1577.28736218 43.1159450731
-3872.34453729 -572.207121379 115.990446314
-8590.83683791 -1921.46511278 126.200835142
-8070.51949485 -2419.77094561 144.648703645
-9771.35975471 -1684.88745182 120.643625913
-2872.99249832 -398.029465548 146.923249381
-8471.74033848 -886.279206447 254.822532685
-2240.21951128 -388.593145593 208.426427595
-546.514553724 -71.1320216094 415.511269842
-8599.73901468 -2114.04141308 46.2289191672
-6144.35792877 -1591.50660084 108.709607075
-8953.82069331 -1333.30546572 259.428701232
-4191.15415748 -545.524023175 103.382630908
-1473.13599014 -397.418310023 133.046657551
-2027.75235491 -270.343467887 192.599421657
-818.814215385 -53.176556436 263.893540111
-7542.92414847 -981.153179351 104.979735018
-8902.62374286 -1378.66397403 22.0603043723
-7416.55359272 -1515.34842571 200.744950013
-9998.10577634 -3160.90912529 197.64875639
-7976.17252115 -1528.6185648 156.816457913
-8754.15248125 -1219.09806465 150.93360628
-5579.15844126 -953.355567741 304.437118154
-9311.56688463 -1877.75867765 308.088607243
-5501.2469519 -886.908890834 251.114801279
-2159.52970089 -630.419137177 234.860902281
