0.31624 0.571624 0.6
0.6 0.6 0.6
0.56912 0.596912 0.6
0.24936 0.547756 0.6
0.22576 0.562576 0.6
0.6 0.6 0.6
0.21904 0.51406 0.6
0.1916 0.52294 0.6
0.20496 0.51116 0.6
0.20044 0.3652 0.6
0.18036 0.330752 0.6
0.19508 0.387 0.6
0.1608 0.25132 0.40648
0.1852 0.339296 0.6
0.20676 0.356836 0.6
0.17296 0.27574 0.53684
0.15892 0.218028 0.31084
0.16644 0.273656 0.5934
0.16636 0.239932 0.4694
0.14544 0.275104 0.6
0.15132 0.190368 0.30072
0.17532 0.245264 0.6
0.15464 0.2298 0.44128
0.15212 0.21336 0.33428
0.1494 0.186692 0.29296
0.15916 0.231868 0.58332
0.15972 0.365312 0.6
0.14236 0.187076 0.23568
0.1308 0.239536 0.49216
0.14684 0.262072 0.6
0.13224 0.260616 0.6
0.13752 0.23396 0.58548
0.13496 0.220284 0.6
0.1346 0.210472 0.6
0.13704 0.214712 0.59248
0.134 0.175268 0.36228
0.12532 0.188828 0.52664
0.13356 0.180452 0.289
0.13064 0.228316 0.465
0.14656 0.236436 0.6
0.1322 0.20538 0.6
0.13236 0.233184 0.43052
0.14824 0.19886 0.25552
0.14376 0.191248 0.4544
0.13288 0.183756 0.2422
0.13516 0.169876 0.24056
0.15024 0.234384 0.52544
0.13708 0.251024 0.57836
0.14972 0.224716 0.6
0.1372 0.21818 0.40008
0.13516 0.19614 0.31956
0.14968 0.198204 0.3104
0.13444 0.208836 0.53916
0.1466 0.207924 0.46532
0.127 0.197308 0.3222
0.15268 0.269224 0.5936
0.13816 0.309236 0.6
0.1288 0.184464 0.28488
0.14024 0.192092 0.25004
0.1482 0.247016 0.5392
0.12432 0.28186 0.6
0.14164 0.222964 0.4464
0.13644 0.20364 0.6
0.13476 0.247568 0.6
0.14688 0.214708 0.33948
0.127 0.186132 0.38308
0.1398 0.199668 0.31448
0.14928 0.226952 0.6
0.15388 0.186028 0.25532
0.1484 0.254748 0.6
0.13908 0.228896 0.56856
0.12936 0.17682 0.34224
0.14288 0.250924 0.6
0.14416 0.279324 0.58276
0.12988 0.227948 0.6
0.13044 0.168516 0.2912
0.13192 0.19546 0.5918
0.13444 0.165628 0.25244
0.12896 0.148088 0.19436
0.14228 0.265652 0.6
0.13808 0.2155 0.48928
0.12544 0.207272 0.6
0.12648 0.166516 0.34852
0.12524 0.1584 0.21104
0.1288 0.158876 0.25412
0.12784 0.152204 0.19784
0.13548 0.18792 0.524
0.14908 0.221704 0.6
0.1318 0.22508 0.51248
0.14088 0.305568 0.6
0.13096 0.23044 0.55796
0.12948 0.202976 0.5878
0.13168 0.175636 0.45172
0.13916 0.242716 0.6
0.1292 0.19372 0.43712
0.12084 0.16846 0.2756
