0.45728 0.473784 0.5022
0.44708 0.466924 0.4908
0.4442 0.462704 0.47788
0.43024 0.458472 0.49924
0.43956 0.454856 0.47292
0.4288 0.460928 0.484
0.42856 0.446004 0.45768
0.4364 0.453264 0.47088
0.43224 0.451248 0.47124
0.44576 0.4568 0.4734
0.43368 0.4573 0.50328
0.45208 0.465664 0.49132
0.45116 0.462124 0.49708
0.4436 0.459168 0.48056
0.43596 0.455548 0.474
0.43316 0.4499 0.45996
0.43508 0.450332 0.46796
0.44336 0.460664 0.47816
0.43336 0.449644 0.46588
0.43692 0.45466 0.47532
0.43436 0.454028 0.47928
0.4492 0.458968 0.4656
0.44004 0.45254 0.46884
0.43436 0.447428 0.46348
0.44648 0.458448 0.475
0.43088 0.448424 0.4704
0.43916 0.454076 0.47272
