-840.822371864 872.632262253 2591.24076673
-4148.54391001 541.149699344 2395.39459643
-829.151422503 881.284968043 2755.17124514
-2565.31861348 816.004143597 2816.0090549
-4767.24548919 847.3701361 2793.19588569
-2801.67672283 392.63095386 2397.51709995
640.157436939 1708.63243895 2583.29399386
-1068.70111695 26.3955679229 1242.77206974
-6068.69124712 58.4607249789 2722.92046508
-1060.76443578 1040.050732 2506.86591099
-1793.15144934 701.090570637 2847.87008674
-780.86301111 758.538417327 2722.00821771
-628.538299264 445.682586332 2881.23264905
-642.362084303 1272.96293435 2701.41469814
-514.948988966 1415.97267405 2616.40212584
-3195.55892454 332.862333635 2547.47494057
-1563.89051292 1113.98033654 2583.00181167
-3148.9434781 75.3021900024 2576.61528512
-825.930780241 537.615345766 2871.68978781
-3189.52055421 231.607711232 2818.48594663
-1564.54192563 290.632839224 2713.36743526
-1786.98857227 1228.23845168 2589.44758914
-491.807217236 793.292149177 2240.41435083
-4381.81465281 163.544726862 2723.66576083
-2431.4927836 705.563012071 2638.60294304
-2083.87270507 460.113986512 2651.83842413
-1589.27777283 743.144621829 2371.77571054
-2023.08425846 1105.13051494 2747.96073647
-5362.68275587 145.045419895 2823.29951423
-931.918014225 1116.10578036 2743.58099211
-1022.08848929 842.117170434 2856.18962362
-3798.15714073 882.958442379 2829.85145977
-3647.55010263 381.105563433 2428.55294958
-1325.54331203 1055.58788537 2776.72376797
-1089.11573006 643.029819143 2732.92325004
-1131.86647516 948.946384974 2399.83158011
-925.320686251 645.214886748 2460.3046479
-448.61950074 1230.26685418 2483.5886366
-760.56133707 838.407508834 2747.42728811
-2349.82868803 639.529558692 2636.01133022
-2719.21700004 949.765340607 2522.79297653
-1326.1427017 502.339945471 2702.36259655
-3836.69836847 887.154222714 2913.2276949
-1399.2886172 834.979634823 2546.85993938
-4558.63450027 397.91163998 2189.73307903
-195.16638209 813.738852548 2134.15781212
-536.888049574 669.378669102 2494.40095467
-1397.48270038 648.999216021 2629.03086134
-3906.99671681 194.328348703 2590.33929873
-891.541618171 340.490680228 2381.52749271
-1113.70997638 1315.86761917 2871.63772007
-1167.09248313 958.036241592 2802.1935055
-434.587476938 690.996556679 2138.80916714
-776.436926925 701.170528757 3025.66649889
-1063.35321203 1699.29972429 2762.16591384
-923.193455498 554.370312551 2519.68425215
-3683.10293848 232.779369092 2531.67944458
517.797226525 1598.67760816 2568.57035373
-910.559203309 680.334482952 2596.43490691
-1805.27630031 1121.27267071 2460.57232535
82.3785311968 1473.6805176 2239.33591221
-906.727776472 1487.1073056 2451.50182665
-291.731422054 1086.27114298 2482.82608062
440.217023013 1802.62554999 2781.17364981
-349.994740653 907.197182559 2479.72398417
-671.772137091 1545.70209536 2712.72634326
-269.483746987 900.006312172 2055.10164544
-464.153631813 1219.14967855 2608.51482366
-189.836453767 1144.94144175 2550.58616781
-819.741679752 1352.22674411 2891.37956081
-3440.38297591 558.411291673 2669.18192489
-195.142961596 1236.17967492 2487.24646164
-445.429562539 981.547195411 2513.23274702
-760.743565631 1364.0693985 2610.91162185
-2844.96568592 26.0095544141 2714.14822643
-369.602924411 778.413164395 2617.4576492
-2106.33566653 869.112548418 2595.55586857
-926.254507331 1352.36885556 2563.91194041
-643.512227507 1490.87614634 2711.61019797
-548.725112626 1356.01021954 2462.83393434
-727.238483504 1146.83244511 2465.73093037
-819.603272291 858.438194039 2586.67058081
-681.59735985 592.090986131 1804.19650653
56.4591760967 1341.66372669 2645.45538163
-533.62026371 1367.73086308 2682.98615355
-1823.1466557 1115.28682525 2803.39598004
-1043.52172695 920.234145926 2501.28120389
-432.776267899 1372.87964608 2612.80588961
-566.173110638 164.116005039 1822.11388172
-928.751755155 769.029044306 2329.64919828
-4360.51942605 -251.064354652 2435.38299982
-1153.42531173 783.655935734 2848.18341058
-832.518396731 1048.03368462 2626.72016422
-8252.84193562 -790.79422996 2637.50075586
-2899.08037077 506.936045256 2379.79619086
-2379.49920519 237.53843475 2024.24740714
-592.721403432 1357.19109382 2833.80074566
-1518.49917701 1006.7540325 2680.39113624
-1072.10643477 1242.11654697 2786.52329954
-1373.72417117 829.774226255 2644.3581873
-1927.76971882 696.379693596 2572.82324235
-2390.93085112 1266.06808699 2585.07530865
-1797.29667561 1313.64391623 2645.30371112
-654.633362905 923.720832979 2624.63592541
-395.354752559 981.182273443 2866.04742154
-1059.77732354 679.981840781 2798.55743386
-1890.42957618 608.237166221 2591.5627612
-231.897135834 1328.1456611 2700.60278848
-1298.45451308 1173.91209876 2589.53321339
-1472.78147489 1050.44432811 2564.44961182
-352.825546974 1312.91660285 2663.39803253
-3605.09066709 605.807340414 2438.62552147
-206.148457614 1244.39151452 2456.88702391
-814.646968766 1191.52977078 2515.49403908
561.896946197 1986.72746962 2886.93981009
-822.224247266 902.882573841 2565.08867373
-2491.16468518 635.758649815 2258.10755083
-499.083024509 1065.92931721 2672.87300007
-376.386985697 1253.25107393 2471.78164751
-7.16414619263 1384.9527879 2549.01474401
-493.202730103 1049.85371197 2527.22332751
-684.220502593 1405.57046463 2754.69655278
-434.9191189 883.136163436 2666.04385229
-683.294759372 1034.19625577 2724.19733656
-1468.4123241 954.756717748 2513.81040179
-4807.20287645 1077.21901799 2659.05260938
-1589.91182213 797.563951882 2614.60724238
-1992.98104289 1140.59668245 2718.74415298
-471.186780336 736.556458606 2233.75969523
-1608.0609113 940.756233123 2588.4610102
-1033.07142856 1643.413125 3003.74698136
-851.91323327 784.059479386 2570.97677829
-155.135827886 1443.81743999 2442.931499
-367.106562038 1552.13521432 2423.82382406
-439.280816863 806.57189369 2114.93441281
-1282.48781599 910.305867568 2527.08880043
-295.610872324 1175.60202407 2315.33207511
-2197.13661814 1011.36603035 2505.80889524
