0.35648 0.412676 0.46396
0.35376 0.422516 0.53704
0.35556 0.435868 0.4912
0.3432 0.389736 0.44652
0.35028 0.383852 0.41684
0.33692 0.388308 0.437
0.32144 0.352004 0.3914
0.33248 0.349136 0.38184
0.33308 0.345084 0.3582
0.31252 0.327988 0.34336
0.31844 0.333132 0.35352
0.3132 0.331412 0.35936
0.30636 0.324896 0.34208
0.307 0.318356 0.32564
0.31036 0.319612 0.338
0.29288 0.312592 0.33368
0.30744 0.31754 0.32992
0.30824 0.316548 0.33172
0.29576 0.317664 0.32816
0.29376 0.305888 0.32776
0.29444 0.306356 0.32496
0.28724 0.306304 0.32516
0.28056 0.303624 0.326
0.28668 0.307292 0.32752
0.28464 0.296924 0.30876
0.282 0.293624 0.30704
0.28408 0.29484 0.3144
0.27156 0.295172 0.31244
0.28192 0.295332 0.30872
0.28976 0.29538 0.301
0.27848 0.292056 0.3024
0.27788 0.28504 0.30492
0.27704 0.29726 0.3102
0.2656 0.283636 0.31212
0.2664 0.285464 0.30248
0.26872 0.285004 0.29836
0.2712 0.284384 0.29988
0.27292 0.291328 0.30792
0.27252 0.28618 0.29624
0.26856 0.278876 0.29508
0.26688 0.280264 0.29256
0.25248 0.279908 0.29096
0.2578 0.2749 0.29648
0.26404 0.28224 0.30408
0.26448 0.273792 0.28804
0.26108 0.270652 0.28408
0.25388 0.27116 0.28092
0.24936 0.26602 0.28476
0.25732 0.275936 0.29568
0.26364 0.281272 0.30208
0.25844 0.272032 0.29028
0.26244 0.27506 0.2968
0.25544 0.26918 0.29372
0.25568 0.273044 0.29596
0.25576 0.271788 0.29288
0.25576 0.274572 0.29176
0.25988 0.270456 0.28436
0.24996 0.266524 0.28472
0.26168 0.273584 0.28736
0.26024 0.274448 0.29548
0.25868 0.276384 0.29408
0.2606 0.274776 0.28348
0.254 0.28028 0.30472
