0.6 0.6 0.6
0.6 0.6 0.6
0.6 0.6 0.6
0.5936 0.59936 0.6
0.6 0.6 0.6
0.5936 0.59936 0.6
0.6 0.6 0.6
0.6 0.6 0.6
0.6 0.6 0.6
0.58764 0.598764 0.6
0.6 0.6 0.6
0.6 0.6 0.6
0.50568 0.588792 0.6
0.59444 0.599444 0.6
0.6 0.6 0.6
0.56444 0.592056 0.6
0.57744 0.593728 0.6
0.58756 0.598096 0.6
0.55176 0.588744 0.6
0.58232 0.59642 0.6
0.54432 0.59046 0.6
0.48932 0.574076 0.5944
0.4912 0.57506 0.59408
0.52748 0.580128 0.6
0.44708 0.540224 0.6
0.43764 0.531024 0.6
0.3886 0.505364 0.6
0.35276 0.45486 0.58792
0.302 0.411836 0.5708
0.32828 0.454852 0.59356
0.29684 0.394088 0.52668
0.27328 0.353164 0.41932
0.30124 0.348744 0.40288
0.28836 0.335964 0.40568
0.28624 0.324064 0.40372
