-8364.29451772 -8303.03986076 -8237.86357318
-8353.98086998 -8300.82261032 -8214.5009927
-8377.22041459 -8332.02008626 -8298.34942003
-8346.693182 -8246.93205219 -8075.8980108
-8344.96324577 -8271.07339978 -8146.14507039
-8339.14155471 -8223.63186008 -7964.5070885
-8403.10419597 -8165.61601297 -8049.05594037
-8230.29560619 -8145.72333844 -8055.42346721
-8297.37507053 -8207.68856756 -8144.3617167
-8364.85075102 -8117.30593091 -7834.58147464
-8179.77183469 -8105.39063546 -8045.62060538
-8318.84339869 -8136.51362231 -8060.98448222
-8842.33888973 -8007.50230461 -6539.5456952
-8550.71175781 -8176.7675362 -8056.09616711
-8378.68410637 -8174.71719482 -8060.49638508
-8591.35178305 -8202.4226118 -7498.80557567
-8274.36967878 -8068.40615771 -7785.45011444
-8796.08869049 -8153.94988546 -7974.47930911
-8411.7172479 -8063.75941351 -7288.986858
-8383.56522098 -8092.15441472 -7831.03161196
-8499.39172052 -8009.71223291 -7199.68037801
-8248.94373528 -7701.79843378 -6108.0055191
-8063.41212482 -7674.37940955 -5842.28066009
-8443.15053257 -7830.8830673 -6747.86770588
-8274.38022776 -7104.6664569 -5339.36671624
-8054.46805731 -6863.74209397 -5057.52448909
-8155.22299673 -6379.04307782 -3934.52715616
-7840.64774535 -5300.52062769 -2999.58509089
-7619.58480354 -4307.74250439 -1893.33296363
-7959.83848822 -5230.21005598 -3059.32746431
-6759.60567245 -4166.75056823 -1566.6183541
-4768.34179097 -3044.89022941 -1686.9208775
-4236.64857827 -2596.84402709 -1451.80307661
-4304.80748443 -2135.07431772 -1069.32187215
-4071.39386362 -1926.53438334 -940.522086673
