-8369.39376906 -8294.26513301 -8128.59614721
-8329.84150574 -8257.13367459 -8192.01374054
-8365.56907889 -8297.16706953 -8223.035261
-8254.85284676 -8198.19850335 -8078.00461792
-8345.35970541 -8205.19551188 -8085.91912202
-8300.13981233 -8211.1569949 -8110.41247778
-8355.86074944 -8162.12123662 -8104.08167448
-8284.30683583 -8149.75530769 -8081.15907328
-8164.37113529 -8100.20003418 -8063.45865575
-8309.81334172 -8148.73891533 -8057.35323756
-8266.0182787 -8125.31332384 -8068.20041609
-8212.69722966 -8113.92309624 -8054.72335112
-8334.36153657 -8125.61245938 -8055.36349769
-8174.25625006 -8089.18728187 -8043.33837785
-8468.69447198 -8136.47054328 -8045.27275481
-8316.6634885 -8116.84904767 -8037.56626623
-8355.96881716 -8119.77830492 -8051.06526192
-8627.12389712 -8221.30623488 -8043.07349423
-8584.17049894 -8171.88339667 -8052.15408041
-8412.09080466 -8139.16244335 -8052.67180189
-8669.86919397 -8177.00489515 -8045.13959674
-8543.65252205 -8171.38740909 -8048.90669398
-8606.99451819 -8188.57039758 -8074.76724584
-8204.80486006 -8103.91370422 -8066.89328659
-8350.91464808 -8138.85496973 -8053.75025348
-8247.3294748 -8118.12739354 -8050.69589316
-8624.59581306 -8173.41084163 -8046.18717741
-9606.47848878 -8285.92884243 -8061.55087592
-8849.70090183 -8161.52905927 -8041.08246863
-8388.54237753 -8135.95046702 -8041.54113812
-8628.36378382 -8235.11964368 -8047.06802427
