0.19276 0.468636 0.6
0.15932 0.465744 0.6
0.20292 0.543272 0.6
0.15428 0.354292 0.6
0.13612 0.34896 0.6
0.10072 0.304116 0.6
0.11224 0.35404 0.6
0.08788 0.303072 0.6
0.11632 0.303108 0.6
0.07636 0.1908 0.5294
0.09036 0.174392 0.6
0.10208 0.314492 0.6
0.092 0.218636 0.52528
0.07908 0.109768 0.13816
0.09432 0.14794 0.33324
0.07568 0.24184 0.6
0.07164 0.12058 0.22792
0.08264 0.149092 0.22784
0.09108 0.160416 0.51912
0.0886 0.184208 0.447
0.08388 0.140616 0.327
0.07872 0.113424 0.14208
0.07224 0.116812 0.3494
0.07936 0.103172 0.12716
0.07664 0.114592 0.18588
0.08076 0.114048 0.14452
0.08884 0.124872 0.24672
0.09288 0.122456 0.17464
0.09728 0.190876 0.56484
0.08816 0.115276 0.134
0.07352 0.11926 0.20148
0.08592 0.163144 0.6
0.08472 0.12806 0.23108
0.08156 0.108604 0.16396
0.08812 0.109392 0.13904
0.08224 0.1208 0.24444
0.0832 0.10518 0.14968
0.07188 0.085096 0.1036
0.08668 0.109796 0.1424
0.092 0.141064 0.46616
0.0822 0.097672 0.12248
0.07464 0.094176 0.1178
0.07992 0.104616 0.13748
0.07268 0.130128 0.51664
0.07876 0.094256 0.12688
0.07376 0.095788 0.13392
0.0822 0.099132 0.13388
0.07916 0.100896 0.13276
0.07904 0.094404 0.1168
0.07948 0.109212 0.23304
0.07608 0.107972 0.16904
0.08896 0.12672 0.33516
0.07748 0.100544 0.1578
0.0736 0.09116 0.12284
0.07132 0.086568 0.10352
0.08016 0.091172 0.10516
0.06772 0.088224 0.11792
0.07828 0.094992 0.11336
0.07772 0.093852 0.11012
0.08064 0.09834 0.133
0.078 0.09008 0.10316
0.08168 0.145152 0.48872
0.0756 0.09814 0.20308
0.07564 0.086052 0.10764
0.0812 0.089424 0.10476
0.07424 0.085276 0.095
0.07428 0.084236 0.09464
0.07032 0.084404 0.10416
0.06836 0.086308 0.1142
0.08008 0.092044 0.10988
0.08568 0.09202 0.10452
0.077 0.088636 0.10004
0.072 0.08324 0.09992
0.07356 0.086932 0.09672
0.07032 0.0832 0.09468
0.07172 0.085412 0.09396
0.07788 0.09026 0.10076
0.06936 0.080428 0.09208
0.06944 0.081968 0.10096
0.07648 0.089152 0.1094
0.0714 0.085712 0.09956
0.07644 0.085592 0.09516
0.06388 0.084612 0.09804
0.0662 0.084288 0.09444
0.06848 0.081684 0.09184
0.07656 0.084704 0.09788
0.07452 0.082588 0.09144
0.071 0.083348 0.0908
0.06624 0.085564 0.09804
0.0758 0.083128 0.10024
0.07156 0.080668 0.08776
0.06672 0.07938 0.1102
0.0612 0.075908 0.09368
0.07176 0.079204 0.08436
0.07524 0.082676 0.0878
0.07168 0.0805 0.08976
0.0692 0.079432 0.0956
0.06892 0.077616 0.087
0.06816 0.082176 0.09948
0.06568 0.079588 0.09356
0.0714 0.08268 0.0972
0.06936 0.0792 0.09252
0.0668 0.076412 0.083
0.07148 0.08368 0.1016
0.06672 0.080012 0.08848
0.07308 0.085628 0.10452
0.07088 0.082928 0.10556
0.07184 0.08064 0.09232
0.06944 0.077836 0.08976
0.07176 0.083212 0.09488
0.07132 0.082128 0.09556
0.07036 0.079336 0.08836
0.07736 0.086428 0.10232
0.06808 0.079484 0.10012
0.07392 0.086028 0.09804
0.07544 0.087288 0.10736
0.06744 0.084404 0.10952
0.06608 0.080348 0.09348
0.07392 0.085676 0.09896
0.07368 0.077928 0.08452
0.0754 0.084024 0.1036
0.072 0.081252 0.0888
0.07024 0.076884 0.08432
0.07556 0.082644 0.0952
0.07108 0.081832 0.0942
0.07336 0.083356 0.09348
0.06844 0.078196 0.0868
0.06808 0.078236 0.08724
0.07152 0.077492 0.09004
0.06948 0.07636 0.0828
0.06404 0.072832 0.08164
0.06784 0.078268 0.09876
0.06456 0.07462 0.08096
0.069 0.077252 0.08656
0.06744 0.075492 0.0854
0.07028 0.077196 0.08584
0.0642 0.07236 0.0832
0.06588 0.076556 0.08564
0.07152 0.080276 0.10356
0.06848 0.076484 0.08808
0.06788 0.073696 0.08612
0.06264 0.0792 0.09188
0.07056 0.080876 0.09508
0.06884 0.077192 0.08676
0.06612 0.073088 0.07812
0.0628 0.075608 0.09344
0.06924 0.077736 0.08676
0.06984 0.076256 0.08344
0.065 0.076032 0.08312
0.06472 0.074988 0.08896
0.06544 0.075436 0.08968
0.06508 0.073704 0.08424
0.06656 0.075788 0.08456
0.06396 0.07668 0.0888
0.07424 0.078276 0.08884
0.06752 0.07412 0.08468
0.06352 0.074204 0.08024
0.0636 0.070708 0.079
0.06668 0.07356 0.08116
0.07012 0.07826 0.09188
0.06624 0.076352 0.09388
0.06448 0.072912 0.07896
0.0706 0.07686 0.08424
0.07068 0.077576 0.08616
0.06968 0.078736 0.08864
0.06784 0.074856 0.08544
0.06324 0.076396 0.08632
0.06976 0.077 0.08964
0.0618 0.071832 0.09024
0.06776 0.07378 0.08008
0.06504 0.075332 0.09004
0.06548 0.073816 0.0912
0.06896 0.0738 0.08336
0.0668 0.072492 0.07664
0.0652 0.072008 0.08108
0.06132 0.073192 0.08232
0.06776 0.072388 0.08312
0.072 0.07602 0.08348
0.06804 0.074864 0.0852
0.06864 0.077048 0.08516
0.06416 0.073248 0.08564
0.06564 0.074636 0.08248
0.06596 0.074204 0.08152
0.063 0.073724 0.08236
0.06572 0.071584 0.08012
0.06376 0.073232 0.0794
0.06656 0.074312 0.0862
0.06664 0.071892 0.07536
0.0642 0.072048 0.07692
0.07008 0.074956 0.08104
0.0658 0.07272 0.08044
0.06628 0.072876 0.08004
0.06576 0.071524 0.07928
0.06832 0.074732 0.08248
0.06832 0.073708 0.07976
0.06964 0.072624 0.0746
0.06676 0.074096 0.08016
0.06252 0.073624 0.08088
0.06484 0.072464 0.08164
0.0734 0.076472 0.08084
0.06088 0.070316 0.08036
0.05984 0.070088 0.0824
0.06332 0.074576 0.08628
0.06116 0.071644 0.07824
0.06472 0.076684 0.08796
0.06244 0.074284 0.08532
0.07076 0.086216 0.16628
0.0632 0.070012 0.07656
0.064 0.07414 0.0856
0.06548 0.07224 0.07912
0.06696 0.072548 0.08328
0.06972 0.077176 0.09064
0.06516 0.071856 0.07804
0.05788 0.06908 0.07888
0.06552 0.071052 0.07796
0.05952 0.071244 0.08192
0.06236 0.071728 0.0862
0.06652 0.07486 0.08044
0.06832 0.074368 0.08192
0.06148 0.071808 0.0792
0.06632 0.074436 0.08404
0.06296 0.071756 0.084
0.06568 0.070992 0.0766
0.06152 0.070784 0.08032
0.067 0.087656 0.22176
0.066 0.072164 0.0808
0.06376 0.071372 0.07816
0.06192 0.072016 0.08044
0.06136 0.071908 0.08168
0.06212 0.071804 0.0808
0.06332 0.07126 0.08396
0.06592 0.07086 0.07816
0.06448 0.070664 0.0798
0.0608 0.070888 0.07948
0.0658 0.071336 0.0784
0.06516 0.070928 0.07544
0.06492 0.0732 0.0808
0.06868 0.071804 0.07896
0.0648 0.069396 0.07488
0.06496 0.072732 0.07892
0.06268 0.070368 0.07964
0.06232 0.069928 0.07852
0.06848 0.071616 0.07404
0.05724 0.068644 0.07904
0.06104 0.07116 0.07832
0.06448 0.07276 0.09092
0.06068 0.069392 0.07944
0.06472 0.071068 0.076
0.068 0.071696 0.07504
0.06268 0.071136 0.0768
0.06388 0.070304 0.07484
0.0576 0.071672 0.07984
0.06356 0.071152 0.07516
0.06396 0.069532 0.07608
0.06468 0.070076 0.079
0.06252 0.069792 0.07652
0.0646 0.070676 0.07544
0.06144 0.0694 0.08488
0.06416 0.069932 0.07464
0.06464 0.069872 0.07256
0.06692 0.071448 0.07952
0.06396 0.070452 0.07516
0.06576 0.069716 0.07444
0.06364 0.07104 0.07684
0.06692 0.070544 0.07808
0.0598 0.069224 0.07296
0.05876 0.06896 0.07336
0.06704 0.07264 0.08812
0.05864 0.071996 0.08716
0.05936 0.069188 0.07764
0.06632 0.074564 0.10468
0.06276 0.070012 0.07584
0.05944 0.067292 0.07516
0.05868 0.069868 0.08172
0.06168 0.069116 0.0774
0.05984 0.069708 0.075
0.06524 0.072016 0.08136
0.05988 0.067916 0.07648
0.06208 0.066868 0.07244
0.06056 0.067564 0.0758
0.06544 0.070424 0.076
0.06364 0.069708 0.0746
0.06888 0.072024 0.07852
0.0638 0.07178 0.07944
0.0614 0.06938 0.0766
0.06696 0.075236 0.08812
0.06084 0.072532 0.08024
0.06996 0.073108 0.07808
0.06708 0.074284 0.08468
0.06624 0.073708 0.09136
0.06408 0.070424 0.0762
0.0588 0.070824 0.0874
0.06256 0.070024 0.07752
0.06908 0.07292 0.07724
0.06352 0.070572 0.08228
0.05872 0.067684 0.07436
0.06084 0.070708 0.07908
0.0694 0.0771 0.09476
0.06564 0.07066 0.07548
0.06164 0.070484 0.079
0.06208 0.071484 0.07888
0.06604 0.073364 0.07856
0.0598 0.071728 0.07776
0.06176 0.069224 0.0796
0.06236 0.07418 0.0966
0.06332 0.070224 0.07936
0.06132 0.06822 0.08764
0.06016 0.071876 0.08952
0.05996 0.068584 0.0808
0.06636 0.071556 0.07732
0.06256 0.071852 0.08196
0.06032 0.070216 0.07948
0.06208 0.07124 0.08068
0.06392 0.102112 0.36996
0.06308 0.068748 0.07812
0.06292 0.070348 0.0814
0.06084 0.070624 0.08472
0.06716 0.07188 0.07656
0.0644 0.071932 0.07972
0.06264 0.070832 0.08476
0.06028 0.069844 0.08456
0.05956 0.068368 0.07732
0.06428 0.068596 0.08288
0.0652 0.06912 0.07328
0.06592 0.069496 0.07508
0.06148 0.068872 0.07476
0.06192 0.069108 0.0774
0.06336 0.068664 0.0718
0.06312 0.069572 0.08196
0.06388 0.06906 0.07484
0.06004 0.070088 0.07512
0.06268 0.069056 0.07484
0.0654 0.071132 0.08604
0.06188 0.070104 0.083
0.063 0.07044 0.07712
0.06408 0.069688 0.083
0.06248 0.06942 0.07436
0.06388 0.07032 0.07592
0.06192 0.067184 0.0782
0.06032 0.07032 0.08144
0.0624 0.071944 0.09444
0.06144 0.069476 0.07764
0.06068 0.069048 0.07792
0.062 0.096164 0.35308
0.06068 0.070188 0.07924
0.06524 0.072348 0.0868
0.06112 0.070044 0.0782
0.06604 0.07434 0.09172
0.05864 0.068516 0.07948
0.05816 0.069588 0.0946
0.06124 0.069272 0.08408
0.05944 0.069756 0.08012
0.06308 0.07054 0.08056
0.06372 0.068572 0.07408
0.06252 0.067488 0.0704
0.05876 0.065776 0.06992
0.06148 0.067964 0.0752
0.06256 0.07248 0.08396
0.06088 0.06886 0.0812
0.05968 0.070344 0.0794
0.06056 0.066196 0.07128
0.0626 0.068784 0.0752
0.05916 0.067716 0.07352
0.06428 0.071316 0.07832
0.0602 0.067348 0.07148
0.06128 0.069988 0.07752
0.0642 0.072128 0.08068
0.06692 0.071496 0.07576
0.06316 0.068468 0.07532
0.0646 0.088596 0.19248
0.06588 0.071616 0.0762
0.06416 0.07482 0.087
0.06372 0.071404 0.08012
0.066 0.073164 0.08232
0.0634 0.07062 0.07884
0.0586 0.072392 0.10356
0.06448 0.12626 0.58084
0.06508 0.069404 0.07396
0.06308 0.07068 0.07684
0.06536 0.07294 0.08076
0.06044 0.068096 0.07636
0.06092 0.072068 0.08416
0.06484 0.071264 0.08352
0.05948 0.082592 0.17056
0.06288 0.06986 0.07504
0.06224 0.069352 0.08016
0.06088 0.071072 0.0792
0.06036 0.067604 0.07436
0.0634 0.068584 0.07376
0.06476 0.071964 0.08412
0.06264 0.069568 0.08268
0.06236 0.066888 0.07388
0.06216 0.070916 0.08148
0.06336 0.069212 0.07952
0.06188 0.124048 0.6
0.06388 0.073008 0.08712
0.0598 0.0691 0.07592
0.0618 0.070916 0.07844
0.06036 0.072264 0.0888
0.05972 0.070712 0.07848
0.06432 0.07316 0.0784
0.06264 0.06986 0.08088
0.0634 0.069816 0.07656
0.06208 0.070972 0.08172
0.06428 0.069692 0.07608
0.06664 0.071616 0.07996
0.06524 0.072072 0.08216
0.06432 0.070352 0.07952
0.06164 0.068652 0.0746
0.06176 0.070448 0.07856
0.0608 0.068032 0.07716
0.06388 0.068856 0.07848
0.06312 0.071348 0.08464
0.06284 0.066712 0.07156
0.05936 0.067956 0.07604
0.06552 0.069604 0.07532
0.06488 0.070196 0.07436
0.05956 0.068504 0.07672
0.06544 0.073956 0.08272
0.0588 0.06724 0.07424
0.0634 0.067904 0.074
0.06344 0.068304 0.0774
0.06204 0.0676 0.07588
0.06196 0.06916 0.07576
0.06504 0.073272 0.08288
0.0594 0.069404 0.0788
0.06352 0.068404 0.075
0.06032 0.069872 0.08036
0.0624 0.068832 0.07616
0.06416 0.071144 0.07968
0.06452 0.070072 0.07692
0.05996 0.069996 0.08032
0.06092 0.06532 0.06936
0.06072 0.070448 0.08152
0.06468 0.069984 0.079
0.06788 0.071564 0.07856
0.06128 0.068092 0.07444
0.06216 0.069828 0.0786
0.06296 0.072056 0.08524
0.06444 0.06694 0.06864
0.06088 0.06816 0.08464
0.06352 0.070452 0.08236
0.06488 0.071836 0.0882
0.06596 0.06988 0.07304
0.05912 0.067876 0.0752
0.06104 0.06818 0.07272
0.06128 0.068012 0.0758
0.06332 0.070312 0.07916
0.06208 0.069816 0.08288
0.06216 0.0697 0.07884
0.05932 0.070632 0.08168
0.06324 0.06726 0.0784
0.0606 0.069032 0.08736
0.0608 0.070416 0.08528
0.0618 0.06734 0.07488
0.06084 0.068676 0.07416
0.06108 0.07036 0.07896
0.06124 0.071892 0.09128
0.06316 0.068736 0.07588
0.06492 0.069924 0.07876
0.06784 0.077684 0.0932
0.05832 0.071244 0.07888
0.0626 0.070592 0.07596
0.06288 0.06878 0.07764
0.06476 0.071704 0.07684
0.06448 0.068748 0.0746
0.06432 0.070336 0.091
0.06136 0.069412 0.081
0.066 0.069536 0.0758
0.06292 0.069088 0.07884
0.06428 0.070288 0.0786
0.06504 0.072356 0.07872
0.0646 0.069656 0.07792
0.06636 0.069844 0.07376
0.06352 0.070316 0.08
0.06172 0.069332 0.07336
0.06332 0.07216 0.08252
0.06556 0.070896 0.0772
0.06188 0.070468 0.077
0.0618 0.06838 0.07636
0.06288 0.068588 0.07476
0.0602 0.068428 0.07756
0.05772 0.067456 0.07516
0.06656 0.071412 0.07816
0.06504 0.070584 0.07612
0.06196 0.069376 0.07612
0.06528 0.06878 0.07416
0.06516 0.073004 0.07744
0.05964 0.06882 0.08308
0.06068 0.070088 0.07992
0.0654 0.071776 0.07888
0.06048 0.07112 0.08284
0.06132 0.070356 0.0778
0.06264 0.06618 0.07156
0.06224 0.068992 0.08004
0.06188 0.06804 0.07836
0.06268 0.068876 0.07976
0.0634 0.070876 0.08884
0.06044 0.067848 0.07384
0.06492 0.06948 0.07696
0.06284 0.06936 0.07692
0.06536 0.070228 0.07688
0.06164 0.068496 0.07688
0.05996 0.065396 0.07104
0.0638 0.071524 0.0818
0.05892 0.066892 0.07676
0.06364 0.06966 0.08076
0.05876 0.06802 0.07736
0.06368 0.070152 0.0824
0.06236 0.066388 0.0702
0.05984 0.067344 0.084
0.06116 0.068756 0.07868
0.0592 0.069316 0.08316
0.06004 0.071 0.0786
0.06056 0.070312 0.07952
0.06488 0.06946 0.07464
0.05936 0.068472 0.07916
0.0638 0.070192 0.08236
0.06196 0.068568 0.07548
0.05888 0.067864 0.07396
0.05984 0.06552 0.07796
0.06184 0.068552 0.07764
0.06112 0.066132 0.0726
0.06428 0.066752 0.07064
0.05908 0.067464 0.07452
0.05764 0.067336 0.07332
0.06136 0.068152 0.07196
0.06272 0.068804 0.07764
0.06064 0.066496 0.073
0.06684 0.072496 0.0878
0.06524 0.067996 0.06996
0.05916 0.068232 0.0796
0.06284 0.072252 0.1044
0.06448 0.068412 0.07272
0.06232 0.068536 0.07932
0.05988 0.06868 0.07604
0.06304 0.069516 0.07768
0.0626 0.068572 0.07404
0.05908 0.07112 0.09132
0.06144 0.067192 0.072
0.06332 0.067752 0.07256
0.06088 0.06964 0.07984
0.05852 0.068088 0.07628
0.06004 0.070776 0.07848
0.05936 0.066108 0.07176
0.06076 0.069576 0.07756
0.06248 0.071824 0.07976
0.06372 0.069952 0.07488
0.06176 0.072236 0.10612
0.0616 0.06882 0.0818
0.05972 0.069948 0.07952
0.06348 0.069648 0.07628
0.0588 0.06858 0.08128
0.06172 0.06876 0.0744
0.06312 0.069584 0.07936
0.06164 0.067448 0.07296
0.06312 0.06738 0.07088
0.06144 0.066792 0.0716
0.0624 0.069052 0.08804
0.06292 0.066128 0.06932
0.06004 0.070324 0.08252
0.0616 0.071072 0.09676
0.06072 0.066784 0.07208
0.05936 0.064864 0.07204
0.06212 0.066692 0.07264
0.05976 0.065888 0.06968
0.06072 0.066628 0.07664
0.06232 0.06824 0.07548
0.0612 0.06932 0.07692
0.06108 0.0695 0.0796
0.06132 0.069064 0.07452
0.06412 0.070264 0.0766
0.06296 0.067992 0.07384
0.06356 0.067624 0.0698
0.0608 0.069512 0.079
0.0646 0.070456 0.07564
0.06112 0.068728 0.07784
0.06244 0.067184 0.07056
0.06356 0.067684 0.07368
0.0612 0.066136 0.07256
0.06268 0.068184 0.07916
0.06284 0.068132 0.07464
0.0628 0.06916 0.0788
0.06344 0.06926 0.07804
0.06548 0.069228 0.0784
0.06656 0.0686 0.0714
0.05668 0.066632 0.07404
0.06452 0.070312 0.08108
0.06036 0.066644 0.07424
0.064 0.069776 0.08056
0.06504 0.068924 0.07352
0.06168 0.06728 0.07188
0.06256 0.069192 0.07572
0.0656 0.069508 0.07612
0.06052 0.067492 0.07432
0.06192 0.067536 0.07372
0.06236 0.069704 0.07536
0.06352 0.067764 0.07136
0.06152 0.067892 0.075
0.05804 0.068024 0.0746
0.05936 0.0694 0.08052
0.06144 0.069192 0.07496
0.06084 0.06774 0.08276
0.06064 0.067636 0.07284
0.06028 0.06646 0.07228
0.06236 0.068768 0.07984
0.06348 0.074196 0.1086
0.06292 0.068504 0.07964
0.06256 0.070148 0.08164
0.06276 0.070068 0.07744
0.05828 0.069832 0.07604
0.05904 0.066772 0.07668
0.06584 0.070428 0.0758
0.06476 0.068812 0.07432
0.06156 0.067728 0.07376
0.0598 0.066548 0.07616
0.0616 0.06742 0.07332
0.06344 0.06578 0.06764
0.06424 0.06592 0.06728
0.0634 0.065476 0.06844
0.06536 0.067 0.06924
0.06524 0.066684 0.0684
0.06476 0.066432 0.06888
0.06592 0.067724 0.0702
0.06524 0.0673 0.06884
0.06632 0.068504 0.0718
0.06692 0.069388 0.07276
0.0674 0.069184 0.071
0.06732 0.068648 0.07036
0.0674 0.069124 0.07076
0.067 0.0696 0.07188
0.06696 0.069004 0.07352
0.0674 0.069528 0.07088
0.06896 0.069976 0.07128
0.0668 0.069484 0.07084
0.06756 0.069664 0.072
0.06664 0.069284 0.07076
0.0666 0.069676 0.0716
0.06684 0.068732 0.07116
0.06832 0.069172 0.07144
0.06632 0.0686 0.07072
0.06788 0.069936 0.07144
0.06732 0.069028 0.0718
0.06684 0.069012 0.0704
0.06736 0.068536 0.07044
0.06816 0.069432 0.0716
0.06688 0.069008 0.07108
0.06624 0.069396 0.07432
0.06788 0.068492 0.0696
0.06644 0.06896 0.07252
0.06528 0.068404 0.0714
0.068 0.0694 0.07104
0.06648 0.06874 0.07036
0.06516 0.069384 0.07324
0.06708 0.069232 0.07256
0.06816 0.069752 0.07388
0.06744 0.068968 0.07048
0.06692 0.068948 0.07148
0.0662 0.068488 0.07036
0.06716 0.068548 0.07032
0.06696 0.068928 0.07116
0.06756 0.069156 0.07072
0.06664 0.068604 0.07216
0.06676 0.06894 0.07232
0.0668 0.06876 0.07184
0.06732 0.069592 0.07184
0.06796 0.069564 0.0714
0.06716 0.069668 0.0724
0.06788 0.069688 0.07144
0.06692 0.069468 0.07216
0.06768 0.069532 0.07404
0.06712 0.069472 0.07312
0.06764 0.069468 0.07408
0.0674 0.068668 0.07164
0.066 0.068988 0.07148
0.0666 0.068284 0.06988
0.06544 0.068872 0.07148
0.06792 0.069136 0.0708
0.0658 0.068888 0.07096
0.06656 0.068252 0.07016
0.06556 0.0686 0.07092
0.06676 0.068228 0.07024
0.06672 0.068044 0.07008
0.06732 0.068976 0.07164
0.06648 0.069012 0.0716
0.06552 0.068588 0.07076
0.06572 0.068332 0.07052
0.066 0.0688 0.07116
0.0674 0.068652 0.07012
0.06688 0.068676 0.07168
0.06672 0.06882 0.07036
0.06744 0.069092 0.07076
0.0656 0.069148 0.07124
0.06768 0.068572 0.06932
0.06724 0.06822 0.06968
0.067 0.069024 0.07212
0.06708 0.068412 0.07072
0.06528 0.06802 0.07004
0.06696 0.068608 0.06976
0.0676 0.069192 0.07336
0.06656 0.068604 0.07396
0.06716 0.068996 0.07148
0.06716 0.069084 0.0732
0.06704 0.068724 0.07156
0.06596 0.06842 0.0706
0.06724 0.068888 0.0704
0.06636 0.068744 0.0724
0.06664 0.06854 0.07076
0.06668 0.068804 0.07204
0.06624 0.068432 0.07068
0.0666 0.068636 0.07116
0.06672 0.068396 0.0708
0.06732 0.068424 0.06992
0.06572 0.068544 0.07064
0.06688 0.06798 0.069
0.06592 0.068244 0.06984
0.06652 0.068032 0.07104
0.064 0.067984 0.07224
0.0652 0.06802 0.07084
0.06564 0.067464 0.06964
0.06712 0.06816 0.07076
0.06608 0.067372 0.06884
0.06576 0.06796 0.07048
0.06584 0.068616 0.07052
0.06724 0.068784 0.07004
0.06564 0.06814 0.06976
0.06664 0.068944 0.0704
0.06584 0.067636 0.06948
0.06536 0.06874 0.07132
0.06616 0.068704 0.07048
0.06684 0.06868 0.07144
0.06728 0.069764 0.07324
0.06652 0.068412 0.0702
0.06692 0.068628 0.0702
0.06696 0.068484 0.07104
0.06504 0.068212 0.06912
0.06616 0.068396 0.07136
0.06644 0.067684 0.06964
0.06652 0.068376 0.07108
0.0672 0.068116 0.06916
0.06436 0.067332 0.06996
0.06604 0.067844 0.06932
0.06584 0.06856 0.07032
0.0666 0.068272 0.07088
0.06668 0.067976 0.069
0.06584 0.068332 0.07124
0.0654 0.067632 0.07116
0.0658 0.067524 0.06928
0.06364 0.06746 0.06988
0.06616 0.068364 0.07024
0.06476 0.067652 0.07128
0.06644 0.068196 0.07036
0.06492 0.067172 0.0692
0.06416 0.067572 0.07016
0.06524 0.067596 0.0706
0.066 0.067816 0.06928
0.06544 0.067836 0.0696
0.06596 0.068236 0.07
0.066 0.067808 0.07136
0.06708 0.069168 0.07164
0.067 0.068108 0.07032
0.0666 0.068036 0.07136
0.06508 0.067916 0.06996
0.06604 0.068096 0.07016
0.06628 0.067108 0.06924
0.06548 0.067372 0.06912
0.06596 0.06862 0.07116
0.06628 0.067908 0.07036
0.0662 0.068056 0.0696
0.06664 0.068576 0.07104
0.06692 0.068252 0.07108
0.06544 0.06716 0.06896
0.06584 0.067696 0.06948
0.06564 0.067416 0.0702
0.06684 0.068476 0.06956
0.06568 0.067536 0.06964
0.06636 0.068052 0.07032
0.06652 0.067776 0.07004
0.06656 0.067996 0.07
0.06632 0.06768 0.06964
0.06688 0.067832 0.07052
0.06648 0.068472 0.0704
0.0664 0.067956 0.06984
0.067 0.068372 0.07232
0.06584 0.067464 0.069
0.06656 0.067864 0.06904
0.06712 0.068012 0.06888
0.06608 0.0674 0.06924
0.065 0.067796 0.07076
0.06504 0.067824 0.07052
0.06712 0.068328 0.07032
0.0658 0.06752 0.06936
0.06604 0.06782 0.06972
0.06632 0.067948 0.06944
0.06552 0.067372 0.06884
0.06636 0.067296 0.06828
0.06552 0.06686 0.06984
0.06648 0.067748 0.0688
0.06552 0.066984 0.068
0.06708 0.06842 0.07028
0.0652 0.067484 0.06984
0.06684 0.068092 0.071
0.06536 0.067516 0.06924
0.06348 0.067232 0.07012
0.06568 0.066984 0.06804
0.06492 0.067032 0.0692
0.0666 0.067856 0.07016
0.0652 0.067168 0.06936
0.06408 0.066872 0.06916
0.06568 0.067776 0.07028
0.06548 0.067236 0.06892
0.06624 0.06764 0.07016
0.06668 0.06798 0.06912
0.06656 0.06762 0.06896
0.06556 0.067048 0.06924
0.06508 0.067748 0.07
0.066 0.06748 0.0694
0.06644 0.068092 0.06956
0.0654 0.06756 0.07076
0.06568 0.066984 0.06864
0.06536 0.066628 0.06832
0.06452 0.06636 0.06736
0.0652 0.067444 0.069
0.06524 0.066736 0.0686
0.06536 0.06696 0.06892
0.06608 0.067208 0.06864
0.06524 0.067368 0.07424
0.06544 0.067556 0.07004
0.06664 0.067752 0.06888
0.06524 0.067052 0.06876
0.06516 0.066948 0.06876
0.06552 0.067676 0.06944
0.06572 0.068184 0.07032
0.06584 0.067628 0.0704
0.0662 0.0675 0.06868
0.06648 0.067464 0.06844
0.06712 0.06818 0.06944
0.06604 0.06772 0.0692
0.0656 0.067904 0.06964
0.06612 0.067472 0.06836
0.06612 0.067408 0.06864
0.066 0.067772 0.06924
0.06636 0.067592 0.06892
0.06552 0.067728 0.0714
0.06576 0.067216 0.06792
0.066 0.067252 0.06836
0.06412 0.066752 0.06796
0.06584 0.06728 0.068
0.06744 0.0682 0.07
0.06456 0.066648 0.06856
0.06656 0.067516 0.06856
0.0654 0.067576 0.06932
0.0654 0.06692 0.06964
0.06536 0.067792 0.07
0.06696 0.068496 0.06976
0.06524 0.06774 0.0704
0.06576 0.066872 0.06832
0.06572 0.067952 0.07232
0.06432 0.067308 0.0694
0.06532 0.067428 0.0696
0.06616 0.067792 0.069
0.06492 0.066996 0.06832
0.06644 0.067664 0.0688
0.0654 0.06674 0.06816
0.06536 0.066588 0.06836
0.06596 0.066856 0.06756
0.06604 0.067248 0.06864
0.06548 0.06748 0.06904
0.06548 0.0669 0.068
0.0658 0.06738 0.06864
0.06664 0.067832 0.06952
0.0662 0.067464 0.06952
0.06672 0.067536 0.06884
0.06668 0.067912 0.06928
0.06584 0.067288 0.06832
0.06596 0.06762 0.06872
0.066 0.067308 0.06816
0.06592 0.067976 0.0694
0.0652 0.06708 0.0682
0.06584 0.067196 0.0698
0.06588 0.066944 0.06892
0.06656 0.067504 0.0688
0.06496 0.0672 0.0698
0.06568 0.066828 0.06784
0.06436 0.066676 0.06836
0.06552 0.067 0.06872
0.0646 0.06694 0.06952
0.06524 0.066616 0.06876
0.06484 0.067016 0.06888
0.06564 0.066952 0.0684
0.06488 0.066656 0.0682
0.06512 0.066512 0.0682
0.06428 0.0668 0.06828
0.06444 0.066456 0.06868
0.06452 0.066596 0.06844
0.0662 0.067144 0.06812
0.06596 0.067076 0.06764
0.065 0.0666 0.06816
0.066 0.067232 0.0682
0.06488 0.066824 0.06884
0.06544 0.066848 0.0678
0.06544 0.067448 0.07092
0.06572 0.067208 0.06844
0.06676 0.067712 0.0698
0.0656 0.06706 0.06804
0.0648 0.067344 0.06908
0.06544 0.067116 0.0686
0.06684 0.067428 0.06808
0.06564 0.067416 0.06876
0.06476 0.066612 0.06988
0.0654 0.067612 0.06932
0.06548 0.067324 0.06876
0.06544 0.066836 0.06788
0.06492 0.066496 0.0682
0.06628 0.067208 0.06872
0.06508 0.067656 0.06936
0.066 0.067524 0.06912
0.06516 0.066952 0.07048
0.06624 0.067684 0.06948
0.06572 0.06694 0.068
0.06576 0.067208 0.06812
0.06508 0.067516 0.0702
0.06644 0.067656 0.06872
0.06492 0.067252 0.06932
0.06472 0.06704 0.06872
0.06584 0.066736 0.06796
0.06536 0.066796 0.06952
0.06572 0.06672 0.06784
0.0648 0.066016 0.06716
0.0666 0.067524 0.06868
0.065 0.06668 0.06764
0.06476 0.066352 0.06708
0.065 0.067212 0.06916
0.06524 0.066716 0.06752
0.06572 0.066648 0.06972
0.06584 0.067128 0.06864
0.06516 0.0672 0.06896
0.06416 0.066468 0.06936
0.06544 0.0669 0.06876
0.0656 0.066344 0.06728
0.06588 0.067096 0.0688
0.06468 0.066512 0.06764
0.065 0.067244 0.07004
0.06532 0.0667 0.068
0.06452 0.066896 0.06804
0.0646 0.066344 0.06756
0.06552 0.06626 0.06772
0.06476 0.066372 0.06744
0.06468 0.06694 0.07012
0.06456 0.06682 0.06892
0.06372 0.066216 0.068
0.06508 0.066032 0.06732
0.0654 0.066556 0.06776
0.06452 0.066712 0.06872
0.06512 0.06642 0.0702
0.06564 0.067112 0.06872
0.065 0.065924 0.06788
0.06468 0.066704 0.06848
0.06548 0.066828 0.06856
0.0656 0.067184 0.06868
0.06544 0.06708 0.06884
0.06548 0.066984 0.06848
0.06464 0.066932 0.06892
0.06568 0.067236 0.06812
0.06564 0.066904 0.06764
0.06648 0.067268 0.0684
0.06416 0.06636 0.06812
0.06544 0.066976 0.06956
0.06516 0.0669 0.06872
0.06508 0.0668 0.06812
0.06564 0.066668 0.06752
0.06492 0.06626 0.06756
0.0658 0.06686 0.06804
0.06432 0.066292 0.07104
0.0652 0.066648 0.06796
0.06508 0.066456 0.06816
0.06464 0.066816 0.0684
0.06616 0.067496 0.069
0.06592 0.06708 0.06832
0.06604 0.067292 0.06892
0.0654 0.066884 0.06796
0.06604 0.067524 0.07048
0.06476 0.066796 0.06844
0.06636 0.067464 0.06836
0.06568 0.066596 0.06812
0.066 0.067516 0.0704
0.0658 0.067064 0.0682
0.06448 0.06664 0.06888
0.06532 0.066784 0.06876
0.06508 0.066712 0.06872
0.06548 0.066704 0.06756
0.06452 0.066724 0.06856
0.06496 0.066448 0.06776
0.06468 0.066392 0.06792
0.0662 0.067324 0.06848
0.06544 0.066788 0.06812
0.0658 0.067048 0.06844
0.06532 0.066636 0.06784
0.06612 0.0673 0.06844
0.0656 0.066456 0.06708
0.06504 0.066784 0.068
0.066 0.067128 0.0688
0.06472 0.066812 0.06888
0.06592 0.067904 0.06892
0.06448 0.06704 0.06908
0.06484 0.06666 0.0684
0.0656 0.067272 0.06936
0.06472 0.06628 0.06876
0.06476 0.066652 0.06884
0.06488 0.066268 0.06844
0.06524 0.066556 0.06836
0.06448 0.066444 0.06808
0.06416 0.06602 0.06728
0.06488 0.06678 0.06852
0.06516 0.066652 0.06804
0.06516 0.066904 0.0698
0.06496 0.066856 0.06772
0.06496 0.066712 0.06852
0.0648 0.0665 0.06792
0.066 0.067288 0.0704
0.06532 0.066912 0.06764
0.06648 0.067356 0.06864
0.06656 0.067344 0.06912
0.06516 0.066508 0.06904
0.06556 0.06702 0.06804
0.06528 0.066568 0.06812
0.06508 0.066832 0.0686
0.06508 0.066248 0.06808
0.06504 0.06664 0.06788
0.06644 0.0679 0.06988
0.06592 0.06758 0.06996
0.06588 0.06728 0.06884
0.065 0.0678 0.06952
0.06388 0.066996 0.0696
0.06552 0.066816 0.0684
0.06504 0.067184 0.06964
0.06516 0.067036 0.06792
0.06508 0.06758 0.0696
0.06492 0.06664 0.06936
0.065 0.066496 0.06924
0.06588 0.06694 0.06832
0.0656 0.066556 0.06788
0.06524 0.06696 0.06852
0.06476 0.067032 0.06972
0.06456 0.066544 0.06876
0.06576 0.066752 0.06804
0.06544 0.066848 0.06988
0.06464 0.066972 0.06828
0.06456 0.066912 0.06952
0.06432 0.065908 0.06712
0.06448 0.06658 0.06852
0.06484 0.06674 0.06948
0.06528 0.066312 0.06784
0.06496 0.066416 0.06832
0.06428 0.066324 0.0686
0.06544 0.066572 0.06804
0.06464 0.066512 0.06892
0.06592 0.067296 0.06828
0.06468 0.0666 0.0684
0.06444 0.06686 0.07032
0.0636 0.0668 0.06864
0.06388 0.066348 0.06804
0.06376 0.066336 0.06836
0.06576 0.067084 0.06836
0.06588 0.06706 0.06864
0.06496 0.066048 0.06804
0.06452 0.066248 0.06948
0.06512 0.066744 0.06836
0.06464 0.066392 0.06844
0.06584 0.066448 0.06712
0.06516 0.06708 0.06848
0.06476 0.066876 0.069
0.0648 0.066524 0.06796
0.06572 0.067164 0.06984
0.06484 0.066924 0.06932
0.06516 0.067156 0.0682
0.0656 0.066716 0.06876
0.06576 0.066548 0.0678
0.06372 0.067144 0.06876
0.06452 0.066704 0.06908
0.06412 0.065856 0.06672
0.06596 0.067372 0.06816
0.06608 0.067768 0.069
0.0658 0.06746 0.06884
0.06576 0.067412 0.06964
0.06588 0.066628 0.0676
0.06524 0.067228 0.07044
0.06508 0.067576 0.06972
0.066 0.067592 0.07008
0.06596 0.067128 0.06876
0.06544 0.06682 0.068
0.06684 0.067724 0.07044
0.06352 0.066328 0.06792
0.06532 0.066988 0.06944
0.06464 0.066872 0.069
0.06508 0.066788 0.06876
0.06596 0.067236 0.0694
0.06436 0.066332 0.06816
0.06596 0.066804 0.0686
0.06484 0.066788 0.06916
0.065 0.067384 0.06908
0.06608 0.067236 0.06808
0.06528 0.06694 0.06952
0.06568 0.066836 0.06912
0.06624 0.067372 0.0694
0.06484 0.066448 0.06816
0.0662 0.067548 0.0696
0.06604 0.067576 0.06944
0.06516 0.066552 0.06776
0.06476 0.066848 0.0682
0.06604 0.067472 0.06912
0.06568 0.067192 0.0696
0.0646 0.066176 0.06804
0.06516 0.066924 0.068
0.06528 0.066548 0.0678
0.06468 0.066752 0.06872
0.06636 0.06732 0.06972
0.06448 0.067056 0.06824
0.06384 0.06626 0.06776
0.0642 0.06616 0.06824
0.06464 0.066364 0.06884
0.0656 0.066912 0.06868
0.06544 0.066992 0.06936
0.0656 0.06652 0.06768
0.06396 0.066204 0.06836
0.0648 0.067468 0.07028
0.065 0.066352 0.06824
0.06564 0.06678 0.06824
0.06392 0.066804 0.069
0.06612 0.06748 0.06912
0.06576 0.066884 0.06868
0.06556 0.06716 0.0684
0.06556 0.066848 0.06892
0.06608 0.06712 0.0686
0.066 0.0672 0.06912
0.06472 0.066956 0.068
0.06568 0.066552 0.06784
0.06504 0.066708 0.06792
0.06512 0.066092 0.06672
0.06536 0.066356 0.06804
0.06548 0.066972 0.06828
0.06468 0.066656 0.06836
0.06468 0.066244 0.06736
0.06452 0.066272 0.06784
0.06464 0.066176 0.06784
0.06504 0.066716 0.0686
0.0644 0.06612 0.06832
0.06476 0.066216 0.06764
0.06428 0.066652 0.06804
0.06576 0.06688 0.06852
0.06452 0.065912 0.06776
0.06412 0.066564 0.06848
0.06472 0.066128 0.06748
0.06492 0.06626 0.068
0.06432 0.066276 0.06832
0.06512 0.066104 0.06828
0.06444 0.066144 0.06728
0.06472 0.066396 0.06752
0.06588 0.067252 0.06856
0.06444 0.06676 0.07092
0.06508 0.066416 0.06704
0.06456 0.06632 0.06832
0.06524 0.066828 0.06904
0.06492 0.067012 0.0688
0.06508 0.066596 0.06812
0.06528 0.067104 0.06924
0.06512 0.066768 0.07036
0.06588 0.06672 0.06784
0.06576 0.06684 0.0684
0.06484 0.066612 0.0676
0.0638 0.065872 0.06692
0.06532 0.0665 0.06852
0.06584 0.066896 0.06824
0.0658 0.066688 0.06732
0.06528 0.066708 0.06876
0.06556 0.06658 0.06832
0.06552 0.067476 0.06892
0.06584 0.066896 0.06952
0.06568 0.066408 0.06772
0.06608 0.067116 0.06892
0.06476 0.06682 0.0684
0.065 0.066048 0.0672
0.06456 0.06654 0.0682
0.06424 0.06666 0.06804
0.06628 0.067092 0.0688
0.06484 0.066808 0.06916
0.06504 0.066532 0.06952
0.06464 0.06632 0.06784
0.06464 0.066956 0.06848
0.0658 0.066976 0.06796
0.06584 0.067028 0.06852
0.06568 0.066668 0.0678
0.06448 0.066288 0.0676
0.06588 0.067268 0.06848
0.0646 0.066496 0.0682
0.06592 0.066788 0.06784
0.0652 0.067276 0.06956
0.06472 0.06648 0.06804
0.0648 0.067364 0.06876
0.0648 0.066796 0.06828
0.06576 0.066944 0.068
0.06516 0.06672 0.0682
0.06576 0.066716 0.0678
0.06512 0.066648 0.06864
0.06476 0.065956 0.06732
0.0646 0.066248 0.06784
0.0638 0.066384 0.06856
0.06544 0.066752 0.0684
0.06576 0.066852 0.06892
0.06588 0.066948 0.06784
0.06488 0.066552 0.06796
0.0654 0.066652 0.06828
0.06456 0.066308 0.06784
0.06536 0.066252 0.06812
0.06484 0.066792 0.069
0.06488 0.066616 0.06828
0.06508 0.066668 0.06856
0.0654 0.066824 0.0684
0.06512 0.06638 0.06876
0.06344 0.06608 0.06744
0.06528 0.066868 0.0684
0.06604 0.066984 0.06776
0.06528 0.066756 0.06856
0.06576 0.066864 0.068
0.06492 0.066676 0.06768
0.06436 0.066296 0.06848
0.06444 0.066524 0.06772
0.06508 0.066404 0.06808
0.06508 0.067 0.0688
0.06404 0.066384 0.068
0.06428 0.066428 0.06824
0.0646 0.065908 0.06716
0.06556 0.066828 0.06828
0.0654 0.066036 0.06704
0.06552 0.066604 0.06872
0.06524 0.066376 0.06832
0.06488 0.066212 0.06732
0.06536 0.066488 0.06844
0.0644 0.066356 0.06868
0.06412 0.066432 0.0682
0.06572 0.067024 0.06808
0.06572 0.066736 0.06876
0.06588 0.066716 0.06808
0.06468 0.066016 0.06744
0.06436 0.066516 0.06836
0.06536 0.066668 0.06928
0.0646 0.066368 0.06796
0.065 0.067024 0.06916
0.06496 0.066912 0.06992
0.06444 0.066928 0.069
0.06588 0.067368 0.06828
0.06488 0.066408 0.06808
0.06608 0.067032 0.06816
0.06496 0.066332 0.06788
0.06496 0.06698 0.06796
0.0656 0.067084 0.06804
0.06468 0.066344 0.06768
0.06516 0.066316 0.06772
0.06504 0.06628 0.06784
0.06548 0.066676 0.06944
0.065 0.066568 0.06764
0.06608 0.066756 0.06844
0.06512 0.066552 0.06852
0.06384 0.066048 0.06804
0.06488 0.066528 0.06784
0.06504 0.066412 0.06852
0.06464 0.06678 0.0684
0.065 0.066004 0.06704
0.0648 0.066296 0.06796
0.06468 0.0668 0.06908
0.06548 0.06664 0.06816
0.06344 0.066448 0.06784
0.06456 0.066072 0.067
0.06544 0.066396 0.06816
0.06464 0.066616 0.069
0.06548 0.066328 0.06764
0.06504 0.066504 0.06784
0.06456 0.066484 0.06804
0.06584 0.066864 0.06804
0.06588 0.066528 0.06716
0.06536 0.0668 0.0684
0.06476 0.066988 0.06944
0.06468 0.066892 0.06916
0.06528 0.066496 0.06772
0.06592 0.06676 0.06948
0.06616 0.067484 0.06956
0.06576 0.066892 0.06876
0.06528 0.066516 0.06772
0.065 0.067116 0.06992
0.06572 0.066804 0.06744
0.0632 0.066292 0.06792
0.0658 0.066688 0.0676
0.065 0.066712 0.06836
0.0666 0.067296 0.0688
0.06524 0.066444 0.06792
0.06468 0.066144 0.0676
0.06604 0.066932 0.06872
0.06532 0.06632 0.06752
0.06536 0.066316 0.06736
0.06572 0.066684 0.06772
0.06492 0.06648 0.0678
0.0646 0.065968 0.06728
0.06528 0.06698 0.07004
0.06536 0.066612 0.0686
0.06472 0.066496 0.0684
0.06484 0.065732 0.06676
0.06572 0.066324 0.06712
0.06508 0.066148 0.06676
0.06468 0.066248 0.06744
0.06508 0.06608 0.06712
0.0644 0.065844 0.06704
0.06516 0.065944 0.0676
0.06484 0.066436 0.06772
0.06532 0.066616 0.06752
0.06464 0.066028 0.06752
0.06552 0.066372 0.06868
0.06464 0.067088 0.06892
0.06604 0.066612 0.0676
0.06504 0.06676 0.06972
0.06508 0.065904 0.06676
0.06524 0.066388 0.06712
0.065 0.06624 0.06732
0.06508 0.066436 0.06772
0.06512 0.066464 0.06792
0.06584 0.066384 0.06732
0.0656 0.066736 0.06828
0.06484 0.066136 0.06724
0.06496 0.065908 0.06728
0.0648 0.066028 0.06708
0.06504 0.065952 0.06696
0.0648 0.066184 0.06704
0.06512 0.066596 0.0674
0.0654 0.066772 0.06856
0.06524 0.066644 0.06784
0.06448 0.066296 0.06744
0.06496 0.066056 0.0672
0.0652 0.06598 0.06704
0.06508 0.066836 0.06804
0.06424 0.06574 0.06688
0.06488 0.066496 0.06764
0.06448 0.066404 0.06852
0.06604 0.066792 0.06792
0.06592 0.066944 0.0678
0.06432 0.066296 0.06848
0.06528 0.066696 0.06836
0.06548 0.066456 0.06704
0.06464 0.066212 0.06804
0.06508 0.066668 0.06784
0.06552 0.066988 0.0692
0.06472 0.066984 0.06864
0.06596 0.066692 0.0682
0.06636 0.06738 0.0688
0.0656 0.066344 0.06744
0.06632 0.067188 0.06836
0.065 0.067052 0.06832
0.06648 0.067096 0.06804
0.066 0.067156 0.06884
0.06548 0.06672 0.06788
0.06524 0.067036 0.069
0.0656 0.067024 0.06828
0.0644 0.066716 0.06788
0.06508 0.066236 0.06736
0.06588 0.067028 0.06788
0.06456 0.06624 0.06772
0.06552 0.066348 0.0676
0.06532 0.066576 0.06768
0.06396 0.066428 0.0682
0.0642 0.066272 0.0674
0.06448 0.066356 0.0684
0.06528 0.066068 0.06736
0.06476 0.066448 0.06796
0.06524 0.066416 0.06808
0.06536 0.066764 0.06896
0.06516 0.066472 0.06836
0.06524 0.066352 0.06824
0.0646 0.066508 0.06852
0.06544 0.066192 0.06684
0.06516 0.06628 0.06708
0.06548 0.066356 0.06812
0.065 0.06646 0.06764
0.06512 0.06608 0.06712
0.065 0.066064 0.06688
0.06508 0.06624 0.06712
0.06504 0.066576 0.0686
0.06644 0.067224 0.06828
0.06512 0.066492 0.06792
0.06516 0.066504 0.06772
0.0652 0.066252 0.06768
0.06484 0.066264 0.06736
0.06544 0.066284 0.0674
0.06544 0.066448 0.06744
0.06496 0.066116 0.06792
0.0654 0.066188 0.06724
0.06524 0.066768 0.06812
0.06532 0.066488 0.06784
0.0646 0.065948 0.06736
0.06496 0.066392 0.06808
0.0648 0.066208 0.06808
0.06624 0.066632 0.06724
0.06568 0.066596 0.0676
0.06528 0.066388 0.06748
0.06516 0.066036 0.06692
0.06408 0.066172 0.06776
0.0652 0.066656 0.0676
0.06576 0.066804 0.06732
0.065 0.066396 0.06736
0.0652 0.066584 0.06824
0.06596 0.067144 0.06856
0.06604 0.066788 0.06772
0.06564 0.066768 0.06804
0.06536 0.06656 0.06784
0.06612 0.066748 0.06764
0.06528 0.066172 0.06764
0.0644 0.066148 0.06704
0.06472 0.066432 0.06776
0.06496 0.066496 0.06808
0.06552 0.066924 0.06832
0.06528 0.066504 0.06756
