-9941.87213249 -6074.43733702 269.411397651
-9989.10445775 -6455.6697092 -1655.55567511
-9819.84877697 -6748.5843501 -208.549748865
-9737.10350643 -4001.36215909 662.240751712
-8933.31591307 -3321.70640349 -83.9195781641
-8548.00445092 -3246.53533453 258.392148258
-9826.52537931 -3830.16518823 474.374050721
-8791.51613444 -3341.05879779 166.291425297
-9072.12899452 -2666.13976735 1183.81434654
-7150.1047914 -724.775865977 1551.57995012
-8377.12061822 -751.472077494 1159.80588577
-9944.49741757 -2916.03327469 850.100895394
-7290.86189644 -1497.9981881 1432.75186412
-332.131917217 303.89389664 1521.90963781
-4068.7162149 -73.2748837326 1732.65853807
-8633.02682663 -2009.49105834 1350.86930276
-1530.13877798 372.295150238 1845.93066268
-1916.50151695 -308.265072387 897.600550791
-7358.68794897 -62.4688139259 1905.39801491
-6240.55583088 -802.368462026 1603.6850331
-3794.52467968 -290.19304226 1362.28310909
-1012.46748002 308.567494925 1918.63054229
-4250.34164612 -45.891272431 1624.1775397
-195.155027557 666.637373903 1434.70345468
-1542.00845289 435.059402025 1374.5031442
-167.030578133 517.364798565 1665.18550866
-2604.37476342 582.003614058 1675.77157435
-917.937554697 684.90566929 1908.65868577
-8022.43365233 -734.354285662 2043.23245899
-11.6821789548 771.928259659 1814.06204829
-1061.57011715 507.463224798 1837.00110368
-8649.87306657 -464.212455443 2023.04793098
-1746.97880823 328.794166753 1921.12355216
-316.911009248 656.382445136 2066.88100856
-347.227798542 787.456682889 2147.08235456
-2426.32228882 427.069878598 2058.73427857
-1209.52001747 344.56380976 1871.59594457
-229.057463521 826.341619572 2110.16599244
-520.847713008 1190.80933212 2132.76568501
-6701.75937322 -131.091615925 2113.3478913
-299.484246648 772.912594617 2104.23958567
-78.3161598442 871.550144385 2226.34742741
-664.603652325 1067.3886878 1834.39532291
-7293.14873532 -240.475954778 1405.19619993
87.5572237263 967.258387662 2160.79700035
-98.0310934166 1079.56416225 2096.41784381
-219.961211454 730.802660357 2055.34923225
-806.530850259 776.209164876 2107.41629722
-24.7656001869 1149.95475562 2171.91455308
-2518.19088032 867.450613889 2134.4390016
-664.51593208 727.16936656 2226.82046312
-4344.8525668 112.793492926 1957.34635488
-1243.66214031 942.779095576 2224.93315599
-153.444504228 908.189084375 2203.01735803
-103.897720562 921.979043933 2132.22942716
-4.13366141678 1252.37730791 1996.63160318
-147.014389832 1356.89738879 2144.9514928
-120.444627935 849.790298504 2110.44499484
294.141113253 1623.49067102 2165.88195751
-76.1776349447 786.696545288 2245.75129797
88.4897674379 1472.64043714 2243.2196439
-6594.64438509 90.910780076 2177.43619931
-1994.73359224 1329.48943157 2265.36831934
-120.554115867 987.084300128 2277.53505956
-113.185411824 1305.57798747 2264.94824612
-155.778030153 960.778392466 2227.68527315
203.325485571 1362.4118045 2225.16395871
-61.0317048407 1397.35811871 2247.67794307
-636.289130465 703.511252912 2190.71721052
-313.198810059 1134.74259742 2269.28485735
-86.9843087699 1184.67452678 2217.6176633
-112.578415127 1053.5934023 2203.30327314
-137.627167105 1363.02877899 2180.47835172
-139.465964444 730.060921216 2219.99987426
-165.132610771 740.14381667 2253.10197067
-49.2286789205 1406.65893564 2170.0888836
-77.4132493847 548.319899752 2187.93991844
-155.500575321 657.228672192 2279.02377004
-133.243128704 1237.62911194 2266.07269207
-153.329633921 1226.98511854 2159.28762788
-161.555951632 1380.39866111 2250.40837536
-92.6119310095 1434.75664492 2273.23451973
-276.898922552 941.951763664 2235.88692111
-129.643905454 1411.36051149 2257.61515546
-160.740229239 1131.10527862 2235.13407568
-99.6114739156 1398.71440753 2232.43907918
-112.01409397 1659.44170044 2288.75745634
-144.997967745 933.004287998 2192.32393746
-150.302466485 820.071753254 2175.28173482
-67.6828588768 1472.98095981 2256.8116886
-100.136338351 1247.90822322 2251.10386925
-321.169454595 1231.4780755 2274.86050258
-156.728247023 1101.00171108 2291.82554751
1175.80917225 1971.72377142 2271.36268779
-30.5686720761 1755.26475303 2224.58552487
-74.3725885555 1428.68240162 2302.71691344
-128.305479265 1241.56263437 2289.14437676
-79.2657111126 1373.34812715 2279.98783652
-111.609055051 1098.7633397 2292.1644793
-189.499771962 1185.96263485 2277.8469253
-194.629473971 1443.15716472 2218.03800624
-208.858112867 1092.102714 2260.1595883
-87.846377699 1298.46139474 2284.04713924
16.4475015052 1208.34309789 2281.67040316
-98.3112221795 1445.47498049 2256.15257535
-104.799547352 882.654269095 2238.61878148
-332.929304166 809.019982852 2263.11130854
-111.299328337 1127.56525157 2274.75073552
-111.47906726 919.437865268 2031.34741906
-110.939524519 1123.62654678 2231.06963455
-169.744533103 1284.19714726 2188.92822336
-94.695237577 1403.4489514 2250.02550215
-204.326589845 1272.56490579 2295.16629238
-296.269482884 1120.05912412 2264.15186474
-187.556343181 1508.9336175 2285.24125971
-259.770741708 1181.41475022 2286.92143753
-301.870152164 1389.64413583 2214.94177644
117.408504097 1608.51086229 2288.66465458
-305.952623491 1300.34734679 2280.61390414
122.377790176 1770.00689036 2321.15106323
-138.699105719 1662.51144886 2278.16868592
23.0716640146 1621.56470387 2247.06810109
-111.752099913 1760.5220953 2313.76628461
-146.063613279 1290.03822128 2308.28807041
-133.852470793 1377.12047161 2290.29139424
-69.8149910889 1560.54564203 2263.49649309
-115.594021698 1463.13887237 2317.53330872
1006.34549234 1935.42166889 2301.74877522
-74.5419891896 1866.29460844 2290.00997838
465.743998206 1752.62052898 2289.02773537
163.138710721 1315.61163179 2302.44963136
-24.5848468711 1432.48053689 2247.9416786
808.505330614 1954.46596077 2310.59600794
24.5261617342 1575.47709687 2302.92887098
514.02978255 1574.67849399 2304.3177451
-138.13347129 1536.82934321 2319.29116521
42.1849017121 1516.14130572 2280.52849196
461.171804477 1697.31859738 2313.36423256
42.5953414501 1576.07490717 2321.72380443
-119.496337626 1394.32077202 2291.47066888
-98.7455480942 969.773958197 2309.48154609
-157.647668284 1001.80757144 2286.37671064
-124.508407143 1583.2923441 2316.42715832
398.745447935 1764.34600997 2320.98852074
319.336296839 1772.58016377 2290.24707829
-187.1228455 1728.65909129 2307.90976048
945.607392513 1981.21402305 2311.34041321
-42.392787502 1888.0044265 2323.02786756
411.03806994 1636.80715517 2229.80367203
65.436357653 1594.79690294 2290.5738783
-123.44968251 1371.32839117 2306.30247143
-33.0769362076 1578.92843579 2237.96894811
23.2911507502 1465.22446881 2276.80368697
-82.4156655113 1389.34048674 2340.10825219
-113.420019084 1592.55585148 2308.86177998
-87.3733872632 1190.8959273 2335.87425674
2.92970229845 1702.57736643 2315.86085972
-66.4147146313 1528.95446248 2332.83594226
-69.7577718702 1474.34412769 2265.6065496
-240.56018231 1739.96350465 2322.25162594
-215.691887704 1736.22706566 2312.90264718
155.414434749 1781.62073171 2301.58515684
-40.3001050042 1749.71715029 2318.93327301
-91.6614750688 1717.30181701 2343.45717018
-34.3367518701 1641.72668783 2316.48174268
121.840155048 1317.59644382 2160.96504957
-105.28225179 1312.87217218 2302.67125343
-119.972523705 1713.32041742 2342.9640135
-147.773897622 620.56501427 2290.46025203
207.74562892 1896.26242696 2306.50276756
-116.119860552 1313.23291983 2301.76905182
-167.396190673 1416.44923816 2319.2262821
537.105370859 1759.98253774 2341.82202662
109.865180608 1820.45557788 2303.52147588
5.98977420545 1465.50235513 2326.1015687
-55.8665039526 1433.0325238 2328.69642629
-32.644510286 1628.76145374 2324.4069817
-90.5984106789 1717.48795647 2335.30714111
2.8009820904 1422.02891098 2338.79865453
-85.9015156007 1084.93230537 2319.88121843
-118.308394436 1395.70972738 2289.57539352
435.809382247 1626.41785856 2292.85966546
397.544972942 1753.83576863 2340.84546104
-52.1029290589 1162.85932903 2282.04088022
215.249025452 1626.86967466 2328.22741509
6.26041189177 1690.52894384 2314.0557009
-113.913374956 1397.19741186 2308.40273488
961.365388907 1894.21628859 2330.29942675
-73.732891068 1458.11026845 2325.79065186
541.249912123 1774.64293081 2311.62147547
73.5773456021 1501.27916079 2329.37449939
208.689048038 1584.37334747 2317.93260688
468.741349774 1617.88664206 2314.62170717
261.592236327 1806.54499403 2346.04675627
10.7714623696 1675.50377664 2332.34469097
2202.15211867 2303.71315437 2350.9940773
352.385185183 1715.11922308 2325.14380229
-82.2067389169 1617.43841408 2334.88855763
-99.5602132922 1771.69749474 2319.9304092
383.663399535 1686.01327163 2268.05540724
-106.583455816 1740.41275085 2353.12867132
-103.512662298 682.265915641 2259.46322563
-123.527252009 1414.69069458 2274.46071171
5.36170762374 1593.03851065 2337.96539778
-182.638752309 1192.91602953 2326.52665015
97.9041353792 1171.73602828 2285.29716264
-1787.46552417 1149.99098045 2342.27862524
415.232746192 1724.14655262 2332.50511732
-76.0830760084 1467.38783342 2336.57478368
221.844048349 1597.28754296 2321.0040832
251.412869691 1911.56818725 2340.75181162
-231.537983691 1493.23658882 2350.86720283
1700.76034408 2054.70217441 2320.37187525
-123.926769283 1317.79753229 2312.8102903
1057.41678166 1905.7028655 2295.81940859
43.4651158329 1386.34444988 2273.02488098
-75.2225067797 1264.6009913 2298.69249855
10.7290443426 1410.66879037 2333.85235518
-94.3943747556 1580.14385816 2331.66155108
96.886383399 1348.8526414 2282.54759089
-38.8333001231 1475.87999254 2291.81647535
12.8766329409 1184.89436692 2183.19456376
1350.92296956 2075.1603087 2319.47706544
-45.0331392817 1168.30915902 2246.84725315
-2546.26349559 1611.57168773 2334.48378924
254.105237115 1669.8472081 2237.08696776
570.525519907 1584.67794133 2230.70573719
377.430946606 1631.36024847 2296.2944635
-99.6402210036 1514.25746051 2291.12457509
-59.0348131832 1384.1568961 2256.01207333
-95.0668031746 1161.78200056 2244.16721265
1049.68107752 1707.76978355 2333.04199316
163.477683779 1486.65748831 2219.03738451
-67.0193061007 1422.0286559 2275.07345111
828.342824768 1844.17720838 2288.05656111
1251.28904452 1956.97040874 2325.65583476
149.923262945 1624.02404904 2334.81937536
629.06671258 1858.42971332 2351.11992949
118.870566319 1911.06798659 2310.10876626
392.524011854 1603.69117541 2329.11742096
409.773480731 1647.03318892 2343.52421036
88.5365473991 1489.25313103 2253.76054477
1344.84670177 2062.14205223 2349.67698306
-70.8153843594 942.711327861 2183.90109725
165.837775016 1615.26249171 2343.61354662
-318.883320142 1634.88471329 2338.47387163
161.882726953 1325.56662777 2302.41832115
1012.4932163 1853.76237341 2291.00611072
1683.15963123 2156.87640769 2338.4290352
468.831354085 1802.49994079 2334.39679601
1019.31277896 1904.26120555 2342.93849283
-123.61180374 1382.56775869 2293.01428118
963.839484216 2020.39812844 2339.26705639
770.404379449 2000.49668489 2359.10423588
144.994719841 1698.00661778 2341.31333774
368.252946859 1589.77720143 2262.915879
863.800940095 1962.61741734 2354.88169366
-73.7779837212 1466.24537158 2352.8758889
1556.25903764 2072.16209873 2345.47488148
1504.34764374 2106.71539327 2296.14124655
588.588973181 1957.07695096 2344.23622272
917.916363787 1890.36415684 2307.99509233
1492.22908425 2010.6778161 2335.16638604
669.74010384 1702.29695574 2336.63404689
380.645027671 2021.4483942 2351.90471559
-43.6238648181 1919.62898498 2345.69667378
-128.110625122 1921.24692009 2348.33284775
-263.670759428 1702.45131584 2301.22406762
-269.432804535 987.177139501 2359.47061478
0.568047600824 1463.58621145 2345.06898003
-557.7336949 1825.62203539 2348.59772169
823.369737874 1861.73333286 2267.87789288
106.725838033 1683.5365779 2346.31516837
-143.459934289 1564.37602017 2352.94784017
15.7953373594 1543.76254501 2366.44399802
266.741011972 1698.86511435 2350.01167264
118.430231799 1768.9113262 2337.90030622
-45.4607760694 1407.81647257 2305.09394178
271.756856058 1679.36625506 2329.32119631
263.33393874 1550.01559146 2343.52969623
741.944588645 1897.370824 2245.15571019
1207.93561389 2029.31378511 2312.21112619
538.782300998 1868.73721644 2351.17316278
399.768873782 1749.20387653 2324.27386772
200.895622238 1621.67715253 2310.13831787
-175.166248956 1240.1167131 2191.83113364
1.40603183612 1367.52958474 2359.04230127
688.295473917 1856.49016599 2350.11199718
399.475051418 1434.58038895 2299.14471849
-266.449672461 1566.4648104 2365.13763791
977.431152061 2057.6584675 2346.95003972
-224.96314393 1643.75302681 2334.47904949
567.89926667 1426.29860965 2348.54467801
500.792382535 1776.2106531 2329.84844889
-162.08780343 1184.42561796 2329.55512221
-52.6795625303 1632.89343809 2297.57108502
-41.9803972185 1586.64517495 2373.58883193
-382.028427041 1403.52577903 2343.67492821
1151.75553379 2033.89779296 2368.42723089
313.051471413 1522.33907589 2347.18898481
324.618601492 1628.44619847 2363.83781887
-78.7818584549 1370.76353058 2345.19874989
157.519741322 1475.67815609 2366.42160482
105.785893121 1399.84048135 2365.01264975
-498.284057604 1131.61625956 2362.76018417
-87.8423114963 1699.8028995 2368.26967854
-162.51725497 1399.83536404 2361.65314398
-307.984108425 1314.92205025 2346.97274143
-42.5456988639 1235.38254469 2311.33367509
538.934984225 1904.06420911 2366.481437
-65.6063151362 1384.65457711 2351.91371999
-43.2992347898 1588.60571021 2378.41940775
-98.9528986302 1633.41945455 2364.25688468
-5269.90855767 1010.08341689 2358.96140617
437.450858096 1565.72297967 2274.92501424
-21.8645567414 1820.83517669 2314.61563376
-113.873676757 1101.94869091 2298.76139668
744.615395737 1749.4470605 2360.88557073
-12.0613662825 1837.47577991 2354.54441685
-208.25548437 1584.36025155 2363.19426508
-139.53882444 1560.11290693 2360.10410362
-105.135667784 1154.35791085 2347.70090391
-6.92040621987 1779.9802491 2359.59988794
1643.5796564 2110.30382574 2348.72362557
1315.29838985 2101.98374372 2301.98448032
762.200293525 1879.26220224 2365.89431478
110.434308948 1521.30573769 2271.71046687
969.428766467 2113.97152257 2370.01626528
-106.408688081 1473.57691535 2348.10987115
1029.94852152 1990.39544181 2377.76999491
211.366000768 1572.29104669 2309.97966523
746.279756887 1915.73000944 2346.00022267
-181.574731993 2048.69282615 2376.35279477
-75.6938838237 1402.14737707 2288.24466657
718.928786838 1452.93294504 2367.21309776
-98.1955713385 1910.21469212 2359.4202823
671.031044359 1840.36746008 2299.21736257
636.072640082 1807.60827819 2358.19081978
3.24863622215 1348.00626932 2365.52384967
-123.283931957 1152.2843159 2351.47642634
-427.219366306 1479.58567479 2358.53949937
61.6038167633 1556.7048734 2319.71653142
165.09285301 1292.77755974 2236.53401494
-5148.73435577 1376.76022054 2376.57090646
136.102169422 1384.38564875 2350.3217627
-135.513191524 1773.82005834 2359.03086627
211.218044107 1586.01045835 2328.71193038
-381.256966077 1597.067539 2365.37339287
60.011691423 1271.13582964 2092.63546598
-317.008772601 1134.42364225 2283.56348567
168.097314216 1365.26438699 2359.5322769
61.4259595101 1714.91685813 2361.88201062
604.500143603 1693.03089886 2318.58445858
1354.84610229 2071.21699764 2376.79801727
721.753537372 1906.01602364 2350.50455919
10.226569496 1797.25164965 2354.77095175
627.131853414 1683.01164624 2333.58447246
323.749171748 1577.47504015 2350.12556383
227.314339222 1431.88200646 2365.94762729
-35.2037098141 1630.91791966 2361.27602884
267.200446174 1711.96218695 2346.53874916
1071.8039406 1775.50193012 2356.70457676
277.935276619 1639.52090312 2357.03520025
-88.4740510596 1482.25500312 2340.93104559
17.8487322484 1611.70819374 2369.9475949
415.557348308 1583.32607285 2358.80553527
-88.3430723527 1902.54723701 2367.06914646
315.682055977 1869.2092063 2365.67074348
1794.96743537 2124.64957893 2366.55118564
-2301.19063884 760.433291237 2358.84088321
597.608684451 2026.43132728 2344.3289719
66.1334722508 1318.7589963 2341.54665702
-81.8481871998 1533.17997884 2342.02234504
-72.4472650858 1430.10550207 2338.42232778
-87.0393852954 1907.6975341 2378.51681307
-602.591088459 1392.93376958 2349.81216463
-8850.21465441 376.387491339 2283.76957677
1460.82147665 2126.21230398 2356.17910601
265.045535177 1638.18382195 2322.93171846
-106.94481526 1205.11406792 2363.38137999
71.3539959391 1840.88332921 2358.12123182
-43.4046836333 1614.65654154 2368.10272875
963.6112443 1907.7765915 2367.18933973
-1864.05316442 1271.63425693 2349.93017804
789.407391405 1758.06138245 2372.8353258
-101.220141932 1702.30812224 2363.74652206
-117.927606763 1259.72959044 2353.15382934
64.9698327979 1630.62033229 2360.97691884
1414.31853955 2031.73415204 2328.73070783
-17.5871504858 1808.35967706 2353.35591504
-153.006322203 1943.13217281 2367.61684127
716.99114253 1929.43188151 2365.28414605
255.746419505 1443.37807326 2368.84838567
-4.13104888109 1602.15395953 2352.01623031
-9168.95706527 309.831385401 2364.65644849
-199.634979705 1243.06645968 2301.66530264
422.551956736 1747.49117951 2364.34122332
-44.9437646728 1381.19280464 2346.45405574
-203.262617936 1601.92069726 2349.50449178
-39.0747395449 1508.43824891 2357.2781787
167.843626199 1195.46260415 2361.19594963
-76.926124874 1699.53020144 2374.01997964
493.076557242 1806.07862419 2348.72311461
-14.3399094164 1617.9320553 2365.46954594
172.829462357 1833.48476661 2351.79138472
-86.0610176269 1785.78591565 2365.97418079
-118.987032825 1513.95847333 2371.01834092
-63.44982155 1586.6079629 2363.38883169
571.866610861 1758.52187641 2306.11777091
-48.4696389753 1247.75449008 2355.46136877
214.521696617 1690.58930098 2374.20207447
-60.7817696127 1683.40461229 2362.48996357
-16.3531295488 1683.4569145 2355.33687875
467.579790796 1765.9106164 2369.00398308
71.4701198524 1747.69187616 2348.03783462
837.960566321 1983.35894348 2374.37777369
1421.7036944 1964.86125672 2360.21764687
114.922853659 1819.56300356 2382.9584506
-186.902071624 1131.61447166 2353.94727222
162.334846957 1774.86676506 2376.26404691
1269.12826331 2077.53576343 2349.41885761
165.039234786 1773.21737611 2365.0627815
638.763903735 1654.47156509 2356.82003317
214.860768714 1762.95027518 2363.45508018
-146.452021809 1803.55001235 2335.80811738
-90.1355290374 1327.19239029 2332.72405445
456.456086536 1677.33458709 2366.17780402
-152.240816956 1444.91344897 2352.85228947
823.487588013 1952.98006211 2352.32408082
449.352801208 1686.31597231 2362.65466529
22.073366214 1935.4947458 2363.20106173
-130.916415055 1499.16721553 2359.29167552
368.612353891 1826.50666902 2377.9219722
-42.4587646697 1809.88345031 2372.30849111
-54.6611478327 1631.98081657 2341.77924869
107.003157672 1741.95443624 2361.43864187
115.881408671 2018.74125206 2370.40548737
916.462913213 1853.18989452 2355.31422341
-100.760960987 1503.36914876 2361.95961548
1596.32571584 2120.52594125 2356.04058447
-127.383318383 1548.33474919 2359.90454094
-162.072096484 1704.64996913 2359.37820593
-247.683977282 1727.07438175 2358.04639631
1849.58543102 2222.38912256 2358.00473574
107.47077176 1658.90121927 2371.48214636
618.922740985 2063.99714622 2360.89379514
869.167797063 2009.76381166 2373.85265109
345.252320065 1915.1721359 2360.57523387
-91.2954138309 1417.35697683 2367.80689348
159.92608283 1895.28108767 2360.98175423
359.915798915 1915.73509033 2359.60132919
1020.76647345 1980.06722971 2349.38374174
-226.018345619 1655.92147616 2309.3283265
-51.6904838437 1795.75414023 2370.42367689
870.014499857 1794.3392132 2358.71330953
371.104114201 1743.39230094 2361.56867752
422.675801126 1766.31277289 2345.74202128
-37.0281836977 1605.50158975 2348.9511584
77.2388359019 1933.85876964 2360.33666617
587.228135975 2032.45470772 2359.42653727
-192.477198678 807.859490789 2258.57122318
6.68245238303 1091.38656464 2342.15460009
549.801427557 1688.16754685 2357.25349086
1366.77902799 2070.64889521 2355.35010974
-70.6069083558 1837.98008947 2360.14067229
1305.63442043 2132.75540866 2361.22138006
-269.775369067 1875.3270923 2370.58003747
-91.174031011 1810.28435512 2370.47157259
1121.9955184 2079.6556933 2377.39180737
-104.179166562 1753.67470173 2360.73091572
-60.9898035852 1813.3507103 2359.58113073
-39.9292318095 1279.89903317 2326.11198729
492.46666597 1770.96528407 2355.30561195
1460.44674311 2137.32956817 2333.16562752
137.151583995 1597.67211206 2349.14971796
822.059070768 2011.22076196 2301.41568635
-125.882132986 1713.71074257 2308.56885634
252.325739558 1773.91658738 2358.25712981
197.646534793 1817.79029365 2349.46963959
213.573155618 1736.35838778 2378.44169053
1172.23439405 1957.22231832 2356.01477314
306.209887311 1313.47541372 2337.9484472
-70.1109204128 1616.86847337 2349.70701526
10.6949079001 1702.46274031 2343.86580169
63.293742159 1712.42609915 2311.16396391
71.9055198255 1489.12427758 2338.80170351
368.559084343 2044.51908955 2364.09549841
62.5034348234 1125.37871797 2350.8792587
18.5797309303 1500.01860191 2357.98843376
-118.086723432 1621.3046504 2355.56970903
452.436113222 1716.21692199 2344.81591347
-162.245690498 1233.57461813 2352.376746
31.137250933 1432.51841756 2368.99190851
1309.4326022 1982.89232491 2369.18954567
-107.999441897 1457.19428832 2383.47823185
-6.60327806189 1501.31020863 2380.14111525
680.536989008 2009.57520985 2377.06736097
177.683573752 1898.96441821 2364.07758494
218.050018097 1959.93105363 2378.06170741
569.512601632 1889.23724975 2357.73262437
24.5307833884 1664.82356644 2356.38516171
214.99092092 1799.71182659 2362.23086397
207.544598633 1798.31866814 2369.65196008
213.621629893 1748.46935935 2370.28065532
-141.061761535 1561.52833659 2363.4776337
-88.3170735583 1419.83273941 2320.49233705
93.3435495589 1963.4497915 2347.84795442
-85.6861592105 1426.5178667 2367.91681977
247.748579326 1774.50855185 2364.7590651
409.508892392 1911.01997988 2382.04006432
165.633037636 1333.02484502 2360.45718669
62.4960208738 1962.65032738 2372.29732347
-12.0334203236 1374.36020544 2345.02517078
-2.15253038399 1379.92647856 2375.2950384
-120.911941926 1523.05500918 2363.84865287
649.90884339 2117.24130295 2342.29990648
22.6328310993 1456.9900379 2370.12135172
-38.3076986852 1615.82901955 2376.99434518
400.488785086 1865.5139419 2363.81308291
274.00486862 1638.8180871 2373.76856277
-101.453286039 1350.67580715 2375.64191031
149.324729389 1387.13233365 2043.26391626
1021.36927763 1801.16408045 2356.19202407
1803.69439981 2180.36904548 2359.04056335
-85.9425620606 1810.78070202 2354.50740254
-107.62335084 1830.53710647 2354.12429947
1123.23172478 2062.46753188 2371.62046616
-102.03164171 1830.98389825 2372.84551368
323.640675609 2003.71930773 2374.57935256
-299.459041642 1696.05625424 2372.19329924
1697.25774053 2230.3189925 2366.04649399
62.3561790401 1648.12752734 2364.45895922
-705.99666162 1552.57000382 2355.96805681
1217.82776128 2127.5738881 2384.04316592
-64.2999477837 1495.4243431 2363.05245086
375.988535691 1776.11762577 2370.71305701
-28.2698711621 1613.53970969 2362.76104174
1268.82717861 2030.07465141 2373.89426794
-274.700517867 1287.73560916 2359.99565111
-1.94842798943 1921.53502689 2370.14619749
1906.09207139 2154.62827203 2366.15334616
-128.969185409 1488.56486612 2371.12410794
49.4259467553 1729.76780907 2371.18037754
-54.4456469452 1424.11285617 2360.81318358
12.9435571957 1715.73018692 2360.61131678
-85.7408570217 1602.72299852 2250.3515453
-127.171441966 1460.45910228 2351.52325526
548.00532103 1834.98198753 2359.43024572
-720.47546836 1257.25307496 2319.88435725
-149.881362893 1919.30594527 2377.18816366
-89.3046167301 1283.4241085 2352.57224267
251.773737023 1579.07613775 2330.33693694
-152.747071988 1291.21491448 2378.66414416
649.765416741 1902.59830597 2367.6465175
-97.3565289732 1893.11310261 2356.52799659
421.164886378 1852.3499156 2349.95878909
1711.01447326 2250.46335228 2369.80374347
122.923831376 1913.00064323 2384.70717785
-288.274684543 1952.14964723 2382.55715385
1512.30958646 2112.01109402 2355.76330153
-104.555243848 1117.45808087 2384.04420067
-457.040009353 1224.55924816 2386.16940331
565.719538429 1719.05825784 2342.21329665
360.552662693 1828.16028288 2371.95099445
1223.04989093 1977.59804375 2374.03462754
221.131120479 1952.17819519 2362.27501582
-83.652925495 1684.08444028 2364.17520322
657.959802268 1660.18194007 2361.68370094
-87.3603751525 1519.02638665 2363.97933031
7.47415747999 1239.09041463 2277.80033766
219.568850953 1699.40663634 2382.13190831
19.219288288 1720.06172427 2360.92473515
556.975278242 1961.484486 2372.8904063
1805.18081833 2276.08119323 2375.4947436
-107.788308095 1747.38974947 2367.8273711
213.054362397 1647.51467689 2374.51058431
-42.9963459782 1387.00025372 2373.59018546
1265.94193194 2225.08451322 2381.97278525
1366.28003588 2093.02225681 2372.00067514
805.824444839 1718.60353641 2368.14029041
-72.0096819295 1860.67513446 2368.92753569
1760.86814031 2164.79298358 2353.41370886
-107.015688267 1747.69479474 2358.03912026
-98.4629644125 1881.9120649 2379.80536153
154.123363809 2043.96853841 2382.51884905
2192.42816105 2324.03739813 2374.90972576
-100.77143006 1851.13538923 2364.78841898
-155.406689566 1763.14263535 2368.07703491
-108.126452142 1482.98547061 2356.40094843
-135.940794781 1905.70307922 2314.48371154
2042.09804567 2273.25695699 2368.35673461
272.191736608 1885.32690091 2374.68657548
-25.491717777 1769.10176934 2365.86278901
70.6470355605 1989.41211786 2366.98313391
408.496584214 1868.86749188 2354.41046023
1368.34801586 2058.62622715 2374.92827247
555.106279914 1685.3204958 2373.34296248
1656.2058538 2177.7219068 2363.40111608
65.7791166759 1814.60476156 2373.48257148
-43.8400398452 1329.26104127 2353.44450605
-120.234852127 1370.07077241 2390.95504112
595.474429669 1898.47752344 2351.40636325
-194.853017292 1821.61911428 2358.96266951
978.214723198 2000.91299464 2367.61824484
971.540132271 2111.31623742 2358.94746029
-130.294534811 1805.49721978 2367.72904596
-858.823751117 1333.27118211 2355.30767642
-131.178757507 1658.49916626 2368.83062162
-149.828210456 1639.91711524 2362.04873315
6.08845892666 1850.22113034 2354.81288146
63.8925617834 1525.37853457 2364.78696232
-86.3952599491 1623.42976692 2366.10193038
71.5123743107 1774.57358436 2363.11201047
1029.86155583 2032.13482842 2361.99226177
63.4981638766 1931.2858036 2349.35208814
107.754042632 1588.32830687 2357.25323475
1229.49814869 2035.91364406 2380.48149845
2064.85887854 2601.27283705 2766.04100154
2388.74477128 2642.3223645 2758.48147091
1684.98707863 2551.34051042 2769.02864317
2645.98176581 2741.48248985 2795.55038891
2623.10519375 2726.69447136 2797.21635397
2585.19663075 2716.36953733 2791.85032022
2690.19746641 2759.20006631 2807.16821093
2722.33904346 2752.54782205 2804.28910776
2689.51099011 2768.37724429 2809.72287494
2588.90746721 2743.90210552 2789.90825155
2690.74955242 2779.69272368 2821.48748056
2771.7771409 2798.19714086 2834.05383635
2733.28659461 2787.15527042 2825.63822628
2447.58933975 2745.05078689 2818.47214719
2155.2998489 2720.09343499 2799.65704232
2680.38512463 2791.72215686 2827.79356815
2677.11444753 2780.43841356 2821.33531186
2632.58186466 2767.87958696 2804.63036644
2491.1411999 2743.1262261 2837.32518287
2638.76639525 2764.55357488 2807.24661659
2531.5789396 2736.96328711 2795.34096315
2685.77161076 2772.27926675 2818.48249653
2724.44209666 2803.11876481 2834.06293136
2595.31709394 2776.77837516 2827.58803685
2635.06485663 2743.95739321 2817.09781999
2052.25465198 2673.18808319 2820.43763673
2639.38642479 2791.04090369 2833.62430294
2497.38320902 2771.87424704 2836.16218223
2300.84018973 2677.44143009 2827.09159207
2482.02134142 2736.21239427 2827.84706555
1393.63741562 2602.70976464 2832.17878587
2781.94039856 2821.51305294 2841.98305915
2237.27388057 2746.07194034 2834.45369508
2735.50094845 2794.59386334 2836.03934749
2589.36898998 2784.20924617 2841.61878011
2592.48110367 2763.48853859 2839.44411092
1761.41177674 2626.11515872 2835.52347028
1984.44007264 2684.02921432 2837.09167003
1016.68797139 2615.08340241 2840.53060388
2748.87819667 2810.45228282 2837.02841219
2523.55605854 2773.09456228 2836.37102763
2780.61341244 2809.16271934 2849.19624251
2638.74217898 2792.80903023 2846.06528078
2786.52480925 2818.00973287 2842.51734708
2744.51530477 2800.47056197 2846.10936304
2463.26310515 2772.55291324 2849.30018663
2135.04203638 2703.37885769 2841.96932802
2298.54754996 2761.14515657 2837.75350363
2192.97357467 2721.389409 2841.54948554
2564.82170736 2761.09623449 2846.99673289
2009.01439678 2728.25730391 2847.49185566
2332.29630706 2758.2965234 2847.14579825
2321.23481772 2701.03312385 2833.4504061
1380.2591126 2671.34571571 2843.20456575
2110.80487611 2727.85284834 2840.85997543
1086.58727171 2633.91911576 2843.35643669
2571.91958221 2808.39238443 2844.07578199
2310.69818669 2762.67586773 2840.54362263
2785.30753983 2829.61183469 2842.65340683
2397.10015632 2738.77183248 2847.76852654
2535.3438057 2773.67376432 2842.66746059
2460.65653662 2744.35237482 2842.22417998
2787.46407123 2817.81162774 2841.39352213
2677.85671928 2792.76657411 2846.38961813
2752.71886913 2813.96283391 2849.95793429
2792.54630028 2827.7536689 2848.112176
2349.38311318 2771.74126522 2853.82025073
2269.21937123 2752.35866741 2838.32532217
2654.7242253 2793.54041924 2847.7832387
2692.52523499 2787.90482392 2837.07654559
2627.90548431 2778.47716337 2847.88415318
2742.79868433 2814.91182045 2848.70364822
2249.05727413 2749.78924604 2845.27974579
2735.71342622 2804.77714699 2845.39663667
2728.27224042 2812.85576488 2852.18485245
2533.11752837 2779.80335225 2846.23316194
2794.10630107 2828.39925495 2848.76640639
2793.59665096 2821.12046488 2852.05844478
2451.69725735 2729.75529575 2846.9233594
2630.5779843 2803.33643612 2846.81800709
2635.39389033 2803.84987262 2852.16468573
2738.0291023 2812.1447321 2843.43713073
2238.58727099 2762.83301134 2848.31060266
1281.34365169 2675.54749443 2849.61857455
2346.94632104 2763.89779048 2854.45667345
1571.30500537 2590.14009909 2850.82590722
2400.65400921 2745.45578712 2857.81355972
2619.54371748 2812.52011995 2853.61708598
2585.59037859 2788.44130544 2851.9596147
1804.73985891 2704.72128771 2852.70139351
2665.00920918 2808.56143691 2846.8704482
2216.88140333 2755.78731025 2847.25369134
2483.35893635 2779.12513424 2856.315188
2689.45876503 2821.02736233 2853.2913006
2801.31354181 2840.25679681 2854.80979749
2792.47094132 2831.4271115 2850.02523031
2559.83988345 2768.34774294 2847.0875796
2773.32930907 2832.13829994 2848.03617394
2714.77951528 2814.17084984 2855.50005136
2666.33413589 2811.85210175 2856.23662613
2231.6965036 2670.53178587 2834.23750024
2492.27233424 2746.35986391 2853.18515744
2706.60751836 2811.74820673 2849.66791192
2286.49074115 2769.04213587 2855.50093825
2702.08458371 2798.47621947 2849.46418358
2716.29713956 2810.82676055 2848.47428598
2616.62143536 2803.49336577 2851.61761547
2780.69837551 2832.70967738 2859.34647349
2738.30233666 2814.76066849 2854.28097537
2725.57172586 2823.69503514 2852.93849347
2732.60488477 2819.93887346 2842.65221259
2348.02290139 2754.78829272 2844.35366492
2616.309515 2805.35825821 2849.31279353
2335.17985438 2743.18584427 2852.39296754
1707.4520285 2656.07529728 2855.23428282
2655.71983279 2798.03810784 2855.03805529
2538.3419886 2807.30830194 2857.43498761
2486.53488779 2780.82010933 2854.91655907
2728.75419869 2803.71930315 2851.465351
2653.81232053 2808.86974836 2848.47325805
2773.83132197 2822.42761198 2854.29219494
2663.33417725 2804.22522327 2854.6484658
2746.10643314 2823.1609607 2852.83031936
2656.90072778 2811.3326525 2856.50494549
2751.82999122 2830.36093939 2854.90642134
2725.32755978 2798.68056602 2848.47365385
2784.16861949 2830.71919881 2853.31672346
2802.39082311 2842.31713456 2852.54829596
2448.49704107 2790.98804631 2853.55397439
2215.87629213 2742.425812 2855.53930237
2750.7288409 2813.46342687 2853.60281257
2661.42104147 2792.82507214 2849.85004046
2743.21879854 2805.13533728 2854.0448326
2361.07486574 2755.9610807 2855.73313267
2586.39290517 2809.42454555 2859.42550259
2688.85361198 2803.33080892 2849.56341433
2325.06742003 2780.40567203 2854.06604451
2527.60210582 2779.93744409 2857.55084459
2696.93475649 2811.71759982 2851.76367188
2693.91746359 2806.82422644 2856.22944377
2781.39113684 2816.78635646 2852.75512527
2287.55600429 2772.1582738 2857.06389599
2322.16062544 2721.82308488 2853.79988281
2723.49356949 2825.14667577 2858.40463708
2697.12032078 2799.29907184 2856.2789069
2686.36943538 2810.33798964 2861.12379966
2619.04987647 2812.11148258 2858.87662146
2745.07244568 2824.82985267 2860.52347356
2625.67414899 2813.39326647 2859.13095822
2152.00415808 2715.69739457 2855.17333114
2723.78414432 2815.73528757 2854.40695181
2733.57899339 2816.14426883 2860.25174234
2478.69964155 2771.7409238 2857.99597867
2485.22712774 2782.37231484 2857.19196516
2644.47776706 2802.31070085 2857.50377631
2689.61496178 2818.96523374 2857.70210197
2557.87464577 2806.13658672 2859.18307152
2784.62960902 2837.03952331 2857.4369256
2803.42184345 2836.19177207 2850.9115972
2722.99952665 2812.60329567 2850.89477659
2703.5613217 2816.3586486 2857.98382376
2532.83193693 2793.14147072 2859.4263223
2777.11262288 2820.77821812 2847.00647913
2678.3196255 2811.98018687 2859.40546943
2773.15108002 2825.57221311 2851.28518426
2534.13553704 2792.50740642 2857.66525231
1972.75109164 2754.84161338 2856.14207394
2732.57697863 2826.63951401 2858.34267165
2839.3046374 2846.6772164 2855.87295179
2792.86961957 2843.30435195 2857.18982599
2801.60423991 2841.1642979 2855.74304179
2503.49288605 2776.30425302 2863.37954814
2652.38985997 2817.95128774 2861.53914552
2719.69668546 2830.77049553 2857.49582069
2733.3360496 2829.3919379 2864.37084969
2715.02661419 2811.37341365 2860.53616744
2692.73766448 2822.50274845 2857.35408166
2418.61487578 2788.65751402 2853.15728824
2801.48318494 2839.8698347 2858.54560906
2702.40409722 2795.70127619 2862.1152297
2784.5695193 2834.47419263 2857.18895552
2744.59495077 2828.61136208 2859.67557629
2672.49672261 2819.34034143 2852.60775751
2718.57544296 2798.76380553 2855.80031218
2766.5792485 2830.6190644 2858.26626481
2739.04397475 2817.79984378 2856.92251914
2657.31998919 2810.31337148 2859.29988592
2772.50493738 2823.911057 2859.85210058
2676.01762545 2813.72437792 2859.02560695
2676.97658354 2793.71172532 2864.04405007
2698.91240268 2803.51683539 2857.89280717
2485.54393083 2784.0419094 2863.81807405
2756.93315925 2822.61780759 2857.14786978
2657.96825429 2790.77804908 2855.55120563
2694.5777457 2811.85088003 2858.1189831
2780.84836038 2835.08631214 2859.35641635
2804.00405676 2837.83621351 2856.86806541
2687.50096819 2835.31625658 2860.86742092
2738.48290527 2820.88146651 2855.75844409
2775.86011624 2813.8785817 2860.65402694
2793.46054089 2839.21983349 2859.72388512
2447.22240109 2790.87848136 2861.77314231
2541.38531765 2809.59222069 2861.90418858
2624.21566313 2772.31058103 2861.13421528
2639.94249558 2801.63976834 2859.89533106
2675.34898562 2789.94725894 2854.54024265
2751.78627152 2810.20112227 2851.1664062
2742.71030625 2801.49160006 2855.73708678
2745.50068312 2837.37288605 2858.60855452
1550.93432256 2680.59691095 2856.1794209
2740.65221554 2831.11500798 2863.46894779
2756.47950034 2826.80983261 2859.63136213
2659.26779817 2821.25760501 2859.34207122
2690.24321235 2822.79586839 2857.33391992
2588.13895023 2792.50735226 2858.42277082
2635.00327857 2786.28450507 2856.96279344
2611.0284951 2799.897696 2859.41526297
2739.69946475 2813.2578747 2864.22000002
2738.86086919 2829.95703293 2863.65911246
2747.17156577 2830.43399075 2860.69606809
2756.40805335 2819.78576225 2859.9359237
2784.61409605 2828.53218092 2866.64528733
2809.36894947 2849.49548616 2860.51200231
2743.30377284 2824.52878343 2857.2169894
2783.74125987 2828.65389109 2855.24224677
2792.3544239 2842.05631448 2856.3086427
2430.57444651 2764.78638541 2861.88734566
2746.47448012 2841.01777008 2857.77347938
2743.65501811 2821.53970191 2863.24041392
2421.58962386 2793.96685926 2860.99950941
2708.94948732 2829.01985172 2859.06084974
2659.31957056 2807.65207423 2856.02683963
2485.44044899 2765.47041724 2864.74346207
2810.15271907 2849.83904746 2861.44105228
2735.30590206 2814.46645703 2861.30918388
2801.24462636 2837.46537206 2863.63834145
2656.698941 2826.18011459 2858.25457213
2777.69612807 2830.12026401 2859.2856683
2553.97706728 2785.16430763 2856.79445039
2758.33792286 2839.86800634 2864.84362866
2107.25945858 2769.17676322 2870.09754846
2501.827137 2797.577517 2861.85958775
2753.45054815 2831.71575739 2862.50077943
2801.19154788 2830.93879722 2858.03415135
2757.12771046 2825.72484514 2861.90354575
2687.91852947 2822.23848969 2859.01150061
2746.92157856 2818.98419788 2860.13716169
2755.52768934 2823.17053906 2860.45999629
2704.90628334 2828.32473946 2867.80817885
2706.43510887 2821.51185081 2859.72678621
2802.26304952 2838.52328378 2859.01735802
2757.47298716 2836.90822313 2860.41718807
2758.27999402 2836.6711437 2860.69078318
2757.72137524 2832.86737761 2861.75551002
2752.22029659 2816.21842888 2861.78054564
2798.90997554 2834.87394149 2863.19370892
2808.33874802 2843.62511722 2859.14037732
2701.61752021 2827.61957522 2858.62691659
2800.42228123 2830.27626807 2857.23635373
2733.08379853 2829.88443948 2861.67643094
2801.22452563 2846.44799619 2862.56419193
2844.43913889 2855.02047424 2862.41174754
2752.37784461 2824.87462875 2864.4600685
2768.82970287 2835.63018934 2869.13407232
2698.0078706 2831.45772119 2866.78745669
2640.8523134 2810.10422042 2859.36139736
2753.72140142 2826.54579942 2865.09832154
2602.96639227 2815.09657698 2860.09948312
2736.99204333 2828.2613228 2864.16488559
2618.01291408 2780.64559654 2865.13423443
2697.61874501 2796.76571615 2858.42116028
2603.50914409 2818.58974215 2861.88261473
2658.65487134 2811.51490467 2861.61572808
2690.02077376 2820.99607376 2864.35434247
2693.39224597 2807.78844175 2864.15677208
2551.84184735 2802.13346539 2863.89650615
2657.8177172 2792.27305922 2854.96202746
2700.82680448 2808.86892867 2865.91993544
2753.05606297 2831.87613239 2859.79032503
2755.62674617 2818.64254156 2863.25235711
2801.0572514 2845.66636494 2864.49679801
2799.44634246 2851.38939641 2861.50895722
2669.05049913 2816.24986194 2869.03955592
2696.946494 2828.39909196 2863.80886569
2752.04249903 2844.49561655 2869.23395456
2758.82106401 2824.40613626 2860.55010914
2756.43534147 2824.8192642 2863.58701919
2804.90236995 2844.29283058 2865.89364573
2739.19374717 2822.25250576 2862.90445998
2795.70327265 2843.56640685 2867.81241937
2765.00523892 2839.13325697 2862.19312207
2640.28616663 2808.37068581 2862.44453037
2686.75940935 2813.46450924 2867.02237976
2740.97854961 2827.72487079 2858.60191005
2760.17409988 2837.84110561 2865.4923779
2607.25965635 2803.44885387 2864.51933285
2600.55484782 2770.03439202 2860.32657256
2759.69483019 2829.23527975 2870.10695302
2737.38297548 2813.64541027 2861.23369914
2717.72118444 2831.43047576 2861.30366274
2614.08489467 2784.31152126 2866.43400526
2729.11989094 2837.72016242 2865.52140921
2839.35528676 2858.30701654 2867.20689437
2801.64574031 2839.27273803 2865.39977549
2761.45626831 2827.66486755 2864.19888842
2815.18115016 2850.52221977 2864.3657212
2690.24742127 2812.88226575 2862.96252547
2794.9928698 2846.06453312 2867.70764743
2665.19234773 2820.35430974 2867.32827586
2780.09013851 2822.81352086 2867.86828266
2704.65195801 2819.16628591 2866.16161291
2655.58926416 2779.49960714 2864.52612715
2814.34966394 2852.90459134 2866.03396565
2759.29688736 2845.6990334 2861.09857343
2804.44050295 2836.84403925 2866.06264324
2711.00895831 2808.90016936 2863.31034022
2756.12454123 2835.76745691 2869.29658325
2755.71668861 2813.94704251 2869.02734769
2792.42433317 2844.62598927 2867.26221374
2662.84672735 2803.67928102 2869.06705079
2601.94373061 2817.20701685 2868.63786427
2758.48664374 2819.55175238 2863.11846836
2711.9433314 2834.55757845 2869.85659521
2802.19209272 2841.59231452 2872.38009347
2768.91163023 2824.39775252 2869.93643121
2656.18933548 2823.22982109 2867.23842228
2754.07169011 2829.33930015 2865.19919377
2710.43411535 2813.71858875 2864.40678854
2704.89805004 2828.62734863 2873.30254569
2803.38282388 2843.19387951 2870.75127533
2576.06343049 2793.36095395 2870.52633592
2567.55513369 2797.55855766 2873.71463593
2716.2673202 2817.9635948 2874.90700527
2434.41965301 2796.57792552 2869.45574765
2604.67202183 2814.37689975 2871.47768073
2570.00846617 2782.52877955 2866.38640798
2761.27115103 2831.9617893 2871.63081473
2721.30678001 2826.41178083 2868.71904984
2764.4530855 2823.33689223 2862.2605011
2609.14010032 2758.43660965 2846.93067347
2713.10795861 2820.32868895 2866.55256668
2768.66950018 2846.90203582 2869.24114335
2772.53514577 2840.34696312 2869.43410672
2749.18856603 2829.32852927 2863.52507768
2556.25270376 2814.97701277 2868.55977674
2748.60324878 2825.53444599 2867.72234879
2703.06931086 2823.74128327 2864.01981243
2810.43520008 2852.82806863 2867.29200644
2763.88657238 2823.72256578 2861.65582935
2509.6259821 2807.81876995 2868.6232085
2618.03050063 2797.40775197 2865.28429514
2768.72878273 2838.53971006 2866.88549455
2764.6606921 2832.83700909 2864.34754052
2811.40399736 2843.87378334 2869.34158431
2572.26260594 2784.12361143 2868.01303133
2759.80801724 2826.94371406 2864.21890098
2557.92495476 2730.55455442 2867.76862681
2720.31089022 2828.20531588 2869.47919041
2661.22972482 2803.18360092 2865.51486073
2415.55156869 2760.31056653 2860.79246283
2791.6778331 2841.59102347 2868.17626169
2810.34750795 2854.94261522 2867.93722791
2699.00526669 2824.98992807 2868.79504621
2805.15918058 2835.8632824 2865.74184309
2718.38502679 2824.36287879 2863.82635403
2749.71879624 2838.65767295 2868.85245147
2811.89174956 2853.80637255 2868.14732722
2701.91801094 2821.40095378 2867.71348653
2799.58162995 2832.9424341 2862.90649863
2776.23993445 2840.48470406 2866.51015303
2656.57790924 2804.00971719 2865.99518054
2745.70961355 2833.49937229 2866.14873601
2695.57092397 2815.73866317 2868.36859427
2804.20005354 2840.58056103 2865.902043
2659.40522102 2829.02971938 2865.04577227
2760.13986645 2842.75643393 2873.00875057
2605.19787322 2823.22194009 2868.06092572
2845.84265748 2857.22835792 2865.25553563
2800.4001238 2856.78354117 2872.49419925
2766.42851339 2841.65505202 2869.1112892
2800.90805864 2845.56502549 2868.17195475
2741.83471639 2833.25461207 2866.32574725
2715.39722182 2824.75796761 2868.27387801
2706.07538684 2829.02612753 2869.33266336
2706.47591148 2805.42212144 2868.07331163
2719.52274199 2829.22948896 2869.02521552
2763.18187456 2826.03030336 2859.17406368
2655.68012505 2836.65858344 2866.23804703
2760.55205603 2829.17644732 2863.60906676
2792.48326403 2841.96494284 2870.09729682
2589.97749098 2791.31522799 2863.44026548
2612.85178507 2819.49453891 2865.85565073
2649.44743715 2808.40972495 2870.58809381
2666.54405045 2790.43438079 2866.31549998
2760.43063509 2825.14222135 2861.17285247
2698.61554908 2810.43019678 2866.5798663
2713.54550622 2829.14147086 2864.65064349
2751.97844842 2825.44779148 2866.99969538
2655.98412579 2824.04901913 2868.30909163
2540.49971899 2828.66984392 2865.73063516
2707.96712055 2828.23509128 2863.43045697
2461.03397844 2774.17719039 2866.24355026
2699.15669508 2830.42776763 2869.03605463
2795.56830458 2853.39334399 2868.62958575
2738.45527775 2831.77809623 2867.79071961
2813.56824079 2853.68737424 2866.09818443
2764.6502551 2832.21159529 2869.77274318
2814.86675025 2857.99560689 2870.99959635
2746.57269039 2819.2027945 2871.31287936
2705.59964151 2823.43674483 2864.81300687
2612.01873985 2818.14991154 2871.32927218
2745.17691655 2840.701087 2867.14147992
2709.01266818 2828.76175762 2865.85308258
2405.55630887 2783.61725278 2864.03250999
2792.4307556 2841.85177085 2864.12849398
2677.44271946 2805.31323808 2859.25135193
2530.30677327 2813.27401234 2868.58733586
2806.44613048 2844.71214221 2870.14108423
2667.16540489 2833.2379835 2868.41328013
2712.01541956 2821.85991113 2862.54939349
2764.04681569 2839.58321819 2868.60605285
2756.01365662 2837.83084395 2864.6528577
2552.7966734 2807.78766195 2867.85729383
2797.50803033 2844.26954067 2865.49856662
2702.62069859 2805.27324974 2868.49968438
2617.44705505 2824.93624276 2867.27395413
2701.51506783 2833.77606257 2868.91964309
2495.80983064 2808.86218267 2866.50592792
2701.6955951 2829.86470062 2869.99440998
2762.13795824 2841.44610272 2866.64375986
2812.25623154 2851.29711123 2868.78510086
2758.30280115 2828.52406792 2867.01658799
2593.38612937 2803.67590725 2868.27899719
2549.56094794 2775.58670241 2862.06223378
2715.74137671 2829.05837198 2864.82448937
2708.30455962 2826.09847235 2869.04052935
2601.56910915 2774.70932468 2861.51988068
2646.96877818 2809.98494919 2867.21744773
2699.23336793 2830.90196151 2866.73898255
2756.42418975 2814.97253705 2868.94241504
2821.31198505 2855.31776477 2871.35053975
2597.33488523 2802.19126488 2863.85559524
2440.16875628 2758.94120254 2870.67601865
2402.08326808 2801.72241453 2863.67008081
2320.58779669 2764.40320232 2864.64044516
2655.11912285 2816.58251678 2869.02133124
2811.62464036 2855.97449305 2868.63756832
2812.61892356 2849.66374743 2863.72658842
2694.39841155 2814.14578151 2861.66581899
2616.06339624 2787.93420459 2865.11650503
2800.27826152 2836.72452793 2863.90782208
2797.39178782 2831.02748949 2863.58619822
2808.32077541 2847.21061653 2868.63991981
2702.48567574 2791.40091901 2857.41390731
2699.51836608 2812.40527037 2865.22281527
2706.99208998 2833.43334993 2869.55971524
2802.15117092 2844.49385717 2864.01074504
2650.25250112 2803.54858872 2868.55562279
2754.13158762 2837.58016997 2860.45629301
2757.04054841 2836.17229475 2866.65001818
2810.06319411 2851.05253723 2864.41583246
2572.2802965 2814.93935406 2864.62993752
2732.98975588 2842.87020555 2871.10889108
2580.82507463 2812.23455157 2870.07046142
2747.9087795 2841.45258698 2865.34321192
2757.69653799 2825.82178742 2862.82731691
2749.46730127 2814.61927571 2862.00055089
2722.97889238 2826.22753831 2869.11898656
2754.435353 2845.8468464 2865.28897064
2665.5580394 2833.70743052 2864.84678321
2753.55532055 2826.02612798 2865.39903282
2664.81934735 2832.33288123 2866.59741059
2806.87789506 2847.0227967 2868.93983009
2787.50227954 2839.74082838 2864.38288817
2798.11543348 2845.77707975 2864.81778563
2329.41902784 2798.04340781 2874.82320628
2806.61091549 2849.22569285 2868.32536632
2567.55353999 2791.71024907 2860.28196658
2771.96472381 2841.72265428 2867.76887526
2714.42442523 2827.67466889 2868.58121083
2657.2157296 2791.36813508 2867.0375846
2770.15892642 2832.96582303 2866.97208599
2709.51886502 2824.29980349 2865.85822636
2724.87281713 2807.18509888 2863.66720125
2760.84786992 2827.85028252 2865.34417067
2812.7591524 2846.56609745 2867.54792277
2766.92611446 2835.52283972 2868.02672511
2700.90433996 2830.72214428 2865.32197785
2707.06397937 2814.88445484 2865.38060389
2786.71605129 2836.68946459 2866.36549822
2733.44759099 2829.63311845 2866.01502164
2662.37655804 2812.5698499 2866.3738384
2762.44384348 2839.51943841 2864.94610638
2794.16995417 2848.23693679 2870.164161
2748.93532959 2819.94944497 2859.15498672
2703.76022331 2805.0257005 2864.2346198
2806.17591769 2848.14053804 2867.38890306
2687.51353821 2828.29046273 2872.43284966
2803.34633784 2847.80485195 2866.95253583
2734.17865218 2849.16739148 2868.40608815
2768.45100124 2839.82055642 2871.91876738
2711.59463332 2828.34073406 2871.00516551
2558.78627788 2785.10049224 2864.33095188
2670.49769224 2811.31103998 2865.19016595
2819.56890349 2855.34321933 2867.78716651
2699.64139903 2813.3743846 2864.37592227
2761.17557917 2832.33113774 2865.87529069
2399.50400092 2812.58563499 2874.09036993
2665.47919487 2813.17684102 2868.2494588
2503.65964852 2802.93257676 2860.85877802
2614.62105983 2813.75132088 2871.01354359
2571.15697215 2796.84016432 2873.61253879
2668.1120527 2823.88587797 2865.34360566
2807.18074385 2842.00155254 2872.40265203
2753.86435571 2814.85535816 2860.3691526
2765.77933732 2811.70552042 2857.42605801
2682.58337026 2832.918597 2867.64404742
2730.94515918 2827.52408056 2868.16831048
2798.68607125 2834.31588046 2867.03915145
2763.9105412 2828.84417735 2870.39832756
2718.9323716 2831.63722269 2866.06384487
2673.68459046 2801.23952047 2867.4993752
2757.67636877 2837.8174161 2870.72276335
2756.07319352 2834.36292667 2868.94541617
2756.69563053 2835.35407901 2867.18722242
2761.05345409 2830.23164049 2865.31246665
2609.03665622 2808.70878012 2871.48551597
2708.12547795 2839.45966736 2876.94201238
2616.11216394 2805.22254878 2874.7963243
2716.28190091 2813.66937479 2868.01001732
2703.64465593 2817.0295925 2867.18657878
2647.18537211 2795.35279862 2868.02913594
2814.6854936 2857.4806392 2869.32080687
2667.60732739 2794.25699948 2870.60653514
2802.2058125 2843.50538671 2867.44568386
2794.74825773 2849.97029341 2876.10011348
2767.77815378 2840.77723748 2871.94606976
2608.27925966 2762.51201596 2873.2805096
2656.27922996 2790.96333783 2869.32349013
2674.2206102 2802.1439629 2868.59055491
2811.78126449 2854.98926066 2873.23703716
2759.57663614 2827.87514379 2865.97216884
2551.0227996 2774.54557434 2865.68671677
2719.24831339 2817.3314383 2866.97404895
2459.76024834 2766.94376774 2869.34941097
2760.56915899 2827.91793686 2866.99619847
2627.21008545 2823.42286005 2870.36730392
2766.33851543 2833.5948383 2873.43291907
2723.96287782 2801.17398276 2870.50156245
2672.87476962 2789.9044122 2864.60924164
2812.72886876 2850.39599947 2869.13564326
2569.11850869 2812.62172104 2870.48901864
2368.64841276 2778.24249606 2867.25151361
2455.45873234 2787.1432984 2870.18480074
2723.93689704 2827.86586171 2874.54942056
2722.15873424 2824.19702068 2870.77033969
2716.52607889 2809.10178597 2869.03471502
2769.0985041 2835.11564161 2869.15829393
2763.67903398 2829.09775275 2872.08595522
2761.44032239 2825.23369336 2860.9069072
2813.25204673 2845.77497498 2870.37672707
2754.02363728 2829.09430778 2868.0813635
2812.52153904 2851.71302074 2869.67403071
2624.56651382 2819.53701106 2874.3453055
2663.07077515 2808.51374258 2871.15774893
2615.74765173 2794.79766287 2872.60237008
2715.7512214 2822.7987902 2869.73321101
2715.2296338 2837.53023909 2869.69076531
2497.47364642 2800.74777489 2859.91179748
2664.95644217 2801.10358218 2866.16360801
2757.07380028 2827.26389598 2865.59059742
2806.57937498 2840.52992921 2870.68734362
2806.03455663 2852.23522991 2874.02605887
2760.21491906 2841.72191882 2873.9533004
2818.23570581 2840.54836994 2868.7351602
2661.14476292 2830.91667751 2872.31024769
2754.22722323 2833.81708466 2872.64389981
2777.68065548 2819.32677924 2873.75441574
2817.63539992 2849.66906462 2866.42801036
2759.75760026 2833.57589589 2869.83140969
2668.52528587 2823.56208358 2870.08414003
2755.18094641 2822.46864938 2867.95570409
2667.47980533 2827.68960688 2869.73619312
2777.1201223 2844.95300326 2866.57847428
2809.21117958 2842.44262551 2873.21849663
2814.55264463 2844.22002042 2871.79754054
2758.71763912 2827.69135338 2872.0251104
2715.70772618 2827.89500801 2878.85466712
2621.33456936 2812.32625917 2871.29059189
2773.46958328 2849.51329048 2868.66888878
2700.55344668 2828.66721042 2868.81763998
2809.5594091 2846.46216871 2870.67284268
2715.78871752 2828.15508813 2867.06989171
2764.15087225 2822.46964327 2866.35689681
2662.87099903 2807.32448232 2867.78513824
2802.16902559 2843.3270172 2866.34042088
2710.46061894 2821.93936156 2871.77110116
2699.30318584 2814.65205929 2864.25528997
2660.3225001 2802.4316203 2868.65401919
2752.53047093 2846.5497487 2871.88596045
2805.7572944 2849.62157816 2867.78063977
2597.63065643 2752.09652874 2867.22707853
2428.15496387 2779.12029116 2866.31125512
2611.01988518 2817.00695693 2864.98782419
2814.46324336 2857.85586747 2870.87428546
2757.40951583 2827.38352399 2872.14985531
2809.084475 2838.16488259 2867.00588666
2764.46496534 2838.56722364 2866.81085136
2600.7421201 2783.26621066 2865.78494255
2688.71232428 2809.66252292 2866.83456367
2703.23317742 2816.5183609 2872.12681032
2603.50722234 2811.56491712 2861.3229131
2556.98394739 2779.08820724 2866.71654432
2670.18913184 2814.23679604 2867.03108578
2675.01431438 2820.5006375 2875.26086864
2661.39938487 2788.86143551 2861.53550956
2674.0014879 2819.87715875 2869.85936343
2714.85439559 2819.26348181 2872.50274361
2664.65936319 2827.56091776 2873.69082997
2798.12572878 2839.63765587 2875.60521293
2651.2031025 2819.91698715 2874.98038296
2555.17523252 2802.78709389 2870.67014507
2673.88227257 2802.69919661 2874.48899755
2807.15512508 2840.20719593 2861.99504327
2763.04027137 2812.5196959 2868.27721812
2720.1526391 2827.17904862 2869.65799509
2720.36098748 2823.45528719 2871.27836233
2709.10433618 2808.38007165 2866.58136438
2808.35810276 2837.3836701 2870.16392501
2771.92725308 2817.94876035 2868.21212023
2613.87687066 2801.79729116 2874.18947691
2662.26588828 2816.57864225 2868.30564358
2668.71941334 2799.45069244 2867.55541878
2666.89807609 2798.12212325 2859.36103234
2721.6203984 2830.28946462 2870.2953097
2761.85797238 2821.15003295 2868.68317729
2770.93976343 2838.40850121 2866.13280184
2764.28713399 2846.61109044 2870.70893243
2808.50417143 2844.64499318 2865.71136321
2699.60439555 2819.99471399 2861.15942261
2766.29211887 2821.32804934 2861.0294599
2720.35145593 2833.60236345 2870.87877564
2759.1173979 2825.57788236 2869.61012442
2753.49714035 2839.41406251 2866.92619473
2711.82234685 2819.62966788 2866.93157874
2721.93781821 2807.84835783 2873.08260454
2203.24319777 2694.49681996 2860.33562924
2702.43634817 2817.91394777 2871.75173082
2664.30207062 2814.50878386 2867.22657833
2673.95132259 2813.52531503 2870.84110946
2598.90968897 2800.6880674 2868.28866139
2648.7147241 2810.70234037 2872.12081275
2623.33535238 2794.22267436 2863.28489344
2762.27500182 2839.28532808 2874.85235879
2550.54955587 2789.41499271 2864.99616035
2508.27883404 2790.06659589 2867.6829352
2762.6332807 2826.98146466 2871.36477233
2717.99997993 2833.51453667 2871.17030787
2671.59507979 2824.96610823 2868.53516891
2772.60264209 2829.16642091 2868.99265782
2561.53722257 2798.20896268 2871.96189173
2814.8896175 2847.29502035 2865.67657538
2815.50017001 2856.39484371 2871.92158385
2774.37557835 2839.30934271 2867.29370404
2807.52386774 2844.97865375 2868.15831283
2471.73158787 2785.7129482 2870.10636071
2718.92852014 2818.75982326 2864.34700051
2759.60077283 2817.88747234 2866.84227022
2730.17413671 2836.52745237 2867.22795328
2761.30992364 2844.2103374 2872.69375244
2767.41951651 2838.79602374 2870.93152828
2765.16290062 2820.60770879 2864.15410659
2711.79304138 2823.05931408 2869.03793683
2708.36373592 2817.67296758 2866.85706639
2769.03912334 2839.05685152 2870.24629552
2762.96460464 2838.51456918 2873.69492907
2753.90208692 2836.73902959 2868.79235054
2723.9106037 2825.61480343 2868.24972073
2668.49360148 2795.98093563 2867.35950862
2764.08464629 2835.73919737 2863.64152045
2718.67840997 2830.75317008 2869.48203901
2766.47364465 2835.23222771 2865.72473172
2766.40429932 2839.61589118 2867.06749615
2598.62092265 2802.15716886 2860.67319934
2667.07933701 2807.81519124 2875.11547
2671.91387695 2783.08052376 2860.31261974
2801.97672948 2829.50291437 2867.70996135
2717.59651114 2831.467344 2871.34548736
2666.25470615 2808.55184747 2868.19324531
2817.28309507 2852.79679679 2872.21430446
2769.89021939 2846.1126521 2868.66784023
2817.22162832 2859.88441069 2869.1991141
2761.18017869 2822.12872576 2873.66730568
2814.69923403 2847.0245332 2872.06994572
2721.03251803 2801.63823858 2864.9167381
2713.734462 2822.59834731 2868.43333117
2663.60126957 2801.07520706 2864.27554555
2665.88218605 2815.1894365 2869.92908059
2622.97608452 2804.13430776 2868.23698248
2715.64569292 2812.215483 2864.57611079
2710.6483628 2807.6945297 2867.20577817
2767.00993944 2822.19429322 2870.28311979
2669.19048559 2792.35526108 2873.54686625
2720.9113292 2819.55068407 2868.26651106
2673.38575062 2810.63135768 2871.16209758
2806.07402887 2850.57229241 2873.82097767
2765.0931521 2830.1635783 2868.27652703
2706.09951582 2834.3406855 2868.58332496
2804.90168181 2848.85670457 2875.47666032
2666.16626008 2813.61784048 2874.16310108
2759.24757115 2821.87374582 2871.35019061
2720.88033944 2821.8275546 2870.89476612
2648.8509241 2806.6078087 2867.85058258
2717.98739707 2817.86514635 2873.2159473
2662.30635694 2814.59153459 2865.80689275
2725.34158769 2843.50102301 2869.95521616
2770.08356753 2830.1173101 2873.17083281
2517.28927511 2789.45413167 2870.27731191
2670.2258106 2796.18770131 2870.12838684
2664.98521225 2809.50621724 2868.64567905
2753.52143664 2840.94302058 2868.7847046
2674.47803922 2791.65710736 2874.06705999
2711.05601239 2828.92532247 2864.03724097
2586.39920663 2797.08932897 2867.27772761
2811.65482446 2842.92691987 2868.88103678
2769.20917481 2827.90054846 2866.64789184
2667.27831598 2814.28920524 2872.22580166
2798.49381443 2837.47756096 2865.94907109
2812.63326278 2851.27962631 2869.36123985
2709.01496344 2829.7139439 2870.84425262
2775.13410104 2845.34960031 2868.51935282
2808.95996936 2837.05384957 2866.48497284
2666.1304249 2818.94504999 2863.33653765
2763.19456452 2824.48384913 2866.36195105
2762.43029373 2830.03558899 2868.85300992
2758.76230098 2838.87985223 2870.49868905
2811.11845767 2842.88985069 2861.5386414
2817.18745372 2854.47043362 2869.7578431
2716.32614816 2843.52506542 2870.42120455
2694.12491139 2818.25036996 2865.18476133
2805.06942468 2852.7709759 2874.17548451
2743.27489774 2817.60677469 2870.49060426
2765.52180797 2834.30022802 2864.63088593
2768.92986379 2839.12074447 2867.11307706
2715.61162546 2841.39943896 2871.06001601
2769.52198521 2846.95109412 2868.0220019
2813.66978788 2844.94737548 2870.84260405
2805.2461633 2845.0389372 2872.28051412
2814.22491704 2852.59569193 2870.01717001
2761.97551586 2830.38188507 2865.92399782
2494.60575784 2812.4075788 2869.83000871
2714.23013211 2814.26744354 2868.08233383
2762.09424401 2824.96320446 2870.96026022
2656.71652614 2832.18716305 2869.65824584
2659.20143658 2832.97865423 2870.27353888
2762.05580598 2841.81288826 2870.92291638
2722.90660102 2827.8716862 2867.85410151
2752.29875602 2836.13967687 2865.17812959
2705.73108621 2826.50082721 2868.53116084
2714.9844347 2820.07173311 2871.22517271
2656.8788572 2822.86872008 2869.1008736
2766.71032219 2824.53418746 2867.81600061
2711.25830931 2814.57356221 2868.47913109
2651.78449011 2802.8839603 2873.81104935
2763.75217969 2806.90495126 2862.56252645
2813.71297425 2853.87590012 2869.37523396
2725.66511213 2823.87751023 2872.19495542
2810.18889747 2845.4008657 2863.49946679
2763.96197779 2836.91507761 2866.70100974
2714.29399008 2813.54111961 2867.18509869
2768.01940993 2852.00615644 2874.72068192
2720.24758354 2845.54278978 2870.64336207
2805.54192601 2840.08159532 2872.30534791
2816.76732211 2850.39911809 2870.61108719
2658.79888387 2803.1973204 2870.26115118
2765.77587299 2834.38817333 2870.26774858
2810.06005505 2837.84093933 2867.21794253
2716.47662119 2813.32409863 2866.07056165
2614.74444099 2806.25643053 2873.16951464
2761.10568108 2829.63685742 2871.92171616
2811.08188779 2845.36754121 2871.06182491
2761.96661422 2840.33955033 2870.06721884
2760.45820507 2846.39304024 2870.08238157
2614.6616287 2815.36953035 2873.38551875
2720.83183656 2826.35307175 2873.0297208
2661.26408263 2814.74092098 2876.48600555
2718.55568129 2824.32391185 2867.17789326
2807.99124255 2828.43180109 2865.1171578
2756.42338985 2825.65541504 2867.27233103
2804.91536083 2845.70286529 2869.91309259
2806.56127779 2846.43633574 2865.74981396
2812.04737981 2858.85364057 2871.59834726
2716.67376419 2826.62808428 2866.93756223
2761.47512694 2822.24808336 2870.0553647
2808.11945598 2840.64365318 2869.92303921
2758.35213705 2840.76777857 2872.63692761
2710.14261238 2848.29768767 2870.22974058
2559.15832877 2809.40351572 2866.55089375
2647.16497891 2811.13902708 2868.50980372
2767.93321556 2846.44010918 2870.67481486
2763.3160292 2838.7816655 2864.68704279
