-39545.9211864 -38995.323047 -38579.0071204
-39915.6303888 -39143.1114659 -38513.011032
-39785.4832266 -39093.5352589 -38058.1238745
-39517.6825729 -38724.982786 -37970.7138093
-40024.6479728 -38960.7511196 -37954.2187497
-39796.9053098 -39112.9093024 -38186.9563175
-38915.9070506 -38363.4783634 -37529.9056875
-39735.253603 -38537.2488908 -37384.9898338
-39492.6764746 -38397.9884336 -37620.2833041
-38417.0190789 -37738.2476061 -37393.3692231
-38676.6502623 -37866.0964961 -37544.2103771
-38339.806036 -37923.0765128 -37531.8604574
-37967.8632117 -37537.60291 -37169.5358393
-37759.6142026 -37421.1760542 -36869.823714
-38265.9162534 -37661.329725 -36843.9541756
-38003.8638471 -37444.7554406 -36913.2365409
-38220.4609723 -37371.4534182 -36653.5916179
-38162.1576909 -37617.248519 -36754.7839709
-38128.7265769 -37511.5269555 -37047.8511301
-38033.9252702 -37641.2566552 -37157.093772
-37707.9951706 -37450.0712929 -37052.9045978
-37638.4428721 -37153.3624665 -36539.3661952
-38065.142038 -36974.7293662 -36428.9531523
-37875.0063407 -36991.216253 -36457.7858139
-37595.5896545 -36949.7391069 -36371.5215069
-37535.7780104 -37018.1102302 -36431.6014609
-37874.1137992 -37295.1756286 -36577.8287228
-37051.3067266 -36655.6190579 -36281.2463563
