-9638.23270555 -9520.49020906 -9370.72901111
-9448.22080758 -9252.93774185 -9097.62706592
-9414.69103438 -9224.32112266 -9111.1376516
-9383.61739474 -9312.30781632 -9165.0529585
-9368.02204278 -9233.2731711 -9089.20423854
-9285.47322353 -9164.73731094 -9039.66956315
-9355.45908873 -9137.58513933 -9020.93985078
-9497.17600904 -9233.29615981 -9082.98193375
-9454.10214272 -9254.32850729 -9140.32576106
-9436.74688695 -9226.71779666 -9073.38893812
-9242.65286268 -9087.11566159 -8976.96064986
-9414.09015934 -9169.8038437 -9003.81035302
-9319.1343012 -9238.31709371 -9057.72439897
-9402.0275059 -9209.79098314 -9006.36189782
-9292.21245688 -9179.90831651 -9044.75610413
-9292.05452689 -9129.73209533 -9020.99412986
-9262.31166702 -9143.69906507 -9040.27797512
-9394.26003843 -9174.29704984 -8916.74000651
-9241.85493045 -9036.29451192 -8907.11253219
-9299.93585372 -9100.49635064 -8937.58923567
-9239.85024671 -9050.71490869 -8892.02935256
-9091.24483176 -8955.54716379 -8876.95042344
-9271.85059122 -9074.84652408 -8923.99788584
-9257.82852698 -9076.2452962 -8944.63176958
-9127.21409733 -9014.28673707 -8956.57562198
-9099.59129065 -9047.62641504 -8981.9360468
-9079.39660798 -9014.62380191 -8923.4465977
-9066.15224887 -8973.77286841 -8849.99267162
-9090.59504526 -8959.10190705 -8827.41291831
-9064.74762483 -8984.66050513 -8917.80914232
-9229.07375413 -9039.01795672 -8951.81103151
-9254.98638691 -9070.4749973 -8991.05517657
-9127.04653767 -8995.4620116 -8892.27104165
-9164.19898412 -9070.11618531 -8970.97706089
-9097.91884822 -9033.17710672 -8930.74202453
-9098.31975645 -9007.04228377 -8912.47165414
-9006.66677886 -8953.98389346 -8902.9808598
-9062.31630371 -8963.9123875 -8881.78516512
-9005.90850038 -8959.84722804 -8890.23859809
-9043.27807569 -8905.8602767 -8831.7346395
-9070.85325166 -8961.57858902 -8876.25686014
-9127.28114832 -9044.23068315 -8951.57364872
-9023.93368677 -8950.58656121 -8835.81329149
-9058.64208754 -8960.46963308 -8893.18808282
-9071.88427192 -8980.00027812 -8881.94310484
-9112.06454435 -8979.0533649 -8910.39178463
-9104.86302129 -8994.12332912 -8951.46700287
-9013.60078344 -8927.89162762 -8876.73461909
-9150.15873319 -9020.39157546 -8840.86597153
-9037.32954921 -8945.85794338 -8897.3399362
-9050.74925481 -8989.58235435 -8918.9600808
-9037.16083661 -8951.24858766 -8858.54199333
-8971.842481 -8917.65699427 -8869.81274586
-8977.34070487 -8910.10270084 -8859.45170194
-9100.85639959 -8936.51919129 -8853.18891787
-8950.21055453 -8890.88498344 -8840.31333622
-9016.87291238 -8957.77712328 -8911.89255815
-9034.64174655 -8958.24317569 -8919.52892693
-8986.95709995 -8939.80603144 -8878.57578007
-8943.49636817 -8885.45631413 -8842.46838341
-9027.66007039 -8958.95064326 -8883.11837181
-8940.26665747 -8875.79748897 -8826.80521452
-9068.13181842 -8944.44827091 -8867.56817975
-9146.73917063 -8910.91363282 -8806.94355501
-8967.22787618 -8865.60084452 -8777.89408176
-9036.12546788 -8937.90227534 -8821.34726603
-9031.0332983 -8922.31274895 -8786.5355851
-8907.69669059 -8865.75887692 -8827.48644439
-9071.90012729 -8891.4291258 -8833.67532095
-8923.30371167 -8867.524601 -8821.80189199
-8926.24522872 -8859.33002868 -8812.40265587
-9046.5709929 -8921.39435279 -8844.73976323
-9051.90344772 -8951.53608141 -8844.05854927
-8905.70373579 -8862.41995954 -8816.18454097
-8960.36034539 -8899.03729885 -8871.53067462
-8995.84404016 -8910.41832785 -8816.59099429
-9019.86717062 -8935.54731499 -8876.85217211
-8991.5784625 -8890.82173222 -8843.80516819
-9179.84930007 -9013.69849605 -8927.01681974
-9031.12965921 -8944.32520773 -8854.07371533
-8933.39163015 -8846.72844564 -8796.84190269
-8918.62392224 -8872.25893646 -8828.04191283
-8889.91934072 -8854.80041142 -8824.60571891
-8885.47498006 -8849.48687002 -8783.2803728
-9037.61458096 -8839.97177303 -8764.45052819
-8976.84711 -8886.28061718 -8814.99539414
-8916.26959434 -8852.72324032 -8822.33998167
-8895.4802684 -8833.12963061 -8791.55698982
-8910.35704537 -8854.12946986 -8807.75350755
-9002.16049647 -8938.48318784 -8835.99362964
-8916.33316929 -8839.59370681 -8794.59458584
-8999.75064249 -8938.87778033 -8862.59691675
-9003.69774434 -8913.76606319 -8840.91529281
-8886.56646223 -8836.1717087 -8787.84532195
-8865.6583124 -8810.9906468 -8738.4167226
-8980.64132617 -8881.22040841 -8819.51931687
-8864.43938681 -8827.13271385 -8770.35232759
-8954.01741809 -8875.37976312 -8839.11712185
-8884.58797686 -8828.0639872 -8802.94359509
-8888.00647877 -8825.86511388 -8661.06508625
-8916.19951764 -8879.04728012 -8839.894154
-8918.66063487 -8855.14089585 -8796.30124844
-8876.20400635 -8836.72570688 -8787.10224373
-8938.55019877 -8855.53855738 -8801.78154923
-8931.02401868 -8846.43021246 -8786.40233114
-8874.04589481 -8735.07123477 -8532.21574821
-8910.11939802 -8830.77923345 -8694.86962266
-8932.37447019 -8855.26493386 -8769.89135297
-8842.86768347 -8792.69224704 -8741.84018083
-8831.30649542 -8789.40610862 -8754.43232891
-8960.935434 -8866.6072345 -8823.23963639
-8883.29109202 -8789.67066374 -8565.51160637
-8946.30645416 -8819.41085896 -8712.82711523
-8864.50247701 -8780.76945685 -8706.40487915
-9020.09827351 -8813.06151568 -8605.86590982
-8898.95053142 -8834.5202674 -8657.12279201
-8940.90055241 -8844.93220349 -8688.32020298
-8858.46801322 -8800.76149796 -8703.77110045
-8851.86605803 -8798.91215287 -8705.24451687
