-10221.1711408 -9026.17069463 -4111.98665437
-10273.8385177 -9165.68959129 -3443.79716438
-10112.8739088 -7731.21952956 -1185.69837829
-10131.0492282 -4016.53374949 -856.412289202
-10095.6513812 -7646.83284211 -683.977028735
-10173.0762378 -5691.09816554 -274.8427216
-8648.79216996 -2260.94826607 -68.589762732
-6206.58103132 -1927.29272868 -499.696120809
-6485.96042996 -2038.71803914 -582.814804598
-1854.04472408 -673.28869541 73.4912819914
-7614.91437318 -1445.31262772 -353.675273481
-8647.43763673 -1409.75307198 -157.151578139
-1936.95331877 -635.210012015 -159.723655162
-7147.49343986 -1782.15438409 -175.909206354
-9765.98011863 -1427.92354895 -270.539041419
-3854.24063164 -937.496068422 149.785365262
-7931.10463617 -1413.40608881 31.6634070854
-8013.64277214 -1359.71954449 229.496757239
-6713.40214697 -1282.38383954 116.140933597
-9421.38768891 -1799.80087156 50.6188413555
-2854.69084786 -465.55221504 164.414517502
-5831.56750701 -1090.30560216 248.550750992
-6625.99599743 -1951.31981165 74.8138387662
-6763.76691019 -993.886613666 -117.990968201
-6690.55943757 -1118.29190791 263.090375736
-8393.11630447 -2575.34622685 -145.000887633
-5630.93474093 -1034.06881746 -169.913988626
-7558.64549502 -1426.40478208 59.8566600001
-6504.45652276 -1371.61795298 315.057427547
-8851.9143165 -2269.85699724 136.395983565
-7389.95578603 -1796.03673598 31.2478534472
-4174.88303506 -1037.90993262 302.517863542
-7371.32357453 -2981.22165245 294.1935968
-10117.6796495 -2065.80710721 68.3630224552
-4842.79357077 -637.354363908 340.91857301
-7911.10189041 -1608.06530447 304.573246122
-7346.73103797 -1850.71210813 307.636577429
-7336.76002695 -1474.62104961 199.27039
-3096.44068378 -882.177821803 272.370943212
-5315.3796002 -1463.38159934 217.679147333
-9228.92141247 -1643.51645466 160.749109618
-7126.29432961 -1748.57955856 552.425980451
-6816.54031947 -935.532535475 265.040628696
-679.98945348 -46.1988517925 420.174112803
-6428.03041407 -1206.93034886 547.215133536
-6476.8600273 -1428.93093358 321.06607752
-7520.74093092 -1632.83348806 271.162649465
-6640.79196283 -1355.93420486 482.046282999
-6750.70775224 -1368.0277203 441.159090494
-308.94340486 91.0549247215 371.24952389
-1831.65666407 -404.574739473 244.406814722
-6916.36926971 -1799.39408531 342.361694008
-7499.1829983 -2324.62858983 290.453964111
-6396.22416586 -965.025119834 438.780951554
-6859.59587009 -2043.16336248 348.80850333
-6812.07681865 -1518.95884684 461.362949196
-9373.23187663 -2841.22044647 236.022800968
-6969.46198996 -1131.05428704 340.44207691
-10090.9812193 -1515.7051369 238.266081365
-8603.11745108 -2201.3956582 227.392821261
-6639.72144553 -1398.34996688 9.95233943536
-6618.01098135 -1564.04216306 287.97867248
-7286.05557726 -1568.21414739 455.108458031
-7670.95750181 -1828.48188387 286.843656885
-1564.36044264 -298.218021656 448.485329891
-710.537111298 84.1987192952 468.159279265
-2571.8303758 -181.106950805 324.369598941
-327.839481314 151.258446556 324.003521856
-119.706850214 282.178913148 474.462998135
104.140163262 249.842187889 381.771453769
-201.709059348 230.208052439 434.865165757
101.744167058 256.395861323 422.441128069
-473.262283307 178.075736368 425.742857653
203.294134684 344.617470818 477.027870979
188.533151879 293.134776445 471.593068241
132.57378276 282.118201686 394.226950103
203.273928119 327.181762798 482.092897654
138.523864827 299.611216531 376.890658054
183.364878364 374.749776241 495.99125769
190.137092363 294.609268841 437.658163224
194.494263788 343.216782454 475.128655662
-105.113003568 267.048798186 453.786777493
24.3918642684 287.113805108 479.173742927
-39.3822687752 276.93734635 523.719398398
256.476182163 379.097024667 532.368744215
245.656843816 328.03756906 441.637501186
50.8017971387 325.678145972 614.856668194
-380.72075752 180.844452412 444.137205812
268.798517221 351.961023404 541.184459437
86.8210458057 331.891777669 551.896072628
-31.9090919098 276.889003086 450.233385099
175.971059094 377.731376087 550.322758007
138.127606391 349.781788278 482.718589023
256.158202394 363.024443905 513.221497075
205.202628456 359.138185393 475.818829991
229.147117153 351.607133245 433.923717814
-2.79075993758 334.402302219 525.408014422
-37.6794326263 291.74921612 477.279228252
118.123963057 286.429830151 368.303528915
-35.3634622645 303.102998222 438.581504184
101.987103378 404.653204497 639.215679506
328.036147514 384.604741993 479.773093419
261.877494131 386.677831438 645.320754724
255.346320848 397.151187041 537.334576237
65.6135787224 284.185172391 378.370839833
187.198963963 369.373882972 478.054506037
326.148741928 432.320239338 517.325023132
282.824908694 416.651713867 627.69429541
238.984470361 430.927127037 574.237722956
202.296702268 405.443495402 547.543027277
13.063829109 319.941326131 515.504435169
274.492344159 387.285838171 553.002493722
284.400390409 417.362034358 606.479621092
-339.057126128 357.421712204 593.780707782
29.1196771501 389.556613387 522.415590166
119.032152856 391.277682167 764.44916525
23.974968361 380.885888233 492.609568378
351.868106152 458.8237573 576.986667812
164.57158731 427.053112507 626.706389975
198.270862915 396.555684223 623.273130512
166.404602237 426.982514348 615.407324228
-1810.12927791 168.35373545 533.115109598
155.033051074 407.229956283 704.804288355
274.280405351 447.474126851 588.556051755
262.286979301 419.033862146 548.503147532
160.402738665 433.632344059 604.125826394
-76.1158796609 364.962446683 541.532650474
379.547916511 488.327960391 596.46666238
263.352936149 421.094826844 575.080821102
161.441244695 391.573185982 607.839905409
268.62630389 416.209074492 599.432351832
273.598161498 464.435498602 615.337029652
259.414917072 433.278593439 577.941831174
294.367238934 433.891588376 569.289883369
191.402877146 438.908452399 606.507128194
-226.139904585 336.145822703 561.736036149
310.347596326 456.768439164 582.189134034
79.7690479991 412.031112885 709.71215136
305.140899061 445.26079171 549.656621103
287.715277019 400.69387395 520.514338771
205.642622741 429.435674874 683.506477947
-365.878774657 324.446697732 538.81147188
-488.49110807 268.154653117 622.861588246
339.30315533 416.043607906 579.962033083
28.9420817936 465.214564059 646.970649085
230.836293284 459.804822874 691.660718239
351.81325657 503.134738259 654.528928444
25.2048173437 425.98300378 620.822089075
73.9337587695 383.17124612 531.692753416
329.638511721 457.262856553 586.862756594
213.365922481 371.947834156 590.412205199
198.599511486 399.086284608 555.35525422
153.640217025 368.984046397 527.415195632
-82.8457925937 365.71142727 635.868843065
-475.084990451 326.869048617 576.76764686
287.911088383 420.10792628 501.990595534
231.719483485 410.02412996 567.106231969
-372.357914065 297.449571626 599.497075223
386.832097021 479.688421063 637.163782709
311.665479527 461.815920917 681.449575064
116.745631033 407.440730449 595.187334497
288.015139998 431.514665397 587.259479691
13.4673126507 389.970367026 598.393846715
344.297043776 461.383452553 620.660962165
280.433130685 414.852441796 631.910618401
321.557324613 456.664941938 626.371577777
247.405916785 399.595628252 585.235606337
189.353087635 439.745869167 654.638457717
89.0966897581 429.368194954 635.432774515
329.919282349 498.65588568 755.330461145
328.120076873 447.658332719 560.024539895
2.51348962846 355.643787095 517.112834498
382.362336944 524.23102055 675.087386406
218.425358811 437.33675981 616.636093793
223.774916329 517.146631973 823.658655427
350.969733119 488.337144071 707.908482033
128.780403205 423.391202782 550.802083657
-716.905174774 324.923067246 667.905647328
382.667095124 499.011591925 677.209103231
-86.9877569469 435.894764057 708.738273885
248.446007035 469.865022989 674.865354828
-223.886185914 399.821045641 634.089642748
334.879914784 480.488342958 719.360484033
338.869267722 487.026660367 619.775975125
416.83235669 478.985513653 561.759689736
281.309001675 510.57798849 778.110593946
315.226644906 510.722392284 810.845806281
402.497172665 526.023925948 789.582611578
257.260830606 445.925312053 727.833445767
360.022297366 542.774258469 831.791365032
313.364333621 559.368634658 672.732695673
406.984770213 624.014653185 773.432271104
336.72005962 502.417342934 730.769152344
375.801165396 491.307448846 655.273908335
260.405514054 421.037800382 617.454532035
107.619794002 465.162970346 640.14181279
409.538667044 523.597021006 722.873858361
346.695327795 511.774906699 661.116178912
348.652101916 565.567303806 816.473599836
