-1715.36248232 -1239.47964125 -757.664805592
-1347.03014663 -1015.31372245 -364.403379481
-1704.36135759 -963.354776934 -575.699698501
-1231.8078763 -926.603286658 -597.889214826
-1283.32895489 -844.807974581 -636.763753196
-1256.61247711 -907.342240254 -535.709519766
-1577.15081554 -915.38712568 -627.491528899
-1160.23015409 -842.271782355 -658.16405734
-1228.21797233 -926.169930888 -609.944784911
-1003.25805281 -756.437848295 -531.472547057
-1348.50398417 -872.158610263 -541.767299292
-1013.79431908 -780.953426568 -495.699784358
-1204.42120072 -766.485071618 -314.206534578
-1330.09094096 -905.848549722 -563.390302547
-1177.49958888 -873.834225391 -605.975435027
-1196.78736059 -781.792641045 -398.607172058
-1256.98170305 -860.584883108 -596.872155327
-1033.47995402 -834.133548621 -513.671476756
-1006.1714627 -823.846628774 -529.49970081
-1244.44833775 -933.08560754 -672.497430527
-1157.87638444 -850.278788181 -342.038384963
-944.938125151 -763.556540974 -645.210302518
-1490.23430294 -794.732415333 -399.838085278
-885.367179446 -711.298699046 -513.373310742
-917.791078332 -726.012792764 -456.628283002
-1055.2416647 -755.132263419 -408.057726979
-993.690488038 -827.95744451 -683.924324294
-1237.95178605 -845.435255366 -597.924341832
-1173.30744324 -785.73220684 -397.639349992
-916.401426812 -718.557901672 -425.759396825
-1110.14520719 -832.788714897 -636.025650349
-1378.59684443 -866.601492297 -645.590919274
-983.477949664 -734.911445186 -390.26127043
-1155.41401717 -738.977528981 -483.342238052
-943.020243054 -758.154285701 -536.347412633
-1027.92071079 -780.654302964 -599.230737486
-1031.02680036 -765.695893953 -459.116264541
-999.266060547 -761.267301886 -531.263374017
-898.787377467 -755.873868533 -556.664803379
-970.739579667 -617.237339457 -280.565925905
-1272.96163842 -770.406426033 -541.333449556
-1060.77251477 -784.117567022 -501.669888866
-892.459137396 -738.467748468 -513.856613972
-1173.72467847 -774.86913462 -534.67137458
-916.959700891 -715.071847161 -564.20132114
-1116.34905976 -668.673955725 -515.12618737
-1161.39487545 -675.263012089 -472.911937141
-799.596353875 -659.805223914 -492.104003256
-1053.82654513 -643.137458703 -474.518830174
-1040.99492672 -647.004279352 -303.376746215
-1033.31766518 -660.765914948 -436.705453207
-1079.57636443 -646.645827863 -328.310666056
-1061.32761336 -673.413294679 -459.692783521
-691.497320624 -600.102055378 -470.726204026
-1107.60042422 -604.271107459 -211.171065031
-1043.31499807 -604.850894342 -295.687063524
-753.790166527 -506.631298371 -339.053807269
-1011.91779752 -648.736910764 -471.499843718
-866.478277297 -634.441248917 -363.055357332
-987.61190014 -601.841969385 -292.382074191
-1053.8551281 -457.195231574 -63.5860218115
-1095.16932661 -604.317139448 -303.703485902
-761.451100029 -494.022556141 -253.184818811
-914.572766743 -471.59091822 -183.638664255
-785.208700544 -411.40520593 -181.703049274
-1252.80532251 -585.544566318 -269.462322789
-901.550753974 -661.876824675 -393.000958844
-811.037694705 -549.893894487 -279.979459836
-660.163786138 -510.90218458 -368.854415028
-708.414261139 -489.425353843 -109.223783889
-872.697309703 -539.713173428 -158.586755324
-842.623233765 -532.359333203 -309.578901011
-844.772064982 -607.548491 -318.05378618
-986.914318505 -535.039814869 -258.25716419
-617.613518089 -349.532295357 -161.911050099
-841.277350141 -515.339165646 -255.158293097
-974.310794703 -530.498659944 -211.333020931
-826.432263404 -534.911097658 -275.72594881
-697.823931224 -417.264158785 -90.6328737774
-859.29834658 -503.141144042 -286.529809974
-809.197501904 -473.182730585 -53.2919911156
