-2220.19390409 -2087.56687869 -1972.50758703
-2313.98156742 -2166.70971933 -2027.23759331
-2760.95962669 -2228.88514649 -1999.51201087
-2309.77150735 -2091.91197198 -1948.20164382
-2275.49293784 -2101.93739065 -1955.32886036
-2588.9794037 -2101.32301535 -1962.29152462
-2399.46167863 -2113.53966871 -1927.61135272
-2496.12052158 -2165.18237911 -1957.38655507
-2286.67856821 -2126.68348819 -1975.40812617
-2074.97362587 -2026.29665189 -1936.07399639
-2310.06787733 -2127.66123994 -1956.12464595
-2552.77303558 -2228.71323162 -2024.69650093
-2175.25371653 -2051.08398598 -1922.48524127
-2240.07460557 -2077.78030087 -1980.95023611
-2477.17836697 -2147.8291184 -1904.24457584
-2546.72921285 -2163.68300292 -2027.74399544
-2404.50654215 -2157.5846521 -1990.60951541
-2352.42169645 -2172.89211197 -2025.65644792
-2246.8169376 -2095.082443 -1929.62413994
-2550.10107867 -2097.69836418 -1879.47768229
-2243.76309805 -2087.00373511 -1996.75151467
-2318.41954557 -2074.96545841 -1944.0323995
-2654.19028363 -2155.14750921 -2014.28235881
-2784.81683752 -2277.17720685 -1918.04636901
-2327.32360184 -2163.19554759 -2014.03386572
-3148.46563019 -2132.75151718 -1936.92951486
-2433.65076156 -2091.20724216 -1948.20851108
-2226.5637407 -2067.0856633 -1949.51221414
-2452.76789642 -2083.43293031 -1897.7338511
-2253.35178329 -2094.96431954 -1989.98238127
-2293.28155937 -2119.59243694 -1986.73723992
-2514.04515704 -2162.23542129 -2035.82787814
-2365.74216464 -2141.23160699 -1921.00887474
-2310.39167515 -2067.46860719 -1957.37606421
-2579.40246051 -2097.80564106 -1954.20985477
-2398.1101989 -2180.85098957 -1968.12770904
-2154.53804977 -2059.27152811 -1917.2907855
-2290.14528864 -2060.75224723 -1911.70954054
-2145.77370867 -2069.80395217 -1952.68511128
-2162.41902078 -2083.27995224 -1969.38793061
-2927.37661476 -2241.65876452 -2050.40565428
-2512.05649475 -2160.24621956 -2020.58842541
-2477.85726721 -2145.22529065 -1924.92361321
-2632.02297776 -2259.99728986 -2004.35081275
-2337.67611197 -2124.22062213 -1902.61476544
-2235.62941567 -2120.50890797 -1958.23596639
-2472.09701349 -2110.12532633 -1937.58006418
-2570.76274404 -2130.25415382 -1958.76182132
-2389.88768093 -2118.03948782 -1885.93876924
-2229.98253332 -2071.00235233 -1972.28595358
-2162.00307756 -2020.58423526 -1893.04744556
-2446.45162976 -2174.03249495 -2008.43520847
-2181.39859982 -2071.72054279 -1975.15795254
-2321.50956994 -2119.24184291 -2006.13196544
-2239.93642712 -2118.12048164 -2013.02735347
-2240.2518609 -2107.50777158 -1922.85425456
-2449.99742566 -2089.62283568 -1982.25332945
-2194.90178525 -2088.15575505 -2013.15208137
-2524.85966086 -2146.7702842 -2007.78580593
-2214.51038722 -2095.59997025 -1951.87741852
-2870.11181051 -2155.05630879 -1923.37209994
-2295.55283603 -2117.86775153 -2001.30628889
-2178.74985417 -2076.94183475 -1956.11652423
-2222.31479442 -2059.99778627 -1992.99477037
-2195.2959285 -2048.71285075 -1881.77883239
-2226.18872579 -2133.97877019 -1953.99257428
-2218.34101228 -2069.04534375 -1939.32180977
-2086.83202161 -1990.6383737 -1869.28487993
-2153.456188 -2046.3985494 -1902.06670312
-2220.45778521 -2069.98197696 -1978.48781063
-2104.98945489 -2019.87917853 -1959.81604278
-2169.73106565 -2059.59360825 -1958.27132922
-2104.7198738 -2000.91015463 -1918.27056607
-2311.30767362 -2027.45540592 -1938.81989732
-2216.859874 -2066.68495676 -1937.25897386
-2314.97271486 -2084.48577211 -1916.78860313
-2147.76525604 -2054.91863703 -1952.2702508
-2178.2985746 -2030.25437638 -1904.49401497
-2160.078242 -2093.4200088 -1974.47178644
-2226.92790031 -2092.5091892 -2001.43112935
-2166.52146622 -2081.65900289 -1969.23526068
-2247.98995673 -2090.8725206 -1988.5059918
-2157.98173567 -2028.30727215 -1936.35395455
-2132.64536338 -2043.62452405 -1963.85935293
-2278.79209178 -2077.23111121 -1926.13653313
-2078.74915145 -2008.73277121 -1946.61983539
-2315.9169663 -2062.72244814 -1900.85374622
-2347.83941955 -2052.91216377 -1864.22603243
-2347.473197 -2124.98414323 -1952.54811815
-2239.04032587 -2042.36067835 -1947.25373591
-2487.20010536 -2105.10626494 -1960.89244814
-2234.74327761 -2083.07338029 -1891.24209073
-2301.38277154 -2029.95371321 -1920.16761806
-2174.31832553 -2003.64457712 -1867.82392342
-2222.48292495 -2064.67678403 -1922.63346423
-2489.13858274 -2180.51360939 -2063.13057885
-2214.29113353 -2060.36715472 -1912.46853988
-2243.88994779 -2082.21109102 -1968.73225688
-2138.49851222 -2041.49997817 -1896.52868195
-2098.45152477 -2003.0954909 -1948.58776395
-2471.35521751 -2073.97916066 -1916.80493381
-2109.33004699 -2019.40396574 -1904.63451131
-2412.9810932 -2109.14894745 -1915.07973556
-2338.61883254 -2058.35978564 -1934.73700463
-2506.80448313 -2339.14412544 -1997.80913814
-2384.52200951 -2059.31836729 -1919.06406247
-2238.82921256 -2073.52499857 -1977.47034697
-2391.15485519 -2079.16854857 -1929.06483053
-2150.83848045 -2040.84426718 -1933.79088507
-2185.35668164 -2069.65938414 -1907.99945412
-2300.61022919 -2078.25911781 -1968.24474251
-2810.82246563 -2194.28764693 -1926.1382221
-2173.39810834 -2038.11879397 -1929.3837216
-2312.11246074 -2052.0956883 -1859.24888104
-2313.58579693 -2022.68630756 -1877.56089476
-2099.96759551 -2015.32066475 -1899.39049146
-2465.35040755 -2148.75657094 -1906.64497167
-2220.53983001 -2043.27163988 -1942.34251056
-2562.78995964 -2142.63270449 -1964.02172936
-2311.87887458 -2061.13338394 -1957.65145236
-2216.0611101 -2066.34304405 -1987.80825916
-2286.08663718 -2093.1128783 -1979.61832292
-2170.32222722 -2013.57166379 -1888.42219661
-2220.5438318 -2012.66674043 -1885.06796791
-2322.89438193 -2028.03401135 -1936.23938233
-2391.589412 -2103.60796184 -1972.22890077
-2386.83815747 -2089.88668238 -1971.84840384
-2123.5057866 -2050.31588794 -1992.88634948
-2269.58516509 -2092.38182475 -1981.9394329
-2328.3791963 -2089.35277984 -1979.20417436
-2211.72655951 -2065.06444986 -1996.31257158
-2293.6411004 -2114.69536917 -2000.69948834
-2313.10415664 -2041.09088554 -1904.15708562
-2273.15306067 -2076.08761274 -1898.34157939
-2092.30697242 -1996.063309 -1862.90860413
-2195.19075398 -2020.37708855 -1871.24918356
-2402.44102106 -2101.49777402 -1883.79164605
-2209.84196264 -2059.87567955 -1927.45861463
-2167.42207077 -2081.14511616 -1995.56062355
-2185.64407802 -2072.28933461 -1941.09149259
-2057.50143226 -1987.33496288 -1946.19654469
-2454.85798249 -2131.79227582 -1993.66170367
-2079.74679063 -2015.88463044 -1961.26556828
-2407.61133571 -2158.42653778 -1992.97751526
-2386.91020385 -2171.70535991 -2009.34511084
-2468.68213355 -2025.53888416 -1909.01800401
-2665.06036988 -2133.2544071 -1918.64709539
