0.6 0.6 0.6
0.6 0.6 0.6
0.6 0.6 0.6
0.38592 0.576088 0.6
0.21276 0.543844 0.6
0.57036 0.597036 0.6
0.28996 0.546964 0.6
0.13524 0.530024 0.6
0.1586 0.442012 0.6
0.20652 0.478448 0.6
0.19432 0.506208 0.6
0.17444 0.427756 0.6
0.1752 0.487856 0.6
0.1548 0.427068 0.6
0.20356 0.417184 0.6
0.17208 0.415664 0.6
0.15648 0.46354 0.6
0.20128 0.37092 0.6
0.13652 0.310944 0.6
0.1622 0.322236 0.6
0.12128 0.327716 0.6
0.15284 0.279544 0.59448
0.14068 0.208136 0.28228
0.166 0.272344 0.6
0.1928 0.409844 0.6
0.142 0.303276 0.6
0.1192 0.31632 0.6
0.14456 0.3081 0.6
0.15288 0.241736 0.56948
0.17984 0.276052 0.6
0.14112 0.294752 0.57564
0.16652 0.28406 0.6
0.1394 0.25328 0.55948
0.13544 0.307336 0.6
0.12348 0.27282 0.6
0.1244 0.253268 0.56092
0.14788 0.254516 0.58432
0.13824 0.172792 0.31796
0.14408 0.2298 0.6
0.13072 0.239496 0.6
0.12252 0.187644 0.4104
0.13916 0.298928 0.6
0.12696 0.208372 0.6
0.12668 0.27474 0.58844
0.14592 0.236972 0.52432
0.13376 0.252592 0.59244
0.1254 0.256208 0.6
0.14524 0.244876 0.55056
0.14464 0.212648 0.59184
0.12864 0.221536 0.6
0.14272 0.333704 0.6
0.14268 0.255916 0.6
0.12944 0.26994 0.5936
0.15476 0.288504 0.6
0.14532 0.256028 0.6
0.14008 0.248824 0.6
0.16292 0.333036 0.6
0.16608 0.293768 0.6
0.12064 0.19892 0.53768
0.13564 0.18696 0.4146
0.1426 0.291144 0.6
0.1342 0.288076 0.58388
0.13796 0.363272 0.59192
0.12372 0.191616 0.47128
0.13052 0.228556 0.6
0.12024 0.188168 0.4726
0.13872 0.320344 0.6
0.13412 0.250936 0.57832
0.122 0.278796 0.52068
0.13336 0.232632 0.51892
0.12556 0.16048 0.21804
0.13064 0.200364 0.6
0.127 0.253364 0.52512
0.12492 0.188184 0.48532
0.1544 0.298844 0.6
0.12248 0.184872 0.46952
0.13272 0.15936 0.1992
0.12712 0.261568 0.6
0.13032 0.229952 0.6
0.14236 0.228092 0.36076
