-3456.93731259 -284.101657312 1830.36641983
-6769.66859351 -1020.89444094 2052.36085711
-6714.05842017 -969.833617818 2115.15070523
-4923.00612413 -498.277184107 1975.02666269
-5416.29603544 -369.44491929 1897.18685869
-1570.33762411 -236.915933927 2015.43486293
-6521.42042982 -1000.44931882 1566.75832057
-6232.13999502 -763.669725477 2182.80778467
-7076.96759476 -971.330234982 2259.13329304
-2045.02822131 198.191288447 1904.07982565
-1231.20009305 200.643558985 2257.07468176
-6725.76003929 -437.469922292 1620.3480037
-6998.78542427 -985.990592439 1832.76697322
-2613.68466872 126.543593667 2436.48008651
-2010.98425789 210.400746385 1741.51186238
-7723.80445285 -244.402325076 2427.44639026
-855.976481389 647.413191534 2099.93180974
-1429.07916678 -408.013836933 1873.3718462
-2713.07584734 156.407060103 1850.90565162
-3089.13820393 -722.760838152 2382.81499392
-2044.53096312 516.237266847 2315.92284082
-820.40864787 464.682634554 2197.05136611
-2774.8141873 -1043.70457203 753.942972205
-1593.75662501 93.0988718565 2352.66523373
-1811.1230235 14.7592853633 1718.86262491
-1397.69431921 -344.518173209 1329.36829184
-1965.20982106 3.39273936063 2124.8578591
-1334.53647532 -14.4587001822 2151.28477001
-583.336846207 201.388742018 2097.90128606
-739.909674139 106.316916376 1230.36907473
-1137.7763179 558.397573083 1902.51131796
-1456.87049019 273.67717814 2324.50527478
-1039.55334673 478.602587144 2237.16796933
-1808.14198041 -155.437427717 2291.77551856
-2147.54979592 -130.035123574 2182.34804303
-607.198243895 287.267472091 2342.62125375
-801.834713714 567.169440067 2140.31706112
-3232.16556513 -932.746470941 306.473261872
-833.846755112 364.333991573 1781.53050922
-968.738545571 601.996090713 2314.01626784
-1213.16263463 750.781096529 2208.754306
-1568.24741785 301.396767412 1823.01998028
-1216.98912387 488.081527881 1710.00243706
-553.670891931 278.96707004 1734.08247125
-659.41272713 440.388799102 2354.63430212
-1988.77310375 636.854480618 2278.88895236
-461.977652678 96.6391195607 2436.27982486
-1832.58970653 416.294798094 2356.25769083
-1223.9787765 -180.502590896 2135.73178414
-2226.12330685 220.092340571 2331.88638679
-1645.38031064 176.274564451 2427.558554
-1580.36545923 432.690130481 1938.45939231
-1119.59311538 827.482790538 2356.39692033
-386.121107894 840.743684821 2095.11177203
-2185.56295314 458.985209456 2377.53942322
-1430.67482884 314.964399648 2422.57938054
-2152.56299179 355.28855569 1976.80088867
-733.128883455 227.982666381 1378.6012774
-3335.66499355 -393.445404015 2180.53291003
-2050.97648961 703.644270742 2467.00369918
-1794.03112503 184.857762713 2282.19955719
-423.880814115 608.990264397 2507.79795916
-2384.45833919 -304.757159243 2285.05167617
-712.320949117 1087.18356311 2394.5949952
-1930.56237996 902.632170437 2331.7674787
-1484.89101163 229.437572032 2440.48712224
-1345.40958535 265.759046419 2336.87979016
-991.19142065 186.021756885 1830.33358455
-2851.32869168 -438.06024262 1922.31061033
-2511.60778989 229.168163037 2437.74508064
-1304.57948247 98.888220134 2315.17018759
-795.665937725 -20.0575202331 2309.98459881
-899.967530216 -133.648461565 890.362769436
-3363.47194409 -241.514060074 2425.89905169
-1520.83132317 812.473759036 2527.6700018
-1046.90946017 624.416334385 2493.90426048
-3002.78622279 333.456475132 2430.47673174
-394.495400443 625.866403635 1953.09873475
-1631.56644455 -206.527889019 2462.40113169
-3503.4512416 -107.899765279 1960.93997497
-2024.76052597 -325.294034093 1929.67786274
-3646.1033353 -480.236560076 2439.57787867
-934.889696665 379.57238734 2374.50964107
-1844.49247042 -231.547045171 2472.21164723
-1867.88498966 -144.592482753 2511.34323056
-3914.10466878 -72.5146709289 2519.26893673
-2710.51913625 -701.886372114 1395.72659098
-1905.3497221 -29.2461562308 1925.12907514
-3121.75770743 -442.972887386 970.903099594
-733.026953232 563.879371755 1955.26687667
-2145.11055239 112.980371222 1952.17875431
-1327.81297176 -499.805672157 363.175193826
-1560.95771444 593.363308058 2017.89318782
-1702.89258255 578.499756165 2470.94260407
-1503.85856166 -542.316338201 1900.72370156
-3659.52064452 -124.046989939 2047.62658409
-3527.38239944 447.897993462 2503.33305665
-1635.24367019 276.309916006 2389.89152733
-2373.48368691 -337.862441103 2395.21213731
-1632.74983645 604.694727957 2487.38827061
-1005.46828685 -224.352583722 1371.65620846
-2547.88617551 -279.145851107 1469.0918314
-1196.57515151 49.5144182574 1877.07366666
-1739.35195045 -499.204978701 910.817955269
-3194.07799756 -695.70782604 394.837425825
-1271.55468695 268.118788655 2423.41502629
-2088.43729091 -180.969241461 2465.92052032
-562.935307677 371.865153719 1927.57862179
-5133.6885367 -1216.95911449 779.936581382
-3987.09206701 -253.091230236 2289.34731375
-755.441111664 764.664284719 2425.82141121
-3168.66255728 37.6373394062 1955.75751591
-1749.92166617 -55.2975255941 1421.64838461
-1903.54563057 399.11488372 2395.59077863
-1701.67520015 728.083662402 2446.96079017
-2188.59524476 410.743989493 1762.38944736
-1724.029708 667.754199922 2434.99106976
-1566.67063027 -33.2261719668 2232.82602471
-4505.45283523 391.778179153 2362.67591429
-2197.68399064 -145.597363375 1774.0839702
-3691.52031371 -450.59628936 2274.81534232
-939.325088855 516.813378125 2264.44403126
-4371.78228046 211.10956757 2186.05500528
-550.608962362 827.366534653 1801.13153098
-954.568525369 525.101699834 2170.60482867
-1904.31760204 213.821704495 1798.28580726
-2025.34487931 -101.617997477 1938.72028106
-1713.06803136 66.8066135882 2127.32670711
-1030.70709635 284.764279861 1885.78142842
-864.422336905 112.808484681 1814.63918065
-395.225929361 211.443346234 1587.85570813
-1258.32884599 254.787906632 2134.7753008
-6566.4699753 174.177311676 2224.83691304
-983.206257597 787.749782152 2265.45232
-8251.87414671 -467.664968607 2213.76014058
-923.581612712 474.489200714 2253.96484741
-1032.20796418 468.960691918 2299.8881445
-969.833001672 791.3275174 2100.71030608
-2890.72472798 -95.4391476929 2262.27897574
-2548.49418212 324.831199539 2166.6098665
-1540.88569882 751.946621521 2171.98195613
-594.740868568 534.351178617 2228.29782338
-1550.92861835 105.41973442 2133.25434888
-710.152261809 126.476349221 2021.97474322
-441.41487642 356.353943478 2127.85564596
-2066.4350367 692.607761951 2240.92482005
-438.992340918 455.870489081 2218.51721584
-1520.25289422 465.031537675 2072.12779289
-601.1109361 383.713961152 2187.87229288
-7114.11174488 37.3394560256 2269.17145282
-2196.62562156 223.734468847 2199.97723412
-983.771220717 388.538722095 2438.91966794
-974.219964921 691.506229899 2078.64243576
-1035.66412787 221.148923675 1761.26578644
-804.179397477 513.571074693 2326.32936752
-1417.12202742 802.707411615 2134.50006864
-1162.69198102 16.6635090933 2028.3770948
-2888.01208553 -830.885657491 819.136039949
-7682.57550549 -718.657299841 2120.13752068
-2054.22029252 -237.74544643 1193.10936636
-791.513018104 147.603102387 2174.70535615
-1217.26049581 -266.054465895 1277.36250989
-1522.34430259 -167.071393553 1315.31318699
-2453.54867321 -4.84302760034 2292.64150597
-3739.96790508 409.395945548 2151.04790342
-851.830725636 72.8847739488 1765.26295792
-1002.38279848 468.381363104 2293.18316142
-2120.68869495 345.327401529 2275.27567209
-1371.54702028 228.798142183 1987.57128101
-1338.32394383 176.889295047 1993.94734373
-1777.47732155 710.459091622 2180.40742197
-1317.43992036 480.430416606 2024.23455527
-735.233117922 437.755073431 2139.64366675
-1016.96961608 793.338272656 2241.89604277
-1147.76068217 375.004950394 1919.37925429
-2149.86960547 -11.5750845023 2311.65069645
-6465.62884004 -371.201942221 2269.57032626
-826.958985229 730.41954636 2131.30455778
-1045.46959973 454.113680778 2071.88916075
-610.215872774 707.090643729 2053.67233267
-680.274071583 477.469202578 2114.63368027
-515.503100557 136.24468083 2092.25833399
-982.201993169 164.477386275 2139.03602433
-1278.86772073 1.29546819983 1188.34241507
-6012.97933973 -39.2150497829 2129.69926878
-6928.8192476 23.3251494891 2189.15407692
-1279.15893123 -156.981983916 1484.66303406
-999.225611299 449.431497403 2268.78163117
-458.020859799 879.055173439 2019.78302024
-1345.19810554 136.409987951 2145.39199314
-607.489634512 345.33374028 2205.22223921
-951.316977567 679.189697587 2089.49066466
-1500.39159281 129.156689166 1780.8994442
-1318.6086781 568.330455551 2221.72795897
-1884.50210998 49.0629356067 1979.48025166
-2484.92697485 -262.125568063 1775.64617017
-2294.89418971 -271.24563957 2393.11075491
-1088.9958629 618.697214183 2143.30130235
-663.441224095 439.404733753 2142.33874593
-1610.59494206 -9.60290367856 2146.29351579
-1232.67187909 416.01825874 2298.82608083
-1302.2748905 525.857747376 2365.25849868
-1522.62478276 487.705864216 2228.37351834
-1310.84345474 189.189813928 2347.12949412
-2757.09122515 -457.288689308 1301.44484935
-4053.94947181 -354.597713339 1777.16475974
-1307.89107816 -653.762636452 -135.751555604
-1908.99527917 558.065574911 2303.54195485
-545.666386162 722.575397272 2309.46897763
-1392.38912405 126.803824071 2253.63838867
-842.611655908 590.242203514 2198.2079996
-1230.26183478 -69.6453591858 2228.80331549
-1905.36046746 -531.120491871 2006.89117975
-1584.63951746 470.015121753 2266.9969217
-3589.29896441 -167.093500277 2104.10610381
-4186.24633717 -308.196160817 2143.352366
-1640.77857061 652.763880073 2322.82185522
-1290.16806036 378.057900551 2165.80357664
-2358.91172612 -43.7677937842 2315.62786103
-721.707111504 621.643456163 2213.31269336
-1172.23343861 365.358447838 2422.68157908
-671.761881074 642.693609456 2268.6110518
-1998.60917546 -66.8738845685 2318.48058957
-1466.55512466 -276.499651662 2133.09669841
-1477.22040737 368.099524581 2137.71505299
-1947.98494841 325.015514927 2306.48777765
-681.16975863 -183.846530142 327.367504372
-2101.25181417 357.422261749 2369.06536002
-769.766040491 -92.3173340358 2407.95927351
-1344.13487121 810.86112527 2378.4835401
-1651.06068122 -443.73836138 2386.52048168
-3770.45923706 318.378027827 2352.95113884
-2825.92553292 -234.366215117 2336.52243232
-1803.78762771 322.777571081 2368.05711744
-1714.04007769 -127.268150572 1406.67769944
-1076.89331332 -188.610151718 851.204591367
-1057.53259709 134.64555607 2332.42801531
-945.303305974 508.776306956 1836.13693101
-1878.94469645 197.800795656 2297.5418286
-1173.51703662 195.015137694 1799.93141088
-712.993022484 630.301061536 2417.9919213
-1452.35910189 698.56487391 2404.64084745
-3040.89612802 -66.5127461513 2315.30575852
-1507.00637221 454.986190694 2393.08764718
-2701.82842891 -401.253718437 2188.11752265
-2437.9440243 -379.414255767 1817.13928903
-2221.99766285 -222.374799354 2273.03089777
-1205.48476968 168.132714291 2379.01760027
-3432.08352681 249.235593276 2362.70243897
-729.408126821 413.485694292 2321.29369254
-1175.88793817 137.389701739 2221.62385128
-1290.64904481 285.545894564 2173.56248255
-884.248511294 278.417887196 2217.9842353
-977.180519867 979.109546761 2268.43987275
-1316.57389283 58.162316257 2251.06368765
-1684.08608051 -139.600532847 1849.86445624
-804.20427142 476.678809102 2281.71196276
-1213.49147689 -111.341212363 2166.52107165
-687.897555662 -116.415645941 1107.77667988
-734.83828952 447.45734974 2365.40434404
-1012.04924632 836.747872516 2236.92828782
-402.600444042 631.048564309 2234.24807731
-455.521003178 362.442142084 2130.2382701
-704.990681273 930.193912194 2287.09512041
-667.788337143 100.473948425 2201.0140839
-836.599687185 532.306210073 2045.85749289
-3378.02463215 315.089457543 2261.3860622
-2881.77977087 -283.493252906 2230.5660492
-960.423416805 896.639151957 2287.77575912
-1304.39019521 448.793215272 2263.08462555
-970.906126071 122.8199155 2253.754409
-1188.02794245 121.993854764 2006.29867374
-2055.32517165 144.721321919 2223.33167744
-1400.96344893 169.011289117 2277.51383467
-1431.57225627 254.088866981 2214.09275148
-1004.80663926 1248.53325411 2294.71454131
-926.814035427 352.002025102 2046.66548804
-1073.60125699 857.861625913 2278.43821219
-1173.28405771 175.100205103 2156.39589461
-1274.82123344 -149.569366731 1748.55767925
-249.362919318 989.802874973 2284.78400727
-1007.19296172 543.272161518 2120.21263064
-1165.38774732 199.0325162 2128.91281794
-226.846017554 1012.63899904 2309.55733348
-287.52166807 1054.50766344 2351.28482563
-632.081424938 92.0173235916 2032.01952628
-772.221902979 880.706425521 2345.93245386
-1054.22778358 601.15869217 2293.07699104
-1613.49437167 476.552445798 2338.8771386
-1153.45089328 -8.11924890635 2178.68979683
-621.817944712 300.370317215 2362.21280673
-1288.32076976 -16.8626344111 1889.78130711
-843.19311687 234.597793257 2203.08568799
-1708.0383531 491.376748773 2291.42409592
-834.71708317 363.449184036 2228.18654065
-726.529537111 446.166920499 1780.06980866
-1466.70264774 433.982112929 2202.99859569
-466.558638138 801.97958152 1842.96409198
-757.736768543 977.024642891 2095.76366501
-815.407825432 478.111082239 2298.34082811
-1190.25151305 910.297110636 2336.14383431
-1546.60492355 -323.322048075 2301.14355189
-693.644798113 1023.42783313 2379.15631929
-1213.994831 -144.457729365 2258.44963171
-3161.78536138 -181.531583364 2214.90898195
-1114.39392488 91.4669676233 1853.25721993
-652.902725573 653.825447011 2313.24094465
-1152.13836027 462.15588321 2322.27042047
-2109.79490351 130.637599809 2196.14064296
-692.289623437 58.8932545847 2281.0382496
-476.698775419 1044.17159081 2346.32216331
-2084.46132575 1129.59663012 2377.62380522
-2253.40959098 399.748567131 2331.15888229
-689.160913417 437.000436321 2519.16540162
-734.011899599 772.186789916 2203.63131297
-1741.06975891 774.364723499 2456.22801459
-951.77942444 685.719759673 2424.19615063
-1250.03804364 477.097035623 2449.48875838
-3531.75557842 239.212059588 2279.6736733
-1926.24333812 -333.272558673 2226.75889876
-1237.30508374 85.3405462933 2360.98840144
-1320.28602097 301.834933526 2451.61177132
-2014.00329923 374.668625955 2299.32979116
-1154.36764985 -21.8397554051 2372.83361472
-955.763865996 951.631166656 2385.96293557
-441.366355531 212.018153899 2383.05617142
-1660.37074238 -186.148653398 2268.29744465
-1725.23432115 705.292139252 2343.40216627
-4800.5587374 -681.502090862 2420.11914037
-1947.48444656 597.158009124 2322.04668057
-2504.89416094 -120.553001379 2395.99911596
-720.325075105 1228.22296601 2463.63974941
-2043.5579645 308.767551478 2429.42885501
-962.793828254 706.831552871 2439.75377638
-516.814119313 562.327809132 2385.48724532
-1111.0581266 1300.120388 2443.1701038
-2475.73878061 -449.351753438 2470.89446474
-2435.37188194 -41.5576331387 2401.52632699
-1234.06154158 160.255663484 2325.56904818
-1081.41903905 496.565208857 2423.33872935
-1428.24587326 360.306870714 1778.53248531
-619.861726341 532.842846588 2327.73815809
-578.710789672 743.351813096 2459.55115712
-1473.31251612 532.551380266 2302.23043438
-1396.37126297 79.543566842 1634.93503208
-689.055730277 400.087183138 2470.35386473
-764.178165321 696.822105626 2431.07470312
-1321.95333771 -50.031580474 2254.17357457
-462.435491687 909.320789605 2525.2143733
-1643.87001667 444.619003114 2458.09438988
-804.921212925 968.7307612 2449.98705354
-747.589724872 1294.10985876 2467.5260791
-1604.55412146 174.130682669 2192.67932078
-1112.64069129 299.012290136 2337.18419367
-2238.6923183 237.585976753 2477.53446612
-1644.4004159 1122.22017112 2432.96167876
-1049.27978479 641.359038138 2407.12198942
-2037.24201437 553.095092123 2466.0758396
-985.152590109 115.77110701 1891.28074778
-4265.3514065 -764.252921028 375.410017149
-1565.95843227 471.456759571 2428.89436227
-1886.0980942 423.616501685 2430.04818745
-2004.04427601 240.578875152 2429.16629636
-1896.77220949 -55.8130371555 1932.76245137
-508.072950685 172.225363334 2420.7299204
-1649.37706783 32.5026976668 2529.58735637
-1774.83812918 -38.70486505 1986.76009125
-1186.61543401 227.793383324 1989.04737852
-2409.38170056 174.81615011 2520.63628034
-1624.73972721 176.568053871 1415.33148909
-897.546865898 736.801192334 2440.95625447
-1690.10369074 -322.320302138 2461.69174397
-2053.72512031 -734.65009919 375.268826445
-1414.28465388 140.50919615 2493.99362753
-1547.77856763 542.343314159 2504.88202937
-1846.82662863 508.373570975 2421.50647712
-866.316488358 729.117373182 2542.46119929
-1146.16174008 241.254941519 2482.41485444
-1621.73584637 160.689791127 2554.92846396
-670.697313862 -21.9924784069 2523.96043199
-1824.67503434 -393.087015654 1397.56692376
-2547.92178951 244.736995657 2504.13194739
-1129.86930411 632.786617673 2423.23052917
-1679.12525463 -21.8004682508 2502.91150457
-1421.01061208 572.970832745 2576.68786331
-1618.31892389 105.05813177 2447.03702043
-840.458999707 336.167602988 1867.18862265
-654.502981603 213.159426866 2415.03009706
-1044.92476786 301.876004565 2494.18844221
-1521.09646391 378.041340947 2514.17557593
-1452.93371654 -13.2787895161 1393.74361205
-773.357996153 229.350739945 1959.74294003
-1324.54306174 202.23678655 2416.76329818
-448.799103609 680.746874312 2500.03975791
-1404.51363655 12.3402734452 2495.80925685
-839.253117577 209.171769206 2013.85098103
-1260.83359998 356.635439239 2538.23993383
-1075.43115115 -69.2779072597 1264.87018296
-485.766761977 203.338261793 1923.6065084
-1154.14441551 858.351338776 2456.8792046
-1105.51872292 -213.886108154 1332.10794174
-1986.3097897 -491.108177453 2482.53246263
-1831.71164292 110.956913234 2460.53213537
-1408.94005375 321.996307075 2498.09491995
-1847.37420094 -253.629853912 1827.15996177
-383.179684972 662.747462181 2409.42235356
-980.733331999 -176.7660655 1956.21363312
-1992.05372042 19.8635310064 2574.72065535
-762.178909154 153.757127103 1424.32112743
-1801.58495353 -372.884428683 2441.14131166
-477.059117405 443.310067657 2502.89397772
-1244.77652844 367.168267239 1953.66846719
-1087.00362281 629.322625426 2488.71037819
-1398.13763484 587.101187259 2595.00942625
-2999.9248273 -57.9330265594 1985.11087571
-1819.70281708 169.495289613 1976.98950524
-1356.61524897 195.409961166 2522.93416816
-1992.31879539 -400.544310634 2473.50492247
-6126.81906798 -946.205322029 1851.82567512
-830.39044969 308.998245383 2389.63769922
-745.742682902 524.6489891 2433.13628548
-3728.29233834 -432.995495477 2391.35145164
-1544.68547357 -496.781114492 842.678407103
-1368.3032463 449.468076692 2478.72355281
-1315.58182921 387.092033134 2421.90632314
-840.095878117 750.124554567 2372.60298229
-2776.13398723 142.810128012 1994.27026597
-2917.25472976 -80.009906671 1889.6447851
-1187.77986855 18.7637547871 1475.52560592
-1398.28557478 704.602857841 2568.73068923
-779.584782942 624.428639524 2463.21189302
-828.774915547 909.468348765 2481.5556751
-2125.58656887 10.0421326299 2524.46106442
-1463.96225081 549.967679451 2494.53331551
-1297.89394769 515.10902979 2476.19799648
-414.897412839 1094.24878182 2416.64637516
-157.026778371 1252.50936331 1995.03206437
-394.664361662 822.660034005 2492.42410421
-2321.66931505 105.39549786 2522.70838105
-608.453394177 650.973847574 2476.17721436
-2304.68621905 -65.0479622717 1993.43036882
-810.332742917 833.813823317 2525.82640894
-962.010183618 190.042536425 1905.08183545
-902.925920778 341.032253377 2494.7579985
-1304.48591095 148.930493965 1912.18648113
-434.373369666 1015.34891583 2305.84295145
-1954.41710862 322.972481765 2404.70736737
-791.331437097 315.522507303 2521.27233765
-1623.48278178 542.140988872 2368.03634589
-1442.53741995 274.169687407 1925.4594346
-1400.17802332 1078.65123913 2404.72873376
-1379.8044741 39.4950936533 2504.95115326
-1171.34628292 348.109015068 2373.67339146
-447.974676278 467.33778214 2405.07252183
-2301.04329043 -156.892722254 1943.60618976
-644.951604415 344.071222511 2398.40491498
-1033.34610825 856.519976882 2462.63855879
-1906.43070758 -94.1867619067 1981.88644759
-693.496153804 858.187863521 2467.50397166
-1634.52658887 564.506872183 2372.59813638
-1219.86944651 435.078390832 2425.85318972
-1253.80357945 736.850093413 2443.55859904
-2071.32756231 413.276725617 2396.41217115
-2588.91050116 -391.273990519 2415.76521804
-1957.38769646 509.726075745 2388.53341772
-4132.52993313 59.1704606813 2400.00232292
-985.394415051 427.34569146 1390.6026325
-1430.47060537 48.9352300729 2455.32313693
-685.014767175 577.148093317 2485.27076937
-783.365405927 550.480537652 2350.50300059
-1313.81635284 -314.355022015 332.943482112
-1050.5682039 165.604577429 1453.05481973
-1800.1516202 -183.153890105 2281.41646615
-990.461116961 606.11314329 2474.40769358
-1324.5942794 108.662460048 2420.3986019
-894.226728125 -54.2875874407 1324.60519438
-496.569596473 292.123109926 1938.48579314
-1283.29922724 984.218038174 2436.70704402
-1981.81364782 189.274277463 2503.12619709
-976.525672478 186.647754481 1851.42106613
-1601.60815659 595.480686405 2520.35811166
-1591.79829236 67.2442924567 1462.04585883
-962.567888868 453.069029151 2487.66732154
-1345.01367949 194.975695574 1875.65485282
-852.05874028 407.607386524 1991.15392479
-1135.40329053 -63.1839448694 1788.51972108
-1472.27904433 54.3204699788 1468.65986869
-916.415883008 333.454499712 2439.22222277
-495.547689687 614.417871594 2408.16139833
-577.038370237 1086.74295165 2483.07824153
-1675.64170885 -2.46011223263 1714.01496279
-1167.07162584 805.829558649 1911.64279139
-800.013621714 370.859338893 2538.43885704
-796.122669094 168.34441552 1865.54867633
-615.541309094 1191.76740045 2501.95519453
-683.336386046 743.301759632 2425.17214158
-1661.28162479 135.335055522 2015.86058343
-1262.35835242 624.069867619 1987.8624818
-1808.33036755 734.18250742 2557.57859812
-1090.71207335 504.884427453 2407.25313526
-1541.08918916 636.702789814 2517.36124551
-907.925091987 607.562110856 2420.95552811
-533.736167087 686.995896327 2055.31995844
-516.929306981 396.805597185 2451.42433737
-1505.56013388 216.513270501 2441.73221699
-555.484181919 771.482701152 2490.71669473
-1464.38655259 1019.14461413 2498.08019319
-2030.06964805 -361.096042418 2006.60514951
-1322.11688383 258.747714572 1419.96576959
-645.38263799 793.380223293 2524.54294771
-2313.95469972 -77.299446418 2513.85931117
-748.058575281 1194.57224348 2006.90061494
-2235.56253355 315.197684453 1962.25365916
-486.205889008 447.018989205 2522.2862489
-2223.1781236 -97.3879678606 1420.63393771
-1559.79888367 -86.3028704797 1297.28701973
-2552.29495765 108.826658363 1985.10525235
-1632.15136741 122.571455387 2514.46483838
-2868.91028449 42.6834683411 2500.55563796
-2027.57760484 -105.05420201 1400.88669342
-1692.43586068 1100.14582905 2513.62218342
-540.592097473 1249.48842222 2452.53501034
-480.670403988 264.262507595 1432.49556337
-1453.43812418 -126.544543717 2498.94481183
-679.31732435 942.995392209 2471.89925211
-783.241860055 628.338940545 2451.08412799
-658.711657593 557.855066404 2462.98442651
-1079.29327146 252.17324647 1917.3981202
-1190.33939886 545.26822696 2434.96389229
-1894.22072386 543.131138834 2452.00296659
-617.87179465 212.301476135 2016.90089298
-1076.8448991 575.141364445 2490.35969816
-1029.06060916 751.333410311 2374.873979
-588.532679864 740.531012872 2285.57030335
-277.779008859 1175.90846186 2479.0788716
-504.92072135 683.94051749 2357.17291465
-1342.369737 578.283403161 2382.65656593
-1176.8871707 739.972158203 2422.85373366
-501.140518314 189.697214086 1950.02859135
-1333.05473906 389.9793922 2385.49141001
-1263.67678927 454.846167607 2386.01090923
-345.433300773 585.777769306 2470.45195069
-990.018256328 921.196523165 2411.7131203
-447.524609975 890.394296651 2456.01426749
-579.448785523 829.669715172 2340.51227152
-968.441269646 926.200087188 2382.52904105
-2039.20036541 1070.9614667 2378.93451923
-879.46872706 1018.89097323 2304.90009518
-1959.63682331 516.920206537 2406.4912212
-490.146019138 697.433434795 2451.35677961
-425.625752552 1241.86928539 2398.85510784
-1290.93303467 661.965550168 2394.81226878
-510.886909587 815.308239193 2401.01998199
-1033.19455987 13.226974668 2406.17667284
-835.887174573 596.547785167 2385.963538
-1057.4471939 621.170396114 2454.89428036
-593.038621597 751.535758078 2352.91196802
-290.261762423 795.605243399 2289.44051561
-386.305792568 603.222223632 1891.84212909
-637.423364959 834.819268946 2380.69275695
-836.059741893 605.434844544 2438.79729679
-288.505875806 1379.63392333 2419.00428217
-999.680543592 732.409283449 2440.11031012
-984.723459149 541.481637264 2295.47866416
-1205.85506937 432.710945799 2328.20834144
-1307.83789484 339.581077527 2381.84256358
-1562.95260886 510.648620361 2428.34377531
-348.003887423 1341.49907661 2439.06250413
-1139.76962599 517.958894858 2392.01352056
-1331.97910788 274.695482612 2394.54923753
-612.668604592 934.113798141 2435.01123531
-860.812193124 449.764740502 2441.74834478
-768.615221973 280.926144358 2336.8314035
-469.553435986 490.868924007 2438.92162461
-806.232017392 677.219631025 2270.47120116
-448.821995814 1177.40786939 2445.32856119
-1962.82616636 396.502829905 1876.49373539
-1404.52066206 -155.903435212 1859.8761075
-842.111373014 533.098732491 2423.60125856
-754.93594788 176.091865782 1410.59838362
-870.578779785 -9.59392364963 2385.53123867
-933.703210743 351.783576584 2397.52875461
-1679.02200946 142.345276328 2302.24398561
-1194.53954699 467.779034862 2487.436983
-1164.27654654 -86.9382126201 2279.1295811
-222.504865584 1217.64760856 2429.93983003
-900.527621975 1268.22183887 2498.22731135
-928.259439886 1407.71386549 2453.4702734
-988.561122 133.94696293 2372.74353987
-1073.32782404 647.469711231 2401.37967269
-1019.12652307 736.219512802 2466.6735157
-520.488899007 1304.25379215 2409.12838473
-661.608601709 1333.64958619 2487.16148772
-742.675839536 305.860148797 1788.07867904
-504.344505305 745.202818011 2343.55144938
-1746.49759954 443.96199343 1857.81159576
-343.194210676 856.779848848 2430.83269923
-517.249090259 558.267303496 1941.53282663
-966.807526413 14.8143707895 2343.94116756
-981.099169578 142.514538578 2215.73649208
-349.662445598 1019.32354263 2393.80979204
-544.971451992 1146.13959016 2445.44262967
-366.611449014 1077.13038709 2436.08359039
