0.1324 0.22396 0.3864
0.1484 0.21104 0.2684
0.1724 0.26444 0.6
0.1732 0.35596 0.6
0.1304 0.2446 0.4496
0.1448 0.243 0.4116
0.148 0.32988 0.6
0.1628 0.2682 0.548
0.13 0.30416 0.6
0.1036 0.25404 0.6
0.1728 0.2936 0.5592
0.156 0.30436 0.4924
0.178 0.242 0.3384
0.1608 0.31984 0.5028
0.1504 0.23132 0.388
0.1656 0.26064 0.5404
0.1716 0.23764 0.4552
0.1736 0.32792 0.6
0.166 0.207 0.2688
0.1688 0.20132 0.2292
0.1572 0.23704 0.416
0.1532 0.20752 0.2308
0.1496 0.19644 0.2216
0.1404 0.2258 0.3392
0.1464 0.21008 0.2796
0.178 0.22428 0.3032
0.1732 0.23972 0.4708
0.1636 0.20584 0.2852
0.198 0.23424 0.328
0.1548 0.2272 0.3508
0.1584 0.20332 0.2644
0.1636 0.22112 0.2764
0.1444 0.1852 0.2204
0.198 0.22132 0.2912
0.1824 0.2138 0.2488
0.1668 0.21848 0.2752
0.1628 0.21684 0.282
0.1448 0.20504 0.2948
0.1644 0.23728 0.3616
0.1896 0.22948 0.262
0.1664 0.24584 0.4432
0.194 0.23152 0.3048
0.2116 0.29084 0.6
0.1604 0.2014 0.2284
0.1704 0.21776 0.272
0.194 0.24264 0.3488
0.1752 0.219 0.2804
0.2 0.30004 0.5
0.1524 0.23656 0.3088
0.1596 0.19812 0.2796
0.1668 0.23976 0.3116
0.1796 0.21024 0.2816
0.184 0.24032 0.3468
0.1888 0.2188 0.2624
0.1644 0.22128 0.304
0.172 0.20884 0.2528
0.174 0.21904 0.2968
0.1656 0.22384 0.368
0.1604 0.2046 0.242
0.1436 0.20212 0.3016
0.1616 0.20664 0.26
0.144 0.20628 0.2672
0.1632 0.19076 0.2188
0.1464 0.19772 0.2304
0.156 0.18984 0.2284
0.158 0.19352 0.2296
0.152 0.2088 0.2552
0.1644 0.19572 0.2464
0.1504 0.18424 0.2408
0.1624 0.21884 0.3288
0.1708 0.20644 0.248
0.1656 0.19944 0.2356
0.1656 0.21272 0.2728
0.16 0.19112 0.2724
0.1536 0.18248 0.2248
0.15 0.195 0.224
0.1352 0.17596 0.2176
0.1528 0.1894 0.2268
0.1592 0.18816 0.2216
0.15 0.17684 0.2
0.1448 0.19032 0.2352
0.1484 0.17936 0.2424
0.1548 0.17584 0.206
0.1508 0.199 0.2312
0.176 0.19236 0.2112
0.1728 0.20632 0.2512
0.1556 0.18716 0.2416
0.1444 0.19388 0.2524
0.1788 0.21688 0.2648
0.154 0.1918 0.2624
0.1664 0.19336 0.2176
0.1556 0.19096 0.2512
0.15 0.19112 0.214
0.132 0.1738 0.202
0.132 0.16628 0.2636
0.1488 0.1776 0.2348
0.1532 0.18656 0.23
0.1416 0.17136 0.2084
0.138 0.18552 0.286
0.158 0.18408 0.22
0.1128 0.18328 0.2384
0.1188 0.18048 0.2276
0.1436 0.18584 0.2328
0.1336 0.18596 0.234
0.1544 0.179 0.2128
0.1432 0.1828 0.2508
0.124 0.16964 0.2096
0.1628 0.18364 0.2324
0.1356 0.17368 0.208
0.1228 0.1572 0.196
0.1384 0.1654 0.2208
0.1548 0.1856 0.2552
0.1292 0.16804 0.196
0.1372 0.1804 0.2108
0.1496 0.16588 0.1868
0.1372 0.17076 0.2104
0.1424 0.17608 0.1904
0.1196 0.17524 0.2276
0.1424 0.17544 0.2116
0.1472 0.18272 0.2184
0.1348 0.17336 0.2028
0.1396 0.172 0.2424
0.1448 0.16672 0.2016
0.1324 0.16268 0.2168
0.1324 0.16796 0.2036
0.1292 0.1592 0.2088
0.1428 0.1804 0.2508
0.1296 0.16092 0.194
0.126 0.16856 0.2064
0.1324 0.1602 0.1784
0.1328 0.1688 0.2284
0.1428 0.16952 0.2044
0.1488 0.184 0.2116
0.1336 0.16752 0.202
0.1384 0.17276 0.2104
0.1472 0.18304 0.218
0.1288 0.1636 0.2036
0.1332 0.1672 0.2284
0.1376 0.15696 0.1956
0.134 0.15824 0.2008
0.1348 0.15532 0.2024
0.1396 0.16232 0.2028
0.1148 0.15024 0.1776
0.1288 0.14812 0.1944
0.1228 0.15012 0.172
0.134 0.16016 0.194
0.1168 0.14864 0.1772
0.1288 0.15396 0.1816
0.118 0.1516 0.1812
0.13 0.14752 0.164
0.1348 0.15868 0.1844
0.1284 0.1476 0.1932
0.1256 0.14776 0.1672
0.1356 0.15712 0.2368
0.1136 0.14248 0.1824
0.116 0.14916 0.196
0.114 0.14148 0.1672
0.1288 0.15544 0.1908
0.1296 0.15432 0.1824
0.13 0.15256 0.1948
0.1224 0.14436 0.1644
0.1224 0.1494 0.1724
0.136 0.15256 0.1692
0.1116 0.15076 0.2076
0.1292 0.15472 0.1848
0.1116 0.14228 0.1716
0.1176 0.13988 0.1788
0.1212 0.14212 0.18
0.1384 0.159 0.1928
0.112 0.15676 0.2256
0.1344 0.1532 0.192
0.1216 0.1516 0.19
0.1184 0.15288 0.2048
0.1228 0.14988 0.176
0.1296 0.16412 0.206
0.1248 0.15008 0.1932
0.1236 0.15268 0.2204
0.1148 0.16504 0.2764
0.134 0.16092 0.2112
0.1332 0.16216 0.2016
0.1288 0.16436 0.2
0.124 0.16068 0.2128
0.1392 0.16572 0.1904
0.14 0.162 0.1852
0.136 0.16008 0.2048
0.1196 0.16116 0.2092
0.1308 0.1882 0.3328
0.118 0.16772 0.2208
0.1288 0.16316 0.1988
0.1432 0.17264 0.2308
0.1272 0.1884 0.4152
0.1312 0.17444 0.3156
0.1416 0.15876 0.2024
0.152 0.17432 0.2144
0.1428 0.1692 0.2088
0.1316 0.14952 0.1744
0.1384 0.15824 0.214
0.1332 0.16468 0.2056
0.1268 0.1576 0.1848
0.1176 0.17528 0.2332
0.1244 0.15484 0.1768
0.1364 0.17016 0.2148
0.1324 0.16516 0.2076
0.122 0.16508 0.2096
0.1164 0.158 0.2016
0.142 0.1694 0.1968
0.142 0.18048 0.226
0.126 0.15736 0.1916
0.1432 0.17792 0.2404
0.1276 0.15784 0.2172
0.1292 0.17428 0.2104
0.1268 0.17228 0.2196
0.1312 0.17756 0.2264
0.15 0.17628 0.21
0.1484 0.1854 0.2568
0.1296 0.18704 0.2464
0.1444 0.18872 0.2848
0.1512 0.21988 0.2772
0.1528 0.19216 0.2428
0.1496 0.20816 0.316
0.1552 0.18764 0.2456
0.156 0.2236 0.34
0.1528 0.19192 0.238
0.146 0.19276 0.2864
0.14 0.18304 0.2164
0.1596 0.21224 0.364
0.148 0.20496 0.3084
0.1788 0.21532 0.2556
0.1436 0.21504 0.3852
0.1644 0.1942 0.2216
0.1492 0.19448 0.272
0.1352 0.1974 0.2604
0.1704 0.19588 0.2168
0.1432 0.2134 0.3724
0.1656 0.235 0.54
0.1536 0.20656 0.294
0.1508 0.2004 0.2524
0.1668 0.21544 0.2684
0.1796 0.238 0.3368
0.1612 0.24796 0.6
0.1552 0.19284 0.2276
0.1892 0.228 0.3436
0.1804 0.26688 0.6
0.1836 0.27124 0.5352
0.1416 0.20456 0.2732
0.1644 0.20656 0.2568
0.1628 0.20288 0.248
0.18 0.20704 0.2472
0.1672 0.21136 0.2952
0.1728 0.2146 0.318
0.1536 0.20668 0.336
0.1784 0.21124 0.266
0.1852 0.23608 0.2836
0.1816 0.25044 0.6
0.1616 0.2218 0.3656
0.1792 0.20388 0.2424
0.156 0.22584 0.2996
0.1524 0.23516 0.4768
0.1832 0.23388 0.314
0.16 0.22168 0.3216
0.1628 0.1916 0.2188
0.1424 0.2138 0.262
0.1656 0.2318 0.2944
0.1724 0.21536 0.2772
0.1608 0.1958 0.2488
0.1532 0.22872 0.3256
0.1612 0.21612 0.2704
0.1656 0.23204 0.34
0.1892 0.26968 0.4128
0.1652 0.251 0.3668
0.1668 0.24444 0.3364
0.1792 0.27036 0.4584
0.1832 0.26192 0.3428
0.1952 0.25076 0.332
0.2012 0.27336 0.4792
0.2148 0.2842 0.4716
0.1784 0.26412 0.3712
0.1908 0.24968 0.2848
0.1864 0.2236 0.2824
0.212 0.2578 0.2972
0.184 0.24792 0.3676
0.1784 0.242 0.3036
0.184 0.24144 0.352
0.2036 0.26388 0.4248
0.2 0.29004 0.6
0.1832 0.23268 0.3364
0.1824 0.25136 0.3844
0.1872 0.22308 0.2664
0.1704 0.22488 0.2828
0.1768 0.21468 0.2732
0.1652 0.2104 0.2504
0.1696 0.22192 0.332
0.1648 0.2158 0.2608
0.1744 0.21348 0.2596
0.1496 0.20588 0.24
0.1668 0.22616 0.3132
0.1864 0.21504 0.256
0.1348 0.17808 0.212
0.1204 0.19592 0.324
0.1676 0.21248 0.246
0.1656 0.20096 0.2604
0.1624 0.19436 0.236
0.1504 0.19052 0.2328
0.154 0.17612 0.2108
0.13 0.19768 0.2596
0.1844 0.21944 0.2756
0.1684 0.20252 0.2252
0.1724 0.22084 0.3124
0.1544 0.19912 0.2452
0.1912 0.21456 0.2556
0.18 0.20844 0.2896
0.1744 0.21924 0.2868
0.1784 0.26152 0.5412
0.2032 0.23304 0.304
0.1528 0.20696 0.274
0.2104 0.25072 0.3092
0.1916 0.27584 0.5428
0.1672 0.23544 0.312
0.1868 0.22904 0.2712
0.184 0.23004 0.2916
0.1852 0.22456 0.2768
0.1656 0.21792 0.3344
0.1724 0.21512 0.2492
0.1676 0.21364 0.2696
0.1856 0.22024 0.2568
0.1856 0.23076 0.2952
0.1408 0.21812 0.286
0.1856 0.21312 0.236
0.1832 0.23604 0.3216
0.168 0.2382 0.318
0.1716 0.22744 0.2936
0.1748 0.21388 0.256
0.186 0.2516 0.4912
0.1664 0.2146 0.2432
0.1988 0.24444 0.3624
0.1576 0.19792 0.2448
0.1736 0.23164 0.29
0.1716 0.21556 0.3
0.1748 0.22444 0.3064
0.1848 0.21196 0.2588
0.1916 0.22988 0.2988
0.1808 0.21668 0.286
0.1496 0.22388 0.284
0.1644 0.22184 0.3028
0.1872 0.23456 0.2912
0.1928 0.22416 0.2636
0.1772 0.22784 0.324
0.162 0.22144 0.372
0.1924 0.22588 0.2808
0.1592 0.21236 0.2668
0.152 0.20976 0.2568
0.1792 0.21396 0.256
0.1496 0.20332 0.2464
0.186 0.21356 0.2472
0.1668 0.20556 0.3084
0.1748 0.20716 0.2556
0.1336 0.20112 0.2764
0.1624 0.1836 0.2072
0.1552 0.1878 0.214
0.1752 0.19604 0.2324
0.1696 0.20428 0.2572
0.1508 0.18348 0.212
0.164 0.19988 0.244
0.1688 0.19812 0.2324
0.158 0.1918 0.2192
0.154 0.18544 0.2348
0.1656 0.21836 0.2748
0.1724 0.1978 0.2724
0.1376 0.18844 0.2412
0.1572 0.21068 0.2744
0.1576 0.1912 0.2156
0.176 0.20676 0.238
0.1696 0.21572 0.2684
0.142 0.20872 0.2596
0.1804 0.23808 0.2964
0.1792 0.2182 0.2836
0.1636 0.2106 0.2444
0.1612 0.21136 0.2864
0.158 0.20908 0.2628
0.1728 0.22592 0.3508
0.1408 0.19388 0.248
0.1392 0.21888 0.312
0.1588 0.2254 0.2688
0.1596 0.21756 0.2688
0.1108 0.18876 0.2476
0.1608 0.1934 0.2232
0.1568 0.20064 0.2484
0.152 0.1826 0.2508
0.1396 0.18296 0.2128
0.18 0.21356 0.2448
0.1372 0.20084 0.242
0.1624 0.20036 0.2576
0.1664 0.20204 0.2296
0.1816 0.2286 0.2788
0.1736 0.2112 0.2932
0.1604 0.21168 0.3044
0.1852 0.21316 0.2388
0.1972 0.22552 0.2644
0.16 0.21432 0.2848
0.1696 0.2602 0.5208
0.19 0.23008 0.306
0.172 0.2204 0.246
0.148 0.21664 0.2792
0.1844 0.21988 0.2672
0.1672 0.201 0.2684
0.174 0.21448 0.258
0.148 0.21736 0.3472
0.1696 0.22092 0.2648
0.1708 0.25168 0.552
0.1732 0.21932 0.2828
0.146 0.21632 0.3048
0.2028 0.2258 0.2572
0.1892 0.2218 0.2644
0.192 0.22744 0.2928
0.1664 0.2112 0.2528
0.168 0.23592 0.2972
0.1716 0.21836 0.2628
0.1576 0.20896 0.308
0.1844 0.2114 0.3068
0.1584 0.22124 0.2928
0.1656 0.20872 0.272
0.1828 0.22284 0.2788
0.1548 0.18976 0.2516
0.142 0.2074 0.2788
0.1628 0.20936 0.2432
0.1796 0.20468 0.2772
0.1728 0.19796 0.2552
0.1768 0.23392 0.3436
0.1784 0.22688 0.282
0.168 0.21668 0.28
0.1944 0.23044 0.274
0.1728 0.213 0.2984
0.1792 0.21944 0.2604
0.1792 0.22532 0.2876
0.1692 0.20644 0.2768
0.1576 0.2106 0.2468
0.178 0.21376 0.2544
0.1672 0.20992 0.2612
0.166 0.20724 0.2772
0.1836 0.21532 0.2552
0.1752 0.223 0.302
0.1712 0.2148 0.248
0.1564 0.20636 0.2392
0.1788 0.20796 0.2576
0.1732 0.20564 0.2752
0.1664 0.20376 0.2272
0.1876 0.21096 0.2408
0.1744 0.21716 0.27
0.1764 0.21884 0.2572
0.1816 0.21156 0.2296
0.17 0.2126 0.246
0.1848 0.21292 0.2344
0.182 0.22196 0.2612
0.1884 0.22632 0.2732
0.1916 0.2298 0.2592
0.2088 0.23828 0.2972
0.1888 0.23348 0.2888
0.216 0.24364 0.272
0.1984 0.22416 0.264
0.1884 0.24104 0.3036
0.1544 0.22984 0.3368
0.1884 0.22204 0.2692
0.1716 0.23072 0.3032
0.2016 0.24528 0.2812
0.1996 0.2452 0.3056
0.2116 0.25184 0.3428
0.1668 0.22704 0.28
0.2264 0.26848 0.3416
0.2264 0.26328 0.3296
0.2112 0.24764 0.2768
0.2096 0.25004 0.3144
0.2048 0.25692 0.3524
0.2356 0.26668 0.2964
0.1948 0.26108 0.308
0.2124 0.2794 0.4756
0.2144 0.24432 0.28
0.1664 0.254 0.3236
0.1804 0.22184 0.2672
0.1616 0.20716 0.2592
0.1764 0.21148 0.2828
0.1444 0.19404 0.2456
0.1752 0.21168 0.2316
0.1716 0.199 0.2424
0.18 0.21172 0.2392
0.1692 0.2064 0.2408
0.1468 0.19376 0.2632
0.1748 0.20832 0.2428
0.1576 0.21084 0.248
0.1612 0.19764 0.2296
0.1808 0.19532 0.2212
0.1664 0.20012 0.262
0.1612 0.19672 0.2464
0.1436 0.18952 0.2192
0.174 0.20048 0.2372
0.162 0.18488 0.202
0.1448 0.18284 0.2216
0.1596 0.18732 0.244
0.1828 0.20456 0.2304
0.158 0.1786 0.1964
0.1636 0.189 0.2136
0.1592 0.18804 0.238
0.1776 0.19124 0.2088
0.1472 0.1894 0.2148
0.1652 0.18856 0.2112
0.1432 0.17996 0.2244
0.1472 0.19052 0.2536
0.1568 0.18704 0.224
0.1572 0.18876 0.2116
0.1612 0.2006 0.2244
0.1768 0.21176 0.2732
0.1596 0.18012 0.2072
0.1592 0.18764 0.2328
0.1608 0.19728 0.2296
0.1512 0.18532 0.2496
0.158 0.19144 0.2236
0.1536 0.17848 0.2368
0.1544 0.18388 0.2092
0.1468 0.18008 0.2152
0.1416 0.18096 0.2104
0.144 0.16456 0.1916
0.1444 0.15992 0.1784
0.1604 0.18068 0.202
0.1476 0.1746 0.2164
0.1484 0.1666 0.1996
0.1436 0.1708 0.1916
0.1492 0.16852 0.1872
0.1472 0.17784 0.216
0.144 0.17808 0.2132
0.1624 0.1846 0.212
0.1656 0.18804 0.2296
0.1592 0.17676 0.1952
0.1476 0.18508 0.2292
0.154 0.1728 0.2408
0.1416 0.17536 0.2116
0.1492 0.18276 0.2384
0.1416 0.18152 0.212
0.1552 0.1772 0.2072
0.142 0.17248 0.2168
0.1532 0.17048 0.2024
0.1512 0.18468 0.22
0.164 0.18144 0.196
0.1672 0.194 0.2588
0.1672 0.1884 0.2168
0.1576 0.19748 0.2304
0.1672 0.18656 0.204
0.1568 0.18808 0.2312
0.1632 0.1852 0.206
0.1496 0.17668 0.2032
0.1652 0.18208 0.2124
0.1624 0.1806 0.1964
0.1648 0.18824 0.2184
0.1724 0.19388 0.2468
0.1592 0.18764 0.2108
0.1712 0.18932 0.216
0.1792 0.20248 0.228
0.1528 0.17416 0.192
0.1652 0.19792 0.254
0.1648 0.19456 0.2588
0.1608 0.18632 0.2072
0.1668 0.18324 0.1932
0.1672 0.18552 0.2144
0.166 0.18944 0.2136
0.1568 0.18052 0.2136
0.1628 0.18616 0.228
0.1464 0.17848 0.198
0.1564 0.16872 0.194
0.1596 0.17956 0.198
0.148 0.18424 0.2328
0.1568 0.19304 0.2384
0.1532 0.17728 0.2068
0.1632 0.19608 0.2636
0.1536 0.18708 0.218
0.1624 0.18068 0.2176
0.1684 0.2006 0.2984
0.1524 0.17932 0.2208
0.154 0.17728 0.212
0.1532 0.1798 0.204
0.1416 0.17796 0.2096
0.1436 0.19244 0.2424
0.1576 0.18164 0.22
0.1592 0.1954 0.2528
0.156 0.18712 0.2216
0.1504 0.172 0.2052
0.1504 0.19436 0.2436
0.1668 0.18324 0.2132
0.1468 0.1844 0.22
0.1776 0.19848 0.2288
0.1632 0.19512 0.2464
0.168 0.19384 0.2228
0.1804 0.20532 0.2444
0.1672 0.19592 0.2352
0.1696 0.20032 0.2648
0.158 0.19336 0.2284
