0.3488 0.46412 0.6
0.382 0.45664 0.554
0.3396 0.43288 0.5636
0.2964 0.39264 0.502
0.3104 0.38936 0.5816
0.2416 0.41756 0.5884
0.3072 0.37864 0.4156
0.294 0.36824 0.4508
0.2712 0.37568 0.542
0.3332 0.41312 0.5836
0.35 0.4508 0.5448
0.3 0.43492 0.516
0.3492 0.44724 0.5548
0.3664 0.42132 0.5176
0.37 0.47392 0.5356
0.2976 0.43876 0.5628
0.3724 0.4666 0.5672
0.4092 0.48148 0.5744
0.3784 0.44256 0.5164
0.3436 0.44692 0.5144
0.4144 0.4726 0.5212
0.3564 0.43912 0.576
0.3476 0.474 0.5996
0.3612 0.46272 0.5668
0.3836 0.47296 0.5344
0.328 0.44416 0.5852
0.338 0.43104 0.59
0.388 0.4508 0.5088
0.3308 0.4452 0.5532
0.3936 0.46544 0.5568
0.4112 0.48768 0.5472
0.384 0.47028 0.5548
0.4248 0.48192 0.5712
0.3488 0.47604 0.5772
0.3748 0.48272 0.5308
0.352 0.42768 0.4748
0.3984 0.476 0.5996
0.3904 0.46536 0.5808
0.3424 0.46092 0.5436
0.414 0.46252 0.5428
0.4028 0.44576 0.5196
0.3908 0.456 0.5364
0.3644 0.42904 0.5016
0.3736 0.47244 0.5704
0.34 0.4474 0.544
0.394 0.48336 0.5784
0.3832 0.45168 0.596
0.378 0.4622 0.566
0.4356 0.47948 0.5692
0.4284 0.48096 0.5916
0.4088 0.46448 0.5504
0.39 0.46324 0.516
0.3624 0.4396 0.5372
0.3708 0.44928 0.5652
0.3988 0.44392 0.5016
0.3988 0.46948 0.528
0.374 0.4576 0.5596
0.3988 0.45312 0.502
0.3828 0.43664 0.504
0.3396 0.4252 0.5464
0.3416 0.4122 0.484
0.3588 0.42308 0.4916
0.352 0.42228 0.5256
0.3596 0.4496 0.5464
0.3448 0.43504 0.554
0.3804 0.45256 0.5516
0.3672 0.45744 0.5496
0.3716 0.43064 0.5536
0.346 0.4292 0.5028
0.404 0.43932 0.5008
0.3376 0.43832 0.5768
0.3996 0.46224 0.5756
0.3632 0.43076 0.5132
0.32 0.41084 0.4864
0.3688 0.43516 0.4976
0.3824 0.45448 0.5016
0.386 0.45756 0.5092
0.3532 0.4264 0.5092
0.4092 0.46652 0.5216
0.3936 0.4488 0.5212
0.404 0.46136 0.5452
0.3552 0.4212 0.4948
0.3456 0.4358 0.4992
0.374 0.45764 0.542
0.3536 0.41016 0.466
0.354 0.40992 0.462
0.3124 0.4018 0.4504
0.3956 0.4456 0.4848
0.3216 0.38772 0.4332
0.3564 0.39844 0.4456
0.32 0.39644 0.512
0.3316 0.39292 0.4536
0.3232 0.40284 0.4892
0.3128 0.40772 0.4976
0.3144 0.43496 0.6
0.306 0.44012 0.5556
0.3932 0.45292 0.5288
0.3348 0.41364 0.53
0.3272 0.41844 0.51
0.4036 0.44936 0.4944
0.3456 0.43352 0.5024
0.3464 0.43888 0.4892
0.3536 0.43668 0.5484
0.3184 0.4364 0.5388
0.3924 0.44228 0.5208
0.4076 0.46864 0.5376
0.3624 0.4388 0.5008
0.4516 0.48228 0.53
0.41 0.45916 0.5288
0.3996 0.461 0.5488
0.3808 0.4572 0.5248
0.3696 0.45384 0.5812
0.4032 0.45764 0.524
0.3944 0.46832 0.5404
0.3808 0.44052 0.4904
0.3992 0.43964 0.4908
0.336 0.4348 0.4828
0.3528 0.4386 0.5036
0.3444 0.42284 0.5172
0.4104 0.45256 0.514
0.3696 0.42748 0.5116
0.3964 0.44248 0.4988
0.3116 0.44004 0.4976
0.3768 0.46396 0.5076
0.3932 0.44048 0.5092
0.3816 0.45108 0.5308
0.3956 0.45264 0.5252
0.356 0.422 0.516
0.4108 0.45824 0.5128
0.3868 0.45348 0.5608
0.3652 0.4536 0.5576
0.3704 0.44004 0.5092
0.4288 0.47088 0.5104
0.4244 0.4658 0.5148
0.4488 0.49764 0.5844
0.4168 0.46992 0.5464
0.3872 0.47028 0.5572
0.3384 0.44356 0.5024
0.4056 0.45252 0.494
0.3924 0.45236 0.4992
0.4048 0.45552 0.548
0.3636 0.45112 0.5664
0.42 0.46048 0.5112
0.3732 0.44756 0.534
0.39 0.46152 0.5076
0.4004 0.4728 0.5748
0.3896 0.44484 0.5132
0.408 0.43944 0.4972
0.3912 0.43852 0.5052
0.3648 0.42584 0.5284
0.348 0.4144 0.508
0.372 0.41404 0.4612
0.36 0.43668 0.4912
0.3784 0.43684 0.4796
0.3512 0.41856 0.5132
0.3708 0.4324 0.4808
0.332 0.41772 0.482
0.3524 0.42268 0.4892
0.3884 0.44736 0.508
0.3696 0.4446 0.5508
0.3548 0.42104 0.5048
0.3764 0.42548 0.5052
0.362 0.42268 0.4624
0.3656 0.40504 0.462
0.3808 0.45164 0.5556
0.3564 0.4132 0.454
0.364 0.41844 0.4784
0.35 0.429 0.4976
0.3584 0.40896 0.4524
0.3296 0.4138 0.4652
0.3852 0.41756 0.4648
0.3828 0.40472 0.4388
0.368 0.39664 0.4292
0.3516 0.39156 0.436
0.3652 0.39812 0.4472
0.3864 0.41924 0.4636
0.332 0.364 0.392
0.2996 0.36524 0.4168
0.3244 0.36252 0.3936
0.3188 0.35728 0.3976
0.3264 0.35968 0.398
0.294 0.36608 0.414
0.3192 0.37352 0.4336
0.316 0.38452 0.4468
0.3292 0.38632 0.4252
0.358 0.38644 0.4396
0.3548 0.40104 0.444
0.3428 0.39836 0.45
0.3216 0.37752 0.4568
0.3284 0.39476 0.454
0.336 0.37772 0.4116
0.3248 0.37688 0.4488
0.3232 0.36192 0.4176
0.342 0.36936 0.4112
0.3204 0.38796 0.4364
0.3284 0.37712 0.4496
0.3324 0.37112 0.404
0.3212 0.38236 0.4252
0.3104 0.37124 0.4112
0.3356 0.36392 0.4008
0.3248 0.3672 0.3984
0.3476 0.38692 0.4544
0.2956 0.3624 0.4048
0.3324 0.36388 0.3816
0.3412 0.3994 0.5
0.3056 0.37976 0.4184
0.3396 0.3856 0.4232
0.296 0.39496 0.4288
0.3688 0.40036 0.4316
0.3652 0.41856 0.4916
0.3512 0.41424 0.4596
0.374 0.43052 0.5028
0.3536 0.39532 0.4648
0.3808 0.428 0.4688
0.388 0.4194 0.4552
0.378 0.41032 0.4596
0.3412 0.41552 0.4692
0.3512 0.4102 0.4572
0.39 0.421 0.4424
0.3444 0.409 0.4528
0.3648 0.41728 0.4696
0.362 0.421 0.462
0.4072 0.43192 0.474
0.3576 0.4182 0.468
0.3716 0.43332 0.4968
0.3688 0.40704 0.4428
0.3904 0.43496 0.4808
0.3884 0.43172 0.504
0.3828 0.41772 0.4576
0.366 0.42288 0.4836
0.3712 0.40468 0.4536
0.3696 0.40832 0.4304
0.3388 0.40908 0.4732
0.3448 0.40968 0.4504
0.3496 0.39148 0.4248
0.332 0.40516 0.4468
0.3492 0.391 0.4772
0.3516 0.3874 0.41
0.3584 0.39544 0.4524
0.35 0.40628 0.4684
0.3348 0.39512 0.4392
0.3396 0.38944 0.4192
0.3556 0.39376 0.4668
0.3524 0.38288 0.4112
0.3696 0.40168 0.4772
0.3152 0.37064 0.4388
0.3292 0.38424 0.4284
0.3216 0.38772 0.4308
0.3496 0.37792 0.4252
0.3556 0.39472 0.4352
0.3288 0.37728 0.4472
0.3752 0.39588 0.4368
0.3504 0.421 0.4672
0.3496 0.38804 0.4188
0.36 0.39988 0.4544
0.3852 0.41128 0.438
0.3224 0.39264 0.4384
0.3684 0.39216 0.4156
0.3512 0.4056 0.4576
0.3628 0.397 0.4272
0.3492 0.39696 0.4712
0.3364 0.39288 0.4404
0.358 0.38644 0.4108
0.344 0.38708 0.4444
0.3672 0.40236 0.4728
0.3796 0.40336 0.4544
0.338 0.3902 0.4448
0.3368 0.39648 0.464
0.3596 0.38784 0.4576
0.36 0.39144 0.4308
0.3512 0.39848 0.448
0.35 0.39332 0.4388
0.3404 0.39672 0.448
0.3488 0.402 0.448
0.3748 0.40288 0.4592
0.3916 0.41924 0.4628
0.3668 0.41152 0.4444
0.3668 0.40224 0.4692
0.3744 0.4178 0.4688
0.3956 0.42272 0.4612
0.378 0.42052 0.4712
0.4072 0.4368 0.4712
0.3544 0.4192 0.452
0.3984 0.4374 0.4768
0.4092 0.43652 0.4692
0.3904 0.43896 0.4792
0.3808 0.42664 0.4596
0.4104 0.43388 0.4692
0.3792 0.41828 0.4516
0.378 0.41704 0.4704
0.4008 0.43792 0.4752
0.38 0.41172 0.4548
0.3752 0.40544 0.4552
0.3776 0.41972 0.4836
0.376 0.39656 0.4368
0.3296 0.4074 0.4296
0.3464 0.39528 0.4368
0.3892 0.41428 0.434
0.3928 0.41516 0.4296
0.3604 0.40824 0.466
0.3852 0.409 0.4376
0.3948 0.41644 0.4556
0.362 0.4174 0.4512
0.3984 0.4238 0.4544
0.3824 0.41784 0.4704
0.3756 0.42688 0.474
0.394 0.42716 0.462
0.3672 0.41628 0.4532
0.3836 0.41732 0.4796
0.384 0.42404 0.4668
0.3596 0.41588 0.494
0.3968 0.4306 0.494
0.3816 0.41644 0.4432
0.3808 0.41164 0.4428
0.3928 0.43372 0.4644
0.3992 0.42124 0.4916
0.3864 0.4314 0.488
0.3876 0.42576 0.4872
0.4052 0.43872 0.4704
0.3812 0.41844 0.4656
0.3804 0.41528 0.5056
0.3652 0.41252 0.4664
0.336 0.41 0.4728
0.3612 0.41432 0.4736
0.3684 0.4204 0.4516
0.3728 0.41928 0.492
0.396 0.41784 0.4396
0.372 0.413 0.4672
0.3676 0.42036 0.456
0.3472 0.41648 0.4824
0.3716 0.42708 0.5056
0.3592 0.40344 0.4408
0.374 0.42048 0.4696
0.3784 0.4064 0.442
0.3672 0.39008 0.4232
0.3724 0.4064 0.4532
0.3516 0.39752 0.4584
0.3388 0.39132 0.4424
0.3404 0.39404 0.4176
0.3564 0.40632 0.4608
0.374 0.40296 0.444
0.3432 0.4006 0.4448
0.3592 0.39748 0.4436
0.3692 0.38948 0.4096
0.3652 0.40128 0.4628
0.3476 0.36644 0.3864
0.3708 0.39576 0.43
0.3236 0.36792 0.414
0.3408 0.373 0.4008
0.3312 0.35372 0.3856
0.324 0.3716 0.436
0.348 0.37248 0.3956
0.3372 0.37044 0.4084
0.3488 0.36692 0.3832
0.3336 0.37032 0.4072
0.3148 0.37096 0.4016
0.3452 0.36672 0.4032
0.3284 0.36424 0.4
0.3376 0.36628 0.4004
0.3268 0.37008 0.41
0.3276 0.35976 0.3904
0.3292 0.34712 0.3848
0.3204 0.36684 0.4044
0.2996 0.35916 0.4068
0.32 0.35108 0.3932
0.3324 0.34804 0.3812
0.3228 0.34856 0.3892
0.326 0.34956 0.4052
0.3084 0.35652 0.4124
0.2948 0.36052 0.418
0.3088 0.35736 0.3872
0.336 0.35668 0.3908
0.3224 0.34324 0.3704
0.322 0.35904 0.3912
0.3312 0.3598 0.3832
0.3248 0.36532 0.3996
0.3256 0.35664 0.4048
0.2968 0.3492 0.3868
0.32 0.34568 0.376
0.3124 0.33608 0.3688
0.3164 0.35724 0.3876
0.326 0.35036 0.3944
0.3204 0.35044 0.3692
0.3132 0.34888 0.3744
0.3044 0.34792 0.4092
0.324 0.35244 0.3748
0.3196 0.34792 0.3812
0.3012 0.34 0.3628
0.3244 0.35184 0.394
