-10030.5896418 -8731.24935992 -3069.78570111
-10151.9511156 -7149.57705239 -940.600756209
-10156.3105412 -8747.31391783 -305.006223692
-9954.07905834 -3690.28922368 -225.233410565
-10003.0962788 -4477.95951928 -677.80170015
-10020.3410453 -4699.67118184 -394.104074706
-7212.87818208 -1331.17019942 -263.198673796
-7558.81823788 -2309.83406495 -338.086795779
-9941.60365819 -2127.68965353 -211.115034122
-8165.95212886 -1088.13063694 -138.889786904
-5617.64736995 -837.963183043 307.145471154
-5123.95143341 -988.405313238 -105.081147051
-9553.49451513 -2752.0395629 585.836935814
-7735.11477247 -1165.20443771 11.655073541
-510.520422004 -236.632157233 -44.597670334
-8516.92017398 -2916.69537653 -200.688191023
-7706.70583298 -2070.83763122 142.194605122
-7329.78503179 -1548.91335526 24.4772083101
-7015.5640798 -1207.10696712 450.29065541
-1108.38303535 -338.319116751 216.313060997
-3128.54741912 -383.428526466 736.561853127
-1256.20735331 -171.218111569 487.88132322
-337.38274349 -101.61619965 227.925804818
-6919.64087313 -1714.5173734 -2.138349412
-8403.88623205 -1302.19351819 635.061905573
-8175.45760006 -1699.24875785 414.353788582
-5532.92979358 -681.483776163 784.430476069
-6365.63061714 -1670.74282941 366.612646355
-3775.5680704 -903.977682665 -176.419271257
-5997.05402261 -1556.22005864 175.16067821
-1471.61519004 -219.518653055 71.6957926148
-8517.94983261 -1463.6216981 736.296827847
-3586.00683977 -655.606700992 484.520186444
-5515.22090003 -831.590591622 251.496754061
-8347.13821442 -1951.00727808 178.096620527
-4332.41441563 -1079.69953793 487.982427833
-1494.09862397 -286.647411984 220.214926288
-309.971953502 17.6283879175 736.064072569
-1857.25801282 -628.538510428 173.21826736
-6181.35157139 -955.558751852 482.951542415
-398.457272754 -132.768274891 232.784579359
-5483.97453015 -1465.99343165 404.449397726
-6751.38118156 -1454.80108804 467.517635984
-7951.59542104 -1064.23254792 439.266436874
-600.569782653 -15.9225050559 570.308487607
-7554.78752005 -924.249035758 516.807213902
-2052.76784632 -381.757062823 356.708330164
-6265.8696503 -1688.8456703 -75.8973434356
-7211.14820964 -1260.9610911 411.929774329
-1728.9539834 -521.29092916 168.057366395
-1761.89301198 -242.266014989 630.220837193
-8330.85424752 -951.902567254 596.158425372
-438.976617209 15.7427496002 514.661158091
-4682.23858415 -416.030916289 714.262851864
-5687.74630243 -994.614008046 521.515697493
-8547.9711639 -1637.48502216 842.666588523
-3652.14211626 -624.402195051 621.259499229
-8371.41008165 -1574.85111652 434.338337293
-3642.28731168 -527.496027464 553.081027285
-4759.54434635 -1359.53027691 262.103922607
-6666.32664547 -1273.80930106 516.968608546
-6181.82365925 -514.521242381 626.545722944
-5005.93659282 -465.401249822 750.741915788
-4038.71938562 -528.189457589 714.207369379
-1946.02056309 -247.982709895 438.332969084
361.74777213 547.830789564 721.485857706
501.204098443 663.935776043 848.128803214
426.523249092 665.87164715 932.53659134
513.245101923 648.128267261 747.873520193
517.018883316 684.429784932 949.990734282
434.551427066 646.018095347 1021.60527072
440.657132962 628.919340921 871.512054489
298.917978908 482.974195986 626.136599186
436.273867649 588.701770453 779.556062094
455.953468947 686.062685883 927.333435503
416.810096765 606.243138395 716.471312088
358.324622652 650.380982938 898.190715621
418.845993527 636.076010092 817.014186058
207.960617423 618.111671235 847.030068268
623.359166342 774.349353582 1023.42570392
476.448225123 675.880756031 920.96420386
492.149210898 665.023836409 906.889056337
311.359167593 663.603739761 910.470363992
459.048388331 684.913682251 926.919766087
384.107044906 705.199624436 913.498696458
530.146624763 643.355347603 841.17387852
550.621148109 740.393385667 1100.90551901
324.058457987 650.542209978 880.310395018
458.356202871 718.154579094 912.405982682
346.192755293 628.946944392 959.09367926
399.367664337 614.672893126 973.539933414
491.070668201 685.568150876 876.349514129
330.522446213 603.680922966 803.340398767
528.937986492 723.139276704 861.85123953
287.988938754 626.403463596 838.05760572
413.937499628 636.277578729 970.139269648
424.091579331 726.708657017 938.676609544
491.218241713 697.119747057 965.21797391
464.562452682 696.035825242 980.953571734
532.042619546 706.70801912 873.014506135
466.289247801 669.882920147 957.431180856
241.039512483 694.366376611 1215.10628536
458.305413399 640.586393697 824.436033656
488.093614377 652.849300501 851.437067665
543.323126631 747.283324576 1062.39346656
-58.3580878429 632.568332882 862.979596635
364.24901111 721.396123933 960.804920229
581.764793842 817.029153169 910.536510806
294.451970073 654.338065579 848.730301884
442.37191207 737.326532764 1023.38691397
375.188526248 810.048385799 1003.83700338
310.812812681 624.758375538 1071.54767279
530.99369885 743.136804231 986.11779163
601.614813783 771.978269617 947.878688796
477.526554762 804.190995448 936.053436672
526.625185486 748.783434961 947.025886257
544.867061178 739.558237105 965.731505043
684.269609408 763.42364138 923.118006752
437.706840118 673.004210246 865.430008031
451.356951143 709.157423818 994.619509391
382.564756801 628.189198639 761.215441058
534.090312442 746.839425936 895.07815628
574.566729574 755.715602932 895.589539973
568.317589502 699.507428455 896.98306742
569.397978822 740.403892727 982.518908149
645.21839236 836.251047729 1041.29051887
436.04098138 688.295273226 958.972670618
347.396141696 654.741722452 856.330873175
318.702285792 788.823067381 1079.47690124
82.220388934 655.599282152 992.678548657
514.851745595 692.563468485 869.51739854
539.863830681 746.52732252 875.842745991
419.311955137 646.723840187 858.517904804
606.030503729 731.32673975 880.137652971
473.07439731 684.382154687 900.520686763
413.422547674 674.743935764 896.385531598
517.22489317 689.034480166 894.480540496
524.683579154 686.000849685 1012.4980616
581.43062434 770.592111655 1043.72683586
529.029061072 720.270281091 994.218518838
425.856278388 645.97098805 823.005882481
500.867091869 749.101294731 899.976543145
526.556437457 752.966901625 970.527518086
374.245751302 711.529852947 880.963048772
572.213144169 757.893182439 894.939274535
422.100118768 739.78172375 1054.86235296
320.87138828 708.970619899 908.887231898
397.231799707 697.651581096 916.851518057
520.87838407 739.405053825 984.329992008
492.397274155 694.95317082 946.817619783
89.0197707915 666.88241274 916.459520386
341.805043883 752.882686765 1023.30764084
462.049494349 842.668549196 1111.55503154
521.283883848 746.220238226 917.340045803
493.022425467 805.38775238 1097.45658293
396.127068136 653.102049151 840.907350611
551.586343258 759.42336038 1136.4150933
516.871825589 677.185536828 914.566409381
487.726177351 712.959934015 871.630564894
438.076795468 707.468054369 1091.01922598
407.193225688 723.552437877 940.858578878
528.379003917 762.307224183 1082.33747609
398.59208007 709.612503214 854.619107685
