0.19736 0.20604 0.22056
0.20204 0.208432 0.22292
0.19652 0.208972 0.21676
0.19644 0.205956 0.21848
0.19964 0.205988 0.21384
0.19936 0.204564 0.21292
0.19292 0.200632 0.21576
0.19392 0.201716 0.21112
0.18992 0.199064 0.20812
0.19056 0.197032 0.202
0.18944 0.19826 0.2048
0.19172 0.198644 0.20964
0.17604 0.19314 0.19868
0.18356 0.192856 0.203
0.18604 0.193416 0.19996
0.183 0.191888 0.19744
0.18812 0.192688 0.20072
0.18376 0.190956 0.19704
0.18248 0.188284 0.19556
0.18048 0.188612 0.19448
0.18208 0.188052 0.19216
0.17716 0.186268 0.19488
0.17344 0.180992 0.18844
0.17372 0.183408 0.19292
0.1702 0.17996 0.1874
0.17368 0.183688 0.19084
0.17416 0.179956 0.18604
0.17428 0.17724 0.18072
0.1714 0.177836 0.19324
0.17192 0.177016 0.18172
0.17052 0.176756 0.1852
0.174 0.178948 0.18592
0.166 0.174984 0.18196
0.1676 0.171952 0.17956
0.16608 0.170328 0.17688
0.16476 0.173676 0.17892
0.16308 0.168664 0.17896
0.16536 0.170984 0.17908
0.16392 0.16904 0.17488
0.15472 0.16458 0.17324
0.159 0.166956 0.17284
0.16072 0.166688 0.17332
0.15892 0.163488 0.1698
0.15404 0.161064 0.17052
0.15728 0.16574 0.16968
0.1486 0.161288 0.1702
0.15448 0.158984 0.16672
0.1514 0.159212 0.16672
0.14796 0.154948 0.16204
0.14564 0.15796 0.1636
0.14652 0.15478 0.16692
0.14744 0.153808 0.16256
0.148 0.155508 0.16064
0.14528 0.153872 0.15888
0.14916 0.154184 0.16048
0.14328 0.150524 0.15836
0.14628 0.151372 0.15908
0.14196 0.14874 0.15428
0.13968 0.147068 0.15252
0.14224 0.149844 0.15824
0.13904 0.14866 0.15676
0.1372 0.14738 0.15504
0.1422 0.14728 0.15476
0.1412 0.145188 0.15232
0.13948 0.146892 0.15008
0.13752 0.143936 0.15136
0.13728 0.142416 0.14732
0.13708 0.14288 0.15024
0.1378 0.14468 0.15576
0.1372 0.141 0.14824
0.13064 0.141888 0.15164
0.13496 0.143688 0.15296
0.1362 0.142328 0.15312
0.13708 0.1446 0.15132
0.13772 0.144056 0.15068
0.13592 0.143248 0.14928
0.13752 0.143308 0.15424
0.1322 0.140508 0.15236
0.13036 0.140056 0.15228
0.13352 0.140528 0.14832
0.13244 0.140616 0.1476
0.13068 0.137752 0.14376
0.13196 0.13908 0.14652
0.13068 0.139392 0.14768
0.1222 0.137612 0.1472
0.13512 0.14 0.15028
0.13056 0.136964 0.14884
0.12976 0.139016 0.15408
0.13616 0.140044 0.14708
0.12884 0.136188 0.1454
0.12472 0.137848 0.14736
0.12688 0.140912 0.15316
0.13188 0.139892 0.14712
0.1338 0.138908 0.14864
0.1288 0.137216 0.14836
0.1328 0.138048 0.14504
0.12592 0.138744 0.14744
0.13048 0.13722 0.14696
0.12584 0.134404 0.14116
0.1314 0.136224 0.14016
0.12724 0.135972 0.14456
0.13152 0.139376 0.15656
0.1214 0.134808 0.14916
0.13076 0.135888 0.14168
0.13056 0.136904 0.1448
0.1284 0.136112 0.14412
0.12708 0.136052 0.14812
0.12284 0.137784 0.15904
0.12776 0.134956 0.14704
0.12716 0.138104 0.15636
0.12636 0.13564 0.1428
0.12088 0.132416 0.14712
0.12296 0.131348 0.14228
0.12908 0.141804 0.15368
0.12428 0.135852 0.14328
0.11568 0.130304 0.14408
0.12244 0.135956 0.14544
0.1274 0.133752 0.14932
0.1244 0.13592 0.14864
0.12712 0.134928 0.14004
0.12516 0.131644 0.1376
0.12692 0.136724 0.1468
0.11696 0.133908 0.15632
0.12556 0.134804 0.14604
0.12508 0.135852 0.14068
0.12112 0.132964 0.14796
0.1296 0.134364 0.14108
0.12324 0.131436 0.14216
0.12344 0.133492 0.15016
0.11948 0.131004 0.1378
0.13332 0.139744 0.159
0.12184 0.131808 0.14032
0.124 0.134744 0.14708
0.11944 0.134428 0.14884
0.12736 0.136028 0.14376
0.13044 0.141988 0.14784
0.1228 0.1398 0.1492
0.12284 0.134612 0.15112
0.12756 0.133896 0.15436
0.128 0.138124 0.15272
0.13128 0.140068 0.15252
0.12956 0.136212 0.14424
0.11608 0.132712 0.14368
0.11772 0.130828 0.14036
0.11736 0.13218 0.1462
0.12388 0.13714 0.14812
