-8265.79276637 -8190.3124094 -8128.6435381
-8413.51034356 -8212.49277379 -8142.10277361
-8328.06970231 -8203.87377557 -8125.27030333
-8278.40942501 -8165.50014709 -8132.9740258
-8280.73134958 -8179.76973139 -8133.54050985
-8292.3861884 -8182.41468175 -8141.40512942
-8199.85623871 -8160.05104582 -8141.30462842
-8174.03225895 -8148.53196851 -8123.11463702
-8195.26770502 -8153.8289744 -8130.26098965
-8216.41633142 -8165.60094789 -8146.6984318
-8174.43031248 -8152.70702253 -8130.87495171
-8197.2590538 -8159.1158826 -8120.12160677
-8200.2318596 -8149.37766887 -8125.0882449
-8171.84632207 -8142.76634425 -8122.73345883
-8194.14233612 -8156.6603557 -8138.44392131
-8180.68640044 -8150.71487091 -8114.56959733
-8175.81868847 -8143.95900639 -8116.26799879
-8175.53098061 -8139.98305628 -8119.27886484
-8170.19320759 -8145.34293325 -8123.97005135
-8160.14137943 -8141.50838131 -8126.18169614
-8158.87509114 -8138.44309924 -8126.53022181
-8172.89584892 -8149.15299728 -8133.58035837
-8184.92318059 -8148.26013209 -8126.57256543
-8174.44256016 -8146.2686639 -8120.43669546
-8156.14544488 -8140.27618006 -8118.92475284
-8256.23021861 -8167.21507123 -8139.41214806
-8165.19548749 -8143.05607502 -8112.65077131
-8194.93764869 -8131.73153901 -8109.00871903
-8268.08928081 -8155.09571917 -8109.47544297
-8172.81076603 -8141.82696866 -8116.67652263
-8175.00159446 -8138.4603468 -8113.46129483
-8178.07558638 -8132.832328 -8107.3426789
-8202.31820863 -8159.40092821 -8109.16246006
-8163.96107725 -8134.64424694 -8115.17063839
-8175.0402467 -8134.37146172 -8106.64296659
-8226.90268907 -8146.49045489 -8111.98765593
-8161.59536365 -8129.90524952 -8092.12897342
-8276.99441269 -8149.82731597 -8115.97001936
-8177.35760451 -8139.65828642 -8109.1834521
