-10098.3217188 -4717.33875987 -1639.40601637
-10130.2720327 -5584.83114129 -1649.27569618
-10093.1095202 -4166.62166995 -1320.50905785
-9739.72401494 -2472.96349255 -1537.97158008
-1806.47485958 -1681.49078349 -1619.99283686
-10169.5190032 -2306.48102056 -373.530684058
-9903.54709681 -2751.4337902 -137.114014305
-9914.80362971 -3793.33525644 -1099.42560017
-10105.0408661 -3844.07720384 -470.076437721
-9855.74951426 -2148.20535408 -589.941198149
-9889.54143698 -5462.33507671 -271.383911036
-10173.770066 -3093.9280061 -510.856272778
-9476.71965511 -3808.79573319 -1540.17139966
-10078.0699188 -4492.70702997 -1510.52458033
-10007.0378699 -5035.56539346 -764.488468634
-7810.30485993 -2089.38352272 -522.783694127
-10027.8859239 -3267.29788244 -462.613498442
-9343.83229002 -2210.8071661 -325.692387999
-8211.14549444 -2411.92188883 -52.4626986421
-8183.44265783 -1819.19339356 61.2438454022
-1693.86481867 -1247.22092273 -235.361448672
-10160.2284001 -2131.39723255 -5.22812740618
-8949.38769711 -1878.02107851 -104.275791771
-8982.11390221 -2598.40726937 79.3042961863
-8239.90964782 -2367.73767389 -103.406914638
-9754.52955133 -5852.28671029 67.6652025147
-8978.58895582 -1929.67837109 -110.131222071
-6620.24819377 -1360.22739923 13.5331791322
-9241.16287859 -4104.85123964 -151.688259601
-10068.4156743 -4247.84832929 5.03790157893
-9986.26872197 -2913.40906167 -19.3473238661
-8923.59383787 -1337.22219613 -142.44098279
-4079.94645562 -1432.38339752 -74.4939874303
-3573.48188106 -842.588748069 -86.1055201472
-9828.55449177 -1947.50568713 -4.14234502751
-9102.81820928 -2662.76129002 -65.2291509775
-9883.42857008 -3166.99903564 111.144742021
-2612.97446985 -854.278243371 19.5663425953
-9096.11334667 -2588.75164351 -150.000643678
-9871.7683352 -2427.63261326 -13.4333102303
-5584.6317213 -1241.29100732 92.9818540856
-9700.22706289 -1140.78662931 153.546816075
-8863.25297471 -1481.58107542 223.814253124
-8989.75010034 -2246.48628571 -161.731002827
-9960.7688072 -3864.59531739 186.209083632
-9999.77282648 -1212.71636555 43.1399328481
-8867.28738679 -2165.20617131 -202.907883359
-9643.38331367 -3078.89283558 51.6655148865
-8967.45851959 -3048.60819098 25.2385501122
-10050.3763145 -2111.2148858 115.993266246
-10082.2710964 -2812.46578683 234.460108883
-3317.7341429 -759.582518276 26.2297196918
-515.181274441 -191.682819283 168.053629953
-5402.05075634 -1581.72414294 214.274701683
-9387.1928727 -1724.17254914 -48.8603300691
-9079.45075788 -3553.53727718 83.772839571
-9476.39909757 -1354.29205988 216.005295994
-8281.15060706 -1471.8487617 -197.153757394
-6686.96948939 -1223.47627752 199.386841015
-6486.08489054 -966.522855227 -179.043722313
-1514.71773493 -384.474177157 139.833517703
-8729.06415287 -1755.17558958 38.9842492744
-8901.16717846 -1057.67046684 204.215215794
-8751.73257215 -1032.35944106 -31.5033575702
-8797.58414408 -1777.1676276 -56.443617981
-8335.20158814 -947.128773418 143.132279559
-8757.03766268 -1209.12759597 268.143974337
-7424.34219706 -1133.75434035 -99.4698566246
-5472.5460436 -740.468738152 167.095781116
-8083.4191098 -1732.75654063 112.513335415
-698.017866671 -227.836586221 125.663659879
-8868.27815783 -1441.27782688 -14.9749093511
-7594.53237002 -1721.87572983 17.0122842203
-483.765565344 -198.904987526 57.8964951224
-8824.97655816 -1850.81247559 -51.299265868
-1489.38251571 -499.935993943 27.317070888
-811.429799881 -272.034791072 158.668080914
-8000.92405045 -1999.8391738 4.61694748512
-8836.9937271 -1143.34963481 49.9505097726
-8650.80195193 -2986.87541397 -46.6262461538
-9035.43545471 -3845.35933523 59.1232585359
-4311.69001097 -607.864688252 56.8000481623
-2664.35971059 -361.669665295 171.761028162
-3335.80880508 -631.48332425 -52.4746246233
-7341.82095202 -1036.11822926 78.65180429
-2262.33038284 -400.27932159 87.8013190297
-7518.57524703 -815.636201978 176.388442228
-1610.98363819 -324.051656777 160.221881527
-922.228017281 -368.823628198 -83.6688427501
-8652.15486057 -1005.68297495 201.874909329
-3349.44286335 -630.817574006 85.988531316
-2605.30440564 -756.447582597 40.3657356977
-9802.94615049 -1446.76341332 155.970264321
-1784.04802748 -319.750093641 104.103917034
-7852.00481118 -2190.29155542 8.40555145332
-441.340648745 -224.868825641 -17.0948000823
