0.25284 0.427704 0.6
0.21468 0.427376 0.6
0.1674 0.36704 0.6
0.16568 0.288796 0.6
0.17744 0.229412 0.32512
0.16796 0.257992 0.6
0.17264 0.297644 0.6
0.1824 0.33142 0.6
0.16568 0.321636 0.6
0.18264 0.253704 0.6
0.19204 0.411124 0.6
0.18252 0.287588 0.6
0.1874 0.352388 0.6
0.17036 0.356636 0.6
0.19672 0.389792 0.6
0.17292 0.238608 0.5906
0.17372 0.313028 0.6
0.17456 0.240312 0.6
0.1616 0.259968 0.5452
0.1724 0.243364 0.58384
0.15996 0.192984 0.28948
0.16448 0.246028 0.6
0.16084 0.242944 0.6
0.16532 0.314428 0.6
0.16452 0.26532 0.57032
0.18216 0.447836 0.6
0.15272 0.24188 0.6
0.15784 0.199128 0.47204
0.1624 0.350676 0.6
0.15832 0.362328 0.6
0.15656 0.309372 0.6
0.158 0.22412 0.6
0.15824 0.2148 0.39832
0.15376 0.187308 0.31692
0.15452 0.246436 0.6
0.15532 0.29094 0.6
0.15768 0.306308 0.6
0.15908 0.189604 0.30496
0.15672 0.260764 0.6
0.15404 0.258868 0.6
0.15324 0.220792 0.43716
0.15936 0.217052 0.6
0.1564 0.234748 0.59172
0.15096 0.2526 0.6
0.15788 0.347984 0.6
0.15452 0.221724 0.6
0.15408 0.258776 0.5838
0.15012 0.299596 0.6
0.16396 0.324832 0.6
0.15356 0.255844 0.6
0.15396 0.284672 0.6
0.15024 0.179288 0.30144
0.15872 0.170504 0.18516
0.15508 0.22602 0.4004
0.15176 0.24282 0.6
0.15336 0.321776 0.6
0.14752 0.204744 0.6
0.1534 0.212752 0.55968
0.15348 0.210696 0.48856
0.14988 0.189996 0.45728
0.15236 0.173904 0.223
0.15252 0.233124 0.58364
0.15476 0.211432 0.6
0.15672 0.207856 0.6
0.14876 0.234012 0.6
0.1526 0.2111 0.57564
0.14884 0.219636 0.6
0.14732 0.214492 0.50804
0.148 0.186044 0.42356
0.15092 0.239336 0.5586
0.149 0.172596 0.20552
0.15164 0.217688 0.6
0.15284 0.249116 0.54432
0.15336 0.167236 0.18916
0.14872 0.247068 0.59196
0.16212 0.178224 0.20828
0.15216 0.175444 0.19068
0.1538 0.262604 0.55172
0.1588 0.218856 0.6
0.15808 0.303716 0.5926
0.15724 0.345812 0.6
0.15172 0.189036 0.36316
0.15476 0.181256 0.27888
0.15852 0.189556 0.304
0.16008 0.212924 0.52724
0.16464 0.187876 0.29536
0.16052 0.208196 0.52568
0.15452 0.163236 0.18092
0.15536 0.17704 0.221
0.15168 0.216048 0.58376
0.15936 0.189748 0.32376
0.15024 0.193084 0.26504
0.15516 0.224768 0.6
0.15556 0.176724 0.23168
0.15384 0.261408 0.54404
0.15284 0.17172 0.21852
