-8222.7143036 -7582.60243141 -6155.04342366
-8152.01812356 -7462.5863705 -6250.83840597
-8426.35336135 -7645.33590077 -5575.88460656
-8180.67854101 -6497.79008882 -4195.85212073
-7679.11850495 -6538.61566322 -4701.20663163
-8445.47716858 -6341.38720703 -3007.54038604
-6763.55460239 -4324.79776748 -2648.01861602
-6065.77503545 -4484.46473092 -2915.36000622
-6227.49016157 -5032.89371786 -3104.8049394
-8107.89754618 -3577.07261023 -1849.44914644
-4918.43383394 -3383.56241626 -1842.40698085
-5146.88445779 -3450.33844762 -2004.75470159
-3583.85704905 -2663.87356933 -1711.56049198
-5878.11067893 -2223.59221527 -1277.51761108
-4044.4554993 -2583.2447814 -1474.52383324
-4798.9037202 -2215.34398032 -1320.57244101
-3491.18369839 -2060.21055531 -1278.36658337
-3687.51866266 -1909.47362621 -1246.22465598
-2162.27324334 -1371.31952942 -1030.7403507
-1997.5560615 -1440.24556235 -1184.6616467
-2022.72624469 -1346.93035816 -1026.42245825
-1529.35461559 -1178.48110505 -959.543866762
-1394.17862223 -1143.40579317 -1022.8755463
-1281.56670604 -1165.9160606 -1079.2453063
-1411.15193407 -1137.01108112 -1034.9227566
-1209.25334975 -1054.67742303 -948.961230227
-1130.01410507 -982.930424548 -846.524778925
-988.821712657 -919.862957202 -860.37215694
-1088.58373555 -945.889585476 -811.345893035
-1107.57612618 -947.95236449 -812.950444392
-970.046809739 -839.976069392 -780.576702052
-942.680130919 -872.107995721 -755.152987186
-949.22123965 -853.744069841 -763.162535084
-853.008768278 -794.064031915 -725.299959044
-882.429608936 -808.083176886 -738.548605466
-972.826141313 -807.86459929 -682.902675043
-867.724176282 -765.753936544 -728.026133986
-782.334023008 -739.387751845 -684.737523523
-770.54458905 -739.517975626 -700.626559079
-777.90777596 -726.360109827 -676.076800442
-846.83999429 -734.254824252 -685.027291509
-814.814784824 -712.398225706 -656.487471938
-744.602901852 -696.287692002 -658.603077546
-762.181592938 -696.978477014 -647.855241597
-823.869736993 -695.505199842 -645.533264025
-711.634481974 -668.360599983 -610.858409181
-709.683341343 -664.752266604 -630.438703318
-766.915170219 -678.189287474 -634.470135379
-677.288901793 -642.339143425 -610.393272976
-676.871954227 -639.995505899 -604.204554954
-721.747689843 -646.765800034 -604.434156613
-642.821651401 -612.29241556 -581.454426064
-696.536562435 -633.402132313 -596.908113102
-667.001145968 -625.253708373 -600.044014563
-648.284725697 -606.116261635 -578.407124993
-639.014924872 -606.825281055 -581.172624226
-629.60899265 -597.148719251 -579.026463826
-614.98183423 -586.515277799 -557.806838286
-604.462959737 -587.686087333 -549.754066374
-653.82406933 -589.335305102 -558.993491935
-583.978206245 -568.784191215 -548.490005345
-598.733229775 -574.351626088 -548.447170945
-587.331490601 -572.165611431 -558.351933419
-581.333022947 -558.877148125 -540.277980468
-610.714987196 -562.475714572 -538.470610573
-582.818963754 -565.021758958 -545.909814138
-574.499650173 -540.515287167 -520.636854706
-605.59579645 -553.301926638 -534.719574011
-566.860604985 -547.030075698 -536.78948293
-555.324816355 -536.381789347 -518.209972725
-549.205390617 -531.771383523 -512.973489211
-557.862285563 -534.553331102 -515.375860437
-538.653351821 -523.258710857 -508.544897591
-543.88540537 -526.913672262 -519.808089728
-535.905848768 -521.891040967 -509.88204029
-524.228809411 -517.437827761 -512.1833873
-526.32465311 -518.14908583 -507.353993845
-532.106140894 -521.33876979 -507.237457563
-543.581264189 -518.961182971 -498.684002965
-538.051573217 -512.944956201 -498.104744325
-527.627277598 -510.837176027 -495.813483368
-531.261735175 -507.956045945 -498.299125026
-511.509870158 -500.991554449 -490.649142669
-531.275650505 -501.683561708 -478.351080469
-518.155788939 -498.634944015 -486.485243967
-507.382562182 -492.696484803 -482.310470765
-499.509950633 -491.418816006 -480.404520117
-493.300978649 -483.777651309 -470.883517407
-492.105534508 -484.878067488 -474.820513466
-500.280687174 -482.294806332 -466.702766375
-498.083539477 -483.974977196 -468.558589457
