0.51612 0.57356 0.6
0.51336 0.57008 0.6
0.48912 0.574996 0.6
0.42628 0.53002 0.6
0.4504 0.530684 0.57992
0.36532 0.518592 0.6
0.36356 0.432064 0.53868
0.36532 0.439104 0.50992
0.379 0.4613 0.52148
0.30792 0.390388 0.5814
0.29416 0.384452 0.457
0.31952 0.389832 0.46884
0.30224 0.34798 0.3876
0.26476 0.323588 0.50356
0.28536 0.343436 0.41776
0.27036 0.3212 0.4478
0.26164 0.311012 0.39272
0.2566 0.30174 0.39964
0.23844 0.270916 0.32216
0.25176 0.274376 0.3146
0.2328 0.26294 0.30896
0.22412 0.247212 0.27988
0.22936 0.246836 0.27236
0.2388 0.251508 0.26524
0.23664 0.24648 0.2658
0.2212 0.23602 0.25216
0.2104 0.227868 0.24856
0.20428 0.218028 0.2288
0.20252 0.22016 0.23848
0.19952 0.220704 0.23836
0.19528 0.206636 0.2338
0.18512 0.207624 0.21968
0.1942 0.206428 0.219
0.18456 0.19576 0.2098
0.18404 0.19592 0.2046
0.17176 0.1965 0.23104
0.1768 0.188972 0.20948
0.17184 0.183956 0.19152
0.17804 0.18544 0.19356
0.16716 0.180888 0.1966
0.17272 0.182376 0.20612
0.16448 0.1792 0.20068
0.16616 0.174912 0.18352
0.16436 0.172256 0.1876
0.16664 0.17394 0.20196
0.1536 0.168064 0.18124
0.15704 0.16626 0.17452
0.1542 0.170868 0.1938
0.14912 0.159792 0.16912
0.14352 0.1589 0.17012
0.15052 0.160664 0.17236
0.14372 0.151708 0.1622
0.1442 0.158952 0.17492
0.14012 0.153948 0.16704
0.1362 0.14664 0.16032
0.14012 0.146904 0.1596
0.13908 0.144848 0.14936
0.1354 0.141288 0.14748
0.13284 0.142952 0.14964
0.13236 0.143376 0.15876
0.1274 0.137172 0.14732
0.12764 0.137632 0.14392
0.12868 0.137104 0.14144
0.12744 0.132648 0.1392
0.12428 0.13296 0.14584
0.12436 0.134168 0.14964
0.1234 0.127236 0.1382
0.1246 0.132848 0.14992
0.12024 0.128288 0.13628
0.11904 0.125724 0.13048
0.11756 0.124352 0.13376
0.12008 0.125868 0.1412
0.11812 0.122932 0.12944
0.12216 0.125428 0.12876
0.11372 0.1191 0.1248
0.11512 0.120024 0.12572
0.11416 0.120436 0.1284
0.117 0.12076 0.12924
0.11628 0.122008 0.13044
0.11444 0.119528 0.12992
0.11152 0.117628 0.12496
0.10716 0.116808 0.12368
0.10716 0.115684 0.1208
0.10812 0.115804 0.123
0.10916 0.114024 0.11856
0.11072 0.116348 0.1212
0.10944 0.116148 0.12276
0.10628 0.112452 0.11932
0.10632 0.113704 0.12796
0.10576 0.113324 0.12432
0.10864 0.113404 0.12216
