0.08456 0.30988 0.6
0.11552 0.337264 0.6
0.08836 0.2356 0.6
0.08724 0.112716 0.1718
0.08556 0.166204 0.6
0.0914 0.12114 0.16172
0.08868 0.181532 0.6
0.08832 0.105972 0.14
0.09764 0.158672 0.6
0.0824 0.103388 0.14056
0.0768 0.110848 0.15064
0.08504 0.138732 0.468
0.08356 0.101376 0.18436
0.081 0.125172 0.36292
0.09264 0.121364 0.25524
0.07804 0.097068 0.10812
0.08272 0.10292 0.12268
0.08672 0.094636 0.1016
0.09036 0.1 0.10956
0.08064 0.097052 0.1138
0.08088 0.093352 0.1028
0.08844 0.11424 0.19988
0.0938 0.109452 0.13696
0.09104 0.099944 0.11696
0.08128 0.092192 0.11148
0.06856 0.092872 0.12456
0.08532 0.10168 0.15596
0.08532 0.09586 0.114
0.07768 0.091524 0.10228
0.08512 0.09416 0.10332
0.0828 0.095036 0.11596
0.0776 0.09626 0.10688
0.08028 0.088912 0.1134
0.074 0.088776 0.10872
0.07652 0.093868 0.111
0.0826 0.092268 0.10196
0.07272 0.098472 0.12568
0.08048 0.098796 0.12516
0.0774 0.098616 0.1384
0.08252 0.098156 0.11368
0.0748 0.095592 0.10944
0.08028 0.098996 0.14124
0.0788 0.124768 0.42352
0.08276 0.099676 0.11288
0.0772 0.09102 0.1016
0.07796 0.091688 0.10696
0.0782 0.0945 0.10944
0.08004 0.092492 0.10404
0.07956 0.091252 0.1136
0.07776 0.093692 0.12256
0.0824 0.097884 0.13352
0.07984 0.084824 0.09284
0.0738 0.086436 0.10548
0.07616 0.08974 0.09676
0.07612 0.088208 0.09936
0.0776 0.09224 0.10964
0.08084 0.09482 0.13488
0.07612 0.088608 0.09828
0.07916 0.089092 0.1026
0.07456 0.083976 0.09908
0.07644 0.086276 0.09924
0.0724 0.090304 0.1666
0.07604 0.085076 0.09136
0.07408 0.083452 0.09228
0.07624 0.086364 0.10104
0.07056 0.087792 0.09908
0.0778 0.083692 0.09468
0.07488 0.085052 0.09728
0.0748 0.101012 0.20296
0.07288 0.086012 0.09496
0.07404 0.085044 0.09568
0.07576 0.083672 0.09528
0.07728 0.084192 0.09736
0.07692 0.083852 0.08944
0.07884 0.088212 0.10096
0.0788 0.084868 0.09456
0.069 0.080408 0.0914
0.07148 0.07894 0.08776
0.0748 0.080592 0.09216
0.07096 0.083336 0.09204
0.0674 0.080628 0.086
0.07436 0.08262 0.08832
0.07728 0.083108 0.09384
0.07272 0.079792 0.09056
0.07584 0.08594 0.1094
0.06848 0.082488 0.0996
0.072 0.08136 0.08736
0.07732 0.086744 0.10052
0.07772 0.084144 0.09304
0.0728 0.082472 0.09496
0.07396 0.083016 0.0936
0.07624 0.084096 0.09404
0.07408 0.08458 0.09488
0.06964 0.077164 0.08748
0.07316 0.080304 0.08576
0.07764 0.084564 0.09048
0.07608 0.082324 0.08852
0.07224 0.08084 0.08716
0.07396 0.080268 0.08528
0.07732 0.083812 0.12184
0.07704 0.081896 0.09212
0.07652 0.082216 0.09068
0.06912 0.09238 0.21984
0.07244 0.080528 0.09172
0.0784 0.092824 0.17368
0.07292 0.086232 0.12852
0.07056 0.080156 0.09244
0.07156 0.076572 0.08264
0.07068 0.08038 0.08972
0.0714 0.080332 0.0872
0.07812 0.08194 0.08884
0.07516 0.085136 0.09536
0.07864 0.083948 0.09052
0.078 0.083108 0.09568
0.071 0.087672 0.14672
0.07624 0.084264 0.09472
0.074 0.08998 0.18052
0.0706 0.080676 0.10128
0.07444 0.093008 0.21208
0.07492 0.0814 0.08952
0.07108 0.076728 0.08184
0.07044 0.077532 0.0848
0.0712 0.079272 0.08236
0.0704 0.077412 0.08264
0.06952 0.077812 0.0848
0.07432 0.07818 0.08428
0.07728 0.082628 0.08792
0.07044 0.080088 0.09144
0.07616 0.082532 0.098
0.07236 0.078588 0.08524
0.07156 0.08168 0.09164
0.07096 0.082792 0.09312
0.07904 0.083412 0.08996
0.07036 0.078676 0.08668
0.0746 0.082152 0.09304
0.08048 0.083872 0.09248
0.07228 0.079468 0.08716
0.07772 0.085112 0.10648
0.0712 0.080656 0.0908
0.06796 0.12788 0.55
0.07364 0.084316 0.09888
0.07044 0.0775 0.08512
0.07052 0.078392 0.08244
0.07052 0.078688 0.08912
0.07908 0.081696 0.08848
0.07372 0.07978 0.08732
0.06856 0.077672 0.08748
0.0744 0.09136 0.1826
0.06704 0.079508 0.09176
0.07244 0.079712 0.09724
0.0662 0.085516 0.14712
0.06608 0.07752 0.0892
0.067 0.076816 0.08484
0.0682 0.077628 0.08872
0.0704 0.116684 0.4338
0.07376 0.080224 0.08672
0.06932 0.078776 0.08908
0.075 0.080376 0.08968
0.06752 0.07802 0.08424
0.07072 0.095508 0.2566
0.0698 0.07932 0.08992
0.06552 0.108284 0.38076
0.07132 0.078168 0.08488
0.07144 0.081372 0.09052
0.06384 0.075508 0.08396
0.0656 0.087572 0.16028
0.07012 0.080884 0.09232
0.07612 0.08244 0.09504
0.07416 0.078496 0.08648
0.07356 0.0814 0.08912
0.07328 0.079732 0.08992
0.07692 0.082276 0.0896
0.06332 0.076036 0.09084
0.06732 0.07694 0.08356
0.07764 0.082704 0.0924
0.07136 0.081732 0.09304
0.0692 0.078352 0.08952
0.07052 0.079928 0.08976
0.07276 0.077816 0.08148
0.07424 0.081108 0.09124
0.07296 0.080984 0.09164
0.071 0.080392 0.08872
0.068 0.078692 0.08748
0.06964 0.08018 0.08832
0.07084 0.0783 0.08292
0.06984 0.074988 0.08456
0.07028 0.078528 0.08604
0.06824 0.0798 0.09012
0.0722 0.078052 0.08732
0.07036 0.07754 0.08348
0.06508 0.076384 0.08424
0.06852 0.07492 0.0804
0.06948 0.0759 0.08484
0.06776 0.07554 0.0808
0.06288 0.074676 0.08548
0.06564 0.075452 0.0948
0.0672 0.074416 0.08016
0.06956 0.07652 0.08636
0.0698 0.075712 0.08204
0.06372 0.074408 0.08084
0.0694 0.074868 0.07944
0.066 0.073592 0.07852
0.06996 0.074804 0.07864
0.0664 0.078404 0.10348
0.068 0.074672 0.07892
0.06824 0.073168 0.08228
0.072 0.077292 0.08568
0.06656 0.075756 0.08
0.0638 0.073992 0.0808
0.06904 0.07386 0.07884
0.06884 0.0753 0.08024
0.06764 0.073028 0.07832
0.06824 0.075132 0.0844
0.07072 0.076228 0.08316
0.06584 0.074692 0.08468
0.07216 0.076456 0.08392
0.06944 0.10942 0.41948
0.06536 0.074404 0.0792
0.0688 0.076084 0.09268
0.06364 0.075336 0.08632
0.06992 0.075304 0.0802
0.06992 0.075728 0.0834
0.07384 0.077248 0.08184
0.06812 0.07588 0.07988
0.07052 0.075648 0.0796
0.07032 0.076908 0.0852
0.06872 0.076868 0.09208
0.07164 0.075972 0.0804
0.066 0.075152 0.0808
0.0694 0.075768 0.08148
0.0634 0.072668 0.08096
0.06632 0.074728 0.08052
0.06568 0.071976 0.07892
0.06592 0.073516 0.08064
0.06412 0.07232 0.07708
0.06924 0.074036 0.07892
0.06776 0.074676 0.081
0.06856 0.072444 0.07684
0.06656 0.075076 0.08352
0.0684 0.073204 0.07784
0.0682 0.074744 0.07968
0.06956 0.07462 0.07908
0.06648 0.07378 0.07892
0.07136 0.075644 0.08248
0.06936 0.074508 0.08064
0.06668 0.076568 0.08576
0.06596 0.07284 0.08396
0.06596 0.071376 0.07544
0.0718 0.075452 0.07892
0.06792 0.106272 0.4028
0.06876 0.07468 0.08512
0.06856 0.074124 0.07964
0.07244 0.077924 0.08364
0.06828 0.07408 0.07972
0.06748 0.075164 0.08796
0.06592 0.075088 0.08636
0.066 0.076168 0.08932
0.0666 0.073228 0.07716
0.0692 0.076084 0.08256
0.06268 0.071596 0.08116
0.06804 0.074016 0.07968
0.06636 0.073064 0.07904
0.06612 0.072744 0.07796
0.06916 0.076372 0.08776
0.06604 0.075216 0.08228
0.06824 0.116336 0.47312
0.06668 0.083572 0.15796
0.06504 0.078992 0.11664
0.06684 0.076196 0.08716
0.0692 0.075912 0.08416
0.06432 0.079584 0.10484
0.06772 0.077972 0.09224
0.07744 0.078492 0.07928
0.0782 0.079328 0.0806
0.0774 0.079108 0.08028
0.07752 0.078608 0.07952
0.077 0.0787 0.07968
0.07752 0.078576 0.08004
0.07708 0.078144 0.07916
0.07724 0.078716 0.07984
0.07752 0.078324 0.07944
0.07784 0.079076 0.08032
0.07604 0.078608 0.08168
0.07692 0.078468 0.08
0.0776 0.078268 0.07936
0.07616 0.078584 0.08036
0.0772 0.078444 0.07968
0.07692 0.078532 0.07972
0.07692 0.07874 0.08056
0.07692 0.078336 0.08008
0.0776 0.078688 0.08032
0.07728 0.078272 0.07972
0.078 0.078864 0.08056
0.07724 0.078388 0.07976
0.07708 0.078028 0.07924
0.07772 0.078468 0.07904
0.07776 0.078428 0.07992
0.07756 0.078696 0.07976
0.0766 0.078144 0.0794
0.07696 0.078244 0.07976
0.07692 0.078448 0.07952
0.07628 0.078412 0.07956
0.07756 0.078844 0.08012
0.07708 0.078304 0.08068
0.07708 0.078416 0.07952
0.07704 0.078564 0.08012
0.07736 0.078832 0.07984
0.07756 0.078524 0.07944
0.07732 0.078436 0.07912
0.07672 0.078308 0.07908
0.07736 0.07856 0.08008
0.0774 0.078684 0.08048
0.07712 0.078312 0.07996
0.07704 0.078532 0.07936
0.07688 0.078572 0.08008
0.07772 0.078856 0.08
0.07764 0.078924 0.08016
0.07784 0.078792 0.08068
0.07788 0.079176 0.08036
0.07784 0.0794 0.08044
0.07716 0.078676 0.07952
0.07724 0.078764 0.08076
0.07708 0.078456 0.08096
0.07624 0.078412 0.08012
0.07756 0.078676 0.0798
0.07752 0.078364 0.07916
0.0776 0.078352 0.07896
0.0772 0.078496 0.07936
0.07756 0.078916 0.08008
0.07768 0.078668 0.07992
0.07732 0.078804 0.0804
0.0776 0.078144 0.07884
0.0776 0.078648 0.08044
0.07692 0.078448 0.07964
0.0772 0.078136 0.07876
0.07816 0.079052 0.08008
0.07628 0.078036 0.07976
0.07704 0.078264 0.07928
0.07768 0.078804 0.07988
0.07756 0.078596 0.08004
0.07784 0.078692 0.07944
0.07804 0.079108 0.08088
0.078 0.079028 0.08072
0.07796 0.079192 0.08056
0.07796 0.078672 0.07956
0.0776 0.078828 0.0802
0.07772 0.078464 0.0798
0.07772 0.078512 0.0796
0.07752 0.07854 0.07996
0.07764 0.078644 0.07936
0.07776 0.0789 0.0798
0.0766 0.078776 0.08004
0.07712 0.0785 0.0802
0.0774 0.079044 0.08056
0.0768 0.0789 0.07996
0.07756 0.078552 0.08008
0.07748 0.078692 0.07988
0.07776 0.079012 0.08
0.07808 0.079016 0.08024
0.07756 0.079036 0.08036
0.07808 0.079304 0.08004
0.0778 0.079052 0.08
0.07816 0.079036 0.08052
0.0778 0.078892 0.07984
0.07804 0.078952 0.08052
0.07764 0.079336 0.08128
0.0776 0.079024 0.08024
0.07824 0.079032 0.08008
0.07764 0.079004 0.0798
0.07772 0.078836 0.07956
0.07644 0.078772 0.07956
0.07668 0.078636 0.08088
0.07752 0.07864 0.07964
0.077 0.078444 0.08012
0.07688 0.078628 0.08
0.07696 0.078476 0.07996
0.0768 0.078172 0.07988
0.07704 0.078504 0.0802
0.07784 0.07878 0.07988
0.07748 0.078228 0.07928
0.07792 0.079212 0.08156
0.0778 0.078928 0.08
0.07708 0.078332 0.07936
0.07776 0.078984 0.07976
0.07752 0.078876 0.07972
0.07744 0.079072 0.08084
0.07752 0.079028 0.07996
0.07796 0.078592 0.0796
0.07732 0.078776 0.07968
0.07684 0.078724 0.08024
0.07828 0.079184 0.08064
0.07884 0.07942 0.08064
0.07824 0.079084 0.08092
0.07804 0.078912 0.08056
0.07784 0.079224 0.08032
0.07784 0.07902 0.08052
0.07792 0.079044 0.07976
0.07824 0.079096 0.08016
0.07792 0.079112 0.08052
0.07776 0.079252 0.08028
0.07792 0.079276 0.08052
0.07796 0.079688 0.08144
0.07852 0.079428 0.08056
0.07672 0.078528 0.08052
0.07808 0.079088 0.08008
0.07684 0.078988 0.08044
0.0778 0.079304 0.08032
0.07732 0.079108 0.0806
0.07748 0.079104 0.08016
0.07764 0.079148 0.08008
0.07848 0.079292 0.08116
0.07828 0.07916 0.0806
0.078 0.079128 0.0808
0.07716 0.078704 0.0798
0.07668 0.078384 0.08024
0.07736 0.0784 0.0798
0.07808 0.078968 0.07956
0.07792 0.079024 0.08004
0.07752 0.079036 0.08016
0.07784 0.079212 0.08136
0.0772 0.079444 0.08136
0.07816 0.079208 0.08012
0.07708 0.078572 0.0818
0.07756 0.078836 0.07972
0.07796 0.078948 0.0798
0.07792 0.07866 0.07968
0.07748 0.078688 0.07964
0.07752 0.078488 0.07932
0.07724 0.078316 0.07924
0.07776 0.078864 0.08052
0.07716 0.078324 0.0798
0.07736 0.078544 0.07968
0.07688 0.078156 0.07924
0.07724 0.07848 0.08
0.0762 0.07836 0.07944
0.0764 0.078544 0.0798
0.0768 0.078368 0.07948
0.07792 0.07884 0.0798
0.07776 0.078984 0.07976
0.07776 0.078708 0.08116
0.07752 0.078852 0.0804
0.07748 0.07878 0.08016
0.0766 0.078252 0.07964
0.077 0.079004 0.08096
0.0786 0.079148 0.08004
0.07816 0.079384 0.08012
0.077 0.07896 0.07976
0.07748 0.079064 0.07984
0.07716 0.079264 0.08052
0.07808 0.079064 0.0798
0.07776 0.079196 0.08044
0.07712 0.078724 0.08132
0.07664 0.078128 0.07956
0.07728 0.078544 0.07952
0.07744 0.07876 0.08076
0.0774 0.078636 0.07916
0.0776 0.078948 0.07996
0.0774 0.078276 0.0794
0.0778 0.079104 0.08
0.07752 0.078528 0.08
0.07688 0.078312 0.07936
0.07708 0.078328 0.07968
0.07752 0.07844 0.08008
0.07744 0.078136 0.079
0.07788 0.078736 0.08008
0.07756 0.07884 0.07996
0.07676 0.078192 0.0794
0.07664 0.07856 0.0804
0.07736 0.078972 0.08044
0.07564 0.078224 0.07948
0.0778 0.078224 0.07884
0.07756 0.078448 0.07928
0.07692 0.07848 0.08024
0.07816 0.078536 0.0792
0.07712 0.078416 0.08036
0.07652 0.077852 0.07896
0.0764 0.077844 0.07892
0.07664 0.078268 0.07952
0.07704 0.078348 0.07956
0.07716 0.07852 0.07948
0.07752 0.078776 0.08
0.07708 0.07824 0.0794
0.07728 0.078452 0.07916
0.07696 0.078128 0.07912
0.077 0.078348 0.07992
0.07736 0.078208 0.0792
0.07684 0.078328 0.08052
0.07632 0.07808 0.0798
0.07708 0.078656 0.08068
0.07664 0.07788 0.0798
0.07676 0.078012 0.0788
0.07552 0.077908 0.07944
0.0766 0.07798 0.0806
0.07756 0.078176 0.07936
0.07772 0.0787 0.08016
0.07732 0.07824 0.0792
0.07744 0.078244 0.079
0.07592 0.07776 0.0794
0.07704 0.078064 0.07944
0.07688 0.078108 0.07888
0.0772 0.078372 0.08092
0.07592 0.07796 0.07944
0.07548 0.0778 0.08012
0.07692 0.078232 0.07964
0.0776 0.078612 0.08
0.076 0.077668 0.07992
0.0772 0.077912 0.07852
0.07652 0.0779 0.07924
0.07652 0.07854 0.08028
0.07704 0.078012 0.079
0.0758 0.078096 0.07936
0.07648 0.077556 0.07852
0.07696 0.078296 0.08028
0.07736 0.078068 0.07872
0.07756 0.078392 0.07964
0.07704 0.07874 0.07992
0.07756 0.07876 0.07984
0.077 0.078352 0.07948
0.07704 0.078504 0.07996
0.07688 0.078988 0.08028
0.07748 0.078404 0.07908
0.07692 0.078712 0.08104
0.07688 0.078776 0.08024
0.07752 0.079056 0.07984
0.07776 0.078804 0.08032
0.0778 0.078616 0.0796
0.07792 0.078768 0.07972
0.078 0.079232 0.08016
0.0776 0.078932 0.0804
0.07672 0.078376 0.08024
0.0782 0.079164 0.08012
0.07728 0.078392 0.08048
0.07788 0.078696 0.07948
0.07684 0.078496 0.08004
0.07652 0.078468 0.08004
0.07808 0.078868 0.08024
0.0776 0.078552 0.07956
0.07756 0.078328 0.08028
0.07752 0.078412 0.07912
0.07764 0.078616 0.08
0.07704 0.078324 0.07932
0.07744 0.0785 0.0794
0.07712 0.078184 0.07936
0.07728 0.07884 0.07948
0.07768 0.0791 0.08112
0.07724 0.078704 0.08044
0.0774 0.078396 0.07976
0.07736 0.078368 0.07908
0.07788 0.078516 0.07936
0.07644 0.07834 0.07924
0.07716 0.078524 0.08008
0.0772 0.078308 0.08088
0.07788 0.079004 0.08012
0.07644 0.078424 0.08008
0.07704 0.078116 0.07884
0.07696 0.078968 0.08008
0.07648 0.078116 0.07944
0.07732 0.078532 0.07948
0.07708 0.078036 0.0788
0.07652 0.077932 0.07892
0.07792 0.078732 0.07968
0.07764 0.07852 0.0798
0.07732 0.078828 0.08056
0.0772 0.078332 0.08036
0.07768 0.07874 0.08052
0.07768 0.078804 0.0806
0.07808 0.079096 0.07988
0.07768 0.078772 0.07984
0.07708 0.078936 0.08048
0.07796 0.079264 0.08108
0.07752 0.07942 0.08088
0.07836 0.079208 0.07996
0.07776 0.079108 0.07984
0.07764 0.078744 0.08008
0.07804 0.07882 0.0796
0.07748 0.078468 0.08
0.07732 0.078568 0.0798
0.0782 0.07922 0.0808
0.0774 0.079036 0.08012
0.0778 0.078812 0.08004
0.0782 0.079264 0.0812
0.07792 0.078864 0.07984
0.0768 0.07804 0.07932
0.07768 0.078904 0.081
0.07708 0.0785 0.08024
0.07732 0.078496 0.08028
0.07788 0.078708 0.07968
0.07768 0.078704 0.08008
0.07804 0.07886 0.07944
0.0776 0.079004 0.08036
0.07792 0.078836 0.07984
0.0772 0.07856 0.07964
0.07812 0.078776 0.08012
0.0776 0.078916 0.08168
0.07724 0.078956 0.08068
0.07788 0.078816 0.07976
0.078 0.079044 0.08028
0.07704 0.078868 0.08008
0.07748 0.078996 0.08108
0.07792 0.079096 0.0804
0.07752 0.079096 0.08068
0.07664 0.078408 0.08052
0.07756 0.079 0.08128
0.07836 0.079212 0.08056
0.07744 0.07916 0.08036
0.07776 0.078924 0.07988
0.07784 0.078732 0.07944
0.07732 0.078876 0.07996
0.0782 0.079088 0.08032
0.07768 0.079192 0.08064
0.07804 0.079412 0.0804
0.07736 0.079296 0.08008
0.0776 0.079504 0.08092
0.07876 0.0798 0.08112
0.07788 0.079644 0.08148
0.07888 0.07952 0.08088
0.07892 0.079736 0.08152
0.07732 0.079428 0.08036
0.078 0.079308 0.08052
0.0784 0.079516 0.08088
0.0774 0.078916 0.08036
0.07768 0.078952 0.08032
0.07796 0.0792 0.08064
0.0776 0.078884 0.08036
0.07812 0.079316 0.08064
0.0786 0.079232 0.08016
0.07664 0.078808 0.07984
0.07712 0.0791 0.08168
0.0766 0.078428 0.0798
0.07684 0.078932 0.0802
0.07824 0.07898 0.08048
0.07708 0.078652 0.07988
0.0776 0.078888 0.08004
0.07732 0.07882 0.07988
0.07768 0.079064 0.08032
0.07708 0.078916 0.08024
0.07844 0.078924 0.07956
0.07856 0.079292 0.08016
0.0776 0.079096 0.08072
0.0778 0.079136 0.08004
0.078 0.079176 0.08088
0.07748 0.078692 0.07976
0.07864 0.079676 0.08052
0.07748 0.07862 0.07984
0.07856 0.079708 0.08068
0.07772 0.079004 0.07992
0.0772 0.0795 0.08116
0.07856 0.080068 0.08116
0.07628 0.078588 0.08036
0.077 0.079364 0.08052
0.07832 0.079476 0.0808
