-9887.36439321 -9107.022172 -7440.41228611
-9848.88424906 -7909.66393309 -2447.04935929
-9998.24413252 -9328.61660382 -8323.60644802
-9959.94119082 -6735.46560614 -716.113307307
-9789.75255011 -6786.82486501 -1784.72642641
-9978.72682399 -6327.36339118 -1877.75597673
-9096.46914105 -2685.24509269 -1728.18981989
-9896.49580732 -4155.17817672 -1720.70132395
-9879.80636881 -4961.71523105 -1827.65524311
-8507.68869611 -2987.53772665 -874.582554984
-9281.3557375 -3033.01307441 -1607.67214224
-9946.75824941 -5422.40032778 -1858.39247327
-9774.2302646 -3224.79336527 -1023.42795417
-9763.20229758 -2548.87194984 -1620.21280736
-2311.46945562 -1762.02552471 -1111.68340324
-8712.34498564 -2358.31142581 153.822693707
-1765.98333549 -1030.73968345 589.722241562
-1926.25846244 -1719.70565727 -1384.81656097
-8646.89279618 -2102.10706457 311.012660222
-8618.70871524 -2764.43586717 -208.033207841
-9980.96320861 -2700.33482009 194.871795994
-9052.28789325 -2142.47551964 453.792499148
-9262.38281163 -2244.91822639 162.079398565
-7789.58247483 -2733.60654943 123.263267716
-10035.5698487 -2734.38585417 -19.3297576866
-8794.24323142 -2348.00409942 -330.57287356
-10033.917766 -3324.59793977 201.21286612
-9481.45984943 -5007.80576113 111.437350218
-8677.59870379 -3049.10868944 161.014212025
-6896.65817437 -1564.42067358 47.0639149149
-9620.58834736 -2693.29307775 409.225742682
-8648.32037498 -2580.37105932 12.780886243
-8614.07447247 -2880.25543929 255.077664547
-8587.76424452 -1654.05704275 667.034210846
-8821.71140895 -2017.41257746 646.104430736
-8631.30838835 -1590.84783285 804.616202176
-1671.28942643 -608.193694778 465.321426637
-8866.01379301 -1269.26494619 232.473236989
-8597.74469249 -1104.72612341 608.572303543
-1633.29517873 -506.491253526 263.485232915
-8614.29233254 -1667.58822364 448.899323045
-5040.56603846 -1003.73206428 265.926758313
-2598.60746827 -601.898732961 660.655792522
-8749.21395677 -2623.09715152 340.839026526
-1708.10489781 -253.813435792 555.946784965
-1165.23458209 -287.147174082 858.708351658
-2106.43972904 22.6908275618 670.599314833
-1282.61388684 -15.4497158092 942.535560199
-8952.92940269 -1530.04698657 890.39159069
-954.441414899 -297.035623439 290.30452059
-4218.50426004 -849.991685549 735.985724333
-2174.92986659 -392.748142495 765.122769368
-8624.98175391 -1462.67061052 -72.5864137778
-7617.27734156 -1700.55554454 858.289591842
-1534.14077312 -383.955539927 698.143353221
-9807.88480145 -1855.4910655 544.111028307
-8682.63469097 -1641.65735857 887.54195507
-1753.1130059 -805.117811385 331.836970779
-3236.76068816 -770.044988157 703.067233665
-9610.02871629 -2641.21458281 1026.53492891
-8584.55790321 -3435.59015823 779.642170513
-7265.52831715 -1133.34484315 842.370565223
-8188.68098899 -1623.80425669 777.426879647
-482.576584722 -15.2325779888 605.110243305
-6848.20407314 -1026.01831352 681.323878269
-2502.70141691 -381.179698773 1021.91239593
-763.949769066 -2.29346994149 829.679088601
-3059.1805573 -779.816147705 -147.964554926
-4092.37789079 -604.934727542 311.323331918
-1633.63117119 -3.71055394819 963.652055812
-1247.40059958 -196.161177101 664.982050762
-8676.98660679 -1337.00757249 416.611435921
-1322.7311996 -0.155602618197 801.740098229
-7908.3375621 -1145.36737699 414.799678591
-8278.57930816 -1611.33050329 756.671814244
-2384.76218977 -289.185269263 1034.28118462
-1026.83849122 -305.643737343 366.066675397
-1224.47869215 -258.952021575 701.5619364
-9441.18404443 -1476.79579534 712.187806587
-902.58311466 -369.182173435 658.456140929
-7398.11314384 -1332.60554012 713.324125386
-3912.78399664 -176.120331103 690.965779482
-1696.63579346 -339.369800609 728.348158081
-1357.86177907 -535.706253864 725.501199303
-6078.372818 -558.553958647 619.766483227
-1509.03381953 -520.254516758 682.007202112
-794.207490585 296.008908124 841.514722454
-1469.75089748 -142.489620025 718.158216571
-8900.89270217 -1703.03986955 897.230981974
-1271.55445922 -403.307887146 323.971668552
-8787.59604921 -1217.27504875 984.023708324
-2958.63062201 -628.463574117 773.624423499
-1692.54081437 -554.978677541 735.974187287
-1030.57827004 196.038600384 845.404744267
-8829.26515827 -1431.89275798 275.515778391
-2965.21661529 -368.361571941 742.189076705
-4760.65525585 -407.185069607 959.44109586
-738.599206097 76.956178669 749.013586689
-1366.93687878 -313.122686954 710.054550994
-8408.77234048 -727.664812234 885.034848243
-8663.38651341 -1174.32559121 941.12593037
-1695.96039808 -301.486851293 730.022752023
-1844.29918159 -202.278573321 920.534447181
-1700.68743035 -306.275692812 827.774046157
-1545.38219714 -375.947841253 798.635401769
-1281.64414421 -705.555709093 78.9637636479
-1214.87782125 65.7933262876 882.478779939
-1590.66486839 -281.597358349 582.741025628
-7078.75428347 -430.191104377 953.17056871
-5574.55510647 -1148.8353968 856.884864056
-3636.84035058 -856.162304683 628.726259173
-7848.54161837 -584.15843571 1019.64315384
-1617.36990513 -344.083139472 690.193100932
-1533.8671949 -405.786739323 589.717815786
-1486.48331914 -353.299749921 887.852882645
-1405.34132238 -238.166090573 1195.00731308
-8638.84671051 -845.056183444 926.611535886
-5574.89294067 -480.77861777 804.694524545
-6359.26492681 -515.472052391 823.39531612
-1571.61286282 -501.315832435 810.452182467
-1151.25702585 -223.193126791 748.972226575
-1232.24362509 122.948387797 1044.07106795
-9050.5767085 -774.40032134 799.59667509
-388.242403964 210.761436893 692.720643798
-8710.62252161 -2064.89896647 800.630753689
-7296.89503629 -943.855529397 670.566554389
-6119.41364836 -1052.90030956 598.843187076
-2604.14075099 -381.963879217 885.020160194
-2561.2631389 -571.880004516 553.021766696
-1681.16929068 -234.173666086 874.552975708
-4436.88696249 -687.138519222 901.563340957
-3965.58842339 -242.277525649 552.68170356
-5085.81543365 -646.917960765 415.170942395
-622.955000921 212.656930168 862.859565272
-1537.95302203 -362.111492844 429.457098406
-996.765201934 -171.418737138 885.724882061
-1529.98819144 -431.779057483 806.615282622
-1071.82226497 -158.685429495 640.001018314
-1443.32470672 -227.68940023 737.878212759
-8874.09866152 -687.102303364 754.098383599
-909.724540074 285.091494167 953.185251894
-1179.33692799 -188.402057913 690.173371414
-1414.11331566 -176.335944836 841.088059872
-798.307345023 -104.13585168 728.06016136
-457.697567463 216.350392086 956.453617273
-1062.10139201 -20.5239394097 938.918053176
-600.857770613 106.176323291 843.882619513
-1086.35078083 60.1714293328 966.34115895
-1105.92468411 34.6145804585 849.344169832
-936.690704623 -33.6615489802 791.781541074
-1651.19980729 -108.387860402 881.384964747
-1222.4605809 -117.641160051 903.211078648
-666.760757738 229.301749943 1072.80530769
-236.822452949 267.744554507 536.744212794
-313.730304646 363.78993622 919.666929343
-357.580214053 387.679269199 782.423563923
-8994.85537268 -822.425727949 736.170142514
-1341.35442304 97.3682458691 798.675361579
-316.104215044 205.022410393 1105.74073335
-587.064847066 104.482150675 801.426046715
-227.057755672 366.946683585 821.919982003
-1207.46541191 176.595549927 903.880414343
-880.587333379 -166.279778501 827.82710412
-513.388582094 270.05932063 1053.77287003
-4313.3622589 -49.9534835589 921.93726089
-457.612972671 230.87992617 795.230811605
-1824.40539677 102.97446173 790.370909592
-1175.76081047 -10.3543338066 1138.4349419
-2092.6338558 -65.0783389683 852.43125742
-670.66331089 178.166504528 932.064248798
-4739.99997066 -158.617785326 1024.39752914
-592.697260638 119.583404906 1063.86999308
-1193.74643218 -4.21429562684 736.148168662
-487.690787345 263.952425055 853.590930208
-622.627278666 165.015128414 790.873068654
-766.447509022 159.215354038 849.111209522
-1746.74103949 -8.64435754825 800.102632063
-5263.47882488 -492.713326919 656.452239031
-651.951929829 -3.68502268351 1047.72088969
-738.916307559 61.9761011553 900.732216922
-586.832075075 172.861406004 698.008212625
-1397.74640325 8.51688401464 953.805414334
-1770.9507363 -29.7638624077 811.355312153
-732.585391151 148.146839875 896.026208962
-834.646735424 136.257085844 908.093196634
-1222.77013086 267.602678011 809.068859029
-580.426384262 163.353750756 813.131304931
-533.095317265 373.008422218 1007.79473867
-915.266735084 293.813789892 898.196456374
-523.946415115 250.384414658 821.020198476
-548.793267047 112.525251174 944.89885308
-3226.54777198 -1.12662223602 916.689224808
-790.479895226 177.928502334 925.761674043
-1269.53968203 158.998038566 1047.77737508
-225.69938266 232.987336505 705.864719446
-8359.92857288 -950.636758666 871.298818932
-916.401833061 -51.1084669356 804.506366645
-431.839113746 339.502498247 979.264497167
-634.474598594 177.189342322 828.601248445
-1081.77245373 48.4961691 1006.40558886
-287.014414802 179.994999261 786.333703014
681.674101615 911.050629314 1229.26907471
185.191548201 1103.39984937 1409.85245842
484.123988255 1037.40995565 1271.6092692
624.700722072 1058.78806929 1251.28446309
555.571910646 900.775177987 1130.17411846
789.575146819 1008.87951408 1384.65584176
333.400277592 796.950301722 1265.14185253
312.285265979 968.954318954 1262.62395171
618.595972799 1036.01420418 1269.63654182
686.694495187 970.291496177 1118.12134061
236.495974297 816.226043761 1264.48727674
167.860231036 842.639237234 1117.48199503
384.196754905 1000.23811113 1388.44333373
50.1704517208 857.416267183 1114.38479561
794.318549925 1032.46345224 1207.89445088
335.238346187 844.915542542 1213.12964023
637.050480024 1006.47809255 1212.22331246
491.125543327 956.562608504 1373.80101349
360.823079256 611.584583881 753.706072315
377.125166551 561.569770411 974.768776297
359.280874304 582.018794174 898.812818108
608.170746544 848.861385485 1114.67713093
482.090031548 710.850638229 952.696169899
627.126765841 844.950985271 1094.6713931
746.003447529 1078.24191842 1264.96735512
461.778308155 954.466594832 1231.9450135
751.592838171 1126.03710628 1376.22601049
345.687157591 828.003244957 1228.95712313
338.551322555 790.442338841 1231.03722819
504.212136807 818.670288816 1056.70667892
320.861360566 610.172389839 1109.48484576
322.834923448 692.679400818 1109.68634384
233.867485103 607.771516788 1068.29897264
297.978305721 592.477834542 763.178913209
443.930248746 651.128821523 775.217644898
445.359076599 615.942031837 881.882883023
655.926295522 988.32018294 1248.39760811
656.763264344 935.083125637 1219.68370052
654.877594299 902.532066745 1115.93114497
1107.72389183 1282.03073067 1401.19558924
979.32802064 1219.54471678 1401.97768412
971.222512877 1324.82879362 1539.53276888
-27.3179724027 384.917749768 652.698973653
337.12995779 623.50339127 1113.83233966
310.864610257 670.542394941 975.611164662
359.876872066 925.044848291 1254.34614422
57.8227165719 738.361669355 1206.20536969
-144.890563359 847.704483406 1255.1274128
362.123391631 1025.03097274 1422.8121397
517.390590003 1230.22677314 1564.89150573
320.446194 1083.12735202 1707.5493471
210.42112929 879.773211604 1418.26537574
216.899190673 903.377914749 1278.32276743
88.716166163 747.969780432 1278.20182134
526.93127835 700.929094701 946.194772344
602.577473292 692.29078817 804.051878743
464.423125357 695.185640996 822.834530365
386.098738351 783.254498808 975.707854899
683.26704668 810.765784132 965.846878782
675.541670995 798.723231058 981.093522806
369.724234909 711.020986499 1118.57988815
374.543281966 681.36318767 837.121318434
693.898824908 802.768315546 977.851224912
916.81280178 1086.24091171 1276.34648439
949.471335076 1138.80224535 1375.58396335
849.820505882 1178.91464272 1487.58842208
910.073712289 1275.53031913 1535.54605901
318.268129632 1240.60127945 1493.23691116
917.890699343 1309.7548247 1528.46067715
836.145197831 1084.94578797 1381.02322923
680.678506174 1059.2289484 1382.14563037
808.418676549 977.376236508 1348.56768033
530.049898935 869.413138754 1086.64606832
687.556874842 954.470650763 1092.52922157
690.118746406 877.425432863 1119.93655346
752.374161034 1023.50630773 1274.21324753
745.359792367 977.205770011 1272.45303911
815.133868452 1007.59075313 1273.22770123
909.098301328 1095.28772602 1245.77061693
482.227652863 1134.89370473 1344.08643127
618.407547048 1046.19409409 1282.76862112
762.804657097 1214.51490952 1398.01626857
965.187178328 1189.56247116 1390.53301899
1093.26534599 1258.68099016 1393.64571091
368.70987184 875.094275077 1138.68333499
266.958750944 804.95479906 1278.83731687
351.428892156 751.497759445 990.088703125
638.357479102 993.790521893 1135.78035111
817.328901558 1072.9037518 1270.69131714
780.812373899 1053.90336536 1272.02827167
612.391946888 809.485610851 988.220466053
612.558419513 801.48106665 988.655299185
12.9187007594 853.304724857 1138.48197012
629.465963818 817.588331718 927.04614654
672.62169179 823.180860784 970.330477632
679.573806449 782.334299268 968.114533586
489.762730294 602.198540343 1066.46743512
207.093151541 747.639026211 1068.35974821
467.676370735 740.870420494 1065.81131456
641.262150567 938.221212506 1274.52631812
213.782258475 871.60536888 1269.51414503
914.830477311 1078.20780314 1411.98293624
863.226042995 1000.41871854 1153.76744399
592.46019485 1065.51672504 1299.97982165
636.550894065 941.25196317 1299.9477216
366.928556299 680.028711965 930.819956705
504.556288202 593.630154024 897.831690267
499.519231608 637.359751633 898.825628406
141.532654054 705.139693739 1361.1018368
-27.2986198554 483.056283325 1085.4877377
-27.4787874901 591.688635747 1085.13877216
458.937580677 1000.17752635 1252.59238337
788.385561461 1066.29965336 1250.22205268
462.352173552 1015.32743617 1249.13032036
808.532807489 934.634536036 1087.9412918
764.348768664 1011.36814498 1130.28952138
300.939429928 856.456808587 1085.57187048
507.024169398 872.194156056 958.572557172
807.060622522 871.811710528 958.73408138
670.37160886 914.023248469 1096.43563455
935.28101854 1131.51496472 1370.92558932
780.731013866 1096.89671875 1380.4029232
936.579603443 1134.98345897 1230.32142818
672.151893669 944.795179833 1115.74802653
658.22750533 917.908683478 982.369002083
970.45393732 991.42092747 1119.27041948
941.009758645 1128.66547874 1274.08663633
883.455900575 1090.05675675 1216.76065854
889.284083233 1134.08604272 1377.9723736
224.217608638 836.028990655 1407.64090654
355.051745077 910.291528955 1265.78292471
136.893291312 763.826900688 1379.60143521
675.590849269 945.02304197 1060.23333487
617.168704196 860.413335576 1190.93754358
654.249467341 956.345441871 1195.0688774
675.216380171 847.720891939 965.464456742
443.779546811 764.712980989 965.530952414
445.15195803 849.561726737 1102.90874079
937.735885786 1189.50966931 1337.20741412
643.970361767 1133.67947734 1337.98971691
500.394023303 1073.94808686 1337.81640769
336.938739693 655.393149497 939.645002184
477.407033231 805.587564465 1098.02221939
477.420380525 787.405938664 1096.66590459
979.859824206 1183.27415945 1400.9659125
817.252418998 1134.6362512 1405.59226562
817.33447084 1156.10205554 1401.92255932
752.722599103 1097.0796832 1364.66770188
246.255472514 1020.59011203 1382.36512499
750.709998197 1046.73363677 1382.18543802
653.971973667 824.414963989 1051.78667271
755.10262964 836.345728496 1051.99691548
625.529316852 804.545605825 921.36740929
813.564235124 1053.36509334 1239.17999281
924.492089454 1114.49332282 1242.09089318
952.93508935 1062.72041138 1239.60737586
941.819059751 1117.80474559 1387.1788542
356.286671657 958.848698742 1136.36226386
651.977801851 1093.29296126 1274.99249725
973.638869791 1375.43444768 1680.71157695
969.387025888 1447.45937789 1687.53549234
1258.2236308 1517.67350369 1687.50189496
826.668184423 1218.2593381 1581.32457011
861.40376968 1127.16687701 1542.00307151
864.502848007 1160.81521456 1541.82649979
371.475817777 1187.87402518 1549.70979828
804.474873034 1184.27178854 1406.72977302
358.784818738 1114.09725599 1398.37597655
1251.67977318 1430.88402841 1544.70607065
973.74543337 1315.82581374 1539.09417759
800.493083831 1314.33747158 1575.14582764
673.934464354 1092.38271408 1252.89708443
229.239670435 914.449450705 1251.97139269
964.300935427 1196.88363557 1400.84349951
215.347343041 948.525932362 1281.34122599
378.221232291 1087.51981891 1278.51350763
997.225228025 1161.77576363 1280.77592105
820.39990244 1198.17064582 1564.4244362
805.493918461 1163.03568147 1431.30683171
991.798969262 1350.15524638 1571.84588619
462.042899969 713.562323209 829.324468922
461.082216658 700.313872376 915.219344792
448.686204292 643.413945955 793.482787216
261.333122787 491.148961163 679.097883687
355.686783235 476.048010423 683.455597037
361.163061032 470.144733201 533.910434941
663.743792954 1184.73121353 1569.8386854
949.857889616 1455.51733237 1570.29221053
661.323400813 1344.24363951 1567.82551066
486.699567339 1109.07611612 1384.96438792
922.737320336 1091.28131544 1263.62845341
492.158888576 1011.35350191 1245.0501754
663.437095023 868.490363298 1108.73448159
705.422571212 845.782971778 1092.29333252
633.457622941 921.541845459 1148.03196729
836.126532101 1002.57340236 1122.43995231
654.439013817 1067.67746001 1266.89054076
957.348008381 1100.90293534 1260.88754693
450.606584122 1065.11893151 1344.82082447
659.935413635 925.273718346 1257.74847931
659.304437325 1040.42344656 1376.56925214
812.274506161 987.992225083 1133.97917434
457.542787175 932.873413316 1422.18677698
674.272135971 978.215928373 1283.52354244
326.759090619 1255.89980542 1546.61996031
939.556025559 1329.4046076 1512.42561819
1081.34977975 1363.51202113 1511.56028091
287.310507027 713.427826064 945.402976751
644.830905783 909.800129184 950.010260045
728.481989076 865.780203626 951.149974368
602.450916343 864.728367856 1253.94957488
608.110116885 979.420686455 1255.9878706
741.631494176 996.626740724 1226.64521265
790.934038521 1178.38233581 1403.61208244
351.471215084 892.506597352 1267.50691623
710.144931245 1068.41120564 1404.71785927
500.836719381 1162.32064344 1380.37047455
1056.13492136 1201.16914788 1379.42469446
946.372802629 1229.57053885 1382.81796502
208.143353786 520.943816875 922.912411829
215.67812664 531.961588658 918.138315635
217.354383684 395.104108303 716.986046266
810.285926482 962.756656662 1235.93480197
471.230989473 892.560076098 1097.8212514
825.040020532 1030.127554 1273.12201243
944.38755209 1037.19321916 1122.65705677
653.291814098 843.794730829 1225.06021799
800.383755784 1050.34929379 1265.1984504
612.850704431 1059.83907038 1262.21518976
829.471695694 992.72900256 1089.31950166
519.343420334 1041.69857884 1225.7999373
596.25265797 743.191160093 915.795626989
603.814471074 697.74205563 920.777245756
600.488703628 679.49544292 919.12662106
833.791353696 1082.96663898 1281.58604201
861.929031789 1138.78900231 1281.06334388
861.455422128 1077.33021038 1232.63409178
592.654188565 957.734946417 1109.17521133
887.117526626 1059.47145872 1247.10296858
946.259148221 1096.17946447 1395.75325028
630.734746659 1109.68197945 1308.81221525
967.115145661 1141.26259767 1302.34919436
908.930714042 1123.72514666 1298.42695135
664.342915378 1076.34880639 1413.71864514
626.526184664 1157.51972271 1561.10329177
818.173218429 1205.15728492 1411.37384269
364.006421341 773.051464339 1247.90122154
369.68044664 820.501450181 1069.32705335
361.629530268 786.435376364 1063.28980912
540.442311776 668.43028398 1130.06859473
546.70472164 751.162617568 1128.45865196
553.137689246 724.530388517 842.322078037
71.739993816 1091.23422796 1438.45952971
664.448632449 1203.11444183 1436.53092091
805.697625632 1298.17325429 1576.47137385
460.825810931 806.628734551 989.238820713
306.704763594 639.738835383 987.774185355
798.137194583 897.28077434 988.265082344
826.304873556 1247.46678583 1601.52943375
826.381988258 1381.12963793 1604.61100999
830.333454289 1465.46071843 1605.24450207
787.579458867 1082.05961691 1244.7239023
633.979467216 1123.48634936 1246.89413674
637.8569017 1055.00078918 1247.8944529
532.24674842 924.095340743 1202.49861059
522.090186647 934.415031006 1205.27776684
523.600296691 973.586376009 1236.5713298
852.353356043 1033.57442835 1134.95429152
807.79150518 1035.8062512 1144.2019763
815.735170853 1030.60688859 1137.14224725
936.539534474 1004.76676333 1093.61674303
643.854793244 909.798555914 986.035453857
769.766496981 951.263895228 1092.55786408
1089.99731515 1196.41663186 1381.75286295
909.11049404 1125.50945142 1383.73919113
1091.67289976 1210.07009817 1383.69352623
651.675690417 849.696661124 1056.85972243
771.943115915 912.744988087 1059.24301494
591.409628481 803.372453435 1055.66392977
644.877077569 784.642875083 904.564856787
641.621025149 812.533103303 951.659754073
645.724571893 768.838466373 912.694144204
797.981066508 1062.51252881 1303.74886812
614.535129659 878.534446466 1143.84326048
809.201999409 1001.18910975 1299.11950919
1142.20839118 1367.62821246 1550.35103043
1255.01172336 1369.11637121 1551.47276644
1144.42001064 1401.87801161 1544.76826969
953.572332843 1114.85030757 1421.4012805
654.687681856 1081.65744153 1278.05360429
809.840764541 1129.46591058 1278.79611513
369.340508754 673.327417522 807.136323098
512.300958402 662.531293999 806.394408975
549.539294147 733.57879917 962.699567224
385.076274253 802.163655102 1282.6549332
386.561697357 897.34924484 1248.20667216
675.993339132 885.714801492 1283.74027468
983.957141328 1081.20627244 1138.45868229
944.058324743 1016.12153047 1136.65174882
941.446703033 1056.7794509 1142.11155844
466.165772451 996.26416727 1221.29621859
789.923030578 976.089299081 1218.27517197
939.313761506 1119.06707697 1219.41887997
836.805221232 1166.73792567 1535.73866575
647.674690156 1197.24751804 1536.5452885
164.825594224 924.985389896 1268.46493497
542.533410755 977.762283377 1111.98720416
550.963869543 943.574856203 1107.13525052
687.739132872 959.723022615 1260.95808897
653.116096567 751.619687399 834.266459721
647.292542319 744.357678861 839.665927722
644.727003804 757.925895086 840.781083528
647.210343397 834.984588196 972.552409836
631.585233387 882.990102525 970.515675719
650.262064665 830.347475939 1096.8904338
779.636606654 1184.37036891 1438.3330458
1001.54372476 1275.56474353 1614.97146565
766.739314917 1150.93297393 1429.47021499
805.526821777 1115.70610737 1427.16177849
502.708060018 1062.85741924 1423.26995597
502.509642122 1272.46565763 1427.27300694
384.776835939 958.318965411 1264.40286023
393.086454045 785.257392567 1264.96611505
656.628788464 1010.27383406 1259.51273006
813.020409037 945.810608595 1105.56646537
815.493148794 1059.24428551 1246.68589693
766.417251423 954.87394071 1247.13586634
228.056065347 875.500102097 1057.27861093
360.335218185 1003.96671069 1206.60303517
380.513177126 959.528033261 1205.85164065
970.757499226 1156.84381458 1288.20524698
1117.06947933 1232.15567448 1322.69495943
996.990177007 1233.04934373 1429.25364359
340.484875052 648.671655764 801.819693603
375.447042016 570.043563661 800.524894968
233.139358898 612.512928297 950.759163689
671.167072406 1019.97746985 1235.84285511
528.160723727 977.324890508 1096.96511193
968.037231609 1076.20345354 1122.56412152
642.909968471 774.712249458 933.349019155
506.329031448 728.783886927 817.308620649
507.470754982 671.451115382 818.156810741
833.200751489 1089.5300714 1390.64872973
635.90316934 1053.64384923 1256.548482
514.414634823 909.011117746 1212.46558149
809.794712795 1072.73883205 1260.58016017
797.05529927 964.276409864 1113.68247289
679.518875024 909.289754252 1118.02258679
637.429932211 831.017373718 1077.93453287
499.065428373 782.774815747 1217.30022858
637.829156864 888.40214871 1080.85449401
941.101798586 1064.65273004 1108.59044115
650.630739396 1031.27863456 1102.78753641
524.610042379 973.737682112 1108.01201295
285.029111248 890.984538131 1263.6569132
424.891703385 792.905053716 1196.0468414
433.010121208 1052.09048172 1267.65400618
210.832220862 719.198930722 1242.07989031
-21.5295381457 402.772841843 1428.90161629
48.1911973981 683.026647733 1251.82229807
1124.42929575 1190.86679608 1293.86160005
824.775904777 1148.06695878 1426.95168572
817.8491162 1136.63955566 1426.25674084
615.421448036 851.866768231 1089.18009827
608.952213531 921.356118839 1091.96440721
474.937139211 853.78898445 1089.67438829
546.996121438 827.36119247 1087.20662185
471.748806265 802.612529485 975.604812461
694.772342946 888.703167907 1093.60198208
796.292177289 939.743859737 1116.04484087
495.436699666 954.11821943 1252.85409109
496.194534488 938.895818113 1252.4113635
1086.20550363 1316.03990069 1388.00751482
366.479381398 1143.3793825 1383.07128352
942.18087422 1248.20160419 1387.52091825
525.847957548 1016.4904377 1411.53854457
475.655859587 1072.25016214 1415.93570776
817.9716513 1069.32082403 1371.92711582
1104.81012745 1480.20643832 1713.24371966
503.538996222 1354.25187864 1676.74500122
343.597346495 1335.04129252 1676.87268282
798.735089594 984.403364756 1182.49062819
927.000035326 1076.79679989 1254.1296526
798.911714927 1065.14588262 1248.89764275
188.490285707 817.696003921 1551.98724539
69.5242772307 809.176551082 1555.00174816
196.227540002 905.165785447 1403.85278623
1015.09239596 1197.09587578 1392.75019756
557.563483194 1116.88107349 1443.18083003
513.06205611 1052.962211 1390.69823259
494.995914744 869.286415118 1200.9265043
360.419550196 817.616931611 1216.53327981
565.288381319 860.206136939 1210.60885137
15.9510089563 748.72492064 1018.16530883
-32.6355784162 524.739954386 975.451917702
-15.8035159818 640.884764046 1083.73074706
352.141065708 749.836477507 1142.7593911
295.921071255 811.805758525 1140.79871742
286.855031916 761.374242366 1239.18634502
534.794718817 979.528818949 1245.53462192
799.591943565 1019.10639862 1147.19440339
681.815494757 926.875607636 1144.75239176
846.479017749 1192.70186622 1486.79658948
311.889096299 934.050683432 1383.40258831
703.736465491 1066.75404296 1240.66882183
664.330893687 900.309041808 1083.65116016
488.961533387 832.477836038 1127.2438755
659.04135689 867.059694339 1101.59673
649.750386258 1354.38749343 1577.57506038
760.25887575 1340.14798976 1578.24926899
1087.32606472 1434.25616457 1577.52603144
556.130214809 977.945471958 1291.59319626
363.246750723 944.937404502 1288.41573844
406.616557863 890.494213377 1291.87766374
815.281675495 1172.04867151 1524.42447143
668.140875304 1077.34370024 1431.10875807
344.698354623 984.644012507 1291.84335048
701.042552628 1086.53074867 1430.52136755
381.990759814 976.798095591 1500.92147365
225.324336483 972.135646059 1502.61792525
264.938104622 898.922533341 1006.64763767
452.586738002 781.373913614 974.721461619
449.693293973 803.092732792 970.069731082
585.927946876 1002.10854805 1337.72623884
855.309480488 1158.15872768 1338.88487498
606.356290978 1081.39540797 1337.61934914
669.771902617 1167.29087658 1363.50325574
525.030002735 1048.86594839 1402.56846156
524.138630862 1165.43681051 1401.40886795
779.899144277 1187.5238994 1526.51922482
782.190609766 1347.66627272 1521.9162167
-17.1479712498 1142.93224644 1519.41606597
688.221769043 852.958099986 1133.79634577
496.764441525 785.875486976 1128.92548732
548.828558567 748.31318168 989.481896152
772.862312549 1186.86320465 1433.69307094
631.516283857 1032.99836529 1578.335942
610.062620939 996.134449333 1431.69936909
989.781164096 1252.19582402 1563.55966638
983.358882558 1235.52097084 1435.39042313
806.800617476 1183.81657883 1433.75097919
630.458282267 870.825127051 1231.42900957
631.107624147 873.34894534 1232.122132
790.869312399 917.49104534 1247.92246782
454.796347477 1044.78276944 1236.63848487
939.233171812 1106.3683126 1268.30597285
620.774452975 986.072692038 1097.33809346
740.256250576 905.526619589 1264.48224558
431.818998674 849.788335828 1233.93721808
604.384732678 919.724372955 1404.82450082
933.103799292 1454.76258071 1668.89819585
345.937534742 1210.39870704 1527.75103534
645.397917437 1234.92014448 1526.64221924
848.784935737 1067.74919242 1413.79434876
256.068043846 898.65575017 1417.19331967
674.384284932 1010.28586138 1424.99996029
515.458001843 969.89044967 1263.64551284
704.696244939 1045.16912452 1263.51664737
360.562997651 940.743976174 1398.44498554
949.956696762 1142.35281614 1283.58582693
457.147006886 1131.16926266 1431.51449769
-35.4321428119 978.915517488 1533.0554465
951.800891613 1099.01516256 1242.15036595
635.45062095 1032.66208573 1250.49976049
800.357669703 1124.34154895 1389.71070696
307.335869427 856.876263743 1236.1877933
657.779350721 899.748525858 1084.15245053
471.184194613 859.874891643 1204.44820172
310.28963848 942.56436411 1264.27317424
339.80764092 839.565299318 1227.85630212
486.949058223 970.119285148 1266.16110287
610.869350451 1173.29588354 1698.89671442
760.382755706 1319.39617604 1670.77703213
698.688544177 1235.96837858 1696.15398335
445.377864415 1126.82349192 1387.99477464
129.73422314 1078.73337967 1428.9664732
612.139989947 1091.7091151 1361.14278972
614.5365927 810.925997643 1097.24980958
657.15303653 853.238842502 1079.99364998
647.526429044 890.204582827 1059.83798428
631.183454951 871.481939253 1195.58578065
620.124817485 877.544551018 1198.54913628
614.421866321 781.879241093 1075.97180133
563.5027441 773.997054636 1072.0998428
785.816503291 832.772981888 935.443422247
272.359560374 889.053088804 1081.59433126
492.158096775 969.218772362 1232.00835738
-16.5288543823 872.095605809 1130.64435949
487.622410423 863.422599614 1131.18655331
-146.786311713 865.622430619 1529.11641571
67.8333312325 1010.27036281 1519.34705966
506.694110933 1104.347621 1527.97087875
767.581532702 1144.51739434 1287.99743604
661.859856275 1140.76960794 1286.63446761
965.293599941 1188.01071421 1432.56109165
307.457339731 699.738188796 1052.40253978
298.971373224 870.195648226 1542.96870056
312.228400735 734.90196129 1399.32783987
1055.70625289 1178.78141362 1323.75060027
388.952630122 1090.81538154 1385.28426856
1201.35052673 1271.08955358 1373.71452654
985.790367343 1172.26781486 1277.39355834
967.659262874 1228.42414639 1420.72951651
821.906225996 1140.66872914 1399.12007371
474.071903015 1014.41162644 1421.71597705
357.181046628 1100.00124881 1425.45897215
1104.23199801 1291.67277781 1431.5846949
466.420669166 963.048877024 1216.36926223
663.799719569 919.114633506 1216.26125447
704.424827163 902.975836342 1215.40094839
47.5018252393 463.544553255 952.468890558
470.699909175 730.965688474 948.371239756
65.5209096513 618.461647399 938.491872298
561.468694347 945.774380674 1239.20868238
252.535327029 920.940818916 1097.99128305
888.298006355 972.391364826 1092.73914008
485.391710979 861.34996032 1288.16367801
500.636338937 1059.87371528 1288.75312058
638.364492535 906.319302954 1340.1589922
551.422012682 1012.42095671 1290.82681547
555.21581915 961.370284377 1291.38608169
690.942755972 1169.07736634 1429.73026031
467.116201543 846.774118812 1215.34758198
629.820177734 770.372834316 1217.07309119
643.480548775 826.960769904 1216.97202953
329.365987453 887.981928506 1219.85707672
703.10429969 1023.1219889 1219.31578517
295.696355154 973.878632905 1253.25834109
636.289320167 785.615109152 931.00768467
515.451061183 733.182741819 965.06195029
512.942177514 717.071388723 964.365329871
784.531294565 1199.98349537 1415.88978488
719.189878704 1031.74412117 1272.08285381
862.16003878 1114.88324 1272.72743589
925.350361429 1073.65214239 1426.3343535
487.184766018 981.21683308 1286.43315214
822.39969751 1052.73895449 1279.44081611
668.081045611 1109.05406515 1401.62492809
556.711573486 1088.77832347 1403.35842231
709.842388934 1119.57088014 1412.30194274
459.284135195 867.807915386 1121.89281263
609.94752049 960.353201548 1123.25107134
-48.5743506986 702.907592953 1122.34852304
314.990980889 1006.56617191 1255.76466977
169.308119129 1042.56324602 1253.00609389
16.4783002678 879.253387525 1254.62143991
672.258264689 1223.09014038 1445.68278717
665.511291596 1188.71661921 1445.39601017
666.291522252 1216.45620777 1447.41957955
345.733567527 1117.0536742 1540.65132259
754.551945312 1116.70728119 1299.76022958
992.131785642 1181.8479132 1298.23737555
349.670607889 869.745710541 1250.69125576
556.900844257 934.335197095 1211.31411456
482.142145603 796.653827643 1212.35034366
561.596671027 1068.66381037 1374.85913061
665.62405967 1009.86149879 1415.02568104
474.372480175 1164.46877421 1412.24204751
460.467606495 734.565830941 958.96986738
498.487120121 811.508040438 1085.16407368
568.145378354 823.73843997 958.902096839
205.656761521 1031.7896291 1280.96937104
361.260150897 999.873686686 1277.08991953
809.187885881 1185.92656822 1292.03509059
1137.30857206 1356.91920823 1554.13320356
509.528548065 1179.49567837 1437.47814952
951.803854636 1372.42436511 1588.25054486
498.351493269 589.424164925 837.592688898
472.190497301 781.793252613 1146.20471716
528.575663667 659.536311854 1130.84602323
816.374076722 1083.92914616 1408.01285602
502.160933531 1021.15932991 1407.43454436
951.947597688 1225.88645274 1324.9648319
765.009589976 985.246831007 1234.43798693
614.954996368 920.360156057 1233.17012809
452.199435213 821.911488991 1093.63980712
689.906530039 865.425456172 1127.33146417
308.808007289 868.256007436 1133.1684386
617.768052233 808.279424064 989.684792759
-209.847166749 792.956218974 1211.51398634
473.976414352 947.442714765 1357.49549797
533.39407158 1003.79346899 1354.08426941
-12.8612410838 1043.46605855 1367.17760019
793.573616467 1119.84998368 1368.35899716
602.017839325 1018.25699972 1367.28718892
14.4989490108 978.753589254 1351.56804068
-145.947092229 797.04019505 1361.65090904
506.7439727 1036.49401395 1208.8872382
557.082981577 748.001325044 983.465497475
667.403220666 787.404230616 986.099227001
669.684136568 752.241727837 916.62966137
601.76300777 892.425683922 1152.98250215
451.871090399 853.743697339 1379.61481884
308.943811951 836.996780665 1416.2218129
343.755224866 753.826535684 1396.01703839
346.648963491 937.982226878 1401.86994654
162.445498342 943.479525315 1554.43744301
484.958024472 785.122756749 1090.94003754
480.968649604 811.913266831 1089.80779316
624.768081888 801.258073006 1131.89629439
699.340938583 1082.12349689 1388.65592619
854.444579673 1333.84097937 1564.06683058
790.655895397 1149.26184197 1491.50242141
411.191289151 1076.12872645 1395.16041192
1104.24930599 1302.69411179 1505.67387253
954.925336384 1247.00427722 1396.54914888
431.861432011 1131.66050365 1426.25164712
382.170862015 966.734031251 1419.99436784
815.007889765 1141.63784415 1424.18293799
525.321353128 907.409005185 1226.99614192
967.386289545 1052.56872118 1221.89359781
477.852955744 943.565400263 1285.98319673
297.966173175 900.353127072 1234.96137121
654.799774218 1086.33377759 1370.45690864
366.475175255 1100.91212647 1371.18955622
-169.846548285 661.839622393 1257.55415352
-163.099166758 771.100333017 1399.22514132
-174.920605468 554.595410803 1548.89272318
816.082819873 1198.86266482 1572.33736824
817.557448985 1309.04735421 1577.8706601
709.685895406 1284.55079766 1576.711749
164.368268501 984.777789321 1403.6681362
464.698191814 871.03088349 1562.8359789
467.911077503 1067.02996232 1523.63393124
802.328686578 1080.60685154 1282.50656203
513.953600901 909.022285364 1203.66801257
289.414768292 927.894155399 1279.3425276
812.799844915 1088.40377781 1292.29218582
921.763695602 1144.33178054 1298.4853144
889.476060721 1117.4618901 1293.89205728
348.813266978 774.619554624 974.439864119
641.712611807 751.571456751 977.977132707
678.820129593 696.08740934 819.388829507
270.033136029 474.128967478 684.102067582
210.606444875 434.29846675 592.716068607
368.95777605 517.626941983 742.959363527
478.438075565 944.994246849 1361.16429764
505.404167366 850.27880792 1122.17754135
367.00785079 862.98988622 1535.6810126
408.128729392 593.254767311 1062.61731657
414.844260135 759.113476771 1186.3367613
404.927116395 685.926987153 1118.08270934
547.689772483 1105.1642938 1438.54370857
187.864205423 687.652238262 1432.20102668
366.389617065 971.059326892 1438.51876104
152.312380711 923.566145239 1246.02649034
826.838545966 1102.94935885 1256.44648567
679.84112756 1037.42406438 1350.4952916
752.35783162 1021.16596158 1397.30131657
782.577868179 971.59960155 1396.31827615
665.84727303 865.676540075 1396.1655952
779.160869465 1126.55868613 1447.57554087
543.409244843 1149.34994478 1447.06497307
1113.40415329 1335.46638473 1446.5893548
973.078414812 1154.12727015 1424.10676446
975.621979538 1076.04641539 1143.46050071
533.364466981 945.495602842 1128.14567855
788.767126107 1018.87442828 1338.60447236
597.157848019 985.940014162 1380.70191895
596.038379542 907.711324615 1337.3010252
691.589452472 1047.43173984 1386.43534101
250.897220343 888.611297263 1275.02403149
20.3739135417 761.258804982 1539.39970542
992.316331116 1153.99228464 1267.22644307
625.507090123 1011.34260829 1266.80174354
958.199194526 1063.52756514 1247.042092
305.995308663 1055.40732459 1392.39400247
920.466993909 1222.54623469 1389.81309024
620.79572119 1098.61280229 1392.56472076
852.679809042 1264.60469234 1541.62445606
865.35118573 1364.08461509 1575.47201034
714.77599658 1137.47284484 1573.68551688
683.661525852 1175.49596658 1580.14525237
672.503321938 1112.26854312 1402.62719633
532.463646789 1108.53624745 1401.8917732
1017.84079026 1324.87131446 1579.28886232
654.232222171 1250.02088646 1541.85455712
506.064076104 1284.68924919 1544.9145504
500.779144751 794.893208615 985.13690426
647.859092423 922.292889044 1105.47501487
483.995214413 821.583179649 1110.31740999
782.318148767 978.298021279 1114.27155845
793.036776065 1020.80981466 1266.49152973
940.134401395 1052.66832369 1150.55999808
647.268395867 930.878041373 1119.06721578
241.839680356 891.876177842 1250.87306642
774.98921553 978.555987239 1274.11841869
860.351678495 1125.34109557 1322.02463723
490.985459624 987.921611284 1286.7134173
-8.2489708175 851.866296773 1283.58327165
778.104029808 1087.02880364 1355.71221995
779.346061874 1131.37264563 1352.88680659
341.257212507 1028.34946405 1356.33028235
483.047548021 776.319105027 994.563724006
555.128161378 822.048477442 1137.79473709
483.990129222 771.570539611 1135.03846805
805.790891213 1280.83933113 1718.55774226
645.494151651 1347.68573937 1724.04041241
653.316936703 1257.67201933 1721.90891028
957.478598653 1246.3207229 1596.19774116
957.933785416 1227.10202616 1456.53558771
675.995845618 1202.24999171 1444.66100792
852.704682148 1008.73722541 1149.17446607
818.477962326 1019.37492819 1267.53290853
777.855006239 916.283748977 1138.20288452
327.433208299 1331.59813957 1719.42390752
487.274355783 1146.09732717 1719.10512379
629.138331392 1232.96060092 1721.0825165
500.513191921 704.329464009 1049.63629398
454.195392521 644.280724377 871.702731623
522.539850372 674.820921235 869.675611398
953.442996355 1138.37221499 1254.25046512
663.374262828 1119.63027877 1262.33904448
954.77067514 1064.32312397 1114.36792161
-22.4800456958 822.137508553 1104.06658258
296.079683186 802.604592924 1257.41452094
-19.4491253684 920.280114073 1255.98880174
328.01453131 859.602489377 1300.07328468
171.901109277 909.169887119 1444.33137181
319.207116471 728.98982656 1145.60620112
667.24837227 1012.93671371 1446.11498332
849.074417668 1035.88942795 1305.27563028
666.543000898 978.253518438 1445.12358809
796.87316618 1019.0029402 1145.42401709
730.67020194 1011.31589515 1116.23245516
875.932521603 1061.22710242 1264.81653915
803.250720601 1039.69301393 1214.65786123
907.691137796 1082.74271649 1269.75039255
926.821416202 1121.86081852 1262.45664933
933.117489873 1126.91517983 1293.91360678
925.690496604 1138.55313249 1404.88696272
790.291213758 1084.51680103 1259.92344324
1110.45738197 1250.0088459 1399.8212445
858.915305352 1155.69446214 1300.13783204
802.724433473 1080.51040001 1292.53731796
971.625769341 1156.78696603 1307.04127274
826.024535168 1149.96803809 1307.62855445
1005.27952722 1201.20336443 1307.24762842
849.879924243 1040.04257441 1248.88635687
821.725265824 1053.84486553 1244.8219484
810.630123519 1010.51575692 1241.38121291
712.076864242 812.138436466 997.876348316
710.397865047 838.494017332 1033.47167564
710.268347277 811.824922023 985.341945537
1137.32485589 1323.69695519 1442.9366975
516.770178017 987.251069043 1298.33716976
857.284248109 1267.40929145 1443.60513747
950.847281681 1189.36352636 1423.41507628
791.478489108 1068.37784526 1383.07523549
800.077958617 1047.7193383 1284.96422315
805.63881288 1024.35301398 1421.92267776
898.778873679 1091.94087646 1287.47507105
768.542189927 1005.60322881 1264.40216633
515.178584748 1054.65427651 1451.5858053
667.252662752 1218.1271711 1565.54027565
375.833049417 1052.34977771 1303.47679006
818.777708555 1183.79258699 1441.0159926
1164.72490167 1357.4186864 1580.64676118
956.933403843 1266.22996579 1444.74078467
952.616210231 1245.87148269 1433.21063245
1102.28236595 1336.51560634 1463.61046857
930.230012252 1264.04021872 1441.94487559
470.520436323 804.554106998 1003.46695781
381.908048749 757.501560727 1002.05789642
526.194880492 789.17482154 998.216801942
833.858667396 1061.7015245 1269.58095481
822.100052184 1109.67430111 1404.63212477
682.507004975 999.323510136 1228.85659049
684.403039172 906.537290367 1019.51955237
671.568047894 882.731984765 1155.86824277
652.211451434 736.935649388 1015.59450544
703.22299261 1085.61627342 1432.4331464
265.126643134 947.622604909 1153.75674181
399.276973875 1011.63083963 1263.84709304
519.860005071 1025.20412218 1403.41573875
821.161675742 1141.79116821 1404.66167686
665.747171056 1114.9635284 1404.66227221
214.204778979 788.387637566 1129.93098283
169.850271273 782.357794249 990.843379381
372.556189103 782.483419809 993.905426498
964.302423988 1210.10555509 1452.97970513
181.564901241 1100.85030149 1461.84695365
628.45826838 1230.90716935 1603.06243105
798.1330303 1146.28218652 1427.30226892
939.752282967 1072.9282141 1167.818326
944.579950267 1119.82342365 1280.15915694
954.756789048 1141.29731592 1360.2486703
963.378707475 1114.01917406 1362.12824306
338.651208548 1049.90964076 1264.56867151
1258.88419205 1623.64067964 1738.78520839
1124.82310939 1474.61272092 1735.52571762
1211.52659388 1441.32219997 1738.48523391
343.73854294 916.058727532 1098.1439937
794.763085462 985.154242228 1139.11529376
819.994249905 1004.5295456 1096.51423638
177.91902047 611.263002584 966.381956649
-31.5433319523 764.611296525 1112.80006289
351.591128565 638.089683796 971.554097862
1126.90642644 1369.45476212 1586.71765221
990.446258578 1212.55845579 1407.27362898
825.993423073 1276.08059107 1559.35847238
956.303014972 1235.69982184 1576.2425496
1143.8670429 1371.90865608 1588.73814425
1102.58619889 1231.42529346 1576.78736855
852.981299502 1133.33397502 1293.17318967
1006.20687347 1229.89593601 1292.76082261
1005.81922352 1243.66157296 1292.78508941
714.682743804 897.707341202 1144.96594188
513.184100398 837.372230792 1110.46515182
652.141200952 798.275104723 1011.54105206
830.128453594 1147.88317581 1400.13890842
834.476232039 1104.92105797 1404.80195716
835.893931949 1084.77280826 1164.69586614
321.517227892 975.884559432 1299.03005354
662.472812935 972.566916994 1297.1558489
705.608777953 1008.7956782 1295.86612401
1082.78332184 1212.99950516 1292.15930336
1081.86782642 1197.02777298 1285.65321215
1082.75928656 1229.77906286 1285.08559574
816.787964925 1057.21739607 1293.42228701
655.30859437 944.396127881 1438.86714525
632.479852295 889.337701279 1311.66293733
839.587195536 1499.3473517 1714.86535832
1245.32304294 1521.40594113 1716.48518052
1003.30301327 1391.84396902 1569.33941123
1154.7340983 1213.42586685 1406.87607394
1068.22775274 1262.86555933 1406.39295686
921.691284103 1168.47464568 1404.9271203
773.939633555 1328.40114349 1460.35210228
468.755387409 992.467259396 1412.87738724
621.517907556 1165.81887271 1459.3323934
537.384487554 813.188603775 971.923050687
537.854364084 851.51845353 1227.8375968
636.515418024 795.682413593 1113.35726549
695.950757598 1129.03214893 1293.7295091
844.19467444 1157.83856524 1293.00281738
854.71752965 1143.87308542 1292.75511763
638.613458537 1082.0261112 1292.56374688
837.274020816 1092.26072274 1411.57295822
715.665544283 1072.61797777 1292.7677196
640.733303242 777.72016809 939.056713454
606.227735864 829.715857918 953.54868201
789.13471875 849.241303357 964.114082767
833.523253238 1099.99030133 1272.6414189
969.356390881 1092.57452839 1271.00619048
966.415392824 1092.6991558 1129.71665158
625.603739784 891.03262965 1155.2009488
967.048038997 1141.94079359 1296.66889638
657.046053475 985.227699149 1259.23077081
392.642056211 683.459744363 977.694645531
290.691914079 623.283647555 974.533022588
398.404882497 624.693389169 940.604484065
971.469192249 1153.65182525 1270.96045502
831.683598725 1056.89324959 1267.49754029
971.52064278 1121.86175583 1265.11943357
861.269175436 1019.91579925 1300.72419788
309.731275663 908.766004192 1159.83432667
860.779782496 963.749545847 1165.68582191
1024.86767416 1259.30101157 1327.32662298
980.896073814 1253.79914586 1465.62749417
954.312231266 1269.49523039 1462.84865019
632.531678096 830.401982806 968.538681135
632.227021867 864.192931081 1153.83548224
610.593750472 894.528518174 1163.52992189
1007.78303268 1308.68459157 1451.80320238
540.036375979 1283.12715682 1452.07173856
410.384300303 1059.77381235 1305.04024679
257.565980906 833.154078161 1396.13001257
369.936739156 997.902202785 1396.69563069
218.903185646 1000.87766619 1357.4695781
1314.70676466 1489.72095631 1604.6655141
994.429152362 1331.72717902 1601.95195769
964.523998466 1262.77295717 1601.51809449
828.690759044 1037.89358716 1156.28493974
788.985748786 965.312596717 1155.45014452
783.407620852 979.815569468 1157.83086511
795.590094444 1183.8144804 1418.85649551
789.499321345 1122.4527475 1272.71429103
1016.22525251 1164.89675165 1273.13584596
415.704172821 619.429279254 840.113111473
412.028555458 583.058425901 703.884881522
400.582080061 591.063169373 796.473133622
480.38476641 904.964313658 1099.82205502
528.597140538 911.469236772 1103.29364671
518.675021236 900.390393677 1087.87070236
439.382654156 648.381066795 1119.93915616
-225.362919096 643.371733599 932.217164755
484.758379787 620.621156189 825.8531756
695.816461058 880.404438996 1159.05184947
694.852722491 929.839524671 1160.99454324
850.421915023 1038.67507535 1307.68411158
150.111546004 871.740075525 1437.34148087
524.171341188 766.284225591 1154.27719566
341.140561095 786.687227988 1116.63658499
368.806951761 880.653742386 1285.96403376
-100.217839306 613.858432685 1151.59236678
403.098227713 812.872107275 1295.48627429
658.816085717 921.221713969 1193.27152035
492.217493747 971.12654914 1297.79647615
868.197626879 1113.18487547 1309.78396679
973.236788039 1225.63566473 1463.43889943
951.842423746 1225.16585879 1461.35387498
636.987093711 1314.75517356 1609.11707567
654.446037748 1071.34000398 1158.32125548
689.108569119 1022.3577102 1160.65520299
978.868281209 1123.51523842 1300.20156252
858.271131818 1196.25207052 1446.30281274
417.871169146 1121.7839895 1407.29670502
268.579593313 880.553322187 1157.05584024
687.64126512 1140.9239453 1421.33047449
722.850291037 1088.99126908 1276.81165075
384.096266778 1027.64819143 1381.03687972
626.726146325 955.584895333 1253.21027303
810.033201354 952.366662341 1075.11219841
635.097457908 927.129434591 1112.21999337
651.448737415 899.034651859 1221.27065294
9.81775514177 905.435090517 1219.98327789
659.710389365 1006.30028543 1386.73784965
995.913151982 1128.19193942 1387.47720096
690.45303658 1067.86864459 1279.07952823
953.950250573 1104.03616676 1275.67927768
556.855667958 1034.67599468 1402.84519927
560.926496526 1002.73302097 1223.16198489
857.246076313 967.770537468 1214.59549976
210.162329692 665.731884197 1249.68683563
179.64808825 627.623902396 959.631481253
212.04478627 660.442302468 961.086215555
997.289072958 1208.30391142 1304.31243971
847.664733176 1191.78775718 1303.97517163
995.517903695 1205.94518524 1414.48345453
865.821181629 1082.64899589 1295.38581304
718.922974443 1110.67086151 1309.77172497
866.279840536 1089.58044858 1298.109349
840.881973416 1096.75496403 1417.83726814
839.489413539 1072.58953971 1405.55452721
836.866831839 1110.2610546 1456.25289672
680.112737549 901.752902869 1118.57449434
678.282097806 917.829228376 1126.1220629
829.308078882 1003.02553469 1156.17037244
649.475762448 1378.77969143 1714.82460956
1090.76686086 1506.83609452 1715.0633802
1141.56283126 1457.81023241 1710.0005235
632.864309685 1115.64377359 1305.14356849
1119.91090828 1203.22846493 1451.49830594
975.588068204 1132.46641323 1307.46898763
1075.30519973 1340.79847963 1538.55898328
1008.03270716 1273.67565635 1500.12115961
888.126593614 1232.21632823 1526.46934603
508.975317401 1036.69910296 1315.23330199
572.06446442 1149.87268177 1462.44664757
1023.71025 1298.21441726 1461.97517795
871.332014784 1157.24218846 1446.40501833
617.711795224 1081.3035956 1296.1475081
763.638108992 910.167728791 1016.66620851
960.060700573 1250.99161406 1464.47231612
937.549830379 1252.79190081 1464.96677918
631.176566035 1210.20653406 1468.25183285
833.802895813 965.664033925 1124.63127025
756.433178394 987.167890046 1119.9263775
914.842228802 976.895455661 1118.62758273
658.786732288 868.467851408 1106.7027277
453.770942698 757.45391384 1104.94566591
621.591983727 867.213711391 1107.48466371
630.940157405 851.170950787 1152.93348649
729.287574761 901.473306325 1159.31684438
640.753685879 880.021615984 1140.72246219
520.755540172 822.296283903 1108.8289897
671.481494302 757.423804619 999.374319645
674.342557782 895.281339225 1145.11275514
876.64475148 1022.35398439 1173.63338393
871.119735185 1058.33011647 1168.81582602
688.094141392 980.598026095 1168.85744256
498.796315514 616.804623817 955.886401383
474.293459869 688.918789709 957.436595301
506.826351591 744.295570001 1103.03427934
971.060395343 1318.10464544 1596.25251204
983.25435502 1271.63830033 1589.88923545
1063.80647292 1392.24181172 1594.73189349
521.643045339 1049.72090708 1285.72628
366.66921467 948.13528428 1285.43152541
523.663173954 1077.22534197 1285.32830238
357.24921567 603.5247897 673.931658056
351.722191923 664.743504945 974.923626058
522.488809692 642.179988715 803.443393685
481.610873742 887.322871614 1113.22144552
669.312349678 1011.87960315 1154.04542665
674.077971441 1007.78521155 1118.43410738
549.725630502 751.146570081 855.861828879
555.663546233 784.446157304 998.02543491
560.71872945 799.730663848 998.427432647
833.601405999 990.755356283 1154.62377289
652.087969892 936.782019932 1124.94910525
709.764936628 996.872041856 1155.92858973
841.667795392 1005.3727498 1453.42114386
840.307694371 1219.84744302 1451.11233697
819.802530178 1092.85616605 1594.54794417
683.814457039 952.846101311 1309.68029364
676.152211656 1002.69989053 1301.76969091
618.218882953 961.70476323 1452.13512096
809.895894459 1140.69049155 1439.12704936
804.351423774 991.585706808 1263.72526874
342.350320455 1098.39611003 1445.39655739
772.76807773 881.292080354 1007.08963334
453.65475673 975.315660072 1155.49613485
612.541851527 894.598772731 1151.71779254
385.12746917 688.010156952 1055.33972917
385.398449158 732.403958284 1249.20441062
422.163349984 720.170041129 976.330413097
476.244540076 986.585587426 1428.10417131
777.104054342 1051.5026997 1289.86628374
478.064951355 955.512396167 1427.45495221
1105.06877343 1235.20086994 1407.22414449
1077.23898078 1224.92181052 1403.47562583
1083.68499787 1189.22406452 1409.9848451
826.468853266 1052.83951662 1297.24557246
822.028819444 1010.24127898 1244.6078677
1005.76906989 1090.30049608 1254.66342215
625.449915961 1023.46650892 1241.75458507
679.404622217 972.523103601 1202.40842758
934.092650044 1105.44904064 1242.49965598
644.286858811 906.768346343 1269.33286697
641.263933236 827.124180745 1131.13122372
828.941277369 950.236551629 1273.83376606
667.096448997 1053.62811128 1400.62835123
1074.49216275 1162.3103783 1369.0031553
810.064795974 1104.9840884 1368.34969966
674.932895139 799.399164088 968.855762526
672.937184417 830.974748796 962.693733371
674.274397154 832.372137451 973.427328009
1314.89813574 1418.60009326 1462.09151744
1244.29202298 1404.22259559 1461.78590384
808.374864289 1305.45070275 1463.24598987
821.172526159 1344.69674437 1584.28097115
206.277162086 1214.62970237 1549.39932063
829.535556697 1353.45863354 1583.77339825
1120.84896351 1216.22989312 1449.5383235
1134.18036281 1220.18279548 1302.6783211
997.717189413 1186.8726299 1303.84814786
682.102747028 988.872182232 1437.78380774
680.455046548 1117.76246743 1439.35880792
688.249136612 1034.31823588 1299.36566619
987.151198945 1126.76354557 1460.88512846
980.936264068 1107.34816466 1316.28484243
991.154938238 1136.56973088 1460.4583852
1015.73322646 1197.50826112 1304.07496241
981.364271455 1180.64368048 1422.58496312
978.192630063 1197.40883186 1453.48688655
812.418117266 1211.47644339 1445.63113287
1108.66804815 1259.11083605 1302.95438286
1260.07810691 1313.50278896 1446.40148056
683.548306607 1119.31499388 1363.89162809
1106.91104734 1242.67727599 1505.05253966
685.075886741 1174.50497168 1255.30202375
850.578874637 1005.46575057 1282.48143572
705.279049979 1009.56852511 1280.68328807
844.216104353 979.144780932 1135.79143922
1415.50906826 1567.0948276 1631.88107512
983.626158659 1481.91490671 1594.62704256
1417.77835616 1495.79021741 1590.90588739
965.468281063 1018.09155 1153.25184311
864.978656933 1032.86139414 1293.85688006
839.670374119 1009.24099267 1185.50086927
1130.10468898 1347.59679332 1691.89156632
665.234422379 1176.54437547 1559.10823864
1086.30840603 1387.66941588 1692.06063101
993.184347877 1151.51569736 1289.04089249
996.0020804 1211.43545941 1289.94223662
994.852401245 1184.88065642 1289.4360673
740.206398834 971.285397456 1401.11487619
775.679085135 970.829645116 1260.93239758
755.830169775 888.140828496 1073.78584184
398.400412969 775.872381734 949.046623215
409.48454299 682.540662952 953.976102898
554.420555411 741.624515753 947.957199277
1000.89437716 1227.98793992 1414.54635805
1111.72954977 1240.81734828 1413.49563746
970.184593026 1245.59792556 1414.93652945
823.336078563 1222.8012563 1415.62570586
1124.11199493 1316.700684 1550.50838651
927.668945205 1286.58721669 1549.48858125
1096.06435014 1223.63108623 1431.62343596
1088.10582824 1218.49865796 1427.84232493
1094.33030084 1217.24561738 1432.56543467
422.941098275 879.45712691 1537.85271057
674.967415444 1242.9258471 1541.42903985
370.465892794 854.286268708 1110.70276739
854.375892206 999.143535818 1146.05302675
852.463332765 1013.08057875 1290.55388876
500.593958695 1004.26435545 1290.76600238
740.255255784 1043.53250658 1269.17805128
368.084086914 1069.69908394 1309.74629567
506.389656429 1052.88309068 1318.19942387
543.959310334 1113.16079171 1536.3692337
644.440715627 1113.44077235 1456.01591251
641.839479317 1069.80461995 1572.54292639
719.800911796 870.022483552 1081.79037048
713.159498579 871.80364209 986.091662302
722.664912849 814.408877039 986.28229365
831.793436839 965.490753403 1157.71241127
823.147833475 926.499507067 1137.78600296
684.842261033 961.312371815 1162.25695587
1108.26230434 1173.81703024 1267.64180843
975.569064505 1214.78722693 1403.4989754
1107.1124702 1173.36945178 1404.37015605
966.316673229 1178.80313298 1253.12046203
965.853399621 1162.89951475 1268.93314469
821.421532856 1121.73481142 1266.65981542
1106.57276695 1207.35429807 1388.35822539
966.92499797 1160.57216106 1385.73114377
1105.35616148 1240.28253304 1405.05471313
651.035154161 1099.36942259 1248.55394523
649.173933923 1019.09528327 1249.43645913
475.831640931 900.280490364 1247.75786498
1107.79455158 1296.68497692 1701.47880705
1104.82194455 1212.33040864 1560.76293647
957.991553249 1230.48050012 1410.86624828
851.681005387 1028.71678972 1226.89495072
819.95984288 931.518740328 1116.6898219
824.167591966 1007.45476136 1115.1697167
669.46975726 1227.11879701 1450.72428854
1016.87240648 1288.52869298 1555.06298146
1131.46221733 1441.65427002 1700.30402562
960.179422317 1126.10116117 1402.95733475
812.409567796 1076.00454672 1259.02541559
514.479030559 1076.81445222 1261.53192981
989.121155578 1261.09002762 1435.85098743
1124.94467055 1252.96842464 1396.62717501
1089.02554725 1259.86150378 1402.2843749
991.651947241 1114.22059643 1143.81871451
858.923064315 1080.69627378 1288.83489509
907.046096593 1091.05176678 1288.52777559
563.238743635 841.395222944 1114.45275033
588.935797771 1007.91016631 1150.70604301
698.547395309 808.946493224 1114.03794136
527.710849164 1007.04821996 1292.02012296
1095.05088062 1160.19292472 1288.79455003
529.637335056 1128.67644561 1288.04728221
411.245203579 687.636661117 972.187010961
233.921339517 646.965775022 940.316663527
512.215390363 649.114900425 938.696543814
801.087294702 1016.66672437 1142.42014495
958.328080354 1054.37308066 1140.74815723
830.347492316 1040.46699783 1141.52327431
707.446921775 833.607465154 952.558759025
703.343065625 859.473877239 990.190415873
807.673737582 838.970636232 848.1410047
714.176694481 855.896809369 1004.11656557
713.868615 887.802986397 1009.63228686
715.190365013 890.829613198 1002.70912169
562.047175822 983.850316749 1270.33896146
685.667279038 906.395743879 1116.1806806
691.856284195 908.959495039 1304.16865629
848.195363352 976.168770674 1139.98236304
816.492074162 990.64005261 1276.53294566
820.135885843 930.971759958 1134.61692583
1007.35768952 1147.18902773 1291.96544785
663.348388009 981.536481189 1268.81443117
1097.16691106 1229.24613029 1439.35885248
976.692575608 1387.96617468 1586.33529178
710.347749404 1334.05851121 1583.0041218
972.899876555 1282.29682967 1551.39080457
1082.26002516 1173.00670383 1286.74296074
1082.61075946 1153.90965484 1255.86077234
837.291185648 1143.67831274 1400.86356473
946.652123683 1260.43286211 1563.02586759
1221.63323879 1404.91747858 1456.56426215
949.607291454 1286.96464111 1456.81408691
528.628102425 1096.50005384 1554.42961569
863.636066786 1110.32801724 1449.73101015
865.744905369 1108.22862376 1449.83199724
1218.46692346 1274.03832749 1395.8186238
928.797688437 1193.35562094 1394.44031969
930.104677535 1160.03082883 1255.61023181
1126.4688193 1336.37997231 1458.30277391
936.589259117 1307.97513397 1602.98046417
931.386209333 1268.86378629 1456.66517272
685.043836142 1114.03450045 1285.51450223
684.407775978 1011.43874981 1286.77301454
683.811234113 936.158030349 1143.64598145
957.620664648 1045.16794652 1272.60246812
837.17269344 1069.51260518 1276.58908249
985.398069726 1167.4470782 1276.81843183
684.55320843 936.963393274 1153.96280858
688.346457601 1013.35286885 1154.6874992
864.01562266 984.353098235 1113.69344341
711.362622388 900.40150153 1002.71807355
561.89465752 820.057160692 953.329198048
560.882597018 836.965527346 1136.2127315
838.575056149 1055.12374211 1278.59587928
839.713976609 1143.80009855 1423.09638281
837.29898031 1087.75121339 1314.25706822
659.385157956 966.156140862 1153.88713924
820.696836264 1073.06432871 1152.14906756
816.634776944 1013.49870046 1152.615061
717.005318511 923.424083911 1038.23021483
715.947425806 919.567965332 1155.47886569
719.785548014 966.895984388 1154.10594067
831.054048364 1148.11971989 1266.53540147
824.051918636 1156.46709561 1405.39735645
682.175920968 1172.59242942 1408.15372546
820.671863649 943.734522278 1129.50542363
805.263033218 956.830513981 1123.36462584
682.196083067 859.81294664 1133.398903
827.043144547 1042.40682754 1271.24768548
811.381066072 1053.48198556 1268.26770246
825.313035481 1039.65727227 1270.65974534
970.061455628 1141.91707355 1546.69940286
864.47416543 1081.40922025 1403.59991328
972.416871606 1286.26588407 1582.32487764
938.812402232 1030.11621835 1414.17020102
534.131288032 919.504275131 1266.98165962
840.939275214 1030.30458419 1417.09065751
528.363380136 984.993334842 1139.54222721
496.936237977 916.599190699 1228.74242718
680.394940215 993.649845894 1241.92239043
1095.42133152 1164.7149226 1296.50903467
947.893345697 1155.99460381 1296.13880244
945.92484097 1147.04308463 1264.18417711
813.565956582 1216.23064853 1584.11520469
520.373497883 1174.17495804 1623.81814452
518.941569174 1103.24503375 1463.79685452
789.218613925 1052.01069531 1216.19304644
932.979248437 1072.62041757 1141.5080417
928.223851289 1058.88983996 1223.91281621
927.68374812 1039.51658859 1303.26746601
825.894544324 1057.69733034 1159.62133889
967.53546086 1089.66356799 1342.24679091
684.606229395 897.124073921 1096.18081794
827.434714228 889.826537151 1094.37525277
819.291932134 918.020190646 986.890249159
834.493715284 1400.27043562 1736.55550139
981.835391151 1521.11583692 1737.26456006
1275.66534099 1520.75626205 1736.87364313
956.320367234 1153.05188548 1435.13596205
1003.65611656 1177.51261426 1292.2085979
664.835864039 1201.48814658 1439.48138747
689.445787243 932.369581605 1162.20199299
684.156178554 863.763214691 1161.02689427
658.161497014 882.052678554 1161.29076329
646.92611306 762.144903728 887.750919918
707.945233953 854.120521994 991.944427934
704.298662497 773.500022106 991.372199247
978.78885455 1141.14217363 1262.59286985
973.486425932 1133.27553096 1254.36406221
1078.94732892 1178.03921191 1367.304082
557.00901513 1119.59692834 1301.99416785
399.347846419 1087.98305969 1297.69860647
705.141178846 1177.95197617 1299.084144
1113.22194701 1307.52780408 1457.7220118
1266.10644955 1355.58667239 1557.54856398
969.588730122 1256.93563457 1454.5977402
672.526763517 986.067345403 1109.99601013
674.0018424 1008.1717026 1249.35528594
675.182296644 1078.2482472 1248.39673787
1104.72776513 1136.78692136 1255.04246396
1004.17553948 1170.87034923 1402.37137787
961.928203728 1155.78179247 1397.71367959
1303.25606554 1440.71795204 1571.73703566
717.536199097 1351.39486413 1572.74573573
1155.35585359 1428.93189282 1572.67120475
809.254308873 1132.9764869 1405.55417167
647.270296098 1091.40767226 1404.13812426
651.835464738 1137.49084972 1404.10086445
827.533988518 1090.47471489 1241.63528359
539.636106496 1011.09396934 1250.20816849
689.760993627 1053.35030757 1385.11392975
1152.14056904 1436.61390188 1584.69565017
1004.1132287 1277.88244216 1583.51456017
1087.69671144 1372.68676731 1584.33127994
645.034757329 1029.20882992 1253.9667194
969.693757431 1088.59667435 1255.18544176
966.300702776 1134.17494068 1254.9070739
852.332098539 1188.18719393 1242.88918984
1065.38178388 1258.70748684 1430.1397423
535.606868715 1112.27578032 1428.77639222
818.643567433 1068.76346647 1278.98019201
822.656839292 1007.04658216 1132.95796286
830.549876868 1027.91513528 1278.53853457
1080.79228572 1251.67715245 1295.3302167
789.155326463 1187.03099137 1294.6814582
931.23202706 1198.82166735 1294.98109394
510.572613479 973.813165375 1413.89846601
704.787573567 1128.9198603 1590.62251445
69.9698680681 964.621069771 1590.03081209
968.84369836 1162.27638448 1312.74063122
1071.27731015 1240.81356652 1413.74381408
770.493776948 1156.21221087 1310.85922483
1024.25166327 1258.31841242 1316.34664052
542.487237357 1091.75854008 1316.01200992
977.575983422 1138.89103841 1270.69646363
973.594994285 1359.04624133 1554.83196147
1126.33842965 1361.46381368 1548.07803371
978.08338989 1351.03624147 1547.45671447
848.516574309 1252.88339873 1420.43035078
1259.12789401 1397.65910531 1562.60957276
977.239859531 1263.43276413 1553.51606839
1004.31268011 1051.88756472 1157.69678568
969.649661559 1047.34318472 1156.90413753
825.511084263 995.589450551 1151.41598163
832.089704436 1177.18326968 1597.33941813
830.995511763 1089.08239243 1300.64512219
862.033129422 1114.39587087 1455.74988992
1233.31222391 1268.23023577 1281.73018004
1233.13133683 1299.86725364 1445.2152263
1092.90093379 1309.71606914 1449.08091382
574.768870255 864.052404761 982.309374477
685.358762268 913.831211878 1072.55119561
684.998771738 929.714147278 1164.76858157
823.87087413 1021.09893761 1267.84922823
854.932631643 1003.14858738 1123.57098935
827.736966338 1023.68984664 1268.7615168
267.174894211 816.468378762 1016.77062283
412.578316629 785.590243935 1014.77313423
406.585689686 887.150143481 1014.37431819
872.373907624 1151.82214374 1454.62140029
870.728384638 1151.61472518 1455.0600752
875.17654648 1178.81863105 1454.93517828
822.184041517 998.718347147 1118.16500517
679.592366668 908.365574412 1120.30931554
678.089097621 956.429266576 1120.23791615
707.615131846 876.626199822 994.0105648
697.349615445 849.04667844 991.898069075
709.045924907 844.674868056 991.204568421
815.281197092 1029.96060158 1272.62984961
773.240894495 1027.28207012 1275.99861508
962.736093767 1062.867564 1273.75143472
1018.11003196 1181.12301248 1305.84914558
970.56634161 1165.5546419 1305.91326786
1117.66431453 1184.07565418 1307.58838672
938.635357009 1138.4663987 1388.31943162
823.747717775 1151.10899706 1394.41178558
936.376932012 1163.3178088 1394.03106648
838.944509995 1055.74147458 1138.95702239
832.011753193 990.388231635 1139.54159785
968.073350371 1061.94416304 1140.76233155
783.094989217 1353.22167368 1564.08115938
473.033972791 1181.07421496 1563.2169673
779.429360594 1258.03373049 1699.99065444
361.949756103 712.860531119 1091.16979131
507.687242762 581.622137482 680.680465114
360.257181422 633.5785194 1091.1935698
1008.51005813 1264.12828219 1451.08840737
1155.3374655 1315.54614188 1451.6784698
947.042234697 1253.28320883 1597.64528564
927.710581057 1091.98652876 1288.34196769
773.591968374 1062.41014179 1287.70814124
930.43007636 1089.17193827 1282.6081653
852.544722657 1192.77954096 1407.21143905
1006.75235551 1223.38513945 1408.31000004
701.213797591 1042.45947217 1404.85316326
806.836384608 1111.1498511 1300.53455276
960.758874329 1241.85910665 1444.66887788
230.114472569 1057.36518666 1442.66709937
834.571996685 1059.00515641 1269.41217327
818.92871383 1053.46159008 1155.20120718
853.386140846 1005.44737772 1162.594733
1129.20639753 1409.614671 1464.82568356
980.561009922 1309.77525483 1462.10847085
976.636226012 1378.38235673 1596.77013153
963.802866334 1188.13911547 1411.25513854
822.660033194 1222.23532404 1410.41524539
822.044541564 1221.33793736 1413.09986103
702.346720486 895.391676195 966.220179768
410.690117937 896.809807079 990.422297136
521.364776504 834.004096948 1000.15335645
1161.57101468 1366.32587638 1604.76192812
972.126632364 1273.41546151 1458.62053491
1013.52026781 1301.06276868 1604.91386508
671.531448499 808.56240853 976.84080071
691.15932137 798.625991834 1121.19494894
675.66373012 856.879127004 982.556704402
683.474976929 1035.28216098 1447.32036224
836.245728316 1118.00404935 1593.47491716
691.309068457 1162.74289439 1591.88515455
673.270130593 1044.86831874 1416.64839917
673.11937754 1040.13614494 1269.8084715
818.138619458 1044.78282281 1270.05322179
1151.21894729 1183.4631036 1301.9133605
1119.84225718 1202.27520889 1435.24563441
851.03693879 1116.95488214 1301.09714374
1140.99786169 1262.80402892 1435.55868593
786.255031157 1195.03145059 1299.94928082
1105.01252187 1243.01194497 1299.00472508
682.945229066 886.094359645 1149.92550456
719.548565425 979.808845717 1160.47167483
676.688140678 906.941785863 1153.74402975
873.448751701 1098.08799611 1277.51973784
870.627957235 1141.94070065 1382.34167104
871.217458727 1121.9274557 1382.00086647
828.256685253 1059.09914311 1300.84902009
646.402705604 975.085615348 1300.86724442
476.3028988 914.465126998 1299.24137998
781.66111365 1051.16497845 1204.45780756
925.397381186 1035.5542259 1206.69638256
926.699896965 1104.26053045 1204.7545282
961.459954865 1070.76225736 1437.31659555
962.428124947 1095.69249664 1402.86471371
965.687914525 1113.95557324 1437.32310031
1121.82609025 1273.15645461 1401.28960109
1017.36758142 1265.75556079 1399.24989533
913.076353826 1267.9454804 1401.21032697
160.260387794 661.261029553 1082.75337154
511.195850838 655.634195513 935.359835594
-0.66509721757 606.851396179 819.3912788
325.322062027 1060.70950325 1442.1076677
149.173900453 831.797105834 1259.1936768
765.208897192 1114.86294194 1444.28647158
856.993451275 1036.04231382 1303.59202563
565.977546576 1162.99427787 1443.7418303
710.304802393 1045.69279644 1446.24842783
807.959349192 897.064833729 1003.28272566
653.704717041 827.28675152 958.334692689
806.242996321 844.243603303 996.786150871
815.704106602 992.942402175 1306.10167592
766.986226974 1013.81681348 1226.94598463
686.516074876 1128.55157063 1270.89210295
533.993261167 1048.22565468 1656.97717097
970.497605446 1363.48525557 1655.92124116
1115.54026696 1298.18942422 1655.07179235
928.259738023 985.957236668 1226.96914941
651.77563217 937.132461074 1078.23501878
656.139514687 966.563077074 1220.57482729
801.001086642 1194.44857274 1449.9989156
840.002571573 1209.33843489 1453.00359038
504.087629084 1221.52914442 1451.22818644
933.06135158 1194.77533869 1268.00580151
1081.20024654 1231.87446828 1268.53094105
1080.57566286 1231.66377362 1267.99314878
1116.29828028 1332.64571252 1571.81912323
983.592385041 1409.84821879 1572.47957924
1129.13201797 1437.48081911 1611.91156034
983.339590124 1226.6095318 1323.15412508
675.370071675 1243.59826172 1618.19138338
683.224207004 1176.64545563 1574.40478824
858.802705187 1112.45551516 1261.56468196
857.848877679 1111.70383137 1262.67275641
561.864912649 1089.05972249 1259.18284741
826.30980703 946.442013887 1003.45645516
927.071562208 1001.99724564 1146.79023733
856.002324323 1022.04025826 1148.06396235
663.065843939 1293.19260507 1592.24195849
1004.36828979 1363.9023076 1594.29662607
806.79736623 1334.15394848 1594.56045704
644.603868043 919.412645732 1108.67635608
380.569777354 842.037214573 1277.85655665
819.25872776 868.878855695 1143.80701359
968.932018128 1115.76268235 1262.02804138
970.100160265 1144.0263494 1259.61949114
1116.00667361 1226.59920242 1266.26825541
820.572078631 1135.93533457 1269.51538498
816.028431545 1165.50038907 1311.86919243
820.285484041 1176.13009648 1269.46067176
822.914142689 1183.11256584 1427.66556408
831.928407561 1136.04316247 1385.33293141
968.18166928 1190.36511065 1383.1414607
1174.73602813 1360.14170621 1597.61693949
1173.69190417 1363.82596573 1561.17791038
1173.51922304 1369.16645154 1559.91245661
1160.41381076 1222.35813073 1309.52419893
1113.53116258 1153.31203701 1204.54292395
1118.49310895 1153.34986738 1163.88308029
924.437295986 984.686658135 1254.13373198
636.661377625 966.581650251 1108.16857629
925.025366037 1046.31182834 1254.94068472
787.534741682 946.065244265 974.101396638
935.521633744 992.758596867 1249.70271464
821.515492245 1040.25229835 1119.15515584
814.286098636 995.228957351 1161.66492483
808.163227343 1049.22286805 1312.35227334
881.528780692 981.753399334 1026.76532392
670.759942017 873.743300703 1152.07679274
823.28517655 987.977037027 1306.85055999
716.756767701 900.084512697 1155.47665725
547.752513823 795.067599881 866.745290264
538.282854013 824.099209249 868.53445232
696.462638936 830.248954447 1003.02703336
405.459286343 803.777459519 1048.2892658
514.529229856 775.496375009 1014.02482758
368.848000002 729.412115608 1012.31383695
488.75329288 958.307955744 1081.63917279
639.330538627 947.204912789 1116.10206095
641.75768123 964.694362791 1116.21086263
1275.03876794 1459.99252505 1596.29776239
657.58894121 1457.67410248 1734.87574
796.194521163 1393.43518289 1733.53903602
427.542016772 796.441033795 1005.87462035
430.31612564 778.141852101 1005.08566682
574.469329579 737.543439899 996.748783161
615.970073822 865.23133463 1132.34181123
660.233772658 836.616587845 1280.72936505
618.931427305 813.678335842 916.91488609
804.44378438 1057.77434115 1271.95464111
605.823008096 975.309397963 1306.40492353
853.959685484 1000.05780852 1265.50454159
674.211413422 1089.48096446 1409.92948671
788.189094572 1089.69922355 1228.46847676
950.543297486 1131.89431425 1300.43969634
1103.30826872 1402.79955836 1552.73934665
1060.87680603 1282.53123964 1553.81826896
957.7824166 1431.61811487 1553.80528028
1120.19243957 1194.78354281 1271.94454624
925.551866748 1184.86579045 1410.71267691
928.368430948 1264.13062402 1580.25069037
704.052105439 982.617199874 1445.61245549
1003.32486795 1173.99927399 1447.74077904
719.55907763 1058.34950225 1150.18466428
1119.4145271 1258.80469416 1307.65651317
1112.01504892 1207.02224758 1301.61324777
1264.69499114 1288.37358084 1306.00506844
984.93307424 1123.11281672 1431.39441754
985.0469741 1136.36894229 1286.40498708
987.32834071 1195.71388671 1288.52342902
790.768110599 927.529704284 1150.83799919
645.174952939 842.85712374 978.936418596
525.535927763 870.714129856 985.828365851
870.386238001 1062.18358101 1155.89942265
866.099663836 1050.89852763 1297.15806765
510.560534406 989.532872222 1154.47068892
573.506482666 1154.38518376 1439.44765427
725.569206988 1258.88316155 1589.43417306
407.156272482 1033.43410857 1304.5136835
819.391219451 1027.43835259 1303.46226249
854.927532885 976.670914188 1153.64018377
670.69580198 1044.29304732 1301.75146537
969.243000563 1460.65289005 1568.30111555
1415.76090697 1577.21847098 1716.17805528
1263.93529588 1494.16250905 1601.37891822
474.878887353 911.356275377 1111.55510259
474.275139927 1072.6185047 1260.66371586
637.946056263 1005.62066081 1259.47917177
803.992003923 911.073592066 1010.42138805
683.316355497 875.36015109 1007.66687686
716.492916668 884.710657214 1009.96019588
798.2824992 1024.58986115 1262.37132638
934.168230972 1152.43296509 1405.21771937
830.088522996 1148.70291983 1406.34741395
851.770348618 1109.60650068 1305.0530104
504.558798342 1089.31829345 1457.68986281
848.471250039 1098.70425146 1307.62877237
638.248948918 1162.65560809 1438.47056873
638.425959082 1100.38770121 1546.15541069
631.457972455 1208.07519084 1436.38379483
715.465386793 942.655162931 1123.5276898
331.729460195 1115.01296731 1688.57908312
-0.604452668702 1161.57389757 1640.23953346
360.978251657 1150.38913699 1644.75648526
506.358958503 1132.69664861 1604.6332357
228.250384912 1011.0578444 1759.9657561
63.9992077311 1125.43733713 1647.55711432
472.109479387 1161.74391961 1690.91943191
657.287997799 1241.63804472 1603.65543645
423.69862931 1162.25174122 1565.32635514
609.619615275 1311.42314938 1763.49816318
1038.81697384 1376.09499972 1688.18270082
986.995664553 1349.67541585 1652.87509382
646.158177868 1158.27326701 1534.96615077
767.126336064 1393.59209182 1724.21724161
945.018398489 1240.85758069 1499.44469337
-18.9248863245 955.089179069 1713.14086293
484.794519767 1163.44216819 1577.05072312
913.871717157 1306.84310636 1577.64788432
397.380765356 1215.02356882 1686.7241053
122.966476631 1146.92483509 1603.27637426
759.150569062 1341.64537638 1741.5522982
704.49062479 1225.37396273 1607.56774621
210.922027411 1194.67079134 1778.38541836
641.535615398 1196.90417789 1681.62761763
1043.80528549 1314.73601647 1592.17820609
924.266521719 1502.30797998 1739.8105344
375.707289023 1247.7617445 1629.40125871
884.284650255 1357.29329567 1634.63767181
617.214693326 1100.08366004 1605.13191159
904.66805735 1201.56174968 1417.31375836
404.653650895 1164.79843009 1641.00566355
736.564375757 1287.65716028 1591.20862149
614.849252821 1329.0031285 1753.63940086
662.331580044 1319.24967707 1536.37252913
427.130558072 1245.04510812 1762.96405921
581.997268456 1120.70781407 1496.1076797
735.876086264 1360.30503098 1864.72879336
855.718675443 1351.06526882 1648.81138263
969.173015912 1420.99619153 1754.91445929
631.169430455 1334.49056967 1696.34369222
723.350476912 1332.65991618 1684.77831745
111.383887195 1131.93693633 1689.72920894
888.223560706 1268.0687868 1616.21986817
504.295753344 1210.41781543 1902.51343247
332.290197107 1154.99101494 1835.90600494
1.17139112159 1058.97839801 1614.03365192
959.743280132 1363.6748973 1788.50385741
450.49007906 1112.339281 1725.32835062
447.163784816 1272.72988023 1675.60598604
428.254694411 1111.80857829 1688.91530559
668.06140345 1218.38135424 1564.16825841
751.359958511 1296.38056735 1781.31948995
1127.54912264 1507.63973688 1792.60237422
1180.89780976 1468.65766164 1728.54493357
675.465072026 1275.65933188 1654.27434315
508.804996557 1123.34954522 1716.32225225
328.403076071 1203.42960482 1619.15628864
1115.55753158 1386.32852182 1601.21038565
905.135777447 1408.3190901 1683.99679943
979.515223969 1226.66325312 1578.00668705
821.471052396 1324.07419807 1721.44306317
671.734019428 1320.2941083 1717.93643766
843.059717623 1270.62140176 1658.24921766
538.231962626 1237.55508091 1670.70651652
619.686636395 1351.16709279 1671.94025793
413.880555639 1271.09778477 1569.65984316
812.121031083 1418.03424408 1680.54498039
500.307392909 1207.33906412 1684.33495993
1025.0010359 1435.5342523 1866.22569891
483.854496776 1257.34633031 1644.89140243
715.07275435 1202.14366299 1679.00432135
950.253185141 1397.42380207 1689.98248632
523.773388902 1293.46214452 1791.89178611
1017.87219791 1275.98856592 1564.53429973
539.520909031 1202.69118905 1549.86435365
770.991333357 1211.33553956 1540.56602331
865.362773579 1366.37613779 1675.2985201
258.250216787 1236.95461046 1750.03275507
244.743204069 1023.87655357 1690.01402518
1188.78433947 1486.13475478 1712.94619321
332.250993027 1289.66471578 1633.37645604
291.39210128 1126.34603133 1646.05141215
386.562247159 1093.017949 1609.8381695
699.354448146 1332.10998909 1688.3754549
555.185815933 1215.43876923 1609.71521221
595.771079318 1202.96806687 1631.38410627
359.771377499 1417.4457889 1800.1644258
956.020343143 1272.26578311 1597.96399917
267.065783843 1202.14414306 1762.75559274
157.092678875 1124.71364633 1664.1375799
457.470878109 1233.07849985 1671.61782657
7.55901513719 1185.88901755 1637.52740926
741.331126669 1308.10474795 1660.9171563
608.917601335 1190.14129414 1723.58596751
617.257192736 1374.14103297 1830.89570675
554.721022155 1226.2135602 1532.42172114
122.522381542 886.899617399 1687.86597759
908.76682933 1369.56690048 1783.91270914
670.455277284 1262.71857345 1681.64823952
919.719088899 1402.32902353 1663.98338998
112.685093711 1210.41098093 1668.81655516
490.041556793 1216.33994452 1615.33639685
705.409737496 1519.05443685 1896.46911284
789.675106161 1329.60967689 1651.83762677
911.508370616 1334.32580003 1674.11366776
377.567371523 1081.48795964 1628.13750271
142.656948818 1258.58041911 1748.66422091
697.111842551 1181.66654232 1518.28864135
1119.53398532 1494.80148724 1784.44910451
290.617398303 1210.57317143 1770.56455438
420.943977927 1155.25862466 1644.46133611
691.989527534 1317.15036472 1804.45532533
670.088512169 1194.13916929 1533.19110964
754.922203926 1298.63635787 1529.506657
492.610253198 1220.4063555 1610.47664427
325.722213805 1115.20995747 1608.62197905
802.341839305 1046.22218082 1426.98098386
920.429080876 1334.98280134 1606.60073731
763.976299499 1227.12735383 1668.3243375
502.811974923 1263.18905441 1652.12800718
596.354383393 1274.40203754 1580.10526266
801.603177152 1171.44483556 1668.00640859
736.060149351 1415.80124517 1793.96752061
474.780801548 1306.875024 1752.9562601
261.093954827 1214.54916148 1646.54620303
692.30240342 1198.08757422 1559.54192579
164.391678814 1222.29048402 1619.61035492
780.835083184 1379.5793999 1822.61529842
615.867239312 1268.08606699 1682.50476161
468.093862456 1234.93914334 1571.04479006
403.056875161 1291.52379864 1578.33907975
919.522404958 1364.65966914 1587.96906404
584.570273798 1286.44073937 1583.12322625
680.103342443 1042.05293603 1508.37090732
668.465472953 1308.47675938 1565.33019706
924.674765158 1347.88658899 1646.61317479
582.954606517 1372.98886933 1731.6279605
876.890826986 1292.44225592 1531.08180396
855.512017914 1381.50548903 1737.3066573
291.817060991 1201.16706547 1609.87950968
580.925403632 1272.18787417 1683.077876
906.244446936 1324.56746351 1697.69756496
885.882693774 1334.80948953 1664.55102987
1167.46625119 1375.71537101 1757.40096098
885.937855171 1408.53860099 1752.71264178
427.346638512 1358.67346626 1717.66661807
999.041802821 1426.59030717 1710.46488022
458.764065536 1306.53948172 1644.51353947
650.202864036 1252.53638555 1588.11437241
704.002691606 1248.97742283 1714.85449817
426.103817045 1220.18197378 1640.94240745
937.813220771 1415.72242697 1751.5058778
669.286701556 1248.07518061 1720.24780796
929.389331073 1250.51559408 1523.59818689
822.5672119 1382.39199957 1606.17458107
123.594881627 1060.387862 1637.35360277
888.218813666 1195.5336333 1538.25336804
765.858568793 1315.01077833 1606.78474473
1021.24770921 1414.04898876 1870.33921911
799.034659537 1308.18901625 1680.8370601
946.358480221 1347.27054587 1704.78544935
946.951282657 1285.237361 1530.19901551
724.801567458 1355.48493447 1608.15140314
877.363724661 1276.7776379 1683.65122974
797.127620805 1213.1008568 1609.38000783
986.916540692 1256.54703202 1573.08420061
1012.17091958 1324.83389257 1608.77232373
670.785262356 1122.14345363 1626.39412889
735.244621113 1151.56915264 1490.56908373
777.468404809 1233.99170139 1523.97896196
246.006155137 942.646148412 1478.77146533
1150.70850916 1321.45362254 1441.2900728
948.931495905 1410.27647332 1837.46782919
583.56509328 1014.49365559 1462.98956712
1015.09575408 1357.16718266 1605.39756044
602.74355122 1300.36557466 1599.80618988
701.360164988 1252.1502928 1646.71218121
789.862416109 1233.08005214 1549.05029717
460.415317865 1214.49144466 1647.73073338
811.815656587 1265.42993201 1753.05210404
740.93193797 1174.96794921 1578.55299741
558.987124543 1192.05413805 1565.95691768
688.435273555 1258.00812737 1644.02797532
664.207810774 1350.408295 1642.73803366
621.551679994 1326.85283528 1521.22932148
1036.26714838 1328.86407002 1571.54629029
571.090482061 1206.51336769 1562.0899403
1030.09779848 1369.03210992 1629.68416079
902.543586075 1269.90720834 1609.8490458
1018.23906276 1451.88955125 1649.57332405
866.646165437 1281.5533208 1611.78136279
632.421284302 1259.00849133 1725.58136902
817.708989863 1330.58779483 1637.90466084
1056.71864793 1427.65031873 1714.34125186
895.4653333 1317.21553456 1694.60487331
628.872789354 1058.85830732 1422.8825981
946.258738324 1302.39598452 1684.05135865
560.337683625 1247.17149421 1543.53746784
1018.47010118 1337.52693045 1525.39040622
1143.93350996 1406.55565744 1569.80920294
1131.00908642 1445.63185048 1562.83338843
735.195213732 1344.35509757 1725.26743913
1018.88093762 1431.72215866 1796.84735357
636.179582005 1353.73096817 1606.61274185
855.982199339 1276.84956141 1538.38220876
1010.94612202 1359.71561547 1711.68039756
825.454463033 1288.10626931 1684.75165306
1173.63666835 1436.34362528 1664.10900483
760.85165739 1350.47625786 1604.6561798
848.156333323 1322.12049018 1693.40096401
546.016618684 1282.54917821 1663.57010457
694.383617727 1305.9705915 1709.1306605
968.836474598 1335.77607454 1645.30097971
1268.42754652 1439.9460991 1648.20427564
1209.77336801 1485.12664456 1646.55787974
1183.40275111 1424.11286532 1803.33254639
1070.23566514 1470.89100803 1748.96587378
549.480356183 1284.55962852 1753.66403963
589.623160154 1289.72210168 1615.28395898
712.658220508 1406.89392409 1641.4045275
617.419192497 1347.15033827 1791.5409026
746.908681808 1315.87637235 1546.74319656
690.990260495 1243.54372002 1748.57134613
609.674456956 1116.77375052 1407.09781988
892.771188164 1311.69457305 1786.21746637
1114.93797465 1363.30963973 1640.03606721
1171.46424608 1502.51616706 1749.52128596
697.667065779 1330.8866172 1677.19048896
1151.4876301 1398.0284793 1549.41061049
1306.57520468 1475.86445115 1674.33161698
1265.82814576 1487.57324616 1753.38440026
1085.10232218 1377.15735736 1659.3063306
746.720715903 1318.05890273 1669.69123611
849.254927284 1347.73329252 1562.16374514
392.046257738 1269.7955973 1744.58570602
658.9516401 1274.80567231 1712.13609113
1197.1345848 1324.63519744 1479.78897961
981.034210853 1288.56965887 1641.05415667
1315.09302961 1461.98086291 1769.60034679
816.292891501 1317.86842562 1666.85047416
1218.88331739 1385.76878485 1632.94718162
1061.82379911 1397.38585381 1753.95385347
1106.43094903 1437.08216069 1670.02914536
646.793077341 1257.90669527 1581.74340601
968.788750741 1434.2789097 1678.27956083
1205.30595974 1445.06123864 1564.72390365
1035.14785654 1452.04565235 1710.20699865
956.821908491 1332.66540947 1609.64763625
867.553833491 1372.59930103 1720.15543151
1147.29324682 1417.83028989 1599.75495316
831.707334633 1448.57348753 1721.45655153
801.695064502 1266.54082389 1733.19767348
1148.70157329 1403.35619768 1592.03117315
1161.8285978 1426.09943579 1664.47854781
1108.35635372 1413.90306683 1696.68112021
943.265311518 1353.02768578 1697.56979305
1143.82765822 1413.73253039 1795.03978568
1133.56124111 1354.71989302 1598.91325746
1046.0184174 1418.89424546 1781.92431049
872.348417482 1439.2208381 1788.05363051
708.776659318 1344.46433212 1752.51605203
963.385108841 1489.47502555 1667.06836486
976.520259296 1478.10477388 1673.90403827
808.812835438 1353.08770433 1829.78345527
1177.65618004 1425.39562009 1643.90523892
967.092359924 1506.47991033 1784.8260633
180.645535809 1222.96692447 1663.56372061
908.238125791 1401.2281491 1677.84679092
924.599714283 1386.28783006 1745.28208199
1070.0334736 1360.02544229 1781.02304552
878.661705208 1447.70884076 1751.02415074
931.013337103 1328.9323507 1677.51993336
636.309445856 1389.32061274 1743.25352515
651.108521245 1268.29326008 1607.38796072
313.685679085 1185.54050163 1637.51628705
745.728563789 1386.48330539 1788.74468168
952.610991052 1387.85114668 1681.88222313
655.462078679 1293.19970842 1780.98647523
1014.92085695 1331.76750272 1597.38236662
829.3441453 1383.34638707 1616.38506941
914.068008427 1328.75542552 1639.18677999
901.388415278 1234.75105451 1602.70574037
58.2024999447 1328.08698412 1740.18609423
752.917692395 1383.7914936 1792.04588301
1103.33711098 1437.92669651 1747.59553653
1208.12819708 1483.71388352 1754.18561869
1003.13215408 1413.0584887 1741.02911341
1264.74611669 1491.08789112 1801.22382807
765.552692734 1398.28698024 1867.85308438
1144.12321684 1428.48827992 1820.0993511
1157.54637822 1474.56154828 1704.32424334
796.917588462 1365.89677269 1603.71704712
1162.0903336 1508.70595396 1763.67353326
1170.40664676 1439.00174538 1664.80033584
753.356132975 1341.38119194 1698.51619734
895.179831005 1345.21974431 1671.92296718
1147.65393116 1381.17655417 1600.41904935
926.329603838 1357.12156642 1859.09100647
1208.00395895 1477.10667574 1783.68945974
907.238876476 1303.92518887 1741.14111026
642.241729508 1265.20690758 1785.76256254
493.336757737 1126.69950115 1714.88899828
564.454587504 1270.73627063 1853.59572725
511.757338148 1247.70422746 1743.74968671
1111.14290997 1436.24946269 1704.66995968
571.441213807 1239.64795427 1557.69380281
750.338892832 1378.77682058 1663.75842853
932.17382062 1278.3131863 1687.77425582
569.296014471 1176.50653812 1734.56029748
544.214355821 1146.70360378 1689.70958309
817.360560063 1259.41872389 1668.30182187
667.095637617 1393.44108016 1591.10028844
837.741968485 1411.96894251 1678.93172383
