0.1972 0.22248 0.2662
0.1748 0.21192 0.2544
0.1788 0.22154 0.2626
0.1988 0.21624 0.2404
0.186 0.21236 0.2458
0.1896 0.21128 0.2304
0.1728 0.20296 0.2294
0.1874 0.20526 0.2512
0.1826 0.197 0.212
0.1786 0.20392 0.2326
0.1904 0.20982 0.2264
0.1938 0.20742 0.2232
0.1866 0.20568 0.2326
0.1886 0.20436 0.2218
0.1886 0.20034 0.2122
0.191 0.2024 0.2124
0.1862 0.20156 0.2142
0.185 0.20022 0.2456
0.1708 0.20026 0.2102
0.1868 0.20048 0.2258
0.189 0.20712 0.2334
0.1938 0.20708 0.2284
0.1858 0.19892 0.2158
0.1916 0.20278 0.22
0.1732 0.19288 0.2178
0.1818 0.19374 0.2076
0.1806 0.1981 0.2126
0.1812 0.19414 0.211
0.1776 0.18882 0.2062
0.1744 0.1854 0.2002
0.1816 0.19416 0.207
0.1728 0.19236 0.2048
0.1728 0.19396 0.2256
0.167 0.19608 0.2246
0.174 0.1941 0.2244
0.1842 0.1968 0.2112
0.1788 0.19108 0.2094
0.169 0.1951 0.206
0.1886 0.19704 0.2162
0.182 0.19548 0.2024
0.1796 0.19184 0.2152
0.1812 0.19348 0.207
0.1738 0.19018 0.2008
0.1714 0.19282 0.2142
0.1686 0.1909 0.2084
0.1744 0.18602 0.2028
0.1784 0.19606 0.2176
0.1766 0.1921 0.2044
0.1802 0.19984 0.2226
0.1756 0.19364 0.2046
0.179 0.19522 0.2272
0.1758 0.19088 0.2106
0.1708 0.18472 0.1916
0.1834 0.19262 0.2038
0.1732 0.19132 0.2086
0.172 0.18656 0.211
0.1698 0.18064 0.1934
0.1752 0.18616 0.1952
0.1646 0.18084 0.213
0.17 0.18412 0.1994
0.1712 0.17982 0.1886
0.171 0.18214 0.1952
0.1684 0.18728 0.2052
0.168 0.18694 0.2106
0.1608 0.17926 0.2116
0.168 0.18576 0.201
0.1628 0.17646 0.1934
0.1688 0.17716 0.1834
0.1584 0.17934 0.1926
0.1672 0.17856 0.1894
0.1618 0.17604 0.1898
0.1632 0.17574 0.196
0.1672 0.17528 0.186
0.1624 0.17658 0.1882
0.1688 0.18164 0.1896
0.1618 0.17274 0.1858
0.1678 0.18114 0.195
0.1686 0.18348 0.2046
0.1662 0.18296 0.1998
0.163 0.18032 0.1924
0.1648 0.1798 0.1912
0.1668 0.17698 0.1888
0.168 0.18268 0.1988
0.1676 0.18242 0.2048
0.1692 0.18302 0.194
0.1648 0.18286 0.2006
0.1666 0.17792 0.187
0.1538 0.18016 0.2144
0.1646 0.18826 0.2014
0.1608 0.17454 0.1976
0.1752 0.18416 0.1974
0.1544 0.17954 0.2164
0.169 0.179 0.1908
0.164 0.17978 0.2016
0.1584 0.17376 0.1948
0.173 0.17748 0.1822
0.1576 0.17824 0.2012
0.162 0.1767 0.1856
0.162 0.18114 0.2104
0.1626 0.17086 0.1838
0.1682 0.17752 0.1912
0.1546 0.17906 0.2004
0.1622 0.17302 0.1828
0.1622 0.17678 0.1924
0.165 0.17334 0.1892
0.1578 0.17672 0.1888
0.1626 0.18166 0.215
0.1558 0.17592 0.1938
0.169 0.17772 0.1898
0.1664 0.1784 0.1932
0.161 0.17186 0.178
0.1606 0.1713 0.1798
0.1682 0.17792 0.1872
0.1604 0.17078 0.186
0.161 0.1744 0.1904
0.1558 0.1726 0.1866
0.1554 0.17442 0.193
0.1528 0.17256 0.1952
0.1576 0.17222 0.2106
0.1498 0.1731 0.1854
0.1538 0.1651 0.177
0.1564 0.17126 0.187
0.163 0.17252 0.1828
0.158 0.1706 0.1804
0.1614 0.16944 0.1772
0.1638 0.17446 0.193
0.1588 0.1721 0.1876
0.1534 0.16732 0.1798
0.1568 0.1734 0.2046
0.154 0.16508 0.179
0.1604 0.17232 0.186
0.159 0.1686 0.1846
0.1516 0.1643 0.1712
0.1444 0.1643 0.1728
0.1578 0.16856 0.1738
0.152 0.16348 0.1764
0.1554 0.16276 0.1728
0.1532 0.16588 0.1772
0.1566 0.1683 0.1954
0.1574 0.16882 0.1884
0.1556 0.16372 0.1822
0.1556 0.1669 0.1854
0.1528 0.16308 0.1822
0.1592 0.16904 0.1792
0.1572 0.16924 0.1788
0.144 0.16926 0.1808
0.1594 0.16656 0.1796
0.155 0.16608 0.1824
0.1606 0.17244 0.1892
0.1594 0.16928 0.1858
0.1522 0.16098 0.1762
0.1506 0.16728 0.1778
0.1526 0.16142 0.1754
0.153 0.16272 0.1734
0.1536 0.16126 0.1714
0.1594 0.16638 0.1846
0.1462 0.1603 0.1714
0.15 0.16366 0.1776
0.1524 0.1654 0.1756
0.1502 0.1648 0.1778
0.1556 0.16296 0.1754
0.1564 0.1634 0.1758
0.1562 0.1669 0.183
0.148 0.16262 0.1768
0.1574 0.16804 0.181
0.1494 0.16652 0.175
0.1482 0.16414 0.1754
0.1534 0.16594 0.1836
0.1504 0.16286 0.1738
0.1486 0.16144 0.1836
0.1524 0.16484 0.1782
0.144 0.16294 0.1734
0.1562 0.1656 0.1844
0.147 0.16522 0.1854
0.1508 0.1608 0.17
0.1526 0.16156 0.1854
0.1544 0.16464 0.1728
0.1476 0.1668 0.2172
0.152 0.1619 0.1692
0.1506 0.15932 0.1672
0.148 0.16314 0.1756
0.15 0.16438 0.1808
0.1478 0.15932 0.1816
0.1504 0.16378 0.1768
0.1498 0.16434 0.173
0.159 0.1641 0.175
0.1578 0.16554 0.1794
0.1566 0.16632 0.1772
0.1516 0.16182 0.1784
0.1498 0.1644 0.1788
0.1504 0.16206 0.1758
0.1508 0.16628 0.1808
0.15 0.16384 0.1704
0.1528 0.16258 0.1738
0.1508 0.15836 0.1752
0.1438 0.15432 0.1732
0.1456 0.16012 0.1802
0.1528 0.16198 0.1742
0.1498 0.162 0.1824
0.153 0.16088 0.1648
0.1486 0.15782 0.1682
0.1392 0.15572 0.1674
0.146 0.15778 0.1646
0.1532 0.16166 0.1734
0.1516 0.15698 0.1694
0.1428 0.15494 0.169
0.1434 0.15544 0.164
0.1506 0.15768 0.169
0.1446 0.15744 0.1732
0.1522 0.16698 0.1942
0.1468 0.1593 0.1686
0.139 0.15976 0.175
0.149 0.16144 0.1766
0.1522 0.163 0.1732
0.141 0.16052 0.172
0.1444 0.16552 0.1998
0.1528 0.16336 0.1922
0.154 0.16488 0.1838
0.1516 0.16282 0.183
0.1488 0.15672 0.166
0.1484 0.15754 0.171
0.1504 0.15796 0.1712
0.1424 0.15074 0.1628
0.1442 0.1532 0.1628
0.147 0.15212 0.1606
0.148 0.15464 0.1694
0.1346 0.15128 0.1686
0.143 0.15316 0.166
0.1386 0.14756 0.1616
0.1374 0.15012 0.1642
0.1424 0.15266 0.1664
0.1312 0.14894 0.1642
0.1468 0.15162 0.1584
0.1442 0.15052 0.1588
0.144 0.15278 0.1634
0.1408 0.15036 0.1606
0.1436 0.1509 0.1592
0.146 0.15712 0.1728
0.1482 0.15744 0.1694
0.1394 0.15148 0.1632
0.1392 0.15048 0.1574
0.1414 0.15318 0.1632
0.1432 0.15098 0.1622
0.1454 0.15568 0.1624
0.1388 0.15128 0.1654
0.1452 0.15106 0.1576
0.137 0.1528 0.1684
0.1426 0.15434 0.1664
0.1442 0.15254 0.1626
0.1466 0.1546 0.1726
0.1436 0.15276 0.1728
0.1442 0.15774 0.1684
0.1394 0.15106 0.1652
0.1386 0.15112 0.1642
0.1414 0.15124 0.1618
0.1372 0.14808 0.1562
0.1466 0.15134 0.1582
0.1478 0.15338 0.1654
0.1428 0.1497 0.157
0.1468 0.15106 0.1586
0.1454 0.15376 0.1638
0.1394 0.14994 0.1576
0.1458 0.15538 0.1626
0.142 0.15234 0.1582
0.1402 0.1527 0.1604
0.1428 0.1535 0.1684
0.1454 0.15414 0.168
0.1474 0.158 0.1672
0.1476 0.15684 0.167
0.145 0.15334 0.1666
0.1474 0.15464 0.1612
0.1476 0.15138 0.1572
0.1402 0.15198 0.1664
0.1442 0.1562 0.1644
0.145 0.15736 0.1728
0.1476 0.15888 0.176
0.1468 0.15562 0.1638
0.1468 0.15936 0.1738
0.1418 0.1555 0.172
0.1516 0.1596 0.1732
0.1472 0.16144 0.174
0.146 0.15874 0.17
0.1482 0.15452 0.1632
0.1482 0.15584 0.1654
0.1464 0.1588 0.1778
0.1472 0.16198 0.179
0.1404 0.15706 0.1686
0.151 0.15582 0.1614
0.1534 0.15706 0.1634
0.1438 0.15682 0.1688
0.1436 0.1551 0.1642
0.1418 0.14976 0.177
0.1462 0.15548 0.1676
0.1422 0.15662 0.18
0.1458 0.15808 0.1674
0.1478 0.15518 0.1656
0.1458 0.1568 0.1712
0.1446 0.14888 0.155
0.145 0.15228 0.1646
0.1474 0.15546 0.1648
0.1478 0.15658 0.167
0.1442 0.15664 0.172
0.146 0.15824 0.1706
0.1414 0.1516 0.158
0.1446 0.15654 0.1744
0.1478 0.15252 0.161
0.14 0.15282 0.1612
0.143 0.15076 0.164
0.1446 0.15254 0.1588
0.1484 0.15482 0.1662
0.1394 0.15546 0.1694
0.1452 0.15396 0.1674
0.1448 0.15358 0.1596
0.145 0.15358 0.164
0.1478 0.15496 0.1634
0.1482 0.15418 0.1666
0.1454 0.15234 0.1646
0.1482 0.15598 0.1646
0.14 0.15332 0.1654
0.1488 0.15244 0.1606
0.1476 0.15546 0.164
0.1426 0.15598 0.1654
0.1436 0.15548 0.167
0.1442 0.15426 0.1682
0.149 0.15574 0.1612
0.1508 0.15672 0.163
0.1522 0.15976 0.1682
0.152 0.15738 0.1644
0.139 0.15742 0.1652
0.148 0.15582 0.1646
0.1424 0.15624 0.1664
0.1488 0.15962 0.1682
0.1472 0.1591 0.1676
0.1504 0.15724 0.1682
0.1544 0.16424 0.1738
0.1466 0.15618 0.163
0.1486 0.16014 0.1714
0.1416 0.15356 0.1722
0.1466 0.15622 0.1688
0.1444 0.15704 0.169
0.1486 0.15694 0.1678
0.1506 0.15916 0.1742
0.1494 0.15824 0.1666
0.1478 0.15956 0.2038
0.1408 0.15252 0.1618
0.143 0.15638 0.1806
0.1504 0.15796 0.1708
0.1466 0.1557 0.168
0.1442 0.15444 0.1646
0.1472 0.15422 0.1636
0.1398 0.14896 0.1578
0.147 0.15208 0.1582
0.144 0.15028 0.1584
0.1428 0.1526 0.1606
0.1382 0.14908 0.161
0.1444 0.15142 0.1632
0.1436 0.15258 0.1628
0.1462 0.15366 0.162
0.1418 0.15212 0.167
0.1486 0.15688 0.1644
0.145 0.15044 0.157
0.1454 0.15006 0.1574
0.139 0.15198 0.1722
0.1394 0.14998 0.1626
0.1402 0.14838 0.1544
0.143 0.15044 0.1562
0.1368 0.15042 0.1594
0.14 0.14742 0.1556
0.1376 0.14626 0.1518
0.1428 0.14954 0.1568
0.1402 0.14772 0.1526
0.1364 0.14792 0.1558
0.1384 0.146 0.1548
0.1444 0.15194 0.1596
0.1442 0.15068 0.1616
0.1342 0.15118 0.1564
0.1416 0.14798 0.1538
0.1388 0.1469 0.1506
0.1408 0.15176 0.1646
0.1402 0.14948 0.159
0.1446 0.15092 0.1606
0.1416 0.1521 0.1568
0.1406 0.1491 0.1562
0.1464 0.15262 0.1576
0.1458 0.14924 0.1542
0.1432 0.15138 0.158
0.1434 0.15316 0.1728
0.1394 0.15178 0.1626
0.144 0.14844 0.1546
0.1384 0.15276 0.1702
0.1392 0.14844 0.1578
0.1412 0.1496 0.161
0.1404 0.14674 0.1562
0.1414 0.14822 0.159
0.1354 0.14966 0.1598
0.1372 0.14794 0.161
0.1402 0.14744 0.1522
0.144 0.15066 0.1602
0.1384 0.15046 0.1632
0.1414 0.15248 0.1644
0.1472 0.15266 0.1602
0.1464 0.15344 0.1666
0.141 0.15024 0.1716
0.145 0.15292 0.1616
0.1412 0.14698 0.1566
0.1362 0.15074 0.1634
0.1332 0.14894 0.1558
0.141 0.15078 0.16
0.1448 0.14864 0.1542
0.1444 0.1499 0.155
0.1386 0.14788 0.154
0.146 0.1514 0.1576
0.137 0.14894 0.1636
0.142 0.15054 0.1614
0.143 0.15026 0.1594
0.1358 0.14956 0.1608
0.1418 0.1494 0.156
0.1408 0.14848 0.1604
0.1456 0.15006 0.1602
0.1352 0.1488 0.156
0.1408 0.14662 0.1506
0.142 0.15008 0.1616
0.141 0.1508 0.1604
0.1402 0.14852 0.1566
0.1372 0.1451 0.1562
0.1412 0.14774 0.1532
0.1374 0.14402 0.1548
0.137 0.1456 0.1536
0.135 0.14626 0.153
0.131 0.14556 0.1532
0.141 0.14904 0.1616
0.1382 0.14564 0.1542
0.1348 0.14682 0.159
0.1414 0.14726 0.1536
0.134 0.146 0.1706
0.1428 0.14978 0.1582
0.1374 0.14454 0.149
0.1448 0.15096 0.1584
0.1358 0.14788 0.1622
0.1388 0.15478 0.1662
0.1452 0.15104 0.1582
0.1468 0.1524 0.1662
0.1426 0.15408 0.1624
0.1446 0.15092 0.1676
0.1436 0.14844 0.1532
0.143 0.14892 0.157
0.1434 0.14856 0.1636
0.135 0.14724 0.1566
0.1426 0.15152 0.17
0.1454 0.1524 0.169
0.1464 0.1517 0.1624
0.1436 0.15074 0.1612
0.1382 0.15336 0.1624
0.1384 0.15392 0.1714
0.1402 0.15146 0.1652
0.1426 0.15122 0.1632
0.1422 0.14814 0.1574
0.1342 0.15144 0.1668
0.1358 0.1523 0.167
0.1316 0.14516 0.153
0.1342 0.14384 0.152
0.1362 0.14366 0.1532
0.1406 0.14624 0.151
0.139 0.14812 0.1606
0.1396 0.1455 0.1536
0.1378 0.14794 0.1568
0.144 0.14992 0.1582
0.142 0.14672 0.1514
0.1392 0.1537 0.1714
0.1448 0.15106 0.1604
0.1422 0.1513 0.1672
0.1416 0.14652 0.1528
0.1418 0.14944 0.1622
0.1422 0.1493 0.1584
0.1408 0.14828 0.1572
0.1458 0.15112 0.1572
0.1418 0.14708 0.156
0.1436 0.14902 0.159
0.137 0.14434 0.1508
0.1378 0.14548 0.1526
0.1396 0.14746 0.1632
0.145 0.1501 0.16
0.134 0.14252 0.1512
0.1406 0.14616 0.1508
0.1362 0.14646 0.1592
0.134 0.14536 0.1542
0.1406 0.14538 0.1496
0.1332 0.14622 0.1536
0.1348 0.14322 0.1482
0.1352 0.14692 0.1572
0.1398 0.14534 0.152
0.1398 0.1452 0.1542
0.138 0.14726 0.1538
0.1378 0.14748 0.163
0.1398 0.1436 0.1468
0.137 0.14702 0.1534
0.136 0.14398 0.1578
0.1342 0.14388 0.1552
0.1358 0.1454 0.1608
0.1346 0.14476 0.1566
0.1342 0.1438 0.1524
0.1278 0.14334 0.149
0.1332 0.14614 0.1576
0.1404 0.14796 0.1562
0.141 0.14662 0.151
0.138 0.14586 0.164
0.1402 0.1447 0.1486
0.135 0.14634 0.158
0.1364 0.14868 0.155
0.1388 0.14792 0.1568
0.1382 0.14412 0.1514
0.1408 0.14842 0.1718
0.137 0.14462 0.1494
0.1434 0.14766 0.1536
0.135 0.14442 0.1538
0.1346 0.14408 0.1504
0.1354 0.14464 0.1514
0.1384 0.14646 0.1624
0.1336 0.14556 0.1528
0.1394 0.1462 0.1536
0.141 0.14544 0.1518
0.14 0.14702 0.1556
0.1382 0.14662 0.1682
0.1412 0.14778 0.1568
0.1356 0.14344 0.1466
0.1356 0.14272 0.1534
0.1314 0.14528 0.1534
0.136 0.14426 0.1554
0.142 0.14702 0.1606
0.1388 0.14846 0.158
0.141 0.14676 0.1588
0.139 0.14866 0.1628
0.1372 0.14612 0.1514
0.1392 0.14686 0.1548
0.1398 0.1498 0.1614
0.1438 0.14792 0.1536
0.1424 0.15218 0.1658
0.1322 0.14706 0.154
0.1396 0.1501 0.1596
0.1428 0.15168 0.1594
0.142 0.1496 0.1586
0.1448 0.15428 0.1652
0.141 0.1518 0.1638
0.1412 0.15028 0.1662
0.146 0.15056 0.1554
0.1396 0.15442 0.1648
0.1446 0.15296 0.1618
0.1422 0.14726 0.1544
0.1376 0.14946 0.1592
0.1454 0.15616 0.173
0.1364 0.15008 0.1632
0.1398 0.15258 0.1588
0.1412 0.14694 0.154
0.1408 0.14912 0.158
0.1384 0.14756 0.1604
0.1436 0.14992 0.1536
0.1434 0.14976 0.1582
0.1456 0.15088 0.1602
0.138 0.14978 0.1652
0.142 0.1464 0.1588
0.141 0.14622 0.1524
0.1394 0.15452 0.1904
0.1404 0.14498 0.1532
0.14 0.14552 0.1532
0.1446 0.14872 0.1548
0.145 0.14848 0.1534
0.1404 0.14958 0.1636
0.1404 0.15068 0.1586
0.1414 0.15014 0.162
0.1428 0.14914 0.1554
0.1424 0.15116 0.1594
0.1432 0.15068 0.1634
0.1374 0.14916 0.1622
0.148 0.15268 0.1632
0.1406 0.14782 0.1574
0.1456 0.15244 0.1596
0.1426 0.14898 0.1558
0.145 0.15016 0.158
0.1376 0.14868 0.1552
0.14 0.15212 0.164
0.1452 0.14932 0.1542
0.1394 0.14952 0.1572
0.1386 0.14922 0.1592
0.1428 0.1501 0.1608
0.1394 0.14898 0.1598
0.1418 0.15106 0.1588
0.1416 0.15344 0.16
0.1416 0.14722 0.154
0.1436 0.15058 0.1592
0.1456 0.1544 0.1634
0.1356 0.15002 0.1608
0.1476 0.15362 0.162
0.1496 0.15486 0.162
0.148 0.15438 0.1628
0.1444 0.15444 0.161
0.1482 0.15356 0.1654
0.1474 0.15358 0.161
0.144 0.15274 0.1568
0.1482 0.1531 0.1578
0.149 0.15382 0.1614
0.1462 0.15558 0.1628
0.1414 0.15496 0.1652
0.1466 0.15358 0.1644
0.1422 0.14998 0.1544
0.1474 0.15186 0.1628
0.1494 0.15538 0.1636
0.1454 0.15134 0.1594
0.1456 0.14962 0.1532
0.1396 0.14886 0.1602
0.1454 0.1523 0.1592
0.1446 0.15048 0.1592
0.1474 0.15504 0.1646
0.1384 0.14944 0.1552
0.1464 0.14992 0.1568
0.1386 0.14826 0.156
0.1424 0.15018 0.1572
0.1452 0.14966 0.1538
0.1476 0.15206 0.1616
0.143 0.15142 0.1614
0.1466 0.15334 0.1638
0.141 0.1522 0.1578
0.1446 0.15108 0.1586
0.1446 0.1538 0.1636
0.1452 0.15182 0.1622
0.146 0.15312 0.1644
0.1392 0.14886 0.154
0.146 0.15086 0.157
0.141 0.1483 0.155
0.1494 0.15214 0.1612
0.1434 0.15278 0.1612
0.1456 0.15074 0.1576
0.1426 0.1509 0.1556
0.1424 0.14818 0.1564
0.1458 0.15084 0.1546
0.143 0.14944 0.1564
0.1438 0.15012 0.1552
0.1418 0.14868 0.1576
0.143 0.14696 0.1506
0.1428 0.14566 0.152
0.1392 0.14608 0.153
0.1402 0.14666 0.1594
0.1438 0.14872 0.1542
0.1418 0.1463 0.1502
0.142 0.14558 0.149
0.139 0.14544 0.1548
0.1438 0.14804 0.1514
0.1366 0.14704 0.1526
0.1448 0.14752 0.1538
0.1424 0.14778 0.1532
0.1432 0.14968 0.1546
0.1442 0.14846 0.1534
0.1438 0.14932 0.1574
0.1416 0.14772 0.1598
0.1424 0.14778 0.157
0.1442 0.14952 0.1566
0.1366 0.14424 0.1538
0.14 0.14732 0.1544
0.1386 0.14866 0.156
0.1332 0.14902 0.1566
0.141 0.14798 0.1604
0.141 0.14732 0.1508
0.1412 0.14706 0.158
0.1408 0.14802 0.1552
0.1372 0.15014 0.1624
0.1408 0.14932 0.1538
0.1404 0.146 0.1536
0.1368 0.14716 0.1556
0.144 0.1499 0.1616
0.1436 0.14988 0.1586
0.1418 0.14824 0.156
0.1416 0.14906 0.1532
0.145 0.14888 0.1546
0.1456 0.1495 0.1554
0.144 0.14976 0.1542
0.1458 0.15146 0.1588
0.1458 0.15228 0.1616
0.145 0.15232 0.157
0.1404 0.15326 0.1624
0.148 0.15214 0.156
0.1468 0.1517 0.1604
0.145 0.15106 0.1588
0.145 0.15286 0.162
0.1436 0.14808 0.1538
0.1426 0.15042 0.1578
0.1454 0.15292 0.1616
0.1422 0.14896 0.1598
0.142 0.14762 0.1534
0.1468 0.15024 0.1528
0.1438 0.151 0.1606
0.146 0.15082 0.157
0.1432 0.15004 0.1588
0.1422 0.15018 0.1564
0.143 0.1488 0.155
0.1426 0.14792 0.154
0.1458 0.15018 0.156
0.146 0.14952 0.1556
0.143 0.14778 0.1522
0.1456 0.15028 0.1554
0.1414 0.14698 0.1534
0.1408 0.14498 0.1486
0.14 0.14588 0.1506
0.1386 0.14686 0.154
0.1406 0.15014 0.1584
0.144 0.149 0.1582
0.143 0.1495 0.1566
0.1442 0.15014 0.156
0.1438 0.14874 0.1542
0.1414 0.14806 0.154
0.141 0.149 0.1538
0.1448 0.14826 0.1548
0.1394 0.1479 0.1528
0.1398 0.14828 0.1566
0.1446 0.14808 0.1532
0.1384 0.14594 0.151
0.1388 0.1472 0.1532
0.142 0.14906 0.1578
0.139 0.1443 0.1496
0.1414 0.1477 0.157
0.1416 0.14758 0.1504
0.1366 0.14696 0.153
0.1462 0.1488 0.1536
0.1396 0.14712 0.1546
0.143 0.1454 0.1476
0.1442 0.14794 0.1532
0.1424 0.14672 0.15
0.1406 0.14692 0.1518
0.139 0.14556 0.1538
0.1364 0.14354 0.1504
0.12968 0.140188 0.16912
0.12832 0.157116 0.20444
0.12684 0.15638 0.21764
0.13116 0.15246 0.17684
0.13192 0.14782 0.18528
0.13032 0.14268 0.15008
0.1322 0.151436 0.18856
0.12904 0.142648 0.16368
0.1426 0.155712 0.1628
0.13648 0.146744 0.16244
0.13272 0.148192 0.17004
0.13848 0.15846 0.17632
0.13072 0.150704 0.18208
0.14332 0.148212 0.16216
0.13112 0.156612 0.17752
0.141 0.163068 0.18628
0.131 0.166544 0.2414
0.13616 0.15524 0.17736
0.13624 0.151656 0.17184
0.13516 0.157044 0.17792
0.13212 0.157284 0.1754
0.13928 0.153616 0.178
0.15804 0.166144 0.17864
0.1424 0.16678 0.20376
0.13728 0.156884 0.18804
0.1324 0.149468 0.18172
0.14484 0.16792 0.21324
0.14388 0.160268 0.20648
0.13916 0.166144 0.19332
0.14212 0.16842 0.2436
0.13812 0.161908 0.2082
0.14136 0.161804 0.18636
0.14676 0.160324 0.18732
0.13272 0.156568 0.18168
0.133 0.150956 0.1818
0.13844 0.168988 0.219
0.14252 0.152252 0.1862
0.1278 0.155568 0.18752
0.14008 0.14944 0.16672
0.1344 0.146576 0.16448
0.13016 0.146848 0.16572
0.13892 0.155528 0.16852
0.1378 0.148636 0.16244
0.13356 0.144956 0.15492
0.12724 0.14796 0.17696
0.12624 0.144508 0.16172
0.13484 0.155136 0.18352
0.12304 0.153636 0.19764
0.126 0.148776 0.17908
0.13452 0.154012 0.17924
0.13604 0.154484 0.17884
0.13564 0.15018 0.16916
0.13384 0.157576 0.18684
0.14 0.15358 0.17892
0.13844 0.167732 0.20736
0.13564 0.144552 0.15864
0.13364 0.155304 0.17664
0.13416 0.150936 0.175
0.1354 0.157316 0.18728
0.13252 0.153096 0.19756
0.13624 0.146052 0.15564
0.13092 0.151716 0.18632
0.12848 0.154576 0.17436
0.1276 0.149828 0.16416
0.13828 0.153148 0.16968
0.131 0.151888 0.16192
0.13512 0.154632 0.17212
0.13352 0.153352 0.17772
0.13916 0.159748 0.18788
0.13836 0.152616 0.1856
0.14728 0.159416 0.19068
0.14096 0.152844 0.16956
0.14076 0.147744 0.1592
0.12332 0.146816 0.1786
0.13612 0.152836 0.18424
0.1326 0.152116 0.16684
