-1624.22655314 -1591.85516078 -1523.78032013
-1701.59492143 -1558.99418534 -1318.55879804
-1726.94436389 -1550.47860002 -981.61533353
-1602.28381313 -1288.69886325 -714.662493537
-1653.45509734 -1510.81554449 -1184.69929068
-1702.2108901 -1451.6502694 -670.810115929
-1602.98624744 -1170.49669688 -667.597082117
-1255.20967764 -920.333208062 -471.651039534
-1414.32452711 -958.169920193 -498.68960431
-1264.77132633 -704.005577747 -139.859562509
-1325.03975563 -763.824352511 -264.412519207
-1300.73847265 -783.957941356 -266.688405068
-895.456865432 -354.186544376 -26.0924050032
-941.83484157 -393.75391229 103.81452019
-1199.32866458 -363.900590862 93.9508302406
-838.50901031 -54.5335789492 317.041726013
-2193.96365088 -429.696881404 314.52746554
-924.055439164 -206.139282397 14.6040575159
-274.563232131 118.265652019 456.028615628
-2400.0898697 -161.526295983 352.415672843
-1130.00910088 -149.339480869 138.389928866
-1366.85272111 -99.9121829879 276.813259049
-2725.92435997 -183.984032243 344.628237219
-292.059060196 65.0257348785 326.451850532
-1357.13279781 46.5210742971 387.123929212
-17.7166070757 221.067479062 342.724563524
