-9032.27778751 -4746.87005117 -1699.11481778
-6961.90709334 -2263.24914243 -1689.47689805
-8955.93790784 -3320.06845936 -1746.61531869
-1830.16791321 -1733.08581641 -1650.09795834
-1767.35442076 -1722.53444238 -1673.18152434
-9946.53999365 -3272.73362242 -1719.79339019
-1782.62984044 -1695.66278464 -1619.53384869
-1841.64100449 -1717.73662427 -1674.61363291
-1736.18550482 -1690.43539754 -1635.16149955
-1744.28531085 -1691.43655186 -1654.59982708
-1753.83380406 -1700.39104128 -1641.5112735
-1777.62635679 -1708.90324601 -1659.02222558
-1747.6906656 -1679.57809935 -1648.90447546
-1714.50662674 -1678.92780799 -1644.3605213
-1708.11304038 -1674.40594733 -1637.3534062
-1725.24385844 -1679.35354679 -1636.06465692
-1704.69594156 -1663.79004633 -1627.71168841
-1741.98052123 -1660.37528038 -1635.9987378
-1692.12065343 -1661.43147301 -1615.92184543
-1761.09465597 -1684.37886339 -1635.66315315
-1714.77402781 -1679.20305231 -1644.89773299
-1678.85767584 -1658.87460479 -1634.85207381
-1701.34719046 -1674.22289569 -1637.34272643
-1694.12157722 -1665.89459552 -1631.30666369
-1710.96576872 -1669.93951952 -1627.04954924
-1689.50483076 -1660.68147468 -1619.47290171
-1694.93123449 -1654.85572392 -1627.99694665
-1702.72856702 -1663.38302079 -1633.66685125
-1702.39489342 -1659.58072095 -1614.24016693
-1699.2348042 -1664.6322339 -1636.10567058
-1714.53662198 -1676.26021634 -1648.3461145
-1728.58074724 -1660.43024652 -1594.96890991
-1726.47605556 -1671.98551031 -1650.54886227
-1668.46797809 -1643.60868527 -1608.11429609
-1694.42258564 -1658.57643719 -1622.28285918
-1710.83741354 -1659.92788578 -1627.34832524
-1714.10700777 -1663.02796612 -1622.16128333
-1690.32800103 -1655.59737177 -1606.3452294
-1704.81818793 -1659.97809654 -1631.53695223
-1699.73027681 -1660.27164947 -1632.10598817
-1708.12340537 -1639.29691372 -1603.51455122
-1672.35285933 -1655.62700603 -1627.61256458
-1669.35379733 -1643.4467381 -1611.18032774
-1696.11095549 -1654.44011356 -1621.06543044
-1662.15134663 -1643.11209543 -1628.33004611
-1705.13119448 -1651.71087149 -1623.49431056
-1677.07413053 -1642.72340252 -1615.86387081
-1719.01565792 -1668.9132775 -1638.94954457
-1676.63362338 -1636.7893765 -1599.68124429
-1706.55022564 -1655.81550924 -1592.29375811
-1672.32063993 -1648.11596824 -1614.04178982
-1695.87402221 -1654.63641761 -1624.63799852
-1673.71298493 -1644.68660317 -1608.48689504
-1675.59021735 -1643.77013016 -1614.1643572
-1686.93128004 -1645.28600621 -1613.46962296
-1663.53143777 -1636.21852142 -1615.45880521
-1706.05947672 -1647.4925577 -1604.76995563
-1691.06458409 -1642.86654302 -1605.75609556
-1728.95718834 -1645.06300845 -1579.29718136
-1710.98282361 -1644.17672983 -1593.65778425
-1674.78822959 -1645.38138667 -1608.21469269
-1728.62598817 -1646.52879007 -1614.96399776
-1645.32369623 -1629.40286827 -1606.28695211
-1659.34650076 -1618.4246528 -1582.37126021
-1699.45890802 -1648.84607961 -1625.08886179
-1670.35883954 -1645.30723634 -1611.84981552
-1662.15536471 -1636.32134349 -1613.41373473
-1703.98758096 -1640.4997974 -1585.57745926
-1660.88769586 -1633.75356359 -1608.42693578
-1669.6012603 -1643.97021964 -1620.93146534
-1666.3208869 -1624.69542248 -1583.11024801
-1675.44482887 -1634.48105302 -1573.6411156
-1700.6089156 -1666.09170128 -1626.63255517
-1671.23740154 -1643.62417332 -1609.17852526
-1670.4136673 -1638.87418068 -1606.932436
-1655.90954477 -1624.62358848 -1596.56248871
-1651.6498985 -1624.34570142 -1590.60357558
-1695.32962652 -1636.6844169 -1603.82617406
-1672.63371856 -1638.19521001 -1601.45709089
-1668.27320262 -1634.37604232 -1597.51214944
-1676.11536045 -1645.34558499 -1620.18495559
-1675.69615677 -1634.66859252 -1590.15029544
-1659.55304992 -1639.2283409 -1618.47462901
-1654.77050015 -1615.22301927 -1588.84943271
-1702.16794801 -1645.49241837 -1590.34424114
-1670.96200279 -1631.62792764 -1600.57405528
-1683.72277095 -1640.97821098 -1572.56086473
-1677.90737783 -1638.5831508 -1611.58625602
-1655.95647603 -1632.78889637 -1608.42699856
-1702.51834667 -1642.94685061 -1601.14700258
-1680.73522064 -1636.18955253 -1604.88529355
-1672.70176766 -1640.53971122 -1598.51258654
-1696.62534253 -1642.29693032 -1605.33159718
-1765.14048696 -1657.58767302 -1600.54380163
-1673.65686875 -1629.61795779 -1604.02389276
-1666.427263 -1626.69123021 -1588.3117846
-1657.55028447 -1634.80251142 -1613.02193051
-1682.1445504 -1633.84820756 -1601.52685786
-1656.25022426 -1634.81610442 -1614.47402536
-1711.05543639 -1636.35571567 -1599.71504551
-1691.73263861 -1636.08050292 -1612.09233645
-1674.29043213 -1640.87188647 -1588.12156536
-1690.01360879 -1632.61233849 -1604.29804489
-1686.7315195 -1633.06782376 -1613.24070315
-1682.03923673 -1638.38626525 -1616.35366426
-1662.20109771 -1632.15305241 -1593.62166161
-1652.14551866 -1630.93001471 -1603.64413269
-1684.02759941 -1636.8085597 -1603.03306276
-1653.38495293 -1633.4809936 -1608.29901982
-1664.39774194 -1646.84048759 -1625.08925808
-1672.02370619 -1637.83779332 -1608.69987148
-1674.02721088 -1638.20392371 -1606.55178466
-1649.92375851 -1633.83050387 -1616.58497405
-1659.31098363 -1624.01457405 -1584.42483818
-1664.96268897 -1625.58591531 -1595.67085373
-1633.90505695 -1615.01578112 -1584.71926903
-1651.88495514 -1626.04634417 -1565.25260904
-1644.13990125 -1621.31378435 -1590.47803469
-1689.03285904 -1634.48033165 -1593.102197
-1667.86922945 -1630.12985898 -1590.35800217
-1657.21528508 -1628.89330505 -1581.92345986
-1685.09908579 -1638.47818385 -1607.3175305
-1668.81675269 -1637.90795545 -1598.75427489
-1673.48547019 -1636.05894713 -1611.02197243
-1650.23888465 -1631.56673213 -1596.40658536
-1674.7006766 -1629.99740328 -1597.91561483
-3986.01627244 -1857.95718527 -1581.44233383
-1662.96579969 -1632.14947529 -1594.42365471
-1648.22642919 -1624.18999526 -1601.56859224
-1664.11192824 -1622.87011246 -1603.03433482
-1709.10993856 -1634.88616241 -1589.68376177
-1658.32584619 -1617.88493933 -1578.42929975
-1675.1592123 -1633.68153698 -1588.3201301
-1641.49700769 -1618.20144322 -1598.43356664
-1662.84383525 -1636.89224424 -1603.69677888
-1644.33750309 -1621.23867975 -1582.66922674
-1682.07754378 -1642.37109597 -1619.99864957
-1662.61909561 -1633.4193061 -1577.28631996
-1685.30599722 -1639.52636559 -1578.0787054
-1656.67630256 -1634.20851994 -1614.09327363
-1686.55144498 -1645.54649065 -1603.78276497
-1656.40125592 -1637.06108184 -1604.80460743
-1664.14135638 -1621.20811594 -1578.80376333
-1664.23774154 -1629.35140197 -1594.22288686
-1702.20628591 -1648.65985784 -1616.03974005
-1691.98426467 -1645.68172577 -1605.92704013
-1679.34556788 -1638.17779628 -1588.76779391
-8675.35497567 -2350.76334916 -1624.29856913
-1656.6937754 -1626.66314728 -1566.07916713
-1668.80770195 -1623.31092826 -1575.61628027
-1670.51028409 -1636.24343398 -1594.5279985
-6257.37594398 -2089.39668183 -1590.95106059
-1667.2396963 -1627.63009143 -1584.34403465
-1681.37764863 -1619.69835069 -1592.05105837
-1667.39279027 -1624.32269392 -1591.67210115
-10110.6265607 -2469.18704817 -1578.3649812
-1682.24562728 -1636.21103915 -1609.06836754
-1667.79234304 -1642.45218609 -1613.6424619
-1708.34662723 -1642.93058153 -1573.18881261
-1644.92085368 -1616.67003517 -1574.13096216
-8030.03563558 -2258.07201156 -1575.58583504
145.360925214 287.267923994 429.013995795
-343.212776016 14.5415461643 736.68948773
-1135.02198881 -211.321971089 203.186715775
-300.385860732 116.618844709 310.552832677
-40.2162447159 178.5510574 415.621402783
-68.0670875893 68.1239854249 257.656787447
-160.948058233 44.4301281905 231.304101411
-308.028372847 166.53359279 565.685103488
-216.961367847 94.293837427 372.951070942
-175.298934635 89.7722785305 386.309462922
-290.461452364 66.1331137491 218.318310236
-222.099181686 111.219319302 480.681495824
-268.285039406 85.7445748985 275.251813356
-164.535674025 65.0663817192 285.336356792
-653.178619535 -13.7183257015 307.807577845
-283.298048909 78.860440594 308.142752095
-403.601729219 -61.2745233713 203.722683536
-134.661044059 112.045579021 419.972918442
-146.021837357 87.4116510785 278.184715353
-177.517466244 82.545882572 285.937687311
-652.504276298 81.0702701114 292.232181343
-594.385655532 34.5678732052 327.827395084
-692.814326108 18.9774052624 524.869554035
-311.261790287 135.051770259 520.580072035
-184.034934448 158.979210771 444.815874499
-592.228576542 34.8324597 371.340874891
-196.574385945 -20.6582811403 185.11610976
-108.785116421 232.992075695 676.231843371
-161.380303413 128.745159757 298.760634954
-337.821806259 147.799107531 513.134188398
-870.652806908 16.9445040582 333.710318983
42.5619892534 205.091532837 379.333640342
-108.459002949 257.526341055 578.625394088
-240.410927403 210.099593032 497.039869832
-519.939126479 61.1521987188 316.797069123
-181.935627201 137.833425476 436.822328261
-155.803637252 226.18395496 589.687608995
-369.148399313 142.599408974 576.662479977
-394.99352178 66.0648746494 419.468803869
-58.389183585 225.389699278 556.592355877
-90.0864733031 100.531959663 379.360047994
-29.817601087 190.012123707 402.52130986
-297.304469975 22.2418804945 267.55858677
65.3252293418 224.108319388 552.281516905
-112.714018517 198.186009723 376.812185712
-79.5734366538 177.792713524 500.448733349
-465.65486698 168.315880684 426.271552422
-230.008467194 153.691312741 391.067068042
-160.723924608 225.251928606 462.710356597
-387.612562182 31.5172580272 487.072435192
-461.4021819 -26.5534836249 474.43028755
-191.77707971 67.9873819088 387.507056035
-187.018608984 163.511514046 451.246676715
37.7410463764 155.379156201 293.299544374
-567.904010789 99.0342278157 470.979539835
-81.3125895758 262.029530861 489.557689844
-112.977063859 185.280242022 388.634108014
23.8914417156 279.650517597 509.857010025
-170.261243071 149.283747418 348.387148176
-6.71978797176 183.794821656 456.036616487
-74.889431406 183.942173133 449.988010851
-153.853778916 112.519086524 379.216772561
-346.750196013 155.688649325 511.86197138
29.0501490341 175.055435193 377.471287694
-429.470455492 83.3620034141 301.203523264
-42.5880831812 265.758689178 637.734888151
46.2109630673 260.365580579 440.916185211
-156.08882289 159.018698744 521.471100822
-528.989613434 80.787399527 587.753718167
-143.930624209 236.807082863 526.459531591
-245.323439645 112.948633113 332.237947911
11.7071662737 233.778681113 384.317615839
-2.73208847994 226.394307451 705.092587942
-125.290611319 112.748901761 372.428953395
-137.889595277 220.462513312 561.115097492
-225.095640272 58.9018366657 450.531732942
-576.698721211 108.022499496 511.682452298
175.323791184 308.736683902 385.739354137
-180.796708614 116.386447902 279.287670345
83.3127404491 229.087937236 450.629512319
-124.031348448 168.204293198 448.208047307
33.0532128834 142.788861545 231.760487545
-113.138830895 133.441906705 461.24407003
-19.9499442202 188.265073879 438.533551867
-57.6107797388 196.163172547 412.121074248
-54.8025551959 154.362209675 334.730457465
-28.5385724298 187.914435615 427.309508236
-116.361395366 218.433446687 515.391653857
-289.185013596 204.132528279 434.748463474
-172.350815335 198.782619674 534.922158869
-22.1824758612 191.333995766 327.369517339
-186.63917426 148.034701349 432.192830869
-216.648456466 89.3443753869 283.219258459
-2.99144775267 163.866616754 397.044076135
-303.766391913 136.731672906 377.369866074
-13.8963901872 206.075386248 426.933766195
-149.524086778 191.08852691 470.503682314
-260.156835741 53.8623673455 327.732894631
-68.3419350263 185.143651473 399.906930511
-48.2778829073 117.905981075 302.543693198
-101.007894971 142.806993752 454.355678033
-43.9795868853 144.00287356 419.717424732
-32.7957576102 179.701905458 485.18176275
43.4298196823 203.948985232 383.368589273
-225.126681526 132.499047192 355.421142486
-296.502854854 109.504720688 293.021425632
5.94962417628 211.020214967 414.253832674
-349.026870618 144.355893049 393.525838932
-81.7253504976 152.39750059 456.297489309
-56.8625495468 163.097849565 381.358990032
-69.6619255644 199.557167106 597.951185887
-75.692153701 127.200448068 429.501183902
-72.3584840075 145.488911573 415.835690015
-66.3704377791 199.200913035 479.198465023
-378.114926196 109.001640925 311.231408468
-454.465009872 137.522577423 485.937638386
-36.1414450391 222.509137401 494.364081454
-226.991464779 156.79166228 437.826422051
87.7407815603 271.048851012 554.086855146
-444.726204176 183.194703412 422.878230458
-313.258235278 76.3813904826 502.918961945
-37.5917447494 208.798390108 502.031464362
-113.437574273 134.639393851 496.400618908
-67.458304025 162.68293546 417.397553018
-141.138311295 160.651938509 382.080543634
51.7751982162 170.476398857 387.924866258
120.611207897 220.980704645 322.104568186
40.023945728 225.988668023 382.293620271
-229.725727812 125.66918324 459.154920809
-157.142273149 129.295997792 408.679075936
-35.0456400028 168.188354668 431.141801029
-185.028714736 41.0655330322 466.978068548
-279.086476697 127.165498091 478.364116463
6.3543578735 234.432188041 437.271877737
-5.77352523705 237.39777896 434.254739114
31.778075562 247.554550732 416.086520203
31.0445580558 214.366152002 333.237672016
-98.9771653748 102.520336895 248.608426922
44.1691105811 278.150180249 474.47111832
-28.8604547806 165.598077763 317.769733222
-218.873827646 283.854145256 673.461684367
-119.1181647 168.28930352 408.949501319
-23.2130489738 206.00582552 402.483075945
-108.900152156 219.253844452 481.261121465
-178.112691499 249.512184501 674.831151552
-98.1994021364 200.679970052 425.741091177
-89.2257249707 249.986927735 404.330960977
-94.5901192493 169.431573926 563.238510458
-132.272850534 161.325985524 385.956959748
90.1055596939 284.592060333 540.182232949
-1.35344186059 230.015418898 500.152952069
-302.92567107 208.518703508 511.069542772
-221.010509191 84.6644237267 242.205505077
52.5461826823 231.115495765 455.333306013
46.1994199813 191.028411032 517.112886507
-80.4323091806 160.766559546 393.563836654
31.576770917 188.029808749 384.105223554
-23.1288214634 139.039827816 287.239711559
-77.8093996121 255.316104267 523.512041869
-58.9769568733 210.454982169 482.359536335
-176.150943831 239.392509912 508.847914355
-108.581431878 155.660445048 350.954879551
-10.5138352705 193.565699829 506.253126099
-138.501578295 144.510907452 457.299061952
-43.5708423217 180.741210588 390.396406065
-170.05349344 236.518796151 519.688307223
84.6073289812 234.652683811 420.361139245
