0.22536 0.242972 0.26036
0.23576 0.245888 0.2664
0.22632 0.239996 0.2552
0.23332 0.243 0.25664
0.21976 0.231396 0.2432
0.22592 0.234128 0.24544
0.21544 0.22762 0.23492
0.21804 0.232908 0.24788
0.22248 0.232312 0.244
0.22104 0.227784 0.23596
0.20944 0.2221 0.23348
0.22336 0.226136 0.23352
0.21952 0.225316 0.2356
0.21776 0.22426 0.2342
0.2186 0.222376 0.23196
0.21492 0.225048 0.23472
0.20836 0.22252 0.23344
0.21412 0.222592 0.24084
0.20956 0.215188 0.22584
0.20156 0.218076 0.22748
0.21352 0.22048 0.22556
0.20956 0.21566 0.22284
0.2052 0.20982 0.21724
0.20472 0.212804 0.22316
0.2004 0.210404 0.2178
0.19872 0.2097 0.22424
0.20464 0.210932 0.22392
0.19832 0.208164 0.2244
0.20272 0.206412 0.21048
0.19672 0.2041 0.21916
0.1992 0.2052 0.20952
0.19672 0.20658 0.21988
0.18928 0.206628 0.22492
0.19332 0.200384 0.2078
0.195 0.20018 0.20572
0.19412 0.203348 0.2122
0.19228 0.19874 0.21388
0.188 0.196776 0.20728
0.18864 0.19884 0.20848
0.18652 0.194644 0.20544
0.18124 0.194184 0.20144
0.188 0.195848 0.2052
0.18348 0.19106 0.19748
0.18336 0.191796 0.20208
0.18528 0.19128 0.20236
0.18068 0.189924 0.19908
0.17356 0.186792 0.1924
0.18644 0.189364 0.19652
0.17164 0.184056 0.19524
0.17776 0.18528 0.19008
0.17724 0.18076 0.1854
0.16524 0.177068 0.19236
0.17008 0.178216 0.1888
0.17036 0.17776 0.18564
0.16732 0.1765 0.18604
0.16064 0.175108 0.18892
0.16448 0.174216 0.18112
0.1628 0.170176 0.17988
0.16216 0.169584 0.18172
0.1666 0.171468 0.18456
0.16128 0.168672 0.1762
0.16096 0.171416 0.18192
0.15892 0.168272 0.18268
0.15248 0.16512 0.17352
0.1574 0.165036 0.17048
0.15644 0.166476 0.17948
0.15064 0.161692 0.1706
0.15816 0.162428 0.16648
0.15984 0.165332 0.17452
0.1614 0.165568 0.1756
0.15512 0.163692 0.17392
0.15508 0.161584 0.17588
0.15888 0.167392 0.1778
0.15596 0.164536 0.18072
0.2336 0.242244 0.25536
0.22152 0.240064 0.2496
0.23016 0.240792 0.2482
0.22712 0.237348 0.24912
0.229 0.238888 0.2514
0.22696 0.23892 0.25376
0.22676 0.23374 0.2456
0.22012 0.232516 0.24148
0.22396 0.233436 0.24964
0.21996 0.230428 0.24256
0.22072 0.232356 0.25316
0.22548 0.235548 0.24444
0.21868 0.22696 0.2326
0.21372 0.223152 0.23688
0.2166 0.225352 0.23168
0.20584 0.218224 0.23656
0.21328 0.218584 0.22704
0.20836 0.223472 0.23156
0.21144 0.217008 0.22108
0.21204 0.219284 0.22704
0.21 0.219632 0.22684
0.20764 0.217152 0.23248
0.20268 0.215568 0.22368
0.21032 0.217604 0.22856
0.2056 0.21416 0.2234
0.20744 0.214736 0.22056
0.20264 0.213272 0.22716
0.20132 0.212236 0.21756
0.20336 0.20912 0.21596
0.2058 0.212308 0.21756
0.19948 0.208804 0.22616
0.19416 0.207524 0.21776
0.20084 0.212016 0.226
0.20076 0.207864 0.21924
0.20396 0.210496 0.21652
0.19804 0.21026 0.22296
0.19312 0.204916 0.21908
0.19044 0.20532 0.22008
0.19824 0.207548 0.216
0.1914 0.1994 0.20732
0.19668 0.203264 0.21436
0.19532 0.201016 0.21076
0.19488 0.202428 0.21816
0.19688 0.203968 0.21484
0.18816 0.198412 0.204
0.1892 0.198072 0.20588
0.195 0.19926 0.20428
0.19472 0.202244 0.2094
0.18936 0.200072 0.21144
0.1928 0.202148 0.21712
0.18992 0.198516 0.21024
0.1796 0.19402 0.20624
0.1808 0.196184 0.21304
0.18788 0.197692 0.20912
0.1822 0.193076 0.20912
0.18412 0.193396 0.2036
0.18204 0.189652 0.19396
0.173 0.188152 0.1984
0.1822 0.190104 0.20108
0.18 0.1854 0.1916
0.17816 0.182876 0.1912
0.17112 0.178856 0.18764
0.1778 0.181108 0.18412
0.16416 0.175568 0.19252
0.16912 0.174468 0.18324
0.16912 0.175672 0.18212
0.15968 0.174308 0.18224
0.16888 0.175756 0.18064
0.16744 0.173496 0.17936
0.1658 0.172828 0.17692
0.16608 0.174056 0.17964
0.1644 0.172112 0.18032
0.1662 0.175256 0.18468
0.1686 0.173308 0.17836
0.16336 0.173332 0.18776
0.16224 0.172 0.17764
0.16092 0.17436 0.18332
0.16364 0.173324 0.17924
0.16548 0.173636 0.18484
0.16172 0.170272 0.17988
0.1638 0.175224 0.1894
0.1536 0.169972 0.18152
0.163 0.171872 0.18164
0.15848 0.16888 0.17324
0.16728 0.17282 0.17796
0.16848 0.175728 0.19032
0.15612 0.168452 0.17744
0.16208 0.170192 0.17692
0.16052 0.1713 0.1838
0.16096 0.169908 0.1936
0.16532 0.176708 0.19192
0.15732 0.16888 0.17408
0.16512 0.172448 0.17932
0.16384 0.173472 0.1808
0.16764 0.17834 0.18764
0.17204 0.180304 0.19712
0.17224 0.177012 0.1882
0.16788 0.179564 0.18828
0.16112 0.175092 0.18548
0.17156 0.180016 0.18668
0.16792 0.17592 0.18572
0.16508 0.17784 0.18656
0.16188 0.173732 0.1834
0.16324 0.176544 0.18624
0.15924 0.176756 0.18828
0.15964 0.17968 0.18704
0.16772 0.178608 0.19428
0.16588 0.174616 0.18516
0.1678 0.179728 0.18948
0.17028 0.178852 0.19568
