0.59272 0.599272 0.6
0.6 0.6 0.6
0.26472 0.566356 0.6
0.28388 0.568388 0.6
0.16728 0.505348 0.6
0.45008 0.571376 0.6
0.14848 0.373296 0.6
0.14684 0.465416 0.6
0.3024 0.492704 0.6
0.16772 0.362948 0.6
0.15028 0.448032 0.6
0.13044 0.3711 0.6
0.15508 0.274824 0.55724
0.12364 0.240568 0.6
0.11604 0.218192 0.6
0.11732 0.238352 0.6
0.1138 0.255044 0.6
0.11432 0.210024 0.45392
0.10352 0.178792 0.51704
0.12532 0.159536 0.28376
0.10356 0.142396 0.2016
0.1126 0.137416 0.19616
0.10672 0.140184 0.1702
0.10776 0.152052 0.38932
0.10932 0.171332 0.6
0.10724 0.128384 0.15352
0.10304 0.121996 0.1508
0.08432 0.113156 0.14684
0.10684 0.122688 0.16124
0.0946 0.118744 0.14952
0.11536 0.145744 0.30148
0.10396 0.121924 0.15888
0.09432 0.11142 0.12752
0.11172 0.124132 0.14632
0.10064 0.117244 0.13004
0.10724 0.116248 0.12996
0.0918 0.113044 0.15784
0.10424 0.118996 0.14016
0.10156 0.11564 0.12688
0.1016 0.112332 0.12856
0.10292 0.113932 0.1244
0.09012 0.105824 0.12008
0.09664 0.114268 0.13856
0.09612 0.110444 0.1278
0.08804 0.106864 0.1152
0.0964 0.110812 0.12412
0.10232 0.107668 0.11816
0.09932 0.106896 0.12588
0.09848 0.10776 0.1188
0.09564 0.106824 0.119
0.10044 0.107856 0.12128
0.09864 0.108376 0.13756
0.09888 0.1035 0.11168
0.0874 0.099092 0.1122
0.0934 0.102344 0.1076
0.09392 0.102504 0.11384
0.09912 0.107176 0.122
0.09504 0.103696 0.11292
0.09284 0.103408 0.11604
0.086 0.1033 0.12368
0.089 0.101356 0.11304
0.08632 0.104744 0.11548
0.08868 0.10566 0.1444
0.0936 0.102524 0.12532
0.0912 0.100432 0.10768
0.08852 0.100676 0.11164
0.09588 0.101612 0.11004
0.09132 0.098688 0.10512
0.08328 0.095308 0.11184
0.08696 0.096792 0.10428
0.08672 0.09944 0.11764
0.08508 0.09888 0.11252
0.0876 0.102476 0.11968
0.09348 0.103464 0.12924
0.0926 0.102932 0.10884
0.09548 0.1168 0.25836
0.0944 0.10216 0.10764
0.09272 0.102356 0.1156
0.0902 0.102532 0.1178
0.08568 0.099028 0.106
0.09176 0.102832 0.13656
0.08648 0.116468 0.2686
0.0852 0.096884 0.10708
0.09084 0.100884 0.11512
0.08116 0.109136 0.1382
0.08672 0.098296 0.11212
0.08868 0.095892 0.1076
0.09096 0.097288 0.10348
0.08528 0.09494 0.10584
0.08024 0.097724 0.1218
0.08976 0.095884 0.10104
0.08552 0.094172 0.1014
0.09248 0.1037 0.1206
0.08712 0.097764 0.10684
0.08824 0.096072 0.10124
0.0868 0.097156 0.11
0.08308 0.09756 0.10628
0.08592 0.095284 0.10812
0.08924 0.097544 0.10216
0.091 0.097332 0.10308
0.0834 0.09512 0.12176
0.08628 0.148132 0.6
0.08976 0.104132 0.11996
0.09152 0.0985 0.1036
0.08516 0.101284 0.13728
0.08652 0.098272 0.10944
0.09384 0.105324 0.13664
0.08668 0.096596 0.10616
0.08412 0.097652 0.15464
0.08892 0.097472 0.1068
0.0898 0.100516 0.12768
0.08968 0.097924 0.10536
0.0838 0.095024 0.10236
0.08408 0.104772 0.20296
0.0876 0.100224 0.11088
0.0886 0.098744 0.11772
0.0828 0.096728 0.10696
0.07928 0.08876 0.09708
0.09128 0.100288 0.1146
0.08732 0.09866 0.11116
0.08152 0.092012 0.10292
0.08956 0.093576 0.10108
0.08524 0.091256 0.10084
0.08584 0.095264 0.10048
0.08504 0.091976 0.099
0.0922 0.095284 0.09724
0.08592 0.094204 0.09896
0.08924 0.094956 0.10008
0.08608 0.091652 0.0978
0.08876 0.093264 0.10352
0.08548 0.091424 0.10276
0.08136 0.092112 0.1002
0.07752 0.089876 0.09832
0.07848 0.090536 0.09608
0.07852 0.092404 0.10064
0.08784 0.097112 0.1042
0.08512 0.09482 0.10656
0.08604 0.094428 0.10676
0.08808 0.096104 0.10168
0.09152 0.097444 0.10244
0.08568 0.09696 0.10928
0.0808 0.092056 0.10808
0.09012 0.096152 0.10052
0.08732 0.094552 0.10112
0.09 0.095804 0.09972
0.08916 0.0969 0.10164
0.0862 0.094864 0.1006
0.08288 0.091908 0.09924
0.08172 0.092032 0.10956
0.08024 0.08856 0.10248
0.0846 0.089588 0.09472
0.08036 0.087488 0.09612
0.08176 0.0905 0.09704
0.0866 0.093368 0.0978
0.08648 0.090556 0.0954
0.08212 0.091864 0.1032
0.08996 0.096232 0.10532
0.08748 0.091392 0.09664
0.08556 0.091376 0.10168
0.08588 0.0949 0.10544
0.08016 0.092088 0.09908
0.08148 0.091904 0.10084
0.08128 0.092372 0.09832
0.08372 0.094828 0.09924
0.0898 0.096412 0.11888
0.09316 0.09814 0.11464
0.09184 0.096928 0.10412
0.0846 0.092508 0.10084
0.0886 0.096444 0.10312
