-1492.51131588 -791.122086499 -370.828840919
-1439.37137207 -617.241994528 -319.332340767
-1062.62097222 -574.044690219 -331.711589603
-788.216522839 -432.203976739 -239.26495116
-752.632200327 -421.909301459 -144.6655766
-1151.49855641 -488.257970094 -132.402248172
-350.383328062 -169.796738825 -38.2878495633
-593.177738376 -214.774444314 -15.4288102788
-486.242599012 -242.640439507 10.7799951852
-334.175670641 -111.455411804 143.668635416
-193.18536325 -26.9319446661 106.659740377
-301.289114834 -81.7470631806 46.1459350263
-120.948417373 34.2595269282 193.395501065
-166.811696661 28.3387003249 159.57553063
-175.821500929 74.9940929543 239.485685532
51.2426994373 161.254915036 238.842115894
-17.7649941611 130.121560986 227.4723008
43.7882886047 145.72589343 223.180689969
122.243751972 210.805442509 263.383835774
184.92172583 223.461701302 284.433921309
115.296914861 220.858619494 282.017692403
225.171408651 266.369879948 320.779532475
123.151013611 252.209019812 311.165765069
188.379311473 258.207264425 327.999452147
266.900384768 299.673935358 324.508068278
247.956597568 307.395732501 347.194133003
282.897279919 315.114742785 341.256280114
301.793916563 320.371128283 342.721420871
310.393034491 324.475475801 337.628509049
299.520492684 323.315713838 348.186366466
320.595187592 336.797379434 346.856365171
324.164666587 339.771016315 351.970494757
316.524918652 339.974695517 401.015196896
316.789410511 344.273626731 357.557639636
333.196092087 350.952683745 409.507300121
330.05176124 341.730717409 352.316232883
339.272481074 372.67658266 459.924725748
335.889199944 374.824479336 449.83488719
342.152951395 353.755387812 395.602424501
339.515557066 358.417897506 401.008393402
349.554283928 386.763307429 473.782809521
340.657998103 389.870017594 456.496978232
346.966081295 415.458659794 544.333600914
348.573398861 408.116634491 517.420519416
337.08174908 416.67182619 604.136210972
337.701132962 431.450392775 560.223176318
345.876682821 448.853311296 710.05890735
341.674593066 412.494874093 512.821479781
345.580863452 452.716215224 604.601235289
407.251792237 558.41897148 840.836257583
345.429721083 438.501035185 727.787330103
438.116768678 524.264323088 803.04554363
392.169607262 465.395686959 542.316689588
398.314358107 575.944011481 752.385254437
344.797209076 498.342776767 604.435035555
392.679027338 484.866470062 647.111995778
375.042781691 534.310580369 697.131097836
332.23022307 544.483107656 755.066911135
392.076864522 547.771689549 797.000737107
357.32751713 506.884969327 629.82624509
399.415836958 530.072873806 704.208014875
546.064834547 664.49796955 917.09675146
395.068071741 591.591050287 885.064239333
383.692129083 618.122356415 799.622740021
414.189135629 620.130578002 801.956949798
414.635238305 599.519830441 771.623781625
503.511973831 640.481575304 894.48309013
468.720121022 643.165107968 953.919071417
501.751689074 654.254820948 847.719485433
424.597493716 641.761059815 813.916869237
517.101415279 682.818311739 786.141683753
472.774282407 641.365690806 766.003856079
587.34244262 744.646988978 1121.31509962
301.199287536 616.310264302 843.378756339
426.673538067 685.833450483 1035.30067015
513.538980979 647.295554943 965.203055665
563.450334505 686.027751464 854.799356124
427.017038231 710.088481182 989.003421474
453.538777658 692.061685331 844.681209324
516.267039357 721.950779822 899.439570147
533.093197525 704.644727693 951.925515255
588.089062643 718.555646933 948.763502242
604.328144797 699.524856731 920.614083818
523.761205185 635.462817563 1049.30869303
456.077003074 677.977958372 828.281833417
523.066331251 795.670843786 1078.86313623
411.543185543 685.55246203 983.448302448
366.913702384 647.628980152 859.101638192
383.787138674 664.884258192 1061.73564299
591.047283874 761.933784215 999.289621052
500.580608072 721.463217994 917.243217481
534.86273239 783.098293761 1151.49628787
507.060592388 796.26054635 1071.03886079
378.747746168 673.995987316 843.016520986
650.879234799 773.958849523 963.364534387
449.349191755 659.774303942 811.385402455
523.711047106 697.301403092 919.60003405
523.153095451 682.420569064 803.996377123
678.717773732 772.243868085 951.111804749
512.767113801 723.666490561 1155.50677181
514.595867047 775.144585127 1054.20331176
557.507133633 754.68270679 1024.69229131
449.789478546 708.938129668 939.084968407
644.904793618 783.746986924 1010.49862431
413.825434109 701.729368813 915.633544813
478.806775742 733.844670576 976.709326864
563.840173729 740.694537412 979.637466245
646.793471465 803.307808894 959.182016556
526.338615364 721.570096609 904.026840693
540.460017181 703.632171514 890.727680164
533.840056926 706.479066495 856.127001271
430.825094034 714.015338454 1192.28775284
528.092754803 736.55784475 1083.21712326
459.866070112 719.836111671 1099.37844775
486.188654413 680.633957924 916.752019786
524.493436503 736.759791524 923.627603587
310.843966517 727.991043452 945.443500892
614.733368345 766.734674166 1006.42415672
585.665327846 715.025814977 893.839978683
472.472204006 735.381454092 888.581757129
472.446022546 726.771003819 951.248043305
497.77460816 712.520242299 1042.37191581
448.596451188 697.116587293 905.478355108
546.025292192 706.697197726 952.706914506
500.789052274 680.414023589 899.091011413
565.864623334 799.561497903 1086.82567124
387.028544585 735.257977557 1007.34412384
587.938203946 775.342231137 960.918652288
542.223935041 710.482085088 970.723632558
442.319493632 686.922740949 888.519539823
490.972287074 666.775082692 920.553431719
457.094922612 720.981182822 1001.17779809
624.867916515 776.929523896 1036.38836767
489.059033883 733.757469993 938.907109371
497.481278637 668.783062648 958.289215534
541.932006787 744.416633223 968.935966997
509.638656784 745.900346259 1006.713103
592.808365026 737.690885066 861.596176665
512.530438816 819.671986605 1241.68224535
630.053040333 744.757085623 976.145474426
560.073664232 747.973662796 1019.40931515
462.954429039 626.52483817 861.586008715
496.481188613 708.771184503 942.81791965
637.918675123 721.972252017 980.582932034
528.020553547 739.635022952 950.439767891
510.840141416 669.918704377 928.071082121
432.666145125 704.855717211 935.326064842
557.332734255 760.622332971 1044.32945023
387.547345533 609.958187732 845.812236193
619.073072761 729.159559257 863.387099563
528.14234363 740.961903549 1066.27019847
644.670852907 814.311104228 1061.0781053
540.634074041 741.247159616 1085.31884893
500.908189654 735.374433549 940.729784964
583.598926236 763.280127933 864.29791541
558.059987354 762.489603469 976.629508658
514.351976859 744.3718942 1071.47937665
489.95454636 712.767090777 930.274293286
570.847328147 726.174327619 915.04258749
520.197352344 708.172096975 859.886433893
518.218707152 736.582322464 949.089514821
537.430155041 671.515981595 918.812001198
463.5296265 781.868895648 1037.79666308
439.076320872 741.979543855 1029.87206097
449.137276757 701.060083761 1037.89314007
412.387904669 609.80097227 705.426017522
500.877350509 680.185372571 831.523792666
528.891801195 757.409192405 880.46614481
582.367716564 734.281629788 872.320747938
586.374153948 768.208890526 989.088265814
597.609069736 731.244691334 947.780048113
585.702904684 765.991924771 895.103697912
523.424161482 702.175783906 891.131439305
451.79480038 689.023224215 964.816550167
520.376944095 731.290094993 895.382105418
569.06823764 705.58825815 874.253267395
533.422205251 717.394601143 1075.07000673
417.820737933 732.418358139 903.811891161
542.206891262 735.195868368 837.864809431
486.331511779 715.413180844 988.237027924
553.570327251 719.720904587 856.05363959
571.613121343 671.426493224 853.843456477
487.551759169 683.325347495 999.471607327
564.210003068 758.419712113 1005.02562067
480.283691446 758.600494683 1042.55845338
513.388251952 784.510765271 1059.94004741
680.715527019 829.37816873 993.051004648
613.940331155 749.072720433 937.546581211
507.580293583 660.32329886 779.729716618
393.73780077 763.781120365 982.818059985
484.770774238 706.554951076 1136.90872793
570.358679551 753.454643407 935.567757809
515.356392509 694.639764952 816.926855317
539.295574831 732.410404492 1077.97666779
533.550625009 679.84570973 817.94654583
547.940502161 715.732468063 890.063153505
544.348266897 781.886634365 915.942613026
553.692725326 687.496650373 951.391370649
588.159711992 730.537752529 926.869884821
593.744821268 706.647501247 999.809329335
452.951350002 681.702277004 958.761361767
672.766453039 801.208755667 950.49280607
573.549603408 718.303981297 941.220277306
566.693841076 742.851009909 876.952118484
407.224007739 635.147251894 787.444263866
639.119665058 773.18703253 952.944696873
577.615938872 675.212505648 946.803979538
583.764912741 707.433858536 884.944969616
354.544575164 753.384105289 959.013166948
477.839466977 659.758976414 902.133803446
565.386574094 714.580446123 1053.84761748
499.467238389 650.935560321 784.026085323
531.965263855 706.215151186 835.143421273
433.484202709 726.009330677 857.681164341
519.567598293 717.795973479 1059.6037382
522.809292762 678.431039199 895.695744816
381.675789519 784.582789767 1114.43621173
567.547007826 740.352912468 947.647210609
451.237289239 736.359824171 981.953154447
526.497961662 673.705782867 903.430467277
571.557848431 706.108059843 835.969358805
538.959106695 777.023453351 1056.85422263
404.119033388 735.172830735 1124.58761288
437.919710939 655.116445073 922.18342934
511.711312774 793.092249177 1015.88024393
492.208828394 724.830937714 996.594467524
579.334320474 781.934043717 989.940795473
516.1219391 767.362108063 1144.90121659
412.678761965 647.255726682 1036.38639616
619.204585148 814.48370485 1070.48741261
562.191721756 793.832985828 1050.97593056
527.170116523 740.612059745 1048.25180028
504.794093556 800.187445296 1086.79983459
565.636032954 729.188249187 1070.23240686
527.47119093 737.146328013 1031.39696795
565.129871966 731.999639909 921.650546695
604.981479947 739.722673288 898.705579397
487.362006233 696.602715485 826.261316137
362.557498342 710.606469489 1008.92083869
532.709872943 716.672703748 873.22427186
572.688664739 759.029514432 1009.94810913
502.397505288 697.642733459 907.633739834
514.579825778 793.428178955 1098.77579807
668.417694514 820.144805452 1174.62410466
624.894179161 742.959040584 884.377592988
575.07671394 788.897916003 1002.03085771
520.455344301 781.057340371 1008.22100276
522.407264529 709.805992868 1102.94220356
429.349951962 806.305355295 1089.37654403
550.814847091 799.103790572 955.733982081
577.091815565 811.049690474 1033.10625558
580.664493559 774.802926992 998.297418787
535.468348561 733.013286801 970.886476762
511.148966591 687.804291452 928.025729297
604.613963304 725.095758778 947.46127155
452.849114238 737.218793222 916.795720057
371.158453612 697.980841993 865.484794142
547.831017467 709.167728699 825.935408922
527.129215902 710.263318446 898.896988669
490.566573582 719.735018676 980.150631653
634.173093062 833.375271577 1028.16295221
651.262572941 795.051009784 1083.77880805
496.579592149 768.533652466 1057.64445423
634.641370902 770.146566694 890.92973453
571.286196387 750.825810549 918.567833554
465.854392775 728.739304113 915.496240315
577.804015923 754.84892939 1051.94511184
431.708808179 698.652076205 1038.84002527
614.4752988 740.936690006 850.746186955
505.516292204 745.027144344 1028.50009199
500.768654086 795.087307575 1102.02718566
652.189640361 734.602132436 917.806161991
576.522569003 812.816684692 1216.93781569
462.50163484 731.15963457 957.493027828
588.52072756 763.736412278 1019.72509521
501.160335157 698.719036258 825.57566321
505.734560075 773.576076668 1115.31220698
563.860273084 782.839005356 1007.80993898
321.995987856 707.846697252 917.245041127
562.85798102 798.510733656 996.919062672
572.899874862 740.591123373 875.534163685
571.269318801 738.687681594 866.196492693
525.394454428 777.872677962 959.895214336
571.631561677 740.046822849 983.418151444
421.825119285 663.514626965 1004.47095083
525.292540462 727.089392603 1004.55128322
592.363469114 778.905913486 1054.36289464
618.839507618 746.99372198 849.34493322
545.12334247 687.248526958 929.552974422
557.640385234 769.458199402 1044.60187641
512.384629703 695.823432089 982.042296428
597.170776953 704.716722354 847.236218753
443.23484648 722.420514131 839.155780189
511.871139315 743.009583494 1039.22159926
673.711774432 758.32874328 899.787042215
566.557707438 718.861619333 893.142511806
558.40213025 792.271534625 1009.56022837
667.479952307 828.13741675 1051.85577712
548.335860829 777.269621572 949.208120315
519.954523054 750.353792378 888.668122998
550.272880119 732.694383748 916.566298935
595.41097773 772.89900279 1022.18982613
537.692399078 749.07806907 1021.68331021
586.257671907 753.025021222 896.746839354
549.977217645 703.253768909 886.580188376
676.616547077 801.646962609 993.89655757
667.397894766 826.161994882 1012.4808266
442.672596418 698.402296854 951.503024225
564.049785134 788.707291314 1259.62672089
473.911229706 723.252388397 1056.07211973
607.993776656 785.494565949 959.222494477
550.04313878 823.033263879 963.111031807
561.374181192 738.551130515 921.535582555
456.59045168 706.235730757 1009.65460432
560.485522524 799.400833051 1118.14120891
494.925795595 738.573956977 1011.36796346
539.415627214 712.994281011 872.494070125
526.644115475 740.23598001 988.906907406
625.261631101 801.94486098 1084.17018448
712.593742334 857.32283715 984.016927436
566.284209689 768.880026737 1001.36598836
453.243992856 735.820248929 1020.26942156
560.488239126 757.40698263 1109.52361668
506.931147562 755.627781626 1167.81769462
614.559014076 749.562366484 876.117181463
526.845981811 687.242282793 978.479771599
483.890673407 751.826959597 1004.10175321
560.10350556 796.809613875 1329.68629685
425.350509949 782.580141893 1107.71496961
694.587669088 816.898471252 1094.05862962
571.794179467 806.829517252 1081.50665409
443.518954116 701.228307832 1108.75692214
600.771180851 774.730846116 988.323773841
618.515693685 793.498003028 966.313668897
502.941339837 703.748123298 937.942960255
570.041252759 769.188386535 1007.12071147
675.866128862 834.435580084 1051.41245295
674.586560463 833.090007716 1094.94834444
506.740062111 736.438875129 1046.18289999
678.523916244 799.731532778 1019.90972543
605.706537916 755.449811944 858.554748581
467.784164411 804.636361191 1107.83376105
484.121901851 786.449021066 948.202018444
502.747918279 689.270299347 996.563599081
491.274296181 677.203462316 1027.43989305
555.230181837 776.238341436 942.581664766
572.911387409 787.684146281 927.368997927
573.420233164 773.988359692 1096.51314779
491.924794767 722.75907449 874.002115507
573.909005727 811.4221233 1011.14086088
581.167089253 746.651370942 897.997935826
574.993023711 806.964905286 938.955706887
633.745804049 810.422609693 983.596923579
531.490109624 728.496882804 951.716238471
529.979424155 770.026883403 1078.42159655
581.866257976 802.704670024 937.123709151
392.202512058 783.788585249 957.431346751
476.038481759 666.027386373 796.350446171
370.210498309 745.827167761 987.867532434
581.407092811 749.523476404 946.652480723
608.77866931 776.792461094 1094.8010581
667.42649475 841.494236505 996.197391288
507.583635116 751.152697983 1077.86387465
