0.09736 0.108796 0.13656
0.0962 0.103788 0.13516
0.09624 0.1029 0.11532
0.09508 0.099104 0.11168
0.093 0.098224 0.10368
0.09316 0.101844 0.13176
0.09104 0.093804 0.09656
0.09096 0.094836 0.10144
0.09092 0.095476 0.09908
0.08728 0.092916 0.09676
0.08744 0.09144 0.094
0.08956 0.092828 0.09632
0.08712 0.090144 0.09308
0.08644 0.089792 0.09396
0.08388 0.088648 0.09272
0.08336 0.086848 0.09068
0.084 0.087144 0.09064
0.08504 0.0871 0.08892
0.08392 0.0851 0.08824
0.08224 0.084984 0.08672
0.08084 0.08436 0.0882
0.0808 0.083184 0.08584
0.08012 0.083528 0.08784
0.07916 0.083108 0.08544
0.07896 0.08142 0.08252
0.07748 0.080672 0.0834
0.07808 0.080424 0.08272
0.07756 0.08002 0.08156
0.07524 0.079564 0.08168
0.07752 0.079804 0.08164
0.07644 0.078452 0.07956
0.0762 0.077836 0.079
0.0762 0.078228 0.0804
0.07568 0.077368 0.08032
0.07596 0.077228 0.0784
0.07572 0.077512 0.08008
0.0742 0.076604 0.0782
0.07508 0.076468 0.07832
0.07452 0.07634 0.07808
0.07376 0.076092 0.07812
0.07388 0.076144 0.07808
0.07392 0.075052 0.0756
0.07268 0.0751 0.07692
0.07364 0.074736 0.07604
0.07268 0.07452 0.07604
0.0722 0.074244 0.0752
0.07244 0.07418 0.07704
0.07248 0.074416 0.07744
0.07172 0.073532 0.0756
0.0722 0.073364 0.07496
0.07304 0.073864 0.07532
0.07216 0.072988 0.07416
0.0716 0.073016 0.07452
0.07108 0.072824 0.07392
0.07132 0.07298 0.0744
0.07176 0.073104 0.07428
0.07168 0.072392 0.07316
0.07132 0.072584 0.07392
0.07124 0.072696 0.07376
0.0714 0.072928 0.0744
0.07004 0.072408 0.07392
0.07072 0.071604 0.07344
0.07004 0.071864 0.07384
0.06868 0.070884 0.07268
0.07032 0.071472 0.07312
0.06864 0.07142 0.07352
0.0692 0.070572 0.07268
0.06948 0.070852 0.07216
0.06968 0.070584 0.07188
0.06736 0.070476 0.07192
0.06856 0.070532 0.07152
0.0696 0.070676 0.07272
0.06856 0.070104 0.0714
0.06964 0.070544 0.07328
0.0682 0.070012 0.0724
0.06836 0.069908 0.07152
0.06816 0.069916 0.07124
0.06804 0.070148 0.07148
0.06884 0.070096 0.07244
0.06808 0.069344 0.0718
0.0692 0.070248 0.07136
0.06848 0.069612 0.07052
0.06812 0.069324 0.07104
0.06568 0.069108 0.07032
0.06836 0.06982 0.07248
0.0682 0.069568 0.0708
0.06816 0.069296 0.07084
0.068 0.069556 0.07252
0.06744 0.06916 0.07224
0.0686 0.069572 0.07036
0.06712 0.068984 0.07084
0.06612 0.06876 0.07124
0.06788 0.068856 0.07052
0.06728 0.068972 0.07088
0.06792 0.069152 0.07148
0.06732 0.068876 0.07004
0.06724 0.068716 0.06996
0.06848 0.069768 0.07184
0.06628 0.068328 0.0698
0.06804 0.06938 0.07184
0.06844 0.06934 0.07228
0.06776 0.069048 0.07048
0.06752 0.069096 0.07104
0.06704 0.068868 0.07068
0.06712 0.069024 0.07068
0.06676 0.068328 0.0702
0.06656 0.068472 0.07092
0.06676 0.068144 0.07028
0.06708 0.068972 0.07068
0.06724 0.06828 0.07032
0.06552 0.067808 0.06988
0.06576 0.067616 0.07032
0.06724 0.068404 0.07176
0.06632 0.067704 0.06992
0.06692 0.068588 0.07072
0.06628 0.068312 0.071
0.06588 0.068096 0.07056
0.06736 0.06876 0.06988
0.06756 0.06868 0.06992
0.06636 0.067832 0.06924
0.06716 0.068524 0.06972
0.06676 0.068152 0.06924
0.06676 0.068232 0.06928
0.06664 0.068136 0.06956
0.06532 0.067096 0.06852
0.0664 0.068388 0.06988
0.06656 0.068396 0.07016
0.06648 0.068296 0.06984
0.06648 0.068408 0.07008
0.06752 0.06882 0.07004
0.06648 0.068552 0.06952
0.06656 0.068192 0.07004
0.06788 0.069124 0.07052
0.06692 0.068736 0.07092
0.0664 0.068648 0.07032
0.06772 0.068412 0.06964
0.06716 0.06866 0.07016
0.06728 0.068376 0.07064
0.06684 0.068284 0.06948
0.06736 0.068444 0.07008
0.06688 0.068264 0.07104
0.06732 0.068568 0.07156
0.06676 0.06794 0.06884
0.06748 0.06878 0.07004
0.06712 0.068176 0.0696
0.066 0.067664 0.06936
0.0662 0.067972 0.06928
0.06676 0.06774 0.069
0.0658 0.067952 0.07108
0.06656 0.067512 0.06848
0.0648 0.068128 0.06984
0.0666 0.068624 0.07036
0.066 0.068156 0.06896
0.06716 0.068412 0.07056
0.06632 0.068008 0.06936
0.067 0.068328 0.07072
0.06708 0.068536 0.07016
0.06712 0.06924 0.0712
0.0664 0.068584 0.07028
0.06668 0.068648 0.0698
0.06788 0.068984 0.06996
0.06768 0.06836 0.06924
0.0674 0.06896 0.07188
0.06688 0.068756 0.06984
0.06708 0.068804 0.07028
0.06712 0.068724 0.0698
0.0664 0.067536 0.06916
0.06708 0.068768 0.07176
0.06792 0.068644 0.07108
0.06812 0.068748 0.06992
0.0664 0.068352 0.06908
0.06728 0.068736 0.07036
0.067 0.068436 0.0704
0.06688 0.068784 0.07164
0.06716 0.068676 0.07156
0.0668 0.068476 0.07004
0.06732 0.068976 0.06996
0.06676 0.0685 0.0702
0.06832 0.068976 0.06992
0.06664 0.06884 0.07076
0.06812 0.068556 0.06952
0.06756 0.068932 0.07032
0.067 0.06838 0.07024
0.06672 0.06884 0.07
0.06712 0.069116 0.07064
0.06756 0.0681 0.06876
0.06728 0.069 0.07048
0.06636 0.0684 0.07076
0.06712 0.069012 0.07264
0.06724 0.068752 0.07084
0.06736 0.068932 0.07104
0.0664 0.068856 0.07164
0.0676 0.068408 0.06948
0.06584 0.068216 0.07036
0.06708 0.068468 0.06972
0.06732 0.068084 0.06972
0.0674 0.068224 0.0692
0.0662 0.068148 0.0696
0.06744 0.068684 0.07152
0.06724 0.068548 0.0694
0.06756 0.068816 0.07156
0.06772 0.068884 0.0712
0.06704 0.0685 0.06996
0.0662 0.068268 0.06992
0.06788 0.068792 0.0712
0.06656 0.068492 0.07056
0.06688 0.068288 0.0698
0.06652 0.068084 0.06924
0.06716 0.068516 0.07136
0.06724 0.068232 0.0696
0.06728 0.068204 0.06964
0.0664 0.06828 0.07076
0.06636 0.068524 0.07068
0.06712 0.068072 0.07004
0.06624 0.068368 0.07004
0.06584 0.068036 0.07048
0.06612 0.067996 0.0702
0.06732 0.068132 0.069
0.06556 0.06794 0.06932
0.06668 0.068052 0.06944
0.0668 0.068548 0.07096
0.06736 0.068616 0.07008
0.06708 0.068976 0.07164
0.0672 0.068584 0.07036
0.06688 0.068232 0.06952
0.0674 0.06874 0.07016
0.0666 0.068384 0.07068
0.06732 0.068612 0.07092
0.06776 0.06914 0.07164
0.06708 0.068416 0.07056
0.06664 0.068488 0.071
0.0664 0.06778 0.06864
0.06628 0.068084 0.0694
0.0666 0.068412 0.07076
0.06608 0.068264 0.0696
0.066 0.068176 0.07168
0.067 0.06798 0.06928
0.06664 0.068276 0.07088
0.06644 0.068448 0.071
0.06696 0.068368 0.07008
0.0676 0.068628 0.06992
0.0662 0.068236 0.07136
0.06668 0.068316 0.07104
0.06696 0.068016 0.07016
0.06696 0.06798 0.069
0.06744 0.068472 0.06924
0.06644 0.06816 0.06976
0.06688 0.068456 0.0706
0.06692 0.068076 0.06916
0.06664 0.067924 0.06968
0.06696 0.06792 0.06856
0.06632 0.068356 0.07
0.06596 0.067056 0.06912
0.06596 0.06802 0.07024
0.0666 0.06792 0.06892
0.06628 0.067764 0.0696
0.06664 0.067568 0.06896
0.06548 0.067364 0.06944
0.06652 0.068336 0.07032
0.06688 0.06806 0.06964
0.0668 0.068192 0.0716
0.06632 0.067844 0.06932
0.0662 0.067572 0.06988
0.06672 0.067688 0.06896
0.06644 0.067924 0.06912
0.06468 0.067508 0.06896
0.06612 0.067568 0.0692
0.06656 0.06768 0.06904
0.0664 0.067488 0.06856
0.0666 0.067696 0.06904
0.06604 0.066964 0.06792
0.06584 0.067212 0.06892
0.06564 0.066996 0.068
0.06664 0.067968 0.069
0.06656 0.067528 0.069
0.06668 0.067504 0.06936
0.06584 0.067284 0.0686
0.06588 0.0676 0.06904
0.06608 0.06766 0.0692
0.0664 0.067752 0.06932
0.0664 0.067612 0.0686
0.06616 0.067924 0.06916
0.06588 0.067188 0.06828
0.06584 0.067496 0.06904
0.06628 0.067236 0.0684
0.06692 0.067952 0.06888
0.06584 0.06752 0.06888
0.06628 0.067308 0.0682
0.06596 0.0677 0.07036
0.06528 0.067628 0.07016
0.06656 0.06752 0.06908
0.06568 0.066784 0.06808
0.06572 0.067152 0.06832
0.06556 0.067068 0.06868
0.06616 0.067372 0.0688
0.06628 0.067528 0.06888
0.06604 0.067284 0.06924
0.06608 0.067396 0.0686
0.06588 0.0677 0.06912
0.06572 0.067436 0.06828
0.06544 0.067268 0.06844
0.0658 0.067536 0.0694
0.066 0.067468 0.06872
0.06584 0.067436 0.06904
0.06632 0.067504 0.06812
0.06552 0.067772 0.06928
0.0662 0.067472 0.069
0.06608 0.067508 0.0694
0.06608 0.067388 0.06968
0.0656 0.0673 0.0686
0.06668 0.067468 0.06848
0.06568 0.06738 0.0688
0.06624 0.067132 0.06836
0.06536 0.067284 0.06892
0.06588 0.067192 0.06828
0.06676 0.067216 0.06808
0.06596 0.067404 0.068
0.06452 0.067108 0.06884
0.0656 0.067216 0.06812
0.06648 0.067296 0.06884
0.06656 0.067676 0.0692
0.0666 0.067708 0.06888
0.06608 0.067156 0.06852
0.06624 0.06768 0.06924
0.065 0.067392 0.06952
0.06528 0.067304 0.06948
0.06624 0.067372 0.06908
0.06504 0.067368 0.069
0.06588 0.06754 0.06884
0.06652 0.067456 0.06868
0.06576 0.066964 0.06848
0.06608 0.067512 0.06896
0.0666 0.067548 0.06832
0.06612 0.067524 0.06932
0.06648 0.067496 0.06912
0.06636 0.067468 0.06896
0.06668 0.068056 0.06904
0.06704 0.067816 0.06884
0.06724 0.068016 0.0696
0.06736 0.06788 0.06864
0.06664 0.067596 0.06936
0.0666 0.068068 0.071
0.06668 0.067892 0.06956
0.06648 0.067748 0.06896
0.06616 0.06784 0.07088
0.06664 0.067568 0.06868
0.06704 0.067884 0.069
0.0664 0.067996 0.06912
0.06644 0.067776 0.06864
0.0674 0.067924 0.0688
0.06716 0.067776 0.06864
0.06684 0.068196 0.06948
0.06672 0.068008 0.06908
0.06652 0.067588 0.06824
0.06628 0.067944 0.0706
0.0674 0.068452 0.0698
0.06644 0.06794 0.06968
0.06596 0.068272 0.0696
0.06652 0.06798 0.06924
0.06748 0.068028 0.06876
0.06564 0.067564 0.06952
0.06652 0.067844 0.069
0.066 0.0679 0.06952
