-12842.7151056 -12192.5194822 -11632.0851967
-13191.3007404 -12456.4788812 -11631.9882872
-13231.9097522 -12202.2703643 -11573.8921234
-12298.4064223 -11834.4373975 -11288.7127747
-12798.2584251 -12051.9427426 -11390.6741305
-12517.739889 -11822.7319218 -11420.2088441
-11754.6843758 -11388.083109 -11219.108512
-12243.872102 -11598.1064058 -11291.3349878
-11762.3965479 -11450.1570175 -11175.2595493
-11728.7047151 -11323.528014 -11137.4827674
-11603.7425285 -11348.2277409 -11038.113448
-11793.8244313 -11412.5491524 -11145.1689731
-11379.0726858 -10998.8528167 -10848.0278642
-11354.4626953 -11209.7282631 -11102.4826684
-11310.240796 -11172.2536513 -11012.5239041
-11210.6764335 -11056.2189047 -10874.1372245
-11113.2936575 -11012.3921182 -10879.537776
-11189.6955275 -11012.9872421 -10774.5744752
-11108.9918389 -10980.7332183 -10869.8661947
-11195.6106743 -11012.8755756 -10632.9288374
-11109.9393867 -10990.6546887 -10900.3093981
-11022.4961789 -10909.9562323 -10786.7915506
-11015.2876932 -10934.0059621 -10753.2278652
-11110.406622 -10950.2065135 -10842.7894847
-10902.4936699 -10757.8171126 -10575.1510791
-11106.7915976 -10920.9232544 -10696.185707
-11038.229658 -10827.5419919 -10569.3338401
-10944.7443402 -10821.3286362 -10630.6200309
-10940.2988374 -10835.9633851 -10741.5145016
-10930.5911996 -10796.5056946 -10656.331955
-11037.6229203 -10844.6999862 -10755.7552804
-10971.7739295 -10724.7942908 -10605.1053819
-10891.0483605 -10836.3344403 -10792.0171161
-10938.2388059 -10736.525179 -10414.4603005
-11050.8423457 -10819.8522495 -10518.6184314
-10885.0834083 -10769.3682272 -10674.3483505
-10974.9320312 -10779.1288188 -10538.8514548
-10957.1248626 -10765.1306267 -10413.209809
-10813.5885628 -10689.9555388 -10498.1896239
-10869.6821815 -10791.6101311 -10621.8262825
-10943.2518372 -10761.7700678 -10506.6172378
-10839.3161281 -10719.6696158 -10579.4187682
-10839.2352513 -10653.3751104 -10390.7339347
-10943.6500691 -10783.8710439 -10546.3434701
-10913.317018 -10734.7673454 -10604.2971213
-10875.3983745 -10663.5738392 -10565.433964
-10890.8363729 -10722.5788543 -10569.6643791
-10745.2331667 -10616.236226 -10511.0994585
-11215.5295564 -10653.8717267 -10428.9154965
-10893.9747657 -10580.8019112 -10354.1929918
-10828.8758852 -10616.1766602 -10468.2753459
-10775.3603578 -10651.008452 -10526.6041781
-10739.3579538 -10589.6412357 -10474.8163699
-10837.1016455 -10641.4737255 -10491.9216421
-10833.0863764 -10656.1570081 -10569.9404055
-10819.0234012 -10622.2419104 -10482.0398117
-10940.1721937 -10778.2155924 -10680.8973818
-10888.4356296 -10660.8080849 -10431.2322178
-10886.2180591 -10662.5808333 -10521.4058649
-10756.6547967 -10597.0993349 -10419.8638855
-10652.3898788 -10562.3410745 -10422.0969835
-10891.2973166 -10701.1408445 -10449.0536423
-10980.5638801 -10556.7040036 -10343.6969246
-10828.4927775 -10708.5208848 -10601.8577233
-10888.7517649 -10679.6824945 -10553.1840467
-10625.6234873 -10510.6261573 -10393.5175952
-10751.5235569 -10540.2105976 -10375.996107
-10733.818355 -10614.5714658 -10463.4320215
-10819.1997486 -10640.3539797 -10544.3624072
-10688.7698709 -10560.5262923 -10327.5488272
