0.372 0.48808 0.6
0.372 0.51736 0.6
0.3748 0.50608 0.6
0.3972 0.454 0.554
0.3632 0.45968 0.6
0.344 0.44776 0.5752
0.34 0.44656 0.5252
0.3548 0.43504 0.522
0.3608 0.45608 0.5532
0.3732 0.45644 0.568
0.4004 0.49688 0.6
0.3836 0.4706 0.5904
0.3768 0.46624 0.5488
0.3376 0.4832 0.6
0.3632 0.46412 0.5804
0.3796 0.47024 0.5508
0.3604 0.47728 0.5812
0.304 0.42796 0.5672
0.396 0.47844 0.5872
0.424 0.4758 0.5312
0.32 0.46972 0.53
0.4176 0.4998 0.5732
0.4328 0.49424 0.5792
0.4528 0.48808 0.524
0.3616 0.48364 0.6
0.414 0.49684 0.5972
0.396 0.4856 0.5424
0.4316 0.46244 0.5016
0.4224 0.494 0.5816
0.3904 0.46116 0.528
0.3992 0.50356 0.5876
0.3708 0.45764 0.5372
0.3408 0.48816 0.5792
0.47 0.54608 0.5892
0.454 0.50648 0.5832
0.4276 0.48896 0.572
0.4064 0.47896 0.5388
0.4044 0.48592 0.5536
0.3812 0.45652 0.5372
0.3612 0.4394 0.4956
0.3692 0.44544 0.5664
0.3904 0.4788 0.542
0.336 0.44668 0.5824
0.4196 0.46948 0.5732
0.3248 0.42608 0.5064
0.3548 0.43568 0.512
0.3708 0.4418 0.5376
0.3704 0.44016 0.484
0.3652 0.4514 0.542
0.398 0.46132 0.5176
0.4028 0.4688 0.5924
0.392 0.50468 0.5864
0.3768 0.47488 0.5512
0.388 0.49196 0.5872
0.4236 0.49928 0.59
0.3992 0.478 0.6
0.4472 0.5044 0.6
0.3764 0.44072 0.4696
0.4112 0.4706 0.506
0.366 0.45772 0.5436
0.4112 0.46984 0.5668
0.3832 0.44468 0.4932
0.4204 0.47408 0.5132
0.368 0.46196 0.5324
0.3676 0.45824 0.5096
0.4072 0.46636 0.5452
0.4024 0.4814 0.5508
0.4008 0.4742 0.532
0.426 0.48584 0.5808
0.3972 0.46656 0.5352
0.3804 0.46404 0.5264
0.37 0.456 0.522
0.4092 0.46092 0.5012
0.4008 0.45776 0.5224
0.3656 0.46264 0.5828
0.3652 0.45464 0.5112
0.382 0.4542 0.5328
0.3712 0.44152 0.5352
0.3436 0.465 0.5464
0.4376 0.5 0.5948
0.44 0.50456 0.5592
0.406 0.46216 0.4972
0.4 0.4884 0.5436
0.4156 0.47332 0.5468
0.4036 0.44532 0.4888
0.3912 0.43596 0.5188
0.3932 0.45356 0.5056
0.3696 0.4466 0.5348
0.4148 0.45424 0.5152
0.4304 0.465 0.5116
0.4136 0.48924 0.5972
0.4264 0.47144 0.5324
0.3556 0.44704 0.5484
0.3764 0.4322 0.4936
0.3828 0.4244 0.478
0.4032 0.45348 0.528
0.3532 0.42464 0.5032
0.3708 0.41992 0.4692
0.3596 0.44252 0.5544
0.3636 0.43488 0.504
0.38 0.42092 0.4732
0.3684 0.41512 0.4648
0.3332 0.396 0.4664
0.3544 0.41768 0.4536
0.3468 0.39892 0.486
0.304 0.39056 0.4416
0.38 0.42728 0.4844
0.36 0.4106 0.4804
0.3712 0.4054 0.456
0.3556 0.39548 0.4372
0.3832 0.41504 0.4808
0.3508 0.40036 0.4664
0.3476 0.413 0.4652
0.372 0.42096 0.4892
0.3988 0.4598 0.5008
0.3292 0.42084 0.498
0.378 0.43116 0.4812
0.39 0.41996 0.4484
0.3604 0.41892 0.4812
0.3604 0.42048 0.4732
0.368 0.43588 0.5304
0.33 0.39728 0.4604
0.3308 0.40664 0.47
0.3364 0.42084 0.49
0.3788 0.43736 0.5688
0.3696 0.42032 0.4916
0.3812 0.43588 0.4748
0.388 0.43132 0.4856
0.3724 0.43044 0.474
0.3516 0.4164 0.4612
0.4212 0.471 0.5716
0.3896 0.44272 0.4996
0.3732 0.43672 0.486
0.416 0.46608 0.4976
0.3744 0.42752 0.468
0.3208 0.448 0.498
0.4064 0.45808 0.5616
0.366 0.43124 0.4992
0.4104 0.45692 0.5196
0.3496 0.45224 0.5348
0.3692 0.43324 0.5224
0.4028 0.47128 0.5556
0.3904 0.4818 0.5252
0.4724 0.5128 0.5956
0.4064 0.49396 0.5728
0.3928 0.48516 0.5528
0.4336 0.50208 0.5804
0.378 0.4824 0.5992
0.4196 0.48192 0.5488
0.4132 0.48804 0.5588
0.392 0.47508 0.552
0.4388 0.4862 0.544
0.4196 0.48424 0.5332
0.3968 0.44648 0.53
0.4052 0.4594 0.498
0.41 0.473 0.5396
0.31 0.4268 0.5016
0.3976 0.4476 0.5764
0.3728 0.44504 0.5684
0.3736 0.43748 0.5076
0.4032 0.46464 0.532
0.3796 0.4558 0.5348
0.3936 0.44148 0.5216
0.3484 0.42728 0.4832
0.4528 0.478 0.5024
0.3996 0.44096 0.5048
0.3812 0.47484 0.5352
0.4016 0.4486 0.5528
0.4368 0.48012 0.52
0.418 0.4526 0.562
0.4084 0.47384 0.5272
0.3752 0.47244 0.6
0.376 0.47268 0.5396
0.4504 0.49792 0.5648
0.4452 0.50696 0.5924
0.3992 0.47008 0.5092
0.4088 0.46756 0.5816
0.4172 0.48832 0.5628
0.3988 0.47632 0.5816
0.4324 0.47752 0.5424
0.486 0.52412 0.576
0.4304 0.4904 0.5572
0.398 0.48628 0.5644
0.4244 0.49356 0.574
0.4236 0.48896 0.5476
0.4188 0.49144 0.56
0.4116 0.48036 0.5456
0.4116 0.4658 0.5608
0.4376 0.48744 0.5432
0.416 0.47708 0.5584
0.3848 0.46152 0.5648
0.4088 0.48416 0.534
0.4648 0.51684 0.584
0.4156 0.48596 0.5668
0.4556 0.48804 0.52
0.4644 0.52016 0.5528
0.4308 0.50152 0.5736
0.408 0.47688 0.5272
0.4664 0.51668 0.5764
0.472 0.50044 0.568
0.4136 0.46924 0.5604
0.4456 0.49096 0.5312
0.4752 0.54376 0.5984
0.4344 0.50204 0.5476
0.4436 0.47648 0.5092
0.4352 0.48876 0.5528
0.4284 0.48188 0.5452
0.4164 0.46148 0.53
0.418 0.47616 0.5068
0.4376 0.48368 0.5348
0.4228 0.4844 0.598
0.4248 0.4794 0.5384
0.4184 0.4646 0.5152
0.4056 0.47576 0.5264
0.4216 0.47632 0.5428
0.4212 0.46884 0.542
0.4164 0.45712 0.5324
0.4144 0.46036 0.5284
0.374 0.44584 0.4888
0.3908 0.43952 0.4816
0.4012 0.467 0.5244
0.3784 0.44068 0.4792
0.3752 0.45468 0.552
0.4032 0.4566 0.5152
0.4232 0.45948 0.492
0.3652 0.42976 0.5028
0.4044 0.43876 0.456
0.406 0.43164 0.4636
0.3928 0.42824 0.4908
0.3972 0.4386 0.5032
0.3872 0.42848 0.4632
0.3988 0.44012 0.4688
0.4196 0.45872 0.4996
0.334 0.4368 0.5144
0.3984 0.44316 0.5192
0.376 0.44216 0.4936
0.3856 0.45752 0.5052
0.3976 0.44164 0.486
0.3912 0.454 0.53
0.3812 0.44944 0.4736
0.4172 0.45124 0.5068
0.394 0.439 0.48
0.384 0.43164 0.5504
0.378 0.42264 0.4924
0.39 0.43396 0.4672
0.3996 0.45884 0.5236
0.3928 0.42736 0.4496
0.3752 0.41396 0.4752
0.3592 0.41992 0.4812
0.3588 0.395 0.4312
0.3796 0.4174 0.448
0.3424 0.40476 0.4456
0.376 0.4182 0.4524
0.3568 0.41728 0.5024
0.324 0.40448 0.4716
0.3616 0.41868 0.4828
0.384 0.41872 0.5076
0.3684 0.40764 0.4548
0.3524 0.40676 0.4436
0.3696 0.41812 0.4628
0.3732 0.39836 0.454
0.3808 0.41596 0.4464
0.3832 0.424 0.4892
0.348 0.4086 0.4608
0.3892 0.42388 0.4516
0.3824 0.40788 0.4496
0.3528 0.40288 0.442
0.3924 0.4272 0.4832
0.3852 0.41596 0.44
0.3876 0.41124 0.4512
0.3684 0.41316 0.488
0.3728 0.41828 0.484
0.3684 0.41916 0.4776
0.3824 0.42308 0.4528
0.3844 0.42696 0.4748
0.388 0.42468 0.4608
0.4 0.428 0.4676
0.3716 0.43372 0.4792
0.4048 0.43068 0.4708
0.3808 0.40832 0.4604
0.4036 0.4214 0.4512
0.3548 0.39944 0.4308
0.3584 0.41696 0.4996
0.3716 0.41376 0.464
0.3652 0.40988 0.4504
0.3428 0.39192 0.422
0.346 0.39708 0.4276
0.3824 0.41036 0.4688
0.3708 0.42224 0.4824
0.3864 0.41244 0.4588
0.394 0.42152 0.444
0.3952 0.41908 0.4652
0.38 0.4162 0.4784
0.3784 0.4202 0.45
0.384 0.42912 0.4936
0.3796 0.42936 0.472
0.3824 0.41348 0.4556
0.3924 0.42648 0.4624
0.3844 0.44036 0.4904
0.3872 0.41824 0.4684
0.4032 0.43912 0.4976
0.4024 0.4374 0.5168
0.4116 0.44708 0.512
0.3816 0.43672 0.4824
0.3792 0.4306 0.4628
0.3948 0.4412 0.4892
0.416 0.4376 0.4888
0.3656 0.43048 0.4928
0.4036 0.436 0.486
0.3644 0.39736 0.4472
0.336 0.40408 0.472
0.372 0.39356 0.4444
0.36 0.39428 0.454
0.358 0.39708 0.47
0.3512 0.4048 0.4472
0.352 0.39996 0.4476
0.3732 0.40704 0.4332
0.3556 0.38932 0.4384
0.3412 0.38504 0.4228
0.3512 0.38628 0.4252
0.348 0.37732 0.4164
0.3524 0.38956 0.418
0.3488 0.3866 0.4128
0.3248 0.368 0.4084
0.3456 0.38816 0.448
0.368 0.38832 0.4316
0.342 0.3904 0.4236
0.3516 0.4044 0.4448
0.3712 0.401 0.45
0.3676 0.42456 0.4704
0.362 0.40776 0.4676
0.3776 0.41444 0.446
0.3816 0.41664 0.4632
0.3952 0.43028 0.472
0.3668 0.4152 0.5304
0.3828 0.42132 0.474
0.342 0.41044 0.4912
0.3436 0.4072 0.4576
0.3608 0.419 0.4964
0.3716 0.4304 0.4856
0.3596 0.42588 0.4548
0.3856 0.42784 0.5004
0.3836 0.43568 0.4984
0.392 0.43796 0.4744
0.3952 0.43664 0.4676
0.3868 0.45148 0.5108
0.3448 0.4276 0.4916
0.4072 0.46328 0.5232
0.4156 0.47012 0.516
0.4384 0.47916 0.5364
0.432 0.48132 0.548
0.47 0.49272 0.5228
0.4636 0.50552 0.5588
0.4328 0.48552 0.552
0.4236 0.4946 0.6
0.4136 0.47452 0.5584
0.4296 0.46248 0.5312
0.4428 0.49816 0.5548
0.3972 0.4932 0.5664
0.4572 0.50456 0.5744
0.4376 0.49052 0.538
0.4256 0.48248 0.538
0.4224 0.47856 0.5272
