2277.93636577 2351.33794433 2390.8407979
2155.91393443 2340.28458475 2388.25546473
2063.10414756 2308.52076727 2389.26609801
2270.54157692 2327.5595129 2396.40785978
2275.871104 2339.14818856 2391.24088056
2282.07672173 2356.23279016 2401.09081826
2173.21866319 2296.04391109 2386.51322703
2222.2498666 2312.37038101 2393.8212785
2280.61030324 2340.96773617 2390.68473525
2114.0296923 2308.47612234 2394.15195401
2225.31368171 2317.88632742 2386.84774672
2279.63850411 2367.9831134 2393.67135008
2229.42664585 2314.04275192 2388.70712584
2057.47727641 2297.83908982 2396.70194761
2115.69267548 2287.09446019 2394.60189777
2062.79819921 2283.44759735 2396.52226922
2178.53590074 2321.29918476 2393.0907876
2227.55642712 2336.62276452 2392.54309871
2224.65246102 2343.77340203 2398.15033562
2222.45530555 2314.91369247 2395.62932727
2059.56808361 2325.08320991 2396.76405017
2173.67631377 2309.24213325 2397.2497251
2222.89773198 2297.20729929 2393.4026393
2229.18181595 2298.81424605 2339.80640081
2230.95919489 2325.7148495 2398.43320847
2115.63517932 2287.2014777 2394.06435926
2167.21392969 2314.71940091 2394.22424879
2119.2200508 2296.16787837 2390.53121318
2170.02837115 2330.6833983 2394.12428706
2168.83577525 2281.29094584 2390.39764102
2171.4201322 2318.85557685 2396.62737174
2120.36096861 2297.7239953 2396.3832002
2121.66780991 2313.90221082 2395.04673595
2227.04683071 2331.87594497 2395.52583182
2169.2789664 2325.78381087 2396.84425088
2118.50792244 2300.66417029 2388.83434124
2169.85087389 2342.45315388 2396.66219826
2169.49009197 2318.55619708 2390.31478706
2164.22456612 2289.91127251 2390.19590485
2174.18917582 2313.2347366 2390.84221889
2277.6038935 2331.84771889 2396.72123184
2124.915216 2312.66578114 2392.28885077
2279.48153704 2329.84403321 2391.37132472
2116.65186882 2307.85729767 2391.31320208
2225.76182209 2308.33170732 2341.30311963
2225.76450938 2310.27468279 2393.47814837
2177.26388622 2330.33076565 2394.0828276
2279.91760086 2336.32223489 2393.61651359
2114.72914265 2286.62475963 2395.88818954
2171.99549328 2315.49477002 2395.64899737
2112.87412853 2334.42156721 2395.57428879
2173.12019984 2318.30494389 2390.49061469
2224.09145727 2325.10395657 2398.43859983
2276.41844858 2342.46282748 2400.16583412
2225.34978935 2329.28854547 2396.60130202
2232.34348839 2321.01723426 2390.47930798
2174.13154008 2309.66659897 2394.56985757
2007.63899865 2265.99205165 2380.82981875
2232.11912346 2337.88586302 2394.92025928
2222.13606739 2309.09953561 2389.10807125
2235.56048537 2315.07502647 2389.87176355
2117.4881737 2297.35226355 2393.038474
2115.56702928 2286.63001557 2390.1852536
2274.12860815 2340.16043688 2394.94042767
2233.98746105 2341.97614422 2391.46794384
2220.98265742 2308.35182086 2393.45441295
2168.53534006 2287.78592137 2395.45970956
2281.43019606 2326.6019918 2390.17157508
2121.35827819 2252.82084727 2342.72451589
2269.89444782 2311.98220315 2392.48345798
2166.15669911 2340.4090214 2396.57171944
2226.72487012 2309.52071967 2391.31280481
2165.95002498 2275.39990816 2397.73531731
2275.97523 2330.17090139 2390.33682947
2229.87144194 2323.00737237 2393.5127859
2221.35927329 2353.361651 2396.88306603
2069.13864673 2288.24497109 2398.31211763
2224.66127248 2325.72077112 2397.07141792
2226.49417699 2308.08554982 2395.09361256
2282.2648748 2356.70165379 2395.6379934
2116.61987941 2296.67676466 2392.12419002
2279.43774586 2334.71620984 2389.32594803
2171.72595117 2288.88484423 2396.6364986
2226.50742878 2304.18059087 2400.50313616
2278.10020602 2350.48430331 2390.54699928
2218.27074685 2318.76693268 2393.11666206
2228.72650793 2321.16758376 2396.48672633
2326.28068657 2357.33456082 2392.37348857
2277.66309008 2357.16282203 2393.16748135
2120.46879883 2317.68204772 2391.96245163
2273.72534756 2351.27608592 2393.74925167
2113.6294118 2326.37994087 2394.23555097
2172.29801827 2355.47685532 2391.555573
2278.95469953 2358.66764985 2389.38317267
2270.89666364 2338.50239481 2387.791333
2231.66002245 2325.2436609 2392.58428516
2269.3004311 2337.22102371 2392.8734161
2262.41068793 2329.33310513 2388.50263473
2327.53085556 2371.25811477 2394.53541569
2275.40774914 2341.25475982 2400.80774412
2260.46112287 2320.63217465 2391.23087288
2224.20565083 2327.84788156 2391.18825142
2223.10105889 2318.98156155 2399.06486883
2220.08662466 2299.91692008 2387.23887493
2274.17705022 2338.45957835 2395.15050239
2275.27025226 2323.30527523 2393.3915072
2229.56800605 2330.12121961 2396.34154149
2220.67250007 2332.82841652 2392.07238733
2173.7961236 2334.43003081 2393.32930771
2225.81715351 2306.59541451 2392.11289142
2172.22925881 2318.07685648 2390.13162259
2275.05194619 2340.11858219 2396.31874101
2171.42135478 2329.92015517 2392.13511645
2279.83895291 2356.40327702 2391.71298709
2221.53142486 2323.86877201 2390.65240258
2286.87203519 2356.93200833 2394.74810615
2284.45954534 2342.05867934 2392.48969658
2225.9155307 2314.5059084 2392.48640637
2166.12831246 2313.66348298 2391.44944059
2273.20712538 2328.32519618 2386.86105244
2277.84793044 2354.34044471 2388.0443527
2225.34645868 2327.01227407 2390.19054884
2221.07963533 2310.31594293 2392.49340942
2232.55022149 2311.54798219 2394.7458726
2333.33752484 2372.2000089 2393.1213408
2223.87271837 2333.48460903 2390.51113334
2172.79230831 2312.99496391 2390.65517972
2280.50038881 2355.8060619 2388.2729352
2168.6512921 2318.38749231 2389.34243783
2334.72260724 2368.81733883 2393.41765021
2224.33614579 2322.27756823 2392.66640131
2224.93228063 2324.2311214 2392.41423963
2280.60361514 2334.47075069 2394.72223041
2172.48219997 2335.8809874 2393.74047154
2275.78268487 2356.17564923 2391.16566823
2280.90994182 2362.93966527 2393.14588549
2220.33279717 2334.00938451 2393.99649325
2169.9377607 2269.58322767 2340.91326657
2174.653528 2314.24279115 2390.46099687
2173.00350749 2318.10889789 2393.99441933
2177.24049966 2303.2061382 2394.33806418
2221.08709689 2307.93794318 2395.19994288
2172.37284695 2296.72777051 2394.64134286
2272.98457064 2345.3662069 2399.93997638
2166.7856676 2317.91509104 2392.36447503
2220.95413681 2324.48110507 2391.39300271
2114.65325796 2329.04299994 2394.28866825
2281.51483103 2352.38055312 2396.36309424
2230.03458462 2317.84709491 2385.18458956
2167.74141414 2311.88495058 2384.11442226
2113.56720491 2319.4260303 2391.12597105
2279.87903255 2342.48501625 2391.55867525
2277.92356215 2363.82668041 2396.9285921
2173.06600199 2279.54259271 2390.10828601
2224.54411984 2330.46295224 2395.38675523
2276.97804592 2340.80820298 2395.05134991
2168.69775919 2311.50347546 2389.95753437
2279.69265515 2341.6490837 2397.29861735
2067.77533563 2261.95793004 2387.1602516
2229.24953104 2304.14808826 2396.11280055
2171.10093756 2270.74762475 2387.06070056
2172.35282611 2314.91208884 2399.72935903
2228.38056573 2357.88030449 2395.27813734
2170.92095662 2292.46310838 2389.231725
2225.15098402 2306.36912888 2389.51457161
2229.05747595 2334.57550867 2390.44975938
2223.01499115 2318.93883548 2395.6084309
2062.85315708 2336.60067486 2397.00416647
2232.86921613 2336.32032089 2389.54981048
2171.80347669 2270.65767978 2388.82121339
2221.42716057 2324.71720875 2393.25353612
2117.25769591 2319.50400321 2394.8326914
2065.10676636 2319.31350716 2394.84457704
2223.18816998 2320.0082852 2391.80237027
2171.9971193 2326.0848826 2400.2715662
2167.8063913 2318.01241027 2395.4141109
2279.49913024 2344.76853325 2390.06251159
2226.56116074 2314.0260353 2391.49051338
2226.60691255 2319.28552596 2389.45943227
2284.76684874 2347.20169005 2395.63115412
2279.4941126 2346.66154124 2393.52694573
2281.6596378 2350.89788454 2393.21336759
2170.22635062 2291.56649226 2394.32015565
2224.5542204 2338.14509684 2390.0595824
2167.54515118 2307.1090071 2397.14153091
2284.34557112 2332.00875412 2391.68965891
2171.37728991 2330.99517209 2394.14820581
2226.05848999 2345.67702107 2392.4516761
2276.13149221 2334.55653017 2394.01720491
2224.35540683 2317.72200754 2382.70659234
2218.97120003 2351.14696366 2392.65703943
2168.12327474 2318.1986068 2396.07039833
2228.02364199 2313.05660683 2389.52957194
2275.74952994 2350.62920784 2390.83143738
2227.85472192 2345.49050433 2392.76091352
2229.39540009 2312.80094141 2388.65646129
2223.8138544 2328.75764494 2387.38632656
2167.59206132 2333.24453951 2392.74524673
2113.79999805 2343.61092149 2391.5705863
2220.22126579 2333.68712577 2395.37633109
2171.68272441 2299.87211657 2393.26460641
2273.47701698 2322.12422549 2392.59213585
2116.42106397 2302.3897649 2394.97627699
2274.09787722 2324.78144652 2390.13370543
2224.14136507 2314.91848023 2398.18419394
2271.47796265 2338.4696662 2391.48333266
2225.46252719 2342.46185551 2395.68360403
2225.74380077 2342.32135611 2394.33812363
2273.50179104 2349.56736896 2389.52636646
2218.47189959 2312.92531607 2391.38197378
2173.02612296 2301.9198794 2392.73831251
2227.36322623 2314.91956022 2390.06874447
2171.35739461 2332.30722055 2398.30333246
2175.6195631 2314.98492066 2394.88171751
2227.39093639 2325.07974303 2390.94934114
2278.17101642 2345.69130441 2394.32685793
2121.17512914 2260.0878993 2337.39292955
2230.18187153 2333.14862721 2395.73077554
2229.10790761 2312.50827512 2383.0014059
2219.85507969 2303.31913904 2396.28233701
2279.41449794 2330.13582334 2393.84017757
2222.19330147 2330.45765539 2393.65300388
2126.19812617 2299.50801348 2393.11729302
2167.20043311 2319.07327245 2393.61629187
2229.07530029 2309.32511798 2392.35886541
2276.05344187 2335.15209507 2387.44673229
2274.92783089 2346.4920948 2396.95927017
2225.24125473 2328.92928574 2392.35791736
2272.09914 2350.29223016 2391.92258484
2326.92019885 2347.72397836 2392.90540789
2278.40835035 2346.23597369 2393.83769735
2228.96481516 2328.31828525 2397.35410398
2225.17901212 2324.35240633 2395.20769834
2224.81232517 2340.6243897 2393.68841095
2280.04983424 2341.58003422 2393.9385619
2168.86428536 2327.71630661 2388.21047975
2173.24289747 2309.96819292 2398.15725077
2222.4930914 2317.50253037 2394.06258191
2280.9815705 2351.98974311 2392.3080909
2232.04573767 2314.29053925 2395.2350762
2117.25917887 2281.77816925 2337.68887825
2169.83558079 2302.55577388 2393.82634712
2170.51259221 2270.4397026 2339.41418141
2219.06218929 2302.78817635 2388.81986759
2012.93816667 2293.07852337 2391.49172083
2232.75191402 2332.54831613 2393.473753
2115.31433757 2310.96904697 2393.45736959
2114.71667353 2320.00204729 2395.06683951
2231.50260569 2340.02837668 2394.09206171
2170.60636496 2303.94430645 2394.50274357
2276.37931364 2330.3013262 2394.51350463
2169.36876124 2286.0148542 2386.29080631
2226.81790392 2305.82429918 2385.96224754
2232.86193601 2348.71368969 2396.64192477
2222.99889505 2302.23268827 2394.67635191
2278.82978488 2351.7561265 2390.18384902
2278.52571505 2336.04061998 2395.38669344
2226.89834519 2303.04210993 2393.20253722
2229.02198053 2345.5812391 2393.05417946
2219.43304924 2330.11965726 2392.29946161
2115.59509507 2307.8409718 2396.10952579
2166.15550755 2287.75424579 2395.50504008
2225.93394275 2344.68622928 2392.75682383
2167.52391455 2318.1109933 2393.76715775
2225.12320507 2324.12609767 2391.85907504
2170.56344609 2302.10761689 2393.98919095
2218.98208107 2291.30071606 2398.19804517
2224.76960476 2295.33716877 2392.35490302
2167.55511301 2286.36056912 2392.95315418
2280.35396024 2325.6433886 2393.68342166
2173.06936345 2307.17669614 2394.2403798
2222.53912554 2306.85642912 2391.18997487
2218.32392326 2322.59473618 2389.34056281
2278.33841613 2351.2249656 2389.96606617
2223.75881367 2356.77171802 2395.53541466
2283.17959098 2340.4669652 2389.51679788
2171.56883735 2307.87472479 2391.1165696
2110.07505145 2301.73208437 2393.53148263
2278.71953331 2346.25372566 2393.72633775
2228.50370743 2331.19170695 2392.64931359
2112.8984908 2334.82406491 2392.39777902
2225.66039321 2350.73864562 2394.41114791
2273.01119649 2333.40710538 2391.25642443
2281.07070532 2355.76077619 2396.41311813
2281.8140069 2363.60581919 2394.16206706
2170.32942242 2329.87287618 2394.62464203
2228.18515675 2341.66101628 2396.29335314
2277.23987526 2346.95135127 2395.84802623
2218.82200913 2324.83277477 2394.04388774
2223.39138959 2307.98195072 2390.8898752
2275.83967066 2316.03491952 2388.01422435
2275.14709582 2338.53495865 2389.50679041
2223.63575078 2323.99419161 2391.30229025
2223.8703375 2365.77956188 2395.60486075
2170.79885637 2312.38141353 2392.98270077
2225.93984714 2342.06599779 2396.38981354
2222.92048852 2316.60581319 2390.45198505
2277.21612669 2337.93160841 2389.74491972
2120.22674864 2317.38857883 2390.05322362
2224.90311802 2295.4764546 2337.25528643
2277.24458986 2360.44715007 2393.00105317
2271.59057872 2337.80341511 2392.39617667
2285.69378813 2356.96087687 2394.21157276
2278.30928158 2356.16696849 2393.10395836
2276.83462354 2349.5750661 2393.41878307
2220.47058303 2311.31211167 2387.0722505
2172.44054985 2315.31328695 2390.65995484
2165.95646258 2321.22695822 2389.49852109
2222.23647409 2327.1039484 2393.49973086
2272.20660458 2320.79091762 2385.63777064
2329.61205209 2377.41516751 2394.54115143
2277.04275698 2349.59922157 2393.0777312
2224.80476729 2336.27444114 2387.24788471
2275.60506542 2337.03290099 2387.09471251
2226.69147693 2331.36353451 2388.40203178
2329.7799695 2372.52944119 2392.63793658
2280.92192814 2330.22912386 2393.3034698
2224.90604828 2322.90412074 2387.88874462
2283.62375452 2360.28470058 2391.02870425
2278.56760343 2349.76805564 2390.47316958
2278.22966105 2335.08520521 2392.18558425
2328.05302992 2355.31703431 2392.0023889
2224.97839438 2349.5894218 2395.60432629
2223.91146395 2331.43242605 2390.42421184
2226.73866011 2333.93698634 2393.01119229
2220.31610776 2338.86071276 2390.36006701
2212.00064521 2338.03368988 2392.91934523
2223.958354 2312.22532449 2384.06275855
2220.66136452 2350.51756661 2392.48734214
2221.43171171 2326.22511666 2386.65612592
2219.45666713 2328.65009225 2389.59219651
2273.71956837 2344.71473359 2396.10787194
2276.91882392 2322.37300768 2384.47240504
2274.82308991 2319.21945471 2392.08497989
2275.3359825 2322.51614169 2388.3541467
2226.08026518 2330.53075001 2393.19622744
2223.85181632 2334.97070443 2398.21936334
2282.14440877 2352.50042842 2393.85568127
2220.38192893 2322.39306291 2389.81685598
2224.59473349 2346.15161906 2393.87551473
2169.84818854 2302.17879612 2391.52057703
2275.76418792 2329.45093556 2390.71302795
2280.20947347 2359.06809396 2399.96311828
2279.87991032 2340.33945463 2389.96785334
2223.45524401 2357.07895721 2396.6070051
2223.75236519 2295.62551393 2335.53631588
2220.22561277 2307.861834 2389.84506611
2274.3757207 2330.41949448 2394.43474512
2227.36951767 2308.51296916 2391.66701425
2229.88421444 2335.76300282 2391.22812432
2280.40508764 2348.7254117 2396.35852178
2217.1025507 2346.20734576 2394.58433951
2219.16307436 2327.74566534 2396.37284508
2225.27740584 2321.51937565 2396.91678854
2222.56460549 2320.89507043 2393.24241043
2166.81434301 2318.58241669 2390.01792164
2226.27433596 2308.9436812 2388.7144373
2167.7626014 2301.3698451 2390.26942425
2172.05274202 2299.24633511 2392.12618429
2224.63246413 2328.97095143 2393.48604093
2064.1385617 2315.39399853 2396.34214722
2273.77162427 2318.70975943 2394.41521589
2222.76534664 2337.3784101 2397.50585228
2116.70934605 2292.71523268 2393.37867491
2276.83805684 2303.53581307 2396.18086277
2277.98629709 2336.85793842 2399.68617154
2269.67059369 2335.05331351 2395.20148966
2226.90186025 2329.45288181 2396.16457029
2220.48310467 2307.29335323 2397.83787744
2225.20417534 2307.71301195 2389.63279285
2275.88752107 2336.43541717 2396.84814122
2336.011047 2364.35977976 2393.66378158
2221.60273604 2328.81378636 2387.15091488
2168.6265246 2263.23034617 2394.81535886
2225.25715636 2335.88166076 2396.79297312
2222.09307415 2313.3101131 2391.61371409
2169.56693266 2317.32544033 2391.21017143
2223.71616609 2336.87602993 2396.97364082
2221.91060426 2300.93650558 2385.48524262
2223.75818953 2318.2984532 2386.97366269
2222.71243567 2308.06159308 2391.13282713
2269.91367144 2331.45882283 2388.58308605
2163.84295732 2306.38849178 2392.88930762
2227.68178707 2344.90158595 2396.92758166
2273.61529055 2345.033016 2391.23127038
2168.08725723 2331.18650425 2393.9439009
2282.25018452 2358.22529548 2395.67538389
2281.3791717 2351.76428694 2394.67103221
2232.04504868 2319.82123308 2388.35068993
2223.5055176 2330.66016987 2398.01153838
2275.5932836 2325.47175805 2395.73164908
2283.75379309 2368.01825649 2393.11069401
2228.90135369 2329.30105723 2394.3646855
2175.12191518 2292.20887423 2389.91161567
2277.78254875 2340.66467628 2392.93153964
2169.92862239 2326.19771282 2395.14824968
2278.77222184 2330.15303122 2391.84783563
2062.31851292 2308.30011369 2396.8059016
2171.94165302 2340.2404237 2394.94199812
2163.66091594 2328.35679167 2390.91726636
2274.33038382 2344.35417721 2393.37346698
2169.86311943 2309.26263102 2397.70942265
2278.75070495 2345.92328315 2395.48198955
2171.45846207 2313.35320747 2340.53017939
2114.54942444 2280.06182475 2387.68800304
2227.2076159 2328.19644086 2391.02455012
2111.35306241 2328.54914656 2397.04787127
2288.15559351 2352.5136158 2393.5357133
2225.91316887 2335.95727647 2394.22271473
2230.01788948 2296.87888947 2340.62114422
2224.22238511 2308.88989105 2392.51671503
2224.0039729 2309.25362472 2398.06816717
2171.23634745 2303.53828713 2388.5829738
2227.42498191 2320.93962014 2396.38125718
2174.77200643 2297.16991519 2384.8054331
2229.2873356 2346.90279671 2393.94609694
2279.10903226 2331.68038048 2397.09305697
2171.47433997 2291.00855674 2391.57629692
2169.98844285 2312.99073844 2392.11075515
2168.71742234 2303.18428041 2396.78122255
2120.51156471 2310.22790499 2396.93749685
2223.52348062 2302.30467599 2388.74459733
2119.93937964 2324.65817047 2390.99395051
2119.62501098 2312.62358216 2390.4958521
2222.18162195 2323.16459243 2391.53806684
2167.59340169 2326.38600382 2397.64153187
2174.25703833 2292.87968216 2389.52979554
2225.22518046 2298.6145088 2395.13487618
2174.09282129 2324.74425328 2395.57295408
2227.43389829 2340.80153054 2399.8659667
2164.71832423 2282.4817586 2392.16342439
2281.98827119 2336.00261078 2394.40433639
2119.53262062 2304.84984599 2400.51205079
2224.8666014 2337.12125792 2395.27184445
2061.11935923 2288.56734555 2400.85064309
2061.34328324 2276.99308469 2393.4552378
2229.19475742 2324.59354029 2392.75654969
2175.56861763 2305.23846629 2398.39130281
2229.05327002 2349.25676865 2400.17206976
2116.07916839 2266.21239297 2392.09867525
2177.24298435 2311.54834882 2393.00336999
2169.34767868 2322.37437019 2395.6265022
2178.47278547 2295.80796675 2395.28791548
2172.72229437 2288.37966983 2390.70790033
2231.64393409 2349.0882333 2397.06479892
2226.56683032 2321.78569572 2393.6634793
2170.93464687 2250.62441551 2394.3975027
2173.20132853 2308.46785992 2390.30497053
2168.78972603 2287.74584943 2342.21839043
2279.06589188 2326.37384728 2398.35657636
2223.91761595 2298.7267934 2393.20283015
2172.96700049 2321.79731563 2398.0794011
2114.86241472 2288.72485286 2394.24468958
2221.80254517 2299.32474823 2395.78992292
2116.34400591 2278.75505326 2396.09673481
2226.29379376 2337.57323094 2395.05022408
2064.93138029 2284.44637114 2394.6085919
2169.14200089 2267.00468709 2393.91490367
2227.99661839 2322.04773426 2391.98031936
2172.24314705 2305.47515551 2398.25440022
2226.42540842 2310.13797083 2387.93079803
2226.14063975 2314.16892792 2395.11113937
2114.65310427 2293.73107304 2394.92981616
2233.15299108 2310.71804977 2391.59754228
2226.89391983 2308.84363911 2391.64206567
2173.64156604 2314.88923002 2392.01989328
2057.78121637 2280.60083872 2392.66804346
2278.01306569 2331.89846794 2391.8206582
2223.5873374 2335.91460936 2397.1473111
2280.12475361 2358.15971793 2395.28490479
2276.03250303 2338.43611828 2399.25279133
2174.70891692 2314.96262672 2393.41033022
2225.17118372 2325.0177602 2393.39736451
2280.32759568 2358.16194924 2394.95093346
2171.96908507 2298.97044983 2392.5105496
2281.2172283 2363.86759578 2397.78013555
2229.12390158 2315.53708509 2395.0124013
2277.54611686 2335.23237422 2390.08019194
2221.6463119 2351.95192352 2398.95576168
2226.26745602 2336.48958089 2400.19313987
2226.12082196 2292.74759825 2395.78523183
2225.3536135 2308.89934787 2391.60076186
2224.2628174 2325.05485245 2394.80242763
2169.71754059 2300.96093896 2390.52622798
2113.88221153 2302.94444864 2396.28067127
2226.64799117 2324.88312964 2390.32595164
2226.45230664 2324.14911876 2395.49766016
2275.28723455 2335.39494449 2395.49992847
2223.52210582 2330.14386947 2395.82973233
2226.56379737 2336.99267342 2394.70846451
2167.20153817 2296.05446045 2393.48846715
2282.81777841 2331.87110423 2389.97369485
2332.99564343 2358.62234902 2394.18213541
2169.60172418 2330.94006454 2395.14297422
2228.07250058 2336.08977362 2392.79553628
2275.1728407 2351.64977707 2397.23657985
2221.11122653 2313.19699821 2339.23890947
2226.82524083 2325.28688655 2398.4278354
2122.917703 2309.20356137 2396.12468134
2170.55162832 2299.62225373 2395.45061382
2223.86467783 2309.11307669 2392.9222365
2224.43153341 2315.56340528 2397.52393227
2116.32734513 2261.89626181 2397.0842613
2225.11432915 2320.38872846 2394.09266945
2168.03822884 2292.82477491 2394.41755524
2223.97759335 2328.02240646 2397.36619436
2173.69999678 2322.38335913 2393.52463581
2223.21604085 2275.28657417 2387.66563107
2280.45805795 2334.37412091 2396.43935054
2172.17148081 2275.44233481 2390.48338168
2169.9574193 2288.91576851 2398.14471399
2119.58644479 2311.18343778 2393.33839791
2115.62413814 2267.27416068 2344.4691606
2227.08659112 2332.40887674 2395.1747495
2174.34798974 2271.27693173 2389.1970781
2227.13619148 2300.58420503 2398.38508635
2063.65754996 2272.90072146 2401.43005785
2171.65629931 2300.29088652 2396.88147927
2065.97923207 2295.21108787 2341.80940144
2171.53775634 2294.00602761 2392.56938148
2116.79630688 2244.04761678 2340.0404692
2118.48278227 2266.76403764 2391.06405637
2173.67937371 2327.15042308 2397.91164542
2114.75495026 2296.18983041 2397.10479319
2119.00407036 2276.73729739 2385.76555956
2279.09805052 2354.0730067 2398.03859441
2226.99863468 2304.04098175 2393.67509652
