-9683.11537801 -4015.48743325 -176.557393497
-9974.70858786 -3723.89070088 -1594.52595777
-9943.67008339 -6278.97470201 -694.713315945
-8324.69650787 -1781.60100772 -347.125686841
-9948.93290772 -2517.62406795 -182.786282224
-9509.91855269 -2713.11759155 -165.948835467
-1686.7056507 -488.964211412 -128.766756633
-1789.66652093 -693.704709524 -137.943183058
-1798.66284275 -555.324869576 -141.223334015
-1155.06021609 -302.036745281 4.79705350028
-1307.04002595 -335.541933203 10.7421704488
-1790.57014324 -450.679376996 -42.7187161426
-6823.08927732 -805.618967567 -32.1347029956
-9893.00193512 -1082.92796644 34.0987026958
-8577.64689637 -2739.16572546 -95.0624157847
-7364.42206384 -906.487505632 -48.6979798038
-10273.3749777 -2019.26186441 -61.4446243633
-5009.3425677 -601.747848799 13.8916614503
-284.421487166 -134.246455893 -16.2273684006
-494.722833 -167.898346742 -60.3173056808
-909.705810052 -269.107056749 -55.0254183211
-162.679564722 -93.2326273191 -20.1141164994
-6723.95544546 -2237.24233716 -96.1642445324
-724.263082353 -211.041579692 -48.8633701838
-5965.83622245 -702.516541071 -8.01835608768
-175.233574707 -101.662023798 -14.2572209299
-3258.67805776 -543.286249462 -44.9529781487
-2664.66841377 -469.81338773 -71.0099634159
-5715.9498532 -1088.7140552 107.376483759
-3315.82699068 -569.645023597 -7.99623283634
-190.83605692 -132.484630561 -55.591514957
-7520.74336874 -851.528321281 -10.5377221548
-6448.40159242 -935.457615032 -110.012360212
-7373.84835721 -858.679870638 -22.2791588648
-908.554369942 -264.395645972 -40.0351320637
-7462.91100372 -1326.79254181 -39.4114414318
-1295.25160608 -399.123117839 -51.5354283176
-6742.6363628 -1340.29254954 -54.4616144285
-6797.62472925 -749.715558791 49.2389170173
-6540.10275774 -760.117947036 3.75395047038
-7326.22058766 -956.641363812 -33.6496933785
-3953.04562508 -730.710131909 21.9281930288
-3538.89462688 -656.521243124 28.1589060581
-775.577644616 -173.604833374 14.4094020362
-310.443986071 -125.705383014 -33.9356884571
-2425.17114061 -511.170489781 8.99973038269
-7260.5322412 -1116.22280654 124.052780467
-6209.7048621 -1100.85273865 -3.36413550373
-151.242922622 -63.484812113 35.1654034044
-4712.0670358 -871.75312123 -17.7634443532
-633.623088098 -212.697628288 31.1496722533
-4037.19169432 -528.331693512 -59.0806823086
-3682.49938555 -534.722299877 -17.176767355
-149.454537688 -57.7430096528 79.1257137843
-144.338424005 -52.5016327391 56.1863565585
-874.643569961 -174.119777013 106.266434216
-3994.91671001 -469.616587345 -3.82181089052
-1416.47532428 -196.737851913 50.3199100222
-325.365820962 -80.5004102082 132.684800358
-6690.03529607 -738.621649964 5.08300426272
-2323.97066252 -263.597963291 114.983184427
-1961.13161454 -363.825722929 48.736495114
-3905.83246749 -613.240984215 -39.5092954543
-6539.2599708 -812.342984453 57.4555507113
-2524.87901398 -303.631190181 122.76620765
-436.187822389 -164.035626703 16.3181217794
-6900.51803908 -865.907436252 97.7349115563
-2214.3378192 -266.546940917 94.8204092475
-1977.12320938 -374.727134462 -5.16093639116
-8839.13601586 -1574.04079345 56.5667457826
-732.324105028 -141.863395888 47.7367030294
-565.74444322 -175.572269349 4.2346262683
-5686.06750743 -901.684151942 -16.1688760081
-4220.76340669 -570.603691612 26.2681210714
-709.6255147 -158.44400653 18.1389065595
-708.53420108 -163.348283825 56.3546514079
-1526.40735771 -237.148829008 26.6647039769
-1609.18884798 -281.16382226 43.4615689463
-650.355051342 -131.556213452 -4.07129775762
-7450.18972645 -1231.94795812 -27.1477153319
-2953.05320839 -753.763468917 48.8935767808
-1398.77620575 -194.228857963 63.590632182
-1272.58043166 -230.810642285 28.953678817
-544.106636425 -158.960861598 -5.14110261619
-478.948099594 -105.525653309 67.7658196432
-120.357329986 -59.8345723651 18.8397533338
-876.843442906 -183.13838551 44.8220918427
-1004.66712026 -157.516032637 109.78368038
-1416.11351409 -268.85259264 147.961091901
-6433.45862915 -852.073677547 71.8651410076
-5634.06145609 -613.211884356 57.5217292054
-217.017331615 -79.0142356888 46.395994955
-506.123671708 -116.859067414 49.9627467327
-175.306318938 -69.7443295131 51.3617092751
-1074.95457334 -261.013548078 1.73151460901
-1911.87622958 -565.39806483 37.9200020582
-252.937548632 -75.7839760758 52.1147581944
-149.354447596 -52.0245297397 42.878730323
-4524.70339813 -620.263828574 72.1493333707
-731.208873452 -124.61210761 3.95160688645
-298.33308581 -61.6350178954 52.2061598235
-1136.26655492 -138.245823421 92.1964734222
-564.940993672 -158.230923376 -24.6846827665
-589.237564715 -137.096610017 29.1577167506
-755.102683494 -186.20029863 55.9662038821
-204.012132894 -59.4980787312 54.2620044404
-165.624661475 -45.8068850004 42.1176904964
-620.456756732 -168.225805266 9.02925033456
-638.340689597 -107.184931589 54.2571596386
-364.459789238 -50.3935633564 118.378949075
-861.420015179 -177.799669623 75.3147097369
-143.040078398 -54.2470243511 100.157746377
-5007.95785116 -789.255989193 -30.7194593619
-6498.29325268 -1014.02448914 -29.6648362291
-439.21538717 -79.2048011398 89.3637786874
-2844.58153425 -337.578820998 54.8884605993
-201.689097663 -83.9145100791 17.7675529685
-7417.96663769 -1111.30488747 98.6991103861
-1016.41897924 -273.57896118 3.58154155936
-7139.15000475 -852.704005186 96.8344908024
-1969.86607526 -347.624500736 63.9041168115
-2128.61271366 -326.888279053 -11.944683421
-1025.71591201 -220.42400553 59.3208539385
-5429.04697184 -584.006517272 174.526106551
-571.414250513 -109.458445741 86.8894375837
-154.88704675 -80.5467265059 -26.4451306523
-366.513743775 -74.5909907035 129.420843976
-257.727061992 -97.3330106449 28.9816282495
-2336.29798914 -300.752469376 19.1295608241
-534.134930548 -106.565599137 63.7620889186
-419.070523906 -106.656771342 118.838890798
-109.739303331 -35.9851808369 87.9487583436
-462.675947147 -124.662827922 82.4643660717
-309.297255116 -52.755113885 73.5640531586
-292.101698072 -94.388638813 55.3536427922
-2210.24303671 -389.993493665 74.5101015516
-1763.84805992 -191.095685036 174.895741184
-1592.85366327 -342.098139703 38.6523666837
-543.951221241 -134.739942949 80.3778726212
-747.352552732 -162.204660561 1.84462005003
-1137.41178948 -284.343436565 36.461327088
-112.97333535 -33.6366710853 75.3992172833
-185.099840763 -35.6220560099 48.8979483651
-99.5839407183 -36.9418186538 75.9072174496
-169.900854136 -47.3298416652 53.7691784337
-93.7700852967 -2.22764993437 97.2355776587
-478.55162594 -97.1508767089 8.94283465297
-168.718428357 -34.7707916453 135.264746437
-3972.03665259 -449.739285407 170.81812562
-337.185240279 -51.6483682747 132.52059838
-224.530300203 -62.2319854861 91.1552072524
