0.6 0.6 0.6
0.6 0.6 0.6
0.6 0.6 0.6
0.6 0.6 0.6
0.6 0.6 0.6
0.6 0.6 0.6
0.6 0.6 0.6
0.6 0.6 0.6
0.6 0.6 0.6
0.6 0.6 0.6
0.6 0.6 0.6
0.6 0.6 0.6
0.6 0.6 0.6
0.6 0.6 0.6
0.6 0.6 0.6
0.6 0.6 0.6
0.6 0.6 0.6
0.6 0.6 0.6
0.6 0.6 0.6
0.6 0.6 0.6
0.6 0.6 0.6
0.6 0.6 0.6
0.6 0.6 0.6
0.6 0.6 0.6
0.6 0.6 0.6
0.6 0.6 0.6
0.6 0.6 0.6
0.6 0.6 0.6
0.6 0.6 0.6
0.6 0.6 0.6
0.6 0.6 0.6
0.6 0.6 0.6
0.6 0.6 0.6
0.6 0.6 0.6
0.6 0.6 0.6
0.6 0.6 0.6
0.6 0.6 0.6
0.6 0.6 0.6
0.6 0.6 0.6
0.6 0.6 0.6
0.6 0.6 0.6
0.6 0.6 0.6
0.6 0.6 0.6
0.6 0.6 0.6
0.6 0.6 0.6
0.6 0.6 0.6
0.6 0.6 0.6
0.6 0.6 0.6
0.6 0.6 0.6
0.6 0.6 0.6
0.6 0.6 0.6
0.6 0.6 0.6
0.6 0.6 0.6
0.6 0.6 0.6
0.6 0.6 0.6
0.6 0.6 0.6
0.6 0.6 0.6
0.6 0.6 0.6
0.6 0.6 0.6
0.6 0.6 0.6
0.6 0.6 0.6
0.6 0.6 0.6
0.6 0.6 0.6
0.6 0.6 0.6
0.6 0.6 0.6
0.6 0.6 0.6
0.6 0.6 0.6
0.6 0.6 0.6
0.6 0.6 0.6
0.6 0.6 0.6
0.6 0.6 0.6
0.6 0.6 0.6
0.6 0.6 0.6
0.6 0.6 0.6
0.6 0.6 0.6
0.6 0.6 0.6
0.6 0.6 0.6
0.6 0.6 0.6
0.6 0.6 0.6
0.6 0.6 0.6
0.6 0.6 0.6
0.6 0.6 0.6
0.6 0.6 0.6
0.6 0.6 0.6
0.6 0.6 0.6
0.6 0.6 0.6
0.6 0.6 0.6
0.6 0.6 0.6
0.6 0.6 0.6
0.6 0.6 0.6
0.6 0.6 0.6
0.6 0.6 0.6
0.6 0.6 0.6
0.6 0.6 0.6
0.6 0.6 0.6
0.6 0.6 0.6
0.6 0.6 0.6
0.6 0.6 0.6
0.6 0.6 0.6
0.6 0.6 0.6
0.6 0.6 0.6
0.6 0.6 0.6
0.6 0.6 0.6
0.6 0.6 0.6
0.6 0.6 0.6
0.6 0.6 0.6
0.6 0.6 0.6
0.6 0.6 0.6
0.6 0.6 0.6
0.6 0.6 0.6
0.6 0.6 0.6
0.6 0.6 0.6
0.6 0.6 0.6
0.6 0.6 0.6
0.6 0.6 0.6
0.6 0.6 0.6
0.6 0.6 0.6
0.6 0.6 0.6
0.6 0.6 0.6
0.6 0.6 0.6
0.6 0.6 0.6
0.6 0.6 0.6
0.6 0.6 0.6
0.6 0.6 0.6
0.6 0.6 0.6
0.6 0.6 0.6
0.6 0.6 0.6
0.6 0.6 0.6
0.6 0.6 0.6
0.6 0.6 0.6
0.6 0.6 0.6
0.6 0.6 0.6
0.6 0.6 0.6
0.6 0.6 0.6
0.6 0.6 0.6
0.6 0.6 0.6
0.6 0.6 0.6
0.6 0.6 0.6
0.6 0.6 0.6
0.6 0.6 0.6
0.6 0.6 0.6
0.6 0.6 0.6
0.6 0.6 0.6
0.6 0.6 0.6
0.6 0.6 0.6
0.6 0.6 0.6
0.6 0.6 0.6
0.6 0.6 0.6
0.6 0.6 0.6
0.6 0.6 0.6
0.6 0.6 0.6
0.6 0.6 0.6
0.6 0.6 0.6
0.6 0.6 0.6
0.6 0.6 0.6
0.6 0.6 0.6
0.6 0.6 0.6
0.6 0.6 0.6
0.6 0.6 0.6
0.6 0.6 0.6
0.6 0.6 0.6
0.6 0.6 0.6
0.6 0.6 0.6
0.6 0.6 0.6
0.6 0.6 0.6
0.6 0.6 0.6
0.6 0.6 0.6
0.6 0.6 0.6
0.6 0.6 0.6
0.6 0.6 0.6
0.6 0.6 0.6
0.6 0.6 0.6
0.6 0.6 0.6
0.6 0.6 0.6
0.6 0.6 0.6
0.6 0.6 0.6
0.6 0.6 0.6
0.6 0.6 0.6
0.6 0.6 0.6
0.6 0.6 0.6
0.6 0.6 0.6
0.6 0.6 0.6
0.6 0.6 0.6
0.6 0.6 0.6
0.6 0.6 0.6
0.6 0.6 0.6
0.6 0.6 0.6
0.6 0.6 0.6
0.6 0.6 0.6
0.6 0.6 0.6
0.6 0.6 0.6
0.6 0.6 0.6
0.6 0.6 0.6
0.6 0.6 0.6
0.6 0.6 0.6
0.6 0.6 0.6
0.6 0.6 0.6
0.6 0.6 0.6
0.5756 0.59756 0.6
0.57216 0.597216 0.6
0.56752 0.59392 0.6
0.58016 0.598016 0.6
0.45456 0.573216 0.6
0.20252 0.446344 0.6
0.19632 0.46044 0.6
0.19096 0.429408 0.6
0.21376 0.39334 0.6
0.21268 0.447112 0.6
0.19264 0.468912 0.6
0.20868 0.405688 0.6
0.18992 0.379532 0.6
0.1926 0.379736 0.6
0.22672 0.413624 0.6
0.19 0.367056 0.6
0.1924 0.402476 0.6
0.18068 0.369376 0.6
0.18652 0.430148 0.6
0.1814 0.383904 0.6
0.20544 0.403728 0.6
0.18052 0.373508 0.6
0.19052 0.432808 0.6
0.206 0.452808 0.6
0.19244 0.34728 0.57892
0.17604 0.432396 0.6
0.2366 0.390128 0.6
0.26252 0.46092 0.6
0.19928 0.424372 0.6
0.2572 0.42858 0.6
0.17984 0.45828 0.6
0.18788 0.369936 0.6
0.23604 0.389312 0.58624
0.15852 0.379744 0.6
0.17868 0.360152 0.6
0.19428 0.417692 0.6
0.191 0.398072 0.6
0.17012 0.298788 0.4294
0.22104 0.426988 0.59332
0.18292 0.397412 0.6
0.2278 0.408604 0.6
0.29704 0.424132 0.5824
0.25192 0.480936 0.6
0.19264 0.399492 0.6
0.24692 0.380672 0.51448
0.3146 0.402076 0.59544
0.19956 0.386892 0.51328
0.31432 0.442316 0.6
0.20612 0.437076 0.6
0.16492 0.303756 0.44156
0.17768 0.381092 0.5832
0.19304 0.436832 0.59376
0.19996 0.395612 0.5984
0.3092 0.477832 0.6
0.26448 0.444884 0.6
0.29524 0.423752 0.59392
0.21756 0.412784 0.5688
0.28184 0.423856 0.55928
0.261 0.388936 0.58096
0.27644 0.427172 0.6
0.20124 0.368516 0.59816
0.295 0.439372 0.6
0.22612 0.40372 0.6
0.26064 0.444756 0.6
0.2382 0.3788 0.48224
0.30944 0.433956 0.58404
0.25868 0.397192 0.58448
0.20404 0.408156 0.5752
0.34056 0.474268 0.6
0.35612 0.475264 0.6
0.18988 0.473588 0.6
0.31332 0.504092 0.6
0.35596 0.468632 0.6
0.35044 0.447856 0.6
0.27648 0.382676 0.50096
0.26624 0.427588 0.6
0.36816 0.479828 0.57372
0.30664 0.45492 0.6
0.2816 0.506936 0.6
0.3416 0.479832 0.6
0.31588 0.487132 0.6
0.34632 0.519616 0.6
0.28716 0.408948 0.533
0.37532 0.528404 0.6
0.23816 0.453188 0.6
0.1754 0.483472 0.6
0.31204 0.4342 0.6
0.33384 0.449216 0.6
0.33968 0.522596 0.6
0.3184 0.471072 0.6
0.2734 0.492712 0.6
0.28052 0.455816 0.6
0.25216 0.403744 0.5848
0.15752 0.419216 0.6
0.30644 0.439468 0.5868
0.29928 0.439048 0.6
0.26892 0.395208 0.51596
0.24888 0.414956 0.6
0.352 0.506568 0.6
0.32832 0.4055 0.49068
0.26552 0.384916 0.55424
0.27364 0.471556 0.6
0.30032 0.457152 0.6
0.37408 0.487384 0.6
0.34428 0.457596 0.58356
0.31948 0.464412 0.57256
0.35368 0.481776 0.59072
0.30316 0.452372 0.6
0.376 0.464828 0.6
0.26732 0.441756 0.6
0.26976 0.447596 0.59888
0.21852 0.405764 0.55508
0.37188 0.50604 0.6
0.19524 0.376604 0.4966
0.30692 0.439724 0.58012
0.36272 0.504844 0.6
0.22612 0.443028 0.56884
0.25732 0.459072 0.6
0.2364 0.44642 0.6
0.31684 0.437628 0.59008
0.26584 0.408016 0.6
0.323 0.445572 0.6
0.16596 0.391784 0.6
0.20416 0.394684 0.592
0.2198 0.437332 0.6
0.14292 0.423944 0.6
0.22496 0.447836 0.6
0.24096 0.468116 0.6
0.22268 0.435116 0.57008
0.28 0.436656 0.6
0.23344 0.441628 0.58168
0.39128 0.533512 0.6
0.32508 0.48854 0.6
0.32044 0.413128 0.54868
0.26768 0.456888 0.6
0.30296 0.48262 0.6
0.34108 0.492076 0.6
0.40016 0.484016 0.6
0.30736 0.490796 0.6
0.33968 0.434076 0.53296
0.2772 0.487836 0.6
0.2602 0.514292 0.6
0.37748 0.474848 0.57676
0.27292 0.45396 0.6
0.32592 0.452468 0.6
0.33576 0.440668 0.58392
0.1702 0.420332 0.6
0.27444 0.42096 0.56764
0.31008 0.449188 0.6
0.20168 0.424384 0.6
0.29784 0.465116 0.6
0.24164 0.411508 0.58632
0.19508 0.452956 0.6
0.37028 0.44634 0.5246
0.28072 0.439516 0.6
0.21308 0.413388 0.53872
0.39392 0.510308 0.6
0.33744 0.43322 0.57792
0.19384 0.374928 0.5818
0.20504 0.412472 0.55464
0.26952 0.47274 0.6
0.24236 0.418948 0.6
0.21 0.47564 0.6
0.30372 0.445936 0.6
0.18984 0.417112 0.6
0.23436 0.459956 0.6
0.33956 0.482712 0.6
0.3742 0.459716 0.59244
0.38484 0.471212 0.6
0.41688 0.53196 0.6
0.20764 0.459164 0.54524
0.19624 0.402196 0.6
0.30236 0.461664 0.6
0.33692 0.440036 0.57328
0.26692 0.421148 0.5782
0.30352 0.471308 0.58568
0.3732 0.466848 0.58936
0.36344 0.469456 0.6
0.26852 0.445764 0.5754
0.30988 0.453028 0.6
0.34064 0.43926 0.5718
0.30112 0.443408 0.6
0.25952 0.405216 0.59616
0.37072 0.470888 0.6
0.36208 0.497244 0.6
0.23816 0.475608 0.56944
0.40448 0.497616 0.6
0.36032 0.473904 0.6
0.33004 0.482128 0.6
0.36428 0.477268 0.6
0.4368 0.542696 0.6
0.38316 0.479156 0.59312
0.30164 0.456872 0.56496
0.37388 0.51072 0.6
0.36448 0.455736 0.6
0.37916 0.46484 0.58532
0.35068 0.482112 0.6
0.34836 0.456876 0.56924
0.35388 0.452036 0.6
0.35692 0.448308 0.54464
0.37132 0.474948 0.58928
0.37148 0.488764 0.58052
0.35484 0.502856 0.6
0.30352 0.445968 0.6
0.30928 0.437716 0.57036
0.3966 0.476392 0.6
0.33384 0.425392 0.53508
0.29256 0.424472 0.52244
0.29276 0.414612 0.5952
0.2826 0.487588 0.6
0.43388 0.526412 0.59872
0.46232 0.501864 0.57488
0.37636 0.478672 0.59984
0.30376 0.4743 0.6
0.39996 0.490156 0.5714
0.37216 0.49108 0.59668
0.35152 0.502328 0.6
0.34512 0.478324 0.5902
0.3534 0.491708 0.6
0.43488 0.488164 0.59776
0.41516 0.447368 0.53652
0.36716 0.482692 0.6
0.41596 0.473808 0.54904
0.27936 0.440292 0.6
0.34192 0.440872 0.55776
0.25616 0.473712 0.59456
0.38208 0.433808 0.50544
0.38732 0.502892 0.6
0.35544 0.469628 0.5698
0.41228 0.47666 0.55592
0.37264 0.424784 0.46036
0.30864 0.436196 0.58208
0.33028 0.427032 0.57344
0.36384 0.467392 0.5896
0.40492 0.464328 0.59808
0.39244 0.475048 0.53552
0.3402 0.490372 0.6
0.47952 0.528248 0.6
0.47516 0.559448 0.6
0.39472 0.491152 0.6
0.40828 0.51176 0.6
0.41936 0.50246 0.59648
0.36776 0.46986 0.5872
0.41016 0.477828 0.58876
0.41216 0.482028 0.6
0.427 0.497064 0.5986
0.30736 0.465116 0.56928
0.42648 0.463636 0.53256
0.38388 0.511768 0.6
0.36204 0.469904 0.6
0.33976 0.440708 0.6
0.34064 0.455368 0.58296
0.35712 0.448296 0.58416
0.40612 0.526704 0.6
0.32468 0.418204 0.54336
0.391 0.46728 0.6
0.33476 0.400888 0.50004
0.33084 0.398876 0.47428
0.338 0.431608 0.54704
0.40888 0.48984 0.6
0.3872 0.448152 0.52968
0.33332 0.398248 0.44804
0.35684 0.469032 0.6
0.3274 0.407128 0.5294
0.34652 0.44126 0.52148
0.3572 0.437972 0.54308
0.3472 0.473524 0.6
0.34592 0.45166 0.6
0.34748 0.463276 0.6
0.37796 0.463552 0.54628
0.33584 0.386568 0.43952
0.38392 0.462416 0.57316
0.36176 0.459364 0.6
0.34196 0.452332 0.57824
0.36908 0.473156 0.59648
0.37496 0.486912 0.56852
0.38556 0.4657 0.52352
0.32904 0.432556 0.51748
0.36344 0.480544 0.6
0.33136 0.461764 0.6
0.32024 0.45424 0.59952
0.32432 0.461448 0.5992
0.40364 0.459984 0.58776
0.30188 0.44144 0.59712
0.34696 0.444936 0.53616
0.41084 0.441216 0.48252
0.36052 0.46226 0.6
0.2934 0.392452 0.5006
0.30508 0.434848 0.50272
0.34288 0.427552 0.6
0.35444 0.452844 0.57272
0.40816 0.503144 0.6
0.3672 0.458296 0.59728
0.36372 0.4631 0.6
0.43124 0.500268 0.5928
0.39368 0.45188 0.50456
0.37 0.509728 0.6
0.36 0.468628 0.59608
0.4442 0.514836 0.6
0.4338 0.505144 0.59824
0.43832 0.498956 0.5876
0.39932 0.513352 0.6
0.4308 0.512112 0.6
0.31716 0.495912 0.57452
0.39656 0.506652 0.58396
0.41416 0.483476 0.59492
0.42568 0.523452 0.6
0.36692 0.517836 0.6
0.37272 0.480368 0.592
0.32 0.476452 0.56968
0.35064 0.461924 0.6
0.31792 0.45198 0.51224
0.27796 0.4336 0.6
0.35928 0.468376 0.5482
0.44624 0.534804 0.6
0.32596 0.471712 0.57364
0.44056 0.504832 0.6
0.3828 0.471384 0.5714
0.38324 0.483064 0.58284
0.38008 0.467812 0.57904
0.41332 0.47968 0.55852
0.38444 0.490488 0.6
0.34636 0.442332 0.572
0.38484 0.491924 0.5822
0.33652 0.43236 0.57416
0.38444 0.482284 0.59536
0.33064 0.474396 0.569
0.33692 0.413728 0.5028
0.35812 0.462176 0.6
0.2946 0.468268 0.56952
0.39016 0.45596 0.6
0.41156 0.493976 0.5978
0.38328 0.475212 0.5904
0.32492 0.477904 0.6
0.38112 0.454172 0.59104
0.34216 0.471336 0.58768
0.35672 0.452036 0.59364
0.36064 0.468948 0.59512
0.34264 0.466688 0.6
0.28936 0.473128 0.6
0.26996 0.414184 0.54272
0.314 0.486084 0.59904
0.37108 0.456512 0.59664
0.30692 0.456196 0.59664
0.41332 0.478776 0.59936
0.37132 0.464832 0.54216
0.38456 0.471376 0.6
0.36212 0.501472 0.56924
0.36348 0.503248 0.6
0.35832 0.492808 0.6
0.39832 0.501276 0.58112
0.41676 0.519432 0.6
0.3844 0.499816 0.5922
0.43492 0.501904 0.59744
0.35756 0.464608 0.59296
0.38132 0.439588 0.56408
0.29608 0.4855 0.59664
0.33044 0.435176 0.59044
0.279 0.444516 0.56528
0.35352 0.439104 0.56496
0.4012 0.484176 0.59232
0.27976 0.449156 0.55016
0.41564 0.507052 0.59756
0.38828 0.492364 0.6
0.35472 0.436304 0.5064
0.38276 0.485468 0.59936
0.34576 0.469548 0.6
0.34892 0.478296 0.57772
0.42212 0.488544 0.59824
0.37028 0.5088 0.6
0.43836 0.522616 0.6
0.40952 0.514744 0.59504
0.42188 0.5211 0.6
0.40044 0.52396 0.6
0.38204 0.47622 0.6
0.42904 0.496576 0.6
0.4274 0.492012 0.58864
0.35996 0.462532 0.5984
0.3654 0.481272 0.6
0.3928 0.464052 0.6
0.24796 0.487288 0.6
0.33376 0.500348 0.6
0.3218 0.483312 0.599
0.4204 0.469252 0.54952
0.44408 0.507276 0.5952
0.35656 0.493216 0.59664
0.31756 0.43372 0.49316
0.344 0.513952 0.59808
0.31196 0.459096 0.56568
0.44856 0.520056 0.58688
0.41496 0.48124 0.569
0.38436 0.486668 0.59184
0.34696 0.470048 0.59984
0.39648 0.506796 0.59604
0.38156 0.47704 0.52408
0.31632 0.482508 0.59996
0.31328 0.479728 0.59824
0.43772 0.489736 0.6
0.34976 0.434728 0.588
0.41096 0.523196 0.6
0.3486 0.481472 0.59672
0.3994 0.499984 0.59936
0.45236 0.54054 0.6
0.40352 0.497888 0.6
0.35148 0.495188 0.58732
0.38376 0.451244 0.56576
0.31368 0.46148 0.6
0.32088 0.42778 0.5578
0.32144 0.459736 0.59824
0.35208 0.444192 0.5678
0.30304 0.42428 0.54524
0.2416 0.445024 0.6
0.3498 0.460888 0.56308
0.43668 0.523316 0.6
0.39884 0.473396 0.5714
0.3904 0.451392 0.50644
0.46248 0.551092 0.6
0.34952 0.486204 0.59372
0.33384 0.491932 0.58776
0.24636 0.47518 0.59432
0.429 0.484876 0.5444
0.39556 0.503812 0.59452
0.42064 0.516368 0.6
0.43292 0.496412 0.59648
0.43888 0.529028 0.6
0.41972 0.471572 0.58704
0.29412 0.464472 0.6
0.38032 0.453564 0.5436
0.33056 0.500536 0.59844
0.36368 0.442052 0.59592
0.36544 0.4618 0.501
0.40296 0.447272 0.55432
0.37892 0.48334 0.6
0.39576 0.4863 0.59688
0.36584 0.454212 0.5446
0.35524 0.460516 0.59952
0.3722 0.468996 0.54576
0.38224 0.457896 0.54056
0.32944 0.448296 0.59968
0.355 0.450132 0.52232
0.30392 0.435952 0.59392
0.33912 0.441088 0.5632
0.40112 0.471112 0.57476
0.36468 0.450396 0.56296
0.36704 0.42868 0.4892
0.334 0.440028 0.5526
0.39224 0.48108 0.6
0.28912 0.45938 0.5934
0.34264 0.460156 0.52288
0.38504 0.47232 0.55932
0.3818 0.473208 0.6
0.41972 0.511532 0.59264
0.3498 0.477744 0.6
0.3618 0.483992 0.6
0.33116 0.483472 0.6
0.3348 0.459644 0.6
0.41184 0.48596 0.57184
0.35816 0.47596 0.58592
0.35396 0.468056 0.59712
0.41232 0.49336 0.6
0.41372 0.48526 0.59988
0.3972 0.504368 0.6
0.26988 0.482136 0.6
0.27112 0.496352 0.6
0.47764 0.540384 0.6
0.3306 0.469864 0.5688
0.39748 0.52264 0.6
0.3686 0.49348 0.57676
0.43848 0.483116 0.59776
0.45832 0.51772 0.59308
0.43124 0.53294 0.6
0.41624 0.500656 0.6
0.40692 0.499428 0.6
0.34196 0.460472 0.55384
0.3402 0.460464 0.59692
0.34864 0.442332 0.51704
0.447 0.511424 0.5858
0.39504 0.490728 0.5844
0.36752 0.452976 0.56004
0.3824 0.42858 0.51556
0.3352 0.47598 0.55544
0.39244 0.487376 0.6
0.31824 0.433524 0.59452
0.3154 0.408876 0.523
0.33 0.486228 0.58948
0.37808 0.50214 0.6
0.41164 0.499612 0.58124
0.44292 0.522492 0.6
0.40132 0.499284 0.59884
0.433 0.499852 0.59604
0.40904 0.485188 0.59824
0.42568 0.521988 0.6
0.36808 0.49704 0.6
0.4026 0.49956 0.6
0.44064 0.500572 0.6
0.41324 0.508928 0.6
0.45428 0.527188 0.6
0.4214 0.4952 0.59792
0.45656 0.53636 0.59744
0.41496 0.47974 0.55924
0.40148 0.479268 0.59952
0.3702 0.478456 0.6
0.38016 0.465048 0.57204
0.35352 0.478748 0.57696
0.36808 0.445024 0.545
0.35356 0.448144 0.54728
0.43912 0.467756 0.51696
0.3306 0.441236 0.52336
0.34624 0.466972 0.58492
0.45468 0.499192 0.5968
0.417 0.474676 0.54512
0.37508 0.490248 0.59104
0.43012 0.513532 0.58784
0.30256 0.4467 0.54812
0.37252 0.472208 0.58848
0.31152 0.462548 0.55688
0.34552 0.491468 0.5962
0.3878 0.453976 0.6
0.40304 0.4741 0.59056
0.36104 0.451744 0.6
0.39204 0.491708 0.6
0.3708 0.45102 0.6
0.41 0.47458 0.57664
0.40352 0.481252 0.6
0.36664 0.426736 0.50604
0.37256 0.465356 0.59424
0.39592 0.488896 0.58988
0.34272 0.444432 0.58512
0.34084 0.448052 0.58432
0.37852 0.444424 0.55652
0.38544 0.484 0.58908
0.38556 0.456608 0.52704
0.31184 0.455912 0.52144
0.34144 0.435672 0.54828
0.39416 0.47438 0.5302
0.36292 0.455836 0.58736
0.38 0.47804 0.58632
0.31596 0.442132 0.5294
0.3666 0.484972 0.56816
0.32112 0.432912 0.54432
0.31884 0.45466 0.54036
0.35024 0.462312 0.59696
0.43448 0.50916 0.59952
0.39196 0.46736 0.57784
0.37052 0.466808 0.53144
0.39616 0.503664 0.58248
0.3892 0.503112 0.56396
0.41396 0.4913 0.58988
0.3592 0.452252 0.5242
0.40768 0.48352 0.57468
0.36632 0.491368 0.56108
0.3658 0.472524 0.56704
0.38172 0.469416 0.59776
0.33668 0.446132 0.57456
0.34828 0.438924 0.583
0.36784 0.445868 0.5244
0.39044 0.47958 0.58828
0.42044 0.48024 0.59104
0.3952 0.4644 0.58072
0.42464 0.480268 0.5942
0.43836 0.489868 0.55464
0.42352 0.478832 0.57904
0.45124 0.524844 0.59664
0.43364 0.505032 0.56268
0.40336 0.477668 0.6
0.41416 0.491536 0.57512
0.42412 0.487832 0.57164
0.44836 0.506884 0.58296
0.464 0.53428 0.58552
0.40456 0.482816 0.56008
0.42376 0.51774 0.58848
0.375 0.471536 0.5368
0.41276 0.519892 0.6
0.36012 0.456332 0.56708
0.39636 0.464348 0.572
0.27996 0.490324 0.5978
0.42396 0.495084 0.6
0.36036 0.456992 0.55584
0.32244 0.468844 0.59568
0.3948 0.480524 0.6
0.36276 0.453252 0.54892
0.34996 0.449336 0.57056
0.3932 0.499816 0.59824
0.3928 0.493396 0.54348
0.40496 0.485812 0.58944
0.47972 0.527924 0.58332
0.4172 0.496512 0.56824
0.44516 0.552088 0.6
0.35012 0.462816 0.55128
0.32144 0.493128 0.6
0.40992 0.519232 0.57936
0.3688 0.467236 0.55596
0.3516 0.479676 0.59456
0.36308 0.472424 0.6
0.35452 0.467376 0.58428
0.43452 0.50248 0.6
0.37684 0.486552 0.58272
0.41424 0.470592 0.54464
0.40692 0.492096 0.59408
0.33948 0.475688 0.59552
0.37792 0.475736 0.55736
0.3652 0.505812 0.59976
0.30096 0.504416 0.6
0.38268 0.505808 0.5952
0.42064 0.512216 0.57984
0.34944 0.490228 0.5944
0.36368 0.476216 0.5674
0.39532 0.484468 0.6
0.32516 0.433848 0.48984
0.33668 0.489628 0.57008
0.37548 0.502844 0.584
0.3752 0.474172 0.55616
0.2992 0.47504 0.56004
0.39296 0.471752 0.55652
0.40204 0.511536 0.5986
0.4272 0.48958 0.58728
0.42544 0.517672 0.6
0.40368 0.493128 0.5982
0.42468 0.51372 0.59716
0.43728 0.523008 0.59872
0.44556 0.51462 0.57504
0.33944 0.449484 0.5588
0.41432 0.479952 0.58424
0.44096 0.50568 0.55724
0.42744 0.484564 0.5344
0.36328 0.47052 0.55252
0.39968 0.502924 0.572
0.394 0.480652 0.54736
0.40888 0.50838 0.59568
0.39888 0.498368 0.59392
0.42364 0.506224 0.6
0.39304 0.523296 0.6
0.40316 0.4823 0.57548
0.349 0.455092 0.58184
0.33424 0.47612 0.59996
0.35392 0.454168 0.59136
0.34604 0.411476 0.54576
0.3118 0.438372 0.51068
0.34076 0.434736 0.5502
0.41076 0.439024 0.4592
0.39956 0.468688 0.54072
0.38864 0.444548 0.5896
0.36316 0.458984 0.5208
0.3944 0.461256 0.59856
0.39288 0.44524 0.5124
0.37672 0.466148 0.53624
0.34912 0.416524 0.49656
0.39028 0.488368 0.56568
0.37316 0.484628 0.59664
0.34544 0.458404 0.6
0.40004 0.471944 0.5416
0.39848 0.468108 0.55684
0.41016 0.490008 0.59536
0.38884 0.442444 0.49572
0.34172 0.439516 0.53976
0.39276 0.457164 0.51564
0.3252 0.43942 0.53108
0.40336 0.469992 0.59752
0.39896 0.468732 0.59804
0.41724 0.460984 0.49612
0.36812 0.453236 0.56436
0.36488 0.426764 0.4984
0.36524 0.445968 0.5584
0.35256 0.464188 0.52132
0.40648 0.487352 0.57996
0.3724 0.456004 0.54336
0.36896 0.442512 0.497
0.39556 0.45244 0.57908
0.40032 0.447152 0.57924
0.36272 0.425752 0.55236
0.38004 0.46008 0.53416
0.38348 0.436776 0.57596
0.36996 0.435428 0.534
0.37292 0.472644 0.59776
0.34748 0.452568 0.59576
0.34376 0.426684 0.49472
0.3634 0.459652 0.51556
0.38236 0.48248 0.54104
0.33276 0.422116 0.54356
0.35944 0.41762 0.48592
0.36284 0.450228 0.58028
0.39204 0.431608 0.48312
0.29528 0.416096 0.49836
0.32732 0.444256 0.56152
0.35316 0.438228 0.53012
0.34068 0.426912 0.5226
0.35952 0.423504 0.51464
0.33504 0.42458 0.50992
0.39496 0.434568 0.50956
0.32748 0.43574 0.54992
0.37008 0.422664 0.48756
0.29228 0.381544 0.50488
0.32244 0.432328 0.50736
0.33008 0.432148 0.54016
0.33288 0.410528 0.46972
0.36868 0.438712 0.57164
0.36988 0.415748 0.47336
0.28924 0.40242 0.4684
0.33592 0.43534 0.56832
0.40404 0.42992 0.4842
0.33304 0.438876 0.52292
0.38564 0.446936 0.51132
0.37684 0.420156 0.4726
0.32864 0.472608 0.59808
0.33068 0.43456 0.55728
0.33488 0.42538 0.50932
0.32584 0.400404 0.53696
0.40436 0.449036 0.52388
0.30632 0.397548 0.45796
0.37264 0.463092 0.59024
0.33728 0.407784 0.53484
0.31512 0.409924 0.47628
0.35028 0.40576 0.47264
0.3734 0.42782 0.50304
0.34084 0.43118 0.52504
0.34952 0.445448 0.53616
0.37812 0.43528 0.55316
0.41552 0.461572 0.59252
0.4026 0.456076 0.58912
0.39372 0.447124 0.49936
0.32972 0.4278 0.47164
0.3426 0.42978 0.5018
0.3346 0.417772 0.49704
0.36456 0.455912 0.58268
0.36312 0.443612 0.51916
0.32244 0.420608 0.52288
0.34768 0.437472 0.5476
0.37248 0.417932 0.45912
0.33052 0.414984 0.48088
0.37032 0.412156 0.5182
0.35532 0.41942 0.47316
0.36212 0.431096 0.49104
0.338 0.416312 0.47708
0.366 0.444888 0.53484
0.36136 0.43632 0.56252
0.303 0.430176 0.5464
0.34724 0.44496 0.592
0.3498 0.43134 0.51156
0.35796 0.4451 0.6
0.35968 0.433412 0.55356
0.32604 0.422452 0.499
0.30288 0.405184 0.47336
0.36128 0.401768 0.46192
0.35064 0.402636 0.45352
0.37276 0.438432 0.49904
0.32824 0.41294 0.49912
0.37396 0.43388 0.52896
0.32796 0.382944 0.41748
0.35896 0.438676 0.5474
0.36112 0.4386 0.51164
0.32848 0.39538 0.47408
0.4084 0.458132 0.5092
0.33668 0.403536 0.46736
0.37056 0.423324 0.48964
0.37876 0.41502 0.45484
0.33844 0.413668 0.4878
0.38396 0.42072 0.53644
0.41136 0.42748 0.45736
0.34476 0.398112 0.5356
0.38276 0.433044 0.51608
0.33892 0.401104 0.463
0.35384 0.410468 0.46264
0.4074 0.438224 0.46244
0.38524 0.442648 0.51944
0.35792 0.406336 0.46084
0.38976 0.441644 0.50736
0.38172 0.44476 0.50672
0.37408 0.432208 0.4876
0.2822 0.398924 0.54544
0.31528 0.40962 0.48452
0.32872 0.410228 0.55812
0.38172 0.432336 0.52048
0.36264 0.431276 0.48868
0.37336 0.430716 0.4784
0.37584 0.431808 0.52116
0.3712 0.414992 0.49516
0.31996 0.385072 0.42048
0.33856 0.415072 0.47128
0.34708 0.424864 0.54012
0.341 0.416752 0.48676
0.33316 0.410728 0.50632
0.37772 0.411544 0.47664
0.31552 0.387048 0.43796
0.34124 0.382824 0.43708
0.34988 0.39826 0.44492
0.33744 0.414368 0.48416
0.38152 0.428448 0.46488
0.35896 0.398628 0.44056
0.35788 0.442788 0.53332
0.36888 0.43566 0.53188
0.37036 0.431288 0.54928
0.35984 0.417024 0.47532
0.3326 0.428476 0.4848
0.36288 0.411444 0.47776
0.30828 0.432008 0.5572
0.28684 0.382508 0.4474
0.34668 0.418172 0.48596
0.35736 0.41396 0.4972
0.32856 0.399076 0.46324
0.29764 0.405236 0.47676
0.26864 0.387408 0.45764
0.30732 0.412332 0.50204
0.3156 0.4088 0.46788
0.3092 0.359856 0.42556
0.32732 0.389024 0.44068
0.32848 0.381188 0.4624
0.32188 0.400256 0.46032
0.34656 0.430528 0.48292
0.27944 0.359184 0.44388
0.26352 0.387332 0.501
0.32008 0.364028 0.41364
0.265 0.376136 0.51028
0.27572 0.396792 0.5
0.31408 0.391688 0.47164
0.30084 0.3963 0.4704
0.33496 0.3791 0.4278
0.3024 0.379236 0.44944
0.28052 0.361624 0.4492
0.33472 0.406024 0.47808
0.37216 0.421484 0.48936
0.29252 0.357084 0.43568
0.30384 0.40884 0.47028
0.306 0.427152 0.46212
0.3062 0.393328 0.46048
0.35952 0.409336 0.48452
0.35208 0.449344 0.57684
0.2436 0.400504 0.53876
0.33172 0.407412 0.48416
0.31532 0.383008 0.4528
0.37192 0.439984 0.48308
0.31608 0.388088 0.45688
0.30076 0.394084 0.47172
0.3584 0.424172 0.503
0.38752 0.433168 0.47328
0.3346 0.416352 0.53412
0.2658 0.379616 0.45448
0.32036 0.414736 0.51444
0.34784 0.416088 0.47804
0.3696 0.41662 0.46052
0.34124 0.42652 0.5134
0.33976 0.432396 0.52804
0.34072 0.43384 0.56004
0.32672 0.391308 0.48696
0.35736 0.409564 0.48256
0.36576 0.430988 0.49344
0.33764 0.38946 0.45012
0.31264 0.377132 0.44408
0.32692 0.381076 0.45452
0.36796 0.426864 0.58912
0.32608 0.412696 0.49004
0.34588 0.4062 0.50328
0.38644 0.452876 0.57636
0.29628 0.407524 0.46676
0.32792 0.420556 0.51256
0.3236 0.402672 0.48292
0.3868 0.428396 0.57388
0.31852 0.44038 0.5612
0.35068 0.422812 0.47856
0.343 0.4216 0.4702
0.37696 0.457828 0.52468
0.40108 0.456508 0.48792
0.37736 0.442724 0.53488
0.3634 0.441652 0.47508
0.39564 0.443624 0.497
0.39636 0.436432 0.48004
0.40676 0.460212 0.5704
0.36008 0.403232 0.44208
0.37196 0.43368 0.47348
0.35348 0.41738 0.48324
0.39644 0.4412 0.49916
0.39512 0.445584 0.4936
0.35612 0.427624 0.5116
0.34228 0.438264 0.51664
0.42596 0.49124 0.58288
0.3606 0.436644 0.49148
0.41268 0.45502 0.53824
0.39804 0.456828 0.5138
0.3928 0.451408 0.5112
0.38064 0.44152 0.49764
0.41364 0.464536 0.54068
0.41364 0.464584 0.53988
0.36344 0.438756 0.47052
0.36916 0.415588 0.45184
0.3712 0.426092 0.49372
0.34284 0.406364 0.44944
0.34528 0.402004 0.55292
0.38008 0.421924 0.47188
0.31356 0.416076 0.53608
0.35128 0.429952 0.50488
0.3642 0.434688 0.49908
0.3514 0.406092 0.43972
0.39148 0.412424 0.44224
0.37736 0.44036 0.47668
0.35804 0.428688 0.46744
0.3792 0.439632 0.49908
0.3742 0.424156 0.48596
0.36976 0.42822 0.4918
0.38032 0.432324 0.5012
0.31192 0.426312 0.4936
0.35988 0.422936 0.48752
0.3804 0.434852 0.45984
0.38076 0.420012 0.47824
0.36736 0.432564 0.47236
0.3932 0.433824 0.47976
0.41712 0.443252 0.47
0.36196 0.430188 0.51036
0.39168 0.438656 0.49328
0.38708 0.442724 0.46764
0.35592 0.43216 0.49184
0.39552 0.439892 0.49296
0.39588 0.440744 0.479
0.37884 0.42758 0.46992
0.38036 0.429944 0.50404
0.37396 0.397808 0.46376
0.37312 0.434244 0.51892
0.3712 0.425904 0.464
0.368 0.406316 0.4588
0.36968 0.42004 0.50108
0.36908 0.437824 0.52468
0.3722 0.408436 0.45512
0.3662 0.433448 0.56012
0.37084 0.417124 0.50084
0.36488 0.423248 0.4864
0.3902 0.417184 0.47256
0.3318 0.42962 0.5122
0.4086 0.4257 0.44892
0.389 0.4281 0.45388
0.40204 0.45678 0.51152
0.40952 0.450948 0.50496
0.3844 0.426616 0.46404
0.40664 0.463152 0.5152
0.37848 0.440008 0.50744
0.38716 0.456724 0.50464
0.37208 0.4467 0.54028
0.3884 0.434164 0.47756
0.3326 0.412672 0.44824
0.36196 0.413356 0.45404
0.39212 0.42952 0.48784
0.28424 0.424596 0.47192
0.40572 0.45552 0.50848
0.36564 0.43302 0.52568
0.35928 0.414448 0.50388
0.35748 0.427592 0.53096
0.38192 0.436072 0.51548
0.28752 0.415352 0.4614
0.3492 0.421288 0.46456
0.40664 0.43002 0.45872
0.35484 0.419216 0.46292
0.35088 0.429188 0.49304
0.36312 0.426516 0.5074
0.36644 0.399788 0.42616
0.3504 0.404444 0.4704
0.37792 0.412844 0.4594
0.37908 0.435956 0.4764
0.37916 0.435352 0.46904
0.35708 0.425164 0.51676
0.37768 0.419656 0.47256
0.37676 0.401224 0.4274
0.32972 0.415336 0.46396
0.38076 0.416732 0.44872
0.34732 0.403208 0.46332
0.39096 0.415152 0.46192
0.34188 0.406048 0.45904
0.33072 0.398368 0.46032
0.35964 0.403668 0.43476
0.35104 0.39464 0.44616
0.3858 0.422384 0.46104
0.34904 0.40164 0.4628
0.33296 0.39826 0.45264
0.37316 0.420384 0.45336
0.34264 0.413732 0.47612
0.36648 0.404564 0.50996
0.37496 0.432768 0.49028
0.36784 0.413908 0.47092
0.35908 0.4146 0.529
0.32584 0.399412 0.44892
0.3664 0.405836 0.44328
0.35836 0.430428 0.49392
0.37072 0.393944 0.43624
0.33896 0.409 0.475
0.3222 0.423528 0.48448
0.34584 0.38622 0.43436
0.36732 0.403032 0.45968
0.35032 0.416836 0.48572
0.36768 0.40202 0.4406
0.40212 0.425212 0.4798
0.36136 0.415384 0.45212
0.35224 0.420036 0.48432
0.34272 0.38898 0.44924
0.37016 0.423036 0.50696
0.31304 0.395292 0.47824
0.37264 0.418104 0.44292
0.3786 0.408936 0.444
0.31064 0.410212 0.46152
0.28384 0.412192 0.49312
0.32448 0.414656 0.51556
0.35384 0.400948 0.484
0.32752 0.37698 0.42908
0.38844 0.451532 0.54552
0.30244 0.437776 0.49364
0.3862 0.4399 0.51044
0.43928 0.458844 0.49416
0.41064 0.45994 0.552
0.39144 0.44168 0.49144
0.37812 0.439896 0.54932
0.37488 0.433924 0.4754
0.40444 0.458464 0.47848
0.39288 0.43358 0.48388
0.39272 0.432768 0.50208
0.41928 0.46038 0.51144
0.36068 0.43414 0.50792
0.35812 0.43306 0.50972
0.32824 0.410932 0.47412
0.37492 0.417156 0.45704
0.40624 0.447744 0.48828
0.37436 0.409496 0.43576
0.38868 0.436748 0.47768
0.41228 0.448468 0.51888
0.38412 0.438936 0.51792
0.41236 0.454196 0.5142
0.3902 0.441916 0.5078
0.41428 0.44822 0.49716
0.33536 0.418856 0.47988
0.39024 0.42312 0.48344
0.36968 0.428748 0.49068
0.40976 0.447032 0.57212
0.39216 0.44066 0.49376
0.37752 0.435636 0.55776
0.3398 0.435792 0.48992
0.39632 0.428652 0.524
0.39272 0.429952 0.49036
0.35692 0.432576 0.51144
0.39936 0.436056 0.47632
0.35328 0.431804 0.51408
0.374 0.42238 0.47208
0.35492 0.432596 0.48364
0.35596 0.432536 0.47656
0.38556 0.436424 0.49228
0.40476 0.449628 0.52688
0.36312 0.425508 0.48744
0.41236 0.449064 0.52916
0.39896 0.438212 0.4848
0.40716 0.427092 0.46192
0.38608 0.418164 0.45612
0.38508 0.42276 0.46264
0.3832 0.433756 0.50316
0.38924 0.445036 0.46656
0.41516 0.43724 0.4896
0.38996 0.431124 0.48632
0.3886 0.430764 0.51516
0.38768 0.423228 0.48156
0.39128 0.437352 0.5062
0.39468 0.442424 0.4912
0.38956 0.444008 0.49468
0.39772 0.42286 0.455
0.39632 0.435552 0.47992
0.407 0.45398 0.54716
0.3958 0.434496 0.48772
0.38364 0.420712 0.474
0.38632 0.433908 0.518
0.38564 0.414636 0.44432
0.36092 0.410732 0.44508
0.3732 0.406688 0.44452
0.39044 0.411624 0.45908
0.39064 0.424516 0.47832
0.4022 0.421012 0.45884
0.39928 0.43096 0.46172
0.39104 0.421068 0.46704
0.40244 0.426244 0.46128
0.38664 0.417832 0.4454
0.40048 0.428232 0.46228
0.39168 0.438464 0.4864
0.39552 0.43368 0.48736
0.40912 0.440372 0.47064
0.39076 0.430852 0.4712
0.40448 0.433124 0.47112
0.40148 0.429816 0.46868
0.4098 0.439376 0.45172
0.4052 0.436256 0.49676
0.40356 0.4318 0.47976
0.41028 0.44288 0.472
0.39752 0.447 0.47956
0.34892 0.417508 0.4754
0.38324 0.436764 0.49324
0.3978 0.43558 0.46564
0.39128 0.436524 0.48236
0.37136 0.437404 0.47436
0.38648 0.427208 0.47292
0.36528 0.40864 0.4634
0.32744 0.400012 0.4568
0.35684 0.413948 0.45776
0.35476 0.404548 0.4368
0.3892 0.41098 0.4338
0.36172 0.424212 0.47344
0.42772 0.45364 0.492
0.38672 0.433232 0.45556
0.37648 0.43056 0.46796
0.3674 0.45746 0.49816
0.40952 0.456576 0.49752
0.38756 0.431284 0.46104
0.41508 0.45076 0.4948
0.38956 0.446596 0.48504
0.3964 0.454112 0.49768
0.4248 0.44456 0.45904
0.40604 0.454596 0.52008
0.41216 0.460336 0.51284
0.36588 0.449 0.48288
0.39028 0.452584 0.48052
0.41736 0.441208 0.48024
0.4024 0.444564 0.4618
0.39636 0.444268 0.50356
0.36104 0.44042 0.4648
0.39556 0.456828 0.487
0.4092 0.449344 0.5008
0.39572 0.447524 0.48576
0.39204 0.4422 0.46992
0.38192 0.460708 0.5038
0.41972 0.463276 0.51388
0.40408 0.447276 0.5268
0.39588 0.442972 0.48188
0.43116 0.470716 0.51404
0.37868 0.446284 0.51136
0.40856 0.43056 0.45212
0.37536 0.440944 0.50932
0.33432 0.406428 0.45944
0.38764 0.42464 0.45636
0.34464 0.423316 0.52252
0.37944 0.429 0.44328
0.37104 0.428244 0.46236
0.35452 0.41816 0.45696
0.35932 0.431088 0.49564
0.38416 0.446308 0.51616
0.39204 0.421388 0.4748
0.40716 0.43216 0.46348
0.3978 0.431288 0.45716
0.39816 0.435552 0.466
0.35852 0.45556 0.50788
0.39132 0.437248 0.4772
0.40156 0.447052 0.4836
0.40692 0.440904 0.4986
0.35748 0.442064 0.48032
0.41996 0.454764 0.49128
0.40588 0.47202 0.51964
0.39312 0.455856 0.49288
0.39896 0.465184 0.5118
0.42544 0.460748 0.49172
0.40764 0.450944 0.50608
0.4104 0.462432 0.52784
0.40048 0.439744 0.47484
0.39772 0.449044 0.47704
0.40332 0.450756 0.48356
0.42 0.465308 0.55652
0.40116 0.45426 0.54064
0.40624 0.4462 0.4794
0.41692 0.453896 0.5026
0.41668 0.463352 0.51508
0.42864 0.46882 0.53644
0.38744 0.461752 0.52516
0.40224 0.441732 0.50852
0.40268 0.449988 0.51892
0.40508 0.438624 0.48868
0.39124 0.442668 0.47316
0.4078 0.446636 0.53836
0.39132 0.454876 0.49172
0.41952 0.456016 0.51484
0.42036 0.464948 0.50904
0.35844 0.44768 0.48352
0.40612 0.451084 0.52352
0.404 0.44822 0.49976
0.39452 0.460136 0.50212
0.399 0.451216 0.49168
0.41564 0.459916 0.47896
0.37488 0.445028 0.482
0.41956 0.4465 0.48852
0.39924 0.440888 0.48644
0.40888 0.46978 0.50704
0.4128 0.459364 0.49944
0.40812 0.437404 0.45956
0.37852 0.427596 0.47152
0.38316 0.432088 0.47672
0.30488 0.42862 0.46828
0.37704 0.422616 0.4502
0.37404 0.433804 0.49908
0.41432 0.444544 0.45896
0.40852 0.428568 0.45332
0.3786 0.427752 0.48196
0.37676 0.448768 0.54384
0.38752 0.433832 0.49576
0.37268 0.42294 0.47996
0.4208 0.430884 0.45504
0.37792 0.429076 0.46572
0.41076 0.445688 0.47216
0.38028 0.431744 0.51308
0.44088 0.45308 0.50348
0.3872 0.437112 0.50312
0.43048 0.446772 0.49616
0.40936 0.432288 0.46748
0.4128 0.446368 0.48584
0.3992 0.414784 0.43612
0.41088 0.431224 0.45596
0.40136 0.440936 0.48768
0.40024 0.43154 0.46552
0.40288 0.445888 0.518
0.35608 0.438448 0.47936
0.39092 0.437784 0.50716
0.39444 0.433956 0.479
0.3816 0.433 0.4818
0.39136 0.42474 0.5054
0.37384 0.417984 0.46732
0.40124 0.41538 0.42828
0.39996 0.408916 0.42052
0.3556 0.413096 0.44364
0.37336 0.4189 0.49988
0.40564 0.4233 0.44392
0.41704 0.440692 0.48676
0.37288 0.42288 0.45992
0.40064 0.439372 0.49296
0.36288 0.410224 0.44764
0.38028 0.43484 0.50912
0.39576 0.428368 0.45468
0.41684 0.446632 0.47084
0.4198 0.443152 0.47332
0.41412 0.44928 0.47172
0.414 0.438984 0.48132
0.3734 0.445316 0.50028
0.3654 0.445008 0.49524
0.3536 0.41238 0.4838
0.39108 0.43688 0.48596
0.33312 0.407928 0.45072
0.3702 0.442116 0.52028
0.39232 0.42598 0.49028
0.39356 0.426592 0.47884
0.36632 0.414104 0.46284
0.33084 0.42134 0.54784
0.3632 0.398236 0.47076
0.39372 0.4184 0.46004
0.29444 0.422868 0.5096
0.38096 0.432552 0.50072
0.37964 0.426612 0.45972
0.38484 0.429128 0.46044
0.40268 0.440824 0.48608
0.35868 0.427448 0.47224
0.40748 0.430792 0.47364
0.35472 0.389652 0.43812
0.39696 0.422184 0.46208
0.38332 0.424688 0.46492
0.3962 0.430832 0.45
0.39744 0.428412 0.48692
0.38556 0.414824 0.44008
0.34772 0.427988 0.48124
0.40168 0.425272 0.45712
0.3442 0.428716 0.48956
0.33844 0.423432 0.46752
0.367 0.416484 0.54316
0.3604 0.400476 0.45544
0.3696 0.431392 0.4654
0.3898 0.415112 0.44456
0.3844 0.417144 0.44332
0.34996 0.403168 0.44736
0.39396 0.422808 0.467
0.362 0.420844 0.46932
0.39452 0.436404 0.478
0.3598 0.421468 0.49748
0.39316 0.424948 0.4484
0.35892 0.416564 0.47408
0.36568 0.429444 0.46212
0.35752 0.424956 0.49344
0.40328 0.4385 0.50032
0.3922 0.43256 0.46844
0.3854 0.4244 0.47292
0.39736 0.426968 0.46932
0.39232 0.420796 0.44984
0.39488 0.432476 0.47356
0.37872 0.421936 0.46492
0.41776 0.437736 0.48336
0.45376 0.465584 0.48512
0.4022 0.44262 0.47284
0.413 0.460024 0.51084
0.43116 0.438504 0.47016
0.43088 0.449736 0.51048
0.4362 0.456256 0.5092
0.39656 0.436636 0.47752
0.39788 0.43556 0.46156
0.42972 0.471384 0.51288
0.40272 0.453704 0.48788
0.43316 0.455276 0.4752
0.4042 0.440304 0.48208
0.3894 0.447728 0.50248
0.39548 0.437212 0.48988
0.42044 0.456772 0.48488
0.4192 0.45678 0.51036
0.41292 0.440528 0.47416
0.405 0.439 0.48664
0.39436 0.440832 0.50056
0.40628 0.450188 0.50704
0.39372 0.44408 0.50732
0.39136 0.434604 0.47172
0.38588 0.44372 0.49104
0.38464 0.438296 0.48528
0.384 0.427724 0.49444
0.38372 0.453648 0.51544
0.43096 0.454976 0.47676
0.43332 0.466632 0.51908
0.40328 0.433124 0.46824
0.42196 0.443576 0.46132
0.40276 0.448056 0.48308
0.40548 0.45946 0.49548
0.37096 0.43624 0.4832
0.37816 0.438712 0.47452
0.401 0.445072 0.49944
0.40728 0.446328 0.48976
0.35044 0.412792 0.4532
0.40972 0.443372 0.491
0.3862 0.427252 0.46728
0.4092 0.445296 0.47628
0.42392 0.451316 0.48956
0.38896 0.4369 0.47784
0.38368 0.431044 0.49848
0.42828 0.443864 0.47112
0.38832 0.444896 0.49864
0.38992 0.436168 0.47276
0.38152 0.437232 0.5104
0.39764 0.422708 0.45832
0.35924 0.434132 0.49048
0.39236 0.426776 0.47632
0.3858 0.419116 0.46944
0.3842 0.45006 0.483
0.38552 0.409892 0.44932
0.36944 0.435844 0.46236
0.3892 0.434464 0.4998
0.32644 0.419028 0.44744
0.37384 0.440736 0.4884
0.39632 0.432368 0.46412
0.3766 0.44882 0.53696
0.39812 0.432332 0.48252
0.3932 0.439964 0.49064
0.36904 0.447464 0.47528
0.42868 0.448232 0.46532
0.4236 0.44922 0.51468
0.41888 0.452316 0.51916
0.39592 0.448788 0.51668
0.39772 0.452872 0.49396
0.42424 0.453316 0.47568
0.39752 0.435048 0.51164
0.44184 0.461716 0.47496
0.42288 0.4634 0.5102
0.4094 0.459296 0.48984
0.4066 0.449916 0.48176
0.3872 0.474804 0.5156
0.4182 0.455844 0.50244
0.45108 0.476636 0.51916
0.41764 0.460092 0.4934
0.44764 0.466032 0.50876
0.43196 0.451808 0.47004
0.43216 0.450784 0.49496
0.43464 0.461332 0.51672
0.43008 0.452824 0.51348
0.43072 0.45814 0.5094
0.42124 0.455136 0.50152
0.40012 0.44632 0.47776
0.37416 0.445512 0.51332
0.41768 0.457672 0.51096
0.40592 0.457168 0.51408
0.4276 0.464672 0.51044
0.42652 0.4557 0.47124
0.45604 0.472352 0.49828
0.41808 0.454728 0.50168
0.416 0.456896 0.50348
0.43704 0.459216 0.48484
0.42724 0.45972 0.50188
0.43764 0.461072 0.509
0.41548 0.454056 0.48432
0.4422 0.456044 0.47952
0.42204 0.48436 0.51556
0.42408 0.463096 0.51776
0.43092 0.472876 0.51636
0.4228 0.466588 0.4966
0.42824 0.465196 0.48468
0.43008 0.461664 0.50312
0.43384 0.466132 0.54712
0.43896 0.45698 0.4882
0.41428 0.457676 0.4886
0.43024 0.453892 0.50284
0.43104 0.455984 0.50664
0.42572 0.443192 0.483
0.44204 0.487164 0.52
0.45004 0.487556 0.56288
0.40628 0.474688 0.50676
0.42108 0.454872 0.49852
0.4438 0.474296 0.49964
0.43128 0.464496 0.49956
0.41768 0.459284 0.50148
0.42448 0.46194 0.49704
0.44704 0.478624 0.50544
0.40016 0.457856 0.50752
0.41076 0.455408 0.49524
0.40672 0.476952 0.51184
0.44836 0.472088 0.50348
0.43896 0.478312 0.5408
0.44672 0.467292 0.49744
0.45604 0.476344 0.52436
0.44104 0.477892 0.51492
0.44096 0.465956 0.51284
0.41584 0.466676 0.49232
0.4258 0.47786 0.51732
0.42816 0.471712 0.5184
0.43672 0.475472 0.5124
0.4198 0.47268 0.50224
0.41912 0.448692 0.4736
0.47024 0.4921 0.52824
0.4448 0.477504 0.52204
0.45148 0.499416 0.52776
0.44712 0.477216 0.52552
0.4524 0.484248 0.53792
0.45292 0.480304 0.51804
0.37316 0.46274 0.49684
0.44824 0.4858 0.51792
0.42388 0.470112 0.50884
0.438 0.476968 0.51324
0.451 0.483524 0.52696
0.4504 0.484508 0.5206
0.46156 0.491224 0.5648
0.4122 0.4684 0.51028
0.44344 0.487416 0.546
0.40972 0.459612 0.51356
0.43856 0.472772 0.51072
0.41028 0.47058 0.51112
0.444 0.481984 0.51964
0.448 0.476924 0.52608
0.42436 0.469328 0.49312
0.43112 0.456888 0.48476
0.43956 0.461112 0.49772
0.41604 0.464904 0.50064
0.46092 0.48302 0.49944
0.4392 0.476052 0.5048
0.46308 0.487828 0.51904
0.43832 0.46242 0.48764
0.4364 0.478596 0.50664
0.4348 0.4659 0.50444
0.43684 0.46342 0.504
0.41952 0.465388 0.52888
0.44176 0.485408 0.52044
0.41072 0.456016 0.50244
0.41568 0.45928 0.5108
0.41028 0.458512 0.49528
0.40512 0.454436 0.49544
0.4196 0.456712 0.48056
0.41852 0.460504 0.5186
0.4314 0.454968 0.47028
0.42356 0.449364 0.50932
0.43476 0.455084 0.46856
0.4078 0.448924 0.49352
0.4356 0.451036 0.46524
0.3896 0.455944 0.49368
0.4452 0.46736 0.48616
0.43696 0.4677 0.52628
0.43544 0.466124 0.4862
0.43296 0.467012 0.4896
0.41276 0.452816 0.48576
0.41968 0.461932 0.50148
0.3936 0.452048 0.48244
0.43192 0.455744 0.49704
0.40592 0.45274 0.47084
0.41332 0.443876 0.47292
0.4128 0.442536 0.49524
0.4074 0.435636 0.49364
0.42312 0.44998 0.47652
0.42176 0.445532 0.4702
0.42424 0.445808 0.47816
0.43548 0.462016 0.49532
0.44708 0.460772 0.49048
0.43084 0.459504 0.48584
0.42784 0.46132 0.49088
0.40536 0.442232 0.46348
0.43008 0.461028 0.48996
0.42428 0.4551 0.52136
0.43836 0.450612 0.46264
0.42396 0.45628 0.52164
0.428 0.448448 0.4968
0.42128 0.44842 0.4906
0.40544 0.452516 0.4884
0.39556 0.42652 0.47976
0.40136 0.428832 0.47076
0.39588 0.419768 0.47912
0.41092 0.432924 0.45776
0.41292 0.443132 0.47248
0.4114 0.439492 0.46308
0.42668 0.442844 0.4826
0.4282 0.444696 0.47832
0.42092 0.449972 0.50748
0.4214 0.452552 0.49392
0.41516 0.449436 0.47616
0.42964 0.455412 0.48244
0.3986 0.448852 0.51088
0.42748 0.44664 0.47452
0.41868 0.447856 0.4938
0.3864 0.43108 0.46288
0.38728 0.42814 0.4508
0.39492 0.435344 0.4654
0.39364 0.429432 0.4722
0.39076 0.428248 0.45604
0.41044 0.434172 0.4634
0.42124 0.445536 0.4636
0.4106 0.445668 0.49328
0.41004 0.442068 0.46776
0.43764 0.458312 0.49544
0.42908 0.445592 0.4676
0.4156 0.438888 0.465
0.401 0.464972 0.4984
0.42232 0.46312 0.51544
0.42412 0.451264 0.4836
0.39872 0.437396 0.46948
0.4042 0.44136 0.48336
0.40724 0.45668 0.47856
0.4264 0.451832 0.49716
0.37192 0.45044 0.49348
0.41056 0.448112 0.49904
0.38812 0.431764 0.48188
0.43048 0.445536 0.4768
0.41132 0.439208 0.46896
0.39508 0.443624 0.47144
0.40888 0.433264 0.4664
0.34144 0.417308 0.47984
0.39796 0.424104 0.4634
0.37424 0.423872 0.47568
0.39996 0.435376 0.46732
0.3912 0.435832 0.49004
0.38668 0.437424 0.49692
0.3544 0.422512 0.47056
0.35372 0.430816 0.4712
0.37588 0.429164 0.46744
0.35904 0.406512 0.4516
0.39852 0.439504 0.4868
0.33948 0.40242 0.4526
0.3936 0.425676 0.45828
0.41408 0.439652 0.485
0.3934 0.43534 0.46304
0.3904 0.436264 0.48296
0.35944 0.423804 0.47284
0.38736 0.422572 0.46592
0.38356 0.420624 0.47368
0.38588 0.44 0.50448
0.38464 0.441516 0.47228
0.34812 0.418756 0.46908
0.35948 0.429708 0.49088
0.3962 0.428844 0.46536
0.39104 0.452192 0.51372
0.36836 0.443064 0.46108
0.43888 0.452052 0.46548
0.40316 0.441048 0.48652
0.3564 0.422764 0.46284
0.41272 0.437604 0.4806
0.40364 0.42152 0.4534
0.41736 0.430904 0.44304
0.42772 0.443228 0.48932
0.42544 0.43958 0.46092
0.37656 0.425716 0.4636
0.33844 0.420116 0.457
0.38636 0.419212 0.44252
0.3938 0.42244 0.4552
0.36364 0.404544 0.41912
0.36296 0.41474 0.4572
0.36736 0.415352 0.4826
0.3616 0.42428 0.45548
0.366 0.430312 0.48076
0.36728 0.436892 0.51404
0.335 0.415004 0.47392
0.37468 0.42252 0.46224
0.40028 0.436552 0.45476
0.3624 0.435624 0.48648
0.393 0.427464 0.4894
0.38328 0.434812 0.4844
0.37756 0.439348 0.48944
0.37804 0.43098 0.47916
0.339 0.428596 0.45944
0.42112 0.436188 0.4566
0.35244 0.42776 0.45168
0.40444 0.43792 0.47504
0.3858 0.433264 0.49552
0.38216 0.434268 0.46604
0.36888 0.410316 0.48044
0.3966 0.421664 0.45248
0.38108 0.420484 0.44504
0.37544 0.4356 0.47712
0.36204 0.437812 0.46712
0.37528 0.415308 0.44956
0.38412 0.424268 0.47736
0.38448 0.409988 0.44116
0.38464 0.41304 0.45584
0.3524 0.418096 0.47056
0.3896 0.420308 0.46208
0.41056 0.429544 0.50128
0.39052 0.463984 0.51956
0.41932 0.458196 0.51948
0.40404 0.454912 0.48468
0.3828 0.437944 0.46024
0.37308 0.435608 0.49912
0.42472 0.450332 0.49036
0.40804 0.453372 0.50812
0.41936 0.46246 0.48948
0.41044 0.458396 0.50396
0.42356 0.441728 0.4686
0.41176 0.438052 0.50048
0.37756 0.433412 0.45936
0.38248 0.434592 0.4738
0.4084 0.444048 0.45908
0.37664 0.435096 0.47404
0.43928 0.464144 0.49312
0.40248 0.453704 0.50956
0.41452 0.45372 0.49064
0.38168 0.450268 0.48416
0.42912 0.460464 0.49364
0.39216 0.460764 0.51384
0.39684 0.478212 0.5242
0.42188 0.449244 0.471
0.38656 0.443248 0.49524
0.3948 0.443644 0.49632
0.39308 0.443848 0.47096
0.3932 0.463488 0.51032
0.372 0.440768 0.47796
0.40916 0.44416 0.47472
0.36748 0.41562 0.45124
0.37716 0.445608 0.46856
0.33728 0.422248 0.47828
0.35484 0.405484 0.44832
0.382 0.45006 0.47384
0.40444 0.449116 0.47496
0.39592 0.42942 0.46824
0.40804 0.445768 0.47524
0.40108 0.445352 0.4812
0.35936 0.43872 0.48552
0.41648 0.446048 0.48108
0.4152 0.454952 0.50244
0.4154 0.46126 0.51216
0.35588 0.440396 0.46564
0.36252 0.44678 0.49836
0.41928 0.460736 0.49668
0.43236 0.453792 0.49356
0.41776 0.45698 0.48388
0.43788 0.470464 0.51144
0.41984 0.473476 0.50764
0.42732 0.460204 0.53964
0.4224 0.473744 0.52604
0.43428 0.462212 0.50232
0.42404 0.472484 0.53688
0.4148 0.463012 0.53016
0.43704 0.476536 0.52072
0.43384 0.47466 0.51388
0.43788 0.4703 0.5072
0.441 0.475536 0.5326
0.44996 0.482908 0.52072
0.458 0.481624 0.49484
0.43828 0.47846 0.52304
0.44036 0.474572 0.52988
0.44096 0.46832 0.50528
0.43512 0.464316 0.49668
0.4334 0.458312 0.5112
0.43464 0.473192 0.52232
0.40508 0.450184 0.49036
0.41284 0.460688 0.51776
0.40524 0.452836 0.50976
0.43356 0.456792 0.49412
0.43644 0.46206 0.49248
0.43844 0.463332 0.49344
0.42176 0.457324 0.48636
0.42824 0.46778 0.50568
0.41348 0.462704 0.48508
0.43368 0.465576 0.523
0.43352 0.450052 0.46704
0.44832 0.470212 0.50212
0.41608 0.449564 0.48536
0.4146 0.464568 0.50056
0.4536 0.470588 0.49336
0.41708 0.44614 0.49276
0.41772 0.445708 0.46684
0.40444 0.452788 0.48828
0.34364 0.433268 0.47648
0.42908 0.456176 0.50504
0.40524 0.449968 0.49496
0.40476 0.445208 0.48156
0.40216 0.449584 0.50132
0.40248 0.456964 0.50892
0.361 0.424284 0.4592
0.39952 0.432924 0.48804
0.41456 0.44732 0.4796
0.34684 0.426424 0.49656
0.38408 0.432752 0.4744
0.38532 0.436604 0.46952
0.37172 0.448696 0.49484
0.40856 0.44204 0.4756
0.38568 0.443848 0.48968
0.406 0.427088 0.47016
0.40424 0.46052 0.49684
0.39964 0.43434 0.47172
0.40296 0.442736 0.4622
0.40232 0.43762 0.47964
0.38204 0.440408 0.4952
0.3806 0.45006 0.49484
0.39504 0.445532 0.47228
0.39688 0.451748 0.4842
0.34756 0.447128 0.492
0.39604 0.439816 0.48784
0.41364 0.448892 0.48628
0.3482 0.427664 0.49804
0.35296 0.417584 0.45236
0.36636 0.434944 0.488
0.37204 0.41636 0.44536
0.33484 0.426972 0.48896
0.38568 0.43026 0.49348
0.429 0.456036 0.47952
0.38656 0.4445 0.49048
0.43036 0.457696 0.49984
0.40136 0.460584 0.51684
0.39828 0.443996 0.49872
0.4354 0.458784 0.4916
0.44612 0.463884 0.50296
0.35784 0.419136 0.49688
0.41768 0.459056 0.49208
