-10396.0179144 -10374.6861726 -10351.007537
-10400.076344 -10359.5306437 -10320.3681094
-39765.994845 -38981.2652111 -38270.1671106
-40056.8588105 -39325.3403581 -38432.138593
-39532.5775373 -38993.3911111 -38158.3853344
-39639.7679573 -38709.6053572 -38019.9627197
-39277.5469769 -38466.171107 -37703.9507145
-39367.6812524 -38843.8383373 -37988.6855332
-39082.1786335 -38367.9662445 -37631.0124869
-38590.6375358 -38158.4218065 -37868.2575971
-38852.4182909 -38361.4383006 -37426.225141
-38045.136798 -37816.4627031 -37158.8908675
-38510.419985 -37926.6848855 -37402.9766906
-38372.4999953 -37998.2589675 -37424.6597624
-38086.8629737 -37614.678025 -37403.2374759
-38047.5624554 -37666.0915751 -37156.3320542
-37767.9429302 -37528.9910086 -36937.7450681
-37744.2930125 -37422.4637403 -37067.3984264
-37865.4882519 -37518.5504686 -37202.3904409
-37724.3048023 -37331.147363 -36824.4856387
-37954.8161639 -37268.1106453 -37000.0205154
-37847.7469141 -37287.3764691 -37017.5182139
-37791.2726886 -37291.9859671 -37008.1899259
-37649.5462469 -37236.4945195 -36860.8626191
-37501.0652592 -37238.6827081 -37026.9915
-37800.3024638 -37157.8535716 -36713.8887289
-39717.1859921 -39087.5598987 -38531.4138681
-39620.9180789 -39153.8742057 -38434.9538672
-39355.2903339 -38820.7661107 -38172.6431913
-39519.210427 -38784.1860271 -37822.5754052
-39504.8289288 -38659.5233173 -38168.7162675
-39401.9575826 -38548.5939974 -37961.504983
-38834.5988797 -38025.9131483 -37569.3606286
-38281.0434908 -37552.5842759 -37072.274917
-38664.1786891 -38114.1676888 -37673.6638769
-38929.7866584 -37998.3390558 -37557.7893012
-38208.171538 -37685.0116479 -37341.0097225
-38714.0754099 -37982.5010279 -37374.7729563
-38087.0937977 -37657.1437122 -36902.590488
-37711.1649077 -37413.8919071 -36692.5880644
-38080.4268107 -37454.4012039 -37179.8686063
-37789.5868624 -37376.405428 -37159.1856707
-37739.3655174 -37441.7899725 -37259.3421624
-37659.8810568 -37103.7993517 -36633.5719431
-37324.482685 -37023.0076297 -36468.6415409
-37516.4133679 -37158.4762323 -36806.84765
-37674.028021 -37092.6850417 -36851.4461546
-38207.9157812 -37229.9646217 -36722.6107033
-36956.7458014 -36781.7952664 -36568.981451
-37186.1251383 -36686.6989589 -36023.395775
-37212.0141323 -36891.3883245 -36393.5600876
-37207.4739394 -36999.965986 -36768.1326346
-37362.1909505 -36891.5218905 -36456.1607082
-37323.2589776 -36778.4462056 -36252.0373882
-37874.648666 -37236.4936695 -36934.1431382
-37579.5158715 -37229.1960316 -36925.5176776
-37591.4750558 -37146.569719 -36648.0080557
-37190.9893294 -36687.5570363 -36303.1958648
-37273.354993 -36571.6477493 -36020.241368
-36730.5307911 -36410.8414276 -35933.5183356
-36768.7482408 -36421.2060001 -35927.9246739
-37258.7510235 -36653.3848175 -36464.5612096
-37028.0910363 -36501.5355606 -36082.1560667
-36634.3574686 -36077.4018541 -35656.8301402
-36651.4556007 -36198.8908237 -35817.6872422
-36554.5365653 -36296.3001737 -35975.074349
-36687.2141466 -36355.3597293 -35950.4080272
-36216.9718659 -35916.5167131 -35511.6429816
-36544.1154812 -35905.5013412 -35269.1225004
-36478.6142461 -36190.6598385 -35847.3219672
-36748.9075356 -35986.639651 -35462.527517
-36366.705178 -35775.5490243 -35418.493682
-36023.0567748 -35797.3266577 -35456.987012
-35997.1842825 -35570.6103834 -35078.6573267
-36053.3717523 -35477.616126 -35171.2273516
-35871.7070444 -35619.7613598 -34955.2185466
-35617.1165877 -35379.9189593 -35082.5220454
-35989.8697867 -35650.2314545 -35210.9148483
-35892.3226079 -35199.5392931 -34735.2896596
-35671.1172699 -35414.4521259 -34693.1274134
-36045.9623111 -35454.5079052 -35149.2508281
-36107.7496793 -35715.5086638 -35214.5341709
-35848.3898424 -35646.9904267 -35442.5023444
-35627.5724298 -35071.1268695 -34551.1864531
-35225.9755167 -34697.9753075 -34492.897868
-35238.1622916 -34611.7867419 -34099.6667271
-35418.6186965 -34924.6495806 -34502.5756405
-35265.9067836 -35090.5310968 -34884.8088875
-35212.2372271 -34981.4975055 -34527.3958491
-35323.5610808 -34740.0693018 -34212.4470757
-35462.5479125 -34858.5528618 -34371.4659157
-35089.2387118 -34729.7049683 -34235.3559874
-35192.6071034 -34702.8040973 -34164.5744959
-35170.4288164 -34842.3753187 -34230.9942997
-35335.4447931 -34901.559165 -34551.5167644
-34879.4418989 -34376.3947454 -34096.7842296
-34761.7126053 -34311.8683218 -33802.3784195
-34499.7029502 -34223.153231 -34045.9755106
-35252.434944 -34786.6847737 -34000.2629278
-35533.715202 -35011.7185456 -34583.9624233
-35203.6359556 -34761.885691 -34523.3691352
-34776.4285051 -34360.2074238 -33745.9805476
-34523.964699 -34119.1855152 -33742.7872851
-34707.4424168 -34084.2207075 -33604.64089
-34313.3717725 -33963.4495307 -32897.6184884
-34030.1578997 -33569.9194372 -33055.2509449
-34458.2893673 -33787.4594154 -33260.9890142
-34082.4784141 -33744.3484322 -33307.3031628
-34191.6560362 -33776.6877445 -33001.6626307
-34392.9970888 -33549.4849104 -32950.7493691
-34131.5783642 -33301.4105732 -32675.5430037
-33788.0351599 -33472.0021745 -32963.7825191
-34375.2295358 -33601.8310279 -32897.4319869
-33331.7452696 -32878.5981114 -32394.5935823
-34255.4313977 -33384.2852441 -32691.525597
-33382.6448807 -33078.3228562 -32810.1780287
-33212.6041912 -32773.8212132 -32207.8019339
-33473.6779544 -32817.2030778 -32299.69866
-33552.9875628 -32850.5301376 -32131.2072819
-33366.4761737 -32607.936621 -31990.5127436
-33058.4342785 -32440.2637908 -31613.8236311
-33487.0477575 -32036.6144761 -30980.214538
-32697.9878579 -32201.4383911 -31488.0294898
-32288.732622 -31808.0079385 -31190.42666
-32792.7813734 -31392.0483679 -30684.8210758
-31769.0026188 -31195.1224426 -30365.4356367
-31706.608739 -31001.6604373 -30226.2453063
-31951.7622438 -31217.0485428 -30593.926614
-32561.3342949 -31345.1229064 -30084.6971597
-31487.4170457 -31033.5269763 -30370.4431374
-32156.6009249 -31423.4841835 -30788.3554995
-31033.4617385 -30454.176287 -29594.4987035
-32185.3807307 -30298.3075358 -29487.5237863
-30912.556043 -30192.0679984 -29136.0298304
-30132.2290244 -29288.3692915 -28758.158264
-29859.0964986 -29268.9052892 -28472.5759531
-30770.8169588 -29795.583795 -29045.9538665
-30849.9787662 -29510.4922404 -28202.5941498
-30942.9955206 -29552.048445 -28728.278674
-30583.1850527 -29604.356909 -28985.3658593
-29735.7096246 -28914.776388 -28059.6617538
-31257.4436216 -29530.7480134 -28751.9805985
-29588.4855048 -28888.8144378 -28024.2472156
-29671.0951019 -28510.1807279 -27853.6794537
-28415.0644429 -27803.3788884 -27065.6788536
-28427.4533569 -27962.5738317 -27471.5373217
-28556.2349836 -27557.0976847 -26244.8840805
-29317.3299925 -28276.9586448 -27575.1733222
-28074.8421567 -27564.7932192 -26596.416164
-28449.5001746 -27461.4256061 -26653.6471086
-28667.730127 -27346.0456255 -26140.9838821
-28058.1801251 -26728.3324124 -25640.0325964
-27301.7800749 -26377.7772734 -25184.1318968
-27834.8212815 -26394.4214463 -25316.9646306
-28026.1282758 -26661.7625631 -25762.0487941
-27535.6499715 -26004.8314823 -24698.9720569
-27724.2399662 -26001.0182007 -25131.8636417
-27223.230447 -25789.7361565 -24830.3765859
-26275.619853 -25358.6141081 -23947.1397991
-26375.2954909 -25098.3406047 -22936.7373108
-26729.5239304 -25802.5016589 -23849.437211
-25783.6226095 -24090.5245268 -21751.6359888
-25550.5635797 -23892.405014 -22792.583315
-25492.00494 -24058.8852256 -22881.3961486
-24005.9830525 -22268.198777 -20552.3272008
-23723.8691446 -22931.138044 -22223.4031575
-23665.1162301 -22381.6238915 -20904.5284145
-22304.0658509 -21325.0056227 -20124.2768535
-22437.4617757 -21285.6790095 -20015.6994842
-24333.6371023 -21734.1215929 -19702.6051886
-23177.6529112 -20536.7069664 -18767.4021533
-22297.9442629 -20539.9838315 -17926.4192944
-21622.8519452 -20856.2429716 -18790.4102947
-20963.7869786 -19284.4858689 -17193.5101729
-20648.3944101 -19384.3669602 -17759.2765212
-20142.1757513 -18312.648103 -17037.1150199
-18139.6748959 -16856.6384418 -13518.2152387
-18998.0722901 -17165.6881914 -15880.1460282
-20925.5667963 -17473.7290335 -14708.3433521
-18197.8608759 -15376.7127525 -12264.4670454
-18154.8166195 -14959.5841553 -13306.7057681
-16157.5686488 -15135.1704556 -14005.1656902
-14953.1552914 -13693.5545241 -12100.6262537
-14386.8614414 -13457.7003006 -12008.4098725
-15572.0174573 -13802.9684412 -12343.3629103
-13215.0015319 -12281.271054 -11050.8430955
-13942.5301385 -13074.8078079 -11634.6823705
-13099.6832793 -12368.5467411 -11119.8382342
-13436.9340535 -11981.1585416 -11024.403414
-13128.6827253 -11721.0546216 -10853.4288054
-12883.3499533 -12018.3867358 -11037.3057983
-13534.8546133 -10991.0325319 -9536.93689111
-13430.3983809 -11316.5610287 -9667.90243881
-11954.313571 -11061.2734605 -9215.66347736
-10212.2411816 -9762.01181879 -9159.9145255
-11495.1972456 -10136.0447066 -7843.5234575
-11331.6048633 -10176.6108534 -9107.44953708
-10609.9001366 -9340.81807259 -8192.43548938
-10067.1156518 -8665.74652263 -6345.05908322
-10933.7952486 -8922.00130167 -7528.69317737
-11058.8015203 -7983.6541527 -6883.11591754
-11150.0000386 -8742.2503386 -6876.86108312
-8870.08547535 -7681.65403496 -3532.20286798
-8742.95447781 -4870.9478176 -1124.96154534
-9294.45522827 -5749.25956531 -1070.26499269
-9328.43744596 -5548.72121927 -1229.11150705
-8378.93284777 -4629.86145166 -2331.90599274
-7808.75073035 -4695.5082478 -1131.60782875
-8167.20753621 -5849.88067163 -1796.57717468
-7781.84438444 -4283.01388219 -601.318831415
-7930.7636846 -4637.6624916 -2307.95355965
-9849.71155228 -5076.06680616 -1352.82450756
-8021.59549164 -3687.75583925 -1061.54617518
-7335.28773494 -3090.31828251 -1492.15211342
-9576.95885809 -4179.75266384 -1154.04214871
-8438.28070074 -3803.79563509 -823.290795304
-7287.01359247 -3802.78074604 -979.27818644
-9079.1594165 -3862.90572806 -1037.88663069
-7512.80312771 -2499.58616589 -517.596453305
-8679.53025268 -3177.86141983 -611.64565614
-8862.94720845 -4547.70295403 -801.636551545
-8116.85777203 -3836.38533614 -475.684300561
-5457.28714907 -2383.69414679 -547.026602331
-10294.1217724 -3491.79483579 -46.0778200648
-6938.17581777 -2689.31605498 -441.460836892
-10485.6472161 -5037.04822276 -638.054773886
-7199.49506046 -3838.26343679 -647.167328623
-7325.89683619 -3267.93103495 -440.511818407
-6854.311086 -4542.19893217 -914.266736303
-7630.21208569 -2152.95241734 -700.2605621
-6461.93133795 -2881.89608292 -926.320370611
-8390.40282656 -3758.01358523 -877.500796628
-7464.06011364 -4033.32509469 -625.748588712
-7791.4735241 -5008.24600262 -972.521725464
-7863.75029939 -2925.05697798 -291.670716319
-4908.40704151 -2666.51935169 -659.922018104
-6379.16037418 -2679.25871811 -699.782070296
-9158.39395256 -2909.59820283 -630.526008951
-6598.23563293 -2696.41411184 -711.479395245
-4609.67398016 -1589.6129475 -823.702632448
-8755.47155609 -4801.32937304 -79.8926467114
-8210.28690809 -3471.72961042 -185.48950085
-3272.36242507 -2090.05606057 -675.319047494
-6531.66980496 -2171.28858969 -213.365865038
-7607.10171281 -3178.98237702 -590.816518179
-8151.53309548 -2006.03740337 -511.18356597
-9327.70791868 -3929.16934996 -1102.11366157
-6715.89884793 -2909.99398206 -579.763564619
-5680.39119432 -2164.14964232 -96.4983957362
-6917.79884132 -4797.63109636 -795.931744279
-6772.66078096 -2872.60942492 -468.650344038
-7455.31327856 -3250.1710872 -227.469954837
-7738.28131094 -2393.66557934 -561.089521442
-6143.58356958 -1526.86282798 -134.731898742
-6075.72559184 -2424.15526051 -432.560372804
-6353.29014392 -1843.42396007 -475.661073201
-6268.88519031 -1793.85666963 -341.908191569
-9588.04945753 -3516.84037928 -206.651483955
-5643.98808768 -2389.89375529 -330.349853411
-9477.64447359 -2944.61210628 -403.588798895
-9019.14947045 -2294.31028681 -313.440709408
-7519.71870084 -3584.5017802 -510.743136887
-4563.37966668 -1261.47320758 -202.401333566
-4593.30798817 -1569.59958998 -378.721653587
-6058.64138888 -2349.16954589 -286.176022211
-7631.7703021 -2581.66736393 -310.930818548
-7082.31630394 -2905.07355744 -101.850316627
-10591.9610081 -2603.18896704 -214.647852805
-8037.69143259 -4153.13719233 -323.930616231
-7549.42128155 -2892.0817393 -35.688069941
-9931.06399768 -2296.09545099 -308.023184233
-6781.61931809 -1180.05560015 38.0376344168
-7234.43083356 -1620.97467994 -190.561886859
-9028.26894469 -3036.32633277 -338.24673028
-6487.75644276 -1918.11518554 111.816725858
-8414.3099285 -1954.66220578 -117.861990119
-8741.76348117 -3546.98585038 -290.002885762
-7184.15581826 -2920.01482804 130.860124891
-8599.70904212 -3254.4105627 -229.062923211
-8864.31732676 -3866.21468696 -250.778060984
-3670.25848618 -827.479438347 109.594406879
-8176.2528894 -4869.05395204 -252.534008481
-8220.21021799 -4233.08179451 125.907591374
-8951.43433823 -3738.33476798 34.3518635905
-9708.12149616 -2164.69484109 -19.5476607815
-7544.73600661 -2557.23997829 28.9269250063
-7651.24456832 -4246.19260744 -437.530484723
-7373.70259088 -3192.75602294 -243.881430286
-8074.79963065 -2877.69676731 -213.94859912
-6824.34704697 -2422.95483239 -46.7881818364
-5399.80169583 -1954.62292745 -175.488990299
-7813.01860231 -2501.00223187 -41.5388238994
-5540.21895947 -1419.20301711 81.5210714415
-7761.44323066 -3381.66575024 -185.816502292
-6094.53191081 -1651.10259156 52.3756025727
-7177.85771843 -2111.73941517 55.8089881434
-9656.96735344 -4392.21231575 -61.8409207179
-684.622043513 -372.881826841 58.2171657556
-3714.95866936 -1173.65429141 144.693168774
-8221.85557335 -3413.47734618 -99.6015049608
-8747.64542082 -2982.90242815 -299.859294531
-10452.4298651 -3155.85899783 9.42275279759
-4443.48635723 -1570.2341767 -274.778923183
-2885.11448634 -1076.53482138 44.8930228387
-7204.88266338 -3688.42032128 -11.7278544726
-7394.20570777 -2508.23542936 -143.662724861
-8149.67763551 -1897.30619457 0.0759210173068
-6341.98890564 -2457.66119736 219.103119063
-6434.9330939 -1728.08248102 161.534273798
-6615.86052035 -2349.18926788 -5.48511007832
-7458.69231291 -2161.53380609 51.4955859704
-5377.91184741 -1735.88263865 -102.296568861
-4821.8924886 -1184.89992789 114.727160227
-8872.04126179 -3512.60236313 -229.59843831
-6193.02815908 -2530.76998204 -207.940087107
-9235.30517176 -3455.96186801 -239.536188065
-8038.41040826 -2128.63166745 -214.729305568
-6760.43424665 -2166.97141955 148.575588674
-7164.28949554 -1649.32323997 -323.376512354
-8058.34460527 -1319.75245758 -207.745380627
-8193.53689312 -3444.15242753 -600.512561315
-6920.02278183 -1768.72173462 -159.227333963
-7913.5773157 -2995.85303909 -305.921459752
-10187.5851669 -4214.65928564 -29.3121937782
-6958.30604353 -2522.06575658 -81.4345791913
-8494.37983172 -3469.51090625 -260.853428725
-6428.77022717 -1866.13768524 1.80340580112
-7837.58272931 -2242.15115312 -241.635032632
-6894.07172345 -2226.15752825 -253.187911467
-8482.22684795 -4153.06276747 -269.620222523
-7334.5159793 -3141.94672357 -260.087316055
-1978.89257719 -618.783637291 -48.2680514888
-9230.21991809 -3019.89814854 -184.966099287
-7298.64812613 -2722.30495043 22.9883062565
-8001.88176129 -2397.85186691 96.3467755809
-7496.2937383 -2064.97217079 305.762547486
-7981.95724618 -2843.52471699 -262.313910142
-2184.57557672 -513.126715345 368.395654776
-6323.01194582 -3829.83957182 -591.838617256
-7104.03397231 -2820.69950401 20.8776662267
-2277.74810085 -626.095681679 86.472372689
-6776.45980691 -3617.61943689 -50.6844578094
-7498.19425561 -1610.99466358 108.335483847
-2629.82183631 -1285.00558742 -60.7480920555
-7583.74397519 -2567.46080466 -22.4212877714
-4548.24053212 -1266.27194512 -132.694527028
-7529.49459003 -1903.96034836 -46.6201139712
-10139.1995978 -2867.32854244 -135.595250923
-7690.9234555 -1995.15352341 -123.248746114
-6511.38987677 -1562.84385861 57.6849712771
-8170.07126585 -1923.19087353 -50.9306455355
-2180.87041691 -629.449574495 184.122275925
-7432.4898603 -1102.77077753 61.2522035655
-5393.52899041 -1534.33239528 2.92017369149
-7321.91410296 -1765.3255092 20.5095516994
-3177.12329526 -619.441883189 87.0071820139
-8225.81362782 -2285.90129574 -42.4819455602
-4850.60727028 -2252.18477144 -147.727291504
-8398.0934021 -2951.26747597 -32.8516093565
-8206.37545888 -2566.32893312 144.375900618
-8121.54672895 -2777.88148361 -22.9604595415
-6715.80808666 -1524.23291961 432.261100786
-9960.41189653 -3197.0959448 70.8469453528
-7502.26308871 -3108.73950829 215.586323775
-7193.21027907 -1807.24679266 149.377591626
-4825.63547832 -833.832536541 176.812379586
-7723.23023235 -2120.77652437 -0.946266494758
-8201.11726011 -2882.34694344 445.398852681
-5116.33045977 -1629.72799814 -22.3347582223
-8201.97834717 -2598.89210553 95.7143097906
-7923.74203952 -1796.81262041 11.5309049026
-6421.80117432 -1396.98777553 -59.4092466864
-7982.87715652 -2127.26848674 117.158952723
-7370.11014786 -2575.64543615 163.674289407
-6685.16997819 -1830.03180943 -114.434983535
-7539.42316909 -2973.39789445 25.7905660328
-5264.70324372 -1013.69852262 31.6531838883
-7031.46427247 -1721.04980011 -40.9326911562
-3006.28357338 -598.277637386 110.638735327
-7041.68994371 -950.765401387 286.854083699
-7606.41107554 -2142.31440324 -224.814250203
-7362.23715173 -1610.90588371 133.479825707
-6857.94534269 -2258.78270511 -165.364871893
-7778.7312019 -886.840300159 511.592987722
-7388.49233191 -2169.17400751 70.2153981081
-8895.02545849 -1807.47752791 9.85274211797
-8236.09703536 -2992.9560472 -27.1931556295
-7641.05403223 -2225.87295812 -88.7964326823
-6357.94545825 -3007.91461434 25.825651285
-4782.54006662 -1087.21857568 150.106379393
-5780.96192687 -1307.54180686 -225.268070812
-7137.26818398 -2053.83806202 297.241082604
-7429.57780136 -923.753086116 131.95455663
-3354.73039426 -554.432918697 236.843230588
-7075.16744937 -1914.94933295 321.675793595
-2641.91050189 -811.168450627 148.200796446
-7446.66699486 -1073.98311815 204.730751855
-1974.69069319 -433.137674547 340.457521709
-5132.86403206 -1105.22689945 321.671785022
-7312.7251055 -1746.10055027 269.163891336
-7137.92559786 -2378.31752258 159.465979558
-7137.65294078 -1139.71335349 271.282370803
-3909.12010902 -1135.11843599 72.9324702323
-6421.95563374 -1452.57637806 152.59865892
-5084.59819332 -1141.77877914 149.545282335
-1544.39949578 -359.953901527 301.209498506
-6312.10123097 -1038.93338509 239.898278159
-7220.03018643 -1865.73611449 346.645996543
-6436.5683527 -2701.24946697 -144.978830359
-5394.34610126 -1043.28146284 590.357161396
-5694.84121524 -937.120013011 275.837729497
-7685.17415044 -1715.59558583 267.239739342
-3032.7699762 -449.637197805 393.251202748
-4433.24187569 -842.916262226 377.776803993
-6171.73103665 -1203.35889883 115.002970922
-2322.80649543 -609.005879947 179.173736453
-6838.92339749 -887.757345116 371.985225868
-5917.67466315 -963.439744778 389.347632229
-999.076852369 -118.982456416 287.935744008
-6999.68550073 -1767.95967488 95.9889260715
-2620.48553666 -246.500298555 321.770603954
-7117.48745496 -2248.04307717 429.86669
-5594.57435167 -956.994705223 -33.3677882598
-6828.12394572 -1743.827731 214.661652993
-2084.41381792 -636.292897566 190.202528668
-7639.20089184 -1815.96526146 114.849398086
-2440.03153743 -722.746993425 250.299240919
-5407.50820054 -840.793648564 304.339630334
-1772.33805546 -384.0362021 81.8846030784
-1488.61904621 -445.829886809 136.08614649
-3464.67199883 -740.204246969 72.0866331374
-6114.19937176 -1140.88154003 76.1217682921
-5684.77572553 -911.105052171 459.50057756
-949.027149734 -52.9109587184 432.824947609
-7662.62816062 -1532.56870566 471.813071812
-7349.54452589 -1025.06355082 63.1237004183
-7275.05999522 -3334.30960373 211.800707099
-7139.65910386 -1733.39197826 328.929550303
-7395.11237684 -2020.89820987 163.297469354
-5740.10909005 -1424.92641433 172.9799552
-2583.46004934 -305.717855512 446.501862149
-4709.43236531 -880.740338276 319.658324367
-7477.50469523 -1354.32373 183.956626822
-6244.65611691 -889.264058288 123.361774081
-6313.91991029 -1120.88679682 377.973351434
-937.870592981 -227.189807883 122.967161578
-7349.41596195 -2277.2803533 288.922076777
-7423.01862647 -1208.58427092 297.695341469
-6977.23527282 -1412.99135724 -114.757130537
-4994.74779601 -694.361750659 173.426565555
-6165.14207567 -1111.61505257 114.165808009
-7549.38934058 -3455.85586624 200.749699945
-5146.46458668 -944.045973057 144.371475946
-7320.01293184 -1862.84930305 310.999938934
-2221.17879212 -545.5299067 147.861830566
-954.080299055 -386.257158118 -9.05961165832
-1331.90424115 -259.430548382 198.724960037
-7058.34993496 -1549.3984861 53.1002278932
-1191.05017795 -190.291627714 502.094194274
-590.02696833 -190.777139598 119.805642966
-7531.26285548 -1349.33086641 153.415915316
-1116.4441195 -202.332066901 199.385300272
-1250.48425887 -662.788866813 104.76513386
-672.916320607 -260.101055668 358.44209988
-7043.65212598 -1250.6798489 280.498252755
-7078.28522698 -1911.1424732 260.187951153
-7579.28634814 -1299.19587327 382.463182393
-602.091117778 -192.209013472 139.346503596
-1092.06885977 -553.58016533 242.026526353
-4137.38241731 -1030.44431882 228.29185435
-7732.31871357 -985.052949377 321.883494663
-6141.37809793 -795.986185334 322.873837813
-5327.45204885 -710.794499069 411.307939081
-6651.06744748 -1277.62898878 224.678341568
-214.284160002 -17.0950267933 184.729853389
-522.607163123 -67.6447908272 347.206207436
-6435.44137061 -931.270178797 103.647423875
-6339.41333593 -750.159168996 333.787748539
-6057.51176175 -856.18529106 337.251939516
-5720.66462302 -810.906507506 366.56663051
-4346.72933396 -617.67737121 559.379953473
-5789.10229479 -986.620596702 528.543947777
-909.481126174 -59.824090159 333.654357315
-833.178399304 63.6590437306 337.619610489
-7397.78092095 -909.519275092 373.477018377
-1600.16823086 -343.141842943 114.557805104
-4491.91641858 -701.198558712 277.013162615
-7893.04263049 -847.4541959 280.772327457
-2696.94552001 -361.694363387 432.524436788
-6272.88086133 -1470.76318215 106.03723322
-6178.50867715 -579.852507527 326.859387977
-7114.95526396 -1489.94298136 356.604043728
-6006.59558959 -1234.59475878 397.467546569
-327.837622111 -46.8296498721 118.79703588
-6729.66251335 -1179.05221507 403.780120068
-3643.08493246 -688.020582408 362.764639362
-6643.46260263 -1513.97056641 301.330554589
-6771.19076245 -1218.37873096 433.363880668
-4586.10846676 -785.164722133 395.839361743
-6650.01956694 -1429.3955835 390.898572934
-7717.73792961 -1271.39610634 414.970877272
-2357.70921597 -590.288053924 277.55295874
-2580.14676853 -573.381114299 124.751190915
-4014.84798243 -1190.94426758 123.778762861
-6611.16387309 -1931.54591432 557.538452124
-6899.61367958 -3322.78095674 281.639526846
-6040.09963247 -691.936887187 227.294801187
-428.875715243 -153.517316714 354.588544073
-6883.30988783 -916.784948965 311.323772815
-636.695254611 -4.04210531905 279.090738415
-6819.8520154 -1043.30019212 203.461908008
-1516.38292105 -442.841013455 243.966756492
-6831.90528421 -1640.71275197 383.445360562
-1284.08996233 -399.548212396 299.858865228
-7225.2574847 -689.230256429 386.671716869
-2631.07929456 -507.312431027 153.666655357
-3235.37157852 -530.101808833 443.353391475
-1325.27745672 -174.330283943 516.510720007
-1865.1057419 -507.071373555 266.682160909
-6922.8445824 -715.317082338 301.403152797
-3514.14155697 -525.561565403 282.576396272
-2150.59342345 -377.398737234 264.704949004
-2475.36429505 -386.637457728 458.521417032
-5585.11670366 -607.052824796 647.647277742
-735.682272752 -135.015111441 312.262155972
-1869.90637867 -300.31757937 525.771236174
-6973.69000924 -1423.6266611 164.161924001
-710.981517925 -15.3627547287 443.365030648
-7365.85882827 -792.183986111 563.168628729
-6916.0776666 -922.001174435 672.381577676
-4076.71007655 -625.594323201 238.639556912
-6922.86342094 -953.496039999 588.092715893
-3347.14383391 -267.54452789 325.375927212
-3631.19622605 -647.756596451 289.326260319
-5995.56715787 -854.569268031 387.485920013
-4418.87321021 -668.424033944 455.343216186
-6571.8449836 -954.663837354 579.570801045
-7216.15306004 -1508.88206408 297.023313968
-1728.03867544 -449.482766665 428.15637484
-6254.7686247 -1331.54427471 400.87324982
-6657.21911371 -858.514129236 244.688684023
-6480.23267614 -1061.0269763 565.952811536
-6288.82332786 -510.910953208 398.679696576
-1009.61022543 -43.8052468863 541.021982636
-6778.36605813 -824.928343856 527.737951482
-2373.07898132 -372.640188143 412.844724204
-7612.47022132 -1893.95594758 287.733246611
-6042.83938608 -1521.73466106 121.924977846
-2540.49912969 -520.62814183 460.141923225
-7008.51103383 -1414.32444173 322.636988977
-6486.10423261 -1234.18257042 461.183259378
-6521.71526604 -985.686713594 414.576056617
-5168.77939307 -619.51974287 593.197712549
-1180.32306611 -91.687994239 333.615399088
-5693.54600279 -977.138719212 338.328101697
-5512.11381466 -777.472454414 196.436935551
-3204.82157562 -729.420559601 34.7587503497
-1490.40812819 -224.976833984 317.015504822
-3912.68660581 -615.987346236 174.526448399
-1195.35726932 -126.79535023 493.302568848
-5014.61164359 -563.608275676 531.722639667
-7216.1466074 -742.428896036 358.499290855
-216.318891998 73.8436155992 335.143041617
-6379.68412362 -1236.88712829 240.502768701
-7092.57235129 -943.936403055 379.136352213
-975.676099608 -290.258434921 267.410431381
-6044.35820438 -821.613371297 134.006267215
-7370.35709578 -2139.0889673 246.269724456
-6856.21401718 -1668.91882765 335.549904659
-5805.03163206 -1462.21947532 571.312985113
-7071.91863995 -1912.8799537 129.238825851
-7372.78125502 -2246.50725082 617.165328642
-7064.34850354 -1476.00915003 272.781458405
-7059.29152637 -1123.15141961 548.52066664
-4339.21727008 -682.074301074 224.563164419
-6604.19832523 -1005.28344491 194.153891655
-7052.82912041 -1163.90575797 301.34847601
-7300.49346745 -685.061967495 335.834860919
-8215.65673867 -1985.91594389 129.840863349
-7145.07489291 -2657.41406533 371.208541182
-7022.58484779 -1055.36119898 389.859578046
-890.538474663 -269.16475631 172.121763882
-5252.90782144 -1491.95761107 231.031138981
-4635.10676833 -1021.456117 123.421917899
-8497.29586994 -1272.40466551 149.130626764
-6465.09165241 -2478.11907337 267.236165144
-1838.54152881 -337.486977178 145.34781914
-2802.33179685 -798.97137812 365.274287261
-1228.30867593 -37.8810633013 325.157537958
-4057.98935398 -647.408780212 454.742345644
-6147.19355033 -1414.06667613 369.775811533
-5898.24248113 -1780.16488047 436.283267741
-1141.35765573 -148.383112158 558.172069153
-6513.2844407 -1587.83222607 245.861115767
-5954.05428426 -1972.88301973 401.91046089
-6985.9162049 -1502.89676694 154.967261357
-6303.94196113 -1435.93663635 121.703452093
-6736.03142023 -1924.27319849 267.756153992
-5659.58805367 -750.69272327 550.014455831
-6451.15757232 -1464.16912642 407.348837584
-7018.05035372 -2405.96840731 322.575096666
-6658.52326052 -1495.30789464 286.949913475
-4450.94366225 -1343.98005288 426.327440793
-3288.44547534 -292.07273056 349.013048817
-7008.59434764 -963.201715565 230.68476351
-2157.70823489 -687.061030355 286.075719674
-5723.19854357 -1253.16481999 89.7629469818
-4415.95456507 -952.766225684 33.7611850416
-3829.64944081 -1133.88222848 222.160038205
-6766.98503831 -1647.20924056 517.989645365
-3046.03810802 -329.156991944 304.685559125
-7445.16551132 -2344.8622543 189.201725398
-3931.37330615 -1036.39136155 386.874655255
-1657.69209124 -170.814820996 423.686645846
-7759.30317832 -2734.89092168 430.902664007
-4067.56414907 -1371.11679037 62.196819871
-1877.54704005 -233.465095567 422.598626266
-4612.03042016 -1775.44369701 495.315453611
-4209.61249874 -450.165091394 449.263087684
-4648.16110638 -1067.79963151 332.500561324
-6902.66462096 -2819.85470979 -61.5769371951
-5179.54678051 -732.450261628 214.638740613
-7103.03678275 -2102.15185539 292.095436591
-6150.77824983 -566.504936069 462.013278567
-6920.47063009 -1133.02879336 329.983441668
-881.069359758 -147.814949706 294.141229575
-6598.94494344 -1805.08535416 214.323856751
-5685.93599373 -714.494980344 478.531605549
-672.502165934 -26.6205353909 290.799089722
-433.465333621 40.8569612312 313.748655262
-7047.81890259 -1772.16685187 275.908126549
-6742.21967063 -1277.06217828 404.40575319
-1462.40429131 -406.817002518 295.445813839
-5839.73201076 -827.541745842 392.263825196
-2691.304419 -543.009160745 275.321282612
-2458.7063152 -514.427741504 481.935505833
-5867.56111537 -789.950109935 282.187762766
-1444.74365223 -220.873086171 366.197295021
-4123.09072366 -849.864855144 352.08908935
-1841.74260299 -515.086851925 387.59653837
-4012.20335429 -592.154768088 147.114156082
-2626.80323006 -649.640757418 330.531130838
-6335.01444246 -784.792577933 186.602879517
-1564.50326695 -274.909969376 289.573896703
-7410.70139181 -893.554499856 308.182306688
-4937.60304862 -988.950385571 197.581792643
-822.489964804 -220.366740946 261.239703525
-2199.79165433 -333.792922951 331.447522943
-7041.28020138 -1048.74497433 399.270599776
-5024.28426184 -1454.69898986 226.210179857
-6194.60652355 -549.545334461 448.304489461
-7187.55982792 -1280.98986463 430.395675619
-7339.42385864 -2253.8284488 140.958641735
-7287.07682163 -1839.57870978 373.297144615
-904.553426428 -38.5683133635 367.126249738
-1349.79514906 -281.581607368 397.741908981
-4787.05957989 -551.488594804 401.283794597
-6974.06615054 -738.082891226 228.220499218
-6107.62697429 -697.830242239 272.055143575
-6204.87289546 -1071.93474651 293.924763469
-7076.29405537 -2422.60773817 95.7973033653
-6650.34207603 -1574.0173005 458.570876732
-6044.39210178 -1527.03118397 279.332304048
-574.457009355 -180.485216879 310.021442813
-6933.9572295 -2121.97737758 181.565461896
-4584.24961704 -774.512008672 421.96618651
-6010.90113674 -1101.61112753 479.080013057
-4453.34605868 -1185.80176997 343.553185452
-6610.79902366 -2266.35637756 330.055748123
-6965.77972955 -714.876976686 507.559869518
-6394.13680203 -1336.21376151 431.756392673
-2503.96494524 -161.294573381 483.412045318
-4034.64502955 -446.216075459 462.290647789
-1903.77167834 -385.516639351 687.896866187
-4090.09974805 -589.473422814 233.417655842
-2896.17893438 -710.876340119 343.559173931
-2151.65321536 -226.848378421 326.310071282
-459.290396715 -100.64277392 320.935485635
-3798.73448896 -771.457864187 77.8057238428
-7508.48777905 -1181.92923517 261.143940478
-4604.83586159 -877.639429403 288.26887265
-3307.31632171 -676.332260609 123.120753759
-4549.97053805 -584.468697588 297.287723545
-7302.96036449 -1675.54487086 298.279428216
-4444.34919616 -878.072243405 568.920692232
-7105.0751604 -1315.69067831 171.288158289
-6937.56364359 -1099.33330598 343.824798312
-5872.75060868 -685.271643589 342.198205628
-5315.98044759 -1070.39709397 394.593658744
-6487.18326582 -1900.16730802 360.858517976
-6306.13338811 -1199.89385469 262.300930012
-8242.06371445 -1106.17970924 338.751432197
-6550.65139524 -855.693699978 301.378496361
-6849.44221107 -1406.62182429 217.454934844
-7163.46917319 -2372.64903263 231.187113523
-5978.16786275 -983.701991634 413.061301266
-5763.90439278 -2182.25104278 123.61405795
-810.902961253 -57.5901098239 365.204011125
-5253.10954594 -696.155723597 348.629489716
-7638.24572375 -1196.21533438 150.644574481
-3950.47479115 -452.134079509 549.719847532
-1977.97412821 -282.96370761 433.909812066
-1266.54383693 -181.043538247 228.315188826
-2342.1221831 -413.917251464 354.935802375
-1263.72851661 -272.70680775 298.411909397
-635.554111528 -87.2686562999 494.40855012
-4057.94403202 -812.336138342 334.373848274
-6415.90201038 -973.420309492 150.54411647
-1646.84965806 -332.055828896 379.183315532
-4498.5633838 -861.675757793 208.446971385
-4763.9917529 -1210.82112819 246.944919016
-1310.60878423 -220.962004484 306.935299307
-3855.08800649 -772.124810197 186.861532727
-1274.53176818 -175.453770405 607.58648358
-5568.08466575 -1209.74972648 569.577394139
-5978.4536001 -805.588307961 406.747224887
-4980.13344668 -1042.25742817 83.5090032673
-7591.17223074 -890.082218166 218.910777448
-6412.58834622 -1414.24450571 309.620823822
-5489.75847894 -553.509420562 315.451270251
-4709.9900937 -953.269506263 207.550050744
-6742.65682333 -971.107025858 181.160253443
-386.758377076 12.7491893508 254.414081265
-6599.00075571 -797.272950074 102.949047706
-6744.6578577 -1003.45746756 396.917430071
-3981.95199764 -333.331909845 251.363721704
-5023.56264074 -454.255994344 369.934784342
-1736.1924234 -239.280796301 625.267505033
-4598.02897075 -678.993427443 85.2927595076
-1181.01307464 -79.6937273912 270.873859086
-679.527286347 -54.8893404892 347.100675478
-1191.18400822 -161.19075286 404.79284375
-1220.35675507 29.0305859632 359.87540846
-4104.99774115 -363.249761778 363.923161441
-2581.95746045 -519.827206667 302.775845981
-656.503201928 13.5766506657 322.952783766
-1629.62542204 -247.833933384 184.472971356
-1093.53909301 -129.607051043 305.884137662
-392.803420445 -19.8890994062 283.664710104
-6461.3656835 -665.66261355 229.877220887
-6329.15492148 -623.768753895 238.001576999
-1002.14826296 -137.689690296 155.902569784
-809.250226011 9.5337272406 490.820627038
-3370.32172697 -536.644504644 171.103421289
-2491.84955986 -387.023925644 317.910492407
-2992.60430295 -187.353869928 577.476432383
-316.191284526 127.940930961 532.65631157
-3108.06772769 -274.994954208 448.845667556
-1702.32779446 -283.969299222 284.783936123
-2718.8768934 -330.106846285 375.051280738
-6103.65097815 -811.23284106 318.565816749
-3851.62787899 -579.966211249 148.518264911
-1894.40688595 -245.592431484 259.678190261
-966.331633468 -167.83289671 282.958519914
-3867.15900375 -1123.09294604 340.163033431
-5241.79577512 -556.345550188 309.095293229
-3788.4820152 -396.713301089 267.005795895
-5414.15562342 -862.96498216 238.220311602
-1226.78897271 -275.416270862 373.289007677
-2969.19078583 -426.182879584 289.412672235
-5916.42199007 -1627.84642874 368.142045723
-728.160075454 -76.7946480323 455.914989254
-7095.35365185 -937.414565704 372.395152157
-2673.0491694 -197.849488607 379.747238396
-3613.41835226 -365.24257214 462.596579489
-3369.82556478 -350.747672963 340.911016919
-3143.81377803 -1173.85144103 322.188680156
-1083.83284839 27.5032356973 351.566616637
-3459.23829808 -640.653398145 514.620624084
-391.807229678 -58.4344766403 203.091966575
-6910.37629684 -1924.32161838 341.576887614
-3159.34271495 -509.904774954 315.170451028
-2594.63535009 -99.4033533099 463.501148021
-5747.40885568 -939.873377534 277.877906285
-6674.03718147 -1167.26469113 294.719293842
-726.216977302 -66.4150067007 494.100439334
-6384.73067391 -768.286583974 145.016436654
-6776.60469233 -498.594576261 637.364217357
-822.295247462 127.796778462 466.118981173
-1828.16895159 -58.6663165624 457.592053136
-5576.1748167 -997.786376858 218.59772713
-368.911076695 101.029442078 445.808072244
-2906.23304692 -116.269467928 525.083202912
-1765.52953659 -253.674790145 308.658698741
-96.3879954595 242.533924304 528.915150542
-6435.45521799 -1044.20253591 515.173665713
-249.71067555 259.18910479 520.581714833
-6715.85098245 -1165.91767776 612.362880683
-4874.33501557 -672.393467411 501.754698827
-1201.5504066 -148.586723029 482.780675076
-3927.92618425 -357.983278659 546.604965188
-6736.93392043 -782.468315663 287.66998768
-4214.45177287 -439.623659342 486.429623397
-6587.865227 -708.158529772 610.109774621
-3179.18203007 -350.132283443 429.862496731
-489.428783439 94.0681689 442.455057838
-4874.9163218 -542.079042816 400.316041302
-3555.58322181 -315.212950649 284.027897559
-1326.82629121 -201.337150562 386.882655211
-5316.30809976 -694.704072478 519.274180521
-6697.94330879 -1914.16988356 227.680976757
-4383.89823237 -540.377766949 362.192432438
-1334.20038564 -442.114568526 360.914430073
-4709.92023894 -809.464192082 346.400987314
-2796.59589526 -99.7970516311 768.220980918
-6401.09845557 -997.081519848 367.698651966
-948.73190988 130.260054532 481.291503591
-420.083294538 178.250789219 566.599659472
-2795.21757729 -204.693469128 588.283810483
-381.418851732 80.4498711321 310.646747406
-2018.22550525 -228.504194883 490.481004872
-1214.53281355 27.3977941435 460.781744969
-5389.91886495 -1126.14527764 299.930879001
-2816.15013103 -143.793031384 291.462262111
-6082.56535628 -640.401997695 392.491240833
-5432.47307575 -883.069989833 509.723379258
-5045.52143574 -559.136933955 239.038343779
-6028.61055684 -1220.35975103 327.145935353
-2521.50066873 -269.668968427 294.357099556
-769.063696045 7.60739703934 360.684162392
-2185.05331651 -205.735902953 368.34273752
-79.7397616555 162.898770042 437.167974108
-285.948993843 63.0545139937 397.288725244
-1779.42843475 -73.8786719326 455.806827057
-1130.01676322 93.0405929973 420.320854293
-1061.56548706 -43.9695569777 395.247170906
-5315.36379459 -847.268935709 411.501957753
-2566.45220671 -294.922037213 455.034937849
-7129.42446844 -1607.74041763 194.719626501
-6504.7766767 -1735.43552161 394.544002073
-2154.88806742 -139.529307826 461.625788495
-2288.10219577 -256.97298986 302.644971256
-6516.98013213 -1232.83749812 341.762966563
-3856.71275327 -270.304770839 555.318676522
-437.554334664 -79.5072910594 360.98556439
-603.340929439 80.5331297646 582.59606079
-509.283788264 -39.0322477754 581.927563586
-580.373459255 122.616850635 382.777441639
-494.944857446 -11.5668445895 332.123675685
-4444.05163118 -223.634557016 485.596679429
-132.578946322 242.469573003 558.209004393
-6425.71450157 -923.51414673 418.462446558
-302.989872765 141.474334967 577.315643161
-402.941508254 49.2027064936 451.382913702
-483.666710348 -126.413009368 341.942205756
-861.484660537 69.0860571623 484.822666391
-6268.09028382 -1213.80048059 418.265627409
-6680.72832077 -625.857858288 290.989243876
-99.1771295648 206.400104169 509.885186187
-518.531932533 111.12510153 445.29328037
-4726.34135386 -803.21101943 244.047980628
-444.047107999 75.6828797098 488.72956299
-449.99489481 27.6272362483 320.045882964
-112.642021971 175.517202247 579.468517339
-504.943327205 -5.71917472148 254.010950134
-5862.47631313 -558.93773105 395.649828269
-6280.90835096 -639.982963067 491.265301144
-1044.63608749 31.9186239123 559.797962873
-2659.89964294 -251.900927492 440.652813068
-755.587282261 -60.5556818687 358.944761624
-1489.00230006 -182.456113888 410.542996748
-898.188796349 -81.7547761725 350.167427399
-2450.41441306 -824.497607707 405.092496016
-315.225448687 -9.62385787118 455.362651118
-668.943694134 39.5003454301 530.274800509
-3107.95806924 -261.242198092 469.63753823
-1718.97938232 -0.624584127441 601.442896989
-2483.36259195 -199.298658102 540.592220729
-977.152158838 -89.0257932648 428.421357063
-1575.19394003 -39.1970286717 446.942759866
-1353.33439054 -80.8009308746 553.785108674
-6404.26540745 -1347.92480671 236.244528843
-5146.64247568 -481.11464114 610.370076268
-404.808137665 139.691491662 445.165056362
-669.909342632 -35.2163425347 239.450473361
-2310.46209873 -451.261184438 342.461752248
-575.885365889 98.6513577972 328.592274827
-167.364574546 146.185801571 715.162839378
-4654.97690473 -422.265584458 296.172704001
-462.352761515 -51.692443778 295.455021761
-728.841272767 -94.4721731228 581.883391371
-938.782808165 44.3831820162 285.118604057
-195.876829201 177.264731688 410.149434518
-244.819424274 104.558585911 335.470487889
-304.828121021 47.0707384658 389.733746135
-557.400591214 11.6697934991 405.289227101
-208.784070101 147.490133501 475.971109942
-932.007473851 -10.0216640082 662.79996702
-257.060886903 152.69109995 436.638638532
-462.324661761 -15.7210973549 294.142828915
-269.157377922 131.431207465 580.824144591
-4075.22400205 -402.234945862 264.67532362
-96.3442561674 204.589094804 489.246001075
-4301.52164866 -379.794375803 463.009938119
-414.41457713 193.020495115 410.009889397
-944.50453926 -39.5571320763 299.293792937
-3938.00240786 -355.227480801 421.375963051
-411.263204 77.9218715078 605.113490522
-273.135354995 123.272934139 424.124852767
-137.920479976 160.713795136 532.998711189
-468.125513291 127.536576593 823.678041815
-6470.31129494 -1120.9479263 294.056437915
-1115.39374375 -65.4906090409 285.78318042
-464.937898629 40.1410217229 300.327789225
-1361.87347946 -87.7264827572 455.154648466
-137.258964871 88.3308130214 281.920531989
-972.582490758 41.384929801 405.354073208
-5148.25069862 -605.776940342 259.999206713
-2378.89538331 -180.22097895 322.839598648
-422.186340152 26.3820519863 304.888706187
-480.408152811 11.3205070137 386.480519297
-87.6545808413 167.231256984 519.16702222
-385.309952045 -62.2718341353 359.482423828
-995.411055878 24.0957750524 444.804853239
-2046.74090126 -130.055948492 348.432323607
-6448.34580582 -609.895427579 377.662607252
-3737.05732471 -218.538043336 407.358067708
-338.669369143 77.7630068228 415.021573852
-299.295748021 68.7885120037 541.177702798
-417.657143634 78.7848672054 407.507663419
-371.621858611 26.3893543462 249.447281113
-4519.89582432 -374.047816376 597.768237253
-21.8025761486 214.606738927 443.930389267
-165.773026644 228.641427738 380.902803021
-2236.13091258 -119.112346523 319.453117431
-118.868914442 134.369276547 407.820639125
-255.393183475 130.242064837 359.605226761
-193.060426707 60.6561109946 371.145851331
-415.68401372 11.7690747206 408.62125557
-97.9796733591 183.760614554 479.355768074
-807.220096232 31.5908220842 396.911016513
2.76027666295 145.133948461 274.440753727
-1120.59547135 81.5412007138 518.673361089
-2059.04191623 -393.289164707 373.255637854
-5754.13893405 -879.945415191 303.629311656
-285.119217684 55.6376148956 317.258366742
-7014.15008203 -757.228050305 634.985585486
-830.241115912 -102.591593802 341.286667302
-595.557737324 -15.1216377446 424.850999747
-477.907170144 -10.9848913562 249.283706598
-256.355084715 50.5613495874 518.368439833
-80.0198532189 106.935053044 384.276821695
-382.054003692 143.991414026 460.82157533
-313.224677173 94.8245932644 513.283982236
-337.844850224 28.399521053 409.954165528
-506.380613148 3.07069265254 360.983026152
-1628.42197131 27.9259264966 518.432976603
-446.120409994 217.944738682 534.437837843
-699.124626487 109.216335103 620.897643484
-269.642313995 144.590978939 362.531001765
-273.820088497 128.102679475 316.011694808
-180.40509294 125.039153851 658.048041963
-227.905950182 114.852423726 528.264283878
-787.782596426 -27.0083257229 503.378109831
-2221.03983004 -142.565641998 299.738713048
-348.585881603 169.560880955 569.107819529
-2305.34696705 -114.829711188 412.954916659
-779.515499705 -86.8660064478 368.943267714
-672.111232633 76.2114076906 534.169304015
-125.386327567 107.486993296 269.46601491
22.5190336531 226.747942671 399.719865322
-890.119919843 18.8177062449 323.162244953
-205.632848634 74.0282718978 321.493966323
-1046.2198063 98.8424794662 602.723569088
-731.68553048 51.1173882764 319.893619873
-229.131780082 81.7677577829 320.769928438
-2228.85066016 -190.998376899 404.149516307
-605.540550912 19.265792614 431.260738675
-1801.41526591 -162.37588559 308.970603415
-1260.51829286 -15.5317291738 322.450476896
2.15179237252 169.518664561 532.616041287
-1311.02528337 -136.9912431 285.895619937
-294.853306477 72.3034090039 602.678340675
-159.948546201 176.883152247 445.487641561
-345.639123974 109.597017824 436.645714045
-555.728991946 -62.2235973552 228.142575289
-1547.13297895 -15.9749843308 280.250182009
-896.580605815 -162.038921497 394.966353479
-271.926833089 110.843790924 607.86493236
-306.526048247 84.4160497543 425.124433852
-392.944412692 228.372830847 675.409582936
-505.996643891 89.6541034207 406.181699966
-71.1625150828 264.204958599 456.458735691
-692.47688241 -52.110717718 371.465239129
-65.5231221388 250.066534356 546.534048829
-154.461442357 247.986314171 670.405134174
-801.55876463 -32.8663238686 584.516192024
-391.092340461 74.4627639547 447.354513794
-885.907198935 152.698128353 532.923221499
-175.984521498 137.011905176 390.14554397
-196.100527034 218.936172927 557.045111542
-35.6771989409 147.898834813 399.947939597
-1777.18042545 -167.275271503 666.493269867
-254.242528663 -0.128830290571 175.417196385
-313.637961317 144.144203293 443.265939383
-218.305301525 139.321861985 576.878602578
-364.495305439 118.562910889 417.592527431
-493.403677167 72.9482958639 649.068214578
-1232.0115625 -86.4516090135 385.876224856
-533.409976529 70.6584156343 497.339653387
-146.47591609 178.702548116 508.665642552
-252.173341221 95.743195895 489.422984537
-430.508771477 66.14505092 473.288750787
-402.928532145 237.091305702 459.555616471
-550.712366008 23.6885488037 299.304488199
-278.321842917 1.8072207585 297.431535229
-1338.00194397 -114.352870386 445.447538519
-1363.28657656 -167.019708079 460.923321298
-635.851880242 24.1959789397 488.198898518
-960.362432495 -245.078855776 288.457129889
-236.210813907 170.116519015 579.810357654
-152.59078316 90.0118312724 471.263163122
-126.411113178 80.1836201501 338.525631361
19.117798521 229.992333953 408.713050891
-489.607200982 81.7896369426 762.764331632
-555.185751733 64.4402200322 582.682321902
-469.54880499 104.928763438 492.85647086
-123.830997106 105.345356545 284.992790103
-815.695229529 -47.7932538871 229.438795179
-200.204140088 161.559185765 499.579225946
-207.482204508 75.3822129721 414.82923918
-753.021006166 -7.71347640985 446.710253988
-439.170433365 59.8749863572 379.829969752
-4759.37916045 -363.154572448 510.118066238
-1291.49635655 -17.839003029 459.891216447
-272.780157957 112.023876027 328.661964424
-230.346260235 134.4859286 666.713500355
-346.926274824 18.8975387524 234.727165929
-488.046075192 101.805165614 395.035211537
-581.845126189 -21.908144611 249.501823526
-438.952249732 -27.0037154041 342.629112894
-140.682784404 141.630507875 359.019029638
-689.541147374 -66.6872093742 415.723162701
-1259.40278075 -112.203807634 683.470748842
-737.509377829 -68.576262262 274.792963294
-395.672970349 86.8159786375 354.600091527
-3.11663109571 196.277969981 611.825024149
-548.004461454 -41.0469909225 335.386337945
-242.266790632 125.923349369 337.930687272
-2095.3332829 -259.407259046 350.160166776
-765.305783742 -66.5807419731 467.030718441
-296.900736862 76.9534870357 393.972085639
-343.377521333 31.4943781901 414.135197839
-993.663930424 -12.0005242129 585.380185769
-671.048185749 -64.4371836466 288.127169611
-916.018951753 32.186560756 442.331997819
-5593.5790173 -411.421489435 334.811908535
-666.543313264 -47.8950421116 424.678244014
-618.09358464 -113.971103674 257.501205286
-2334.57824471 -236.7823829 685.119241921
-843.533622152 -89.7614381877 334.512179908
-373.3177278 -48.096853216 359.351959593
-490.684837815 26.1566161105 353.909700058
-1908.15908644 -79.4069505358 360.888109167
-2016.33316602 -101.499089724 497.940537381
-788.665073587 49.8484560861 503.65896381
-162.36274373 179.587905524 449.003644161
-628.604224543 268.340920543 651.953323937
5.16172884208 249.09741226 529.695024446
-205.736680816 82.0383032379 409.838634167
-358.127900045 242.838171711 594.04522392
-20.6257948273 158.987579638 588.146207551
-236.570872269 54.3573876552 218.015407187
-2144.97187641 -70.1838989534 325.148527443
-350.933135477 -22.0776653725 208.703031548
-194.087454031 174.343437538 570.788295734
-65.4478842532 219.755575207 489.301784825
-116.174972172 172.917284792 400.497247899
-308.845515799 101.371928171 372.594580791
-46.7004452968 138.603028928 455.041282361
-33.3107601455 189.949999338 410.679909675
-2921.02262453 -198.432623519 469.736344379
-366.621124012 41.0914759315 427.450791485
-319.774043593 30.5959182839 256.723127167
65.054536023 297.873190291 598.979138751
-180.47022804 243.320413572 513.360189981
48.7794627942 305.831896094 639.593481657
-1018.21696218 20.604508875 392.855819597
-349.013979403 88.4700147267 411.001174289
18.7328877693 230.019913021 382.035265057
58.5336578635 307.87097557 602.423928571
-238.182437274 129.378490469 476.937812112
-63.916746211 155.856309754 465.433323871
-1150.51581255 -39.7574889013 318.911747884
-55.2004024606 87.5485413764 267.709307728
-398.178619294 114.105269865 404.665138366
-43.3986174062 118.17392654 304.725067773
-499.367517079 69.4380719419 477.140226014
-213.618660975 212.261794417 559.970224232
35.419816795 249.974622762 411.351714304
-264.180031191 263.280443377 804.091374367
-126.729215719 158.028863191 401.127334188
-339.931220387 47.111670694 429.527431135
-314.253224559 95.3977451426 596.49319807
-120.615771743 112.676897387 501.453157079
57.7124701369 203.650422687 407.634079858
-548.328785674 72.4072531608 294.438908921
-2277.46154718 -161.788282242 299.622235384
24.680514586 219.099925871 440.738811204
60.8453976916 260.948771883 559.308077483
-359.234670413 134.399127898 696.566012815
-191.565412739 142.469504556 413.01220581
55.5323319096 268.356090197 567.754692355
-281.872622398 139.766526976 462.907396701
-195.848237697 175.397935724 469.847646224
7.56233476808 329.369141682 653.527710092
-439.879315066 120.334638988 660.294702503
-86.2600644242 204.761987788 421.810952303
-55.9683591222 216.67030357 466.424658478
-203.349114386 271.393577605 451.903549018
-114.759618098 268.024434442 629.198140651
-530.518198568 88.8080534056 369.317038491
-859.330838697 21.8356711222 316.882402709
-344.346099121 190.841470209 548.651784617
-103.284113595 323.67488293 582.24399496
55.8025801903 233.691669359 426.141067628
-413.787325219 158.069556429 525.318977264
-64.9733199738 158.47689805 474.86250962
-1145.73192333 7.4091417882 513.26215132
95.4886966383 243.56301591 404.850275908
-356.377017191 50.841707675 372.308394871
8.11812145468 184.04188536 451.182078011
-62.3141842379 141.984604349 380.599801242
52.6757903861 218.670263774 652.971385131
142.43609063 338.462280935 762.837634156
-54.5799388823 176.888343648 493.850368191
-233.303099325 236.503096469 612.799457683
-53.659138831 234.320387801 452.754133921
-317.618601752 138.075557268 579.4694473
-114.742916378 193.004290184 319.044294591
-287.196682095 176.412505981 569.559523679
-690.032500438 46.3165106864 320.21579197
-16.2352946427 215.290123329 475.254894458
-299.193020528 228.071445603 629.028915729
-57.5317282419 238.449632321 594.344744932
-61.3247298924 162.692357042 397.736561857
-378.789867062 146.195768942 598.117382782
-231.668806534 144.961612484 591.711549417
-291.781905052 88.0603364446 467.982410855
-447.354812064 90.6964841248 328.934985418
-476.447161605 156.591818793 730.639410091
-395.68161538 192.526969742 501.478344044
-620.228544317 102.028749963 370.268677224
-102.166521841 181.611415152 437.475258551
-107.778130561 149.410367656 301.168047304
-117.830695225 108.887632622 561.751144582
-416.025406504 89.3422956471 532.852167155
-319.16261652 163.39053503 495.170104307
-58.4471745392 184.970506579 457.395352263
-231.580852289 125.348278312 595.467000331
-43.4590571942 312.002714282 582.626818054
-171.621887189 227.663032981 472.94652885
-161.788404823 212.978145757 528.599322103
-121.971783126 147.599399641 380.140175357
94.8528394191 336.065988817 696.625431715
81.6766696918 243.011071455 404.951957416
-533.908144546 110.612554674 503.374841079
22.7203400481 222.543055375 468.14502222
33.1395381265 273.016441004 702.09730455
74.4876057851 220.934117827 430.468346915
-197.45542329 158.948283574 422.34373463
-481.732707786 220.892459552 639.49512018
1.60807350935 221.779871613 406.239115605
-44.0561297464 209.503057542 401.69727105
-54.3872282489 215.086175979 628.208850873
-61.2771937026 185.302468523 424.772199125
-175.902552405 170.329419616 508.93752399
-178.983039567 219.58455454 692.272442717
91.3321949491 254.092666343 600.593400142
-531.140866307 233.864738108 739.880749139
35.721686544 148.609322331 291.501799825
-0.425004122085 315.537313553 748.586398996
-956.573965913 126.060770863 418.875197117
29.4297410271 270.952719832 767.927046342
12.9223778188 221.114038239 468.191135783
16.1965264893 192.806421337 464.84278656
-451.130901328 163.358811019 506.273525802
-601.182542347 32.8797563897 365.07513995
-99.1483098113 239.873243619 785.80665058
-547.188408802 41.0660426448 458.413726724
-58.7101494883 235.624292009 573.795643911
-323.87010828 157.280420531 459.655721624
-368.017058698 289.648583997 705.153916918
-33.0130836777 212.179003642 445.713475634
-201.283343976 127.283957355 473.744377735
-218.273173289 198.153152674 557.836033304
-220.594349057 233.662238925 476.162646463
-216.142223397 163.09579126 476.554950932
-291.60313378 231.353614469 571.172019379
-140.042982607 199.648826922 476.765060643
-81.4075450394 246.091595902 629.680821807
-260.809299179 192.307048636 509.959785573
-586.1885333 137.605761763 451.045441565
-708.95341091 129.536311912 480.573990048
-156.650372487 174.482606745 471.500760819
-270.955626052 92.8486796951 460.525099452
-1206.08538436 122.918882583 570.744901191
-242.508818977 203.585790004 548.922489531
-53.5261441505 236.010373832 512.238959237
-146.462014444 219.645944893 466.914340678
-3215.15223064 -269.320359411 930.66015593
22.025454549 195.795701355 663.203671959
-1706.76067276 -125.151547288 577.614254244
-249.837033089 202.615255557 670.200204964
-102.196443997 161.429409119 497.190507439
-55.6794428343 203.884185231 589.959129181
18.0391530467 262.700930237 497.87502995
-336.525589747 142.522256128 492.751969433
-430.792045199 227.394526798 620.648812562
-14.9649907334 204.638807812 551.475807341
-240.047575638 109.969455241 318.268210185
-226.669544981 157.565899893 435.806576222
-2668.52494629 -86.8354362831 462.406429077
-57.0744956023 262.650461719 569.555579595
-64.1349532892 232.057820472 586.575877842
107.353424115 260.260209706 453.381026758
-224.609365806 195.379832479 344.620695573
-116.763327359 253.351999803 519.99790658
-35.832773548 263.815300183 761.216042217
-145.022876663 267.830521747 699.089486866
-86.1688835704 229.860910776 610.790624421
-1576.38903863 114.110794582 542.291681548
-108.503873973 373.259302867 692.730091094
-2066.8804644 61.0092027681 573.793247367
-62.0373034921 261.086427566 484.977976064
-885.529780833 176.410047356 591.920809911
134.348115666 277.847777982 422.533935118
-38.4793178825 278.576587867 918.702899981
-136.902349484 253.20539662 509.248661633
-219.12871324 218.133263775 591.294281708
-270.540727723 249.580197546 541.587097398
-184.501376357 141.264700858 503.057013804
45.6745922726 218.095254926 408.272601737
-91.6466323328 215.050177434 611.302191687
-182.832545236 281.779746786 598.496053214
-169.497139899 230.895484769 559.0061013
-892.085046416 204.492954473 827.361327368
34.9288855044 281.23526558 684.364939952
-1478.11045799 111.884089367 651.54631052
-101.944181155 220.264873623 418.937056959
-328.207679411 187.560185625 575.41821253
49.5047984522 249.172866881 808.219482827
-98.2413848295 255.111283402 525.38934175
-189.641691342 255.025717686 589.080111269
-130.293866907 219.721660202 496.48465818
-674.287932849 85.8588694625 426.829678384
-157.351640649 220.771830482 565.681838622
-17.3242925853 237.251998017 379.138889447
-1.2659791163 227.00298219 531.182546655
138.814602294 323.007494063 550.737047346
-10.7759014399 223.87040869 362.04040824
68.9853067221 286.154738499 480.509962209
94.3537332186 362.009403327 648.474610507
-188.716868366 231.767362621 612.916152897
-1210.72636743 145.220942488 709.89852893
-80.3122541111 187.86793435 393.675348973
46.3451364223 282.567532996 506.574889186
-345.37327619 311.027941695 494.089791304
-90.0889169029 255.091477163 434.829701861
-308.596084913 246.069209 595.807671095
-89.0676603719 255.075090703 576.415952111
98.454738398 240.255544178 447.083694086
48.3362394609 261.138053359 439.86900401
-117.176397068 241.179010871 514.73443265
61.7127994423 213.714215207 451.897047063
55.9195280792 302.476065977 548.708271142
116.452265859 290.588814402 643.884626917
-156.216612134 298.079839194 575.030811151
-25.1355109469 237.406521281 507.69460935
-64.6688321928 145.336356226 573.02954044
-55.0247505464 249.991896355 656.723660351
139.737231968 299.320712021 484.550780925
-282.653590825 155.504842313 613.008200467
-66.4879261578 187.894551428 546.621335719
-168.327609446 213.032566711 361.696007665
39.9540431842 366.60060093 760.728356934
-73.4081938895 204.854838011 481.462320063
-263.991116945 279.905700881 535.727488912
188.89051878 426.841494433 723.404497481
81.2420008418 315.426310512 608.774521569
21.6711767297 361.536201765 785.111339936
-465.079388279 291.117631628 585.032887191
120.082548278 269.311598588 401.971182306
-798.950484355 157.572794082 584.75491581
-311.667334622 182.905764424 337.022538731
-179.360016651 156.323379611 507.232500994
-453.842533495 197.178048827 624.536761434
-438.103860291 77.6865884858 364.462317733
-482.795891593 212.346483498 427.200699417
71.5979526761 256.804404184 506.451202704
86.9808413427 306.39964519 702.248593156
-62.9754099402 221.628335528 430.000204893
98.564092675 277.453878031 618.603759691
48.8935169971 259.0622917 467.042357037
-468.772016408 177.756921177 655.220366995
-1284.112908 118.132949522 645.274638614
-906.471611105 205.801110366 608.062741245
12.3792551746 306.755394235 619.297888543
145.699790877 339.47189643 557.62030927
-291.596334773 285.385216557 583.93375442
-37.4387565655 238.682322817 464.450446545
45.2275625172 355.474139571 645.697524366
-26.1816230071 276.53584675 676.566569408
186.835948328 292.485594825 522.38942326
-104.399973844 283.567647748 581.607126455
-514.665007493 123.149508708 581.405268271
-1289.11324439 162.852743322 488.771193795
24.9777027944 294.441899133 507.736531434
84.4174654558 272.036101088 531.992014221
84.9274628155 348.617539245 829.287443274
-254.197002459 294.686044788 621.463400924
-991.807633533 208.755807521 496.602579668
-1344.28886436 -7.4353315368 646.994630798
-262.61022421 101.98979589 477.629760881
-1317.27116155 141.485874868 615.868815901
-761.4289402 -39.3756305252 444.655191141
45.9576714157 262.718172494 501.226583985
-58.8587655429 214.39554159 573.52299601
97.2748197126 303.666096631 454.758919597
-121.374377846 267.254665234 561.752473099
-372.013172235 214.42560696 595.39145251
-259.184408249 171.108664804 472.538084687
-467.752455571 166.586014048 467.862882009
32.7588371689 277.318862864 643.623154677
-42.5077647019 262.722529748 589.014745615
58.5260500434 287.075305474 581.991273759
4.66678199939 253.727944552 510.3044227
52.0871478516 232.358105985 452.858275766
-32.055713883 267.728655412 571.465601747
-219.302469101 262.107449615 585.226077072
-50.1970963449 302.187123444 579.277294364
-29.7997118217 308.385815715 827.425327938
6.57697683869 191.572444322 372.244618826
-90.0564936613 225.340344522 585.976794749
-253.875368202 146.99959322 440.140403934
-128.587072803 221.010032022 475.236030156
-264.766484482 261.465624086 486.512691305
-85.0938637449 301.092008647 681.880968964
43.2925626071 292.847887729 473.927463558
-98.0185684938 314.408876258 502.026981721
-54.8660065595 292.76005047 470.794303867
94.5182753225 328.460670873 467.008862084
-0.469443290703 266.240864218 476.005868553
-24.1973741122 274.009139582 495.939072566
0.225981182315 250.078385339 725.635906221
-429.29085197 169.672857717 592.282500181
-588.514759253 270.769304298 615.135217865
-40.6797280643 333.842666256 494.419675756
-4.86221127849 226.592827237 452.172731431
-1987.89065801 38.1477958791 595.081152312
-2118.88284736 -100.863524804 598.01150235
189.340325851 344.891965328 698.611100495
-387.110449981 216.996462522 514.244779986
-544.199575296 71.8014622625 457.75768574
-3135.67938007 -357.394784347 550.644326993
-522.812677866 120.021945293 353.460906555
-397.462862351 264.938933089 518.256889053
-175.330714864 268.581275013 519.276726972
-290.445308985 235.762158419 681.17409022
-145.908407797 144.656345632 470.133812969
-675.321070905 108.755482755 598.451189235
62.8611091192 241.857700786 671.617185518
-75.63592806 244.334201563 457.403179736
-698.448862587 196.261515017 607.860533174
146.442621415 351.576367512 507.310647521
48.7178880439 296.102826076 490.89833558
34.5587435764 259.558390919 443.072249966
22.2782761759 244.461272222 493.887002833
-120.997214499 297.671884569 689.465159118
-352.851624645 253.689495728 559.940282834
110.651579514 306.998297591 490.704791087
-172.449679232 259.864831933 460.863488653
-154.827269357 193.879963518 489.624053491
-75.1330875596 201.496783268 594.463161503
174.204191089 279.204136375 450.773855424
-14.7779797394 291.043167142 585.90629114
-130.611490445 273.946599036 695.969366037
-62.8024640407 242.714996131 659.387339224
-257.435878046 286.061905138 775.12460895
122.252490311 346.019314029 548.643597316
47.6259625089 224.86307882 565.313288746
-195.495795722 326.112619443 734.309534059
-89.0083082275 315.252125062 603.962691678
49.6048365127 251.713965804 498.124926718
-649.827421477 185.94652381 638.067816726
58.5415869605 277.846633287 688.236874761
78.5142550553 295.050822992 677.550458143
61.599658407 289.470785573 449.189156447
45.8380870392 317.854666125 571.046692632
114.865396407 326.868014616 641.041290237
-780.445821942 159.241117097 465.609635724
-129.045496498 169.594295849 475.975793387
-146.504620534 252.874696176 445.476192531
-86.3945229589 361.256677685 789.647915081
-203.44469883 324.621669097 583.192626105
-418.103198748 223.722870607 658.730085307
77.6504195893 374.502383432 801.8324662
55.7547258582 370.124619426 618.801073621
-179.819331625 233.517512599 545.218269337
80.9432983501 281.546170861 457.572148366
-369.819030323 213.685324254 518.911828872
-24.398602866 239.525125491 479.89283058
118.350138667 357.474016521 657.439844748
-117.502815128 204.274945846 433.230745347
105.201659323 346.999067599 568.909795905
-73.9890069158 277.15847546 629.370920187
-277.151078839 138.458097635 427.95469039
108.971830826 260.859848383 675.985812009
74.1839086758 295.464253345 407.540762881
-83.4567036137 182.754043035 370.770917754
38.0038811728 298.622720646 673.069556213
49.7414501831 417.226995 668.623422148
10.4949103986 238.842175157 345.122307731
45.5831769411 406.896671925 813.550273613
4.22995821005 147.281164375 431.102889073
103.268368383 283.254129765 405.190835895
115.04507692 328.342675617 512.154983028
64.1788148021 240.000931227 457.243924843
153.46701236 333.538170803 434.586367305
85.8891957022 346.001119611 622.102138874
-24.3908408114 276.993379528 709.715933653
57.6811992737 353.209052766 652.408612463
61.2538132902 232.41548109 477.455122523
-88.2982101552 324.18834696 597.147812468
-32.9152739711 249.457917712 580.628083822
-19.4313114225 316.580311821 651.384251591
142.495560436 255.283015821 498.963571398
-139.0265974 166.424362317 606.123999817
146.280619682 340.230476478 630.884676839
-269.616431537 211.427302648 610.915409524
88.1620319123 310.984718291 737.235477364
-310.447742291 208.601563723 583.212624775
-189.452637452 302.04075256 726.214530198
84.6338750015 212.714214738 413.969584744
-78.7363454902 242.91796188 598.517664493
-61.2746958916 206.656431926 457.277166534
164.00820411 326.994182359 588.14060914
-49.2532558279 190.149769244 306.788019402
58.6238231894 308.160972543 509.685849773
-93.7882073484 242.251671262 581.278738228
-577.693767362 246.755666379 604.372205534
-208.448586816 135.897435292 453.664507722
-153.353568564 262.16378469 479.036433885
-64.399639072 297.767259366 515.06722045
144.72169115 376.831433034 486.556173255
64.3268164458 320.546874152 578.249674921
-4.97117580528 269.730356574 462.872332237
142.5046804 360.17893009 625.775906955
254.100774629 373.554968738 609.178155349
-342.52504727 251.392803791 575.828475717
-3.21400615366 316.290839593 576.109213408
-1842.75853359 75.0495217955 611.541571564
-561.934071388 89.0052145731 337.923677872
-27.7322976009 237.051869159 458.078634987
-54.7133906058 302.601893465 744.422661601
16.4148322403 259.731764728 509.188363681
0.177326608642 200.709702795 641.661812217
-131.700602675 315.278954571 627.358910906
14.2886118541 281.240768182 500.690116816
79.0535616049 276.784549236 581.796992464
-2084.33625369 -37.8632518564 469.587826768
130.593702748 245.792426781 383.12501373
-48.1425613777 207.519760143 579.139883595
-211.675473828 266.76568904 495.02346196
41.4326050419 246.123305182 438.263919602
-29.6870793516 315.457973541 566.286174753
78.769188238 281.421307105 485.223334557
54.6401620933 335.147295162 620.297453046
58.6917909421 426.222632639 734.968268904
133.175375042 375.866247723 573.616250257
228.464568538 427.782708266 621.511542873
127.741835588 333.475670153 567.650701582
197.528709816 385.403095377 505.24180594
154.814261375 427.762781854 916.157089379
9.91412406028 427.556468526 724.473202412
-153.991514721 319.933797758 658.81635429
162.432142933 328.267461835 463.900368195
-112.371030532 298.64593772 586.498946133
-24.9418785546 278.665350375 504.721312777
210.169034355 379.488718882 670.014231816
144.307645616 313.122244243 689.419887897
-64.9538160987 292.608777153 818.319198433
141.968465511 326.444017586 466.661268127
146.916572948 335.466835365 499.464477402
133.976376028 376.856868076 592.428220806
32.851694572 296.191672392 477.956934314
25.0720622964 285.387733701 476.083446376
-6.44335968002 312.957907857 602.69048439
59.3433662202 392.261318547 724.850744406
92.7149415188 335.288702655 512.339484452
95.7175595483 341.841851137 522.398902352
186.848337881 421.116376752 734.126835578
82.3431676201 328.002311933 523.348507934
6.44255604128 403.645824381 573.891946865
-48.6144708906 406.650128805 742.055684213
56.6461279634 303.323784748 617.198996022
-100.57216068 288.360206638 463.897598728
133.548563835 280.228359494 522.50855719
198.197309542 379.719853844 679.563895986
172.398955669 314.822540537 424.525976255
-336.018821693 263.603944582 469.620629386
83.0124417241 294.205226604 603.739375139
209.519035984 362.873660623 599.964170632
32.4545212834 274.956514768 566.641667015
75.5877293642 346.125880748 551.111018927
-421.507908286 214.40605154 707.922890629
112.184919809 316.037533818 608.957553774
-655.788955361 295.521358002 687.679129991
-351.411048732 250.300587557 494.847848762
45.308049028 223.403198426 477.248918764
-238.759440479 316.008182412 615.478853824
7.38493451956 296.216213899 517.371101034
188.515965523 385.47291087 724.252770674
-739.743491638 156.990067688 479.799893711
219.854172944 371.29128885 579.693500137
155.434842161 355.03644129 544.159287399
210.448973046 396.682587781 695.736237025
64.9444428371 249.294034548 484.773945688
189.031963737 390.907581735 548.600855316
-182.976995437 365.719689201 606.219378282
82.0420754232 291.266394448 728.83085111
92.293790282 304.138169952 504.74360162
162.135886721 355.789560168 570.432265912
94.8586253716 241.030597409 468.017481976
-8.28982110978 277.822139205 699.277471894
64.7963118227 305.273332301 616.800384
111.819626729 286.721330352 471.932360508
91.1171650185 340.906236283 596.916380356
133.164049908 312.955030293 649.129231581
-44.9406948598 218.17965016 389.476785149
50.1241060056 320.416686498 653.892951345
-106.488432126 231.834409365 487.752107466
174.992276726 379.501974257 670.819542134
161.315037964 310.759996073 552.707421187
109.517789632 320.502589856 577.216839268
112.631042691 356.771368581 698.009472106
139.857510227 291.177698275 484.279429183
109.5975416 290.387544968 387.030245475
-2171.53461626 -3.35202680544 544.807230784
54.6612234542 240.221778398 451.597256025
-969.053042004 229.136990102 678.37608339
78.3554910683 206.711787793 408.676310717
159.365104837 363.782633305 633.304636522
-138.369165059 268.84319096 532.861196539
86.6963670792 356.008181152 576.126324066
141.460415083 361.615129601 594.084197274
-411.047465528 195.507844502 564.526947389
206.032014133 390.917097694 624.660218457
-1980.93584752 164.762945355 782.477492138
-176.254607113 308.097262787 596.72602312
218.911473906 408.214705461 626.647407302
116.917333954 239.356242211 442.317521711
105.493097043 411.51184489 767.386736296
60.3463043667 314.450022601 616.580779643
-73.4500950153 354.150919436 654.72097628
-296.722516244 243.938888068 521.235913968
-641.892363786 179.032018376 467.080044512
1.70588359634 340.699571404 496.696655776
-47.1965384295 176.747648404 628.603421881
128.291021365 324.131928046 593.725208436
-147.399472574 306.925163585 568.068712707
-6.66384188995 307.243289876 663.209757828
107.893028119 329.009775634 697.64832775
-1212.50369313 227.887323277 809.161371852
20.4037935083 314.844612755 512.215448808
38.7386430931 332.129198588 710.245343812
74.0330178056 312.93674593 706.314001385
187.666593305 358.38430533 693.044950447
136.322392441 386.79407446 612.841463016
143.539398806 318.711443829 609.837473504
196.671709563 326.005152098 436.96956962
-350.446573017 225.906157489 560.586073652
-2269.2090041 -160.244854252 744.040606847
99.8746793722 373.401738517 511.626995305
194.67918843 354.673569105 574.750239398
187.424026513 399.084576812 588.545920991
57.624348755 331.579895241 605.558631522
28.6534207768 383.300105116 705.234313652
246.97699662 417.131002832 615.758745357
145.523107351 289.049557753 434.534288175
212.50786791 378.020535597 652.766426164
37.9015393031 327.570016286 709.726153381
-382.337464912 380.233985575 608.424878018
-1349.85402262 121.106129997 487.842916293
-987.597392145 149.676648399 681.132626323
-408.676345673 286.023374372 649.608804808
108.026668983 309.020645076 590.8677314
208.825162376 351.026559493 594.209668451
130.125207874 315.319036122 507.350383817
83.7805470184 454.934544933 747.767900179
229.250140384 469.206048101 795.110462217
115.418333784 356.838529797 652.508085145
-1844.07261557 40.0644536456 511.78558093
31.8664062791 339.732755263 591.793057721
172.115535272 344.701620219 567.722257354
147.515655783 315.954556837 479.303258457
-1486.33974955 99.2384031274 729.178947876
92.9165826804 374.092012583 576.225905483
80.5758887839 301.308564636 556.379791857
240.146761721 421.373431536 555.931179127
137.692168304 321.736659072 482.899290839
122.568265444 337.82924691 534.826460594
159.278245759 324.078090099 483.636353381
-237.217352892 285.314004393 491.06020154
127.950662143 386.592761337 810.374407114
135.433726909 331.128550544 589.153997063
64.327191603 224.17857448 409.007964716
-225.579501324 359.267325841 682.325661716
-386.189041011 272.836959935 579.990451954
-186.271756121 295.611965415 580.047469548
256.566524996 359.724639169 548.665776268
13.9129060985 328.132488442 513.178925725
6.66537358102 257.478816439 449.255972596
-54.0572653528 407.394337594 601.698014529
-440.870870122 302.805251947 765.932929465
120.915048187 399.055127245 785.888230011
-63.8655304222 399.167019746 708.692149701
17.2084606092 246.77590534 800.001472631
13.0376295386 320.171418916 499.52829532
-1659.81660753 154.501119292 714.779368538
166.870925385 358.144350142 629.294015506
134.340488494 390.371586367 607.554386534
-2153.77187278 138.092128641 532.344683966
50.0430392758 334.964217245 490.484077935
32.7633353066 307.737014812 526.409776971
136.330798714 312.0575153 633.028441566
80.6835173127 396.898662519 692.475745519
83.3307812994 373.615687416 797.922173738
194.466989131 329.1815217 602.49361996
11.7487021348 269.059071762 462.583781481
159.995188465 354.51871989 497.391380472
236.341612427 394.54830063 663.333429451
218.092234554 408.558949925 606.581536026
223.889103657 407.074552767 587.506753291
279.116186142 462.628937339 605.019600469
-3.42365819042 315.480769433 466.232724173
161.529035152 378.187429932 612.428288655
265.988316603 452.906121703 702.123076699
67.2835374394 320.513076133 516.504689626
47.2753237823 326.924729324 577.156981129
83.3206729043 323.265451972 561.448285482
27.8487717745 436.415882387 718.666311802
161.93055713 377.772492835 733.354498051
95.9559444288 333.660594119 491.891816494
226.260349781 438.6968991 698.727004304
27.0278864493 423.739090848 602.856913144
162.383562181 292.261023412 573.703865691
67.1079806276 296.136655372 629.280376257
190.585961599 346.940049011 554.185047292
206.630887616 368.411468144 613.958386973
119.319209175 302.666769035 490.329459319
237.434417406 386.499030583 565.916446971
260.513418426 405.386677465 601.625259941
162.492347677 389.806458777 679.769664179
277.739042498 408.307308126 607.14360021
236.779489227 424.734114006 697.810148405
170.660340935 304.609853635 474.280218554
184.177631688 316.248424026 496.688615709
134.178710955 267.052764149 489.537501336
214.169895444 346.570368455 609.282502634
110.819288559 350.910868951 644.91060186
164.205803129 397.511271826 626.388787174
0.000874282747159 355.236331554 679.996474369
-138.77765599 424.231667385 826.282847588
201.322633026 362.418881766 541.822113264
-10.1723648304 434.189545693 611.471241334
96.1054014192 357.199225544 669.343521599
143.908422249 443.743735637 737.240530281
68.0338897762 334.698828377 512.595252066
116.126166899 305.01491917 592.974126705
28.3590489026 269.457648447 465.069005253
143.333295715 373.263606288 629.869386437
57.6750790817 300.389047521 435.583517828
165.019673003 359.252182095 611.132979968
127.439587852 424.254202775 664.162623576
158.159894041 427.053739817 732.149923806
121.759639694 315.474594738 495.477372181
206.525660687 343.337384571 484.400611137
-2.02741188222 266.823633386 466.549522721
135.311984341 307.17329088 575.480360103
136.53015347 324.887154234 556.549981634
44.1369103478 249.524990362 474.259864637
174.039393141 459.238206323 806.845793535
55.6056566394 361.9821588 576.299911232
210.25635589 414.633857434 694.368356434
125.341492927 391.626256957 746.658459361
93.7267646163 337.934174097 579.232015224
161.906230693 432.433175849 819.568447593
121.283621574 317.238679131 578.944438428
-54.2428389624 343.296477153 639.498127408
35.0290056397 425.252528036 595.870225603
-141.409502518 370.782553459 736.820280335
224.574347976 407.023454411 601.626300823
55.4809984291 356.533534259 715.50253333
231.24583255 365.718782746 571.991483659
248.534915136 387.501325798 598.070856384
157.514727608 334.761369082 799.845299637
67.6400143316 389.088161211 592.408863765
224.339997499 361.50879895 489.207928028
235.230135728 424.153042704 743.462771199
255.996898395 465.44593561 579.166223122
208.6834299 345.9811206 492.438401971
-14.3288995033 283.337365265 546.142846936
50.0779982269 385.972613264 825.885992694
98.8073428999 270.937454639 371.378136799
158.848682951 345.592814816 791.90378159
116.506933089 274.390061763 451.210260759
60.365318185 337.654294377 606.774951429
124.730691692 304.319507847 491.180478789
55.3419272396 339.71279964 588.795800688
220.240631769 431.49454597 660.87241587
172.347162038 354.077075595 597.983529071
105.21088307 345.545839658 487.476122488
50.717962487 272.423604564 618.446672253
171.643312516 283.161370987 421.265275341
223.868319411 377.984144198 561.669558759
270.240223694 365.07590416 592.019318446
225.655935509 323.101378804 593.160781122
105.87529091 359.580382185 600.10069029
36.2172036446 337.804080868 734.507317262
163.05343161 358.421451978 601.439890663
175.573817502 456.774176162 986.331406749
168.040743065 377.608964761 621.615840975
221.144016133 405.788382452 550.491088627
235.674524451 439.387941615 841.605256087
-64.7021144547 310.761065417 724.624827371
23.9741120248 316.469285928 482.079412045
27.8846435279 357.907729208 604.135369616
100.724067173 287.253322681 591.592484439
218.101186963 415.500923141 703.28934317
47.0766589746 348.148373772 728.837575342
70.9734699978 259.052287964 497.486385909
86.1751001978 330.990330862 601.438335714
214.736615069 373.209171306 597.422010857
-216.276436346 301.335696826 666.135192421
148.166898868 414.919477643 606.446762583
143.762647833 308.437820927 459.569437746
-57.3571950872 259.950703891 529.015262582
102.400603435 352.043563304 569.242156319
38.3504399773 359.477079844 714.708463383
-111.139084278 306.866391885 474.445634526
33.5351788883 289.06353339 621.693296336
175.352521555 326.493848362 516.875085808
233.449552677 413.367666402 603.977216251
-212.211731251 257.454298067 618.553012124
133.300766212 312.307581418 614.282017539
-99.1180036288 249.376277274 629.315159759
125.529798027 357.218011278 491.461479948
156.717635202 393.907881726 654.921315902
23.9178825148 295.806256016 748.659394675
188.279004156 375.985107216 620.838911845
208.551225908 408.442184099 591.078782916
102.04004256 303.520017213 468.608860462
154.935267166 337.678684428 501.721915939
178.899171347 362.803499471 605.386561286
146.77566133 315.492266304 469.446455582
116.169080624 421.267060845 627.356091284
124.82240608 297.836971674 558.223793231
175.104822323 381.756704669 635.349811783
-146.194067504 302.142319183 561.666561989
260.758814711 404.839103576 727.099480408
159.349668876 367.024122666 552.01391667
32.4846940913 288.953307045 487.300331054
-1.77033386431 348.71793911 719.850701682
158.534208235 355.338552979 638.384146366
219.404544055 393.755618291 678.979993001
109.21323277 384.623566051 761.075108118
106.043345465 317.743218738 542.596176708
150.99931 315.050748216 468.868848077
206.402052016 519.941301869 852.513185385
147.806856494 371.459905296 615.663573448
164.105100721 423.434968771 604.769456476
10.4271646655 346.538995958 793.672794587
237.808736941 344.214483631 502.917725554
7.71840490372 378.351140612 588.303793308
219.305821075 478.122538028 824.414953891
-154.035911535 229.863659881 403.102913802
167.895014749 402.265974941 733.19529238
15.1010852035 261.285188739 476.253971412
122.003214805 300.092092735 492.584563637
217.584150026 397.280219575 637.0829762
35.8014252702 299.657591899 629.247709056
-102.909117652 309.026564602 494.668168646
239.837281728 480.752110176 954.477300961
121.347315884 243.790204818 367.253916724
214.301244918 428.382746583 728.179422381
-57.1595638943 295.139777286 560.833957709
184.33724245 354.088957433 722.238518161
107.696440875 309.418480177 514.861829734
97.7465733152 308.317031344 616.591861808
164.853420589 348.272306767 529.468749468
51.511617022 328.80011948 762.027506537
152.226512697 424.482353789 695.071262251
206.173695623 359.107684793 596.445557623
173.924114427 377.287870471 784.379098804
145.495657203 394.368095919 615.045356066
232.120997891 435.661668318 725.602630621
250.343858087 392.460189706 585.167938591
110.045644654 397.584021067 733.918276895
174.813196264 305.251251759 383.04644467
112.877117996 378.34962978 639.862123177
145.850425415 318.08138233 482.659697773
172.126861021 342.186066949 552.635935576
126.321191128 344.991359128 562.479686824
150.664106915 378.450769298 593.76486128
119.805015528 389.60261229 712.076834784
136.637608476 300.859193931 726.071984964
119.158987023 323.58536115 592.797990815
206.330326681 299.409695598 470.021558163
27.5289998927 315.251882586 605.024570129
-118.637579819 255.416390048 550.222643008
156.16230407 351.941097667 538.394797915
224.24273153 394.264413336 568.097516452
150.99945938 293.096507091 461.099758583
196.31632096 349.051281372 626.731028181
106.316005836 332.492931458 539.264113967
210.296917954 405.802449428 600.282348058
241.56040299 358.278732407 456.591372458
159.759599498 339.645999897 705.67536944
202.957727769 423.451598452 614.362951144
53.6898979717 303.144185194 735.361767178
-16.459817912 323.574696986 619.429652644
195.467413043 361.281378682 667.212109723
-279.370189766 336.602845708 709.460649297
160.406912764 381.760568817 622.32384167
196.980686754 348.483663669 516.717116792
212.785636355 358.856602876 492.326666154
111.153125131 342.296070085 617.892373837
-75.9159583957 288.396723371 703.868368106
188.815901394 358.750662874 518.365555188
147.94526641 296.107136802 514.230988273
76.5644886721 284.550859935 464.369311462
-44.4239472453 331.056532986 564.598247671
74.8471983572 316.546483693 729.003029896
202.134566058 415.058136781 732.059273981
117.911559019 362.929763489 567.781281618
-326.991113162 323.83491887 564.876156192
72.8530591342 276.30961304 575.588464927
163.93871491 461.994469238 935.562119446
-433.024388007 214.740287477 510.619719812
55.7701035519 303.191285597 463.519642472
164.25493789 437.850189802 573.200173949
144.023409344 370.920577338 627.40473472
3.98281639374 347.94802612 773.875894273
137.259961639 366.554700414 624.413536156
162.49380337 240.097707297 368.187034924
118.030738522 366.885376623 678.852744094
109.704870716 326.061440893 562.874216891
156.740933142 332.9073715 570.684722871
143.376041283 370.697783029 616.94748654
224.127258765 442.290292106 701.27612201
90.7567896355 365.673026578 479.580233799
111.260969963 436.131690961 628.153577364
235.387145831 415.038309892 696.595758633
118.409213266 431.419639801 670.130716607
242.477244776 402.131084761 649.669383817
245.598882071 384.790138688 573.992766184
203.48339094 494.569758896 827.792137783
190.371399617 401.955801353 631.234956131
109.919721754 321.259253729 472.16168294
87.6431015262 378.598419279 730.90087003
-21.5434765371 325.163857737 552.305775934
86.5364897185 372.40414205 500.482515685
163.068495744 324.631420248 513.327811716
265.988731557 423.413974046 533.604961668
-115.124807259 246.70518284 489.48995831
-9.49970780996 317.851990925 628.387324091
161.142049707 326.218213702 468.572492609
240.627993894 459.9303181 704.1406998
137.02299451 317.647565909 487.233863233
101.332829838 369.32120247 503.385367812
231.985724681 329.036480975 522.009654291
220.38243231 346.864092985 493.951785292
209.27550188 329.463271705 463.246751451
123.301013345 368.175028645 534.618602449
187.130183136 287.198884454 518.312328113
138.819138579 358.222741553 581.693556445
120.745530071 278.738120872 482.045864864
-62.7866938831 341.003129676 524.390963725
275.867739115 418.761618324 617.216256281
158.514721779 340.758356232 482.033805554
141.608374507 320.775977049 599.965156394
181.774511915 310.070429294 570.770389036
-327.462260822 290.073233418 572.995030269
33.5197069819 317.120228554 631.648409161
159.144532329 303.267526472 486.469650064
-279.80019261 314.481737269 696.205780203
-40.0925989229 305.072928752 502.839854265
-9.47543889916 260.232815483 482.75160245
12.9654323933 418.29593152 710.485371139
257.359470963 443.462977018 663.908044216
81.2067330454 313.538582521 676.303373608
136.622293495 349.762288898 550.732095046
-188.671840189 336.673576306 835.486799404
191.971755625 324.273239911 466.844769764
29.3400963452 325.635588224 594.200467702
112.975652273 383.434857694 807.396105821
-391.893080295 379.112549609 810.797711374
-88.7453665704 221.423791162 571.7703134
40.7387600398 311.55670688 571.502107026
138.23540447 345.235348185 834.360109382
-2.7838049917 345.039738055 840.623003071
38.153553765 357.427291576 512.274571505
131.313080908 354.641446494 826.72495209
-181.008492856 275.639246321 670.828820692
-59.7404827317 241.843874039 611.861720965
-36.6561262219 259.297743878 480.659911279
285.877859608 453.388154775 647.683147213
81.1962657422 346.097036171 657.57985335
-62.1810355733 337.266311111 608.894218342
174.045807721 392.642024603 650.636697884
76.5442690077 300.155252291 669.025911924
103.876964176 351.429134811 576.666261878
181.641355203 375.846998771 714.263075495
-113.08535716 230.502374989 597.316425569
226.910205599 382.556288109 595.975526388
