0.07684 0.216504 0.6
0.08664 0.167704 0.6
0.10148 0.211488 0.6
0.07244 0.178076 0.6
0.08204 0.153588 0.4166
0.09352 0.123408 0.17032
0.07756 0.104244 0.14644
0.09492 0.24932 0.6
0.0734 0.109324 0.1796
0.06884 0.177604 0.5548
0.0712 0.155796 0.6
0.08312 0.101268 0.13336
0.07724 0.09642 0.13404
0.0696 0.108068 0.17416
0.06892 0.098872 0.1358
0.06632 0.083076 0.09936
0.0758 0.090796 0.11856
0.0708 0.093076 0.1348
0.06012 0.082944 0.11264
0.07156 0.084112 0.10252
0.0688 0.085748 0.10812
0.0746 0.081768 0.10696
0.0708 0.082244 0.09948
0.07136 0.0865 0.10656
0.06576 0.074784 0.08308
0.07032 0.078176 0.08932
0.07112 0.085024 0.09984
0.06644 0.076424 0.08676
0.06476 0.076072 0.0906
0.06552 0.074524 0.08708
0.06424 0.073308 0.0836
0.0638 0.07496 0.09004
0.06376 0.075604 0.09064
0.06088 0.069644 0.0766
0.06108 0.066796 0.08216
0.06224 0.06772 0.07224
0.05656 0.062948 0.08004
0.05652 0.06418 0.07048
0.0594 0.062624 0.06736
0.05532 0.061112 0.06752
0.05876 0.063636 0.0736
0.05644 0.061464 0.06716
0.05892 0.062648 0.07104
0.05632 0.06158 0.0688
0.05444 0.062156 0.0696
0.05832 0.060844 0.06488
0.05544 0.06054 0.06356
0.05628 0.06048 0.06672
0.05488 0.060204 0.06488
0.05376 0.058276 0.06212
0.05608 0.059036 0.06952
0.05168 0.058064 0.06728
0.0506 0.057764 0.06376
0.05388 0.056992 0.06348
0.0524 0.057284 0.06108
0.05408 0.056652 0.06092
0.05332 0.057624 0.06132
0.05308 0.05766 0.0672
0.0532 0.056788 0.06072
0.05352 0.056716 0.05912
0.05084 0.05572 0.0586
0.05292 0.056148 0.06656
0.0532 0.056372 0.06128
0.05136 0.054544 0.05928
0.05296 0.055524 0.0594
0.05044 0.054508 0.05932
0.0508 0.053864 0.0578
0.04968 0.053992 0.05672
0.0506 0.054068 0.05688
0.04844 0.05328 0.05908
0.04972 0.053832 0.05756
0.04916 0.05352 0.05592
0.04956 0.053288 0.05668
0.0498 0.053528 0.05692
0.04912 0.053412 0.05544
0.05032 0.053364 0.05516
0.04508 0.053968 0.05952
0.04812 0.054564 0.0598
0.04876 0.0517 0.05584
0.04996 0.052592 0.06012
0.04728 0.052496 0.05932
0.04544 0.05092 0.05324
0.04816 0.051268 0.05372
0.04604 0.05128 0.055
0.0476 0.051076 0.05644
0.04568 0.051364 0.0544
0.04652 0.050212 0.05388
0.04392 0.049872 0.0542
0.04564 0.050716 0.05644
0.04792 0.05064 0.05588
0.04852 0.051516 0.05492
0.0486 0.051344 0.05332
0.04432 0.051312 0.05624
0.04796 0.052792 0.05764
0.04908 0.05272 0.0582
0.04548 0.05122 0.05688
0.0492 0.0531 0.05916
0.0476 0.052168 0.05572
0.05096 0.053808 0.05616
0.04816 0.050116 0.05296
0.04848 0.052056 0.0568
0.05224 0.054372 0.06024
0.04972 0.054492 0.075
0.04964 0.051664 0.05652
0.04948 0.053172 0.06036
0.04872 0.05246 0.05732
0.04956 0.054208 0.05744
0.05064 0.05368 0.05804
0.04872 0.052864 0.05596
0.05056 0.053384 0.05556
0.04792 0.051692 0.05432
0.04964 0.052108 0.05476
0.04796 0.052516 0.05856
0.0478 0.051588 0.05584
0.04772 0.051716 0.05648
0.04836 0.05156 0.0566
0.0478 0.051584 0.05524
0.04816 0.052612 0.0566
0.0476 0.052016 0.05852
0.04988 0.053644 0.05692
0.04776 0.050844 0.05504
0.0492 0.05286 0.05632
0.04956 0.05204 0.05516
0.0488 0.051532 0.05436
0.04648 0.05146 0.05756
0.04764 0.050996 0.05404
0.0478 0.050768 0.05364
0.04772 0.051144 0.0554
0.0484 0.052076 0.05528
0.0438 0.053288 0.06284
0.04584 0.053124 0.05792
0.0482 0.050752 0.05504
0.05008 0.052676 0.05556
0.04828 0.052096 0.05688
0.04868 0.052344 0.05564
0.04616 0.052184 0.05636
0.04872 0.052356 0.05644
0.04968 0.052964 0.05596
0.04852 0.050396 0.05312
0.04872 0.051052 0.05488
0.0452 0.050728 0.05544
0.04852 0.05158 0.05544
0.0456 0.050312 0.05404
0.04712 0.051408 0.05388
0.04756 0.052264 0.05728
0.04704 0.052048 0.05508
0.04552 0.052308 0.05956
0.04636 0.050944 0.05368
0.04888 0.05228 0.05524
0.04524 0.051004 0.05544
0.04952 0.051708 0.05708
0.04856 0.050968 0.05432
0.04816 0.052144 0.05612
0.04592 0.05058 0.05328
0.04776 0.050504 0.05396
0.04812 0.050884 0.057
0.04952 0.05196 0.05476
0.04972 0.05148 0.05452
0.04976 0.051896 0.05408
0.0496 0.05286 0.05556
0.04788 0.050912 0.05436
0.04856 0.051412 0.05544
0.04612 0.05238 0.05616
0.05256 0.054012 0.05568
0.04844 0.052964 0.05696
0.04872 0.050892 0.05372
0.04828 0.051824 0.05364
0.05004 0.051744 0.05676
0.04756 0.051036 0.05284
0.04588 0.049888 0.05212
0.04584 0.049916 0.05332
0.04644 0.050112 0.0538
0.04524 0.050088 0.05452
0.04904 0.050788 0.05344
0.04552 0.0497 0.05476
0.04484 0.050368 0.0542
0.04456 0.049744 0.05368
0.04752 0.049836 0.05212
0.04556 0.04858 0.0514
0.04608 0.049112 0.05232
0.0466 0.049768 0.05396
0.045 0.047848 0.0544
0.04676 0.049776 0.05232
0.04816 0.050052 0.05276
0.04544 0.049532 0.05268
0.04504 0.049712 0.0518
0.04748 0.050212 0.05332
0.04736 0.04992 0.05488
0.04548 0.049064 0.05292
0.04672 0.050872 0.05448
0.04884 0.051672 0.05368
0.04832 0.05204 0.05496
0.04756 0.050876 0.05416
0.04832 0.050824 0.05364
0.04716 0.05088 0.05412
0.05068 0.055156 0.07492
0.05048 0.05326 0.05488
0.04836 0.051692 0.05444
0.04848 0.051568 0.05576
0.04832 0.05088 0.05448
0.0502 0.052112 0.05376
0.04984 0.052644 0.05536
0.04796 0.051104 0.0538
0.0472 0.05142 0.05536
0.0472 0.051772 0.05476
0.0476 0.051352 0.05368
0.04764 0.051168 0.05384
0.04824 0.050668 0.0538
0.0488 0.051432 0.0532
0.04776 0.05102 0.05352
0.04696 0.049984 0.05276
0.04864 0.050136 0.0566
0.04776 0.050492 0.05476
0.04876 0.051008 0.05472
0.04504 0.049556 0.05384
0.0432 0.0502 0.05336
0.04644 0.049968 0.05332
0.04728 0.04924 0.05136
0.04732 0.049512 0.0514
0.04656 0.048768 0.0516
0.04704 0.049656 0.05236
0.04784 0.050304 0.05424
0.04764 0.050256 0.05404
0.04744 0.05032 0.05332
0.04648 0.050936 0.05616
0.0472 0.051072 0.06084
0.04844 0.050388 0.05356
0.04668 0.050236 0.05524
0.04624 0.052152 0.05776
0.04936 0.05114 0.054
0.04644 0.049764 0.05396
0.0488 0.051668 0.05492
0.04868 0.052144 0.05544
0.04816 0.050132 0.0526
0.04852 0.051656 0.06096
0.04916 0.05288 0.06164
0.04644 0.050144 0.05348
0.04704 0.051164 0.05752
0.0474 0.050496 0.05364
0.04704 0.0499 0.05388
0.0478 0.05032 0.05188
0.04736 0.0495 0.05744
0.04848 0.049844 0.05144
0.04628 0.049236 0.0538
0.04788 0.049396 0.05084
0.04528 0.049952 0.05408
0.04636 0.04932 0.05112
0.04532 0.050536 0.06232
0.046 0.050684 0.05352
0.04512 0.049408 0.05232
0.04508 0.049084 0.05184
0.04596 0.048888 0.0542
0.04752 0.049612 0.05128
0.04908 0.050356 0.05488
0.04688 0.049604 0.05144
0.0482 0.050424 0.054
0.04544 0.049332 0.05284
0.04644 0.051304 0.05836
0.04792 0.050908 0.05296
0.04488 0.049252 0.0528
0.04672 0.050164 0.05432
0.0482 0.050072 0.05232
0.04544 0.049312 0.05188
0.04524 0.04844 0.05068
0.0482 0.050496 0.05436
0.047 0.049312 0.0524
0.04592 0.049356 0.05376
0.0488 0.05134 0.05328
0.04732 0.049548 0.05328
0.0482 0.050728 0.0578
0.04784 0.050804 0.05308
0.04648 0.049644 0.05308
0.04696 0.050784 0.05492
0.04828 0.050644 0.05388
0.0478 0.05002 0.05144
0.04696 0.052208 0.06704
0.04524 0.050796 0.05444
0.04704 0.050616 0.05448
0.04636 0.049616 0.05412
0.04604 0.050264 0.0554
0.04576 0.049428 0.05148
0.04596 0.049796 0.05312
0.04924 0.050696 0.05284
0.0464 0.050772 0.05372
0.04684 0.04974 0.05156
0.04956 0.051496 0.05436
0.04532 0.050328 0.0562
0.047 0.049908 0.05556
0.04684 0.050248 0.05868
0.04692 0.051184 0.05772
0.04684 0.050884 0.05476
0.04856 0.050728 0.05332
0.04548 0.0497 0.05588
0.04492 0.050556 0.05352
0.04692 0.04928 0.05104
0.04572 0.048388 0.05012
0.04616 0.0496 0.054
0.045 0.048084 0.05056
0.0452 0.049536 0.05536
0.04452 0.048684 0.05356
0.04796 0.050408 0.05332
0.04716 0.050256 0.05276
0.04592 0.04916 0.05368
0.04592 0.049784 0.05472
0.04808 0.050308 0.05392
0.04464 0.049276 0.0534
0.04792 0.051648 0.05548
0.04704 0.05096 0.05392
0.04924 0.051696 0.05392
0.04764 0.05078 0.054
0.04836 0.050952 0.05564
0.04912 0.051988 0.05528
0.04648 0.050496 0.05484
0.0472 0.0506 0.0546
0.04688 0.051756 0.06356
0.04664 0.051184 0.055
0.04808 0.049656 0.05328
0.04704 0.050676 0.0532
0.04632 0.05202 0.05444
0.04592 0.051924 0.05368
0.04452 0.05 0.0536
0.04644 0.049228 0.05236
0.04756 0.051452 0.05868
0.04608 0.048916 0.05288
0.04616 0.050988 0.0548
0.04536 0.048296 0.05136
0.046 0.048736 0.05032
0.044 0.047504 0.05028
0.0458 0.04868 0.05228
0.04552 0.04784 0.05104
0.04616 0.049836 0.05512
0.04492 0.049412 0.05156
0.0442 0.047804 0.05064
0.04192 0.04748 0.05076
0.04496 0.048216 0.05108
0.04392 0.0495 0.0542
0.0456 0.048412 0.05108
0.04496 0.048432 0.05052
0.04252 0.048824 0.05212
0.0456 0.049064 0.05176
0.04552 0.049552 0.0526
0.04756 0.049312 0.05104
0.04636 0.04846 0.05196
0.04696 0.049904 0.05488
0.04572 0.048744 0.05248
0.0446 0.047548 0.05368
0.04416 0.047948 0.05104
0.0426 0.047756 0.05244
0.04572 0.049184 0.05404
0.04332 0.047744 0.05216
0.04508 0.047732 0.05008
0.04604 0.049024 0.05164
0.04568 0.049264 0.05172
0.04704 0.049584 0.05192
0.0482 0.051364 0.05484
0.04348 0.048584 0.0518
0.0446 0.049232 0.05316
0.045 0.048668 0.05208
0.04472 0.048916 0.05336
0.04804 0.05064 0.0552
0.04604 0.049896 0.05404
0.04372 0.048844 0.05216
0.04316 0.048664 0.05208
0.04392 0.049096 0.05544
0.04644 0.049884 0.05268
0.0472 0.050588 0.05452
0.0472 0.049476 0.05184
0.04464 0.049484 0.0544
0.04872 0.051104 0.05352
0.04608 0.049632 0.05292
0.04772 0.049664 0.0512
0.04508 0.04902 0.0516
0.0454 0.048924 0.0526
0.04784 0.050028 0.05172
0.0466 0.049568 0.05408
0.0448 0.047876 0.05244
0.0458 0.047528 0.04876
0.047 0.04944 0.0536
0.04488 0.04778 0.05116
0.04464 0.047516 0.05128
0.04496 0.048468 0.05304
0.04316 0.048288 0.05132
0.04504 0.04828 0.05264
0.0456 0.047668 0.05084
0.04144 0.046384 0.04948
0.04504 0.047796 0.05
0.04376 0.047988 0.0526
0.04548 0.048 0.05032
0.0458 0.048236 0.0518
0.04488 0.047528 0.05008
0.04528 0.048036 0.05032
0.04292 0.047568 0.05052
0.04416 0.047236 0.05184
0.04488 0.047804 0.05136
0.0438 0.047332 0.04984
0.04492 0.047732 0.05236
0.04488 0.046932 0.0516
0.04284 0.046804 0.04996
0.0446 0.047508 0.05372
0.0438 0.046968 0.04988
0.04356 0.047172 0.04924
0.04488 0.04708 0.04928
0.0442 0.046728 0.04944
0.04276 0.045772 0.04912
0.04468 0.046592 0.04956
0.04296 0.046072 0.0488
0.04468 0.04708 0.0502
0.0448 0.046976 0.04884
0.04304 0.044972 0.04624
0.0434 0.045528 0.04832
0.0432 0.046696 0.05064
0.04328 0.046324 0.04876
0.042 0.04532 0.04868
0.0436 0.045336 0.0482
0.04236 0.044716 0.04696
0.04376 0.045436 0.0484
0.04196 0.044752 0.04736
0.04184 0.044332 0.04628
0.04316 0.045448 0.04736
0.04204 0.044364 0.04752
0.0414 0.04442 0.04664
0.04164 0.044352 0.0462
0.0412 0.04518 0.04832
0.04184 0.0449 0.04684
0.04308 0.04502 0.04744
0.04208 0.046456 0.0494
0.0432 0.044944 0.05072
0.0436 0.046128 0.0482
0.04296 0.044776 0.04804
0.04328 0.04514 0.04752
0.04208 0.044852 0.04728
0.04252 0.045036 0.0468
0.04336 0.044508 0.04716
0.04192 0.044384 0.04716
0.04268 0.044148 0.04824
0.0412 0.042904 0.04456
0.04156 0.043852 0.04548
0.04176 0.04328 0.04612
0.0414 0.042504 0.0438
0.04104 0.043564 0.04668
0.0418 0.04288 0.0448
0.04052 0.042908 0.046
0.04244 0.04404 0.04616
0.04184 0.043428 0.04696
0.04096 0.042668 0.04388
0.04056 0.042752 0.04524
0.03976 0.042772 0.04516
0.04092 0.042948 0.04484
0.04036 0.041716 0.0456
0.04092 0.042576 0.045
0.03988 0.04204 0.0452
0.04144 0.042684 0.04444
0.04044 0.042648 0.04452
0.0404 0.042236 0.04412
