-6829.05187939 -1278.93825918 63.9649868478
-8117.77702255 -1057.5561516 637.67709849
-8321.12003559 -1612.67144709 -43.5008386573
-10084.0937172 -750.10788711 2616.64350473
-4808.06110418 -293.164664123 2439.82051913
-195.582427599 468.458311713 2624.80209439
-141.338354523 542.13130646 2516.86979835
-9993.97956545 -1023.93036349 1786.43183002
-97.4954215055 447.736785598 2310.75796521
-8795.45104808 -375.317339321 2737.25693123
-10029.0585247 188.845886073 2694.26599878
-118.172008366 682.55799166 2620.61056352
-184.990396239 1345.29149466 2739.0260504
-120.487116479 883.067756286 2584.94323155
-95.4383140948 1145.68704816 2564.71937358
-59.4453696496 996.449119839 2712.56624724
-63.4080522188 1444.16402834 2734.36204845
-97.1009099832 1995.64219735 2739.20432798
-61.1447971429 1116.29800185 2695.6271404
-99.3471807844 2111.13762821 2725.09113708
32.9054579868 1623.84455574 2755.00079451
146.211645483 2006.38665264 2748.08806818
198.294133002 2172.1701552 2748.56665042
-39.9020539074 1565.29750027 2735.69500686
1365.69719859 2588.45696408 2765.55867716
1538.84511386 2551.78082965 2745.70704915
2108.85856638 2650.19576556 2759.80332868
745.754510233 2402.56162811 2758.38293694
-25.5381559362 2201.64758156 2778.5617929
2716.33848216 2744.21728485 2775.77373443
2705.84793878 2747.5487194 2777.41003282
2275.0056971 2687.01433816 2764.24970113
1208.42776056 2552.5651627 2778.28663607
2743.05861751 2761.87674173 2784.90240892
1550.85606782 2596.88230192 2786.60027036
1540.63430253 2600.25801269 2781.97650536
934.626570977 2504.8503386 2785.37426417
2169.89407882 2698.53999817 2789.34638596
2496.2916945 2753.89186094 2790.74409577
2282.35464163 2627.73903894 2782.66161255
1832.26896443 2604.44068963 2782.32421936
2235.95885968 2693.89038763 2793.55062214
2449.27480009 2690.79754149 2784.96688508
2563.18215682 2727.9999489 2799.45290454
1890.95590461 2478.36841557 2783.20481274
-52.5786425127 2486.4467905 2793.77782046
2687.03055996 2774.91388524 2792.92108171
2456.43777003 2730.40321507 2797.40025542
872.695888848 2489.15098261 2802.14776351
2239.3076789 2617.3979696 2796.50769096
1892.42083492 2598.47549015 2797.84536213
2414.26418031 2748.18418011 2803.40237953
1278.25764292 2544.07298123 2797.43728603
1558.01636602 2518.07197598 2804.34663039
2695.92037036 2783.99727208 2800.62287644
422.208642297 2543.79336378 2805.53318379
2681.84828663 2760.16604235 2795.23171069
2051.33599139 2595.40071752 2798.22024209
2568.18076857 2751.40738261 2806.36673776
1614.16299082 2643.93107384 2802.32238023
2057.37341961 2635.79253747 2805.30848496
2236.85918319 2645.28084392 2803.00410373
1786.36279616 2605.67411417 2807.80862743
2243.10318864 2683.50559271 2806.59127109
2520.92445692 2727.09989417 2807.96893036
2587.11629725 2763.55712828 2810.33250332
2524.12577114 2754.47339487 2813.80590429
1848.66596428 2657.29926103 2807.07478099
2691.53528461 2770.22212589 2809.78072229
1849.01396148 2624.83859017 2804.67894895
2128.03960503 2555.47341791 2807.59109266
2588.55957514 2766.11565572 2813.45446716
1903.55571648 2692.77629373 2810.06832124
2350.41328443 2731.99398724 2807.6281812
1221.48505534 2613.14822972 2805.86335947
414.799745469 2499.23979929 2810.34060366
705.928755903 2469.70086212 2808.66722037
1318.21756876 2485.37752355 2812.41398566
-49.1127463222 2308.94328976 2814.08120914
1672.64465296 2445.50544841 2809.27221857
1606.41099875 2593.12599413 2809.60908235
2021.11098284 2545.94250322 2826.02608848
362.298953588 2339.78233229 2812.10902418
1846.43806796 2521.63209906 2803.66898639
19.5888071997 2241.91045779 2821.35277134
2238.29528198 2640.62457527 2827.76049624
708.552024336 2010.44916821 2816.38583825
183.969207777 1998.84901502 2818.98583665
10.0185475055 1836.76064881 2815.56992529
74.6987957076 2208.79516755 2805.45322649
12.3680527955 2377.02664204 2819.60222205
1958.46639199 2578.44790379 2816.60835507
1729.55097969 2322.97261951 2756.24814758
880.220587027 2483.15751611 2802.07884581
533.586992178 2170.9825399 2808.93525708
361.348798177 2139.21470758 2807.24868132
-43.2463670788 2169.44454012 2815.309098
537.646402446 2428.66109093 2810.53617641
21.3787868981 2231.65708067 2809.5496844
1678.9525444 2456.09147066 2816.12191365
80.7382481691 2098.95269302 2806.76875549
187.756610311 2427.35504419 2808.98327145
2178.15983943 2632.19435041 2811.04558735
423.307135171 2043.73363386 2695.47498057
17.7393037787 2286.96103963 2807.87110362
2020.88644005 2677.72731717 2813.24472084
2126.64809617 2632.99628439 2807.73017427
2412.7674054 2742.20626067 2813.22716789
1441.92417105 2557.41012639 2806.48210543
2629.16077063 2766.35966317 2808.12378252
74.8634032468 2519.98090716 2821.42242012
-47.2953227144 2295.72912978 2812.02510292
-48.6271723463 2464.93695127 2820.26996299
1733.70015303 2417.96652624 2820.20660065
1506.29650962 2439.41816287 2804.12660187
-35.7916463535 2405.79941065 2811.83092954
878.387122774 2390.0157448 2813.26339489
-46.0322393501 2299.91957388 2806.89428068
1047.13687238 2478.50553922 2818.19971393
2130.98251693 2696.65784583 2809.77776114
-48.8773149684 1732.87594977 2817.47310799
708.798383003 2290.47942232 2816.05519663
1331.25789167 2468.76358813 2815.47564036
1732.40121469 2588.298197 2812.50296487
1051.29427826 2314.74173357 2815.50830837
652.239016598 2157.01569604 2818.5683112
703.090246582 2185.89819259 2756.75858259
-1.12381483286 2142.53676661 2818.00434244
1222.90731044 2501.678854 2811.73248668
361.852849002 2371.55665009 2806.01728458
18.4421097686 1949.56189782 2804.33207207
19.2082055145 2362.56037565 2816.44158937
2526.58958519 2711.19338347 2811.40235855
-53.3235403543 1940.57428498 2806.64837821
1788.32442791 2649.76501083 2812.73563525
1338.96410748 2591.96555827 2808.32410316
-39.5163526504 1921.62033663 2818.8548292
2645.38976482 2750.09241973 2811.8783438
1734.66221283 2420.62413454 2808.64157869
593.543220474 2078.93678904 2818.74869836
-37.555083428 2165.512421 2812.40467611
1734.68921933 2520.8410121 2815.86551418
-66.8107268082 2080.4567884 2809.93736902
1560.7715439 2612.48829756 2822.77776257
650.242449026 2427.62999078 2815.6334655
2190.41049979 2661.08440803 2812.50629846
-55.9993744822 2040.31679898 2811.17254068
822.679997472 2339.55221085 2808.60413209
2571.17011517 2763.04213373 2818.65823485
763.158819247 2475.04778569 2814.81581584
1903.64660403 2542.93719699 2815.68851833
1792.1600234 2584.18295133 2815.96408595
77.8706888274 2129.22890548 2815.12420982
247.591079355 2139.71685477 2809.60074788
590.335883587 2328.7181726 2809.34675266
2247.3583125 2589.75530824 2815.31917084
2188.76725789 2729.57326572 2816.12796879
2075.15678753 2543.69608927 2813.21002302
2074.41875035 2661.67055399 2813.81988492
1958.93284269 2670.74921317 2812.79759903
650.324085669 2419.40754652 2818.20573414
1668.63261076 2509.79206428 2807.10299294
2177.56010528 2688.79862191 2813.5006188
2577.13192834 2747.13559516 2808.4939699
2633.10414129 2755.42894587 2819.40318329
2018.54431896 2528.15194484 2812.05915196
2533.04991463 2770.09839334 2809.15232082
2752.8857801 2798.73039161 2816.29362657
1786.56675275 2601.64828507 2812.96426085
2584.81800535 2752.9694407 2824.14259047
536.745255073 2489.24918939 2813.64976919
2252.17273186 2689.7073662 2825.13679692
1224.08418689 2438.65320547 2813.32742515
1789.58591491 2602.64776173 2817.43169697
1508.78842285 2582.05432472 2819.74775361
1224.20849601 2113.26371173 2813.09686136
1955.84526158 2621.37518211 2819.94855033
1051.70011725 2535.56300977 2818.67220625
1164.05868722 2443.4427374 2822.20183664
529.360104822 2395.02778631 2820.8891751
1339.13874344 2463.34109004 2818.47534144
531.551974996 2431.06759949 2770.77598468
878.01323055 2387.78321933 2814.37686863
364.069377124 2347.0092209 2815.85129614
1559.3125845 2349.24132939 2764.0163505
1560.09925848 2548.42224537 2815.3405996
2477.4733524 2683.0467385 2811.79364904
2077.85378675 2598.14915391 2813.96056246
537.169361915 2200.38178586 2806.43812073
2079.92666214 2630.21905357 2816.19497043
2589.90244395 2764.73156381 2814.11928415
2533.39454191 2724.0729211 2811.97502765
2021.66316481 2527.64948216 2809.58002617
2519.96429597 2710.52967999 2814.17134678
2364.3067578 2698.68342856 2813.1663483
1945.31778554 2698.19014926 2814.50948036
2631.90489288 2749.2352 2813.90456527
2464.4174569 2713.79162879 2809.30409879
821.477118967 2326.60126076 2812.20965767
248.611599873 2356.53284478 2818.78328983
936.160720706 2524.95657879 2809.31459133
2524.81999432 2751.11754676 2816.75468689
2021.4647616 2635.85987158 2809.60049485
2479.06031196 2743.27042695 2815.31348458
1681.88270497 2622.53392582 2815.51789366
2013.18805178 2675.05437636 2816.31805071
1621.33873913 2555.53904179 2812.04701487
2476.56098607 2738.92037202 2819.27190447
2635.07066551 2725.92042431 2810.18739923
1278.03635392 2545.33195711 2818.63949584
2185.32217862 2678.27544161 2816.65618084
2305.28039792 2678.04046251 2815.98896397
877.920598644 2449.32150108 2818.81887649
2129.11567082 2675.73518436 2813.76242131
2250.90069484 2662.13541277 2828.90170559
1281.17229841 2557.87184193 2817.18439736
1845.51046921 2604.60983152 2824.14627145
2194.60679538 2692.19533366 2819.92303826
2130.05339593 2668.88782404 2818.21235942
932.178725857 2372.8876875 2812.32900486
192.576259076 2404.9507749 2818.62832132
1907.74102173 2369.30805791 2813.83560075
2423.38694414 2706.48729472 2814.45336037
1911.31726889 2579.87589599 2818.47218077
2307.77687167 2669.41330618 2814.78909728
2307.97534243 2703.50612484 2821.62813154
15.3441844132 2391.77769928 2816.37943233
2246.77714255 2636.81835028 2813.34694484
2184.42544299 2689.11339503 2809.69684595
2077.0312499 2618.00554066 2814.9123151
1623.10815205 2592.63355865 2814.19626585
2582.50100896 2748.44892121 2819.7351481
2126.6314637 2672.56520947 2814.37428798
1679.57858592 2655.24923038 2817.40780725
1258.00628735 2589.82333646 2816.53861219
1728.44273431 2606.17138666 2816.43576858
1741.11707588 2609.58820597 2811.86377424
297.943023884 2521.0500803 2822.28387853
2354.12040313 2677.75214421 2815.46841132
2195.13339259 2627.38121297 2816.99903724
2475.06567814 2700.11850411 2817.07327636
866.181332881 2503.65873589 2819.6440355
2531.77502397 2747.68990467 2818.99896422
2420.97026398 2668.98433927 2815.92176232
992.170179328 2514.69957193 2820.40130882
2252.56022897 2706.51893955 2812.57914207
2587.5150639 2719.4363527 2816.85599767
2194.36479599 2636.45243113 2820.6759243
2015.20440354 2694.166544 2816.25004795
2198.4599478 2628.4410791 2817.06061931
1510.84698939 2498.0793181 2820.6993118
2251.37772729 2630.10903899 2813.31897231
2361.97641024 2679.66971283 2821.45734255
2190.55996464 2689.41355751 2816.01816965
1445.31677525 2565.68902259 2814.24599379
2580.35402512 2757.23008953 2821.97651352
1626.05425919 2457.04657778 2817.02565097
634.430343298 2494.01284784 2821.04190349
989.349143241 2408.81958385 2821.42822855
1054.52132666 2481.11108784 2823.90311673
2132.17801689 2690.10781748 2823.04950371
938.109868928 2604.47503805 2820.08237961
1848.25688132 2470.35510209 2811.35610697
1909.60999261 2574.04897305 2821.86597026
2366.01665426 2734.68477163 2822.11360031
2253.00977659 2703.74767482 2813.90731339
1851.00923753 2514.05358951 2815.78316196
2297.06133123 2686.53868652 2812.18362488
2535.68186403 2753.9227193 2818.05861919
2467.47135077 2710.49686253 2817.73631151
1561.39406349 2546.26005053 2821.90208017
2483.64420644 2714.02990593 2812.15959932
866.928789206 2420.12776276 2815.84153365
2078.7989149 2517.70200493 2820.52845007
532.267666755 2444.7773849 2818.62988658
1131.91157808 2485.95790555 2814.25182592
2407.41120786 2739.15015398 2819.3293154
638.419634117 2557.30264703 2818.52710167
366.59618672 2313.49552889 2819.13810243
2368.03089382 2671.61035136 2818.27878326
2303.84969741 2640.56095046 2817.82058736
2013.25289653 2668.72630732 2820.08690946
2694.60214295 2774.06729472 2815.28568642
2464.30556508 2716.38289669 2817.80921529
2194.07022162 2673.14593762 2817.85127385
633.42293261 2526.48612004 2817.01600874
2304.15261297 2677.10328375 2819.16349725
2244.8267189 2638.74946873 2812.4097643
2589.17427226 2734.40456259 2819.17801817
1484.35636536 2531.99567396 2820.0052045
2290.22519675 2704.35486534 2817.40272493
2307.00326313 2671.44563938 2817.58481967
1737.98219169 2604.71073956 2815.66664424
2242.54158631 2660.16350185 2827.51789697
308.102732609 2384.21159836 2822.18284856
1903.38099166 2380.19909682 2819.2311813
1394.361778 2564.5208846 2819.50495513
2698.02567495 2786.13091474 2823.57489599
301.746199569 2234.62866035 2811.05489548
306.782402723 2395.85557137 2815.67238519
1392.08828987 2335.15592588 2815.0781215
1853.58655558 2597.37797241 2816.18006934
188.46481086 2445.05186656 2821.01295339
420.556014068 2433.35013128 2820.66955836
1338.61827631 2256.42926768 2813.64647729
-52.1680465318 2173.91267756 2815.0517811
2645.32256641 2777.12692539 2819.09920702
1563.03414965 2379.86415626 2817.49258728
1735.48984414 2531.6071048 2811.8521602
2411.48552 2688.64406902 2821.30686865
1166.0461051 2488.45704825 2816.32098788
2526.97899197 2758.97139467 2817.80254389
766.77733425 2454.40477143 2815.43365463
2406.39545208 2745.7262819 2822.38775163
2473.4657773 2713.50239574 2813.50290077
1494.78552947 2618.32650141 2815.89013591
1510.34474792 2383.38848433 2814.16186237
1278.6259617 2501.29938363 2811.66544177
2769.07989998 2804.39306573 2820.9642828
2082.66311167 2713.10991109 2812.22742884
1621.99617248 2599.06825232 2822.84240364
1051.6198432 2457.94633919 2818.82251054
2277.40299232 2635.15397584 2812.20243917
480.513370295 2356.04173598 2819.33850897
1394.66471455 2591.38543658 2825.54975571
1962.09488698 2563.77761277 2824.41639478
1224.47195486 2363.72941629 2817.64497703
305.161741064 2353.34967621 2822.56796087
2133.55525794 2648.17625015 2821.65888373
1109.18838692 2478.80720295 2825.1684451
1681.48632615 2514.1520278 2819.32501132
594.862160271 2503.04268304 2815.87167056
767.74227471 2307.57597798 2825.39738895
825.069208887 2405.74056343 2832.67444876
2137.88615486 2614.96119275 2822.67667842
2373.1544077 2736.96036591 2827.84667029
2303.09017625 2683.29831324 2820.09263146
1794.02164493 2562.83453601 2818.63673545
1685.95411511 2624.39602104 2818.35840244
1105.68079919 2363.34613839 2823.04040563
1108.42998414 2452.49456007 2820.31837291
1051.3193042 2373.44597713 2818.55713405
250.409204379 2214.34225765 2824.13269901
648.485064282 2461.98573774 2821.7002842
2706.46619751 2779.00021746 2820.06119986
1796.06790149 2335.97162328 2819.77045385
1398.02569803 2501.2367494 2825.68023012
423.743600777 2118.34373593 2824.69963738
1911.65832636 2498.57364812 2820.9404248
1104.83073823 2404.83324986 2817.17862884
877.164001847 2410.8752351 2770.54330842
1165.32298044 2402.34804081 2822.00694289
1678.37548296 2373.30522722 2818.48820715
1567.43180148 2542.98939256 2817.18325018
1903.91434455 2640.74834556 2818.96833075
1902.15199389 2607.82547991 2815.43076595
1510.70128038 2497.35710336 2819.23160905
2369.18471928 2716.06544446 2819.68175827
1510.72806489 2333.05852783 2816.81848292
1052.96270332 2306.57193303 2820.39687988
653.170059083 2296.30142859 2816.27376477
703.437453593 2400.84679471 2820.70357935
1957.95753677 2568.31624424 2824.15210743
1342.81748259 2492.17140597 2820.02482188
480.258559648 2257.22949397 2821.16467959
2135.13248003 2665.96663004 2814.34397314
251.122438558 2230.83435411 2822.37386384
186.673181858 2251.25079555 2822.47293267
596.040422992 2538.84872453 2814.5009316
1741.58336034 2514.75672905 2824.35354764
1334.70573429 2377.25560951 2814.50961256
1221.14458115 2430.21665785 2821.85971949
2135.4583598 2618.91051963 2823.77961404
2128.34308294 2593.62691632 2817.17393668
1734.62192853 2577.58700658 2825.1269169
2019.03760756 2541.59346177 2827.4871726
595.499176093 2480.61527366 2826.64520397
1222.58627471 2286.79445987 2815.90950392
1168.7015569 2234.11879427 2757.63180981
2073.30275972 2600.08865596 2825.59704229
1166.9365144 2328.26074755 2824.23624888
249.797533795 2335.95145989 2832.8987953
2021.32724496 2626.77416537 2828.39258165
2481.57840988 2724.78091702 2824.61256404
1167.8474914 2355.99197954 2817.62403619
2027.87156149 2631.47870434 2820.83934499
1796.65052477 2410.22777025 2815.92971528
991.1492558 2160.04943283 2767.9515053
1620.48158545 2409.00503196 2826.17275822
1851.92033947 2577.10087295 2824.74281502
1451.9400489 2560.16231146 2821.69119245
1914.5264121 2553.74586501 2824.52442351
2373.29100388 2702.53965637 2823.7974326
2301.04769961 2742.56310091 2830.15589898
421.066414024 2222.79486429 2827.24468152
1798.95016553 2382.49726078 2807.43510097
1397.99404339 2338.03015825 2823.79688742
416.448720752 2148.52864133 2824.52051634
1281.64082255 2456.54384643 2829.23874727
1166.55591118 2230.40214044 2826.30798479
1509.70666407 2555.5687888 2824.44784746
2133.70415732 2480.97482589 2827.28332296
1565.26846428 2441.39190148 2830.4735278
1107.17297606 2367.86909014 2772.10126381
1452.68325935 2447.73541081 2826.616994
1853.21003287 2482.53334106 2826.47357398
1446.72170249 2326.14595991 2820.39149638
479.107775995 2412.65005934 2828.68945054
2140.27529594 2565.15500183 2830.4777376
2479.93271018 2741.70588044 2829.46783773
1393.62217978 2379.23237251 2833.09766157
707.060758754 2300.00782723 2774.91703283
703.929687694 2393.4742292 2829.94785623
1513.00254804 2455.37149795 2828.29915616
2315.40019829 2639.15271943 2829.25165318
1624.97368013 2507.22443167 2830.70939683
2430.97878137 2686.05070928 2828.33346178
2142.59562437 2617.26693704 2773.91847055
1109.09519545 2490.35463167 2831.44320488
534.935366672 2444.9275721 2830.26672504
1444.30349059 2582.36059207 2831.60280153
418.842593832 2221.84262518 2828.58908516
1338.50630927 2432.97619524 2825.66118331
2024.3406408 2650.63982224 2832.91359883
1571.34480368 2450.32734194 2829.53339159
939.786572189 2148.49072564 2822.64112158
1913.58648372 2501.08667944 2829.83086177
478.280551056 2144.73440954 2826.37935807
1454.43608976 2410.28530178 2829.16345154
1567.37316215 2393.04024418 2830.3390499
2605.03107092 2765.55283187 2833.18264378
1795.28229935 2661.96516892 2832.311312
1508.61420278 2462.87142431 2831.34683827
1624.45590047 2554.27483482 2834.16564767
1565.58061195 2561.21119492 2775.38304225
2257.66018312 2608.41314138 2833.99283655
1799.48008623 2548.76262336 2830.98343377
1914.875244 2550.30312901 2834.6955124
1110.16386488 2350.14766417 2833.08388369
15.7224874111 2256.77547929 2775.26014949
1798.47896655 2493.17030256 2829.51738051
1215.99740624 2493.23306771 2830.37797887
-48.1350196204 2324.28007338 2831.75967467
1679.62037689 2579.18121647 2834.03651782
1801.95641807 2459.43534198 2831.81028159
592.114478896 2189.36424388 2778.99516843
936.016179029 2056.74919226 2834.58258901
1281.66815379 2487.19310304 2776.50797881
1452.89283147 2363.19905625 2834.9473806
1567.16683064 2614.50091756 2832.75112301
419.801625079 2425.01080559 2833.49509896
419.393910124 2218.51919416 2834.19093387
360.999468602 2218.19974381 2835.04073549
646.690008942 2292.75594429 2837.08981389
