0.5944 0.59944 0.6
0.59696 0.599696 0.6
0.44688 0.584688 0.6
0.25004 0.5512 0.6
0.23308 0.545652 0.6
0.56368 0.59614 0.6
0.21812 0.479036 0.6
0.3438 0.543392 0.6
0.22312 0.541368 0.6
0.18284 0.359964 0.59632
0.23012 0.45018 0.6
0.277 0.479204 0.6
0.143 0.301456 0.6
0.18824 0.367184 0.58988
0.15684 0.29986 0.6
0.15808 0.227624 0.39392
0.15176 0.237936 0.6
0.13896 0.18814 0.24928
0.15372 0.258208 0.6
0.14008 0.21964 0.55324
0.13432 0.203252 0.3692
0.12216 0.159508 0.25652
0.12816 0.19024 0.59492
0.13348 0.153252 0.1948
0.11904 0.15444 0.23504
0.12144 0.1457 0.17724
0.12244 0.146228 0.19352
0.109 0.141632 0.17484
0.11216 0.145456 0.2078
0.11748 0.135528 0.17684
0.11016 0.127084 0.17148
0.1124 0.160744 0.47336
0.1072 0.141648 0.34276
0.10272 0.115204 0.12332
0.09508 0.116256 0.15696
0.10384 0.131824 0.23668
0.09984 0.117964 0.12916
0.10536 0.112436 0.11932
0.10448 0.11224 0.12692
0.10104 0.11412 0.13216
0.09864 0.11474 0.12556
0.10196 0.110836 0.12468
0.09884 0.105992 0.11256
0.09732 0.10768 0.11952
0.09432 0.110328 0.1284
0.09892 0.103888 0.10764
0.10024 0.105228 0.11332
0.09608 0.108076 0.12856
0.09676 0.106676 0.11808
0.09968 0.106372 0.11408
0.09652 0.105852 0.11664
0.09948 0.109764 0.13204
0.09864 0.110296 0.12608
0.098 0.11308 0.14192
0.09844 0.11926 0.22976
0.097 0.106192 0.11984
0.09864 0.111184 0.15048
0.09904 0.109112 0.11764
0.09456 0.099464 0.10828
0.09652 0.104132 0.114
0.0952 0.10318 0.12392
0.0978 0.102092 0.1148
0.09536 0.105588 0.119
0.09736 0.106024 0.11264
0.0968 0.10726 0.1246
0.09496 0.10354 0.11684
0.0924 0.106656 0.12396
0.09692 0.11278 0.1908
0.10076 0.111312 0.12296
0.09432 0.101452 0.11116
0.09688 0.104228 0.11484
0.09688 0.101596 0.10736
0.09468 0.100512 0.1062
0.10196 0.10516 0.1098
0.09484 0.103916 0.11384
0.0966 0.109048 0.14232
0.09908 0.103108 0.11296
0.09484 0.105016 0.13724
0.09368 0.100256 0.10872
0.09544 0.099432 0.10616
0.09492 0.098396 0.10556
0.09208 0.100752 0.1186
0.09344 0.0993 0.1156
0.09136 0.100412 0.13336
0.09108 0.09738 0.11092
0.09432 0.099404 0.1082
0.09236 0.148716 0.59004
0.08864 0.097348 0.1204
0.09216 0.09606 0.10596
0.09332 0.0966 0.10316
0.09064 0.096848 0.10056
0.092 0.094836 0.09952
0.09044 0.095768 0.10588
0.0918 0.094964 0.10084
0.09472 0.097244 0.1072
0.09316 0.097268 0.10364
0.0854 0.094652 0.10268
0.09272 0.10064 0.11856
0.08968 0.095084 0.1014
0.08872 0.09484 0.09916
0.09064 0.09746 0.11928
0.08988 0.095668 0.10308
0.09084 0.095808 0.1026
0.09112 0.095056 0.10992
0.09164 0.095312 0.1014
0.08776 0.09608 0.10468
0.09196 0.097176 0.10916
0.09212 0.097988 0.10544
0.09068 0.094632 0.10164
0.08904 0.093792 0.09804
0.09156 0.097272 0.10516
0.09032 0.093156 0.09536
0.08936 0.095792 0.10068
0.08472 0.094976 0.10812
0.08932 0.095712 0.10224
0.09008 0.094704 0.10348
0.09016 0.094808 0.09992
0.08952 0.094032 0.09916
0.0902 0.095056 0.1012
0.093 0.098872 0.11852
0.08872 0.09366 0.09708
0.09008 0.0942 0.09948
0.0912 0.09456 0.10228
0.08968 0.093816 0.09672
0.09132 0.094048 0.09876
0.09056 0.092388 0.09608
0.08644 0.091988 0.09716
0.08792 0.093284 0.09976
0.08924 0.095476 0.11288
0.08988 0.09348 0.10644
0.08832 0.092808 0.10144
0.08944 0.130776 0.46792
0.08508 0.091972 0.09976
0.088 0.091592 0.09628
0.08996 0.091636 0.09648
0.08888 0.094992 0.1052
0.088 0.094304 0.10592
0.08876 0.093352 0.11032
0.08876 0.090376 0.09344
0.088 0.091784 0.10424
0.08736 0.093028 0.1044
0.08752 0.091468 0.09496
0.08844 0.093384 0.11496
0.08816 0.09174 0.10792
0.08796 0.09052 0.09404
0.08744 0.09236 0.11088
0.09048 0.100004 0.1486
0.08844 0.097912 0.12544
