-21203.1272088 -18740.0183188 -15535.3069302
-21044.9484694 -18156.0902974 -14690.7411774
-21579.0283297 -19545.2634479 -16430.0251436
-17188.4030133 -16109.9362862 -14324.5561204
-17211.4600038 -15695.4403209 -12990.9055716
-17640.5194215 -14874.952357 -12306.2178428
-15769.4252425 -13394.7998469 -10525.1490276
-17901.5906147 -13775.5635483 -9960.75800087
-15659.8407517 -13057.0787556 -10327.8835831
-15130.4509737 -12257.6629082 -10427.8539393
-13074.8561245 -10972.7509124 -9252.87585918
-14935.0594674 -10736.4947267 -9399.63784916
-10822.6941914 -9662.66231069 -9025.72900981
-11801.3769858 -9966.69397295 -9194.11253229
-11783.3640829 -9671.65572025 -9146.25630146
-9959.66194505 -9428.76439374 -9146.07788465
-9733.17066468 -9299.26981101 -9060.49569396
-10518.0674833 -9445.00960373 -9185.99759357
-10128.4485504 -9551.08889285 -9160.31305264
-9513.10963066 -9264.05917274 -9046.66374745
-9784.41526845 -9306.00080805 -9062.41655095
-9301.59886698 -9139.29787898 -8921.48509726
-9579.74943351 -9238.33372165 -8992.79128088
-9553.83781705 -9281.80201719 -8919.04654596
-10040.821317 -9317.03124484 -9021.53707716
-9525.73040418 -9035.34607973 -8835.08643637
-9223.59686362 -9081.47162613 -8943.76637238
-10396.482003 -9360.41370403 -8947.63044605
-9134.68279105 -8976.68029966 -8776.29690002
-9447.00906542 -9044.09631068 -8779.32157797
-9111.87559914 -8926.72252155 -8723.09204073
-9772.84025537 -8987.36902269 -8367.62275933
-9077.80883262 -8924.30393854 -8759.00376706
-9032.52123326 -8765.74793891 -8333.72362464
