-1593.69633253 -1368.22562037 -927.705830824
-1588.21632133 -1376.57928667 -1159.3576445
-1437.10539046 -1245.61395757 -780.401317151
-1353.43071543 -1015.87881688 -703.978045467
-1340.5446652 -1037.66265456 -393.63278176
-1427.53965336 -1166.7223693 -634.835444436
-1009.61539388 -808.661451905 -606.201966764
-996.753774588 -716.425062646 -443.96283353
-1303.01368431 -812.203122978 -303.463684865
-1149.03390168 -691.724562223 -298.660583104
-724.341583181 -534.655289561 -306.312540953
-3345.60750129 -3276.59191531 -3099.68287066
-3485.72944696 -3259.11652457 -3116.8005507
-3474.85308184 -3271.61828938 -3016.19685635
-3294.97909071 -3118.99117201 -2966.90949797
-3338.15851471 -3189.34005442 -3054.5583032
-3300.95650621 -3122.42432937 -2984.23845036
-3120.85231936 -3060.98094612 -2915.27702166
-3207.74738507 -3057.64335696 -2951.94361962
-3329.49574742 -3092.08412026 -2907.72730922
-3132.81053493 -2982.15853556 -2823.99756368
-3171.91052544 -2974.62584857 -2798.144505
-3070.29402554 -2959.97619037 -2866.69545588
-3076.14178325 -2931.95753931 -2858.30612404
-3011.29702658 -2897.92298648 -2843.32341789
-2970.21042221 -2901.52226055 -2822.01944065
-2962.9443199 -2881.54053267 -2796.79723797
-3002.28008817 -2871.77539225 -2818.55643314
-2949.92600358 -2879.89030975 -2801.67225414
-2895.87049378 -2845.32470186 -2809.31362739
-2896.63690995 -2850.01656488 -2774.98792626
-3066.22766634 -2890.37869676 -2828.19286719
-2905.50681179 -2855.52629595 -2805.14381886
-2951.82910914 -2863.51853963 -2822.96194408
-2889.51394218 -2863.86150355 -2828.22928981
-2862.86944929 -2830.49469345 -2793.44300923
-2891.08421222 -2852.58002347 -2805.40797927
-2884.60969166 -2835.13913626 -2749.48666414
-2874.01823512 -2832.5890356 -2797.59745036
-2881.99622176 -2843.95056231 -2806.22145776
-2877.83539538 -2825.53245522 -2772.64231309
-2904.54987788 -2845.38857232 -2799.88261558
-2885.12563913 -2835.4241365 -2773.69774452
-2890.31902611 -2823.96732551 -2769.43812893
-2824.59617537 -2798.62919177 -2760.91516703
-2892.1714847 -2820.94276272 -2779.66986468
-2856.77836097 -2819.38658673 -2778.25190609
-2886.44549873 -2816.66940384 -2743.75986147
-2831.87992513 -2811.15531938 -2765.97617516
-2837.95714515 -2799.27631735 -2758.17622515
-2859.25743173 -2795.34944182 -2706.07155471
-2867.09009289 -2817.01701758 -2771.5054497
-2850.17464464 -2793.44151687 -2726.47096537
-2822.26036192 -2776.87403491 -2722.96830787
-2843.16141346 -2775.58017397 -2713.93175443
-2846.26170617 -2789.35176166 -2746.09450512
-2792.98057679 -2749.43656656 -2718.64459771
-2862.81212334 -2753.2620382 -2685.77373293
-2852.89859463 -2779.55090787 -2735.65559732
