0.13644 0.137916 0.13944
0.13504 0.136744 0.13948
0.1346 0.13706 0.1386
0.13572 0.136444 0.13736
0.13436 0.136084 0.1386
0.13516 0.13618 0.13748
0.1354 0.136724 0.1374
0.13468 0.136 0.13708
0.13488 0.135832 0.1372
0.13504 0.136464 0.13744
0.13532 0.136748 0.1378
0.13556 0.137344 0.13928
0.13504 0.13738 0.13932
0.13592 0.137388 0.1402
0.13352 0.137036 0.13876
0.13624 0.13738 0.13844
0.135 0.136444 0.13844
0.1356 0.136808 0.13904
0.13596 0.137156 0.13904
0.1346 0.136192 0.13784
0.13536 0.136572 0.1378
0.13528 0.136192 0.13752
0.13416 0.136216 0.13736
0.13532 0.136512 0.13812
0.13572 0.136804 0.13776
0.1358 0.137152 0.13792
0.13568 0.136772 0.1396
0.13592 0.13706 0.13812
0.1356 0.136852 0.13748
0.13624 0.137608 0.13924
0.1364 0.137276 0.13816
0.13572 0.137108 0.13892
0.13568 0.1374 0.13924
0.13568 0.137268 0.13916
0.1368 0.137672 0.1386
0.13636 0.137624 0.13904
0.13576 0.137612 0.13876
0.13568 0.13736 0.1412
0.1372 0.138108 0.13996
0.13596 0.137272 0.13872
0.13592 0.137112 0.13824
0.13584 0.137312 0.13924
0.13516 0.137108 0.13808
0.13608 0.137424 0.13916
0.1358 0.137 0.13828
0.13488 0.1367 0.13804
0.13648 0.137412 0.13828
0.13656 0.13746 0.13884
0.13652 0.137576 0.13912
0.13548 0.137436 0.13848
0.13628 0.137316 0.13928
0.13556 0.137028 0.13812
0.13632 0.137028 0.13804
0.13628 0.137028 0.13836
0.13612 0.137256 0.13788
0.13636 0.137256 0.13824
0.13664 0.137424 0.138
0.13532 0.137016 0.13788
0.13592 0.136812 0.13832
