-426.487774344 160.33019495 1890.60068744
-663.069393326 3.82416652476 1337.87117033
-1595.55646545 -325.44397703 2121.31518869
-982.76409346 393.765119375 1910.08408256
-1057.05366523 -69.7570445816 2066.40916495
-1326.31089121 377.640283488 1978.91725661
-887.982258156 65.9676345192 2010.47376351
-579.405068081 381.45063937 2000.75079943
-902.959490054 -10.6759780191 1490.19057504
-6672.8436453 -265.857479346 2033.05108057
-1162.07269296 -92.3978859545 1729.00966292
-187.404985808 601.767654161 1488.03722266
-853.934590122 240.435943099 1969.82386439
-805.405970603 539.465960485 1885.54697298
-1446.92894109 29.2938299927 1673.3123604
-1155.25662636 164.888231824 2023.10534732
-477.263147441 128.660399195 1582.16268873
-1354.44227822 -60.1644378157 1824.26897846
-348.991685406 465.863002905 1992.43527957
-666.248008074 432.443338821 2045.48465134
-728.825485465 273.963631304 1955.16168678
-1342.41767967 -378.325828568 735.765438907
-911.177286423 -48.0490175033 2022.43669646
-752.866973004 91.2031319662 1977.26551462
-263.675031853 1071.29398829 2053.08664483
-583.486514857 500.700508539 2048.30821051
-421.863370747 176.079131309 1607.20867682
-989.197946615 5.95279922622 1781.1773292
-1127.16717378 468.37600272 2038.16955028
-348.174287649 423.774147576 1918.63225902
-1535.43308089 236.641766517 1666.2971674
-299.75283231 222.709007045 1790.42976633
-461.9944979 396.705034271 1835.99319313
-408.666387995 334.732645658 1988.9947358
-285.900775775 -102.861373605 752.004823998
-280.210026756 98.9787498721 974.489659865
-728.547488277 460.896338663 1583.33297555
-5005.54992886 -319.183029853 1801.34127195
-941.538111927 352.309845471 2062.96414966
-517.690433382 -24.4669891824 1016.09187931
-650.927012893 413.707859555 2050.01264809
-309.20465745 533.364997185 1928.8244424
-795.394774333 237.786282294 2089.81310299
-3031.30705522 -161.332781097 1560.12427882
-825.601038691 580.527972049 1832.95797153
-387.313836808 502.216770827 1959.94969982
-533.308828511 213.682368521 1645.53935982
-449.814834449 522.388249044 1964.14209407
-368.047938776 499.214309761 1528.27154701
-402.980385013 401.62650343 2120.9668082
-266.966946611 175.226823841 1521.01892507
-369.733082704 91.9761345445 1623.07903776
-166.849299489 698.124862175 1959.69728539
-2562.70801653 401.69294883 1965.8807608
-560.097619702 255.314600595 1600.38473425
-515.649872492 673.209590147 2061.85790023
-249.476620033 392.665081784 1555.64288422
-167.769825867 780.305419064 2108.92574945
-370.561262592 591.753070525 2051.96632767
-555.480269656 -59.8618676713 1166.93636127
-623.818283885 -101.192825457 1225.29049857
-384.27667622 496.31641789 1235.76139887
-862.58272236 263.434450825 1565.19711364
-477.804064419 489.536111363 2065.06437916
-679.711173731 236.276632345 1172.35416274
-648.813671199 184.033333205 1471.4806939
-608.18058797 387.030941799 1982.21909027
-662.436149142 509.102313716 1953.66645256
-973.078387771 405.589729811 1866.86352125
-629.502558998 350.393825244 2003.61737485
-635.753384558 498.603040839 1669.20129213
-436.003135224 524.532859683 2057.78814702
-861.277685867 134.433570604 1181.16744279
-433.597357046 602.453457724 1925.02958807
-822.05469906 132.640787802 2045.92276922
-1102.23840603 382.458187139 1934.20818946
-539.224243226 70.590205624 1897.83846621
-369.312919263 944.117105936 2095.56066708
-711.30139259 354.361167789 1566.75908113
-509.51146165 636.768473281 1826.79133191
-747.206474568 597.972342938 1645.81962652
-554.910499561 230.08571489 1526.21074658
-502.385817782 192.36924946 1807.70826537
-632.892787425 410.388137609 2151.7998904
-225.83478234 334.548988811 1549.57555389
-331.588261788 835.941607397 2017.9976276
-372.493943195 206.207142219 2023.83447402
-474.515751057 280.445723337 1566.30320299
-343.534388443 47.2279654036 1258.88823334
-261.69728042 -11.3554870862 673.623357727
-529.480474079 187.219860273 1227.53906416
-319.067671979 745.057568004 2138.14086614
-381.115361329 142.04610119 1954.27222561
-343.917603427 590.404072582 1924.49438687
-273.860870454 386.014555739 1556.97287932
-1110.19309713 332.119535565 1649.03817952
-603.946910526 221.696271538 1584.02164674
-696.426644837 504.765018428 1956.99603798
-223.580684939 484.853974144 2015.8665964
-757.454422405 59.5767071866 1850.94648089
-205.191783887 916.941545485 2089.41662267
-371.956674682 324.378042693 1482.28285769
-258.261853349 750.856373371 1696.09542728
-395.988183872 265.385114323 1220.54005512
-225.337635641 516.469636637 2056.22333492
-404.184110902 -55.7283889829 1481.12327425
-277.048972673 491.244634671 1941.88810839
-444.277853113 656.465838608 1701.08785334
-612.618598068 809.616018015 1845.64827692
-473.188082088 470.541852638 1632.83505952
-346.772283519 365.248977174 1226.69555865
-297.000883204 916.668991788 1778.24264726
-280.698146361 67.4646857916 1604.30184856
-406.033769132 237.01489014 1590.39323853
-247.111470335 861.679363941 1913.6504234
-280.23759018 761.995061378 2034.63893904
-383.130290057 468.836376588 2121.74472618
-318.273005589 644.948902115 1906.937671
-254.90285986 835.079436083 2018.98296791
-394.878876629 705.725432802 2023.17891146
-352.188786766 533.634827154 1732.23475206
-234.212734413 892.727056032 2061.32961589
-215.074748551 698.470116375 2037.638752
-256.249985332 559.726143657 1677.72920214
-112.800874071 650.206758904 1453.54678954
-568.834139907 186.985144064 2002.39820375
-244.128875399 935.206651101 2006.31986648
-249.569516009 332.535428721 1618.34572159
-132.376358551 938.210985608 2134.29218759
-578.85465362 526.78945102 2122.82908191
-403.154283317 488.486015763 1984.55649904
-324.168281738 393.227138622 1964.79439262
-607.384186422 391.969222989 1644.28458415
-108.094680197 672.057345476 2029.16064486
-264.806383783 424.98906982 2125.23524931
-236.810489459 813.170294932 2023.61435947
-194.454579764 820.57089253 2154.38930623
-841.832730928 401.600671446 1273.75495009
-372.894196893 428.408672326 2110.8918877
-268.755927673 346.15358095 2020.24123113
-148.187185738 1124.15137392 2127.60362496
-123.024191711 1464.04938361 2115.68138016
-202.846578671 617.831442353 1736.84839106
-372.448283277 536.094285587 2012.11611191
-216.620874304 815.70535695 2130.73839021
-152.49235015 355.470470394 1996.09763448
-190.060106027 747.841618074 2039.48629844
-342.92875182 567.292940169 1733.69420119
-212.260314916 710.478654618 2033.07193604
-291.120432099 1201.76925481 2054.08060237
-232.123790268 350.744529466 1676.36036953
-256.3387629 787.16649589 2037.90778166
-562.92693206 402.575217546 1648.10749962
-241.973789055 650.841068337 1694.60573213
-526.689203722 537.699824201 1692.61337995
-546.72947339 685.918307595 1643.65188537
-176.445487032 727.137772829 2052.97756559
-228.545183193 472.722516537 2031.02282024
-360.141157891 655.212292724 2118.36478135
-101.40182958 915.479472681 1827.05898184
-297.930568496 667.665604141 2141.84970901
-456.254567181 216.826287419 1972.16257126
-486.479247964 793.859383455 2062.7272294
-177.672799831 476.059314749 1670.17770774
-342.590312482 792.850243027 2146.77169589
-242.856426531 447.175930807 1667.07808515
-293.469298667 585.111442992 2038.15290553
-401.921589238 598.274833057 2072.65247841
-1034.84264543 66.2440075333 2004.14920657
-109.320849949 1468.27919875 2095.77000675
-320.471491168 848.452602959 2022.69929815
-523.737193564 249.035127344 1940.07016231
-406.024583656 480.167977 2042.66856609
-319.110610058 542.898882277 2046.50346378
-325.331881835 573.476729308 2071.35416038
-280.503782003 678.240006472 2080.03830837
-349.813728111 775.387230506 2090.74311839
-173.22113887 746.125712797 1990.49867167
-296.399952683 294.30511936 1627.40054788
-325.283028903 311.672674178 1667.47491604
-234.495941541 218.932536162 1267.21227465
-536.381447725 105.779512807 1217.1293071
-382.134662972 624.188251591 2076.60596695
-231.670490426 301.960282029 1629.62852575
-293.59423759 321.169235807 2033.63616421
-288.811397865 588.2238383 2101.81520891
-253.312526018 756.705799045 2080.76459018
-647.462436821 252.590426073 1976.95893842
-224.032385774 166.795094189 762.964965814
-496.835230061 383.390641762 1976.46893202
-263.041858618 1001.54167029 1715.49175195
-605.825362899 -94.1906177555 695.490312665
-477.179836846 275.134006526 1643.23555795
-109.791980695 721.16638988 1470.32208544
-338.442778393 965.537600451 2112.67304902
-695.245781734 735.829316287 1723.28190597
-295.899838652 349.023637491 1918.9726869
-750.920613274 195.976810524 1273.00799493
-242.804973482 560.903957721 2079.7668671
-537.462039986 217.360237992 1687.59272961
-2465.81328106 444.122899199 1911.30915569
-331.042983183 432.24609017 1687.41440298
-583.785565664 288.12283057 2010.85808817
-283.69097558 647.355431484 2114.64621422
-317.208751174 163.527161681 1679.17302534
-96.9225550482 1031.23688921 1860.75376541
-272.739860632 730.528634666 2051.45250126
-339.967969633 308.493789305 2081.26527399
-350.9783089 567.248743461 1662.40943646
-174.719361118 783.203467887 2103.54865621
-275.873577995 591.308521711 1731.70579536
-173.693287561 814.6347026 1874.1363041
-458.860893412 245.716149999 1998.58265937
-458.829129995 130.671930715 728.822921345
-435.939348429 185.346221526 1808.02807851
-232.585066661 455.697493636 1683.82192107
-402.751370261 656.754130225 2036.82544906
-432.532767794 457.96372406 1947.35400738
-191.002860695 707.300477296 2053.60750467
-282.577764237 734.932762361 1912.64889722
-351.387524736 953.618291154 1890.70040847
-247.215015501 266.710939455 1684.4932443
-260.819764349 641.937421037 2022.2322613
-1435.84531174 633.569769162 1989.77534701
-272.603536283 502.17068458 2056.86151485
-184.895615117 660.90611408 1685.96287186
-335.402600752 543.262866002 1646.72412633
-203.360189429 780.040866761 1591.84337053
-145.903762718 465.905217347 1925.33536849
-382.687653466 301.487511489 1666.95686081
-202.438705442 1045.89382965 2081.80635541
-147.757408576 898.355213429 1991.39330243
-329.299235909 -59.2807465072 720.452061182
-284.691721514 842.777286792 2039.75657693
-244.216534393 1077.33766305 1965.76801182
-279.975736579 696.346482852 2091.60385688
-140.422718621 609.669124459 1931.54190587
-143.339544755 1000.37228797 2183.43014139
-439.618569281 91.5083400546 1596.45074633
-171.554862397 533.736817675 2004.69553053
-188.197001486 890.371238143 2052.34561842
-397.079337962 639.222310132 1956.04330527
-240.060782622 524.901456675 2062.18389335
-542.427905163 347.537006822 2063.53496378
-247.451049337 477.937188389 2175.82305751
-338.00458586 516.68594565 2133.4936962
-244.352091692 851.90244858 2064.38700279
-314.163312323 646.906174103 2145.51437833
-241.190393499 843.218285586 2130.50700982
-219.777736248 856.943102208 2163.64781037
-309.994644234 695.443415085 2129.43486257
-291.517992571 499.82028514 1665.61244006
-300.146384931 346.979928931 1232.57951867
-151.548613922 1086.5259814 2110.08300263
-218.465620421 475.136096871 1510.41125495
-265.393903681 532.480629105 1222.58618463
-243.701950255 591.825970551 1269.09427403
-270.490964945 636.858245536 2122.94742873
-180.428675675 533.394676901 1664.6186407
-521.371502426 397.316849684 1216.33938631
-238.023641827 384.677208617 1708.07576474
-141.997737518 949.968358238 2179.31590638
-97.1216321712 1396.80255208 2163.35471385
-129.475757407 830.083815587 2160.15681964
-127.882441577 549.43650921 2173.67552819
-674.885938104 1161.69133934 2201.79304674
-271.229622277 580.08191775 1777.96802348
-329.371374207 617.610999455 2159.94505386
-310.131558522 703.700450053 1651.4328005
-248.30069887 445.591330483 2246.03811757
-234.092709453 911.983981578 1727.17434396
-604.031267529 502.388601296 2150.38941953
-247.787820636 537.852602294 2227.35682935
-220.526420597 898.450210717 2070.29059805
-322.223318691 575.900120179 2178.44403626
-142.512840862 960.810642989 2059.30831931
-188.976883474 732.851273393 1752.16326716
-271.603637643 1088.09051494 2189.85617727
-240.515486168 899.557801081 2186.51805731
-563.17219949 352.319900595 2191.17317313
-250.266330302 791.046318006 1786.6896201
-230.243498284 557.341706881 1650.50181844
-246.828013768 369.432698263 1720.51064878
-259.649965623 775.138623065 2159.77561789
-287.900113646 432.836145363 1275.46624657
-567.065236063 305.942611048 1536.81676669
-230.657521734 764.977851489 2175.33409617
-504.850887617 752.336548722 1720.37810716
-243.599142399 1014.59176294 2053.45224717
349.613799792 899.112041591 1685.78128152
-248.994936074 597.79094143 2112.49576504
-336.653492617 886.170805096 2122.76808306
-423.342047419 327.668724251 1739.74413331
-386.690126288 576.00739422 1628.92777007
-374.494555618 725.186544308 2042.37558841
-329.475276012 632.736841125 1712.54970106
-296.107805421 738.080607539 1699.27813194
-371.952340845 335.27573397 1418.97913079
-417.332645059 533.115006994 1415.31835976
-419.312447062 249.306422801 1643.58618609
-449.658376474 590.175809109 1986.78482291
-254.026985263 777.229742665 1936.19411275
-448.58364318 336.738174249 2061.245801
-331.764842083 375.127228083 1527.22849647
-227.951264404 920.38751542 1563.62821583
-352.879303637 806.79082507 1994.7752345
-396.6990546 502.73431727 1843.47879492
-1020.02558643 126.654647321 1158.80074208
-440.072847847 654.076902877 1848.81609894
-490.840838034 259.995586424 1560.76096742
-302.255209424 280.976961161 855.32120434
