-1876.54203518 589.099989615 2388.23327108
-703.84666733 -112.001082637 1455.1739796
-6797.74812518 -1651.37896624 -91.3801827695
-888.723656911 676.368319185 2519.48632973
-6911.54383636 -1771.81691598 -152.253843899
-6341.91449701 -465.320400537 2278.12018299
-1714.14835522 296.459735642 2490.92930991
-807.857510074 1203.90488645 2408.13228662
-1455.29820383 -135.734013495 1908.91833496
-547.173277023 746.921477173 2532.75922003
-834.74129667 884.856989386 2525.92867656
-1839.3432105 -208.828974901 1434.83094899
-1664.13418455 -252.448853943 2428.74895796
-2180.14019432 -256.154480023 971.743217783
-1122.57774807 700.918808961 2471.61056797
-1476.77777678 253.030618695 2478.37122243
-2029.34664517 190.073180427 2591.59855795
-5528.68528936 -377.231893439 1966.3449705
-1215.97483598 0.399974844047 2266.6747298
-1340.55097852 61.8881600176 1795.88988037
-3936.77959921 -481.451401068 2063.02110139
-1291.90082698 608.843464888 2486.11005592
-1587.80538875 541.77462566 2483.93565551
-517.039649998 516.675157933 2308.89690448
-652.324922211 883.353995286 2465.88065465
-1775.0805122 241.543862642 1994.72883383
-2608.89509442 1325.56796257 2475.22836359
-1405.54716485 10.0929884382 2016.70005681
-1095.69134524 198.768010533 2521.1254132
-868.158111884 21.4623854393 1390.08015155
-1446.68245079 -290.683591746 1239.49814883
-3637.70482699 228.770664265 2482.12836895
-368.302456344 878.983946748 2538.42540662
-1044.91992786 513.09327028 2472.55874789
-1059.09273687 720.554209079 2582.58432403
-1494.04356618 -69.2469767094 1973.6594004
-2388.88197979 -378.24969021 942.339571103
-994.603332904 360.110826936 2635.69381127
-1228.37993129 303.802125701 2603.04875977
-1613.09426199 -236.853370771 1446.2401882
-1029.21047448 -451.516389279 340.231717207
-726.776052993 775.389237342 2563.15570351
-1204.29676931 710.564331764 2592.94878405
-1217.63648057 27.3630748961 2518.81031984
-1720.22391207 -127.450926314 2527.77852439
-1351.08783575 552.194135633 2518.25918243
-2077.06856327 512.368931366 2538.78451392
-1194.41261412 131.285427086 2031.09580592
-693.255836395 -21.1593189275 1406.12023551
-929.774634878 979.755352778 2444.9666564
-626.103877303 709.711641029 2510.47709726
-673.818000945 870.936739863 2422.43256527
-939.358527698 662.378933783 2356.05028137
-905.743432983 289.782479152 1983.43594148
-2240.61524929 -128.573628731 1360.22154818
-1933.36145205 414.410127121 2464.67647346
-1073.59697484 606.183964892 2442.21793042
-678.71985042 664.422353055 2471.10086211
-740.486382806 1172.84846816 2476.33534169
-1298.23795324 359.88461136 2362.84893386
-2489.41406745 520.653941322 2285.38157852
-1623.61657552 358.522857938 2303.08069348
-2237.48676451 512.007675395 2456.25411281
-410.076979075 742.598284781 2461.52020687
-1160.82873877 656.362051255 2623.97317479
-1953.82160751 957.996043042 2367.42078743
-640.126478989 86.0019704731 2592.30864531
-1301.84306905 410.43342518 2403.2684526
-766.041905938 613.018365777 2454.69843445
-978.91140439 998.545564757 2503.87846256
-776.158188421 1030.42081109 2531.3664168
-1167.12252968 629.452318178 2476.58915259
-1491.43131513 710.333596485 2584.65326014
-643.186541708 1056.81388097 2508.78284757
-3164.75787402 -613.471469894 935.557935959
-913.347892854 703.438714683 2337.59117795
-1219.09108685 508.810464458 2583.03248085
-1607.95086471 82.6149492751 2414.53458226
-1086.86418233 607.856868523 2407.36184056
-1320.38111094 -196.596917314 2455.67756903
-884.665059066 1025.68184287 2402.87295414
-542.007943252 917.369629766 2545.48566459
-385.462319252 623.483664859 2446.19539932
-847.22888724 765.007667234 2384.89772731
-588.658262376 242.568164096 2287.88271533
-648.301053029 495.925924766 2603.57759996
-1301.33009398 48.2010753112 2502.28312257
-1318.54914755 145.732931633 2375.52378443
-864.938132538 448.454509857 2402.53787581
-602.228102788 603.965207915 1958.50174083
-693.314894547 348.796028179 2052.54127893
-467.096337961 550.526559402 2536.9771442
-761.752483692 873.014332589 2478.60191713
-1029.36197813 778.573014058 2456.85867016
-1878.99976637 693.434396587 2470.2018308
-262.13284921 626.784165795 2471.11382686
-1276.72725012 1139.73755722 2600.25414057
-713.028033101 801.678567541 2484.93940871
-516.025793152 759.772111021 2442.70669436
-1300.77218889 1164.81095641 2548.97207953
-895.505109208 387.260466772 1860.45771954
-391.513601147 1116.96063564 2559.52814708
-1759.15552818 676.700843772 2511.25260569
-794.075611681 1120.66714751 2560.48006367
-182.570727291 1176.86331531 2546.0917988
-1748.24652841 470.59477448 2393.72588049
-1246.39729539 236.155818867 2026.2492367
-1472.79247177 346.742495687 2388.87266677
-534.090255283 626.144744389 2298.59335638
-427.759148487 747.003891322 2374.03145223
-787.187312717 415.74780429 1829.04135059
-794.096263406 -55.6290371774 2506.77108166
-799.001672926 862.148465248 2446.00355554
-427.286013043 628.417304911 2485.37521828
-732.213792613 1136.11965143 2620.00895159
-1348.62912175 -58.1918498276 886.970108984
-1853.54437676 782.554936477 2623.29072513
-978.854508677 898.387541017 2608.28916396
-836.289859823 902.538599587 2546.08903041
-982.144266518 364.159145694 2441.80151247
-674.965368664 300.626533146 2600.31875305
-1433.51207676 603.785459827 2529.9500044
-1374.96141782 829.923007021 2598.33772864
-1702.59679317 808.296385217 2611.1768636
-911.661920734 361.870881412 2072.50803587
-468.975612192 478.624858105 2504.97692333
-1876.6439011 442.569738141 2547.67340047
-765.235683942 561.982798954 2624.8170113
-1397.80060426 96.8025371762 2596.01965324
-2102.88169139 -75.0484694707 1561.2207194
-1510.86702193 316.642118499 2525.02085904
-2374.64499315 -56.1065632581 2557.02227129
-420.100303794 307.725739812 1974.56788996
-1526.65576266 -18.4144415969 1914.43739686
-683.045982813 307.794975576 2608.26656494
-2141.36970216 -432.899240106 397.17667638
-1305.93580292 466.699936813 2230.966346
-627.522948985 876.230009313 2514.04781637
-334.814116742 810.247321355 1978.95466693
-546.654984574 964.725843725 2499.69386685
-851.824290665 531.638254349 2543.12862317
-674.299745473 913.692852029 2545.64214487
-488.162988667 1109.03976322 2557.43560021
-635.813025555 956.739691417 2471.83622987
-1533.47920819 368.918756876 2440.37555802
-1609.11514877 449.199582806 2455.81231701
-480.023265186 1061.81636661 2501.77478742
-955.148136403 1051.0303309 2471.93899156
-392.464748059 905.982700845 2471.78988238
-358.858056218 1017.92787054 2545.84189409
-1079.31349753 726.342392141 2599.52986461
-1054.67963299 496.174212425 2426.69906494
-561.395758472 648.541590441 2531.24432468
-1574.66038399 618.941434345 2683.5647523
-827.609576267 860.615112995 2558.67038336
-1581.7084993 162.066754176 2020.46812897
-1986.45214854 -36.1644397223 2099.28286153
-1675.8897436 479.514544746 2569.91107423
-555.505408743 501.150965573 2564.60262763
-917.128566083 322.270113755 2579.22322025
-748.96875792 86.2940285929 2049.15494746
-772.220772772 109.801859774 2512.91061902
-2319.41458722 294.22804469 2595.08629313
-1808.19614797 637.27958545 2515.45936086
-985.894191116 602.252459484 2616.21725125
-1366.13471481 1033.0198015 2574.1755888
-290.772975675 1741.9819527 2619.28144794
-1205.31275461 401.571490552 2608.23549839
-525.418167924 766.164866932 2405.69384772
-570.943693245 799.547699792 2491.81681456
-900.95420502 277.020337443 2044.36311251
-580.286190888 559.374952038 2647.35917805
-1154.73151426 403.886803472 2487.25251246
-2238.66701538 121.531672638 2458.19663641
-1079.67719428 475.328747385 2598.25927699
-399.910765764 821.757162905 2526.68482517
-1911.05338976 372.64947492 2501.78218899
-687.874723695 235.272562928 2208.00297423
-624.073062671 1048.3847926 2547.36889934
-1031.80575875 29.3329846376 2614.11477377
-1260.73897917 569.8058043 2544.54732043
-1263.97014138 739.587712337 2478.32688738
-931.929732829 692.138475977 2495.83190054
-2578.80989242 381.778757304 2531.21202721
-548.28345486 927.343111211 2542.62246423
-896.471518992 618.094626125 1981.34001987
-1088.25921581 900.667501876 2478.30403307
-665.162736361 791.126131341 2447.18892181
-674.81183481 491.098600518 2270.83814335
-431.705846875 666.705224745 2541.49034716
-550.590698002 1149.7142353 2499.65153485
-915.994546682 294.789260681 2481.22998293
-640.41424167 675.316575291 2500.44599328
-784.125471239 819.529412603 2401.18721521
-535.193443985 1381.53469884 2587.31144637
-763.659738221 1087.15114061 2599.12128357
-1302.33770421 406.623871237 2348.143909
-428.900186993 766.815405325 2552.62823339
-1159.76539944 608.403437208 2507.83375847
-461.991195532 699.424865403 2013.69330064
-543.390254472 1232.60651818 2455.58490319
-716.289706428 570.161355521 2471.7898033
-608.861716561 499.497748084 2510.45596395
-590.426029732 428.722357344 2446.71203778
-516.003730468 751.999109454 2518.07118867
-615.249621904 991.740059846 2589.6800782
-214.57494546 823.54617336 2569.04061634
-189.244435807 703.578086918 2509.79101869
-469.074446387 385.056829089 2062.72387844
-1568.54025101 479.97746115 2503.38628937
-722.098097303 1027.25508053 2541.90074614
-303.386084949 1741.52235274 2512.70574789
-336.365711743 1234.50289838 2514.26579865
-848.68469148 969.50341707 2527.6016167
-805.402603793 1483.19744812 2575.94466918
-1134.45833465 1183.72597408 2626.99007827
-620.708193671 314.605153659 2640.84037753
-706.191990394 1333.71927066 2608.6234125
-716.084056645 496.062105185 2608.49290404
-716.890838561 1168.55632688 2595.35901887
-430.391089967 1135.56827057 2418.86490677
-315.361562686 1441.82825029 2572.79600442
-456.747067793 973.0726638 2543.57703451
-492.23112599 944.506780919 2531.10623792
-2060.94180986 186.789134854 2029.92653865
-291.885183243 1344.65159399 2615.07069926
-807.932038286 977.020749775 2663.57585393
-467.300100096 745.325656901 2593.79118218
-451.242867298 749.970673437 2635.97189462
-303.68869711 1423.02398419 2655.84605989
-550.376594121 974.588594135 2610.8884925
-835.578182945 903.513809939 2567.9991117
-1405.45448817 447.89767997 2093.85122591
-739.952509691 533.72272636 2614.82348693
-363.7497084 1092.64792702 2653.67358198
-815.92089256 1093.79505628 2576.75483723
-1200.39015497 849.502515576 2569.08171447
-436.438389804 665.041189137 2584.0411018
-1007.71615941 1299.44249214 2669.52684916
-583.025656276 942.190568518 2662.54754708
-1318.42733041 576.235840368 2575.34415799
-704.113556664 846.044445777 2580.16024766
-880.964091598 378.44148384 2629.31184452
-352.329186382 1203.60877797 2591.45158311
-656.713720839 1292.5148063 2601.53689106
-738.615420982 136.027223609 1511.81987378
-284.080014529 882.773409855 2092.85709415
-739.311360584 559.102364277 2577.57770577
-563.373553506 1271.70244323 2656.89550891
-884.758957425 744.875664588 2607.20977344
-562.830183126 1021.49888772 2643.46059493
-434.989861281 951.343581756 2604.81917155
-289.448661677 310.98573802 2060.74401291
-151.786294249 1238.96825541 2652.74500454
-814.534900753 1371.23502185 2664.00424029
-1087.79168122 1239.17762659 2610.704134
-836.46839397 958.551758569 2632.10374443
-449.525942236 1471.19920317 2665.78097892
-362.952449955 1314.69652843 2690.06589307
-302.241552731 1835.22691095 2643.86428999
-858.165626739 699.638949143 2607.93579748
-381.716852603 963.937074271 2679.04287775
-556.799169894 193.913143564 2042.3998353
-619.737668121 721.430934572 2685.57537988
-794.840594823 572.460671512 2658.44262509
-663.694029602 728.379541861 2529.12593013
-361.35587329 1818.97416528 2640.9433491
-220.51117606 1492.48258503 2664.55066676
-218.887667641 1206.77926739 2555.7761002
-363.466524138 1366.06531382 2594.51706468
-670.621762715 1139.74088039 2646.36439467
-331.63057693 754.219691882 2594.88235648
-737.097435202 1477.16111704 2626.60264868
-513.954328904 1343.90770585 2639.47169913
-885.830920649 667.653693688 2591.93612562
-597.287048408 565.468628192 2557.3928186
-453.745030064 1217.11293895 2576.63461862
-384.254909526 901.254744843 2664.8486897
-192.608551224 932.106164491 2624.14096692
-357.135048921 1227.92682914 2672.62297912
-281.899940622 1100.20423409 2100.03786314
-863.165092116 1342.60482593 2655.12955952
-308.134287141 969.853554251 2660.95741459
-285.244397155 1316.37880364 2617.57182764
-631.169842283 584.193675666 2541.38894478
-384.584227189 1212.12727735 2640.66520212
-422.241666536 1169.38382688 2597.2112562
-370.475861895 909.046047726 2627.79064155
-438.365736283 697.500161741 2639.54794396
-1307.42469964 708.060140308 2580.64283568
-492.179881367 1034.39708537 2642.63536545
-293.633507261 1470.33299448 2640.3057336
-801.735071617 1005.16690922 2649.4936478
-1114.33320074 1000.61766741 2694.39503016
-1223.71121769 945.413631507 2705.17985132
-422.545511817 1034.56276852 2666.81652536
-215.601722414 988.544120825 2668.36540792
-993.273663557 898.265803086 2634.21408309
-651.499262866 1126.46306769 2670.01639494
-460.822673844 861.923167148 2138.94374182
-413.643723511 982.934255596 2673.43200747
-481.601689299 1154.12032359 2672.12692385
-393.819768266 1209.26497855 2681.162287
-1118.88187527 905.872530327 2129.09382578
-202.280351548 1469.52234072 2650.06777564
-544.891253702 1294.27811152 2679.45911227
331.948956813 1913.05124246 2681.08959908
-248.174673291 1514.46523931 2670.5041176
-243.792850724 1577.28566732 2670.06695261
-1146.06486597 932.076318683 2706.63751204
-722.089767902 1058.14338566 2655.36055099
-459.482983681 1181.81565071 2668.18793155
-458.808293654 1249.59137891 2720.94562245
-393.727378911 905.527678154 2638.12582675
-296.409865599 1367.10292034 2685.24998265
-329.653401061 1458.46729363 2680.47481316
-391.269923243 958.262484755 2644.67730336
-1140.03444101 1654.15555556 2689.80913521
-612.894073513 599.090827676 2667.76902435
-299.485115389 1184.46518197 2117.28685377
-957.284533532 1476.76573175 2608.54472637
-549.231718468 712.827344459 2679.13087041
-703.571471447 1669.95944101 2718.24149346
-323.086884582 1277.12888418 2692.42755955
-407.206622896 1665.41512979 2687.98975043
-951.183192174 1124.03455954 2656.45416454
-364.936554867 1133.4160348 2696.22064579
-136.520286905 1698.0434953 2693.13053888
-429.40129845 900.696194728 2151.70532664
-715.672940765 773.361649819 2651.87252721
-332.356075583 1281.27650687 2627.67662909
-350.159249427 1393.81657836 2678.07699426
-512.392190722 983.192688582 2698.7423424
-359.475314825 730.175738803 2091.75523541
-296.684517973 1633.19490054 2694.455382
-515.106348828 1122.83858761 2679.7912923
-232.646545532 1696.43062685 2673.96250262
-531.11339996 966.117962932 2648.71612689
-199.061048517 949.959327587 2132.41607674
-412.252269071 1424.98902816 2679.11042278
261.424042999 1469.77305207 2715.47910687
-901.783043112 954.719807926 2132.04833646
-392.56430683 448.453327708 1537.3743844
-523.374122403 1768.80930079 2679.57995934
-637.015433703 841.349296289 2678.73072801
325.552641834 1813.47035038 2702.13493176
-262.744146663 1094.6711707 2699.82624718
-561.444496413 1213.83244724 2670.79654647
-224.605458725 1149.38018319 2641.5306646
-484.218642952 840.578656885 2650.27489392
-337.054393828 1807.08536619 2681.09955573
297.603770803 2090.30654098 2700.33321283
-333.798524533 1134.09859041 2661.36676322
335.062332521 1529.84975215 2712.35303575
-369.774324237 981.775819475 2676.24126566
-272.048154305 1379.02254989 2689.61499171
-373.17984085 1290.0788131 2693.17971919
-455.444353906 1520.12806872 2714.08626405
-733.178881816 1058.98461586 2682.91239551
-171.544087236 1363.38009842 2696.53467318
-276.919069843 1644.93792216 2695.56447776
-477.417407017 1373.17467625 2703.64892497
-296.398684565 762.041293483 2143.55285249
-248.01764428 1251.47880916 2657.32119143
377.885668225 1720.81649158 2697.58889888
-534.813004504 1404.3518347 2728.89878984
-488.180423566 658.422315393 1570.46071696
-827.995995901 1771.45474812 2704.38726272
-371.739156342 1514.05631831 2725.61709093
-253.637794782 662.884213174 1541.36520952
-978.839033453 1305.38131909 2727.94736171
-354.315210497 1464.1255174 2722.63733334
-340.075571532 1532.11405011 2693.82800499
-479.855039393 1693.55065677 2700.3909458
-298.848668745 1706.29502499 2668.37285487
-542.590704325 1334.32999082 2673.36356172
-431.034990677 1381.26695854 2737.65357813
-497.949701082 638.686164312 2674.58480213
-220.315959559 1076.30026141 2123.92360011
-268.705984987 1029.59504504 2682.12560116
-135.844417988 1720.39913935 2744.29636055
-350.474629628 938.45302759 2730.16559308
-607.04235105 1516.26632946 2695.47029294
-261.804189226 1196.84809698 2723.27106649
-418.949449847 1090.487703 2682.83111926
-372.311107799 731.762513701 2132.25329177
-287.066592484 1369.81373734 2677.73753362
-1061.82921023 1341.04866821 2749.34252674
-478.882149557 1334.54602072 2723.27955092
-459.22942967 1047.98616197 2671.03959689
-518.716196297 1804.69458877 2719.08340734
-238.620195449 1314.80948575 2194.37697308
-633.721614598 651.55789334 2711.52753683
-184.902598862 1612.96103148 2726.8859476
198.683873357 1749.42762648 2727.33217126
-1002.1868161 1068.83944708 2683.2840373
-188.391991498 1402.2370528 2732.54819295
-303.264971542 735.935900738 2731.9972796
-1173.01333453 741.732705699 2713.08982268
261.421203677 1360.38369739 2747.34288062
-220.707297112 1412.90641259 2717.0777789
317.605094061 1430.16457365 2743.43011434
-446.91857384 1541.29349012 2727.4054046
-853.859265145 1204.84979648 2712.82470616
-1099.96234993 1694.70453253 2722.54915729
-178.553562691 1096.50958142 2164.4497549
-190.760128735 1670.78241345 2700.73761817
-486.741286716 896.172058901 2108.34393743
-456.142713395 1274.45709047 2710.59668256
-417.047421108 1098.65152872 2723.65948735
-374.790258758 1297.87759584 2678.35671172
-251.222874646 892.970328874 2714.36306158
-542.455260473 1565.23282175 2724.37043265
980.486262948 2165.94814475 2714.04427174
-436.618040115 1275.50681865 2721.44104017
-285.246117932 965.299098114 2745.73318551
-178.400987459 1218.20351722 2740.77999819
-363.723382083 1643.2808411 2726.78943051
-394.739616447 775.586522796 2163.31785031
-453.486404139 1227.87071808 2760.3625588
-1409.43880106 1096.34990158 2727.32788375
-361.656264442 1184.17069489 2763.07324491
-308.706604283 1231.57607398 2742.98972456
-316.282465926 1416.66367042 2174.71555036
916.622808145 1509.07982273 2732.23711891
-638.884266517 1163.98519245 2734.30465125
-443.803401012 1209.56117162 2193.35922877
-339.792954442 1086.26497569 2183.3812284
-723.772330938 722.034427195 2170.61368854
-480.07502442 1417.20566518 2759.64955299
-407.834899621 1237.20229193 2741.36590514
-138.534710843 1425.37057243 2755.21942913
-439.705674388 1204.57379879 2729.16322857
279.890606125 777.244544858 2192.53437369
-531.773348391 1582.58591857 2778.1410439
-1043.3856717 851.933674269 2736.35108452
-475.575697973 1027.96233398 2732.25444813
220.372864913 1625.07103892 2192.69307074
-539.358100077 925.175624568 2174.01345136
-1273.04548314 920.760157036 2740.21429725
-668.889762164 753.068004305 2747.89152923
425.506776931 1286.0998251 2164.76982195
-275.330653204 1154.15204313 2749.62371626
-659.102880536 842.666184101 2184.75913504
-627.051083938 890.70926334 2177.42419105
-147.549436294 1018.35662393 2708.193006
-292.80454567 1328.93682477 2739.02147439
-264.612703931 1038.76880881 2752.28638803
-426.011738918 1028.91025738 2719.03932805
-480.622436187 745.986319481 2728.7014469
-520.109526169 1178.14343005 2778.0294858
-336.17034221 1491.90520548 2708.28209803
-536.388134981 1155.38654468 2763.38240952
-487.654872462 1425.92506161 2749.94199624
211.753581982 1366.63229136 2696.21096228
337.877092462 1402.58226521 2210.64394674
-588.944562919 856.658540253 2729.14982555
-323.781011677 1339.39134175 2718.69640073
-728.268688283 1063.82187574 2772.29334444
-396.319552126 1115.49850632 2734.00289872
-735.336124937 351.681603022 2053.64246049
-347.321773805 1249.58640543 2751.92072395
-287.639394224 1691.31794401 2743.57989598
-376.260985475 1057.0942149 2723.68042642
-418.994712315 1594.57315312 2763.15085186
-431.320898526 814.905849638 2720.22757276
-213.970934417 1560.79775216 2759.17070611
-340.503122653 840.218018181 2764.98112525
244.049269284 1838.63672959 2751.44142106
317.521542119 1280.43687474 2740.6482518
-946.761610222 703.548452024 2772.43842719
-233.375687853 1144.77147414 2176.95126019
-345.849534021 1111.19917485 2725.29326642
-233.919590887 1615.06197758 2754.69048041
-222.827700337 1681.17883182 2761.72968072
-862.930791192 989.522731816 2211.88350551
-284.410003776 1773.52736511 2748.06448084
-157.337821294 1435.99185906 2734.93198409
409.638968307 1671.0310411 2735.02182222
-264.691705391 967.937816006 2780.74302143
-324.417358847 1388.11176532 2761.96542647
-419.45484095 802.500990585 2769.31202279
-331.861291289 1268.30320824 2160.50567666
-287.933313869 1463.98365129 2778.24987328
198.113829031 1186.89862652 2754.96326564
232.28928708 1718.1077636 2780.27005688
361.563995462 1666.58705637 2778.1860515
-295.339978519 1635.24599954 2757.55765923
-439.655043538 1251.72179697 2772.31106863
-574.788361788 1050.82143775 2159.73364412
-413.883132017 1469.57135922 2779.45805399
-298.563533099 1204.5277682 2787.12753266
-370.960337925 1553.79851385 2761.19514008
-819.462134843 1188.96612243 2786.032358
328.096702857 1689.98485035 2735.85243639
-819.009486346 743.630366808 2144.12559739
-269.724557806 1669.50150672 2747.86695781
-346.638697973 1542.99058841 2796.84614495
-303.649291072 1464.63210435 2764.5053952
423.436742942 1811.62447955 2766.76848885
361.184931231 1746.6334624 2763.27555352
-324.694801373 1194.53497276 2162.99602863
-369.546566437 1572.378137 2737.40223757
-125.354127967 1517.57654194 2745.56456504
-690.220639704 574.165692263 2166.23545033
-324.113881361 878.349579334 2759.82768662
-224.042671501 1354.3981336 2178.513018
-434.890862817 1116.74434021 2766.34969455
-913.780645047 1417.39681039 2780.18701848
-836.970837685 1279.81253436 2727.34688878
-293.109399278 1277.63757618 2766.43207743
-417.895938294 1241.83194909 2132.66036009
-350.08069715 1368.09037668 2782.59009563
-488.114119189 1405.62383911 2752.91363873
-302.979599414 1449.21356598 2780.72110837
-235.15388604 1396.37630428 2733.61008591
-355.337703889 1698.42646093 2765.79403476
-391.354902283 1228.15392434 2785.05589657
-196.530848664 1287.88429773 2710.61509792
-292.736052941 1374.32238925 2213.23845443
-368.672696692 1182.46677916 2163.09775382
-257.926116664 1562.26434068 2753.46954785
-541.060816576 1101.58187456 2740.68180632
-374.156688191 820.184139521 2769.59485549
349.562639792 1576.72360614 2764.03508659
-447.006039139 1559.60800585 2785.14718619
-234.995932679 1403.12846442 2747.91130387
-562.967793756 805.773677528 2754.86064842
-819.455321447 1145.31469181 2778.94275494
-231.127250196 2105.7220124 2771.81677603
-389.897687212 732.037373511 2188.06086172
-357.340152157 1230.16414051 2729.40468044
-265.953731515 1747.13166859 2762.61745014
-300.41734558 1402.32344478 2784.87069895
381.333532012 1691.2646351 2754.29061161
-305.778103635 1574.41431268 2761.98830622
-414.131057803 1508.48913655 2755.67491477
-531.699033928 823.697645084 2211.11014451
-369.729275521 850.463115244 2203.77649239
-239.927544257 1587.56425821 2779.57418753
-369.468895917 1381.43730691 2801.89517615
434.623285732 1818.05403231 2745.66615641
-312.671572063 1404.27225374 2764.655224
-249.204045446 1530.89724243 2787.94085086
942.541646657 1767.1373441 2796.46588726
-316.193509281 1747.55953365 2750.74737953
-313.962341862 1025.08571504 2753.68510888
-370.346078437 1439.12629248 2805.20824599
-693.14128073 990.499276996 2785.0495386
-637.546765198 1405.57634111 2793.09821601
-275.197463438 982.360038192 2181.09054379
-684.84338637 961.886096029 2759.3304413
297.997538702 1647.06471044 2230.15729457
-455.419461706 1380.20652876 2793.06105404
-395.686613407 853.606955415 2210.09140791
-267.572714532 1354.86059625 2223.36941844
-599.880100947 783.786593069 2757.03510691
338.623337187 1222.82462248 2209.57809882
1512.55136712 2173.27369497 2799.2167371
13.1515767976 1617.38184268 2805.26215876
388.15507811 1713.58283527 2753.21071915
-505.411785182 1331.60512243 2750.57626395
-361.11545299 961.430615241 2185.41468628
-158.024814808 1486.21823086 2761.52735551
-197.412450583 1344.37752364 2748.52988669
-335.425733542 1017.73257621 2167.29946717
-335.133190813 1150.65452491 2782.21752582
-302.58422185 1278.59529991 2793.7908425
-237.595688844 1686.03871596 2781.91571497
228.273153026 1194.75792576 2761.3598662
435.411111574 1753.89658613 2762.67885362
-426.315340596 1332.73491308 2185.10915476
296.066915559 1521.01247113 2728.73001714
-218.622699096 1707.73858067 2202.72309212
431.877537484 1710.56688923 2762.56246239
-193.242832957 1045.40901721 2750.38948033
-324.523235817 1930.55990419 2767.24951487
958.357138809 1650.12728008 2755.47233499
-238.276228544 1446.89060007 2757.89226988
-342.305178363 1441.17220826 2792.0807863
326.216485029 1631.88689865 2207.02606886
-331.927883072 1821.43867355 2797.21162773
417.915991889 1315.91757027 2219.99784069
292.021678538 1569.91107827 2790.68054316
466.3780614 1593.16719724 2200.89387248
341.165551169 1288.24732936 2205.27532658
-111.516149888 1540.47884886 2778.37129159
-233.007033125 927.795227644 2766.49967455
-280.30916768 920.923199859 2210.49611727
-345.604534922 1216.04995833 2768.89039363
99.2814888201 1359.80987362 2778.45097691
-316.297893972 1461.06566366 2791.00186495
-556.792044621 1486.54478941 2809.04596935
-283.86107409 1777.63562716 2782.61165739
-395.90631622 1258.24308299 2791.58941439
-262.758106462 1520.66384094 2786.85139539
319.215744473 1707.21873346 2791.79064653
-410.4501098 1509.66319382 2802.61190435
-267.400681931 1587.02945938 2803.78407858
-410.058161331 1039.52210385 2795.83331078
-634.921088671 1104.80559014 2813.3163865
1591.0740508 1901.94966663 2786.7795466
-878.71222213 1258.04611615 2795.73033621
-238.548622361 1191.01426051 2784.16289229
-940.464237861 863.451410436 2198.48003595
-158.409271478 1656.56926827 2791.02485046
926.854292856 1597.2745645 2226.79042428
-345.405163815 1437.94082322 2820.2568743
-375.837724184 1454.59383718 2794.83072321
-376.662387242 768.35264442 1633.47995832
367.950931504 1776.63583685 2786.50640247
-375.672184856 1078.4853255 2794.12241974
228.347436825 1696.07838458 2770.23598537
-316.910774998 1114.83719026 2204.55582086
368.043304121 1653.78688328 2793.24806232
-343.078199281 1274.73545896 2764.45146054
370.944736154 1544.18350722 2805.43925787
315.734938285 1112.48026831 2239.55274327
150.010234758 1258.78517397 2745.24469986
221.297816384 1706.38913716 2838.72520093
-340.238772904 1131.23287432 2808.05201378
330.892119611 1463.26216976 2210.01173172
-323.392104187 1113.34969249 2218.66889281
-364.226436719 1266.68151683 2781.77713647
447.587791836 1922.26780577 2819.86505287
968.743122064 1669.1751659 2796.67665599
-462.931407163 1274.16328046 2212.30856009
-268.052422785 1301.06161848 2823.17786007
308.029816922 1477.46651947 2860.81774968
405.126779863 1146.33952872 2219.18228586
-379.000514112 1207.09413811 2818.43058766
-383.152779554 1530.01591005 2815.37599877
-363.496445681 1019.15238781 2206.55875659
-259.384258343 1054.62621134 2201.01327947
962.60030428 2085.13497573 2809.51505472
-544.353997879 1701.33616117 2812.31612649
-198.141866701 1604.63149896 2831.00051147
-234.36774991 1079.79554183 2799.20872032
-367.089394812 1422.12224736 2831.25164023
-171.313438663 1119.02491135 2831.61477532
454.348702864 1448.28661192 2241.43105139
1028.3502013 2035.5823002 2802.6002757
368.902585269 1075.83595032 2813.41574666
337.780334517 1621.79037746 2828.88036036
-132.855850197 1666.45294824 2814.62765815
-627.205618977 1277.29995126 2821.792011
-405.970667357 1602.4110406 2220.63613639
330.048304604 1328.49026483 2258.3846149
201.526960015 1476.73681737 2835.99815994
290.927576899 1428.97693249 2819.37876543
-351.803573775 1218.5097657 2819.13889399
420.674479998 1608.29221109 2816.3115868
-455.759562022 1763.10465065 2817.84918867
369.716483533 1296.52804547 2798.6997718
-53.0576630197 1513.13520418 2225.72148891
-454.017810449 1580.94773313 2824.59430563
-306.299261182 1182.92134276 2824.24496231
-553.754832236 996.754014966 2219.76190161
299.848060854 1426.85404576 2829.98230917
-251.929593762 1678.98348479 2789.74787582
295.74631718 1433.97213033 2831.59137172
298.719042116 1235.87433464 2796.75519211
-542.418051094 1128.70441485 2803.77814368
-327.203911682 1602.12953134 2875.03717952
-270.393392035 1621.88787145 2814.26686444
999.630425578 1857.86020052 2821.92165396
-187.101092359 1511.14328753 2273.02276034
-376.793882204 676.760368503 2235.84803338
-262.653994438 1513.70815555 2827.50177503
-211.266665118 1382.61676794 2854.39444655
-243.371426687 1562.59784355 2845.89648862
-175.333106709 1392.99990812 2256.78985995
411.841039208 1635.00378037 2831.44298887
1029.69288329 1809.28600907 2833.05789627
329.121995502 1139.38446163 2260.66166026
-157.140451342 1874.15509476 2840.33490893
1025.9728065 1948.2634916 2870.15982983
398.87799605 1571.2119487 2270.45395753
-158.171564001 1392.96278288 2849.47974653
-576.4566483 1285.72417889 2865.81102647
441.833074481 1689.99057941 2826.59589481
393.214679884 1693.79166266 2852.31749173
906.279141202 1686.45585062 2268.66299999
400.877279961 1957.14210796 2875.60487934
373.948808241 1336.19862121 2250.52777112
478.608754873 1590.14164649 2839.52303567
240.015257261 1739.77300803 2851.60873695
974.84165318 1751.23506919 2264.60350978
414.694476229 1503.45374561 2276.08920025
-203.83465197 1133.58446666 2847.16482183
423.291953669 1501.56233388 2839.31950597
308.970751613 2063.75515947 2870.16541468
-240.697556463 1510.93980186 2844.86336286
1006.83666301 1887.28802663 2277.61054583
1038.30875807 1534.09591464 2273.76157395
-664.103091066 1644.73888217 2854.83208379
-243.664095473 1557.97186347 2266.15571028
-699.604889632 1646.47032371 2849.89090256
328.216507273 1539.32779895 2836.23433299
-442.63902492 1184.98262833 2230.94314739
-193.402948442 1386.18436423 2865.27912996
456.978823408 1624.08312594 2270.21634378
312.558387921 1629.93633691 2809.29732636
-160.284069033 1529.74614312 2877.164093
841.606159111 1479.85699267 2268.63867458
360.971474038 1559.24667288 2265.93305801
941.016295006 1931.92468798 2868.83920404
943.365417927 1829.23893043 2283.60167525
-541.871642396 1429.12413527 2263.18644093
-221.976223074 1676.36931763 2837.21988197
1017.00747043 1699.76367336 2843.62540559
439.019204731 1997.80056051 2879.30042158
843.123283052 1913.39257563 2853.04629563
412.38463758 1675.7233247 2835.31868509
362.01241382 1435.78491203 2869.66061205
367.936628137 1368.09963659 2873.28250679
462.596042785 1751.42464491 2265.48238565
-218.140239955 1639.68968654 2863.79113739
398.387099971 1877.96734428 2875.13001647
1023.65252751 1774.44493251 2874.11981205
922.877016129 1755.34195683 2888.69196461
-201.080565578 1374.08696033 2872.03916669
-424.870215468 1317.23207918 2863.28525532
306.444167938 1165.6264073 2279.57941939
469.620837747 1468.04919842 2282.2528145
380.418881618 1399.32228768 2255.33252975
1033.50067174 1724.73679217 2279.01203174
396.84069265 1638.17399559 2876.18170867
285.875242787 1325.01412347 2289.67767815
294.752341693 1204.3581963 2249.86656914
414.903306368 1633.79090094 2259.70458505
-188.488951019 1456.25132212 2867.91386921
422.437491314 1704.65600179 2874.26148865
-164.395053343 1303.23744646 2207.42673587
432.393131755 1518.0427387 2258.76713241
347.176946444 1707.36712345 2873.08130623
927.369240488 1707.97710836 2865.6408356
429.706147623 1647.47996112 2300.40486372
374.171224347 1807.66396154 2862.60734075
440.439004721 1716.39381243 2875.21729968
-174.606513502 964.824481102 2234.1978862
972.300188 1769.03312879 2289.74440801
171.547147532 1457.92274904 2898.64098843
221.266273224 1349.29323849 2249.30533134
393.648536403 1233.56862659 2271.10107413
318.253335173 1399.78277216 2268.66289544
-220.585162356 1629.05053285 2860.85286388
917.009666814 1621.17372005 2266.07021164
1052.48172876 1767.93549271 2864.62992591
-219.93120115 1081.46969416 2283.15331806
444.016141398 1447.50384548 2871.80066694
-318.803025138 1541.4874008 2852.36233863
423.77405304 1756.5344807 2292.6943159
310.009218064 1570.68507109 2876.501882
813.297434231 1546.83429603 2280.01880285
-230.264346431 1209.51036322 2902.75944894
962.136378745 1714.61445891 2868.52138314
-323.5180264 1506.73298589 2899.21387543
371.530471021 1464.498721 2874.69651043
367.891242137 1437.07782776 2282.77357523
300.739818085 1087.46108186 2235.24638744
376.567725487 1758.95845658 2281.7936383
-538.254655033 952.161793878 1675.34492333
-586.475332925 981.035598666 2290.19171369
-177.188570407 1094.8725005 2257.91623171
-270.141882253 1110.39896543 2286.56054282
-301.650362696 953.001538711 2269.73290747
275.207138568 1130.57776787 2266.5746787
422.489332273 1454.93696043 2867.12811059
368.424959741 1639.1870629 2878.28525558
1039.1091732 1578.37007213 2273.93016719
-247.966855143 1370.14075107 2270.98159203
-347.013840023 1202.77818684 2281.64386778
457.236913431 1711.59322698 2868.14332004
134.102481267 1501.0621077 2291.29334286
416.982101691 1743.71500886 2872.075645
337.774031682 1587.87852682 2304.78202464
-241.016641038 1246.69599562 2861.37307223
-533.310893821 866.304857362 2876.81749199
146.854726192 1162.34227599 2219.83586975
381.21907807 1518.90992472 2273.73019578
431.691219015 1472.09091656 2265.95911932
455.021669167 1797.38037025 2891.57008375
390.684972379 1813.33896577 2876.30048376
408.560658782 1644.60723673 2288.76181728
460.445748345 1397.90327655 2875.80101417
441.304515287 1519.33825047 2888.23321297
460.24920372 1342.22030702 2270.93546015
428.563195533 1262.54759786 2872.90318903
-192.220459035 1526.73826172 2272.4101617
1013.0782901 1600.24568209 2885.39057088
386.005559856 1629.97044589 2271.77837807
-597.929767971 1542.76291507 2282.35503435
869.781806425 1339.45488769 1674.71965845
1012.85926915 1405.23435419 2268.44633892
246.196211395 1513.26769889 2279.85838084
366.991741886 1607.62673411 2277.00908977
-225.656719187 1162.01548319 2276.67992851
989.514870079 1653.08486186 2276.79754853
-265.749672064 1334.35600686 2286.34397928
-142.79095233 887.773658285 2296.16217834
267.261704185 1390.09257613 2267.41121003
378.578376223 1322.63142519 2290.58774637
458.345465153 1722.01948969 2871.70519256
995.54611728 1650.25127716 2265.95154257
-235.819715784 1459.66498203 2876.26594446
-253.187055706 1562.173513 2303.63029822
784.333605251 1422.46933482 2899.70716886
-349.947004728 1244.69219284 2267.45610894
386.441220654 2014.97741347 2893.44096782
1021.55895438 1960.23357749 2877.43311272
-424.287608015 1188.89003445 1678.08894516
864.831069612 1700.84764701 2908.94043169
1033.09487718 1709.26823766 2270.04475098
-377.015832592 1574.57427542 2893.86380791
392.563893587 1538.22203949 2886.73336884
434.340904604 1408.86791953 2264.28804808
480.307528195 1659.09098096 2292.6385716
1013.34599618 1579.30733391 2297.73084965
429.50225936 1594.08486561 2283.86212393
924.672934512 1651.63485012 2322.90773869
-279.14994296 1202.72939485 2882.92153441
1031.63472749 1895.76134237 2900.52431975
371.446321143 1164.00519952 2275.72923784
385.483881783 1435.4663418 2234.66686689
364.739082528 1510.10971172 2279.07996032
-385.117179941 1444.18285663 2846.00800858
269.243462636 1508.40156321 2875.45072998
-384.0435185 1046.3142481 1694.63737496
384.435370053 1404.22119496 2248.89916713
380.87361799 1252.76450798 2285.5029502
-398.699775134 1346.27263073 2266.04229907
-177.768205435 1253.63461586 2272.6364241
-295.134218131 1125.09597841 2254.53651688
930.584110945 1827.81428319 2894.17726182
430.251002202 1640.10245495 2279.36024423
-281.948786819 1491.55299469 2889.92552096
-179.695390622 1341.45922129 2289.48301146
-235.306246357 1228.83494649 2855.53962936
-110.10076125 1225.00258391 2272.23808539
1039.08990626 1824.90793134 2903.98769119
1023.91180815 1659.91322859 2274.38962887
-406.100147077 1084.95399645 2858.19582686
-164.05268547 1317.70451894 2910.97558096
-157.954154633 1219.55432621 1688.66983623
-357.201895677 1000.91969033 2271.43253226
398.673023858 1652.72325611 2297.10662152
335.96874661 1348.02743358 2300.70725409
-334.323148664 1386.45298157 2298.48627993
1046.61467393 1954.27428995 2901.25947151
309.100018497 1329.03532461 2269.53287706
250.704061676 1699.01014284 2897.77857124
240.250469618 1366.32282791 2305.69299121
974.64587343 1569.39259839 2900.59063357
-290.231504074 1140.32982296 2887.89987689
1019.55683308 1537.07749998 1688.65176441
844.385328349 1636.32844485 2294.96691162
389.101920793 1577.38358932 2878.68318189
-389.601845717 685.911320237 2259.87777311
-508.362192441 1065.48433736 2280.01519541
383.306636186 1314.57971156 2286.50082521
-441.256105007 1350.99042333 2299.26541024
295.793622478 1213.7871302 2292.49712665
401.18415361 1216.66604955 2300.32090027
360.471733626 1257.57114571 2290.26627538
384.651030465 1528.70793547 2300.6055796
-200.795089446 1291.27228981 2287.08776111
369.755284339 1657.29928101 2889.02528708
258.427906924 1432.75441154 2291.71521508
402.203259586 1660.06790678 2297.2014959
440.072901449 1403.01047192 2262.69000276
-207.929282866 1148.53616245 2257.27575517
-196.982291861 1124.51965248 2270.25702686
268.753188608 1633.10501132 2882.9768185
958.96399821 1758.26807539 2871.88038098
368.332755225 1584.45037393 2883.90692084
-298.537012958 808.670336843 2246.85194605
-222.630855995 872.728898145 2244.02309828
482.594039692 1338.47973269 2277.00162111
406.600565373 1164.06320257 1681.99513622
1050.80741531 1779.08142594 2285.31764736
-255.680586247 1159.72901636 2295.3889337
484.231803038 1538.45446162 2296.51120764
981.013568914 1752.20140164 2293.16924862
-180.240657898 1024.18319208 2893.40129898
-379.978879019 1041.17962138 2235.49153707
429.905428238 1594.70095596 2871.45703022
308.875599825 1636.74828476 2270.31292617
949.932963278 1760.61436384 2883.01131363
-167.792208428 1528.77176733 2290.92480208
442.577405582 1580.54345735 2881.35524144
379.564814246 1514.73069006 2838.10337609
454.651116244 1354.22745989 2282.43333275
275.750725758 1204.75642092 2236.82904854
340.584164848 1340.97367095 2884.40009999
-354.166457148 1302.93493011 2271.36917405
-271.304082172 1684.83470316 2863.07370093
467.511581161 1659.92613841 2281.82701657
1038.18374178 1666.44340154 2876.03857018
-217.190535882 1384.02160138 2286.58838458
315.452689246 1224.42576877 2286.24121147
459.851677703 1513.00453752 2852.25476104
392.887313426 1244.52668831 2297.10273227
-317.192370426 1458.48435559 2869.1149329
493.81716214 1417.62043195 2304.81124815
376.163157034 1521.27920672 2887.55475989
-412.613775717 987.934033114 2284.89745694
421.308313877 1456.48381823 2862.63409459
356.445529395 1334.06856379 2266.64804424
967.550681086 1582.39564675 2286.81990001
298.718331366 1688.4683951 2872.60817442
453.377341925 1836.32193269 2875.60893942
401.393603835 1101.03551996 1653.03320386
1040.93371902 1658.72949846 2868.62089699
368.389468994 1080.9905289 2285.55955114
442.561411344 1393.3841579 2246.29492893
1055.16507056 1586.17846608 2269.78633134
391.469192245 1458.52314386 2867.9322805
-389.676481349 951.11620397 2269.44531733
-447.522628692 1597.89981408 2883.04414095
-277.669051006 1114.70412072 2233.03932444
-290.390747837 1196.45723367 2858.05945076
-272.948119397 1153.60311384 2211.65298934
-295.985194175 962.691939843 1684.37353301
452.274561271 1661.27293948 2857.08265766
400.646141619 1330.66706347 2861.87445426
397.246580185 1825.43316156 2880.38783398
-265.084860599 1357.58580149 2831.62319086
