-10001.9005208 -4732.92942033 -1670.43594078
-10067.884058 -6171.81026734 -1652.2843977
-10137.8428575 -4766.4744806 -1686.00445866
-1764.48173615 -1688.43341668 -1626.75360974
-9188.47986735 -2468.28984797 -1662.66929513
-10043.0880598 -2888.82836136 -1655.34331336
-8464.70517399 -2356.24327123 -1638.02546997
-1725.47385083 -1679.74329557 -1606.91848933
-9341.32956612 -2433.28126737 -1610.75580807
-1718.69084647 -1661.62905658 -1615.34776414
-1710.02257097 -1662.23269484 -1575.82069509
-1689.95372183 -1646.15683723 -1578.70250754
-1680.85442919 -1642.93324906 -1606.02271404
-1685.79096282 -1647.12110883 -1609.268642
-4170.11468163 -1898.0725416 -1582.28872586
-1670.38870968 -1641.3510202 -1605.01774993
-1678.87900864 -1643.99814153 -1609.8164157
-1705.1433948 -1657.94799445 -1586.07325873
-1691.65685776 -1643.9844051 -1613.03680604
-1679.04497472 -1643.10603296 -1610.99982311
-1730.73943447 -1650.74526203 -1615.78688866
-1679.8765836 -1641.13009111 -1613.24088494
-1695.0044086 -1656.62129048 -1599.93717242
-1739.21277768 -1658.06336207 -1603.14600473
-1688.33174391 -1630.23313748 -1604.00067962
-1676.9024412 -1638.56437608 -1602.83440609
-1672.2486639 -1629.18569486 -1587.01110077
-1666.0461845 -1631.9820291 -1574.53229821
-1656.10000564 -1625.82512011 -1572.60752064
-1686.53250051 -1639.39953802 -1580.29954844
-1651.01456213 -1618.5450412 -1560.82599066
-1678.43552282 -1636.31913711 -1598.44647496
-1669.84517407 -1639.90859158 -1613.57275114
-1692.57299663 -1624.48660995 -1557.25003795
-1679.05276522 -1634.92625508 -1572.52456332
-1660.60605096 -1629.04166345 -1575.58584059
-1677.47794351 -1633.13617198 -1606.38863359
-1661.50498924 -1626.60548965 -1596.57208265
-1647.56990122 -1622.10226562 -1588.15792724
-1701.80275053 -1646.4875264 -1602.96204086
-1671.43554023 -1628.72894297 -1576.70742447
-1670.20989568 -1639.26111086 -1591.37200258
-1702.42358575 -1630.9666465 -1581.75451641
-1652.75086042 -1625.59880335 -1598.90538018
-1662.2044746 -1637.67830875 -1603.20766599
-1685.27122898 -1627.04117828 -1572.28181081
-1666.21336947 -1622.06373151 -1588.0200813
-1660.01715839 -1630.82536885 -1591.67111764
-1670.93715397 -1636.29941746 -1607.4618027
-1671.3750709 -1647.95283143 -1624.73198176
-1668.87957066 -1623.86638556 -1595.63260443
-1671.84511173 -1637.54519501 -1599.47797859
-1649.10559272 -1617.65313361 -1587.04787749
-1680.1408422 -1631.18640398 -1585.0540135
-1659.80394032 -1621.9855519 -1572.58195086
-1693.2612297 -1638.16546045 -1600.4711116
-1661.73681503 -1628.29364154 -1611.54966806
-1650.70394208 -1624.13847336 -1601.1964031
-1672.45373719 -1626.33527876 -1596.06079375
-1677.87084375 -1646.47852183 -1614.65437644
-1648.62919837 -1626.19108702 -1603.463389
-1687.1039315 -1627.6778884 -1581.734288
-1691.52035683 -1640.14284172 -1605.64971101
-1671.28739301 -1630.90618116 -1569.08543407
-1655.59506117 -1626.02080357 -1600.19466929
-1657.20112865 -1613.82018597 -1576.62603534
-1645.8089907 -1620.43336053 -1586.34296726
-1692.87856896 -1631.59368421 -1574.97794538
-1679.7845862 -1630.83061201 -1597.42634509
-1662.46640934 -1632.44438858 -1600.32763389
-1683.64160108 -1648.3051233 -1610.75239465
-1661.8001327 -1623.77146161 -1586.74938185
-1697.23548347 -1626.18088302 -1568.10888816
-1655.88848963 -1620.63682936 -1565.1040902
-1666.0098261 -1621.7290868 -1578.88853062
-1671.02817265 -1632.28532748 -1590.34583032
-1681.41422904 -1632.73204712 -1586.44343166
-8037.56126553 -2268.68535628 -1604.02032069
-1660.41436788 -1639.19569773 -1596.76938318
-1662.20299867 -1631.70970461 -1585.50251684
-1638.61726631 -1618.20239523 -1584.91945401
-1674.22600469 -1637.99690103 -1610.54489257
-1676.06487122 -1620.61535883 -1559.57408373
-1678.7115707 -1628.05969369 -1569.28140737
-1650.76026866 -1618.58026707 -1586.38326324
-1662.55764332 -1634.77532129 -1609.45326367
-1711.53349943 -1635.74631527 -1588.58364836
-1743.35765169 -1633.29764412 -1571.85420178
-1666.48359177 -1625.42298849 -1565.70701551
-1721.19297536 -1634.83258098 -1572.47977375
-1664.10255865 -1632.99839005 -1609.61499119
-1678.83344558 -1625.30161585 -1578.62964613
-1673.27650596 -1629.52764831 -1598.38021996
-1639.7244649 -1619.8570613 -1599.56556918
-1656.10210122 -1628.55494722 -1598.63654291
-1657.59737036 -1616.01711346 -1575.40931099
-1634.02913813 -1611.70958827 -1588.2012201
-1692.167281 -1628.39560943 -1589.69384523
-1706.53232728 -1622.68281257 -1573.52076738
-1675.30114937 -1630.83896325 -1594.70433226
-1645.5748416 -1617.70458864 -1591.23818904
-1657.39919156 -1621.35245321 -1592.66639043
-1663.41498239 -1615.002523 -1566.97320215
-1696.89866883 -1640.72163509 -1607.12207487
-1666.91203813 -1627.71783863 -1599.69770749
-2121.69160371 -1674.5428336 -1587.67032798
-1654.31445779 -1622.23478928 -1568.94593788
-1664.22950429 -1626.59785328 -1578.92660811
-1656.97735661 -1624.34951095 -1595.16658481
-1662.58484404 -1632.30948929 -1577.56929185
-1673.26025334 -1634.34179459 -1594.26204116
-1661.16627686 -1627.1904517 -1584.31349541
-1683.64737174 -1626.43437499 -1597.5238413
-1679.88150764 -1630.214334 -1583.34756057
-1663.68736788 -1642.01855249 -1583.60971891
-1653.84550676 -1619.33191385 -1587.37246204
-1679.57485227 -1631.34565645 -1586.3192996
-1656.20564509 -1625.34309887 -1575.14712863
-1677.97576867 -1635.67506063 -1585.84455927
-1652.86717988 -1618.01128167 -1574.80582374
-1643.99029245 -1629.45794871 -1610.43698865
-1647.17463528 -1622.13959821 -1602.8655568
-1653.30210692 -1632.60936672 -1600.15521797
-1670.51519928 -1633.91832234 -1599.24185648
-1698.4354476 -1635.72029276 -1590.43197284
-1657.97282525 -1634.72569836 -1616.09709848
-1658.17142178 -1634.227644 -1615.81179921
-1662.14020764 -1623.33736701 -1595.20623268
-1660.75855055 -1624.95619641 -1548.04894165
-1717.2206799 -1628.92550569 -1574.38644456
-1723.3296517 -1628.97505836 -1592.34180094
-1679.74558095 -1650.50441147 -1613.827171
-1661.60723245 -1471.89235411 -132.220197723
-1676.77219853 -1606.52263444 -1425.76672119
-1669.77399962 -1637.45216164 -1598.93619445
-1696.79813236 -1499.15610355 -392.985143237
-1705.75979508 -1541.96691721 -697.486523238
-4661.72613625 -1901.33375161 -1294.39581958
-9013.07901131 -2833.86799382 -595.820069889
-1674.84653753 -1615.67869381 -1361.95804582
-33.6853348587 47.5055462722 166.42104099
317.259518529 453.712983017 587.309343994
297.089896806 409.886575636 608.278298175
301.625309904 384.110030286 572.100033205
277.807324121 393.494055295 510.356039971
295.226926231 412.803963071 564.814986036
347.606161488 458.616633062 752.742510874
282.863799826 427.343485184 601.5165623
266.122818572 410.598342603 556.257296659
352.254969141 426.353406551 616.327000493
234.754710534 365.855110332 473.942313619
248.516594473 392.685889754 664.689304824
223.759498904 412.370187994 616.961893624
293.526138255 387.084238842 516.901853474
355.016963001 448.289473408 574.033775231
252.452498546 438.172515034 677.384538803
287.947985277 414.715598646 602.355929153
279.25805562 392.489245207 510.46686635
306.678022297 405.08095395 500.760814612
257.376031023 409.343742629 571.086379925
300.317846229 468.367145758 706.766627698
318.819452864 445.64841947 650.128690204
308.15441023 456.90803139 723.692707449
284.437445354 411.073880792 572.794643055
255.579347009 412.254973964 560.997117259
329.051715974 446.766010237 660.038673907
275.679166388 418.884948766 535.513206936
352.718910128 460.186003326 607.26782707
276.045720472 354.932346204 453.861963294
338.119053394 409.230293804 500.655087535
243.617199626 408.765444681 615.172140208
319.691122839 415.043556046 514.561733153
235.52748383 411.451925653 536.943238123
259.282449446 375.518782585 551.603521197
293.674421715 413.583808085 544.028201008
254.976146568 443.237779577 593.785526018
340.917007181 445.739655347 577.138750755
257.017718547 437.86223106 617.754119392
291.685971147 419.084957109 555.173124287
300.685037293 410.249366422 545.222637688
270.490783846 392.558224233 530.93484607
237.054541808 338.585253211 483.880933724
313.364593044 414.597985292 527.287195678
262.087787539 400.726643022 526.438902566
306.033078212 413.17038181 517.72674654
293.489917586 453.627299198 766.522342959
312.203491985 463.675588987 703.793424438
268.153523563 441.556698103 759.756122328
245.97765376 392.720591148 518.799272318
275.829582371 452.548387272 761.025064592
248.396552039 399.124478319 562.476910147
231.253851899 441.770917661 613.483745771
273.340745534 400.671915483 589.368016385
310.169849657 459.762483428 624.565864517
256.052402011 408.362977979 656.793521465
292.512066186 373.416944421 424.069306274
267.260430884 423.120898494 646.286743922
259.06096137 351.044715137 427.962615578
327.70463666 407.567181277 562.335647348
361.604536898 450.357492159 584.346464156
268.627597915 478.596974969 712.756293983
314.331092132 443.591376244 572.587782119
296.21659866 389.972747139 561.593891887
274.364883935 435.994723875 567.022495954
274.717351224 407.667205293 556.320915593
307.928557764 455.712691338 600.307566912
312.480808667 456.654150102 661.126703411
320.662585094 480.524804965 641.808328278
366.789982578 441.632911464 562.840580055
364.845357389 434.81985403 664.927943297
303.213120439 380.501248809 467.037008975
310.660426538 418.823917038 624.029644437
368.415278595 467.079013354 574.701856429
321.735855482 408.789204811 515.259780623
357.174884102 432.089054801 574.561816969
313.857008561 410.449892745 517.25961008
279.744790133 446.139353411 595.31215783
234.701347365 405.523221145 563.946178956
325.329447647 404.42928508 523.994078099
258.526754932 407.651057731 573.063306073
220.027741743 363.975006684 454.818350465
224.867954669 382.020238759 616.373729263
271.645151052 374.541266674 567.116280646
330.186123749 385.571737636 469.296170605
390.203828593 450.944869404 618.758875223
317.536296921 438.892377531 618.292595405
298.396504533 391.521917595 508.868631622
297.261872958 427.756971361 570.958853575
219.665807541 411.326330472 550.831677895
323.153067981 425.380530552 607.927854397
264.890758445 386.123052729 565.903633532
348.18215081 424.48541815 499.856670048
289.810850789 442.042158038 580.658446643
260.03930928 404.841442161 569.08408101
348.660832997 430.027646279 561.326142155
306.878417565 437.472342354 668.74270791
267.856714477 390.04422564 476.480308421
290.835947379 428.057418691 613.639773454
319.253398859 443.899953633 563.580590468
325.013481641 405.810795516 498.55611583
281.496947318 404.175277598 611.175030837
316.267868531 415.080665522 577.408406315
282.578910522 434.181841668 709.991612577
242.762731145 469.931441781 674.053135718
288.429941965 444.501963145 609.256537374
240.380521311 446.033165864 648.640578803
274.363764656 411.493218018 560.947330246
255.07013209 353.657875795 421.770622252
308.897060272 463.183187748 600.645280577
305.284009863 452.973703973 632.469473898
303.44582904 370.056527672 514.686689953
347.429668552 424.315406323 632.792744056
255.204132527 431.375037251 610.110580416
298.180500834 415.236167979 532.198583249
280.908181102 416.118668471 548.888348363
338.824165329 419.985661264 514.702101544
306.661799469 436.452637039 561.719164266
303.870948474 446.695706993 663.662953468
313.129591358 416.85074396 512.913420287
280.099993392 392.684911284 509.215131414
251.17445784 367.124463279 469.758969886
305.794529901 443.465791019 552.547591111
326.885141523 434.913556013 522.675396463
347.83528777 414.931104263 519.575212376
243.256950311 399.170916915 556.574304675
249.735330327 398.643317025 491.060627322
419.330410502 492.246333089 560.334749816
342.885852471 432.799173001 512.663849903
306.98653802 432.227526584 530.887071491
298.93642214 433.837961211 626.555471035
298.275536694 409.083568741 555.058089295
242.30487797 417.46875856 560.832057031
210.552649587 404.387165699 516.711053297
298.521269937 414.753513677 577.02037327
240.726769599 439.705184321 695.412191633
316.01348176 478.758338892 589.293794677
287.464852913 397.003562321 496.637803738
312.04929523 453.613513892 614.79064237
274.894630589 430.328703813 578.081222479
292.274954889 520.172079729 823.705996418
308.835662922 456.873870466 598.028257304
266.589547312 454.143163759 523.267663363
252.614656753 411.590794971 560.685480653
259.424955331 397.892874988 611.68742131
330.42212462 466.952741011 666.374727578
235.055437902 459.364738221 743.601299376
324.355796015 427.789698805 614.312999479
351.784450969 448.534382945 663.413028036
303.304700782 385.424967812 475.276273922
243.347050678 385.521019059 516.169322395
307.449576523 447.006458179 772.428528722
295.133345821 433.462071035 519.600846831
305.175632268 430.811459068 555.313004236
275.752062544 379.324470919 507.258592841
293.86876584 423.570945355 608.316938618
357.311833874 454.379637883 656.235665841
305.337702918 462.559927874 727.221438057
239.811603751 387.110895449 592.612958631
321.637242594 436.433928566 569.660584933
353.807450465 443.52986915 544.623376745
358.628610299 446.860918293 627.673192143
348.128935668 446.037483424 651.339145027
256.200055052 417.009593455 634.255882448
237.896354835 387.154587514 563.373392551
295.373293868 466.1609445 608.121814178
316.529981921 427.541206069 578.216136231
349.504966977 434.976852932 668.179242213
263.887958888 407.996395402 584.427378231
285.443200105 405.663806634 551.525003269
263.933483922 415.980183048 503.284757124
299.314855719 474.388135738 700.186076619
364.978801516 434.070740126 548.462646857
336.485998701 468.568498888 579.379020954
