-9995.77305254 -9874.11856957 -9750.75802115
-9975.65387836 -9889.36800461 -9824.81085724
-10020.2086155 -9909.77029721 -9775.13217254
-9961.20880556 -9838.08495004 -9767.63128651
-9887.74812145 -9824.36484466 -9754.65305346
-9848.07436717 -9788.58328135 -9749.88237094
-9862.22256055 -9788.46912844 -9732.81746551
-9808.89211198 -9781.7902914 -9734.2789979
-9821.10606612 -9770.17303715 -9747.21852804
-9831.65763479 -9766.64761111 -9722.20406881
-9796.86724792 -9761.50092351 -9736.82091331
-9834.18506561 -9765.72822741 -9724.61591223
-9845.09360449 -9758.36414258 -9707.78467571
-9808.04618385 -9767.00784806 -9726.57426024
-9790.69314541 -9754.29435326 -9729.22176445
-9805.74842829 -9761.178961 -9717.13453124
-9796.81204096 -9759.82085325 -9727.06113971
-9782.28426567 -9753.96371946 -9732.95478719
-9761.61216438 -9741.98305549 -9726.53417958
-9781.49967659 -9756.59757846 -9731.60998237
-9802.65100496 -9748.38482009 -9726.3411939
-9783.04454922 -9758.91681862 -9730.27149111
-9798.07003094 -9758.50154743 -9723.92290611
-9779.64787351 -9752.1887597 -9729.90549961
