-1265.72314031 180.976573135 2196.3497729
-1441.9381295 -41.5179675829 1693.08021715
-1412.5045217 -436.017188315 -49.9782326827
-1078.84445032 -272.407280296 758.585787883
-349.802270622 123.082969039 1550.09640256
-1096.87665923 -245.726544549 852.250166455
-523.286645956 95.0475338965 1793.53522475
-371.845921623 134.392873354 1323.81789108
-605.492763604 67.3576216415 1235.78780574
-507.943629551 55.5137585368 1253.69636043
-560.702091994 -194.646274807 880.380313363
-589.486236331 -58.8350882147 684.388431982
-499.098983137 -91.3074189221 666.12790424
-337.95977763 25.5333041429 842.409779586
-768.721478515 -310.755536367 -60.613436898
-400.801018923 301.331538709 1673.39315068
-528.826639268 -106.267665009 380.3627428
-1263.05865005 310.179811588 2246.8369333
-464.54837002 89.8636167423 845.41179715
-725.790036429 165.303055871 1648.32615754
-331.734971721 -83.5725534464 608.601093866
-274.937916043 26.3611132554 441.908846465
-222.745976507 553.326423888 1726.96382805
-485.420804294 334.440494461 1210.47616849
-965.842077717 138.212234251 1595.3963159
-635.82667094 -151.841781237 643.218183093
-2160.02548208 260.781129256 1609.1707716
-294.474650909 69.2394053902 834.609457629
-391.317466095 313.053025972 1520.09812917
-418.425230685 56.5842508565 1146.65933826
-250.930039917 58.0675707085 836.86653815
-142.362748836 252.674920069 1498.35589918
-254.72473243 268.1329312 809.876627592
-283.69440926 96.5642326454 1734.48850435
-378.997343781 77.7245261475 2090.648854
-388.101839975 210.157426194 1690.79873864
-515.265444281 236.341249526 1535.88399714
-367.16213465 229.546504238 1558.41910483
-318.335268665 782.334027198 2058.06442521
-335.57843838 548.52422918 1997.46783383
-419.695349439 -46.9682704408 641.232908873
-733.697298598 104.904044239 1579.48746357
-148.794844203 121.456614209 810.787488025
-350.018576091 -43.2827008747 365.030783127
-530.096946112 -7.8453884647 760.438491868
-516.523697064 285.708552259 1843.94160445
-437.622382131 270.848137435 1208.2792882
-468.835979643 184.267199823 2164.82556421
-576.417000582 304.147499764 1804.71329549
-397.705207564 481.410498787 2196.27525421
-512.558560707 257.284535731 1297.76852251
-301.138302089 233.456435445 1637.04628608
-738.651299387 69.5524183241 1697.11762616
-432.68266177 238.609387225 2063.10026972
-658.588978806 221.334927296 2168.3736598
-234.151084903 249.98846568 1244.28427626
-281.524887475 298.751726566 1336.50268904
-313.544888727 47.0656741285 1021.20447758
-162.383444637 426.860042822 2147.15761958
-388.834186539 -66.1925169883 728.340710263
-355.133888222 108.024660923 1502.88710461
-573.48078869 394.574070064 2144.89550656
-952.214753109 42.2896139588 1589.55890201
-298.136826381 -114.032986228 337.024743695
-256.845825016 215.879808399 1650.74788863
-474.657419852 698.665183343 1497.38102239
-319.416314465 24.673310972 799.138042803
-314.633228362 138.290830713 1202.02973336
-101.97092017 573.57763315 1773.29975639
-408.27819485 224.102035849 1705.17937452
-359.440092452 514.667400856 2251.72625494
-355.806844288 -140.334985244 -47.565147022
-695.0069725 337.226092436 1964.70889442
-609.694206935 168.732029102 2029.38603198
-553.737304314 21.4903427381 1336.73387254
-299.160878512 86.6665507836 1228.39045311
-286.319694778 501.122275207 1764.53342272
-249.296752356 236.787622519 1620.50271755
-6130.92953348 -681.521342877 730.921659254
-348.958544873 12.252667005 1192.87591256
-588.934643601 319.071379329 1811.8089127
-2425.47190291 -337.492215756 768.698988553
-955.836036188 40.2438928721 1638.74358735
-1167.43223503 136.981837765 1004.1943066
-608.982273221 -107.762311873 696.813737431
-172.611436965 445.843955237 1856.87766808
-525.973493554 67.8600219744 1011.12690252
-479.791397773 373.714706336 1463.23379359
-321.06105395 -1.17716583471 852.320037948
-1555.04741673 33.7675766478 716.996047956
-3822.10165195 -146.799529635 1012.8952655
-231.495629046 307.916244641 1303.93334317
-225.421238967 358.612709639 1580.19281092
-867.14929838 164.953045755 1437.16523286
-439.714477584 458.894928827 1928.18751232
-4852.1076201 -996.771960469 1168.36149712
-117.760993714 564.723731822 1352.75168563
-351.432879018 263.31439242 1767.67339643
-591.415994918 -238.900997275 -90.154910709
-409.114532832 127.563560892 1224.17706844
-3226.60335521 -297.03286589 734.792931123
-211.109673639 143.944934033 830.255391154
-1282.60191928 465.471749759 2257.44202928
-534.622547517 349.805945274 2077.16967618
-1564.23625304 -84.3348450098 382.962354298
-156.595644157 489.264201153 1569.59420311
-778.341188812 -88.0489636447 370.331905158
-1738.03841761 -33.6144697814 785.048461595
-553.082449172 99.6502042955 1717.00556296
-372.02316087 261.191527858 1484.63439167
-1218.98724739 61.7143867259 1989.33315879
-2352.98670427 -45.1089188847 1648.00796728
-324.052374399 373.898459544 1999.51855482
-1472.01276462 5.89927098035 1503.79395173
-464.218001077 63.1513762475 1225.84614548
-916.770896704 -146.331452587 312.932167228
-1697.24196746 165.734162988 1437.7646395
-1370.52554383 -252.954342213 -52.6395769539
-891.720468051 107.138332804 1103.05073124
-253.789173311 642.038718528 1628.15549678
-1250.75489088 175.26121985 1762.08116722
-2415.06648058 220.674004174 1497.26547275
-3236.22745944 -53.7808976076 1909.58770791
-299.358826686 384.577176538 1613.05836923
-555.519007932 5.66720700448 1194.93072578
-225.118457397 109.658117754 1124.66301863
-218.841030064 110.135466417 1079.0728545
-245.138724073 202.193827825 1575.74283377
-109.319531407 522.085426961 1680.97256651
-2042.91801384 -345.438351078 1022.88022032
-435.948942235 256.501253272 1674.27043762
-438.571262798 101.605369375 1419.83005861
-1338.33491989 -313.091682908 738.571863707
-254.83478702 181.052643915 1696.96249003
-1670.83382786 -309.006412653 619.352178092
-6090.66005931 -434.544115786 1102.61342755
-3643.92619395 -459.299911308 1114.68367088
-684.24620054 -29.9400153598 831.426029241
-191.892537291 773.151155925 1998.97840423
-631.189245025 576.614336069 1968.22059342
-1344.96950969 -11.8153353521 1072.22453019
-260.058493863 331.545707161 1495.82328437
-202.092936058 613.151558276 1705.75641145
-2414.23612037 -229.24601569 1035.08498726
-1240.61216554 21.7854012517 1254.15707038
-1440.14924924 -115.624865561 829.655013212
-428.591774577 298.104263464 1672.8984776
-383.468268966 127.881755404 1106.18137267
-1440.63074247 237.18794386 1287.61514454
-2541.43933277 -190.466393488 1097.77213046
-1306.87566886 11.0745522758 1799.32844608
-344.511941904 392.830043824 2122.03633088
-447.306551912 272.998057499 2115.70528725
-422.944020032 500.11122545 1980.35852362
-197.036743475 286.036881596 1586.58565366
-555.926330526 222.720770953 2174.67683924
-437.146456328 253.858751551 1470.75622871
-255.400245748 444.728273083 1604.99440561
-301.798607344 240.985485228 1747.40889514
-699.7068599 137.403270978 1619.06329851
-756.792169607 159.568467103 1804.22798587
-293.508066264 738.710843727 1754.50524615
-434.202536739 325.163165637 1357.23440945
-358.229365514 -14.1722123927 1476.16880571
-231.34990545 318.718699429 1647.8814288
-292.872245306 448.411559123 1559.63001359
-360.612468996 579.394017858 1993.39396109
-1177.90010196 288.901404821 1708.29019545
-1548.47919981 58.2635828732 1112.62828353
-339.089617731 258.226721203 1241.21184967
-162.537858432 232.99322122 760.381421863
-186.881815792 771.304700387 2041.71747797
-588.548659095 296.521069453 2114.00188333
-866.216102394 245.700578579 1620.05383973
-229.242049564 222.865612852 1587.37033904
-278.750130872 -126.066484005 345.606891881
-394.750872862 163.622858195 2174.85092078
-269.862042086 125.45787213 1296.64930698
-629.057718575 179.228621525 1814.89843805
-376.865901549 368.076540481 1939.25413828
-816.966397369 311.803331099 1951.69705908
-546.67238362 241.953225331 1550.03031576
-374.569921344 57.5274074528 1281.81302751
-212.476117669 283.6579468 1731.45199057
-294.434545703 351.796413643 1266.01443972
-864.778477204 140.578557917 1298.84850277
-502.380070233 84.5814091834 1414.02379143
-255.891059117 615.860403072 1250.31872989
-267.120350862 241.590379256 1162.09491891
-447.183670615 105.251792452 1232.77365709
-302.016439208 447.770003265 1297.62274503
-376.192112485 71.1499353855 1121.06757508
-548.655872192 329.090625049 1660.4451745
-440.459033731 -20.0472608986 1035.42634213
-598.073249166 -16.838037308 827.534706367
-369.537807941 -0.313570536384 1245.24976113
-689.64950946 162.407349196 1608.51538964
-298.49563486 491.343530124 1490.01423216
-250.779606875 253.456739089 1647.0344571
-1119.01592966 -38.1393684425 883.010700001
-565.85485571 101.328613743 897.286582795
-3442.73352581 -36.3688406192 1350.15269944
-211.400206974 168.260299465 1258.08046738
-261.543226242 -24.0301677596 732.579120587
-500.681230116 196.68628587 1723.76773262
-809.901576142 38.6843045424 1249.1825932
-1189.53347631 23.9386143061 1171.5630936
-420.861564925 250.387008141 1243.52459879
-584.629690835 298.046566234 2138.84396376
-584.053568842 287.969086588 1591.09343284
-1523.51714361 -189.629824895 748.256294584
-158.930108934 484.408398994 1687.04220599
-234.801244642 -19.7285356251 793.902735119
-557.734795258 -62.2042862568 804.366195201
-956.343321955 -41.4308774702 773.467053133
-382.342718227 386.065219883 2104.65367091
-474.741658501 6.83782656049 1499.99007281
-411.940406409 30.4773453957 851.851195109
-1253.97965661 277.548373968 1555.06384432
-1558.77780322 72.0235909348 1237.22799308
-3162.75286558 149.793044716 2309.42760213
-1292.51489131 47.5074910726 1257.54667906
-254.425503687 345.894247797 1917.2988631
-410.485265796 468.154195931 1779.58206386
-200.697192853 912.530937918 2154.34218496
-524.164247547 397.370915101 1712.04786363
-337.72973885 337.448862889 1730.25535953
-1017.67208123 123.415782521 1119.32451922
-204.152278529 392.835323967 1722.44477625
-374.574408307 153.164767768 1183.68889118
-1015.8602223 -317.837465065 288.95418293
-203.722706087 572.038052823 1213.1135682
-360.516355423 320.760323345 1735.3420109
-284.283486413 172.447502947 1285.03208069
-979.305947803 18.8251148369 1763.695338
-628.816058403 116.459361521 1158.64757001
-195.341541795 409.418674516 1306.12901361
-221.202536228 156.344498683 784.968093433
-641.447015469 168.565359956 1341.57113213
-338.967122244 51.5133262395 1269.53867286
-314.522603982 247.58427849 1086.14597088
-346.600807801 369.135053708 1809.24302857
-249.452301369 246.826854878 1303.53219397
-203.078210287 260.345016586 1208.26421406
-562.220181189 35.388176849 830.525263432
-280.556814616 543.866743624 1723.16901288
-263.713933402 -28.2201200213 321.133339554
-141.546560006 216.15436349 1780.63189606
-165.040291946 375.550070017 1315.24358662
-158.387933231 711.030053432 1775.57466119
-191.931988865 503.396894032 1286.09042054
-204.454962641 465.443417592 1769.70837775
-142.564956355 467.964563272 1310.00194284
-426.87069168 218.184022852 1294.03506292
-98.9275693463 396.432192568 1240.13716109
-218.112759574 280.59290692 1773.44882138
-201.914367307 270.31273982 1710.75324379
-791.97862222 18.5407754344 784.967371807
-274.44934356 145.07493865 847.863660053
-331.461996023 432.132033176 1687.20735734
-556.067414275 338.412840908 1314.68698357
-543.086462927 423.152244959 2134.21046434
-123.791072385 379.552946279 1707.89869605
-239.974006131 164.093990355 1642.00227508
-323.758798843 64.7239247243 750.736768065
-430.400143591 220.804660152 1306.84915559
-243.598662265 -111.475442007 281.759600274
-217.971704624 212.114833289 1808.31532016
-556.917406744 -125.913054739 359.33171756
-374.441158832 13.9367070382 798.275514246
-429.718630082 47.8384324411 1136.47422837
-237.44874465 508.305398506 1600.45626938
-335.254143963 101.267839983 1333.12133005
-283.839579863 -87.8960073139 316.993143672
-262.184925277 276.482826173 1285.09211039
-263.888120048 486.355821754 2111.44725305
-212.565081904 263.007078108 1305.47791169
-144.015877429 349.542161999 1686.84420106
-195.617120531 110.333220359 1723.47684904
-264.375113701 599.35015217 1818.813527
-246.987253904 524.488740367 1338.85994092
-269.004578624 232.24280291 1266.75170291
-300.125707502 471.748922593 1783.48771022
-263.719584925 99.259654656 804.987206816
-295.728514608 144.089907908 810.527457264
-212.128171504 25.1024021604 795.510491792
-218.907828517 399.843463434 1745.2885504
-289.800806829 571.863248962 1311.63125603
-299.642223019 60.6439299283 856.642234174
-322.612318662 -49.9193071228 832.066708904
-439.354564207 36.7784442754 1780.35049614
-290.732601463 499.022022638 1354.74528378
-335.418060945 420.858317747 1323.83777559
-345.367938744 394.847821195 1748.33499087
-298.525576487 564.042517298 2120.61721506
-177.177204622 436.426898798 1339.93735175
-300.908905132 254.179901294 2193.8192778
-356.721088507 608.495735016 1297.49083856
-193.213812082 707.77963655 1799.61099811
-245.39682581 692.375062687 2185.76316907
-270.231204805 295.492727218 1601.96751899
-337.58411145 270.059481754 1332.55530948
-233.409704033 283.016081148 1269.43810147
-370.617142419 171.483058242 1222.35497311
-453.217300591 441.18795916 2114.75629879
-231.104290622 524.336182664 1969.17951485
-175.430919516 365.828158751 1263.26759544
-126.195763916 510.819675279 1964.55733979
-263.862907317 291.860429225 1599.35255685
-239.829910985 292.111747503 1196.21147767
-253.218932842 376.065243273 1280.26521016
-132.301825227 621.684805373 2154.1832354
-128.270423506 432.043310151 1638.48240644
-153.898406033 295.650373261 1310.6309316
-209.161499989 205.032210673 1375.64464947
-242.157470879 256.51286955 2171.83871085
-346.819416865 260.575331606 1552.84696972
-306.634813187 593.757910885 1694.00449822
-193.761256239 395.178521479 1616.84942766
-311.207575409 483.763008125 1658.34785087
-106.92556467 369.525782673 1881.33441089
-144.752199555 298.278370425 1413.36225569
-317.816596953 37.6654340599 1041.89463505
-1356.40926818 438.584916016 1969.86198654
-177.400860328 337.323634692 1484.22216446
-350.254450949 195.225609343 1051.15961888
-2274.60251571 -136.57276674 1582.01474191
-217.280298187 249.898747432 1143.89126188
-687.261738709 280.182892065 1396.59425977
-268.828107536 373.361179639 1614.8199717
-106.829090948 451.392686631 1183.30634272
-262.252214366 706.275173803 1569.49360203
-338.46379172 378.057226439 1594.93264755
-262.668684732 451.888763278 1611.99517562
-253.840152497 54.1850339328 778.567445454
-173.888611761 630.387574498 1537.30548385
-280.032417736 213.638147391 1493.61267554
-259.31655805 357.802107395 1662.19350541
-114.329042535 454.697407994 1732.46583177
-281.410296636 264.479104083 1062.04260015
-1037.04489486 175.135150312 1233.98712178
-232.70792882 320.911800118 1534.19958686
-193.2459819 413.622110332 1093.11206545
-266.795700225 72.918011598 1264.4920116
-117.869783534 309.212445562 973.973879982
-307.986944173 514.085338085 1629.21065374
-278.798196901 192.530531697 1213.19997757
-234.401783289 399.793396877 1210.83812276
-224.266105282 27.983416416 800.654403057
-298.535081054 158.360671222 1296.72390672
-239.735846066 271.754014962 1989.9987425
-246.478466451 835.761615239 2092.47326222
-138.098163411 450.557351805 1247.97493282
-326.87600672 251.687439625 2083.6994636
-233.717096208 326.134270181 1782.34894238
-312.389644871 38.1001138772 748.145236225
-144.812609604 838.187130046 1750.9331167
-572.239911589 668.681295776 2146.01504427
-216.138242566 52.4812811153 729.211448374
-278.133365146 424.711918285 2259.08120456
-215.863906801 203.943929919 1618.53562322
-232.886164199 311.963161428 1215.58739764
-388.015915431 49.5926440833 696.752781746
-786.463822421 340.731920007 1254.54363411
-233.487327766 190.489996693 1147.09447721
-253.563615166 71.6995809452 835.746948364
-339.499182051 546.676375821 1685.6820779
-217.390766751 440.549324111 1571.75366734
-272.290374841 134.401420032 2217.30084378
-405.986072854 205.944783195 1549.99242091
-412.340413803 83.4503712185 802.438564968
-201.915639668 164.114461074 1632.19655214
-560.55349239 194.990486713 1719.80709051
-309.673893537 250.523719195 1727.05606419
-884.378379923 -119.54603206 305.270685123
-409.449872641 317.499066829 1276.26102912
-454.920558684 411.447314401 1724.27514994
-351.027393431 369.375525097 1171.11058109
-530.592911363 102.178839802 1292.81043929
-433.329193733 271.369862928 1283.00901519
-364.757047679 95.329256314 842.046737968
-251.712297001 268.84865477 1761.76556562
-582.197818488 128.557334306 1301.38068095
-273.131587355 196.890783876 1679.55580538
-433.438709794 123.823824985 1170.65793376
-331.153375432 428.752916246 1886.61854828
-343.103909303 129.780489128 1237.85015126
-590.861506041 32.7556509196 772.636354167
-335.057725053 191.483210201 1259.04480693
-390.698699242 245.553049673 1249.31712208
-240.699945512 454.925595007 1666.78839545
-187.823619746 221.562048518 1208.70270574
-293.746810348 -123.378194294 310.750637182
-364.673452756 78.7147594385 1260.84548846
-389.275844906 573.533186939 1245.05772327
-214.54025312 690.19844185 2184.40517754
-275.702148996 590.137827459 1456.4846922
-217.596120081 327.122267249 1716.04208738
-329.56109721 104.326033828 1287.88592448
-242.152350055 437.632620341 1769.59406947
-279.800167962 311.032283527 802.429245855
-218.775129302 187.030683133 1299.62627118
-159.415823458 727.623020032 1762.75490794
-262.52568922 164.999302137 1166.59329762
-293.083336801 314.283836527 1735.36465412
-338.83423399 207.038616096 1279.82994659
-238.538225453 166.753199262 806.609562992
-341.080149313 194.979988726 1253.54291074
-255.468958216 204.113436755 782.712946606
-321.177753047 216.0891144 1300.67932407
-294.431995221 38.9251969698 810.908892534
-385.503003594 640.533419972 1817.75484772
-346.362081415 150.376003223 1714.45425275
-216.844074139 553.093017517 1362.35400191
-1047.16718866 255.610338456 1316.85008087
-256.575490434 356.238294237 1562.22876249
-326.553060471 238.623381372 2054.27137107
-181.74783062 435.218541362 1820.13273439
-289.532884545 612.947549102 1816.04995641
-273.927413854 235.117322988 1737.30469141
-530.577700464 176.960472848 1241.70037108
-230.98063502 277.185736037 1680.59890627
-306.527431524 437.163058174 1747.68999978
-218.749031374 599.717598056 1543.43291682
-195.521990675 471.986725961 1620.04353327
-214.386041707 293.549198175 1817.35822013
-224.792705989 138.994424314 1312.24435606
-262.997286948 904.911294804 2246.33132624
-241.583446077 259.276632538 2032.61450852
-284.355493871 246.335471937 860.83147335
-237.455157797 476.371710157 2034.13112362
-246.735065105 282.571668997 1724.0737793
-289.52513397 553.885510992 1786.562092
-162.489451078 310.954283665 1253.85031112
-502.910074307 271.571795405 2128.28524949
-234.714111483 608.660310764 1717.39879766
-329.297368113 472.982396388 1794.53870802
-466.406412912 29.8400845594 1266.05126503
-179.49909594 174.806718311 1280.6205204
-193.626586485 157.639824035 1263.49442227
-190.390054953 204.944374054 1749.13652771
-806.056476322 431.81922665 1793.13093225
-293.523790453 186.181445928 1280.64150991
-277.399717487 250.646716842 878.323398768
-294.431982156 71.6602915807 1201.88069719
-321.557326963 241.396737004 1414.19973391
-201.18517856 358.414679877 1849.86956173
-607.628832439 101.566997256 1267.08719168
