-825.661956647 512.779165179 2027.89677722
-3068.08179055 964.087723468 2381.71004858
-4532.72425914 502.196174521 2507.60795255
-1224.01855669 174.059046017 2142.71411749
-885.848529308 852.113414641 2575.57490331
-2250.83771224 792.857966212 2468.47543778
-1546.01806758 -72.5396591829 1731.5558177
-1291.60770732 373.92090255 2128.98175197
-2567.9597423 -129.724269109 2200.78658572
-633.45547549 747.837693734 2543.08797954
-2605.66858626 -298.833883226 2157.80080368
-3698.77115716 -633.219316979 1487.81061598
-1417.76236039 910.950679042 2362.82078432
-314.096397394 929.195852196 2065.63741877
-1075.10757006 235.407802313 1710.9315479
-1529.88272303 375.145279096 2287.46610066
-1536.2513947 870.000132333 2537.78867083
-1435.10470483 652.143017812 2496.62416909
-992.512870634 747.818492411 2509.90491187
-1629.35823814 -356.023228508 1755.32005131
-4627.70912348 341.757574855 2483.30719897
-1614.48210128 808.593441941 2410.59322162
-317.457299385 1015.91263648 2457.01607496
-1106.21813506 1553.70687882 2495.54326724
-2460.92160191 1354.35823465 2695.52231175
-1072.89568041 605.92222585 2198.03541141
-1248.84607967 653.790859154 2503.63538356
-1044.79799995 802.400124943 2575.46276689
-574.227085714 799.005841355 2466.20011436
-681.130816797 857.549669144 2475.10786315
-640.399098204 1265.46333063 2618.3839252
-1371.93936477 1614.26441531 2539.44451781
-868.809178718 479.367156501 2566.20223114
-849.435345664 683.589296169 2433.94874906
-1362.93790507 1315.13772714 2593.38421429
-675.587458269 1762.35653016 2612.48626802
-1162.18804028 41.0699552522 1776.83205151
-1258.61016319 709.736797308 2584.99021322
-863.078612311 1101.14436106 2438.96433858
-117.940680017 1684.44835434 2488.26115003
-1628.62880287 1063.84210784 2456.54443118
-712.940384562 1023.41496097 2335.48060479
-2158.03508819 903.408788763 2497.12371628
-1628.25093819 966.003777537 2519.04869839
-430.551580956 716.949724154 2396.73873008
-972.965276027 923.89303621 2519.69127947
-870.96600022 581.031076637 2561.07098429
-965.634008682 903.017037573 2406.17405052
-732.61458024 807.485125027 2595.50617612
-2313.60368582 -14.1674714954 2307.20111982
-1093.73874951 251.495564987 2339.79767143
-1096.73289904 1096.33746641 2477.76348934
-1434.23933299 148.926782996 2401.33521491
-561.130204059 542.873555697 2444.76883746
-578.276670873 994.319585164 2207.88662033
-547.920195905 888.220090541 2397.64681332
-851.985700226 788.818783202 2513.94292039
-1037.68313196 1066.97060546 2445.00436783
-1184.7460069 1072.09564106 2467.36346075
-1778.09675606 980.299078882 2524.26357574
-1079.39708911 462.949999953 2101.96364924
-1721.95148133 -0.953671093269 2383.77710279
-528.863334848 660.195206666 2552.8235131
