0.21784 0.227788 0.25848
0.20796 0.223308 0.25628
0.20084 0.220608 0.25112
0.18732 0.213656 0.23728
0.19872 0.218896 0.24428
0.20512 0.217868 0.23536
0.19076 0.20428 0.21644
0.1988 0.20968 0.22124
0.19464 0.206692 0.22612
0.18612 0.202104 0.22432
0.1848 0.204764 0.235
0.18864 0.20124 0.21708
0.1814 0.195524 0.21412
0.17992 0.191896 0.20808
0.18324 0.193 0.20536
0.1752 0.185872 0.20296
0.1708 0.18414 0.20164
0.17008 0.18458 0.20568
0.16752 0.178604 0.18792
0.16864 0.180896 0.19328
0.17 0.182628 0.19472
0.16608 0.178472 0.19028
0.16268 0.17538 0.1936
0.16432 0.178764 0.21212
0.16044 0.1691 0.18012
0.1642 0.172208 0.19376
0.15456 0.16964 0.1862
0.15192 0.163624 0.18072
0.15572 0.166304 0.18444
0.15372 0.165488 0.17628
0.15188 0.163828 0.18488
0.14748 0.159732 0.17136
0.1464 0.15776 0.1718
0.15336 0.164192 0.17796
0.1416 0.156136 0.172
0.14416 0.156424 0.16608
0.1488 0.156556 0.16648
0.14736 0.158044 0.16356
0.14548 0.155636 0.1726
0.14532 0.151092 0.16276
0.14664 0.155896 0.16756
0.14476 0.154632 0.16328
0.14804 0.15588 0.17088
0.1466 0.15526 0.16088
0.14556 0.159552 0.18196
0.14164 0.158648 0.17572
0.14664 0.154148 0.16216
0.14788 0.15628 0.171
0.1418 0.156092 0.18136
0.1472 0.15548 0.16724
0.1416 0.154444 0.16672
0.13892 0.14872 0.15644
0.14096 0.151296 0.16744
0.14216 0.149504 0.1596
0.13528 0.150036 0.16536
0.13568 0.146672 0.16052
0.14264 0.151108 0.16488
0.13604 0.147304 0.15432
0.12984 0.144192 0.15872
0.1408 0.148568 0.16492
0.13676 0.143668 0.14972
0.13248 0.144676 0.15412
0.13396 0.14624 0.1562
0.12588 0.14104 0.15172
0.13152 0.13916 0.1528
0.12992 0.141732 0.14956
0.12932 0.141516 0.15112
0.13344 0.138664 0.14632
0.12944 0.138904 0.1492
0.13596 0.143384 0.15152
0.1314 0.140188 0.15024
0.13272 0.14262 0.16244
0.12856 0.137768 0.15444
0.13456 0.140672 0.15004
0.12764 0.133784 0.14196
0.1328 0.13816 0.14184
0.125 0.136832 0.14592
0.13116 0.140728 0.14972
0.13116 0.140896 0.15372
0.12896 0.138952 0.15468
0.12732 0.137388 0.14228
0.13056 0.138428 0.14676
0.12976 0.135244 0.14396
0.1262 0.138616 0.15172
0.12496 0.13312 0.13936
0.12776 0.13578 0.14708
0.12748 0.137856 0.15016
0.12876 0.134764 0.14256
0.12336 0.1296 0.13484
0.12076 0.13118 0.13968
0.12728 0.131056 0.1384
0.12124 0.13202 0.13736
0.12572 0.13234 0.14444
0.12384 0.133692 0.146
0.12152 0.128644 0.13392
0.12604 0.130104 0.13668
0.11488 0.128172 0.13872
0.12232 0.130544 0.14248
0.11808 0.131624 0.13888
0.11868 0.127924 0.1336
0.1172 0.127672 0.13592
0.12224 0.128732 0.13932
0.1218 0.131072 0.14608
0.12504 0.13226 0.1472
