-845.257903475 -481.963083101 -203.597935526
-783.861080433 -341.624470908 60.1496556533
-1105.53069254 -410.852336579 -96.9278788075
-551.224988776 -165.805791576 55.7861075427
-313.163787482 -91.070967666 -6.05844049763
-434.823179574 -172.791287662 40.32535563
-117.995066149 22.2140035777 202.848291283
-169.018328425 -2.20600964366 227.673495699
-296.784317001 -33.8699244204 140.283463872
-72.7587975977 125.417979839 313.927809726
-245.614724474 134.196173717 296.58923478
-74.8996895635 98.9188969015 304.515112331
157.127792037 248.896241818 370.500083283
160.055128054 257.875643102 378.144211042
150.375287207 267.212409453 382.092876752
247.008339258 323.16895416 402.148519302
282.771688041 358.220440238 455.899050965
281.740778759 394.308655182 662.767638953
333.312830611 464.969648352 704.703039201
362.51726868 447.832171805 711.597180798
309.62734415 448.961956365 707.714379311
382.270291381 702.466980796 1142.82031173
363.247103213 644.554439852 901.294675606
276.103510118 612.323663448 987.253103672
510.187695836 1046.04143527 1642.30402468
349.785639434 860.687495491 1444.02481989
534.869749535 1049.37367917 1628.43584522
874.661077815 1323.73591703 1785.92048115
689.971397875 1236.96812709 1625.96579281
832.070373174 1340.62198282 1840.1054738
822.423460462 1274.51436849 1510.57748807
715.194752584 1327.28746956 1828.6933652
1037.70188421 1430.93976671 1770.10708871
1228.02285681 1400.5282723 1755.01212569
982.264230512 1330.78636227 1600.49052499
1014.06879122 1479.89027123 1786.63603103
944.514579996 1499.78903885 1957.36645374
998.111638292 1459.79345257 1763.89996574
866.678551712 1309.27962654 1726.31467846
920.018286746 1305.26415994 1741.99619102
893.045251967 1451.19684904 1828.88372722
551.892704851 1517.95980569 1817.63331542
825.051195991 1421.90026705 1814.94140973
1025.21842712 1514.66674739 1904.36438524
731.457976719 1292.75735943 1852.57033197
832.002808323 1413.50138896 1715.762949
1416.80159459 1589.62463549 1769.54898886
809.06218838 1426.79086016 1828.71534503
742.164798615 1529.53036224 1963.35776356
834.318299898 1353.46162494 1749.8518101
1095.90970031 1455.36270103 1746.06169468
1090.35525171 1402.43681422 1660.43565083
1270.52363897 1601.99675038 1881.85526159
774.236367402 1444.1926516 1785.06164219
913.914003861 1569.56753103 1870.42967201
1159.91971815 1522.60101908 1717.97261906
540.993741867 1449.20769372 1871.1746078
1072.27378423 1495.46305036 1746.44052132
945.916213404 1472.69505586 1926.45780797
1046.44474012 1531.19663036 1873.06078818
529.930657695 1407.48034639 1788.69168255
788.569456214 1458.64562041 1856.44707139
1029.35612015 1535.91285743 1912.70487678
924.846625077 1410.77033553 1885.50980492
1323.9060679 1676.85335763 2228.24141906
542.954458616 1548.4244363 1920.95843359
1347.26827002 1670.62863679 2063.45709963
732.513096113 1349.20605998 1917.68808906
923.5272338 1691.9956025 2099.42711144
1135.75224195 1528.60489316 1836.27877833
1331.98720825 1653.76573941 2052.75316195
849.64806594 1447.73967864 1822.8529596
899.587029697 1543.99932221 1777.23678057
1251.28494041 1664.34948232 2015.24736756
645.868843712 1599.32397269 1805.32599394
1204.54739491 1561.83927845 1800.19917507
1008.24679042 1525.5297457 1831.89588806
1144.92106408 1511.62538931 2032.86030575
1526.0214111 1740.65303623 1953.6759169
1056.87084295 1528.40742175 1770.05178096
660.160075137 1583.70922002 2001.02079405
883.56439682 1595.5953674 1923.3998391
1195.88609615 1750.03242507 2118.83447326
723.995794083 1604.99906848 1885.64344498
1311.84949252 1757.37752748 2113.12103968
589.844543629 1575.42051158 2184.87467413
1474.12293271 1806.52114989 1991.27100537
900.779812014 1519.73664557 1953.28061603
1200.04138008 1633.01041077 1973.38232762
1494.60465165 1843.0034563 2001.72858834
1375.85945619 1826.73613226 2150.01802043
1279.47772509 1643.8220951 2031.37059685
1421.55346466 1621.59796976 1808.4877782
883.322101075 1585.97624745 2048.38326372
1054.95436657 1750.70467913 2101.90739215
1583.87508697 1730.62203483 1901.66525932
1471.84515803 1826.38181279 2078.52553644
1252.50858841 1660.66840818 1986.07503102
1101.85037894 1648.8719155 1898.23174525
1119.14188988 1691.69195022 1995.06851659
1253.31583825 1763.41158219 2028.90334908
911.060012044 1537.23069188 1976.582648
1036.52483493 1686.21170552 2018.92726105
954.605294525 1682.1981515 1945.51493929
