0.1616 0.17682 0.1924
0.1594 0.17964 0.202
0.1684 0.17776 0.1858
0.172 0.18024 0.1914
0.1584 0.1759 0.1846
0.1662 0.18032 0.1988
0.16 0.1705 0.183
0.1636 0.17612 0.1848
0.1578 0.17336 0.1956
0.1514 0.16674 0.1892
0.1524 0.17234 0.1856
0.1632 0.17024 0.1856
0.156 0.16832 0.1776
0.1534 0.16706 0.1732
0.1532 0.1692 0.1828
0.154 0.16286 0.1738
0.1498 0.1617 0.1724
0.1534 0.16364 0.1738
0.15 0.15778 0.1678
0.1488 0.15976 0.1722
0.1516 0.162 0.1708
0.1442 0.15586 0.167
0.1434 0.15476 0.1678
0.1444 0.156 0.1646
0.1468 0.15342 0.1678
0.1466 0.15774 0.1648
0.1468 0.15402 0.1628
0.1484 0.15282 0.1592
0.1466 0.1537 0.1694
0.1426 0.15588 0.1708
0.144 0.15336 0.1648
0.1422 0.1494 0.1572
0.1468 0.1531 0.1634
0.1428 0.14752 0.1534
0.1402 0.1486 0.1608
0.1402 0.14876 0.1608
0.1428 0.14908 0.1612
0.133 0.14622 0.1596
0.1422 0.14892 0.159
0.1348 0.1469 0.1572
0.1398 0.14596 0.1518
0.1344 0.1436 0.1544
0.137 0.14532 0.1532
0.1394 0.14338 0.1474
0.1412 0.14788 0.1548
0.1348 0.1443 0.1518
0.138 0.1452 0.1558
0.1356 0.14326 0.1524
0.1334 0.1422 0.155
0.1302 0.14084 0.1522
0.1352 0.1428 0.15
0.1314 0.13814 0.147
0.1292 0.13772 0.1466
0.1318 0.14078 0.1492
0.1326 0.1389 0.1444
0.1258 0.13856 0.1462
0.1292 0.13902 0.1474
0.1322 0.13786 0.1448
0.1352 0.1397 0.1454
0.1322 0.13706 0.142
0.1318 0.13734 0.1458
0.1246 0.13382 0.1424
0.1312 0.13626 0.141
0.127 0.13468 0.1418
0.127 0.13548 0.1424
0.1274 0.1348 0.143
0.127 0.1342 0.1374
0.126 0.13332 0.14
0.1242 0.13278 0.1398
0.1242 0.13304 0.1398
0.1292 0.13424 0.1398
0.1264 0.13266 0.1382
0.1236 0.13352 0.145
0.1298 0.13346 0.1412
0.1266 0.13158 0.1352
0.1278 0.13104 0.1356
0.1284 0.13392 0.1426
0.1286 0.1355 0.14
0.125 0.13022 0.135
0.1272 0.13294 0.1406
0.1288 0.13318 0.1392
0.1206 0.12818 0.134
0.1224 0.13078 0.1378
0.1266 0.13084 0.1384
0.126 0.13064 0.1402
0.122 0.13026 0.1356
0.1198 0.12938 0.133
0.1246 0.12976 0.1328
0.1234 0.13096 0.1364
0.1212 0.13062 0.1392
0.1244 0.1331 0.1368
0.1218 0.13046 0.1382
0.126 0.1324 0.1404
0.121 0.13354 0.1432
0.1246 0.1333 0.145
0.128 0.1347 0.1446
0.13 0.1361 0.1424
0.1296 0.13806 0.1462
0.1256 0.13164 0.1366
0.1282 0.13498 0.1434
0.126 0.13354 0.143
0.1274 0.13372 0.1424
0.1234 0.13062 0.1378
0.127 0.13348 0.1412
0.126 0.13216 0.138
0.1212 0.13008 0.1374
0.1232 0.1291 0.1332
0.125 0.13032 0.1398
0.1192 0.1281 0.138
0.1234 0.13222 0.1412
0.123 0.13112 0.1438
0.1238 0.12918 0.137
0.121 0.12678 0.1322
0.1236 0.1287 0.1342
0.1196 0.12692 0.1324
0.1222 0.12856 0.1374
0.1226 0.12802 0.1328
0.1202 0.12522 0.1322
0.1192 0.12684 0.1328
0.119 0.1245 0.1334
0.1192 0.12352 0.1272
0.1188 0.12362 0.1294
0.1188 0.12482 0.1312
0.119 0.12588 0.1334
0.121 0.1249 0.129
0.118 0.12414 0.1348
0.1202 0.1256 0.1328
0.1204 0.12524 0.1304
0.1202 0.12648 0.1328
0.1196 0.1262 0.1348
0.118 0.126 0.1356
0.1188 0.12512 0.1348
0.1216 0.12806 0.1324
0.1226 0.1279 0.1368
0.1196 0.1287 0.137
0.122 0.12684 0.1322
0.121 0.12708 0.1348
0.1174 0.12662 0.1352
0.1162 0.127 0.1362
0.1202 0.13026 0.1336
0.1192 0.12834 0.1368
0.1214 0.12852 0.1346
0.1212 0.12872 0.1376
0.1164 0.12566 0.1316
0.1188 0.12454 0.1304
0.1194 0.12686 0.1392
0.1236 0.1268 0.1304
0.1206 0.1259 0.1326
0.1176 0.1253 0.1298
0.119 0.12598 0.1314
0.1188 0.12514 0.1326
0.118 0.12432 0.1274
0.1188 0.12246 0.1304
0.1172 0.12436 0.1276
0.115 0.12212 0.1304
0.117 0.12138 0.127
0.1184 0.12334 0.1266
0.1146 0.12324 0.1346
0.1182 0.12198 0.128
0.114 0.12158 0.127
0.1142 0.1228 0.1338
0.1128 0.12272 0.1338
0.1172 0.1213 0.128
0.1132 0.12024 0.1272
0.1152 0.12054 0.1264
0.1148 0.11824 0.123
0.1134 0.12 0.1256
0.1158 0.11816 0.1214
0.1174 0.12058 0.1274
0.1152 0.12088 0.1246
0.1128 0.1182 0.1246
0.114 0.12072 0.1282
0.1154 0.12094 0.1278
0.1162 0.1224 0.1292
0.1128 0.11972 0.127
0.1164 0.12136 0.1248
0.1172 0.1212 0.1306
0.1174 0.12072 0.1264
0.1174 0.12308 0.1364
0.1132 0.12214 0.1292
0.1172 0.12096 0.1234
0.1162 0.12056 0.126
0.1162 0.11878 0.124
0.112 0.11928 0.1278
0.1184 0.12226 0.127
0.1124 0.11988 0.1274
0.1134 0.12084 0.1276
0.1148 0.12266 0.1304
0.1158 0.12058 0.1254
0.1164 0.1229 0.1292
0.1108 0.11906 0.126
0.1136 0.12188 0.1346
0.1124 0.12168 0.1322
0.1134 0.1187 0.1236
0.115 0.1194 0.1248
0.1182 0.12268 0.1282
0.1148 0.12042 0.1256
0.1142 0.12138 0.1296
0.1146 0.1221 0.1282
0.1172 0.1224 0.1302
0.1138 0.12062 0.1284
0.1132 0.11692 0.1238
0.1128 0.11836 0.1252
0.1128 0.11652 0.1274
0.1102 0.1178 0.124
0.1132 0.11938 0.1278
0.1132 0.11904 0.1344
0.11 0.1184 0.1242
0.1136 0.11654 0.1214
0.1126 0.1178 0.1198
0.1126 0.11776 0.1232
0.112 0.11834 0.1224
0.1092 0.1181 0.1268
0.1126 0.11918 0.1264
0.1116 0.11768 0.1216
0.1134 0.11806 0.1282
0.1092 0.11452 0.1278
0.1104 0.11838 0.1236
0.1124 0.11536 0.1186
0.1134 0.11836 0.1254
0.1106 0.11736 0.1224
0.1108 0.11582 0.1216
0.1086 0.1139 0.1192
0.1094 0.11444 0.1226
0.1118 0.11578 0.1234
0.1094 0.11474 0.1176
0.1094 0.1162 0.126
0.1072 0.11728 0.122
0.1096 0.11602 0.1222
0.1092 0.1142 0.1198
0.1088 0.11576 0.122
0.11 0.11564 0.1212
0.108 0.11316 0.1218
0.1104 0.11556 0.1222
0.1102 0.11594 0.1232
0.1106 0.11412 0.1194
0.1092 0.11452 0.1194
0.109 0.1145 0.1202
0.1098 0.11362 0.1204
0.106 0.11272 0.1186
0.1066 0.1113 0.118
0.1072 0.11246 0.1186
0.1078 0.11204 0.1174
0.1084 0.11448 0.121
0.106 0.11114 0.1186
0.1092 0.11382 0.1192
0.1106 0.11512 0.1202
0.1074 0.11286 0.1174
0.1104 0.11604 0.121
0.1092 0.1144 0.119
0.1126 0.11566 0.1208
0.1104 0.11588 0.1294
0.1086 0.11408 0.1222
0.1028 0.11188 0.122
0.1096 0.11426 0.1194
0.1116 0.11652 0.12
0.106 0.11426 0.1264
0.1072 0.1125 0.1204
0.1104 0.11464 0.1226
0.1116 0.1164 0.1222
0.111 0.11768 0.1268
0.1072 0.11458 0.1222
0.109 0.11422 0.1218
0.1088 0.1156 0.1208
0.1098 0.11418 0.12
0.1066 0.11492 0.125
0.1048 0.11362 0.1246
0.1088 0.11346 0.1182
0.1056 0.11284 0.122
0.1088 0.11332 0.1186
0.1058 0.11586 0.126
0.1088 0.11392 0.1216
0.107 0.11328 0.119
0.1108 0.11562 0.1192
0.1078 0.11538 0.1194
0.1084 0.11324 0.119
0.103 0.1165 0.1314
0.1124 0.11556 0.1208
0.108 0.11386 0.119
0.1082 0.11572 0.1226
0.109 0.11344 0.1174
0.1082 0.11462 0.1208
0.1138 0.11646 0.122
0.108 0.11608 0.1234
0.1104 0.11704 0.1224
0.1084 0.11638 0.1192
0.1082 0.11612 0.1212
0.1106 0.11504 0.1212
0.1122 0.11544 0.1224
0.1098 0.11378 0.1172
0.108 0.11404 0.1202
0.1094 0.11426 0.1212
0.108 0.11448 0.1226
0.1112 0.11696 0.1284
0.1122 0.11558 0.1194
0.1112 0.11392 0.1228
0.1116 0.11812 0.126
0.1092 0.1144 0.122
0.106 0.11424 0.1216
0.1096 0.1172 0.1232
0.1126 0.11668 0.1222
0.1102 0.11532 0.1204
0.1078 0.11374 0.1254
0.1082 0.11844 0.123
0.1094 0.116 0.1236
0.1112 0.11568 0.1216
0.1134 0.11818 0.1272
0.1106 0.11692 0.1246
0.11 0.1161 0.121
0.1074 0.1128 0.1168
0.1124 0.1174 0.1234
0.113 0.11802 0.1228
0.1108 0.1153 0.1248
0.1066 0.11382 0.1218
0.106 0.11454 0.1242
0.109 0.11558 0.125
0.1082 0.11708 0.1302
0.1104 0.11874 0.1274
0.1126 0.1172 0.1216
0.1096 0.11446 0.1206
0.1096 0.11612 0.1232
0.1104 0.11718 0.123
0.1104 0.11554 0.1268
0.1104 0.11566 0.1204
0.1126 0.1174 0.122
0.1096 0.1162 0.1232
0.1116 0.11678 0.1226
0.1084 0.11418 0.121
0.1102 0.11972 0.1278
0.1104 0.1176 0.1282
0.1112 0.11538 0.121
0.1126 0.11736 0.1232
0.11 0.1153 0.12
0.111 0.11566 0.1236
0.1104 0.11604 0.1208
0.1098 0.11482 0.1214
0.1094 0.11508 0.124
0.1108 0.1147 0.1196
0.1058 0.11342 0.122
0.1074 0.11454 0.123
0.1086 0.1131 0.1166
0.1106 0.11408 0.1184
0.1096 0.1146 0.119
0.1058 0.11448 0.1244
0.111 0.1144 0.1204
0.1092 0.11316 0.1176
0.1116 0.11556 0.1216
0.1058 0.11322 0.1172
0.1086 0.11478 0.1276
0.1088 0.11442 0.1206
0.1122 0.11452 0.1166
0.1098 0.115 0.119
0.1102 0.11536 0.1204
0.1084 0.11308 0.1184
0.1084 0.11608 0.1256
0.1136 0.1178 0.1252
0.1088 0.11362 0.1192
0.108 0.11354 0.1216
0.1116 0.11702 0.1224
0.1102 0.11508 0.1194
0.1048 0.11184 0.118
0.1088 0.11264 0.1182
0.1094 0.11408 0.1208
0.1074 0.11264 0.1174
0.1092 0.11496 0.12
0.1092 0.11284 0.117
0.1094 0.1141 0.1208
0.1124 0.1155 0.1258
0.1094 0.11326 0.1176
0.1078 0.11364 0.1198
0.1082 0.11238 0.1196
0.1048 0.11198 0.117
0.1092 0.11296 0.122
0.11 0.1128 0.116
0.1088 0.11104 0.115
0.1086 0.11186 0.1158
0.1092 0.1125 0.1172
0.1096 0.11294 0.1176
0.1076 0.1128 0.119
0.1068 0.1121 0.1158
0.1082 0.1132 0.1178
0.1102 0.1144 0.1208
0.1114 0.11548 0.1212
0.1094 0.11474 0.12
0.1092 0.11216 0.1152
0.1074 0.11214 0.1164
0.1122 0.11368 0.1192
0.108 0.1133 0.1186
0.1096 0.11202 0.1144
0.108 0.11324 0.1176
0.1086 0.11358 0.1232
0.109 0.1133 0.1192
0.1096 0.11298 0.1154
0.1056 0.1107 0.1158
0.105 0.11012 0.113
0.109 0.11204 0.1148
0.1096 0.1127 0.1182
0.1062 0.11308 0.12
0.1056 0.11158 0.1186
0.1056 0.11096 0.1158
0.1064 0.11162 0.116
0.1064 0.11136 0.1184
0.106 0.11178 0.116
0.1086 0.11096 0.1138
0.107 0.11222 0.1188
0.1096 0.1126 0.1178
0.107 0.1114 0.1144
0.1066 0.1099 0.1148
0.1022 0.1119 0.1156
0.1048 0.11158 0.1196
0.1062 0.11166 0.1154
0.105 0.11242 0.1162
0.1084 0.11128 0.115
0.1086 0.11106 0.115
0.1096 0.1136 0.1178
0.1094 0.1123 0.1182
0.105 0.11228 0.1184
0.1052 0.11238 0.1178
0.1084 0.11258 0.1174
0.1078 0.11192 0.1182
0.1048 0.11064 0.1148
0.108 0.11226 0.12
0.1078 0.1116 0.116
0.1056 0.1111 0.1156
0.1084 0.1128 0.1156
0.107 0.11192 0.1204
0.1068 0.11054 0.1146
0.1056 0.11048 0.1158
0.1062 0.11106 0.1168
0.1056 0.10936 0.1156
0.106 0.11058 0.116
0.1044 0.10864 0.1114
0.1054 0.1094 0.1146
0.1056 0.11046 0.1154
0.106 0.11008 0.113
0.1086 0.11184 0.117
0.1012 0.10798 0.1124
0.1062 0.1112 0.1172
0.1038 0.10944 0.1144
0.109 0.11216 0.1154
0.1064 0.1113 0.1156
0.1058 0.1105 0.1172
0.1054 0.11142 0.116
0.1076 0.1101 0.1158
0.106 0.11074 0.1192
0.1046 0.1086 0.1136
0.1048 0.11006 0.1136
0.1042 0.10874 0.1168
0.106 0.10872 0.1136
0.1042 0.1094 0.112
0.1058 0.10942 0.1146
0.1052 0.10978 0.1156
0.1032 0.10816 0.1144
0.1048 0.10794 0.1112
0.104 0.11036 0.115
0.1056 0.1083 0.1128
0.103 0.10832 0.114
0.1056 0.11078 0.1146
0.1042 0.10854 0.1148
0.1032 0.1072 0.111
0.1052 0.11094 0.1166
0.103 0.10782 0.112
0.1054 0.1099 0.1142
0.104 0.10818 0.1146
0.1054 0.11004 0.1158
0.1042 0.10796 0.1138
0.1068 0.1087 0.1124
0.1048 0.10882 0.112
0.1044 0.10806 0.1122
0.106 0.1105 0.117
0.104 0.10802 0.1124
0.105 0.1094 0.1136
0.105 0.10926 0.1144
0.1032 0.10628 0.111
0.1058 0.10778 0.112
0.1008 0.10914 0.1132
0.106 0.10896 0.1158
0.1034 0.10802 0.1116
0.105 0.10998 0.1146
0.104 0.10824 0.114
0.1024 0.10778 0.1132
0.1024 0.10684 0.11
0.107 0.11036 0.1134
0.109 0.11192 0.1156
0.1056 0.11116 0.118
0.1066 0.10972 0.112
0.103 0.1088 0.1124
0.1052 0.10916 0.112
0.1024 0.10882 0.1126
0.104 0.10896 0.1142
0.1064 0.11028 0.1142
0.105 0.1099 0.117
0.1046 0.11048 0.1178
0.1026 0.11022 0.1144
0.1028 0.10808 0.1126
0.1036 0.10982 0.1184
0.1024 0.10658 0.1094
0.107 0.11132 0.1196
0.1052 0.10848 0.1116
0.1052 0.10896 0.1146
0.1054 0.10988 0.1162
0.1048 0.10864 0.111
0.1028 0.10734 0.1154
0.1052 0.10782 0.1104
0.104 0.10774 0.111
0.1062 0.10936 0.114
0.1054 0.10878 0.114
0.1022 0.10906 0.1136
0.1018 0.10868 0.117
0.102 0.10798 0.1178
0.103 0.10768 0.1118
0.102 0.10822 0.1144
0.1036 0.10782 0.1138
0.102 0.10822 0.1164
0.1016 0.10856 0.1134
0.105 0.10908 0.1128
0.1026 0.1076 0.1112
0.1032 0.10806 0.1156
0.1036 0.1084 0.1134
0.1046 0.1089 0.1142
0.1042 0.10838 0.1134
0.1054 0.10944 0.117
0.1036 0.10896 0.1146
0.1052 0.10946 0.1134
0.1022 0.10818 0.1188
0.1032 0.10784 0.1156
0.1044 0.10962 0.1166
0.1054 0.10966 0.1154
0.1026 0.10784 0.1126
0.1036 0.10878 0.1162
0.1034 0.10858 0.1124
0.1048 0.10908 0.1142
0.106 0.11078 0.117
0.1056 0.10974 0.115
0.1016 0.10864 0.1136
0.1052 0.10844 0.1144
0.1044 0.1078 0.1148
0.106 0.10854 0.1134
0.1044 0.10822 0.112
0.1054 0.1081 0.1126
0.1038 0.1077 0.111
0.1046 0.10846 0.1126
0.1046 0.10668 0.1102
0.1052 0.1087 0.1116
0.1028 0.10708 0.1116
0.1046 0.10786 0.1108
0.105 0.10868 0.1112
0.107 0.11046 0.1136
0.104 0.11 0.1138
0.1044 0.10872 0.1138
0.104 0.1095 0.1162
0.1044 0.1081 0.1108
0.1016 0.1077 0.1132
0.1064 0.11044 0.115
0.1036 0.1084 0.1118
0.1054 0.10784 0.1114
0.1054 0.10832 0.115
0.1072 0.10986 0.1124
0.1036 0.10774 0.1122
0.1044 0.10838 0.1144
0.103 0.10794 0.1108
0.104 0.10806 0.1124
0.102 0.10736 0.1126
0.1034 0.1082 0.1134
0.1046 0.1085 0.1124
0.1068 0.10996 0.116
0.1038 0.10764 0.1114
0.1044 0.10982 0.1148
0.1032 0.10914 0.1138
0.1074 0.11044 0.1138
0.1048 0.10852 0.1116
0.1044 0.10836 0.117
0.1042 0.10916 0.1142
0.1078 0.1097 0.1122
0.1068 0.1099 0.1128
0.1052 0.10886 0.1122
0.1036 0.10652 0.1106
0.1064 0.10982 0.1132
0.1048 0.10914 0.1176
0.1056 0.1079 0.113
0.1058 0.10922 0.114
0.1038 0.10752 0.1102
0.1024 0.10668 0.1124
0.1034 0.1067 0.1114
0.1034 0.10726 0.116
0.1026 0.10576 0.1098
0.1038 0.10714 0.111
0.1042 0.10664 0.1084
0.1072 0.10982 0.1136
0.1028 0.10726 0.112
0.1018 0.1071 0.1112
0.1056 0.10918 0.1132
0.1044 0.10784 0.113
0.1034 0.1079 0.1148
0.1034 0.10726 0.1096
0.1022 0.1073 0.1118
0.1052 0.1079 0.1114
0.1044 0.10692 0.1108
0.1028 0.10664 0.112
0.1036 0.1067 0.1152
0.1036 0.10724 0.1114
0.103 0.10626 0.1096
0.1068 0.10928 0.1134
0.1028 0.1085 0.1122
0.1032 0.10682 0.1098
0.1026 0.10718 0.1112
0.1034 0.10742 0.1104
0.104 0.10684 0.1108
0.104 0.10736 0.1104
0.1038 0.10568 0.1082
0.1042 0.10762 0.1116
0.102 0.10664 0.1098
0.103 0.10666 0.112
0.101 0.10604 0.109
0.101 0.10574 0.11
0.1026 0.10594 0.11
0.1018 0.10678 0.1094
0.103 0.10794 0.1146
0.1014 0.10564 0.1084
0.1038 0.10732 0.1116
0.1054 0.10714 0.1108
0.1034 0.10616 0.108
0.103 0.10742 0.1106
0.1028 0.10662 0.1104
0.1036 0.10614 0.1088
0.1032 0.10806 0.111
0.1024 0.1067 0.1106
0.1034 0.1068 0.1102
0.1038 0.10666 0.1106
0.1026 0.1075 0.1112
0.1024 0.10646 0.11
0.103 0.108 0.1132
0.105 0.1079 0.113
0.1026 0.10582 0.1094
0.1026 0.10556 0.1116
0.1036 0.1061 0.1118
0.1038 0.10732 0.1116
0.104 0.10608 0.1086
0.1042 0.10652 0.1094
0.1038 0.10668 0.11
0.102 0.10606 0.1086
0.1034 0.10614 0.109
0.1034 0.10652 0.11
0.1052 0.10774 0.112
0.1056 0.10744 0.1104
0.105 0.10794 0.111
0.1038 0.10774 0.1112
0.102 0.10692 0.1098
0.106 0.10764 0.1096
0.1026 0.106 0.1092
0.103 0.10804 0.1118
0.1038 0.10738 0.111
0.1038 0.10774 0.1132
0.1022 0.10576 0.11
0.104 0.10676 0.1088
0.1034 0.10574 0.1084
0.1036 0.10668 0.1112
0.1022 0.10676 0.1106
0.1052 0.10838 0.1134
0.1004 0.10654 0.115
0.1042 0.10788 0.1152
0.1044 0.10838 0.112
0.103 0.10726 0.1106
0.1028 0.10576 0.108
0.1028 0.10734 0.1106
0.1046 0.10968 0.1126
0.1046 0.10814 0.1116
0.1048 0.10778 0.1128
0.1022 0.10646 0.1092
0.1022 0.10664 0.1098
0.1024 0.10684 0.1104
0.1044 0.10856 0.1122
0.1036 0.10706 0.1098
0.1052 0.10748 0.1122
0.1034 0.10806 0.1142
0.1018 0.10648 0.1094
0.1028 0.10684 0.1096
0.1034 0.1073 0.1106
0.103 0.10566 0.1084
0.1036 0.10654 0.1094
0.1018 0.10596 0.1086
0.1054 0.10762 0.1106
0.1054 0.1068 0.1086
0.1036 0.10666 0.11
0.105 0.1071 0.1116
0.1042 0.10714 0.1098
0.1046 0.10688 0.1096
0.1026 0.1072 0.1116
0.104 0.10598 0.1084
0.1022 0.1054 0.1082
0.103 0.10678 0.1108
0.1048 0.10682 0.1104
0.1036 0.10812 0.1114
0.103 0.10732 0.1106
0.1046 0.10802 0.1112
0.106 0.10856 0.1106
0.1036 0.10714 0.1124
0.1036 0.10658 0.1094
0.1038 0.10644 0.1086
0.1036 0.10558 0.1078
0.1014 0.1055 0.1076
0.1036 0.10626 0.11
0.1028 0.1062 0.1088
0.1032 0.10648 0.11
0.104 0.10696 0.11
0.1002 0.1056 0.1078
0.1044 0.10692 0.111
0.1044 0.10794 0.1106
0.1036 0.10712 0.1096
0.1036 0.10694 0.1132
0.1038 0.10574 0.1084
0.1032 0.10618 0.1088
0.1046 0.10552 0.1074
0.1024 0.10466 0.1072
0.1038 0.1064 0.1086
0.1028 0.10638 0.1104
0.1018 0.10552 0.1074
0.1022 0.10506 0.108
0.1042 0.10582 0.1086
0.1026 0.1065 0.1102
0.104 0.10592 0.1078
0.1044 0.1069 0.1098
0.1036 0.1073 0.1124
0.1034 0.10576 0.1092
0.1036 0.10612 0.1098
0.1056 0.10722 0.111
0.1036 0.1064 0.1126
0.1026 0.10578 0.111
0.1022 0.10604 0.1086
0.1024 0.10548 0.1076
0.1014 0.10452 0.1092
0.1034 0.10602 0.1094
0.1032 0.10602 0.113
0.1042 0.1061 0.1086
0.1042 0.106 0.1084
0.1024 0.1058 0.1098
0.1006 0.10448 0.1072
0.1012 0.10462 0.1102
0.1038 0.10682 0.1122
0.1018 0.1037 0.106
0.1036 0.10616 0.109
0.1034 0.10596 0.11
0.102 0.10496 0.1082
0.1032 0.10536 0.1078
0.1034 0.10578 0.1082
0.103 0.10602 0.108
0.1026 0.10554 0.111
0.1034 0.10652 0.11
0.1028 0.1052 0.108
0.1024 0.10496 0.108
0.1012 0.10496 0.1088
0.1036 0.10604 0.1088
0.1022 0.10522 0.108
0.1032 0.10592 0.1094
0.1038 0.10664 0.112
0.102 0.10642 0.1092
0.102 0.10522 0.1082
0.1022 0.10624 0.11
0.1014 0.10438 0.109
0.1028 0.10628 0.11
0.1022 0.10508 0.1074
0.1008 0.10594 0.1134
0.104 0.1068 0.1108
0.101 0.10548 0.1084
0.1024 0.10632 0.1108
0.102 0.10408 0.1056
0.1018 0.1058 0.109
0.1026 0.10482 0.1078
0.1008 0.10594 0.1116
0.1032 0.10546 0.1074
0.1034 0.10556 0.1096
0.103 0.10534 0.107
0.1012 0.10416 0.1066
0.103 0.10546 0.1082
0.103 0.10568 0.108
0.1018 0.10574 0.1092
0.1022 0.10518 0.1094
0.102 0.10526 0.1102
0.102 0.10418 0.1078
0.103 0.10488 0.1074
0.101 0.10434 0.11
0.1022 0.1046 0.1086
0.102 0.10462 0.1068
0.1 0.10464 0.1072
0.1012 0.10492 0.1084
0.1026 0.10438 0.1062
0.102 0.10554 0.1092
0.1016 0.10398 0.1074
0.1028 0.1057 0.1078
0.1018 0.10514 0.1084
0.1028 0.10514 0.1076
0.1014 0.10508 0.1096
0.1 0.1045 0.1072
0.0994 0.1046 0.1074
0.1012 0.10582 0.11
0.1002 0.10426 0.1088
0.1004 0.1043 0.1106
0.103 0.1056 0.109
0.1022 0.10458 0.1076
0.1014 0.10556 0.1096
0.1006 0.10512 0.11
0.1012 0.1037 0.1072
0.1014 0.10432 0.1078
0.1036 0.10528 0.1068
0.1028 0.10528 0.1088
0.1008 0.10478 0.1098
0.102 0.10496 0.1102
0.1016 0.10548 0.1092
0.103 0.10512 0.1072
0.1052 0.10698 0.1096
0.103 0.10532 0.1098
0.1032 0.10622 0.1096
0.1036 0.10668 0.1106
0.1014 0.1051 0.1086
0.1014 0.1063 0.1108
0.1032 0.10584 0.1088
0.1012 0.10416 0.1074
0.1006 0.10506 0.1088
0.1024 0.10574 0.1088
0.1028 0.10594 0.1094
0.1024 0.10522 0.1092
0.1024 0.1047 0.1086
0.101 0.1063 0.1102
0.1036 0.1058 0.11
0.1036 0.10736 0.1102
0.1004 0.10546 0.1116
0.1028 0.10532 0.11
0.1026 0.10528 0.1094
0.1016 0.10474 0.1134
0.1018 0.10534 0.109
0.1014 0.10458 0.107
0.102 0.1058 0.1084
0.1016 0.10496 0.1076
0.1012 0.1049 0.109
0.1012 0.1052 0.1098
0.1032 0.10652 0.109
0.1018 0.1046 0.1064
0.1012 0.10476 0.1092
0.103 0.10508 0.11
0.1012 0.10456 0.108
0.1028 0.10556 0.1102
0.1012 0.1042 0.1076
0.1026 0.10564 0.1084
0.0996 0.105 0.1094
0.1024 0.1047 0.1072
0.1004 0.10462 0.1066
0.102 0.10508 0.1076
0.1014 0.10426 0.108
0.1022 0.10498 0.1098
0.1022 0.10498 0.107
0.1024 0.10526 0.1088
0.1012 0.10458 0.1078
0.1024 0.10594 0.109
0.101 0.1042 0.1068
0.104 0.1064 0.11
0.1006 0.10378 0.1072
0.1026 0.10458 0.1064
0.1024 0.1041 0.1058
0.1016 0.10452 0.109
0.1012 0.10576 0.1136
0.102 0.10424 0.107
0.1032 0.10534 0.1102
0.1014 0.1047 0.108
0.103 0.10648 0.1138
0.1016 0.10436 0.1068
0.1032 0.10518 0.1076
0.1032 0.10616 0.1086
0.1036 0.1069 0.1114
0.1034 0.10556 0.108
0.1026 0.1041 0.1062
0.1028 0.10544 0.108
0.1024 0.10454 0.1076
0.099 0.10376 0.1068
0.1026 0.10654 0.1096
0.1018 0.1047 0.1082
0.1022 0.1052 0.1076
0.102 0.10536 0.109
0.1022 0.10482 0.107
0.1018 0.10468 0.1056
0.1036 0.10646 0.111
0.1026 0.10506 0.1074
0.1038 0.10616 0.1088
0.1018 0.10482 0.1086
0.1016 0.10498 0.108
0.1026 0.10536 0.1102
0.1012 0.10392 0.1074
0.1008 0.10422 0.1066
0.1012 0.10482 0.1096
0.102 0.10456 0.1086
0.101 0.1052 0.1088
0.1022 0.1059 0.108
0.0992 0.10378 0.1076
0.1008 0.10402 0.1068
0.102 0.10432 0.1078
0.102 0.10606 0.1094
0.1024 0.10394 0.1068
0.1022 0.10596 0.1122
0.1 0.10442 0.1122
0.101 0.10468 0.108
0.103 0.10572 0.1088
0.1022 0.10444 0.1058
0.1022 0.10456 0.1084
0.1036 0.10558 0.1086
0.1032 0.10544 0.1076
0.1012 0.10408 0.1082
0.1012 0.10462 0.1104
0.101 0.10336 0.1072
0.1026 0.10534 0.111
0.1008 0.1041 0.107
0.1006 0.1049 0.1084
0.1028 0.10552 0.1094
0.1014 0.10446 0.1076
0.102 0.10468 0.109
0.1012 0.10392 0.108
0.1018 0.10544 0.113
0.1004 0.10452 0.1096
0.1028 0.10454 0.1084
0.1028 0.10502 0.1072
0.0998 0.10406 0.1076
0.1024 0.10442 0.1082
0.1008 0.10418 0.1086
0.1004 0.10474 0.109
0.102 0.10472 0.1092
0.1012 0.1039 0.1078
0.102 0.10438 0.1076
0.1022 0.1051 0.1086
0.1 0.10424 0.111
0.1016 0.10462 0.1076
0.1016 0.10504 0.109
0.1028 0.10462 0.1064
0.0996 0.10342 0.1074
0.1018 0.10372 0.108
0.1014 0.10468 0.1094
0.0984 0.10408 0.1098
0.0992 0.1035 0.107
0.1014 0.10386 0.1076
0.1028 0.10556 0.1112
0.1014 0.10358 0.1062
0.1014 0.1037 0.1054
0.0988 0.10432 0.1074
0.1 0.10296 0.1064
0.0992 0.10422 0.1084
0.1014 0.10512 0.1086
0.1 0.10318 0.1064
0.1006 0.10314 0.1058
0.1018 0.10418 0.109
0.1012 0.10458 0.1084
0.102 0.10514 0.1082
0.0996 0.10326 0.1054
0.1014 0.10386 0.11
0.1008 0.1063 0.1108
0.102 0.10452 0.108
0.1028 0.10504 0.1072
0.102 0.10514 0.1098
0.1002 0.1046 0.1074
0.103 0.1048 0.1072
0.1 0.10372 0.1092
0.1018 0.1044 0.1076
0.1002 0.10326 0.107
0.1018 0.10426 0.1068
0.1016 0.104 0.1066
0.0994 0.1027 0.1062
0.0992 0.10486 0.1074
0.1008 0.10448 0.1088
0.0996 0.10282 0.1066
0.0998 0.10482 0.1096
0.0998 0.10346 0.1056
0.1028 0.10442 0.108
0.1026 0.10452 0.1068
0.103 0.10486 0.1082
0.1014 0.10406 0.1074
0.1014 0.10502 0.1082
0.1 0.10396 0.1074
0.0996 0.1045 0.1084
0.0998 0.1032 0.1068
0.0998 0.105 0.1092
0.1018 0.104 0.106
0.102 0.10526 0.1084
0.1004 0.10504 0.112
0.102 0.10436 0.11
0.1014 0.10518 0.111
0.1028 0.10478 0.1064
0.1034 0.10514 0.1072
0.1016 0.1064 0.1136
0.1012 0.10428 0.1082
0.1 0.10498 0.109
0.1024 0.10526 0.1072
0.0996 0.10404 0.1076
0.1006 0.10284 0.1062
0.1004 0.10464 0.1082
0.0988 0.10504 0.1094
0.1022 0.10512 0.1084
0.0986 0.1032 0.1072
0.1014 0.10352 0.1068
0.1006 0.10446 0.1082
0.1016 0.10384 0.1064
0.1002 0.10334 0.1076
0.1024 0.1045 0.109
0.1032 0.10492 0.1076
0.101 0.1026 0.1054
0.0992 0.10432 0.109
0.1 0.10204 0.104
0.104 0.10502 0.1086
0.1012 0.1057 0.1106
0.1016 0.1044 0.1082
0.0996 0.10532 0.1092
0.0998 0.10422 0.1078
0.1014 0.10488 0.1084
0.101 0.10388 0.108
0.101 0.1051 0.1094
0.1028 0.10478 0.109
0.1014 0.10328 0.1052
0.1 0.10388 0.109
0.1018 0.10304 0.1044
0.0994 0.10446 0.1084
0.1002 0.10288 0.1056
0.101 0.1038 0.109
0.1014 0.10442 0.1108
0.1014 0.10426 0.1092
0.0984 0.1034 0.1074
0.0992 0.10372 0.1064
0.1014 0.10404 0.1072
0.0992 0.1026 0.1076
0.1 0.10414 0.1076
0.1006 0.1036 0.1076
0.102 0.10408 0.1062
0.101 0.104 0.1068
0.1016 0.10352 0.1072
0.1014 0.1052 0.1084
0.1018 0.10388 0.106
0.103 0.10498 0.107
0.1008 0.10362 0.106
0.0998 0.103 0.1056
0.0998 0.10388 0.11
0.1014 0.104 0.1074
0.1002 0.1029 0.1068
0.102 0.10442 0.1082
0.101 0.1035 0.1068
0.1018 0.10378 0.1072
0.0978 0.10292 0.1064
0.0996 0.1042 0.1068
0.1036 0.10538 0.1082
0.0994 0.10384 0.1088
0.1018 0.10434 0.1076
0.1046 0.10574 0.1078
0.1012 0.1051 0.109
0.1008 0.10492 0.1082
0.1014 0.10428 0.1072
0.1024 0.10444 0.1072
0.1004 0.1041 0.1078
0.1022 0.10438 0.1072
0.1012 0.10412 0.107
0.1008 0.1043 0.1088
0.0996 0.1039 0.1126
0.1004 0.10382 0.1076
0.101 0.1037 0.1062
0.09804 0.106876 0.11356
0.09984 0.10548 0.1142
0.10176 0.10888 0.12444
0.09752 0.107412 0.11484
0.0968 0.104888 0.11312
0.09944 0.106328 0.11116
0.0966 0.104408 0.11016
0.09784 0.104884 0.11088
0.09836 0.103232 0.10892
0.09956 0.10722 0.11324
0.09648 0.102732 0.10736
0.10068 0.104912 0.1114
0.10108 0.1051 0.10976
0.10004 0.107112 0.11776
0.0956 0.102456 0.10928
0.1024 0.107976 0.1172
0.09748 0.104976 0.10996
0.10228 0.10776 0.11548
0.10176 0.106776 0.11364
0.09988 0.104832 0.11016
0.09976 0.1083 0.11504
0.09808 0.10354 0.10928
0.09928 0.105876 0.11392
0.10096 0.106604 0.11204
0.09968 0.104668 0.11396
0.10064 0.106652 0.11536
0.1012 0.107944 0.11548
0.10188 0.107792 0.1166
0.10032 0.105628 0.11156
0.1024 0.107412 0.11156
0.09988 0.103904 0.10756
0.099 0.106904 0.11524
0.099 0.10594 0.11448
0.09996 0.105916 0.10952
0.0978 0.10348 0.11092
0.09988 0.10638 0.11424
0.10236 0.10828 0.11732
0.09972 0.105376 0.10992
0.10172 0.106276 0.11044
0.09976 0.10398 0.11244
0.10088 0.105492 0.11292
0.10052 0.105896 0.11096
0.10052 0.105072 0.10956
0.09676 0.102272 0.10952
0.10164 0.105632 0.11184
0.09956 0.103424 0.10836
0.10084 0.103964 0.11044
0.09796 0.103312 0.10784
0.09972 0.104924 0.10992
0.09928 0.102924 0.10812
0.10128 0.10628 0.11016
0.10016 0.105084 0.11124
0.10072 0.106232 0.11016
0.10076 0.106848 0.1134
0.10336 0.107384 0.11248
0.1006 0.106244 0.11364
0.10352 0.107104 0.11024
0.10344 0.105448 0.10776
0.10144 0.107624 0.11408
0.10276 0.10614 0.1114
0.10308 0.106312 0.10952
0.10396 0.109964 0.11852
0.10264 0.108272 0.11888
0.10272 0.107824 0.1138
0.10364 0.10736 0.11036
0.10444 0.1076 0.10988
0.1022 0.10824 0.11628
0.10152 0.106456 0.1106
0.10272 0.108156 0.11488
0.10052 0.107336 0.116
0.10304 0.10688 0.111
0.10264 0.108392 0.11636
0.10072 0.106936 0.117
0.10356 0.109024 0.11256
0.10384 0.108568 0.11284
0.103 0.108964 0.116
0.09976 0.10528 0.10876
0.1048 0.109512 0.11604
0.103 0.106972 0.1128
0.10368 0.108572 0.11272
0.10292 0.106728 0.11044
0.103 0.107672 0.11248
0.10396 0.10872 0.112
0.09976 0.107732 0.1128
0.10576 0.110276 0.11472
0.10068 0.107104 0.11068
0.10424 0.107524 0.11356
0.10264 0.107604 0.11072
0.1056 0.10772 0.11344
0.10184 0.109644 0.11784
0.10104 0.106856 0.11052
0.10308 0.107856 0.11252
0.10436 0.10846 0.11448
0.10476 0.10828 0.11516
0.10252 0.108396 0.11584
0.10292 0.107704 0.11728
0.09908 0.106024 0.11292
0.10084 0.107104 0.11056
0.1012 0.10714 0.11144
0.10504 0.10732 0.1106
0.10156 0.107976 0.11344
0.10436 0.1064 0.10956
0.10364 0.107268 0.11892
0.10092 0.107828 0.11504
0.1008 0.106196 0.11388
0.0996 0.106004 0.10956
0.10224 0.105948 0.11024
0.103 0.107376 0.11484
0.1012 0.105644 0.112
0.10368 0.10652 0.11072
0.10188 0.105892 0.1096
0.10096 0.106728 0.11128
0.10292 0.10668 0.11044
0.10164 0.10578 0.10968
0.09796 0.104004 0.10896
0.10076 0.10646 0.1106
0.10004 0.10592 0.11164
0.10104 0.107096 0.1132
0.10064 0.106808 0.11148
0.10076 0.106036 0.1112
0.10128 0.107284 0.11636
0.10472 0.109456 0.11372
0.09632 0.106088 0.11064
0.09372 0.104316 0.11108
0.09772 0.106196 0.11348
0.09952 0.106824 0.11592
0.09776 0.108212 0.11528
0.09772 0.106552 0.11556
0.10016 0.106964 0.11508
0.10248 0.106708 0.11204
0.09684 0.108312 0.1186
0.10256 0.107596 0.11532
0.09976 0.106192 0.113
0.09912 0.103452 0.10852
0.10212 0.10684 0.11616
0.09948 0.104552 0.11248
0.0994 0.106332 0.11256
0.09896 0.105916 0.1162
0.09864 0.105832 0.11508
0.10124 0.105588 0.11144
0.10132 0.106476 0.11488
0.09676 0.105044 0.11116
0.10252 0.107656 0.11196
0.10296 0.1081 0.1112
0.10032 0.106672 0.11408
0.10124 0.106564 0.11284
0.10244 0.105524 0.11432
0.09992 0.106996 0.11044
0.10132 0.106168 0.11192
0.09748 0.10554 0.11496
0.10004 0.106292 0.11176
0.10072 0.104692 0.1096
0.10212 0.106848 0.11228
0.09992 0.104984 0.11036
0.09984 0.10454 0.10884
0.09692 0.103752 0.10992
0.10152 0.105056 0.10944
0.09952 0.10506 0.1082
0.09972 0.104688 0.11032
0.09848 0.106404 0.11272
0.10156 0.105452 0.11048
0.10356 0.10822 0.11564
0.10224 0.1056 0.11392
0.10312 0.106872 0.11392
0.10088 0.107036 0.11284
0.1012 0.106328 0.1116
0.10136 0.107012 0.11088
0.10276 0.108096 0.11288
0.09876 0.104964 0.1092
0.10048 0.105316 0.10952
0.10216 0.105556 0.1114
0.10304 0.106072 0.10996
0.10168 0.105364 0.11156
0.1026 0.1065 0.11064
0.10196 0.105492 0.11012
0.10012 0.104512 0.11052
0.10284 0.106108 0.11048
0.10056 0.105844 0.11044
0.1014 0.107408 0.1136
0.10108 0.105996 0.1134
0.103 0.106464 0.11548
0.10076 0.10582 0.11396
0.09628 0.105184 0.10892
0.10068 0.104824 0.1098
0.1022 0.105664 0.10992
0.09932 0.105216 0.11196
0.10228 0.105704 0.11016
0.10108 0.105616 0.11184
0.10416 0.107964 0.11228
0.09972 0.104156 0.1096
0.10324 0.106288 0.11508
0.09792 0.10514 0.1096
0.10036 0.105416 0.108
0.1028 0.105164 0.11156
0.09812 0.10504 0.11112
0.10084 0.104728 0.10996
0.101 0.105052 0.1132
0.1012 0.104404 0.1082
0.10124 0.10578 0.11116
0.09968 0.104444 0.10728
0.10232 0.10688 0.11236
0.10272 0.106532 0.11232
0.1016 0.105748 0.11084
0.10512 0.107236 0.11224
0.1026 0.106608 0.11032
0.10224 0.105708 0.11016
0.0998 0.105364 0.11084
0.10492 0.106796 0.11012
0.10408 0.106752 0.109
0.10088 0.104684 0.11032
0.10172 0.105256 0.10824
0.1014 0.104836 0.10788
0.10192 0.105452 0.10968
0.1032 0.106692 0.11112
0.10208 0.105352 0.11128
0.10104 0.10648 0.11392
0.09916 0.104524 0.10816
0.10032 0.1056 0.11104
0.10152 0.105424 0.11168
0.10076 0.105888 0.10956
0.1022 0.10678 0.1104
0.10456 0.1077 0.112
0.10352 0.10716 0.11052
0.10096 0.105208 0.10824
0.09924 0.105508 0.1102
0.10276 0.10592 0.11108
0.101 0.105748 0.11176
0.1054 0.107852 0.1124
0.10456 0.107016 0.11104
0.10296 0.105852 0.10904
0.10356 0.107252 0.11064
0.10096 0.106524 0.11036
0.103 0.107672 0.11172
0.10288 0.106908 0.11048
0.10128 0.106036 0.11028
0.1018 0.107204 0.11192
0.10296 0.106012 0.1124
0.09912 0.106144 0.11168
0.10312 0.106408 0.11004
0.09964 0.105528 0.10968
0.1 0.106364 0.11068
0.10004 0.104376 0.10812
0.10312 0.1061 0.11092
0.10116 0.106328 0.11212
0.1016 0.106056 0.11236
0.10312 0.106452 0.10992
0.09832 0.105028 0.11052
0.09932 0.105292 0.11136
0.1028 0.10624 0.10936
0.10052 0.105836 0.11268
0.10288 0.106628 0.1108
0.09932 0.104052 0.11048
0.10224 0.106628 0.1126
0.104 0.106948 0.11208
0.105 0.107096 0.10936
0.1022 0.104904 0.10796
0.10208 0.105604 0.1082
0.10456 0.108296 0.11368
0.10224 0.106128 0.10956
0.10216 0.104972 0.10856
0.10128 0.106104 0.11064
0.10188 0.106068 0.10884
0.102 0.106796 0.11236
0.1038 0.106396 0.10872
0.09996 0.105056 0.10976
0.10208 0.105896 0.11116
0.1016 0.10468 0.11048
0.10168 0.104772 0.11152
0.1026 0.105704 0.10868
0.10308 0.106836 0.10984
0.10284 0.106184 0.10904
0.101 0.10468 0.10944
0.10208 0.105956 0.11024
0.10064 0.104744 0.1106
0.10224 0.105736 0.10956
0.10076 0.104048 0.10712
0.10148 0.105184 0.11044
0.10316 0.106388 0.10976
0.1034 0.105772 0.10824
0.10152 0.105192 0.10812
0.10296 0.105196 0.1076
0.10136 0.105188 0.10868
0.10196 0.106028 0.10988
0.10284 0.105108 0.10788
0.10316 0.10594 0.10784
0.10204 0.104732 0.10876
0.10192 0.104936 0.10768
0.10376 0.105692 0.10896
0.10432 0.106068 0.10872
0.1006 0.106172 0.10948
0.10096 0.10516 0.10796
0.101 0.104428 0.10604
0.10156 0.104464 0.10776
0.09988 0.104596 0.10852
0.10332 0.105876 0.10824
0.1034 0.105932 0.10804
0.1022 0.104232 0.10844
0.10172 0.105352 0.11176
0.10336 0.105588 0.10876
0.10192 0.106388 0.11168
