-657.99384218 1912.34620365 2699.5148193
-3282.46812511 881.146544599 2716.70405587
-767.401941943 1482.87903964 2700.51947468
-557.232113992 1903.84354231 2707.79189928
-560.992666815 2120.58155256 2729.41536395
-625.534511678 1666.8588589 2726.9694948
-1084.30962675 1136.77377972 2685.10709941
-1281.93417333 1417.95379867 2719.3029493
-496.510461166 1635.0716729 2741.13468557
-2040.66400324 1057.45223813 2775.28427587
-1447.88687264 1824.82459741 2711.88850296
-633.522250048 1538.07945224 2740.26469794
-1516.27239386 1272.89929504 2756.05654481
-449.797679997 2220.44085157 2785.19547217
-1000.80358856 1924.58773194 2730.79100097
-1913.07440875 1519.09754004 2782.44698825
2462.59222035 2710.32874257 2760.08769692
-98.5780737907 2101.06523527 2793.90811554
1477.59640182 2448.06885734 2789.99511294
-513.301463387 1674.16067214 2758.46664831
-521.476408689 2387.29320982 2780.22703839
-798.546162359 613.184387595 2780.59672141
-694.720945135 1165.4188937 2783.49052477
-738.329996803 1374.46287714 2783.22256299
-739.497075174 1553.87662272 2809.95594292
-673.658263183 1965.11178668 2782.72925567
-1185.36494707 822.407811835 2796.96860394
-191.175147855 2203.79860302 2799.84626367
-848.734819993 1592.6704955 2803.44609833
-3560.73841435 814.903759836 2761.48502612
-760.816704763 1807.72149779 2819.71507591
-689.909450504 2013.4779495 2810.00606022
-605.216020722 1888.13209737 2816.66733435
-1448.15835492 1651.42430568 2821.65130302
-1805.55220105 2266.33786875 2831.62124922
-847.686253121 873.1760234 2800.35640736
-630.784481196 2344.70284069 2820.42858281
-826.763203047 1836.40522872 2824.92947029
-561.540490252 1883.06043634 2825.55825016
-759.872033834 767.377963353 2805.85878969
-693.298977939 2130.91095303 2839.00095855
-536.838107722 2037.35403024 2823.13748961
-1162.15344462 1290.37373991 2790.98071628
631.171499246 2188.27319928 2829.61384368
849.433987931 2349.88341272 2829.52950709
-697.550637672 1799.27325911 2818.18027287
-1019.33787636 1350.84709753 2835.20891047
47.5459052225 2180.55957026 2852.61077403
-824.325225918 1848.26098795 2845.01871407
763.998674644 2034.43077532 2862.25389898
-528.494079592 1582.46847659 2820.77760874
-133.067618196 1831.79494638 2847.18783014
836.869078258 2252.379039 2852.625927
-533.884027543 1551.11450004 2836.08616507
-1388.8927914 1591.8557111 2856.06860613
-1509.14562258 1297.06035085 2826.5623606
-806.511043267 1612.39606642 2854.7549908
-288.66733297 1836.40731034 2860.97701825
-825.741413295 1838.14393505 2848.84220068
-867.644929243 2338.95450318 2856.8740289
-1445.99144252 1315.38121499 2859.28008769
-1454.68653049 1904.56117899 2866.58726944
-492.354182031 2049.81958102 2867.06125147
-615.178188344 1742.01367554 2862.75858199
-799.56956983 1641.87335937 2873.92261658
-920.315636103 1320.93979329 2872.91902317
510.697288095 2133.48753792 2874.12024961
-1317.74193013 942.338631301 2886.51150616
-682.011423344 1650.59054585 2844.8495992
-1103.19783729 1536.81593768 2873.30526834
62.246613371 2063.0255478 2871.96394294
-178.218633898 1901.38970927 2869.34760738
-1091.67379084 1774.78837965 2850.09002782
-956.81980382 2148.16797958 2865.25679049
-643.197955187 1424.24675894 2854.80558208
407.860954399 1697.77918814 2864.36167928
-960.346629891 1121.7444451 2847.1638939
-1292.18339156 2130.19670896 2874.57936044
-738.977387343 1895.82449511 2881.03425199
-128.700577594 2096.16672309 2885.94927187
-112.500592607 2146.0724674 2872.54783336
-183.401482082 1923.08464765 2861.27605609
-822.333389966 1797.96371978 2868.38237076
-899.288693656 2111.64546176 2885.95990265
496.842012061 2191.52822377 2877.59570161
-1378.75939041 1415.60605618 2879.55599584
-493.674721646 1693.46359955 2871.46460857
-1216.81066595 1195.53754434 2830.25577237
-1213.45740336 1126.13054762 2860.146692
-1608.1240203 1600.51536355 2860.39590755
-1942.21046102 2234.27003537 2869.52719752
466.537587634 2115.75270836 2865.08138035
-654.911695335 1778.00940402 2870.09168012
-1519.86799108 1101.69991214 2856.4525663
-943.318024239 1222.93126322 2852.16666586
573.110536468 2088.80981582 2873.12847535
-275.28801597 2119.81311241 2854.29092164
-503.508324962 2074.71615023 2838.31631738
-855.077009374 1690.06666772 2871.47903922
-930.282624894 1817.86927828 2878.06737162
82.0239657688 1736.38425103 2872.8984066
1227.25829491 2640.96959329 2875.93257292
-624.0678845 2319.10799498 2877.51770165
-1326.29491043 1293.45990119 2859.84818962
-912.593102719 1636.07481929 2861.78574511
-510.104954591 1301.02730574 2845.04211378
1131.30863444 2396.54711381 2881.12490895
839.857205675 2425.6048286 2887.86287072
-896.881391902 1528.05800357 2892.76671766
-780.93971116 1477.45832753 2879.47733708
-957.87502419 1570.97238398 2865.54811574
-223.435900353 1859.39801681 2889.04731551
-263.403920114 2199.13936846 2894.09560172
212.372130157 1745.80926053 2885.32666276
618.476822782 2163.41837172 2899.94939875
-963.115261545 1644.68591493 2866.02373525
-901.411707015 1785.1386791 2886.64851034
-565.630730591 1968.15044159 2897.28744159
271.816738559 2148.86303151 2913.80380582
-731.833218995 1474.81989278 2897.95189072
-668.729558386 1460.83976483 2889.79227564
-475.918789714 1824.04967062 2902.9350615
-483.592800765 1974.04381204 2895.44865248
-784.120134941 1934.44712954 2886.91574591
786.292904991 2116.10058801 2891.29954422
-622.681097302 1898.90109918 2884.2429614
1863.49937529 2647.59561973 2905.66152147
-278.075422799 2138.45705195 2890.67847346
883.438088939 2444.30450274 2883.77130733
-1035.93290931 1822.32843576 2894.45397997
221.168980501 1995.38071155 2902.93672584
183.151689281 2114.04736164 2883.17080529
1277.18481011 2527.01822226 2889.53761792
-1243.05527113 1973.63533017 2885.32552879
1554.99418562 2342.246885 2883.60367011
-1109.71203733 1655.86842207 2883.23363807
-1498.86662565 1139.53936128 2910.59291251
492.811287589 2301.11963421 2906.72929846
-578.844801469 1699.4644692 2887.5981472
-819.697673293 1692.11007468 2874.31044911
-1755.55050254 1410.6874566 2893.2451571
-309.561722872 2092.98001191 2882.66150385
-770.04435022 1843.48361125 2900.28518266
-1210.11548069 1495.20512397 2887.65153712
-289.467827278 1875.52723315 2574.06999435
-1106.99115313 1513.97037706 2906.14072679
1077.22314738 2169.2725043 2898.5663105
620.813456096 2218.78107722 2910.14524137
440.193876945 2212.23470193 2892.44986679
-1266.1379798 2138.1541644 2914.78646929
872.078687964 1936.97676269 2893.4588187
449.392534168 2251.51497225 2919.17153144
927.782192803 2161.07773564 2909.56070641
-495.78227168 1959.31354032 2904.66763248
-1182.78843754 903.762445399 2917.1733018
142.43122791 1889.84455296 2904.05254968
-323.485506265 1915.7340313 2910.27037009
539.205177782 2129.25980611 2914.37962444
905.166482383 2330.41490675 2913.49402377
-150.665014957 1959.59022572 2885.46240361
-527.846933644 2287.83765941 2916.0902637
-1179.05653803 2193.63997926 2911.21009496
-886.825771889 1527.23897421 2922.55889171
457.52459674 1892.4860739 2934.04468162
-584.395183466 2124.81348595 2913.94884106
1581.0210751 2481.00212903 2910.13391448
-805.273269632 1571.4213396 2921.73305369
1156.13240073 2237.00101881 2921.30380671
238.717698984 2244.09318558 2914.28008224
-678.50424895 1752.77999686 2912.38671609
126.736108407 2164.34335948 2916.62390238
-392.331501721 1902.99061911 2909.50753563
910.95632041 2305.44448542 2914.39176895
-1042.76446858 1467.21173766 2915.84039436
-635.598629093 1423.55121509 2906.42571099
-600.474783903 1166.8331261 2922.17398426
-612.754670074 2032.88042685 2917.02262827
1876.75970984 2513.45548726 2915.73106921
-1285.98533597 1497.97414857 2894.28006273
-368.519425641 2200.70858567 2916.0222595
589.277308885 2359.9444579 2923.8998859
-152.614982853 2231.84639237 2928.24083564
1194.0628921 2510.93670979 2920.27034877
-329.05699929 1535.63207063 2885.05801888
1139.13409628 2229.46390553 2902.34805876
91.2125360252 2176.86495214 2917.30373599
-856.533358833 1895.8934191 2869.67769263
-420.915027137 2537.03888575 2917.81397865
259.141111593 2176.82335438 2916.44979944
-823.072631841 1823.41079172 2903.62842053
1484.82870153 2499.93053478 2926.98041749
-1216.21073357 2053.64737267 2919.84526988
459.44945364 2358.50029508 2922.30545648
1574.19464753 2608.82787434 2922.51310294
-52.638443269 1933.92214295 2922.45445688
146.628225262 2597.89417056 2916.68584712
111.628479056 1803.79448005 2908.8021145
207.73502563 2165.01862405 2919.87404783
-520.100062146 2333.06303349 2931.17086222
875.079775732 2400.89412497 2926.34047837
1928.33322172 2587.80415763 2928.60105051
1202.10472459 2271.08735137 2924.32164819
-179.354460348 1901.52010877 2926.44548821
205.995979765 2311.83860193 2921.54351223
-415.335490741 2213.8246332 2925.66159469
-994.180972054 1386.68654853 2922.24320951
-1083.1674657 2213.36557478 2919.82841278
-1508.38085365 1522.08781581 2924.10271848
645.620286323 2123.52375098 2924.78757762
-818.013192092 1731.14055174 2922.51230104
-784.127341759 2381.42631445 2926.58070679
-842.584521068 1561.04880723 2914.807772
-796.650032108 1766.22408758 2919.94426512
-133.219020418 1043.86276482 2916.02170141
18.0382902504 2032.90711681 2937.95297349
-439.681868202 2349.30794253 2925.50411098
532.694719465 2051.31432924 2935.41504861
-83.3051140346 1875.26617742 2919.26688128
272.058785856 2222.95260791 2928.18669964
-578.395563858 2100.49744964 2919.7803579
611.723106405 2227.45420883 2926.56807514
-853.055975651 1449.30863204 2929.20534007
-291.612113565 2092.62324138 2938.28914814
57.6453832024 2096.83400918 2926.84966805
253.099065491 2016.74503853 2928.63751793
42.804509197 2356.36145775 2929.36749643
-1852.96142949 2004.39809415 2934.33799245
-746.957203926 1442.38561113 2922.49587164
-1502.30380324 1290.38353838 2936.28490235
-501.067051827 1934.96743837 2927.88968647
-679.865008155 1793.77922911 2919.45783024
1587.04170498 2477.34015413 2931.71571779
-1260.22260127 1670.53374227 2907.21421109
-406.583747192 1858.72110972 2939.71691308
-1073.09552331 1521.5665155 2937.48125547
-257.812474137 1919.26406094 2930.6278263
419.498229754 2118.93284769 2933.76999707
-285.057560098 2013.13411876 2934.4028696
418.828108861 2375.71614556 2942.05546997
-328.094867625 1891.55238347 2932.00471143
541.831405781 1813.37597139 2918.17556846
2156.93253938 2682.94496713 2933.80075673
778.328693684 2041.4829649 2942.79059737
-1733.78205858 1437.2724232 2931.87699795
-1588.92840849 1863.3886379 2939.04503898
417.17215661 2186.86803918 2944.5156352
611.598496765 2350.32189997 2946.57720321
-951.879622189 1577.89696211 2923.20942505
-1438.64924293 2070.30865756 2931.77607656
178.282885024 2106.34482615 2934.94337115
-638.743410712 2265.88423639 2930.91927418
-480.977808515 1699.6846743 2935.9581234
-357.392445381 2400.50230476 2941.27898954
-1349.3477259 1244.60213951 2928.02011487
-550.49042448 2190.08284308 2929.94946879
853.319614399 2315.12148805 2933.7247127
125.950583192 1971.61706888 2619.74747253
-205.273753255 1476.56480712 2916.49658356
1226.06786191 2623.8949052 2943.78490953
-1130.48643076 1834.75468559 2933.04689483
1195.46527903 2454.48345487 2932.6183817
346.857413804 2086.03197653 2925.3603023
-883.048663918 1397.19996281 2926.78434945
577.043787543 1921.58138273 2932.51476392
-762.163100457 2261.3343977 2936.04681805
-1595.7549332 1924.40646719 2945.18447638
-1484.81507322 2153.77097349 2949.30980255
-524.451302633 1871.75853006 2936.98501353
-993.736767355 1298.97152495 2933.37186631
-1066.99869128 2235.65578586 2936.13747826
-805.828931968 1940.72010221 2937.83484602
145.388346715 2178.81611856 2938.48942071
-232.802442782 2023.52513331 2928.56910183
2289.19543495 2767.74443158 2945.12034191
-401.786320097 2123.67854368 2938.37890767
-145.373677444 1876.9122868 2927.26885628
-1802.29264789 1320.26119517 2937.72617351
1288.54190301 2503.97280916 2933.94856661
-589.717113497 1835.95892533 2614.07304846
-234.455542647 1653.81806814 2932.20264315
191.829059122 1996.80844021 2927.90732483
-337.14201974 1715.21936392 2945.98758734
-942.729658736 2309.31912013 2935.4720155
-1122.59150348 1453.07306551 2936.83323625
-200.05743419 2109.07212868 2939.39163933
-168.403433841 1861.67847191 2927.91828861
-531.637157005 2107.39659973 2933.38313852
-456.714514517 2175.09434866 2937.11748481
-851.56055266 2255.25766419 2946.75190178
933.5092655 2172.92856744 2937.91273398
207.054937496 1849.60583122 2925.01653503
-662.41529086 1759.61677649 2930.21706948
-949.635932426 1555.38297453 2938.15174457
-1438.38573736 1715.09893356 2936.24279773
930.991155627 2038.74865939 2935.04844413
-773.282099615 1684.10466509 2941.53700953
-1102.51018447 2057.18302991 2929.74255262
229.114465199 2022.40236192 2936.41491704
-1168.97939257 1166.89607622 2943.76929687
-1042.80763989 1306.51980305 2939.53516185
-718.79247243 2262.14848436 2939.71920429
1244.36644603 2497.79478539 2942.80005789
-1294.01795692 935.116666208 2925.20287822
-537.192468063 1827.61434311 2931.05628164
82.2795165412 1815.89386809 2935.46544022
354.190765054 2067.24502638 2943.8184268
-1599.83194457 2096.41144925 2932.34825267
-698.446835842 1755.76968374 2935.80622931
-1394.25538142 1803.30082958 2934.80057234
-823.962720084 1796.70876776 2936.05298973
-1275.1120128 2245.93019791 2939.02257023
-216.108766315 1665.39213097 2924.82666999
933.271093235 2564.26296302 2942.94588416
451.697943243 1831.07123842 2926.54388192
205.779542854 2115.82144297 2920.33074737
-479.234011911 2320.01164889 2941.33881839
-641.547437387 1835.08670466 2938.7276031
-550.406180217 1529.71041069 2926.07841497
176.288222605 2188.98384332 2926.37212402
-463.199539104 1889.6542138 2933.7042188
-573.944946326 1879.84095575 2916.50831785
1537.36101916 2687.79233907 2938.46238084
-952.487460455 1956.80611118 2939.96297977
62.9450784218 2074.22731931 2936.79502663
469.320161461 2319.80793106 2937.51773881
231.910042058 2228.50316873 2934.0639353
578.087023078 2202.17305811 2938.35282673
-611.217622993 2211.87244111 2947.6561477
-630.999945333 1805.32384458 2934.71356417
-683.264133537 1467.0533142 2936.48250925
-195.955248217 2415.67334262 2941.67628785
-225.91549996 2188.79379977 2939.65683192
-364.095776135 1682.60060529 2948.10303265
471.21985063 2424.39214557 2946.96929045
-262.802737326 2201.08457381 2942.07535229
-1344.47075387 2212.13584623 2950.0164495
-751.370679683 1225.52658324 2944.49674422
1610.70176365 2399.99980925 2940.68616609
-575.290524718 1907.14942457 2948.10805038
-1644.86589365 1695.70617436 2943.45414408
268.878275837 2071.26480402 2942.17666768
965.522786406 2472.64594244 2939.04961355
61.9327662054 2438.12324743 2943.32310731
-1354.93997244 1272.37944873 2938.58127407
1589.27037067 2573.34854732 2942.27260437
-185.945502964 2332.98892292 2952.29460759
-888.710576048 1701.71329405 2940.87662948
-1086.63565807 1411.54049166 2944.29724167
1180.89507441 2315.79169811 2947.40149883
1940.76615222 2637.88013975 2945.90243926
596.71164069 2354.57596788 2946.44222057
-177.207762449 1718.35205561 2939.69276618
-456.142857958 1928.68131661 2952.1657509
-17.6318884116 1803.76635189 2935.27603095
-714.26882345 1673.88145807 2947.68467205
-1513.51465649 1397.11783442 2934.44567991
613.579334399 1904.65726988 2938.90559163
-503.280344125 2002.30732873 2942.72863601
-417.309601856 1639.88480692 2945.07920921
-300.628758046 2171.38743164 2945.32030925
128.583714184 2046.78943013 2951.3017781
143.433387831 2093.5984746 2946.45391097
-945.628491044 2208.29293931 2940.71980749
-216.674306582 2386.93044485 2956.16242241
547.744872344 2357.24374479 2936.65662138
29.8973639282 1927.14559194 2932.6877767
526.663198503 1895.44900662 2948.74318244
1283.37872802 2373.02419359 2946.31038333
-469.105448318 1928.56807268 2935.50480075
1287.61934204 2338.57057854 2931.28420333
500.533535032 2293.85496556 2941.99272855
-657.741437974 1627.57295224 2946.34358395
-614.215871907 2212.84652483 2944.16860609
1932.35589474 2705.2915717 2952.81055121
514.196859983 2203.39575836 2943.79451688
-611.940099383 2083.67350574 2947.90861888
-749.250597259 2033.25333577 2942.6759191
-787.53507881 1984.59737593 2941.97607529
-673.96296527 1740.24502255 2945.35013353
833.742341316 2567.92339911 2946.27091692
-512.150554565 1299.75711459 2940.92762546
-146.524776829 2230.47314547 2949.52632662
-835.661635561 2223.37783079 2940.92360879
-243.839902308 2487.62262263 2955.28345326
1300.74315402 2650.09061314 2953.09483824
-548.803043257 2157.46272315 2948.02961492
1596.6364999 2708.26285489 2947.55395106
73.7665509803 1966.43240707 2946.80571184
964.428550567 2472.75751248 2943.02094916
-757.917334532 1811.68808935 2937.29756696
-1172.18686747 2228.97501143 2947.65175264
-844.824809918 1537.56113004 2945.25513127
1607.18695562 2805.78515733 2951.94394431
-559.736194237 1656.86104609 2951.98704998
-207.580737987 2201.45934526 2950.727718
1926.36844881 2576.06076582 2955.89158606
158.800953402 2456.7084817 2949.7955957
-801.000438712 1949.50210979 2948.06621424
594.947111301 2206.89545784 2959.58823585
-301.144071303 1729.3769429 2945.75297543
788.508609274 2393.57910731 2949.67841173
-936.124680002 1976.90288689 2951.54275774
-157.216914724 1997.74654342 2953.41218988
-137.975719491 2135.97433799 2955.99708549
757.816557754 2186.42420914 2953.53675267
-1025.5593713 1825.20764421 2946.90019173
-677.308246186 1675.58311981 2953.86599914
-746.372932631 1773.63721255 2942.29453789
-928.997051544 1869.19415177 2947.49578751
-929.336062226 1438.35487788 2935.01956399
248.734547158 2263.1116843 2952.72595353
-543.557958333 2083.86276079 2939.98195877
2614.8393886 2845.16373525 2956.73650412
1554.99395784 2435.47349456 2952.81348659
-532.267839238 1818.46176109 2943.66056627
-278.275649019 1870.02248336 2943.60497314
-685.369388695 1771.03561366 2943.32441136
-1073.22389832 1886.62227536 2949.87896095
258.64076544 2235.89482929 2944.90454863
-415.46830694 2225.973277 2951.47291169
-225.449525108 1843.02243545 2949.64856328
-1485.7282369 1415.29686752 2948.21221985
-286.775131188 2214.16292019 2959.76224062
-828.372549899 1599.35870653 2948.87137921
-618.510971705 1480.02628549 2950.24206476
-528.230301844 1880.26287485 2948.11982231
1280.56789657 2480.72755519 2959.87894202
-644.397176608 2322.66494813 2947.12267806
-604.575187207 1881.12026314 2962.66122196
-996.38792368 2255.5579239 2956.28851062
-629.934517623 1897.02604914 2954.87650037
816.094044015 2466.04984086 2952.2729936
-501.789744954 1950.4780338 2955.36146613
180.34943879 2504.69111019 2958.38390864
526.014107369 2312.63664441 2956.14671545
-142.981611102 2051.39820939 2951.58551266
-943.800174101 1651.68181864 2952.84819833
170.388279959 2305.41787814 2956.45526201
-802.087284954 2328.91817201 2954.64865883
-615.145506373 2084.58303801 2952.0342955
937.816461301 2475.35503041 2951.28185313
-863.984634262 1927.90258299 2954.36168725
-475.097823024 2295.13280988 2952.50809849
-521.731192525 1884.78829233 2955.2683608
-651.56997387 2287.0619929 2959.95724436
-892.950928826 1861.37154135 2951.80335586
830.942637493 2271.22485781 2952.68640996
-527.556723605 1726.74334685 2945.68488794
90.5636337781 2190.87827621 2964.93535608
-370.696543179 1926.96170401 2955.0082046
578.055704708 2396.53363414 2956.9897602
-695.665591653 2051.72771434 2964.95193269
-798.850751394 1218.3960178 2947.83944037
1570.38356931 2552.91590241 2965.9073041
-170.915483762 1899.50745124 2959.88052392
884.506589476 2414.5514103 2952.24029979
-655.18514979 1852.70669398 2957.14228358
179.595163385 2024.86065009 2954.49396117
868.304036651 2135.72850876 2962.45661049
-610.599979832 2019.81337757 2957.52183698
-1645.34165848 1307.09911763 2957.10965452
-714.754486687 1633.99123471 2954.00592815
-763.103396338 1843.05527582 2962.20859248
-923.615967224 2116.11703301 2971.1057901
-787.752365361 1423.14023177 2958.36385422
-577.087137449 1687.8713728 2960.45283491
1242.96116951 2415.27512921 2960.408997
256.312871596 2513.3975632 2961.5856329
952.1781801 2242.85462483 2964.72078358
-627.87074108 1413.6563844 2957.38131011
933.947107384 2086.42436323 2970.97265364
-539.277305747 2218.41870371 2950.07824746
-559.358307798 1939.62360558 2951.87074831
-279.905160688 1478.03025087 2957.28789346
-666.437287482 1930.3695516 2965.1928532
-1068.2434303 2251.23721026 2954.9985873
2268.3681652 2749.77395507 2959.29294015
408.950667257 2311.89375994 2958.61008793
-293.752986526 1359.48192029 2955.08681204
-428.444466992 1648.91968801 2959.80890882
-921.724079727 1628.97481609 2934.77755089
-614.981694804 1551.63451181 2960.52477495
183.767336839 2364.44582214 2961.91790374
-1000.83504958 1827.54472452 2958.45434317
-786.902365473 1683.6164075 2949.19482924
-209.076404146 1966.56599681 2961.89195802
-533.576836436 2032.74036434 2963.39756763
157.368265346 2331.92940898 2956.89465327
87.3336419877 1796.22111809 2952.84373475
592.828610292 1950.67077472 2957.96040574
-734.373379436 1886.61380624 2956.25865729
-369.361086024 2018.1359048 2958.97722564
-305.413331911 2090.02222657 2952.39353855
-851.962318201 1907.88750144 2953.5610355
-525.71730155 2030.75266532 2959.87927081
-834.246144298 1893.81885911 2962.22433329
-1137.72682641 1515.34358915 2961.23652212
-1380.15504145 1894.27509301 2957.75064085
506.818845674 1919.32780294 2960.79644339
-346.914226476 2036.75886296 2966.29676247
1223.99702849 2543.93442162 2962.38848298
891.680355625 2477.13785917 2958.50016936
-589.161634862 1039.14276036 2944.07900549
558.991610619 2417.6063435 2960.54045116
1250.34605814 2584.25338466 2966.69774155
869.661263873 2370.90692573 2956.06071959
-677.523790797 2001.79021857 2964.12002368
-748.42408957 2066.73875589 2952.01667779
-1115.92228985 1614.97421986 2962.17977695
-806.351099734 1446.92285076 2960.96642493
-152.187978286 2316.34951928 2962.90207974
-383.991110239 2033.73981335 2965.57752663
-869.321912109 2047.89117732 2960.19986901
-1035.91340745 1108.33845943 2949.29054543
-1188.3501435 1898.74283085 2961.61262372
1291.68981318 2309.18095758 2958.60419127
-520.276752088 2076.41421723 2964.18211843
158.381819324 1909.28624789 2969.35588892
92.7555826768 2000.59788613 2958.44656267
-1041.50123199 1815.79308623 2936.67184375
824.678022364 1968.3787958 2954.04803423
-771.050414373 1546.48993767 2964.68853873
-702.866585741 2169.72893597 2971.28238954
-205.325515213 2252.14617781 2966.82803588
-948.789224272 1576.35828443 2939.89618305
-1752.0180147 1345.40648469 2959.54862166
-235.764764719 1714.64288083 2968.08345391
-1044.98523132 1601.98155882 2952.87009625
572.18474425 1789.87382286 2937.16815257
-706.334988771 1380.62988051 2642.00762683
446.365691516 2257.68288582 2959.11736436
-496.612119871 2015.81210593 2965.39986706
-2062.48968707 1791.57418078 2961.85748368
-1332.59562369 1969.54076359 2963.74099419
-836.220020263 1927.74586919 2963.05390318
52.8251768927 2146.29883302 2965.38658004
-225.80848058 1697.62029849 2971.54844673
915.281700133 2411.18087482 2964.10947844
-213.932817627 2298.9444075 2968.70023497
653.291723646 2055.28332581 2963.77312429
-667.471595313 1805.07473484 2963.04282458
1625.9318813 2622.28839814 2963.9985829
942.712284494 2111.58782807 2966.06157716
615.261352495 2486.0750562 2960.82280266
-803.563185249 1429.68281849 2953.97802256
-235.684664578 2104.12027664 2963.78521315
1252.79812171 2448.70377937 2967.19530625
295.586902668 2267.44702605 2966.30992926
531.262800184 1951.4666859 2964.63588106
-631.265858084 1923.78082079 2958.69474964
-852.399119848 1847.13764296 2956.65701912
201.509543707 2417.03447736 2962.20095314
-681.808432564 1652.42523047 2962.1938745
-641.546489841 1725.50975194 2965.48921735
539.636675158 2178.6450486 2964.06189693
941.862572582 2420.88178393 2963.68948437
-89.313946075 2253.22141555 2970.44726185
808.532247504 2240.48195702 2958.47882012
-160.70933896 2346.5097398 2970.85603287
-815.509400093 1871.85500119 2955.69964762
-436.513068585 2518.39566532 2964.63707654
459.698551005 2188.89061984 2964.99936244
-507.576881288 1931.66571751 2968.01428615
790.030987417 2464.40228252 2966.96088207
1278.29237472 2423.65359767 2966.2125428
-769.023094974 2313.96695774 2960.39432436
788.747932632 2543.54271965 2961.73247206
-21.9779117301 2072.00567842 2971.384691
-1253.48820452 1687.56698802 2957.23921737
-224.645023908 2036.87375644 2961.07844159
149.264827773 2269.01407626 2958.17443307
-764.061119065 1814.73806953 2965.82992436
-984.500114233 1753.79776133 2964.86037087
1971.27688121 2787.5812562 2958.21176201
1287.76843333 2583.1750454 2964.69684604
-164.704989432 2246.46170958 2960.6281523
171.341430242 2145.43621213 2973.54047507
955.533898214 2317.85019745 2964.46469173
-1278.63901948 1921.00584728 2968.16862498
-459.620590564 2311.0770765 2966.17080762
-556.340588423 2438.34213672 2972.80425033
558.776585552 2587.44746166 2964.72382126
-106.303758947 2344.23749981 2965.88423553
-89.4592216699 2387.36034784 2974.41747073
-793.733141594 2243.70606584 2969.0084067
890.06999085 2135.22712034 2969.56587084
1325.69312693 2633.88234463 2967.00156394
1926.22278302 2558.59771666 2963.82018231
-872.69464216 2108.9859741 2964.41634991
985.578146154 2660.55432708 2967.13273784
-719.470295095 1777.673827 2959.78831379
498.567531692 2477.14649989 2962.20855042
-526.281858951 2276.83985986 2967.028675
-612.86120866 2289.1867014 2970.10481937
144.783324626 2340.1445422 2968.84031822
584.268592538 2217.98464232 2959.41548187
2600.404994 2892.05106513 2967.92497773
1924.24446722 2659.70791426 2972.55794086
239.538170533 2110.83374357 2969.1353779
-101.374274938 2215.12357957 2965.3325431
1286.24490583 2489.53116842 2969.52446334
925.998927416 2492.27626014 2970.03525987
1596.49712573 2478.02647874 2961.57374775
486.606362685 2473.34947022 2960.88261137
866.375079819 2620.33997394 2968.13258206
1618.99330892 2492.80092037 2962.08073125
965.642698758 2523.59474733 2966.02959772
1891.84119394 2728.34473035 2972.83500123
2627.48091413 2889.09771715 2972.06620374
1294.09632312 2533.84337055 2961.00178824
949.166521444 2217.79671271 2970.08824865
571.691338125 2578.75235701 2969.00601719
-107.449936372 2068.53303273 2961.17583665
-216.930248118 1886.95855624 2968.46684126
-231.456821028 2165.27272592 2966.82151503
238.319658459 2153.43882606 2962.88536883
228.477154581 2525.27296655 2968.01610739
-580.256640024 2131.76443251 2969.71541529
-107.19611048 2186.28203541 2970.62584673
1269.63300736 2661.10709572 2971.83462615
246.840717944 2624.68553336 2971.04923139
2273.11753774 2662.75647322 2966.90492804
-187.448385952 2345.95785821 2963.3652926
285.649369148 2243.63346755 2966.73999723
537.269191566 2450.21959655 2969.50371688
1951.77647947 2657.48019272 2965.13632929
-154.926923966 2178.26518722 2971.75334847
950.805894007 2381.64890149 2964.45136089
1635.06362948 2567.20084068 2971.02060862
621.56060195 2419.75895937 2961.53706351
214.804766945 2215.09626251 2971.50897827
-777.062930142 1890.34571231 2968.36260033
-273.660432146 2369.32906883 2962.63161311
965.540992399 2263.74613325 2973.06276206
-159.434571813 1994.80836134 2965.91917372
548.7082875 2010.26001227 2970.50637442
1941.31631805 2628.25063564 2970.93557729
1644.02881461 2799.80148606 2977.02464065
1979.01002729 2661.97769619 2967.86909745
428.572722141 2473.40806438 2969.39892264
1322.47848488 2502.0681426 2970.39889002
218.716787603 2288.30940843 2969.81729419
193.03784403 2387.30153876 2972.08271622
1617.70032114 2589.00599217 2970.89239672
1646.02241475 2728.46492735 2970.85171602
1303.468632 2534.96504885 2972.95869533
1334.48422509 2630.02303871 2971.23017962
-374.88792466 2124.57554114 2963.78640917
1987.88440477 2532.85668708 2969.54003607
576.230546132 2458.90744372 2973.18540216
179.854124583 2065.27459399 2968.89131188
1289.62224215 2330.97784472 2965.20606416
855.258977919 2060.12831515 2967.18974523
-140.783764191 2147.59015482 2959.76874455
1628.63240666 2636.49510434 2976.55951233
-244.309523465 2174.94319351 2958.55602515
506.492582806 2179.45622555 2963.92421533
959.377899477 2562.92620276 2967.15994222
-610.734364149 1986.15353079 2971.55487885
-273.394496099 2041.15872954 2972.14829218
-636.275412072 1683.0581623 2972.99651909
1229.09080066 2406.53697379 2960.48071946
-529.549733188 2043.23285736 2966.3563229
258.571072968 1975.19643627 2968.46961183
-732.406427942 2394.86028275 2971.73344098
550.645358259 2176.00345726 2964.92939414
2314.15187389 2824.876197 2969.20787918
2298.902811 2761.65041397 2976.79351517
146.81149832 2283.69091909 2968.47315021
-262.031877047 1868.1967782 2970.10777453
-580.224341967 2136.79235588 2967.07375429
1568.34730329 2548.47273589 2969.24714163
-129.534228152 2193.32759578 2972.03844335
1211.53880323 2590.80014301 2972.88965254
-575.965778445 1802.89531355 2973.72819023
-318.708787082 2458.44339867 2969.68073828
1610.30188912 2629.1858531 2971.28301863
1285.04151876 2527.03591271 2971.74017033
606.5830557 2161.68198274 2968.52341826
925.024102991 2456.74804579 2965.10308497
1621.86368509 2567.251773 2969.91631
1885.27541508 2648.07475208 2966.39458091
1650.01463274 2528.12493409 2965.96487124
664.067336824 2535.10471684 2968.72161819
608.632310004 2492.38725715 2973.68920411
1874.13919272 2622.90572823 2974.68602141
1657.25767797 2728.46225173 2961.23002825
1210.75028582 2683.09785539 2970.05482352
1301.18225251 2431.08068026 2975.84311577
-718.049597276 1946.70353555 2970.07889803
-365.646241723 2593.35250896 2975.78276551
1298.0103618 2534.63349549 2974.70885771
-458.970152002 2032.91537146 2955.53370705
-228.796629289 2239.57195673 2973.33954441
1609.05502212 2720.19263827 2975.1667945
1900.51584824 2719.1825158 2965.82698409
598.431533973 2046.60510737 2973.39468422
588.181446415 2564.90406515 2971.63688004
1633.39904956 2631.4909032 2977.73489209
1298.69123525 2498.87085439 2972.72964648
-607.051510124 2347.64243682 2967.30356849
1313.46568565 2432.59569878 2967.49030663
942.061625624 2695.74835559 2970.32518425
913.482180137 2377.77373024 2967.92624919
2290.22306826 2726.59674013 2968.41420879
-248.716723201 2343.38158727 2968.84653858
-794.97586174 2271.6207428 2971.6282146
1317.94034252 2526.42654476 2967.97264844
1627.97525137 2485.89268435 2973.80282658
-161.154857214 2178.21569964 2969.17232757
1590.0951784 2666.19242217 2977.20577825
1506.80671377 2412.66409232 2967.02644255
1644.21565529 2605.44836211 2970.9399983
947.725206199 2326.63732449 2973.69909972
563.447801118 2616.93789977 2974.36990697
512.914417336 2458.5311009 2975.06109014
-716.190823669 2234.54548119 2971.74946325
974.208973049 2496.28003207 2969.11649198
1984.36240887 2637.05126036 2969.74887782
-219.333849764 2344.66149899 2970.85711198
914.638958541 2663.27400303 2972.11871292
2287.85882291 2794.11228927 2973.74505718
-937.013050891 2507.02087814 2971.20827347
1959.0186037 2664.11919646 2973.07691716
1636.54691678 2630.61898678 2970.30884496
1610.77058616 2591.44849176 2970.11232515
195.647410546 2689.50794585 2973.97193441
593.201771839 2396.75897396 2970.32182059
531.190400203 2556.9752249 2968.81247962
1282.9031905 2464.15086334 2972.33435589
-181.063045187 2255.61422174 2973.32095778
152.793150571 2518.7929936 2972.61129058
-342.275467746 2197.14086327 2971.66571696
2302.76431368 2766.77816593 2972.79421325
2626.87008157 2799.70692363 2969.92236181
947.569711881 2292.73963185 2963.84229049
-82.9545841037 2042.64257778 2976.81171226
911.004446952 2320.06153126 2972.08636892
-1208.78527943 2104.83662303 2971.35138294
-205.539825413 2223.73520679 2979.1872649
1613.53462601 2794.73237982 2972.9393183
-173.636507683 2285.23294018 2970.97081787
543.791305793 2284.94675847 2965.40538129
2306.01199099 2897.23805567 2967.80230693
2292.07132572 2829.75771801 2976.83847415
1608.81888771 2563.97442426 2971.84799306
-538.517389685 2405.40116272 2972.1968335
118.609544125 2267.95717449 2968.52000602
1665.09059968 2700.83557301 2972.48117975
545.087529499 2352.5109719 2969.4246349
496.260867238 2520.6840837 2972.41041294
1975.10317265 2794.27399344 2968.63816233
1234.67879468 2520.43502432 2974.52311335
1638.53841065 2664.62033945 2976.51731305
79.1503819496 2441.34791326 2971.93053181
563.63158468 2492.97617386 2970.23021985
565.749206134 2523.25758888 2969.30547292
1234.39188714 2457.81314358 2966.17756019
-115.279820295 1976.65778673 2972.07353132
934.23238709 2563.14698842 2971.29578915
2279.62669858 2728.30958217 2967.9131632
-598.641212732 2296.94891261 2971.89324686
-674.162334421 2124.83414715 2972.58314977
184.173127942 2520.57337012 2972.00142878
537.828952254 2489.99603144 2968.55378284
1235.04296933 2629.89283372 2974.78559484
1590.65363793 2591.70953274 2976.76166807
1268.47989407 2559.33413677 2975.27833042
-589.81284983 1671.49127369 2973.18087158
1262.72985266 2693.44075448 2970.37605316
1636.624258 2498.57742456 2969.43854749
2630.80972145 2932.31657234 2973.7799856
897.415780306 2456.98757278 2971.89349095
2618.69507789 2864.93449607 2970.08603011
1911.03134236 2761.91695698 2974.45827274
167.281918294 2118.40032229 2970.00441981
2256.61857271 2764.64274879 2975.32412174
906.380196143 2561.96393564 2978.18544017
1279.50956792 2432.144481 2968.33554057
2310.76665321 2868.75629481 2977.00216661
-551.036535193 1860.45026025 2971.04955914
585.222347967 2292.37862868 2973.40020793
934.749581049 2659.39216538 2972.21043019
210.712506024 2622.8330217 2971.78004559
890.382198635 2178.83021368 2971.07568007
592.629604947 2657.37462608 2969.66070932
1220.57240354 2625.29879044 2978.45391821
191.984829652 1946.91380045 2974.1199551
576.663413656 2554.88329144 2969.58990072
-457.569435753 2391.36981645 2973.31390826
583.241510537 2591.40871759 2971.37961754
-576.912005492 2241.1126559 2969.3467119
-569.819998003 2034.20966293 2968.43017395
-475.404342912 2147.07490266 2965.43867565
-255.302310959 2228.29811069 2970.98986097
556.227570524 2180.63271593 2964.39573155
-794.754632551 1919.00885376 2973.41801165
228.323766414 2318.91538844 2971.30317526
1944.31154135 2795.51396667 2976.02465611
-236.799504014 2311.45515843 2971.25035184
-460.801319661 2421.04112083 2968.52560608
127.38839983 2201.63592339 2973.89805469
1276.10315648 2493.60769706 2970.84623145
1626.08716608 2763.24044816 2969.60100049
512.6017864 2456.09859387 2976.65008238
-274.107131275 2169.56824535 2974.21435369
-606.834131819 2261.27714684 2971.34210264
269.914915466 2459.21930355 2973.25238598
1235.70819207 2522.58367463 2969.41808397
1949.38343586 2796.85901907 2970.26357482
1242.4858595 2460.19171807 2977.97788902
978.647248796 2365.88620626 2972.51510875
-800.052545866 1875.80025228 2976.11222162
-140.291509725 2251.23209443 2970.75321981
262.662422062 2324.44188853 2971.65548282
1296.50562872 2424.38520647 2976.50144847
485.925925868 2450.43621748 2979.02133648
-971.381581217 1992.77050489 2968.80331369
1274.63161104 2330.92468566 2972.12252503
-606.961240891 2541.47054419 2974.32435701
978.090493003 2469.20064578 2975.15933175
-508.867254289 2356.53365317 2979.11603345
207.830535393 2176.86780483 2975.84731348
589.363276109 2599.82457702 2974.90343362
906.024973492 2090.67627296 2967.51424182
-438.757060023 1574.85775809 2966.58715772
1958.02292472 2668.75307865 2974.00657846
921.766609823 2466.5091785 2974.25624215
-1021.18185486 2036.62668122 2976.80018738
483.131152891 2242.52063916 2972.64045773
-210.585414882 2343.82444602 2970.93100036
-551.216712992 2096.79314543 2975.91394635
1264.56517848 2363.07280848 2973.46480681
222.060088844 2051.94124726 2975.46276635
1655.97265323 2470.50427649 2971.52485841
1227.39641982 2483.90929939 2973.79983261
464.770466601 2446.75180765 2970.82372081
248.9326079 2363.84485243 2977.87861963
900.336345948 2594.32698389 2978.31410472
521.840555197 2291.06742231 2975.33656119
1258.73288238 2570.81468445 2978.38330802
1972.98815809 2630.59435423 2974.95812988
1319.68999345 2699.63810317 2975.77760855
-470.075105202 1641.59101506 2971.10065574
1300.35219685 2598.60550244 2969.50877118
-277.816317127 2411.59435482 2974.45529662
1266.78149439 2666.74640857 2972.42544688
377.081992982 2574.52039252 2974.91145264
-560.474160603 2247.89174641 2972.48727059
1970.39124893 2833.54485288 2975.08556789
1007.14311504 2706.49246924 2975.61220081
1132.82309402 2685.23477632 2973.72993637
533.128153506 2381.14835178 2975.78416902
168.781922125 2419.13383458 2976.00285745
-753.859257052 2354.58944365 2977.39544818
-241.579258451 2114.66665246 2978.10719885
572.273421119 2495.85320307 2980.31058276
1615.13204133 2733.24618523 2976.08033052
119.789961865 2208.52172096 2972.69228725
-1177.32157186 1851.61181328 2967.21452299
1958.02670534 2736.68803822 2978.3636296
-247.468030114 2387.31307067 2977.2751388
275.655019475 2316.2154149 2969.97203661
-938.290917195 2338.16195479 2971.84392592
1595.04500722 2667.13485001 2975.650613
2329.08211231 2767.08941398 2975.58117609
963.269974574 2320.65543099 2972.64986652
-723.688424536 2222.47525366 2980.05580196
1287.31352873 2632.11459349 2979.48939707
1322.68578285 2408.41511742 2974.49523749
601.396125641 2095.69356423 2975.06394973
237.257594864 1974.22939439 2973.99781867
-1190.33011735 1868.05212365 2974.04040683
1945.83445914 2623.1482472 2974.80395213
-578.772484802 2510.53230115 2975.01528207
1578.18529697 2558.73435284 2978.36969254
242.417250511 2026.96264057 2969.41365692
1295.77348786 2464.94495998 2973.22194961
1288.03760735 2768.39926121 2974.67327166
-660.492028155 2465.77252021 2968.20838159
885.26170356 2596.6181752 2977.17686581
2296.98120581 2769.38639442 2972.62628228
1250.91720946 2598.42693401 2979.89587188
1293.46324012 2532.5160518 2975.80926611
250.119631234 2523.31129591 2978.30127482
222.973492262 2154.13903994 2976.93305617
165.487918141 2494.69576014 2973.56344783
-257.934127259 1954.78966947 2978.47707441
520.130971772 2290.68677243 2976.22544885
199.256286934 2325.42591562 2972.07427942
988.197974443 2699.34478498 2973.77925709
-171.210181097 2326.28356394 2979.58425918
-306.565259075 2160.0785368 2974.76608183
1617.14856779 2603.70578974 2977.21981962
-19.4906303096 1958.94068781 2974.43481318
1956.75401594 2601.77281457 2969.47961266
-661.278902429 2341.24252792 2973.25047842
-1015.80681631 2025.00101688 2981.82231707
602.147732028 2464.30250968 2968.10499367
1264.56038086 2663.27104845 2975.03197003
1956.8203592 2632.86694156 2971.87931064
1947.50881819 2734.75058896 2977.01813574
-162.951003494 2488.1027968 2975.76240292
1599.34204649 2633.12498883 2978.47341344
1276.75812801 2463.74308851 2974.03123966
-207.247583361 2013.09450413 2975.50523714
-837.01239909 1850.18897595 2973.65584751
-305.164217903 2021.82807683 2969.74160068
1980.28842304 2602.92134631 2973.81908561
225.58285058 2114.12205894 2970.71901342
1928.77382477 2726.01177997 2982.92186898
510.139220901 2556.22111721 2974.45964479
147.976646146 1993.12523664 2977.30530314
114.793895162 1850.60693626 2973.08889068
-914.31590625 2211.30466489 2971.74968821
873.120087429 2050.84606744 2970.86872185
-60.6303152835 2528.75774367 2975.07858737
2621.79564356 2827.11330646 2975.77808218
-763.328665256 2328.84671076 2974.47737385
396.105908338 2070.16768419 2963.97292339
-126.886811324 2153.08758149 2976.29462086
644.819797732 2600.56630065 2974.27324795
287.235055103 2399.41975165 2977.137584
1251.56630526 2460.81942435 2976.81035841
1215.03524133 2462.2492435 2974.50010848
1308.11049992 2557.20947278 2975.93198715
195.124743337 2117.26000729 2978.33120959
791.020042086 2582.16067406 2977.67748728
-201.402468112 2058.81634391 2975.46546417
1950.68652508 2765.69605006 2977.33494754
-196.561076869 2110.14753846 2973.89159349
1301.72734628 2540.03540452 2979.19835107
1313.58112531 2632.07932367 2973.91975169
-730.545317325 1626.16832025 2972.76482305
-487.643513051 1651.43968767 2976.40751385
1970.1538859 2769.51500017 2980.04805931
50.8798714734 2206.36203682 2982.10983726
240.370218503 2112.62592376 2975.70755065
612.881224597 2533.9373303 2979.08096011
-801.341278061 2254.51027002 2970.50824734
-729.107238761 1792.82374087 2977.60287464
-918.459815976 1978.54906761 2976.7370085
1279.96812705 2593.09314615 2970.94523229
-260.562063355 1713.39158802 2974.28304381
1235.27438436 2400.85381641 2972.67395576
1264.84161278 2402.79599539 2976.94120459
263.170743881 1920.99247973 2967.77656837
614.535233916 2363.40899195 2975.32379964
-567.982383143 2209.49275578 2980.64805331
-236.332813871 1836.3228575 2979.07481123
-972.381549894 1278.69288169 2964.04282978
-106.064948283 2354.64558771 2972.08646492
1877.19344633 2655.7706223 2975.1077502
-308.341378016 2473.84655095 2975.68229433
559.637103917 2090.41900056 2965.31185992
1603.52796119 2731.68640329 2979.95459865
-820.00724295 1700.5235558 2980.6179197
601.105774554 2257.13857302 2980.22729604
-508.182971565 1665.96851455 2976.00359384
1981.14488382 2732.62970094 2976.0246467
1315.213634 2703.40685164 2981.56519085
-986.16551618 1945.57845578 2982.17701894
-543.81369242 2344.47109165 2971.29167194
-183.19306581 2081.53255624 2978.85612117
-441.119974413 2051.54205151 2977.11952337
-668.626147336 1704.47030617 2975.88639611
-806.778126461 2091.45176746 2981.86944709
2320.31959442 2771.59645874 2977.17737357
1669.30808887 2839.74314608 2977.18740553
995.009099784 2597.08873544 2978.66814059
1597.64362051 2598.12519658 2973.49105684
-574.247608842 2314.80552285 2975.1457951
213.252084498 2287.27165273 2976.12870947
843.558806831 2451.74092915 2976.46291334
238.413645703 2278.07021245 2974.37009991
-490.74749423 1693.14933833 2972.3417185
1230.01818127 2396.97853217 2974.20706054
-456.19036602 2395.13699071 2976.45689994
-762.310012217 1749.80418897 2979.59707014
-409.281557571 2367.01663282 2974.55383656
-166.003364859 2008.56586494 2974.90982553
2622.87197088 2868.62237887 2972.16358862
-527.122548387 2353.70371933 2979.35937314
-1112.94002276 2353.36448355 2976.29488357
241.89341437 2213.01311797 2973.38746127
151.773433017 2303.87402507 2976.55869328
1300.75094616 2701.36569093 2971.85857447
533.898320111 2118.73992801 2973.66893063
505.167586426 2354.85721256 2980.11544152
1302.14386987 2440.06765193 2969.25034786
-942.970868644 2072.23594633 2975.64989046
569.41435728 2529.27779713 2980.24154978
-622.009066959 2036.39388718 2979.93990573
-128.677421548 2291.49366612 2975.32621915
-714.319808249 2199.37985402 2975.19795825
2638.14493861 2872.4217092 2979.2780091
571.086820142 2362.15690349 2975.01028807
1649.59756504 2606.79818189 2979.87676317
2285.15073508 2803.02279474 2979.31441904
847.14027123 2090.48624588 2977.83082901
-678.510984832 1583.69731133 2971.06415675
127.143077572 1978.02914893 2976.6149809
1603.53149486 2797.14347959 2976.13348745
-945.24245184 1997.62134276 2970.37443993
225.924793498 2367.01439298 2979.50408043
-84.6734474838 1951.97701481 2979.29691188
-257.284877863 1664.63509441 2974.5644639
93.2552775534 2345.28202645 2968.85007212
546.447146212 2033.32464425 2969.18800653
-599.195747684 1753.07448103 2977.41094188
970.209451579 2670.6812208 2976.36860203
1928.73458253 2705.89911968 2980.97448583
-644.201090794 2166.71188321 2977.69714986
1632.32669696 2580.25707189 2982.02834018
69.0210395814 2100.0817031 2969.51527775
-556.078928303 1689.74106462 2979.92930768
580.045432556 2302.38856449 2974.9935757
-751.049702443 2329.17528434 2979.43226596
-391.581116776 2196.26784637 2982.32513534
-663.585917572 2030.13922306 2974.89138819
-658.924293319 2404.92916923 2976.49148117
1255.81640116 2730.35123948 2977.29313086
-791.721373361 1776.45830757 2968.81042218
-641.20181449 1961.27825852 2964.53632545
895.822229483 2431.91175157 2977.75402407
1954.90014844 2738.10045444 2979.62351617
562.538573679 2281.38013461 2974.66625628
1293.87348718 2501.67478003 2977.1630638
208.184276657 2317.47240412 2968.37154251
1503.47874192 2660.87124728 2977.51147189
1544.01951185 2693.95949548 2974.70841702
630.71961237 2370.20273213 2983.29133672
973.034926457 2181.0417794 2979.21076522
120.923084066 1662.77020674 2981.99297845
1303.46051619 2567.6556431 2976.03883946
1288.88728629 2573.34432841 2980.63930315
1924.59204018 2771.08412903 2983.34134549
879.754781088 2496.47230697 2977.45865228
2310.22176277 2773.77273427 2979.50166148
-735.11346309 2030.29917614 2973.93485685
-689.325764565 2360.3385145 2976.16843649
189.362192694 2351.71769151 2971.80866903
-47.7635142661 2229.49320974 2976.63771294
970.042953641 2473.44161961 2977.1466247
1195.67250817 2582.20335218 2968.85608133
530.724925976 2192.57194339 2984.47072664
-565.393495498 1967.01890022 2975.46116325
1628.78506221 2504.07494916 2976.83919335
1946.98952898 2701.3529951 2978.85656135
1290.72125392 2201.80973663 2977.01925275
1279.00224819 2595.62904062 2975.54491482
197.84110939 2459.88350599 2978.29370646
563.855763512 2498.02014527 2983.22610945
-1083.08001685 1670.70335737 2979.41248771
506.391797111 2118.56460972 2983.36204466
1990.71105484 2776.43938133 2982.62424181
-2232.51311263 439.145265646 2969.92307594
-1804.68073118 1220.3871382 2970.97011957
-9836.47028997 399.651390689 2967.36658209
-1655.98186066 204.309306477 2764.91783534
-1292.44079654 1510.01447438 2971.21958999
-1149.53207568 912.35196117 2959.82314951
-1416.7408511 1570.08036124 2970.56169334
-1019.14598452 961.360307488 2972.39506593
-832.369334242 1322.91259921 2770.19163371
-1186.70364371 741.622937118 2845.19452384
-1665.9355158 1305.49768251 2956.22939609
-253.297828964 1318.53844066 2903.94082025
-345.120112553 1446.14832357 2970.15490625
-2239.44299104 830.889892178 2966.68301186
-2136.84604687 521.714635795 2909.57038909
-1403.77782355 1387.83504868 2962.38818416
-1814.1438724 2063.88311262 2972.9632625
-1144.02609264 1616.75388083 2954.57988596
-1040.94930291 1702.98204345 2969.43320795
-411.117202348 928.126785661 2848.87762279
-1828.17555775 741.256283341 2969.72658591
-990.310897604 1402.43659054 2902.37272958
-1399.20500684 1294.30543617 2908.06310119
-657.983936426 1949.85334394 2893.91053605
-1117.76062626 1747.93158675 2908.63073688
-1954.21060921 768.169732537 2876.38019017
-2037.45028553 1014.89863392 2970.40951594
-2315.2718615 1104.72763825 2906.16208031
-748.804244327 1348.10301292 2976.44894118
-978.136860991 1825.23737612 2968.90293998
-199.392615907 2222.14465149 2976.57907434
-2326.76758966 296.739223638 2906.98374877
-1045.04102822 985.089706678 2876.28294723
-148.668405095 1870.20801705 2969.27885847
-1186.96550088 1034.99509892 2973.47232298
-1298.57914823 1880.35592334 2973.72778986
-1945.42056677 1029.20470979 2680.82057736
32.9040949393 1881.12328639 2971.12480818
-243.420142116 1782.24677297 2905.16007191
-880.598528283 1640.7663298 2972.38585435
311.223541812 2426.6727304 2970.15224645
-790.332526723 1669.84332469 2907.78116155
-821.109957781 1864.30258721 2900.38012968
-1244.50068919 694.321475693 2965.160023
-11.7392375697 1987.20068974 2974.73312901
-303.935569356 1793.22706536 2964.20525231
-970.930611789 1508.78764785 2906.92300354
-1071.364136 1702.99318249 2910.8357245
-532.738926916 1254.39333169 2883.12383441
-934.830352339 1269.64959985 2843.39796684
178.128500075 1968.59617888 2969.82643031
-729.706167028 1795.36044752 2900.41704869
406.969853742 2218.29927921 2955.08914132
-707.147859943 1938.41319559 2971.08531734
-534.339404367 1352.73168036 2831.49066379
-990.304056905 2032.50947181 2960.04632479
1207.27264423 2409.49001201 2896.60658991
1670.13765398 2546.84322773 2971.12972939
-538.24786497 1442.65642085 2957.1201666
-119.582612312 1879.73201655 2943.87027564
646.840817752 2295.15920128 2971.50510919
-2327.65211049 1185.19666676 2967.80103235
-2423.20382589 1754.63079402 2963.23283063
-1097.77193519 1249.47179566 2971.07230181
551.269534582 2311.49932625 2949.68290297
1465.6442391 2430.87733668 2970.38818774
-1112.99222778 1020.46681728 2634.8186563
404.047206601 2330.42606212 2966.37939649
-603.268862755 1570.19188942 2973.75313923
-1046.93324002 1320.97574567 2959.29012023
-353.349551776 2315.24999061 2899.29505717
-1243.32450752 1168.43473329 2964.58095012
-1064.48230813 1475.1346142 2967.2958393
361.073077797 1995.09509723 2967.76586639
-469.105186323 2255.3820559 2970.64855936
-922.426037127 1319.27387982 2960.20413252
-518.956656112 1867.99961643 2967.7523745
-1189.6251748 1261.76315365 2967.8154278
-937.055525493 1390.35851792 2970.3431858
-435.981798697 1905.63486378 2960.77345606
1134.13263803 2109.4548016 2964.37518542
-761.291889057 1888.77161831 2970.88806628
-115.461133788 2312.90598492 2972.39767377
-934.795137427 788.158055327 2955.51731893
-712.81893182 2286.28570817 2965.03488487
-1152.22208911 2201.76122891 2968.40973698
742.469903606 2289.99562388 2968.78634296
-889.395950762 2318.8638021 2971.40025842
1025.39095344 2454.21899452 2966.71481905
-798.160567508 1721.4462851 2962.35230992
-735.983478496 2049.13792909 2968.09492289
1198.92226906 2400.58400051 2964.58063607
24.3373617677 2121.51722404 2970.25718207
-1148.1334095 2323.95494921 2968.70311514
-839.24976043 2356.7848653 2965.02527201
-989.552248975 1859.61955814 2962.79515663
-954.989994088 2153.77847922 2970.6725886
-272.880905053 2446.48808356 2968.3985555
-1136.76770677 2055.47872906 2965.43041709
1032.4156425 2463.516497 2970.6824476
-598.952076564 1777.61380923 2966.05059906
1838.62114188 2632.42795301 2970.3715706
-1954.409811 2135.57712285 2904.66978427
-1025.9334082 941.116954797 2961.20103787
624.954367258 2302.39041581 2972.82393181
-402.162128459 1950.41473811 2971.92416648
-4.48797307985 2388.36816653 2972.23193285
-1415.26756067 1773.3197266 2964.84053205
-680.151096817 1874.8274132 2965.21566173
-598.261337454 2433.21464301 2969.25676971
463.736481368 2408.02046387 2967.04464502
-564.991267746 1811.13626335 2971.78511655
1426.31644659 2536.559428 2967.6792361
-97.9480139069 2356.71083524 2969.56375765
-1523.04610519 1406.43728627 2905.14046344
-160.493429606 2181.02016504 2973.52596825
-784.835575657 1719.68987805 2973.26994072
-1155.98862083 1375.91919529 2959.93842493
-723.627596878 1583.33971219 2963.60085294
-566.129450265 989.977652143 2681.15011284
-1693.30422791 1661.33522678 2962.2905472
-804.751773429 1849.50372316 2971.42336202
