0.58656 0.598656 0.6
0.6 0.6 0.6
0.6 0.6 0.6
0.29976 0.569588 0.6
0.6 0.6 0.6
0.6 0.6 0.6
0.51772 0.591772 0.6
0.4592 0.585428 0.6
0.26152 0.565088 0.6
0.21848 0.50264 0.6
0.216 0.533136 0.6
0.27764 0.535936 0.6
0.17492 0.438488 0.6
0.23048 0.397088 0.6
0.15744 0.34612 0.6
0.16384 0.309692 0.6
0.15624 0.278264 0.6
0.15948 0.221196 0.44308
0.17616 0.346756 0.6
0.15472 0.250796 0.6
0.15684 0.287072 0.6
0.16872 0.255952 0.6
0.14204 0.199392 0.25196
0.15524 0.220092 0.44928
0.14844 0.242444 0.6
0.19088 0.362876 0.5742
0.16824 0.191228 0.22448
0.1466 0.233312 0.6
0.15152 0.25942 0.5736
0.1476 0.244652 0.6
0.148 0.331404 0.6
0.14576 0.211868 0.59224
0.1548 0.26928 0.59788
0.13584 0.196752 0.36972
0.13308 0.167404 0.20024
0.13232 0.172708 0.42496
0.12408 0.168612 0.23708
0.14428 0.178336 0.366
0.13448 0.157548 0.20624
0.14864 0.163836 0.20708
0.12812 0.180916 0.28656
0.12144 0.166952 0.21064
0.13084 0.159492 0.2142
0.13316 0.169292 0.20748
0.1286 0.198136 0.50484
0.1378 0.163916 0.19404
0.12888 0.1557 0.1784
0.13156 0.163996 0.18768
0.1304 0.179508 0.34524
0.13368 0.199672 0.5294
0.13632 0.163832 0.1916
0.11896 0.14484 0.16888
0.12832 0.150668 0.19152
0.11944 0.146784 0.16768
0.1276 0.149596 0.19596
0.13656 0.154288 0.20388
0.13816 0.164364 0.20272
0.12216 0.18258 0.6
0.1268 0.13972 0.16004
0.12172 0.155104 0.20268
0.11296 0.136684 0.16956
0.12272 0.138804 0.16692
0.12932 0.14832 0.20684
0.12556 0.150188 0.18496
0.11904 0.139268 0.16704
0.11268 0.149676 0.24624
0.12732 0.138868 0.16148
0.13048 0.151092 0.17804
0.11668 0.1461 0.21048
0.12004 0.140464 0.1918
0.11864 0.137892 0.16304
0.12124 0.13686 0.15808
0.12044 0.139032 0.1926
0.1218 0.148668 0.19944
0.12152 0.140164 0.15664
0.12332 0.155224 0.2412
0.12572 0.14432 0.16172
0.12288 0.147568 0.167
0.12656 0.146228 0.21328
0.1102 0.139292 0.16908
0.12072 0.140224 0.16204
0.11672 0.18602 0.6
0.11236 0.138232 0.15464
0.12032 0.135436 0.17884
0.11872 0.146644 0.20076
0.1204 0.143308 0.17736
0.11776 0.145884 0.2052
0.11264 0.145452 0.18524
0.11784 0.144596 0.18996
0.11472 0.151344 0.28544
0.1186 0.141152 0.16016
0.12252 0.136516 0.16416
0.1078 0.126412 0.15844
0.11992 0.138872 0.16404
0.12216 0.13346 0.14788
0.11 0.130136 0.1554
