-10077.8161223 -9120.50723951 -6493.67704069
-10158.2721073 -9771.72716379 -9054.1188295
-10070.4902566 -9538.26538878 -8793.22696674
-10091.2914123 -8173.72306661 -966.806758606
-10087.6677535 -9354.66326009 -8430.38142973
-10104.9686501 -9744.74569524 -8517.15699157
-9976.60491009 -8583.40055905 -4070.14942097
-9592.74326265 -8261.80705743 -1791.91182988
-10072.1772606 -8441.73367526 -1350.78456488
-9602.07964427 -5963.87155612 1037.14619124
-10034.8844762 -6745.6224673 -518.989989897
-10058.045838 -7480.32591159 -710.463893933
-9644.31547798 -5028.91288386 389.323647687
-8270.82944815 -3295.06126571 655.077374721
-9518.12843733 -3034.76205062 -94.6839034657
-9566.53782841 -1679.13301875 957.456441782
-8438.29273033 -2249.91833078 -300.418415776
-4434.17142958 -1220.13273248 136.513954684
-8681.81119694 -2960.32920954 451.963468629
-8752.53971577 -1383.63433692 507.570297805
-8970.66537545 -1591.49065871 919.89819142
-9540.44714686 -1159.09979739 845.679043251
-1352.63794699 -411.565849295 440.895789484
-4432.33755575 -677.778171063 897.445823546
-8631.84605587 -1464.39730621 579.428744483
-8018.4667986 -3602.42868259 184.177390951
-1717.89120275 -549.492402102 595.834227016
-8775.36076563 -987.204592098 407.090816566
-8009.35349889 -1407.5080616 756.225002661
-9447.63099261 -1224.28730483 591.79121036
-8414.21958738 -2928.10718908 884.504772616
-8962.53002171 -894.152209159 1113.38655337
-6252.88517527 -1393.2686896 306.47529797
-4242.97159794 -600.954372314 647.972453732
-887.893898116 -6.20232867943 643.390782185
-3592.97199473 -179.859436881 1036.90686375
-191.326968656 196.423580591 839.534874441
-3395.50591761 -430.101970117 815.958073278
-1458.24889699 111.047851665 1050.52004478
-1390.333643 36.9518993161 864.629456265
-606.181289766 -77.2265128259 965.620242382
-962.31245378 -212.559733991 602.587425638
-214.334010594 595.245618985 1247.61122886
-209.645508689 350.653050939 800.951585032
-7063.4020645 -900.300402265 582.12959534
-1420.78071676 -130.278405714 1225.18780955
-821.448752493 50.4260166135 892.413516225
-975.428784166 109.183523106 923.711451327
-4549.33075327 -306.030406841 1120.6936668
-7353.57140768 -703.740436246 756.926081568
-1698.02796187 -215.744911809 825.127060656
-565.260151608 -81.7941779648 973.132389753
-779.678603555 151.625214775 932.38164457
-520.0557363 -30.2965753024 816.775377131
-739.803272928 107.200444791 869.090231738
-1332.11612499 97.5742018581 1156.04889242
-1580.07079066 -209.121208344 872.884703874
-8800.02568078 -678.561293839 926.746690953
-665.382798342 8.13549834491 663.011967879
-1373.12973571 -263.11069735 842.930635024
-382.090326111 333.136238598 1072.94295162
-766.18211459 83.2608419937 761.597634263
-172.202609021 312.001060435 826.205515806
-1043.80632123 -143.844112125 740.459780614
-863.760543879 76.1973777193 872.50255079
-2404.59149978 -246.409680777 1083.0721201
-497.694088381 292.406518928 970.634198851
-993.753948101 -112.504751879 1212.79632952
-1167.4882037 -3.88050800451 937.195898876
-556.401606643 101.737296407 769.405459175
-608.700444617 184.027577992 823.085353989
-425.573567217 128.30015642 870.650360414
-675.178210584 -29.7405908115 723.253914928
-1530.75372595 -53.728334608 1044.62971454
-575.262977005 304.813230168 837.995569403
-399.459213013 47.3799082508 756.041538371
-1311.76814589 -233.01048902 801.871836484
-572.117971712 203.211289318 974.606381414
-568.67929947 233.103012948 969.343405107
-858.830015876 99.074492678 1021.23625754
-676.968037323 431.15871208 1034.84588159
-8622.13830614 -582.003841863 1072.92431654
-365.824729008 200.152061359 981.682359319
-557.976130763 236.093114249 1042.22887599
-355.193847708 288.773786754 1136.96153021
-220.90997986 265.858990965 801.639799312
-373.69858811 262.414267037 1115.6377839
-532.587759672 -33.5677198756 700.088857052
-843.277347381 287.845584752 1146.96915498
-3405.94504026 -480.37843726 830.620051884
-414.793115549 134.286421602 1042.09357437
-171.012793207 449.070673538 1044.07151159
-750.995068173 231.497264765 1035.18822643
-370.032418767 351.138400971 1210.2819933
-241.154746095 251.940192053 745.940349368
-109.808050666 497.48984222 984.199144144
191.961299589 869.765996451 1344.09046869
1239.95468818 1608.71606714 1929.61025684
879.749081004 1376.06274715 1880.04023133
1053.51201317 1450.55790006 1832.10429082
983.815943001 1479.8919582 2071.0312283
1378.94687487 1604.53763296 2135.61840364
1310.34147636 1599.21439258 1853.57169507
1197.4886297 1478.0743283 1837.65549844
769.555214446 1486.4598393 1888.30299229
1236.70867266 1572.61384456 2186.94108915
982.65673531 1518.39026416 1785.26709344
938.294629914 1466.40494256 1785.6382146
1146.09510357 1549.39317608 1883.82479025
1008.55123102 1501.66098283 1746.29502773
1150.60317069 1449.47734873 1680.32389241
1283.32023469 1633.47637728 2125.46838453
1144.91034769 1478.11533432 1788.17970536
1036.3094415 1452.84111747 1850.51609735
1288.65384611 1463.20001494 1727.93562175
954.362006099 1483.65910386 1933.25427226
1258.8947342 1510.91112518 1638.60314329
1164.93866689 1488.45953416 1741.99424238
1111.7265021 1534.35259245 1691.21061565
730.221667093 1362.61050163 1875.22548492
1196.74597189 1548.41057331 2047.07413574
1290.50208292 1599.20777975 1835.68140645
1129.45307948 1565.95451398 1939.87554364
1490.26495528 1618.23630458 1881.07644728
994.969342599 1489.31818002 1930.73672817
846.447731049 1330.383434 1582.41253481
1246.7772363 1590.06526559 1892.69459441
1341.41361888 1648.85493771 1942.99191003
962.323077158 1559.90387367 1828.4610625
737.854487277 1347.69867866 1622.025462
1296.97340719 1573.9926342 1876.28040649
993.44807427 1478.80638502 1982.02076283
1340.70776694 1520.28346618 1844.90611787
1170.33268178 1560.00695753 1842.06890702
1195.01187985 1515.89926618 1780.17778987
1443.12077179 1593.33613982 1893.42591589
1242.11754945 1543.24383966 1921.77469378
887.486754342 1445.09507609 1822.11607275
1243.45674584 1517.30077165 1937.40873065
1153.22774002 1531.16297068 1915.88280541
1372.46507983 1568.47297204 1879.07439222
1268.56549459 1504.31494477 1717.84033111
562.716636773 1354.2671512 1841.18987457
1149.09016019 1544.13046465 1743.43300108
1206.94585176 1595.07172517 1985.50311968
1280.42691031 1598.42284588 1839.94020998
1226.39977924 1451.49002716 1786.35519926
1049.44690302 1487.77325447 1783.07834839
1214.87494226 1557.38999212 1888.55542594
1236.5957698 1494.83685403 1797.58078669
1207.00713527 1474.71901411 1832.86673638
1124.16256884 1616.60485709 1938.53573626
1292.66715468 1635.03057766 1977.88187351
1391.89742931 1582.34256623 1740.2754222
1392.92186943 1580.88613578 1787.05291182
1313.12010948 1560.65072544 1893.22590241
1293.15344962 1533.43876452 1735.01529146
1005.79948476 1496.63531632 1672.1813888
1062.46040395 1522.76387135 1889.13744922
1341.65928899 1571.2276928 1732.48642661
1087.09690453 1536.0836815 1748.74961203
1222.68479669 1535.97086338 1829.04005493
1157.11260069 1455.08778708 1689.11676516
1293.62105157 1590.8022417 1847.88301113
1291.64887743 1551.33038078 1931.61780224
1273.88954035 1494.86989009 1835.9999456
1239.74854498 1595.35321058 1883.84612883
1300.2176263 1537.79874017 1940.11669065
1190.30746891 1541.27311428 1879.41182941
1171.4747424 1617.29338929 1895.48764561
1391.48303449 1569.41607856 1949.3724462
1060.66171834 1507.98042474 1797.74129488
1291.89597074 1602.36438402 2032.38884151
1372.77124727 1581.89541363 1893.24797737
1245.57315401 1546.73553222 1995.93450842
1131.26941198 1652.22078822 1937.99266545
1346.25654577 1677.12148966 2004.90688339
1343.63448291 1601.41413419 1838.26385061
1141.0030805 1534.36742704 1890.87381958
1344.57586143 1619.00398366 1930.00802911
998.956125011 1577.74458776 1894.9111701
1327.62360007 1612.04099179 1846.48347653
957.215480104 1521.79951818 1893.17073689
963.807590049 1393.64662806 1743.095082
1295.47786504 1534.02516011 1745.57488657
1237.72879102 1499.00270546 1632.56511911
1032.34137875 1506.14507105 1639.94947051
1391.48484591 1647.10592137 1882.74813642
1060.9938104 1495.37112949 1794.22546808
1297.91888029 1545.5775452 1943.19887475
1444.61205655 1666.89043735 2039.41127345
1179.58029836 1528.80350005 1741.34524028
1008.49137509 1416.80943311 1639.456327
731.375650694 1414.28350818 1745.44000857
1193.51511551 1463.15161048 1745.50507505
1149.65081665 1502.21736804 1693.48472892
1264.02842769 1516.14592656 1737.49936298
1194.34391676 1506.94496089 1847.89396737
1199.61856551 1551.45607132 1780.04711537
1292.83040614 1549.1617826 1791.20035668
1190.30899995 1482.74640944 1845.57380618
1326.79139079 1573.57409457 1741.0005784
1247.12147193 1419.76476789 1881.8665901
1320.89709156 1469.80446745 1698.70030624
1174.08710843 1499.71283616 1842.35105961
1438.48992006 1675.35822616 1983.96033359
1078.92353451 1516.89367607 1741.26521031
894.358207862 1479.31209607 1786.78145693
1390.96077775 1631.57503246 1947.75645716
1299.23748008 1471.37555668 1719.67085138
1286.55722417 1573.06770705 1884.02702638
1288.83478589 1619.05797675 1936.02652834
1288.62854218 1477.4673968 1735.64144182
959.693406968 1564.59051135 1786.97944491
1332.25587521 1634.59752852 1891.38493814
991.091875771 1469.24532002 1891.35174662
1362.1933452 1572.55936673 1780.63961048
1189.36451272 1547.45747607 1787.92555507
1241.15936764 1581.86667915 2043.26051971
1042.68616454 1444.19318885 1595.9207194
1249.24630841 1483.81029037 1734.85751909
1244.0659914 1587.66551849 1822.28294996
1251.86807942 1515.68669315 1833.50963036
1170.96223175 1525.73373443 1788.29980916
1284.28377296 1624.82483125 2041.8922987
1215.23422744 1470.5523084 1730.65473554
995.799034309 1491.07165168 1781.69984946
1299.7904602 1512.67195205 1706.23930764
1249.33481289 1525.68770887 1876.98565163
672.26246605 1468.13499848 1979.4458589
1146.63190625 1503.7637365 1890.74193264
992.110432693 1552.085514 1794.44510419
1171.58307788 1504.67861879 1821.37693937
957.615783106 1559.50993317 1936.94887982
1204.36997966 1550.96068637 1983.21860232
1423.98948527 1620.48308337 1800.68947504
1301.54420381 1547.78057882 1824.37073174
1046.88955514 1481.53806503 1889.57657933
1165.20424443 1576.20737982 1882.02199294
1347.53661208 1600.14763884 1838.39952067
1146.21087956 1630.67720058 1904.26073082
1052.80243395 1476.36090708 1840.38963146
1190.19765156 1582.91790531 1890.70459864
1161.19402795 1422.97898094 1783.31066184
1145.63830589 1479.63339787 1815.01755594
1143.90159261 1559.58801581 1844.91908931
1151.79967181 1473.10590154 1749.61105191
1240.82520226 1487.44605525 1640.25468698
1393.53023474 1668.79843306 1978.65027296
1272.10933715 1653.20839764 2044.51748577
994.6727647 1679.97502642 2078.75158491
858.862857901 1414.10865479 1899.8710693
1266.89270111 1565.25614278 1792.02960516
1081.01212651 1503.52130469 1878.90980811
1198.46074586 1470.22439513 1940.53688279
1216.75420835 1579.41264063 1792.71822456
1143.93998119 1610.36874406 1995.59748406
1041.04741798 1532.77873978 1741.10522821
1214.75772093 1492.71036343 1646.80673002
1045.16963079 1570.46281657 2131.36545749
1286.99462538 1590.63668884 1928.74764959
1093.33278295 1475.5245505 1846.48810576
1153.91836803 1419.03215678 1688.40344137
1318.16780467 1640.38145261 1939.20017447
1091.73169121 1550.59845359 1793.11342979
1281.78933523 1580.87254489 1788.58573797
1428.43015499 1639.63167465 1948.08270368
1340.8391884 1647.3107241 2180.39006384
989.573194407 1454.62159602 1791.42924452
1045.10876023 1569.04452627 1847.56169722
1133.18576617 1486.53534908 1784.18525509
816.279578939 1408.63788574 1790.9273349
1296.3437796 1631.54706796 1842.98835566
938.583691805 1618.5862815 1945.44604915
1136.33423427 1454.31780504 1838.26539057
1209.5630882 1583.49951423 1982.16485942
1292.50508572 1628.96065839 1989.59850029
1042.06998569 1518.75834703 1804.72705493
1274.45280732 1716.31687665 1989.42531517
1085.01963879 1474.71129613 1739.45573917
908.82266008 1415.13139747 1742.73982818
1291.49863829 1513.0647919 1895.86500449
