-464.350950395 2401.95165835 2831.97059269
857.47748154 2338.39442126 2850.30824645
-78.0236882321 1972.06961682 2785.69933659
-25.9995726455 2269.07595705 2785.18534751
-44.9011292218 2243.07506454 2834.42941259
281.509687214 2188.48686289 2823.47268011
2491.65046451 2703.76844382 2819.24831889
-553.526508838 1475.30607639 2800.9304251
-605.149445749 1992.4718642 2828.8403589
-93.1428789052 2079.37811439 2820.42446704
-554.773408737 1883.89316246 2783.02428029
2208.48193514 2703.69098481 2826.88148715
1886.91584658 2646.12698665 2839.08727658
1235.86269782 2438.89127634 2845.70315078
934.180637955 2075.53581444 2716.59247804
2684.72181279 2749.93252625 2822.3709945
1293.9339448 2390.93621331 2831.44165671
-511.971653183 1563.56004538 2785.09843009
-240.058312487 2407.73600989 2818.18618912
2171.47112513 2686.21966104 2825.45689695
963.310196178 2236.87886386 2794.83091189
2224.56047144 2739.17117744 2831.97481436
1295.40533508 2575.8036572 2814.42247151
289.171975297 2360.94519634 2853.21531622
40.3054086793 2211.45893069 2865.32571151
1627.07946966 2589.4589767 2825.37521721
-41.2284800547 2219.07915821 2861.40193053
1885.01781238 2554.29587727 2852.95497256
-356.475467754 2313.11756863 2827.8006591
2539.64662272 2736.21884556 2807.42555394
2735.68974809 2791.45303933 2867.54972615
1920.51172043 2605.38637386 2846.01779629
2238.18720883 2681.26140379 2873.34425635
-34.9621952993 2421.82870039 2859.99906642
950.128912141 2626.19940473 2889.80418999
2256.06924342 2784.05834836 2887.94350653
1306.6496404 2319.28714305 2861.94450193
1604.63150114 2578.95957302 2875.00614005
952.520169919 2275.26612838 2849.02532291
1269.97371848 2538.05137339 2874.95439892
2719.94829154 2810.13270588 2862.96480767
2535.798458 2798.95763605 2897.90715356
2734.59401632 2842.77230482 2891.4223053
651.808219283 2520.66086108 2890.34663594
1949.9114205 2696.43720377 2877.06584059
275.029456495 2524.78719429 2887.55951527
-59.853706364 2456.50370088 2860.08377489
1921.72900555 2575.69139206 2880.64926405
635.534150582 2441.75014959 2911.43448909
619.271672344 2479.02257738 2887.42628928
1621.76682799 2572.66109023 2846.77307266
922.388031927 2585.15254433 2897.74507541
1938.6332679 2655.52651922 2870.04479266
1934.0332131 2671.29508879 2877.88153166
2230.99649602 2762.32210818 2888.63508869
319.477650209 2432.4916214 2880.18694455
2539.22269917 2750.42103199 2865.957121
-76.9817256958 2453.74167914 2887.3616594
646.914928196 2450.22860108 2888.26494864
336.757778793 2355.81854398 2886.51390782
1615.91631272 2692.24680789 2894.39848277
973.158960291 2642.22137338 2892.33911574
2572.50544401 2797.7589659 2864.50940545
1616.6829563 2636.74387486 2896.99746051
2524.42938658 2812.67022553 2893.51560817
1953.98194657 2702.32981956 2874.54924774
2210.30809625 2784.96022425 2914.16148144
2223.21066004 2686.14922389 2879.6588125
2668.57256675 2812.74153207 2897.76556213
1429.73002529 2594.83470733 2907.34981009
1294.43495074 2670.03688643 2920.40331231
1591.33694414 2702.95527474 2891.78741223
1278.0378643 2488.55515993 2902.91324527
1437.00331146 2629.82554449 2916.01281387
2399.18164271 2690.31121765 2900.00755508
617.668503934 2233.74028132 2882.47220766
2788.24850762 2847.9864823 2895.72844739
260.667185555 2466.66091363 2903.5750843
2252.74714722 2797.47466382 2914.49222905
977.100578834 2533.4228546 2904.08913618
579.711793855 2354.30882626 2891.33229809
2227.43693113 2733.98229705 2898.58922404
902.039247171 2441.92313019 2895.02872621
242.666683236 2432.25194591 2878.33518303
1274.40063173 2402.55175769 2915.2168954
1294.74724801 2258.71628885 2895.78836232
1240.82566649 2348.34094778 2876.22753631
1275.75914218 2662.77996975 2906.50932749
571.322487352 2029.38812776 2902.27312302
1947.41218393 2688.67232782 2920.84226792
2457.97544053 2767.35829075 2905.84405236
2275.26024901 2659.87381033 2947.5460124
239.17765943 2355.72763276 2915.62690902
1193.01656025 2543.1240527 2943.08707438
926.721022983 2472.34888687 2885.65404826
2560.01080835 2802.15767277 2938.77892575
1955.57928333 2666.44804592 2899.5772542
2210.89137101 2771.08744193 2919.31442475
1594.2219791 2512.68242872 2906.98102739
1962.2942656 2759.83350949 2914.18348738
1933.67981106 2777.02542355 2921.49720166
1283.60813576 2331.45902209 2900.89357152
2257.19517 2804.49585139 2933.58844393
1901.31293875 2602.20644327 2887.81767502
2513.36525369 2804.38027992 2921.31454808
-351.881923264 2282.63383881 2916.40745102
1291.10623698 2365.46764352 2926.68479792
-462.745231557 2043.8980698 2920.68116756
1596.13341865 2575.4781298 2894.41146543
2299.84564581 2794.61189414 2936.62360397
1316.19366432 2398.81437986 2935.99882107
939.623315313 2605.80169685 2928.85466029
1624.17808788 2694.1003224 2922.22578498
2573.315183 2814.18290088 2900.5242185
683.509865825 2277.95659024 2890.78653272
2276.46420211 2781.51098387 2946.44530079
1302.28177617 2631.84588448 2932.21401809
-75.7850681446 2330.75847721 2928.60516711
1882.2788163 2598.86527005 2937.86528048
2608.92078661 2850.04550948 2918.03414602
2569.11916402 2854.9971079 2942.32991279
2609.08142388 2878.60752735 2949.21600113
1428.85743873 2690.11386641 2932.0776354
1223.59606503 2557.63440899 2949.36711504
1317.40894258 2419.05212601 2931.27762446
423.465431976 2161.47546478 2960.0268716
2247.51181164 2785.01580243 2934.43501799
1956.72221287 2563.51286343 2895.37375918
1489.92234214 2488.73135291 2942.85418568
-524.858675391 2094.30581649 2932.66383147
1687.63988143 2624.86975049 2935.37687093
311.483425189 2466.65127604 2935.35013996
1642.3453096 2702.65426904 2931.11409849
-176.447256853 2307.42107647 2927.19660599
270.089577022 2139.60420302 2935.18416448
1994.01044081 2777.12222043 2946.29960531
992.855482356 2434.33222743 2949.88904842
2259.39538779 2792.51232385 2962.15849365
1890.88579833 2648.27018085 2959.30944763
1625.87502203 2701.39421649 2960.23738688
-30.5847261471 2275.33957084 2942.48017527
1671.9972233 2545.06667831 2911.53889364
1967.2668231 2692.86635325 2933.65678036
940.817892756 2708.99303088 2944.70131226
2002.76549379 2814.73430208 2938.33471794
707.158840163 2346.26883377 2948.88237272
960.884096493 2469.70281992 2944.86527165
975.3279402 2412.97691501 2950.73811293
354.402818972 2651.22943225 2947.53518498
2604.54029509 2830.56426319 2943.95053361
2609.6798142 2885.33478168 2949.39561576
1649.67511547 2566.3052663 2987.79938055
-526.929206483 2254.75993212 2950.5213955
2327.95091166 2750.58686026 2936.81546654
1665.33245495 2597.08711352 2953.9824337
580.202029816 2414.73923275 2957.35272096
1228.25143922 2571.5970705 2968.57842865
-20.8108427324 2084.4561395 2932.52243422
953.160438015 2304.60605722 2968.71091854
305.942147025 2224.38605469 2958.48765635
1958.20129927 2615.54545864 2931.44925316
2309.61363688 2661.51424365 2920.12897231
-325.898198925 2601.63452718 2963.69492525
1873.05662822 2703.34751206 2950.56397478
2318.18493957 2811.63212024 2941.43175938
2002.71661904 2687.10629476 2945.10636839
1316.58283915 2529.93016688 2922.02766923
966.370146827 2233.07222395 2981.30090129
1302.09482907 2533.87746028 2959.40428506
828.122489571 2589.53487808 2960.97770854
1987.78738294 2643.35784628 2928.63285267
1295.71225529 2652.42041098 2974.49284872
2584.59948873 2839.95284573 2963.27114862
1334.25275681 2645.54185551 2939.65624144
955.925429319 2579.74582786 2953.44139699
2225.53635418 2706.89982319 2946.79773012
1344.94884297 2596.23658934 2963.29002883
1989.98549962 2764.2373998 2971.70769484
2632.6415585 2834.42906223 2944.89689609
16.4898189641 2488.90335847 2960.4748528
201.798243368 2339.12566908 2971.35626102
134.219619613 2448.07865259 2953.89612883
941.766498103 2636.44334904 2960.72738739
483.888192359 2344.25836243 2934.36084934
2240.98322081 2858.62190018 2987.22413941
359.992685016 2568.13748335 2993.00160641
1463.40765772 2481.96100069 2930.14150529
60.1511972672 2335.11783374 2961.64814615
-94.1868564302 2580.48555438 2949.68985717
1986.2842227 2722.73424228 2966.40947806
1229.88625235 2712.58514807 2934.59084191
1661.78003355 2582.06040205 2962.86480686
1638.53150277 2765.42247887 2964.13459679
1951.61194485 2657.98364015 2980.00247924
967.579212284 2526.39241716 2961.08247424
2168.02564232 2790.7775902 2987.47871571
2637.18247608 2872.88497505 2973.22492067
2333.47276623 2818.97358996 2976.68421913
1694.07587743 2753.89801278 3001.07323903
1310.56335461 2204.24018789 2983.34510031
897.534440358 2588.87966936 2967.47761659
2629.82622706 2829.65051735 2954.13685984
-355.391811251 2190.93265833 2974.40776601
-231.897743023 2377.80450056 2952.72917079
941.124360367 2610.99704849 2966.73212711
1980.62002094 2659.14785096 2949.08687008
1658.85181969 2750.75051454 2987.23718994
247.267222306 2436.30837326 2967.47553655
2282.49376503 2677.8682907 2950.29222469
2021.42773506 2707.80789722 2908.16323056
1326.59947562 2638.58121971 2954.19011557
2641.24267413 2865.32184109 2957.33034553
1508.67423986 2656.37342413 2971.46870105
1678.27563691 2698.79214468 2954.79505907
609.356277925 2596.27130021 2964.30862786
2304.69480352 2832.18163441 2978.82265362
935.219592288 2680.38434789 2954.67121332
2639.66866669 2875.51657525 2973.96260092
1877.60278141 2581.76944013 2935.76719147
2812.50137748 2913.32127954 2971.04590447
903.096909782 2537.12507279 2929.71835109
2577.87639141 2841.66709397 2980.56973337
1679.34649896 2599.81827157 2940.30121506
1656.08263788 2673.5310345 2966.98305749
-652.825307418 2303.42101047 2987.17575303
1857.74014067 2749.69294578 2951.66091947
553.148662946 2451.52512288 2926.37507622
943.094879852 2522.39535944 2983.12691117
1810.67454877 2623.2558759 2978.91083564
2310.41696973 2799.60823095 2965.68239514
1694.43763451 2690.63664822 2989.62669414
1982.25200222 2673.94907701 2996.02870027
2317.43275653 2851.61880202 2968.56123349
529.97820636 2557.49188269 2985.28050593
-407.315733663 2305.99928835 2953.28828516
273.879221153 2252.03060832 2996.67059433
1991.11669776 2611.23617909 2972.77381284
2588.35524293 2860.94887372 2955.40077791
1383.06809451 2650.71075496 2982.06310718
259.290301437 2356.34886237 2968.62641492
2562.56948708 2830.52996796 2990.47592606
-460.762093617 2147.83038106 2990.91772594
181.950294396 2466.14385515 2963.83642391
1392.79731094 2602.30360156 2999.00438397
483.167692335 2186.77067422 2971.21617956
1882.01075648 2738.76354329 2970.10561839
2006.47918877 2800.46894111 2982.69618889
2605.97323996 2894.42574305 2966.93782789
2267.26841555 2846.15734541 2982.92261639
1593.59934999 2745.92381062 3004.6123555
1864.77505314 2766.36679863 2977.49098456
1002.09267562 2675.27589589 3006.68737781
-197.72304249 2367.52085531 2963.10856829
-131.615447876 2305.8979675 2980.67076652
653.688535497 2582.45736635 2991.1192579
2574.60808329 2857.22677777 2960.41348131
1859.9760513 2684.20168298 3000.75371485
314.260464432 2348.25132974 2978.56236179
2643.70632387 2880.64241254 2980.56634088
1682.78278666 2772.07522627 2983.74931743
1967.69139136 2788.55351121 2991.23910563
1818.70011154 2669.00413742 2982.74426525
1943.81462229 2612.69610122 2968.34554181
903.801863915 2532.88243857 2944.49666648
443.865138103 2574.34467575 2958.303249
763.722079186 2668.92649314 2982.84238081
2211.2007445 2843.71309913 2982.90421041
2306.75574557 2863.47826094 2984.03151135
2239.29319636 2709.15579281 2983.77578713
1878.66874548 2657.6812808 2980.55820689
337.860297104 2619.74394057 2997.48803118
2282.29973851 2692.54609717 2972.65242753
538.033543412 2438.25378816 2968.53670822
1662.07027444 2702.09208729 2976.42554341
1293.23129951 2683.01780442 2986.49917346
711.475461121 2423.33581887 2961.08509507
1665.56846119 2703.53528814 2986.56651248
2646.9013779 2882.70386598 2992.34345911
842.694786108 2687.89341145 2969.04752911
2286.58099289 2802.91568137 2992.85298456
1653.93099547 2722.48409725 2978.50246409
2324.90819892 2867.00730255 2987.03258923
2634.85566768 2923.41841283 2993.26456234
2285.57149075 2756.03969275 2984.74353168
900.667997096 2678.3827513 2983.72182159
761.016408431 2495.46138044 2970.51308707
1727.99199353 2686.94912688 2986.57067344
1791.24559998 2667.31799651 2964.98105202
873.875276277 2537.29827733 2977.90299612
2271.5348581 2757.3305754 2981.96102693
1747.01227987 2675.92591949 2974.29602858
1781.41872321 2733.85521858 3004.24437951
303.50587573 2468.61778674 2983.05292457
1198.74851028 2604.09640856 2981.39060304
2002.1136239 2713.14073065 2978.58968148
2619.88333331 2907.33138866 2989.85840502
2310.62437857 2664.52049625 2939.35528152
1314.0764891 2486.59381996 2986.00725158
1985.55067063 2706.05031464 3007.75241618
2599.32352072 2833.85781876 2976.59559379
1674.7008394 2628.55874357 2987.89778225
1512.79438048 2590.41336209 3013.25756914
1276.90899844 2451.83322022 2991.00183477
-22.5577348214 2542.29848384 2965.22618647
872.939156612 2698.85131169 3002.95795021
2302.4945227 2746.43221305 3006.20095519
3.36871636872 2149.46118877 2981.90651326
2322.39667682 2785.94949372 3001.18916759
1943.66280909 2671.47491286 2977.39545488
1994.48738317 2740.72868904 3007.7445054
2300.00320559 2779.43629592 3004.64678137
2305.74840179 2635.4468634 2974.36889159
1283.05655463 2651.0610288 2984.33679456
2648.26657412 2908.48685644 3003.87866862
857.200539041 2444.2033173 2987.52882043
2000.71361814 2723.22935047 2964.89846319
2093.89481443 2813.7248535 2989.3664457
1987.58544157 2799.98042913 2995.57971367
2145.54522138 2785.8107693 2977.07389248
1300.12843086 2751.23055354 3005.92133525
-783.839771613 2326.04921414 3013.22054579
1662.34509719 2524.78579731 2982.06000859
2305.64535308 2671.59777277 3004.81766876
2624.60738182 2837.38867577 2986.83906105
2816.89074986 2926.37486306 2989.39191812
1249.42396398 2726.02134354 2980.66817991
1351.25149766 2688.96288685 2992.79719543
906.800872336 2488.35456953 2982.6333829
1995.58973029 2864.65875591 2990.88976397
2306.10563204 2827.20802626 2976.61786965
1910.51543029 2812.73052974 2978.00228145
2244.99620594 2764.03216647 2985.10711267
2633.69881638 2901.07116121 2990.05964254
2587.27365874 2843.45614989 2976.23863615
2248.3193233 2875.25513005 2974.61165278
989.190342839 2553.33063057 2991.66458805
1190.40637668 2502.0274556 2971.81084778
2938.59026784 2961.66511056 2999.27942338
1656.24646858 2634.4386566 2964.47528512
2911.25988318 2951.21077038 3000.98050484
663.699825774 2567.63639303 2994.92319416
2649.8836846 2901.6998434 3009.31780566
1230.19934372 2409.92711098 2933.69009935
993.04823797 2507.57924748 2978.27229831
1649.91403078 2557.90161666 3001.42937828
-129.726639721 2620.18047668 2982.84619224
1666.43019959 2709.15919968 2998.16472892
2589.79170853 2817.0895438 2980.93350627
1001.79233788 2705.98761764 2979.01458316
430.986352616 2528.86562993 2964.19609785
1423.8711877 2797.31073718 2987.38347339
1344.80413591 2689.32058218 3011.02332277
1980.34934614 2750.76406333 3003.24603241
803.779641446 2679.57610473 2993.41330177
1999.61630246 2808.61209931 3004.43753985
1330.47269889 2786.70337439 2981.65768967
1985.62307067 2763.28671166 2990.01270889
314.480950685 2657.7159057 3002.46340867
1110.62257399 2601.73886095 3010.87496629
1557.93600505 2638.94328371 2973.27846463
751.274535675 2338.32964018 2980.38878999
1297.00913174 2658.52270382 2986.74953725
2013.87552037 2760.8273942 2985.51824628
2005.66825135 2785.02065093 3026.69540788
2895.50093912 2939.74886381 3007.10595492
2325.76756471 2837.92815951 2996.74944056
1657.50087358 2593.23434296 2973.10620975
2005.8174063 2649.91543203 2975.01096062
1508.77889227 2768.37327664 3024.03069441
1877.65283673 2757.8287156 3017.08571017
1976.75962943 2615.14186211 2975.19734895
2134.06100471 2823.24493391 2994.64913393
1993.58022601 2669.84997816 3002.26026954
2653.05394055 2929.65646214 3022.61210344
-168.263956505 2636.55330281 2997.99359794
803.599323627 2450.41214349 2984.35416903
797.579993906 2358.3932212 2943.50050826
1961.6320352 2828.75674858 2992.69818366
2348.54684306 2882.80814625 3017.00590154
2662.43903701 2893.28653081 2987.81796402
1908.39024617 2738.38624862 2974.27550269
984.892438414 2615.96775844 2987.52583834
2224.30544803 2707.32230498 2996.56978485
1832.77817227 2730.82508523 3021.82588739
1909.92300268 2701.7560112 3020.83271821
1914.00774822 2764.08867205 3037.52799004
1302.29986397 2622.29465326 2999.04327851
645.050445147 2430.6944807 3001.90490983
423.617598965 1995.16496758 2996.98441223
1911.86448089 2659.8474092 3010.29268158
1652.04895151 2818.773379 2981.09134436
1303.57127636 2700.43715647 2992.17789489
1622.4403029 2638.9160458 2993.79139203
937.744461224 2653.74236765 3010.12036467
1932.28014917 2535.07296483 2983.14537818
2294.36755038 2736.97735532 2970.69204111
1598.18614088 2443.53641818 2985.36244395
2352.91141428 2811.58866642 2999.79725913
1984.43581237 2820.5045087 2967.89651436
2312.12988696 2825.94569334 3016.09397257
2672.18401476 2891.31748172 2975.63065335
2668.04836971 2898.50265326 2995.55152006
2317.769409 2883.80344403 3009.25791401
1460.30628343 2768.55444696 2989.43969651
1343.62127098 2546.8846276 3031.566869
1573.34600586 2432.01660019 2997.55533537
2201.30944566 2779.11983785 3013.56994658
1370.76094213 2538.14127897 3002.11314793
1588.24396502 2579.29777784 2997.1339651
1570.54918436 2551.54009686 2997.9872512
-302.170957446 2409.67402959 2998.2779518
2014.77071545 2831.86976946 3003.9123175
2648.80859312 2906.21587356 2999.03673132
2222.96912229 2768.1651399 2979.14148231
202.742428626 2455.34464553 2998.50842339
2579.35337326 2834.0979977 3014.62642394
1789.94801266 2664.2378321 3009.89674192
1996.4249139 2778.5452891 2993.96027375
844.082607495 2565.84464454 3010.96862874
1997.39557059 2688.87842433 3007.54714015
370.911830215 2646.00818493 2983.78149712
1894.89682234 2788.20044892 3000.31089266
2306.46231076 2805.47988525 3008.30821722
2846.79288301 2964.09669279 3030.46454705
2276.27496624 2826.79115057 3004.18813327
1955.58341982 2672.46176767 3024.11838033
2354.94721774 2836.7462149 3007.90597717
1258.58487233 2636.11958127 3002.343826
2622.95317091 2872.4326065 3007.08196533
610.735193083 2332.22823661 3013.7707621
1613.47356999 2517.92525773 2961.6641416
14.5360007179 2283.73505356 2982.15279985
2249.23983931 2817.15291735 2989.30904602
2259.24269715 2817.95220221 2980.53385355
1985.54353054 2749.88765336 3012.42684603
2492.14233368 2879.20902808 2984.82764165
857.492754404 2635.49584721 2984.35096755
1672.54348748 2633.628123 2992.2333566
1157.26318021 2609.68059264 3013.09502197
2432.05253156 2919.3005986 2998.50274567
2212.46590515 2754.2290114 2993.6129555
1204.04921605 2588.48944631 3003.4419584
2294.82157242 2795.61173442 2983.48029134
1638.55783297 2505.94711734 2981.50165747
2592.24410613 2869.73478572 2994.8490387
2307.42302163 2761.03644036 3009.12287804
1446.37440467 2707.68605834 3016.44398116
2588.13093422 2886.54896601 3000.59050361
1605.5338812 2787.67072753 2996.75928974
2566.07142012 2904.94611836 2995.15865926
2457.54479908 2860.9699869 2986.26934557
2638.89754191 2912.95210314 2993.09923999
2293.73042395 2883.28954337 3006.1828146
2301.64583337 2847.73639804 3004.97242732
2144.16902466 2840.67017502 3017.51717559
2269.15286291 2838.53016947 2982.28386231
-214.229650164 2545.41101241 3007.42910406
832.574717058 2413.34630192 2992.70314002
1985.6684127 2768.73247712 3013.4464776
1095.9523889 2781.44319118 3020.67274956
1810.45813696 2824.33012832 3009.73773762
2864.90910346 2959.91780414 3040.1370941
2242.38746721 2700.2658738 3035.76272131
2293.95547192 2877.31980839 3032.64443161
2271.66503562 2786.70951907 3005.36521923
1276.35455615 2597.26647074 3016.78384215
1862.15705917 2732.79744216 3029.26083222
2599.90576766 2941.62558531 3000.6702189
1475.63492476 2630.64749733 3010.8319965
1903.59264357 2664.1303388 3007.97858451
1831.0523832 2570.22279141 3021.02837309
1794.81680419 2716.96924183 3009.92691039
1769.03548376 2667.00547593 3004.8245397
1607.06357736 2725.57463149 3005.00476292
1670.5964343 2826.04790371 3023.01423141
1624.27946491 2686.82952346 2986.68232879
2207.27893449 2830.35464696 3033.11977478
1728.07663205 2729.23424434 3018.31803727
1650.12942225 2488.84234445 2995.47462181
2348.15090782 2808.05543047 3015.90177631
1849.02130016 2641.66350239 3017.10792586
2354.57413743 2812.48868506 2996.66343381
2344.86492137 2778.57543623 3024.09793521
1953.13371732 2744.38188678 3007.29225541
1652.96968375 2706.34670981 3001.7095885
1969.57242209 2830.69528032 3008.5480513
1906.44002061 2829.46227368 3002.22601828
2591.70341055 2934.5003412 3017.05404007
2646.10983202 2908.00663526 3010.51227521
2273.1096001 2723.26299443 2990.33893084
1316.32176772 2546.91038739 2973.00840551
2018.15993391 2771.60791716 3024.87358483
2280.20675716 2817.26313219 3011.40480843
2321.07094551 2786.01872368 3015.35107127
2077.69980166 2807.05284702 3018.80377557
2551.14927688 2870.68244491 2978.70647138
2639.74438407 2886.27033408 3003.55173228
1131.06093387 2643.55605269 3027.33211281
1964.45501005 2846.84576537 3021.62377
1949.15513576 2754.03261868 3008.78756288
1437.00261785 2577.95718178 2997.7118964
1572.41251384 2694.18375145 3006.1182756
2930.58602239 2965.24004807 2995.89879807
1314.18106785 2709.81824952 2998.5893732
1910.58275444 2763.93946172 3011.78369827
2188.44900757 2765.3180187 2990.66710472
1320.3846877 2666.28473459 2997.57409819
1853.60773812 2774.92349309 3018.38165103
1583.49764479 2681.34516298 2998.33123942
1583.63639683 2545.14526126 2985.16778246
1526.14012835 2621.61029334 3007.61441082
1366.87209747 2684.06969285 3014.54286077
2261.00076454 2755.28218438 3007.44621057
1283.36118456 2702.32333606 2976.32241743
609.736906542 2490.79158641 2988.9440917
2309.54822017 2776.66433962 3004.16048851
1279.25158112 2487.72117117 2985.87979448
1526.78661821 2724.52293478 2999.78008944
2017.73261516 2766.1492317 3003.68500814
2434.07889808 2846.13355563 3010.49117035
2497.17161582 2832.02431413 2958.989904
2584.0022223 2890.86643781 3011.75838226
2311.88455107 2790.21386684 3026.65618348
2238.67278429 2824.29531255 3010.61869156
1280.5902472 2590.42049661 3009.00244269
1931.50994113 2687.30393019 3016.45397374
1980.25888522 2705.31767588 2988.96458108
2300.25047261 2851.8297799 3006.66183669
2010.36916449 2497.53563713 3013.53381638
1636.54189177 2666.8092593 3005.34966656
2351.09839178 2832.0902486 3021.39441565
2044.29299599 2695.07086977 3010.47356136
2337.55177186 2864.73197694 3004.24788605
1975.22185031 2751.83689125 3003.6191023
2200.63444487 2852.59849392 3007.48023456
2638.04192235 2890.31635582 2991.96476132
2221.73617842 2812.75422699 3033.93715995
2011.78351918 2600.00593021 2983.61725015
2336.18239292 2740.14683079 3018.68819728
1915.04421272 2613.80170742 2978.70093394
2652.11158667 2896.6368556 2990.90469213
1959.02955005 2826.38474364 2991.59308104
2814.49848384 2944.76331861 2996.96386503
2132.53149049 2798.48449602 3021.38854809
1972.81896956 2725.19101352 2993.23690986
2328.23776149 2895.22503472 3019.38051608
2657.63126133 2918.19430967 3005.67703431
1356.41678307 2761.02743162 2976.31821949
1193.23433302 2716.61975088 3005.40475666
1570.77748551 2737.56048082 3014.89039961
2937.74960519 2975.81089146 3031.37626322
1997.45802082 2822.65175401 3023.19120039
2234.66109286 2691.36186191 3027.1235279
1782.23455858 2734.42312545 3017.83935645
2326.30397255 2832.31382053 2999.90381531
2341.31412116 2798.965646 3003.60406181
2271.1543475 2758.81088473 3012.82835391
107.713128828 2604.10097901 3030.30513791
2603.00800879 2875.66665141 3026.42484581
882.694761358 2461.08390013 2989.89702364
1959.51648256 2774.79070038 3007.60813774
1324.2198098 2508.17425649 3023.87177246
2614.42678167 2938.85443235 3016.95760237
2281.32296556 2838.27653415 3036.51495679
2340.63695048 2867.16363179 3013.8434068
1259.29954318 2456.12683802 3023.65217877
1096.85871552 2647.76929875 3026.84584374
1601.55882393 2590.22237214 3016.85557851
2351.99846739 2826.94823842 3033.9879267
2308.62264898 2774.85730104 3007.35892248
2238.22011702 2911.68887972 3007.23811692
2305.34516843 2874.62671518 3017.12769096
1924.97337841 2700.96708728 2986.68415698
2234.00177925 2793.19974021 3015.00804887
2523.3667736 2836.53683456 3006.18957657
877.387713781 2445.34264964 3012.00649755
-164.009849437 2345.90278673 2985.03839376
1543.35626981 2541.37027392 3019.85947693
1245.65378453 2563.78803739 2994.53221612
1800.18498714 2734.00808935 3020.88706711
1829.54388253 2617.88000827 3015.41532049
1978.30409495 2810.14003836 3014.40906881
2308.15524891 2807.94953536 3000.33268875
2337.51724204 2888.43315886 3018.89202621
1642.46527384 2720.05842861 2979.37338428
2584.07890342 2871.2843843 2982.9190262
1295.92223418 2754.95417929 3005.52822625
1913.25036074 2870.65633939 3009.16884196
2885.08591263 2971.76252526 3019.14805853
2627.46412504 2933.05744635 3007.49245219
1662.0762656 2796.03089476 3020.67591782
2022.00310809 2699.07498175 3011.48872635
2282.10023443 2857.43884777 3009.25121273
411.77923806 2612.09431974 3021.0795559
2301.00953312 2727.6346472 3011.38524061
2563.56597257 2838.87044603 3042.18979884
1653.30560236 2801.4073536 3021.99265662
2524.77301634 2770.93961568 2992.35129622
1814.34860177 2786.47425627 3000.80701625
1475.70319962 2689.52130953 2993.67200396
2555.12541224 2887.8469681 3021.57815019
2280.6225518 2790.67625586 3011.78457134
2652.26800269 2913.94517174 3014.98622799
1163.54529509 2490.71180845 2987.46471688
1985.61716523 2563.493988 3005.15975775
1553.65292753 2541.71288664 3002.28754799
1396.15338417 2785.4185187 3019.74861696
1883.29877199 2653.08620094 3009.06633426
2322.802538 2819.19704581 3021.77641514
2647.81898322 2910.69387217 3004.05905481
1218.07672407 2715.49141993 3010.77594235
2335.19681107 2814.89559112 3027.19784605
2296.74274399 2855.36477193 3001.3505997
2348.62681085 2824.12861743 3002.71049544
1476.15290049 2592.61151509 2995.22266439
2247.48687417 2865.50885415 3044.64539612
2596.29713772 2870.86747849 3022.28550654
2628.13190839 2906.20234999 3022.08977506
2050.022134 2783.5042243 3015.1592065
1677.41073968 2523.74059093 3026.59820763
2390.29871578 2775.75185399 2991.44926544
1376.29730683 2792.10137947 3029.75138294
1579.4957941 2722.13145212 3024.37592524
2021.15350427 2805.11480551 3030.12074994
2917.11469469 2980.39929678 3016.02432327
2178.80903552 2868.10791382 3035.98815264
1648.30675761 2691.20207792 3019.56669894
2298.32236701 2780.49426783 3031.15723711
2038.73123577 2804.57215342 2990.17213452
1945.00321821 2768.94475577 3025.82671216
1658.0814265 2742.84784421 3025.55361581
-535.944040245 2048.14335263 3026.86819009
2267.45071548 2727.36871676 3011.86150134
2303.66474217 2688.56153103 2981.63227808
2630.7936525 2850.40760052 2994.80202363
2308.2337608 2813.75943705 3052.54113359
2328.76194418 2811.61086275 3019.36524475
2317.24560372 2847.03782039 2981.53172162
1989.12145729 2630.46819293 3010.43469734
2644.80292349 2894.71783224 3045.95662189
1894.76475462 2701.57748806 3028.5094138
1323.91184262 2539.3261818 3028.19796101
914.119652385 2253.21731088 3008.83894041
-256.187986592 2348.66464336 3061.64629405
1930.32065783 2598.17112708 3002.94995537
2656.90926708 2957.37751364 3045.07380822
2471.80235556 2932.89578844 3027.65706303
2623.32179258 2863.68708922 2996.24535773
1880.88414482 2712.66547332 3029.10457529
1507.67811402 2538.62689327 3032.19025009
1559.19914318 2570.17090119 2993.07220303
626.973378484 2273.10881146 3000.04747848
1126.07355322 2689.61934217 3031.56956417
1949.2926008 2602.5200857 3004.4697632
2314.98994046 2831.28050629 3036.79665358
1343.62566994 2726.89242607 3018.50885552
2050.3118965 2808.54693486 3022.11980327
1609.44601934 2707.37658593 3011.21256908
1029.26930849 2604.41243549 3027.9282498
1561.74852457 2638.38470151 3035.36997993
1243.89711719 2643.44651405 2998.1132944
2308.28417969 2868.99598928 2988.44986592
1902.99748473 2530.01496727 3001.51436267
2671.20881649 2938.06015806 2997.54762866
2262.68719636 2800.61389471 3017.3890337
2690.27686366 2899.42505753 2969.91312661
2297.10300557 2808.65742305 3036.82322575
2648.94379814 2855.31278013 3020.35658746
2651.03426654 2942.52412031 3029.93533338
1987.21744772 2674.43521597 3043.86850758
2327.57249459 2825.04510457 3018.54899351
2677.29312043 2934.64055345 3048.53832811
2389.91440206 2833.72992557 3033.52618549
2329.17150924 2775.02226925 3003.51938889
871.263250128 2530.93225111 3052.46718906
1212.4391344 2757.12441652 3038.24879089
2239.33956178 2600.4150637 3010.66532942
1907.3428957 2753.14709149 3030.61173849
1949.96443934 2788.82058661 2999.9266065
1225.64020872 2591.81987814 3007.81560959
2016.68861255 2713.3411275 3001.82012607
2019.03919459 2764.78323451 3025.96378603
2351.37742998 2819.61009265 3047.35064583
2140.4915346 2819.87517565 3033.58764214
2593.40786302 2913.04691334 3005.60097945
1465.74775669 2650.30271252 3016.00980716
2041.23504194 2761.64222926 3012.19478779
2044.94571145 2741.89562776 3033.3969597
2314.49589563 2774.59144283 3032.47513772
1982.99297161 2726.46850164 3016.16676314
2939.53124781 2986.46366206 3015.60917874
1174.40001997 2610.8274649 3020.69796679
2021.30657464 2769.49086952 3016.77954679
1311.57727833 2684.61874867 3026.33512717
158.139157181 2658.35488748 3011.53547722
2642.49508639 2904.23453759 3006.53088362
1915.22863454 2784.3563713 3043.73294166
2569.21107859 2881.38197902 3023.25113783
2342.09086856 2785.00100645 3013.64370798
2636.57560789 2815.54601048 3008.04906025
2033.28091131 2750.60951511 2992.75881791
2663.4710524 2869.2675888 3020.02081102
2601.88398276 2910.06065716 3032.68264931
2331.62990798 2860.86899707 3007.3789595
2572.01188841 2922.75040796 3016.03809857
2277.79323335 2838.10346944 3013.76738166
2645.69861174 2955.42680359 3042.19480522
899.895259216 2632.00174353 3027.02805702
2215.14260551 2660.82860241 2998.21623326
2618.73270475 2906.66160484 2996.62666733
2665.77626258 2898.99227359 3017.82092007
1280.27571872 2750.60849787 3022.78281455
2647.67987824 2939.00322182 3044.49425477
2641.72586554 2906.6486012 3067.50352008
2335.36651955 2824.79806463 3033.48514211
2025.19552221 2823.87967398 3037.61022068
2370.35047437 2890.2370876 3027.48846014
2042.27388253 2793.19207413 3037.95470802
2389.64963068 2924.08113742 3031.39649119
2002.25935103 2804.50067296 3046.8048991
1633.00320573 2618.82733282 3015.23022678
2279.13696618 2767.40215525 3026.35652821
2201.02088567 2775.19502379 3030.36586821
2331.4390618 2785.68473263 3019.82389894
1665.88488963 2784.31056444 3029.07390899
2275.20504295 2753.28992658 3011.10418209
1950.53563923 2706.16226344 3034.7345979
2357.35339741 2864.01706629 3037.91933481
1584.66443419 2623.27116022 3047.01055514
2691.7113978 2901.2778206 3022.42511428
1967.4921244 2684.04289403 3022.81735734
1262.65439399 2664.25685517 3019.30189858
2710.13370472 2975.65311569 3036.99984291
2232.14814752 2681.17338537 3015.57222931
1654.26830797 2757.40219852 3017.24126375
2568.1317461 2887.82449764 3055.33997774
2037.67968356 2798.52790584 3050.12514757
2360.25394159 2854.85144794 3042.71363566
2357.54079647 2804.56941987 3027.65823424
583.084833468 2608.43639747 3019.81484148
2269.58298578 2848.07482901 3049.23559432
2657.64723025 2863.20924665 3027.32874512
1603.88125482 2705.7681901 3032.14637734
1311.65504711 2581.51678331 3034.78654013
2344.7168561 2883.96359123 3032.81570606
1972.68728154 2752.2770344 3066.4710537
2348.27316407 2878.12962899 3017.68207759
1280.36757405 2549.56247761 3030.81146582
1923.14581314 2782.28870419 3059.24772349
1586.89223691 2764.13067852 3054.02361352
2313.6368026 2793.35008166 3052.06996216
1633.90550156 2659.41815533 3004.84444566
1920.42904653 2491.97584766 3016.20086368
2041.06852154 2796.56489243 2992.84716629
1976.57351917 2816.27192086 3029.57664448
1297.72542205 2589.11925262 3016.84526234
2348.96264559 2879.94557719 3004.54627709
2320.72894268 2826.34551539 3056.87452741
2602.17140985 2885.16764942 3020.24015805
777.585004171 2315.028358 2966.26079888
2343.26594095 2821.36017142 2999.36778097
2668.27781282 2935.96597581 2993.33475606
2308.0463194 2835.03954223 3045.16997676
2591.71612404 2863.47583979 3056.89158868
2029.65649213 2790.17093214 3025.22252566
1411.1349446 2530.79361308 3034.19951919
878.159903524 2579.11529552 3032.13735883
2002.62282449 2771.32100413 3019.08894025
1633.10623411 2409.81835625 3029.12937735
1939.14391186 2762.18082034 3040.85804198
1243.26442293 2684.3125756 3024.40785616
2289.34315073 2812.80288721 3018.98038079
2957.70992341 2987.51812406 3017.81223453
2587.66243554 2879.54697457 3026.16539747
1916.39266225 2694.27221905 3015.57036485
2601.51636147 2892.82152282 3032.42967827
1982.59717787 2756.54730956 3028.39235229
2307.6807947 2858.18219034 3029.91523904
2353.68070293 2813.81828095 3024.60143155
1990.11850669 2747.18309426 3007.89605085
1631.18884123 2705.04485825 3009.94848226
1278.6221014 2714.15173165 3031.08154914
2354.38251989 2866.49327704 3028.90428618
858.011687081 2721.58379292 3043.92004165
2012.95227842 2822.88601069 3044.4482391
2354.46888453 2856.69086972 3023.38678193
464.848007119 2644.91954485 3038.51774614
1960.07872619 2778.78504463 3013.80987786
2001.19902241 2796.46490036 3032.74706667
1657.20895021 2531.8526398 3069.57074999
1011.66203833 2731.26620739 3052.88485941
1942.08749701 2614.61015262 3018.88308658
1213.96950345 2427.14047899 3043.40423148
1999.04769253 2564.85174798 2994.73437016
1702.70766005 2450.22163948 3021.37377733
2031.40245877 2797.00584728 3008.68716326
1660.82036782 2743.38478939 2982.12109233
1313.89744037 2587.64132552 3037.84575694
1303.00880399 2488.70749431 2979.17203146
1925.89485829 2589.58700156 3024.43354046
1923.1030561 2626.69418099 3029.58645919
2308.05237625 2790.79728424 3042.10602905
2359.24249898 2869.11784521 3038.00082782
910.693139773 2545.21926379 2994.69905433
2270.08088953 2822.18513218 3034.43818233
1989.81397216 2856.32728182 3025.56847456
2035.42953074 2850.33386965 3056.19856754
2316.8714689 2758.73201824 3036.04726773
2318.88461067 2728.14106879 3005.23723315
2333.55708258 2798.48626393 3004.00486094
663.954194904 2501.77876369 3016.37236625
2026.01585768 2781.32710644 3002.81882163
2328.33292867 2807.82896497 3024.11529773
2381.78199037 2862.81119219 3026.54518449
2554.16755132 2930.26926547 3022.26618731
2324.6598609 2813.52635287 3023.11975043
2602.44371562 2902.80869788 3003.18441996
2323.47259683 2880.34594291 2981.0472706
2245.89641825 2817.43080338 3042.63378475
2489.49501746 2881.63958884 3020.65581982
1983.41248365 2754.21545707 3008.64114264
1887.09403036 2692.60467491 3021.12041228
2309.77303245 2880.5003804 3039.07756139
1418.85583668 2762.95718839 3020.0857369
2672.54892315 2949.28562955 3020.94505939
2579.24697444 2870.65869949 3026.92068435
1904.4657062 2701.58546062 3019.65206995
2327.73227033 2892.46277416 3037.13073257
2677.14585309 2969.18667772 3057.57360363
1997.98416492 2694.67682816 2993.4895115
2287.62007825 2847.36212605 3017.15026437
2589.73404304 2879.75524591 3033.45628764
2698.35879259 2962.98040814 3038.08963221
1946.88742502 2737.75293892 3034.43464067
1656.95787341 2755.51531286 3065.49373971
1845.78579606 2765.55961976 3025.67913489
1922.95964804 2803.02489608 3058.19322766
2282.2684151 2821.84280062 3004.57142554
2307.42501281 2807.27788486 3021.18417328
2204.59146167 2801.37886872 3055.12555329
2653.37067735 2929.41562572 3021.77540419
2329.6021162 2741.34492561 3005.53004021
2311.21251904 2832.46779546 3034.44214311
1870.00278311 2714.66962859 3025.20299512
1900.33399849 2833.53801552 3035.60789395
1079.4721919 2675.69827328 3008.08763602
2347.81437908 2797.48935052 3047.20936357
2038.2367696 2884.61254198 3027.10914536
1960.88919419 2843.35724672 3023.09737282
2353.0132043 2802.39634946 3005.58458189
2653.12891962 2919.48357115 3030.59755581
2606.11568821 2930.65112179 3003.5102961
1880.38290627 2452.74182427 3016.67325862
1682.38404864 2748.66192295 3072.60408648
1199.31649162 2400.51306859 3034.19948913
2361.72004352 2879.71909929 3071.56834585
2302.048482 2790.94326954 3047.14308723
2476.98976909 2849.09858283 3037.66709387
1789.49824826 2786.1706361 3052.66726956
2309.33656155 2895.55439832 3040.11942228
1878.49036251 2553.94933939 3039.50891026
1758.8993922 2565.26627347 3041.15806874
2625.69358715 2877.0962376 3021.27083875
2377.57851668 2772.01286159 3005.1416011
1549.90415514 2450.54330156 3014.39554472
2339.08152467 2778.90858709 2996.63444243
2008.73942773 2790.81423741 3034.84832142
2609.9508649 2870.59578305 3059.74803172
2812.2800375 2987.92905923 3054.45840289
2697.72956856 2939.61184053 3047.09681832
1645.15034964 2564.88425284 2983.55492051
2585.21442756 2897.28328426 3054.84967051
1795.26286578 2548.208178 2961.89478786
845.192093983 2452.2616929 3036.409255
2001.2167672 2745.93310674 3027.32911295
2329.36859407 2766.88048102 3071.37946543
960.286636507 2635.46720701 3012.65914552
1557.10908031 2680.82861912 3059.06857057
1970.86832766 2731.86513909 3032.50327441
2659.73795098 2933.57489765 3081.60917899
2361.6142009 2829.04408627 2991.66294738
2333.18311562 2849.45157379 3023.30616774
1292.08069915 2600.48208789 3002.05302057
2607.16195856 2818.65914677 3005.86947598
1206.29470017 2742.76985468 3034.01151841
2281.58533021 2907.48362415 3044.07418967
2905.74143284 2986.81814627 3042.27500708
2648.21820751 2886.72898844 3034.4461888
2608.85319562 2868.36639335 2999.66579666
2198.22499978 2889.22884028 3052.49470192
2215.81358246 2769.69524533 3028.04226824
1990.79175454 2605.67755629 2954.21600973
2620.11786816 2893.57641595 3081.58787026
1943.37741176 2815.92848388 3022.54287437
2022.71453326 2851.773792 3050.31015529
1995.01875501 2681.3714369 2997.55852085
1971.50203216 2799.33299264 3078.63719072
2616.47015996 2963.72067237 3044.37817768
1302.40444896 2613.23635102 3012.81063496
1627.11982104 2796.35357094 3045.49730986
2376.29816434 2765.11914356 3014.54231544
1990.96169626 2765.39702546 3003.18099952
1573.38949417 2699.22971187 3044.60541999
2617.59800867 2842.40102625 3058.83491275
2030.44451512 2659.00803932 2994.28226209
2648.5818489 2901.16554974 3028.13033146
1985.49222137 2761.45456671 3032.21473081
1667.10040559 2743.0102742 3037.14092951
1703.71561647 2614.73881938 3024.49349622
2363.35337731 2912.39465626 3018.34144787
2234.31370775 2813.33413997 3017.42488617
401.238338143 2653.32877216 3038.24853516
2577.80912395 2870.81671438 3014.57865536
2652.8654833 2954.44140095 3029.29275269
2321.6880743 2865.33111843 3019.50283001
1940.98780008 2691.63454265 3012.87841894
1507.86240129 2564.72730327 3032.51194731
1978.1650337 2615.23087923 3048.79247923
1576.17763395 2680.81171528 2999.13523584
1595.99982741 2578.22343956 3048.9625254
2018.880969 2743.01048252 3026.93462724
2117.44352401 2747.5358745 3006.91832099
2287.22963939 2788.21115644 3008.37926346
1841.6486172 2743.03071927 3046.23511097
1825.57899227 2712.3191306 3014.8609691
1666.02280631 2795.98532201 3038.52932191
2308.53802704 2865.0698108 3040.88768643
1965.26341022 2631.69447032 3007.44723356
2343.37263048 2810.02427792 3044.97723235
1994.48277168 2871.42091017 3037.14662804
1675.25503866 2649.33273969 3015.06497812
2676.13119781 2957.23985029 3027.8754785
1839.57480039 2721.62111616 3007.94174245
2571.24644201 2914.35921228 3000.72210277
2617.84363357 2892.08495368 3010.36307266
2299.14077924 2821.46300132 3034.81489984
2603.42762299 2849.73385938 2969.18347701
2628.44000997 2820.27523587 3022.96799621
2703.93506251 2956.99337967 3046.92557137
1881.15531441 2821.53058711 3019.27178267
1860.80285769 2711.87121405 3017.58479898
2268.19446625 2881.68825026 3074.23128484
2551.69224382 2844.74584602 3009.23896411
371.229085027 2638.63534386 2985.56224787
2312.26763656 2755.01882444 3020.65275453
2603.94279941 2954.15572456 3038.03038018
2571.85159836 2865.87822136 3010.60691128
2351.53063114 2810.50458964 2995.59059341
2628.3614021 2919.39641505 3037.19420546
2597.5113497 2920.83397187 3006.75902098
2675.6530752 2946.68259063 3015.14636967
2631.48604244 2900.84858268 3020.60206745
2115.1440149 2806.56720966 3025.69214426
2245.48218617 2836.23758431 3010.01823394
1767.84190997 2673.63737753 3017.88723015
2205.79970043 2836.59175911 3047.73756695
2393.74581676 2802.96905871 3018.57122338
2588.96050934 2908.80701433 3010.91643201
2614.40565925 2951.0678436 3032.61629053
2233.24801644 2848.49971994 3041.82355561
2923.38373333 2976.24015309 3049.21891254
2332.28750438 2892.43243697 3041.87971447
2635.01535903 2889.98300137 3020.02174446
2217.7197843 2877.40953874 3038.15529359
2099.46942904 2823.09462119 3001.19031102
2253.24312262 2749.6029623 3026.00866889
2312.10473448 2887.89760656 2972.22076787
2271.70992965 2904.40871141 3045.23538258
2585.21301427 2883.56147632 3015.86944276
1530.1985437 2752.86215432 3001.32168489
2314.76085373 2916.55589422 3030.18038728
1967.19392145 2673.41687306 3028.56132974
2265.05661048 2841.81864459 3020.73211889
2319.62502647 2813.10019408 3018.80410824
1581.83439533 2794.13095073 3024.26919511
2664.85900408 2922.5197825 3003.49761433
2906.4920376 2975.50402748 3017.53558925
2642.11930546 2955.59592396 3040.09157091
2638.10962412 2893.37501107 3031.41621456
2306.49997016 2888.67682408 3029.31373148
2293.38931296 2805.14319634 3042.93142657
1916.48134324 2818.42857152 3040.65179563
2652.31193764 2960.71699821 3034.32299523
2670.64895805 2948.70368408 3023.43130919
2606.95838567 2923.19860509 3041.00551944
2634.20464192 2952.03740411 3022.04334116
2604.31977102 2949.77977212 3043.98252292
2316.80903423 2720.70644274 3016.22361101
2598.57661738 2909.59901193 3011.79218253
2164.79426929 2815.94514359 3041.96927257
1898.53415526 2623.74516566 3032.00535454
2670.72084148 2886.0337636 3000.72327551
1979.1894844 2702.30539183 3012.84198047
2251.58693225 2775.86840187 3021.98816461
2643.22790053 2909.79087328 3051.77472306
2683.17095348 2935.77163554 3037.01419963
1087.33975464 2556.47912008 2995.34200131
2491.7733694 2819.54834407 3033.64883608
1657.01830706 2615.32836892 3011.40814556
2619.77101064 2949.56065048 3038.73433387
1922.39443157 2634.38642034 3023.75572166
1877.66122547 2770.10505656 3011.37229932
2684.75750626 2923.67461939 3025.86180172
1240.26512133 2658.36884006 3047.01405845
2325.68906633 2771.83678826 3020.50187878
2533.79230146 2902.27699121 3019.26177475
2322.3367566 2884.30398284 3032.3731455
2601.03762888 2949.67500894 3065.44029652
2285.95494697 2795.88335378 3028.15819139
1693.37395363 2607.45623582 3019.42710313
2620.83570947 2923.78455977 3032.81509796
2591.24185932 2908.49127569 3040.89017715
2652.37621271 2941.58110007 3038.56652704
1229.01854278 2817.51783588 3032.5746265
1912.63641138 2665.41041154 3055.40070803
1659.73087771 2805.15293941 3070.10708387
2165.65041393 2687.22224161 3035.34785475
1567.76202376 2683.29086328 3032.22581091
1942.86127391 2747.50043845 3033.95320639
427.907886068 2384.17024912 3038.68521453
1979.96279041 2818.11258139 3047.49067491
2366.60811555 2892.53664924 3043.93023532
1954.41332061 2768.02694768 3042.6307359
1265.64882831 2677.42373275 3044.4182923
2638.61866815 2866.153088 3014.89631073
2210.48508164 2846.54853845 3011.00020324
2636.24462372 2815.90723116 3024.47958589
1653.88327964 2627.33062635 3019.31472723
2378.57665116 2861.87060744 3012.7588503
2627.27154169 2863.67522349 3038.79126649
2230.55626434 2889.26807439 3015.61979125
2008.58962825 2829.42980148 3054.79431361
1898.49538246 2838.16461453 3014.84014802
2617.71564857 2907.67031634 3034.52921717
2942.58000656 3002.08005201 3036.32654416
2149.41594422 2648.10778139 2975.61707355
1989.65747224 2713.41408362 3017.50716881
2675.45377513 2937.43697728 3047.89299648
2287.07070988 2768.42744814 3023.4359534
2515.26231119 2901.37289402 3002.23594651
2933.05996964 2989.28902218 3013.5043879
2645.95358457 2955.1275818 3033.40269685
2286.89429171 2869.91422978 3032.38745971
2256.48272106 2832.11178543 3037.50228837
2122.14319778 2785.93445625 3053.12397857
2352.01995098 2912.95226976 3042.82065281
2582.40717911 2896.16025891 3024.62897307
2637.96226256 2851.21991563 3011.1572741
2312.76065513 2851.61054836 3008.47639769
1796.68297828 2817.73186218 3032.72375224
2560.05705861 2954.34423929 3037.7825517
2270.67671677 2916.68068405 3017.48569058
1984.78760432 2804.24001427 3026.99170621
2593.40488247 2815.53639622 3045.52649032
2629.43190549 2948.89689353 3021.45676886
2221.98514317 2793.78012988 3015.9396139
2555.21613594 2801.15989413 3023.64637672
1572.99911621 2784.11155151 3039.31275189
1630.05606098 2623.90295351 3030.77235876
2005.96847083 2686.59197796 2988.41632015
1961.05208341 2745.73458238 3037.03561489
2294.02246175 2897.68622711 3051.32346115
2582.62237568 2925.98378972 3039.06470484
2284.9812985 2777.01959409 3057.35300243
2337.05740018 2813.6378066 3011.27677033
1752.30673551 2512.77997373 2970.87830705
2050.10552647 2722.86739371 2989.65269669
1959.71895186 2634.28746934 3001.71576016
2622.89191428 2911.24751455 3025.78978799
2586.6275014 2867.70375131 3045.11154167
2621.81200491 2926.37959866 3060.86018375
2280.61806725 2775.82657669 3013.53980579
1617.8773607 2844.21371761 3017.84846472
2675.17399676 2922.06122996 3017.34561723
2658.26927655 2927.99406227 3010.26335046
2368.91370766 2815.23611368 3021.94101387
2679.54458043 2945.20050233 3019.28544851
2631.07820184 2883.93141765 3046.27847598
1924.49790482 2648.55606816 3009.08588389
1640.27299735 2606.86263257 3047.00515951
2668.42560056 2962.94245915 3030.88037962
2629.29092204 2913.92994491 3040.2952798
1977.75896005 2776.28393878 3001.70613477
1874.09306884 2730.13984448 3045.11500032
2361.45573606 2869.9769112 3050.08451102
2574.08816833 2902.92242209 3024.56689561
2532.63689562 2829.32500221 3029.41695655
2640.3528903 2948.35603934 3015.9721833
2586.95742796 2859.44377775 3037.66998573
2605.37024948 2862.20306204 3056.03184868
2319.95246517 2881.06096849 3048.40643222
2341.51121959 2877.71951756 3019.85113069
2921.67058867 2982.92782124 3032.22225967
2303.21250864 2844.30942396 3035.7547891
2005.55036217 2663.13929542 3051.30908
2322.87705378 2903.96071436 3054.47042081
2241.53054517 2753.53993872 3045.75539208
2327.15986272 2812.86590171 3039.51258733
1547.18536846 2775.55417429 3045.5192564
1507.79673454 2753.50439354 3049.35086268
2669.6216942 2946.79524688 3054.51331961
1968.91980595 2706.86761155 3041.47498599
2324.96618734 2691.42688491 3043.75345807
2206.703036 2781.59450021 3040.55386438
1261.55986838 2727.39470096 3047.58203534
2312.84726215 2698.39661527 3002.47396064
2370.73536179 2885.74940402 3003.15295306
2230.73841687 2828.23701157 3043.58713739
2382.66026491 2838.93074338 3037.97208627
2334.50546432 2829.46254182 3053.8870233
1633.30661364 2737.93351968 3031.70476756
1678.80319877 2575.09182772 3046.56334867
2324.11413462 2835.48439862 3045.35979107
1577.98869803 2707.04162828 3007.16636898
2644.49009003 2930.5647298 3032.09744989
2334.78464494 2660.93032574 2978.15045197
2031.50836853 2777.08298613 3047.13436834
1904.28364991 2727.95995018 3046.02975797
2589.44151313 2934.56052862 3056.13526259
2353.33430809 2764.73571422 3052.38806139
1185.02931724 2621.38195447 3047.25629547
1259.13364257 2493.14537162 3034.43158702
1951.32293846 2769.5692502 3044.23902403
1598.93439688 2725.56180733 3035.31569082
1967.92820587 2819.8962439 3043.46082044
2019.05862455 2881.23465119 3032.6474306
1975.14250481 2842.70261389 3052.6297845
1631.58283852 2506.94855317 3018.2327124
2602.77835663 2867.44707258 3053.1229917
1646.8979826 2790.78200465 3018.3051269
1931.40020858 2698.05595897 2991.82444297
1655.75917361 2695.90156969 3027.01371382
1599.97135754 2669.25054166 3026.12868994
2353.63884227 2904.3977101 3051.3499795
1925.23478093 2731.99340543 3041.40100792
2577.29331985 2847.09803208 3047.80574236
2321.79570138 2736.26218862 3043.69782366
1910.2284588 2673.1420163 3034.94830407
2386.76033714 2824.67991952 3043.69467531
1929.02956114 2536.34844986 3044.05303573
2015.4876297 2820.94514456 3021.85791229
2664.44894931 2902.54265371 3042.58135506
1619.99511998 2770.7064159 3028.7875891
2949.09974583 3006.98566903 3063.44415378
1942.23084949 2798.3230443 3047.27651481
2316.96043431 2814.63938918 3061.43237218
1640.05645335 2592.27101822 3007.73218098
2605.72719575 2898.70160157 3012.72181206
2623.90822049 2882.71173077 3038.76834382
2364.15731248 2821.21833073 3035.62590048
2584.3022759 2894.36826721 3045.43951946
1995.56607859 2781.42702814 3016.77021424
2618.42967821 2890.07109125 3032.13551124
2312.98825519 2842.55963607 3044.45875757
2584.20506431 2836.54249718 3029.198579
2310.14135209 2878.77077546 3003.37598768
2353.52842561 2873.05193929 3025.95438551
2660.44292623 2930.17282489 3030.87728632
2274.24525734 2855.8052744 3040.30153008
2382.07949366 2930.95058269 3039.04476108
2675.76934404 2940.50940137 3036.71952266
1946.45666402 2708.8277016 3028.11804346
2323.48497878 2794.65214456 3052.80721125
2599.08484953 2960.2850315 3069.17499856
2935.94087641 2995.47076012 3024.42461158
1119.02012519 2711.86343687 3034.99598884
2537.90206662 2702.57324181 3033.76558753
2256.50017977 2771.80484573 3057.24696924
2315.83480026 2823.3513702 3011.74017362
2370.01157191 2918.09381813 3064.02247034
2362.5571797 2807.10469609 3049.01870326
1599.22078875 2664.11401445 3011.22294267
2674.91076081 2940.07982588 3043.37561423
2001.24023074 2766.17569065 3064.6713636
2620.30901847 2859.57572232 3042.46292731
2254.32740166 2829.99591421 2998.74896267
1983.6513655 2799.12958302 3055.66510167
1927.74349561 2787.13753663 3040.35934833
2329.07198946 2802.17283088 3032.40549041
2565.28004382 2861.06021173 3053.28015188
2058.29189697 2633.70454437 3034.48609208
2348.92188469 2694.96369169 3019.51246377
2288.25980511 2931.1377537 3068.06491354
2330.28252875 2710.65844141 3046.57475494
2625.20887899 2852.29942796 3033.19890063
2613.22654743 2868.39435845 3038.14426492
2273.93644658 2812.43867276 3036.30965806
2680.83378262 2962.61784825 3056.50931162
2612.03930232 2854.82620897 3053.73320367
2651.97072941 2903.44279639 3058.1830328
1648.04764002 2699.93539563 3016.99707246
2305.31806711 2752.26838533 3020.75014937
2255.89577369 2748.0457426 3038.73030681
2226.24113432 2812.99843119 3032.76567529
2590.96537321 2877.18903866 3022.56308977
1674.34202551 2617.48779087 3025.7510168
2312.53889157 2703.3615858 3058.06134538
2587.35140349 2863.60582837 3010.30584763
1293.56045139 2666.67060611 3044.45845546
2610.00291979 2841.13142184 3008.50653406
2348.93214694 2895.17000898 3033.13136742
1818.74617514 2729.69107711 3053.8902961
2022.05121898 2861.31644483 3047.98486252
2629.7493111 2865.07796351 3054.81100879
2303.6456918 2842.15781496 3032.74871231
2352.98865489 2811.94097985 3056.40908228
2292.38261724 2713.0428687 2993.94537179
2316.94953472 2853.09404083 3043.84978828
2624.75751207 2896.7829297 3028.21740699
2024.35552588 2873.51815832 3045.01044199
1555.57322244 2563.63113035 3009.71344583
2252.88810649 2831.77690497 3044.16104347
2675.73240538 2888.32946669 3018.28030853
1971.07904381 2651.39952865 3026.74216279
2320.74025576 2798.03004259 3050.78398957
2625.28566608 2891.90900052 3026.0937312
1215.41139294 2813.44892903 3072.65711469
2338.80238783 2916.20578911 3037.46104727
2028.41817197 2540.71416584 3022.56659271
1545.33763333 2710.52635348 3010.55661932
2599.24571789 2931.15571841 3045.61735396
2245.6426976 2855.07658059 3032.1649899
1662.41158263 2687.53338974 3049.18587337
2265.58897427 2800.2613342 3021.38557452
2323.10495684 2804.89225817 3029.77075588
2339.95598959 2801.42897641 2992.69033308
2306.59003536 2721.04233483 2987.01469539
2561.90853405 2945.44809125 3036.26245509
2665.50814602 2913.65751586 3041.85664911
2587.65959119 2829.40738667 3027.67055257
2644.07785778 2857.84093974 3011.2182583
2192.7002147 2811.02908259 3022.10157187
2304.13704415 2899.70188496 3066.44909216
2587.20920059 2793.74492746 3030.34509059
1980.19356879 2563.28018829 3042.93408229
2293.73338781 2829.34725728 3025.70400804
2615.67087579 2882.94471441 3043.52233084
2600.02619496 2845.02274703 3034.27444595
2241.48506821 2825.98496807 3033.81507119
2317.85716651 2820.87311615 3010.0375189
2364.23599926 2682.11515222 2973.0022845
2301.7782496 2794.45466032 3037.21380869
2252.59970424 2836.47048003 3052.0112768
917.807407217 2629.78276319 3019.5372953
1643.04398494 2711.20637935 3048.18286993
1912.98909035 2655.71080145 3035.36534668
2325.7487084 2718.93121086 3032.80468536
2329.22020781 2905.33154994 3045.09058204
1303.02468065 2708.99739044 3055.60369411
2264.47244438 2653.08298699 3036.09218652
2308.99875115 2852.96297337 3026.47206457
2338.35975934 2874.40725674 3053.52749396
2662.91029605 2888.09180955 3054.80073562
2289.41267538 2759.25681181 3034.32362374
2601.46101751 2866.10454863 3041.33742498
2652.04403703 2924.70565749 3040.21392137
2663.65466631 2867.66876894 3028.14249078
2296.71718571 2721.39827361 3075.48218264
2657.4277082 2861.47551175 3016.91847425
2600.6510641 2870.57486263 3003.27228436
2256.70635416 2747.08434151 3037.35938145
1810.45488982 2819.57581097 3017.83705641
2581.19187346 2919.26127998 3032.96032199
2242.10626758 2805.94629097 3041.36619062
2658.99470618 2964.17473117 3059.0169603
2306.35626891 2846.75425056 3029.14533828
2636.77990377 2825.45911697 3030.31325501
2607.76672271 2902.47962643 3050.27613074
1952.12298069 2740.89304894 3008.95639268
2645.13567664 2901.29609439 3039.68400142
2301.79014672 2921.176633 3028.83627367
2601.56782635 2829.15848223 3009.43868847
2285.96877104 2819.56388664 3059.87696151
1999.65041254 2754.31174 3033.95150377
2651.50763367 2941.60255712 3052.37604419
2659.68968593 2856.32369204 3027.9181078
1629.63482646 2860.14242351 3045.29304932
2296.41516744 2793.20434163 3038.64153226
2323.14016078 2934.08444795 3049.56943075
2655.66462871 2936.9884901 3040.9919787
2263.58408976 2792.16411172 3058.85071911
2351.23148808 2833.96329873 3018.52794606
2724.2911431 2972.87319739 3034.05831745
2231.27319371 2763.75344122 3016.71025763
2341.27900164 2787.56935897 3036.14552254
2362.60596444 2839.95945068 3013.38033526
2635.89464072 2841.25377337 3060.73302891
2401.79580466 2875.47823768 3057.10003173
2644.71913649 2823.60449771 3030.36479014
2399.1099979 2857.86696962 3027.23651798
1902.22322552 2607.07739011 3051.81450043
2609.36900508 2972.04086741 3064.93073425
2505.07514774 2874.3561968 3034.59619108
1882.19173474 2824.548884 3031.79187511
2642.79209099 2887.72651916 3020.55741778
2255.24611314 2752.65524141 3053.44428166
2250.68367491 2749.97459376 3025.33666667
1167.4128757 2714.49462186 3034.72302287
2276.47061549 2687.87830025 3002.47688681
2332.24391376 2860.48010494 3036.03281392
2603.28773001 2854.6058822 3028.66354845
2698.68065634 2933.88266723 3071.55541586
1140.64168925 2573.2682275 3050.21047079
2323.08883213 2808.0936823 3051.48358164
2696.76452612 2986.37311165 3047.10426407
1585.09773956 2679.758915 3030.71736376
1905.00590313 2720.35276058 3041.57589065
1598.95292594 2755.26490802 3046.51462495
2591.77170618 2861.88014109 3054.26162451
1963.93183919 2576.56185222 3031.49978289
1552.95546434 2606.02888453 3047.7120257
1956.49200337 2738.43542528 3062.08553877
1614.98856344 2456.77266756 3016.03568887
1995.94553167 2696.13085655 3042.33020031
1529.42425802 2572.10419218 3047.41026119
1974.73287919 2803.40342581 3052.96338936
1939.28940749 2821.49101594 3049.83818534
2301.124979 2796.50626559 2995.71332468
1920.38912427 2753.11899889 3052.63590917
2684.69309351 2961.96053161 3036.7945372
2642.01047987 2774.58884828 3002.69960708
2629.17909643 2910.72819363 3038.86840654
2661.74796761 2924.33270386 3043.58859955
2240.18502294 2842.76463424 3024.5471295
2651.52231215 2882.0063605 3019.79182215
2634.59051082 2906.13871511 3031.89418257
2608.55972121 2924.72697606 3035.6523151
1442.8083605 2702.60417616 3020.51794882
2910.55977587 2971.21369365 3022.38382526
2303.0019631 2849.09129689 3036.66259623
2246.3545497 2852.87514331 3040.52933644
2636.8909182 2903.86774735 3034.59983851
2252.3711185 2824.60047451 3059.69011444
2596.21657907 2934.31481218 3032.76814926
2178.77662561 2830.83432112 3029.46295541
2310.40962163 2793.67111013 3021.59037248
2957.82939396 3005.93304304 3056.21025995
2628.67696888 2956.23702432 3046.97024865
1859.36803766 2883.33536821 3025.8630644
2223.72468456 2853.6570675 3039.73966504
2335.01895557 2796.00795639 3056.55347783
2621.47677913 2870.51326269 3041.55250391
1962.876265 2788.60846475 3032.01198751
2299.81201539 2794.61147861 3057.08266894
2324.17532785 2903.62320515 3042.32124411
2609.11585567 2902.44585514 3041.42734798
2350.65184119 2901.19634776 3041.2651763
2572.01870253 2890.31991654 3029.24065685
2668.6206398 2935.43439863 3039.01020294
1926.1687066 2829.796369 3021.95671923
2683.77254097 2948.71427478 3058.85295337
2332.83239672 2770.26272774 3050.46595566
2332.13193735 2930.67578105 3043.53716669
2660.82897912 2914.44454643 3047.34412791
2605.76962009 2893.97823133 3043.63794538
2628.06425615 2906.13745487 3037.05949457
2012.99520932 2629.38586658 3007.28413294
2575.11907852 2908.01154184 3041.89917156
2664.5747342 2950.21931558 3053.40464815
2273.41492966 2876.34223375 3050.16676275
2320.50685136 2939.19772344 3066.24242476
2660.00809353 2922.39396561 3032.03423406
2647.06126352 2964.59124077 3038.00047344
2562.87459174 2889.84929761 3056.67481295
2699.04618314 2960.83388218 3069.44731398
2178.01636289 2857.0420008 3065.7727937
2305.7992595 2934.88116952 3061.2346141
2295.02813993 2773.4689677 3053.41925269
2337.4237693 2850.33280145 3053.04512726
2577.82823289 2881.49859545 3030.25515002
2534.68804218 2853.25579548 3028.99285195
2184.19324372 2673.76749787 3055.95203855
2613.5318085 2866.47395831 3056.42148293
2313.85754489 2776.33281291 3055.46342248
1897.17615228 2645.05616208 3033.9467157
2615.47814072 2832.83397796 3055.94528595
2358.33921422 2819.25296167 3050.06870518
2366.38169431 2743.88882488 2966.5034597
1857.96155136 2723.75535184 3041.04863161
2016.13842984 2783.18553292 3017.46410064
2657.37020479 2940.61277491 3056.57890229
2207.7707921 2688.64453638 3032.06688538
2366.80354701 2827.8521472 3058.96592956
2236.54196755 2749.60912065 3025.00567245
2678.70807825 2953.01672873 3054.66235574
2595.8614198 2887.87643309 3052.36953116
2315.2383221 2827.93295223 3044.5014143
2194.17645443 2855.3867166 3044.35168127
2622.50142975 2915.40636371 3050.54700938
2578.36824898 2896.80223866 3039.41522784
2612.45848318 2855.54928241 3040.30546785
2272.70436636 2866.40905456 3087.701113
2576.60053945 2877.57774026 3046.0567304
2593.27465333 2851.35465584 3028.4687174
2003.0473564 2869.10095265 3076.83241848
2302.56010089 2767.30000365 3046.75762312
2606.1818608 2867.80488132 3035.70901476
2293.48562432 2866.83481009 3062.712361
2274.22349376 2850.52868232 3044.00831288
2614.07426845 2922.32791324 3056.07547352
2156.62194995 2889.6811599 3036.63809987
1892.27703146 2768.6242684 3052.14825117
2278.75667913 2696.60893407 3061.44470169
1612.26317827 2837.03166664 3059.57971982
2338.9118653 2941.72970607 3048.55864604
2591.91114419 2876.67231136 3059.57342849
2650.02638695 2912.28306643 3046.01943687
2596.6642465 2929.63830858 3072.0864751
2591.64387417 2955.36133263 3073.38817394
2609.90926187 2908.61780691 3076.6378925
2377.48911569 2845.70469321 3026.94698638
2605.41681923 2900.3334928 3067.33141195
2545.49913956 2816.28703611 3039.33718438
2334.05496399 2892.24679338 3070.38866267
1689.1094802 2746.90389089 3068.62205729
2020.1140056 2769.16276508 3030.5820863
1233.93596307 2630.92013869 3051.65211194
2304.70959819 2812.01611969 3036.12098449
1896.48681162 2540.01385502 3017.18055371
2609.6506339 2906.49058151 3029.44453716
2014.26359296 2726.20863693 3045.89242145
2586.04799504 2936.26367589 3040.09261408
2252.12159217 2761.53068848 3048.62000865
2623.85389093 2857.10315225 3028.94828649
2212.0120082 2849.72419954 3044.51852275
2283.34666978 2740.01284265 3042.48059875
2283.70217697 2833.96220626 3055.34939151
2286.00007732 2764.96256633 3057.45020326
-1079.18427516 2177.77135299 2910.35209433
2524.88076402 2767.22621486 2934.95292214
1311.10498116 2616.72067025 3012.29231824
710.794886485 2311.33799356 2943.45800171
-162.447965038 2306.8006633 2969.47812901
2161.48261197 2671.51386455 2990.35666369
-392.767023448 2398.00726795 2968.95140878
660.308700311 2262.81821338 2968.33924241
-1343.98507737 1963.42514192 2884.72919452
538.391199472 2227.15683921 2914.38648385
2254.93776274 2710.16541829 3003.09902443
2338.2625586 2795.49293549 2974.13865174
-1325.01191974 2017.90629035 2972.27605195
649.73736525 2421.85521209 2960.12268194
697.779486333 2321.70974718 2925.3161587
66.2276754036 2469.037529 2982.38494466
643.161206988 2347.69006162 2987.29867672
2096.7871762 2759.88154929 3006.85203063
1088.3596326 2128.8741807 2967.67188875
2592.02862896 2794.57676973 2980.32325258
279.478549575 2249.23276923 2947.98292737
1780.11209531 2676.82092206 2961.35375527
901.108013989 2495.25778392 2956.16486716
2245.23266385 2817.1071916 2988.10091023
1976.36499198 2676.64978174 2954.4666412
622.667996517 2385.95907152 2895.5160156
955.501095228 2698.97496047 3010.41870489
-494.162824846 2248.16745599 2959.40904399
411.972725151 2355.84888324 2975.29143965
29.6017678124 2545.04254334 2985.04033509
-244.581385764 2478.14928311 2972.18378724
1233.1705537 2328.26264015 2955.02511633
2017.1055435 2638.95474896 2959.49783436
386.036174844 2335.42371888 2907.95860411
659.123276103 2301.46564683 2955.71363048
1837.85838572 2615.34397054 2975.9593352
706.416895274 2497.96008354 2979.56114844
2227.9183159 2691.52781591 2975.51725332
-144.90193081 2483.75310583 2972.06499304
181.549956907 2017.51771178 2910.91401773
1609.3646463 2415.53926835 2959.83055511
2348.60160467 2689.28445053 2976.993123
1490.18848878 2631.42991204 2993.08316252
1326.13645599 2442.11979887 2991.39561466
1809.07325467 2701.51671003 2977.49849411
-1106.44258131 2256.43700068 2999.95643308
2167.1238152 2696.4521624 2983.02683134
-14.3746546058 2472.34210138 3009.43019551
-545.732108099 2193.43968928 2985.0940325
35.666092724 2481.71413197 3010.78574516
-736.203316593 2289.13144517 2827.58792536
1477.72611698 2480.41335896 3022.42746575
285.02199915 2395.52166828 2979.15594492
-33.5156139432 2010.61087129 2922.81862509
1684.19004158 2633.1716273 2923.75091207
2581.81826974 2840.1675506 3013.04586185
1405.34403112 2475.04780555 2937.28114058
385.450731442 2482.95552508 2977.52705308
151.076310004 2507.50275575 2940.12351863
2616.74404724 2804.02402027 2987.15890613
2057.05593874 2724.82139312 2999.89983129
1627.01952681 2622.28930834 3015.40074184
1498.10895287 2341.02244288 2989.49789603
-7.17628707797 2212.96665002 2930.48813386
-781.494097343 1952.92078312 2963.12895247
1693.37623189 2644.03625191 2912.3330605
1833.85852485 2761.31731667 2987.84943092
-281.768129444 2204.06796244 2980.52580017
2320.32087899 2846.17461147 3014.20176756
1985.00942695 2680.85221161 2999.30296059
-464.237164946 2516.62997528 2997.90397636
2028.57769933 2605.51954118 2991.94381622
-212.208912259 2342.3396258 2915.11603528
682.488979432 2478.12790702 2972.77952676
509.301823698 2143.96930142 2968.12438066
-2144.7838773 2209.83410673 3001.15559902
-1052.34769066 1927.02531622 2966.26138219
-222.481966993 2256.92984037 3027.72647081
-1010.19845663 2347.20913317 2970.43573157
1629.64047483 2603.25948861 2990.64085003
582.101504852 2560.07858641 3024.0882478
2620.47099369 2807.30964659 2912.71455524
1615.58383333 2717.70933036 2988.92463174
716.474809431 2569.74459187 3024.43803725
1034.47441765 2371.33051175 3000.26637941
1138.60413591 2311.22029492 2985.86916754
1816.73880149 2677.55326831 2965.60681965
221.189687842 2146.26628479 2976.07378257
4.29164188547 2338.35171313 2981.23529451
-1346.78320906 1871.13511121 2990.54776494
1028.62213533 2454.18574064 2968.04506641
1611.16687351 2531.29518403 2935.4574702
933.840823993 2495.3409143 2995.49163464
-1225.55406556 2195.65987461 3007.97336059
1339.5335554 2325.70434167 2973.54755071
2183.24821977 2707.33268865 3012.83008229
2371.60278931 2814.36752997 3000.61400938
1486.51984095 2695.0985865 2998.81466838
1064.41477866 2474.59941531 2958.8370008
1090.23456845 2379.5635365 2987.78086029
1448.47164906 2690.53070808 2986.780521
1052.56240117 2600.92316659 2964.75805915
2010.88208026 2691.47873386 2948.46659597
2480.5278877 2843.74799412 3002.19400874
2500.42350843 2857.5266978 2966.24233286
1130.41843933 2731.29930663 3032.08061215
2041.26344914 2781.35944815 2984.50150212
760.859486924 2316.51732675 2967.86952249
605.315078895 2677.56489 3018.57119752
2159.48924307 2746.88023762 2958.08922742
1819.71679032 2599.72351693 2985.99979617
1946.04622935 2660.67527426 2961.24575152
1664.47578989 2742.12564788 2993.27605364
1816.89299225 2619.08286919 2958.35097017
1068.53510487 2705.93605937 2997.0724894
101.525354729 2552.33749873 3003.56236347
-325.204100576 2357.1422137 2989.6169223
2424.5221209 2773.95345162 2982.87890624
2132.29657048 2706.57001252 2984.21886782
1211.57409374 2495.2673497 3002.49414144
590.142248821 2592.7867575 2998.17713476
2378.49613263 2797.63942922 2995.61352334
1804.86413231 2649.01353808 2996.02799736
1146.76325277 2549.84768537 2998.87787207
1307.79294435 2562.53895263 3000.52156936
1761.76100808 2535.30176186 2995.59554147
2508.39587331 2777.23745024 2979.16519716
-827.070695536 2499.15669564 2950.29769647
-849.084155743 2198.1972937 3022.23990368
1799.78323386 2837.62657019 2995.51826478
2527.10393165 2883.96796803 3009.12815642
2046.69990383 2713.09682096 2984.96649689
2076.85338932 2667.95485309 2936.76446018
2466.51949456 2875.17723618 3024.43323326
2246.84392117 2828.79878358 2990.75971091
428.40822988 2387.69197298 3008.17167384
375.131442231 2527.03907629 3000.93460555
1798.61220039 2686.4484505 2981.44803582
1363.04851839 2538.95002844 3005.90760498
639.037438301 2668.86840182 3000.46822493
2672.52832801 2862.42226927 2955.68563391
2521.63546532 2794.42206053 2982.13697173
-602.539740886 2455.53270627 3004.86917967
1823.53656224 2640.10612507 2934.25386736
2459.00908242 2837.432137 3001.72903161
2067.30816207 2801.45169206 3008.11909799
2039.38593015 2771.94080394 2985.95868383
592.133362178 2571.56468306 3003.02957273
2187.61403731 2688.18452166 2971.05580511
1684.53237667 2705.03126754 2987.96905001
1557.60675315 2689.12762614 3019.9493527
2380.44196492 2791.92914086 2994.58454874
2280.42735559 2767.76721368 2987.04815638
2608.14487222 2859.31100135 3049.81112018
1924.55413354 2558.97812207 3003.40406114
2463.77797867 2791.83277482 2995.88917985
1314.92634343 2566.7549636 3002.77366134
2291.4444225 2618.35745121 2893.77365088
857.614115976 2603.08203596 3026.99542017
2603.99388974 2897.62900701 3003.62622988
2283.25194935 2770.25807575 2956.57516084
2669.24895826 2894.1363797 3001.26004226
220.577460593 2361.50681241 2977.23598848
1038.39674627 2602.81722643 2999.93349731
2120.6794134 2793.97876381 3003.45502419
2400.05148095 2738.80066385 2995.07235738
2646.67515641 2882.85500571 3001.53627031
1640.84256659 2670.16639788 2989.73757978
1241.64657636 2242.802621 3004.2873014
1834.31239077 2665.66064018 2996.9266672
496.712185516 2453.28613101 2970.6462982
1691.16030093 2662.96375077 3002.94466458
-31.9475332001 2200.82928251 2992.96740835
-361.20524702 2202.66019189 3011.28003897
-326.858433115 2507.91837524 2988.63029959
