0.6 0.6 0.6
0.6 0.6 0.6
0.6 0.6 0.6
0.6 0.6 0.6
0.6 0.6 0.6
0.6 0.6 0.6
0.6 0.6 0.6
0.6 0.6 0.6
0.6 0.6 0.6
0.6 0.6 0.6
0.50924 0.590924 0.6
0.6 0.6 0.6
0.6 0.6 0.6
0.49136 0.589136 0.6
0.6 0.6 0.6
0.49316 0.58858 0.6
0.31628 0.571628 0.6
0.43236 0.583236 0.6
0.47056 0.577184 0.6
0.3016 0.554732 0.6
0.31528 0.571488 0.6
0.28776 0.513084 0.6
0.38804 0.536796 0.6
0.2956 0.443812 0.6
0.34152 0.5512 0.6
0.25496 0.45374 0.6
0.29164 0.430236 0.6
0.26684 0.466124 0.6
0.28624 0.435032 0.6
0.25764 0.520396 0.6
0.26748 0.440108 0.6
0.29368 0.434064 0.6
0.23648 0.472792 0.6
0.29356 0.454116 0.6
0.24448 0.431496 0.6
0.22344 0.489324 0.6
0.24916 0.346452 0.6
0.27296 0.41902 0.6
0.28136 0.487284 0.6
0.2674 0.429332 0.6
0.30412 0.416968 0.6
0.24876 0.400564 0.6
0.24868 0.34524 0.59508
0.27816 0.460576 0.59364
0.26308 0.465936 0.6
0.27112 0.403704 0.6
