-2398.80958304 -2137.26720174 -1981.35429482
-2435.28834998 -2229.30225494 -1927.55920594
-2140.0160628 -2033.97178493 -1951.06676363
-2466.59063048 -2138.91638348 -1976.22380247
-2433.56497469 -2120.57628019 -1989.78495302
-2474.12393488 -2108.35470066 -1881.91760795
-2691.02075775 -2219.95468353 -1993.33921449
-2299.73513742 -2088.55863191 -1914.48967205
-2243.55983511 -2089.59790397 -1984.11481302
-2182.73124312 -2089.98291377 -1936.88866039
-2187.51355954 -2061.65541536 -1956.83656001
-2433.88058317 -2119.85534071 -2017.76704955
-2204.00293301 -2112.7257833 -1983.13559604
-2255.24608482 -2108.31625172 -1968.64090953
-2229.94688654 -2101.12427239 -2014.50019606
-2682.06346257 -2105.63446602 -1947.10881197
-2796.84521983 -2184.92358698 -1959.4985436
-2326.4962489 -2066.90499549 -1976.9671816
-2214.10955272 -2107.56942472 -1967.01715524
-2070.10813849 -2017.05462441 -1915.58692545
-2209.09832993 -2092.19214943 -1988.94354489
-2339.37116311 -2179.20013436 -2027.963999
-2197.26665187 -2123.00612618 -2047.31626107
-2381.86787967 -2090.48443756 -1955.91134306
-2377.75051973 -2084.04392145 -1953.15587271
-2192.84123458 -1988.34797064 -1921.16772255
-2748.63988165 -2204.57911902 -1966.74098912
-2327.96389298 -2086.87604299 -1896.88370103
-2415.15560135 -2137.06472815 -2003.00820359
-2196.35665331 -2070.30956023 -1973.5232086
-2509.9097644 -2172.20961262 -2008.97616935
-2293.04983035 -2076.82110532 -1937.20951297
-2858.64424311 -2177.50998766 -1915.40399891
-2255.59350344 -2053.35115282 -1944.41650106
-2215.35272486 -2043.27980109 -1942.94751115
-2272.50067682 -2034.65021908 -1926.13037359
-2433.50548533 -2124.89658716 -1910.11348318
-2326.36298931 -2162.64735312 -1980.33617923
-2207.37095097 -2063.26074856 -1899.1475469
-2282.24148589 -2141.26699113 -2010.44458064
-2432.23576062 -2141.98329262 -1999.7181211
-2342.88664 -2065.8570279 -1939.85933815
-2082.19601201 -2021.62592547 -1950.70406362
-2292.89223573 -2065.02172218 -1884.59686411
-2180.12412581 -2017.75287234 -1864.019747
-2206.21422294 -2040.26267772 -1934.50745004
-2146.00602839 -2006.48701479 -1910.34250525
-2185.51457324 -2055.25147046 -1976.89579424
-2103.78034673 -2031.58580869 -1895.20302089
-2287.26233631 -2072.83077031 -1958.30377499
-2248.6894893 -2030.44593048 -1894.09726402
-2347.97223946 -2146.19058707 -2029.92389774
-2303.34984257 -2088.39786595 -2005.38159065
-2216.1716558 -2050.40976165 -1909.64347517
-2176.17725122 -2048.09845091 -1942.04130686
-2184.49314504 -2046.0707065 -1896.18583386
-2376.34524219 -2081.17862459 -1901.31073731
-2241.01342802 -2010.38921823 -1904.12058144
-2290.67980389 -2086.00046966 -1989.56569278
-2429.99422117 -2091.78993971 -1905.28658263
-2239.79820376 -2091.32782972 -1978.29672086
-2164.10771345 -2060.29826059 -1963.43425514
-2368.30190054 -2130.60334525 -1889.42390187
-2389.45372197 -2125.68040042 -1986.37750772
-2094.65605661 -2033.3766069 -1951.97845701
-2299.13362504 -2113.92984218 -1967.09062382
-2698.30986671 -2176.59926809 -1955.53601961
-2731.81183285 -2280.75450598 -1948.82229448
-2476.60001689 -2102.03299066 -1945.16961239
-2796.32093447 -2222.47664861 -2066.35505772
-2430.47109021 -2088.20436256 -1918.47106988
-2174.94127367 -2020.01919952 -1937.60129006
-2174.26759798 -2051.22138542 -1955.2635337
-2267.15333802 -2052.59020637 -1937.49326883
-2232.05287283 -2049.3458489 -1910.09910906
-2284.97317998 -2035.36785823 -1872.13970027
-2185.80227226 -2041.88441673 -1892.48664003
-2082.75548021 -2010.82539911 -1914.63391854
-2447.83713098 -2121.90095668 -2023.82238516
-2332.53323737 -2099.63466857 -1995.64760899
-2372.73878548 -2067.21930968 -1957.77031125
-2276.47286719 -2066.14281518 -1971.01799779
-2367.37586082 -2089.45869282 -1878.67828509
-2370.38227247 -2052.41189415 -1918.70712723
-2336.0528178 -2076.17605385 -1963.12522651
-2436.25611492 -2143.33146413 -1974.67278965
-2215.58390667 -2040.86267366 -1915.49674562
-2231.29208563 -2069.05080107 -1975.26132948
-2421.0714267 -2099.39208576 -1960.52561187
-2260.16978796 -2032.52759034 -1913.48512191
-2167.59645734 -2028.45436075 -1932.6670537
-2360.93146382 -2079.62118479 -1955.80571605
-2297.53088922 -2075.54033289 -1952.98454837
-2134.04613632 -2040.35215634 -1931.82673534
-2148.71485804 -2034.75975692 -1963.73409304
-2283.42798154 -2086.05574501 -1940.01290417
-2133.86439459 -2078.03587943 -1998.22283958
-2298.0586083 -2071.7914342 -1931.57354454
-2098.77917241 -2012.49749003 -1895.92944717
-2061.04440701 -1984.04066021 -1914.90154154
-2106.6948474 -2051.13557854 -1952.9172749
-2460.69148279 -2123.86475224 -1967.25222224
-2084.20247207 -2002.83062052 -1914.67073853
-2149.81683772 -2020.7617806 -1958.96950789
-2153.81329468 -2022.51854637 -1920.07130105
-2266.12694311 -2067.75003046 -1971.4254346
-2188.55208385 -2028.65990292 -1922.28138223
-2190.67034168 -2049.44038502 -1953.93961524
-2067.34025467 -1977.1675622 -1898.01642253
-2249.64050555 -2116.37561047 -2039.80431835
-2314.33515669 -2086.84905238 -1992.75060191
-2215.62848563 -2081.21105633 -1870.3969443
-2300.51934039 -2060.19781275 -1952.74043396
-2209.70813364 -2088.00501722 -1986.88935414
-2445.89794739 -2101.91404752 -1899.66457855
-2195.23330827 -2080.92640838 -1968.36001788
-2208.45995222 -2040.2301635 -1902.02775812
-2272.711397 -2065.71991147 -1922.09609983
-2526.02624332 -2057.87624311 -1906.43923798
-2442.27608987 -2122.31404061 -1931.2336976
-2073.82864979 -1986.40388493 -1914.37185383
-2468.5246309 -2032.76802439 -1894.579265
-2605.1505169 -2120.29315634 -1918.06211747
-2358.08061215 -2126.51401346 -1960.42133093
-2086.07717567 -2003.23370266 -1865.27172114
-2247.98066326 -2052.63695266 -1888.97931159
-2502.34943928 -2133.19714319 -1961.67302414
-2252.8000308 -2074.00581838 -1971.37225943
-2100.94235408 -2008.78121328 -1924.16821792
-2255.91549004 -2076.5470603 -1932.52715599
-2483.06696014 -2123.30934097 -2000.57471254
-2330.07743881 -2102.66291427 -1948.21421254
-2116.95529857 -2044.46771357 -1967.24476663
-2443.29700121 -2150.95016265 -1979.62350335
-2139.50052207 -2035.53017943 -1910.0556941
-2150.5671336 -2032.21968122 -1949.728008
-2324.84738967 -2099.14587992 -1966.51299435
-2246.68962219 -2058.26834758 -1923.81407417
-2508.23366101 -2133.86033632 -1951.48405553
-2339.22259431 -2069.53667284 -1943.14270759
-2200.50681165 -2036.31168341 -1938.29076886
-2432.7731486 -2116.51009019 -2048.2517237
-2427.81762207 -2103.83351358 -1924.24926198
-2288.00285775 -2084.03223704 -1907.66867621
-2406.85401426 -2121.74912642 -1957.25866409
-2459.02232925 -2138.21714902 -1926.57333463
-2161.46759968 -2022.21607186 -1945.97179139
-2421.88900561 -2081.65632881 -1930.05727956
-2339.8912542 -2048.99041812 -1887.08194939
-2350.8147408 -2044.53132208 -1924.05099611
-2316.50074179 -2185.27800111 -2072.23109157
-2248.21742553 -2066.79431386 -1977.68476641
-2646.54364637 -2158.24271445 -1955.00254493
-2307.62477361 -2068.77784642 -1878.6122773
-2131.01907602 -2012.04872628 -1922.48093852
-2431.18155712 -2101.0254721 -1943.79596452
-2208.15447585 -2012.20079083 -1863.03639263
-2668.11572073 -2128.40708545 -1890.98841412
-2053.01999135 -2004.80156238 -1874.29067348
-2472.93406436 -1997.0113541 -1900.58256793
-2232.79793285 -2049.27652247 -1899.15039486
-2549.57464346 -2047.17899975 -1905.47161576
-2590.1631967 -2122.90496325 -1952.48739451
-2203.85437844 -2059.41350978 -1922.19774932
-2119.25402692 -2024.19677799 -1948.01270687
-2207.56074628 -2050.7662219 -1911.37929324
-2245.75627035 -2063.07506164 -1938.27027897
-2709.18010047 -2130.51858071 -1964.37724225
-2186.85581248 -2063.4641273 -2002.95012066
-2444.34823492 -2070.82947589 -1911.74606025
-2442.99789237 -1974.15623793 -1867.66070796
-2167.60927661 -2007.29217932 -1895.06481438
-2264.75806364 -2067.58198742 -1955.53210688
-2402.22890727 -2047.56836653 -1911.73250513
-2149.5287012 -2009.54660887 -1909.86138078
-2291.98295023 -2120.70604643 -1892.43293633
-2112.12839676 -2012.72016505 -1864.15086045
-2030.21368971 -1931.61555679 -1875.95972104
-2464.02695395 -2054.90859011 -1898.16817932
-2203.04644977 -2035.0299635 -1901.39568584
-2129.65618111 -2009.38021371 -1943.17385773
-2210.98162364 -1997.7386623 -1861.51792534
-2106.97353312 -1990.59578694 -1870.09482959
-2386.09000996 -2078.82173057 -1896.09495159
-2455.9569891 -2156.61595634 -1970.55671588
-2253.59026861 -2078.5441477 -1928.77233989
-2684.27448603 -2125.99988949 -1851.06103645
-2236.27616585 -2001.07512202 -1879.00349803
-2352.08288572 -2037.78975513 -1915.17306802
-2326.60380455 -2025.48915373 -1861.20052995
-2208.14304139 -2023.63905845 -1930.06574582
-2272.89209435 -1974.37038757 -1898.49478106
-2411.62003472 -2042.03872805 -1871.83657939
-2268.96506985 -1991.72557881 -1851.39258359
-2033.30047383 -1956.25555564 -1861.10638475
-2365.6565255 -2062.1595321 -1869.23506448
-2274.62164503 -2059.44831464 -1892.22890391
-2276.62557825 -2035.18301435 -1915.79215237
-2170.88635643 -2000.73010233 -1911.09112268
-2053.15283021 -1960.48540807 -1862.20755078
-2038.95317004 -1948.14675431 -1894.55331889
-2137.69381737 -1975.57455482 -1902.39093638
-2428.24374044 -2085.1575191 -1813.5834518
-2103.80240726 -1968.75992143 -1860.42065979
-2362.54796788 -2045.65405084 -1851.29147509
-2245.06869787 -2079.83415927 -1898.40985897
-2049.08633055 -1944.0338158 -1846.96931695
-2218.45170007 -2011.66455903 -1857.86473617
-2147.88189893 -1985.26258945 -1891.85661727
-2475.40988774 -2113.73393155 -1972.64598691
-2343.2518363 -2073.81140696 -1886.78451664
-2246.30914822 -2010.46519999 -1853.97350285
-2100.10016048 -1986.02270728 -1890.9104566
-2098.56319633 -1996.16552662 -1867.31455649
-2066.34385756 -1993.94749674 -1897.73443085
-2241.75144253 -1998.40902705 -1823.0223426
-2580.71125599 -2038.29764959 -1838.33321682
-2267.13132211 -2070.17602422 -1937.22649975
-2309.1669684 -1994.53818559 -1829.95766505
-2237.92455431 -2003.86089911 -1867.13384142
-2346.02597138 -2022.64799368 -1860.52263894
-2121.07467685 -1965.91798335 -1869.39564322
-2170.23609956 -1961.64652538 -1833.47411211
-2140.8623327 -1999.62511688 -1890.85902068
-2262.87775145 -2013.61628519 -1777.15748706
-2258.29783632 -2023.79080879 -1891.01153804
-2260.01985441 -2057.22697061 -1962.29598266
-2328.57886645 -2011.10795405 -1911.43697125
-2120.12895947 -2014.52097117 -1896.54499919
-2063.11701309 -1947.9384232 -1816.35125699
-2227.08442498 -2056.67154197 -1894.5131384
-2108.16693306 -1981.88825042 -1817.36444794
-2074.65768732 -1949.62707217 -1851.84363892
-2243.45472123 -2030.41104375 -1883.56647037
-2221.59320499 -1998.08123046 -1805.68191378
-2152.72000354 -1978.93837881 -1843.10499469
-2378.41345857 -2087.88489486 -1903.97447061
-2329.88379237 -2047.33923237 -1894.31010324
-2222.617947 -1991.29242391 -1856.01361308
-2025.40016904 -1947.79583288 -1893.46967093
-2309.28840593 -2022.91760313 -1879.81840542
-2171.18476915 -2006.66147509 -1822.37589191
-2391.97269586 -1996.36238689 -1899.08495152
-2074.53140125 -1936.51951437 -1780.92700135
-2068.92214654 -1968.61178186 -1859.51974869
-2319.21674534 -2036.54452494 -1947.57356198
-2208.51985689 -1949.72879345 -1846.7426896
-2454.75089761 -1988.9175647 -1871.4942472
-1972.22324193 -1925.65651183 -1868.5026676
-2200.23940371 -1958.75884372 -1826.40934925
-2744.67782949 -2203.79127372 -1984.22186971
-2103.3257124 -1999.60852548 -1843.48769207
-2131.87857083 -1933.11007966 -1836.92914629
-2145.06064244 -1955.83725147 -1808.26175546
-2245.48738749 -2000.62706655 -1852.1806602
-2249.59936272 -1974.80899391 -1814.04153775
-2355.63257625 -1994.21703668 -1823.1254254
-2249.17135262 -2020.46936584 -1866.97837524
-2022.43924368 -1951.06216611 -1861.00981031
-2585.68505889 -2054.2599396 -1805.71526265
-2390.91624184 -1995.48988313 -1871.89785481
-2122.74046872 -1916.86000134 -1808.75536621
-2391.70757367 -1960.64433599 -1826.7147265
-2200.16690894 -1936.91022872 -1844.43116843
-2173.10463282 -1922.18752569 -1769.34435387
-2157.74005258 -1954.21581107 -1816.92185336
-2278.86684447 -1995.39141692 -1825.59415572
-2039.98104084 -1936.44421236 -1850.22239135
-2243.08529453 -2004.69154361 -1870.52225062
-2034.90713056 -1906.20028849 -1851.62074858
