0.1448 0.15692 0.1678
0.1522 0.15826 0.1642
0.1522 0.15672 0.1642
0.143 0.15646 0.1668
0.1476 0.15824 0.17
0.1442 0.15708 0.1688
0.151 0.1575 0.1648
0.1508 0.1591 0.1636
0.1518 0.15784 0.1618
0.1488 0.15636 0.1658
0.1442 0.15346 0.164
0.149 0.1581 0.1692
0.1502 0.15438 0.1646
0.1452 0.15594 0.1622
0.1468 0.15452 0.1602
0.1452 0.15546 0.1692
0.1524 0.15918 0.1708
0.146 0.1552 0.1684
0.151 0.15822 0.1696
0.1474 0.15774 0.1636
0.148 0.15742 0.1644
0.154 0.15922 0.1706
0.145 0.1558 0.1664
0.1488 0.15738 0.1702
0.1546 0.15876 0.1618
0.1536 0.16196 0.1704
0.1494 0.15728 0.1656
0.149 0.1594 0.1686
0.148 0.15986 0.1698
0.1518 0.16084 0.1726
0.1528 0.16218 0.1706
0.1526 0.16438 0.1768
0.1562 0.16356 0.1716
0.159 0.1662 0.175
0.1542 0.16456 0.1736
0.1518 0.16322 0.1744
0.155 0.16236 0.1754
0.161 0.16676 0.1754
0.1558 0.16338 0.1696
0.1578 0.16542 0.178
0.1562 0.1676 0.1732
0.1594 0.16664 0.1734
0.1588 0.16858 0.1758
0.1612 0.1683 0.1762
0.1586 0.16602 0.1788
0.1564 0.16472 0.1708
0.1612 0.16748 0.1752
0.1594 0.16568 0.1754
0.1582 0.16492 0.1732
0.162 0.1675 0.1756
0.1594 0.16434 0.1704
0.157 0.16708 0.1766
0.1596 0.1655 0.1726
0.1576 0.16576 0.1802
0.156 0.16294 0.1694
0.1616 0.1667 0.1768
0.1562 0.16388 0.169
0.1636 0.16808 0.1724
0.1604 0.16776 0.1742
0.1592 0.16882 0.1764
0.1644 0.17128 0.1782
0.1596 0.16938 0.1812
0.1672 0.17326 0.1796
0.1618 0.1725 0.184
0.163 0.17404 0.1874
0.159 0.1756 0.1894
0.167 0.17704 0.192
0.163 0.17262 0.183
0.167 0.17454 0.1832
0.1638 0.17508 0.182
0.1646 0.17298 0.1808
0.1638 0.17446 0.1856
0.1718 0.17784 0.1818
0.1686 0.1756 0.1824
0.1702 0.17858 0.1842
0.1642 0.17544 0.19
0.1674 0.17788 0.1868
0.1726 0.181 0.188
0.1768 0.18588 0.2038
0.1692 0.18478 0.1962
0.167 0.1808 0.1974
0.1788 0.18384 0.1882
0.1694 0.1798 0.1874
0.1742 0.18262 0.1946
0.166 0.18024 0.1904
0.1738 0.18468 0.2034
0.1712 0.18046 0.1882
0.1768 0.18528 0.192
0.1774 0.18368 0.1916
0.178 0.18584 0.194
0.1806 0.18658 0.1912
0.1746 0.18192 0.1928
0.1728 0.18522 0.1978
0.1796 0.19136 0.212
0.1788 0.18776 0.2014
0.1794 0.1887 0.1962
0.1826 0.19018 0.1986
0.181 0.19 0.1988
0.185 0.1896 0.1932
0.1794 0.18954 0.1982
0.1842 0.19168 0.2016
0.1758 0.18708 0.2044
0.1726 0.18382 0.1922
0.1762 0.18546 0.1964
0.1784 0.18518 0.192
0.173 0.18332 0.1964
0.179 0.1855 0.1916
0.1768 0.18416 0.1914
0.166 0.18174 0.1882
0.1712 0.18276 0.1912
0.1706 0.18242 0.1958
0.1706 0.1811 0.1898
0.171 0.18164 0.1904
0.173 0.181 0.1916
0.1744 0.17796 0.185
0.1704 0.18236 0.189
0.1782 0.18328 0.188
0.1732 0.18474 0.1934
0.1688 0.18036 0.1856
0.1692 0.17924 0.1882
0.1608 0.1793 0.1894
0.1742 0.18126 0.1938
0.1716 0.17946 0.1852
0.1704 0.1794 0.1914
0.17 0.181 0.1914
0.172 0.17864 0.1902
0.163 0.17938 0.1906
0.1678 0.18138 0.1896
0.165 0.17372 0.1838
0.1708 0.1762 0.1842
0.1648 0.17428 0.1882
0.1728 0.18126 0.1902
0.167 0.17484 0.182
0.167 0.17434 0.1796
0.1666 0.17658 0.184
0.1644 0.17646 0.1854
0.1706 0.17854 0.186
0.166 0.17466 0.1872
0.168 0.175 0.182
0.165 0.17648 0.1836
0.169 0.17832 0.1854
0.1668 0.1759 0.1906
0.1642 0.17546 0.1828
0.1676 0.17464 0.18
0.1602 0.17862 0.1896
0.1714 0.17716 0.1828
0.1678 0.17686 0.1874
0.1636 0.17764 0.1896
0.1672 0.1739 0.1804
0.172 0.17898 0.1866
0.1702 0.1778 0.1862
0.169 0.17934 0.1902
0.1674 0.17378 0.1872
0.1702 0.17594 0.1824
0.1708 0.18376 0.195
0.1716 0.185 0.1906
0.1738 0.1793 0.1908
0.1714 0.1811 0.1876
0.174 0.18012 0.1868
0.1748 0.18236 0.1894
0.168 0.1809 0.1926
0.1726 0.18286 0.1922
0.1752 0.18468 0.1996
0.1708 0.18168 0.1978
0.172 0.18384 0.1896
0.1744 0.18346 0.194
0.1738 0.18156 0.1906
0.1756 0.18338 0.1962
0.1728 0.18132 0.1902
0.1794 0.18762 0.1948
0.1752 0.18302 0.194
0.178 0.1843 0.1938
0.1714 0.1833 0.1952
0.1754 0.18296 0.1926
0.1796 0.18948 0.1978
0.179 0.18804 0.1938
0.1758 0.18454 0.1938
0.181 0.18828 0.2002
0.1794 0.19116 0.2022
0.1828 0.19132 0.2036
0.1772 0.18924 0.2022
0.1742 0.18318 0.1934
0.1742 0.1845 0.1916
0.178 0.18742 0.1986
0.1742 0.18582 0.195
0.1806 0.1889 0.1992
0.1776 0.19264 0.2104
0.1778 0.18872 0.1996
0.183 0.19306 0.2062
0.1828 0.1908 0.2092
0.1802 0.18928 0.2
0.1804 0.18738 0.1964
0.186 0.19524 0.2096
0.1848 0.19192 0.2024
0.1836 0.19216 0.2042
0.1828 0.19514 0.2118
0.1888 0.19204 0.1944
0.1808 0.19302 0.2084
0.1802 0.1918 0.2004
0.1902 0.19642 0.2028
0.185 0.19518 0.2074
0.1842 0.19116 0.1972
0.1876 0.19616 0.2074
0.187 0.19666 0.208
0.183 0.19364 0.2004
0.1898 0.19484 0.2036
0.178 0.18468 0.1932
0.1858 0.19796 0.2088
0.1826 0.19336 0.2024
0.1934 0.19966 0.2086
0.1852 0.19728 0.214
0.1826 0.19762 0.211
0.1838 0.19606 0.21
0.1874 0.19754 0.212
0.1842 0.19602 0.2064
0.193 0.2029 0.2122
0.1912 0.1973 0.2074
0.1932 0.1994 0.2094
0.1872 0.19822 0.2062
0.19 0.19758 0.209
0.1916 0.19904 0.2056
0.1834 0.19366 0.1982
0.1868 0.19862 0.207
0.1858 0.1973 0.2094
0.188 0.20102 0.2122
0.1892 0.2014 0.2154
0.1874 0.19862 0.2124
0.1862 0.1945 0.2048
0.1826 0.19806 0.208
0.1882 0.19854 0.2096
0.1952 0.19956 0.21
0.1892 0.1992 0.206
0.1886 0.20466 0.2196
0.1918 0.20344 0.2124
0.1924 0.20466 0.2144
0.191 0.20182 0.2172
0.192 0.20004 0.2082
0.1846 0.19564 0.2046
0.1862 0.19836 0.2152
0.1942 0.2005 0.2164
0.1886 0.19656 0.2062
0.1804 0.19462 0.2022
0.1876 0.19856 0.2136
0.1916 0.19862 0.214
0.1886 0.199 0.2058
0.1882 0.20124 0.2158
0.1924 0.20234 0.217
0.186 0.19894 0.212
0.1838 0.19992 0.2142
0.1908 0.20434 0.2146
0.1906 0.20422 0.2164
0.1924 0.20228 0.2166
0.1892 0.20714 0.2196
0.1944 0.20334 0.2098
0.1914 0.20592 0.2304
0.1936 0.20774 0.2242
0.2012 0.21128 0.2184
0.1968 0.20402 0.209
0.205 0.21472 0.2234
0.1928 0.20946 0.225
0.2042 0.20912 0.2164
0.197 0.21332 0.2214
0.1998 0.21038 0.219
0.204 0.21188 0.2246
0.198 0.21344 0.2276
0.1992 0.21438 0.2256
0.201 0.21142 0.224
0.1942 0.21252 0.2278
0.2064 0.21846 0.2334
0.1994 0.21542 0.2286
0.2014 0.2166 0.2314
0.1998 0.21524 0.225
0.2016 0.2145 0.233
0.2032 0.2138 0.223
0.1932 0.2126 0.2318
0.1888 0.21772 0.2272
0.2006 0.21442 0.2296
0.2046 0.21924 0.2294
0.1962 0.22008 0.2384
0.199 0.21104 0.2296
0.1982 0.21416 0.2248
0.1966 0.21014 0.228
0.205 0.21512 0.2252
0.2038 0.21314 0.2264
0.1998 0.21082 0.222
0.2024 0.2115 0.2194
0.2018 0.2119 0.221
0.2018 0.21418 0.241
0.2052 0.21666 0.2266
0.2066 0.21566 0.2302
0.2038 0.21392 0.2426
0.2038 0.2122 0.2224
0.1982 0.20382 0.2146
0.1888 0.20868 0.2204
0.1976 0.2067 0.2206
0.1952 0.20984 0.2284
0.204 0.21404 0.2308
0.2042 0.21338 0.2226
0.2068 0.21762 0.226
0.195 0.2124 0.2454
0.1958 0.21264 0.2268
0.201 0.21186 0.23
0.2036 0.21352 0.221
0.1998 0.21202 0.2186
0.1992 0.21092 0.2264
0.1952 0.21154 0.224
0.1998 0.21274 0.2236
0.2014 0.21492 0.2358
0.2018 0.2129 0.2272
0.208 0.21614 0.2288
0.1982 0.21266 0.225
0.2018 0.21446 0.2322
0.211 0.218 0.2294
0.2004 0.2155 0.228
0.2098 0.21928 0.2292
0.196 0.2117 0.224
0.2064 0.215 0.2274
0.2102 0.2183 0.2316
0.191 0.21006 0.2264
0.1976 0.21146 0.2276
0.2012 0.21464 0.227
0.2058 0.21792 0.2362
0.205 0.2146 0.232
0.2004 0.2123 0.2238
0.211 0.21978 0.2326
0.2032 0.21858 0.2352
0.2002 0.21682 0.232
0.2114 0.21738 0.2258
0.207 0.21592 0.2258
0.2086 0.2181 0.2314
0.2078 0.22214 0.2356
0.212 0.2205 0.226
0.2012 0.2176 0.232
0.2132 0.21882 0.2246
0.2076 0.21724 0.2296
0.2102 0.21702 0.2256
0.2016 0.21072 0.2202
0.2082 0.22042 0.2332
0.2018 0.21258 0.2254
0.2002 0.2163 0.2296
0.209 0.21656 0.2226
0.2056 0.21832 0.2332
0.2148 0.2246 0.2386
0.207 0.21702 0.228
0.2066 0.21798 0.2246
0.2106 0.2186 0.2328
0.2082 0.21928 0.2298
0.2056 0.21942 0.233
0.214 0.22514 0.2396
0.2106 0.21742 0.2256
0.207 0.22104 0.2354
0.2058 0.21826 0.2322
0.2082 0.22116 0.2326
0.2066 0.21968 0.226
0.2072 0.21922 0.2348
0.2094 0.21876 0.2284
0.21 0.22142 0.2294
0.2042 0.21608 0.2356
0.2096 0.22042 0.2324
0.202 0.21404 0.2252
0.2024 0.2185 0.2278
0.2132 0.21916 0.2246
0.203 0.21562 0.2254
0.202 0.21622 0.2258
0.2092 0.22252 0.2392
0.2034 0.22276 0.232
0.2118 0.21664 0.2296
0.2076 0.22166 0.2364
0.2074 0.2157 0.2306
0.2114 0.21952 0.233
0.2136 0.22116 0.2474
0.2006 0.21634 0.2362
0.211 0.22096 0.2272
0.211 0.22238 0.2414
0.2044 0.21788 0.2334
0.2142 0.22388 0.2352
0.2132 0.2244 0.236
0.2148 0.22356 0.2346
0.2154 0.22336 0.2384
0.2142 0.2223 0.229
0.204 0.22356 0.2362
0.2106 0.22426 0.2398
0.2058 0.21956 0.2322
0.21 0.22342 0.2394
0.2164 0.22606 0.2488
0.2128 0.22386 0.236
0.2114 0.21928 0.2254
0.2164 0.22206 0.2336
0.2076 0.22048 0.231
0.2104 0.21986 0.2286
0.203 0.22022 0.2324
0.2106 0.2217 0.2326
0.2134 0.22332 0.24
0.2116 0.22132 0.2328
0.2092 0.21944 0.2252
0.214 0.2205 0.231
0.206 0.21634 0.23
0.2086 0.21964 0.231
0.2018 0.21314 0.2216
0.1974 0.215 0.23
0.207 0.2153 0.223
0.212 0.21872 0.2262
0.1988 0.21544 0.2286
