-916.681728193 -615.759271966 -353.069344829
-1096.12968038 -630.720586381 -288.315678356
-1179.33561517 -674.947430807 -219.758722491
-1370.76053126 -526.997789506 -130.684108433
-643.680568681 -447.674833474 -159.484211842
-653.734674121 -390.513407079 -206.485214455
-609.005947786 -256.516735016 -72.7130323245
-554.995915314 -236.65810926 16.8440689727
-542.579327181 -257.823845801 -39.4977294403
-198.584265285 -61.3957211435 119.738523917
-336.134469363 -81.1637802031 51.5337230477
-285.694703555 -83.1400668199 159.510076711
-27.3444959376 45.4758781535 122.544706525
-154.913551873 19.6903445162 146.360822055
-3.95186536911 74.1913067538 204.666142291
-13.119831279 156.032617074 283.553853174
60.8467364496 147.371203421 216.907308453
80.5551065853 150.22994812 259.075379191
157.073042073 211.188504923 264.388793853
75.5242110208 203.844268207 275.43749636
172.275134228 231.868624416 303.425034776
221.317775698 254.305668723 279.557703642
222.723918045 247.354637574 262.259246821
182.955766559 250.646970608 318.979848756
250.912172133 285.90372755 322.511910082
234.569137498 292.998136573 357.063700701
228.557070861 282.202895483 332.796813072
251.909801532 310.265250558 339.866261293
223.407819136 311.137652602 351.487987802
245.926559038 304.269976785 346.964585381
315.195700114 329.605987255 361.417353073
305.688221244 334.635472749 356.119066067
294.844352803 337.712872753 358.563271953
334.126537457 349.252103593 365.039472557
283.720129808 354.623388205 454.504191718
330.070989993 346.904020596 360.89783609
323.726694116 356.859699319 403.586289044
