-39524.747973 -39304.0441456 -38976.0107813
-39651.2784825 -38748.0539824 -36563.4775476
-39486.184919 -37874.0726659 -33734.4539236
-39591.2241237 -36548.5725475 -33085.683858
-40195.414281 -38359.1885614 -33074.2056782
-39954.531894 -37329.7847227 -35663.8157767
-39843.8825207 -37384.0626769 -31131.5477438
-39492.5673494 -37062.9469287 -30705.3284905
-39604.7725071 -36992.0495993 -32730.1240706
-39428.1026779 -35487.4005676 -32763.4178127
-39330.5246301 -35205.3035036 -27274.0606233
-39813.4604198 -36741.9187746 -30294.4889599
-37693.7134044 -34116.9301408 -30266.7163015
-38701.394903 -32110.1989113 -25152.9706688
-39301.7836393 -34971.769259 -30191.7900995
-36362.8904715 -32879.2827407 -24628.1359224
-35628.7928923 -32288.0305176 -29347.4929794
-38798.5984609 -32651.7969978 -24873.2361172
-34686.4871254 -27805.4455388 -21142.0615892
-38859.2548058 -31501.1382135 -24531.5594025
-35397.9985979 -29371.0541681 -23995.2090455
-38781.0478585 -31295.1438254 -17860.7866556
-34128.3911338 -27753.9652868 -14336.8302003
-38131.391438 -30178.7219185 -18404.8246072
-32990.836085 -28784.5032297 -24806.0611683
-37843.221567 -29009.1510265 -23900.8521734
-27382.7416918 -22502.078424 -15849.0021572
-33548.7337596 -26672.4549332 -16130.1937261
-27204.0000389 -19234.5364738 -12488.0951421
-34207.6351881 -25166.2094874 -13062.2763174
-38529.323358 -26834.9878556 -11228.2196032
-30412.3684962 -22966.2588622 -16445.0613467
-24754.7009207 -21662.0075162 -18532.4416712
-24206.8981956 -19281.5513962 -14238.3014108
-32765.0123409 -24557.9639752 -13960.4467745
-33340.3883082 -28076.5667568 -25838.3152794
-32601.0293437 -23087.2180694 -18788.8336867
-26287.9761418 -20856.4137509 -15221.0908788
-24557.6394309 -20165.8087439 -13801.2605149
-24733.1705008 -20509.2531102 -15078.1932744
-30716.9551633 -25440.0353379 -15520.5967655
-29235.1122466 -20552.7574443 -12456.3600034
-24960.091198 -19790.3923556 -12962.9627683
-29553.428229 -24720.8729822 -20561.3309353
-27374.6969178 -20989.1488923 -15779.8796151
-22100.408756 -18293.5346376 -13386.7270586
-24880.2402809 -19614.5943935 -10518.8855991
-27323.2330951 -23255.5055268 -20757.4961817
-24555.9527355 -18654.2607614 -12811.5815638
-21428.7477827 -17635.7121074 -7448.90961094
-27101.8889416 -18782.4444388 -10732.4298472
-22098.7009724 -16042.5624312 -7751.09143514
-24821.3734656 -17674.0016932 -7139.94416381
-18373.8672972 -13529.4419806 -7171.42520533
-23938.5085595 -16547.1589729 -12773.7879861
-23902.2190408 -15857.8402683 -9911.89128355
-21113.8698796 -14633.6830321 -7831.8777077
-19789.263156 -13694.1421726 -8776.13654256
-24223.5952119 -11017.5123151 -6888.27691296
-19352.8992737 -16243.0072744 -10083.6184495
