-428.127210947 128.470400095 1196.28526903
-3773.94454863 -641.276704906 348.682406048
-3568.95793325 -130.747223223 1615.50638485
-1027.680634 287.287993781 2060.88025604
-1365.71862537 -292.574108853 1094.69255111
-779.467524851 -99.2342684198 1140.43471827
-1751.06890765 -126.346191282 1167.86615875
-464.007779476 -61.0511140629 651.84649057
-285.393769696 300.573393292 1147.3122842
-888.00400522 -105.883324466 1008.16148589
-438.250201881 162.773715504 1508.22562283
-1564.90180335 -18.9239632608 1569.73082877
-1322.45067369 183.805133215 1884.86840712
-494.029218566 266.865961299 1361.91692325
-1696.83194724 72.6540883845 1500.9715324
-692.738068711 -170.944782051 584.027490336
-1268.90579802 -67.9197414287 823.445766503
-718.414685521 -178.591231455 1494.36807936
-533.029546955 79.5915454014 1701.38821978
-1324.0302071 -9.25740635739 1538.63125284
-509.94713478 499.709663573 1872.60463532
-305.693790112 3.57462375944 1039.43809207
-801.636844987 116.510931385 1637.70622449
-2109.13067814 90.6169984825 1494.25676207
-2419.7975219 -187.006558235 1639.42702598
-467.853898269 354.483444106 1426.76719866
-391.488874247 63.7676123684 1131.55220413
-903.284381502 -206.228007451 236.635975508
-238.035018566 -69.8781487091 733.894216564
-3381.09191721 -703.405489626 -98.0466202371
-4754.46871962 -369.041391803 1783.94097525
-290.685413846 191.813186629 1079.15441928
-582.054238366 157.183305545 1867.22329603
-424.282941007 65.8886968312 1048.1226732
-1725.4908921 -378.048739688 -89.9828110089
-818.613178755 209.274356245 1508.63334863
-1027.06337871 350.479264624 2053.37401586
-637.491714968 178.564673464 1313.98348037
-2436.1716629 -321.580147842 1185.80008121
-248.986399811 -7.21769096695 1094.69500909
-744.3894698 -156.900770241 628.66934893
-686.032447722 65.1070444342 1059.81517628
-3679.1438399 -95.6200847258 1976.80628174
-2037.86204634 -299.629965449 1621.43850218
-755.262791195 -75.3623129313 1557.62244611
-246.402323951 258.618489074 1111.75619029
-708.983934671 -86.5510697721 1109.93609206
-272.092810609 41.5379671399 1807.94363606
-178.963059236 133.662327058 1425.7088211
-354.432551608 -49.7179321237 309.619655105
-399.008263725 245.511555023 1403.07626649
-6042.93460114 -470.61900115 1162.34584958
-4906.58431813 -531.496998816 1105.4629818
-4749.57090429 -294.137938964 1164.54703596
-984.208700158 5.50780970155 742.546813318
-2082.6001722 -79.1825301341 1457.39550073
-389.192104255 462.202675482 1908.62489665
-243.72115008 219.905166788 1380.67548306
-2479.24905279 100.420135756 1199.37978118
-459.734151376 187.232412285 1215.93599255
-381.486464312 250.169023347 1405.31469261
-2519.41210047 -336.920239312 361.245786095
-337.622082111 -24.4730515234 1027.64939126
-338.212392208 132.620818757 1181.84997441
-258.882042701 200.073051976 1873.49790018
-697.298419901 503.088105977 1495.46240388
-4772.99267624 -466.831768429 1024.31527704
-360.016198927 458.303839458 1857.41206186
-1410.84716427 244.735702855 2085.48497015
-284.305237124 729.203914221 1605.22148159
-341.094396961 113.391103277 1156.60323405
-380.857716758 134.002789033 1420.86524141
-286.025639312 91.6775281594 1017.81029326
-225.484198038 2.39058864874 988.820749186
-356.984860731 353.192168572 1493.09505898
-6145.89120636 -444.604971164 874.428873336
-116.321750244 406.476981617 978.629621186
-3252.30941774 11.3346400446 1797.21690467
-169.074460929 453.501457661 1629.57349776
-1779.71021349 37.9881935156 1040.68154635
-6279.21695218 -319.263442135 1092.70037873
-397.421841521 -16.687065141 666.53491757
-222.202113868 199.592849504 1141.41607269
-1268.08586259 -24.9989728297 1112.75365887
-593.725318151 -84.5848355658 1315.78073296
-203.038731435 79.2230255336 1141.11151456
-2454.690303 296.144975864 1552.70771398
-351.649557641 209.793164644 1314.90171044
-422.235326856 128.475564865 1407.62966028
-345.045136648 141.874054717 1153.58336943
-685.296197171 636.247219561 2043.56443862
-400.552743585 130.405033388 1167.8057558
-273.986929376 71.3787057248 767.926982584
-396.766075026 72.577303555 1128.47454916
-346.633116464 506.786220159 1579.12804162
-140.444740756 138.054870977 1471.0256178
-344.99689946 309.410393098 1872.05355523
-227.565398171 -140.740314199 -53.6400985231
-284.412763829 -2.32062197472 742.492261435
-1269.36745734 -75.5188965472 1760.75752823
-422.214886468 -6.75085187609 351.095409779
-323.899120496 -5.63389115876 1211.6439843
-3542.87308116 -293.013619218 1145.69449329
-570.406994361 114.870128244 1245.67882918
-479.23182639 70.0505483509 985.659728229
-210.960916558 143.283558241 971.733900793
-961.229571882 40.7053443069 1584.83983213
-1248.40604472 -347.235152454 -50.5739360166
-1072.05380668 30.9590607102 1951.38631265
-1307.94428265 -28.8206723673 712.471879668
-1102.515257 527.866353944 1573.64170097
-336.202926842 543.43257232 2145.58500081
-269.668223035 228.254501406 1598.42074548
-248.372575861 299.500810594 1607.09332183
-754.844907754 293.385132849 1573.05750835
-1741.97867145 -201.937530354 1470.78797633
-365.557793958 177.154980635 1747.54713069
-606.297062105 140.380687798 1730.45170002
-369.702513929 3.52346798001 686.993731882
-449.316951583 34.3727262502 836.056404565
-396.22754881 92.9178472156 2172.14561823
-268.28651002 61.690674466 1270.12168668
-585.649862476 62.8308370839 713.569058521
-957.977043746 19.2587247578 1170.47249785
-385.490712472 92.9154028758 827.122398701
-1223.96935411 193.180195428 1642.79056032
-478.456249508 71.9339218271 820.515103885
-737.819021353 604.786845225 2224.14032306
-406.383300806 148.150190424 831.786071019
-515.534308272 -17.9002330728 1253.41939086
-355.752137136 194.239872192 1171.39394353
-372.310107599 187.187064997 1929.02876787
-2374.46388714 -333.849283075 731.984999266
-493.004570925 -86.0295323419 635.061031175
-1301.90165842 -169.705238291 671.808368725
-804.667971858 -117.369021078 770.54784376
-405.279433156 -108.155443714 673.545015553
-460.6671712 107.269518971 760.553318129
-238.015079884 5.88120531711 1546.64405938
-386.245021572 112.453339788 817.64442533
-3606.29751923 -439.603495889 1270.32471539
-183.860205532 250.428668377 1265.37427626
-493.266137811 -51.5759334598 1188.61035249
-1298.76389754 -159.172088848 365.518004247
-421.448626301 28.7104051608 1289.0592392
-4816.72689394 -371.480824813 1775.19358366
-351.69372158 439.877483471 1947.7371108
-2417.52449298 -415.700852037 712.720243353
-326.47361826 -108.798793003 302.25601899
-277.452560077 601.060025648 1871.09242651
-2401.50110034 354.255675542 1653.94909801
-198.147389447 198.639178978 1393.74511817
-322.723591733 344.654171884 1295.44814367
-534.45973348 -81.4928760296 323.92491304
-263.980227362 132.031864067 773.274478223
-5926.85517884 -725.699725352 -59.4127553882
-408.578095645 57.4266744 1448.30877398
-5907.20447945 -623.009254509 369.874623885
-392.824302075 222.698286958 1650.30992194
-709.972554678 26.9979638721 1138.68679212
-264.49971818 306.888594187 1621.01186137
-884.89178187 -67.3258122427 1862.38669242
-233.084680973 -19.1177945069 703.616643454
-1719.3054041 -257.565018876 328.94251421
-321.375111765 386.507322547 1745.89338241
-3532.5011357 -517.463170514 295.473558388
-445.723386342 167.494463842 1565.32783352
-189.022868836 222.922307146 2035.95966103
-238.039152889 143.834370313 1093.83669732
-1682.56558562 -125.868535405 1169.92345077
-343.001462208 89.0138129438 1258.18581965
-843.324726775 -135.782380553 768.803799794
-1175.35711467 125.186296884 1422.63333143
-584.624925295 162.328372094 1321.16420623
-1272.79779354 -6.33397422268 2063.19224437
-1669.74339041 -273.375798001 1118.17059281
-300.599303726 -92.3149639535 267.620475716
-559.868579039 27.5226113665 671.476624235
-446.193876387 -19.4043268774 982.67629855
-436.965358499 145.523086364 1794.06386572
-1283.77758545 15.0971265793 1165.49287119
-5916.50834759 -1032.3098425 1113.41624527
-3643.02970175 -329.733352497 730.552469511
-875.322530842 76.0551489823 1171.09662876
-354.178204392 310.831095448 1847.8573885
-371.821783706 -23.0260744644 682.703708794
-458.469738012 45.2290197873 635.818254925
-4954.59203602 -516.582991219 1362.82994252
-2815.71200539 -566.47666682 1036.90636614
-2441.25298484 -616.267444411 707.28293892
-4827.53975967 -159.558744026 1145.36696752
-518.175257134 256.674669813 1380.0241948
-425.138023572 -99.0274598077 714.702921911
-1439.23617958 -255.715029722 658.401343121
-6023.26832006 -505.773381855 1344.88457241
-2369.62313652 8.45777347854 1431.69908875
-3693.95519965 -204.057468832 1537.31127408
-4866.78541983 -410.665757548 1608.88578871
-380.886489252 -154.487112317 308.792116619
-882.034784471 -86.0010495787 1549.37654886
-1302.47662796 -44.0942587687 668.334409054
-691.648366912 -64.3493034668 1232.29293681
-162.426613705 170.110394246 1005.84595971
-327.992752876 263.155196499 1387.97882074
-1280.8087866 -140.520602349 1159.64416933
-195.168108131 148.013366366 1071.16703502
-1291.57482672 -140.127896109 1123.0795171
-3740.42641616 -531.507711467 1388.29836964
-338.263145761 28.0384958671 1942.74882779
-4721.56280579 -533.388199454 1037.53784065
-2463.04232694 -58.1749061187 1451.68692059
-3563.46532285 -441.70894281 1756.31171088
-3585.14739381 -125.175513105 1285.2192525
-339.862006537 112.126966762 1200.05419112
-370.616444151 352.431741629 1149.89870487
-888.546682837 -167.310397932 221.585051256
-211.837191235 121.235363223 1253.56638109
-2472.45687128 -164.680131986 1214.63483461
-426.232426074 254.702626947 1346.25592331
-1284.39517015 -160.161182219 1528.18696747
-695.354619439 -89.0805276407 375.660284805
-629.206511456 -140.875734089 324.752262658
-372.021185309 104.308503328 1240.18809227
-373.961201578 -91.1733773571 327.418704397
-322.172695111 320.709095301 1593.29996569
-728.953653815 144.100538664 1346.32511913
-314.152030643 261.696021845 1146.57965053
-672.964909681 -18.2880142221 695.103438418
-256.672559757 287.115851759 1175.99903781
-6362.32775316 -395.585234178 1496.82171551
-276.574737799 277.600560624 1953.99162908
-759.111660706 -193.95231758 347.111077093
-770.672764431 34.7799256816 1026.92242399
-374.218049379 188.024213649 1575.67956619
-208.90670806 241.584809934 1869.09027551
-385.470294828 306.368073653 1400.2060876
-425.241740596 422.698972087 1608.50317436
-2111.15952729 -281.164129747 796.452432035
-4761.18229428 -496.897697316 745.778039451
-4707.43326018 -173.798256184 1744.89845794
-368.563615252 494.294366643 1627.92980676
-275.56737982 320.604336103 1631.45254436
-3547.58530227 -362.019298606 757.410185358
-554.955234615 -98.9752703631 948.097281972
-677.676446695 308.850756533 1743.29443104
-6250.26089253 -812.486780397 1614.5712858
-157.008233837 112.083938092 1176.97760316
-398.829642419 225.543013228 1055.68505586
-439.739460954 212.915674512 1663.75848626
-355.830403814 105.946467007 758.744744145
-4509.15213372 -184.560766376 1680.42540232
-460.153145143 200.284429431 1116.81049383
-298.445204444 96.0647095791 789.462830189
-384.349102906 46.9869778088 1047.50812838
-575.546934373 44.8943125757 1251.86283297
-279.630165844 120.164654267 790.771484691
-1246.87050776 -105.19235753 785.097815549
-403.764561624 -26.7875336738 329.84032393
-442.038688476 -85.9016694775 295.422627129
-240.057888733 326.135719189 1563.36237794
-393.533665233 105.668974833 1444.65246995
-1244.40331362 332.747633434 1984.19293391
-166.118667889 271.907569521 837.725852175
-520.817386196 -173.320201833 287.038065681
-162.421251928 549.725086884 1387.06148481
-199.028059094 254.259608706 1562.88641525
-435.132496764 -76.635330941 1115.47923152
-239.234597984 494.671609651 1668.7726778
-331.643246414 224.488557157 1069.59534052
-224.759512939 206.479168129 1514.51366187
-1870.22139253 -48.4005036966 1226.93112993
-435.445582437 -198.841443797 244.560215132
-1378.93468716 10.2822549219 1737.76541533
-5945.57297882 -304.18725823 1231.02059946
-2542.05319052 -241.243778525 715.415331571
-1111.52605112 231.759017133 1564.85730347
-4875.70911132 -307.847925297 1049.44172315
-316.537144434 187.347565634 1431.48152429
-196.684537252 581.746176237 1639.62394174
-254.371334414 192.746812845 1612.58259733
-3722.48596455 -114.172142136 1951.86291673
-1266.83454331 85.5212502266 1126.54181074
-237.250278338 265.056182881 758.552502515
-118.728715019 364.79385808 1337.84589541
-981.175343416 -26.7955560124 736.081914941
-4775.43899575 -331.851538138 1598.28417335
-402.550668467 397.865779338 1966.66540146
-1404.77723985 276.01063523 1624.59815188
-3506.76117081 -331.413030158 1495.12001995
-1276.82067793 229.05654722 1622.92098153
-235.929993572 183.709871444 1249.25798949
-206.456376015 527.592300864 1929.39137162
-214.857789513 269.843183232 2067.39175461
-307.803478277 341.034998326 1897.57339041
-354.56418757 145.800895908 1218.91151697
-512.136703537 142.842339402 1653.59634315
-219.570937022 115.919032124 727.132094206
-167.758296408 189.550780399 665.103147302
-2454.62109415 71.8072470743 1616.6184618
-411.836264236 -25.1331089954 667.092770466
-2376.55572467 -80.2894580928 1161.26291011
-1379.09710432 96.7592745443 1278.75042256
-1264.06591567 -77.7773063519 642.164988857
-605.673783633 87.2858537235 898.978684299
-2455.51805653 -202.9770412 1568.42433569
-1354.16656007 327.929674135 1486.22416621
-1667.95960461 55.3123205661 1819.19371821
-2080.15464578 -129.827964354 1232.57783882
-2646.5609311 250.494520169 1851.19131552
-165.454273072 307.496002414 1094.71155875
-218.124175468 33.9540095157 709.229514715
-198.055142879 495.741515352 1210.0289301
-344.647536896 -58.2121291043 746.029362816
-265.086495888 65.6855066099 740.696340788
-223.546580704 585.271066038 1199.89999293
-232.391588185 260.65764693 1588.65199025
-213.511756233 301.505356949 778.897890627
-174.091536225 396.337562793 1531.22717818
-377.510800054 131.119058401 1621.83609635
-448.730956957 0.205959041943 726.572838184
-215.752973513 173.48780884 1606.50540843
-270.65712767 178.030399522 706.754030201
-374.380439434 13.5465777917 761.767053021
-596.673660397 163.685330087 1526.25807611
-237.612888449 409.758055452 1623.92986711
-251.003312069 144.079828165 1164.56070473
-434.54711002 76.6432253035 1148.37687957
-229.673694713 191.570154259 740.992869749
-1445.45321631 321.808608951 1192.82799123
-205.85344716 112.641614812 1055.95938995
-202.448908788 183.940622675 1530.62504028
-155.137692881 334.129654289 1581.36113622
-282.371329093 236.05797577 1128.06096274
-341.589318552 232.136803307 1538.39956998
-1314.89196579 -168.327527952 808.137647861
-192.600580238 420.335385171 1988.83936531
-214.402164032 241.838937168 1550.92660635
-177.56051912 343.426876785 1171.32000101
-334.690275113 70.7056526204 1297.96616707
-348.388099559 94.9647393465 1122.74156658
-480.532844591 47.2909455368 1152.33090195
-208.13489637 202.389081878 1651.1261101
-160.17636144 670.61256617 2196.41379793
-216.440630632 386.439131091 1623.86141783
-118.977679073 512.907782907 1184.34454233
-288.008159103 111.945569475 758.847109034
-383.124354948 361.778937698 811.372255294
-334.013507402 -40.314300608 776.56281316
-329.908564861 169.538653318 1142.3098118
-295.88633928 351.246985106 1157.08422247
-465.619009805 -22.8475251718 768.396682824
-126.779894761 730.482151779 1947.71847433
-234.13653269 336.254879084 857.063569228
-206.859087555 525.679660701 1617.44753072
-300.023972237 420.978300278 1199.03537618
-177.204165246 362.737700249 1704.37237595
-383.887610158 353.833442545 2148.71524548
-247.395810953 227.51384144 1147.472427
-184.087972845 339.144859042 1796.04676274
-277.253737451 84.827156752 804.990081413
-142.442603682 506.630742208 1301.17066548
-1320.72009364 320.599238746 1651.89240158
-152.601412803 682.403184077 1813.17926127
-389.512228506 468.642531877 1873.95690162
-921.898359482 -24.5900982574 781.643740796
-486.835965739 26.1896598728 797.491421499
-278.343106009 -5.61001665092 831.576596612
-424.4031619 178.30333487 1302.31833533
-157.43169356 377.03702517 1482.8345592
-427.668842419 158.302742007 1167.26440815
-254.063869102 141.855463936 1354.46393465
-209.313767961 275.880913552 1125.88050871
-182.096600794 269.843888803 1680.32795379
-176.31300007 492.29907753 1458.67362525
-1298.29840488 -87.8272535489 751.970475091
-334.258096302 30.2964302158 656.391797659
-2058.00855276 -24.4678222729 1709.78264592
-2458.8091554 114.310579215 1576.45283624
-150.104663988 86.0838053655 749.338627764
-195.604902779 568.652647915 2001.43599154
-576.159916148 235.502985555 1364.9673444
-4802.44243127 -410.963607113 1580.16645011
-532.506008605 110.119485251 1628.42555633
-168.06850601 247.895456674 1082.67187981
-377.799186514 69.0109959096 804.85175358
-1291.56561277 -139.586134223 645.456715276
-1337.98828871 114.092221687 1458.56579438
-252.428396024 17.5990087837 1169.89773886
