0.2664 0.41304 0.4948
0.2816 0.42352 0.586
0.2396 0.39376 0.5556
0.2908 0.37188 0.4996
0.2936 0.37948 0.4896
0.2844 0.38572 0.4828
0.2604 0.34568 0.4308
0.2536 0.36904 0.5172
0.3148 0.38564 0.4472
0.3236 0.42184 0.5248
0.3728 0.4184 0.4856
0.2672 0.3686 0.4644
0.3396 0.44312 0.542
0.358 0.434 0.5032
0.2976 0.44804 0.5816
0.3792 0.449 0.5288
0.3596 0.43844 0.5552
0.3676 0.43568 0.4848
0.3112 0.43424 0.5112
0.3232 0.4242 0.5332
0.3292 0.42248 0.5296
0.4004 0.4442 0.496
0.282 0.42612 0.5108
0.2924 0.41028 0.5356
0.3544 0.42832 0.564
0.2984 0.42032 0.54
0.2932 0.40444 0.4792
0.2628 0.41512 0.5088
0.3528 0.41892 0.4768
0.3752 0.47492 0.5744
0.3016 0.42092 0.598
0.3784 0.4488 0.5244
0.3368 0.42488 0.498
0.3492 0.41588 0.4784
0.3708 0.43688 0.588
0.3448 0.41756 0.4876
0.3676 0.44304 0.5616
0.3276 0.40764 0.5096
0.316 0.4446 0.5616
0.3728 0.42012 0.4704
0.2992 0.41876 0.5512
0.3368 0.42348 0.494
0.3388 0.44728 0.5884
0.3624 0.42908 0.5792
0.3388 0.4072 0.4876
0.3724 0.4248 0.5072
0.3004 0.3894 0.4512
0.332 0.4216 0.4924
0.3744 0.46332 0.5272
0.354 0.4318 0.5108
0.3676 0.43312 0.492
0.4064 0.48824 0.6
0.3244 0.46036 0.5968
0.3472 0.4756 0.5712
0.3884 0.47548 0.544
0.3728 0.4692 0.5736
0.3392 0.42992 0.5236
0.3644 0.43364 0.5264
0.2972 0.43224 0.5796
0.3556 0.42328 0.4912
0.3092 0.40776 0.4928
0.366 0.45176 0.5784
0.3416 0.42892 0.4928
0.3884 0.4692 0.5508
0.3092 0.39572 0.5104
0.3392 0.44204 0.5628
0.3244 0.4568 0.5924
0.372 0.41768 0.4904
0.2936 0.4032 0.5292
0.3568 0.43512 0.5068
0.3188 0.3834 0.4412
0.2668 0.4012 0.5364
0.3424 0.43248 0.532
0.3652 0.44232 0.5432
0.3632 0.4222 0.4816
0.3784 0.46728 0.6
0.3788 0.43672 0.4852
0.426 0.48116 0.5608
0.3552 0.46684 0.5224
0.4192 0.4832 0.578
0.4164 0.4808 0.6
0.4124 0.47396 0.5712
0.3972 0.45296 0.5588
0.3332 0.46536 0.5428
0.314 0.41904 0.5008
0.3364 0.40812 0.472
0.364 0.44844 0.5652
0.2872 0.40836 0.492
0.3336 0.4314 0.5576
0.3292 0.391 0.4496
0.3636 0.4082 0.4656
0.3016 0.39696 0.4996
0.3612 0.41856 0.5156
0.3648 0.438 0.5336
0.3072 0.4136 0.47
0.37 0.41732 0.5336
0.3792 0.43976 0.4832
0.3316 0.40188 0.4572
0.33 0.42176 0.5112
0.3604 0.4454 0.5456
0.3576 0.43872 0.5104
0.3684 0.433 0.5228
0.3152 0.43756 0.5872
0.2856 0.38992 0.4712
0.3776 0.45408 0.5404
0.3432 0.4278 0.5244
0.3304 0.4038 0.5444
0.296 0.43184 0.5936
0.2852 0.3798 0.502
0.3008 0.40092 0.5688
0.3172 0.38108 0.4364
0.3188 0.38772 0.4348
0.3524 0.41308 0.5092
0.3356 0.40996 0.5484
0.3364 0.388 0.44
0.2892 0.3814 0.4652
0.2704 0.39236 0.4852
0.2788 0.3678 0.4808
0.3308 0.3696 0.4312
0.2812 0.35328 0.456
0.2652 0.3564 0.4832
0.3536 0.39116 0.4408
0.276 0.37968 0.484
0.292 0.38076 0.45
0.2904 0.35204 0.5212
0.29 0.41916 0.5544
0.2632 0.35064 0.422
0.236 0.35172 0.4652
0.2712 0.3694 0.4868
0.252 0.32296 0.3868
0.2808 0.32872 0.4412
0.2984 0.37264 0.4288
0.3216 0.38212 0.556
0.2996 0.38232 0.4688
0.3016 0.38768 0.5344
0.246 0.39732 0.4976
0.3336 0.39148 0.4936
0.3596 0.42352 0.51
0.3296 0.39232 0.4712
0.3276 0.39104 0.4512
0.2976 0.41088 0.588
0.3064 0.36884 0.4652
0.3328 0.40128 0.5096
0.3032 0.39668 0.542
0.286 0.39448 0.518
0.3172 0.43068 0.5968
0.3904 0.43968 0.5208
0.3664 0.43976 0.5628
0.3432 0.44168 0.5268
0.3836 0.428 0.46
0.3292 0.44964 0.5668
0.3664 0.43276 0.5156
0.35 0.43428 0.5144
0.3496 0.4512 0.55
0.3192 0.44972 0.5304
0.3564 0.44876 0.6
0.3376 0.40692 0.482
0.3608 0.43968 0.6
0.37 0.43344 0.526
0.328 0.40756 0.5292
0.3272 0.39556 0.494
0.354 0.44664 0.5808
0.2676 0.38096 0.5068
0.2924 0.41628 0.57
0.3432 0.42696 0.5064
0.3672 0.45388 0.5968
0.35 0.42468 0.5412
0.3744 0.4348 0.5072
0.2656 0.40812 0.4724
0.3352 0.40272 0.51
0.3252 0.4238 0.5328
0.2648 0.37432 0.4692
0.314 0.38844 0.4752
0.286 0.38968 0.4836
0.3192 0.42196 0.56
0.26 0.40116 0.5516
0.3464 0.42204 0.5808
0.3836 0.4558 0.534
0.3432 0.43552 0.518
0.3676 0.43712 0.4912
0.3856 0.46252 0.5548
0.4092 0.49184 0.6
0.3576 0.43852 0.5592
0.3992 0.46464 0.5624
0.346 0.44016 0.5204
0.3864 0.4496 0.5464
0.3764 0.46252 0.5244
0.428 0.51876 0.5912
0.4112 0.49328 0.57
0.3628 0.49072 0.5776
0.4192 0.47568 0.5984
0.3824 0.44728 0.5324
0.332 0.44616 0.5212
0.4176 0.48272 0.5856
0.3908 0.48124 0.6
0.3616 0.46408 0.5732
0.3428 0.44848 0.5872
0.3548 0.48132 0.5988
0.3692 0.46332 0.504
0.4152 0.46508 0.5592
0.3492 0.45148 0.572
0.3596 0.44676 0.538
0.3848 0.464 0.5324
0.3752 0.47088 0.5792
0.2856 0.44928 0.5784
0.4024 0.48324 0.5632
0.3336 0.4702 0.5708
0.368 0.47992 0.5828
0.3296 0.43232 0.526
0.306 0.4632 0.5872
0.3372 0.42224 0.5556
0.3064 0.44964 0.5916
0.308 0.42804 0.5872
0.3144 0.42192 0.52
0.3668 0.42412 0.4856
0.3848 0.43868 0.5436
0.3336 0.41136 0.5004
0.2808 0.40784 0.5508
0.2756 0.41236 0.5284
0.3004 0.40832 0.5596
0.2392 0.39064 0.5256
0.34 0.38532 0.5192
0.2896 0.35032 0.4304
0.2932 0.35352 0.4392
0.3008 0.37184 0.452
0.3032 0.38708 0.5224
0.3264 0.39376 0.4352
0.268 0.38352 0.4408
0.3016 0.39288 0.4976
0.3092 0.42668 0.6
0.2612 0.38012 0.508
0.2732 0.40424 0.4916
0.2644 0.36744 0.5052
0.2824 0.36556 0.4388
0.3276 0.42836 0.5296
0.3436 0.4196 0.4856
0.3468 0.43236 0.5668
0.3036 0.43804 0.5592
0.3816 0.45992 0.5936
0.3708 0.46252 0.5788
0.3404 0.4086 0.4728
0.312 0.4064 0.5276
0.3012 0.42888 0.5904
0.2972 0.41736 0.5404
0.2516 0.38004 0.4956
0.2952 0.39616 0.6
0.3392 0.40772 0.5244
0.2788 0.3992 0.4848
0.342 0.4114 0.5248
0.332 0.38636 0.5096
0.2972 0.42212 0.5972
0.2984 0.38908 0.4976
0.3332 0.39856 0.484
0.28 0.39352 0.5072
0.256 0.36008 0.454
0.3144 0.36296 0.472
0.3144 0.38392 0.5308
0.3068 0.36612 0.432
0.2656 0.3458 0.4396
0.2932 0.33956 0.4072
0.3004 0.38128 0.4776
0.2892 0.37656 0.5356
0.3012 0.36968 0.4864
0.2872 0.35816 0.4876
0.3004 0.42472 0.4992
0.2676 0.37256 0.4632
0.2892 0.37564 0.4676
0.3568 0.42784 0.5288
0.2996 0.40056 0.5136
0.302 0.39284 0.4576
0.3072 0.43036 0.5924
0.2924 0.3912 0.4888
0.3524 0.41724 0.5188
0.3064 0.41684 0.6
0.322 0.45428 0.5748
0.39 0.45888 0.5712
0.3012 0.4428 0.5968
0.3016 0.38352 0.4804
0.3032 0.43112 0.5344
0.3408 0.44264 0.5396
0.3428 0.4442 0.5744
0.3332 0.44852 0.5624
0.3536 0.42316 0.506
0.3516 0.42016 0.5644
0.2904 0.39204 0.5644
0.3584 0.438 0.594
0.3224 0.38332 0.4788
0.3212 0.4232 0.5544
0.3272 0.41484 0.5892
0.2808 0.34844 0.4016
0.3244 0.38164 0.4356
0.3424 0.41868 0.4816
0.3248 0.3582 0.3932
0.2916 0.35564 0.4236
0.2996 0.38644 0.4572
0.332 0.43112 0.5528
0.3324 0.41016 0.4712
0.2776 0.39792 0.4696
0.3292 0.41872 0.5632
0.3396 0.44104 0.5316
0.3592 0.42648 0.5756
0.2764 0.4118 0.4936
0.3448 0.41892 0.5388
0.3244 0.39212 0.5284
0.3052 0.43508 0.578
0.3816 0.443 0.5132
0.37 0.44444 0.5416
0.3452 0.45332 0.5804
0.342 0.42416 0.574
0.3228 0.39296 0.4792
0.3168 0.41388 0.5072
0.326 0.4272 0.5416
0.3368 0.4002 0.4972
0.3228 0.3892 0.48
0.2932 0.40328 0.4772
0.3088 0.39268 0.492
0.3156 0.3736 0.4524
0.2712 0.34024 0.4232
0.276 0.39188 0.5624
0.2804 0.34076 0.4152
0.3356 0.37344 0.4232
0.3404 0.37064 0.4284
0.2596 0.35628 0.4272
0.2632 0.35144 0.5048
0.316 0.39596 0.4832
0.3252 0.4054 0.5156
0.3256 0.379 0.4616
0.2784 0.42112 0.4652
0.3504 0.41508 0.5356
0.29 0.38752 0.4656
0.348 0.42496 0.4984
0.3508 0.39132 0.4772
0.374 0.41528 0.4844
0.3552 0.40192 0.4312
0.3476 0.42456 0.5608
0.3436 0.40984 0.5064
0.3012 0.39656 0.4744
0.3368 0.40468 0.4616
0.2864 0.37168 0.4284
0.3504 0.39468 0.446
0.3452 0.40188 0.5328
0.32 0.37188 0.4604
0.3148 0.3706 0.4104
0.3604 0.40024 0.4912
0.3352 0.36932 0.4196
0.3464 0.40016 0.4768
0.2824 0.3766 0.4416
0.2564 0.35504 0.4476
0.2728 0.36312 0.44
0.2968 0.35312 0.4356
0.3204 0.38088 0.44
0.3036 0.4 0.4904
0.2932 0.3464 0.436
0.298 0.38112 0.46
0.314 0.38188 0.4652
0.3212 0.36296 0.4568
0.32 0.38092 0.4248
0.2956 0.38448 0.4468
0.2984 0.3718 0.4744
0.3004 0.35828 0.424
0.2832 0.35712 0.422
0.3416 0.40968 0.4964
0.3236 0.39344 0.4892
0.302 0.3936 0.4316
0.3188 0.41544 0.5428
0.2928 0.3738 0.4292
0.3228 0.36504 0.4112
0.3196 0.39124 0.4692
0.3284 0.41852 0.5144
0.3568 0.42408 0.508
0.3528 0.4178 0.5136
0.3444 0.3924 0.4516
0.3452 0.42828 0.5236
0.3608 0.4202 0.5088
0.3508 0.44936 0.548
0.336 0.44784 0.5452
0.3856 0.45808 0.5616
0.3688 0.44452 0.5708
0.4072 0.43436 0.4892
0.3932 0.442 0.5156
0.3824 0.47432 0.5604
0.3604 0.47372 0.574
0.3668 0.44184 0.5432
0.3968 0.45176 0.5236
0.2764 0.3966 0.4548
0.34 0.42872 0.5416
0.3444 0.4372 0.5316
0.3556 0.3904 0.4588
