0.22496 0.235684 0.24524
0.22364 0.235416 0.24932
0.22656 0.232236 0.23924
0.22328 0.232512 0.23952
0.22128 0.231748 0.23792
0.22184 0.230964 0.23764
0.2214 0.230208 0.23868
0.21572 0.22792 0.24336
0.22808 0.234344 0.24224
0.22348 0.229492 0.24036
0.21748 0.22774 0.23872
0.21976 0.229416 0.24284
0.22164 0.22738 0.23356
0.21936 0.229176 0.23844
0.2226 0.22832 0.23476
0.22312 0.230036 0.23844
0.22548 0.229152 0.23532
0.22732 0.231736 0.23804
0.22236 0.230572 0.2364
0.22176 0.230316 0.23556
0.22296 0.231036 0.24112
0.21916 0.230692 0.24472
0.22204 0.230212 0.24196
0.22168 0.23132 0.23924
0.22224 0.229816 0.23476
0.21792 0.22754 0.23556
0.222 0.231416 0.24048
0.21864 0.229364 0.23776
0.2222 0.229024 0.23632
0.22052 0.22892 0.2438
0.22312 0.227848 0.23548
0.22244 0.229688 0.23728
0.21784 0.22678 0.23468
0.21936 0.226956 0.2326
0.22016 0.226608 0.234
0.21808 0.228064 0.23396
0.21592 0.22562 0.23396
0.2226 0.228936 0.23636
0.21696 0.225632 0.2308
0.22044 0.224028 0.22776
0.21212 0.22062 0.22748
0.21448 0.222876 0.22988
0.21756 0.222156 0.22988
0.21504 0.219988 0.22668
0.21792 0.221488 0.2288
0.20988 0.218632 0.22536
0.21324 0.221896 0.22688
0.21688 0.221968 0.22836
0.21328 0.220404 0.2266
0.214 0.219648 0.22256
0.21304 0.220872 0.22896
0.2152 0.219856 0.2256
0.2172 0.221184 0.2276
0.21492 0.22056 0.22692
0.21056 0.22132 0.23508
0.2162 0.219396 0.22208
0.21512 0.218608 0.22248
0.21168 0.219964 0.22564
0.208 0.217868 0.22264
0.21364 0.219256 0.22624
0.2132 0.216956 0.22292
0.21208 0.218872 0.22536
0.21056 0.21902 0.22812
0.20992 0.217768 0.22136
0.20532 0.216188 0.2226
0.21092 0.220092 0.2304
0.21648 0.21962 0.22196
0.2148 0.219652 0.22816
0.21368 0.219076 0.2238
0.21484 0.220468 0.22512
0.21092 0.220032 0.23136
0.21456 0.220912 0.22844
