-44.177854089 522.218061597 900.064312819
374.47917053 668.954343793 814.435297841
385.379677042 652.07310073 795.499540216
227.094628651 680.761869472 939.065231802
500.098818381 675.787394421 830.130326469
401.652841203 609.327458479 873.954755959
485.397087653 648.406880543 843.099587393
370.630728498 700.937213594 862.090090106
476.672759833 702.473103942 956.766385108
523.744881885 722.493792131 835.934178778
446.170863304 710.314770955 901.797665106
314.629067488 559.884253922 776.919886972
529.263684125 687.553411225 883.268059612
376.695051239 696.819469295 885.972585647
604.22870133 735.321133664 902.143572047
532.551736199 704.314650876 856.773038214
558.278791931 632.945011235 754.233804288
528.552850444 729.281077256 975.105285481
250.923161876 623.565349785 773.224773826
422.442545121 678.425137359 867.099549367
690.892792842 786.511622063 971.636698124
455.870164386 741.625622868 827.817009969
574.323330535 800.408216154 1119.38871889
527.514895395 753.662092767 871.891889728
230.10542133 644.565015029 862.691712849
461.822574554 657.183765781 879.570202756
606.439509774 727.766417353 917.149821249
496.180021596 729.341854745 872.896197004
726.171524621 785.682093135 908.1217361
473.847734029 736.489674463 827.790781733
579.318774024 724.295665635 1080.78432241
601.254025104 797.948336208 914.617615973
571.915903039 760.334391043 1070.5938024
245.677919139 652.67552555 918.29629095
430.5970745 709.559806552 1017.34755618
383.666563627 713.541878871 981.232452557
583.733925991 826.460798565 943.232989893
460.741077718 682.389325216 829.249817653
565.661041548 677.270854619 845.566817948
560.230546571 707.225341563 847.828028006
658.741982081 763.226753639 847.153736158
563.416086562 788.913748049 984.657710954
498.951990661 723.525556549 937.031587677
556.627332666 771.819519283 1041.7057467
554.24804037 762.044625213 988.645639111
504.162498387 720.311942691 863.172518102
347.893720269 737.353165661 965.084729462
518.328142879 717.33881615 932.065583605
527.39870688 714.377484046 909.504895829
545.420240736 688.828517744 837.045356737
540.609398074 721.702571163 902.31674768
605.466664155 770.404351784 1002.85209321
379.295262253 748.282850191 864.196333117
530.634401742 739.137451717 1009.44376024
619.400843688 780.213719783 879.582912079
465.222117828 742.371083333 1174.22742228
517.393967524 725.647627199 1134.30812008
622.604584786 791.972627668 923.921702507
639.401254474 796.114118047 992.502492765
447.872819833 714.608467323 974.747584032
587.286491992 807.019249994 994.682429613
572.999722951 779.989499777 965.676769153
652.634397632 753.444339763 852.400949033
601.599815066 779.959112981 1092.68387923
189.222017136 677.491257972 923.69622451
546.966324897 781.982038549 993.306873699
494.396353143 694.010640174 928.665073005
479.069029544 705.411454641 966.416396973
617.57484311 730.433035305 811.25258355
657.778246299 843.039049532 985.722495162
421.297061621 767.067475307 901.881713512
528.174059213 744.852478001 926.033479014
