0.09592 0.102748 0.12512
0.0956 0.105004 0.11476
0.09488 0.105 0.121
0.09356 0.097224 0.09992
0.0936 0.098624 0.11152
0.09348 0.1017 0.11488
0.09108 0.095916 0.1082
0.09012 0.09342 0.09596
0.09216 0.094508 0.09776
0.0898 0.092328 0.09604
0.08948 0.092504 0.09488
0.08988 0.092392 0.09488
0.08776 0.090176 0.09276
0.08864 0.090936 0.09384
0.08532 0.090408 0.09416
0.08568 0.088444 0.0918
0.08476 0.087852 0.09208
0.09616 0.110088 0.14252
0.09576 0.103428 0.11688
0.09956 0.111288 0.13544
0.09544 0.100064 0.11488
0.09508 0.10562 0.12324
0.09412 0.09852 0.11168
0.09144 0.094884 0.10044
0.09328 0.096208 0.09972
0.0912 0.09526 0.09872
0.08928 0.09256 0.09696
0.08916 0.09276 0.09532
0.08936 0.092468 0.09524
0.0864 0.08994 0.09464
0.08756 0.089832 0.0952
0.08576 0.0897 0.09228
0.08328 0.0863 0.08796
0.08532 0.087504 0.08884
0.08204 0.086964 0.09004
0.0822 0.085092 0.08736
0.08296 0.084612 0.0866
0.08312 0.085088 0.08792
0.08156 0.082876 0.08492
0.08176 0.083808 0.08552
0.08268 0.085332 0.0878
0.08108 0.082744 0.08388
0.08076 0.082732 0.0862
0.08152 0.083996 0.08568
0.07952 0.081708 0.08392
0.0794 0.08136 0.08444
0.07984 0.082584 0.08532
0.0804 0.082028 0.08424
0.08016 0.081928 0.0844
0.08012 0.082336 0.0856
0.07928 0.081264 0.08236
0.07916 0.081408 0.08276
0.07988 0.08188 0.08324
0.0796 0.081384 0.0832
0.07924 0.081044 0.08316
0.07868 0.080548 0.08148
0.07788 0.08 0.08272
0.07648 0.079616 0.08212
0.0786 0.080784 0.08312
0.07872 0.079932 0.08132
0.07892 0.0808 0.08432
0.07812 0.079912 0.0808
0.07844 0.080284 0.0844
0.07876 0.08022 0.0826
0.07788 0.079052 0.08048
0.07828 0.079948 0.08172
0.0774 0.080104 0.08164
0.07828 0.079708 0.08336
0.07792 0.079908 0.0818
0.07852 0.079624 0.08164
0.07528 0.079032 0.0814
0.078 0.079168 0.08164
0.0774 0.079656 0.0812
0.07712 0.079184 0.08196
0.07668 0.079852 0.08176
0.0778 0.079408 0.0822
0.07804 0.079916 0.08228
0.07684 0.079164 0.08424
0.0774 0.079704 0.08176
0.0754 0.078868 0.08092
0.07604 0.077732 0.0794
0.0762 0.077664 0.07932
0.0772 0.079 0.0818
0.07336 0.0775 0.08008
0.07608 0.078248 0.08264
0.07684 0.07876 0.08348
0.07508 0.077236 0.07928
0.07552 0.077912 0.08192
0.07548 0.077532 0.07996
0.07444 0.07778 0.07956
0.07496 0.077168 0.08072
0.07532 0.077804 0.08064
0.07608 0.078864 0.0836
0.07576 0.077948 0.08276
0.07544 0.078296 0.08116
0.07492 0.077384 0.07992
0.0752 0.077684 0.07916
0.07584 0.078024 0.08092
0.0756 0.0778 0.0796
0.07524 0.079084 0.08944
0.07564 0.07678 0.07924
0.07544 0.077228 0.08076
0.07704 0.079192 0.08276
0.0748 0.07808 0.0816
0.07464 0.076604 0.07812
0.07532 0.076488 0.07792
0.07568 0.076932 0.0786
0.07548 0.076572 0.07892
0.0754 0.077404 0.07872
0.07244 0.077388 0.082
0.07436 0.07662 0.07876
0.07176 0.076368 0.07832
0.07232 0.075716 0.07692
0.07376 0.07546 0.07692
0.07292 0.07562 0.07756
0.07204 0.076624 0.0822
0.0736 0.075012 0.07696
0.07208 0.075236 0.07848
0.07392 0.075816 0.07952
0.07228 0.074632 0.07804
0.0738 0.075632 0.0784
0.07228 0.075156 0.07688
0.07176 0.073752 0.0762
0.07192 0.074016 0.07612
0.07264 0.074556 0.0792
0.07128 0.073996 0.0774
0.07164 0.073784 0.07708
0.07128 0.073036 0.07384
0.07 0.072928 0.07592
0.06996 0.072992 0.07528
0.07064 0.073344 0.0756
0.07176 0.075384 0.07808
0.07184 0.074048 0.07856
0.07064 0.073836 0.07612
0.07076 0.073972 0.07868
0.07172 0.077152 0.09516
0.07104 0.07488 0.08024
0.0694 0.072264 0.07896
0.07072 0.072552 0.07552
0.07168 0.07372 0.0764
0.07 0.072816 0.07672
0.06956 0.073296 0.0774
0.06948 0.072084 0.07484
0.0692 0.0715 0.07516
0.06924 0.071548 0.07276
0.06892 0.071236 0.07432
0.06888 0.071328 0.07468
0.06888 0.07092 0.07352
0.06912 0.070384 0.07236
0.06916 0.072508 0.0778
0.06796 0.069508 0.07088
0.0684 0.0704 0.07276
0.0682 0.070228 0.074
0.06852 0.070396 0.07388
0.06956 0.07166 0.07488
0.06796 0.070424 0.07468
0.0694 0.072548 0.07632
0.06844 0.072012 0.07768
0.068 0.07038 0.07412
0.0682 0.070612 0.07348
0.06896 0.07048 0.07232
0.06728 0.070712 0.07404
0.069 0.07052 0.07268
0.06836 0.070896 0.07392
0.06704 0.070796 0.0768
0.066 0.06956 0.07468
0.06756 0.06952 0.07156
0.06592 0.06908 0.07408
0.0666 0.069508 0.0728
0.06588 0.069148 0.07148
0.06584 0.068732 0.07232
0.06552 0.068128 0.07068
0.06692 0.068616 0.07056
0.06828 0.070644 0.07596
0.06784 0.070296 0.07192
0.06784 0.069368 0.07304
0.06628 0.069388 0.07288
0.06524 0.069124 0.0724
0.0668 0.070476 0.07316
0.0676 0.0705 0.07424
0.067 0.070004 0.07268
0.06676 0.070176 0.07424
0.064 0.068236 0.0748
0.06616 0.069224 0.07224
0.06544 0.070028 0.07416
0.06644 0.070412 0.07452
0.06496 0.070132 0.0728
0.06572 0.070088 0.07284
0.06648 0.070344 0.07284
0.06772 0.069816 0.07252
0.068 0.075144 0.09004
0.0646 0.067376 0.07148
0.06432 0.066792 0.06992
0.06544 0.068952 0.07592
0.06208 0.067948 0.07504
0.06472 0.068628 0.07248
0.06552 0.068212 0.07352
0.06564 0.069008 0.07384
0.06792 0.07042 0.073
0.06572 0.068764 0.07372
0.06364 0.068356 0.07352
0.06596 0.070908 0.07908
0.06724 0.071812 0.08512
0.06368 0.067944 0.0732
0.06676 0.070264 0.07344
0.06416 0.068428 0.07284
0.06536 0.068096 0.07444
0.06388 0.068568 0.07284
0.06572 0.068896 0.07168
0.06604 0.068248 0.07
0.06372 0.067868 0.07192
0.06648 0.068872 0.0716
0.06664 0.07062 0.07452
0.06664 0.0686 0.07204
0.06664 0.070812 0.08088
0.06604 0.070752 0.07456
0.0672 0.071008 0.07624
0.06608 0.068744 0.07056
0.06616 0.068932 0.07276
0.06268 0.067368 0.07156
0.06528 0.070512 0.07328
0.06652 0.069936 0.073
0.0668 0.070436 0.07444
0.0644 0.070532 0.07604
0.0642 0.06932 0.0758
0.06472 0.069272 0.07232
0.06556 0.069496 0.07324
0.06648 0.069904 0.07464
0.0634 0.068164 0.0734
0.06532 0.067956 0.07192
0.06516 0.069868 0.07444
