-1219.60342043 -116.292062537 862.820426176
-649.28651025 -227.789786682 -51.269205668
-2069.33018935 -401.037513292 1232.80872499
-1992.81346211 -447.948978863 1343.46976774
-1076.17588701 -198.752357548 590.766024362
-2554.84983367 0.050154697877 1393.97690505
-3747.5695393 -740.108323903 73.5862873325
-420.7899397 278.668475493 1331.54882779
-498.904624508 -174.423705328 475.533023489
-264.331225268 352.836447886 1266.5446263
-455.176905966 48.8657296487 1302.9194263
-1163.14277374 218.657020994 1770.75397088
-607.705699045 113.427280224 1207.80672983
-1148.44149684 -68.1293990607 1002.41058073
-966.401551707 176.436735104 1370.93351496
-1004.94415884 -193.911836911 1213.95003073
-433.232188309 125.722094086 1253.9007911
-227.716488066 310.61992695 1474.3944849
-278.05940496 162.986717639 971.43841422
-368.037427761 141.933110188 525.605050444
-842.757827157 1.9858544839 1201.62694728
-803.095789336 165.612920573 1263.03656105
-461.423438988 133.668313593 1240.22115529
-487.838938666 225.741339212 1600.03832654
-438.392173097 26.6350468684 1105.00897738
-796.896217575 -95.7611574803 446.627243738
-379.648111209 467.193281687 1332.33429731
-1182.59668376 -67.4504259102 1210.68594607
-416.351190334 144.566632389 946.950173184
-581.572529636 129.723915285 1031.24614815
-1493.02765217 26.8614484146 1171.09170938
-2214.40318296 -538.177662666 272.598505711
-3539.15631422 -123.354376757 1534.54826918
-594.384271108 17.6523981097 1318.36631232
-649.955350981 -142.182510363 113.313745216
-406.394061225 19.5757409608 743.124079853
-4318.31148669 -152.053918397 1615.12471043
-409.894827147 97.5039330447 1573.447049
-1532.72114698 130.203705833 1647.13748184
