-1527.73672296 -831.35927822 -373.176695085
-1302.13220317 -794.17881677 -376.643243675
-1077.55170136 -752.285845602 -341.99698215
-1151.26854728 -540.435317264 -156.704312524
-1199.79617142 -685.258419705 -289.932149006
-901.271483528 -323.752978001 280.530514547
-1076.66273809 -177.677051677 322.70356906
-333.872227631 102.592153083 340.842254925
-937.050252772 -156.397657907 213.22440053
87.0680327374 245.522489941 375.204054924
-154.586269162 209.057133068 434.624399855
49.0716526749 250.984264579 380.597012473
-131.716532069 190.612447775 346.39332978
74.9361045479 197.700524197 339.642961161
118.354269636 267.501530005 409.857802805
136.81825288 259.41792353 389.488891366
67.6220322394 236.715334188 331.155250156
68.7680164117 236.26548344 422.250246882
54.5439430664 271.89229553 384.637669895
61.3736988805 274.655424982 416.215527676
126.400204757 249.322173889 373.515978826
-220.462830855 234.583315216 343.658909603
103.647637517 273.6395511 362.002411982
-48.3249924041 232.497707102 365.582252654
102.272067484 237.067533713 375.00580214
-6.94682472078 232.601369577 383.558391972
87.1551386548 276.25945583 406.590631634
150.872221852 258.761958933 338.491001915
48.7136564197 250.078353701 361.776791822
64.3907388767 239.711571534 381.544739693
31.5441058935 287.457573221 393.263930864
200.374224165 335.038066073 408.096786597
-237.339987841 218.315400619 381.191166991
13.635953929 285.108629443 417.214502453
27.2483290237 248.519760432 386.659226299
182.629944581 267.77212305 348.447014073
164.968628928 280.511995907 405.321814424
-105.215659253 215.625163432 393.90295665
185.308974028 286.238902104 398.007742162
251.710756931 311.256060556 376.10104938
48.5166265793 283.680493937 427.691770159
136.149782011 288.703629513 355.743177616
43.4805480289 266.448117923 353.164739545
171.643659231 290.599795449 408.631820642
222.833199689 330.633233811 448.319119537
-29.7389033745 202.68618714 412.027739896
