-1302.09160078 -329.380349547 364.981282392
-1242.96607549 -379.263437494 -74.1463403331
-1892.52864068 -570.301573817 -37.6911965981
-573.204289858 -10.5532735127 1113.17980522
-1169.01278471 420.268218185 1972.90242312
-302.080375438 -136.849510056 293.16765612
-627.521270401 -6.61071771064 1248.85525107
-2671.51029238 -635.680148817 845.229615919
-1277.57783145 -240.101660326 1175.33613029
-629.849301404 220.441845273 2081.87959782
-618.311314688 -149.983259366 740.049885853
-569.900423275 123.635725158 911.164404909
-628.297514187 286.511377724 1886.66030681
-226.734523166 -6.02191618704 795.284196076
-2231.11159869 -440.182563257 -45.8623759726
-478.729870822 451.104970547 2015.27002554
-906.544254419 -4.58442581115 2152.7606674
-187.95893252 476.827906163 1669.53377142
-311.910291937 -67.7017638937 416.925317188
-478.173076827 48.4923799427 1464.5437786
-253.745827064 -57.2001075432 778.521917867
-771.359558243 180.343186229 2085.64113225
-429.463103414 381.740334276 1208.22728466
-354.11010768 55.2054887704 778.974237425
-1631.60038046 -367.834238472 278.71001934
-576.332115615 183.192225835 1831.66289557
-901.920234944 45.6407597195 1731.19257872
-367.439723518 266.109522207 1628.6077003
-223.396226423 290.782487305 1334.48522913
-1975.74575462 -270.863586648 672.300172649
-534.422869134 111.810114288 1209.86757123
-485.809092195 10.6428748342 1177.93473794
-756.037932452 -11.2652445115 1652.02696517
-680.79290677 -105.199195956 762.761354263
-839.653869884 -104.655533014 1187.84575267
-1198.16599378 198.153184613 1704.10463928
-633.515924995 178.908131626 1249.84409315
-640.82015031 -37.2917074675 1253.59000464
-1546.00858718 -97.9121761511 1205.20571879
-300.20365299 144.796422643 1654.01878372
-800.849930938 -140.215123739 1228.15984237
-1300.73630472 24.0297790294 2072.90044172
-692.306944574 34.0936315185 828.511156932
-591.679512499 232.150077136 2143.13446667
-820.31489839 -89.2763702793 780.057520717
-1133.88685237 -175.102422531 340.294665966
-765.906133228 67.155492971 1195.1330062
-354.555854647 281.329662111 1491.12079494
-552.9606013 196.996593035 1765.29025478
-454.284598193 -175.69745684 -54.1433241681
-248.176806557 96.8543551497 1162.90228247
-397.329932223 352.768786848 1624.3329311
-668.572819342 92.029787519 1821.11583685
-1013.01079869 -258.557417674 713.411822113
-509.549602134 177.744143891 1626.82637961
-772.005094041 274.224087485 1537.40566381
-744.625674222 139.997254318 1109.70622082
-482.254861151 204.962698311 1623.22020526
-288.324220635 207.783440443 1892.41799808
-1070.14178706 -207.202008787 372.607105507
-159.254169676 543.923994243 2042.46809802
-541.454834562 -29.5636059781 1245.36934985
-360.364476494 13.65864061 1145.9053953
-309.023080571 62.4612508102 977.507436869
-2908.16145062 -437.134598797 -78.7817213406
-270.429608172 -52.1083561929 353.510667693
-399.962805264 575.865268868 1896.65863135
-3516.35196314 -282.76712097 1058.9680281
-2422.19986016 45.8376841008 943.96340456
-189.643356661 36.0516852574 681.007117085
-755.498183572 127.266851576 1478.63928356
-346.851421484 36.1171743378 1132.19062244
-290.862331699 464.096497277 2031.70058617
-437.435591811 419.142120752 1935.44473057
-2422.46979348 -70.297504901 1876.13841593
-720.223529151 536.740929417 1543.64634275
-264.483008043 85.3982383224 920.451971092
-197.154174751 629.853092123 1486.41069038
-155.923929881 408.269698179 1688.21312654
-611.298889134 228.94478694 1902.63175183
-6053.26525748 -862.358168075 2026.25707387
-344.875673094 186.924039477 1117.00639439
-547.816534805 9.66406658891 1206.01562821
-170.320241099 258.503699742 1256.13852378
-208.281771979 181.811850989 1652.7426476
-141.017983528 256.357816708 1496.82236022
-215.920908385 65.4415611841 1338.94193685
-171.72804116 516.173300753 2041.36142022
-302.740489037 81.9433582525 1594.802013
-125.190450494 343.713958828 1271.77689759
-183.447635482 482.377850895 1554.47533606
-211.430243752 137.627286271 1092.48566043
-172.415085283 354.80574471 1643.97277102
-275.42965832 144.550568582 1478.79568124
-311.606453359 543.405448562 1576.07691462
-344.443516347 25.4021146036 725.48282452
-260.692133386 478.363779896 1870.12523517
-178.01810235 343.277003308 1626.63978184
-198.9624942 87.9433797119 1110.79576122
-186.035169431 405.84740598 1604.75068723
-810.951884263 162.649182769 1119.97176536
-133.7071575 68.3762354362 818.771517165
-132.841202245 343.575614264 2076.14080173
-135.421038774 129.216632657 1152.93890749
-377.553527835 140.234801463 1157.49339347
-254.237726275 149.000293244 1120.84878002
-252.72944639 530.597066107 2004.09350789
-382.637920643 344.289894634 1492.60241336
-91.9424360216 300.736446961 1904.25098892
-183.976899273 -3.91665800414 1032.35262549
-159.769250669 219.822228943 1844.92421169
-95.2611552682 332.490296419 1788.52685882
-174.805520664 198.515818373 1910.80640187
-108.231475695 546.972486146 2090.15089495
-152.057896264 355.153405893 2038.26723695
-165.9941643 99.0765923019 1302.92054489
-283.472043573 353.164007507 1972.29911917
-272.13968139 31.7748576202 791.065443467
-331.665683834 500.610433083 2098.02482782
-143.565514317 392.083217314 1612.28931611
-100.028724152 686.824292684 2013.2412366
-81.4832601766 570.454121544 1718.60669697
-224.715839978 131.138454275 827.732490343
-236.263246133 471.669720802 2108.61227562
-474.762238389 158.111009282 1383.95540868
-146.319467723 719.393664222 1966.33977866
-219.154771805 335.699679804 1610.53372607
-129.538010129 621.783786681 2078.00322979
-138.32483419 230.056459753 1837.71457417
-115.746889136 511.24332215 1809.22863932
-303.818036376 262.05270531 1545.17619514
-444.697790362 645.475510224 2067.03260666
-155.504878068 134.370469921 1682.36921346
-148.564685145 568.459870074 2148.73997216
-193.664555351 172.838409873 1285.04389605
-281.807765637 271.27283007 1215.95704077
-125.815158742 334.467316321 1535.50733114
-517.608289741 244.247273243 1507.98750299
-192.705492512 287.149030953 1648.62765027
-138.065516232 459.85263405 1675.30498991
-344.214800311 357.429188518 1982.18409696
-229.635468346 301.087365948 2036.71028598
-203.083821985 127.32009825 1908.28808996
-224.830110653 125.932839816 1244.04017276
-130.989345226 842.852515352 2222.64126612
-311.677970416 277.906602423 1726.67453534
-270.631708173 156.379019932 2020.29234557
-141.183596958 245.172012144 1237.24603408
-257.516579908 114.00692245 1289.30521718
-118.295540378 462.014338655 2172.93506853
-114.794689023 642.237643344 2066.86316351
-215.191180197 484.570046705 2120.95948549
-178.894489693 98.3778000283 1207.85158004
-254.918024144 -23.6770845789 694.57651005
-99.9048143097 104.421226586 1548.71602471
-252.312990359 279.332309903 1693.39069118
-128.264374163 486.08445676 2041.94100891
-135.609354369 527.775689389 2032.63879114
-100.283593267 531.321707915 1672.63127911
-172.752768953 474.581591497 2063.65708271
-262.618508629 -18.7886836082 401.128950678
-306.892189721 385.6001671 1550.10750513
-216.859237441 301.092780522 2151.04888768
-104.187953402 583.871398878 1912.95167716
-89.4740907926 1100.10687561 1675.62008641
-364.284359611 94.7273532811 875.681255703
-169.737524794 885.831336768 2088.12797839
-259.678766944 637.550442859 1934.77971454
-184.495360647 -7.79473026858 371.292869063
-157.451797737 775.42128353 2056.60600512
-155.688158754 320.554399104 1683.87310143
-120.160405009 434.058658619 2037.1427354
-125.302153244 419.801631337 1545.68032367
-150.507345343 -30.4645716062 368.018345397
-192.571566584 111.714383692 1907.75402181
-142.749416409 236.11099338 1360.67111352
-159.40938182 253.308521516 1498.85123146
-2836.21721061 586.455943448 1946.05838641
-156.444497891 192.362931456 1551.5501252
-222.678741148 329.8141541 1670.85126504
-190.301012522 383.727943835 2124.79846229
-378.873704864 662.698421553 1903.61889527
-214.027397959 488.400377628 2040.28150226
-139.184200872 189.688534361 1539.54987131
-184.863514581 68.5709288425 1173.75655286
-249.854131575 319.203999466 2076.81296889
-156.107112726 390.020796843 2056.89435171
-285.388236125 295.972359267 1226.55848502
-110.231530198 899.986416173 2075.65105949
-133.855609143 227.228391391 1628.72980221
-104.983718958 389.934518293 1796.57738971
-155.911736803 229.989568881 1400.67020082
-245.578808405 227.181980398 1483.26536551
-222.492437047 39.015306626 770.07008946
-203.673294291 224.84508509 1495.30532548
-174.820870069 570.648757907 1983.82361339
-256.507010488 66.4311728057 727.35099587
-148.328860225 533.369005514 1650.88898867
-204.674530175 631.368031769 2107.23124321
-214.346697767 886.6283306 2086.20019604
-170.019136202 484.868260764 1555.78243924
-248.017742906 609.53617696 1997.43230858
-182.333676046 751.495199679 2083.94824654
-99.8827449423 355.49630646 1205.17556356
-60.7341951663 487.070964867 1927.92665993
-158.472919276 56.2315232602 352.99885688
-76.5450584483 732.587637242 2165.95177522
-188.871159859 343.348172451 2143.87756005
-172.300470188 343.480156297 1194.12070661
-139.089591119 175.662479875 1612.59476768
-158.894469833 204.950253021 1666.014347
-288.709474805 539.485230909 1862.73864584
-151.167030096 80.842530108 1546.99668996
-244.960112851 408.930768986 1214.92401634
-218.791071394 456.700842518 1304.13446022
-147.321863911 204.419858566 1574.5233815
-383.442037009 219.077401747 1661.91797935
-263.687880202 186.717077329 750.187351086
-342.015836261 186.632024428 1229.8028187
-569.028801875 416.475837063 1281.31354643
-451.416258501 339.139381433 2037.61888508
-544.539392997 103.502673845 790.459583383
-279.063372028 182.574842838 1236.05128434
-363.916145432 -11.649174364 815.773164061
-166.650609629 210.896427694 1143.50825501
-236.397783957 610.119649508 1995.7378129
-640.011966434 14.2512828619 1262.87093701
-208.216472716 277.69855782 1730.42558714
-277.356501358 144.125077536 1287.96042354
-293.386326931 355.173509781 1277.53375485
-246.749282733 40.6685349871 843.141240657
-245.949446841 375.912429786 2201.82851583
-264.527555771 400.306057943 1641.1168434
-228.153876627 284.164660207 1290.84960782
-293.325857744 271.764717779 1246.18024964
-191.192903425 470.518427441 2258.30561754
-322.738731943 211.592082482 2246.04993288
-199.446936312 396.19827593 1638.9274627
-272.139780384 360.808277108 1308.98911374
-370.999839967 6.97474243929 396.840576074
-365.485099525 386.391652908 1726.63970911
-236.139969848 607.514850286 1745.57241227
-275.472382812 296.993209327 2184.33628411
-487.976804685 125.75370614 2244.58545547
-296.688147252 486.110433331 2061.47145707
-261.742819716 263.909410015 1237.47623398
-237.369210246 152.984124062 2013.44228833
-124.562772286 83.2738415211 794.509358339
-185.845186022 560.03575699 1607.64725047
-373.302444983 419.470120584 1345.59625278
-328.776378624 178.429130587 804.077032559
-442.609218202 264.696047191 1725.10385836
-284.532016287 -50.6926782028 360.179953822
-413.178065589 165.455724083 2040.03374903
-372.279803916 -68.3649027787 378.480111487
-298.831330627 473.586466647 2134.38346387
-218.983172887 553.799779478 2226.30665309
-234.233900388 439.310716165 1282.78849653
-411.01766113 223.558758786 2185.646449
-408.530666771 57.515108212 1290.49543448
-139.797896653 141.585462921 1261.68195279
-130.899581361 387.665749164 2045.71379071
-394.213870031 261.600730891 2071.00372817
-188.005456517 228.496544835 834.940790599
-345.321946394 11.268039012 833.814399325
-167.340441774 265.753669762 1614.16230816
-87.8540995029 496.246920374 1688.6032317
-93.2161076637 439.850869328 1252.35314133
-560.07967062 624.972079313 1688.67798814
-368.449412565 329.587375447 1304.44388873
-277.690660471 283.371431754 1254.40689133
-164.210513908 526.500508754 1726.49235982
-161.609368805 206.277689186 801.312229279
-590.209495054 341.314990124 1715.64494506
-293.045473058 745.764245087 2310.92052608
-105.282730605 470.569094532 1653.84263175
-140.729547759 229.341036043 1801.36266167
-321.38191333 204.375193602 1295.24591632
-179.176927383 258.380707671 2083.15445607
-196.090699906 528.140836552 2045.10402804
-323.752504529 159.835095437 1638.96835091
-330.588348114 371.408466383 2114.68520187
-163.385621201 175.374232956 1995.91277141
-146.521353155 623.936602825 1762.63190493
-282.966262324 665.513984637 2034.2999691
-118.883432406 605.356141382 2060.37084357
-131.121950203 347.274988947 1961.60548475
-202.365088522 209.923603661 1639.05357618
-96.1596820991 304.290973922 1609.65390589
-214.761982041 529.616530072 1562.25329379
-145.590642317 203.380979416 1159.18161356
-236.281977292 455.071965414 1717.05923021
-306.433745433 479.284613942 1678.18702164
-133.650211238 570.428965203 2095.9197975
-250.581207309 328.261938731 1994.32213595
-212.690313923 333.001201819 1961.88016211
-188.585412085 -1.92977920387 412.763706035
-187.983743881 400.432306716 2103.85086365
-257.186475898 387.953590765 2045.64203196
-224.081619394 316.305376551 2205.90687036
-214.92552998 137.370358089 1250.39932392
-280.536244564 607.553864852 2214.95096457
-151.297461311 143.705270661 1275.93629433
-215.171356931 531.115652616 1672.39691496
-115.436527084 285.003989731 2163.30158177
-173.668485625 487.570729365 1722.21279111
-202.511610976 529.724615683 1698.0590367
-127.549116109 836.424967662 2164.04742066
-99.081786377 286.558765009 1650.87545154
-305.41466257 300.094316508 1259.92777184
-131.078415491 378.545620912 1834.59967386
-93.7700901008 608.966880389 2147.65422315
-146.503343535 437.502117759 2148.17848589
-432.435812036 678.185123544 1755.99892116
-108.902346506 733.588739741 1759.44526225
-186.799550859 -52.8430497377 400.710790573
-161.921153485 396.018070386 1250.68804099
-150.320152646 637.444283088 2165.08589319
-139.106382485 415.883936517 1312.29023468
-224.158092883 281.306996687 1780.95007363
-137.223654714 10.6389995046 872.246158833
-225.206462244 446.103135809 1776.00284009
-174.423959968 443.8262661 2188.54126415
-202.538494636 870.128966854 2311.19305532
-247.634274316 505.876675885 2204.32911001
-195.135228827 624.91902493 1720.43587041
-103.903044645 674.106136823 1873.93148526
-262.634874518 -60.5242097748 403.372101858
-130.80277901 435.949919032 1773.29291522
-217.660331359 633.977984974 2296.3118867
-189.734461359 237.196318837 1310.81639355
-232.847326559 143.145109088 927.850912561
-301.119235539 123.624961927 898.097481094
-244.647508123 844.462548916 2221.64454671
-152.730795746 106.244237451 889.346338124
-95.4463865884 964.856538851 2352.90190948
-221.09887791 521.904877904 1822.16869537
-189.34925304 316.525673616 1336.14063661
-188.923396543 273.022567384 1365.3575565
-97.2924133623 124.407235843 1354.09309587
-127.004813361 807.459645205 2294.25574484
-143.462114193 386.238731578 1801.11985702
-254.627727992 129.679029417 1277.91255663
-100.009180422 113.624097849 437.474698766
-160.888357617 340.006982805 1356.210622
-287.93649613 413.029995644 1827.12553819
-229.289761414 722.816386419 2214.05089184
-186.473050232 820.426647605 2239.84936289
-488.848604788 181.571544974 1377.25204669
-149.581107493 385.617710627 1757.60857245
-234.659385313 276.489728795 1841.47083755
-103.018066978 420.112289548 1811.70221572
-101.135945065 541.79340367 1823.41287959
-181.352596503 387.284162732 2294.62169822
-148.469139962 684.105075612 2359.7116835
-352.969705843 497.944877456 2282.6727314
-171.976092472 235.418164101 1763.51568156
-113.469213236 527.380552049 2181.38040162
-209.374267398 359.512979953 1835.85721247
-326.888362495 286.905626835 1775.06546469
-140.36287572 106.776873457 1306.05775404
-356.017189625 501.734436578 1759.14522631
-123.788674402 195.411869167 1374.41525614
-103.69155469 781.250339796 2257.38195836
-231.008099875 794.181971289 2185.29299139
-133.183901671 826.130310628 2322.78556581
-197.603935144 328.88173649 1787.76103173
-103.952126858 345.533026249 1828.71643086
-254.742494841 30.8971274017 1350.62490717
-136.058377777 699.592910699 2082.18990568
-171.360634586 208.432391332 1846.11996603
-94.9268234957 695.258608781 1876.02504359
-140.950130525 436.008342905 1844.51434389
-110.045207482 -24.9683726162 413.699076846
-154.788704921 646.218339937 2218.56705514
-51.4021827518 998.111696771 2212.60692707
-310.634410753 554.529250793 2163.56467846
-106.927997927 722.328517576 2264.965409
-100.212731463 500.560029647 2289.18773027
-86.0063268419 861.246146456 2261.06917457
-268.500929253 446.542183523 1855.93398836
-125.016867869 1104.77784912 2252.10669542
-196.089255797 667.255967154 1760.81781969
-105.497497981 349.623802431 1396.38451118
-103.450416029 747.701957055 1870.04336091
-140.27085635 619.94850994 1359.62178393
-167.403056781 785.764684027 1848.17165656
-268.690692707 528.145411515 1370.2983608
-137.824391835 410.909990257 1885.52271646
-99.2962973161 328.762321628 1395.84892993
-235.266081697 289.683287306 1352.99616698
-66.4009089148 460.704772002 2248.88782939
-195.47171751 523.363058284 1826.54750305
-207.522048123 192.576726428 1401.64976802
-77.1406777786 899.704197428 2221.92239995
-129.233806131 402.864581998 2313.74981211
-189.877635974 349.254788316 1428.42549718
-166.431781846 299.149822802 1797.65317576
-104.239516134 497.452672637 1395.22327116
-107.746637717 356.475721998 2318.26090857
-243.333144813 244.675671919 1402.5904257
-412.248531762 733.681639049 2244.20639455
-76.9648138139 409.496914286 1276.86601741
-133.725526768 678.633277012 1918.22826369
-138.256193448 164.561532597 924.479956606
-102.903139203 213.948990263 928.820017626
-102.068185967 684.954715212 2271.77827248
-95.7559799607 731.976369007 2258.75933731
-254.004063963 293.062623971 950.266952789
-103.141827676 684.197003907 1850.86501937
-174.32584336 252.307150334 1797.77575453
-149.512068335 621.072155801 1775.27905077
-70.034521805 541.872866944 1813.89741375
-89.4582028607 470.304707775 1433.61077915
-85.4817456391 976.746197479 2225.85990271
-146.075206584 722.980391003 1745.01351145
-96.8454640788 408.129126235 1351.40004089
-143.523758938 563.243995739 1781.90851568
-47.7667017988 1247.54301269 2345.88843258
-139.519874078 534.169734961 1797.27978946
-69.9723272025 261.433007146 1711.26389996
-87.955061647 738.672079729 1836.75181733
-137.242968705 549.27212065 1852.94845045
-66.1496074448 884.509255433 1840.62418186
-73.0821100562 769.621761396 1678.33203893
-130.012026985 648.91223013 1863.56890045
-121.896180548 586.160260673 1788.66198052
-319.939772694 373.02639175 2149.66476948
-88.8222840868 688.317951209 2288.42613082
-83.7935495635 659.296148332 1856.22647254
-109.028619005 577.809974539 1798.82852477
-139.125849931 492.47587257 2201.6057186
-143.885137213 167.189487512 910.981806311
-142.976010574 499.495708644 2356.30786643
-63.4662954473 1178.15072649 1873.06975393
-179.110069813 293.702455941 1853.42573851
-149.741763074 516.139728352 2372.65281402
-131.651569693 661.19988916 1441.29296505
-74.7178355924 327.498395549 2259.11378554
-63.1996269103 1189.1181276 1867.48855242
-153.900083674 161.008661743 2295.38577806
-83.4752382771 190.439608491 933.105490206
-125.600742763 221.068103303 1359.38144354
-238.148412164 342.856149692 1366.70339975
-187.7620822 537.475072769 2337.7905721
-112.204459374 510.132966141 1890.45473001
-138.976231781 398.854491495 1772.84385456
-137.264260587 308.640409032 2322.63352655
-79.3684670767 611.678021592 1866.25238043
-84.906873612 408.968324167 1372.60833108
-321.822294372 130.795020589 2342.61110446
-143.403293095 355.76137304 1788.75329882
-116.520167079 354.581716002 2270.79801585
