-8306.64701042 -8247.28074515 -8171.09552143
-8321.28289989 -8244.36734425 -8179.90916014
-8309.80423897 -8236.2269609 -8061.48336398
-8304.75017969 -8191.09462492 -8124.58047619
-8269.73870744 -8179.89141062 -8055.76987638
-8269.50977084 -8186.52035076 -8061.98505744
-8202.94207531 -8103.89761179 -8058.41448816
-8202.23453871 -8128.68583582 -8053.15710999
-9402.09299207 -8320.54659095 -8059.94217944
-8448.84526037 -8143.69747658 -8038.03302657
-8512.34488163 -8161.18443314 -8046.54716491
-8315.21884392 -8134.78180427 -8060.9008056
-8144.09963938 -8091.29868758 -8047.11748884
-8325.34461138 -8136.25287133 -8037.73416543
-9424.77878993 -8354.59808931 -8050.88860437
-8167.78676658 -8082.99559791 -8032.38147888
-8520.0143048 -8154.67345125 -8061.9847729
-8629.75406203 -8143.06536957 -8058.8273714
-8691.65870674 -8164.79894932 -8044.79827631
-8241.22814443 -8113.75731833 -8039.50964247
-8239.81836584 -8087.98006606 -8037.19899578
-8605.58983201 -8144.91173011 -8044.45687336
-8239.94989855 -8107.79890521 -8055.26498202
-8261.08070069 -8110.6394741 -8048.70355138
-8492.15897783 -8189.64944526 -8063.91985632
-8636.96881967 -8171.09781359 -8053.9413686
-8198.90185888 -8097.11611158 -8049.58465987
-8110.94657835 -8075.69876434 -8051.58751846
-8239.5938163 -8127.43900714 -8057.13712026
-8253.13753791 -8109.23185808 -8055.08041794
-8407.36619112 -8132.85207253 -8039.90109352
