-535.037735524 1275.68676228 2353.3930769
-904.403154149 431.104101483 1332.93517569
-357.085415393 1174.85349171 2050.45204249
-772.332222815 736.444728523 2676.67404919
-1293.76442725 1324.29406003 2686.68491076
-659.207993571 939.820832068 1712.38140718
424.173210214 1350.24626426 2364.2116947
-133.090901233 1147.0969149 2678.43221586
582.054601471 1470.95786876 2361.24558992
-753.258232104 822.216153978 2030.926958
-616.364608334 684.737683577 2365.64793871
-291.677188574 1410.65818921 2047.15228688
-687.982324426 925.006115248 1996.52234901
290.191570633 1215.75011674 2280.00032355
-801.813140672 738.934845333 2027.37387082
-45.0197416978 1160.18093006 2671.52823268
73.3791738554 982.901723485 1419.19266837
42.8197499989 1061.80008951 2376.39233461
-51.9117792152 1440.16450114 2378.63699474
740.725672398 1530.37462169 2044.6571948
-564.528695413 1000.78894316 2050.74061197
749.892981752 1502.09465574 2053.24898531
607.163385211 1483.80156412 2370.68326673
-523.512559132 844.864257136 2700.44165046
457.639703534 1243.30169592 2064.13123423
169.546396403 1311.24035378 1738.18143922
-91.2644555099 975.297719852 2037.03520035
208.960382157 1464.52031224 2049.54098752
350.374161251 1404.23249955 2060.58062276
-513.419086484 771.781286498 1705.01501037
-656.573339211 767.954594311 2321.57401174
-192.130751304 774.740840483 2009.95649997
-484.202278672 1486.91022235 2976.56744218
-63.8131798714 890.112181971 2021.38013241
-475.339843916 1045.42222943 2042.15888419
-336.0033673 1150.72074871 2356.96131226
-370.053867057 1116.24099486 2365.19999615
-259.358246967 1253.70388608 2371.63613934
-84.4549622104 1318.82613745 2355.38263806
-578.33819434 962.106396969 2671.26316949
-28.9528813753 1397.51776865 2052.41090419
744.802770361 1686.68674756 2347.07119956
644.167251899 1431.57246912 2615.71802091
-498.973273388 949.236632397 2024.74431963
698.031327201 1302.34233673 2998.42512434
573.023841063 1182.35247242 2038.27669911
-312.367515401 1396.71709316 2667.73163143
231.760994975 1031.54826818 1634.99978044
167.396569466 1313.97855831 2030.53966597
1320.04676479 1636.74603665 2671.35177573
741.127423882 1563.08630653 2371.03154081
-587.612038481 1076.80039854 2296.41511295
226.239553942 1330.80812864 2356.68972311
344.100315238 1565.97838234 2359.67768344
404.060281642 1332.27379002 2284.92534794
18.4786426613 1465.61925424 2054.63872457
-346.776227559 1224.69140615 2349.30274374
682.832071804 1500.44446793 2346.87201516
-441.385747592 1466.19380935 2976.97989096
187.033995629 1026.46962639 1414.31840856
772.584561378 1622.36390124 1997.93575114
666.649348586 1517.21280436 2341.64514061
-75.0009312569 1036.77570576 2039.67662958
356.539545593 1446.28476452 2955.04440519
206.837163837 1295.65800777 2308.31361174
534.879747866 1400.10235572 2639.40017978
369.762778866 1394.58318687 2023.69114114
385.679994461 1322.73978608 2338.47372223
-158.531755559 1191.24978173 1996.98722983
-250.202620871 1215.4520525 2312.52073645
79.6273839315 1222.83066478 1977.69179841
-532.283441855 890.007500096 1737.9441087
-480.490222201 890.824974793 2023.49294968
-64.458687579 1209.48597892 2035.25828487
654.379440371 1462.06534091 2654.17278755
648.418148478 1657.75102723 2363.0287885
-321.998242869 1031.10561383 2329.63987219
729.427742107 1767.51032727 2362.04058935
242.362373542 1293.10540956 2027.75716043
781.515541904 1563.56098675 2365.18203253
-191.007853915 1214.35541449 2624.26316319
717.327653924 1502.84427387 2004.22984723
-325.70095787 1006.97141969 1710.40834815
1045.63499321 1604.75201004 2675.0537724
309.10176567 1299.34408196 2347.8109151
641.664869699 1685.67331771 2978.21664259
375.685924181 1168.43617852 2661.47682515
-105.681463507 1290.30689692 2333.50138638
420.395265031 1364.79550437 2356.49795256
-96.487828198 1054.63468468 1687.71163442
959.815702103 1720.30805813 2633.91750953
326.888047293 1310.29394437 2329.27958393
67.989542029 1144.31104654 2327.64877148
75.1028293236 1352.60935086 2322.11449433
-61.0840073676 1388.84959411 2353.20236844
-495.767321225 1145.13554625 2024.95234484
772.097035117 1605.42036317 2337.50132626
329.95112608 1027.06058018 2291.96975453
932.941980967 1873.36666607 2959.32664807
378.483846617 1215.51481462 2333.58468601
310.362734093 1306.35184419 2011.32080679
-49.9164611599 1681.54528995 2351.86979889
764.576080904 1717.03722614 2341.09554731
337.848042188 1413.07124614 2331.44331624
65.8848571845 1342.2515792 2044.41055355
361.547972916 1474.86213365 2338.70367886
-589.214263984 1041.48152128 2336.58657144
-113.019149536 1489.24313681 2667.90323349
56.1964858141 1368.57301413 2355.77507916
604.603101452 1626.94332725 2616.68046375
1078.14409519 1689.08518346 2340.18672808
466.244922146 1401.41808544 2055.20737511
-117.810944094 1120.37452544 2027.04259789
-674.538978425 1049.94791495 2048.12433597
39.9438593554 1324.33289843 2038.77320882
8.77902340521 1454.30766409 2658.26863137
-257.582738814 1228.93620418 2316.49895035
354.311813163 1406.20320993 2342.96382887
1070.09188301 1727.47667379 2666.85349542
358.704653174 1483.31871422 2342.95194934
624.111529726 1435.32066474 2352.23403986
415.640114477 1313.81082 2059.83296679
384.564793802 1372.2891589 2359.4258408
922.789779213 1786.38588156 2667.40427631
950.208884924 1331.39976896 2356.47169086
257.792487126 1379.06414328 2015.25642534
-280.374947635 1056.48341847 2347.7017617
732.283028476 1581.18603466 2977.69592495
418.322858058 1350.26680389 2354.99636371
-379.669225676 1277.68739346 2345.46334871
255.966627864 1145.41602546 2006.73980634
451.085862147 1687.96193747 2678.28834589
-13.1700365192 1339.67687916 2329.02793696
-119.617090542 1373.22705593 2654.95623865
-117.088396906 1248.04515148 2305.91446809
-463.137110506 1325.50449313 2028.58207673
-413.038462419 1541.82780273 2345.79571786
893.626726457 1680.66961283 2348.28542422
1068.63008399 1892.42176066 2980.35490359
755.173044685 1298.72489483 2020.06149729
683.18126168 1536.22686429 2323.98625838
386.652458532 1590.17316305 2977.83104723
1080.12710833 1767.0366024 2324.78371029
799.595977667 1431.84380163 2341.88185311
997.549781595 1677.91916405 2987.73193848
1029.57052864 2004.32192567 2631.53049318
753.34795197 1991.15484014 2670.00102066
-528.124336837 1061.69138043 2032.42453165
230.155006448 1275.1640143 2049.56481491
413.585700558 1557.75765389 2347.34631644
439.236766158 1447.09999105 2321.51307373
-332.851817888 1395.94244384 2640.78597667
104.811607073 1152.47181252 2045.3690255
344.911322594 1778.91511353 2961.24492594
102.887869813 1518.7123932 2334.84022723
-485.063760083 1454.5245416 2047.3266511
84.4581225922 1336.46774799 2647.74316882
456.068924094 1654.16752046 2636.57301063
751.951740661 1370.90976109 2031.93875799
1380.87101044 1790.17677502 2024.40603581
-81.1104671468 1224.70738291 2298.57507902
400.367883187 1310.55434883 2657.8116309
1301.84108991 1770.38575999 2956.07350099
-100.566019466 1249.26686862 2012.35537001
157.304258469 1292.32341726 2661.35544947
1016.14224097 1604.83711024 2309.89610032
332.993199095 1484.52772491 2028.64411629
301.061563458 1520.91822595 2650.00106507
275.531246024 1303.2624719 2317.24859252
687.493174648 1804.23279758 2611.70484605
-697.340599493 1314.49031082 2298.18596123
-139.626615815 1139.68105879 1998.32790675
421.73079171 1500.20756373 2635.18760155
701.742413953 1511.18650219 2299.30739928
-127.313209228 857.882435895 2017.52126651
1030.60812876 1401.79968119 1996.57947633
-556.773622051 1478.30927219 2657.27707213
437.753639111 1690.13825243 2623.50872326
1087.6691057 1688.27550757 2311.79593324
187.198727245 1210.40232953 2343.94536801
344.222758485 1193.36375151 2322.6752952
-394.084628078 1518.50317089 2652.69702333
468.052536259 1610.26578334 2655.83118215
1042.30042938 1901.33819972 2619.16129914
1080.12233787 1935.70706234 2629.52740795
1071.7762743 1848.43769112 2346.74200983
304.926472208 1310.89201276 2339.45540482
-706.71597906 1599.64034447 2643.73102952
702.812046226 1898.76029868 2645.17004515
752.715711044 1467.12330224 2597.25983905
1028.42223344 1744.55482609 2622.22920333
381.229745468 1469.16681628 2031.51540304
733.281734353 1496.26026735 2591.52447134
46.486450001 1417.91824918 2322.46517057
-511.759511113 1307.00619248 2306.05758688
768.533531299 1659.75307475 2317.81406089
684.869104046 1532.81886677 2611.61606519
-617.760295964 1178.10718419 2620.23349253
343.101517959 1448.76869854 2923.83757322
-182.070648261 1215.65973131 2299.82416007
-55.3914385244 1433.44434955 2593.54567819
1351.46377839 2054.04876738 2906.50681657
-160.927317045 1305.64694022 2004.02324937
90.136027608 1769.61442206 2633.88614498
450.63849611 1460.06603057 2300.98982527
130.173238632 1292.0237522 2636.19741793
366.367800199 1704.08781276 2638.02493303
704.778548264 1732.78082872 2622.90666178
433.244805659 1891.72176788 2929.0299631
713.600709097 1503.1468347 2332.06280855
711.370387224 1663.83043724 2014.0495784
-36.2788180078 1434.70985033 2604.24825611
-135.145624184 1701.79377276 2905.25971621
1005.47504791 1641.63395694 2619.54838129
-373.852760794 1092.92373747 2933.79514008
-288.31354102 1412.55066271 2647.90021916
748.925705739 1270.80426368 2295.74717746
-138.058600289 1271.56469426 2292.4185255
376.862735105 1399.82357894 2943.68344404
-402.399568945 1024.38876834 2303.78029289
405.067559425 1503.9467702 2650.23948734
-10.206312836 957.200257898 2006.47785374
-393.45689518 1636.23964999 2623.60643633
-455.1044884 971.489676684 2025.99839762
722.3159692 1361.26449395 2305.24420483
723.760508559 1724.59097473 2334.36347233
482.994542324 1526.23115406 2005.72088767
1015.49939311 1993.00467421 2930.53109049
473.353222407 1527.05141046 2628.28474838
396.90781268 1427.70444035 2338.62220751
28.315139085 1282.7942546 2588.67945007
414.167075317 1845.04539405 2628.0599686
604.051617882 1319.91329737 2330.87300512
209.415508234 1534.0489334 2615.26692775
-554.17072909 1307.65046329 2343.23736368
1070.08156491 1929.69294842 2327.2067068
715.415353023 1327.89390353 2022.84741139
87.1318091055 1191.49446515 2007.90498143
83.6592541248 1274.09926254 2296.34166832
925.914901034 1767.56825413 2034.44330169
-347.165393724 1402.5340637 2939.15780304
341.338886239 1321.96444407 2326.17416781
350.298677646 1510.21918583 2925.9167519
725.467552538 1691.87671277 2939.99822663
50.7440618389 1125.65938583 1722.7658989
1034.92261091 1519.43457021 1980.83808067
3.50348849282 1350.182971 2654.33360493
387.170229034 1153.84100713 1978.97487602
-216.508393183 1395.56733582 2285.69469975
-13.3245080775 1822.36136575 2950.79361537
1986.90967969 2156.56244488 2601.12692205
1061.12891553 1684.85550139 2306.56006475
662.884447861 1762.45417611 2645.1142008
1074.72585494 1799.50517594 2589.04766478
22.202260894 1329.69419061 2312.07084864
263.660563242 1588.50969838 2319.94910553
739.758475811 1567.66366839 2032.38657722
1019.91366428 1748.55098612 2302.0682239
736.727032541 1627.3321234 2635.34132161
-358.882721636 1431.54588553 2337.60601474
-334.333724716 1191.71927845 2635.30865134
1057.84050535 1837.76744186 2641.19744385
1018.02196176 1513.17375894 2633.6558054
1040.15789831 1754.31190939 2945.55523281
1077.38807554 1665.57766849 2027.65171111
1058.5512587 1780.4546703 2612.51988564
754.709122936 1453.92286557 2627.91721797
997.686981853 1619.5762805 2627.2506255
212.449412274 1568.60124542 2319.19117888
1271.0184781 1750.12558212 2327.67557761
765.324637173 1602.25574162 2642.77283977
724.378064294 1856.58942044 2335.77174166
1010.06156772 1728.12703359 2638.13661933
32.4808899307 1197.36117587 2038.4396288
415.207469233 1494.78544716 2326.17503165
439.478127917 1341.32421097 2631.56221028
757.862222054 1690.45700111 2328.88739442
994.18384039 1810.03792632 2974.70749987
1364.12051422 2066.96529325 2622.09273059
700.76819285 1588.14234684 2290.23276293
1263.45901172 1697.82264021 2041.74562571
769.882722008 1365.48013101 2636.61327868
392.813948585 1506.29995497 2022.86907487
664.344130987 1532.95086384 2945.24449483
3.02277283347 1557.91460907 2618.70697746
320.197019379 1620.39319423 2624.91558141
1349.50883199 1678.37942587 2020.02940688
362.682962304 1452.51953698 2331.7260285
337.744541162 1471.16399615 2916.71312294
726.509418486 1778.70376595 2317.38318314
759.589577272 1818.09245406 2637.95169006
699.936687193 1866.63861194 2626.08100693
1042.74468598 1809.7871765 2343.471165
1351.7402461 1840.56659721 2328.29769225
773.789794874 1502.32456292 2336.39530512
1086.68078767 1701.63074769 2336.97562038
734.170536832 1463.75958785 2023.88625508
1067.912879 1846.02061565 2947.00354279
460.890739184 1951.99518643 2629.55786296
1363.71064628 1957.34028697 2644.34485519
730.745039833 1294.65986468 2310.20893751
468.493059683 1478.28801397 2946.61746758
690.299476597 1283.11792437 1997.11161005
1093.0048683 1799.16776318 2353.35496935
738.742585886 1692.33492594 2633.23489999
1041.64190191 1567.25422295 2336.50415332
1062.62280136 1691.29559123 2327.3650635
697.781669857 1658.33078673 2642.03449228
1077.88131227 1727.33878012 2633.42417921
649.746970675 1803.59142489 2625.38188054
1099.14230196 1610.02658631 2328.91180681
24.9839495195 1787.92848942 2974.90423568
1006.63806582 1768.56835972 2343.49773886
671.537901699 1657.13838863 2657.50990596
1309.1090651 1781.03690439 2645.69182022
1065.73329359 1871.6204587 2658.39578883
723.444757121 1417.53885217 1991.28111709
789.115156298 1732.58453111 2624.31871096
23.8181759619 1440.15911139 2007.26626371
1037.62672197 1789.29584003 2645.28083997
754.407726847 1624.56352435 2644.89318678
758.581720701 1632.69898701 2318.32876161
1050.61242087 1688.60349505 2348.39716615
766.781348786 1604.39047941 2302.49111743
416.753986366 1480.06289975 2339.66244631
1068.61220137 1673.05740303 2293.15465005
1018.82473382 2000.98648559 2959.02117253
1057.98206017 1915.17222282 2970.77461226
791.017209835 1674.97765345 2662.52806802
869.156583594 1399.90598921 2340.35056834
1069.63307687 1712.41670169 2332.33964759
1389.73704556 1855.84328606 2339.83210526
1038.01520358 1601.36892106 2348.66480104
431.324539322 1609.62591068 2652.51069471
791.939517203 1773.88776036 2979.68186548
1060.8123449 1821.89000911 2631.03134075
752.045557664 1602.95734868 2352.88694758
346.130920515 1544.4252206 2041.93108403
779.42246014 1614.7735204 2359.54129088
413.135225514 1600.26069227 2357.37729369
733.972764504 1691.32266036 2308.37882194
766.663533183 1485.43153748 2357.92697291
717.425319839 1733.65110086 2665.58053344
441.687318233 1517.85890011 2648.0609185
721.846970325 1572.76165224 2023.21712483
1036.16804472 1670.03782476 2330.4586752
144.371078903 1447.63153649 2638.24241038
1052.21353688 1579.71954811 2352.18197027
764.31439961 1471.24269107 2041.86132329
1052.24142878 1459.38267493 1719.61433659
740.73774915 1758.52174097 2347.60354412
1021.47554914 1737.38364693 2342.06315152
478.350738188 1666.44791797 2652.68383909
375.767934205 1597.48588219 2352.88052517
764.720273929 1450.80738946 2645.51412531
713.099772753 1710.18024103 2337.69025235
613.497093445 1940.07822235 2973.43126957
1050.24393306 1535.54385925 2037.93030428
1392.54849592 1729.03827775 2031.74802153
398.301572905 1499.21604086 2024.38681561
1356.32187721 1827.3641875 2314.31236251
1098.00808557 1735.4916321 2615.14711398
505.024106299 1698.1577021 2312.82926284
753.500548972 1727.91941397 2956.05478686
785.557123909 1638.58195531 2341.33750489
1317.73559757 1771.55410944 2314.34440812
1048.29759578 1768.36433313 2338.98642281
758.834695375 1777.51946113 2967.27184187
1061.30582208 1662.65568253 2313.41211538
713.088886363 1880.90966232 2342.7268242
1322.26591968 1631.07275896 2047.6462253
733.0219082 1379.18073464 2020.64771505
757.567484932 1738.41866471 2644.52509599
803.630641178 1868.49103116 2630.49843927
401.98972196 1420.15364922 2336.73324927
468.259300026 1597.27212583 2640.3044079
399.111489391 1506.38277675 2328.52316522
1391.97412413 1913.75727038 2633.61934448
449.150259916 1386.67005179 2347.67156325
713.167469525 1461.82860776 2635.32768037
1372.27110826 1855.8522234 2627.41063422
1085.85620484 1731.87839033 2349.50562338
1069.33214654 2061.26170512 2623.75811975
1083.07464367 1893.82439216 2336.61195166
922.848560882 1655.45727087 2025.03534535
1079.66461325 1578.52092284 2642.18494752
743.89323125 1638.89177025 2327.63737029
761.000788187 1582.05418093 2353.37394904
1003.3887205 1541.65501222 2336.73623278
1367.01550936 1880.0939356 2644.26098595
405.889907311 1668.26707516 2657.73279201
1045.82464591 1792.54207798 2633.36823525
1076.80432721 1491.71076032 2030.57422211
1079.77807241 1536.14503797 2344.21324022
1274.48868371 1882.17298368 2611.6456635
1062.95045198 1659.94088857 2327.20900458
1379.17779808 1639.84935026 2345.25592214
402.631365882 1567.87860841 2638.72505418
744.004043206 1557.08654886 2636.88504582
731.621508169 1576.8021077 2312.46344973
1079.36663414 1757.73251219 2340.86477218
1057.33448048 1947.6757528 2340.47833935
659.515672893 1537.08432141 2328.83017849
990.88841709 1815.84369947 2336.20056561
1057.18693635 1683.8352804 2328.46302716
682.161528876 1427.78046555 2031.51248063
753.293706989 1445.82928832 2641.41340589
1036.53649939 1844.51064741 2329.98144759
1315.97612787 1931.58919708 2332.53551742
354.077108502 1498.23392699 2327.64875012
1064.34981425 1689.39588565 2318.68941034
329.286249601 1686.1605742 2636.7523438
1055.87099274 1781.37420282 2641.15563539
681.476109797 1790.89495683 2981.26429948
1062.87809188 1633.1392282 2326.18360483
1383.10619122 2077.63657178 2657.66237892
781.328833674 1751.04817985 2331.19810034
712.420221773 1647.22405217 2947.96057972
695.919310065 1453.7499468 2326.55261149
1371.21386512 1645.47695618 2347.17935718
777.535947333 1663.88610833 2351.38469996
944.71634427 1528.65076411 2332.30312335
1079.04632406 1923.8320104 2340.72858062
1085.15146223 1924.33941795 2939.75648164
1045.76549999 1786.07548868 2647.13234997
389.411915908 1696.67833038 2648.08434327
777.250784422 1696.58585164 2606.03903943
1045.41650818 1846.91587842 2938.79154132
655.530052581 1633.68243123 2312.87865413
726.051780592 1819.58778128 2334.52954246
962.339324184 1715.55972332 2341.84653656
1013.39240424 1725.79886115 2638.04545001
1365.64925344 1753.2115001 2349.60226774
1348.97715788 2000.79444253 2336.92076422
1043.67337717 1704.08785461 2329.71137704
1366.1079793 1881.06970248 2339.02421372
736.204271818 1656.74162696 2956.66258901
318.88064096 1757.48073639 2971.19434931
1382.72463171 2017.85687814 2969.99533046
779.986121603 1568.90524869 2638.86205531
1100.67965333 1789.95364341 2347.88666516
1039.39621541 1728.61986555 2356.73064951
470.889829404 1779.34462941 2655.76385193
744.325081611 2027.80275324 2979.63145111
981.926219219 1890.79503438 2653.80833622
731.456215285 1607.87369943 2348.62017298
97.5633959274 1762.98472634 2363.11171306
747.985620423 1687.4131439 2347.8106263
135.418264058 1394.06845882 2304.53746306
727.366034555 1626.46565999 2331.45056487
1050.01353657 2012.80587465 2972.21270533
696.962024019 1520.29688002 2339.12494974
418.034352234 1807.18531115 2642.59194132
687.81780563 1595.15530652 2363.51517991
477.258476453 1529.36101301 2339.72124257
1015.86080884 1756.37633417 2965.5686899
344.910548901 1656.74581693 2338.98776939
1314.82547529 1893.94420603 2361.56780734
1381.06268471 1801.94069572 2356.36631362
733.502162434 1519.85488242 2662.01000794
1681.92113601 2083.43285632 2664.25702608
658.059707228 1690.1618403 2656.95553814
1058.4129669 1801.68331883 2336.84088623
681.390318929 1614.79516144 2660.25501749
722.903132495 1758.36309059 2354.79589409
1042.58593873 1711.7025239 2363.1074784
1372.41694956 1888.71586444 2354.26342094
455.41409165 1768.24664936 2671.76597013
1047.1926386 1868.57787829 2363.94940161
1057.5530562 1484.43958463 2360.2768925
705.435608913 1478.11502114 2332.77802106
758.300211263 1641.40631985 2654.20772052
726.934724339 1663.98628861 2350.90527083
1358.5318913 1868.00518843 2648.51239821
734.000190174 1730.6120214 2337.60124091
972.119806856 1763.498906 2971.86237999
1086.53346412 1836.50992952 2613.80490128
-29.4670167087 1839.92016814 2967.16050921
1100.60917124 1766.29514532 2651.50240605
753.829518411 1580.18153889 2668.01964528
460.962953813 1588.56817886 2343.81981986
1399.42593627 1863.36698001 2348.81134316
746.019827097 1791.80775534 2655.6222414
408.886966746 1532.67830353 2330.30211179
1067.39215208 1867.76128756 2666.14106696
1025.02526621 1583.4033752 2343.74807144
742.103637891 1735.88649995 2627.85396215
757.578101318 1866.11183695 2348.80280575
718.603903745 1773.39351911 2364.88667261
767.860889271 2054.09328037 2967.63016239
787.960325975 1729.85524991 2339.91819059
718.006645852 1542.76032225 2358.59841313
767.542601569 1677.88813271 2358.6958733
792.599029898 1527.30111611 2033.28919575
1089.45597678 1777.5299544 2355.15728776
1035.15260218 1510.39303064 1737.26754685
751.883828396 1780.01654703 2979.35721279
1096.78998842 1776.87334192 2358.54307739
122.211682067 1768.12419538 2665.39887884
1075.31560213 1960.91086043 2660.98409744
249.630747979 1529.3968203 2673.53679118
1408.29367597 1750.5769818 2039.04235098
1092.63735682 1904.54848321 2675.11958904
1090.89280084 1777.90643581 2357.88273333
1017.99349618 1475.78393884 2044.30507301
700.205339689 1546.41031484 2052.28633233
112.17886946 1518.77858225 2651.06147413
1095.79025987 1930.22900625 2347.85310895
998.176605287 1634.22621527 2350.35300175
1002.30761771 1887.36582361 2672.04923527
1100.29716044 1675.92252515 2355.67320094
749.021365181 1559.62068197 2357.08585105
1108.3445012 1715.88976064 2038.13633725
737.652432558 1549.15829476 2655.76604291
61.9611394087 1221.42692234 2026.16186668
768.056989014 1973.52052422 2964.56889019
1094.08042662 1680.01246307 2054.84477685
780.043096845 1835.29776323 2646.93413228
439.292940364 1702.31079454 2033.56953742
1099.64525847 1672.2493506 2040.23150563
1339.41611815 1877.19603997 2341.61798632
1010.21800084 1729.82048744 2669.21819115
757.78313472 1636.08498307 2362.76559952
707.84580799 2022.96282483 2671.64452858
1376.03672831 1789.23538677 2683.70514184
661.032586027 1507.96266741 2029.61546395
1094.30241811 1886.29983029 2974.37525613
1411.22871673 2032.95861961 2990.62841613
645.648765862 1568.71880078 2650.05463478
1404.85735428 1748.97070863 2345.05330495
115.764551855 1455.56893511 2363.48703923
999.879507125 1706.36197803 2373.47047498
752.548036841 1604.86351532 2334.67931264
765.994013243 1671.54611049 2662.92785766
1063.01016814 1764.02760432 2338.27635895
721.330520988 1373.61257357 2352.57488682
406.69007838 1660.97425944 2653.87914796
449.142601835 1715.95454924 2668.03751125
92.8665579649 1297.85937879 2040.33130456
742.918656791 1671.08167723 2659.63160797
114.216985891 1618.80181307 2352.5142641
750.653283514 1732.75870083 2339.56638504
1032.61043335 1711.42740115 2975.16551846
1041.48526736 1535.26765972 2042.86763293
792.087164519 1646.73943606 2656.58465697
762.671098681 1595.3903437 2372.00189152
1324.06470502 1694.23851002 2653.80757135
996.713022503 1579.35655446 2342.50855536
780.905502957 1754.18473982 2663.55957289
1018.40879203 1643.17887729 2343.70917246
771.780634733 1773.52193586 2324.47614599
1057.45995884 1826.34885369 2343.0473667
1418.97703911 2055.1766596 2365.33822187
1033.77261771 1831.85712612 2349.65951614
1045.18730729 1796.66480732 2345.86402724
1069.91195621 1728.53347774 2348.67423175
741.855577302 1447.02193734 2357.29033598
-164.135415007 1550.79264536 2345.09400991
434.06461748 1488.68201796 2353.44158893
1083.43013229 1711.78490084 2044.22228021
430.844223182 1579.96718562 2345.4155945
1032.06233603 1640.13707626 2336.46157819
1359.91440576 2030.4684575 2656.87294477
1071.61995283 1895.93023065 2349.44912721
723.152732409 1560.56972917 2673.63650473
154.811583218 1387.63880381 2331.11356301
1009.97719507 1650.28660671 2644.55715736
698.405720875 1550.46121189 2030.12411819
749.136221462 1788.50781873 2647.0529971
999.335324081 1578.33795226 2339.30183384
1392.90858616 1819.32657964 2041.62478906
1022.13857099 1720.25452208 2336.79462535
615.267080943 1562.95329377 2348.37995175
1076.68805607 1546.05594056 2343.39341893
1080.86570992 1868.34971914 2350.4048603
1079.98874056 1647.43036195 2038.20922155
788.980886393 1586.07811312 2027.52953677
681.578800099 1475.20018712 2033.36288162
1069.58485559 1797.24599788 2030.32349901
750.637287778 1661.14968653 2633.20637424
448.938934268 1629.49528068 2045.85215253
412.918433545 1774.6250162 2355.98920355
1378.81161467 1826.55413954 2325.76951588
758.546197086 1616.26175676 2655.48471328
1030.74194817 1603.02472128 2047.46927248
713.297460727 1822.3754294 2358.2167048
1025.43327142 1578.57411998 2657.46338909
1105.35051952 1709.56408004 2031.00091612
439.119775894 1891.60357166 2663.41026961
716.014311163 1572.60300586 2672.35125931
1072.1399919 1803.70998563 2648.46092104
1070.54876208 1842.41565644 2670.11471406
1049.85055593 1675.14514544 2042.04671894
450.1689824 1623.68118619 2645.74464703
1051.52667722 1675.01239033 2343.5321774
737.770734992 1637.49252697 2027.65130615
1407.81953863 2032.51982418 2974.69473258
1010.71665665 1602.58217281 2031.06400937
1045.79293223 1524.24192505 2344.82004145
1079.47906866 1773.6883533 2353.55028157
777.641157634 1612.81840437 2651.16361822
1046.9948415 1894.0100799 2669.55407699
1007.68867306 1610.16584265 2346.35790901
1042.49515361 1837.60096356 2363.90406228
151.752501354 1621.94570214 2978.3341381
438.461973558 1583.64702719 2664.31287825
438.050516056 1334.92365439 2028.88497125
1293.59357778 1980.65606225 2673.54533314
1410.51695347 1976.4351279 2359.90496377
755.962274932 1770.62501301 2355.89040113
760.967768577 1679.36040548 2359.82785529
783.227819839 1493.7592856 2045.2035909
746.062902584 1512.50085961 2037.00024379
1082.13286133 1946.12495351 2648.02232474
1381.63714539 1776.66034981 2669.41873656
1057.91728268 1673.13349152 2340.38233755
357.533047744 1359.94087596 2343.38763395
761.800913262 1768.65469047 2657.12919967
990.601796074 1601.42227099 2347.94234093
1125.92306287 1872.10948897 2347.24931018
1067.3183662 1708.91060776 2665.95623948
688.678655124 1573.64852464 2666.45826159
990.452590584 1672.23760016 2656.86299099
1085.97374488 1990.64517991 2949.40325601
1016.52748138 1719.90829787 2606.62457874
1040.3814337 1677.68522558 2669.70799267
799.960536085 1756.05279382 2352.82400976
1360.85364396 1827.7779835 2028.35016891
1087.09100813 1574.74806434 2348.10347381
1380.64109918 1898.64356252 2358.20494414
1095.57302249 1936.60234248 2672.87441371
1062.82983544 1734.5985133 2352.86307254
463.261600399 1583.1424941 2971.99542619
696.056629613 1813.39099273 2960.4376257
778.544179401 1519.00346613 2321.04003657
759.268248429 1545.61976324 2052.58576199
1351.88119432 1864.18268452 2346.93266235
1060.04264397 1653.18537462 2674.78853809
751.964509656 1512.78314055 2978.28587348
739.269216072 1540.98880021 2344.797382
1018.38137236 1597.0797507 2042.27989884
726.646065337 1554.57622082 2646.54278682
1062.85029341 1673.7925129 2646.77805558
1059.69514835 1669.60887062 2336.50126976
434.635474865 1457.54506371 2043.71628834
1382.88076844 1767.07013837 2311.15322034
1384.61430586 1890.64428916 2361.45293666
672.004198881 1274.99095278 2030.54728204
1007.19504361 1789.16833109 2659.1727041
1365.42769435 1749.74818914 2027.10436435
941.221906652 1756.29675076 2675.97223605
980.283154703 1786.42242759 2670.00733498
757.730079321 1931.68256243 2666.99897367
1332.24282116 1730.01342003 2354.39615601
1083.55070134 1835.98795323 2656.89805022
403.59236411 1482.89568768 2360.27400422
1095.48232401 1652.30169042 2653.22483214
328.572524365 1730.69667137 2327.35471781
758.904379214 1629.00073899 2311.29697523
997.769377702 1388.17651795 1741.38288556
447.297095218 1704.89357085 2661.11923452
1690.76695684 2089.8389337 2657.85275995
1362.45061946 1958.6759995 2377.0506061
56.0635227896 1296.02104112 1697.53918007
1388.0099616 1829.92348255 2630.84055933
425.353090562 1678.42501542 2366.61601203
775.906573985 1514.60537492 2355.02609694
685.395021357 1610.83142391 2359.26387655
1018.04682091 1475.07469178 2324.43191114
1391.31483507 2151.51976748 2976.07028552
746.101099379 1517.3911051 2650.72576564
440.163223549 1354.14112072 2044.95129313
1037.18263464 1606.9163771 2330.84281909
429.001259523 1700.06913791 2345.26019262
1038.97805364 1695.31478748 2941.31453133
1316.88486428 1756.1468517 2664.84641776
1057.66867909 1824.10076069 2652.27986465
395.945529133 1666.51106121 2649.59206146
1354.8767519 1993.99889458 2977.32961328
1401.72495598 1774.45872253 2054.02829903
444.930887781 1623.97199898 2672.93799365
84.0167459869 1379.23296811 2025.86287571
137.949677384 1490.36363058 2364.40938808
1070.76573148 1613.85964541 2340.33044923
26.1332477987 1703.55314285 2986.04351414
382.16119811 1541.92952322 2341.27312397
1091.55608176 1716.01772335 2987.67345498
1042.79311162 1674.85198837 2348.48536498
803.875445249 1522.27310317 2058.29930642
1077.44782807 1759.08088928 2683.53653268
684.295889667 1575.62147703 2037.26857745
724.049310984 1616.00370842 2034.98753345
767.370257569 1618.15803973 2345.57845265
736.889044384 1781.25964729 2362.629838
1378.04391115 1877.36165037 2698.72222256
1286.00094752 1823.06448787 2355.04708295
432.102693615 1381.57823923 2309.25111011
724.247303201 1579.95528402 2679.9563164
1123.90524548 1682.85784879 2374.64135723
689.742925126 1670.63467097 2366.20562088
1109.77385537 1739.52803421 2307.3370948
1023.0956302 1584.32837141 2641.57917538
1035.58788961 1647.56742014 2680.66946776
694.806593405 1425.27634477 2364.97877762
65.6836506424 1572.05809564 2354.82334865
727.175681389 1593.60194928 2990.49584172
704.889531733 1425.78891513 2029.77540471
1016.86319747 1546.79028024 2041.50990144
1096.761357 1487.52043243 2326.73512155
374.101557923 1545.54033077 2696.02586398
431.127614308 1524.12545271 2054.90662707
1032.03603404 1617.90109456 2672.52071566
1024.19986111 1636.69463899 2375.09318864
1062.68870558 1486.95543953 2038.58822902
1406.47456857 1902.03894823 2677.32682739
775.006439793 1791.59873591 2670.54589066
1068.95117513 1735.74587331 2637.22451009
1033.92080542 1827.97090669 2975.40467415
345.450699807 1615.84512332 2371.6777042
1080.89768163 2008.59792598 2682.18510132
632.538255645 1491.17434812 2028.53982027
457.719526354 1462.08915351 2373.87647699
765.846691925 1643.61909279 2670.17578998
1098.0947395 1782.28455714 2682.56056036
709.661255967 1267.98529835 1734.73218266
702.255412076 1600.96953576 2064.31990168
1392.03155952 1682.05253267 2048.83646294
1024.61938757 2058.87127914 2982.35785929
1029.12692407 1651.69036637 2360.96314754
735.869295261 1589.34392829 2688.45226667
1041.98866579 1680.26884866 2676.77805289
1326.99695141 1916.80933135 2361.69817317
441.480632136 1320.66264631 2059.01227933
1023.15994362 1835.42676317 2374.79671231
1053.84369146 1748.35660893 2358.05677082
741.772512201 1778.52142727 2678.36883581
718.710468159 1647.8309556 2064.47240839
791.104719156 1561.73159492 2688.49570746
741.543788942 1490.81574157 2335.82212456
769.658440409 1641.00560842 2361.10654451
1119.31510281 1661.90633869 2029.01628635
745.992129032 1303.7781443 2027.22924751
796.268104316 1812.13360051 2358.44375472
1088.70780659 1771.48382098 2662.40356013
1014.37264643 1776.4278342 2357.78227969
738.653511474 1516.96995768 2353.55555245
694.648596451 1692.97864484 2373.52456983
716.160836114 1684.46967937 2369.16014809
1399.00622672 2057.28066877 2625.98329396
758.509127287 1389.74931031 2032.22692652
457.843041077 1525.62469511 2681.40669059
1365.88937562 1839.81398292 2672.64087517
715.775462608 1573.2638888 2683.56459348
739.592151821 1673.21425313 2671.99986816
660.343582035 1675.63839892 2376.91451603
746.444314883 1835.38708649 2673.97782868
1392.80523893 1933.02885389 2985.02558949
752.216515243 1816.31550905 2672.62367685
1015.2700828 1410.00714841 2040.43237643
1060.3696626 1555.37604822 2370.7236011
1088.60022587 1518.39535046 2018.82103043
1090.90550803 1807.05066551 2685.78778392
723.962636408 1481.02320283 2024.4741612
1046.62824708 1670.79538174 2345.55943841
736.624937586 1910.12490111 2373.86694998
379.344789185 1828.21617191 2991.25703555
1361.01759768 1730.39700462 2667.75414727
782.429087044 1717.95905507 2677.24687679
755.554507653 1546.11934157 2352.5709768
725.156312211 1583.47732968 2332.27111655
763.209219363 1484.07978279 2339.1393459
737.176397723 1635.18289246 2346.28000848
1060.10198819 1739.60615586 2671.31875337
1342.56308885 1894.26496728 2973.88940849
1658.96327851 1890.95638904 2628.18652124
1027.02032529 1827.33200557 2670.15706478
1053.48007216 1554.94980899 2353.4655274
741.497894266 1714.72806019 2360.67779286
624.148337362 1655.07866865 2347.51095214
1050.82048936 1641.18391202 2678.36230259
1057.95331963 1611.01511948 2049.11355984
1396.26527345 1866.4428565 2333.79217765
1099.59060386 1774.04871875 2665.49561616
1092.72984835 1880.96400669 2667.35667965
1076.229609 1901.68515215 2670.56834782
1366.69735289 1897.64597393 2622.3202135
740.574058705 1670.74431212 2318.64697718
763.672829247 1828.41850061 2655.7275761
756.358050842 1762.69645943 2670.45204028
686.821743649 1554.53675334 2337.79599299
1068.79023584 1830.12093967 2660.52935421
765.305568936 1733.3914726 2340.10406582
1340.02352296 1950.18572153 2982.07723113
1077.05635062 1898.91380939 2654.59338656
736.674003943 1420.29021817 2064.92626638
1390.08085486 1646.04052562 2339.79257166
805.47817834 1647.37057421 2355.39911173
1051.27074212 1742.62730118 2356.25475071
749.836504349 1681.29091347 2336.44797144
1341.35920762 1957.90666553 2360.8951805
1055.53484259 1648.39443842 2040.60180001
737.288621094 1834.00078828 2982.85109489
1053.69561009 1703.94068568 2360.25363082
1393.31829703 1677.42714453 2017.57726121
1079.05802723 1640.43581568 2263.47936825
386.833029356 1877.31135707 2955.35690591
1398.14430432 2241.82393565 2659.04820027
1087.6984556 1871.45945556 2958.16372919
702.963926574 1602.23491176 2045.70505562
1385.71796628 1800.0700887 2670.29982753
1054.860739 1861.03677567 2363.25575097
373.822959918 1599.7995489 2352.61708429
1359.0325685 1900.11912663 2343.04225287
1000.75846577 1742.51446969 2353.47565994
1362.34666577 1737.50712585 2025.39885182
1056.85253005 1510.60203726 2660.83766244
1018.32937472 1758.66020815 2321.9295139
364.855736234 1603.64270195 2355.49207692
368.557637268 1509.20329596 2655.17229604
1109.99460707 1829.68609283 2337.79945553
1099.00796344 1897.41861439 2643.20259456
