1181.46014507 1377.28908792 1628.99446352
842.704903717 1405.05057172 1875.64491937
854.029726053 1364.00227115 1668.41702545
770.874437881 1349.06389803 1656.57285055
882.453227418 1376.90165533 1723.03656986
687.847588062 1155.10152639 1623.89927243
982.300816811 1339.65657183 1722.90967891
705.557301838 1298.26498796 1794.06561228
1158.56884038 1462.80338118 1812.37208414
986.462409025 1460.44798004 1713.87348032
968.503781579 1504.22214848 1960.88011718
764.84134026 1454.91232764 1823.91131559
961.415651621 1450.55365418 1753.87758568
933.244739159 1339.69144108 1626.07516043
886.19877619 1431.598456 1888.86113619
1190.09747888 1539.20658069 1868.36213813
698.560008072 1267.47061833 1673.9021074
775.066115794 1286.02349164 1838.50703749
977.344281613 1520.09356092 1870.92656579
602.61696272 1477.98925959 1885.70747667
1095.5551233 1463.60869339 1812.54178882
1063.97502139 1495.32445988 1743.64712204
1067.63038988 1348.25670462 1832.98966568
1137.83784296 1492.07684069 1731.68855049
1313.07839964 1645.78417829 1876.92457125
1069.95940069 1419.78182024 1770.23659775
635.525210297 1315.95449947 1584.41469529
1009.98484252 1437.96455555 1862.33194649
1134.78177819 1454.87940213 1822.73190628
937.874593009 1314.6055942 1809.54968557
939.459517879 1412.89894944 1851.81797281
1254.12537633 1413.4097568 1665.23273928
1328.11798616 1568.89716187 1779.8682534
844.504452599 1450.28763383 1843.63119096
986.524324171 1537.59785487 1937.7767975
1066.24211403 1435.77178691 1876.62206673
1378.62342915 1606.63563924 1825.30010458
1057.49952227 1416.34934102 1747.8286267
1258.54036552 1570.47239231 1829.19104305
1206.10193192 1512.15852511 1925.0840079
938.240179047 1477.85120973 1730.49558287
1094.11114137 1632.43918578 1813.14683161
1305.93135733 1549.92164741 1922.0730838
812.747971514 1469.11557558 1794.26698403
928.604855348 1357.35903743 1730.80736885
1249.14998382 1537.04235173 1732.29693463
1111.31308036 1629.4035625 2031.33811
788.644387276 1584.25711238 1811.45026665
741.658493926 1481.19156971 1823.25074628
764.182265313 1464.07336812 1740.91504725
869.021516179 1601.19045424 1866.99771435
849.147054837 1432.46614474 1754.0922327
844.49192209 1493.98491149 1905.86957029
592.187267964 1571.16386199 1907.50518937
725.647430369 1477.21729285 1721.43205405
917.208165465 1349.82630911 1637.5646458
946.03909733 1438.4360947 1827.50555674
1191.4815971 1506.55426374 1716.04161851
831.037255308 1321.35531394 1545.89874273
1148.10057279 1503.62751505 1809.67494446
1331.54428014 1526.78315694 1792.10642137
1219.90752224 1610.45231925 1869.78733636
934.845882128 1479.92844974 1790.3130159
1160.93391905 1499.81669501 1819.25396328
1204.1078415 1502.58111303 1961.05015745
973.385287058 1422.0897304 1751.22317335
653.321028011 1438.06156143 1867.53030652
959.109337183 1511.24445675 1741.3961305
1144.07904617 1519.05416182 1879.5548872
1083.32646566 1493.5645868 1699.25224146
847.253482041 1513.09438576 1738.39595538
894.545145997 1414.02903877 1652.74216305
556.42693678 1421.13464287 1723.16716374
1346.55840562 1618.22838995 1901.68207902
910.418552515 1405.89489181 1604.06202695
1414.12781631 1579.56193822 1922.01468278
1387.4025607 1637.1461723 1905.72559226
1219.63430108 1516.19478183 1842.14887853
778.862534509 1458.6815404 1879.09932393
897.286037643 1610.53167178 1906.50037162
803.487635927 1392.77979768 1773.31738355
1008.58314309 1474.27331501 1712.57884028
1130.47253675 1608.24178053 1824.97903443
1331.46400331 1599.22893097 1857.55578835
1040.06994323 1491.01573938 1696.03461533
1401.61675793 1628.14078344 1775.44112996
1264.28855047 1607.86933079 1918.04182636
943.189909976 1534.95112671 1877.49042257
898.074490628 1469.30774481 1915.83555755
1181.08470116 1520.69372889 1915.6762654
1359.46565167 1579.59420484 1817.9217118
1101.00200858 1608.06827367 1859.78278851
1181.54217257 1536.63095085 1729.63208494
1214.16553526 1588.72138268 1965.33324016
1411.0086911 1566.1066058 1748.41516275
1066.01687614 1596.80594875 2050.65145449
1452.36126163 1652.56779999 1831.28103847
961.449631491 1517.55707913 1792.70078486
1310.44435286 1475.1173941 1643.7211962
1358.7982154 1544.42568099 1823.2859853
1246.059472 1616.97006082 1919.84291511
1127.31653629 1572.09236211 1902.32384662
490.344213256 1515.40483991 1767.92756641
1329.96208358 1542.57118182 1744.43209913
1353.51125027 1576.30241173 1748.56549668
452.184737675 1486.93912291 1916.40884404
822.275459722 1546.94951423 1857.76372466
1378.93068468 1557.50128346 1821.48028599
1463.20956911 1660.96248503 1999.56716357
913.245276586 1432.86913058 1695.42241005
1285.3499067 1553.31604831 1772.44287353
1227.01549466 1621.54542157 2019.11809269
829.79776708 1468.09333647 1923.43808045
1277.7974123 1565.13706313 1851.40608422
1180.61094877 1566.68937686 1879.23036941
1368.55064804 1607.36408934 1824.80947576
1282.78500273 1508.57488139 1730.30523332
1026.06713655 1522.46154457 1767.97450315
1438.81647398 1655.22967189 1777.95628851
1082.03507166 1441.25954257 1885.91930471
1115.40717887 1523.91043066 1833.80060263
