-10069.1219992 -10054.5526613 -10035.8180641
-10061.0215781 -10045.9788424 -10025.7467971
-10069.86733 -10057.8362222 -10047.5410259
-10057.3387309 -10035.6030327 -10015.5276356
-10052.2467235 -10040.6558108 -10026.2061033
-10058.5058413 -10043.2598473 -10010.6719358
-10029.7964838 -10017.070016 -9999.88299943
-10042.5970466 -10023.5695455 -9986.71676211
-10044.2215999 -10019.8254474 -9991.42873036
-10035.2175971 -9991.5684575 -9944.29653387
-10036.3640214 -9984.75052445 -9935.84009785
-10025.0934627 -10000.3303778 -9970.6564837
-10014.1928133 -9964.90945383 -9905.36366414
-10005.3743085 -9967.93182534 -9916.91689688
-10002.4150339 -9964.44179653 -9916.56163663
-9994.95678049 -9954.5973517 -9904.2736009
-9975.19986509 -9949.05289156 -9909.36189208
-9979.1682363 -9949.01893437 -9881.2655049
-9990.54549811 -9946.65698392 -9909.14563523
-9969.57939344 -9949.35145667 -9904.26160461
-9982.40633373 -9941.75256198 -9905.24241093
-9979.64700152 -9951.30912214 -9914.26416252
-9972.83349067 -9943.7990437 -9904.07465088
-14469.5407927 -13862.2415966 -13016.9706217
-14502.120532 -13994.0832985 -13164.1325916
-14452.4506315 -13839.9655092 -13250.7687645
-13917.8702842 -13303.8564935 -12397.0047669
-13914.7140088 -13222.2660734 -12361.8539942
-14108.7974555 -13256.1531618 -12391.1963274
-13445.5189538 -12677.5883816 -12019.3395351
-13387.1108722 -12745.8016229 -11890.5468184
-13447.7918168 -12724.925768 -12210.152355
-12361.8002012 -12019.329747 -11789.9444262
-12617.0102846 -12235.1796755 -11833.8921612
-12776.2487229 -12213.6667736 -11857.0383136
-12344.3196546 -12045.839869 -11797.6847688
-12047.1897201 -11900.6484727 -11745.9013392
-12111.3734727 -11934.7917094 -11830.4856463
-11998.5174172 -11837.7820215 -11709.6361269
-11959.8341927 -11801.5198514 -11708.3900318
-11975.2557823 -11843.9322717 -11708.8163166
-11854.0556862 -11724.2066846 -11583.7053748
-11782.6215355 -11700.4764926 -11584.9219812
-11881.5660482 -11769.2299314 -11698.8707336
-11757.0929953 -11689.4699578 -11617.9707948
-11932.0792742 -11672.2894201 -11454.3133005
-11848.7895066 -11664.3977679 -11471.2871637
-11662.4111499 -11517.1304441 -11450.7760638
-11863.9023789 -11623.5091607 -11464.7875818
-11723.6665435 -11577.7234356 -11483.2723381
-11556.3994514 -11493.1377387 -11429.0228131
-11622.1525148 -11477.2798758 -11307.5237506
-11633.898165 -11510.1948343 -11418.7493905
-11529.1543903 -11413.8554685 -11330.2663229
-11638.7005289 -11386.4033414 -11252.0716637
-11574.1420331 -11417.7700614 -11315.1289143
-11420.6328472 -11332.0945166 -11243.9653918
-14357.177999 -13814.7942376 -12741.8533201
-14505.0552071 -13986.9932669 -13591.0154441
-14689.2254147 -13946.6192735 -13123.6562151
-14167.6952682 -13491.6883145 -12549.3893091
-13830.0073067 -13200.0411113 -12791.592431
-13866.6252772 -13337.4773599 -12500.2755777
-14147.3328967 -13241.3991565 -12421.1186518
-13139.8483647 -12440.7662427 -12090.0461311
-13255.5058514 -12436.1137166 -11952.7751847
-12564.7342373 -12188.6187637 -11952.6269527
-13060.3076308 -12491.3502321 -12077.4533842
-12643.2503605 -12326.8597673 -11860.1445834
-12109.5183288 -11914.7104546 -11749.4009731
-12227.2001526 -12050.4524083 -11928.910325
-12593.5383515 -12067.2177146 -11804.304893
-12203.9244076 -12007.9911091 -11841.043736
-12274.6549487 -11994.4996463 -11803.8501361
-12308.5725517 -11959.5211161 -11640.0767766
-11839.1476622 -11735.8588388 -11667.1582202
-11818.7447671 -11667.3481017 -11569.574125
-11777.2533632 -11712.7426179 -11644.9435325
-11884.5392256 -11694.9521815 -11508.9706815
-11832.4691715 -11654.0590911 -11538.4532494
-11795.2179572 -11657.5471597 -11478.4639204
-11864.5734053 -11672.5295519 -11555.7021579
-11800.7167338 -11668.4955058 -11525.9865481
-11891.390196 -11665.5015766 -11427.7897337
-11701.614537 -11601.5879716 -11493.9589509
-11713.0412684 -11627.5699695 -11486.3017607
-11700.8333177 -11614.2540266 -11453.8146642
-11657.6214912 -11502.8652751 -11407.4852043
-11760.8734859 -11528.814595 -11415.1823287
-11660.7846689 -11556.9120002 -11440.9733279
-11502.9089134 -11445.4273395 -11404.6290086
-11617.9807237 -11537.6705674 -11458.4985143
-11607.8216243 -11519.7582357 -11368.912738
-11569.1869709 -11374.7836084 -11165.1598295
-11584.8152632 -11450.715752 -11319.4843927
-11618.4890831 -11453.3161723 -11216.842527
-11401.5780373 -11254.294612 -11095.4762641
-11498.0136461 -11304.6807383 -11139.2774037
-11465.9441122 -11333.8323309 -11185.380642
-11225.9849305 -11168.5829435 -11117.3569589
-11464.1856387 -11248.475309 -11072.5422382
-11326.012577 -11232.8603276 -11043.6571713
-11395.4155593 -11223.2093992 -11125.8889455
-11353.882277 -11211.9605886 -11110.7102078
-11318.9688269 -11099.8461661 -10907.1304325
-11303.6808491 -11167.5407602 -10985.57704
-11332.5767446 -11209.2209433 -11089.291546
-13928.4819492 -13420.5377747 -12943.5740929
-14649.0083425 -13644.3629155 -12690.8745221
-14827.9504469 -13877.8591481 -12789.2153415
-13787.6719694 -13136.0667303 -12618.8105131
-13669.2595195 -13109.8211978 -12355.6320511
-14527.1412366 -13314.8472932 -12439.2183419
-14488.9721609 -13133.1864903 -12414.8880704
-13036.761986 -12592.1162147 -12131.9564246
-13624.3682098 -12771.2360187 -12167.9927689
-12510.3025019 -12250.5428026 -11879.2848218
-12784.8136763 -12447.1631693 -11903.6128506
-13124.4390375 -12217.9433273 -11747.651903
-12314.6424854 -11983.9135589 -11720.4507746
-12112.5896606 -11890.3290807 -11661.0715265
-12631.9985787 -12078.9165265 -11691.3894383
-12027.5231348 -11822.2722469 -11517.6300076
-12036.9220131 -11798.9266769 -11627.0738991
-12394.9569861 -11941.4458308 -11758.9559116
-11882.7557512 -11750.2995303 -11555.8905365
-12007.3837293 -11774.671384 -11591.1389604
-12057.9832202 -11724.0136343 -11547.7538621
-11781.1537418 -11675.0984568 -11539.1494949
-11833.6716521 -11656.54856 -11507.5140232
-11822.6713972 -11620.3712856 -11411.3824706
-11746.7641647 -11581.7544197 -11435.7244136
-11872.5479634 -11653.0977508 -11490.4834803
-11731.1423053 -11624.2012913 -11511.195031
-11692.7607614 -11532.2557233 -11413.5774508
-11621.9882553 -11524.4230192 -11261.7541746
-11653.7238332 -11529.9373366 -11396.2127759
-11560.139836 -11428.8334203 -11342.5361068
-11617.9277906 -11473.9442811 -11342.6369752
