0.6 0.6 0.6
0.6 0.6 0.6
0.6 0.6 0.6
0.6 0.6 0.6
0.6 0.6 0.6
0.6 0.6 0.6
0.6 0.6 0.6
0.6 0.6 0.6
0.6 0.6 0.6
0.6 0.6 0.6
0.6 0.6 0.6
0.6 0.6 0.6
0.6 0.6 0.6
0.6 0.6 0.6
0.6 0.6 0.6
0.6 0.6 0.6
0.6 0.6 0.6
0.6 0.6 0.6
0.6 0.6 0.6
0.6 0.6 0.6
0.6 0.6 0.6
0.6 0.6 0.6
0.6 0.6 0.6
0.6 0.6 0.6
0.6 0.6 0.6
0.6 0.6 0.6
0.6 0.6 0.6
0.6 0.6 0.6
0.6 0.6 0.6
0.6 0.6 0.6
0.6 0.6 0.6
0.6 0.6 0.6
0.6 0.6 0.6
0.6 0.6 0.6
0.6 0.6 0.6
0.6 0.6 0.6
0.6 0.6 0.6
0.6 0.6 0.6
0.6 0.6 0.6
0.6 0.6 0.6
0.6 0.6 0.6
0.6 0.6 0.6
0.6 0.6 0.6
0.6 0.6 0.6
0.6 0.6 0.6
0.6 0.6 0.6
0.6 0.6 0.6
0.6 0.6 0.6
0.6 0.6 0.6
0.6 0.6 0.6
0.6 0.6 0.6
0.6 0.6 0.6
0.6 0.6 0.6
0.6 0.6 0.6
0.6 0.6 0.6
0.6 0.6 0.6
0.6 0.6 0.6
0.6 0.6 0.6
0.6 0.6 0.6
0.6 0.6 0.6
0.6 0.6 0.6
0.6 0.6 0.6
0.6 0.6 0.6
0.6 0.6 0.6
0.6 0.6 0.6
0.6 0.6 0.6
0.6 0.6 0.6
0.6 0.6 0.6
0.6 0.6 0.6
0.6 0.6 0.6
0.6 0.6 0.6
0.6 0.6 0.6
0.6 0.6 0.6
0.6 0.6 0.6
0.6 0.6 0.6
0.6 0.6 0.6
0.6 0.6 0.6
0.6 0.6 0.6
0.6 0.6 0.6
0.6 0.6 0.6
0.6 0.6 0.6
0.6 0.6 0.6
0.6 0.6 0.6
0.6 0.6 0.6
0.6 0.6 0.6
0.6 0.6 0.6
0.6 0.6 0.6
0.6 0.6 0.6
0.6 0.6 0.6
0.6 0.6 0.6
0.6 0.6 0.6
0.6 0.6 0.6
0.6 0.6 0.6
0.6 0.6 0.6
0.6 0.6 0.6
0.6 0.6 0.6
0.6 0.6 0.6
0.6 0.6 0.6
0.6 0.6 0.6
0.6 0.6 0.6
0.6 0.6 0.6
0.6 0.6 0.6
0.6 0.6 0.6
0.6 0.6 0.6
0.6 0.6 0.6
0.6 0.6 0.6
0.6 0.6 0.6
0.6 0.6 0.6
0.6 0.6 0.6
0.6 0.6 0.6
0.6 0.6 0.6
0.6 0.6 0.6
0.6 0.6 0.6
0.6 0.6 0.6
0.6 0.6 0.6
0.6 0.6 0.6
0.6 0.6 0.6
0.6 0.6 0.6
0.6 0.6 0.6
0.6 0.6 0.6
0.6 0.6 0.6
0.6 0.6 0.6
0.6 0.6 0.6
0.6 0.6 0.6
0.6 0.6 0.6
0.6 0.6 0.6
0.6 0.6 0.6
0.6 0.6 0.6
0.6 0.6 0.6
0.6 0.6 0.6
0.6 0.6 0.6
0.6 0.6 0.6
0.6 0.6 0.6
0.6 0.6 0.6
0.6 0.6 0.6
0.6 0.6 0.6
0.6 0.6 0.6
0.6 0.6 0.6
0.6 0.6 0.6
0.6 0.6 0.6
0.6 0.6 0.6
0.6 0.6 0.6
0.6 0.6 0.6
0.6 0.6 0.6
0.6 0.6 0.6
0.6 0.6 0.6
0.6 0.6 0.6
0.6 0.6 0.6
0.6 0.6 0.6
0.6 0.6 0.6
0.6 0.6 0.6
0.6 0.6 0.6
0.6 0.6 0.6
0.6 0.6 0.6
0.6 0.6 0.6
0.6 0.6 0.6
0.6 0.6 0.6
0.6 0.6 0.6
0.6 0.6 0.6
0.6 0.6 0.6
0.6 0.6 0.6
0.6 0.6 0.6
0.6 0.6 0.6
0.6 0.6 0.6
0.6 0.6 0.6
0.6 0.6 0.6
0.6 0.6 0.6
0.6 0.6 0.6
0.6 0.6 0.6
0.6 0.6 0.6
0.6 0.6 0.6
0.6 0.6 0.6
0.6 0.6 0.6
0.6 0.6 0.6
0.6 0.6 0.6
0.6 0.6 0.6
0.6 0.6 0.6
0.6 0.6 0.6
0.6 0.6 0.6
0.6 0.6 0.6
0.6 0.6 0.6
0.6 0.6 0.6
0.6 0.6 0.6
0.6 0.6 0.6
0.6 0.6 0.6
0.6 0.6 0.6
0.6 0.6 0.6
0.6 0.6 0.6
0.6 0.6 0.6
0.6 0.6 0.6
0.6 0.6 0.6
0.6 0.6 0.6
0.6 0.6 0.6
0.6 0.6 0.6
0.6 0.6 0.6
0.6 0.6 0.6
0.6 0.6 0.6
0.6 0.6 0.6
0.6 0.6 0.6
0.6 0.6 0.6
0.6 0.6 0.6
0.6 0.6 0.6
0.6 0.6 0.6
0.6 0.6 0.6
0.6 0.6 0.6
0.6 0.6 0.6
0.6 0.6 0.6
0.6 0.6 0.6
0.6 0.6 0.6
0.6 0.6 0.6
0.6 0.6 0.6
0.6 0.6 0.6
0.6 0.6 0.6
0.6 0.6 0.6
0.6 0.6 0.6
0.6 0.6 0.6
0.6 0.6 0.6
0.6 0.6 0.6
0.6 0.6 0.6
0.6 0.6 0.6
0.6 0.6 0.6
0.6 0.6 0.6
0.6 0.6 0.6
0.6 0.6 0.6
0.6 0.6 0.6
0.6 0.6 0.6
0.6 0.6 0.6
0.6 0.6 0.6
0.6 0.6 0.6
0.6 0.6 0.6
0.6 0.6 0.6
0.6 0.6 0.6
0.6 0.6 0.6
0.6 0.6 0.6
0.6 0.6 0.6
0.6 0.6 0.6
0.6 0.6 0.6
0.6 0.6 0.6
0.6 0.6 0.6
0.6 0.6 0.6
0.6 0.6 0.6
0.6 0.6 0.6
0.6 0.6 0.6
0.6 0.6 0.6
0.6 0.6 0.6
0.6 0.6 0.6
0.6 0.6 0.6
0.6 0.6 0.6
0.6 0.6 0.6
0.6 0.6 0.6
0.6 0.6 0.6
0.6 0.6 0.6
0.6 0.6 0.6
0.6 0.6 0.6
0.6 0.6 0.6
0.6 0.6 0.6
0.6 0.6 0.6
0.6 0.6 0.6
0.6 0.6 0.6
0.6 0.6 0.6
0.6 0.6 0.6
0.6 0.6 0.6
0.6 0.6 0.6
0.6 0.6 0.6
0.6 0.6 0.6
0.6 0.6 0.6
0.6 0.6 0.6
0.6 0.6 0.6
0.6 0.6 0.6
0.6 0.6 0.6
0.6 0.6 0.6
0.6 0.6 0.6
0.6 0.6 0.6
0.6 0.6 0.6
0.6 0.6 0.6
0.6 0.6 0.6
0.6 0.6 0.6
0.6 0.6 0.6
0.6 0.6 0.6
0.6 0.6 0.6
0.6 0.6 0.6
0.6 0.6 0.6
0.6 0.6 0.6
0.6 0.6 0.6
0.6 0.6 0.6
0.6 0.6 0.6
0.6 0.6 0.6
0.6 0.6 0.6
0.6 0.6 0.6
0.6 0.6 0.6
0.6 0.6 0.6
0.6 0.6 0.6
0.6 0.6 0.6
0.6 0.6 0.6
0.6 0.6 0.6
0.6 0.6 0.6
0.6 0.6 0.6
0.6 0.6 0.6
0.6 0.6 0.6
0.6 0.6 0.6
0.6 0.6 0.6
0.6 0.6 0.6
0.6 0.6 0.6
0.6 0.6 0.6
0.6 0.6 0.6
0.6 0.6 0.6
0.6 0.6 0.6
0.6 0.6 0.6
0.6 0.6 0.6
0.6 0.6 0.6
0.6 0.6 0.6
0.6 0.6 0.6
0.6 0.6 0.6
0.6 0.6 0.6
0.6 0.6 0.6
0.6 0.6 0.6
0.6 0.6 0.6
0.6 0.6 0.6
0.6 0.6 0.6
0.6 0.6 0.6
0.6 0.6 0.6
0.6 0.6 0.6
0.6 0.6 0.6
0.6 0.6 0.6
0.6 0.6 0.6
0.6 0.6 0.6
0.6 0.6 0.6
0.6 0.6 0.6
0.6 0.6 0.6
0.6 0.6 0.6
0.6 0.6 0.6
0.6 0.6 0.6
0.6 0.6 0.6
0.6 0.6 0.6
0.6 0.6 0.6
0.6 0.6 0.6
0.6 0.6 0.6
0.6 0.6 0.6
0.6 0.6 0.6
0.6 0.6 0.6
0.6 0.6 0.6
0.6 0.6 0.6
0.6 0.6 0.6
0.6 0.6 0.6
0.6 0.6 0.6
0.6 0.6 0.6
0.6 0.6 0.6
0.6 0.6 0.6
0.6 0.6 0.6
0.6 0.6 0.6
0.6 0.6 0.6
0.6 0.6 0.6
0.6 0.6 0.6
0.6 0.6 0.6
0.6 0.6 0.6
0.6 0.6 0.6
0.6 0.6 0.6
0.6 0.6 0.6
0.6 0.6 0.6
0.6 0.6 0.6
0.6 0.6 0.6
0.6 0.6 0.6
0.6 0.6 0.6
0.6 0.6 0.6
0.6 0.6 0.6
0.6 0.6 0.6
0.6 0.6 0.6
0.6 0.6 0.6
0.6 0.6 0.6
0.6 0.6 0.6
0.6 0.6 0.6
0.6 0.6 0.6
0.6 0.6 0.6
0.6 0.6 0.6
0.6 0.6 0.6
0.6 0.6 0.6
0.6 0.6 0.6
0.6 0.6 0.6
0.6 0.6 0.6
0.6 0.6 0.6
0.6 0.6 0.6
0.6 0.6 0.6
0.6 0.6 0.6
0.6 0.6 0.6
0.6 0.6 0.6
0.6 0.6 0.6
0.6 0.6 0.6
0.6 0.6 0.6
0.6 0.6 0.6
0.6 0.6 0.6
0.6 0.6 0.6
0.6 0.6 0.6
0.6 0.6 0.6
0.59904 0.599904 0.6
0.6 0.6 0.6
0.6 0.6 0.6
0.6 0.6 0.6
0.6 0.6 0.6
0.6 0.6 0.6
0.6 0.6 0.6
0.6 0.6 0.6
0.6 0.6 0.6
0.5768 0.590048 0.59952
0.6 0.6 0.6
0.6 0.6 0.6
0.58672 0.594672 0.6
0.58168 0.596952 0.6
0.6 0.6 0.6
0.55684 0.587864 0.6
0.6 0.6 0.6
0.55032 0.58296 0.6
0.56816 0.583788 0.6
0.6 0.6 0.6
0.54728 0.571116 0.6
0.6 0.6 0.6
0.50188 0.5571 0.6
0.55024 0.569976 0.59888
0.6 0.6 0.6
0.4954 0.550144 0.6
0.6 0.6 0.6
0.51264 0.544024 0.58908
0.47664 0.541048 0.6
0.6 0.6 0.6
0.4514 0.495904 0.57584
0.4348 0.479244 0.53956
0.6 0.6 0.6
0.41204 0.469844 0.54904
0.45616 0.494928 0.56256
0.6 0.6 0.6
0.42968 0.478184 0.57616
0.6 0.6 0.6
0.44008 0.502972 0.55228
0.43952 0.460404 0.49484
0.6 0.6 0.6
0.4144 0.461204 0.4932
0.4132 0.450024 0.50824
0.6 0.6 0.6
0.39784 0.456392 0.5382
0.45136 0.484988 0.53172
0.6 0.6 0.6
0.40168 0.470188 0.51548
0.41188 0.465316 0.5054
0.4062 0.465432 0.50628
0.6 0.6 0.6
0.42948 0.478436 0.54652
0.40684 0.452396 0.49448
0.6 0.6 0.6
0.40888 0.477532 0.56832
0.40564 0.454868 0.49692
0.6 0.6 0.6
0.40752 0.450488 0.486
0.3898 0.43708 0.4912
0.6 0.6 0.6
0.36932 0.45282 0.53288
0.41628 0.461096 0.51472
0.6 0.6 0.6
0.4448 0.472692 0.52352
0.4298 0.500824 0.57968
0.6 0.6 0.6
0.48248 0.513468 0.58416
0.447 0.516848 0.58936
0.6 0.6 0.6
0.4782 0.533676 0.58996
0.46516 0.512068 0.568
0.6 0.6 0.6
0.41036 0.479576 0.53528
0.43036 0.494692 0.57744
0.6 0.6 0.6
0.44468 0.47788 0.53232
0.4182 0.48062 0.55188
0.6 0.6 0.6
0.39688 0.459096 0.49816
0.42616 0.504452 0.58468
0.6 0.6 0.6
0.43232 0.483192 0.54444
0.6 0.6 0.6
0.44404 0.476388 0.50752
0.42636 0.48398 0.54196
0.59424 0.599376 0.6
0.4006 0.439684 0.52804
0.39404 0.44712 0.5136
0.5804 0.597272 0.6
0.42672 0.479696 0.57136
0.42048 0.468824 0.53468
0.58044 0.597248 0.6
0.43072 0.488436 0.5478
0.42604 0.462248 0.48908
0.57616 0.58216 0.592
0.41892 0.49406 0.57888
0.584 0.58648 0.59184
0.41888 0.468316 0.51648
0.41968 0.468776 0.50288
0.57968 0.585744 0.6
0.40332 0.481744 0.54856
0.53984 0.573288 0.59584
0.42452 0.472184 0.5356
0.39872 0.446032 0.518
0.5606 0.578928 0.6
0.38396 0.41972 0.47844
0.3904 0.451032 0.48996
0.52608 0.57738 0.59072
0.38528 0.443968 0.50768
0.3888 0.438224 0.49568
0.52588 0.570432 0.59808
0.39152 0.435716 0.51988
0.57116 0.5815 0.59936
0.38832 0.45284 0.56168
0.43872 0.488384 0.57088
0.44036 0.561824 0.59552
0.39428 0.450368 0.5848
0.40708 0.479892 0.53816
0.485 0.551536 0.6
0.40436 0.45396 0.53368
0.468 0.543296 0.59552
0.42288 0.480588 0.58664
0.47764 0.509008 0.54048
0.39676 0.462624 0.53888
0.361 0.434252 0.48576
0.43628 0.481796 0.5744
0.43516 0.477944 0.56068
0.38264 0.464628 0.52232
0.4034 0.466968 0.5652
0.42208 0.459888 0.56952
0.40716 0.466424 0.558
0.41812 0.474596 0.54036
0.39188 0.457052 0.53224
0.39632 0.43082 0.47152
0.39724 0.4821 0.5872
0.40776 0.43964 0.52564
0.39408 0.452124 0.53288
0.39204 0.44878 0.53956
0.39396 0.44374 0.51808
0.4134 0.476456 0.53144
0.4012 0.44246 0.49108
0.41752 0.479736 0.54476
0.39468 0.449928 0.48972
0.41856 0.47088 0.5648
0.40048 0.483536 0.56
0.41116 0.444964 0.50488
0.39132 0.46256 0.55552
0.41764 0.448104 0.50036
0.3912 0.45824 0.52132
0.4184 0.45388 0.50796
0.35032 0.447204 0.55056
0.4366 0.471968 0.50532
0.36744 0.409508 0.46168
0.42548 0.455768 0.5456
0.3626 0.433464 0.47588
0.39696 0.443888 0.53692
0.35072 0.411716 0.46
0.41172 0.477772 0.54576
0.39172 0.439732 0.51368
0.38836 0.438868 0.49176
0.43112 0.506824 0.56888
0.39332 0.461672 0.56672
0.40912 0.46126 0.5212
0.40152 0.44686 0.50852
0.39648 0.469272 0.52
0.41576 0.447072 0.47564
0.35672 0.446696 0.55324
0.40292 0.468324 0.56592
0.39052 0.47138 0.59152
0.4124 0.455144 0.51688
0.40044 0.476492 0.5442
0.40872 0.478744 0.558
0.37784 0.427236 0.4802
0.40548 0.491972 0.55404
0.40856 0.45488 0.55536
0.40156 0.4551 0.52824
0.38988 0.455436 0.55152
0.41192 0.449036 0.50704
0.38996 0.471428 0.55516
0.39612 0.471784 0.5298
0.37888 0.442052 0.55932
0.39752 0.447924 0.5078
0.40292 0.47272 0.53236
0.41084 0.45884 0.49916
0.4056 0.460344 0.57576
0.37712 0.438172 0.53384
0.39788 0.435492 0.48068
0.37372 0.423204 0.46492
0.36868 0.413748 0.4496
0.38972 0.449012 0.51412
0.40316 0.422804 0.45508
0.40772 0.489788 0.54904
0.36444 0.414776 0.45352
0.38992 0.419544 0.4772
0.45096 0.49778 0.57472
0.38548 0.434856 0.5232
0.43744 0.48064 0.57712
0.40756 0.433956 0.47588
0.36768 0.434276 0.51064
0.40244 0.446476 0.5238
0.38756 0.439328 0.58012
0.42056 0.436892 0.4712
0.38752 0.43904 0.47704
0.39264 0.446764 0.53664
0.40936 0.447464 0.5116
0.37996 0.433232 0.59524
0.38456 0.415364 0.44752
0.36096 0.414064 0.46464
0.35928 0.40688 0.44308
0.36228 0.429604 0.49104
0.36068 0.396132 0.4344
0.43044 0.479408 0.5408
0.3814 0.403896 0.42676
0.38736 0.409768 0.48904
0.43176 0.50638 0.56252
0.35164 0.401924 0.43492
0.3768 0.399324 0.47044
0.45376 0.5085 0.57272
0.36376 0.420872 0.49432
0.38532 0.452412 0.4926
0.39032 0.455892 0.53108
0.39472 0.42356 0.4766
0.39468 0.45614 0.5166
0.4156 0.4578 0.53984
0.38936 0.431348 0.51948
0.38984 0.423188 0.45504
0.42272 0.48518 0.566
0.39192 0.422776 0.47084
0.37992 0.419556 0.5848
0.3974 0.453064 0.57636
0.3998 0.42532 0.46448
0.3942 0.465856 0.56068
0.38332 0.401036 0.44688
0.4146 0.481484 0.52504
0.3834 0.4279 0.52116
0.39148 0.455348 0.50408
0.38852 0.4349 0.49752
0.39024 0.425104 0.46532
0.42124 0.461844 0.51328
0.3812 0.423156 0.45664
0.3894 0.434524 0.50932
0.37508 0.425436 0.52308
0.36732 0.419728 0.46256
0.38116 0.408872 0.44404
0.37468 0.446296 0.4842
0.38108 0.40376 0.42832
0.37692 0.412744 0.4678
0.39076 0.439108 0.521
0.38484 0.450024 0.56416
0.3668 0.483832 0.55556
0.38604 0.404916 0.44508
0.41836 0.495048 0.56332
0.3692 0.39578 0.44964
0.4066 0.46232 0.53208
0.36588 0.4188 0.49516
0.37472 0.445968 0.5398
0.36952 0.406764 0.44992
0.39692 0.427676 0.48304
0.40228 0.423404 0.453
0.38352 0.417772 0.455
0.39692 0.453432 0.50884
0.38012 0.433252 0.51856
0.40252 0.45242 0.55232
0.38076 0.424272 0.4612
0.4116 0.42992 0.4632
0.3764 0.459532 0.55272
0.39472 0.426976 0.44748
0.37908 0.434684 0.54536
0.38828 0.425412 0.4696
0.39236 0.440296 0.53072
0.3884 0.420124 0.4564
0.40116 0.438924 0.51568
0.40104 0.414044 0.45284
0.39228 0.459124 0.576
0.36408 0.389128 0.4996
0.41896 0.46404 0.50612
0.36032 0.3882 0.40992
0.37488 0.4 0.4308
0.40692 0.462904 0.57772
0.37252 0.41012 0.44752
0.40004 0.460624 0.52492
0.38456 0.403868 0.42468
0.40008 0.449244 0.52408
0.37832 0.39656 0.43232
0.39056 0.437236 0.49248
0.35688 0.389468 0.41436
0.33256 0.39516 0.43432
0.35408 0.3698 0.39372
0.34384 0.401764 0.43944
0.35592 0.371848 0.38852
0.38664 0.427024 0.46628
0.36348 0.410536 0.48676
0.38764 0.444076 0.4994
0.38304 0.407256 0.45076
0.38492 0.464792 0.56448
0.39824 0.4022 0.40524
0.40576 0.447408 0.54192
0.38212 0.402788 0.441
0.36148 0.428752 0.52072
0.38016 0.437684 0.52928
0.36136 0.427484 0.51932
0.39712 0.425792 0.45548
0.37108 0.461952 0.58352
0.4038 0.424108 0.4558
0.39624 0.422336 0.45532
0.44472 0.515256 0.57656
0.36084 0.396764 0.4158
0.39248 0.443452 0.50052
0.36016 0.394544 0.42252
0.40924 0.44734 0.51712
0.34864 0.387344 0.42328
0.39008 0.437604 0.48468
0.35824 0.398048 0.43744
0.39704 0.449108 0.55228
0.39924 0.408684 0.44388
0.39816 0.428676 0.46004
0.37612 0.404768 0.41764
0.404 0.440184 0.49088
0.36728 0.405684 0.43968
0.40312 0.4502 0.553
0.36872 0.407712 0.43936
0.3992 0.41284 0.43036
0.37592 0.39494 0.41336
0.39708 0.466064 0.58216
0.37544 0.400088 0.45652
0.39628 0.42942 0.49684
0.37008 0.394024 0.42244
0.37648 0.426832 0.5186
0.37064 0.386084 0.4224
0.4068 0.44554 0.50852
0.35068 0.38816 0.4044
0.36048 0.382956 0.40792
0.35312 0.41016 0.48008
0.3684 0.398868 0.42448
0.389 0.445856 0.52752
0.37752 0.407752 0.46468
0.37448 0.414488 0.47088
0.39052 0.425036 0.6
0.40192 0.46528 0.55052
0.37336 0.406764 0.55704
0.40092 0.438292 0.53112
0.37196 0.390044 0.4242
0.39932 0.431916 0.46356
0.36248 0.38684 0.42948
0.37616 0.4391 0.48384
0.36744 0.392944 0.48044
0.37712 0.427456 0.46588
0.37832 0.404244 0.501
0.41292 0.446556 0.5074
0.36232 0.392004 0.43972
0.38248 0.438392 0.49564
0.38368 0.40714 0.42764
0.38436 0.437116 0.49532
0.38352 0.399524 0.43916
0.37104 0.389804 0.42944
0.38232 0.394424 0.41004
0.37512 0.431764 0.52916
0.37568 0.450892 0.59204
0.39604 0.4255 0.46128
0.372 0.399316 0.43452
0.36924 0.440992 0.55764
0.363 0.399144 0.4516
0.4032 0.469696 0.55736
0.35972 0.371616 0.38816
0.34684 0.373932 0.39492
0.39652 0.439084 0.47136
0.36368 0.386576 0.40552
0.3976 0.448724 0.49856
0.37092 0.39824 0.52832
0.37704 0.435888 0.49776
0.37092 0.39052 0.4154
0.35388 0.413912 0.48828
0.35668 0.386992 0.45264
0.36408 0.424208 0.50092
0.35656 0.371852 0.42264
0.3878 0.427528 0.52064
0.35648 0.368632 0.3842
0.3664 0.4511 0.58252
0.3658 0.381048 0.39492
0.38788 0.437292 0.50732
0.36848 0.383148 0.42992
0.36716 0.420064 0.50376
0.36852 0.375016 0.38232
0.36788 0.450844 0.49068
0.36896 0.379948 0.40956
0.38452 0.40606 0.46464
0.38692 0.403232 0.44168
0.38912 0.410872 0.48528
0.37316 0.398832 0.4112
0.38896 0.401668 0.41856
0.3762 0.44336 0.51068
0.36732 0.417852 0.4564
0.37108 0.441912 0.5462
0.38228 0.41074 0.4614
0.40564 0.45758 0.50996
0.3828 0.397644 0.41168
0.39368 0.454356 0.575
0.3782 0.397608 0.41052
0.38816 0.432744 0.48728
0.36948 0.390188 0.41184
0.37248 0.410892 0.45608
0.35772 0.386688 0.49012
0.37948 0.435216 0.48784
0.3616 0.388648 0.43228
0.37436 0.422664 0.476
0.35112 0.392264 0.42132
0.37792 0.429204 0.48768
0.36848 0.396988 0.41332
0.41544 0.449988 0.5334
0.36184 0.393016 0.42384
0.38116 0.425028 0.474
0.36328 0.38752 0.40024
0.35376 0.381492 0.40332
0.39884 0.44628 0.51796
0.37216 0.408428 0.47768
0.37764 0.429472 0.50588
0.3888 0.408248 0.47384
0.37764 0.46406 0.596
0.3884 0.404792 0.41392
0.41836 0.473416 0.57812
0.37508 0.399888 0.43112
0.39464 0.445608 0.5104
0.38616 0.397528 0.42104
0.39204 0.450972 0.55888
0.38628 0.402464 0.41868
0.39756 0.46096 0.54676
0.36356 0.399152 0.43456
0.363 0.421196 0.49952
0.3922 0.403572 0.43704
0.39652 0.431948 0.49136
0.36492 0.404988 0.4966
0.40264 0.4364 0.486
0.3644 0.386412 0.39456
0.3996 0.436184 0.51924
0.35232 0.370896 0.38508
0.35232 0.378556 0.39572
0.39988 0.456468 0.5538
0.36224 0.38664 0.41672
0.38196 0.468688 0.57152
0.36328 0.381644 0.40804
0.44324 0.48768 0.52848
0.37408 0.388192 0.40524
0.44752 0.492088 0.57308
0.35152 0.390912 0.42788
0.41244 0.445424 0.52072
0.35268 0.399008 0.53424
0.404 0.459524 0.55356
0.36748 0.396216 0.49768
0.41132 0.47988 0.59536
0.3608 0.401644 0.44736
0.40876 0.452776 0.53664
0.36408 0.400544 0.47688
0.37696 0.41748 0.5426
0.40168 0.449972 0.52024
0.37208 0.38316 0.40312
0.37716 0.458904 0.51952
0.33864 0.365032 0.3896
0.4074 0.464648 0.55628
0.34324 0.3777 0.39468
0.40516 0.43362 0.49212
0.34584 0.411808 0.50408
0.36716 0.42456 0.45896
0.38672 0.409252 0.47264
0.35032 0.421196 0.4538
0.35712 0.39162 0.41412
0.34084 0.394952 0.44652
0.39312 0.417972 0.45636
0.37408 0.426208 0.50208
0.4 0.41134 0.45112
0.40416 0.44764 0.55896
0.39688 0.41476 0.49096
0.3974 0.44486 0.5562
0.37892 0.406672 0.42816
0.40228 0.427148 0.4722
0.36828 0.4021 0.44692
0.391 0.436404 0.49764
0.366 0.390752 0.4102
0.3908 0.448852 0.57404
0.35588 0.408816 0.46588
0.37772 0.442692 0.48328
0.37788 0.39768 0.43652
0.39724 0.444344 0.47376
0.37392 0.400776 0.4246
0.391 0.441368 0.47152
0.35348 0.36922 0.39116
0.43016 0.450948 0.52052
0.35264 0.387188 0.44128
0.33424 0.366436 0.39784
0.41056 0.43666 0.46416
0.37272 0.402908 0.4438
0.4156 0.455456 0.50072
0.37756 0.400796 0.4102
0.39616 0.461912 0.55232
0.36496 0.402484 0.43184
0.3938 0.456116 0.54928
0.37848 0.431808 0.46932
0.43116 0.472104 0.5632
0.38324 0.425728 0.47228
0.40496 0.475676 0.54924
0.41684 0.428728 0.45584
0.42176 0.45468 0.54368
0.37616 0.400488 0.4352
0.37752 0.402436 0.44484
0.39284 0.467092 0.51648
0.39692 0.410456 0.47044
0.40036 0.445344 0.47868
0.3708 0.388528 0.40948
0.373 0.435112 0.50668
0.37924 0.402608 0.4106
0.42744 0.462672 0.50464
0.36292 0.3825 0.42232
0.39932 0.453816 0.5198
0.36884 0.386 0.42808
0.41348 0.44772 0.5236
0.36836 0.381272 0.4064
0.37824 0.440644 0.48916
0.35416 0.3849 0.4026
0.4042 0.443776 0.50248
0.37892 0.404192 0.45176
0.39672 0.417416 0.46476
0.41296 0.473088 0.5812
0.3926 0.413672 0.42876
0.39828 0.48054 0.52884
0.38588 0.41296 0.4328
0.3934 0.455176 0.51408
0.382 0.406068 0.44312
0.40708 0.456452 0.52188
0.39128 0.409752 0.4482
0.39668 0.452688 0.52368
0.39232 0.40902 0.43488
0.37852 0.439092 0.49376
0.39164 0.43816 0.48888
0.40696 0.459876 0.5418
0.4298 0.44402 0.46216
0.3924 0.436612 0.47688
0.389 0.447852 0.50036
0.38976 0.418092 0.46532
0.3918 0.44542 0.4936
0.3662 0.405284 0.4212
0.41312 0.450904 0.4826
0.36124 0.3904 0.43068
0.40552 0.450672 0.54724
0.38144 0.425732 0.5648
0.41696 0.440612 0.50472
0.41804 0.465124 0.4988
0.3938 0.438256 0.49568
0.40428 0.466628 0.54164
0.40568 0.454428 0.54168
0.41432 0.455808 0.50912
0.42892 0.459256 0.5274
0.39128 0.439752 0.48196
0.41596 0.433224 0.49052
0.38736 0.427948 0.50948
0.40356 0.465212 0.5362
0.3954 0.441852 0.52816
0.39864 0.448768 0.51772
0.38744 0.419884 0.451
0.38924 0.423032 0.49248
0.40468 0.428664 0.47844
0.40644 0.427516 0.45212
0.38924 0.42138 0.46072
0.42356 0.43588 0.47304
0.37784 0.41936 0.45768
0.39612 0.437812 0.49364
0.39184 0.42768 0.4726
0.41052 0.45164 0.5268
0.42144 0.439884 0.4646
0.40388 0.447068 0.48936
0.44464 0.458728 0.48692
0.41584 0.451264 0.47264
0.40264 0.452248 0.5116
0.40072 0.45184 0.533
0.42616 0.451212 0.48784
0.39668 0.4363 0.51312
0.377 0.43636 0.4576
0.40072 0.438372 0.47932
0.40192 0.434296 0.4506
0.39328 0.422344 0.45444
0.39428 0.430636 0.44004
0.3964 0.431072 0.44056
0.4166 0.430184 0.46828
0.41 0.431116 0.46836
0.40968 0.448968 0.47336
0.4216 0.45598 0.4852
0.40884 0.444484 0.46844
0.39876 0.437948 0.46524
0.42152 0.456232 0.50164
0.41 0.434664 0.4728
0.41632 0.436824 0.46088
0.38748 0.428724 0.45452
0.39748 0.42968 0.44408
0.40036 0.425252 0.4438
0.4042 0.41968 0.45536
0.40704 0.415032 0.42068
0.41624 0.424604 0.43872
0.38428 0.401144 0.41524
0.38156 0.396976 0.40852
0.39664 0.416052 0.45376
0.3942 0.434244 0.45548
0.42188 0.44318 0.50676
0.39228 0.42662 0.5082
0.39156 0.408336 0.41392
0.40028 0.413388 0.42828
0.41344 0.417192 0.43452
0.3764 0.394124 0.40484
0.3624 0.4081 0.44316
0.41316 0.427028 0.48676
0.4232 0.443744 0.48556
0.4016 0.431296 0.4456
0.39388 0.430844 0.46864
0.40684 0.435528 0.45792
0.4074 0.42846 0.4518
0.41768 0.431536 0.45808
0.4104 0.423024 0.43652
0.38336 0.417428 0.44932
0.38324 0.42332 0.44816
0.36756 0.39816 0.44736
0.38436 0.42454 0.57136
0.39416 0.408196 0.44436
0.40152 0.419408 0.44932
0.39252 0.413804 0.4374
0.398 0.437676 0.56304
0.394 0.41858 0.438
0.37836 0.418504 0.44372
0.38416 0.400052 0.42432
0.38212 0.418288 0.44
0.37624 0.412784 0.44668
0.39512 0.423184 0.43992
0.37944 0.412644 0.43992
0.40204 0.417068 0.43432
0.3748 0.411104 0.47824
0.39284 0.426352 0.47236
0.4004 0.437968 0.4578
0.4012 0.428952 0.4542
0.40836 0.438064 0.5634
0.4056 0.431904 0.45104
0.39704 0.440208 0.47332
0.40596 0.427076 0.45104
0.40592 0.429172 0.45464
0.39748 0.428956 0.46876
0.38288 0.420696 0.45124
0.3942 0.423416 0.46896
0.39216 0.429092 0.45484
0.40244 0.426524 0.46972
0.37936 0.418576 0.46892
0.38208 0.420468 0.44464
0.4152 0.438092 0.46488
0.39624 0.43876 0.46248
0.37868 0.4397 0.46816
0.376 0.431448 0.49556
0.39488 0.423724 0.44072
0.39528 0.428604 0.44136
0.41436 0.42984 0.47244
0.39928 0.429464 0.48512
0.41132 0.427716 0.44856
0.4128 0.437088 0.47
0.40444 0.430732 0.45432
0.40604 0.426068 0.46544
0.39084 0.430948 0.51488
0.3802 0.416248 0.4686
0.40884 0.431 0.46856
0.40148 0.427304 0.44952
0.388 0.422088 0.45164
0.4156 0.440032 0.47532
0.34544 0.41302 0.44388
0.38636 0.403484 0.42376
0.39256 0.416648 0.42936
0.38692 0.403888 0.41828
0.37196 0.417276 0.45924
0.39332 0.417648 0.44588
0.41872 0.433008 0.44596
0.41548 0.438916 0.50336
0.41456 0.440632 0.4796
0.40332 0.41644 0.45236
0.41068 0.424848 0.46552
0.36804 0.416696 0.46044
0.371 0.40078 0.4174
0.37144 0.4011 0.42036
0.35456 0.373744 0.41488
0.38188 0.398088 0.442
0.33604 0.385572 0.44624
0.35156 0.386168 0.4522
0.37296 0.404612 0.45036
0.39848 0.422272 0.45076
0.37896 0.40332 0.42528
0.40572 0.420292 0.44096
0.41128 0.426576 0.44936
0.40568 0.419572 0.438
0.388 0.40726 0.43196
0.39788 0.412236 0.46896
0.36804 0.410524 0.4616
0.39108 0.411876 0.4462
0.39664 0.426556 0.45776
0.39184 0.408172 0.45856
0.39644 0.425396 0.48468
0.38492 0.41768 0.4406
0.3836 0.436236 0.51024
0.4076 0.41988 0.45384
0.40708 0.42454 0.45404
0.40376 0.42562 0.46556
0.40496 0.44276 0.51212
0.40156 0.425924 0.4786
0.40128 0.427188 0.52324
0.41236 0.433044 0.45968
0.40888 0.439524 0.48068
0.3982 0.438064 0.48656
0.38328 0.43026 0.45888
0.42624 0.458868 0.5396
0.407 0.424496 0.45164
0.39332 0.414448 0.47424
0.39356 0.421912 0.53392
0.39376 0.443124 0.52952
0.41104 0.42004 0.43392
0.40588 0.413936 0.42984
0.40732 0.417288 0.44148
0.38464 0.418028 0.4674
0.3976 0.413 0.43044
0.38268 0.416684 0.4368
0.4 0.419344 0.45124
0.40484 0.432232 0.474
0.39292 0.412252 0.4494
0.40232 0.427324 0.44108
0.40488 0.433408 0.48092
0.38732 0.428176 0.45672
0.375 0.422008 0.45308
0.38436 0.420968 0.4576
0.385 0.426756 0.46196
0.38116 0.410688 0.4344
0.3886 0.414772 0.45524
0.38924 0.413312 0.44512
0.37872 0.419424 0.45896
0.40484 0.420936 0.45576
0.40408 0.425704 0.45904
0.38328 0.427512 0.49708
0.38888 0.431572 0.4716
0.42088 0.434492 0.4798
0.38548 0.41216 0.4498
0.3918 0.411684 0.43828
0.38728 0.409448 0.43452
0.39064 0.427104 0.49452
0.37868 0.403732 0.43272
0.38956 0.404788 0.4756
0.381 0.414 0.45968
0.38856 0.420496 0.46
0.3786 0.419688 0.47284
0.41116 0.42636 0.46016
0.395 0.422976 0.46904
0.39504 0.427368 0.46128
0.39404 0.43032 0.44568
0.39316 0.418072 0.44732
0.40504 0.428 0.45588
0.39748 0.429956 0.47764
0.39232 0.423576 0.4718
0.38848 0.410348 0.4358
0.41252 0.439932 0.4932
0.39176 0.413956 0.46056
0.3914 0.429968 0.4608
0.3616 0.415036 0.42736
0.38752 0.417676 0.43376
0.38536 0.414372 0.4318
0.4004 0.43296 0.44856
0.40008 0.434032 0.453
0.39156 0.430804 0.44884
0.39576 0.416556 0.45236
0.38688 0.424752 0.48512
0.41436 0.450124 0.46124
0.38388 0.435272 0.47072
0.42044 0.438944 0.4724
0.42032 0.434336 0.4684
0.39392 0.435656 0.5032
0.40808 0.434052 0.45292
0.39428 0.429132 0.45024
0.39616 0.4362 0.482
0.38672 0.436852 0.45832
0.39004 0.431696 0.47032
0.38576 0.412376 0.43316
0.3844 0.416208 0.43296
0.38412 0.411636 0.427
0.37344 0.417812 0.4406
0.39948 0.420864 0.44972
0.36568 0.409752 0.44116
0.38484 0.409492 0.44244
0.37928 0.414672 0.43616
0.38528 0.419 0.46828
0.3782 0.41078 0.44668
0.38476 0.407224 0.43568
0.37844 0.41612 0.44676
0.37284 0.399916 0.44132
0.37496 0.415224 0.44256
0.38412 0.426312 0.47796
0.41056 0.440136 0.47712
0.40804 0.418452 0.44736
0.40972 0.430804 0.45572
0.43008 0.450824 0.47632
0.42376 0.450328 0.51116
0.41996 0.433568 0.46976
0.40412 0.45082 0.5278
0.39704 0.451936 0.54384
0.39448 0.4609 0.53456
0.42988 0.47724 0.52448
0.39592 0.452296 0.51692
0.42596 0.478216 0.5742
0.41468 0.469592 0.58124
0.44192 0.475496 0.52032
0.4414 0.456452 0.47728
0.41796 0.476212 0.55676
0.41264 0.460608 0.51376
0.42576 0.475064 0.5428
0.4208 0.438328 0.47904
0.40488 0.428528 0.46328
0.42404 0.460036 0.53732
0.38788 0.421884 0.46448
0.38708 0.4147 0.4588
0.39452 0.436408 0.50872
0.39104 0.4226 0.48092
0.39184 0.419556 0.43516
0.40292 0.41444 0.4382
0.40428 0.418244 0.45148
0.403 0.423104 0.45076
0.40296 0.41848 0.45008
0.39228 0.419704 0.43508
0.385 0.414924 0.4354
0.38472 0.412412 0.43044
0.38688 0.427532 0.44624
0.41616 0.427372 0.44928
0.36796 0.416168 0.44592
0.39172 0.402624 0.43168
0.39084 0.412816 0.45076
0.38924 0.4135 0.44692
0.38812 0.422828 0.45864
0.38456 0.419248 0.43856
0.38944 0.421044 0.45768
0.38276 0.429188 0.48668
0.4018 0.441036 0.47964
0.38892 0.436016 0.47256
0.39968 0.412452 0.46308
0.38784 0.4179 0.47212
0.39972 0.428132 0.45392
0.37476 0.408428 0.42584
0.3746 0.40906 0.45092
0.40196 0.41364 0.42512
0.40612 0.427012 0.43476
0.41068 0.432592 0.47884
0.4034 0.4241 0.43616
0.39724 0.428832 0.44568
0.3922 0.422316 0.44416
0.40764 0.437656 0.45008
0.37816 0.433748 0.47228
0.39084 0.437096 0.4846
0.39828 0.424 0.4562
0.376 0.410804 0.4324
0.38412 0.412848 0.43112
0.38396 0.411696 0.43288
0.39156 0.424224 0.47472
0.38664 0.415616 0.43212
0.3846 0.410428 0.4468
0.38804 0.41002 0.45392
0.38312 0.417548 0.44248
0.38444 0.419964 0.45336
0.38584 0.412816 0.44212
0.38972 0.427392 0.50116
0.406 0.421268 0.44844
0.39324 0.426648 0.52196
0.40312 0.435468 0.47472
0.40052 0.437124 0.51396
0.38912 0.425928 0.45368
0.40712 0.417792 0.45292
0.37892 0.41104 0.44596
0.40316 0.420636 0.4576
0.3802 0.417472 0.46024
0.38872 0.412244 0.43944
0.37928 0.406208 0.42708
0.37364 0.407708 0.44024
0.37388 0.411368 0.4704
0.35508 0.384332 0.41144
0.34888 0.383524 0.42088
0.36768 0.394708 0.45128
0.3788 0.416388 0.45252
0.37744 0.405764 0.43952
0.3702 0.427352 0.44724
0.39636 0.429152 0.47704
0.3796 0.414348 0.45856
0.38184 0.412348 0.46604
0.3798 0.423972 0.482
0.37952 0.426852 0.47684
0.39852 0.419744 0.44356
0.39284 0.434572 0.4902
0.40548 0.426592 0.45852
0.3916 0.424076 0.47976
0.39424 0.420312 0.4604
0.38868 0.427024 0.46032
0.38748 0.43026 0.45732
0.38336 0.403372 0.4222
0.37748 0.407552 0.42788
0.41016 0.414644 0.42184
0.3652 0.39638 0.4214
0.37544 0.395944 0.42136
0.37552 0.401752 0.41716
0.3732 0.410316 0.44704
0.37148 0.398844 0.47004
0.373 0.398548 0.42024
0.35568 0.394416 0.42912
0.36684 0.392424 0.4288
0.37196 0.392508 0.41936
0.36912 0.380684 0.41016
0.36464 0.384964 0.45024
0.36948 0.383664 0.3988
0.36224 0.385528 0.41084
0.359 0.388864 0.41076
0.3612 0.384848 0.41904
0.35116 0.387416 0.4272
0.37848 0.396716 0.42304
0.38148 0.402436 0.43596
0.35032 0.372476 0.39208
0.35508 0.3788 0.42476
0.35224 0.372828 0.40484
0.36144 0.389084 0.42456
0.37468 0.388416 0.3966
0.37976 0.390928 0.41964
0.36932 0.398248 0.4322
0.36556 0.393064 0.40556
0.37544 0.39578 0.40724
0.36076 0.401872 0.44428
0.37284 0.395848 0.42788
0.37076 0.4051 0.45224
0.37128 0.402684 0.44588
0.37828 0.405684 0.42272
0.37548 0.40604 0.43868
0.38388 0.416348 0.4414
0.37672 0.403432 0.42992
0.377 0.404164 0.4366
0.372 0.396112 0.43488
0.37172 0.397508 0.43036
0.37164 0.394736 0.42168
0.38304 0.414936 0.44488
0.391 0.400988 0.42092
0.39212 0.40744 0.4402
0.38008 0.406684 0.45656
0.3768 0.407184 0.45496
0.38212 0.404104 0.4634
0.39152 0.423004 0.4534
0.38452 0.429404 0.50144
0.38652 0.42914 0.4968
0.38956 0.429628 0.47636
0.39808 0.4348 0.46468
0.39576 0.426012 0.4802
0.39656 0.41838 0.44432
0.39896 0.418448 0.44256
0.41024 0.426944 0.44172
0.41324 0.441048 0.46964
0.41136 0.433416 0.46428
0.4138 0.444316 0.45908
0.36996 0.435344 0.50228
0.41524 0.434896 0.4812
0.40712 0.433692 0.4888
0.41616 0.430848 0.45776
0.41572 0.425288 0.446
0.38092 0.432936 0.4742
0.40084 0.42112 0.43268
0.38868 0.408792 0.44848
0.39 0.399376 0.4054
0.41164 0.437612 0.45764
0.41844 0.442232 0.4886
0.43192 0.442848 0.47792
0.3958 0.41142 0.44428
0.38032 0.415132 0.45644
0.39004 0.412732 0.4442
0.3846 0.40378 0.43876
0.38052 0.399284 0.42356
0.3906 0.4132 0.45308
0.40232 0.426508 0.46912
0.4078 0.427068 0.44868
0.392 0.41734 0.43436
0.38624 0.418032 0.4416
0.393 0.423072 0.45832
0.39856 0.426992 0.4468
0.39512 0.431188 0.45644
0.39788 0.419052 0.47424
0.40252 0.428892 0.47188
0.40352 0.4343 0.46052
0.4096 0.43294 0.45284
0.40724 0.435564 0.48236
0.39684 0.4264 0.44124
0.40604 0.431712 0.46968
0.4072 0.425976 0.4372
0.3868 0.422352 0.46916
0.40896 0.42744 0.46232
0.39136 0.42192 0.44888
0.38736 0.408736 0.46732
0.35728 0.406208 0.5042
0.36324 0.404716 0.47088
0.40176 0.413156 0.43872
0.38468 0.4126 0.48748
0.37168 0.40554 0.43424
0.40024 0.417612 0.4352
0.40692 0.42412 0.45908
0.40428 0.411972 0.42592
0.39848 0.43026 0.48644
0.4202 0.436716 0.47032
0.4056 0.426224 0.4568
0.42 0.43124 0.4552
0.40468 0.441096 0.52536
0.4074 0.431336 0.48468
0.40076 0.425536 0.47816
0.39392 0.42024 0.4472
0.40104 0.42878 0.46316
0.40224 0.424888 0.4616
0.38616 0.416508 0.45804
0.40644 0.425584 0.45468
0.39408 0.42664 0.45668
0.37856 0.407824 0.42824
0.39088 0.409948 0.43488
0.38288 0.414676 0.44272
0.38264 0.41562 0.46228
0.37828 0.4157 0.4438
0.3868 0.417204 0.45368
0.39316 0.420584 0.45676
0.39492 0.418888 0.44588
0.39516 0.407468 0.42932
0.39248 0.409728 0.43684
0.39196 0.41264 0.44448
0.3838 0.3954 0.40612
0.38412 0.392564 0.40544
0.38408 0.39996 0.41488
0.37212 0.39948 0.43244
0.37236 0.399444 0.42548
0.38672 0.410228 0.439
0.39276 0.40574 0.42416
0.39284 0.404004 0.42312
0.3852 0.40088 0.42312
0.36504 0.380552 0.40452
0.36612 0.392612 0.43748
0.35336 0.381304 0.40604
0.38904 0.40524 0.42088
0.40064 0.410896 0.43116
0.3924 0.41242 0.42544
0.3884 0.3985 0.40624
0.38444 0.4015 0.43044
0.3844 0.39708 0.40552
0.3882 0.404648 0.41836
0.37724 0.398084 0.42596
0.39852 0.405528 0.41948
0.38288 0.414848 0.46252
0.36188 0.407612 0.46776
0.38332 0.406052 0.42428
0.3764 0.398084 0.42444
0.38468 0.425072 0.46608
0.37896 0.405504 0.42632
0.4026 0.427864 0.4372
0.41484 0.43356 0.4684
0.41384 0.430812 0.44144
0.4018 0.42446 0.45564
0.37964 0.401044 0.41044
0.40168 0.411284 0.4514
0.4036 0.415932 0.4318
0.3768 0.41432 0.43344
0.40888 0.421192 0.4406
0.39744 0.433976 0.46196
0.39908 0.434512 0.45024
0.41684 0.440304 0.46684
0.43404 0.440496 0.45672
0.39656 0.43 0.44968
0.39952 0.424524 0.4424
0.37756 0.423572 0.452
0.40468 0.424576 0.46816
0.40176 0.417636 0.45464
0.37044 0.406564 0.42868
0.36944 0.40688 0.42836
0.3674 0.422052 0.5868
0.392 0.417608 0.44752
0.41564 0.432884 0.49052
0.39244 0.440924 0.51368
0.40376 0.41988 0.45008
0.38892 0.408764 0.43416
0.40368 0.417304 0.43816
0.37408 0.418304 0.46152
0.41056 0.426572 0.47432
0.39552 0.418444 0.44312
0.37072 0.42182 0.45224
0.38636 0.426132 0.468
0.42804 0.441928 0.47276
0.39052 0.422112 0.4584
0.38652 0.425224 0.46612
0.38872 0.44272 0.48968
0.40044 0.42816 0.4842
0.3926 0.440092 0.52188
0.40052 0.421092 0.4484
0.39968 0.435336 0.46836
0.40196 0.424328 0.46892
0.42156 0.455436 0.48824
0.40712 0.428612 0.47156
0.40472 0.420856 0.44428
0.38736 0.418512 0.45376
0.4118 0.438436 0.45696
0.4112 0.439608 0.4674
0.42216 0.442796 0.46532
0.41012 0.459096 0.50136
0.41384 0.449304 0.48328
0.429 0.448688 0.48092
0.41388 0.44156 0.47512
0.41464 0.447804 0.48324
0.40196 0.444732 0.47576
0.40264 0.419784 0.44548
0.40652 0.417096 0.42512
0.40284 0.416884 0.43764
0.40996 0.44086 0.48872
0.39572 0.420076 0.45628
0.39572 0.425488 0.48996
0.38516 0.412068 0.42536
0.40736 0.430784 0.47728
0.38788 0.414028 0.4392
0.40004 0.432924 0.4622
0.38816 0.42256 0.46748
0.38692 0.425144 0.45264
0.39344 0.409736 0.44112
0.40804 0.417656 0.44136
0.38968 0.4146 0.4344
0.39264 0.417996 0.43832
0.39652 0.4249 0.49716
0.40752 0.431976 0.4652
0.39724 0.42456 0.44624
0.40016 0.420324 0.44948
0.4026 0.422076 0.44096
0.39656 0.41544 0.44412
0.39736 0.410204 0.42432
0.39688 0.410888 0.4298
0.3808 0.410516 0.48364
0.37892 0.40862 0.45316
0.38 0.400088 0.41768
0.36892 0.384432 0.40308
0.3766 0.397444 0.44956
0.37896 0.406788 0.5288
0.38264 0.397904 0.41224
0.38564 0.4096 0.45196
0.38324 0.396592 0.42424
0.37788 0.402808 0.42132
0.38328 0.39882 0.4306
0.3774 0.398564 0.41832
0.39356 0.430056 0.46388
0.38188 0.419488 0.46004
0.39364 0.423384 0.44556
0.42568 0.433072 0.4428
0.39588 0.429788 0.45156
0.4256 0.434224 0.4424
0.39344 0.425808 0.47876
0.39868 0.422672 0.44316
0.40792 0.419652 0.44268
0.41764 0.429188 0.47412
0.40864 0.42848 0.46904
0.41804 0.461168 0.52236
0.39716 0.4424 0.52768
0.43852 0.457508 0.503
0.43288 0.452928 0.49164
0.41956 0.443128 0.46296
0.42468 0.454716 0.48676
0.42496 0.448764 0.45956
0.42604 0.434132 0.44352
0.40004 0.440292 0.47672
0.40296 0.432436 0.44344
0.42752 0.436036 0.45236
0.42832 0.436208 0.45656
0.40636 0.435652 0.44676
0.41032 0.448944 0.47456
0.44372 0.450528 0.4716
0.40476 0.43036 0.46456
0.40108 0.426212 0.45972
0.40668 0.43112 0.46268
0.39028 0.428448 0.47912
0.40464 0.431908 0.46832
0.40356 0.428012 0.46096
0.40324 0.434496 0.45928
0.39004 0.415468 0.4524
0.38664 0.425616 0.48052
0.39024 0.434956 0.4902
0.39144 0.426732 0.46012
0.39104 0.42576 0.4482
0.41572 0.426344 0.43864
0.39092 0.43874 0.47624
0.42508 0.448428 0.50176
0.42068 0.435964 0.4684
0.42416 0.445568 0.52224
0.43196 0.447672 0.47944
0.43156 0.447624 0.47112
0.40556 0.471092 0.54832
0.40368 0.445176 0.4774
0.44028 0.451892 0.497
0.41984 0.428996 0.438
0.41924 0.43822 0.49016
0.41552 0.44034 0.47864
0.4122 0.433756 0.48872
0.40044 0.429908 0.44864
0.41108 0.430604 0.44488
0.3998 0.42262 0.44264
0.40476 0.44126 0.52828
0.4056 0.424984 0.444
0.38748 0.432068 0.50644
0.40932 0.420144 0.4502
0.38588 0.418224 0.449
0.38792 0.415536 0.4332
0.38052 0.419712 0.43536
0.37812 0.419704 0.47016
0.41048 0.429152 0.4808
0.41424 0.435748 0.46128
0.3874 0.43116 0.45672
0.39848 0.450984 0.50892
0.38216 0.429496 0.45216
0.4224 0.44188 0.4786
0.4056 0.42614 0.48088
0.39736 0.428408 0.45828
0.40968 0.434272 0.4672
0.39792 0.428608 0.47108
0.41456 0.4477 0.51288
0.4128 0.436608 0.4662
0.4088 0.429732 0.45776
0.4084 0.438552 0.50096
0.40864 0.44022 0.46776
0.42788 0.455296 0.49312
0.43124 0.450392 0.49952
0.39672 0.455688 0.51716
0.43356 0.46356 0.52464
0.43984 0.473272 0.56368
0.44244 0.462968 0.51244
0.426 0.451796 0.46544
0.41432 0.444392 0.49884
0.41744 0.442048 0.46004
0.43252 0.455084 0.49396
0.43408 0.45944 0.50084
0.42912 0.443696 0.49428
0.44644 0.462668 0.51528
0.43796 0.457988 0.51012
0.44764 0.46116 0.47512
0.41128 0.443196 0.5022
0.4116 0.43528 0.44988
0.41064 0.447868 0.49008
0.42332 0.44158 0.4586
0.4066 0.442084 0.48084
0.41392 0.434136 0.45088
0.41344 0.435024 0.48636
0.4188 0.434236 0.4792
0.39804 0.435008 0.48196
0.39648 0.421064 0.45704
0.40668 0.423916 0.4396
0.39416 0.429084 0.4552
0.38908 0.400684 0.42548
0.39536 0.410128 0.43304
0.38596 0.412312 0.44712
0.3774 0.416732 0.4524
0.37752 0.414964 0.44624
0.40116 0.425544 0.4514
0.40944 0.423572 0.46296
0.40488 0.413076 0.421
0.4082 0.413308 0.419
0.389 0.41468 0.43612
0.38132 0.403104 0.4332
0.38852 0.408316 0.4358
0.38592 0.392868 0.40024
0.38636 0.394848 0.42824
0.3892 0.408464 0.44124
0.38 0.393232 0.42072
0.37956 0.387584 0.40452
0.37904 0.390568 0.41668
0.3852 0.401428 0.42604
0.3834 0.3929 0.4248
0.38252 0.394016 0.4254
0.38096 0.396552 0.42568
0.38388 0.396808 0.43544
0.38352 0.400896 0.43444
0.40272 0.40742 0.41072
0.3806 0.411056 0.45268
0.40672 0.419028 0.45744
0.40836 0.420788 0.43388
0.41628 0.425424 0.4416
0.41064 0.424064 0.4824
0.40172 0.434744 0.45628
0.39944 0.42326 0.45604
0.40196 0.423816 0.4472
0.40796 0.422968 0.44356
0.41132 0.437456 0.45512
0.40848 0.428052 0.44432
0.41712 0.438168 0.45532
0.42264 0.440144 0.46952
0.4082 0.44384 0.47152
0.40116 0.413832 0.4394
0.40892 0.437844 0.45156
0.40096 0.42328 0.44528
0.39856 0.429228 0.47656
0.41632 0.43808 0.4678
0.41132 0.431792 0.46448
0.4116 0.426796 0.45004
0.41252 0.42264 0.43584
0.4102 0.424268 0.43592
0.41316 0.416792 0.42148
0.40376 0.418392 0.4624
0.4076 0.41802 0.43116
0.41004 0.429836 0.4688
0.41192 0.430748 0.4692
0.41936 0.438732 0.48652
0.39716 0.434596 0.4746
0.40376 0.433716 0.44672
0.40388 0.436192 0.46948
0.40444 0.426192 0.46296
0.4128 0.431912 0.468
0.40252 0.437788 0.46468
0.43664 0.443296 0.454
0.43376 0.444736 0.48524
0.40444 0.446276 0.49284
0.42184 0.450788 0.46048
0.41868 0.443572 0.45616
0.41836 0.443596 0.45676
0.39912 0.425232 0.43668
0.424 0.429608 0.44528
0.4248 0.432232 0.46284
0.43124 0.437864 0.44708
0.43168 0.437428 0.45948
0.42408 0.434016 0.43692
0.4018 0.419868 0.45568
0.39884 0.414308 0.44448
0.40296 0.426812 0.45372
0.40352 0.423368 0.45236
0.41056 0.433456 0.49592
0.4082 0.467684 0.54904
0.41908 0.443336 0.5166
0.4116 0.426404 0.43816
0.41376 0.42902 0.44704
0.41292 0.439064 0.47228
0.39204 0.436708 0.46464
0.41948 0.439388 0.46544
0.389 0.41906 0.43536
0.40976 0.43792 0.45912
0.40924 0.427348 0.47216
0.40956 0.42564 0.44692
0.40612 0.418748 0.4352
0.39884 0.424436 0.46232
0.39508 0.411836 0.45324
0.38064 0.412272 0.45404
0.39904 0.423268 0.45288
0.39112 0.416168 0.4286
0.40548 0.423228 0.44028
0.39212 0.419012 0.4312
0.38848 0.413816 0.45056
0.39884 0.424936 0.46512
0.38748 0.409788 0.43996
0.39628 0.409308 0.43496
0.3848 0.409328 0.42072
0.39612 0.411816 0.43616
0.39912 0.427892 0.45508
0.39424 0.4227 0.4484
0.39796 0.418948 0.50088
0.39936 0.41458 0.45088
0.40316 0.426976 0.47748
0.39848 0.423028 0.45468
0.41304 0.426996 0.4504
0.41272 0.420256 0.44308
0.40532 0.417724 0.4408
0.39184 0.412736 0.44412
0.3934 0.418092 0.49172
0.3904 0.414544 0.44216
0.37864 0.403196 0.42708
0.39196 0.411708 0.42448
0.37032 0.40248 0.42968
0.3922 0.421956 0.47772
0.39296 0.418724 0.45564
0.39504 0.411276 0.43376
0.4082 0.425468 0.46344
0.40508 0.434784 0.45344
0.4048 0.429116 0.45696
0.40952 0.423608 0.43432
0.41008 0.42198 0.43556
0.41024 0.423108 0.43192
0.42816 0.43736 0.47512
0.38556 0.42278 0.4424
0.4266 0.438872 0.46544
0.4092 0.435896 0.46264
0.41372 0.440684 0.49568
0.414 0.4329 0.44056
0.40152 0.426668 0.45968
0.40196 0.444816 0.47148
0.4162 0.42932 0.47464
0.40792 0.423848 0.48484
0.40288 0.428348 0.44744
0.4012 0.413228 0.4386
0.39348 0.406624 0.43116
0.398 0.40892 0.42732
0.39284 0.412776 0.44372
0.38852 0.400056 0.42324
0.38896 0.402568 0.42104
0.3716 0.395416 0.4204
0.385 0.404708 0.41868
0.39312 0.415316 0.44048
0.39308 0.422856 0.47056
0.39788 0.406688 0.414
0.37964 0.408324 0.43908
0.38252 0.402916 0.42428
0.38568 0.409532 0.42428
0.3988 0.417616 0.44656
0.38112 0.404812 0.425
0.39612 0.422608 0.47268
0.38404 0.423264 0.45452
0.39816 0.41398 0.43944
0.4078 0.418904 0.46192
0.40928 0.41604 0.42012
0.4098 0.415956 0.4316
0.42536 0.436196 0.4568
0.4102 0.432516 0.49452
0.4124 0.424876 0.44052
0.42432 0.439476 0.45364
0.4272 0.439056 0.4544
0.42552 0.434892 0.4538
0.43236 0.445728 0.4658
0.4426 0.45134 0.47168
0.43188 0.443508 0.45536
0.39888 0.415768 0.43704
0.39976 0.426312 0.4456
0.40512 0.424536 0.47104
0.41076 0.428524 0.448
0.4064 0.420432 0.43272
0.41932 0.42634 0.4402
0.39908 0.416588 0.4396
0.4026 0.41354 0.4358
0.3972 0.413536 0.43508
0.4048 0.412156 0.42972
0.39564 0.419916 0.46516
0.4096 0.41778 0.45732
0.38372 0.41794 0.4428
0.38928 0.40906 0.43488
0.39104 0.414388 0.43312
0.4078 0.425548 0.44456
0.41056 0.425452 0.44884
0.4066 0.41794 0.4316
0.3918 0.414496 0.44092
0.4094 0.421704 0.44872
0.39116 0.41238 0.42232
0.42112 0.444512 0.45184
0.40948 0.442476 0.47972
0.40996 0.440484 0.46304
0.41376 0.423576 0.43488
0.40572 0.427732 0.45564
0.41736 0.441688 0.46612
0.42092 0.43208 0.44864
0.41812 0.42854 0.44336
0.40236 0.424032 0.45648
0.4296 0.4431 0.46588
0.42004 0.438136 0.46444
0.43152 0.452036 0.46656
0.39792 0.422552 0.44108
0.39764 0.422492 0.43932
0.3986 0.418756 0.43988
0.40672 0.414184 0.42948
0.40688 0.411532 0.42644
0.40488 0.414192 0.42464
0.40536 0.414488 0.42632
0.40472 0.416508 0.44396
0.39592 0.415148 0.42664
0.4046 0.418292 0.43792
0.40488 0.41856 0.45036
0.38992 0.40908 0.42604
0.40436 0.418444 0.4326
0.37176 0.408672 0.43064
0.40132 0.415716 0.43092
0.41476 0.426992 0.45004
0.39656 0.417472 0.45396
0.39512 0.411608 0.42612
0.41308 0.442144 0.46484
0.41308 0.440916 0.48268
0.42192 0.450852 0.47736
0.43324 0.460788 0.48244
0.4268 0.450696 0.479
0.42448 0.456024 0.48172
0.41916 0.451468 0.48292
0.4342 0.448376 0.46192
0.4412 0.450624 0.47456
0.4532 0.46672 0.48168
0.45488 0.468868 0.49808
0.42064 0.464008 0.48476
0.40964 0.447292 0.4726
0.43644 0.457968 0.47568
0.42684 0.449272 0.47412
0.41296 0.443452 0.46504
0.43588 0.446188 0.46296
0.41272 0.441112 0.4576
0.40808 0.43536 0.46168
0.4072 0.433044 0.48584
0.40184 0.425744 0.45668
0.43408 0.453608 0.47572
0.42744 0.445212 0.46532
0.4342 0.455616 0.48176
0.43368 0.447212 0.45832
0.43392 0.44274 0.45528
0.43336 0.449832 0.4566
0.43548 0.452776 0.47128
0.4508 0.463396 0.48508
0.43792 0.4667 0.51688
0.43368 0.446764 0.45396
0.42148 0.443428 0.44924
0.4166 0.44566 0.4868
0.42844 0.45398 0.47696
0.42628 0.451348 0.47596
0.42292 0.44022 0.4726
0.42436 0.444128 0.49248
0.39348 0.43516 0.4522
0.41604 0.435148 0.44924
0.39204 0.427088 0.48812
0.3904 0.419852 0.47264
0.3918 0.422488 0.4672
0.39684 0.414144 0.4676
0.39688 0.410732 0.43368
0.39528 0.418372 0.43904
0.39876 0.41998 0.4708
0.40092 0.40874 0.4166
0.40108 0.405628 0.41504
0.40288 0.422332 0.43044
0.39928 0.419664 0.43128
0.4112 0.420692 0.4272
0.40728 0.433148 0.44076
0.40452 0.422212 0.44832
0.405 0.429916 0.44696
0.4144 0.425548 0.44856
0.41448 0.428008 0.453
0.41296 0.424936 0.44768
0.41912 0.43008 0.437
0.41292 0.42814 0.4406
0.4204 0.428816 0.43676
0.42284 0.444808 0.4792
0.43136 0.4504 0.46976
0.4298 0.439812 0.45496
0.41804 0.449408 0.47516
0.41884 0.449932 0.48712
0.40596 0.454116 0.48284
0.42468 0.441092 0.45748
0.43536 0.445912 0.46908
0.43544 0.446872 0.47356
0.44884 0.45232 0.45724
0.42 0.453484 0.50216
0.43016 0.45498 0.47424
0.428 0.462136 0.48712
0.4326 0.460096 0.47912
0.42796 0.461988 0.50012
0.42232 0.445708 0.4734
0.43168 0.45314 0.47804
0.42816 0.446896 0.47424
0.43044 0.452892 0.4742
0.43248 0.448036 0.46812
0.43104 0.44428 0.46476
0.42092 0.442428 0.47212
0.41736 0.438128 0.46076
0.41308 0.43232 0.46436
0.41604 0.431464 0.46604
0.4126 0.4288 0.46308
0.41492 0.43906 0.46316
0.42792 0.438244 0.46808
0.4288 0.44732 0.4688
0.4266 0.433892 0.45208
0.40452 0.433044 0.44768
0.3986 0.41682 0.46804
0.39756 0.430984 0.44564
0.41456 0.423724 0.45296
0.40956 0.417536 0.42336
0.39224 0.42258 0.44652
0.4212 0.42694 0.43164
0.42116 0.431036 0.4588
0.4214 0.423596 0.42652
0.39628 0.43162 0.45256
0.42588 0.434208 0.44052
0.429 0.440516 0.46636
0.43304 0.443112 0.46228
0.43772 0.44726 0.46376
0.44608 0.45026 0.46884
0.40892 0.429404 0.44984
0.40956 0.429948 0.44872
0.41312 0.429488 0.43956
0.41312 0.425804 0.47648
0.40888 0.417748 0.42788
0.40832 0.418024 0.45712
0.41212 0.428532 0.45276
0.4106 0.42426 0.44548
0.40272 0.422948 0.42756
0.40592 0.428424 0.43832
0.39584 0.42304 0.43352
0.39744 0.421728 0.44244
0.40548 0.429156 0.4434
0.40532 0.43332 0.4648
0.40544 0.428312 0.45044
0.41236 0.416276 0.4256
0.41244 0.418544 0.42724
0.4124 0.42578 0.44356
0.40472 0.420168 0.43188
0.412 0.429 0.45584
0.3998 0.417292 0.42472
0.40772 0.419296 0.44336
0.40592 0.417892 0.44324
0.4056 0.419716 0.44956
0.40672 0.420108 0.4272
0.40712 0.420036 0.43016
0.40888 0.420324 0.43072
0.39192 0.416016 0.442
0.40216 0.417324 0.43588
0.4022 0.420184 0.43564
0.404 0.423928 0.45332
0.40608 0.431376 0.46284
0.40052 0.42564 0.46496
0.39548 0.421756 0.43216
0.41736 0.433108 0.44104
0.41808 0.428228 0.43932
0.38964 0.422868 0.43696
0.40472 0.431232 0.44548
0.4104 0.426724 0.43768
0.409 0.431236 0.47624
0.42236 0.4364 0.47528
0.40952 0.426836 0.43796
0.42172 0.441632 0.46032
0.42968 0.449152 0.47532
0.41596 0.440836 0.45808
0.43056 0.451936 0.46528
0.42188 0.450228 0.46992
0.4274 0.44786 0.4616
0.42328 0.43896 0.48824
0.43272 0.444716 0.48068
0.4088 0.435748 0.4556
0.43052 0.443792 0.46368
0.42116 0.443276 0.46424
0.4256 0.441472 0.4536
0.39004 0.422396 0.43504
0.39272 0.42034 0.43744
0.41196 0.426 0.43568
0.4028 0.41982 0.43528
0.39544 0.418292 0.4356
0.4012 0.415912 0.43152
0.39528 0.415436 0.43436
0.40884 0.423172 0.439
0.40864 0.421312 0.4486
0.40344 0.41798 0.44528
0.39556 0.412716 0.43052
0.39568 0.416544 0.43316
0.39776 0.426824 0.45948
0.41084 0.429848 0.4476
0.40696 0.427428 0.46288
0.41588 0.435692 0.45064
0.41356 0.428816 0.4548
0.39636 0.42874 0.44784
0.42112 0.437124 0.44548
0.42908 0.434456 0.44408
0.42936 0.448768 0.47064
0.41988 0.437612 0.46048
0.431 0.453264 0.4918
0.42024 0.4439 0.46552
0.42956 0.444648 0.45876
0.42516 0.440308 0.4864
0.42976 0.438364 0.45476
0.4126 0.444456 0.47108
0.43696 0.4517 0.47624
0.41724 0.440252 0.47608
0.41936 0.448396 0.46052
0.43204 0.452072 0.46484
0.43808 0.4517 0.4572
0.42672 0.446676 0.46832
0.4304 0.453888 0.4764
0.4198 0.445812 0.4678
0.4528 0.460072 0.48612
0.43068 0.456052 0.48144
0.41768 0.44106 0.46228
0.43512 0.441584 0.48008
0.43552 0.448024 0.46388
0.43664 0.450764 0.46772
0.45952 0.46512 0.47192
0.44496 0.461376 0.47692
0.43076 0.45766 0.48704
0.42036 0.459332 0.47436
0.42264 0.450096 0.47552
0.42888 0.447168 0.4736
0.44004 0.46834 0.50336
0.44228 0.468972 0.4864
0.45068 0.4713 0.50688
0.42808 0.456108 0.48092
0.45392 0.463644 0.47556
0.44872 0.464912 0.48068
0.42684 0.468552 0.5016
0.42948 0.457704 0.47632
0.42752 0.462032 0.49184
0.43832 0.452492 0.48648
0.44084 0.46062 0.47536
0.44104 0.46034 0.49712
0.4436 0.45412 0.47488
0.45328 0.462908 0.47232
0.4534 0.46144 0.47964
0.40844 0.434096 0.457
0.42784 0.439184 0.4552
0.42296 0.428668 0.435
0.41524 0.444884 0.46116
0.43212 0.44994 0.46992
0.41956 0.446292 0.47032
0.42376 0.438152 0.45784
0.41764 0.442156 0.46268
0.42016 0.434892 0.4476
0.44704 0.464304 0.47756
0.44036 0.460924 0.47356
0.45532 0.466844 0.477
0.461 0.470868 0.50744
0.43712 0.458536 0.484
0.42796 0.466048 0.50748
0.43644 0.462232 0.4862
0.4466 0.458148 0.4828
0.44716 0.469832 0.48904
0.44132 0.460192 0.48084
0.44968 0.458224 0.47572
0.45012 0.468592 0.4938
0.41852 0.429104 0.45052
0.41404 0.430092 0.48844
0.41792 0.427712 0.44728
0.4128 0.432756 0.45156
0.42704 0.443144 0.47028
0.4134 0.432532 0.45096
0.3912 0.411904 0.43304
0.3912 0.414888 0.44452
0.3892 0.408456 0.42616
0.40352 0.422468 0.4402
0.39872 0.414084 0.43204
0.40896 0.414916 0.4418
0.4122 0.425496 0.4538
0.41152 0.423036 0.4454
0.41264 0.418932 0.42684
0.43468 0.441652 0.45576
0.42956 0.439648 0.45924
0.43184 0.440408 0.4556
0.42772 0.446 0.45792
0.44284 0.448752 0.45608
0.44108 0.44674 0.45368
0.42064 0.455176 0.4838
0.44192 0.46136 0.49076
0.44224 0.45812 0.47776
0.42916 0.445812 0.47324
0.42912 0.45082 0.47788
0.44168 0.452964 0.46772
0.43356 0.447288 0.46892
0.43092 0.449204 0.46964
0.43304 0.455244 0.48344
0.42984 0.443808 0.46792
0.42736 0.438192 0.44568
0.41016 0.438364 0.44672
0.41 0.431532 0.45868
0.41328 0.436804 0.4614
0.40924 0.4307 0.46168
0.41252 0.421392 0.44052
0.4168 0.425884 0.44024
0.40264 0.420344 0.44576
0.39768 0.426124 0.45624
0.39696 0.42278 0.43664
0.3906 0.4183 0.447
0.40992 0.42116 0.44312
0.40944 0.42552 0.45136
0.40384 0.417864 0.4388
0.42512 0.434988 0.45876
0.4252 0.437892 0.45624
0.421 0.439628 0.463
0.43328 0.444616 0.47136
0.4166 0.4423 0.45484
0.43708 0.443736 0.48824
0.44828 0.461228 0.49068
0.44972 0.4608 0.48324
0.44828 0.462376 0.48088
0.42496 0.431416 0.43816
0.42532 0.437488 0.4616
0.42464 0.437896 0.46936
0.4278 0.4442 0.45728
0.4294 0.443428 0.45364
0.42952 0.439304 0.45324
0.42928 0.434928 0.46572
0.42496 0.432 0.44288
0.4198 0.434608 0.45484
0.42572 0.437368 0.45508
0.41232 0.434756 0.44636
0.4256 0.435088 0.44372
0.39588 0.413836 0.42724
0.39816 0.414356 0.4236
0.41 0.418996 0.42696
0.4144 0.424584 0.43048
0.39812 0.414132 0.4292
0.3968 0.421508 0.43288
0.39932 0.415548 0.43224
0.4022 0.422308 0.44488
0.40196 0.415664 0.42968
0.40724 0.412736 0.42888
0.40784 0.418132 0.44292
0.39364 0.406792 0.41284
0.39784 0.415904 0.43248
0.38888 0.416296 0.4322
0.398 0.41294 0.42968
0.39632 0.405936 0.41748
0.39624 0.408584 0.42496
0.38976 0.405504 0.4334
0.39688 0.404948 0.41024
0.38844 0.401052 0.40992
0.39484 0.402496 0.41772
0.41192 0.415564 0.43368
0.40232 0.41308 0.42084
0.40628 0.413216 0.42248
0.41188 0.420696 0.45496
0.40988 0.427508 0.46516
0.40868 0.415932 0.43924
0.39172 0.406168 0.4228
0.39656 0.407536 0.42288
0.38808 0.411576 0.4286
0.40104 0.4262 0.45048
0.40628 0.43388 0.44956
0.4042 0.429192 0.4572
0.4304 0.441148 0.46084
0.41524 0.434248 0.45864
0.41684 0.437184 0.4586
0.41976 0.4329 0.44268
0.4256 0.443288 0.46968
0.42016 0.435732 0.44968
0.42096 0.439708 0.44724
0.42012 0.440484 0.47492
0.43204 0.44626 0.47076
0.42176 0.434248 0.45504
0.41812 0.429448 0.45216
0.41848 0.433796 0.44892
0.41792 0.428572 0.44236
0.39724 0.41674 0.43952
0.39012 0.422948 0.45488
0.39624 0.409372 0.42688
0.40004 0.408804 0.433
0.39576 0.405832 0.42232
0.393 0.41648 0.43688
0.4014 0.414664 0.4334
0.40084 0.408544 0.42396
0.40904 0.413104 0.42016
0.40368 0.419064 0.45004
0.40492 0.422816 0.44608
0.40716 0.41714 0.43248
0.403 0.411556 0.41776
0.40644 0.415844 0.43544
0.39912 0.413296 0.42516
0.39732 0.415316 0.4242
0.40644 0.414356 0.42516
0.40176 0.415676 0.42532
0.40084 0.41294 0.4282
0.39824 0.41672 0.42952
0.3948 0.405308 0.41124
0.39444 0.411284 0.44412
0.398 0.405588 0.41616
0.3976 0.409432 0.4304
0.39324 0.40832 0.42776
0.3982 0.411376 0.4452
0.40092 0.408532 0.42932
0.402 0.411156 0.43388
0.40068 0.408192 0.42052
0.39416 0.406396 0.41332
0.38904 0.404472 0.4164
0.38976 0.40556 0.4126
0.4056 0.4128 0.42364
0.40948 0.416128 0.43064
0.3832 0.406624 0.41792
0.38428 0.405224 0.42528
0.38412 0.403048 0.42472
0.38476 0.4066 0.43196
0.39476 0.396272 0.39848
0.39208 0.39666 0.40524
0.3924 0.397768 0.41136
0.39408 0.40498 0.4158
0.39932 0.407932 0.41768
0.39672 0.405164 0.41284
0.41336 0.420372 0.43248
0.40932 0.42342 0.442
0.41628 0.425312 0.44316
0.42072 0.442072 0.4604
0.43016 0.43546 0.45324
0.42912 0.442584 0.47108
0.4206 0.436284 0.4502
0.41424 0.434268 0.44924
0.418 0.43336 0.44944
0.4202 0.427108 0.435
0.42008 0.428444 0.44152
0.42116 0.430532 0.43516
0.40716 0.423952 0.43064
0.42256 0.428336 0.44372
0.40332 0.426596 0.43912
0.3914 0.401428 0.41272
0.38636 0.396784 0.404
0.38852 0.39938 0.409
0.39368 0.40508 0.41688
0.39392 0.406324 0.41696
0.39292 0.409776 0.43836
0.39804 0.411476 0.43056
0.38648 0.414244 0.4584
0.40108 0.409596 0.4162
0.39036 0.409552 0.44052
0.39684 0.410456 0.4144
0.40888 0.415868 0.44976
0.40648 0.423424 0.46856
0.40636 0.421496 0.4266
0.4062 0.423748 0.442
0.4126 0.42374 0.43848
0.39148 0.425668 0.44592
0.39224 0.413628 0.4336
0.41728 0.422344 0.42504
0.40464 0.42848 0.44452
0.40728 0.425384 0.45556
0.38228 0.414672 0.4446
0.39424 0.414044 0.42212
0.39844 0.416968 0.4342
0.41248 0.436628 0.45352
0.43524 0.444436 0.45344
0.39856 0.427404 0.443
0.42352 0.432452 0.44748
0.42336 0.440544 0.47772
0.42384 0.441388 0.47416
0.43704 0.441948 0.44944
0.43572 0.44134 0.45092
0.40556 0.439372 0.45028
0.43724 0.451032 0.47296
0.43392 0.450016 0.4674
0.43848 0.459416 0.53568
0.40792 0.430716 0.46948
0.40812 0.42728 0.47608
0.4126 0.43406 0.49876
0.41664 0.430532 0.43968
0.40276 0.43328 0.48228
0.41632 0.430588 0.45048
0.41492 0.434668 0.46248
0.41496 0.431912 0.46672
0.41464 0.421348 0.44348
0.41164 0.445656 0.4908
0.42436 0.431456 0.45048
0.4112 0.4324 0.45036
0.43524 0.44896 0.4772
0.42908 0.44552 0.47904
0.4344 0.442196 0.47544
0.41588 0.443244 0.4772
0.39676 0.441536 0.47764
0.4192 0.4397 0.48204
0.40424 0.424148 0.4468
0.40472 0.437928 0.4788
0.40776 0.435184 0.45712
0.41816 0.438428 0.47876
0.4098 0.423016 0.43776
0.40444 0.434384 0.44536
0.41968 0.435156 0.46168
0.40836 0.434392 0.47168
0.42 0.432304 0.46636
0.40344 0.424732 0.4402
0.41868 0.432864 0.45256
0.41388 0.433604 0.45452
0.42676 0.440128 0.46336
0.40984 0.43658 0.447
0.40864 0.428796 0.44708
0.4146 0.430032 0.46584
0.41132 0.431812 0.45336
0.418 0.424136 0.43488
0.41248 0.422176 0.43076
0.40708 0.418104 0.42976
0.401 0.41608 0.42748
0.3884 0.400412 0.41124
0.392 0.402716 0.41588
0.3886 0.404644 0.4394
0.38088 0.3941 0.40156
0.392 0.402828 0.42256
0.39148 0.40174 0.4268
0.38688 0.416184 0.44016
0.40408 0.417776 0.44052
0.406 0.412268 0.42212
0.38924 0.405532 0.42484
0.3856 0.407992 0.42496
0.3964 0.407544 0.41468
0.40252 0.422264 0.44908
0.40248 0.415396 0.43536
0.4026 0.421004 0.46948
0.39272 0.421816 0.44264
0.40068 0.425944 0.44696
0.40372 0.420236 0.43272
0.4106 0.41972 0.43632
0.40736 0.418884 0.43124
0.41588 0.424696 0.43304
0.39348 0.41724 0.4328
0.39848 0.417908 0.45768
0.39828 0.416564 0.43172
0.41372 0.431476 0.46892
0.40352 0.421372 0.42588
0.39456 0.417596 0.42832
0.41176 0.421032 0.43384
0.40028 0.419236 0.44516
0.40728 0.424936 0.44296
0.39616 0.405256 0.42692
0.39224 0.405728 0.44324
0.397 0.409168 0.44484
0.38988 0.420388 0.44972
0.39828 0.420192 0.46316
0.38624 0.424992 0.44524
0.39456 0.416492 0.43124
0.3914 0.424792 0.46224
0.39388 0.419968 0.4344
0.39744 0.425176 0.47692
0.39796 0.420588 0.45304
0.40152 0.41586 0.44992
0.4036 0.410716 0.41732
0.40168 0.413536 0.4334
0.3992 0.410208 0.4334
0.40044 0.415228 0.44764
0.40316 0.426516 0.44908
0.40392 0.429828 0.45868
0.40948 0.428732 0.45632
0.4052 0.428084 0.46672
0.4096 0.43564 0.45808
0.40848 0.429212 0.45308
0.40876 0.427708 0.45444
0.40884 0.428812 0.46156
0.40532 0.42474 0.44136
0.40552 0.422728 0.435
0.41212 0.423256 0.4356
0.41616 0.437664 0.44688
0.41612 0.43438 0.45196
0.41384 0.429668 0.44608
0.40116 0.418348 0.4292
0.39768 0.418908 0.44144
0.40232 0.419656 0.44704
0.41104 0.427052 0.4386
0.42456 0.427156 0.42936
0.4162 0.427032 0.43216
0.40908 0.430512 0.45304
0.41228 0.437656 0.4606
0.41036 0.430184 0.4486
0.4096 0.419832 0.43472
0.416 0.428356 0.442
0.41164 0.421252 0.4358
0.41032 0.424928 0.44144
0.41304 0.427596 0.4484
0.40924 0.419356 0.45012
0.42284 0.439356 0.46024
0.42096 0.43248 0.4512
0.4276 0.437916 0.4638
0.417 0.437084 0.45124
0.41996 0.442324 0.47784
0.41692 0.440424 0.468
0.39776 0.419332 0.4302
0.4028 0.420264 0.42784
0.4072 0.418956 0.42788
0.41676 0.449996 0.48188
0.43188 0.448048 0.45472
0.44032 0.447292 0.45376
0.44664 0.45888 0.47148
0.43824 0.459612 0.47264
0.42724 0.454768 0.47312
0.43392 0.458456 0.48052
0.4338 0.453408 0.4618
0.42832 0.445328 0.46096
0.43204 0.458644 0.49308
0.43764 0.449948 0.4684
0.43868 0.455724 0.47228
0.41044 0.441572 0.45412
0.42076 0.447876 0.4766
0.41768 0.434992 0.45088
0.4254 0.437924 0.45444
0.43124 0.447744 0.46352
0.414 0.438216 0.4782
0.43704 0.447932 0.45804
0.41252 0.44762 0.4596
0.42152 0.4498 0.46636
0.42792 0.446568 0.46868
0.43564 0.444008 0.46356
0.43436 0.445384 0.47836
0.4298 0.44496 0.45488
0.42172 0.441712 0.46604
0.42484 0.439196 0.45112
0.42288 0.433136 0.46324
0.42472 0.436384 0.45328
0.4244 0.436612 0.46016
0.42456 0.437628 0.44092
0.41348 0.431012 0.453
0.42696 0.440968 0.46076
0.40764 0.429516 0.44016
0.423 0.435448 0.45748
0.42068 0.430644 0.44168
0.40824 0.420848 0.4426
0.40404 0.424728 0.46416
0.40824 0.427052 0.45164
0.40472 0.421688 0.44824
0.40376 0.417536 0.44348
0.40608 0.42726 0.46656
0.41864 0.435772 0.47512
0.41724 0.434868 0.47684
0.4066 0.432692 0.46996
0.42172 0.43338 0.4416
0.41132 0.428316 0.44448
0.39036 0.425384 0.46664
0.42108 0.432848 0.4534
0.4114 0.437972 0.46232
0.41936 0.436224 0.47156
0.41572 0.431884 0.45096
0.41576 0.425284 0.44972
0.418 0.430392 0.44928
0.41648 0.435148 0.46012
0.41336 0.426812 0.4592
0.417 0.426688 0.45724
0.41544 0.428948 0.44008
0.41328 0.430584 0.44692
0.41856 0.433376 0.44676
0.40288 0.424584 0.44468
0.40072 0.41716 0.42316
0.40044 0.42196 0.44392
0.40916 0.426168 0.437
0.42732 0.431144 0.43772
0.40836 0.420824 0.43868
0.40456 0.428156 0.44052
0.40456 0.425916 0.43852
0.40048 0.423028 0.43788
0.40952 0.41572 0.42408
0.4094 0.418612 0.45268
0.41096 0.416756 0.42368
0.4206 0.424012 0.4336
0.42 0.424004 0.4332
0.4074 0.419152 0.43348
0.40764 0.421524 0.43424
0.40804 0.421056 0.43088
0.40788 0.418444 0.43008
0.4038 0.40816 0.41032
0.39692 0.41102 0.43116
0.40408 0.411752 0.42988
0.40568 0.417988 0.43492
0.40472 0.42012 0.42676
0.4058 0.414132 0.42464
0.40816 0.412456 0.4178
0.40396 0.40962 0.41732
0.40836 0.416056 0.42776
0.4168 0.422236 0.42472
0.41864 0.421796 0.42436
0.4144 0.420904 0.42624
0.41444 0.430904 0.4396
0.42392 0.434812 0.44028
0.41624 0.427532 0.43932
0.40308 0.418908 0.43096
0.41504 0.422492 0.428
0.40244 0.416736 0.42444
0.4064 0.425112 0.44156
0.405 0.43162 0.44324
0.40468 0.42414 0.44224
0.41532 0.431076 0.45684
0.41072 0.424116 0.42904
0.4108 0.423192 0.44324
0.41248 0.427468 0.44884
0.4104 0.419392 0.42812
0.411 0.426244 0.44744
0.4262 0.432792 0.44856
0.42876 0.43426 0.44512
0.4134 0.429364 0.4408
0.4074 0.415704 0.42312
0.40924 0.425552 0.44496
0.40936 0.418776 0.42188
0.41268 0.422852 0.44136
0.4126 0.419456 0.43816
0.41172 0.415948 0.42996
0.4038 0.420316 0.43216
0.40352 0.419216 0.4358
0.41408 0.425756 0.44256
0.40308 0.40816 0.41832
0.40316 0.415032 0.44588
0.4086 0.41732 0.46308
0.4114 0.417288 0.42124
0.4174 0.420884 0.43012
0.41024 0.418976 0.44324
0.4096 0.4221 0.42544
0.41964 0.42382 0.42988
0.41148 0.421568 0.42644
0.39516 0.423228 0.43772
0.40872 0.422496 0.44768
0.39512 0.426252 0.44548
0.41288 0.416188 0.42476
0.40556 0.41824 0.44876
0.40568 0.413256 0.42208
0.39444 0.413476 0.42052
0.39692 0.414448 0.43736
0.40708 0.412584 0.4198
0.398 0.414652 0.42964
0.39764 0.4095 0.42332
0.39252 0.4075 0.42544
0.3994 0.407788 0.4176
0.40044 0.407452 0.4144
0.40516 0.4094 0.41756
0.3824 0.401448 0.41552
0.39052 0.403036 0.40992
0.39076 0.40044 0.40556
0.3902 0.400232 0.41328
0.38788 0.399048 0.40968
0.38476 0.398728 0.40916
0.40076 0.413704 0.43076
0.40068 0.411988 0.42764
0.39992 0.41438 0.42992
0.40332 0.41394 0.42056
0.40364 0.411748 0.42316
0.40096 0.412652 0.42072
0.40656 0.414736 0.41976
0.41012 0.415784 0.41968
0.40972 0.416436 0.41964
0.41176 0.422208 0.43508
0.41248 0.422384 0.43496
0.41236 0.420896 0.43404
0.42016 0.429624 0.43448
0.42004 0.42524 0.43612
0.42236 0.428148 0.4354
0.39944 0.411036 0.42076
0.39964 0.405668 0.41896
0.3962 0.400332 0.40784
0.40324 0.41214 0.42616
0.4046 0.413156 0.42652
0.39772 0.409252 0.42248
0.41272 0.4217 0.43768
0.41264 0.423244 0.45032
0.41104 0.429572 0.45828
0.4084 0.427 0.43888
0.40336 0.417888 0.43116
0.40356 0.420884 0.4318
0.40612 0.417396 0.43964
0.40596 0.423072 0.44016
0.40572 0.417568 0.43996
0.41528 0.424732 0.4462
0.41432 0.422504 0.43268
0.41508 0.42316 0.43188
0.41696 0.425452 0.43304
0.417 0.427784 0.43456
0.4262 0.431348 0.43952
0.42048 0.433548 0.44384
0.40644 0.427552 0.44216
0.41232 0.429572 0.44232
0.41868 0.427856 0.44196
0.41284 0.425328 0.4462
0.40924 0.419344 0.426
0.42656 0.434504 0.44236
0.42552 0.434552 0.45732
0.41808 0.434272 0.4496
0.4144 0.429856 0.44044
0.41172 0.428128 0.4494
0.4282 0.439612 0.44704
0.428 0.438964 0.46472
0.42156 0.439248 0.46536
0.41284 0.4311 0.44576
0.41644 0.42922 0.43988
0.41452 0.427848 0.43644
0.41424 0.429456 0.44584
0.41732 0.436252 0.44508
0.4364 0.441208 0.44512
0.41724 0.43516 0.44504
0.41432 0.422396 0.43476
0.41432 0.418544 0.42264
0.4106 0.417828 0.43052
0.42284 0.4315 0.4346
0.41628 0.429384 0.43312
0.41768 0.42912 0.44068
0.41528 0.430568 0.44424
0.408 0.428336 0.44164
0.42288 0.432208 0.44164
0.40996 0.415912 0.43432
0.40984 0.41422 0.43424
0.40124 0.412884 0.4342
0.40816 0.41532 0.42416
0.40788 0.414304 0.42292
0.406 0.413748 0.42452
0.40916 0.412872 0.41816
0.4022 0.410832 0.41848
0.40252 0.41136 0.42092
0.41392 0.435012 0.45228
0.41484 0.43174 0.4524
0.42556 0.432024 0.43856
0.42504 0.431808 0.44844
0.42792 0.432788 0.4442
0.42472 0.432524 0.45172
0.42484 0.43728 0.45544
0.43116 0.441664 0.46328
0.42576 0.438992 0.45616
0.43492 0.444548 0.45868
0.42776 0.449972 0.47016
0.4258 0.438484 0.44776
0.42848 0.436144 0.44604
0.42992 0.439536 0.45288
0.42644 0.436976 0.44172
0.42112 0.426976 0.43172
0.42344 0.429124 0.43196
0.41856 0.425812 0.43132
0.43156 0.43478 0.44016
0.42968 0.434524 0.43948
0.42984 0.435376 0.4406
0.41236 0.429648 0.4476
0.42648 0.43586 0.44716
0.42064 0.435212 0.44824
0.42136 0.44328 0.4644
0.4168 0.440504 0.45352
0.43048 0.445424 0.45388
0.43468 0.456932 0.47132
0.44384 0.460704 0.47416
0.44372 0.459532 0.472
0.4302 0.439864 0.4466
0.43072 0.442668 0.45828
0.43056 0.4421 0.45256
0.42428 0.431548 0.4482
0.425 0.435232 0.45424
0.42448 0.431964 0.43808
0.41336 0.416552 0.4316
0.40592 0.41602 0.43208
0.40476 0.41514 0.43344
0.40392 0.408512 0.41164
0.40512 0.410784 0.436
0.40336 0.40996 0.42584
0.3966 0.403848 0.41632
0.39124 0.403568 0.41176
0.40036 0.409024 0.42084
0.40076 0.405184 0.4128
0.39916 0.405244 0.4084
0.40396 0.40712 0.42136
0.40776 0.418196 0.43032
0.41488 0.417872 0.4314
0.41516 0.419364 0.4278
0.41664 0.425828 0.43324
0.40736 0.42736 0.44164
0.42444 0.428016 0.43512
0.43124 0.437436 0.44152
0.43552 0.43746 0.43836
0.42204 0.43584 0.442
0.4064 0.419 0.42564
0.41904 0.42218 0.43312
0.41888 0.42604 0.46012
0.40436 0.418728 0.42544
0.40428 0.422628 0.4278
0.40392 0.42034 0.43188
0.41232 0.426948 0.44292
0.40876 0.430112 0.44784
0.41116 0.429084 0.44324
0.4108 0.42054 0.43304
0.4054 0.424848 0.44452
0.41416 0.426464 0.4524
0.42096 0.426788 0.43276
0.42312 0.427292 0.43212
0.42296 0.42788 0.433
0.398 0.419416 0.44796
0.39752 0.424944 0.44812
0.40152 0.426908 0.44372
0.40504 0.429668 0.45252
0.40968 0.429284 0.43816
0.4098 0.429932 0.43712
0.39004 0.401952 0.4288
0.39144 0.41108 0.42284
0.38608 0.404624 0.41932
0.39316 0.401896 0.42944
0.39136 0.397612 0.41652
0.38788 0.397796 0.42792
0.38636 0.401124 0.4052
0.39844 0.40278 0.40544
0.39936 0.403584 0.40484
0.40996 0.420316 0.42804
0.39856 0.418016 0.42268
0.39264 0.415784 0.42336
0.39808 0.417016 0.42816
0.4172 0.42358 0.42724
0.3988 0.416376 0.42892
0.40464 0.425176 0.4566
0.40576 0.42382 0.44604
0.40912 0.427864 0.45576
0.40628 0.421232 0.42864
0.41596 0.428848 0.44608
0.39724 0.42494 0.43856
0.41844 0.436908 0.44916
0.41008 0.42894 0.44032
0.41592 0.432236 0.44076
0.40884 0.421284 0.43604
0.40556 0.422228 0.44068
0.40884 0.425596 0.44476
