-10008.6683978 -9607.29286392 -7858.32596011
-10050.4543828 -7864.62089937 -1822.80493167
-10035.3304804 -8379.54611198 -1707.10741797
-9978.43937609 -7308.22961879 -306.702208178
-10002.4733258 -7737.95792284 -1441.20643653
-9971.50178771 -6383.46274548 -724.095143859
-9840.5272844 -5875.88544637 -67.5104351876
-9956.90869986 -4763.96805752 -459.97056421
-9945.10222233 -6051.18303461 -66.5452351254
-9326.26799812 -3794.88866023 129.787863452
-9592.89388534 -2770.26498143 147.668377839
-8368.68085085 -3378.39140925 218.000482309
-9383.889998 -2308.42711648 181.359421684
-7291.34810154 -1461.72887389 -251.541686655
-6607.12423498 -1396.10889573 -89.009558826
-9994.1348989 -2309.68644923 335.229097513
-9004.86847161 -2666.78931727 485.346920091
-5805.14173977 -1037.39589644 -143.746846204
-1130.16346833 -353.101988103 86.2741149227
-8926.58134303 -2236.55876453 223.866417132
-1882.22928275 -519.748855414 -62.6447391571
-8926.49591496 -2733.04185663 144.695627799
-6313.32248228 -1088.18056146 434.506616185
-9290.51384446 -1229.93581019 -14.2068241371
-8226.9927098 -1342.97678337 -60.1100570176
-8909.50985519 -1351.42285397 -104.527238166
-8564.03452218 -1763.02927003 237.407184216
-8856.24302964 -3120.72485882 -85.2641439097
-257.630248055 -69.1073878865 392.329675368
-7002.10227824 -1265.56871838 425.597534991
-6743.31763266 -2661.88896691 -93.5057369875
-8826.10162414 -2633.63809852 317.122823669
-8066.3329208 -1234.99440733 319.509633424
-9020.91062053 -2082.03391514 90.4932631883
-4984.40689712 -789.434740756 270.979776974
-7117.81539428 -1272.88482988 10.1111542916
-2804.25628733 -376.553510983 61.1645082194
-8994.70547767 -1768.795832 464.131376854
-9620.64685924 -2787.9928049 355.295032261
-1710.0588891 -280.974187891 264.310603305
-5799.40129439 -1013.61454686 356.431264355
-8273.02095077 -1232.75337255 295.209835802
-1233.19259082 -309.249583498 -104.417035812
-9911.719355 -2847.14562527 346.947952009
-8606.26712464 -2215.76167003 285.903156795
-8816.55975407 -1986.40168224 159.935175114
-9649.51099233 -1993.14972489 189.033817868
-8500.91337351 -1691.34785486 178.85935177
-8607.82225953 -2326.4728774 124.016433892
-8801.78205166 -1799.8701088 56.4260349401
-9965.77521664 -3023.46091648 110.189600742
-8290.31128034 -1436.98152113 438.059700104
-2974.52220991 -504.447511836 254.224026457
-7932.40143985 -1975.1989768 29.1523033829
-8621.94770171 -1539.00336881 233.070482988
-6008.27783015 -588.703067381 328.050829054
-9178.19233598 -2802.4786993 208.864090938
-8364.19782773 -2358.66611264 245.489951759
-8833.1360929 -1810.67434066 247.532559733
-6539.23286021 -1631.25675915 111.68971694
-7691.72773698 -1343.45769763 448.940760053
-4479.53880364 -439.638256206 403.279745869
-2015.80157846 -485.997238981 312.027017254
-8904.43985678 -3544.16711679 362.933616436
-8286.3885261 -2228.96278967 374.46609068
-7589.52666989 -1642.62433131 201.547399599
-725.307917033 -185.072099944 125.018388081
-6972.52053009 -936.000365999 481.552980784
-8934.93028124 -2166.024411 330.887597801
-495.773744551 -98.4325887057 286.561899008
-6118.33585924 -632.239168286 469.486518938
-4043.19203149 -399.49199739 456.952229771
-8509.65312514 -757.54198783 467.235681036
-7648.62759749 -1476.40700333 741.935920956
-3629.18463233 -330.973350445 582.041611198
-7382.42867465 -1331.22238555 341.662973719
-1403.64607713 -107.692721643 603.438156142
-6251.89466222 -562.846518756 631.304679028
-8496.7096757 -1289.49124627 258.374420556
-5023.45433923 -666.970797975 128.526878456
-8459.74967261 -1027.24361868 291.927454461
-7750.12706563 -1034.33862614 518.340102565
-8489.6803865 -2182.22225259 346.613666313
-8640.77123704 -2310.24501315 547.935177879
-7949.32594312 -3026.70538695 219.827545883
-6529.65258844 -1735.64002854 417.430218639
-5214.03346503 -740.623781589 460.720707184
-6498.10340943 -2220.2473503 292.837464967
-6951.57040608 -1464.34886792 618.727593778
-8776.28802277 -2641.60361001 -75.3721469908
-7631.70476099 -836.900104811 329.190690076
-7041.5558957 -1474.34951456 239.060538705
-6748.57647933 -1548.6328478 350.078012444
-5833.71903958 -1358.83789826 108.531660018
-4454.23589506 -1083.72855032 477.630562589
-8533.19202854 -1407.60974342 261.093625386
-5759.19312759 -1661.00841038 375.88051374
-8201.93495893 -937.218349014 249.794065151
-5387.31081378 -1100.26377146 533.35757858
-6734.12913735 -1436.48978413 386.332835138
-7907.20958801 -1024.78602179 394.747824405
-2640.08638549 -641.416463814 498.93705431
-308.687011261 -111.571859133 24.655674461
-6355.14298767 -743.159302789 392.448354848
-7468.71820525 -693.641602133 333.83703947
-6327.58971853 -1076.94688495 430.714338703
-7198.39190549 -1036.59389818 485.685672393
-3170.96341418 -796.64427805 439.492846122
-1003.65909092 -122.913574453 470.637695147
-6125.60017655 -867.14638696 401.293497157
-7927.05435095 -720.641815259 594.562975869
-671.569018566 29.6082734819 483.667135632
-3568.48441387 -533.933544391 486.018089963
-906.359461054 1.17484392834 749.903776982
-3906.24695357 -1050.44612785 302.922603684
