-4041.80243313 -273.349400589 2139.34660014
-1522.88662673 64.3970036751 2767.06463375
-425.777030916 534.976405031 2091.90979574
-2223.55236486 41.3263190747 2683.41245441
-480.900293586 370.493406001 1566.97356293
-349.415822794 514.465150237 2707.48011448
-572.232081181 460.707577332 2640.07196419
-300.265975034 673.315215682 2022.10385806
-284.995357754 481.638693566 2169.67226377
-422.889217495 865.599661954 2731.83233663
-466.012447274 463.997674305 2623.67932245
-8207.31439791 -231.002485647 2164.44126917
-534.191892613 897.832045774 2246.64522523
-1081.41162321 473.610956813 2740.48400213
-6191.09699024 -837.635735325 -70.3536978821
-779.288433327 44.1524848079 494.323809454
-475.450932861 847.333072809 2598.29346483
-487.159871861 64.5518674715 1053.68402238
-869.409063531 131.216926689 2122.44157746
-441.852585012 505.289585092 2671.51743908
-562.694645187 114.57194052 2092.2185681
-534.808662092 755.773175114 2650.22331412
-581.836462915 622.303257712 2544.49828409
-268.107337588 454.708251239 2153.40866572
-722.922490619 463.287441673 2652.84881347
-881.363769353 817.207705677 2662.42917517
-685.523836413 532.061328904 2744.6075722
-149.716351781 1132.28664541 2633.48105158
-1168.65083903 547.998300474 2649.14223428
-892.263215476 149.811919705 2073.56560916
-613.603814262 247.566370668 2221.86523149
-507.035629118 824.735716439 2700.95417755
-365.667831113 433.775799744 2616.11536324
-544.462243842 350.677259342 2237.45640828
-837.221540252 717.726994851 2809.66998741
-1509.83216338 388.558462044 2207.71874932
-705.88621525 32.6572362992 2644.84436395
-833.83545454 587.347065835 2764.49388178
-651.133604631 228.355637998 2062.96548818
-1390.6361505 308.065258377 2181.06065605
-992.212941179 65.3437138679 1646.01320446
-1713.89632091 919.22897581 2668.3225263
-320.158286275 737.934619142 2535.75199896
-562.580945701 570.279798623 2183.43714451
-819.622115335 291.378620595 2669.14665054
-514.696523827 993.986789364 2663.74445411
-585.943039743 154.622691612 2567.66135148
-748.591062948 571.441192011 2627.37010739
-371.80837492 700.854313203 2687.37069282
-3014.94347122 263.699657005 2594.54826176
-861.298241738 434.98226504 2762.66619155
-409.513577313 124.307121314 2207.56514823
-397.240416693 576.396253442 2769.13411041
-2049.02300683 -253.497665651 2185.77952639
-903.344630493 -114.05549601 511.581350416
-1557.29968492 -134.452570147 2722.25136307
-444.210258611 483.871999706 2161.83530164
-625.240231149 556.388526558 2680.22671597
-407.6267311 327.69398019 2733.37947276
-1515.54434709 235.702707608 2510.88572992
-592.89905968 715.120547971 2642.06327617
-1493.13109817 669.241154519 2739.50018079
-853.776190378 32.914574607 1655.40380879
-391.350601719 700.77933665 2018.80518824
-249.123436761 928.62821209 2701.12472703
-1491.11026437 1152.62920796 2598.66714288
-787.752095214 237.383185607 2429.48246225
-947.745322681 333.223899681 2778.3143126
-852.009891743 332.975316813 2616.84399143
-420.278093433 664.255055321 2202.03585635
-493.693395616 211.870472213 2194.04254533
-417.729119039 1176.94029726 2744.76852363
-452.789256633 549.595286364 2172.23630559
-534.291424186 944.459960326 2770.16048774
-359.918790113 423.204476157 2197.90910985
-257.373595079 1124.12289991 2794.56838544
-320.092179207 850.069440373 2202.0541006
-371.094539434 586.414644903 2751.05845024
-675.01569851 893.744890865 2788.53105231
-402.284367136 800.347426569 2713.67481224
-1133.84793268 309.560464854 2141.07804514
-255.93726922 743.03543793 2858.77843131
-211.580658616 862.532977002 2229.79054401
-117.96322017 1098.36141085 2197.97320461
-1105.98403939 641.200704788 2730.32784578
-485.909790402 467.468336428 2817.42300606
-448.94917653 843.240446061 2717.01593476
-176.239832431 632.276059481 2771.69158395
-446.55472778 460.35862682 1953.90756946
-961.203825599 296.142902831 2238.87752998
-179.953916644 862.604586477 2774.99575823
-430.985346993 748.105888585 2660.31443363
-1404.93604355 644.06773667 2214.22565193
-582.521944857 138.411463985 2800.03381099
-626.805686132 674.488777195 2690.32199933
-304.532429548 402.370669302 1668.50090074
-365.040883615 197.880795238 1114.86506698
-170.342505155 821.203438933 2847.73890365
-284.108469448 654.484955629 2804.45292915
-367.390006554 622.315159647 2102.9749483
-532.358204245 311.29016521 2860.64987396
427.926046662 1914.24424614 2812.5302385
-217.227310338 738.474413172 2664.29690839
-349.44292355 434.742377952 2837.03499692
-380.776152995 963.697721883 2828.49443302
-462.723080016 1124.69332402 2251.45500454
-605.028863844 625.96848615 2801.80969103
-362.488002019 791.480538471 2242.40283976
-667.819638001 303.432837094 1120.36312385
-974.730555191 -32.0894533896 1703.95955239
-594.536056429 853.843775055 2284.19833159
-281.649312508 395.916232198 2916.23794541
-227.979969682 755.93932762 2288.67970957
-661.224900961 1227.57664468 2848.11343256
-602.690534833 633.148740729 1748.83289762
-189.130147768 783.508840671 2807.73049055
-73.3233929266 1372.15900573 2842.12768214
-434.760415675 511.388148935 2832.61704772
-411.678153215 1089.31350421 2866.7845301
-190.86427703 1108.46031001 2871.13540947
-708.951761449 160.631528503 1677.81636536
-325.566484403 962.614573669 2914.39446863
-543.20368924 865.002512623 2285.28702458
-986.9467417 302.748139667 1706.5935259
-327.334596588 1088.7686728 2284.4737763
-1005.88841815 593.98872169 2866.86881012
-425.005370712 718.686911566 2262.17071546
-245.791247522 840.7409341 2804.17191321
-558.816047877 563.213823546 2832.37250566
-156.411211272 1326.4740027 2887.99665908
-448.360758087 1049.07260663 2831.16727591
-103.093282747 1311.28776708 2869.53065897
-503.573596087 201.421398477 1688.43230976
-253.268588126 968.290142867 2249.38897229
-428.791123886 482.681211966 2201.99916651
-343.311331265 924.948497363 2920.18324493
-271.239578204 498.488467234 2289.41141695
-662.597421124 517.813478641 2303.19874749
-563.691270725 289.989459806 2891.71045789
-635.296230669 509.111082106 1721.86765442
-394.617873927 1042.57189864 2830.76309389
-588.782292896 783.921725269 2313.33304543
-451.129392352 348.983769397 2870.51263309
-1050.29997025 269.643021385 2241.72761613
473.424745053 1438.16080748 2870.79141849
-390.824350136 465.294761619 1712.20467043
-297.402548637 455.527218681 2858.13366342
-581.966176637 558.975973934 2896.87872643
-439.687928093 783.533264315 2286.03304212
-454.507415297 1073.10204735 2238.91881991
-524.907034408 178.210168388 2286.6252941
-453.421822533 920.593254332 2882.29976159
-142.15202137 1110.60198178 2935.09032682
-170.714803558 615.731285528 2833.2729017
-449.306408585 1078.52435166 2860.46586277
-583.139523686 246.505770688 2291.02519686
-390.173026874 804.565824781 2834.49073457
-181.125913007 1372.0577962 2829.17508272
-1190.75112924 791.647822065 2823.31423058
-201.307249007 1325.93519299 2880.53949967
-235.450846923 1245.35026312 2804.35924283
-174.311578367 1068.28197018 2878.29586793
-565.671441491 930.774811657 2854.82814159
-526.292770013 699.717655171 2778.56445359
-475.223867288 702.35981993 2823.63453891
-402.690162617 718.408144575 2819.90884662
-630.128748487 871.654871129 2805.20487567
-395.176145909 478.698934204 2252.520144
-374.450366558 847.031466027 2827.22295681
-240.360270781 771.132024164 2781.63720537
-106.673926608 1562.6431403 2896.18947625
-253.848137202 763.064685383 2813.42453183
-186.139724065 1413.41342036 2884.86719481
-177.958452386 1141.94442864 2888.0115185
-281.557360462 999.668456644 2823.22470523
-267.71777912 512.35865681 2797.55507505
-251.471770339 373.428547391 2304.10877896
-433.638563824 517.861132351 2277.86550897
-642.278708213 697.408786977 2248.78576919
-389.010874484 1133.52345668 2798.65492083
-413.083141866 728.885127165 2833.4731398
-628.740499857 518.898176093 2284.81996845
-631.94157547 312.646850177 2879.55726706
-322.524625676 830.99218854 2920.32276857
-253.973462677 664.80033001 2890.64053802
-153.859188329 782.002404411 2868.61261236
-202.112444553 1053.69712698 2912.48203048
-345.865247989 774.092691138 2938.32729733
-612.945814871 956.968556767 2896.0279376
-151.052712669 1276.20405236 2872.74621364
-609.774412374 1034.40370928 2895.94194354
-349.401922549 722.452560906 1721.57411827
-480.972689018 835.661696064 2896.08416153
-136.669246542 865.015803771 2911.3264578
-429.063465484 742.29434996 2305.25002744
-178.024074712 1454.34242846 2919.2669185
-450.681605576 330.033661647 2325.34123941
-176.791572248 1006.71355891 2893.34318093
-364.501299606 667.707593435 2938.12117572
-410.797039023 934.818132912 2884.02015786
-662.633701118 762.34429395 2850.91644671
-703.221037187 976.41398597 2919.17106916
-443.467241747 1357.41624605 2860.26382685
-380.599402284 730.372941468 2945.60971573
-209.779414584 662.453173649 2262.00420708
-579.041275337 720.990447661 2890.70084972
-281.370180317 1045.38898938 2873.51124897
-265.389847195 622.03600667 2919.61007169
-384.695606445 1650.15323043 2915.84078299
-337.744271615 944.054381737 2339.75857985
-498.670652535 990.512307708 2915.88079951
-202.972599711 735.1145835 2894.83759595
-166.963179726 1169.15130314 2319.28185712
-587.860902084 747.989247257 2921.46800329
-347.449331604 714.693625232 2905.33209986
-265.137904562 426.224391281 1713.63121046
-346.533859748 854.270287652 2955.36979319
-180.239711935 613.228699534 2280.44330717
-493.713798606 814.960783526 2891.67491538
-233.18986704 1219.03898337 2926.82977477
-370.239205198 518.228474181 2278.66335226
-184.481600268 1641.85672985 2926.15301875
-604.014215114 1317.60887777 2965.45290218
-42.3473959589 1549.72038581 2943.03967562
-278.759225949 849.586632442 2915.94260129
-337.807387454 577.839207656 2965.56901036
-207.84326251 967.197012693 2270.69821198
-122.179710532 865.235637137 2946.41964717
-191.326128543 310.890219058 1696.58538573
-273.396799687 1098.03025859 2984.35764284
-670.268537688 1232.25272017 2944.10369095
-65.1912225117 1167.37618937 2931.01752644
-183.509305828 175.563932757 535.448486426
-418.88944033 867.48229999 2869.4141796
-184.998125273 1091.04068783 2318.39791297
522.370994627 1842.32000966 2935.06909849
-305.382179752 1252.99420631 2933.27310319
-296.844607485 901.381534524 2978.66187034
-359.067071623 1322.84943443 2905.63545761
-395.999127897 892.494791527 2883.51059396
-233.394373991 736.613031 2915.9006788
-347.447647963 798.221587932 2343.91537407
-225.031291052 856.074517404 2935.82430099
-173.999063341 1404.16932255 2903.62087639
-262.299492955 1569.51317097 2919.34800317
-113.237707437 505.344444339 2277.15656454
-189.570094917 1713.49314393 2916.53818512
-222.559007106 1105.28988525 2977.31981065
-424.620992521 1246.51555565 2341.37368867
-76.4516197935 1357.06629956 2961.33837196
-273.043372203 848.593510351 2945.43512512
-216.808095299 741.105903373 2925.80378767
-200.734861155 673.848824646 2958.96922287
-114.320791639 1130.35776282 2320.61886792
-751.89922437 664.180327073 2973.80940058
-235.171171619 1526.86933711 2951.13339477
-244.958580172 918.726587357 2380.52598842
-261.052873142 686.419928242 2963.66403138
-297.268529534 598.852550981 2355.71328492
-112.368249885 1305.79204196 2942.66669068
-175.585201022 1609.06466101 2950.19565786
-247.321474243 1391.5987047 2909.77006697
-96.941319183 1057.14777069 2908.79843167
-228.644240674 1349.55243638 2947.28453511
-273.979773113 1034.7228748 2953.09701318
-516.413324632 1241.45006644 2347.70922939
-320.631492004 547.74850747 2379.03028174
-253.789260969 1242.84889394 2371.1250489
-98.3370909347 1624.05160683 2979.71670685
-52.1288977743 1324.02808264 2352.65077105
-229.796683558 1423.73442861 2989.36083593
-292.408132835 1289.04515036 2921.01042109
-149.120441992 1485.46135179 2955.03746035
-528.499873539 1362.57179019 2920.93004863
-245.786538242 553.133559376 2351.51875295
-159.380204212 521.574838266 2386.53034954
-245.991569673 1272.04513921 2961.0344795
-118.615845623 1802.31084955 2974.14562617
-157.354881366 1295.46911627 2952.86585512
-100.048131967 1381.93192107 2923.11073576
-197.038610531 1157.40502181 2933.82808054
-330.957162227 1111.72356998 2386.31794479
-182.763325179 747.836151234 2940.95408785
-161.808592509 1003.01244201 2959.87806665
-136.579397584 1191.78679004 2959.62582924
-116.823140922 1073.88027406 2377.21207263
-225.092524626 1351.13909181 2950.40185324
-93.3862764779 1560.14697963 2945.07283245
-128.939751008 1126.06963625 2973.06417935
-101.768589869 1453.5701113 2375.04908229
-85.1506807546 1444.2708203 2933.64048945
-239.869082474 1105.81678018 2354.74738336
-184.711978298 1868.97587418 2986.92646224
-215.004291019 1441.8148631 2375.88652993
-348.454913727 753.486424157 2386.17670056
-162.376657994 1130.45026992 2374.51783552
508.220171178 968.175221403 1759.3351394
-294.723865979 1242.50427289 2381.51391039
-130.40314135 1189.86249782 2391.60368997
-166.577617515 1004.37448509 2971.06949532
-129.571356918 912.132981909 2396.997635
-103.688741837 1087.44535562 3005.8188609
-113.916953752 1560.86090003 2981.31103675
-316.222131666 861.574138407 2384.14407722
-137.439442399 1132.19966116 2382.44880681
-156.410195417 512.447043863 1766.26012269
-137.628774895 938.480946165 2375.32317475
-247.609942978 1046.67129453 3013.84205857
-84.051002956 1634.97891508 3002.34503992
-239.55705081 1364.81730854 2892.3649707
-203.037224525 1504.16792118 2991.68565051
498.491240136 1636.49501722 2978.24887456
-123.322053967 1011.90547937 2376.55445198
-228.900219369 748.586795014 3000.48709197
-185.059754975 1000.04760012 2995.84185002
-562.490124774 1159.56606377 2979.07807053
-340.588427347 1607.96521538 2983.11350788
-300.704438969 1188.97777331 3003.61376631
-237.537135047 1339.83624393 2984.36559732
-191.25377229 1437.16405673 2996.67885607
-231.631240026 1010.61520456 2978.29161231
-277.896965502 794.586938202 2369.2752634
-126.518599136 1259.1173149 2984.58189434
-248.814328614 872.023100122 2377.93601359
-103.467205659 1377.31799245 2975.08740187
-210.688066281 1061.30785722 2372.2115659
-138.042033537 1567.77666013 2993.34394011
-257.758621316 1356.29035152 2371.85509096
-290.173744885 1488.46759478 2985.4767944
-188.00918607 1076.22817914 2977.99483018
-153.590389493 749.506316095 2399.85448103
-237.827662408 823.629533321 2384.09702437
-239.516134839 865.546640623 2377.60426653
-151.028163754 1377.45528819 2962.9588494
-167.005775727 1265.4617509 3004.88088955
1125.65014817 1999.70227531 2994.85184788
-183.127027047 885.324521237 2983.42132057
-209.997978058 946.562348602 1795.51640949
473.465437863 1886.46170723 2992.63465698
-206.345645737 954.433479823 2378.85536053
-82.2193491607 1158.39768622 2395.32152494
-271.208904991 934.076698764 2988.89375356
-131.561055368 696.642845646 2380.5495857
-167.421697441 1514.61010754 2395.69047154
-212.665497234 1168.63953528 2405.54044581
-232.695681733 1168.88823282 2947.36844755
-182.825411328 950.857630223 3013.45002788
-206.709318985 810.549272006 2369.56486327
-143.370750565 1319.59752357 2977.64869171
-201.210340647 949.747797376 2992.33126072
-299.073680724 1618.31707577 2999.10245325
-130.14525482 1128.79753511 2386.05518144
-364.009733972 1139.20231848 3004.55039563
-156.773421931 1311.51611364 2973.55592364
-124.179427479 1081.28907585 2991.59515169
-71.0347507231 1994.41748226 2997.93634996
-180.26600743 1259.41785165 2986.517318
-209.07855842 684.230617637 2388.63742694
-147.34711923 1081.86351387 2389.62832535
-304.64407921 815.17991616 2994.37731741
-163.290773331 1210.16191075 2375.24262937
-72.731608595 1210.96513562 2386.70551216
-225.055083158 628.21867896 1772.87334737
-141.515454158 998.829700876 2361.09626483
-128.661551499 1458.60453815 2997.52770455
-153.185862064 1559.36044346 2983.76792682
-98.7312538976 1622.91576077 2983.90505147
-168.089309636 1559.63277766 2984.22880615
-281.645074834 997.847317913 2387.3078587
515.840639615 1271.05154166 2962.80636348
-108.736606475 1571.47010007 2396.41813193
-346.986955198 1773.86495306 2992.5467891
-293.614186175 846.287169489 2380.1732759
-243.709649091 981.725980511 2391.354654
-113.730748537 1268.12195094 2397.81603633
-209.270906081 759.111535996 1778.91745467
-56.0501990095 1584.84947644 2996.73212863
-270.691417715 1621.17401392 2981.3391752
-425.513463982 1169.7769937 2388.73473263
-377.413836307 1006.2052251 2994.09672184
-281.413729847 1224.65025677 2975.79614649
-308.625739879 1370.68353724 3015.87308421
375.340714534 1565.40850517 2943.45832125
-224.778192627 1002.68606448 2396.77103594
-218.838112939 1139.73051457 3024.29703008
-152.689142046 1491.5056167 2938.62425537
-183.353804774 1433.296848 3008.47781476
-122.439542631 1401.78673391 3002.73448546
-465.286558925 982.946699971 1803.56670859
-216.187714612 1130.89783567 3007.90119513
-221.035278922 1328.30419684 2403.35396933
-211.693240696 1694.89277528 3014.47778005
-179.902370729 1384.95181615 2981.76521138
-141.035494846 1576.7669388 3006.24452814
-105.243451556 1348.98814095 1799.98496878
-191.998236933 1203.09910697 3001.45982032
557.650386261 1773.82744321 3014.39779275
-292.146179073 1177.48026499 3006.09288297
514.533929059 1640.76705439 3003.91745312
-171.344625515 509.523713811 1168.63223125
-77.7845691872 1771.49169072 3016.47596523
-239.679887307 1321.04143322 3027.33262175
-59.9488797577 1218.7516062 2999.54969665
-50.3811171682 1398.53318766 2397.41781888
-47.6291183828 1584.97593629 2988.29606536
-102.14684937 1755.64144948 2987.4738217
-132.643414387 961.9374183 2402.36579143
-70.3240209613 1520.08762303 2398.84774268
-87.9746087763 1432.73934592 2977.02328978
-132.651963494 942.202994588 2933.31100822
-158.623604708 1486.15792576 2983.6423191
-57.7107392849 2002.5539244 2978.88142164
553.268857517 1816.73326221 2939.2702096
-73.5662572725 1584.20145824 3012.36681876
-210.891015404 1193.04401 2977.15815792
-217.014649365 1190.37016912 2975.67135525
-118.458778602 1447.26473507 2403.72418224
-207.08342935 1240.82739648 2965.34852416
-237.858780045 1198.48268723 2392.54939204
-100.893036178 1697.43968215 2986.02989077
-216.85248953 1128.8917364 2394.05904492
-365.148605725 1428.34540753 2975.15621042
-118.184370008 1025.81179318 2994.79310896
-140.289195667 962.011959019 2986.8493616
-189.460495483 1692.31159921 3000.13798202
-278.902785756 1239.1165507 2383.48589381
-242.355035418 1444.21025276 2987.6121225
-120.856859404 1492.5986909 2960.87186733
-136.636983747 1384.95996268 2385.49590824
-274.631826266 1104.47480721 2968.52384856
487.001830602 1825.43879428 3020.50880861
423.81915504 1685.03382897 2377.70087929
-153.153143489 1135.24558393 3002.07717808
-199.945245903 1441.93428138 2919.92621402
521.963074539 1636.62023083 2968.93576662
-70.1995966323 1826.06925594 3002.66308694
-332.77002879 1367.6067257 2982.93694535
-87.0743100568 1751.36720019 2996.61195925
-182.916755623 1139.0536101 3024.39545999
-192.077954453 1196.33531953 3004.43413846
-145.017309666 1200.14007999 2404.53191575
-52.3642948184 1840.28273223 3007.65726053
-298.030185262 926.414898331 2410.46982375
-65.6571872113 1597.13144297 2996.78530842
508.620592414 1706.18957108 2986.35129643
-110.625727146 854.145704789 2375.10249196
-181.676211522 949.33297151 2384.04330455
-170.94142532 1448.48567178 2392.9286345
-144.792233793 1511.70286217 3009.00557155
-211.348895237 807.467735414 2987.74703575
-368.506711622 1109.26062756 2403.12046375
-646.846922794 786.946960086 2419.01000325
-97.7428017267 978.537187057 2403.57958727
-272.656799454 1496.38655283 3009.59116722
-393.384602977 931.244116951 2382.34922321
-438.404625889 1667.57467732 3025.41125137
-201.834271685 1124.33959103 3015.3602731
-236.972887186 880.007571181 2391.6686907
-256.67776846 1331.96506782 3004.81158237
-102.828156877 829.89069705 2407.46301762
-171.194355566 1207.94884475 2371.44122172
-292.331478509 1051.64419439 2401.69964077
-252.172388173 1306.01481558 2975.70349396
-177.342456448 1511.73307787 2973.12608965
-219.952809905 885.558970693 2383.82167317
-62.5720977976 1077.27069148 2371.40692406
-62.7462891957 1281.21836085 2983.76574674
-92.7339977785 1348.27153557 2995.29757995
-153.5870753 1202.67643356 2971.42429079
-344.974461713 1368.42661197 2993.45349434
-136.952305267 1455.34230604 2992.25659104
1154.39542096 2190.89604204 2975.49987325
-111.046320704 1148.20939695 2986.27271897
-191.356781743 956.753715126 2364.25377443
-196.082796968 1436.09876761 3000.34306614
-89.7273025955 1584.04159516 2411.83266298
-252.644778575 1058.70463063 2371.27810022
-199.528150218 1392.90986223 3000.63216225
-249.116919245 737.678909544 2997.18441644
-143.169476119 1451.53953957 3021.51990617
-101.701843644 1200.73327848 2940.94384816
-124.542934647 1281.53932008 2383.54290952
-284.668536421 673.394136186 2390.56419673
-189.196987894 1396.29346503 2385.36734449
-72.7872140508 1161.47496949 3000.76198629
-207.568888105 1257.4702979 3003.56074858
508.602098079 1472.60976814 2422.68910985
-116.469367974 967.238416458 2376.51657542
-121.943903367 1273.97912181 2427.11299846
454.669965407 1771.11241552 2987.73136639
-197.344900875 881.240782199 1815.68458945
-120.39211585 1280.37837207 2404.79728815
508.272875789 1402.83534395 2414.35387027
-160.560164748 893.250204315 1789.13198287
-98.0628690741 1524.50711688 3007.60028241
-77.6530175623 1468.8004933 3024.81184781
-118.8407502 1225.4958901 2407.32851094
-167.792559318 820.605546397 2382.04076244
416.553230381 1709.60457246 3011.28675153
-117.955277643 1480.63917891 2421.94392015
-98.072977174 1284.51135765 2408.56621244
555.974494562 1479.34065531 2421.66980398
-69.5603730427 1728.99283504 3019.15347918
-306.201436296 711.230100054 2443.92483919
502.739948992 1661.92785493 3035.02008557
-106.549738829 1225.44365721 2993.64700493
-146.839110827 1333.6887689 3023.24083344
-160.461728598 1209.54077524 3021.99428678
-203.325697281 1442.02654586 3017.162407
538.819172207 1341.9678634 2418.42929407
456.530142499 1339.87195601 1800.19137737
533.829275534 1292.38037447 2387.95994075
1123.89902274 2013.69668162 3015.78812315
-254.822597915 1128.02436325 2406.07980395
394.410534798 1747.64060929 3050.25948133
-73.9978432521 1408.42764166 3011.0993001
476.786936134 1274.87738433 2405.72619735
-268.387361866 943.196529307 2391.95118603
546.661803358 1536.33597349 3024.26631649
-242.306500137 1056.62027804 2996.23405138
-102.96658248 1169.59057889 2394.42058508
-259.351318249 1559.27459331 3027.12026299
-168.088185034 1561.30962193 3024.15573428
566.281269869 1842.6745563 3005.90683919
-189.376690874 889.21427861 2998.31945623
1160.58886654 1838.33514863 2995.53024433
-58.5338927586 1538.14684166 3006.39214811
-176.300723672 1830.60230904 3021.30745785
-105.892521459 1574.51324992 3023.95667921
-246.046914779 1127.74167754 3003.15915589
-113.148748256 1602.69667246 3037.9570206
-250.141241244 1154.37649046 2408.78398394
-161.093605948 1814.88241752 3025.23396893
-55.1210409613 1603.14613228 3032.17341643
-91.4176999958 1344.8059669 3007.01635113
-61.6963989188 1348.90366567 2416.76129381
-83.9127372651 1571.12484986 3028.10834664
459.281499132 1653.33217028 2399.49099444
-47.7951012122 1654.38536035 3045.32023144
503.682796925 1539.13996253 3029.71796578
-114.808602059 1645.63838072 2994.95190742
-190.492839206 1209.2347668 2409.6884709
-108.906559618 1519.70826971 3022.62473081
-288.758346539 1137.67787712 1790.48143441
-74.0068742153 1340.49848756 2410.50068409
-153.242471433 1211.00958953 2365.45692186
-189.306871857 1070.64146981 2393.22555544
-223.844290137 1077.79860826 2409.52473915
-120.647426466 1515.97415123 3007.5118731
-105.661457824 1328.79811777 2397.6778821
502.718677559 1514.01236532 2420.97664572
-202.017234699 996.135344451 2413.93816001
-117.925929691 1464.90853642 2396.19056139
-190.357224635 1019.50864432 2384.61932254
-134.884877568 1459.73708679 3009.67445514
466.56220782 1507.71759202 2406.66923174
515.431982601 1965.7308811 3044.24325816
-197.311381424 1444.70294179 3002.87153075
545.604226091 1972.80709945 3043.95423355
527.221072383 1654.07020252 3013.63583412
556.467648387 1963.63470205 3019.37523823
-202.337195901 1833.54386034 3021.9801668
509.596696889 1658.65116853 3004.31911069
-114.677936908 1273.03266945 2407.70583413
-49.7011064351 1780.18106114 2960.84736751
-105.060792706 1159.10362354 2397.93633074
1162.7281273 1839.278642 2418.90680996
-51.5952366578 1832.80254112 3026.12258789
-51.434069537 1599.51398576 3007.25264551
-183.066212745 1829.64698958 2410.72027421
547.541801703 1886.00744645 3015.39065275
-228.27367905 1205.62229687 2379.32250445
571.805621678 2134.22683486 3000.04381808
-290.772260541 1183.79011823 1815.22992639
-114.9558064 1394.87950716 3017.79569335
547.307542989 1714.71696831 3037.44262412
-64.8849704455 1534.13830208 2421.48595393
-155.277016196 1267.02620165 2381.34360308
441.024352513 1704.26415968 2990.2411229
501.191717771 1765.89720344 3008.38153569
-199.055234701 1065.10503352 2984.68038716
-135.170562543 1589.91086714 3014.74206195
-132.229013699 1706.59066851 2997.98758851
1160.45731061 1964.62025524 3016.6574625
-235.870636884 1190.43443722 3010.39745255
-48.9482329177 1533.34650835 2424.12228439
514.605519765 1714.65360514 3028.84475853
-220.97632727 1452.3694845 2413.73849813
-193.536515827 1279.26021524 3040.02318009
-88.0030414012 1464.17568949 3018.28572507
-73.0347826561 1101.68396747 1788.70061122
-73.2747796936 1723.18861973 3046.53533628
-169.268154403 1643.76371278 3029.36223342
422.751931063 1463.73389155 2413.63607787
-117.071762457 1720.09065288 3015.64038344
553.863503665 1294.73255538 2388.66963567
467.930385614 1270.29254788 2368.21145205
-128.268873531 1206.67679935 2409.94740468
-93.6409571491 1411.35004156 3052.96987741
559.697202221 1168.18211558 1794.30835166
-178.652977322 1837.26901709 3017.92531546
-180.038927472 1011.42209321 2377.42413454
-78.4484711544 1660.79764637 2991.64063371
1168.63772026 1859.82385999 3019.97023666
-88.1229126272 1707.03052707 2422.34299923
510.57855305 1781.89748777 2420.30614621
549.167390136 1350.46860464 2410.57172246
-392.803152671 987.468232813 2385.77982595
1141.74866838 1662.03701938 2999.83630238
-123.821292924 1564.43614775 3000.36755733
-320.675843901 1003.71627145 3039.21548278
519.477657843 1400.07074108 2979.76460027
-101.545058771 1534.21678949 3038.2936203
-265.475312227 823.918324144 1816.06537477
-126.790611828 1454.10538186 2988.42595501
420.026757933 1270.19516992 2423.13006718
-127.522647101 782.747081926 3025.03011988
-118.132513552 1474.68606683 3022.43007519
-201.434337532 1007.68504633 2408.77646634
-67.5890009074 1091.15714848 2417.595989
-130.277033334 1279.66157181 2428.74346446
-226.362000802 1132.35627248 3025.64590326
-193.555252546 1137.77072121 2421.33969812
486.985910167 1235.34230361 3053.32344026
-134.786889816 1160.24207242 2412.71510911
-60.6855051271 1604.59335977 3015.17408299
545.897617272 1728.26521185 2419.11489206
551.464437803 1357.12950852 2427.22359312
-115.17499393 1589.3283011 2436.02121262
494.240328494 1220.81385164 1816.32386111
-189.546021057 1214.8045325 2427.78162564
-217.908133524 1078.0358981 2404.99271273
-342.514080693 1072.97710609 2401.30950774
-355.244894298 1500.57221438 3036.50886859
-541.592435958 987.228091376 1792.42429869
484.108556617 1470.23948694 2406.49021198
449.411756206 1406.86752864 2393.01639488
-419.837641898 1238.92704048 3016.46480105
-274.723534439 1463.72179189 3037.01936563
-83.0286676956 1281.55646615 3026.15885793
-130.374299897 1710.76722863 2986.54493359
-188.615850365 763.86457395 1800.59575004
-104.872140792 1330.48117031 3015.13379485
-401.236963858 1565.41583631 3006.03194192
525.568595451 1956.87271759 3017.08965071
-155.986981312 1265.47446841 3055.54074687
-197.789969894 1514.51894973 3022.87082322
-89.8381337255 1273.15059145 2401.52326309
1115.11206782 1963.45285634 3039.09003668
-166.701325731 1211.27662136 2397.48806389
517.309006792 1604.2653234 2426.28085851
-88.8109923728 1402.63198148 3043.42808533
-241.326650458 1200.31428594 3057.41289218
-149.996361999 1102.0143482 3029.26909218
-148.95328044 1106.27901338 3005.63897994
-207.290651535 1086.75855766 2423.69237708
1159.66183558 2038.38001445 3038.1042327
-125.99922237 1831.1422189 3039.59993698
-84.5854489643 1336.08482758 3039.90332099
493.096012224 1643.94632862 2439.55156514
402.376145518 1596.49348904 2418.52645626
485.275486606 1608.57809776 3036.43187399
480.637151229 1713.2447355 3054.0046608
564.076436616 2151.85511349 3039.34565678
-106.396016634 1346.16627287 2418.49269342
-51.6900510364 1601.81006261 2388.05951911
-119.552660631 1274.93842033 3030.74339825
-137.198114106 1340.43525855 2435.93040109
-195.886784833 1390.42026521 3032.90706692
-122.083489022 1341.60699977 3020.35974549
-134.749896964 1221.15466422 2415.08754891
1159.39412543 1728.64902578 3021.13536816
-117.639038364 1526.90415715 3033.63146186
-202.593748423 1081.25206698 2405.67155144
-115.567463139 1530.20119768 3005.79541781
-91.8069906406 1223.95948799 2407.44879202
-66.9816163585 1660.80957717 2997.40783088
-57.6513906636 1412.56388437 2429.66168562
-96.4454735076 1596.65547488 3050.37199798
-83.3569261931 1777.06838727 3020.4942614
-98.4289619861 1531.62920264 3030.75443032
524.438907477 1544.8703317 2428.85445062
522.438959424 1660.24066398 3016.44112819
-87.2035110227 1223.85660999 2407.04115431
-320.217824102 1017.2889225 1811.8594769
531.852973313 2043.25337833 3020.79766371
-115.238737145 1289.88042469 3031.37304748
523.329782541 1790.32548374 3036.2692662
-127.765234931 1472.77666531 2409.85111537
-107.161034371 1473.79797892 3024.95478703
532.795749549 1478.70904062 2416.46746985
-183.338701864 1211.12346522 3010.28954709
-94.5960301757 1536.10130666 3038.81563376
-170.344208342 1455.70381382 2415.17666895
456.754002612 1521.08826229 3033.19357463
1175.8054438 1796.7088615 3038.17069919
-105.322381583 1591.10473741 3015.77065316
494.537449768 1901.46584315 3019.6334024
-175.456648565 1171.08556266 2441.97898105
-221.49479158 1212.98299579 2424.98891948
506.833949194 1534.24793765 2413.94677492
567.250625275 2155.57867377 3047.04856413
-51.8804538258 1482.07013355 3046.4422902
510.459823109 1788.12781888 3016.23234623
-146.56346085 1714.78629353 3039.73833871
508.380413621 1236.94029601 2441.77809437
-76.7744440836 1590.77226005 2421.44273607
550.645704221 1963.89446367 3056.14117141
-190.674614898 1285.11174903 2425.91262378
-68.7207207329 1359.25979096 3002.87278649
484.035593564 1285.96868825 1819.28175426
-222.062228973 1022.04311055 2422.1547001
-301.585484098 1261.09082403 2408.11789544
-173.730431204 1096.91475455 3034.0476543
543.465301574 1486.56468131 2445.76499369
-99.7119786683 1408.75010445 3016.18482564
515.237307972 1603.06053789 3065.34713152
481.996357552 1480.9231396 2397.12793264
469.322215508 1165.23107183 1811.4760313
-135.72246472 1162.36140856 2415.88417152
-169.027810727 1409.2105774 2427.1205737
485.937596146 1527.77780546 3030.17085261
425.451662892 1531.85750089 3060.7536146
-123.606378752 1356.87903183 2440.20924388
-194.33110222 980.319973943 1805.8452516
503.593477723 1664.12114931 3041.89326105
503.47669571 1671.89623764 2411.12442498
-111.656879383 1348.44294151 2441.07508313
-162.375975377 1208.75074239 2390.85266048
456.563121862 1539.79896415 3060.47862606
503.907195486 1359.8778979 3070.3725
565.32930494 1549.65355289 2441.20825911
-118.689099489 1595.19293595 3076.5658029
445.357733605 1900.3681607 3062.22457429
-246.121908214 1153.72041722 1825.61654248
464.13352547 1910.89652807 3044.65453563
-190.060640145 1645.98295249 3037.32431136
528.081847906 1678.54386389 2456.93467413
498.923730418 1541.09277742 3055.75755333
-71.9701282374 1095.63384317 2422.97715689
536.752108436 1732.80479014 2422.59593095
502.31386464 1545.50166881 2999.06557459
546.297563998 1850.56406133 3059.87465629
-112.17904831 1661.3104766 3052.14543764
518.072505387 1607.07988264 2446.48642999
521.791095957 1487.68148493 3063.56549249
559.264320931 1746.38851807 2437.10644322
1151.94974673 1743.46070536 2455.92496589
530.100406783 1363.64486931 3038.20479178
1127.05114325 1603.09811113 2447.57937533
507.513083816 1987.76541557 3056.43016295
-66.5249972368 1474.42603735 2439.86399911
-125.557909296 1101.50058199 2385.21407763
-143.560419864 1423.64584206 3051.74625055
502.588145086 1788.09192936 2430.1300305
502.486618607 1725.90599163 3055.73871178
1176.45221145 1922.7506542 2433.93271456
568.570042321 1367.34615426 2452.81163247
-199.953276887 2343.53417916 3077.23500091
1144.651001 1672.91226899 2438.46335253
-341.8630875 1502.21670813 2416.5904729
554.197421264 1676.14614591 2436.23735652
558.085556267 1678.82954511 3076.26651359
477.137445901 1719.98868668 3025.29690826
-175.494189934 1215.16990066 3067.34165759
-61.7226254163 1481.38833591 2429.83850348
-302.351613779 1206.64488406 2445.18702484
496.947630559 1475.59178663 2432.90276494
536.609926562 1853.83217574 3085.48300883
1124.65898395 1682.44420311 2446.79852266
-138.278389971 1095.00866674 3028.52012863
-115.056039748 1796.23227399 2450.77181541
523.275077341 1794.95725649 3052.92516251
537.116057948 1860.90699823 3070.02430731
557.535799455 1607.66206924 2447.37234211
555.705696367 1853.166573 2422.07952727
-66.1496391646 1849.97855677 2448.48522306
-106.311916535 1170.37811091 1834.19468768
-59.6195637296 1561.10436918 2464.39092174
435.886511054 1792.96149565 3053.64732207
434.388982598 1276.27767495 2437.45499539
-110.553659386 982.695518935 3044.75377388
565.294876162 1432.46279107 2450.13814578
547.871535643 1555.71405838 3040.9501232
1179.62397678 1754.32758767 3064.31258907
551.926900708 1365.61775039 1832.46144685
555.722663879 1750.95259668 3102.76284565
496.313857008 1613.29059017 3084.31984119
-64.642393406 1224.01786044 2446.53546391
-112.177710909 1108.93109236 2464.61246
-53.6053695307 1302.60016378 2465.21583639
551.809483132 1494.54611328 2446.78771584
539.339341177 1564.49217632 3038.87037366
556.276813275 1627.88647341 2468.42050016
426.542944965 1360.56069818 2446.31749663
-72.3690297299 1124.72410424 3070.31268183
506.007336002 1245.96310446 3073.84436017
523.343871779 1880.05755211 3096.99781639
524.605745098 1561.07390251 2453.09449694
1170.12329927 1819.11604047 3103.29441972
506.077377158 1496.24757083 2418.77377501
-285.123665928 1106.18430726 2448.0633871
530.630833815 1370.43078215 3096.02007918
-66.4066221642 1239.50359207 2449.69403324
-87.9997880655 1496.43637597 3081.14671411
-159.195425585 1745.08701585 3080.5066557
548.87555587 1379.48990281 2445.47996112
-65.4557376789 1379.49095281 2450.92050189
-72.4768627035 1445.5133949 2446.53166135
-68.1809305975 1186.89005364 3072.29623814
553.350310967 1870.44151621 3058.98549435
527.645226293 1749.65409309 2455.34590191
-147.207960987 1364.18498539 2447.80174308
561.528151401 1683.98176233 3080.35705613
1161.62379308 1678.23802466 3069.55725505
523.796746758 927.254956301 2420.80277555
-51.7628701338 1375.7541708 2437.41296337
-122.543290202 1372.94510162 2465.96290999
-75.7254669208 1687.64198387 2465.13923225
545.885479974 1752.84182889 2455.23059592
556.008416865 1747.39753605 3057.97088702
543.783834915 1558.99826338 2454.44454972
523.533154511 1497.48514951 2454.361136
-79.1507785421 1813.51441126 3081.60573618
-48.623563507 1256.32219712 2438.76339079
555.917744656 1753.35202615 3059.47619807
-65.9829540644 1435.69311162 2427.82138387
-89.3814253128 1241.40585982 2458.46231021
-156.841799352 1371.41257158 2457.71830159
495.304906084 1478.35873885 2464.6907967
569.454524932 1814.45530415 3097.97864243
474.262426568 1620.01511538 2451.91654909
-47.1558093712 1556.7626643 2425.40657369
563.480237779 1631.78686793 2452.50024189
-165.032882645 1229.24759404 2464.18036683
-77.5347338933 1361.62032328 2432.73339133
-195.478615846 1106.16792672 2426.30167844
-120.204873839 970.20584335 2411.81135391
-225.30955834 1091.04096905 1817.74850411
567.885159416 2052.18427072 3076.68858595
-102.587787227 1373.21498049 2440.08852208
478.180550898 1658.73058579 3076.06452413
520.64262497 1481.67392455 3049.93712914
525.856981464 1674.06565333 3066.59195606
549.51711814 1925.67620574 3031.59027049
-75.7221154677 987.123574373 2437.75963098
543.384856526 1614.31030887 2390.69741643
520.482790918 1747.60617599 3028.39418892
558.650129904 1608.58291299 2430.88059691
568.516571568 1373.77675769 3049.97153942
-140.588264413 1270.17503797 2433.70300366
-37.9498113074 1303.06363051 2428.6774512
-63.2378611631 1542.98149021 3064.5535889
535.42992851 1486.64747381 3080.12237551
497.151238991 1471.52836988 2416.06622695
1159.45457748 1753.16500588 3062.65417369
501.122182283 1612.68205368 2455.62865968
547.054643761 1494.13041376 2453.76611512
546.554947056 1317.7519686 1822.3578803
-67.8438352929 1300.88540957 2433.15137728
-82.1069879074 1310.89700863 2442.87253697
-213.387666781 1103.35564247 1822.8436283
-103.439639937 1680.77099974 3074.71631363
565.539905942 1565.88035442 2455.82152546
485.456447784 1553.28378229 2451.28877721
1172.2083763 2069.95562699 3101.25794065
1180.9414993 1996.17061005 3078.81645086
-146.891455961 1556.77737015 2462.78061076
-229.02993781 1225.86003039 2440.20717505
-57.6615941789 1568.83440676 2488.7098961
-150.096385121 1174.20545384 3022.51995481
1175.63856545 1821.499153 2466.0252039
1170.12800294 1936.85723397 3091.11297865
490.082514264 1432.27287767 2452.41538289
529.774423384 1492.53171348 3071.24092348
-165.539399696 1683.23901206 3063.47983126
-92.6313357765 1361.62911 3099.22515724
-111.969757829 1438.23204893 2453.55194818
556.344061637 1630.04939933 2430.57686593
583.751672486 1934.94824965 3061.48862824
-66.5627543049 1561.18339179 3073.73111253
-156.17772791 1488.10701253 3099.53544789
570.03155643 1629.59295605 2466.556501
-51.1816209188 1944.6964224 3093.58962953
492.16621641 1739.30015225 3083.05010517
-108.79366088 1244.33442276 2456.58891677
-196.821908546 1310.97406072 3097.98790777
1110.1318145 1755.86651159 3107.09216935
-117.725035956 1318.27380074 2467.39527144
394.978662571 1739.66324792 2471.96469611
561.78152199 1500.53385679 3070.01081833
-80.516332009 1692.17146459 2472.55777237
561.910459567 1451.5448064 2461.95746872
522.660992494 1247.82561358 3078.87674529
532.351866638 1759.4982912 3087.12889126
1153.07132471 1566.96685208 3066.28709779
-69.6870538852 1503.75522855 3080.97204883
-108.093012871 1186.09331159 3085.0224605
-48.6149641253 1946.96252259 3074.93135811
523.169451009 1319.97432998 2465.58854496
-98.867982987 1116.17740414 2472.09532309
-103.380138597 1697.55417735 2466.576881
507.01102153 1498.09471535 2447.07746991
1188.90983075 1824.41382087 2472.19895349
492.731256207 1938.36651722 3106.78894209
520.050284775 1503.15711945 2467.31222492
-148.795028825 1375.27447464 1846.02320527
537.778643047 1765.24572698 3083.95995129
-131.739168445 1055.74284916 3086.14019981
574.379859009 1696.20978728 2467.30975944
-60.7905058548 1635.73435378 3101.93947258
546.72168068 1445.59744275 2439.48762881
575.492343905 1637.01802149 3079.59757095
-103.103235785 1752.61906376 3075.32806644
1154.04762485 1819.17166304 2471.37317641
1196.90330418 2079.73960635 3098.55015849
-57.171899433 1058.2578545 1843.39814384
-89.7726160247 1128.04139267 1835.28905544
556.405827448 1578.06996516 3100.58655676
1205.88506247 1889.10407214 2468.07217098
529.905740309 1250.3050029 2458.20487911
-89.8679653923 1625.84928776 3072.19013932
-62.2043480179 1065.72238284 1823.59462518
-137.455125424 1494.56472041 3082.99290905
-107.956933182 1248.43171037 2475.43601264
580.966737502 1883.75296132 3091.14050998
1191.65618218 1952.37120431 3086.84219842
515.287424606 1437.19729935 2444.79787877
560.742490106 1754.56054154 3063.00191624
560.736832493 1251.92782629 1845.89967248
1160.63479021 1567.45573735 2449.92900564
-65.9954932823 1692.00863526 3039.0665424
-71.2241955989 1629.15682125 3074.53515682
1108.55373034 1687.01518829 2472.98600276
1174.27775598 1687.29280168 2453.34376844
-59.4007522895 1627.71948349 3076.08769227
543.07605037 1438.18422887 3077.78161872
1173.34941534 1694.94347971 2456.60193258
-64.6707147195 1635.95273541 3086.07054904
-53.2876807802 1502.7827062 2455.19883964
-45.6151757624 1322.29674252 2477.03870402
-67.4116051441 1377.54965641 2470.43850696
548.438807175 1252.7301963 2471.30683179
552.086755727 1641.09178902 2468.08094865
-119.710716141 1759.4652445 3101.93845332
1140.15625715 1627.84765182 1844.53052628
-154.32866768 1377.24017828 2465.92768631
-67.0276733853 1751.58072848 3085.42972992
555.995943217 1565.52323961 2439.29023135
567.129754468 1636.61064169 3111.43945366
574.863059015 1640.73810995 2455.63511972
-96.1769516794 1451.40614662 3100.12131083
567.155297031 1693.18963411 2463.87714323
-105.249944614 1746.00296152 2429.51672779
556.668512908 1879.64464872 3080.53318844
559.773862053 1748.63669573 3072.8517501
566.181613737 1505.85935006 2462.05240864
564.554451803 1694.99263956 3071.50522737
-56.2873364206 1508.11748122 2457.6734636
534.046560818 1627.75303551 2451.46210798
1164.99776295 1624.93793981 2463.75047895
-114.377214725 1050.84981642 2399.07364973
516.303858725 1881.40059079 2467.48602139
584.338471644 1648.39381813 3094.44582231
572.317428151 1575.96148934 3095.96402494
572.567425376 1383.28850801 2447.16415587
-104.202124058 1502.81526854 2458.38821755
568.145792834 1634.09691287 2460.5152655
-95.9841287864 1624.63776254 3075.69712081
562.139705306 1575.65289184 2450.25842937
508.746181366 1377.70423496 2463.43624501
469.691988811 1747.14388428 3063.26671969
1165.27065954 1943.10256975 2458.54866562
560.080972661 1699.24869941 2459.72215233
562.286507866 1753.68423802 2455.93179825
545.901412072 1883.27504891 3077.25396741
563.816522691 1825.12346638 3065.53570382
-178.814282004 1358.89014723 2473.48142396
548.565098537 1506.22362634 2461.71664215
1172.22702545 1567.55260206 2446.51663235
-130.525742657 1181.74469381 3098.05253201
1197.83318476 2079.63336091 3081.33222905
-124.75462496 1494.68751483 3093.97277992
565.576685603 2138.30521557 3092.04575505
-45.1421165511 1502.69163436 2463.29602015
1169.94771493 1819.75416455 3083.68967777
1200.97490637 1953.9856233 3089.6595571
1214.92991177 2080.16892907 3074.53785259
-83.7585876973 1247.70944568 2467.5840037
1169.24521469 2126.43358344 3071.12121961
-99.2416480325 1368.71724526 2447.1098505
547.225215683 2006.45413187 3094.78236794
561.584144794 1698.16498531 2440.50938919
540.073721851 1879.89252122 3085.19257015
529.021819708 1693.26409626 2461.0492589
-80.3817235649 1809.52023217 3089.88759297
568.70151298 1881.34644114 3050.41569017
569.061662118 1823.15412831 3097.77883675
557.659658548 1633.93422085 2457.14936232
534.44948315 2193.05649669 3072.83714394
544.826565031 1637.73778025 3056.35050427
-69.1076336539 1637.80414058 3083.87763825
1179.34890338 2133.85642999 3094.54081739
-91.3450006621 1699.37658642 3066.7490907
560.498901643 1770.7264586 3093.10633667
524.846383284 1946.5752701 3087.02538281
1184.76133368 1630.27825343 2442.66951304
1137.0870133 1686.87852402 3082.06031172
495.802532791 1872.7808376 3101.39265772
537.399467193 1943.82040703 3087.78009943
1177.86982977 1755.2053873 2465.90940579
507.617632579 1499.92508272 2461.29629434
-45.6666890591 1445.12900086 2456.49487507
-102.138190771 1757.42159775 3094.97928106
1156.70343911 1816.67251157 2455.25493819
-73.7012653173 1565.20126244 3071.7626696
555.102944848 1574.52085639 3112.25787433
546.726345601 1390.48580743 2459.1402478
562.015126765 1948.09746507 3096.18629532
580.60048458 1831.6941539 3080.62313909
-51.4037755295 1578.33110356 2454.7942359
544.490121297 1760.90913349 3089.86885948
-120.780482935 1630.41978709 2465.5521873
551.008528939 1385.81962042 3063.904237
-134.831957363 1497.45533771 3079.32211731
567.750228861 1762.68027098 3090.16973232
566.398459195 1700.33830778 3104.66643671
-82.9823959123 1250.44507234 2450.50360628
-73.8244197632 1636.60195164 2460.65129031
-81.5193870552 1641.05597098 3089.66356447
1790.42456162 2320.41205024 3091.41977728
504.486165759 2064.41620743 3087.32713385
545.40528036 1253.53219039 1828.95543701
562.887027311 1766.82839805 3080.58192746
558.765394992 1825.33777421 2468.76289606
540.491632262 1762.11996924 3088.95361632
1181.20864824 1691.6315791 2442.11935076
573.314271013 1383.58367258 2474.85563133
557.563413239 2015.09152961 3088.51300833
555.005834852 1585.03014994 2456.46705655
549.397559488 1455.47097453 2468.35713906
543.289637643 1257.84351722 2465.11389223
535.81841176 1691.31832651 3075.76744454
551.66025465 1440.28117776 2451.70203978
1137.71240852 1563.05379673 2454.40606571
555.886209567 1513.40123589 2476.20077195
1211.52869008 1889.7014045 2458.20929698
1199.64350207 2078.47930427 2461.60056622
539.37460084 1632.97322388 3102.39114876
582.394334356 1570.47492289 3072.27554586
569.266032459 1635.61525924 2457.65143013
520.732306949 1753.26067445 3098.86027024
-109.922801407 1752.70597548 3067.948209
1193.02461971 1893.44965217 3101.21166031
-150.674997791 1374.07779506 2455.74497223
537.856468222 2062.12174434 2465.37128678
1177.36342361 1882.93065996 3100.44624862
1161.44627108 1886.94753947 3101.54526288
538.580146093 1689.9060967 3087.97447195
549.311828198 1812.48052079 3073.67376586
-81.5678857471 1557.56714476 2456.92606316
1152.53383101 1632.40991673 2483.66438445
-54.6269500544 1575.14572176 2446.96497236
528.168243812 1638.37139349 2460.14562344
-75.3482014514 1635.3271096 3086.60595894
1154.96816272 1943.05890106 3103.99499201
557.602161578 1633.01454402 2441.63396865
559.391159344 1634.97192086 2461.47344623
1195.17001097 2138.51054792 3078.80277921
516.396401886 1889.59521476 3096.18844339
552.13510404 1258.16692126 2458.05317844
488.099121884 1806.60049042 2478.23980416
1165.16635133 1577.51398855 2475.082222
589.328770176 1821.46829862 2472.4899506
544.076630803 1760.81787754 3091.5516184
-104.382856713 1697.63288351 3105.47361579
572.803925822 2016.30257926 3091.59582735
1186.78812163 2140.87612452 3091.68739702
-43.3016109976 1262.01993265 2457.12225674
1193.91343727 2077.37897119 2465.90141757
569.419127932 1642.91443656 2468.76739338
-64.0591540432 1257.48816375 3086.98463988
-65.4084427944 1316.50614883 2444.70206886
524.159257505 1938.43027856 3107.88854142
557.567422947 1694.86385442 2452.59480019
554.678240773 1389.41210337 2470.10808613
561.078081635 1135.37306813 2465.44181952
568.098013273 1690.09355994 2467.16244873
583.447377215 1638.197681 3088.05325774
1160.98012639 1627.37362198 2463.17109084
1161.60434609 1826.29662012 2473.70588662
551.936252134 1567.2337723 3075.09890438
559.849121547 1631.67978827 2466.03057118
1156.81670828 1501.69463103 2433.89903109
581.094730886 1702.59934085 2476.62861505
1192.32299524 1952.69996642 3055.12429643
573.232695279 1521.79043213 2478.70438271
-62.7130350364 1312.41280835 2475.62642317
566.153304399 1511.9633304 2468.48745389
532.967904016 1754.62075175 2467.47006465
528.036739819 1692.76759603 2465.15520378
558.784558601 2083.77528419 3098.17061005
534.226745157 1766.95821399 3092.79505681
565.844044886 1450.63986602 2467.22288639
546.076775026 1453.95091557 3108.16728496
570.225815563 1642.8054825 3100.4955937
1191.52522335 1830.19078348 2472.63171274
1200.43746066 2021.62725937 3067.56088225
1199.13185245 1772.48345528 3106.61094627
575.184818755 1768.88987417 3095.08326294
546.3545294 1520.61322739 3109.68208673
546.809353059 1638.2665924 2468.26341702
557.783609862 1383.68426633 2484.14459038
1205.948532 1838.10160736 3108.59527387
1198.32039502 1958.2377575 3095.31244167
-52.4744449167 2022.58249898 3098.59893259
549.754569506 1825.15267436 3089.51836332
559.501999138 1889.62628186 2476.12299062
-77.7930283181 1324.36669154 2459.47493285
557.787121804 1765.94045155 3113.10701968
1168.01929006 1952.60015353 3101.473913
564.374007422 1768.03204456 2464.73554331
-60.2697060755 1639.15924673 3114.69834816
514.652541662 1384.35860166 2462.28146978
585.879826787 2027.04442507 3113.17836537
-63.6864937383 1639.70256479 3110.25065902
-49.4896415968 1642.34565518 2485.18831547
