-562.60954652 -356.124191686 -135.104998441
-666.562219655 -361.96031292 -198.987373215
-466.443746725 -290.196493368 -160.143734169
-334.740692485 -261.458329147 -29.3558058027
-271.029502231 -152.447915527 14.9084291119
-312.435140172 -195.321624978 -132.779995057
-133.983846572 -41.6616973648 25.9235537327
-271.871393677 -116.463109746 -26.366394633
-293.096331951 -129.158470486 46.7909962308
-187.393788687 -31.3851894846 82.2152062729
-67.696708759 -5.84855932858 70.8380591823
-115.894500482 -7.15234228397 70.3536808205
2.77125493779 38.7295506916 104.384528951
-29.7714968719 39.7464940448 114.183027009
8.13831314654 69.3440318039 128.645980626
-0.470956275576 90.7597222275 146.792127476
50.7177061903 138.962452305 202.516708769
-29.7485811375 85.4135968977 131.692387407
113.481988934 178.033509405 231.788669123
134.803914237 176.842188538 245.351015796
110.17604171 162.81717381 205.748608928
135.136738287 199.016903072 265.369569694
173.842011423 239.652390573 283.558797814
174.965303352 211.62704051 262.613918357
214.339495432 249.590982104 287.196730996
202.095397319 255.635034859 307.855297751
198.130354866 261.881275106 327.933960893
188.779289899 290.957356663 350.249369345
267.228764442 301.555327383 329.340932656
224.515273138 303.451674244 356.364369263
274.110618367 322.917670669 354.018485584
256.156813776 314.746551907 362.43177803
292.278208405 327.549350582 361.361171277
306.600399206 359.94515224 395.907261637
252.59996128 332.094253978 371.35377912
297.362485521 329.461902631 378.429661551
321.885882666 375.077798021 410.322184212
326.591686428 375.57575544 398.501245149
342.242546056 382.267692286 442.134770241
374.745711336 438.642004929 538.040242785
379.576966688 414.717595411 460.467307344
376.471304642 416.728330527 534.506881835
401.211656361 487.494561513 642.159286744
376.316251286 515.425169175 813.539817824
394.701941971 462.992709083 590.366095009
403.132170308 559.947318055 1124.03080728
395.417448866 625.079558217 1400.36901369
400.089036154 564.933934474 824.159162865
452.00422922 766.100611194 1409.77889293
410.893798033 910.389285593 1446.35062868
595.977625787 1132.68073995 1710.24992153
1052.27723153 1655.64603971 2417.16165464
651.767606164 1623.02590351 2227.28407888
893.739411 1466.8350338 2051.66514603
1343.16738211 1998.77215146 2425.67777569
1602.24469497 2167.03153894 2646.74272516
1677.40772063 2057.23830446 2384.18240502
1969.17397153 2354.6472354 2546.84442019
1580.26654569 2270.73749673 2613.96967382
1677.49710251 2236.40693097 2516.93216106
2060.04046087 2414.33325521 2623.6170374
1542.33799229 2325.71344352 2534.53003489
1824.95463731 2349.39744708 2584.15658594
2404.14967311 2487.90546366 2595.61412687
2339.07727908 2496.25692558 2611.62676407
2174.21055131 2452.483132 2596.87242824
2277.88743262 2486.80591619 2585.02017286
2381.26968217 2502.04806046 2597.7131897
2387.69461926 2464.41311524 2554.0438448
1945.00345709 2452.61358645 2586.36424308
2434.24800642 2548.936587 2608.17962615
2255.68558698 2526.79592255 2620.91052668
1969.74589036 2440.77171469 2609.62602299
2294.96001406 2511.26452104 2641.63340856
2245.06364146 2494.3869739 2615.68675611
2302.79501129 2495.25751295 2601.60031203
2428.62009886 2547.90018407 2659.85394145
2475.74538386 2547.20090212 2646.00060088
2253.02538951 2507.54761736 2639.74441128
2402.30533029 2524.92258082 2629.38933211
2264.96914354 2532.45314174 2643.53758158
2456.11207389 2575.92102835 2644.75486458
1937.29119689 2450.66287825 2653.02729713
2333.82708535 2566.63396871 2663.92896193
2236.03991062 2547.99603722 2644.40511067
2242.01406496 2533.20905792 2694.05057469
2004.60675969 2446.66443428 2641.53182962
2193.42935068 2526.14401806 2648.87193381
1981.65867157 2441.86773234 2654.29910402
2429.54388688 2572.18882865 2625.14815654
2217.19206826 2527.73563897 2665.63107569
2319.00076125 2570.5729762 2666.91229
2394.71145136 2573.50931126 2671.88408619
2439.16884989 2575.23525221 2640.85146871
2397.01488449 2566.22885246 2671.03704135
2060.35839232 2529.89414469 2651.79111291
2015.35034506 2507.84086019 2673.65545121
2385.10787952 2552.96597035 2672.70700362
2463.91437188 2576.37525316 2640.07541758
2105.68537097 2502.28694164 2656.45342907
2187.61900068 2545.41691519 2682.16507631
2455.38272603 2566.70566806 2663.49446428
2508.05440306 2607.14815495 2669.27319959
2448.97693798 2518.15629941 2594.85126836
2152.49651456 2577.95495245 2697.73482359
2461.94085139 2601.57170275 2680.22333941
2408.3255346 2585.20364408 2676.85219305
2225.30147507 2602.45928711 2692.21170028
2106.10072156 2436.72143843 2663.55140485
2063.32533699 2512.47045773 2683.37701765
2143.86331405 2477.36034455 2648.91696774
2240.5516013 2500.1663891 2681.75015901
2531.433955 2594.80920307 2641.40203962
2261.07856627 2548.41008617 2702.61903686
2291.32364424 2579.89298085 2660.16404318
1419.98054504 2478.43180999 2689.84019386
2239.11270441 2554.29580822 2686.30327196
2155.80081885 2608.16352388 2705.98367193
2438.97733121 2646.92338477 2706.15541081
2318.61513864 2602.8459271 2693.72015994
1273.96370387 2497.31550474 2723.61756891
1706.52841465 2489.01902754 2689.98678197
2352.98498957 2504.90484242 2682.96572623
2440.73378737 2594.62221942 2703.09004528
1712.82952262 2547.25912127 2724.99952417
2294.75526176 2595.60532496 2716.72492396
2302.50378703 2601.11207707 2721.34888675
2522.85153567 2626.69505548 2694.35852773
1291.65309258 2502.34663718 2702.37709177
2524.39361276 2650.07235502 2708.18800983
