2.028888888888889519e-01 4.201555555555557264e-01 6.000000000000000888e-01
1.690370370370370967e-01 3.595555555555557392e-01 6.000000000000000888e-01
1.922222222222223220e-01 3.518740740740742279e-01 6.000000000000000888e-01
1.113333333333333813e-01 2.880666666666668041e-01 4.976296296296298660e-01
1.380000000000000948e-01 3.840148148148149199e-01 6.000000000000000888e-01
1.404444444444445106e-01 4.354296296296297220e-01 6.000000000000000888e-01
1.978518518518520009e-01 4.692888888888890331e-01 6.000000000000000888e-01
2.071851851851853055e-01 4.755481481481482753e-01 6.000000000000000888e-01
1.431851851851852486e-01 4.143851851851853563e-01 6.000000000000000888e-01
1.369629629629630363e-01 3.582296296296297311e-01 6.000000000000000888e-01
1.580740740740741446e-01 4.840814814814815570e-01 6.000000000000000888e-01
1.440000000000000724e-01 4.215703703703704841e-01 6.000000000000000888e-01
3.182222222222223507e-01 5.030814814814816849e-01 6.000000000000000888e-01
1.480740740740741634e-01 4.912222222222223378e-01 6.000000000000000888e-01
1.549629629629629968e-01 4.665185185185185546e-01 6.000000000000000888e-01
1.562962962962963775e-01 4.661185185185185986e-01 6.000000000000000888e-01
1.221481481481482140e-01 3.658740740740741848e-01 6.000000000000000888e-01
1.711111111111111582e-01 4.709111111111113357e-01 6.000000000000000888e-01
1.143703703703704277e-01 3.928592592592594079e-01 6.000000000000000888e-01
1.925185185185185888e-01 4.558370370370371516e-01 6.000000000000000888e-01
1.490370370370371067e-01 4.138666666666668270e-01 6.000000000000000888e-01
2.135555555555557206e-01 3.921925925925927592e-01 6.000000000000000888e-01
2.088888888888890405e-01 4.163703703703705017e-01 6.000000000000000888e-01
1.580000000000001126e-01 4.372000000000001441e-01 6.000000000000000888e-01
1.711851851851852735e-01 4.126962962962965054e-01 6.000000000000000888e-01
1.656296296296297377e-01 4.283629629629631674e-01 6.000000000000000888e-01
1.841481481481482274e-01 4.787185185185187097e-01 6.000000000000000888e-01
1.929629629629630860e-01 4.455629629629631050e-01 6.000000000000000888e-01
2.893333333333335533e-01 4.765111111111112185e-01 6.000000000000000888e-01
1.753333333333333965e-01 4.613111111111112272e-01 6.000000000000000888e-01
1.422222222222223054e-01 4.489629629629631191e-01 6.000000000000000888e-01
3.530370370370372601e-01 5.092888888888890131e-01 5.925925925925925597e-01
1.811851851851853379e-01 4.466666666666668783e-01 6.000000000000000888e-01
1.676296296296297117e-01 4.320222222222224184e-01 6.000000000000000888e-01
4.265925925925927453e-01 5.435407407407408797e-01 6.000000000000000888e-01
1.597037037037037366e-01 4.257259259259260631e-01 6.000000000000000888e-01
1.790370370370371611e-01 4.665111111111112652e-01 6.000000000000000888e-01
1.411111111111111871e-01 4.275111111111112860e-01 5.976296296296297328e-01
2.061481481481482192e-01 4.331777777777778837e-01 6.000000000000000888e-01
2.120740740740741925e-01 4.819703703703705489e-01 6.000000000000000888e-01
1.948888888888890003e-01 4.631777777777779659e-01 5.976296296296297328e-01
2.828888888888890230e-01 4.137555555555557651e-01 5.705185185185187580e-01
1.862222222222223167e-01 4.195851851851853387e-01 6.000000000000000888e-01
2.092592592592593670e-01 4.214000000000001078e-01 5.874814814814816044e-01
1.791111111111112209e-01 3.881703703703704988e-01 6.000000000000000888e-01
2.402222222222223647e-01 3.956444444444445763e-01 5.342962962962963802e-01
1.406666666666667453e-01 4.104444444444446671e-01 5.835555555555556051e-01
1.834074074074074912e-01 4.679481481481483351e-01 6.000000000000000888e-01
2.744444444444445463e-01 4.183259259259261009e-01 6.000000000000000888e-01
1.597777777777778796e-01 4.634518518518520591e-01 5.920740740740740859e-01
1.731111111111111878e-01 5.295629629629630131e-01 6.000000000000000888e-01
2.032592592592593617e-01 3.762962962962964619e-01 5.397777777777780228e-01
2.254814814814815882e-01 4.525851851851852570e-01 6.000000000000000888e-01
2.245925925925927047e-01 4.901851851851852793e-01 6.000000000000000888e-01
1.303703703703704420e-01 3.846740740740742792e-01 5.443703703703706154e-01
1.720000000000000695e-01 3.732296296296297444e-01 5.758518518518519480e-01
2.962962962962964464e-01 4.892148148148149356e-01 6.000000000000000888e-01
2.635555555555557095e-01 4.402518518518520052e-01 5.999259259259260846e-01
2.740740740740742476e-01 4.729851851851853972e-01 6.000000000000000888e-01
2.522222222222223476e-01 4.736296296296297337e-01 6.000000000000000888e-01
2.522962962962964628e-01 4.033037037037039418e-01 6.000000000000000888e-01
1.443703703703704544e-01 3.959407407407408708e-01 6.000000000000000888e-01
1.984444444444445899e-01 3.601333333333335274e-01 5.276296296296298927e-01
2.760740740740741384e-01 4.258962962962964949e-01 5.928148148148149055e-01
1.922222222222222665e-01 4.270222222222223030e-01 5.958518518518518547e-01
2.015555555555556266e-01 4.274370370370371708e-01 6.000000000000000888e-01
2.982962962962964482e-01 4.677259259259260449e-01 6.000000000000000888e-01
2.156296296296298098e-01 3.785925925925927582e-01 5.466666666666669672e-01
1.302962962962963822e-01 4.608888888888890700e-01 6.000000000000000888e-01
2.836296296296297870e-01 4.310740740740741650e-01 5.814814814814814881e-01
1.268888888888889677e-01 4.372444444444446576e-01 6.000000000000000888e-01
1.961481481481482103e-01 4.065851851851853271e-01 5.786666666666668846e-01
2.668148148148149490e-01 3.817555555555557367e-01 6.000000000000000888e-01
3.020000000000001017e-01 4.623555555555557417e-01 5.991111111111111498e-01
3.346666666666668899e-01 4.325407407407408367e-01 5.266666666666667274e-01
2.089629629629630725e-01 4.155481481481483885e-01 5.811111111111112448e-01
2.157037037037038418e-01 3.907259259259260875e-01 5.571111111111112235e-01
2.631111111111112955e-01 4.033703703703706012e-01 5.737777777777778310e-01
1.394814814814815396e-01 3.533481481481483555e-01 5.252592592592594256e-01
2.131851851851853386e-01 4.319555555555557591e-01 6.000000000000000888e-01
2.252592592592593534e-01 3.793777777777779248e-01 5.715555555555555944e-01
1.744444444444445408e-01 3.772666666666668611e-01 5.485925925925929647e-01
2.924444444444446733e-01 3.596962962962965138e-01 4.888888888888892059e-01
2.688888888888890660e-01 3.588370370370372875e-01 5.028888888888890518e-01
2.180740740740741979e-01 4.288518518518519285e-01 5.997777777777778541e-01
2.970370370370372104e-01 4.085259259259261810e-01 5.802962962962963100e-01
1.566666666666667596e-01 3.472814814814816908e-01 4.819259259259260908e-01
2.292592592592593848e-01 3.850222222222223212e-01 4.852592592592593901e-01
2.122962962962964273e-01 4.310518518518520747e-01 5.495555555555556859e-01
2.911111111111112648e-01 4.239481481481483516e-01 5.565925925925927498e-01
2.454814814814816615e-01 4.481629629629632072e-01 5.949629629629631378e-01
3.605925925925928532e-01 4.354888888888891474e-01 5.670370370370371171e-01
3.261481481481482980e-01 4.297851851851853811e-01 5.613333333333334618e-01
2.517037037037038183e-01 3.778666666666668505e-01 5.865925925925926654e-01
2.931851851851853819e-01 3.926592592592593745e-01 5.650370370370370043e-01
2.780740740740742512e-01 4.546222222222223164e-01 6.000000000000000888e-01
2.840000000000000857e-01 3.970888888888891022e-01 5.063703703703704706e-01
2.449629629629631322e-01 4.105851851851854417e-01 5.517037037037038072e-01
2.603703703703705297e-01 3.712222222222224532e-01 4.642222222222224248e-01
3.329629629629631826e-01 4.754518518518519588e-01 5.799259259259259558e-01
2.190370370370371689e-01 4.056000000000001826e-01 5.665925925925926476e-01
2.131111111111112788e-01 4.189851851851854048e-01 5.914074074074074927e-01
2.973333333333333939e-01 4.374518518518520915e-01 5.453333333333334476e-01
3.213333333333335262e-01 4.523111111111113303e-01 5.964444444444445548e-01
1.817777777777778991e-01 4.523407407407408765e-01 6.000000000000000888e-01
3.007407407407409194e-01 4.047333333333336114e-01 5.780000000000001803e-01
3.187407407407409909e-01 4.141777777777780334e-01 4.863703703703706194e-01
2.740000000000001323e-01 4.468074074074075419e-01 5.733333333333333615e-01
3.434074074074076055e-01 4.162962962962965530e-01 5.024444444444445823e-01
2.895555555555557325e-01 4.332370370370372537e-01 5.865185185185185501e-01
2.016296296296296864e-01 3.447481481481483034e-01 4.869629629629631529e-01
2.936296296296297959e-01 4.460370370370372872e-01 5.821481481481481923e-01
2.043703703703705354e-01 3.847111111111112258e-01 5.700740740740741774e-01
2.202222222222223191e-01 4.495555555555556526e-01 5.733333333333333615e-01
3.099259259259262156e-01 4.229555555555558621e-01 5.557037037037038107e-01
2.937777777777779709e-01 4.268666666666668941e-01 5.625185185185186398e-01
2.557037037037038774e-01 3.789111111111113650e-01 4.707407407407411259e-01
2.992592592592594469e-01 4.088370370370372764e-01 5.739259259259260615e-01
3.676296296296299171e-01 4.474888888888891580e-01 5.491851851851853317e-01
2.354074074074075373e-01 3.188888888888891104e-01 4.023703703703707113e-01
2.093333333333334823e-01 3.800074074074075714e-01 5.194074074074075398e-01
2.803703703703704919e-01 3.852962962962964699e-01 5.111111111111114047e-01
2.940000000000002056e-01 4.100074074074075980e-01 5.221481481481483611e-01
2.483703703703705190e-01 3.496370370370372460e-01 4.865925925925929096e-01
2.717777777777778958e-01 4.042074074074076262e-01 5.900000000000000799e-01
2.088148148148148975e-01 4.017925925925928676e-01 5.157777777777778905e-01
2.801481481481483682e-01 3.867037037037038827e-01 5.014814814814815280e-01
2.154814814814816071e-01 4.173259259259262111e-01 5.625185185185186398e-01
1.837037037037038134e-01 3.363185185185186832e-01 4.885185185185186851e-01
3.294074074074076486e-01 4.048148148148150716e-01 5.102962962962963589e-01
3.198518518518521092e-01 4.024740740740743172e-01 5.079259259259262249e-01
3.105925925925928088e-01 4.219777777777780625e-01 5.584444444444446320e-01
2.889629629629630880e-01 4.114000000000002655e-01 5.693333333333333579e-01
1.502962962962964000e-01 4.110518518518520570e-01 5.957037037037038463e-01
2.153333333333334321e-01 3.521407407407409762e-01 5.800000000000000711e-01
2.662222222222223600e-01 3.563481481481483581e-01 4.406666666666669285e-01
1.965185185185186201e-01 3.593555555555557057e-01 6.000000000000000888e-01
3.110370370370372783e-01 3.988666666666668692e-01 5.976296296296297328e-01
1.822222222222223131e-01 3.412000000000002808e-01 4.647407407407409541e-01
2.255555555555556202e-01 4.481851851851853530e-01 5.840740740740741899e-01
2.428888888888889874e-01 3.589481481481484604e-01 5.185185185185188228e-01
2.050370370370371564e-01 3.660222222222224708e-01 5.661481481481482891e-01
2.543703703703705798e-01 3.987407407407409510e-01 5.581481481481482820e-01
2.688148148148150618e-01 4.005629629629632871e-01 5.107407407407409394e-01
1.875555555555556697e-01 3.682370370370372514e-01 5.316296296296297852e-01
3.018518518518520377e-01 3.934814814814817097e-01 5.036296296296298713e-01
2.402962962962964522e-01 3.720444444444446219e-01 6.000000000000000888e-01
2.636296296296297137e-01 3.751851851851853437e-01 4.826666666666667993e-01
1.984444444444445343e-01 3.696074074074076066e-01 5.013333333333335196e-01
3.262222222222224133e-01 4.120444444444447685e-01 5.232592592592594238e-01
2.670370370370371838e-01 3.963629629629631390e-01 5.341481481481482607e-01
2.740000000000001323e-01 3.950814814814817000e-01 5.289629629629630791e-01
1.642222222222223249e-01 3.731777777777779970e-01 5.165185185185185990e-01
3.053333333333335120e-01 4.449259259259260579e-01 5.596296296296296990e-01
2.620740740740742369e-01 3.840000000000002300e-01 5.549629629629629912e-01
2.472592592592594007e-01 4.468148148148149978e-01 5.720000000000001750e-01
2.066666666666667762e-01 3.470370370370372548e-01 4.660740740740743071e-01
2.180000000000001381e-01 4.119851851851853430e-01 5.602962962962964033e-01
2.861481481481483180e-01 3.998888888888891269e-01 4.847407407407409718e-01
2.135555555555556650e-01 3.419777777777779915e-01 5.757037037037038285e-01
2.678518518518520075e-01 3.446962962962965005e-01 4.291851851851855026e-01
1.912592592592593788e-01 3.371703703703706201e-01 4.596296296296298323e-01
2.827407407407409035e-01 4.097185185185187595e-01 5.747407407407409963e-01
1.600000000000000866e-01 3.495333333333335291e-01 5.664444444444444171e-01
3.042962962962964535e-01 3.627703703703705762e-01 4.571111111111115233e-01
2.582222222222224084e-01 3.585407407407409930e-01 4.674074074074077156e-01
2.745185185185187171e-01 3.501851851851854325e-01 5.006666666666669263e-01
2.140000000000001068e-01 3.906666666666668841e-01 5.779259259259259540e-01
2.211111111111112582e-01 3.983703703703705412e-01 5.411851851851853246e-01
2.917037037037038538e-01 3.727703703703705851e-01 4.947407407407409807e-01
2.961481481481483269e-01 3.588296296296298316e-01 4.379259259259261072e-01
2.470370370370371382e-01 3.705925925925928066e-01 5.700000000000001732e-01
2.962222222222223866e-01 3.776370370370373264e-01 5.065185185185188121e-01
2.960000000000001519e-01 3.774518518518520382e-01 4.472592592592595229e-01
2.454074074074075740e-01 3.745111111111114055e-01 4.618518518518521243e-01
2.706666666666668331e-01 3.521111111111112635e-01 4.920000000000002149e-01
2.540000000000001701e-01 4.080000000000002514e-01 5.214074074074076526e-01
2.012592592592593599e-01 4.181555555555557246e-01 5.335555555555556717e-01
2.839259259259261370e-01 4.143333333333335533e-01 5.205925925925930509e-01
2.174814814814816089e-01 3.966370370370372322e-01 5.546666666666667522e-01
2.804444444444446072e-01 4.694148148148148958e-01 5.642962962962964069e-01
3.722962962962964584e-01 4.439259259259261681e-01 5.254074074074074341e-01
2.703703703703705385e-01 4.030148148148150478e-01 5.738518518518519462e-01
3.385925925925928337e-01 4.440444444444447969e-01 5.421481481481481568e-01
2.202222222222223746e-01 4.044740740740742635e-01 4.971851851851853410e-01
3.806666666666669308e-01 4.481481481481484619e-01 5.280000000000002469e-01
2.608888888888890589e-01 4.456148148148150190e-01 5.340000000000001412e-01
3.530370370370372601e-01 4.015333333333336308e-01 4.708888888888891899e-01
3.707407407407409816e-01 4.827111111111113684e-01 6.000000000000000888e-01
3.464444444444446103e-01 4.556296296296298287e-01 5.744444444444445352e-01
3.505925925925928444e-01 4.418518518518521065e-01 5.883703703703704324e-01
3.284444444444445943e-01 4.264962962962964843e-01 5.140740740740742387e-01
3.670370370370373281e-01 4.343259259259261151e-01 5.905185185185185537e-01
3.574814814814817332e-01 4.590074074074076416e-01 5.717037037037039360e-01
3.575555555555559040e-01 4.305259259259261451e-01 6.000000000000000888e-01
3.734074074074076877e-01 4.458740740740743114e-01 5.173333333333335338e-01
2.680740740740741868e-01 4.689703703703704818e-01 5.903703703703705452e-01
3.360740740740742472e-01 4.472518518518520669e-01 5.688888888888888884e-01
2.388148148148149241e-01 4.585037037037039132e-01 5.997037037037038498e-01
2.994074074074075109e-01 4.458592592592593995e-01 5.945925925925926725e-01
3.591851851851853850e-01 5.038370370370370832e-01 6.000000000000000888e-01
3.708148148148150969e-01 4.983259259259261720e-01 5.954814814814816115e-01
3.548148148148150827e-01 4.653037037037038859e-01 5.471851851851854409e-01
3.056296296296298620e-01 4.556222222222223728e-01 5.885925925925926672e-01
2.806666666666667864e-01 4.776740740740742508e-01 5.997037037037038498e-01
2.572592592592593541e-01 4.356740740740742690e-01 5.984444444444444455e-01
3.563703703703705594e-01 4.521555555555557548e-01 5.660740740740741739e-01
3.143703703703706331e-01 4.188148148148150840e-01 5.456296296296297976e-01
2.740740740740743031e-01 4.278000000000002356e-01 5.764444444444446480e-01
2.926666666666669081e-01 4.438592592592594532e-01 5.788888888888890083e-01
2.807407407407409017e-01 3.988222222222224111e-01 4.615555555555558298e-01
2.320740740740742103e-01 4.002592592592595366e-01 5.548148148148148717e-01
3.266666666666668828e-01 4.315111111111112341e-01 5.376296296296297905e-01
3.291111111111114096e-01 4.115259259259261282e-01 5.088888888888892792e-01
3.059259259259261010e-01 4.586000000000001187e-01 5.957777777777778505e-01
2.307407407407408850e-01 4.224000000000002197e-01 5.161481481481482447e-01
2.470370370370371937e-01 3.691185185185187345e-01 5.350370370370371997e-01
2.600740740740741797e-01 4.027333333333335541e-01 5.138518518518520040e-01
3.234814814814817030e-01 4.105555555555557845e-01 5.075555555555557596e-01
2.845925925925927857e-01 4.293037037037039094e-01 5.194814814814816550e-01
2.768888888888890731e-01 4.212962962962965574e-01 5.356296296296297887e-01
2.651851851851853570e-01 4.122592592592594363e-01 5.943703703703704377e-01
2.766666666666668384e-01 4.158444444444446830e-01 5.032592592592594061e-01
3.166666666666668739e-01 3.934962962962965105e-01 4.817777777777779158e-01
2.275555555555556220e-01 3.796666666666668188e-01 5.544444444444446285e-01
2.286666666666667680e-01 3.492074074074076329e-01 4.841481481481483273e-01
3.433333333333336013e-01 4.232222222222224994e-01 5.891111111111112519e-01
2.805185185185187224e-01 4.042592592592594292e-01 5.460740740740741561e-01
4.129629629629631982e-01 4.823851851851853612e-01 5.812592592592593643e-01
2.497037037037038998e-01 3.763851851851853780e-01 5.202962962962964788e-01
2.685925925925927715e-01 3.929333333333335232e-01 4.826666666666668548e-01
3.294074074074075931e-01 4.253111111111113618e-01 5.133333333333335302e-01
2.719259259259261263e-01 3.891185185185188078e-01 4.938518518518521527e-01
2.941481481481483251e-01 3.901703703703705561e-01 5.180000000000001270e-01
2.842222222222224315e-01 3.769555555555558213e-01 4.846666666666668011e-01
2.326666666666668271e-01 3.277037037037038858e-01 4.370370370370372792e-01
2.857037037037039040e-01 4.071037037037038564e-01 5.847407407407408941e-01
2.526666666666668171e-01 3.512888888888890948e-01 4.558518518518521190e-01
3.559259259259260899e-01 4.028148148148149588e-01 4.527407407407409989e-01
2.934074074074076166e-01 3.724444444444446889e-01 4.693333333333334356e-01
2.866666666666667918e-01 4.434814814814817541e-01 5.528888888888889852e-01
3.900740740740742951e-01 4.564074074074075393e-01 5.025185185185186976e-01
2.536296296296297603e-01 3.819703703703705711e-01 4.914814814814817412e-01
3.071851851851853388e-01 4.469481481481484275e-01 5.536296296296296937e-01
2.952592592592593879e-01 4.068148148148149623e-01 5.702222222222222969e-01
3.332592592592594216e-01 4.186592592592594531e-01 4.951111111111113350e-01
2.466666666666668395e-01 3.875407407407409077e-01 4.937037037037039222e-01
2.591111111111112919e-01 3.986592592592594908e-01 5.322962962962963784e-01
2.669629629629631240e-01 3.775185185185187531e-01 4.941481481481484472e-01
2.803703703703704919e-01 3.891407407407408980e-01 4.953333333333335697e-01
2.808888888888890767e-01 3.936962962962964885e-01 5.432592592592594416e-01
3.107407407407408173e-01 4.028814814814817291e-01 5.457037037037039129e-01
3.413333333333335440e-01 4.006074074074076341e-01 5.237037037037038933e-01
2.751111111111111951e-01 3.430222222222224504e-01 4.327407407407410367e-01
2.873333333333335515e-01 4.280148148148150145e-01 5.797037037037040541e-01
2.402222222222223369e-01 4.043481481481482898e-01 5.678518518518520519e-01
2.735555555555557183e-01 3.590666666666669227e-01 4.291851851851855026e-01
2.650370370370371820e-01 3.887111111111113404e-01 4.911111111111113869e-01
2.581481481481483486e-01 3.976592592592594899e-01 5.351851851851854303e-01
2.205185185185186414e-01 3.855333333333335055e-01 5.979259259259259718e-01
3.391851851851853672e-01 4.160592592592594618e-01 5.408888888888890856e-01
2.542222222222222938e-01 3.925851851851854257e-01 4.843703703703706731e-01
2.771111111111113079e-01 3.818074074074076507e-01 4.755555555555557312e-01
3.094814814814817461e-01 3.945703703703706822e-01 4.511111111111113514e-01
2.814814814814816102e-01 3.914814814814816524e-01 4.402222222222224035e-01
3.155555555555558112e-01 4.313407407407409688e-01 5.658518518518519391e-01
2.702962962962964788e-01 4.010962962962964506e-01 5.522962962962963962e-01
3.465185185185187255e-01 4.540814814814816414e-01 5.991851851851853761e-01
3.302222222222223613e-01 4.500370370370372908e-01 5.631111111111112288e-01
3.360000000000002429e-01 4.338222222222223867e-01 5.498518518518520359e-01
2.882962962962964393e-01 3.920370370370372393e-01 5.000000000000001110e-01
3.106666666666669241e-01 3.957851851851853509e-01 4.743703703703706087e-01
3.720000000000003304e-01 4.191407407407409802e-01 5.228888888888891806e-01
2.810370370370372517e-01 3.797037037037039875e-01 5.641481481481482874e-01
2.542222222222224048e-01 3.726296296296298660e-01 4.446666666666669321e-01
3.522962962962965516e-01 4.238888888888890927e-01 5.071851851851852944e-01
2.596296296296297657e-01 3.889555555555557209e-01 5.730370370370371225e-01
2.588888888888890016e-01 4.001629629629631646e-01 4.987407407407409843e-01
3.317037037037038893e-01 4.483703703703705301e-01 5.951111111111112573e-01
3.008888888888890389e-01 3.881037037037038950e-01 5.371111111111113168e-01
3.171111111111113434e-01 4.289777777777780687e-01 5.421481481481483788e-01
3.580740740740743777e-01 4.347555555555556728e-01 5.422222222222222721e-01
2.918518518518520288e-01 4.234444444444446232e-01 5.527407407407407547e-01
3.451111111111113128e-01 4.361555555555557406e-01 5.105185185185187047e-01
3.823703703703706380e-01 4.604888888888892251e-01 5.140740740740742387e-01
2.919259259259261441e-01 4.333259259259262253e-01 5.198518518518520093e-01
3.394074074074076020e-01 4.244814814814817372e-01 4.903703703703705674e-01
3.101481481481483393e-01 4.212370370370372430e-01 5.271111111111113079e-01
3.419259259259262440e-01 4.186962962962965662e-01 5.172592592592594185e-01
3.123703703703706314e-01 4.130814814814817160e-01 5.358518518518520235e-01
3.439259259259261348e-01 4.111481481481484290e-01 4.804444444444446738e-01
2.792592592592594292e-01 3.888888888888891171e-01 5.085925925925927071e-01
3.054074074074075718e-01 4.006962962962964947e-01 5.744444444444445352e-01
2.974814814814816799e-01 3.611777777777779863e-01 4.773333333333335537e-01
3.005925925925927999e-01 3.858814814814817140e-01 5.440000000000001501e-01
2.797777777777780139e-01 3.688074074074075837e-01 4.248148148148150893e-01
3.151111111111113416e-01 3.825481481481484147e-01 4.635555555555557761e-01
3.017777777777779225e-01 3.938888888888890660e-01 5.355555555555557845e-01
3.087407407407408710e-01 3.880888888888891497e-01 4.615555555555558853e-01
2.797777777777780139e-01 3.416000000000001813e-01 4.391851851851854005e-01
2.728888888888891251e-01 4.061481481481483691e-01 5.714074074074075860e-01
3.320740740740742436e-01 3.835259259259261588e-01 4.614814814814816590e-01
2.451851851851853115e-01 3.821777777777780050e-01 4.746666666666669032e-01
3.165185185185187544e-01 3.864222222222224445e-01 4.842222222222224981e-01
3.024444444444446822e-01 4.038888888888890749e-01 5.681481481481482909e-01
2.631851851851853552e-01 3.912888888888890193e-01 5.217037037037038916e-01
2.753333333333334854e-01 3.687629629629631811e-01 4.489629629629630636e-01
2.775555555555557219e-01 3.810148148148150282e-01 4.988148148148149885e-01
3.034074074074075700e-01 3.936518518518520859e-01 5.352592592592594345e-01
2.954074074074076184e-01 4.088518518518520217e-01 5.360000000000001430e-01
3.485925925925928426e-01 4.180888888888890653e-01 5.969629629629630285e-01
3.044444444444445730e-01 4.082962962962965459e-01 5.041481481481483451e-01
3.222962962962965805e-01 4.143555555555558101e-01 5.424444444444446178e-01
3.392592592592595380e-01 4.080814814814816560e-01 5.174814814814816533e-01
3.040000000000002145e-01 4.044518518518521732e-01 4.777777777777779677e-01
3.120740740740742258e-01 4.288888888888890416e-01 5.883703703703704324e-01
3.330370370370372424e-01 4.130296296296299130e-01 5.196296296296297745e-01
2.706666666666667775e-01 4.058888888888890767e-01 5.420000000000000373e-01
3.274814814814817066e-01 4.226444444444447113e-01 5.109629629629631742e-01
3.571851851851854387e-01 4.706888888888890454e-01 5.820000000000000728e-01
3.001481481481483859e-01 3.708814814814817007e-01 4.810370370370372073e-01
3.269629629629631773e-01 3.936814814814816876e-01 5.377777777777779100e-01
3.788148148148150485e-01 4.339925925925928740e-01 5.304444444444446072e-01
3.079259259259260473e-01 4.365629629629631525e-01 5.120740740740742369e-01
3.497777777777778541e-01 4.456370370370372203e-01 5.012592592592594043e-01
3.507407407407409639e-01 4.466740740740743343e-01 5.021481481481484543e-01
3.176296296296298727e-01 4.195259259259261353e-01 5.229629629629631848e-01
4.113333333333336617e-01 4.764962962962965287e-01 5.973333333333333828e-01
3.618518518518520910e-01 4.471185185185187483e-01 5.336296296296298980e-01
3.784444444444446942e-01 4.623851851851853434e-01 5.481481481481482732e-01
3.434814814814817208e-01 4.405777777777780679e-01 5.435555555555556806e-01
3.338518518518520106e-01 4.470592592592594339e-01 5.380740740740741490e-01
3.433333333333336013e-01 4.273481481481484212e-01 4.976296296296298105e-01
2.977037037037039147e-01 4.415777777777780133e-01 5.582962962962964015e-01
3.210370370370372872e-01 4.442074074074076617e-01 5.134814814814818718e-01
3.551851851851853814e-01 4.356074074074076097e-01 4.846666666666669676e-01
2.933333333333335013e-01 4.142000000000002347e-01 5.180740740740742423e-01
3.597777777777780295e-01 4.392592592592594047e-01 5.360000000000001430e-01
2.851851851851853192e-01 4.120296296296298566e-01 5.034074074074076366e-01
2.820000000000001394e-01 3.859481481481484844e-01 4.648148148148151249e-01
2.388888888888889839e-01 3.938444444444446635e-01 4.758518518518520257e-01
3.078518518518520430e-01 3.769777777777779670e-01 5.032592592592594061e-01
3.721481481481483944e-01 4.421851851851854032e-01 5.094814814814816462e-01
2.820000000000001950e-01 4.413481481481483781e-01 5.550370370370371065e-01
3.134814814814816941e-01 3.819925925925927723e-01 4.714074074074075527e-01
2.828148148148149632e-01 3.774740740740742950e-01 4.814074074074076726e-01
3.451851851851853170e-01 4.114962962962965820e-01 5.055555555555557579e-01
2.518518518518519933e-01 3.777111111111113861e-01 4.477777777777781076e-01
2.929629629629630916e-01 3.646740740740743170e-01 4.942962962962965112e-01
2.352592592592593901e-01 3.782814814814816629e-01 5.622962962962964051e-01
3.103703703703705186e-01 3.862518518518521238e-01 4.628888888888891273e-01
2.696296296296298856e-01 3.683259259259261120e-01 4.559259259259261232e-01
3.114074074074076326e-01 3.588444444444446324e-01 4.073333333333334916e-01
3.511851851851853779e-01 3.807111111111113888e-01 4.374814814814817487e-01
2.811851851851853157e-01 3.533333333333336101e-01 4.120740740740743147e-01
3.041481481481483340e-01 3.779703703703706230e-01 5.860740740740740806e-01
2.939259259259260348e-01 3.694814814814816328e-01 4.548148148148150050e-01
2.770370370370371371e-01 3.952814814814816780e-01 4.941481481481482807e-01
3.104444444444445783e-01 3.700592592592595320e-01 4.594814814814817128e-01
2.968888888888890909e-01 3.784518518518520946e-01 4.979259259259262160e-01
3.379259259259261294e-01 4.172740740740742416e-01 5.041481481481484561e-01
3.282962962962964748e-01 3.577851851851854281e-01 4.025925925925929461e-01
2.622962962962964717e-01 3.771037037037038853e-01 5.187407407407408355e-01
3.442962962962966000e-01 3.904962962962966189e-01 4.637037037037040621e-01
3.152592592592594056e-01 3.763333333333336306e-01 4.645925925925929456e-01
3.050370370370372175e-01 4.052666666666669970e-01 4.998518518518521581e-01
3.284444444444445943e-01 4.095629629629631840e-01 5.434814814814815653e-01
3.169629629629631684e-01 3.991555555555558188e-01 5.262962962962964841e-01
3.073333333333335138e-01 4.222666666666669011e-01 5.854074074074074874e-01
3.376296296296298349e-01 4.147407407407410207e-01 5.257037037037037841e-01
3.127407407407409301e-01 3.838592592592595665e-01 4.577777777777780610e-01
3.137037037037038734e-01 4.188074074074076836e-01 5.769629629629630108e-01
3.220000000000002305e-01 3.785925925925928137e-01 4.474814814814817576e-01
2.822222222222223742e-01 3.939259259259261237e-01 5.831111111111111356e-01
2.628148148148150010e-01 3.764666666666668937e-01 4.511851851851854667e-01
3.082962962962965126e-01 3.784000000000001807e-01 4.987407407407409288e-01
2.986666666666668579e-01 3.637851851851854335e-01 4.350370370370371109e-01
2.897037037037038520e-01 3.759777777777780772e-01 4.872592592592595584e-01
2.565925925925927609e-01 3.655037037037039416e-01 4.468148148148149978e-01
2.928888888888890873e-01 3.674962962962964319e-01 4.583703703703705390e-01
2.996296296296298012e-01 3.986814814814816921e-01 4.713333333333336039e-01
3.073333333333335138e-01 4.030074074074075918e-01 5.928148148148149055e-01
2.976296296296297994e-01 3.763851851851854335e-01 4.272592592592595051e-01
2.780000000000000804e-01 3.610814814814816698e-01 4.186666666666668535e-01
3.132592592592594594e-01 3.873259259259261844e-01 4.556296296296298287e-01
3.196296296296297634e-01 3.864296296296298450e-01 4.944444444444446307e-01
2.684444444444446520e-01 3.422296296296298279e-01 4.111851851851855422e-01
2.984444444444446232e-01 3.949925925925928394e-01 4.631111111111113621e-01
3.418518518518521287e-01 3.909703703703706346e-01 4.870370370370373236e-01
3.480000000000002536e-01 3.887703703703706548e-01 4.162222222222226042e-01
3.272592592592594718e-01 3.859555555555557738e-01 4.663703703703706016e-01
3.568148148148150289e-01 4.068222222222224183e-01 4.630370370370371913e-01
3.016296296296297474e-01 3.856814814814817360e-01 5.607407407407408728e-01
2.913333333333334996e-01 3.881333333333336078e-01 5.004444444444446916e-01
3.277037037037039413e-01 3.788962962962965642e-01 4.317037037037039227e-01
2.905925925925927911e-01 4.036074074074076923e-01 4.831111111111113798e-01
3.428888888888891873e-01 3.981185185185188158e-01 4.527407407407408879e-01
2.731851851851853641e-01 3.954000000000001958e-01 5.189629629629632923e-01
3.619259259259262063e-01 4.430518518518520854e-01 5.462222222222222756e-01
3.416296296296298385e-01 4.078888888888890785e-01 4.449629629629632821e-01
3.222222222222224652e-01 4.106222222222224438e-01 4.561481481481483580e-01
3.120000000000002216e-01 4.017259259259261528e-01 4.725185185185187264e-01
3.534814814814817852e-01 4.099481481481482836e-01 4.709629629629631942e-01
3.077037037037038680e-01 4.081925925925927734e-01 4.594074074074076530e-01
2.985185185185187384e-01 3.899333333333336316e-01 5.103703703703705852e-01
3.162962962962965197e-01 4.016666666666669494e-01 4.650370370370372486e-01
3.295555555555558236e-01 3.827037037037039346e-01 4.894814814814817394e-01
3.158518518518520501e-01 3.529629629629631449e-01 4.071111111111112568e-01
3.380740740740742489e-01 4.003407407407409968e-01 4.840000000000002633e-01
3.331111111111113021e-01 3.946000000000002284e-01 4.811851851851854378e-01
3.504444444444446138e-01 4.054888888888891207e-01 5.189629629629631813e-01
3.240000000000001212e-01 3.802888888888890651e-01 4.754814814814817270e-01
3.075555555555556930e-01 4.056888888888890987e-01 4.878518518518519809e-01
2.731851851851854196e-01 3.734444444444447453e-01 4.947407407407409807e-01
3.014074074074075127e-01 4.079111111111113352e-01 4.671111111111113101e-01
3.342962962962964801e-01 3.880592592592594370e-01 4.452592592592595766e-01
3.093333333333334600e-01 4.146888888888892177e-01 5.227407407407409501e-01
3.137777777777780441e-01 3.898074074074076578e-01 4.660740740740743626e-01
2.702962962962964788e-01 3.747703703703706424e-01 4.528888888888891184e-01
3.437037037037040110e-01 4.363481481481484292e-01 4.916296296296298607e-01
3.128888888888891051e-01 3.853259259259261826e-01 4.448148148148150516e-01
3.437777777777780153e-01 3.853481481481483284e-01 4.330370370370373312e-01
3.389629629629631324e-01 3.893703703703706442e-01 4.409629629629632230e-01
2.975555555555557952e-01 4.042962962962964868e-01 4.982222222222223995e-01
3.142222222222224026e-01 4.044666666666668631e-01 4.825925925925929061e-01
3.168148148148149379e-01 3.964370370370372543e-01 4.400740740740742840e-01
3.247407407407408853e-01 4.048740740740742750e-01 5.052592592592595189e-01
3.297777777777778918e-01 3.976888888888890916e-01 4.569629629629631262e-01
3.481481481481484286e-01 4.165259259259261881e-01 5.292592592592593181e-01
2.903703703703705563e-01 3.888296296296298582e-01 5.292592592592594292e-01
2.971851851851853299e-01 3.783629629629631230e-01 4.814074074074076726e-01
2.922962962962964983e-01 3.593185185185187591e-01 4.555555555555558245e-01
2.952592592592594434e-01 3.428148148148150165e-01 4.160000000000002585e-01
3.062222222222224510e-01 3.580740740740743222e-01 4.225925925925927973e-01
2.984444444444446232e-01 3.440962962962965110e-01 4.340740740740742787e-01
2.684444444444445965e-01 3.361185185185187052e-01 4.192592592592595535e-01
2.788888888888890749e-01 3.450444444444446535e-01 4.114074074074076659e-01
2.777777777777780122e-01 3.576444444444446535e-01 4.045185185185187215e-01
3.225185185185187042e-01 3.742000000000001991e-01 4.550370370370373507e-01
2.692592592592594203e-01 3.357111111111112933e-01 4.774074074074076135e-01
3.037777777777779242e-01 3.670518518518521289e-01 4.161481481481484335e-01
3.377037037037038947e-01 3.849481481481484835e-01 4.586666666666669445e-01
3.484444444444446676e-01 3.995555555555557747e-01 4.790370370370372055e-01
3.055555555555556912e-01 3.823555555555557817e-01 4.901481481481483882e-01
3.348888888888890136e-01 3.894370370370372481e-01 4.282222222222224484e-01
2.830370370370371980e-01 3.585111111111113358e-01 4.085925925925928959e-01
3.094814814814816906e-01 3.842444444444447216e-01 5.264444444444446036e-01
2.780740740740742512e-01 3.789333333333335108e-01 4.548148148148151715e-01
3.099259259259260491e-01 3.727777777777779855e-01 4.531851851851853019e-01
3.003703703703705652e-01 3.504740740740743266e-01 3.851111111111113483e-01
2.971851851851852744e-01 3.682148148148150502e-01 4.922962962962965650e-01
2.877037037037038503e-01 3.774370370370372374e-01 4.413333333333336328e-01
3.084444444444446320e-01 3.785925925925927582e-01 4.124444444444446689e-01
3.139259259259262191e-01 3.809777777777780261e-01 5.862222222222223111e-01
2.851851851851852637e-01 3.667259259259260107e-01 4.919259259259260442e-01
3.256296296296298798e-01 3.660888888888891302e-01 3.907407407407409439e-01
3.117777777777779868e-01 3.444592592592594649e-01 3.847407407407408830e-01
2.349629629629630956e-01 3.336148148148150305e-01 4.247407407407410296e-01
2.977777777777778634e-01 3.600888888888891248e-01 4.487407407407411064e-01
2.960740740740742671e-01 3.762518518518520594e-01 4.377777777777779877e-01
2.935555555555557361e-01 3.742370370370372568e-01 4.561481481481483580e-01
3.060740740740742205e-01 3.664518518518519730e-01 5.396296296296297923e-01
3.107407407407408173e-01 3.822444444444446643e-01 5.206666666666667220e-01
3.438518518518520750e-01 4.051481481481483682e-01 5.198518518518521203e-01
2.902222222222224368e-01 4.039111111111113317e-01 5.032592592592594061e-01
3.390370370370371922e-01 4.135407407407409863e-01 4.732592592592595460e-01
3.175555555555557574e-01 3.747111111111113835e-01 4.253333333333335076e-01
3.514074074074076681e-01 3.875925925925928217e-01 4.534074074074075922e-01
3.398518518518520160e-01 3.764962962962966064e-01 4.128148148148151897e-01
2.534814814814816408e-01 3.826666666666668770e-01 4.766666666666669050e-01
3.145185185185186971e-01 3.949259259259262356e-01 4.590370370370372988e-01
3.180740740740742867e-01 3.982666666666668798e-01 4.853333333333335609e-01
3.497037037037039608e-01 4.111037037037038600e-01 4.589629629629631280e-01
2.994074074074075664e-01 3.887481481481484535e-01 4.793333333333336665e-01
3.431111111111113110e-01 4.203037037037039569e-01 4.805925925925928488e-01
3.565925925925927942e-01 4.194518518518520755e-01 5.136296296296298802e-01
3.453333333333336586e-01 4.215333333333336485e-01 5.273333333333335426e-01
3.732592592592594571e-01 4.379555555555557644e-01 5.182962962962964770e-01
3.340000000000002411e-01 3.866074074074076772e-01 4.466666666666668228e-01
3.380740740740742489e-01 4.148666666666668834e-01 5.095555555555556504e-01
3.337037037037039466e-01 4.034370370370373715e-01 4.977037037037039813e-01
3.135555555555558094e-01 4.195111111111113900e-01 5.320000000000001394e-01
3.386666666666668934e-01 4.067851851851854716e-01 4.757037037037040172e-01
3.134814814814816941e-01 4.012814814814816278e-01 5.126666666666667149e-01
2.971851851851852744e-01 3.741185185185187390e-01 4.846666666666668011e-01
3.186666666666667647e-01 3.721925925925927969e-01 4.428888888888892206e-01
3.374814814814817709e-01 3.961259259259262144e-01 4.691111111111113119e-01
2.946666666666668544e-01 3.680740740740743311e-01 4.225925925925928528e-01
3.131851851851853441e-01 3.809629629629631697e-01 4.395555555555557548e-01
3.075555555555556930e-01 3.571555555555557815e-01 4.342222222222224537e-01
3.040000000000002145e-01 3.564666666666668760e-01 3.945925925925927169e-01
3.113333333333336284e-01 3.877629629629632535e-01 4.836296296296297426e-01
3.012592592592594487e-01 3.664296296296298272e-01 4.131111111111114287e-01
3.017777777777780335e-01 3.674592592592594853e-01 4.187407407407408577e-01
3.199259259259261134e-01 3.754222222222224348e-01 4.714074074074076637e-01
2.804444444444445517e-01 3.734740740740743470e-01 4.423703703703705248e-01
2.848148148148149095e-01 3.567259259259261128e-01 4.057777777777780148e-01
2.828888888888891340e-01 3.598518518518520337e-01 4.064444444444446636e-01
3.082222222222224528e-01 3.874666666666669035e-01 4.861481481481483846e-01
3.242222222222224115e-01 3.878222222222224014e-01 4.882962962962965059e-01
3.108888888888891588e-01 3.775407407407409544e-01 4.332592592592596215e-01
3.228148148148149987e-01 3.768962962962965069e-01 4.380000000000002225e-01
3.025925925925928017e-01 3.735111111111113491e-01 4.225185185185186265e-01
2.913333333333335551e-01 3.582666666666668998e-01 4.571851851851854720e-01
3.078518518518520986e-01 3.843703703703706398e-01 4.894814814814817394e-01
3.225925925925928195e-01 3.917259259259261439e-01 4.871111111111112724e-01
3.154074074074075251e-01 3.793407407407409782e-01 4.387407407407409865e-01
2.634074074074075344e-01 3.617777777777780313e-01 4.410370370370372828e-01
3.448148148148150183e-01 3.804962962962964990e-01 4.480000000000002869e-01
3.244444444444446463e-01 3.755333333333335522e-01 4.385925925925928670e-01
3.385185185185186629e-01 4.003111111111113951e-01 4.695555555555557814e-01
2.970370370370372104e-01 3.892074074074076129e-01 4.349629629629632732e-01
3.471111111111113146e-01 3.901925925925928129e-01 4.217777777777779735e-01
3.358518518518519569e-01 3.995629629629632307e-01 4.868148148148149779e-01
3.122962962962964606e-01 3.898740740740742616e-01 4.954814814814816892e-01
3.202962962962965232e-01 3.845777777777780737e-01 4.736296296296298447e-01
3.151851851851854569e-01 3.908592592592595172e-01 4.415555555555557565e-01
3.756296296296298687e-01 4.281259259259261318e-01 4.903703703703705674e-01
3.369629629629631307e-01 3.792518518518520620e-01 4.308888888888890989e-01
3.546666666666667966e-01 4.197037037037039120e-01 4.829629629629632603e-01
3.880000000000002891e-01 4.156444444444447051e-01 4.693333333333336022e-01
3.664444444444447391e-01 4.164296296296298161e-01 4.470370370370372326e-01
3.151111111111113416e-01 3.993407407407409404e-01 5.662222222222222934e-01
3.305185185185187668e-01 3.698518518518520426e-01 4.522222222222224697e-01
3.045185185185186882e-01 3.828740740740742554e-01 4.894074074074075686e-01
2.768148148148150134e-01 3.655481481481483996e-01 4.262222222222223911e-01
3.460740740740743115e-01 3.887777777777780552e-01 4.622962962962965383e-01
2.973333333333335049e-01 3.724444444444446889e-01 4.375555555555559750e-01
3.200740740740743440e-01 3.843333333333335267e-01 4.531851851851854684e-01
3.052592592592593967e-01 3.807925925925927935e-01 4.563703703703706482e-01
2.751851851851853659e-01 3.788148148148150485e-01 4.211111111111113248e-01
3.288148148148150041e-01 3.956370370370373424e-01 4.632592592592595371e-01
3.536296296296299047e-01 4.025925925925928905e-01 5.271111111111111969e-01
3.344444444444447107e-01 4.131629629629631206e-01 4.649629629629630778e-01
3.345185185185188259e-01 4.124814814814817820e-01 4.703703703703706052e-01
3.084444444444446876e-01 3.977259259259261492e-01 4.897777777777779784e-01
3.465925925925928963e-01 4.151629629629632889e-01 4.869629629629631529e-01
3.325925925925928284e-01 4.259481481481484089e-01 4.999259259259261623e-01
2.891851851851853228e-01 4.253111111111113063e-01 5.261481481481483646e-01
3.054074074074076273e-01 3.908074074074076587e-01 4.960000000000002185e-01
3.225925925925927640e-01 3.714148148148150308e-01 4.104444444444446116e-01
3.342222222222223649e-01 3.869037037037039162e-01 4.762962962962964952e-01
3.094814814814816351e-01 3.637703703703705771e-01 4.587407407407408932e-01
3.093333333333335156e-01 3.646962962962965182e-01 4.161481481481483780e-01
3.211111111111112915e-01 3.962592592592594776e-01 4.545185185185187660e-01
3.042222222222224493e-01 3.662740740740743628e-01 4.426666666666669858e-01
2.598518518518520004e-01 3.610370370370372672e-01 4.585185185185187695e-01
3.029629629629631560e-01 3.708074074074076409e-01 4.604444444444446005e-01
3.364444444444446014e-01 3.981925925925928200e-01 4.491111111111113496e-01
3.102962962962964588e-01 3.799037037037039655e-01 5.288148148148150707e-01
3.277777777777779455e-01 4.085333333333335259e-01 5.111111111111111827e-01
3.088148148148149863e-01 3.797185185185186773e-01 4.898518518518520937e-01
3.432592592592594305e-01 3.992370370370373345e-01 4.702962962962967675e-01
3.199259259259261690e-01 4.009777777777779884e-01 4.888888888888890394e-01
3.130370370370371691e-01 3.650666666666668725e-01 4.252592592592595033e-01
3.497037037037039053e-01 4.164370370370372720e-01 5.111111111111112937e-01
3.091111111111113918e-01 3.815037037037038448e-01 4.937777777777779820e-01
3.514814814814816724e-01 4.218962962962965468e-01 5.148888888888891735e-01
3.197037037037038787e-01 3.918370370370372613e-01 4.694074074074076619e-01
2.981481481481482176e-01 3.832592592592594660e-01 4.794074074074075598e-01
2.928888888888890873e-01 3.643407407407409648e-01 5.047407407407409341e-01
3.337777777777780064e-01 3.849703703703705737e-01 4.885925925925928559e-01
3.408148148148150702e-01 3.954222222222224525e-01 4.926666666666669192e-01
3.044444444444445730e-01 3.828074074074075961e-01 4.960740740740742782e-01
3.026666666666668615e-01 3.702074074074076515e-01 4.294074074074077374e-01
3.150370370370372264e-01 3.860000000000002318e-01 4.572592592592594762e-01
2.655555555555557667e-01 3.540592592592594068e-01 4.029629629629632448e-01
3.289629629629631236e-01 3.819629629629631706e-01 4.361481481481483957e-01
3.219259259259260597e-01 3.859037037037038598e-01 5.274074074074076579e-01
3.222962962962964695e-01 3.911555555555557562e-01 4.893333333333335089e-01
3.232592592592594682e-01 4.184370370370372738e-01 4.905925925925928022e-01
3.386666666666667824e-01 3.798370370370373061e-01 4.311851851851854489e-01
3.129629629629631093e-01 4.134962962962965283e-01 5.084444444444446987e-01
3.133333333333335191e-01 3.922740740740742749e-01 5.113333333333335284e-01
3.553333333333335009e-01 3.979629629629631848e-01 4.739259259259260282e-01
3.761481481481483424e-01 4.339481481481483049e-01 5.096296296296297657e-01
3.628148148148150343e-01 4.161925925925927805e-01 4.612592592592594798e-01
3.377777777777779544e-01 3.873481481481484412e-01 4.731111111111114265e-01
3.542962962962964424e-01 4.229925925925928643e-01 5.075555555555556486e-01
3.222962962962965805e-01 4.058592592592595305e-01 5.175555555555557685e-01
3.409629629629631897e-01 4.104444444444446671e-01 5.348888888888890802e-01
3.033333333333335102e-01 3.590222222222224646e-01 4.020000000000003015e-01
3.173333333333335782e-01 3.761777777777779441e-01 4.491111111111112941e-01
3.142222222222224026e-01 3.829259259259261694e-01 4.807407407407410238e-01
3.090370370370372211e-01 4.002000000000002222e-01 4.892592592592595602e-01
2.948148148148149739e-01 3.925555555555557685e-01 5.340000000000001412e-01
3.091111111111113363e-01 4.052222222222224834e-01 4.670370370370373614e-01
3.442962962962965445e-01 3.856814814814816805e-01 4.584444444444446543e-01
3.030370370370371602e-01 3.934888888888891656e-01 5.437037037037038001e-01
3.533333333333334991e-01 4.168518518518521399e-01 4.691111111111113674e-01
3.277037037037039413e-01 3.853925925925928420e-01 4.629629629629631871e-01
2.942222222222223293e-01 3.839259259259261148e-01 4.654074074074077139e-01
2.757777777777778994e-01 3.926814814814816312e-01 5.129629629629631760e-01
3.110370370370372783e-01 3.749777777777780208e-01 4.568888888888892330e-01
3.215555555555557610e-01 3.809037037037039108e-01 4.405925925925928133e-01
3.311111111111113559e-01 4.152962962962966076e-01 5.407407407407409661e-01
3.252592592592594145e-01 4.042814814814817415e-01 5.019259259259261086e-01
3.374074074074076557e-01 4.206074074074076519e-01 4.747407407407409075e-01
3.840740740740742898e-01 4.304074074074076828e-01 5.193333333333335355e-01
3.334074074074076521e-01 4.074518518518520649e-01 4.744444444444446130e-01
3.402962962962964300e-01 4.279259259259262649e-01 4.826666666666670213e-01
2.955555555555557379e-01 4.047703703703706135e-01 4.740740740740743697e-01
3.075555555555557485e-01 4.023111111111113414e-01 4.666666666666668961e-01
3.462222222222223755e-01 4.141185185185188300e-01 4.574814814814817665e-01
3.545185185185188437e-01 3.930370370370373512e-01 4.617037037037040048e-01
3.284444444444445943e-01 4.206962962962965125e-01 5.181481481481482465e-01
3.337777777777779509e-01 4.057333333333336123e-01 4.855555555555557401e-01
2.867407407407409625e-01 3.726666666666669236e-01 4.660000000000002474e-01
3.131851851851852886e-01 3.810962962962965439e-01 4.870370370370373236e-01
2.844444444444446107e-01 3.503185185185186401e-01 4.522962962962965294e-01
3.213333333333335262e-01 3.799555555555558239e-01 4.559259259259262898e-01
3.170370370370372282e-01 3.851407407407410055e-01 4.462962962962965796e-01
3.562962962962965552e-01 3.945555555555558258e-01 5.087407407407409377e-01
3.079259259259261028e-01 3.710666666666669333e-01 4.481481481481483509e-01
3.454814814814817225e-01 3.828888888888891673e-01 4.668888888888890198e-01
3.416296296296298385e-01 4.069185185185187903e-01 4.501481481481484637e-01
3.113333333333335728e-01 4.085037037037039243e-01 5.500000000000001554e-01
3.327407407407410034e-01 4.231333333333336388e-01 5.185925925925927160e-01
3.462222222222224866e-01 4.304518518518520298e-01 5.007407407407409305e-01
3.393333333333335422e-01 4.451407407407409478e-01 5.175555555555556575e-01
3.632592592592594483e-01 4.326740740740742663e-01 5.049629629629630578e-01
3.822962962962965783e-01 4.505481481481483641e-01 5.091111111111112919e-01
3.509629629629632541e-01 4.135037037037039842e-01 4.961481481481483935e-01
3.498518518518521914e-01 4.099703703703706514e-01 4.849629629629632066e-01
3.474814814814817243e-01 4.030962962962965079e-01 4.544444444444447062e-01
3.931111111111114109e-01 4.711037037037039132e-01 5.560740740740742760e-01
3.851851851851854081e-01 4.370296296296298233e-01 5.257037037037038951e-01
3.414074074074076037e-01 4.031777777777779681e-01 4.560740740740742982e-01
3.114814814814816923e-01 4.141259259259261749e-01 5.206666666666668331e-01
3.534814814814816186e-01 3.949925925925928394e-01 4.277777777777779789e-01
3.437777777777779042e-01 4.211925925925928960e-01 5.103703703703705852e-01
3.621481481481482745e-01 4.138666666666668270e-01 4.764444444444447258e-01
3.124444444444445801e-01 4.070740740740743102e-01 4.791851851851854915e-01
3.417777777777779580e-01 4.186444444444446522e-01 4.657777777777780126e-01
3.628148148148149787e-01 4.307703703703705811e-01 5.217777777777778958e-01
3.534814814814816186e-01 4.405629629629632116e-01 5.162222222222224710e-01
3.036296296296297492e-01 4.021111111111112524e-01 4.998518518518520470e-01
3.461481481481484268e-01 4.195259259259261353e-01 5.342222222222223760e-01
3.653333333333335653e-01 4.407703703703705900e-01 5.104444444444444784e-01
3.447407407407409585e-01 4.242370370370373012e-01 4.825925925925926840e-01
3.865185185185187611e-01 4.276296296296299149e-01 4.788148148148150263e-01
3.502962962962964943e-01 3.968962962962965801e-01 4.501481481481482971e-01
3.487407407407410176e-01 3.939851851851854381e-01 4.771111111111113745e-01
3.057037037037038663e-01 4.058962962962965326e-01 4.991111111111113385e-01
3.562222222222224399e-01 4.115037037037039269e-01 4.660000000000002474e-01
3.368148148148150112e-01 3.942962962962964779e-01 4.414074074074075815e-01
3.368148148148150112e-01 3.883925925925928446e-01 5.085925925925928182e-01
3.104444444444445783e-01 4.009037037037039286e-01 4.826666666666668548e-01
3.680740740740742201e-01 4.248592592592594919e-01 4.828148148148149743e-01
2.654814814814815960e-01 3.839851851851853737e-01 4.635555555555558871e-01
3.515555555555557321e-01 4.046074074074076377e-01 4.745925925925928435e-01
3.191851851851854049e-01 3.791481481481484006e-01 4.519259259259261752e-01
3.414074074074076037e-01 4.089111111111113916e-01 5.169629629629630685e-01
3.618518518518520355e-01 4.145703703703705889e-01 5.201481481481482483e-01
2.882222222222223795e-01 3.732370370370372559e-01 4.731851851851853197e-01
3.565925925925929052e-01 4.037925925925928139e-01 4.461481481481484601e-01
3.651851851851853348e-01 4.068888888888891886e-01 4.398518518518521603e-01
3.254074074074075895e-01 3.889037037037039179e-01 4.801481481481484348e-01
2.978518518518520342e-01 3.923037037037039321e-01 4.603703703703705963e-01
3.175555555555558129e-01 3.833037037037039241e-01 4.390370370370372810e-01
2.957777777777779726e-01 3.877037037037039946e-01 4.980740740740742245e-01
3.065925925925928053e-01 3.762592592592595708e-01 4.624444444444448243e-01
3.673333333333335671e-01 4.172148148148150382e-01 5.126666666666668259e-01
3.081481481481483375e-01 4.026222222222224367e-01 4.892592592592595047e-01
3.182962962962964104e-01 3.885185185185187073e-01 4.504444444444446471e-01
3.122962962962965161e-01 3.864222222222225556e-01 4.768148148148152465e-01
2.976296296296297994e-01 3.762888888888891170e-01 4.853333333333335053e-01
3.555555555555557357e-01 3.922888888888891312e-01 4.448148148148150516e-01
2.997777777777779762e-01 3.901629629629632112e-01 4.446666666666669321e-01
3.157777777777779904e-01 4.061629629629632809e-01 5.394074074074075575e-01
3.264444444444446480e-01 3.886370370370372807e-01 4.606666666666670018e-01
3.378518518518521252e-01 3.792444444444447171e-01 4.181481481481484352e-01
3.620740740740743258e-01 4.150518518518520605e-01 4.602962962962965365e-01
3.271111111111113523e-01 4.023555555555557994e-01 5.182222222222223618e-01
3.357777777777780082e-01 4.018444444444447261e-01 4.940000000000001612e-01
3.310370370370371851e-01 4.195629629629632484e-01 4.901481481481483882e-01
3.374074074074077112e-01 3.916666666666669405e-01 4.461481481481484046e-01
3.560000000000002607e-01 4.284888888888890857e-01 5.001481481481483415e-01
3.537777777777780241e-01 4.027555555555558664e-01 4.731851851851854307e-01
3.659259259259260988e-01 4.230370370370372113e-01 4.956296296296298087e-01
3.465925925925927853e-01 4.292814814814818192e-01 5.183703703703705923e-01
3.763703703703705772e-01 4.109259259259261943e-01 4.515555555555557654e-01
2.989629629629631524e-01 3.731777777777779970e-01 4.108888888888891366e-01
3.209629629629631720e-01 3.793703703703705798e-01 4.340000000000002744e-01
3.078518518518520986e-01 3.934000000000003050e-01 4.602222222222224768e-01
3.437037037037039555e-01 4.026370370370372376e-01 4.826666666666669103e-01
3.308888888888890656e-01 4.204148148148149633e-01 5.153333333333334210e-01
3.866666666666669916e-01 4.227481481481483172e-01 4.965925925925927520e-01
3.354814814814817137e-01 4.319407407407409027e-01 5.208148148148149525e-01
3.522222222222223253e-01 4.201703703703706383e-01 4.837037037037039133e-01
3.210370370370372317e-01 4.223629629629631621e-01 4.640740740740742498e-01
3.655555555555558001e-01 4.289481481481483560e-01 4.783703703703705012e-01
3.214074074074076415e-01 4.088518518518521327e-01 4.757037037037039617e-01
3.674814814814816866e-01 4.430296296296297731e-01 5.247407407407409519e-01
3.168148148148150489e-01 4.147185185185188194e-01 5.227407407407409501e-01
3.438518518518520195e-01 4.124814814814817265e-01 4.940740740740743320e-01
2.986666666666668024e-01 3.856740740740743356e-01 4.851111111111112151e-01
3.553333333333335009e-01 4.152888888888891517e-01 4.790370370370372055e-01
3.228148148148150542e-01 3.902962962962964744e-01 4.388888888888891615e-01
3.591851851851853850e-01 4.112444444444447456e-01 4.590370370370372433e-01
2.860000000000001985e-01 4.157777777777780237e-01 5.442222222222222738e-01
3.528888888888891961e-01 4.428000000000002490e-01 5.003703703703705763e-01
2.868148148148150778e-01 3.945185185185188237e-01 5.130370370370371802e-01
3.498518518518520803e-01 4.297629629629631798e-01 5.077777777777779944e-01
3.354074074074075984e-01 4.394666666666669497e-01 5.317037037037037894e-01
3.548888888888890314e-01 4.203333333333335586e-01 5.205185185185188246e-01
3.537777777777779686e-01 4.261259259259261856e-01 4.689629629629631369e-01
3.097037037037039253e-01 4.057037037037039551e-01 5.132592592592594150e-01
3.062962962962964553e-01 4.232296296296299554e-01 4.875555555555557974e-01
3.274814814814817621e-01 4.073777777777780607e-01 5.242962962962964824e-01
3.040000000000001590e-01 4.042888888888891974e-01 4.587407407407409488e-01
3.257777777777779993e-01 4.418444444444446506e-01 5.592592592592593448e-01
3.508888888888890834e-01 4.160592592592594618e-01 5.305185185185186114e-01
3.297777777777779473e-01 4.098370370370372773e-01 4.871851851851853876e-01
3.908888888888891189e-01 4.305111111111113997e-01 5.263703703703705994e-01
3.504444444444446138e-01 3.940074074074076949e-01 4.652592592592594833e-01
3.369629629629631307e-01 4.044962962962965203e-01 5.270370370370371926e-01
3.361481481481483624e-01 4.317629629629631260e-01 5.280740740740741401e-01
3.411111111111113647e-01 4.258518518518520923e-01 4.910370370370372162e-01
3.526666666666669614e-01 4.223481481481483613e-01 4.929629629629632692e-01
3.302962962962964766e-01 4.300296296296298171e-01 5.521481481481482767e-01
3.265925925925928230e-01 4.076814814814817001e-01 4.898518518518520937e-01
3.484444444444446676e-01 4.184888888888891323e-01 4.720000000000003082e-01
3.460000000000001963e-01 4.133629629629632651e-01 5.013333333333336306e-01
3.245925925925927658e-01 4.166666666666667962e-01 4.948888888888891002e-01
3.614074074074075660e-01 4.096518518518521002e-01 4.748888888888891935e-01
3.325925925925927173e-01 4.012814814814816833e-01 4.604444444444446560e-01
3.164444444444446392e-01 4.121629629629631753e-01 5.311851851851854267e-01
3.081481481481482820e-01 4.076296296296298971e-01 5.026666666666668171e-01
3.015555555555557432e-01 3.617037037037039160e-01 4.036296296296298936e-01
