0.408 0.5496 0.6
0.3736 0.49656 0.6
0.3816 0.53576 0.6
0.3608 0.50716 0.5752
0.3252 0.51284 0.6
0.3888 0.48948 0.5992
0.3656 0.4662 0.552
0.276 0.46832 0.6
0.4048 0.47796 0.5964
0.39 0.48496 0.5932
0.3264 0.424 0.5224
0.3876 0.48236 0.5708
0.312 0.40464 0.4816
0.288 0.42596 0.5008
0.3252 0.40604 0.472
0.388 0.45572 0.5172
0.3264 0.42516 0.5692
0.3308 0.40952 0.476
0.3996 0.45524 0.4996
0.3696 0.41816 0.5044
0.3504 0.42356 0.4876
0.348 0.452 0.5576
0.3692 0.43188 0.5328
0.3288 0.42744 0.5516
0.3516 0.46292 0.5632
0.3056 0.41516 0.5696
0.3556 0.45736 0.5168
0.388 0.42172 0.466
0.3628 0.45064 0.4972
0.3672 0.42436 0.4564
0.3792 0.4494 0.5232
0.3452 0.4706 0.5928
0.3408 0.42556 0.5248
0.406 0.50308 0.6
0.398 0.4806 0.5608
0.4384 0.52148 0.6
0.3664 0.45272 0.5256
0.3596 0.45228 0.5844
0.326 0.43528 0.4748
0.326 0.46028 0.5572
0.366 0.45884 0.5648
0.3992 0.46476 0.5548
0.3644 0.45404 0.536
0.3028 0.41624 0.4972
0.3732 0.43904 0.536
0.314 0.43744 0.5424
0.394 0.47428 0.548
0.3928 0.47708 0.6
0.4 0.47992 0.5936
0.3524 0.4462 0.5972
0.43 0.46456 0.596
0.3356 0.38816 0.4516
0.32 0.41556 0.5628
0.314 0.4132 0.5504
0.2972 0.37904 0.5032
0.2928 0.36492 0.4828
0.2892 0.35888 0.4524
0.3184 0.39628 0.4856
0.282 0.35424 0.4592
0.3068 0.38208 0.468
0.322 0.38708 0.4576
0.2724 0.36192 0.4364
0.2764 0.3692 0.506
0.3044 0.37392 0.4476
0.3136 0.36224 0.4136
0.268 0.33916 0.3964
0.2968 0.37404 0.566
0.3164 0.39024 0.4572
0.3212 0.38832 0.4708
0.2948 0.39104 0.4652
0.3228 0.41548 0.4928
0.358 0.40288 0.476
0.2972 0.40624 0.4824
0.3336 0.42348 0.5608
0.3192 0.43056 0.5396
0.3904 0.46488 0.5676
0.3236 0.44868 0.6
0.3072 0.42636 0.502
0.3156 0.4494 0.5544
0.3148 0.42016 0.5128
0.3096 0.44488 0.5392
0.2928 0.42084 0.5464
0.2684 0.38996 0.574
0.2832 0.40228 0.5432
0.2948 0.44176 0.534
0.2692 0.37992 0.4996
0.308 0.40328 0.5076
0.2912 0.42128 0.5988
0.3416 0.44256 0.5356
0.3632 0.43116 0.5372
0.334 0.40896 0.488
0.356 0.45304 0.55
0.3996 0.46196 0.6
0.3388 0.40712 0.5288
0.3856 0.45988 0.5184
0.3756 0.4336 0.5524
0.3636 0.4602 0.578
0.4184 0.47516 0.6
0.338 0.45576 0.5484
0.3112 0.45552 0.5436
0.3304 0.44404 0.5812
0.3612 0.4634 0.57
0.4144 0.47204 0.5444
0.388 0.45412 0.558
0.3824 0.4648 0.5532
0.4144 0.48436 0.5968
0.3768 0.47536 0.6
0.44 0.4908 0.5992
0.3672 0.44268 0.532
0.3336 0.45432 0.526
0.37 0.49808 0.5892
0.43 0.525 0.6
0.4116 0.47968 0.5844
0.4088 0.4592 0.5256
0.4144 0.47336 0.59
0.3988 0.50324 0.5996
0.3468 0.48972 0.6
0.3568 0.44608 0.5668
0.382 0.45544 0.5528
0.342 0.4556 0.558
0.3672 0.43668 0.5384
0.334 0.44556 0.5324
0.3792 0.45828 0.564
0.3456 0.43684 0.5508
0.4084 0.49032 0.5672
0.4036 0.49076 0.578
0.4984 0.55956 0.6
0.3964 0.4692 0.5808
0.454 0.50636 0.5796
0.4044 0.46832 0.5516
0.3756 0.47248 0.5756
0.3172 0.43788 0.518
0.4068 0.48288 0.5512
0.3832 0.50744 0.6
0.4456 0.50216 0.5964
0.3752 0.5106 0.6
0.3508 0.46252 0.566
0.4088 0.48292 0.5732
0.3748 0.4562 0.5836
0.372 0.46032 0.582
0.3848 0.48244 0.582
0.3912 0.47184 0.588
0.3604 0.4712 0.5312
0.3744 0.46244 0.5732
0.2868 0.436 0.502
0.3248 0.47208 0.576
0.3444 0.49236 0.6
0.402 0.48468 0.5776
0.4196 0.49576 0.5756
0.3684 0.52032 0.5972
0.3904 0.51164 0.6
0.3892 0.49436 0.5784
0.4124 0.5022 0.5984
0.3796 0.45384 0.5836
0.3928 0.45688 0.5756
0.3592 0.46676 0.596
0.4052 0.4738 0.554
0.404 0.532 0.6
0.3552 0.48632 0.5836
0.326 0.47772 0.5632
0.4512 0.4914 0.6
0.4392 0.47592 0.5432
0.406 0.48212 0.5216
0.4404 0.50964 0.6
0.3484 0.47744 0.5972
0.3652 0.44096 0.5196
0.4244 0.49436 0.5816
0.3928 0.48252 0.5968
0.3788 0.47916 0.5836
0.4248 0.47708 0.544
0.3912 0.48028 0.598
0.3292 0.47664 0.5992
0.4072 0.46812 0.5824
0.362 0.44836 0.5408
0.3696 0.451 0.5856
0.3428 0.46856 0.6
0.3468 0.47176 0.5736
0.2964 0.43248 0.504
0.3376 0.4052 0.482
0.3612 0.45028 0.514
0.2952 0.4024 0.4804
0.3648 0.44952 0.5424
0.364 0.4218 0.5056
0.3476 0.45908 0.5536
0.3596 0.4202 0.4884
0.334 0.4294 0.5232
0.3572 0.44648 0.5676
0.3548 0.41936 0.4724
0.3556 0.4258 0.4876
0.3272 0.39372 0.4548
0.3404 0.40512 0.4864
0.3076 0.4112 0.5192
0.354 0.43112 0.5244
0.34 0.42264 0.492
0.3488 0.43684 0.5108
0.3528 0.41996 0.5008
0.3264 0.44276 0.5232
0.3692 0.45392 0.5512
0.4036 0.50612 0.5912
0.3572 0.45988 0.6
0.3892 0.4906 0.6
0.388 0.46504 0.5512
0.4288 0.47792 0.5612
0.4228 0.47872 0.6
0.3504 0.44448 0.5264
0.352 0.43932 0.4924
0.3792 0.45788 0.562
0.3148 0.42548 0.5708
0.3188 0.43544 0.5444
0.394 0.45932 0.5688
0.37 0.45052 0.5904
0.4008 0.46424 0.5424
0.3116 0.4222 0.4604
0.4544 0.47636 0.518
0.3496 0.44092 0.572
0.3836 0.44772 0.5012
0.334 0.45192 0.564
0.342 0.4082 0.4912
0.3216 0.42724 0.5912
0.3488 0.40772 0.4852
0.368 0.44784 0.5584
0.33 0.40752 0.4624
0.3004 0.38636 0.5156
0.2944 0.40664 0.5632
0.3328 0.39528 0.496
0.3252 0.40724 0.504
0.2932 0.37516 0.4624
0.2508 0.38788 0.4712
0.2928 0.38524 0.488
0.3432 0.4064 0.4652
0.3548 0.40532 0.4744
0.3492 0.40532 0.4364
0.2764 0.41092 0.5556
0.3628 0.42196 0.4732
0.3144 0.42464 0.5472
0.3448 0.43516 0.5128
0.3148 0.40416 0.5424
0.328 0.44848 0.6
0.3276 0.40868 0.48
0.3488 0.42264 0.514
0.3564 0.4194 0.5028
0.3244 0.38392 0.44
0.2852 0.39228 0.4956
0.32 0.39204 0.4972
0.3192 0.396 0.4716
0.3212 0.39296 0.4608
0.3216 0.42032 0.5568
0.344 0.42372 0.4896
0.312 0.3928 0.4944
0.3164 0.41932 0.4712
0.318 0.40708 0.4864
0.2908 0.40572 0.4916
0.3344 0.4134 0.4696
0.3516 0.40776 0.4732
0.3076 0.40304 0.4952
0.3896 0.4158 0.4744
0.358 0.43628 0.5088
0.364 0.42696 0.5008
0.308 0.38976 0.5004
0.3396 0.41156 0.4808
0.3272 0.3936 0.4684
0.3404 0.42868 0.5044
0.2852 0.378 0.526
0.3052 0.39792 0.5116
0.334 0.39672 0.4732
0.4016 0.4498 0.488
0.344 0.40796 0.4676
0.2916 0.39816 0.5408
0.3468 0.41572 0.55
0.3288 0.39696 0.5676
0.3024 0.37232 0.4324
0.324 0.40072 0.4904
0.3116 0.36668 0.39
0.334 0.36724 0.4176
0.3132 0.38336 0.4664
0.2696 0.36328 0.4452
0.2904 0.38244 0.5148
0.3048 0.35932 0.4108
0.2664 0.364 0.4604
0.3048 0.36332 0.4276
0.2872 0.36316 0.4548
0.298 0.37556 0.46
0.2596 0.32768 0.3836
0.3008 0.36272 0.4284
0.278 0.37508 0.438
0.284 0.37736 0.4496
0.2756 0.35308 0.4644
0.2892 0.37832 0.4372
0.262 0.34292 0.4444
0.2912 0.34944 0.43
0.3304 0.38284 0.436
0.2708 0.34328 0.3808
0.3004 0.37376 0.4588
0.2968 0.34884 0.4604
0.2944 0.3516 0.4152
0.3032 0.35108 0.4176
0.3248 0.3748 0.4524
0.3132 0.37012 0.424
0.3272 0.35812 0.422
0.2812 0.3762 0.542
0.2628 0.34684 0.4072
0.2844 0.36592 0.4492
0.306 0.35904 0.49
0.2944 0.3506 0.4288
0.2784 0.35136 0.4044
0.3196 0.37136 0.4392
0.3416 0.38728 0.4828
0.3048 0.36112 0.4252
0.3032 0.36616 0.4168
0.294 0.36816 0.464
0.36 0.39524 0.4672
0.3364 0.3718 0.418
0.256 0.33384 0.3776
0.3472 0.37372 0.426
0.3032 0.37448 0.4408
0.2976 0.37984 0.5068
0.2916 0.33428 0.3684
0.3264 0.38056 0.4268
0.3128 0.3486 0.3892
0.314 0.36932 0.402
0.2732 0.34684 0.436
0.304 0.36596 0.4728
0.2748 0.35016 0.4376
0.2644 0.33964 0.398
0.2952 0.33836 0.3972
0.31 0.361 0.4208
0.27 0.34824 0.442
0.2532 0.33896 0.4652
0.2636 0.33696 0.4196
0.2792 0.32576 0.398
0.2712 0.33104 0.4036
0.288 0.3512 0.4236
0.2592 0.33804 0.382
0.2728 0.34712 0.438
0.2716 0.32632 0.3972
0.2952 0.36836 0.442
0.3188 0.37536 0.4952
0.314 0.37604 0.4324
0.2756 0.3558 0.416
0.3044 0.36112 0.4656
0.2628 0.37076 0.5536
0.2724 0.368 0.5116
0.3028 0.34788 0.4116
0.3468 0.38956 0.4336
0.2664 0.36116 0.4724
0.338 0.36256 0.3888
0.302 0.36396 0.4512
0.3104 0.38796 0.4508
0.2808 0.35628 0.4412
0.29 0.39008 0.4884
0.3224 0.38936 0.4664
0.2724 0.38484 0.4524
0.3512 0.40044 0.506
0.3256 0.36572 0.4152
0.2764 0.34024 0.3964
0.3028 0.368 0.4668
0.276 0.35816 0.4436
0.264 0.37612 0.4668
0.3312 0.36756 0.4176
0.3048 0.35552 0.41
0.306 0.35856 0.434
0.306 0.37068 0.5092
0.3096 0.36972 0.4304
0.25 0.34888 0.4464
0.26 0.32744 0.4236
0.2924 0.34776 0.426
0.2668 0.34552 0.4036
0.2584 0.3254 0.4264
0.26 0.3322 0.398
0.2796 0.34336 0.3832
0.274 0.35396 0.4676
0.2972 0.34 0.4044
0.27 0.3332 0.3664
0.3136 0.36748 0.4808
0.2864 0.3662 0.422
0.3068 0.33464 0.3664
0.2924 0.365 0.5
0.2968 0.34416 0.3988
0.2876 0.34016 0.4364
0.3004 0.34804 0.414
0.2696 0.35764 0.4352
0.2688 0.335 0.4524
0.2844 0.33684 0.3976
0.256 0.34696 0.394
0.2892 0.34828 0.4164
0.2696 0.3186 0.3828
0.2556 0.29832 0.3976
0.2328 0.28564 0.346
0.2576 0.30104 0.37
0.236 0.30156 0.3812
0.2584 0.31136 0.3676
0.2748 0.30416 0.3464
0.2424 0.29328 0.332
0.2592 0.30404 0.4248
0.2288 0.27544 0.35
0.2604 0.3 0.3592
0.2476 0.28968 0.3228
0.2456 0.32468 0.372
0.2632 0.2986 0.3404
0.2768 0.31284 0.408
0.2592 0.30044 0.37
0.2544 0.29984 0.3632
0.2524 0.31796 0.3912
0.2724 0.33096 0.3876
0.2468 0.29252 0.352
0.2452 0.29336 0.3308
0.2492 0.28784 0.346
0.2352 0.28268 0.3472
0.228 0.27808 0.3044
0.2628 0.2896 0.3372
0.2352 0.26916 0.298
0.2576 0.29924 0.356
0.2176 0.27228 0.3724
0.2048 0.27532 0.318
0.2344 0.27328 0.3432
0.2372 0.28688 0.3656
0.2648 0.29564 0.3412
0.2256 0.29516 0.3448
0.256 0.29852 0.3396
0.2612 0.31164 0.3688
0.2356 0.29944 0.3548
0.2624 0.31512 0.372
0.2748 0.31112 0.4128
0.2388 0.31504 0.368
0.2532 0.28592 0.3172
0.2444 0.31352 0.3988
0.2376 0.30884 0.3728
0.2356 0.30548 0.3992
0.2264 0.309 0.3836
0.2468 0.29784 0.394
0.2336 0.27696 0.3168
0.2276 0.29688 0.35
0.2476 0.31792 0.376
0.2488 0.29564 0.3348
0.282 0.33288 0.4116
0.256 0.30348 0.3508
0.2836 0.34936 0.3876
0.2524 0.34076 0.402
0.2872 0.33372 0.4252
0.292 0.31584 0.3364
0.2544 0.334 0.422
0.2368 0.33688 0.4152
0.2508 0.30728 0.3572
0.2488 0.3282 0.4096
0.2856 0.33308 0.3856
0.2768 0.32472 0.3984
0.3096 0.3368 0.3716
0.2864 0.3318 0.3908
0.2608 0.37212 0.4252
0.2912 0.34624 0.3804
0.2324 0.35136 0.4196
0.2836 0.34808 0.4492
0.2868 0.33496 0.3852
0.302 0.34788 0.4036
0.2484 0.31544 0.4104
0.2816 0.34616 0.3972
0.2644 0.34228 0.3712
0.28 0.35116 0.4172
0.2852 0.34768 0.4476
0.3136 0.35072 0.404
0.272 0.34308 0.4292
0.27 0.32684 0.406
0.3188 0.37188 0.4288
0.2876 0.33304 0.4232
0.2588 0.33116 0.3828
0.272 0.32992 0.4352
0.2668 0.33404 0.3828
0.2424 0.30524 0.3832
0.2568 0.305 0.3456
0.2588 0.31288 0.404
0.2432 0.30604 0.3828
0.2528 0.3222 0.3868
0.244 0.33596 0.4596
0.2632 0.34908 0.4712
0.2588 0.35536 0.4668
0.2556 0.30816 0.4048
0.2656 0.32976 0.4024
0.2884 0.32992 0.384
0.2688 0.33176 0.392
0.2524 0.302 0.3376
0.2772 0.32644 0.4
0.2632 0.33068 0.3776
0.2644 0.32648 0.398
0.2448 0.29712 0.3444
0.246 0.3016 0.3768
0.2744 0.35604 0.4668
0.2432 0.31872 0.4336
0.2644 0.32868 0.4436
0.2976 0.33884 0.3824
0.2508 0.30356 0.3668
0.25 0.33392 0.4072
0.248 0.33784 0.4884
0.2076 0.32152 0.3816
0.2728 0.33384 0.4312
0.2408 0.31232 0.3816
0.2816 0.32656 0.3784
0.284 0.31924 0.4148
0.2568 0.311 0.4308
0.2512 0.33172 0.4212
0.2556 0.32968 0.4152
0.2324 0.31592 0.4608
0.2468 0.31972 0.4116
0.2616 0.33524 0.4412
0.2856 0.331 0.4112
0.2184 0.28628 0.37
0.228 0.2958 0.3716
0.2488 0.34228 0.5016
0.226 0.30392 0.3708
0.278 0.35024 0.4128
0.2984 0.4124 0.4904
0.2712 0.34784 0.4456
0.2448 0.35156 0.5528
0.3372 0.38216 0.4856
0.2812 0.42836 0.534
0.2908 0.37092 0.496
0.3312 0.4004 0.4916
0.2812 0.37364 0.4696
0.2964 0.382 0.4732
0.3024 0.38164 0.4868
0.276 0.38592 0.48
0.2672 0.38752 0.4844
0.2844 0.40596 0.536
0.2764 0.39936 0.4624
0.2664 0.38932 0.5416
0.2992 0.41096 0.5968
0.2784 0.39436 0.518
0.3168 0.44844 0.558
0.294 0.4194 0.5964
0.2888 0.39892 0.574
0.3252 0.4316 0.5212
0.3352 0.42116 0.5948
0.3248 0.41416 0.5512
0.3464 0.41044 0.4688
0.3 0.37728 0.4464
0.318 0.40688 0.4688
0.3692 0.42016 0.4692
0.3136 0.41424 0.5292
0.3116 0.41724 0.5208
0.2996 0.38984 0.5076
0.3004 0.36188 0.492
0.338 0.37648 0.4864
0.2764 0.40256 0.5156
0.2972 0.36916 0.4852
0.2908 0.39804 0.5012
0.2608 0.38844 0.4728
0.3576 0.42164 0.5476
0.3252 0.39308 0.5004
0.346 0.41736 0.5336
0.3524 0.41556 0.5388
0.3016 0.3718 0.4652
0.3008 0.39276 0.45
0.3092 0.3908 0.4832
0.2596 0.41488 0.5124
0.3512 0.41548 0.5488
0.3532 0.46676 0.5988
0.3164 0.43556 0.5568
0.284 0.39392 0.4956
0.3224 0.42328 0.516
0.2828 0.3732 0.4632
0.3116 0.42036 0.5292
0.3388 0.42012 0.4952
0.3628 0.39492 0.4448
0.3228 0.41224 0.4788
0.3264 0.41544 0.4764
0.3216 0.39384 0.4708
0.3264 0.39676 0.542
0.274 0.34232 0.4068
0.2984 0.38172 0.4704
0.3344 0.38252 0.4344
0.2932 0.3622 0.4932
0.2884 0.37184 0.5176
0.334 0.41088 0.4788
0.2996 0.40164 0.5024
0.332 0.39472 0.4664
0.3124 0.37704 0.4292
0.2832 0.3708 0.4528
0.3144 0.41176 0.49
0.2596 0.36392 0.4916
0.3148 0.41112 0.5244
0.288 0.38764 0.5348
0.3128 0.41356 0.5564
0.3408 0.43096 0.5428
0.3116 0.40292 0.516
0.3368 0.43956 0.5572
0.2956 0.42148 0.5328
0.326 0.39264 0.5204
0.314 0.38928 0.4868
0.3036 0.37628 0.4288
0.3248 0.39244 0.522
0.286 0.40536 0.5636
0.2748 0.37608 0.4448
0.282 0.39392 0.472
0.2948 0.38268 0.4664
0.38 0.43112 0.4604
0.3304 0.43896 0.5632
0.3104 0.41244 0.5612
0.3412 0.40172 0.4716
0.3196 0.3864 0.4864
0.244 0.43684 0.5316
0.3384 0.42132 0.5212
0.3816 0.44024 0.5152
0.3376 0.41336 0.4816
0.3444 0.39292 0.4592
0.2868 0.41588 0.4808
0.3608 0.43144 0.556
0.3392 0.42096 0.5384
0.3708 0.43788 0.5336
0.3316 0.42968 0.5956
0.3524 0.4538 0.5276
0.3648 0.41396 0.4864
0.3472 0.43976 0.5424
0.3688 0.44096 0.5124
0.3576 0.46044 0.5876
0.4032 0.4676 0.5572
0.3544 0.4266 0.476
0.3496 0.4478 0.5248
0.384 0.45988 0.6
0.3556 0.44736 0.5508
0.3312 0.45236 0.6
0.3164 0.41516 0.488
0.3656 0.4386 0.56
0.3092 0.40392 0.4876
0.3472 0.41028 0.5516
0.3492 0.42456 0.5304
0.3812 0.4376 0.5076
0.3244 0.42816 0.5748
0.3228 0.42644 0.4968
0.3592 0.45656 0.5892
0.3784 0.44736 0.5104
0.392 0.46544 0.5252
0.416 0.45788 0.5036
0.3924 0.43432 0.5188
0.3296 0.43836 0.5004
0.364 0.4442 0.5256
0.3468 0.43144 0.4824
0.2888 0.39612 0.5128
0.3752 0.44144 0.5908
0.3228 0.4398 0.5384
0.3316 0.4176 0.5184
0.3252 0.41212 0.4676
0.3388 0.4312 0.522
0.328 0.40212 0.4484
0.402 0.44596 0.5136
0.3148 0.41704 0.486
0.3296 0.43816 0.5812
0.3588 0.43052 0.4944
0.3788 0.45072 0.576
0.2684 0.39644 0.5212
0.3708 0.4598 0.6
0.3404 0.41508 0.506
0.37 0.46328 0.528
0.346 0.44672 0.528
0.3348 0.45452 0.5944
0.3332 0.43444 0.5468
0.3696 0.44948 0.5784
0.3952 0.43356 0.5096
0.3188 0.43232 0.5196
0.3712 0.43048 0.5836
0.4052 0.4478 0.4956
0.368 0.4436 0.5628
0.3752 0.446 0.528
0.3632 0.43512 0.5724
0.4004 0.455 0.5368
0.3344 0.44648 0.5104
0.356 0.45108 0.5824
0.4028 0.46724 0.5448
0.4124 0.4778 0.6
0.3364 0.45556 0.5244
0.4284 0.47576 0.5412
0.372 0.48436 0.5916
0.4016 0.46684 0.5528
0.3108 0.4366 0.5348
0.3892 0.4554 0.5644
0.3304 0.462 0.6
0.3584 0.42492 0.5424
0.2984 0.4 0.4796
0.32 0.40808 0.47
0.3124 0.39488 0.5768
0.332 0.43652 0.5984
0.3452 0.3904 0.4608
0.3272 0.39696 0.4372
0.2824 0.3562 0.4844
0.3276 0.39504 0.4716
0.2488 0.35884 0.48
0.272 0.34112 0.4216
0.2892 0.34388 0.4536
0.2768 0.34252 0.4028
0.2708 0.35752 0.498
0.268 0.35792 0.4488
0.2588 0.34996 0.538
0.3096 0.36376 0.4724
0.2936 0.359 0.4332
0.3224 0.388 0.4784
0.2752 0.38168 0.4828
0.3252 0.40648 0.5
0.33 0.40808 0.446
0.2788 0.36528 0.554
0.3124 0.38884 0.4356
0.2948 0.35344 0.4192
0.2752 0.35232 0.432
0.3372 0.37464 0.4212
0.2904 0.34568 0.4364
0.2988 0.38224 0.4508
0.3072 0.38808 0.4292
0.2692 0.37952 0.4464
0.3184 0.38716 0.48
0.3012 0.3702 0.4456
0.3164 0.37624 0.4424
0.3236 0.37812 0.4208
0.2676 0.34656 0.4048
0.298 0.37968 0.4608
0.3068 0.36944 0.4684
0.3124 0.37404 0.45
0.3156 0.3892 0.5164
0.2828 0.39492 0.46
0.2904 0.39136 0.4696
0.2928 0.38436 0.5328
0.3092 0.376 0.448
0.3176 0.38256 0.4296
0.3464 0.42084 0.5432
0.3416 0.39076 0.4272
0.3372 0.37716 0.4508
0.306 0.37616 0.4552
0.3388 0.39344 0.4788
0.3224 0.37964 0.4452
0.3544 0.4222 0.5468
0.3316 0.42636 0.522
0.3612 0.42692 0.5268
0.3408 0.42872 0.5172
0.3452 0.41956 0.4788
0.3708 0.42312 0.5368
0.3828 0.445 0.5768
0.4248 0.45848 0.4776
0.368 0.43668 0.5004
0.334 0.42276 0.5448
0.3304 0.41312 0.5112
0.3388 0.38504 0.4384
0.3052 0.41036 0.5244
0.3388 0.39524 0.4588
0.3044 0.4054 0.4912
0.3472 0.40212 0.4764
0.2996 0.38876 0.5292
0.3432 0.39808 0.4864
0.2828 0.3718 0.4952
0.2636 0.34672 0.44
0.298 0.3786 0.458
0.302 0.3598 0.4464
0.288 0.36852 0.4484
0.268 0.35532 0.4692
0.324 0.40388 0.4868
0.304 0.37932 0.4784
0.306 0.37744 0.5196
0.336 0.39476 0.5816
0.2556 0.41608 0.5352
0.3612 0.428 0.5044
0.3792 0.44344 0.4948
0.3424 0.45064 0.5356
0.436 0.47972 0.5292
0.3248 0.44272 0.5252
0.388 0.452 0.5556
0.4144 0.48208 0.5724
0.3728 0.43424 0.5212
0.3608 0.44916 0.5244
0.4152 0.4754 0.5372
0.3464 0.4934 0.594
0.3768 0.461 0.5304
0.386 0.45528 0.5924
0.3132 0.44776 0.5172
0.3896 0.4746 0.5952
0.3772 0.46628 0.5616
0.3828 0.47836 0.6
0.438 0.48564 0.5472
0.3412 0.48376 0.5368
0.3976 0.4752 0.5488
0.396 0.46708 0.5336
0.3696 0.46384 0.5956
0.41 0.49068 0.5748
0.3924 0.46964 0.5444
0.4128 0.46608 0.5292
0.3436 0.46544 0.5504
0.4356 0.50652 0.6
0.3788 0.45884 0.5424
0.342 0.45036 0.512
0.344 0.46552 0.5408
0.3192 0.47064 0.6
0.3476 0.41644 0.5124
0.3604 0.42652 0.5408
0.3588 0.47576 0.562
0.4036 0.50168 0.5912
0.3856 0.48788 0.5852
0.3888 0.47464 0.5492
0.392 0.47836 0.5512
0.3916 0.51436 0.6
0.4152 0.4704 0.5288
0.4116 0.47864 0.592
0.4348 0.47936 0.5808
0.4228 0.49472 0.5436
0.4144 0.481 0.534
0.4028 0.4588 0.5348
0.3384 0.48004 0.5988
0.4048 0.49504 0.6
0.4264 0.49064 0.5692
0.4132 0.48392 0.5868
0.4044 0.47372 0.556
0.4448 0.47788 0.548
0.4264 0.48828 0.568
0.4048 0.46788 0.5184
0.3548 0.46728 0.5704
0.4096 0.48632 0.6
0.3832 0.46396 0.5328
0.398 0.46932 0.5348
0.3516 0.45724 0.5216
0.3652 0.4554 0.5028
0.402 0.44728 0.5388
0.4104 0.4698 0.5232
0.376 0.43588 0.5104
0.3792 0.47252 0.5724
0.4136 0.4858 0.5984
0.3864 0.49792 0.6
0.4164 0.4844 0.5648
0.4092 0.47776 0.5316
0.3992 0.48248 0.598
0.4244 0.47132 0.496
0.4324 0.49376 0.5792
0.4276 0.45648 0.554
0.3972 0.47308 0.556
0.4196 0.47712 0.5708
0.3792 0.4694 0.5556
0.4048 0.48884 0.6
0.3224 0.47364 0.5488
0.3988 0.4986 0.584
0.4068 0.4566 0.5104
0.4148 0.51376 0.5832
0.3272 0.4476 0.5864
0.418 0.44748 0.4848
0.3712 0.4636 0.5644
0.3688 0.4474 0.4984
0.384 0.43536 0.526
0.3364 0.40436 0.4584
0.3912 0.43204 0.4848
0.344 0.39544 0.4436
0.3608 0.41724 0.4716
0.3352 0.43932 0.5244
0.3684 0.4264 0.5008
0.4316 0.47272 0.5176
0.3908 0.4398 0.5068
0.3488 0.447 0.5348
0.3876 0.44316 0.496
0.3552 0.4418 0.514
0.3804 0.43448 0.5316
0.3552 0.41196 0.4952
0.4092 0.44 0.4692
0.3984 0.45496 0.5292
0.41 0.47564 0.5336
0.4052 0.46844 0.5228
0.3272 0.4468 0.4984
0.3796 0.4438 0.5056
0.3872 0.46136 0.5344
0.4172 0.45496 0.5072
0.3316 0.42448 0.5128
0.3668 0.42776 0.5072
0.3612 0.4036 0.4476
0.3536 0.42264 0.4872
0.3744 0.4324 0.482
0.3876 0.42252 0.474
0.3792 0.42572 0.47
0.3948 0.43524 0.482
0.354 0.41224 0.4696
0.358 0.4288 0.4656
0.3864 0.43696 0.4976
0.3652 0.44012 0.5264
0.36 0.41212 0.5352
0.3368 0.4468 0.542
0.3724 0.43236 0.532
0.3944 0.44512 0.5128
0.3752 0.42792 0.4632
0.3484 0.40264 0.4648
0.3796 0.42732 0.476
0.36 0.42244 0.474
0.3628 0.42184 0.4816
0.3808 0.42648 0.4684
0.3844 0.42032 0.464
0.356 0.44644 0.5544
0.3608 0.43316 0.4832
0.364 0.43812 0.5464
0.3908 0.45852 0.5468
0.3956 0.42612 0.4596
0.3836 0.43988 0.5016
0.376 0.43084 0.4964
0.3964 0.44208 0.5468
0.3376 0.44664 0.5176
0.3728 0.42668 0.4952
0.4024 0.45372 0.4964
0.364 0.42524 0.4992
0.3716 0.45208 0.5544
0.3584 0.44636 0.5024
0.3728 0.45208 0.4956
0.382 0.47672 0.5944
0.4 0.44956 0.538
0.4052 0.4756 0.5536
0.3872 0.46472 0.5244
0.4136 0.45932 0.5304
0.3376 0.44936 0.526
0.3888 0.47984 0.6
0.396 0.4598 0.5608
0.3556 0.43012 0.518
0.3948 0.44088 0.498
0.4256 0.459 0.4968
0.3664 0.43016 0.4756
0.3964 0.46688 0.5516
0.4116 0.4626 0.5424
0.3468 0.44452 0.5048
0.3316 0.42556 0.56
0.3972 0.45912 0.5116
0.3644 0.43092 0.5
0.398 0.4534 0.5144
