-2406.88960076 -2040.90307683 -1813.04219936
-2416.11298952 -1991.30887007 -1711.25048401
-2306.14102249 -2078.27719843 -1791.35186619
-2093.44639828 -1925.0558321 -1616.34478904
-2094.34347515 -1878.18627716 -1641.26619346
-2130.13222551 -1785.39790709 -1621.65213485
-1966.51249713 -1708.47330766 -1524.24473543
-1915.91801942 -1730.7898943 -1195.99613818
-2171.408274 -1800.42134654 -1539.86618399
-1966.41266932 -1674.35572329 -1349.76730242
-2098.22123825 -1748.75813021 -1477.84793938
-2195.99828013 -1604.48461721 -1274.91612791
-1675.80805445 -1432.87583876 -1290.1947059
-1877.48685671 -1610.37025991 -1428.63360917
-1894.97651267 -1630.80455055 -1444.75077506
-1907.28985295 -1557.57564708 -1288.52823559
-2021.42046176 -1511.07655697 -1264.49533615
-1753.26271002 -1509.23757942 -1190.57180933
-1646.55359096 -1468.98927074 -1240.0571083
-1822.11266039 -1508.97540103 -1241.28272881
-1639.29727579 -1423.98940024 -1032.14450267
-2422.01059261 -1540.69773651 -1189.80219076
-1549.64354068 -1398.19953014 -1134.84059512
-1927.08123726 -1436.71692054 -1182.80574085
-1656.62219095 -1377.56586884 -1049.13189913
-1595.36504085 -1341.4450916 -1079.94823704
-1659.75452317 -1330.93673934 -1108.02898231
-1793.96691537 -1226.51253663 -830.479110034
-1480.89716635 -1274.73617358 -996.285343672
-1516.88177301 -1261.85322979 -1014.61774915
-1498.32361342 -1152.12188402 -878.943702574
-1690.94281953 -1249.87443952 -823.225756707
-1426.0645495 -1241.54544167 -1024.66596537
-1506.00908702 -1098.61489523 -921.627312285
-1327.10851705 -1078.69952812 -629.874857781
-1443.78343885 -1155.93674597 -867.250618482
-1650.04319349 -1106.83590801 -917.884869056
-1318.39982891 -1091.85240633 -779.349615602
-1550.7618177 -1157.23949021 -819.536514751
-1329.07931813 -921.208328936 -708.293550293
-1534.62007319 -996.310759835 -694.9083007
-1096.5714523 -949.700429125 -711.18848703
-1424.03756306 -827.659869244 -515.727964237
-1162.67896114 -784.382991531 -405.771770447
-1070.41135066 -811.552531757 -625.010029386
-1486.65989898 -828.986517983 -480.489517086
-1157.27066004 -892.624513078 -570.633758074
-947.253894468 -803.912324441 -497.655894492
-3412.61041199 -937.58137977 -379.456380926
-898.0109425 -646.485696879 -319.730566237
-2513.24520628 -917.016618842 -480.040680332
-7850.72307161 -1542.24902778 -351.686822117
-1164.61010876 -792.586685846 -412.347214043
-3071.46393246 -949.951396044 -500.7616734
-7273.53910794 -1794.64732121 -350.619689689
-1535.1305414 -811.188049016 -398.569099963
-4163.11192443 -1005.67316034 -176.807043657
-4188.32084364 -1055.45704385 -336.734744283
-2906.79763166 -907.846454889 -407.196203621
-5468.64449552 -1448.25380029 -288.953661367
-2454.15783918 -1013.50517134 -526.346445848
-2261.10826536 -924.707610483 -481.165489682
-3399.73888184 -1220.78171986 -313.529290588
-3316.88072615 -1234.96888748 -516.776370649
-3922.51761149 -1114.68711858 -391.785291992
-2243.8872202 -1824.7780068 -1436.83899594
-2282.17206098 -1880.52490083 -1591.28164777
-2253.33258915 -1851.94786017 -1246.47547816
-2278.96884008 -1860.08857473 -1351.01737095
-2258.85926819 -1843.98824456 -1528.1700564
-2104.89524157 -1871.36897202 -1477.12864374
-2291.60481069 -1868.89725545 -1466.89339904
-2379.6359747 -2107.63681202 -1599.04240918
-2226.03582363 -1784.55941277 -1459.91755859
-2277.04557295 -1910.35587536 -1384.61075832
-2399.60587026 -2069.06268208 -1770.67392236
-2403.53956471 -1908.15432686 -1488.60262806
-2021.19416448 -1665.89944216 -1271.23669479
-2138.48693472 -1907.69042946 -1351.94945265
-2168.23000525 -1888.43539597 -1305.33998468
-2150.22295392 -1750.24194825 -1318.61538687
-2311.49689144 -1915.22425071 -1477.7014867
-2129.07921092 -1626.40639886 -1222.13900201
-1928.72325406 -1722.42558019 -1230.22401954
-2492.45580413 -1719.64453564 -1237.87952116
-2211.55630223 -1752.06604878 -1398.55126926
-2302.99191562 -2041.24601683 -1691.80067659
-2375.7894376 -2035.18087408 -1491.05068895
-2354.51526312 -1819.69631375 -1288.78209849
-2241.45613217 -1742.6639333 -1378.56011574
-2301.35183351 -1856.80689964 -1480.46604208
-2041.11933298 -1752.58742614 -1265.18715896
-2105.83690202 -1715.9687418 -1059.40384717
-2285.43695275 -1847.55276254 -1396.52356339
-2148.07794966 -1782.51009955 -1529.11596383
-2287.34343697 -1782.73851931 -1283.79453518
-2189.79565805 -1680.91843175 -1188.68825748
-2280.37482749 -1808.80039777 -1272.47880631
-1971.09635171 -1703.97246577 -1540.67147226
-2124.86097246 -1505.42426848 -930.626716572
-2010.57111748 -1705.47431794 -1310.52822483
-1932.61520416 -1759.57910018 -1471.37830686
-2081.06712797 -1701.55795451 -1293.00370527
-2158.18301297 -1754.72741751 -1353.61765482
-3609.65872499 -1874.8229789 -1509.86371468
-2273.55364662 -1835.88679242 -1362.94371812
-1984.75346805 -1754.19125532 -1611.08999888
-2112.34433483 -1861.09384145 -1591.46340074
-2024.09315403 -1753.07725724 -1447.85853627
-2205.0088558 -1647.03626264 -1051.41994264
-2015.99514793 -1711.95365652 -1328.67055015
-2324.41316805 -1955.07189409 -1532.33765641
-2243.86376151 -1933.72387326 -1552.21723389
-2043.39213667 -1818.60358957 -1273.63497352
-2045.84163781 -1718.1807143 -1275.6260122
-2063.99998581 -1673.87891242 -1170.25246947
-2290.4813318 -1836.17922181 -1639.37855968
-2117.90879079 -1817.23533629 -1587.49645021
-1960.20131555 -1790.84443804 -1605.68876548
-2206.00056365 -1960.25877174 -1772.46893258
-2186.69392192 -1836.04126989 -1648.88316212
-2192.91418061 -1683.24217222 -1368.61315053
-1938.07299245 -1625.24257635 -1199.32024866
-2102.80198723 -1570.71430158 -1005.49367907
-1959.49961522 -1744.65498192 -1358.56943214
-2157.98609775 -1710.55761562 -1446.98560575
-1896.30835831 -1667.72552101 -1216.0109208
-1872.13991667 -1680.59116498 -1407.3919715
-1872.72323148 -1591.39949103 -1209.71861922
-2000.88822484 -1627.93478758 -1068.15895879
-2077.46628092 -1635.43851293 -1239.78333719
-2043.49906679 -1726.5904551 -1163.00731804
-1807.64353303 -1551.40940623 -1020.06336396
-2176.80318934 -1887.04531736 -1615.52666655
-1802.52682189 -1618.9633624 -1193.97358826
-2010.38570439 -1800.37089392 -1550.32247312
-2248.17732325 -1918.2877511 -1685.32681553
-1966.30967765 -1635.58989304 -982.684433544
-1839.32559567 -1545.90528165 -939.858731082
-1902.89002533 -1599.43090624 -1425.83744524
-2124.1780326 -1781.78077459 -1551.3870453
-1909.49553826 -1678.17971703 -1394.93382187
-1916.32755896 -1681.35630178 -1417.42604318
-2063.82728184 -1885.14443852 -1645.31124596
-1914.09480148 -1783.4192476 -1081.41984527
-1835.12344077 -1532.19670853 -1067.95066772
-2021.8035925 -1683.41431338 -1370.82928212
-1986.44124541 -1556.20006494 -1242.30783983
-1976.05834213 -1611.80289413 -958.553143962
-1937.44747412 -1649.78347559 -1077.04839154
-1891.98767037 -1545.54283681 -1032.83724277
-2127.49574638 -1589.51044045 -1356.95282628
-1968.44362702 -1591.83064708 -866.577532641
-2097.9760372 -1751.85453805 -1366.39442436
-1893.10505633 -1366.93041801 -1004.56378785
-1959.28065741 -1602.90893478 -1123.180732
-1798.05369077 -1529.56059161 -1151.66539178
-1981.14910471 -1555.39511386 -1279.0844215
-2046.28922555 -1612.75312046 -1225.85498511
-1982.42460171 -1548.69173823 -982.53906471
-1818.79959242 -1469.86710125 -1101.41426852
-2086.47117874 -1689.19438523 -1372.88127081
-1795.8169244 -1462.00635777 -1075.90854652
-1769.98709709 -1458.69369671 -991.673611066
-1830.78679559 -1520.80603732 -1184.59823965
-1682.26893554 -1391.72904052 -1080.08004589
-1654.43998931 -1312.55439181 -879.102599689
-2066.43984208 -1831.45040742 -1657.72059806
-1836.64327774 -1533.48888267 -1347.85345451
-1656.45223232 -1397.68190272 -1139.46077289
-1839.57138222 -1478.09703521 -1019.03513736
-1856.7788076 -1435.21846966 -1098.28775439
-2026.51772212 -1656.45811552 -1197.25452814
-1412.09521823 -1331.82126413 -1240.67697183
-1989.31523119 -1614.98055748 -1373.94405835
-1641.9563848 -1473.47805258 -1364.16668279
-1810.67175312 -1486.31746013 -1019.82658255
-1991.22298988 -1495.99409202 -1138.61295757
-1688.60769853 -1405.29777553 -1184.8547479
-1508.51579296 -1304.64962409 -1080.2674827
-1623.41351586 -1319.49930598 -1028.86773979
-1790.93137894 -1537.73467236 -1324.01415884
-1787.01457254 -1435.89017017 -1071.42202841
-1576.09847892 -1377.42176394 -1220.82466377
-1676.10882665 -1445.76451977 -1088.47465974
-1739.98004779 -1345.63105681 -798.124583069
-1836.3583016 -1385.24409362 -793.210244811
-1610.84970054 -1269.74945866 -962.439295209
-1721.88526343 -1457.10420363 -1261.90316531
-1727.49240735 -1444.65538153 -872.825592272
-1407.74337669 -1190.8490298 -803.168061887
-1716.47162043 -1353.99135849 -825.598228838
-1747.80843572 -1472.24516128 -869.369689752
-1747.00085667 -1477.95115917 -1090.0661713
-1835.76450445 -1279.50569467 -979.814838226
-1519.39884246 -1275.7009666 -1048.58512296
-1746.49841354 -1279.983686 -946.859950927
-1626.43830213 -1477.07856202 -1174.11725589
-1446.07646562 -1078.42752872 -699.87201723
-1889.85518056 -1352.21641254 -958.698618153
-1502.60996693 -1339.06601459 -910.694577732
-1599.50826796 -1283.11221608 -1037.65350331
-1544.84430824 -1141.08657984 -884.127841522
-1642.10949624 -1365.82916051 -894.483126788
-1726.10747355 -1343.01236967 -1079.18649125
-1515.48444975 -1309.71499804 -1051.31219915
-1769.00342738 -1297.65527308 -793.62652959
-1492.28160702 -1202.72423558 -947.914116132
-1326.02994903 -1119.19418129 -895.170461473
-1528.11257793 -941.449045159 -565.0685292
-1460.7676315 -1164.15866209 -990.42680951
-1665.77108505 -1127.99572763 -807.002588575
-1331.61148154 -1077.94324764 -860.310297604
-1526.71853077 -1284.24376257 -728.243300452
-1532.42207707 -1127.2625435 -605.046265216
-1608.03423246 -1284.92656407 -916.466462709
-1432.45204888 -1269.41066493 -1051.81979585
-1560.86259971 -1216.70001546 -914.141967147
-1238.74616877 -930.53298205 -718.579164485
-1458.63870786 -1162.98630541 -780.354269944
-1500.40992098 -1230.19963214 -936.432985708
-1542.09522236 -1301.05496935 -1122.35693586
-1480.89033587 -1118.45402637 -943.181460689
-1339.33795703 -1192.90088392 -960.999931673
-1417.5282938 -1070.7336348 -711.367647186
-1526.89722349 -1152.10813494 -739.985513023
-1214.88062443 -1059.37318224 -867.281506288
-1383.0951282 -1134.87076206 -795.887492234
-1410.09140681 -1167.92176835 -862.518631175
-1689.86427004 -1161.8271451 -666.331301981
-1364.84329014 -1151.60838551 -973.509053238
-1446.35446112 -1115.99998109 -633.798770329
-1433.41277272 -1205.04225086 -905.126219448
