0.20172 0.335276 0.52724
0.23248 0.328944 0.4852
0.24376 0.323548 0.42848
0.20796 0.298552 0.37676
0.20332 0.254344 0.40176
0.21828 0.2736 0.34024
0.19768 0.221692 0.26312
0.20156 0.222864 0.25064
0.20072 0.257732 0.3206
0.19176 0.215732 0.24988
0.17836 0.201896 0.22848
0.18208 0.209212 0.23796
0.1746 0.196432 0.20928
0.17228 0.194492 0.2184
0.17836 0.189284 0.20172
0.18868 0.202124 0.22384
0.17944 0.199452 0.21896
0.17432 0.205944 0.24972
0.17452 0.19408 0.21544
0.17404 0.192676 0.21776
0.16224 0.175832 0.19552
0.1738 0.187652 0.20044
0.17132 0.18784 0.19848
0.16824 0.183144 0.20664
0.15832 0.179492 0.19632
0.16992 0.185196 0.2038
0.15868 0.174584 0.20208
0.15808 0.180212 0.19524
0.16912 0.181816 0.20432
0.17956 0.186772 0.1998
0.16712 0.193464 0.22044
0.177 0.19374 0.22328
0.18284 0.198668 0.2152
0.1638 0.182332 0.22412
0.1758 0.18908 0.20268
0.17004 0.192128 0.22004
0.14764 0.17668 0.22868
0.17072 0.192796 0.22944
0.16548 0.178948 0.20032
0.18216 0.19256 0.20976
0.18172 0.204604 0.2202
0.16852 0.186412 0.20268
0.17688 0.198284 0.23412
0.15756 0.188704 0.211
0.17664 0.201928 0.23792
0.18136 0.21658 0.28924
0.18232 0.206032 0.24904
0.16616 0.213016 0.2596
0.18856 0.239328 0.29532
0.19592 0.24834 0.33752
0.19588 0.238544 0.27028
0.19616 0.246732 0.30196
0.25324 0.320996 0.42072
0.21916 0.271092 0.39436
0.24216 0.370712 0.50596
0.22572 0.364384 0.556
0.1992 0.294948 0.367
0.24504 0.41386 0.6
0.27096 0.470452 0.59408
0.25636 0.411624 0.58248
0.25236 0.4036 0.58512
0.2168 0.296836 0.44076
0.23292 0.371852 0.48408
0.23408 0.400576 0.56816
0.2588 0.344712 0.49824
0.22348 0.364204 0.56448
0.20872 0.350036 0.56208
0.19064 0.37748 0.59288
0.2232 0.317872 0.45864
0.21352 0.354224 0.5064
0.21556 0.355416 0.55088
0.18768 0.308352 0.43068
0.1976 0.29692 0.5052
0.21672 0.285136 0.35024
0.22224 0.313908 0.5028
0.1864 0.289296 0.47572
0.16524 0.26498 0.43092
0.2108 0.27482 0.3574
0.18408 0.240556 0.32536
0.16 0.256108 0.3824
0.18032 0.23304 0.30864
0.1464 0.203368 0.27096
0.15832 0.228336 0.28536
0.1566 0.203476 0.32084
0.136 0.213392 0.3298
0.15364 0.210904 0.28488
0.14872 0.192108 0.22904
0.15336 0.198204 0.34432
0.16168 0.202204 0.28964
0.15232 0.195228 0.26648
0.14244 0.183844 0.25716
0.14944 0.19346 0.27828
0.1576 0.1984 0.283
0.1418 0.210292 0.30328
0.1442 0.192316 0.2402
0.14488 0.202504 0.30232
0.13428 0.184472 0.27568
0.12876 0.191788 0.22864
0.14788 0.202188 0.26804
0.15952 0.206672 0.23736
0.15464 0.20752 0.30784
0.1646 0.246212 0.53512
0.1612 0.206196 0.262
0.19812 0.24646 0.394
0.1274 0.186552 0.28988
0.16228 0.225764 0.48108
0.12792 0.19414 0.313
0.15224 0.181824 0.20688
0.14688 0.191976 0.26892
0.12932 0.226552 0.37836
0.13836 0.202096 0.2766
0.15324 0.19684 0.25568
0.13252 0.175396 0.24768
0.13916 0.162936 0.20036
0.14708 0.186752 0.2486
0.11924 0.173696 0.30064
0.12728 0.177296 0.25024
0.14528 0.20576 0.27128
0.14008 0.2037 0.27372
0.13724 0.216124 0.34036
0.14676 0.205128 0.26784
0.15124 0.233908 0.31308
0.12312 0.18778 0.28968
0.1466 0.212744 0.31132
0.15192 0.183612 0.22664
0.1336 0.1961 0.33952
0.129 0.168696 0.2174
0.13708 0.18806 0.2642
0.15648 0.244544 0.47684
0.13292 0.200696 0.28656
0.14024 0.170528 0.22592
0.12048 0.173464 0.242
0.13332 0.195916 0.27704
0.13276 0.17976 0.25296
0.15304 0.212416 0.33304
0.13508 0.171276 0.20864
0.13864 0.201092 0.27896
0.14636 0.18896 0.23652
0.14592 0.203544 0.29456
0.13896 0.185316 0.24472
0.17476 0.231196 0.29508
0.16388 0.191028 0.21472
0.13524 0.205572 0.26708
0.1272 0.167912 0.31472
0.16892 0.2048 0.30976
0.15448 0.186552 0.29968
0.1354 0.183692 0.28628
0.14576 0.169644 0.22388
0.12132 0.177892 0.31508
0.11952 0.155792 0.19228
0.13512 0.171696 0.22028
0.13372 0.176928 0.21836
0.13212 0.166808 0.21988
0.12028 0.167264 0.28184
0.17208 0.213444 0.29032
0.13832 0.1777 0.22936
0.16032 0.184328 0.20944
0.13024 0.185108 0.2568
0.125 0.204892 0.28436
0.13664 0.183988 0.226
0.14152 0.19284 0.23436
0.13172 0.176628 0.25276
0.14652 0.177164 0.23788
0.14208 0.180044 0.22728
0.12492 0.180696 0.24188
0.14244 0.191512 0.27488
0.13824 0.194728 0.34788
0.14708 0.193076 0.27204
0.1236 0.16792 0.23428
0.12884 0.168444 0.23128
0.13952 0.180988 0.24712
0.13632 0.1665 0.21528
0.13068 0.165328 0.23428
0.1162 0.157528 0.2008
0.124 0.1557 0.21728
0.1202 0.161208 0.20192
0.1484 0.18724 0.22436
0.11584 0.155176 0.20864
0.11624 0.160128 0.19764
0.13688 0.15798 0.18684
0.14876 0.169796 0.20384
0.1526 0.180928 0.21468
0.1278 0.16338 0.24096
0.13152 0.175488 0.22432
0.13924 0.176592 0.21256
0.13828 0.197756 0.24972
0.14236 0.182752 0.30236
0.13896 0.189352 0.28908
0.14128 0.189052 0.24936
0.14196 0.169592 0.20908
0.11352 0.17036 0.24904
0.12184 0.169176 0.212
0.1282 0.1526 0.19064
0.12972 0.166516 0.20848
0.12956 0.157664 0.18912
0.13576 0.164964 0.21748
0.11812 0.158796 0.20608
0.15396 0.16792 0.18832
0.14888 0.177068 0.23884
0.1298 0.158684 0.1826
0.12532 0.15742 0.18752
0.14304 0.183608 0.22308
0.13364 0.15954 0.18468
0.13324 0.156292 0.19368
0.13084 0.15044 0.17156
0.13664 0.167204 0.21408
0.12168 0.155748 0.18592
0.10984 0.153332 0.21252
0.11844 0.152128 0.19356
0.13448 0.164064 0.19544
0.13664 0.1537 0.18096
0.1246 0.152612 0.17168
0.12192 0.153904 0.18304
0.1294 0.146572 0.16512
0.13156 0.16298 0.21368
0.11076 0.161648 0.2114
0.11884 0.152736 0.20532
0.12776 0.136912 0.14504
0.1254 0.148432 0.19864
0.13356 0.1589 0.17664
0.1412 0.163148 0.19168
0.12956 0.148296 0.16756
0.13824 0.159396 0.20092
0.12684 0.15376 0.18724
0.13448 0.156284 0.19208
0.11256 0.145092 0.1766
0.13308 0.152768 0.20016
0.13 0.155476 0.21768
0.12268 0.14376 0.19304
0.12552 0.1633 0.20028
0.12956 0.152236 0.18968
0.13728 0.153252 0.196
0.13768 0.1641 0.2164
0.12328 0.15778 0.18516
0.12284 0.141524 0.18388
0.12536 0.139984 0.15636
0.11644 0.140736 0.17548
0.12632 0.145036 0.17316
0.10864 0.14544 0.18512
0.123 0.143152 0.18992
0.133 0.153684 0.17584
0.12752 0.158356 0.19596
0.12752 0.148764 0.17388
0.11984 0.149632 0.17612
0.12836 0.147944 0.16828
0.12512 0.138832 0.17452
0.13368 0.153868 0.18396
0.13016 0.154136 0.1878
0.12652 0.159716 0.17956
0.12212 0.149984 0.1744
0.13032 0.150832 0.1806
0.12004 0.144804 0.16932
0.13036 0.154652 0.17988
0.13856 0.156076 0.17472
0.13236 0.156072 0.18888
0.12424 0.147592 0.18892
0.12176 0.149508 0.18924
0.1372 0.156156 0.17168
0.13096 0.150868 0.18952
0.13536 0.150708 0.17308
0.1268 0.14996 0.17196
0.12748 0.14886 0.20488
0.109 0.139944 0.16772
0.12188 0.136376 0.15712
0.12668 0.142416 0.17304
0.11748 0.144816 0.1652
0.10588 0.140456 0.17776
0.1256 0.14188 0.16516
0.10812 0.140864 0.16612
0.12584 0.136492 0.16988
0.11024 0.1303 0.14472
0.1162 0.140352 0.15188
0.10716 0.136924 0.15948
0.1102 0.141176 0.1636
0.12056 0.13692 0.16456
0.10552 0.1441 0.20512
0.12516 0.148616 0.17164
0.11596 0.133224 0.15236
0.11408 0.13958 0.16616
0.12404 0.149192 0.17784
0.12528 0.14404 0.1694
0.12412 0.146624 0.16924
0.12964 0.145632 0.17276
0.1298 0.147128 0.16168
0.12216 0.141468 0.18044
0.11512 0.142212 0.17132
0.12072 0.149 0.18908
0.1228 0.142492 0.15616
0.11328 0.146576 0.16464
0.12788 0.142972 0.1698
0.10072 0.139816 0.15708
0.1208 0.137336 0.1598
0.12804 0.144764 0.17484
0.12956 0.142612 0.16608
0.11988 0.137688 0.1576
0.13064 0.14772 0.16284
0.11784 0.138504 0.15676
0.10204 0.140632 0.17992
0.11896 0.135652 0.15408
0.1048 0.133716 0.15456
0.12832 0.141848 0.16324
0.12952 0.141032 0.16952
0.1286 0.139076 0.16496
0.12108 0.141188 0.16416
0.11272 0.135712 0.16068
0.131 0.148268 0.18308
0.11836 0.143932 0.16692
0.12044 0.135172 0.15036
0.1166 0.13742 0.18548
0.11592 0.130328 0.15256
0.1042 0.123804 0.14808
0.11764 0.13612 0.15052
0.10408 0.134216 0.1548
0.12136 0.14118 0.15976
0.11748 0.13472 0.167
0.11784 0.133572 0.15488
0.11748 0.139532 0.1796
0.10936 0.126428 0.13936
0.11424 0.133996 0.16328
0.11964 0.134212 0.1542
0.1108 0.13008 0.14608
0.12336 0.140664 0.16408
0.11124 0.140908 0.16568
0.12612 0.140924 0.15504
0.10428 0.13926 0.17192
0.12612 0.143016 0.15764
0.12088 0.14526 0.16752
0.12376 0.151012 0.1842
0.13168 0.145904 0.16656
0.11824 0.13822 0.17276
0.11936 0.141224 0.16176
0.11408 0.14812 0.16544
0.12316 0.136136 0.15188
0.11932 0.134864 0.16584
0.11832 0.133516 0.15328
0.11888 0.134776 0.14288
