-2837.54204294 -2418.50802781 -2139.98740808
-2537.67282041 -2351.37417601 -2183.91282433
-2571.35943547 -2384.18780388 -2141.74256132
-2393.51682602 -2228.41083271 -2122.72876472
-2389.23233002 -2289.45879778 -2254.21529135
-2489.63775721 -2283.83590306 -2158.20579759
-2544.98046419 -2290.02051405 -2177.86617375
-2273.57441315 -2213.58066272 -2116.14072292
-2458.3073601 -2268.1455412 -2130.21481163
-2462.90180198 -2262.38546415 -2149.49017477
-2386.28613559 -2243.552052 -2108.4826813
-2342.25283948 -2229.91681159 -2178.24178607
-2462.48811113 -2324.68925845 -2205.78915094
-2293.7861468 -2234.7639458 -2146.83529509
-2425.57054472 -2260.69975466 -2155.09067732
-2263.22814074 -2201.28892245 -2120.3617031
-2352.98307055 -2239.24948185 -2145.98659591
-2420.04766963 -2245.85259578 -2150.48290099
-2452.7836006 -2245.61937617 -2104.45034794
-2467.67257957 -2252.70496436 -2118.31164059
-2368.66818481 -2234.47778188 -2093.31857807
-2282.92150457 -2203.74127832 -2105.82955028
-2252.69184314 -2190.73733305 -2100.02893635
-2400.73242301 -2236.06898712 -2143.88143366
-2239.77044026 -2159.17416154 -2092.43440622
-2250.69088631 -2174.99325447 -2082.10335609
-2564.69115314 -2264.41931821 -2070.34816721
-2374.20572188 -2200.94745257 -2131.79237548
-2555.86725681 -2180.76596977 -2075.18547353
-2441.26527567 -2252.12302845 -2119.57933802
-2391.62108127 -2215.35769587 -2081.07544732
-2427.14217597 -2231.86609693 -2052.46332227
-2429.37242983 -2239.5674164 -2156.13653528
-2278.15246301 -2194.68385195 -2109.17835316
-2328.2700062 -2216.74832027 -2085.03809414
-2308.56333126 -2190.89592879 -2111.21709245
-2358.91721346 -2204.32343416 -2118.78107196
-2386.44248804 -2230.58892213 -2057.31452611
-2487.95609292 -2245.9639814 -2149.39094985
-2410.91234071 -2248.52990279 -2107.10037137
-2290.01916219 -2210.93755935 -2134.54366553
-2335.53856088 -2225.00883388 -2116.29769606
-2464.00185403 -2272.83386591 -2144.00276544
-2353.47644378 -2273.18112175 -2198.52699913
-2293.03265577 -2205.07786531 -2108.42074217
-2380.28258764 -2261.15525068 -2152.83788959
-2302.48503079 -2236.31583185 -2130.24010156
-2451.27343567 -2196.67522004 -2115.10382277
-2354.90883249 -2244.61659315 -2162.05913646
-2483.67754123 -2265.85068478 -2116.54260908
-2364.33576505 -2214.64259034 -2125.32683107
-2478.31100614 -2237.72618507 -2100.9026392
-2421.39553437 -2254.39101082 -2095.94472355
-2362.40305876 -2225.19506389 -2128.52404356
-2277.68712628 -2158.89194781 -2083.1634899
-2347.63751386 -2191.06126246 -2143.39117931
-2426.04277321 -2222.12759546 -2115.40831893
-2518.65951168 -2192.04456513 -2063.67512312
-2265.22825872 -2172.32726342 -2067.70843728
-2554.2887912 -2272.66380833 -2163.24742153
-2391.59181511 -2258.32433581 -2154.02750246
-2361.86859433 -2231.69395729 -2116.56403788
-2296.98459262 -2180.48031355 -2071.33633031
-2431.78563241 -2224.97747366 -2094.01381304
-2250.53802934 -2157.07023394 -2053.76209357
-2520.90792197 -2242.80392277 -2111.21047582
-2283.01355766 -2208.58457215 -2135.88921021
-2426.54239592 -2265.23358982 -2152.05619613
-2346.3754146 -2213.64389655 -2063.63008144
-2373.0146385 -2164.73428504 -2047.92289303
-2502.34737509 -2210.77988148 -2077.48669966
-2201.53921274 -2133.49557699 -2019.51852928
-2336.95629932 -2120.04304779 -2041.67819533
-2470.55254349 -2143.77491878 -2037.39278977
-2295.28538387 -2197.25683794 -2063.00298052
-2492.89616261 -2218.7093791 -2048.63357421
-2322.28739574 -2182.7155909 -2082.14148827
-2462.14893366 -2276.89443049 -2096.19177457
-2253.47117634 -2176.89360715 -2092.42047402
-2361.45339084 -2149.40707362 -2046.76785702
-2239.685952 -2141.51093563 -2001.65642748
-2229.16556562 -2124.75705478 -2015.67680138
-2338.0960755 -2136.74610197 -1999.33219555
-2370.64725903 -2222.01598957 -2112.64361185
-2308.30180142 -2166.26350575 -2090.21399469
-2317.32504952 -2175.04808627 -2058.68970564
-2498.3274803 -2211.08574847 -2051.19432379
