0.22816 0.416296 0.6
0.2184 0.415476 0.6
0.24764 0.523156 0.6
0.16212 0.254168 0.40696
0.1746 0.27196 0.36432
0.21372 0.343196 0.6
0.18108 0.223072 0.2936
0.1698 0.262324 0.6
0.17024 0.248908 0.41248
0.15788 0.224452 0.3864
0.1606 0.222172 0.282
0.14964 0.257488 0.6
0.17768 0.371244 0.6
0.17588 0.275352 0.6
0.17736 0.221504 0.3732
0.16072 0.23878 0.6
0.1786 0.329248 0.6
0.17152 0.238896 0.49272
0.14844 0.221504 0.33072
0.15704 0.238312 0.6
0.15892 0.318112 0.6
0.17536 0.336412 0.6
0.20076 0.37338 0.6
0.1906 0.370032 0.6
0.15444 0.329184 0.6
0.17096 0.264648 0.6
0.17324 0.365036 0.6
0.159 0.24162 0.6
0.17104 0.33364 0.6
0.15352 0.326676 0.6
0.1394 0.22022 0.6
0.17088 0.227188 0.42824
0.16972 0.250736 0.6
0.14888 0.174032 0.205
0.15748 0.26708 0.6
0.14932 0.180952 0.25952
0.15128 0.194652 0.38552
0.1564 0.184384 0.21752
0.15596 0.18236 0.3516
0.14452 0.159648 0.17672
0.14748 0.164008 0.18564
0.1424 0.156504 0.17348
0.15216 0.231076 0.58404
0.1436 0.163956 0.1776
0.12716 0.167668 0.20544
0.1452 0.172624 0.22032
0.14744 0.242776 0.55224
0.1454 0.21758 0.6
0.15612 0.1832 0.29248
0.15036 0.167208 0.20912
0.15616 0.196144 0.3796
0.15608 0.184684 0.2468
0.14924 0.223604 0.59236
0.1608 0.183684 0.23588
0.16208 0.173548 0.20636
0.15928 0.1924 0.24708
0.15112 0.187828 0.21892
0.15936 0.205596 0.50164
0.1618 0.214852 0.55092
0.15628 0.201516 0.3922
0.14772 0.22452 0.54536
0.1552 0.190556 0.2374
0.14428 0.174796 0.23708
0.15416 0.181796 0.23028
0.15112 0.176512 0.2082
0.15968 0.18996 0.27652
0.15012 0.168912 0.2076
0.14344 0.168908 0.2306
0.15004 0.166412 0.18624
0.15276 0.1674 0.21452
0.15088 0.226668 0.6
0.15352 0.174736 0.21792
0.13964 0.202668 0.54184
0.14436 0.170208 0.2182
0.14816 0.163512 0.19692
0.14784 0.166028 0.1926
0.14852 0.18736 0.38924
0.1412 0.156624 0.18464
0.13704 0.16138 0.21192
0.1504 0.187848 0.40544
0.13628 0.161256 0.22024
0.1398 0.156364 0.19336
0.14608 0.168072 0.25692
0.14136 0.15562 0.18096
0.14372 0.154428 0.17488
0.14036 0.1948 0.49316
0.13416 0.159088 0.19116
0.13508 0.151644 0.16596
0.14188 0.158724 0.19064
0.13828 0.170152 0.2654
0.14116 0.166236 0.236
0.14812 0.167256 0.20868
0.14188 0.187972 0.42832
0.14552 0.181744 0.31192
0.14416 0.154356 0.18216
0.1402 0.15886 0.18552
0.14644 0.16448 0.19992
0.14376 0.154472 0.1612
0.14512 0.154672 0.1656
0.13876 0.158008 0.19144
0.14776 0.16892 0.21664
0.14028 0.157084 0.1746
0.1356 0.152452 0.1688
0.1444 0.165264 0.25624
0.14096 0.169844 0.29648
0.13492 0.149704 0.15944
0.13684 0.15664 0.19352
0.13944 0.179196 0.45544
0.13916 0.150784 0.1688
0.13092 0.15462 0.19988
0.13888 0.1672 0.3148
0.14036 0.147448 0.16
0.1376 0.1507 0.16172
0.13348 0.148648 0.16052
0.13996 0.150912 0.16832
0.14036 0.1522 0.16772
0.13844 0.15128 0.16216
0.13624 0.145132 0.15372
0.13816 0.153124 0.17836
0.137 0.149712 0.1714
0.13536 0.146996 0.15392
0.13616 0.14612 0.154
0.14136 0.161576 0.2578
0.14136 0.149524 0.16016
0.1414 0.155916 0.18612
0.13432 0.148948 0.17624
0.13784 0.14844 0.16236
0.13668 0.160628 0.26116
0.1366 0.151044 0.17172
0.14268 0.153896 0.16856
0.13668 0.148676 0.1614
0.145 0.151148 0.16912
0.137 0.157496 0.17876
0.13468 0.152808 0.17076
0.14248 0.15454 0.16784
0.13208 0.145192 0.15956
0.13528 0.153564 0.17768
0.13968 0.152964 0.19384
0.13308 0.147252 0.16312
0.1342 0.151596 0.16952
0.14348 0.165608 0.2992
0.1338 0.144064 0.15504
0.13448 0.150252 0.169
0.13724 0.14338 0.16044
0.13584 0.147124 0.15576
0.13264 0.144128 0.15476
0.13212 0.141156 0.15636
0.12924 0.140852 0.153
0.13492 0.139276 0.15
0.13216 0.140356 0.15464
0.13008 0.140028 0.15
0.13272 0.14216 0.16332
0.13144 0.141532 0.1544
0.12844 0.134612 0.14744
0.1314 0.14064 0.14648
0.12608 0.139764 0.14748
0.13588 0.1402 0.1468
0.12752 0.136592 0.1564
0.13072 0.137216 0.14284
0.13316 0.137332 0.14264
0.12572 0.132 0.13548
0.12544 0.13498 0.14576
0.1266 0.13024 0.1348
0.1312 0.136164 0.14624
0.12724 0.137164 0.1452
0.1298 0.134768 0.14264
0.12852 0.134628 0.14268
0.12952 0.137412 0.14628
0.12636 0.136644 0.14812
0.12772 0.13628 0.14488
0.13088 0.139776 0.1638
0.12656 0.136004 0.1424
0.12636 0.133984 0.1442
0.13 0.136444 0.14608
0.13076 0.136268 0.14384
0.13128 0.135824 0.14304
0.12992 0.135736 0.141
0.13076 0.137612 0.15308
0.1276 0.136208 0.14472
0.13016 0.136632 0.14856
0.1308 0.136024 0.14612
0.12824 0.135024 0.14244
0.12768 0.134736 0.14224
0.13036 0.136956 0.14384
0.12756 0.132504 0.1454
0.12576 0.135532 0.14852
0.12896 0.134532 0.14976
0.12664 0.133968 0.14328
0.12688 0.133096 0.1412
0.12564 0.131236 0.13664
0.12836 0.132664 0.13988
0.1276 0.131156 0.13644
0.12644 0.134148 0.14152
0.12844 0.134188 0.14768
0.12384 0.134088 0.1454
0.12704 0.133972 0.13924
0.12188 0.132496 0.14084
0.12972 0.132524 0.13892
0.12944 0.132924 0.13712
0.12892 0.13472 0.14912
0.12516 0.130236 0.14152
0.12508 0.12936 0.13272
0.12612 0.13234 0.13816
0.12732 0.131584 0.14016
0.12824 0.13534 0.14904
0.1266 0.132744 0.1442
0.12572 0.129876 0.13556
0.12808 0.13542 0.14476
0.12728 0.132304 0.1412
0.12316 0.134404 0.14388
0.12772 0.137212 0.14852
0.12576 0.137956 0.14604
0.1308 0.137328 0.14664
0.1298 0.137164 0.14224
0.12732 0.134108 0.14368
0.1276 0.134696 0.13948
0.12952 0.138168 0.14832
0.13264 0.140024 0.15812
0.13008 0.13868 0.15572
0.12828 0.136412 0.14404
0.12728 0.132204 0.14152
0.12944 0.1373 0.15384
0.1262 0.132624 0.14008
0.12668 0.136512 0.14368
0.13068 0.13956 0.15036
0.12992 0.132768 0.138
0.12632 0.13182 0.13676
0.1262 0.134148 0.14264
0.12336 0.135904 0.15672
0.1222 0.13228 0.14264
0.1214 0.133952 0.1444
0.12488 0.134488 0.15784
0.12928 0.134004 0.14312
0.12708 0.13484 0.14616
0.12884 0.1367 0.14652
0.12652 0.136072 0.14648
0.12624 0.135356 0.14628
0.12724 0.133948 0.14164
0.1266 0.139984 0.15852
0.1294 0.137488 0.14848
0.12588 0.13322 0.14008
0.12704 0.132016 0.13904
0.12792 0.13502 0.14664
0.12872 0.137508 0.1476
0.12668 0.134292 0.14412
0.12648 0.13488 0.1454
0.12776 0.132148 0.13888
0.12436 0.13154 0.13916
0.12764 0.134308 0.142
0.12572 0.12878 0.13188
0.12492 0.13138 0.13744
0.12204 0.130828 0.13628
0.13032 0.132688 0.13812
0.1258 0.131984 0.14204
0.12708 0.132392 0.13976
0.1276 0.133692 0.14064
0.12832 0.132444 0.13856
0.12508 0.132324 0.13872
0.12568 0.134808 0.1412
0.12512 0.131248 0.14388
0.1258 0.135156 0.1442
0.1276 0.132028 0.13824
0.11912 0.131756 0.14168
0.12544 0.133032 0.1408
0.1256 0.13594 0.14596
0.12272 0.130852 0.14188
0.1276 0.132688 0.1432
0.12324 0.130804 0.13624
0.12656 0.132524 0.14436
0.12728 0.134216 0.14572
0.12556 0.130908 0.137
0.12644 0.132144 0.143
0.12164 0.133556 0.14484
0.12476 0.133624 0.14372
0.12516 0.135996 0.15256
0.1238 0.134328 0.15092
0.12584 0.135684 0.14184
0.12796 0.132224 0.141
0.12628 0.13426 0.1458
0.125 0.132932 0.14012
0.12504 0.131556 0.13792
0.1258 0.1278 0.12912
0.12672 0.12808 0.12948
0.12676 0.128176 0.13184
0.12652 0.128008 0.1296
0.1262 0.127532 0.12844
0.12652 0.127984 0.12928
0.12692 0.128216 0.13008
0.12624 0.127132 0.12872
0.12656 0.127364 0.12868
0.12824 0.128976 0.12976
0.12892 0.129488 0.1304
0.12908 0.129672 0.1304
0.12904 0.1303 0.13176
0.12856 0.130364 0.13124
0.12856 0.130328 0.13124
0.1278 0.128628 0.1294
0.1278 0.128676 0.1314
0.12812 0.128656 0.12932
0.12616 0.126752 0.12728
0.12616 0.126732 0.12772
0.12536 0.126564 0.12844
0.12532 0.126192 0.127
0.12552 0.12602 0.12652
0.12564 0.126264 0.12716
0.12756 0.128004 0.129
0.12628 0.127784 0.12868
0.12628 0.127484 0.12836
0.12708 0.128396 0.12936
0.12792 0.12878 0.12956
0.12792 0.128724 0.12936
0.12828 0.129044 0.12992
0.12828 0.129164 0.13072
0.12736 0.129244 0.13072
0.12676 0.12794 0.12884
0.12788 0.128384 0.12884
0.12724 0.128052 0.1294
0.12768 0.128676 0.12936
0.12768 0.128608 0.1294
0.1282 0.128752 0.12988
0.12812 0.12912 0.13048
0.12812 0.129408 0.1308
0.12812 0.129316 0.13036
0.13068 0.131104 0.13168
0.1304 0.131172 0.132
0.13068 0.131072 0.13124
0.12796 0.12852 0.12892
0.12796 0.128792 0.1294
0.12808 0.128772 0.1294
0.12804 0.128536 0.12948
0.12672 0.128168 0.1292
0.1272 0.128128 0.129
0.12776 0.128888 0.12988
0.12744 0.128368 0.12956
0.12712 0.12914 0.13072
0.1262 0.1267 0.12736
0.12652 0.12674 0.12736
0.12484 0.12664 0.12752
0.12588 0.126676 0.12768
0.1252 0.126252 0.12684
0.1252 0.12636 0.12704
0.12416 0.125152 0.1272
0.12452 0.125232 0.126
0.12452 0.125544 0.12736
0.12684 0.127756 0.12868
0.1272 0.128264 0.12864
0.127 0.12792 0.12864
0.12712 0.128712 0.1298
0.12776 0.12888 0.13056
0.12776 0.128372 0.1298
0.12984 0.130416 0.13092
0.12912 0.130324 0.13124
0.12948 0.130268 0.13124
0.12768 0.128728 0.12968
0.12684 0.128796 0.13044
0.12784 0.128836 0.13016
0.12708 0.128264 0.12984
0.1274 0.127984 0.12864
0.12676 0.127876 0.13024
0.12988 0.130636 0.13164
0.12988 0.130364 0.13092
0.12988 0.130472 0.13092
0.13028 0.131356 0.13256
0.13028 0.131388 0.13324
0.13028 0.131168 0.13204
0.13188 0.132304 0.13284
0.13072 0.132052 0.13284
0.13028 0.132044 0.13268
0.12816 0.129596 0.13044
0.12916 0.130088 0.1308
0.12852 0.129568 0.13044
0.12732 0.127996 0.12856
0.12744 0.127984 0.12884
0.12692 0.127916 0.12916
0.12704 0.127804 0.1286
0.12708 0.127736 0.12824
0.12708 0.127788 0.1284
0.12988 0.130456 0.13148
0.1292 0.129912 0.13068
0.12836 0.129932 0.13092
0.12796 0.129516 0.13052
0.12796 0.129404 0.13036
0.12716 0.129044 0.13088
0.12996 0.131252 0.13236
0.1298 0.130628 0.1312
0.13088 0.13102 0.1314
0.12724 0.128832 0.12968
0.12724 0.128924 0.13088
0.12724 0.12874 0.13036
0.12688 0.127824 0.12916
0.12708 0.127916 0.12916
0.12692 0.127872 0.12912
0.12996 0.130324 0.13144
0.12868 0.129868 0.13144
0.1292 0.13046 0.13144
0.12788 0.12874 0.12936
0.12772 0.128872 0.12936
0.12772 0.12878 0.12936
0.12604 0.127792 0.1286
0.12624 0.12746 0.1288
0.12692 0.12786 0.12836
0.12888 0.129548 0.13052
0.12904 0.129632 0.13052
0.12956 0.129892 0.13068
0.12952 0.130716 0.13156
0.12996 0.130776 0.13224
0.12996 0.130372 0.13104
0.1264 0.127676 0.12848
0.12704 0.12776 0.12884
0.1264 0.12788 0.12924
0.1264 0.12746 0.1286
0.1266 0.127388 0.12956
0.1264 0.127404 0.12816
0.1268 0.127696 0.12876
0.127 0.12778 0.12876
0.1268 0.127608 0.12876
0.12796 0.129048 0.1296
0.12796 0.129084 0.1296
0.12796 0.128664 0.12924
0.12616 0.127228 0.12804
0.12568 0.127044 0.12804
0.12632 0.127536 0.12948
0.12508 0.126584 0.1272
0.12608 0.126656 0.12712
0.12508 0.126424 0.12712
0.12632 0.127048 0.12772
0.12596 0.126872 0.12772
0.1256 0.12662 0.12772
0.12508 0.126496 0.12732
0.12508 0.126352 0.12764
0.1256 0.126336 0.12684
0.1234 0.124692 0.12528
0.1234 0.124376 0.125
0.12372 0.124624 0.12528
0.12396 0.124712 0.12544
0.1238 0.124784 0.1264
0.12408 0.125108 0.12644
0.1272 0.127728 0.12848
0.1272 0.127784 0.12852
0.12752 0.127748 0.12816
0.12412 0.124956 0.12572
0.12412 0.124848 0.12576
0.12412 0.124784 0.12676
0.12616 0.126584 0.12732
0.126 0.126724 0.12784
0.1258 0.126552 0.12732
0.12632 0.126996 0.1276
0.12632 0.126776 0.12744
0.12632 0.126996 0.1276
0.12592 0.126996 0.1276
0.12592 0.126552 0.1276
0.12592 0.127024 0.12804
0.12752 0.12838 0.12992
0.12772 0.128296 0.1292
0.12736 0.128628 0.12912
0.12832 0.129008 0.12928
0.12832 0.1288 0.12928
0.128 0.128616 0.12912
0.12428 0.125112 0.12556
0.12428 0.12496 0.12524
0.12412 0.12502 0.12624
0.12612 0.126668 0.1274
0.12576 0.126564 0.1276
0.12592 0.126604 0.12776
0.12732 0.128712 0.1292
0.12732 0.128484 0.12904
0.12672 0.128252 0.1292
0.12576 0.128044 0.13
0.12612 0.1283 0.12956
0.12684 0.128332 0.12968
0.12672 0.127952 0.13056
0.12688 0.1278 0.12984
0.12676 0.127808 0.13016
0.12556 0.126332 0.12844
0.12588 0.126684 0.12772
0.12556 0.126256 0.12672
0.12492 0.126604 0.12812
0.12572 0.126236 0.12716
0.1256 0.126344 0.12816
0.12696 0.127368 0.12872
0.127 0.127308 0.1284
0.12664 0.127572 0.12856
0.1278 0.129328 0.12996
0.12796 0.129188 0.13024
0.12856 0.129444 0.13024
0.12788 0.129108 0.13048
0.127 0.128536 0.12956
0.12736 0.128736 0.13016
0.12584 0.126476 0.12696
0.126 0.126516 0.12696
0.12572 0.126268 0.12696
0.12536 0.126504 0.12788
0.12536 0.126008 0.12652
0.12524 0.126256 0.12788
0.12664 0.127836 0.12888
0.1276 0.127812 0.12852
0.12664 0.128056 0.12904
0.12508 0.125632 0.12676
0.12504 0.125504 0.12608
0.12504 0.125884 0.1266
0.1256 0.126364 0.12724
0.12544 0.12602 0.1266
0.12548 0.126304 0.12692
0.12516 0.126084 0.12716
0.12464 0.126196 0.12732
0.125 0.12588 0.1268
0.12788 0.128512 0.12908
0.12756 0.12818 0.12864
0.12808 0.12856 0.12912
0.12644 0.128156 0.12912
0.12776 0.128452 0.1298
0.12776 0.128368 0.12912
0.12712 0.128004 0.12884
0.12712 0.12766 0.12896
0.12644 0.127568 0.12852
0.12436 0.12538 0.126
0.12524 0.125436 0.12632
0.1252 0.125588 0.12652
0.1258 0.126424 0.12704
0.12512 0.126196 0.12704
0.1258 0.126432 0.12704
0.12548 0.125976 0.1264
0.12564 0.126104 0.1264
0.12564 0.126052 0.12656
0.125 0.125628 0.126
0.12564 0.126348 0.12752
0.125 0.126148 0.127
0.12624 0.127432 0.12844
0.12692 0.12764 0.12892
0.12676 0.127412 0.12812
0.12612 0.126896 0.12756
0.12584 0.12634 0.12672
0.12616 0.126776 0.12736
0.12508 0.126232 0.12812
0.12444 0.125448 0.12812
0.12504 0.125504 0.12664
0.12652 0.127268 0.12772
0.12576 0.127172 0.12768
0.12684 0.127456 0.12772
0.12504 0.12534 0.12596
0.1252 0.125776 0.12616
0.12504 0.125772 0.12652
0.12372 0.124396 0.12568
0.12292 0.1241 0.12568
0.12276 0.123816 0.125
0.12512 0.126364 0.12812
0.12512 0.126504 0.12812
0.12548 0.1266 0.12812
0.12608 0.126812 0.1286
0.12496 0.126452 0.12876
0.1256 0.126588 0.12892
0.12624 0.12702 0.12864
0.12624 0.126684 0.12812
0.12548 0.126604 0.12844
0.12564 0.126932 0.12832
0.12612 0.127012 0.128
0.1254 0.126512 0.12744
0.12444 0.125016 0.12624
0.12364 0.124892 0.12564
0.12412 0.125012 0.12644
0.1266 0.127396 0.12864
0.12568 0.126772 0.12764
0.12676 0.127736 0.12864
0.12768 0.12812 0.12864
0.12768 0.128016 0.129
0.12764 0.127992 0.12852
0.12756 0.12796 0.1284
0.1272 0.12788 0.1284
0.12736 0.127936 0.1284
0.12616 0.127268 0.12816
0.12628 0.12728 0.12816
0.1266 0.12714 0.128
0.1254 0.125732 0.1264
0.12504 0.12556 0.1264
0.1254 0.125628 0.12588
0.12704 0.127784 0.12832
0.127 0.127916 0.12848
0.12684 0.127724 0.12832
0.12504 0.125724 0.12652
0.12536 0.125668 0.12604
0.1252 0.125688 0.1264
0.12396 0.12478 0.12524
0.12436 0.125092 0.1254
0.12416 0.124752 0.1254
0.12496 0.126148 0.12692
0.12512 0.126284 0.12784
0.12612 0.12664 0.12692
0.12412 0.125144 0.12612
0.12472 0.125436 0.12572
0.12504 0.125656 0.12664
0.12536 0.126456 0.12712
0.12588 0.126576 0.12712
0.12612 0.1265 0.12744
0.1256 0.12686 0.12764
0.12548 0.126644 0.12776
0.12564 0.126852 0.12772
0.1256 0.12646 0.1272
0.1256 0.126076 0.12708
0.1256 0.126428 0.12788
0.12596 0.126968 0.12776
0.12584 0.126604 0.12748
0.12656 0.127008 0.12792
0.125 0.126484 0.12796
0.12496 0.126412 0.12796
0.12552 0.126564 0.12716
0.12616 0.127208 0.128
0.12616 0.126904 0.12768
0.12616 0.126844 0.12736
0.12484 0.126196 0.12668
0.12588 0.126532 0.12712
0.126 0.126456 0.12668
0.12464 0.1251 0.12628
0.1242 0.124924 0.12592
0.1248 0.125192 0.12592
0.12496 0.125316 0.12584
0.125 0.125532 0.12604
0.12484 0.125496 0.12656
0.12264 0.123776 0.12444
0.12372 0.124528 0.12608
0.12412 0.124768 0.12524
0.12532 0.125908 0.12696
0.12532 0.125764 0.12616
0.125 0.126188 0.12712
0.12716 0.127932 0.12868
0.127 0.127392 0.12772
0.1268 0.127704 0.12868
0.126 0.12694 0.12784
0.12568 0.126196 0.12696
0.12584 0.127064 0.12784
0.12344 0.12388 0.12436
0.12216 0.123684 0.12436
0.12304 0.123788 0.12424
0.125 0.126332 0.12748
0.12544 0.126252 0.127
0.125 0.126152 0.127
0.12588 0.126264 0.1264
0.12536 0.12632 0.12676
0.12588 0.126308 0.12676
0.12444 0.124816 0.12564
0.12356 0.124672 0.12568
0.1236 0.124816 0.12564
0.12688 0.12728 0.12756
0.12572 0.127032 0.12756
0.12608 0.12694 0.12756
0.12348 0.124784 0.12628
0.12408 0.125068 0.12608
0.12348 0.124844 0.12644
0.12708 0.128024 0.12852
0.12708 0.127828 0.1286
0.12772 0.128372 0.12912
0.1242 0.12554 0.12712
0.12504 0.125856 0.12728
0.12552 0.126072 0.12724
0.12536 0.125752 0.12636
0.12536 0.126064 0.12688
0.12556 0.126064 0.12668
0.12376 0.124796 0.12532
0.12372 0.124908 0.12696
0.12436 0.125408 0.12612
0.1254 0.126076 0.12728
0.12492 0.125632 0.12596
0.1246 0.125516 0.12636
0.12516 0.126168 0.1272
0.12516 0.12606 0.12696
0.12444 0.125668 0.12684
0.12768 0.128052 0.12856
0.12784 0.128524 0.12956
0.12752 0.12796 0.12896
0.12504 0.125484 0.12588
0.1254 0.125976 0.12676
0.12504 0.125636 0.12664
0.1256 0.127132 0.12844
0.12628 0.127328 0.12812
0.12568 0.126884 0.12844
0.12568 0.126488 0.12764
0.12564 0.126268 0.12764
0.12568 0.126376 0.12792
0.12444 0.126788 0.12828
0.12548 0.12648 0.12752
0.1258 0.126992 0.12844
0.12492 0.125924 0.12724
0.1246 0.12612 0.12708
0.12564 0.126148 0.12704
0.12644 0.127008 0.12744
0.1264 0.127064 0.12724
0.12688 0.127156 0.12744
0.12712 0.128528 0.12956
0.12796 0.128828 0.1296
0.12764 0.12882 0.12972
0.12564 0.12698 0.12804
0.1262 0.126984 0.12804
0.12604 0.127016 0.12768
0.12616 0.126776 0.12752
0.1258 0.126712 0.12716
0.12652 0.127184 0.12856
0.12528 0.126232 0.12688
0.12528 0.125948 0.12656
0.12528 0.125976 0.12656
0.12652 0.12756 0.12864
0.12688 0.128368 0.12908
0.12652 0.12794 0.12908
0.12604 0.126804 0.1278
0.126 0.126628 0.12788
0.12608 0.12716 0.12788
0.12564 0.125912 0.12632
0.12532 0.126004 0.12632
0.12568 0.126036 0.1262
0.1244 0.124972 0.12556
0.12476 0.1255 0.12696
0.12408 0.124848 0.12556
0.12424 0.125884 0.1268
0.12508 0.126032 0.12652
0.12508 0.125792 0.1262
0.12488 0.125716 0.12648
0.1252 0.125784 0.12652
0.1252 0.12588 0.12712
0.12624 0.126872 0.12724
0.12624 0.126852 0.12724
0.12652 0.12682 0.1274
0.12384 0.124508 0.12508
0.12384 0.1245 0.12512
0.12412 0.12466 0.12556
0.12268 0.12348 0.12432
0.1232 0.123428 0.12372
0.12252 0.123256 0.12444
0.12784 0.128408 0.12912
0.12652 0.127664 0.12848
0.12608 0.127632 0.12864
0.12184 0.123796 0.125
0.1222 0.123144 0.12396
0.12244 0.123556 0.12504
0.12388 0.125124 0.12572
0.1248 0.125236 0.12636
0.125 0.125196 0.12552
0.12312 0.124564 0.12516
0.12364 0.124788 0.12536
0.12312 0.124412 0.12512
0.12768 0.128096 0.1288
0.12756 0.127928 0.1288
0.12744 0.12802 0.1288
0.12488 0.126556 0.12892
0.12552 0.126224 0.12788
0.12584 0.126308 0.12792
0.12292 0.124836 0.12612
0.12356 0.125392 0.12616
0.1234 0.1251 0.12648
0.12132 0.122352 0.12356
0.12184 0.12252 0.12344
0.12184 0.122616 0.12392
0.12384 0.12474 0.12548
0.12448 0.124836 0.12536
0.12384 0.12442 0.12536
0.12328 0.123848 0.1244
0.12344 0.12394 0.1244
0.12328 0.123864 0.12512
0.12476 0.125632 0.1264
0.1254 0.125684 0.12584
0.1252 0.12576 0.12624
0.12168 0.12298 0.12412
0.122 0.12278 0.12412
0.12168 0.123108 0.12416
0.12252 0.123748 0.1256
0.12268 0.123632 0.12452
0.12268 0.123704 0.1246
0.12456 0.125484 0.12628
0.12536 0.12574 0.12688
0.12424 0.125176 0.12584
0.12512 0.125716 0.12644
0.12424 0.125532 0.12596
0.12424 0.125608 0.12628
0.12468 0.125864 0.12672
0.12468 0.125212 0.12632
0.12504 0.125344 0.12632
0.12428 0.125132 0.12576
0.12444 0.12518 0.12552
0.1238 0.124944 0.12552
0.1252 0.126644 0.12888
0.12488 0.12582 0.12656
0.1252 0.12588 0.12656
0.12684 0.128092 0.12896
0.12748 0.128336 0.12908
0.1278 0.128768 0.12984
0.12628 0.127016 0.12796
0.12628 0.126964 0.12756
0.12596 0.126836 0.12772
0.1232 0.12406 0.12504
0.1234 0.123952 0.12488
0.12304 0.123744 0.12504
0.12184 0.123056 0.12404
0.1226 0.122932 0.12324
0.1218 0.122912 0.12384
0.12232 0.122768 0.12292
0.12232 0.12288 0.12392
0.12276 0.122856 0.12344
0.12108 0.121948 0.12268
0.12152 0.122052 0.12284
0.12136 0.121972 0.12252
0.12196 0.122724 0.12296
0.12164 0.122452 0.12328
0.12064 0.122372 0.12328
0.12296 0.123656 0.12408
0.12308 0.123752 0.12452
0.12312 0.123928 0.12452
0.12324 0.124016 0.12528
0.1236 0.124712 0.12532
0.12256 0.123776 0.12512
0.12252 0.1234 0.12428
0.1228 0.123156 0.12364
0.12228 0.122992 0.12468
0.12136 0.12252 0.1232
0.12136 0.121972 0.12304
0.12136 0.1224 0.12304
0.123 0.12438 0.1256
0.12284 0.123652 0.12496
0.123 0.123804 0.12452
0.12476 0.125904 0.12776
0.12492 0.126188 0.12808
0.12476 0.12578 0.12652
0.12548 0.12724 0.12884
0.12548 0.126796 0.1282
0.12532 0.126504 0.12724
0.12564 0.12652 0.12852
0.12428 0.126172 0.12696
0.12592 0.126488 0.12736
0.12408 0.125872 0.12716
0.12408 0.124792 0.12612
0.12372 0.125492 0.12716
0.12472 0.125724 0.12724
0.12472 0.1261 0.12724
0.1244 0.125488 0.12648
0.125 0.126036 0.12692
0.1242 0.125844 0.12728
0.1248 0.125892 0.12728
0.12476 0.126716 0.12824
0.12536 0.126256 0.12704
0.12424 0.126216 0.12792
0.12512 0.126924 0.12836
0.12596 0.127556 0.1294
0.12648 0.12746 0.12856
0.12584 0.126664 0.12756
0.126 0.126384 0.12756
0.12536 0.126436 0.1276
0.12608 0.127168 0.12804
0.12536 0.126896 0.12804
0.12412 0.12602 0.12824
0.1256 0.127 0.12876
0.12544 0.126748 0.12768
0.12508 0.126684 0.1288
0.1238 0.125084 0.12596
0.12424 0.125404 0.12764
0.12464 0.125456 0.127
0.12368 0.124236 0.12484
0.12304 0.124532 0.12612
0.12304 0.124596 0.12612
0.12264 0.123772 0.12512
0.122 0.123416 0.12444
0.12328 0.123684 0.12476
0.12348 0.125872 0.12692
0.1248 0.12638 0.12724
0.1254 0.126376 0.12724
0.12616 0.12762 0.12908
0.12596 0.127356 0.12884
0.12628 0.127828 0.12884
0.12736 0.12848 0.12984
0.12736 0.128084 0.12916
0.1272 0.128328 0.12932
0.12492 0.12596 0.12724
0.12492 0.125644 0.12708
0.12456 0.126028 0.12684
0.12444 0.125704 0.12652
0.1236 0.125276 0.12636
0.12508 0.125696 0.12656
0.12372 0.125348 0.1268
0.12376 0.125724 0.12668
0.12372 0.125792 0.12824
0.12624 0.127444 0.12868
0.12624 0.127328 0.1288
0.12592 0.126992 0.1276
0.1268 0.12782 0.12932
0.12596 0.128056 0.12924
0.12596 0.127412 0.12876
0.12392 0.125932 0.12756
0.12356 0.12516 0.12772
0.12424 0.125376 0.12756
0.123 0.12404 0.125
0.12368 0.12494 0.1262
0.12344 0.124696 0.1262
0.12592 0.12672 0.12756
0.12592 0.126896 0.1286
0.12576 0.126764 0.1286
0.12356 0.125064 0.12728
0.12356 0.12446 0.12604
0.123 0.124488 0.12672
0.12332 0.124608 0.12632
0.12348 0.125312 0.12692
0.12252 0.12374 0.12612
0.12548 0.126592 0.1284
0.12408 0.126236 0.127
0.12476 0.126324 0.1282
0.12516 0.12672 0.12824
0.12516 0.127036 0.12792
0.12552 0.12682 0.12824
0.12244 0.124004 0.127
0.12392 0.125816 0.12772
0.12344 0.12548 0.12732
0.12636 0.127184 0.12832
0.12636 0.127496 0.12868
0.12592 0.127256 0.12836
0.12536 0.127128 0.12956
0.12508 0.1268 0.12868
0.12536 0.126992 0.12872
0.12588 0.127268 0.12888
0.12588 0.127024 0.12888
0.12636 0.127544 0.12888
0.12452 0.12532 0.12612
0.12388 0.12518 0.1266
0.12388 0.125308 0.12696
0.12328 0.124416 0.12616
0.12188 0.124108 0.12664
0.1228 0.124052 0.12624
0.12416 0.126044 0.1276
0.12496 0.125748 0.12796
0.12416 0.12612 0.12748
0.12588 0.126716 0.1284
0.12496 0.127104 0.12984
0.12644 0.127928 0.12972
0.12484 0.126316 0.12928
0.12428 0.125736 0.12744
0.12376 0.125764 0.12724
0.12436 0.124984 0.12588
0.1244 0.125192 0.128
0.12372 0.1247 0.1252
0.1238 0.125896 0.12728
0.1238 0.12602 0.12728
0.12572 0.127024 0.1282
0.12508 0.12638 0.12876
0.1256 0.12668 0.1286
0.1256 0.126412 0.12736
0.12292 0.123596 0.12444
0.12344 0.12442 0.12548
0.12232 0.123672 0.12576
0.12452 0.126036 0.12756
0.12424 0.12582 0.12644
0.12404 0.126196 0.12728
0.12352 0.125252 0.12776
0.12372 0.125408 0.12632
0.12372 0.125512 0.1274
0.12368 0.124644 0.12572
0.12388 0.124656 0.12572
0.12372 0.124852 0.12552
0.12388 0.12504 0.12752
0.12336 0.124628 0.1258
0.12444 0.124952 0.12564
0.12432 0.125964 0.12888
0.1252 0.125588 0.12628
0.1238 0.1263 0.12888
0.12384 0.12648 0.1278
0.12464 0.1265 0.12864
0.1246 0.126316 0.1278
0.12468 0.127328 0.13036
0.1268 0.12804 0.13036
0.12516 0.128408 0.13008
0.12712 0.1283 0.13148
0.12588 0.128192 0.13036
0.12616 0.128332 0.13
0.12616 0.127804 0.1286
0.12672 0.127988 0.1286
0.126 0.127776 0.12936
0.12644 0.127416 0.12812
0.12532 0.127224 0.12844
0.12472 0.127132 0.12812
0.1248 0.12756 0.13008
0.12464 0.127676 0.1304
0.12528 0.128308 0.13148
0.12716 0.128672 0.12968
0.12716 0.128424 0.12936
0.12668 0.128336 0.1298
0.12556 0.126132 0.12724
0.12556 0.126812 0.12804
0.12444 0.126432 0.12808
0.12552 0.126692 0.12936
0.12568 0.12694 0.12848
0.12404 0.126016 0.1288
0.12432 0.125672 0.12656
0.12436 0.125452 0.12688
0.12392 0.1253 0.12664
0.123 0.124516 0.12644
0.12248 0.12522 0.1266
0.12324 0.12486 0.1266
0.12528 0.12636 0.12788
0.12592 0.126952 0.12844
0.12512 0.12706 0.12804
0.124 0.125568 0.12808
0.12352 0.1251 0.12692
0.12316 0.125348 0.12804
0.1244 0.125964 0.12816
0.12376 0.1254 0.12728
0.12472 0.125952 0.12768
0.12512 0.127068 0.12892
0.12372 0.126336 0.12748
0.12372 0.126124 0.12892
0.12448 0.12614 0.1274
0.12424 0.12636 0.12736
0.12424 0.126232 0.12736
0.12292 0.12348 0.12524
0.12272 0.123456 0.12448
0.1218 0.122852 0.12328
0.12104 0.123072 0.12512
0.12136 0.122548 0.12512
0.12104 0.122608 0.12428
0.12304 0.123812 0.12572
0.12204 0.123476 0.12384
0.12256 0.123708 0.12492
0.12224 0.123048 0.12452
0.1214 0.123112 0.12472
0.12272 0.123408 0.12456
0.12288 0.124028 0.125
0.12272 0.124044 0.125
0.12288 0.124024 0.12452
0.12036 0.12136 0.1228
0.12048 0.121332 0.12196
0.1208 0.121828 0.12324
0.12136 0.122348 0.12364
0.12072 0.121952 0.1238
0.12104 0.121876 0.12364
0.12324 0.124392 0.12556
0.12464 0.125132 0.1268
0.12324 0.124084 0.12536
0.12312 0.124252 0.12556
0.12344 0.124168 0.12628
0.12316 0.124328 0.12724
0.12468 0.125288 0.12576
0.12276 0.124984 0.1272
0.12344 0.124688 0.1258
0.12304 0.124804 0.12712
0.1226 0.124444 0.12708
0.12368 0.124728 0.12696
0.12224 0.123872 0.12564
0.12192 0.123504 0.12564
0.12224 0.124312 0.12564
0.1236 0.124548 0.12516
0.12344 0.124076 0.125
0.1236 0.124312 0.12552
0.12296 0.12454 0.12636
0.12252 0.124368 0.1262
0.12344 0.12476 0.12636
0.12344 0.124916 0.12664
0.12232 0.12404 0.12628
0.1238 0.124584 0.1254
0.12124 0.123136 0.1262
0.12076 0.123352 0.1256
0.12108 0.124096 0.1256
0.12236 0.124596 0.12628
0.12304 0.124864 0.12764
0.12304 0.124576 0.12724
0.12484 0.12602 0.12704
0.12468 0.125872 0.12772
0.12452 0.125552 0.12628
0.12164 0.123152 0.1254
0.122 0.124352 0.1282
0.12124 0.122456 0.12344
0.12268 0.124576 0.12644
0.123 0.124672 0.12604
0.12284 0.124328 0.12604
0.12644 0.128548 0.1306
0.12612 0.128424 0.13024
0.12612 0.128032 0.1312
0.1244 0.125884 0.12816
0.12488 0.126952 0.1298
0.12456 0.126184 0.12732
0.12196 0.124652 0.12712
0.12236 0.123976 0.12548
0.12368 0.125104 0.12708
0.12132 0.122916 0.1242
0.12064 0.123236 0.125
0.12064 0.122984 0.12616
0.12208 0.123692 0.12516
0.12208 0.123608 0.12608
0.123 0.12368 0.12516
0.1244 0.125632 0.12724
0.12296 0.125672 0.12828
0.12236 0.125084 0.12636
0.12412 0.125608 0.12876
0.12408 0.12644 0.12876
0.12408 0.125844 0.12824
0.1232 0.12472 0.12688
0.12276 0.125084 0.12984
0.1232 0.125568 0.12748
0.1246 0.125912 0.12764
0.12368 0.125556 0.12752
0.12404 0.126032 0.12764
0.12328 0.125052 0.12632
0.12376 0.124656 0.12568
0.12428 0.12518 0.12628
0.12088 0.12324 0.12492
0.12064 0.122684 0.12572
0.1212 0.122832 0.1254
0.12484 0.125932 0.12668
0.12428 0.126188 0.12808
0.12464 0.1255 0.1268
0.12356 0.124404 0.12544
0.12192 0.123988 0.12512
0.1226 0.124012 0.12512
0.1234 0.124636 0.12656
0.12392 0.124928 0.12652
0.12304 0.12468 0.12696
0.1216 0.123108 0.12496
0.12212 0.123228 0.12496
0.1218 0.122632 0.1248
0.12424 0.125796 0.12732
0.12424 0.125284 0.1268
0.12504 0.125752 0.1266
0.125 0.12632 0.12724
0.12404 0.126016 0.12724
0.12456 0.125324 0.1262
0.12372 0.125768 0.12704
0.12436 0.125944 0.12704
0.12404 0.126636 0.12948
0.1244 0.126044 0.12824
0.1254 0.126196 0.12716
0.1244 0.125972 0.12688
0.12288 0.125096 0.1278
0.1234 0.125136 0.12728
0.12396 0.125856 0.12868
0.12464 0.125 0.12636
0.12432 0.124908 0.1254
0.1238 0.124796 0.12568
0.1242 0.12588 0.12764
0.12436 0.125564 0.1266
0.12256 0.125544 0.12676
0.12508 0.126272 0.1294
0.12488 0.126084 0.12856
0.12488 0.12638 0.12784
0.12328 0.124484 0.12552
0.12328 0.124664 0.12572
0.12328 0.124484 0.1252
0.12304 0.123972 0.12468
0.12228 0.123692 0.12484
0.1222 0.123872 0.12484
0.11992 0.121776 0.12272
0.11992 0.12118 0.12352
0.11992 0.121324 0.1228
0.1242 0.1252 0.1262
0.12396 0.12506 0.12688
0.12352 0.125244 0.12708
0.1228 0.124028 0.12544
0.1226 0.12328 0.12464
0.1228 0.124 0.1258
0.12252 0.12446 0.12688
0.12252 0.1237 0.12624
0.12252 0.124128 0.12724
0.12384 0.124592 0.12668
0.12252 0.12388 0.12556
0.12292 0.124988 0.12632
0.12212 0.123568 0.12496
0.12228 0.124048 0.12556
0.12196 0.124 0.12512
0.12316 0.126404 0.12864
0.12504 0.126952 0.12848
0.123 0.126452 0.12884
0.1244 0.125476 0.12696
0.12492 0.125888 0.12712
0.1244 0.125224 0.12608
0.12228 0.123212 0.12472
0.12184 0.123248 0.12492
0.12184 0.122744 0.1244
0.12068 0.121184 0.12152
0.12068 0.121352 0.12252
0.12068 0.121244 0.12168
0.1216 0.122212 0.12332
0.1216 0.122776 0.12448
0.12176 0.12284 0.12448
0.1228 0.12328 0.12392
0.12244 0.124068 0.12596
0.1228 0.124072 0.12716
0.12296 0.124924 0.12676
0.12368 0.125168 0.12756
0.12404 0.125588 0.12812
0.12216 0.123996 0.12528
0.12264 0.124436 0.12552
0.12316 0.124196 0.12528
0.12256 0.123448 0.12476
0.1222 0.123392 0.12476
0.122 0.124148 0.12532
0.12224 0.123324 0.12476
0.12252 0.123308 0.12524
0.12152 0.123576 0.12632
0.12416 0.124976 0.12568
0.12388 0.125724 0.12916
0.12476 0.125436 0.12616
0.1218 0.12338 0.12464
0.12052 0.123092 0.1246
0.12172 0.123648 0.1252
0.12372 0.125744 0.12716
0.12328 0.125508 0.12664
0.12468 0.126368 0.128
0.1232 0.123952 0.12452
0.12356 0.124312 0.1256
0.12324 0.123832 0.12456
0.12288 0.123796 0.1248
0.12288 0.123564 0.12404
0.122 0.123908 0.12664
0.1218 0.123544 0.12424
0.12164 0.122752 0.12356
0.12216 0.12338 0.12516
0.12376 0.124768 0.12636
0.12272 0.125324 0.12732
0.12272 0.124628 0.1266
0.12504 0.125768 0.12684
0.12508 0.12558 0.12616
0.12084 0.12366 0.12588
0.12296 0.124108 0.12628
0.123 0.12396 0.1254
0.1228 0.12348 0.12464
0.12128 0.122204 0.12304
0.1218 0.122492 0.12336
0.1208 0.122348 0.12432
0.12144 0.124144 0.1256
0.12128 0.122756 0.12388
0.12128 0.122684 0.12468
0.122 0.123864 0.12544
0.12176 0.123764 0.12548
0.12104 0.123592 0.12548
0.1236 0.124664 0.12564
0.1236 0.124424 0.12516
0.12432 0.124744 0.12548
0.12632 0.127236 0.12864
0.12696 0.127604 0.12816
0.1268 0.12756 0.12832
0.12432 0.125128 0.12584
0.12416 0.125124 0.12644
0.12392 0.124996 0.12612
0.11908 0.121916 0.12372
0.12136 0.122132 0.12312
0.12056 0.122264 0.12372
0.1246 0.12516 0.12688
0.12424 0.125536 0.12704
0.12444 0.125232 0.12688
0.12436 0.126144 0.12764
0.1238 0.12522 0.12732
0.12436 0.125604 0.12884
0.12408 0.126768 0.12892
0.1244 0.127964 0.13064
0.12456 0.127348 0.1294
0.12444 0.12732 0.12908
0.12376 0.127176 0.12908
0.1246 0.126744 0.13056
0.1234 0.126296 0.13048
0.12412 0.126328 0.13016
0.12312 0.126504 0.12872
0.124 0.125328 0.12608
0.12316 0.12538 0.12692
0.12292 0.124544 0.12604
0.12448 0.125456 0.12696
0.1232 0.125292 0.12668
0.12196 0.12516 0.12716
0.1224 0.12514 0.12744
0.12252 0.124056 0.12616
0.1232 0.125424 0.1274
0.12416 0.125572 0.12708
0.12372 0.125252 0.12708
0.12432 0.1265 0.12816
0.1264 0.127756 0.12944
0.12676 0.127908 0.12928
0.12636 0.127652 0.12944
0.1218 0.123536 0.12568
0.12176 0.12322 0.12568
0.12208 0.123136 0.12456
0.12184 0.122316 0.12388
0.12132 0.122136 0.12404
0.12172 0.122832 0.12556
0.12572 0.127668 0.12908
0.12588 0.127204 0.12832
0.12572 0.12776 0.12908
0.12416 0.126104 0.12792
0.12428 0.126148 0.12808
0.12448 0.126216 0.1276
0.1212 0.124056 0.1252
0.12188 0.123572 0.12504
0.12084 0.122936 0.125
0.1236 0.124792 0.1262
0.1236 0.125024 0.12672
0.1236 0.1251 0.12672
0.1216 0.122944 0.12428
0.12172 0.122624 0.12424
0.12204 0.123032 0.12356
0.12332 0.124732 0.12604
0.12296 0.12466 0.12572
0.12296 0.124952 0.12704
0.12104 0.123656 0.12532
0.12184 0.12316 0.12492
0.12184 0.124156 0.12596
0.12316 0.1237 0.1262
0.12256 0.123692 0.12492
0.1224 0.123516 0.125
0.12244 0.123548 0.12612
0.12188 0.122552 0.12332
0.12172 0.123096 0.12584
0.1242 0.126408 0.12944
0.1242 0.125476 0.12748
0.1242 0.12562 0.12748
0.12464 0.126148 0.12768
0.12496 0.126484 0.1284
0.12496 0.125916 0.12656
0.12436 0.125548 0.12724
0.12448 0.1257 0.12724
0.12412 0.125428 0.1274
0.12116 0.122128 0.12376
0.12164 0.122504 0.12376
0.12164 0.12276 0.12444
0.12212 0.124408 0.1272
0.12324 0.125392 0.12928
0.12476 0.125676 0.1276
0.12452 0.125748 0.12704
0.1244 0.125896 0.12684
0.12388 0.125356 0.12772
0.12212 0.12326 0.12436
0.12176 0.123232 0.125
0.12176 0.1233 0.1244
0.1244 0.125192 0.12668
0.1246 0.125476 0.12616
0.12444 0.125372 0.1258
0.1226 0.125276 0.12772
0.1236 0.125464 0.12664
0.1236 0.125256 0.12724
0.12376 0.12466 0.12648
0.12376 0.124784 0.12596
0.12376 0.124968 0.12664
0.12216 0.123536 0.1248
0.12216 0.124412 0.12628
0.12108 0.123844 0.12536
0.12348 0.127284 0.1292
0.1248 0.127064 0.13
0.12456 0.126936 0.12852
0.12488 0.126096 0.12796
0.12592 0.126936 0.12892
0.12488 0.126112 0.127
0.12432 0.125528 0.12688
0.12456 0.12608 0.12692
0.12452 0.125664 0.12676
0.12308 0.124948 0.12592
0.12412 0.1248 0.12588
0.1238 0.124252 0.12476
0.12324 0.12444 0.12592
0.12344 0.124504 0.12504
0.12344 0.125084 0.12612
0.12344 0.124484 0.12596
0.12344 0.12462 0.12576
0.122 0.12388 0.12576
0.1208 0.123264 0.12492
0.12024 0.122036 0.12396
0.1212 0.12236 0.12416
0.12192 0.123304 0.12516
0.1216 0.123664 0.12632
0.12 0.123168 0.12536
0.123 0.124144 0.12504
0.123 0.12422 0.1254
0.12244 0.124268 0.1254
0.12372 0.124464 0.12628
0.123 0.124428 0.12696
0.124 0.12496 0.12628
0.123 0.124696 0.12608
0.123 0.12426 0.12556
0.12376 0.124956 0.12672
0.12096 0.123532 0.12504
0.12176 0.123588 0.12704
0.12224 0.123008 0.12508
0.12272 0.124508 0.128
0.12276 0.12454 0.12708
0.12276 0.124752 0.1266
0.12088 0.121456 0.1222
0.12008 0.12132 0.12424
0.12044 0.121264 0.12204
0.12432 0.12668 0.12812
0.12384 0.125832 0.12708
0.12384 0.126344 0.12828
0.12452 0.125644 0.1272
0.12316 0.125744 0.1272
0.12424 0.126272 0.1272
0.12352 0.125276 0.12676
0.12292 0.124916 0.12624
0.12292 0.12518 0.12676
0.12108 0.122164 0.12404
0.12044 0.121768 0.12292
0.12148 0.122392 0.12324
0.1212 0.122468 0.12432
0.1212 0.122208 0.12288
0.1212 0.122076 0.12304
0.12304 0.12368 0.12528
0.12204 0.123468 0.12464
0.12272 0.12374 0.1248
0.12136 0.12224 0.12288
0.12132 0.12234 0.12452
0.12132 0.121724 0.12268
0.12128 0.122908 0.12456
0.12128 0.123068 0.12516
0.12128 0.12274 0.12352
0.1198 0.121304 0.12336
0.12012 0.121316 0.12216
0.12012 0.121208 0.12288
0.1218 0.122992 0.12428
0.12136 0.122704 0.12412
0.1222 0.123548 0.12532
0.11992 0.12308 0.12424
0.1212 0.122944 0.12516
0.1206 0.12306 0.1266
0.12428 0.126064 0.12828
0.12372 0.125724 0.12716
0.12344 0.126172 0.12896
0.1254 0.127484 0.12956
0.12464 0.126704 0.12852
0.12464 0.126232 0.13056
0.12384 0.125556 0.12724
0.12344 0.125396 0.12872
0.1242 0.126164 0.12772
0.12248 0.124724 0.12776
0.1248 0.125356 0.12656
0.12248 0.125448 0.12756
0.12268 0.124532 0.12624
0.12284 0.123636 0.1244
0.12232 0.123556 0.12588
0.12232 0.122912 0.12476
0.1212 0.122816 0.12412
0.1212 0.122168 0.12344
0.12292 0.12476 0.12696
0.12292 0.124612 0.12672
0.12236 0.124804 0.1262
0.12444 0.125776 0.12764
0.1248 0.125992 0.12764
0.12448 0.12588 0.12764
0.12428 0.12522 0.12656
0.12288 0.125328 0.12828
0.12428 0.125652 0.12776
0.12216 0.124176 0.12636
0.1234 0.124672 0.12636
0.1214 0.123908 0.12556
0.1228 0.123372 0.12432
0.12236 0.123376 0.12412
0.1228 0.123224 0.12396
0.12268 0.123828 0.1262
0.1236 0.124204 0.12532
0.12364 0.124404 0.12516
0.1216 0.12422 0.12792
0.1206 0.123832 0.12636
0.12108 0.123708 0.12636
0.1232 0.123892 0.12496
0.12356 0.124004 0.12516
0.12252 0.123904 0.126
0.12292 0.12504 0.12696
0.12404 0.1248 0.127
0.1246 0.125496 0.12696
0.12424 0.126404 0.12916
0.12376 0.125236 0.12728
0.1256 0.126812 0.12732
0.12388 0.12536 0.12776
0.12372 0.12584 0.12868
0.12392 0.12496 0.12648
0.12324 0.126504 0.12864
0.12276 0.12624 0.12896
0.12276 0.126492 0.12948
0.123 0.124788 0.12592
0.12336 0.124792 0.12576
0.1218 0.125176 0.12736
0.12144 0.12466 0.12792
0.12272 0.124656 0.12756
0.1214 0.124808 0.1286
0.12184 0.123816 0.12576
0.12184 0.1234 0.12464
0.12176 0.123704 0.12792
0.12048 0.122164 0.12408
0.12132 0.122176 0.12324
0.12176 0.1228 0.12512
0.1228 0.124296 0.12624
0.1228 0.124596 0.12672
0.12276 0.12394 0.12532
0.12288 0.125748 0.1276
0.1244 0.125928 0.12696
0.1232 0.1253 0.12756
0.12348 0.124812 0.12668
0.12192 0.124552 0.12668
0.12352 0.12482 0.12708
0.12416 0.126196 0.13156
0.12384 0.125372 0.12616
0.12312 0.12586 0.12888
0.12516 0.127992 0.1308
0.12388 0.127508 0.13012
0.12372 0.127128 0.13112
0.12416 0.125948 0.12912
0.124 0.126124 0.12892
0.12432 0.125988 0.12804
0.12236 0.123844 0.1248
0.12316 0.124604 0.12532
0.12236 0.123528 0.1242
0.12212 0.124232 0.12576
0.1224 0.123752 0.12504
0.12176 0.123548 0.12644
0.12596 0.127424 0.12932
0.12468 0.126628 0.1304
0.12536 0.12764 0.13092
0.12404 0.125412 0.12712
0.12416 0.12678 0.12836
0.124 0.125844 0.1282
0.12312 0.124512 0.12588
0.12364 0.124104 0.12588
0.12364 0.124796 0.12652
0.1238 0.124748 0.12608
0.1232 0.124748 0.12608
0.1236 0.12452 0.12504
0.12284 0.12654 0.12832
0.12584 0.128012 0.12972
0.12332 0.126556 0.12808
0.12276 0.12484 0.12636
0.1232 0.1255 0.12736
0.1232 0.125292 0.12684
0.12252 0.123948 0.12596
0.1216 0.122956 0.12488
0.1216 0.12328 0.12596
0.12384 0.12492 0.12612
0.124 0.12492 0.12576
0.124 0.12514 0.1266
0.12104 0.123068 0.1248
0.1222 0.123268 0.1248
0.12224 0.123096 0.125
0.12096 0.123772 0.1266
0.12212 0.123856 0.1266
0.12212 0.123628 0.12756
0.12232 0.123824 0.12704
0.1234 0.124248 0.12552
0.12252 0.123996 0.12584
0.12412 0.125204 0.1288
0.12396 0.125448 0.12844
0.12396 0.1256 0.1286
0.12324 0.124908 0.12632
0.12216 0.12404 0.12556
0.12196 0.124112 0.12556
0.12024 0.121744 0.12376
0.12056 0.121884 0.12508
0.12056 0.122108 0.12444
0.1222 0.124252 0.1262
0.12144 0.123912 0.125
0.12336 0.124316 0.1256
0.12348 0.124836 0.12592
0.12348 0.12554 0.12848
0.1222 0.124864 0.12624
0.12356 0.124496 0.12596
0.12356 0.124884 0.1278
0.1228 0.124796 0.12736
0.12388 0.125332 0.12704
0.12388 0.125568 0.12772
0.12512 0.125736 0.1266
0.12236 0.124764 0.12868
0.12288 0.124724 0.12608
0.12192 0.123024 0.12484
0.12288 0.124208 0.12756
0.12304 0.124664 0.12556
0.12272 0.123584 0.12424
0.12172 0.123316 0.12484
0.12244 0.123504 0.1248
0.12172 0.123316 0.1254
0.1214 0.12428 0.12612
0.12296 0.124464 0.12612
0.1214 0.124052 0.12676
0.12148 0.123068 0.12676
0.12148 0.123252 0.12676
0.12132 0.123076 0.12548
0.12232 0.123892 0.12488
0.12116 0.123564 0.1264
0.12312 0.123888 0.1264
0.12476 0.12602 0.12776
0.12336 0.125944 0.12776
0.12432 0.125656 0.12724
0.12276 0.124192 0.12756
0.12272 0.124 0.12552
0.12304 0.123936 0.12564
0.11968 0.123552 0.12516
0.12272 0.12364 0.126
0.12104 0.122768 0.12516
0.122 0.126168 0.12984
0.1232 0.125476 0.1276
0.12336 0.125684 0.12752
0.12424 0.126912 0.12904
0.12388 0.126084 0.12936
0.12172 0.12626 0.12988
0.12168 0.125088 0.12724
0.12352 0.124604 0.12628
0.12352 0.125124 0.12724
0.12372 0.1244 0.12604
0.12356 0.124624 0.12576
0.12164 0.123648 0.12492
0.12196 0.124084 0.12672
0.12424 0.125452 0.12792
0.12224 0.125428 0.12812
0.125 0.127772 0.12996
0.12616 0.127708 0.12968
0.125 0.127384 0.12868
0.12392 0.125016 0.12652
0.12216 0.123932 0.12524
0.12192 0.124672 0.12684
0.12196 0.122428 0.12316
0.12212 0.12294 0.12396
0.12152 0.122624 0.12364
0.121 0.123416 0.12592
0.12232 0.124324 0.12612
0.12084 0.123432 0.12504
0.12328 0.124332 0.12624
0.12456 0.12624 0.1292
0.12308 0.124636 0.12752
0.12396 0.125016 0.12596
0.12372 0.12524 0.127
0.12456 0.125788 0.12816
0.12472 0.127064 0.12908
0.12504 0.127124 0.13012
0.12436 0.126232 0.12892
0.12428 0.126556 0.12884
0.12392 0.125192 0.12808
0.12428 0.125756 0.12692
0.12236 0.124464 0.12704
0.12252 0.124724 0.1298
0.12252 0.12436 0.12672
0.12124 0.122828 0.12428
0.12168 0.122468 0.12392
0.12184 0.123384 0.12744
0.11996 0.122832 0.12592
0.12 0.122304 0.12516
0.12076 0.123084 0.12456
0.12316 0.124916 0.12596
0.1226 0.124032 0.1258
0.12336 0.12436 0.12484
0.12392 0.12668 0.129
0.12624 0.127432 0.12816
0.1248 0.126808 0.12816
0.12224 0.122956 0.1244
0.12164 0.1228 0.12396
0.12164 0.122288 0.12396
0.12288 0.124484 0.12548
0.12196 0.12462 0.12824
0.1242 0.125416 0.12736
0.12496 0.127012 0.12784
0.12464 0.126588 0.12828
0.12496 0.126776 0.13028
0.12332 0.124784 0.12616
0.12216 0.125548 0.12948
0.125 0.1261 0.12688
0.1222 0.124604 0.12776
0.12376 0.125508 0.12776
0.1222 0.125448 0.12668
0.12244 0.124424 0.12632
0.12292 0.125368 0.12712
0.1232 0.125184 0.1268
0.12508 0.126528 0.12812
0.12508 0.126524 0.12872
0.12548 0.126468 0.12828
0.12304 0.124468 0.12504
0.12256 0.124568 0.12584
0.12204 0.123628 0.12464
0.12368 0.126096 0.12816
0.12496 0.12654 0.12816
0.1246 0.12808 0.1306
0.12332 0.12642 0.1278
0.12364 0.125764 0.12728
0.12508 0.126336 0.12728
0.12316 0.126436 0.1286
0.12496 0.1282 0.1304
0.12624 0.127476 0.12892
0.12464 0.127032 0.13
0.12336 0.125704 0.12808
0.12416 0.126852 0.13028
0.12472 0.126436 0.127
0.12608 0.126992 0.12836
0.12372 0.126008 0.12764
0.12736 0.128144 0.12976
0.12672 0.127948 0.12876
0.12556 0.127936 0.13092
0.12464 0.125628 0.12736
0.12348 0.125824 0.12768
0.12436 0.125892 0.12912
0.12336 0.125264 0.12744
0.12372 0.12494 0.12772
0.12392 0.125372 0.12744
0.12468 0.125896 0.12876
0.1242 0.126668 0.13044
0.12352 0.124916 0.12704
0.12208 0.1232 0.12536
0.12112 0.122708 0.12432
0.12204 0.123356 0.12536
0.12016 0.123072 0.1254
0.12076 0.123212 0.12596
0.12128 0.12342 0.12508
0.12128 0.123164 0.1244
0.12164 0.123508 0.12504
0.12196 0.123352 0.12456
0.1246 0.126148 0.1276
0.1252 0.12642 0.12832
0.12424 0.125804 0.1276
0.1224 0.12422 0.12528
0.1216 0.12398 0.12524
0.12236 0.123976 0.12492
0.12124 0.12444 0.12652
0.12052 0.123104 0.12652
0.11904 0.123008 0.12552
0.12404 0.125744 0.12748
0.12412 0.125792 0.12748
0.12436 0.126564 0.12928
0.12192 0.124324 0.12928
0.12192 0.124256 0.12584
0.12108 0.123232 0.12472
0.12248 0.12416 0.12696
0.12248 0.124292 0.12596
0.12184 0.123436 0.12452
0.12144 0.123648 0.1258
0.12104 0.123024 0.12568
0.1196 0.122248 0.12464
0.12052 0.122968 0.12512
0.12136 0.12348 0.12512
0.12152 0.123016 0.12576
0.12172 0.123648 0.12492
0.12056 0.123236 0.12508
0.11952 0.123112 0.12456
0.12248 0.124044 0.12536
0.12116 0.123464 0.12488
0.12092 0.123444 0.12504
0.12056 0.12202 0.1246
0.12108 0.12254 0.12368
0.12056 0.121836 0.12336
0.12176 0.123532 0.12616
0.1214 0.123064 0.12368
0.1224 0.123184 0.1238
0.12268 0.12372 0.12488
0.12268 0.123896 0.1256
0.1222 0.12352 0.12556
0.12456 0.125488 0.12688
0.12232 0.124756 0.12896
0.12412 0.125912 0.12864
0.1228 0.124116 0.12772
0.1222 0.1239 0.12644
0.12252 0.123984 0.12732
0.12376 0.127392 0.12864
0.12556 0.127372 0.12896
0.12292 0.126688 0.129
0.12404 0.125584 0.12756
0.12372 0.124868 0.12644
0.1242 0.125196 0.12588
0.12488 0.1259 0.12696
0.12388 0.125472 0.12696
0.1236 0.125868 0.12864
0.1228 0.124588 0.1272
0.12044 0.123528 0.12504
0.1222 0.123636 0.12664
0.12388 0.124516 0.12472
0.12148 0.125048 0.12668
0.12164 0.124476 0.12596
0.12256 0.124384 0.12624
0.12256 0.123716 0.12588
0.12232 0.123588 0.12796
0.12156 0.12382 0.12612
0.12156 0.122788 0.1236
0.1214 0.122816 0.12468
0.12016 0.121804 0.12396
0.12 0.121812 0.12276
0.12052 0.122172 0.12392
0.11964 0.121596 0.1232
0.11968 0.121716 0.12348
0.12116 0.121932 0.12348
0.12284 0.124216 0.12724
0.12224 0.123804 0.12504
0.12256 0.124172 0.12676
0.12184 0.123212 0.12476
0.11988 0.123332 0.12636
0.11988 0.122348 0.12476
0.12272 0.124912 0.12624
0.12272 0.125036 0.12732
0.12192 0.123672 0.12592
0.12208 0.12502 0.12652
0.12244 0.124928 0.12708
0.12296 0.124756 0.12616
0.12476 0.12588 0.12656
0.12312 0.125064 0.12656
0.12372 0.125428 0.12656
0.12328 0.127308 0.1292
0.12588 0.127852 0.1292
0.12472 0.127816 0.13108
0.12432 0.1252 0.12736
0.1226 0.124436 0.12716
0.1226 0.124472 0.126
0.12384 0.125096 0.12636
0.12384 0.125064 0.1272
0.12396 0.125944 0.1292
0.12436 0.126396 0.1294
0.12432 0.127076 0.1294
0.12132 0.125332 0.12752
0.1236 0.125988 0.12812
0.12432 0.126264 0.12796
0.12328 0.126068 0.12828
0.124 0.12544 0.1282
0.12352 0.12564 0.12752
0.12352 0.12634 0.12984
0.12488 0.126216 0.12824
0.1256 0.126432 0.12748
0.1246 0.126 0.12748
0.12292 0.125404 0.12764
0.12388 0.126428 0.1292
0.1242 0.125408 0.12696
0.12016 0.123756 0.12568
0.11996 0.122364 0.12412
0.12268 0.123496 0.12488
0.121 0.122972 0.12488
0.12008 0.122484 0.12436
0.11992 0.12174 0.12436
0.12068 0.122704 0.12608
0.1194 0.12226 0.12484
0.121 0.122492 0.12484
0.12252 0.12408 0.12648
0.12244 0.124088 0.12664
0.12344 0.124632 0.12584
0.12448 0.125864 0.1288
0.12396 0.12566 0.12912
0.12352 0.124832 0.1264
0.1242 0.125592 0.12664
0.12476 0.125668 0.1266
0.1242 0.1258 0.12748
0.1242 0.125848 0.1282
0.12372 0.1264 0.129
0.12356 0.125876 0.129
0.1248 0.126704 0.12896
0.12592 0.126984 0.12772
0.123 0.126524 0.12896
0.12512 0.126468 0.12924
0.12476 0.1262 0.12764
0.12476 0.126032 0.12748
0.12384 0.125248 0.12964
0.1248 0.126888 0.13064
0.12304 0.126384 0.12944
0.12004 0.1243 0.12692
0.1198 0.123952 0.12552
0.12356 0.124896 0.12884
0.12348 0.125116 0.12628
0.12252 0.124328 0.1256
0.1244 0.125128 0.12692
0.12164 0.123572 0.1258
0.12164 0.123444 0.12552
0.12328 0.12474 0.12824
0.1224 0.124644 0.12736
0.12276 0.124064 0.125
0.12208 0.124012 0.12532
0.12336 0.125796 0.12848
0.12272 0.125396 0.1292
0.12464 0.125492 0.1272
0.12136 0.122952 0.12392
0.12184 0.123352 0.1252
0.12152 0.123132 0.12628
0.12052 0.124436 0.12648
0.12064 0.124136 0.12612
0.12336 0.125168 0.12732
0.1256 0.126656 0.12876
0.1256 0.12646 0.12736
0.12504 0.12626 0.12752
0.12408 0.126568 0.12836
0.12292 0.125232 0.12632
0.12228 0.126064 0.12816
0.12116 0.123972 0.12832
0.12136 0.123328 0.1248
0.12168 0.123152 0.12504
0.12312 0.12456 0.12632
0.12296 0.12554 0.12732
0.12284 0.124884 0.12792
0.12268 0.124332 0.12668
0.12252 0.124228 0.12616
0.12268 0.123772 0.12484
0.12144 0.123548 0.1252
0.12144 0.123112 0.12468
0.12144 0.123068 0.12468
0.12268 0.12584 0.12916
0.12436 0.125896 0.12784
0.1222 0.125576 0.12852
0.12376 0.124496 0.12516
0.12376 0.124884 0.12612
0.12376 0.12526 0.12676
0.12056 0.12324 0.12604
0.12152 0.122744 0.12392
0.12152 0.124172 0.12652
0.12328 0.125288 0.1268
0.1238 0.12542 0.12704
0.12328 0.1259 0.12784
0.12328 0.124656 0.12572
0.12304 0.124516 0.12672
0.12272 0.123612 0.12572
0.12404 0.12564 0.12824
0.12404 0.12596 0.13036
0.1254 0.127088 0.1296
0.12356 0.125588 0.12688
0.1232 0.125696 0.12788
0.12356 0.125712 0.12788
0.1198 0.12434 0.12704
0.12288 0.124204 0.12772
0.12296 0.124592 0.12664
0.12432 0.125948 0.1276
0.12468 0.126668 0.12744
0.12268 0.126064 0.12776
0.12208 0.123652 0.12656
0.12208 0.1245 0.12604
0.1228 0.124276 0.12656
0.12324 0.124108 0.12576
0.12392 0.124696 0.12656
0.1236 0.12492 0.12712
0.12524 0.127216 0.12968
0.12512 0.128036 0.13116
0.1258 0.1281 0.12924
0.12532 0.1271 0.12912
0.12468 0.126804 0.12896
0.126 0.127172 0.1288
0.12568 0.127064 0.12884
0.12472 0.127884 0.12932
0.1244 0.126516 0.1288
0.1274 0.129704 0.13104
0.1274 0.129076 0.13104
0.12804 0.129172 0.13104
0.12572 0.126708 0.12964
0.12464 0.1272 0.13
0.12508 0.12598 0.12732
0.12392 0.125096 0.1268
0.12152 0.124324 0.12616
0.12324 0.125488 0.12748
0.12228 0.124876 0.1262
0.1232 0.124164 0.12504
0.12292 0.124464 0.12592
0.1238 0.125092 0.12604
0.125 0.125636 0.12636
0.12356 0.12474 0.12552
0.12364 0.125548 0.1268
0.12336 0.124708 0.12648
0.1212 0.124564 0.12612
0.12132 0.12312 0.1244
0.12132 0.122612 0.12444
0.12052 0.122876 0.12396
0.12088 0.122308 0.12352
0.12032 0.122124 0.1238
0.12036 0.122156 0.12428
0.12124 0.123032 0.12504
0.12196 0.123348 0.12488
0.12156 0.123204 0.12504
0.12192 0.123724 0.12556
0.12076 0.123552 0.12608
0.12156 0.124304 0.12608
0.12232 0.123128 0.12376
0.12216 0.122788 0.12376
0.12036 0.122708 0.12456
0.1218 0.12428 0.12716
0.1214 0.122992 0.12448
0.1212 0.12324 0.12576
0.12324 0.123536 0.1238
0.12324 0.124368 0.12568
0.12324 0.124464 0.12568
0.12196 0.123312 0.12576
0.12164 0.123964 0.12592
0.12228 0.124312 0.12592
0.12376 0.125016 0.1256
0.12444 0.125292 0.12764
0.12348 0.124488 0.12644
0.12296 0.124204 0.12532
0.12216 0.12416 0.12532
0.12412 0.12454 0.1252
0.12432 0.125004 0.1256
0.12464 0.125044 0.1256
0.12432 0.124984 0.12732
0.12404 0.12498 0.12588
0.12368 0.125088 0.12672
0.12348 0.125028 0.12672
0.12104 0.121696 0.12272
0.12104 0.121872 0.12312
0.12104 0.121856 0.124
0.12368 0.124852 0.12672
0.12316 0.124592 0.12652
0.12452 0.124868 0.12584
0.12328 0.124684 0.1256
0.12196 0.124752 0.12688
0.12328 0.124736 0.1256
0.12408 0.1252 0.12592
0.12408 0.12522 0.12592
0.12344 0.125384 0.1262
0.1242 0.125288 0.1274
0.12304 0.124404 0.12548
0.12272 0.12416 0.12572
0.1246 0.126032 0.12704
0.1248 0.126456 0.12896
0.1248 0.126124 0.12724
0.12392 0.124464 0.12604
0.12424 0.125544 0.12844
0.12408 0.125376 0.1268
0.1252 0.127148 0.12888
0.12536 0.127564 0.1294
0.1252 0.127568 0.12888
0.12528 0.126716 0.1278
0.1248 0.126448 0.1278
0.12512 0.127172 0.12964
0.12432 0.125372 0.12644
0.12416 0.125332 0.12604
0.12416 0.125172 0.12568
0.1224 0.123396 0.12428
0.1224 0.124264 0.1266
0.12236 0.123596 0.12648
0.12304 0.126156 0.13088
0.1216 0.126108 0.1296
0.12208 0.125444 0.13016
0.12248 0.12518 0.12888
0.12324 0.125428 0.12756
0.12248 0.124596 0.127
0.12336 0.125688 0.12888
0.12304 0.125488 0.13176
0.1242 0.125448 0.12904
0.12312 0.125312 0.12732
0.1224 0.124492 0.1268
0.1208 0.124424 0.12864
0.12316 0.125776 0.12992
0.1222 0.124344 0.12808
0.1228 0.126148 0.1292
0.1212 0.125048 0.12712
0.12344 0.125728 0.12756
0.12332 0.125132 0.12748
0.1216 0.126068 0.12896
0.12376 0.1259 0.1284
0.12176 0.125376 0.13084
0.124 0.125876 0.12856
0.12344 0.125672 0.12888
0.12304 0.125928 0.12892
0.1216 0.125928 0.12888
0.12212 0.125152 0.12896
0.12324 0.125456 0.12788
0.1232 0.125748 0.1284
0.12284 0.125628 0.1284
0.12272 0.126108 0.12908
0.1242 0.126244 0.12888
0.12328 0.125788 0.12836
0.1238 0.125144 0.12824
0.12244 0.125852 0.13
0.12292 0.1258 0.12916
0.1242 0.126216 0.12768
0.12224 0.12418 0.12604
0.12304 0.125384 0.12768
0.12436 0.126092 0.1304
0.1222 0.124528 0.1298
0.1226 0.124528 0.12868
0.12416 0.125908 0.12868
0.12172 0.125612 0.12868
0.12376 0.125148 0.12716
0.12344 0.126112 0.12916
0.12232 0.125408 0.13064
0.1236 0.125004 0.1268
0.12208 0.12488 0.1268
0.12164 0.125532 0.12876
0.12164 0.12484 0.12636
0.12208 0.124468 0.12896
0.12232 0.124372 0.1262
0.1228 0.124736 0.12792
0.1212 0.123728 0.12668
0.12248 0.123832 0.1256
0.1218 0.124448 0.12624
0.1226 0.1246 0.12724
0.12272 0.124388 0.12632
0.12296 0.125316 0.12844
0.12304 0.124844 0.1274
0.122 0.124712 0.12696
0.12076 0.124932 0.12688
0.1226 0.124408 0.12636
0.12228 0.12432 0.12644
0.12188 0.123908 0.12712
0.12096 0.124324 0.12588
0.1206 0.123568 0.12596
0.1222 0.124356 0.12668
0.12256 0.124308 0.12568
0.1216 0.124056 0.126
0.1212 0.123644 0.12628
0.12204 0.123728 0.12472
0.12188 0.1234 0.12484
0.1222 0.123608 0.12592
0.12208 0.123868 0.12632
0.12196 0.123632 0.12544
0.12336 0.124556 0.12632
0.12176 0.123656 0.12552
0.1202 0.123448 0.12604
0.12196 0.124144 0.12628
0.12144 0.123356 0.12512
0.12108 0.124012 0.12868
0.12236 0.123852 0.12528
0.12188 0.124048 0.12548
0.12088 0.124188 0.12676
0.12176 0.123496 0.12648
0.12184 0.123532 0.12504
0.12232 0.12386 0.12568
0.12156 0.123172 0.1258
0.12124 0.123508 0.12544
0.12228 0.124252 0.12664
0.12112 0.123852 0.12596
0.12196 0.124316 0.1268
0.12204 0.125004 0.12824
0.1212 0.123948 0.12576
0.12184 0.124208 0.12696
0.12252 0.124908 0.12872
0.1222 0.123532 0.1246
0.1218 0.124028 0.12668
0.12296 0.125236 0.1288
0.1202 0.123536 0.1262
0.1222 0.124248 0.12704
0.12184 0.124124 0.12824
0.12112 0.12486 0.12764
0.12304 0.124984 0.12828
0.12232 0.124216 0.1268
0.1226 0.124416 0.12676
0.12336 0.124968 0.1264
0.12356 0.12556 0.12816
0.12308 0.12464 0.12744
0.1216 0.12522 0.12844
0.12244 0.125684 0.12944
0.12208 0.126052 0.12944
0.12404 0.125124 0.12652
0.12304 0.12592 0.12848
0.12128 0.12332 0.12636
0.12476 0.1265 0.12952
0.12208 0.123804 0.12536
0.12268 0.124676 0.12624
0.1242 0.125204 0.12644
0.12296 0.124776 0.12652
0.1218 0.123964 0.12828
0.12216 0.124308 0.12792
0.1212 0.124508 0.12712
0.12208 0.124472 0.1264
0.12288 0.124772 0.12748
0.12316 0.12506 0.12712
0.121 0.12366 0.12616
0.1226 0.124564 0.12776
0.12276 0.124908 0.12724
0.12392 0.125304 0.12728
0.12356 0.125144 0.12744
0.12372 0.126152 0.12848
0.12392 0.126164 0.12916
0.1218 0.124432 0.12724
0.12288 0.124844 0.1272
0.12412 0.125352 0.12704
0.12168 0.124784 0.12696
0.12384 0.125592 0.12812
0.12352 0.126588 0.12968
0.12276 0.125276 0.12676
0.12296 0.125796 0.13048
0.12188 0.1259 0.13044
0.12204 0.124716 0.12648
0.12356 0.125792 0.12892
0.12304 0.125528 0.12864
0.12348 0.125484 0.12696
0.12324 0.125084 0.12864
0.12372 0.125276 0.1274
0.12396 0.124892 0.1264
0.12252 0.124788 0.12828
0.12292 0.124832 0.12712
0.12132 0.12412 0.12584
0.12308 0.12456 0.12572
0.12316 0.125148 0.12924
0.12264 0.12508 0.12764
0.1214 0.124352 0.12672
0.121 0.124936 0.12976
0.1236 0.1253 0.127
0.1212 0.12538 0.1302
0.1236 0.124824 0.12656
0.12248 0.124872 0.12752
0.1214 0.124804 0.12696
0.12168 0.124968 0.12816
0.12224 0.12476 0.12836
0.1222 0.12518 0.1282
0.12136 0.125028 0.12868
0.12436 0.12572 0.1274
0.12396 0.125496 0.12688
0.12284 0.125336 0.12828
0.1238 0.12566 0.12824
0.1238 0.125404 0.12744
0.12256 0.125216 0.12788
0.12388 0.125824 0.12744
0.12436 0.12618 0.12812
0.12424 0.126476 0.12812
0.12444 0.12638 0.12812
0.12384 0.126264 0.12944
0.12336 0.12668 0.12952
0.12492 0.126564 0.12836
0.12332 0.125644 0.12728
0.12348 0.125668 0.12932
0.12436 0.125728 0.12748
0.1224 0.124872 0.12756
0.12336 0.124896 0.12636
0.12188 0.124292 0.12736
0.12236 0.124788 0.12712
0.12276 0.124532 0.1266
0.1224 0.1253 0.12784
0.12308 0.12484 0.127
0.12236 0.12604 0.12904
0.1214 0.124056 0.12644
0.122 0.123852 0.12544
0.122 0.124864 0.12932
0.12408 0.125176 0.12724
0.12168 0.124276 0.12652
0.12368 0.125108 0.12748
0.12224 0.12446 0.12684
0.12284 0.124792 0.1276
0.12344 0.124668 0.12672
0.12324 0.126064 0.12968
0.12352 0.12536 0.1288
0.12372 0.126192 0.1322
0.12324 0.12526 0.12716
0.12244 0.125388 0.12788
0.12416 0.125696 0.12728
0.12244 0.12484 0.12728
0.12312 0.125904 0.12944
0.12252 0.12556 0.1282
0.12092 0.124276 0.12792
0.1216 0.12426 0.1272
0.1236 0.125328 0.12772
0.12236 0.124864 0.1284
0.12248 0.124716 0.12804
0.1226 0.124492 0.1264
0.12232 0.12554 0.12992
0.12192 0.124668 0.127
0.12212 0.12404 0.12632
0.12264 0.12474 0.12792
0.12376 0.125632 0.12832
0.12352 0.1252 0.12756
0.12352 0.125816 0.12792
0.12124 0.125376 0.12856
0.12268 0.124056 0.12624
0.12312 0.125312 0.12828
0.12156 0.125416 0.12764
0.12348 0.12452 0.12708
0.12292 0.125024 0.12852
0.12248 0.1256 0.12884
0.122 0.125448 0.12792
0.12208 0.12552 0.12864
0.12408 0.126748 0.12844
0.12352 0.12726 0.13296
0.1248 0.12718 0.13052
0.12356 0.12538 0.1268
0.12388 0.126288 0.12872
0.12512 0.127296 0.13
0.1236 0.125428 0.12796
0.12428 0.127296 0.13064
0.1204 0.125748 0.1304
0.12292 0.125732 0.12808
0.12352 0.125984 0.12832
0.12312 0.126632 0.12836
0.12352 0.12574 0.1286
0.1234 0.125968 0.12828
0.12404 0.126512 0.12848
0.1242 0.125764 0.12756
0.12352 0.126784 0.13268
0.12192 0.12636 0.12836
0.12204 0.126368 0.12888
0.1238 0.126672 0.13052
0.12212 0.125484 0.1266
0.12428 0.12712 0.13336
0.12484 0.127496 0.13088
0.12292 0.125944 0.13008
0.12344 0.126444 0.12988
0.12448 0.125532 0.12708
0.12272 0.125232 0.1286
0.12488 0.12656 0.12852
0.1234 0.126568 0.1332
0.12432 0.12606 0.13244
0.1236 0.126128 0.12928
0.122 0.12548 0.12852
0.12292 0.126032 0.1286
0.125 0.126344 0.12776
0.12464 0.127052 0.13016
0.1208 0.126572 0.13068
0.12292 0.126464 0.12976
0.12408 0.127136 0.12972
0.12248 0.126832 0.13012
0.12344 0.12722 0.13104
0.12328 0.127452 0.13116
0.12216 0.125424 0.12844
0.1252 0.127524 0.13
0.12236 0.125884 0.12876
0.12192 0.125696 0.12992
0.12404 0.126668 0.13132
0.12416 0.125924 0.12884
0.12352 0.127552 0.13148
0.12196 0.125416 0.131
0.12244 0.126064 0.12956
0.1232 0.126032 0.12948
0.12288 0.125856 0.12896
0.12304 0.126072 0.12884
0.12024 0.125276 0.129
0.1236 0.127164 0.12912
0.12152 0.125868 0.12892
0.12364 0.126064 0.13
0.12496 0.128904 0.13164
0.124 0.127204 0.13032
0.12428 0.127036 0.13228
0.12448 0.126772 0.12916
0.12068 0.125964 0.12872
0.121 0.12626 0.1292
0.12056 0.125756 0.12956
0.1224 0.126908 0.12924
0.12436 0.126272 0.1286
0.1246 0.127152 0.1298
0.12264 0.127048 0.13028
0.12364 0.127344 0.13136
0.12324 0.12554 0.12904
0.12368 0.127024 0.1306
0.12268 0.12634 0.13112
0.12376 0.126368 0.1294
0.12344 0.126444 0.12912
0.1234 0.126832 0.13032
0.12444 0.127008 0.13028
0.12512 0.127632 0.12964
0.12432 0.127032 0.12884
0.12424 0.126972 0.12988
0.12552 0.128088 0.13132
0.12284 0.1267 0.13
0.1212 0.12578 0.12812
0.12488 0.127268 0.1306
0.12512 0.127772 0.13384
0.12516 0.126908 0.1298
0.12364 0.127064 0.13192
0.1232 0.126544 0.12956
0.12268 0.126276 0.12992
0.12584 0.127592 0.12984
0.1244 0.126712 0.12864
0.12404 0.127084 0.1324
0.12432 0.127796 0.132
0.12404 0.126588 0.12948
0.1224 0.1264 0.12868
0.12296 0.12604 0.13192
0.12184 0.125 0.12808
0.12404 0.126924 0.13232
0.12392 0.127512 0.1322
0.12196 0.12652 0.12872
0.12508 0.127788 0.13108
0.12544 0.128036 0.13112
0.1226 0.12748 0.13076
0.12324 0.1278 0.13024
0.12496 0.127684 0.13104
0.1244 0.127708 0.1314
0.12592 0.128284 0.13184
0.12488 0.128356 0.1306
0.12632 0.127768 0.1298
0.12532 0.127388 0.12872
0.12356 0.127132 0.13172
0.12472 0.127044 0.12944
0.1232 0.1266 0.13088
0.12508 0.128008 0.13192
0.126 0.128824 0.132
0.12408 0.127904 0.13032
0.12436 0.126644 0.13
0.1252 0.127756 0.13136
0.12424 0.127364 0.12912
0.12444 0.127112 0.13008
0.126 0.128772 0.1304
0.12604 0.128312 0.1296
0.12456 0.127924 0.13048
0.12668 0.128196 0.13068
0.12676 0.12904 0.13144
0.12664 0.128716 0.13164
0.1266 0.128 0.12916
0.125 0.12764 0.1304
0.1256 0.12824 0.13512
0.12392 0.127916 0.13244
0.12748 0.128932 0.13148
0.1268 0.129424 0.13176
0.12696 0.12888 0.13188
0.1248 0.128748 0.13444
0.12584 0.1284 0.1312
0.12508 0.129084 0.13376
0.12096 0.127192 0.13136
0.12392 0.127236 0.13348
0.12432 0.126944 0.12968
0.12612 0.128324 0.13184
0.12532 0.128952 0.13384
0.12368 0.127892 0.13048
0.12616 0.128844 0.13208
0.12516 0.128588 0.1314
0.12684 0.129344 0.1326
0.12572 0.127692 0.13012
0.12264 0.127844 0.13056
0.12432 0.127096 0.12936
0.12252 0.127064 0.134
0.12388 0.128276 0.13144
0.12384 0.128416 0.13412
0.125 0.127204 0.13152
0.12384 0.12838 0.13112
0.1234 0.127144 0.13028
0.1258 0.127912 0.12992
0.12456 0.128536 0.1322
0.12456 0.127832 0.13072
0.12528 0.128692 0.1328
0.12376 0.128432 0.1312
0.12532 0.127304 0.12944
0.1254 0.128332 0.13244
0.12584 0.128052 0.13136
