-8374.51675644 -8215.6871443 -8123.59664347
-8269.23771332 -8199.10117661 -8148.36796354
-8273.74299632 -8197.54340998 -8146.10817727
-8186.00110452 -8163.07062695 -8142.15682284
-8256.16681108 -8162.44769183 -8119.05414782
-8241.01019811 -8162.31310365 -8136.05572474
-8206.68016339 -8156.81560351 -8130.10810386
-8165.44478914 -8152.37522045 -8136.06523286
-8183.09271547 -8151.23616952 -8130.57399203
-8179.6511777 -8154.5273757 -8133.75277065
-8169.58999026 -8144.11971885 -8123.49295985
-8162.53885806 -8139.2828017 -8124.01129609
-8199.9499801 -8159.01126485 -8131.49964953
-8195.14457848 -8153.78166969 -8128.28287573
-8170.90644716 -8141.52181596 -8121.2595269
-8310.52214256 -8167.76618186 -8130.94871262
-8173.50794768 -8144.16407976 -8109.78170518
-8178.04901539 -8152.53360578 -8133.51897189
-8225.79373255 -8160.78546245 -8123.07531868
-8198.15065543 -8149.06834746 -8129.55388595
