0.246 0.32296 0.38
0.2248 0.3088 0.4056
0.2104 0.29872 0.3444
0.284 0.3312 0.3636
0.2688 0.30668 0.3688
0.2484 0.31864 0.3804
0.2572 0.32404 0.3716
0.2712 0.3162 0.3636
0.2604 0.31564 0.428
0.2664 0.30804 0.3316
0.2724 0.33624 0.406
0.266 0.32996 0.3768
0.258 0.32228 0.3736
0.2912 0.32836 0.3648
0.2968 0.35104 0.418
0.3152 0.35552 0.43
0.314 0.35464 0.404
0.2764 0.34728 0.4244
0.2916 0.34364 0.4424
0.3132 0.34088 0.4152
0.3412 0.36428 0.3876
0.3004 0.34592 0.4272
0.2968 0.34404 0.4192
0.2768 0.35396 0.4192
0.256 0.32468 0.4332
0.2764 0.3454 0.412
0.2792 0.32172 0.3984
0.258 0.33696 0.4536
0.2964 0.32864 0.386
0.2756 0.3162 0.3704
0.296 0.33992 0.4056
0.2796 0.32488 0.386
0.2472 0.33624 0.3856
0.2756 0.33712 0.3832
0.2756 0.32788 0.3864
0.2712 0.3324 0.3884
0.3244 0.34764 0.3748
0.2676 0.3088 0.3408
0.2616 0.33872 0.38
0.2452 0.33432 0.3904
0.2712 0.32784 0.3796
0.2968 0.33336 0.384
0.2816 0.32084 0.3716
0.2532 0.30792 0.3664
0.2968 0.32864 0.3792
0.2604 0.31428 0.4328
0.2604 0.3076 0.35
0.258 0.3032 0.3676
0.274 0.32052 0.364
0.2164 0.3006 0.366
0.2496 0.30412 0.3736
0.2588 0.30296 0.348
0.26 0.30576 0.3688
0.2804 0.31932 0.3556
0.2664 0.29448 0.3836
0.2732 0.3052 0.3508
0.2528 0.31416 0.354
0.2616 0.30052 0.3552
0.2664 0.30536 0.392
0.2768 0.31256 0.3444
0.2704 0.30864 0.366
0.2924 0.32368 0.3644
0.2492 0.29504 0.3504
0.2776 0.31648 0.362
0.2932 0.31272 0.3544
0.2532 0.3146 0.3688
0.2972 0.32176 0.34
0.282 0.32632 0.396
0.2652 0.31816 0.3828
0.2596 0.30936 0.3684
0.2456 0.3152 0.3652
0.2888 0.33452 0.432
0.274 0.30572 0.3528
0.256 0.30816 0.3556
0.2312 0.29372 0.3728
0.2636 0.29992 0.3232
0.2612 0.32008 0.3824
0.2696 0.28996 0.334
0.2444 0.30036 0.3444
0.268 0.30656 0.3612
0.2232 0.29336 0.3256
0.232 0.29312 0.3572
0.2676 0.28348 0.3188
0.2512 0.29452 0.3496
0.2268 0.2794 0.3592
0.26 0.28768 0.344
0.2344 0.28108 0.3452
0.244 0.27452 0.3324
0.2392 0.2752 0.3416
0.2436 0.28368 0.3188
0.2372 0.29192 0.3512
0.2468 0.28276 0.3244
0.238 0.30436 0.3508
0.2508 0.31 0.39
0.2536 0.31432 0.3776
0.2536 0.29172 0.3412
0.3056 0.36068 0.4704
0.2728 0.31068 0.3496
0.2272 0.31284 0.3716
0.2948 0.33996 0.3952
0.2376 0.30892 0.3352
0.2528 0.33108 0.3756
0.2708 0.32984 0.3808
0.292 0.3176 0.3444
0.2792 0.31744 0.3568
0.2784 0.31688 0.4052
0.2612 0.30536 0.3568
0.2616 0.30384 0.3432
0.2324 0.29404 0.3408
0.2696 0.30284 0.3412
0.2584 0.31272 0.376
0.2492 0.30228 0.3812
0.25 0.29292 0.334
0.2436 0.3088 0.372
0.194 0.28192 0.3596
0.236 0.29072 0.358
0.2536 0.30516 0.3436
0.2536 0.3084 0.3728
0.2396 0.316 0.4064
0.2496 0.29604 0.3692
0.2544 0.30804 0.3948
0.2764 0.31216 0.3528
0.2752 0.33788 0.3748
0.2472 0.29868 0.3448
0.2612 0.29776 0.3224
0.2716 0.3124 0.3484
0.2436 0.28976 0.3544
0.2332 0.28272 0.3316
0.248 0.28828 0.3168
0.232 0.28308 0.348
0.2548 0.29096 0.326
0.266 0.2998 0.3424
0.2376 0.2742 0.316
0.2276 0.27332 0.3296
0.2544 0.28956 0.3456
0.2536 0.28276 0.324
0.254 0.28764 0.328
0.2648 0.3038 0.36
0.2396 0.29004 0.3188
0.2632 0.29324 0.3236
0.2384 0.29536 0.3728
0.2624 0.31272 0.3576
0.2604 0.2986 0.332
0.27 0.31324 0.3548
0.252 0.30372 0.3392
0.232 0.31348 0.3616
0.2284 0.29964 0.3568
0.2756 0.31036 0.3488
0.2604 0.29088 0.312
0.2608 0.30436 0.3392
0.2564 0.28732 0.3056
0.2792 0.30976 0.3408
0.2476 0.29928 0.3584
0.2816 0.32428 0.3808
0.2356 0.28772 0.3316
0.2732 0.3202 0.3744
0.2736 0.30228 0.3292
0.2732 0.30388 0.3332
0.2768 0.30392 0.338
0.2764 0.31384 0.3572
0.2544 0.30212 0.3692
0.2804 0.30452 0.3412
0.2124 0.29604 0.3692
0.2472 0.29412 0.3744
0.2988 0.31388 0.3292
0.2636 0.29956 0.3216
0.2644 0.31088 0.356
0.2536 0.31084 0.3432
0.2672 0.29276 0.3268
0.236 0.28924 0.3236
0.258 0.29428 0.334
0.2624 0.3044 0.332
0.2568 0.28988 0.3168
0.2664 0.28736 0.322
0.2604 0.30884 0.3512
0.2852 0.30676 0.3348
0.2652 0.28976 0.326
0.2612 0.2984 0.3324
0.2552 0.29424 0.3276
0.2852 0.31112 0.3336
0.2688 0.30488 0.3284
0.25 0.29792 0.3804
0.254 0.29408 0.3236
0.2692 0.28804 0.2976
0.2744 0.3148 0.3472
0.2436 0.28712 0.3432
0.2604 0.28968 0.3236
0.2536 0.29308 0.3208
0.2172 0.29472 0.354
0.2464 0.28616 0.33
0.2528 0.29512 0.3384
0.2384 0.27908 0.3424
0.2396 0.28444 0.3204
0.2436 0.29032 0.3496
0.2676 0.2916 0.3484
0.25 0.27416 0.3216
0.2492 0.28556 0.342
0.232 0.27712 0.312
0.2388 0.27284 0.318
0.2444 0.28308 0.306
0.2256 0.26844 0.3156
0.2228 0.27276 0.3344
0.2488 0.27004 0.2988
0.2444 0.26544 0.3048
0.2376 0.26636 0.3
0.226 0.27484 0.324
0.2428 0.26608 0.3144
0.2368 0.26508 0.3048
0.242 0.25644 0.278
0.244 0.26152 0.2824
0.2412 0.26504 0.2956
0.2308 0.27304 0.3208
0.24 0.26252 0.2864
0.2428 0.26516 0.3132
0.2416 0.26092 0.3104
0.2188 0.26296 0.2928
0.2404 0.26204 0.2956
0.2152 0.26268 0.2968
0.2296 0.26392 0.2904
0.2272 0.25308 0.2968
0.2184 0.25612 0.294
0.2208 0.25676 0.286
0.2296 0.26216 0.2944
0.2248 0.26832 0.2976
0.206 0.25304 0.3024
0.2304 0.25292 0.2936
0.2244 0.24448 0.2704
0.2344 0.25732 0.2844
0.2164 0.2444 0.2812
0.2088 0.25508 0.2852
0.2288 0.24692 0.2804
0.2356 0.26128 0.2872
0.228 0.26104 0.284
0.2412 0.26292 0.2992
0.2252 0.26188 0.2916
0.2312 0.2636 0.2972
0.2492 0.28148 0.3012
0.224 0.26352 0.2984
0.2112 0.2396 0.2812
0.2224 0.2518 0.2844
0.2256 0.257 0.3208
0.2328 0.26356 0.2896
0.212 0.25648 0.3292
0.2384 0.26064 0.2956
0.2192 0.2642 0.3252
0.238 0.26332 0.3016
0.2344 0.26956 0.3
0.2324 0.25252 0.2728
0.2136 0.23368 0.2676
0.2288 0.24984 0.286
0.2312 0.25968 0.2844
0.2424 0.26164 0.2908
0.2048 0.25512 0.2812
0.2188 0.25948 0.2936
0.2324 0.25648 0.2784
0.222 0.25428 0.2732
0.2268 0.24804 0.262
0.248 0.26684 0.3068
0.1976 0.24476 0.2832
0.2172 0.24804 0.2776
0.2304 0.25396 0.282
0.2228 0.25076 0.2892
0.232 0.26532 0.3132
0.2172 0.24512 0.272
0.224 0.26412 0.3112
0.2372 0.25936 0.29
0.2376 0.2634 0.286
0.2432 0.26488 0.2836
0.2416 0.27728 0.298
0.2264 0.25204 0.2836
0.2276 0.262 0.3044
0.2604 0.27912 0.3164
0.2264 0.26368 0.304
0.2324 0.2664 0.3108
0.2316 0.26552 0.2936
0.242 0.27468 0.3124
0.2424 0.28452 0.318
0.2444 0.27992 0.3036
0.256 0.28912 0.3168
0.2472 0.29604 0.3328
0.264 0.28412 0.3272
0.2452 0.28208 0.3168
0.2536 0.2842 0.3304
0.2376 0.29012 0.3332
0.2464 0.28632 0.3484
0.2344 0.263 0.2832
0.2364 0.26556 0.3036
0.2504 0.27596 0.3052
0.2312 0.2556 0.2748
0.2288 0.26332 0.2888
0.2 0.25536 0.3012
0.2368 0.26464 0.2988
0.2224 0.26032 0.2976
0.2332 0.25716 0.2736
0.2216 0.26292 0.2856
0.2284 0.25208 0.3032
0.218 0.24672 0.2996
0.2384 0.25436 0.2756
0.2412 0.2546 0.2728
0.2272 0.25152 0.2924
0.2244 0.264 0.314
0.204 0.24244 0.2728
0.238 0.25804 0.2816
0.2508 0.26976 0.2904
0.2144 0.2506 0.2696
0.1992 0.24768 0.2692
0.2376 0.26016 0.2872
0.2424 0.25904 0.2912
0.2316 0.25528 0.278
0.2296 0.26264 0.2928
0.2184 0.24756 0.2836
0.2204 0.26252 0.308
0.2372 0.2594 0.2852
0.2108 0.26092 0.2868
0.2292 0.24896 0.2752
0.2164 0.24876 0.284
0.2264 0.25392 0.2796
0.2388 0.26968 0.2988
0.244 0.26444 0.2864
0.2132 0.26568 0.3268
0.222 0.25992 0.3084
0.2168 0.25692 0.2836
0.2232 0.2586 0.294
0.2432 0.2776 0.316
0.2152 0.27376 0.2956
0.2516 0.28028 0.3588
0.2168 0.2656 0.2904
0.2328 0.2782 0.3052
0.244 0.28124 0.3232
0.2456 0.28224 0.3344
0.25 0.28308 0.332
0.2452 0.28316 0.3176
0.244 0.2682 0.308
0.2516 0.28072 0.3148
0.2456 0.28584 0.3188
0.2532 0.28452 0.3308
0.2464 0.28652 0.3336
0.2608 0.29456 0.3244
0.214 0.26636 0.3072
0.2436 0.27964 0.3092
0.2256 0.27156 0.316
0.2536 0.27156 0.3164
0.2408 0.27128 0.3068
0.2356 0.25556 0.276
0.2516 0.27856 0.3348
0.2436 0.28092 0.3316
0.2448 0.27116 0.3176
0.2396 0.27796 0.3068
0.2356 0.27216 0.3344
0.2416 0.26512 0.2876
0.2468 0.27392 0.3176
0.2392 0.27336 0.3108
0.2468 0.27488 0.2896
0.228 0.25996 0.2904
0.2336 0.268 0.3092
0.2264 0.26036 0.306
0.2344 0.26308 0.284
0.2468 0.28144 0.3344
0.2476 0.2784 0.304
0.2468 0.27908 0.3192
0.2252 0.27756 0.3472
0.2364 0.26512 0.3196
0.2496 0.2702 0.2884
0.2384 0.28688 0.3328
0.2372 0.2698 0.308
0.2448 0.2846 0.3136
0.2712 0.2982 0.3444
0.2484 0.2864 0.322
0.2632 0.28772 0.3236
0.2432 0.2846 0.31
0.2636 0.29084 0.3408
0.2496 0.2834 0.3184
0.2364 0.28644 0.35
0.258 0.28432 0.3168
0.2668 0.2864 0.3152
0.2668 0.28848 0.3416
0.2436 0.2782 0.3256
0.2488 0.26952 0.314
0.2372 0.26856 0.3244
0.2652 0.29444 0.3508
0.244 0.27652 0.3032
0.24 0.28152 0.3048
0.2512 0.28736 0.3096
0.2664 0.2974 0.3388
0.2368 0.26624 0.3128
0.2604 0.297 0.3184
0.2636 0.3018 0.3328
0.2488 0.27232 0.2904
0.2408 0.2798 0.3116
0.238 0.28756 0.3416
0.234 0.27068 0.2992
0.238 0.2624 0.2876
0.2124 0.25444 0.2832
0.2452 0.27424 0.2944
0.2416 0.27316 0.3092
0.2228 0.26756 0.3088
0.2564 0.27224 0.2984
0.228 0.27308 0.3016
0.2288 0.25848 0.3096
0.2436 0.27348 0.312
0.2544 0.28256 0.3336
0.2264 0.26656 0.288
0.2504 0.2702 0.2924
0.2428 0.26464 0.2844
0.2672 0.27828 0.3028
0.2456 0.27956 0.3108
0.242 0.26408 0.28
0.2372 0.25892 0.2944
0.2192 0.25232 0.2688
0.2188 0.26164 0.2924
0.242 0.25836 0.2856
0.226 0.26184 0.3012
0.2352 0.27364 0.3028
0.21 0.2628 0.3
0.2404 0.27632 0.3136
0.24 0.26664 0.3196
0.2356 0.2724 0.3196
0.2356 0.27284 0.3028
0.226 0.27696 0.318
0.2092 0.25924 0.2828
0.2684 0.29112 0.3184
0.2484 0.27352 0.3056
0.2556 0.28232 0.3048
0.254 0.28024 0.3328
0.2552 0.26924 0.2944
0.2324 0.27336 0.3088
0.2604 0.27868 0.3204
0.2412 0.281 0.3296
0.2344 0.26908 0.302
0.256 0.27992 0.3016
0.2456 0.2714 0.2932
0.2356 0.27444 0.3184
0.2232 0.25608 0.2884
0.2412 0.2634 0.292
0.2512 0.2758 0.3
0.2416 0.27324 0.3016
0.2456 0.26608 0.2964
0.24 0.26464 0.2832
0.2376 0.2586 0.2868
0.2492 0.27424 0.3044
0.228 0.262 0.3144
0.2204 0.2582 0.2924
0.2408 0.25956 0.2812
0.2352 0.25956 0.276
0.2252 0.25968 0.2768
0.2384 0.26308 0.29
0.2452 0.2604 0.2912
0.2416 0.25912 0.2896
0.246 0.26656 0.3012
0.2596 0.2844 0.3348
0.2416 0.2546 0.2752
0.2232 0.2676 0.3088
0.1992 0.25532 0.2912
0.2324 0.26244 0.2944
0.2224 0.2534 0.2964
0.238 0.25312 0.2768
0.2456 0.25656 0.2712
0.214 0.2634 0.3152
0.2212 0.25216 0.3028
0.2376 0.26716 0.302
0.2308 0.26124 0.2988
0.2432 0.27512 0.3548
0.236 0.25676 0.2752
0.2172 0.26212 0.2908
0.2208 0.25072 0.2908
0.228 0.2612 0.2904
0.2212 0.2556 0.2964
0.2396 0.27036 0.306
0.2292 0.26716 0.3136
0.2364 0.26328 0.2972
0.22 0.26888 0.2948
0.2316 0.26244 0.2792
0.238 0.26832 0.3084
0.2424 0.26 0.2764
0.228 0.25076 0.3032
0.2476 0.27244 0.2896
0.2168 0.25548 0.28
0.2556 0.27036 0.2904
0.2328 0.26756 0.302
0.2324 0.26076 0.2892
0.2428 0.27052 0.2852
0.2588 0.27564 0.3
0.2464 0.26408 0.2892
0.2452 0.2688 0.2972
0.2276 0.27536 0.3156
0.2396 0.27556 0.3088
0.2564 0.28548 0.3312
0.242 0.27396 0.316
0.2572 0.27436 0.31
0.2744 0.2868 0.302
0.2492 0.27836 0.2984
0.2596 0.29476 0.3284
0.268 0.28548 0.3
0.262 0.29208 0.3332
0.2672 0.29676 0.33
0.2536 0.29476 0.3412
0.2656 0.29268 0.3236
0.276 0.30416 0.3496
0.2604 0.28568 0.338
0.256 0.29144 0.3248
0.2676 0.30328 0.3524
0.254 0.29872 0.3656
0.2624 0.29396 0.322
0.2756 0.2964 0.3132
0.2556 0.2816 0.3016
0.2508 0.27992 0.3024
0.2668 0.29328 0.3252
0.2632 0.28792 0.3128
0.2832 0.29344 0.314
0.2368 0.29144 0.3236
0.2616 0.28672 0.3096
0.2548 0.29588 0.3292
0.2564 0.28628 0.3172
0.244 0.27752 0.3676
0.2448 0.2842 0.312
0.2492 0.27516 0.296
0.2568 0.2844 0.3028
0.2616 0.28304 0.316
0.2448 0.275 0.3296
0.2516 0.27884 0.3156
0.2336 0.2758 0.3068
0.2408 0.28592 0.3332
0.2316 0.26232 0.3124
0.2596 0.29136 0.3308
0.2532 0.293 0.3352
0.244 0.27784 0.3124
0.2496 0.28196 0.3036
0.2408 0.2736 0.3084
0.242 0.28356 0.3136
0.2584 0.281 0.322
0.2528 0.27728 0.3064
0.2532 0.28184 0.314
0.2412 0.28228 0.3212
0.2576 0.2868 0.3152
0.2352 0.27652 0.3036
0.2564 0.275 0.2956
0.2356 0.27404 0.3064
0.2516 0.27052 0.29
0.2176 0.2722 0.308
0.2432 0.27156 0.3412
0.2348 0.263 0.2984
0.2356 0.27452 0.308
0.25 0.2668 0.2792
0.2524 0.27564 0.3044
0.2336 0.2706 0.3004
0.2556 0.2806 0.3096
0.2568 0.28148 0.3124
0.2756 0.29772 0.3284
0.2656 0.2962 0.3612
0.2532 0.28724 0.3176
0.2668 0.29052 0.3344
0.2652 0.28604 0.3344
0.2552 0.28728 0.3212
0.2568 0.28068 0.3316
0.2656 0.28404 0.3144
0.2696 0.29128 0.3252
0.2452 0.29304 0.3244
0.2656 0.28388 0.3164
0.2616 0.28384 0.308
0.2588 0.28564 0.3092
0.2588 0.29684 0.3292
0.2568 0.28628 0.3284
0.2572 0.29016 0.3328
0.2444 0.28308 0.3192
