-4051.33874107 -1581.917298 -590.238323091
-2965.79321036 -1592.69660866 -493.788894789
-2476.34707479 -1456.30555353 -778.758667959
-2207.43291553 -999.896791925 -454.213459213
-2090.89915891 -1015.83241985 -367.988437934
-1188.05741162 -785.068278652 -531.584143107
-1334.97377063 -713.861979842 -392.001528036
-970.48455565 -558.074107641 -297.398934308
-1034.12822827 -639.817549405 -334.434415504
-948.766328572 -457.686603734 -146.376993261
-754.270375793 -374.660326852 -113.64447883
-788.094139113 -416.874938879 -186.482735898
-354.650912262 -172.796303337 -52.2600329798
-913.702613042 -297.783919707 -111.04433245
-388.721842649 -245.218899845 -73.2776552059
-256.550369353 -133.759898625 -75.9134277469
-204.086561333 -124.797627478 -17.12868946
-239.036856078 -112.725275284 12.9089448117
-251.740642849 -129.1384277 -39.1776868813
-152.269539248 -91.7394843794 -61.3202525655
-99.8033446556 -72.2908547355 -40.5580821263
-115.509251717 -37.3015038545 74.0116167187
-312.284019977 -97.8675874191 -11.5319045251
-138.114701097 -47.0935053284 94.8788001067
-52.8726358344 75.9533123894 247.31748349
-100.750410408 16.7596843146 210.374748707
-72.9650826743 31.5499006341 193.54083665
-24.8716746094 65.8454801085 227.150490639
-102.648478738 122.674332505 382.318568885
-85.5782625431 54.8729706168 201.123845322
-30.0161922872 150.9355167 342.48041116
-19.8637705161 117.226690777 334.289346802
34.8398222064 234.971178738 529.588934046
22.7458856423 344.924653127 545.367728644
117.080168631 302.069321122 656.990657139
95.4386516915 337.606321643 509.351715009
190.125442419 415.767004394 681.560597655
27.8497968151 304.4026125 570.136656787
30.0083929492 344.358042834 729.002445331
186.574053215 375.525315648 590.254139508
215.68425878 397.666221201 675.904186551
202.858291049 463.835308794 667.063738428
37.709087557 288.445607615 570.108637547
226.335147983 405.586223715 719.694914477
61.2787954697 350.228130289 556.583327238
79.9760687438 377.725790093 586.249687258
72.0632556871 338.658101536 634.9660806
173.228382341 342.818841723 534.578163036
202.476173058 402.012573816 618.664483229
166.929491545 375.290508338 635.218872851
169.341678822 384.025575762 507.996292351
277.272406891 520.229615034 741.578850793
32.4214082144 341.563639697 607.006572265
220.667082435 400.079427471 574.573335764
223.507919325 392.085953435 526.784425733
80.7018938911 335.368328032 582.499518616
64.8408564036 343.045698412 618.5553076
175.611551316 405.490692688 694.739318002
189.018044862 310.589265089 522.587633184
87.3782208195 417.975590762 647.619258215
2.75810523089 357.704268758 614.540461187
198.611667128 376.600831682 615.538120341
177.180282709 340.646343638 626.820022255
253.63222314 414.39174455 612.782996079
105.487965929 350.812267047 564.380186092
254.044585076 402.99075456 659.21558642
187.935647042 356.086095824 519.87211236
215.059886864 435.980618623 687.181004595
55.2878468419 299.951524771 568.499833914
32.4309463941 326.523259068 538.284826061
190.542776259 377.164368079 847.673697407
293.376098654 429.001059263 718.0173697
98.0229199868 400.03738404 629.447025992
190.870977253 471.101928521 807.026830574
196.350889604 391.958730625 563.265454377
65.9467334063 321.533581015 628.188277132
173.48284449 400.597350753 593.062057944
79.1305002865 314.244193904 618.636284097
182.346537235 326.323463927 536.393680388
143.773905507 359.256847475 568.971722404
247.972067288 409.046760502 588.33064257
168.230510094 420.528724082 878.477954847
59.9107608181 295.634957868 463.479821254
72.9251410248 369.844046518 505.525185503
34.1340718837 386.138120571 599.227501453
106.309791431 355.706602017 523.053106211
163.287290853 328.683631921 563.444925977
196.82623393 367.165381137 821.226859863
262.195009899 384.309344697 555.690840152
189.399731225 398.052240823 615.382432115
188.252126448 391.786260257 700.04713101
215.262257007 417.930985378 617.559596853
260.671058786 467.295647678 664.006609611
236.333701812 457.91813473 651.460759455
38.5072320108 400.687801251 747.05718578
106.025932322 430.172377265 666.149631971
267.986566861 420.224324432 664.942767717
