0.2244 0.24964 0.2792
0.1472 0.23076 0.2844
0.1828 0.22284 0.3108
0.1736 0.24212 0.362
0.1852 0.21684 0.2928
0.134 0.212 0.274
0.1568 0.20172 0.2512
0.1556 0.24 0.3136
0.1704 0.19956 0.238
0.1536 0.20576 0.2688
0.1476 0.20164 0.2548
0.1788 0.22468 0.3056
0.1668 0.20524 0.2492
0.1544 0.20328 0.2408
0.156 0.20084 0.2376
0.146 0.1876 0.2696
0.16 0.19136 0.218
0.1792 0.19212 0.2236
0.1664 0.19712 0.232
0.1604 0.20924 0.2844
0.156 0.19888 0.2592
0.1556 0.18612 0.212
0.1464 0.19812 0.248
0.1376 0.18156 0.2244
0.1404 0.18444 0.222
0.1632 0.19572 0.2552
0.1616 0.17852 0.2148
0.1604 0.18328 0.2212
0.1476 0.20752 0.2664
0.1524 0.18948 0.2248
0.1736 0.20988 0.2972
0.1628 0.211 0.2404
0.158 0.21932 0.2528
0.174 0.20248 0.2564
0.1684 0.21388 0.2488
0.1852 0.2184 0.2628
0.1876 0.20864 0.2228
0.1572 0.19144 0.2192
0.1696 0.20152 0.2544
0.17 0.20924 0.242
0.1608 0.19824 0.2488
0.162 0.1988 0.2376
0.1704 0.198 0.2468
0.1652 0.18488 0.2092
0.1608 0.1994 0.2376
0.166 0.20328 0.2292
0.1472 0.18824 0.2112
0.1684 0.19112 0.224
0.1424 0.19216 0.2572
0.1776 0.197 0.2196
0.1704 0.19672 0.2272
0.1824 0.19656 0.2236
0.1624 0.198 0.2308
0.1764 0.19372 0.2188
0.1664 0.19744 0.2356
0.178 0.21044 0.2632
0.1784 0.21228 0.2624
0.1548 0.18684 0.2152
0.1696 0.19884 0.256
0.1744 0.21172 0.2512
0.1792 0.19512 0.2136
0.1548 0.20248 0.2448
0.1788 0.21388 0.2696
0.1636 0.19012 0.214
0.1828 0.21228 0.2412
0.1704 0.2002 0.2404
0.1544 0.192 0.2268
0.1604 0.19516 0.2248
0.1648 0.19924 0.23
0.1604 0.19776 0.234
0.1836 0.20592 0.2536
0.1752 0.20304 0.2336
0.1808 0.20348 0.2336
0.1696 0.2046 0.2516
0.1764 0.2082 0.244
0.1732 0.2032 0.228
0.174 0.203 0.2368
0.1816 0.19864 0.25
0.1684 0.1978 0.2384
0.1856 0.2072 0.2352
0.1544 0.19412 0.228
0.1676 0.19992 0.2376
0.146 0.19724 0.236
0.1864 0.21364 0.2368
0.1548 0.20012 0.2228
0.186 0.20368 0.224
0.1564 0.18492 0.2012
0.1968 0.20912 0.2348
0.1576 0.18924 0.2136
0.18 0.19604 0.212
0.1844 0.20044 0.246
0.1612 0.20132 0.2392
0.1756 0.18884 0.2176
0.164 0.18696 0.2212
0.1592 0.18852 0.2276
0.152 0.1856 0.2104
0.1476 0.17956 0.2092
0.1476 0.17604 0.2204
0.1472 0.17864 0.2008
0.1556 0.17356 0.1896
0.1652 0.17928 0.1948
0.1484 0.18096 0.2168
0.1572 0.17604 0.2016
0.1528 0.17156 0.1816
0.13 0.16904 0.206
0.1624 0.18904 0.2112
0.158 0.1708 0.1844
0.1532 0.17876 0.1984
0.1604 0.18212 0.204
0.1544 0.184 0.2064
0.1652 0.17988 0.2068
0.1532 0.17696 0.1948
0.162 0.18304 0.2056
0.1596 0.18532 0.2152
0.1592 0.18836 0.2288
0.162 0.19168 0.214
0.1672 0.18752 0.2096
0.1656 0.1904 0.2208
0.1796 0.19548 0.2092
0.1612 0.18768 0.2064
0.1732 0.19028 0.2052
0.1592 0.17412 0.202
0.1652 0.18628 0.206
0.1636 0.17612 0.1996
0.1668 0.18908 0.214
0.1472 0.18872 0.2232
0.1656 0.18268 0.1968
0.168 0.18664 0.2004
0.1492 0.17556 0.2032
0.1592 0.1738 0.1908
0.16 0.17544 0.2052
0.166 0.17788 0.208
0.1516 0.16772 0.1904
0.1376 0.1688 0.2044
0.1484 0.17076 0.198
0.1508 0.1702 0.2012
0.1568 0.16932 0.1868
0.1532 0.17584 0.1944
0.1476 0.1616 0.1884
0.1496 0.1678 0.1896
0.148 0.17036 0.1876
0.1392 0.15956 0.1796
0.1464 0.1694 0.1944
0.1396 0.16232 0.1868
0.1492 0.16396 0.1748
0.1348 0.16424 0.1964
0.1344 0.15044 0.1624
0.1368 0.15812 0.1752
0.1456 0.16724 0.1868
0.1476 0.16048 0.178
0.1344 0.16564 0.1828
0.1388 0.15932 0.1728
0.1384 0.16084 0.1928
0.1404 0.1662 0.1924
0.1388 0.1628 0.1764
0.1464 0.1644 0.1852
0.1468 0.16604 0.1812
0.1412 0.16828 0.1828
0.144 0.165 0.1772
0.1456 0.16524 0.1844
0.1524 0.16332 0.1784
0.1548 0.17512 0.1996
0.1536 0.16604 0.1772
0.1464 0.16672 0.1852
0.1568 0.1658 0.1764
0.142 0.15996 0.1772
0.1568 0.16856 0.1832
0.1404 0.1644 0.186
0.156 0.16872 0.1808
0.1424 0.16752 0.1956
0.1536 0.16208 0.1836
0.1448 0.16204 0.1784
0.1576 0.167 0.1776
0.1432 0.1634 0.1812
0.152 0.17 0.1924
0.1328 0.1654 0.1796
0.1368 0.158 0.1732
0.1464 0.1664 0.1824
0.1588 0.1722 0.1916
0.1472 0.16832 0.19
0.164 0.17108 0.1772
0.1472 0.16344 0.1832
0.1472 0.16332 0.1756
0.1408 0.16236 0.186
0.1496 0.16516 0.1888
0.1448 0.16452 0.1824
0.152 0.16376 0.1756
0.1452 0.16156 0.1784
0.1496 0.15896 0.1672
0.1364 0.16036 0.1796
0.15 0.16032 0.1736
0.1524 0.16092 0.1732
0.1432 0.16784 0.1952
0.1492 0.1714 0.1888
0.1472 0.16236 0.1712
0.1388 0.1648 0.1832
0.1576 0.16456 0.178
0.1564 0.16832 0.1772
0.1596 0.16796 0.178
0.1596 0.1796 0.1968
0.1484 0.17196 0.1904
0.1628 0.17456 0.1936
0.1588 0.18008 0.1964
0.1532 0.16744 0.1876
0.1648 0.18356 0.1992
0.174 0.18332 0.1928
0.1652 0.1822 0.2164
0.1532 0.178 0.194
0.1624 0.1778 0.202
0.1592 0.179 0.19
0.1636 0.1768 0.1988
0.1608 0.17648 0.1912
0.1692 0.17696 0.1888
0.1568 0.17704 0.1964
0.1592 0.17116 0.1964
0.1528 0.17516 0.2004
0.1584 0.1758 0.2
0.1544 0.17892 0.2184
0.1652 0.18056 0.204
0.164 0.17824 0.2004
0.1624 0.176 0.1988
0.1664 0.18336 0.1964
0.1572 0.17536 0.1964
0.1624 0.17716 0.198
0.1616 0.17988 0.2016
0.1636 0.17728 0.1984
0.1676 0.178 0.1896
0.1492 0.17836 0.2036
0.1704 0.18076 0.1904
0.1604 0.17976 0.2196
0.1524 0.17308 0.1948
0.1604 0.17632 0.1884
0.1692 0.18252 0.1984
0.1592 0.17628 0.1984
0.1616 0.17608 0.194
0.1632 0.17756 0.2044
0.1484 0.17452 0.1948
0.1636 0.17356 0.184
0.1548 0.16404 0.1744
0.1552 0.17024 0.1792
0.1428 0.16748 0.1884
0.144 0.1632 0.1852
0.1548 0.1698 0.1852
0.1624 0.17196 0.1904
0.1572 0.1678 0.1864
0.1524 0.17136 0.2052
0.1576 0.17268 0.1872
0.1576 0.16912 0.188
0.1612 0.16976 0.1868
0.1536 0.1688 0.178
0.1532 0.16708 0.1924
0.158 0.17164 0.188
0.1548 0.16908 0.1824
0.1516 0.16788 0.1852
0.1524 0.166 0.184
0.1484 0.16348 0.1904
0.158 0.16576 0.1772
0.1508 0.1616 0.1704
0.15 0.1598 0.174
0.1436 0.1546 0.1656
0.1528 0.16388 0.18
0.1428 0.158 0.1756
0.1416 0.1578 0.1724
0.1424 0.15556 0.168
0.1444 0.158 0.1796
0.1468 0.16164 0.1684
0.1412 0.15876 0.1808
0.1532 0.16372 0.18
0.1488 0.15684 0.1656
0.1516 0.1592 0.1664
0.1532 0.16396 0.178
0.146 0.16028 0.1684
0.152 0.16136 0.1732
0.1464 0.15968 0.1684
0.1516 0.15972 0.1704
0.1492 0.1582 0.1696
0.1368 0.15632 0.1744
0.142 0.15632 0.1672
0.1464 0.15988 0.1908
0.1496 0.16104 0.1796
0.1352 0.1546 0.1644
0.1464 0.16328 0.1808
0.1516 0.16136 0.1712
0.142 0.15668 0.1672
0.1536 0.16224 0.1724
0.1444 0.16052 0.178
0.1464 0.16068 0.1716
0.1504 0.16872 0.1828
0.1444 0.1598 0.172
0.1572 0.16944 0.1956
0.1516 0.1692 0.1804
0.1548 0.16696 0.1848
0.1468 0.1646 0.188
0.1468 0.16592 0.1912
0.156 0.16748 0.1832
0.1504 0.1634 0.174
0.1512 0.16536 0.1792
0.1504 0.1668 0.2036
0.1544 0.16648 0.1768
0.142 0.16456 0.1812
0.1516 0.17136 0.19
0.1528 0.16528 0.1748
0.1548 0.16488 0.1724
0.1628 0.16784 0.1716
0.1572 0.1704 0.1972
0.1488 0.16616 0.18
0.1488 0.16168 0.18
0.1452 0.16116 0.186
0.1472 0.15932 0.1752
0.1496 0.16304 0.1772
0.1472 0.16472 0.1852
0.1536 0.16136 0.1712
0.1464 0.1612 0.17
0.1468 0.15988 0.1844
0.1496 0.16548 0.1808
0.152 0.16348 0.1796
0.154 0.1672 0.1788
0.1436 0.16132 0.1756
0.1588 0.16792 0.1844
0.1564 0.16668 0.1748
0.156 0.16788 0.1808
0.1628 0.17604 0.1928
0.1604 0.17464 0.1976
0.1608 0.1664 0.1716
0.1576 0.16952 0.1868
0.146 0.1656 0.1776
0.1628 0.16916 0.1776
0.1472 0.16564 0.1904
0.154 0.1628 0.1804
0.1432 0.16348 0.1764
0.1464 0.15972 0.186
0.1516 0.16572 0.178
0.1544 0.16484 0.1764
0.1592 0.16996 0.18
0.1448 0.15764 0.166
0.1492 0.16184 0.1868
0.1488 0.16048 0.1688
0.1456 0.15708 0.1668
0.1548 0.15964 0.1672
0.1508 0.15844 0.1684
0.1512 0.16088 0.1764
0.1524 0.1624 0.1716
0.1428 0.1574 0.1676
0.1456 0.1584 0.1684
0.152 0.15952 0.1744
0.14 0.15284 0.1756
0.1416 0.15136 0.1608
0.152 0.15836 0.1736
0.1452 0.15168 0.1628
0.1412 0.15268 0.1668
0.1388 0.15556 0.174
0.136 0.15124 0.1644
0.1432 0.15416 0.164
0.146 0.15392 0.1624
0.1392 0.1516 0.172
0.1404 0.15192 0.1632
0.1416 0.15228 0.1688
0.1356 0.1482 0.1592
0.1384 0.1492 0.1644
0.144 0.1516 0.158
0.1348 0.1528 0.1612
0.1416 0.15116 0.1668
0.1508 0.15628 0.1604
0.14 0.147 0.1564
0.1352 0.1486 0.1616
0.1392 0.15152 0.162
0.14 0.15196 0.1592
0.14 0.1482 0.156
0.1368 0.14756 0.1544
0.1364 0.14484 0.1552
0.1384 0.14672 0.1572
0.1332 0.14324 0.1532
0.1368 0.1484 0.162
0.1436 0.14924 0.1576
0.138 0.14784 0.1572
0.1372 0.149 0.16
0.1376 0.1472 0.1608
0.1328 0.1458 0.1624
0.1336 0.14516 0.1508
0.1348 0.14772 0.1588
0.1396 0.1442 0.1484
0.1372 0.14692 0.1528
0.128 0.14632 0.1616
0.1408 0.14788 0.1636
0.128 0.1476 0.1612
0.1388 0.147 0.1576
0.1408 0.1502 0.1712
0.1392 0.14924 0.1628
0.138 0.14344 0.1504
0.134 0.1442 0.152
0.1388 0.14436 0.1488
0.1336 0.14412 0.154
0.134 0.14092 0.1496
0.1336 0.14244 0.1572
0.1228 0.13952 0.1496
0.1308 0.13948 0.1512
0.1332 0.14248 0.1484
0.1312 0.14124 0.1524
0.1304 0.13904 0.1532
0.1272 0.13968 0.1496
0.1236 0.13412 0.1428
0.1324 0.13804 0.1436
0.1328 0.14 0.1504
0.1308 0.14084 0.1556
0.1284 0.13676 0.1464
0.1344 0.14012 0.1464
0.1332 0.14108 0.1476
0.1312 0.14036 0.1532
0.1256 0.13688 0.148
0.1324 0.13844 0.146
0.1348 0.14272 0.1532
0.1292 0.13524 0.1408
0.1352 0.13984 0.146
0.1284 0.1378 0.152
0.1324 0.13868 0.1416
0.128 0.1396 0.1528
0.1264 0.14008 0.1484
0.1312 0.13932 0.148
0.1256 0.14108 0.1596
0.13 0.14044 0.15
0.1376 0.1434 0.1496
0.1296 0.137 0.1452
0.132 0.13956 0.1468
0.1308 0.1416 0.1604
0.1344 0.14136 0.1476
0.1252 0.14044 0.1552
0.1352 0.14368 0.1572
0.1336 0.1404 0.1468
0.1364 0.14576 0.1596
0.1336 0.14252 0.1512
0.1304 0.1414 0.1524
0.1312 0.14152 0.1516
0.1344 0.14396 0.1556
0.134 0.14388 0.1576
0.1388 0.1434 0.148
0.14 0.14564 0.152
0.1352 0.14468 0.1548
0.138 0.14556 0.1556
0.1348 0.14492 0.152
0.1348 0.14384 0.1492
0.1376 0.14488 0.1596
0.1336 0.14356 0.1564
0.1304 0.14448 0.1512
0.1308 0.14424 0.1564
0.134 0.14508 0.1524
0.1396 0.14468 0.15
0.1336 0.14032 0.1456
0.1304 0.144 0.1544
0.1352 0.14472 0.1604
0.1368 0.1456 0.1592
0.134 0.14212 0.15
0.1344 0.14172 0.1504
0.1332 0.14264 0.1624
0.1392 0.14448 0.1508
0.138 0.14488 0.1488
0.13 0.14132 0.1524
0.1352 0.14172 0.1528
0.1352 0.14316 0.1536
0.1332 0.14412 0.1528
0.1332 0.1432 0.1536
0.1388 0.14688 0.1584
0.1404 0.14552 0.1548
0.1368 0.14536 0.15
0.1424 0.14876 0.1552
0.1436 0.1484 0.1552
0.1416 0.14644 0.1588
0.1428 0.14772 0.1556
0.1364 0.14576 0.1568
0.1336 0.14288 0.1508
0.1388 0.14656 0.154
0.1288 0.14376 0.1568
0.136 0.14848 0.1588
0.1352 0.1466 0.1608
0.1388 0.14456 0.1512
0.1336 0.14492 0.1572
0.13 0.14628 0.1532
0.1392 0.14552 0.1544
0.1364 0.14404 0.156
0.1352 0.14796 0.1632
0.136 0.14376 0.1548
0.1352 0.14344 0.16
0.1352 0.14208 0.152
0.1356 0.14188 0.15
0.1368 0.14536 0.1544
0.1288 0.14256 0.1532
0.1296 0.13728 0.146
0.1336 0.14052 0.148
0.1328 0.13708 0.1432
0.134 0.14024 0.148
0.1324 0.14068 0.1508
0.1264 0.13664 0.1428
0.128 0.13588 0.1428
0.1276 0.1358 0.1408
0.126 0.13848 0.1496
0.1332 0.1388 0.1492
0.1316 0.13744 0.1436
0.128 0.13588 0.1428
0.1272 0.14084 0.1492
0.1268 0.13816 0.1516
0.1308 0.1358 0.1404
0.1324 0.13888 0.148
0.1244 0.13352 0.144
0.1288 0.13476 0.1436
0.1288 0.13892 0.1488
0.1308 0.13884 0.1456
0.1292 0.13912 0.1456
0.1308 0.13852 0.1524
0.1184 0.13736 0.1448
0.1312 0.14008 0.1536
0.1304 0.13972 0.1448
0.1316 0.13732 0.1488
0.13 0.13864 0.1456
0.132 0.13972 0.1464
0.1368 0.14032 0.1484
0.1256 0.137 0.1496
0.1316 0.13948 0.1504
0.1304 0.13824 0.1452
0.1244 0.13592 0.1468
0.1248 0.13788 0.1456
0.132 0.13756 0.1476
0.1296 0.13804 0.1504
0.1284 0.13484 0.1492
0.1296 0.1386 0.146
0.1332 0.13932 0.1444
0.1276 0.14148 0.1544
0.1332 0.13948 0.1472
0.1372 0.1422 0.152
0.1352 0.14204 0.1576
0.1328 0.13952 0.1468
0.1308 0.1392 0.1444
0.1248 0.13944 0.1468
0.1296 0.13696 0.1448
0.1292 0.14264 0.1532
0.1296 0.13836 0.1436
0.124 0.13764 0.148
0.1284 0.13764 0.1444
0.1288 0.13516 0.1452
0.128 0.1364 0.148
0.1312 0.13544 0.1404
0.1216 0.13396 0.1468
0.13 0.13784 0.1472
0.1244 0.135 0.1396
0.1312 0.13836 0.1512
0.1272 0.13296 0.1384
0.1268 0.13676 0.1444
0.1288 0.1356 0.1456
0.1296 0.13656 0.1448
0.1336 0.13812 0.1424
0.1316 0.13648 0.1448
0.1264 0.13584 0.144
0.1256 0.1314 0.1436
0.13 0.13476 0.1404
0.1268 0.134 0.1396
0.1244 0.13632 0.1452
0.1216 0.13196 0.1416
0.1236 0.13428 0.1424
0.1324 0.13548 0.1416
0.1292 0.13644 0.1444
0.1272 0.13688 0.1528
0.132 0.13676 0.1484
0.1232 0.13772 0.1428
0.1308 0.135 0.1404
0.1208 0.13268 0.15
0.1236 0.13596 0.1436
0.1244 0.13392 0.1416
0.1264 0.13724 0.1452
0.1272 0.13348 0.1428
0.128 0.13408 0.14
0.1332 0.13792 0.1436
0.1284 0.13364 0.1376
0.128 0.13524 0.1436
0.1276 0.13496 0.1428
0.1272 0.1342 0.1416
0.1228 0.13316 0.1448
0.1296 0.13528 0.1428
0.1272 0.13508 0.1428
0.1256 0.13224 0.1412
0.1268 0.13572 0.1424
0.124 0.13196 0.144
0.122 0.13164 0.1404
0.1208 0.13376 0.138
0.126 0.13428 0.1408
0.1288 0.13436 0.1432
0.1244 0.13208 0.1388
0.1268 0.1328 0.1424
0.1264 0.13524 0.1432
0.1316 0.1366 0.148
0.1192 0.1322 0.142
0.1244 0.13328 0.1408
0.1268 0.13288 0.1404
0.1308 0.13664 0.1464
0.1212 0.13284 0.1424
0.1216 0.13388 0.1444
0.124 0.132 0.1416
0.1212 0.13292 0.1432
0.1232 0.13212 0.1428
0.1256 0.13024 0.1412
0.118 0.1272 0.134
0.1276 0.13168 0.1364
0.13 0.13452 0.1416
0.1232 0.13392 0.1428
0.1268 0.132 0.142
0.1252 0.1298 0.142
0.1244 0.13344 0.1404
0.1208 0.12868 0.136
0.1216 0.13272 0.1416
0.122 0.1304 0.1384
0.1172 0.12956 0.1384
0.1228 0.13024 0.1416
0.1256 0.13424 0.1448
0.124 0.12872 0.1332
0.124 0.1296 0.1396
0.1228 0.129 0.1364
0.124 0.1272 0.1328
0.1208 0.12876 0.1356
0.1216 0.12964 0.1376
0.128 0.13428 0.1404
0.122 0.12928 0.136
0.1224 0.13064 0.136
0.1264 0.13248 0.1456
0.1284 0.13268 0.14
0.1244 0.1312 0.1364
0.1232 0.1314 0.14
0.12 0.13132 0.1396
0.1256 0.13388 0.1428
0.1232 0.13204 0.1456
0.1252 0.13372 0.14
0.1232 0.13136 0.1428
0.1192 0.12824 0.1352
0.1272 0.13376 0.1416
0.1244 0.13036 0.1356
0.1192 0.12964 0.1408
0.1264 0.1326 0.1428
0.1244 0.13252 0.1412
0.1268 0.133 0.1412
0.1264 0.13468 0.1424
0.1256 0.13488 0.142
0.128 0.13428 0.1412
0.126 0.13116 0.1372
0.1212 0.13152 0.1392
0.128 0.13452 0.1424
0.1228 0.13184 0.1352
0.1252 0.13272 0.1392
0.1228 0.13272 0.142
0.1244 0.13092 0.136
0.124 0.1324 0.14
0.1192 0.12852 0.1344
0.1208 0.13024 0.1376
0.1208 0.12848 0.1356
0.1216 0.12856 0.1376
0.1224 0.12856 0.1344
0.1196 0.12788 0.1368
0.1232 0.13152 0.1396
0.1188 0.125 0.1368
0.1256 0.12904 0.1348
0.1192 0.12828 0.1348
0.1252 0.1322 0.1432
0.1224 0.13124 0.1408
0.1252 0.13196 0.138
0.1228 0.12952 0.1388
0.1208 0.12884 0.1344
0.1216 0.1308 0.1364
0.1216 0.12996 0.1384
0.1268 0.13176 0.1356
0.1244 0.13028 0.136
0.1284 0.13248 0.1392
0.1212 0.13064 0.1388
0.128 0.13536 0.142
0.1296 0.13336 0.1376
0.122 0.12796 0.138
0.1236 0.12964 0.1416
0.1204 0.12996 0.1376
0.1276 0.133 0.138
0.1188 0.13044 0.1384
0.1192 0.13168 0.1408
0.1244 0.1324 0.1408
0.12 0.13048 0.1376
0.1212 0.13204 0.1372
0.1256 0.13116 0.1376
0.1248 0.13104 0.1376
0.124 0.1286 0.1332
0.1236 0.12956 0.1372
0.1248 0.13148 0.136
0.1224 0.1312 0.1388
0.1224 0.13108 0.1384
0.1212 0.13012 0.1364
0.124 0.13076 0.1392
0.122 0.12856 0.1396
0.124 0.12948 0.1328
0.1236 0.13112 0.1376
0.1216 0.1294 0.1412
0.1208 0.1298 0.1388
0.1192 0.1252 0.1344
0.1152 0.1282 0.1364
0.12 0.13016 0.1444
0.1184 0.12704 0.1332
0.114 0.12768 0.1316
0.12 0.1264 0.1336
0.1192 0.12608 0.1336
0.1244 0.13108 0.1372
0.1216 0.1302 0.1408
0.1192 0.12848 0.1356
0.1224 0.12868 0.138
0.1208 0.1274 0.1368
0.1224 0.12672 0.132
0.1192 0.12812 0.136
0.1292 0.13272 0.1384
0.122 0.13016 0.1416
0.1164 0.12588 0.1348
0.1144 0.12676 0.1376
0.1172 0.12828 0.1336
0.116 0.126 0.1328
0.1244 0.1278 0.1324
0.1252 0.128 0.1316
0.1188 0.12704 0.1312
0.116 0.1252 0.1312
0.1204 0.12692 0.1348
0.1208 0.12788 0.136
0.1168 0.1246 0.1308
0.1184 0.12652 0.1324
0.1208 0.12412 0.13
0.1172 0.124 0.1344
0.1164 0.12192 0.1288
0.1176 0.126 0.1384
0.1148 0.12484 0.1332
0.1224 0.12604 0.134
0.1196 0.12512 0.13
0.122 0.12672 0.1364
0.1184 0.1238 0.136
0.1196 0.12652 0.134
0.118 0.12548 0.132
0.1212 0.12676 0.1368
0.1236 0.12996 0.1364
0.1188 0.12544 0.1352
0.122 0.12636 0.1312
0.1152 0.12468 0.1368
0.1192 0.12272 0.1284
0.1176 0.12464 0.1336
0.1204 0.12704 0.1336
0.118 0.12312 0.1304
0.1184 0.12648 0.1396
0.1164 0.1292 0.1368
0.1224 0.12976 0.1396
0.1164 0.12628 0.1352
0.1236 0.12592 0.1284
0.124 0.12928 0.1368
0.118 0.12888 0.1368
0.12 0.12592 0.1328
0.1216 0.12592 0.1328
0.1164 0.12612 0.1344
0.1184 0.1244 0.132
0.1208 0.1268 0.1316
0.1224 0.13088 0.1392
0.1164 0.12704 0.1408
0.118 0.12852 0.1392
0.1216 0.1294 0.1392
0.1136 0.1224 0.1332
0.1176 0.12476 0.1316
0.1192 0.1252 0.1336
0.1216 0.12604 0.1344
0.1196 0.12564 0.136
0.1164 0.1236 0.1296
0.1216 0.12776 0.1332
0.1204 0.12552 0.1292
0.1176 0.1266 0.1328
0.1152 0.1252 0.1352
0.12 0.12452 0.128
0.1196 0.128 0.1344
0.1216 0.12676 0.1364
0.1184 0.12944 0.1368
0.1216 0.12712 0.1364
0.1228 0.13012 0.1392
0.1212 0.1284 0.1392
0.1168 0.12944 0.1428
0.1204 0.13124 0.1468
0.128 0.13276 0.138
0.1232 0.1324 0.1416
0.1276 0.13168 0.1396
0.122 0.1328 0.144
0.1232 0.1314 0.14
0.1252 0.12988 0.134
0.1268 0.13292 0.138
0.1228 0.1328 0.1464
0.1228 0.1302 0.1408
0.128 0.13392 0.1396
0.1248 0.13196 0.1488
0.1188 0.12944 0.1384
0.124 0.13404 0.144
0.1216 0.12776 0.1312
0.1224 0.12784 0.132
0.1212 0.1264 0.1332
0.1168 0.12652 0.1388
0.118 0.1246 0.1332
0.1144 0.12768 0.138
0.1208 0.12668 0.136
0.1176 0.12564 0.1324
0.1128 0.12524 0.1328
0.116 0.12476 0.134
0.1188 0.1266 0.1344
0.1204 0.12652 0.1312
0.1188 0.12348 0.1284
0.116 0.12516 0.134
0.1196 0.12564 0.1352
0.112 0.12048 0.1268
0.108 0.12216 0.1344
0.1204 0.12432 0.1336
0.1188 0.12272 0.1276
0.1168 0.12584 0.1328
0.1156 0.12644 0.1392
0.1136 0.12016 0.128
0.1112 0.12228 0.1304
0.1216 0.1268 0.1304
0.1204 0.12552 0.1316
0.122 0.12708 0.1376
0.1216 0.127 0.1336
0.1188 0.12652 0.1364
0.12 0.1258 0.136
0.1192 0.12424 0.1304
0.116 0.12388 0.1316
0.1184 0.12572 0.1312
0.118 0.12472 0.1336
0.1216 0.12688 0.1344
0.1196 0.12836 0.1368
0.1204 0.12496 0.1348
0.1212 0.12644 0.1332
0.1172 0.12604 0.1348
0.1192 0.1282 0.1324
0.1156 0.12504 0.1292
0.122 0.13124 0.1444
0.1172 0.13 0.1384
0.1212 0.128 0.136
0.1228 0.12928 0.1392
0.1204 0.12996 0.1452
0.1212 0.1258 0.1336
0.1208 0.12908 0.1384
0.1152 0.1252 0.1332
0.1172 0.12668 0.1368
0.114 0.12696 0.1336
0.1252 0.13084 0.134
0.1212 0.1268 0.1352
0.1168 0.12564 0.136
0.122 0.12492 0.13
0.1172 0.12596 0.1344
0.1196 0.127 0.1396
0.118 0.1294 0.144
0.1172 0.12536 0.1364
0.1176 0.12404 0.1292
0.1184 0.12764 0.1364
0.1172 0.12644 0.1332
0.118 0.12504 0.1332
0.1172 0.12496 0.1284
0.122 0.12644 0.1348
0.1164 0.12584 0.134
0.1196 0.12588 0.1288
0.1184 0.12432 0.1316
0.118 0.12244 0.13
0.1156 0.12356 0.1288
0.1136 0.12172 0.1324
0.1188 0.12304 0.1312
0.1148 0.12172 0.1284
0.1164 0.1216 0.1296
0.1164 0.1234 0.1328
0.1156 0.12232 0.126
0.1192 0.12304 0.1276
0.1096 0.12228 0.1348
0.1148 0.12204 0.1272
0.1108 0.12224 0.1308
0.1156 0.12108 0.1356
0.11 0.11932 0.1244
0.1112 0.11932 0.1272
0.1128 0.12012 0.1316
0.1168 0.12248 0.132
0.1144 0.12252 0.128
0.1148 0.11988 0.1264
0.1184 0.1218 0.1288
0.1152 0.1208 0.1292
0.114 0.1232 0.1316
0.1132 0.11896 0.1244
0.1108 0.1188 0.128
0.1132 0.12032 0.1288
0.1176 0.12252 0.1284
0.1124 0.12188 0.1284
0.1168 0.12032 0.1252
0.1128 0.11928 0.1308
0.1148 0.12132 0.1268
0.1116 0.1194 0.1268
0.1124 0.1182 0.1276
0.1112 0.12024 0.1288
0.1148 0.12024 0.126
0.1136 0.11736 0.1208
0.1136 0.1196 0.126
0.1108 0.1182 0.124
0.1104 0.1184 0.1272
0.1104 0.11872 0.1244
0.11 0.11748 0.1244
0.11 0.11868 0.1228
0.1112 0.1164 0.1252
0.1072 0.11968 0.1252
0.1156 0.12028 0.1292
0.1132 0.11864 0.122
0.1112 0.11612 0.122
0.112 0.11832 0.1244
0.1108 0.1174 0.1268
0.1156 0.11916 0.1244
0.116 0.11976 0.1252
0.114 0.11944 0.1236
0.1132 0.11872 0.1224
0.1156 0.11988 0.1256
0.1112 0.1192 0.124
0.1164 0.12228 0.1324
0.114 0.11992 0.124
0.1104 0.11928 0.1236
0.1132 0.12072 0.1252
0.1144 0.11868 0.1256
0.1152 0.12108 0.1276
0.112 0.11972 0.128
0.1084 0.11832 0.126
0.1148 0.1216 0.134
0.114 0.1214 0.1292
0.1184 0.12436 0.132
0.1156 0.12108 0.1292
0.114 0.12052 0.1252
0.114 0.12132 0.1292
0.1176 0.12444 0.1292
0.118 0.12356 0.1328
0.1156 0.12352 0.1276
0.1184 0.12184 0.126
0.1164 0.12344 0.1296
0.1156 0.12372 0.1312
0.1148 0.12416 0.132
0.1224 0.1262 0.134
0.1212 0.12708 0.1324
0.116 0.1226 0.1264
0.116 0.12436 0.1328
0.1184 0.12368 0.128
0.1176 0.12284 0.1272
0.1176 0.12204 0.1276
0.12 0.1228 0.1272
0.1148 0.12236 0.13
0.1148 0.1224 0.1296
0.1144 0.1208 0.1252
0.1196 0.12356 0.1268
0.1204 0.12324 0.1268
0.1172 0.12212 0.132
0.114 0.12472 0.1352
0.1192 0.12636 0.1356
0.114 0.12348 0.1316
0.1192 0.12376 0.1324
0.1176 0.12504 0.132
0.1192 0.1258 0.1296
0.1156 0.1222 0.1272
0.1132 0.123 0.1296
0.1164 0.12464 0.1312
0.1176 0.1238 0.1304
0.1184 0.1248 0.1288
0.118 0.1244 0.132
0.1208 0.12556 0.1296
0.1164 0.12244 0.1264
0.1184 0.12216 0.1284
0.1132 0.12364 0.128
0.1148 0.12232 0.1304
0.11 0.12132 0.1268
0.1176 0.1242 0.1296
0.116 0.12088 0.1276
0.1184 0.12248 0.1304
0.1152 0.123 0.1288
0.12 0.12236 0.126
0.114 0.12276 0.128
0.1148 0.12296 0.126
0.1104 0.12304 0.1316
0.1204 0.12576 0.1352
0.1144 0.12536 0.1372
0.1116 0.11956 0.1252
0.1124 0.1208 0.1284
0.116 0.1236 0.1348
0.1156 0.1206 0.1264
0.1124 0.12056 0.1252
0.1192 0.12168 0.1264
0.1128 0.117 0.1232
0.1124 0.1192 0.1324
0.1144 0.1224 0.1284
0.1172 0.12192 0.1292
0.1144 0.12204 0.1292
0.1116 0.12088 0.128
0.12 0.12512 0.1324
0.1164 0.1224 0.1316
0.114 0.12244 0.1292
0.118 0.12484 0.1308
0.1192 0.12516 0.1344
0.1156 0.12296 0.1296
0.114 0.12448 0.1312
0.1176 0.12528 0.1372
0.12 0.12544 0.1312
0.1144 0.12864 0.138
0.1224 0.12652 0.1324
0.1168 0.12708 0.1344
0.1128 0.12604 0.1356
0.1228 0.12684 0.1328
0.1188 0.12688 0.134
0.1176 0.12736 0.134
0.1208 0.1276 0.134
0.118 0.1268 0.1388
0.1224 0.12996 0.1348
0.124 0.12884 0.134
0.1192 0.12664 0.1392
0.1208 0.12584 0.1356
0.1216 0.12876 0.1344
0.1244 0.12828 0.1316
0.1208 0.12932 0.134
0.1232 0.13024 0.1352
0.1196 0.12916 0.134
0.1216 0.12824 0.1408
0.1212 0.12824 0.1348
0.1172 0.12512 0.136
0.1192 0.12616 0.1316
0.1236 0.12864 0.1352
0.1232 0.12644 0.1332
0.1148 0.12324 0.1288
0.118 0.12572 0.1332
0.1216 0.12608 0.1344
0.1196 0.12388 0.1272
0.1232 0.12812 0.1312
0.1184 0.12424 0.1296
0.1196 0.12768 0.1372
0.1228 0.12872 0.1336
0.1172 0.12532 0.134
0.1192 0.12528 0.1328
0.122 0.12564 0.1296
0.118 0.12624 0.132
0.122 0.12616 0.1312
0.1188 0.12512 0.1316
0.118 0.12644 0.136
0.118 0.12388 0.1288
0.116 0.12568 0.1376
0.1192 0.12632 0.1324
0.118 0.12516 0.1352
0.1172 0.12264 0.128
0.1176 0.12488 0.1352
0.1168 0.12444 0.1308
0.1144 0.12212 0.13
0.1152 0.12316 0.1288
0.1164 0.12532 0.1308
0.1176 0.124 0.1336
0.122 0.12768 0.1368
0.1196 0.12356 0.13
0.1152 0.12368 0.1344
0.1204 0.1236 0.128
0.1144 0.12404 0.1332
0.1152 0.12292 0.1284
0.1168 0.12208 0.1268
0.1108 0.12332 0.1336
0.1188 0.12332 0.1272
0.1184 0.12568 0.1332
0.118 0.12444 0.1308
0.1212 0.1276 0.1384
0.1188 0.12472 0.1304
0.1172 0.12508 0.1292
0.1184 0.12484 0.1288
0.1172 0.12324 0.1296
0.1152 0.12296 0.1304
0.1172 0.12408 0.1332
0.122 0.1258 0.1308
0.1152 0.12664 0.134
0.1224 0.12644 0.132
0.1148 0.12336 0.1312
0.1188 0.1244 0.1284
0.1184 0.12248 0.1272
0.1136 0.1236 0.138
0.1188 0.12588 0.1316
0.1108 0.11932 0.1264
0.116 0.12356 0.1288
0.116 0.1226 0.1308
0.118 0.12136 0.1252
0.1116 0.12128 0.126
0.1176 0.1232 0.1316
0.1136 0.1206 0.1304
0.1144 0.11952 0.1272
0.1124 0.12108 0.1292
0.12 0.12436 0.1296
0.1152 0.12016 0.1264
0.1136 0.12012 0.1244
0.112 0.12192 0.1316
0.1136 0.12128 0.1256
0.1104 0.11972 0.1244
0.1128 0.11948 0.1272
0.118 0.12092 0.1276
0.1156 0.12252 0.128
0.1116 0.11924 0.1248
0.1144 0.12204 0.1296
0.1176 0.1216 0.1264
0.1152 0.1202 0.1292
0.1164 0.12112 0.1248
0.116 0.12076 0.1244
0.1156 0.121 0.1276
0.1128 0.11948 0.1252
0.118 0.1204 0.1252
0.116 0.12304 0.1296
0.1144 0.12272 0.1288
0.118 0.12236 0.1248
0.1148 0.1202 0.126
0.1136 0.12108 0.126
0.1164 0.1214 0.1264
0.1104 0.11928 0.1228
0.1116 0.11872 0.124
0.1172 0.12104 0.1276
0.1132 0.1202 0.1272
0.1108 0.1206 0.1288
0.1156 0.121 0.1252
0.116 0.121 0.1276
0.1128 0.11984 0.1268
0.1128 0.11932 0.1264
0.11 0.11808 0.128
0.1184 0.12184 0.1296
0.1128 0.1214 0.1276
0.116 0.12104 0.1252
0.1156 0.12104 0.1304
0.1096 0.11812 0.1276
0.1136 0.1186 0.124
0.1132 0.11876 0.1316
0.1096 0.11672 0.1232
0.1124 0.11844 0.1236
0.1144 0.1194 0.1252
0.114 0.1184 0.1232
0.1132 0.11724 0.1192
0.1128 0.11944 0.1252
0.11 0.1168 0.1224
0.1144 0.12004 0.1256
0.1156 0.11916 0.1244
0.1112 0.11904 0.126
0.112 0.11664 0.1232
0.1144 0.12008 0.1248
0.1136 0.11936 0.1232
0.1136 0.11748 0.1216
0.1092 0.1182 0.1252
0.1148 0.11744 0.124
0.1084 0.11632 0.1244
0.1096 0.11868 0.124
0.1104 0.1172 0.1208
0.1136 0.11776 0.1236
0.1112 0.11868 0.126
0.1132 0.11892 0.1276
0.116 0.12056 0.1284
0.1128 0.11688 0.1224
0.112 0.11652 0.1212
0.1116 0.11832 0.1224
0.1124 0.11792 0.1232
0.1112 0.11632 0.1216
0.1112 0.11788 0.1224
0.1096 0.11768 0.1244
0.11 0.11676 0.1216
0.1136 0.11888 0.126
0.1124 0.11912 0.1252
