-2246.73697542 -1556.82775142 -1164.0414457
-2194.94135054 -1658.00809399 -1165.4256047
-2081.91513098 -1549.94529397 -1062.67987841
-2025.05934896 -1343.43586763 -922.41324061
-1857.86300033 -1322.63087032 -780.244436225
-2581.1341112 -1602.30543776 -921.586359595
-1470.32567622 -1042.13441445 -841.013655017
-1525.13375603 -1229.12379617 -1037.99436044
-1528.40977177 -1020.89510538 -672.950026211
-1467.13616997 -900.201385804 -606.635592608
-1016.23082358 -809.368718384 -648.148149965
-1083.26867432 -917.356607489 -729.251540008
-848.488842983 -677.728477332 -539.920776358
-755.130629098 -678.537261417 -584.001280151
-881.630304057 -670.361978948 -496.5007419
-821.610560202 -629.653148109 -418.266925825
-727.554206509 -627.343889197 -493.465931397
-1125.44978322 -639.620743669 -487.466435574
-753.063361663 -577.961998938 -434.898337077
-618.145968079 -498.817734964 -356.68885134
-633.961963937 -495.176524841 -377.086846516
-555.460985807 -416.385658745 -326.910320158
-557.84755414 -419.854888914 -289.024023943
-540.167577497 -407.678631048 -263.125139785
-450.240746828 -351.316445295 -286.276411571
-435.844667419 -321.660774964 -179.61571075
-456.40314475 -364.268361431 -219.859171005
-378.063479949 -263.793084926 -201.311511129
-273.551226845 -215.786667017 -142.721449184
-309.360114796 -248.650241556 -157.99920849
-267.190952969 -195.8593329 -123.540798826
-232.084239773 -171.937873964 -108.126918707
-257.990035544 -175.805085121 -115.653759135
-201.910895176 -143.188824129 -60.1791490208
-202.471700966 -162.30539404 -111.034458993
-255.536424574 -158.625661148 -95.4987507261
-161.395121268 -114.11522653 -76.357744116
-130.592226269 -98.7006875168 -60.3941403299
-180.706079768 -123.933027752 -76.9532558242
-170.28595805 -97.6135406243 -39.1864513621
-124.16059599 -71.9600528056 -30.3125052738
-136.566034319 -71.4363678496 -7.39304735561
-55.4813263304 -35.0104176264 -9.06375315032
-93.6255192806 -33.4193854708 11.3747597361
-96.6879967485 -49.6035982733 -11.413096114
-74.3088445371 -19.1982763867 10.0364039286
-49.8658041939 -15.372710667 5.31951610992
-38.6140829915 -18.1373605995 -2.85597456949
-50.8343015277 -18.9855611926 19.2785804557
-41.7927680203 -18.4038971148 0.532406248615
-12.5999399868 -6.45242957483 6.97668030423
-24.475217706 -3.95352630873 24.6629274683
-39.7259330479 -8.8129333808 14.964374435
-25.6716713271 -0.665192811888 14.484554043
-17.669686258 10.8897220314 34.3154348817
-14.3633393877 10.5595871593 26.1236027813
-8.30558809413 8.91520825344 23.3242108974
9.231457335 28.2725957923 48.3196688121
10.3714906934 25.3733204026 41.2305504116
0.0585177853769 18.6657861385 42.8535845169
-14.8944192625 24.3127806403 50.1734800944
1.4997764306 27.9088916551 54.7087240672
5.98402056535 31.5136222555 47.4267673485
32.684260096 40.551123815 47.8860748713
2.77430747113 38.1016706794 54.4769630373
21.0584946201 32.7801341212 53.4024196286
24.7893951146 37.0521120705 50.1440524988
19.2173123428 36.402316404 46.9195605173
30.4017962874 44.3665534875 57.7616412942
31.0708425376 45.8237801647 57.5169232158
29.7254901871 42.2142845614 60.0858180221
30.707766172 47.6800171917 73.1769830556
33.2604851238 46.5911735894 62.7983684273
21.4979470691 49.3038239135 75.7157565452
44.7416213131 58.2537040778 71.5612513376
31.6493408349 56.0546103963 76.1140664049
50.7344818161 65.2522822825 79.8334496501
47.9616428196 63.4300526393 75.9841357277
57.2773297601 69.4778341583 80.0298548875
40.2714922087 69.50910071 84.491379779
51.1636702312 62.5598925096 70.8914064879
58.4872980771 74.0352693359 97.6414042526
55.6699927705 68.5954616453 84.1766547602
60.7233129329 71.8048121761 93.6258832118
51.9386837646 66.470608108 83.5141282407
57.6454864745 70.0403312208 90.660327049
50.8964411845 75.1720903453 88.2680476893
64.3542658635 78.1951427173 90.8700678446
55.1946478311 75.2710299371 88.0841082539
54.1868452282 75.3729040955 90.7036139676
66.5111841899 81.1406239382 107.459468433
72.4702537518 86.6492122126 103.362665135
57.373184105 84.0162022861 105.808445046
76.2182759576 87.0748641417 97.9137809885
78.3455541791 86.2513835848 100.075876027
72.839000626 82.7351190024 100.718895432
71.2965988902 88.1121052278 111.503468353
67.7848588184 90.0321385164 130.137256324
66.2190988573 91.4304762528 109.391403771
56.6212292052 86.733667057 101.259250241
71.7961393995 93.8900400165 108.074161701
73.2546124679 93.0536246714 106.687366218
62.2184109598 93.1021438952 124.595335009
83.2488240451 100.014722708 114.630441935
-60.5315092661 78.1710055994 110.567217402
77.7160172517 100.016051748 114.150451139
26.3471697504 92.2196089254 112.271392319
20.1032058046 92.089016273 126.363422271
80.7641965381 99.781969369 112.330350352
79.4466784759 101.3839691 115.9131811
65.5513113529 103.372607848 121.465516637
94.9824656521 106.258338482 120.776867338
76.2335442609 101.804690567 120.89956935
20.4315284906 97.8851527144 136.660438233
48.1627000916 100.707608035 129.626292178
86.5273153732 106.060065984 130.740927171
97.0884193572 109.687665802 138.239637597
92.8046000813 110.99412222 127.196472606
93.2757030985 111.14596733 133.071436
92.1679571223 112.691209363 135.334142868
68.0265777884 108.403864843 131.724915315
93.2709941628 112.339150738 124.122703738
60.2711581341 111.064203109 133.466915954
24.8688154911 112.256822125 140.65026849
84.5965704814 120.681005667 145.189078516
79.7588610923 110.146510971 133.181335964
46.61943963 112.532703985 138.988889955
81.4747481726 111.940691903 145.403727098
40.8508730469 115.619545401 152.642645934
105.993721467 128.500815712 149.057488709
86.3390589556 123.107808049 155.402562485
87.859637408 122.466310527 143.034287144
125.890062528 136.830434974 150.121510332
43.6389251122 99.7301920693 143.841235073
34.7761760322 114.158242807 143.537527552
31.9185897103 118.402261746 156.026701768
53.8827349624 125.710294118 151.384979233
80.0323317161 116.525461563 147.277584211
82.0272059901 125.17998097 158.62749454
-111.995058493 80.8751794867 154.351872504
72.0965979636 127.198932792 150.880134811
107.17696716 135.918651748 161.637081507
94.4185844684 123.251542528 147.71625914
43.5119434637 120.024799354 164.537075459
-63.9030759827 112.756444656 155.597341637
93.8638339916 122.971350543 141.989510344
88.6773782983 136.72551136 162.389751432
54.3014321929 130.995262755 158.975420371
84.0363838036 131.623985143 176.65846519
65.5015496748 120.755557119 157.344853653
99.4528934305 136.551525196 160.374611447
82.0770582791 136.564587328 169.616287867
-52.0479376356 124.599237316 156.583637177
82.5498735543 141.015517066 176.725009542
108.210237233 150.927943648 177.026654524
80.0058901898 140.616997002 164.741118694
107.024761016 149.399539191 165.764030608
132.995939546 154.56950303 175.697740774
84.3428568218 131.538019499 169.227916326
133.215966929 154.06291735 170.207590243
53.8510025123 143.155502363 180.110934873
102.172031537 140.691887654 178.705954613
0.967256513577 131.926521726 170.266581922
107.520377778 138.924254619 165.127194227
88.8858197267 129.815150023 163.829784864
93.0754235516 138.995033896 163.975659874
62.2178402092 124.241908314 170.776675511
90.4778657271 142.660791305 175.639961714
69.5433569116 138.165798805 173.464970369
20.5404705722 130.671449099 175.921179219
79.0587872491 139.518403618 163.538039263
-146.439879309 119.581708832 173.857967603
137.351223598 154.386752368 178.884882322
-10.7246098429 134.421689987 167.260169973
107.012085918 148.587998602 176.353863277
81.4961585802 147.300477489 177.516353879
-122.494445458 117.182360835 176.493578196
60.6610376311 122.117539696 179.237962517
-102.685267131 105.04887517 174.757830935
128.70603062 155.491771004 178.435407152
-0.984053763255 121.457245923 179.122004575
43.1679007228 141.805190346 180.300721298
81.2125800257 137.30763433 166.379350085
62.5372039951 138.867389371 163.894245601
99.2994762364 144.430591343 171.967815255
63.4269496694 120.580210715 171.42765394
-26.5708246819 100.521300345 161.014758331
91.0552527295 143.591409595 166.507864285
69.7258012037 146.155519035 177.994242579
91.8011800879 151.176063403 175.705390498
41.4569217855 143.338215484 183.172025858
76.3659951664 128.359439967 164.172603967
82.9586157493 140.157752999 171.836679334
-20.7028086342 136.78614314 186.151800084
-7.60081956149 115.303482309 168.896306299
20.955906182 114.974317365 164.177398362
59.9170684789 122.808303511 170.408578822
53.2194510973 132.479612064 172.307225729
120.149577707 154.409659994 170.914678822
106.215519918 143.189141402 166.954727308
72.0312746502 134.927929535 179.198557604
47.6521140661 130.913097007 167.933219085
54.0224667205 135.905036822 165.068327678
106.397800398 141.378372847 187.151799938
82.271784777 142.416874859 182.167750707
82.0128891285 137.460317213 170.592120144
118.685549838 147.321723697 168.085862611
93.0127394769 142.987119786 177.908084901
101.973486345 141.645852855 179.409328001
84.3672056162 137.726446392 174.306742223
-65.8713866566 121.657345144 155.175592625
87.2336893785 145.451063258 167.295466284
110.24827219 141.288614143 174.041234151
-32.1401126938 128.25056163 181.60974434
117.715713843 148.520354517 171.504755218
87.1582901788 144.717279345 178.483395857
-116.351162622 121.879618669 174.003129923
114.333460967 157.600094586 185.925504816
73.7380076565 132.561497061 158.837997962
131.054739283 155.621433995 175.276589714
104.854573964 142.149396962 160.221690441
73.4944504857 135.326640157 162.339771868
100.524676027 148.569613515 181.946470399
91.3281280823 142.64554484 187.432502409
109.582363715 147.84215337 178.37766137
115.607238258 149.735914583 174.809292411
93.7254841808 148.611984001 174.880908636
32.966677987 138.728530017 183.189935664
117.870366576 149.815543479 176.642235063
-8.52960963164 129.089397667 175.257228427
2.57489408615 151.265646092 189.834087052
95.173524631 153.262238589 184.109904732
40.1294396559 130.039180304 168.211012454
91.4604906476 145.22699506 173.842548846
98.8939716648 159.544945318 187.921558839
141.325305512 160.214774213 185.242917535
130.178548511 163.340079108 184.540011779
116.716118288 159.842495592 189.721438676
116.047892748 156.357712612 185.999643653
76.385918473 138.357638458 167.278028604
-56.8643084925 96.449631579 191.209713415
139.863540535 159.799568405 184.822045553
79.6697027544 153.695314445 187.018850996
102.443954605 157.175784822 185.493465742
76.093688294 142.89228133 188.055868014
112.071549438 150.159720896 173.570871097
70.6606259753 134.564426001 172.524073487
112.138260396 152.768602871 178.251010973
119.07154633 149.119016196 166.214607617
8.61923603343 120.309105208 176.936043305
55.0678075796 150.291263844 181.460733589
102.141047128 151.879174021 194.551757407
123.790009594 156.92098363 184.496194701
-19.2240435848 122.486318289 191.085636092
52.210635152 148.886050551 176.837671334
85.2552172388 149.588246591 185.134427121
84.5486728795 149.487783872 184.276248494
97.2178175608 153.945725176 191.74791239
96.5784463967 163.468384634 180.472850491
73.4406544335 129.306611768 190.636412481
128.445583759 152.012129819 181.470428338
111.093626907 159.303957231 191.474668416
120.638972714 155.143576305 192.759573872
-141.670625541 132.686603928 181.420104437
26.8965092794 127.398828046 166.87385565
43.1490683364 131.828792112 172.031752374
97.5707235052 146.367384009 199.257625776
132.875272913 163.412020526 175.721714998
-12.0401444852 138.957402062 186.053998049
-21.6498824139 126.174089784 179.171070534
121.121309373 159.537051317 186.044943586
80.2992041884 136.082648192 177.642027456
49.3303692479 141.331676605 189.409497544
107.187083672 151.334858091 196.322788496
109.607954211 152.055841225 171.57993964
144.585789157 165.093257222 185.378324804
-80.7339876813 121.931967582 174.908048987
95.4127504655 149.781160774 186.099617864
-5.34926961733 140.016841111 183.468531124
97.9403360791 151.146880924 191.674930008
-323.170332666 99.6160816224 185.737478525
97.3268725167 148.143791332 184.80519021
83.1769535883 148.093850013 184.24815838
82.1200767944 157.274822258 209.674836556
116.914163229 151.698663812 181.282386635
24.6270747167 142.38839872 183.437371439
128.59969216 160.59546868 178.184702517
64.0674673718 150.244693034 182.465283191
68.5065884514 144.345869646 167.544734729
89.5013440122 144.303595671 182.446180351
148.472163499 166.414292712 188.089556886
116.206559765 158.602017487 183.867383549
72.6861562354 143.810596121 174.005748824
127.698393584 159.647251435 190.961978265
143.51015348 166.115987415 189.864025626
103.735687386 146.616728084 199.34021203
116.538228002 156.931830963 191.728087702
93.4120476481 158.792690201 177.297671613
10.6022232871 128.886598865 190.127755992
-7.90039975542 120.723994059 182.327681772
-64.1269768436 124.921192792 178.575390084
117.65496709 165.10189105 189.673752793
34.0137441601 140.062540982 200.592090196
-207.490919217 99.2554954658 190.441753559
68.2335107866 127.37996936 164.586109798
89.7421632929 139.047579369 186.088137316
11.4040770267 139.181471456 183.554945059
66.9302246188 142.331923122 180.59245652
-90.2146384833 109.918948482 176.720227912
-32.0369787612 125.149364727 197.308315989
103.360814178 149.633017671 179.887992183
87.7393003795 142.379012141 186.348097333
128.997612791 164.822635176 193.246133304
50.9457055977 145.214883625 177.694410953
41.631385074 126.761036085 187.498738351
92.9061889141 161.474381525 185.624203346
-35.0313214895 131.905250994 185.115414666
130.849428605 159.515460447 194.091679257
124.38444698 158.552877886 190.736409755
129.304593666 169.598963958 192.264032681
46.9219269893 127.572216312 185.969946901
70.574574138 139.240949427 172.993797765
105.044932956 160.151391845 179.152088475
-241.659322313 72.3840336437 181.255972913
27.6430641183 146.329217661 172.545870377
-41.3459865365 133.580131725 181.727490889
133.010132743 161.176553168 171.903465334
126.732938376 156.296091389 185.913751606
80.0735063332 149.724568782 181.035049134
80.3453338896 147.854888129 181.175432981
87.2595532093 156.071133054 200.581509952
37.4784319865 146.143139077 183.362503121
96.9475017958 160.623480991 185.427734942
84.9694651931 154.849442872 176.540003293
65.6147920034 148.709427808 179.669420488
51.1767492742 155.490795448 190.011777156
74.84286468 126.378564417 185.528738906
28.4254312508 151.515431714 177.317259879
-46.772552974 132.206356859 182.935405108
92.5185153485 140.964513972 177.079685805
122.070892425 155.811539441 180.219477775
57.1927666674 157.356128017 189.410644849
87.151317375 159.108345045 187.820425866
67.0061148989 159.836228498 198.423336249
117.350365372 146.721024377 178.838341739
107.872136753 150.09203222 175.361435158
52.5398279414 132.962498424 191.840357519
139.305264037 165.80793411 186.523994427
85.6133038082 155.513794802 196.190251558
91.3349679921 165.343543702 191.605135819
154.377317313 169.008764989 177.197416732
-42.612347949 142.667269878 186.018416929
87.9649161275 145.935998059 183.811331994
136.214125527 153.93082928 183.556940042
46.9084447821 143.113273829 172.7395948
135.129874709 164.146379553 195.222436478
60.3918950288 146.55792352 179.793235053
-4.91626781283 145.546099148 177.740596222
128.870490986 160.481773587 177.804602623
117.723235546 150.556363986 178.494782537
131.567105181 169.52284762 183.257812073
85.0304054389 148.404114979 184.979393648
112.058211599 160.540530318 191.838150426
119.180851878 154.788480783 175.721905728
34.1655433353 137.419875197 185.929485255
76.1003003461 164.552157747 192.635913999
56.1577902532 155.569400054 191.336673401
108.469699096 159.690889938 194.268171004
140.16492431 171.485185371 196.667072532
-42.5541373556 149.871535082 191.968745584
-67.0916413081 124.577214393 182.990428362
