-9367.10620657 -8670.63182291 -8293.99751171
-9220.61910736 -8743.28055485 -8101.47879024
-9231.81140144 -8925.26726644 -8524.14779873
-8651.06665249 -8379.20032205 -8102.6445563
-9107.92231891 -8432.45040194 -8056.06100978
-8652.56224723 -8452.23735168 -8228.71991534
-8696.44411259 -8277.05262787 -8071.4875354
-8808.33509944 -8252.34615446 -7965.55924827
-8442.13723064 -8216.34912257 -8005.05137267
-8152.678292 -8077.64880565 -7894.57871767
-8112.88334402 -8058.27304914 -7989.63094321
-8199.97404371 -8086.06241955 -7883.92385302
-8241.01968268 -8060.90912812 -7979.40862579
-8381.90345142 -8109.94494398 -7944.83258438
-8341.51998183 -8105.90642862 -8034.45467864
-8161.06340036 -8070.94636377 -7988.23861377
-8091.28020554 -8025.81026106 -7961.01061549
-8118.34310409 -8016.26931376 -7883.54297233
-8166.95731885 -8069.01890822 -7978.3729063
-8090.11576405 -8014.62805279 -7960.18585534
-8409.79138176 -8141.52808175 -7978.12645349
-8047.65250652 -8006.00313686 -7966.15168894
-8085.04119461 -8031.62974849 -7947.57181095
-8107.58906476 -8018.77002232 -7900.31460351
-8093.7898291 -8027.28602881 -7932.92267121
-8129.2916614 -8021.41166729 -7938.57215727
-8076.55415338 -7999.60698149 -7872.93779577
-8130.17144738 -8010.28760916 -7887.17043384
-8203.40169232 -8046.20251587 -7943.23083951
-8096.36851696 -8005.44964762 -7925.0687972
-8091.32261781 -7993.98071445 -7821.27889592
-8016.78392455 -7957.90849159 -7843.91980435
-8082.78191179 -7992.79721109 -7860.59523725
-8063.07290459 -7964.6266954 -7810.00610549
-8024.00880146 -7986.15681511 -7940.18915246
-8109.31440476 -7986.74602715 -7850.15328824
-8065.04935544 -7968.1064641 -7842.12737425
