-8445.3243974 -2429.75234902 -1676.87721868
-2065.6170466 -1809.22451858 -1723.44642906
-1834.96877695 -1768.42812803 -1732.37008921
-2622.57509217 -1824.95849106 -1700.79717129
-1792.49241419 -1746.81122164 -1686.55966933
-1812.06347108 -1747.07912623 -1689.08365221
-1760.18660757 -1696.87330831 -1665.54755295
-2157.5811739 -1741.74920986 -1651.6355333
-1751.91026298 -1707.71717785 -1665.00970698
-1723.92669133 -1612.86341519 -1036.20799762
-1778.4057218 -1700.88051222 -1641.40026713
-1699.19143675 -1678.84430541 -1665.47092921
-1728.580662 -1509.41232688 -36.0806093129
-1781.14552506 -1672.54297256 -1548.27170521
-1725.69073522 -1618.63251991 -1109.53241805
-8451.78738418 -2071.66830761 -448.18408688
-3249.42656166 -1696.01085866 -747.549641919
-4306.54664557 -1503.06700529 -199.757797945
-5772.42600277 -1375.13519011 -134.468997799
-5980.55959922 -1439.73264519 -223.795182142
-7314.58054065 -1555.05293604 -24.0165980005
-9692.82043069 -1577.68648807 121.759525662
-9576.87638359 -3045.76562577 173.188793392
-10120.2425259 -2449.20054664 -17.1801396558
-5852.3012461 -1247.19801435 264.384899832
-8069.84887838 -1706.58038596 103.965181698
-8956.89081849 -2667.41690302 -217.89196879
-9092.75545867 -2157.98027737 410.285758584
-8726.22762014 -2920.20596293 -61.9510207321
-9599.17368067 -3013.58658819 -148.168797813
-8189.53212995 -1062.31922643 579.26213894
-6327.14701294 -857.805888675 -8.11671184212
-4231.67744914 -660.428812908 327.430971469
-1217.49958134 -115.839058252 642.474302277
-8915.80915652 -2033.05053588 599.593705175
-7140.91987525 -1705.01725485 -99.0990964262
-7809.62262609 -1144.95517844 75.5299991341
-330.669631895 77.3570941515 496.024891074
-8207.45585459 -1139.66384807 641.010575378
-6208.14077425 -843.211579095 753.546152261
-7420.72421306 -700.592312814 629.313713236
-8964.80922616 -1061.65000917 328.183439269
-543.390904443 -118.757520391 353.800768889
-448.531789711 20.7804897546 585.828264599
-6172.89431921 -621.971221199 600.942376827
-714.945025869 -66.2071448267 415.548995279
-1930.50134797 -38.8519268682 709.09284428
-6522.0459419 -1032.71571224 -125.534359785
-9282.08741511 -950.717608149 366.065746755
-402.357412224 -63.9004541706 593.243078273
-8941.95544694 -1915.85076596 730.493575445
-131.210603158 136.076657295 418.249630837
-1058.26598069 100.37786167 445.552999803
-329.111597123 93.7532591054 626.314313448
-546.441011887 -73.7460600705 387.502533602
-914.871522263 -243.441350044 48.2759054382
-2316.17113388 -80.026830926 566.476054608
-218.922823449 130.044497496 692.360906139
-567.319798028 106.024132004 554.274321217
-8423.59052993 -810.236877362 481.077470525
-411.914849187 1.78136628555 573.413042521
-445.605878311 27.4462868276 409.610577827
-8921.36957294 -947.607340795 525.964331905
-338.362306366 82.373539928 621.421350528
-1335.12472381 -7.84086732902 375.043688078
-7713.02312929 -1403.05687404 339.471209034
-2243.14137966 -165.784003417 548.090038944
-5963.73571091 -608.980534527 475.617020483
-143.799748678 -14.5968145714 200.081275244
-718.984690166 -82.0951816495 458.812353647
-1530.26415237 -287.847994808 367.561532216
-750.224468178 -125.182612211 344.164326978
-492.981874534 -124.010883532 445.566750204
-751.893518276 -62.3387994348 238.704382362
-889.755771956 -58.4136311748 273.761627815
-312.95424013 77.5846865109 312.483821244
-510.499119055 51.2172119816 442.45565392
-289.102841321 55.4685324007 588.417269978
-571.041006276 -84.4454607835 265.698158206
-324.810522249 70.4542945569 431.961229743
-872.37205748 55.4014729265 381.135314651
-419.207128565 -48.2941165587 254.88385507
-142.205084162 39.1761326191 255.147633764
-403.559811659 56.1455001047 353.248470186
-180.026129952 158.567158682 529.914131804
-8569.89474173 -874.77996404 346.613030207
-615.649544205 -111.515611458 276.500501917
-462.168272028 -1.80734180381 184.195635002
-161.418311155 196.094159138 401.328596859
-3584.89154991 -344.097809198 197.565412612
-548.139096105 27.7620882132 433.898562927
-1585.5768149 -143.272784367 451.440941075
-690.744410257 -19.7467983975 334.823503769
-219.352393815 120.078627507 622.903896664
-617.799087464 44.8876849907 363.342712642
-1087.73360083 32.2806987964 402.832747176
-9116.93986589 -1665.71724437 75.6609462337
-342.866253757 118.510151965 657.827723501
-761.858398862 47.7366680677 435.282045945
-341.990525613 109.692184118 511.867970788
-359.966460352 42.9531427079 450.754025215
-738.957591284 85.7516334326 455.936290959
-9187.03268143 -863.45933318 409.094803539
-173.7259667 152.3699097 520.288084484
-263.738887059 186.849982982 636.595336042
-622.647202027 -78.9107169295 285.593194305
-667.722702676 15.6892066444 493.911833056
-8576.76178181 -739.39906674 583.905748607
-367.197792211 3.61988846 386.475520128
-9996.87426853 -991.667597281 390.573895811
-722.341203325 20.7334271437 504.120647949
-5475.38096777 -344.84978281 710.705074815
-147.448579974 194.763534427 425.420850047
-437.210424824 139.990176277 515.227039254
-2175.41454203 -348.998693039 402.815733892
-512.503488427 142.62095311 576.919174594
-319.325496884 -99.7287717643 312.94232179
-72.3456382911 181.429547353 444.788417951
-58.4626483587 253.423678838 645.240822175
-2635.22875801 -99.6301372966 451.453271337
-120.871188536 245.478615401 563.423788616
-1431.44643493 133.779803864 419.776801571
-83.2086297077 205.302454839 470.333287251
-25.9400333918 197.471035872 354.169172893
-297.352045079 182.70348384 418.182763598
-399.992531485 92.2023519084 480.701241909
-511.057552041 204.754192318 639.516354996
29.2152521047 227.059060417 505.501101773
-3453.74964314 -173.78057054 379.006487473
-2902.99306658 -309.773691927 526.966578369
-7204.71609982 -641.230984964 360.70396923
-754.768920483 75.8950423132 564.469240364
-948.676788484 83.3197040583 410.391490663
112.234873499 207.540383191 332.23942981
89.5392304793 252.876498727 499.678385389
-1329.66544256 108.769900325 486.933682179
-301.70683717 144.631184726 371.97454714
-364.80975978 182.17744922 568.706990236
-6504.76006467 -506.910286186 410.266827411
-167.714128516 252.660333179 397.238360486
-742.246775436 164.839180787 514.699079016
-156.537850169 220.323339097 459.453419923
