-39963.4845508 -39432.6306549 -39107.6854606
-39851.7050398 -39512.1409436 -38885.2296165
-39586.0273862 -39217.9126129 -38546.115143
-39885.944413 -39387.6056352 -38808.3710251
-39939.1716806 -39240.7644458 -38470.1289469
-40021.3548864 -39473.1870857 -38847.9744257
-39275.7331638 -38835.5379621 -38414.9245485
-39381.3554511 -38563.149238 -37908.3958458
-39394.3598001 -38808.3404812 -38406.656189
-38397.7705504 -37861.338969 -37341.9517162
-38305.1850499 -37910.9239607 -37583.2530119
-38425.1323289 -37934.9422405 -37570.3781058
-38446.3151606 -38035.4046435 -37515.8817916
-38951.2085066 -38387.5490515 -37898.5086194
-38368.7808968 -37999.4766608 -37509.2032394
-37914.1120509 -37477.5813879 -36878.8783492
-37892.6144741 -37601.9673846 -37316.3760506
-37875.5156984 -37492.145766 -36943.1203082
-37850.1495801 -37420.1653922 -36997.698431
-37814.3577975 -37505.2484982 -37279.3232095
-37625.4239998 -37415.5779957 -37108.7312616
-37582.7655301 -37202.7980256 -36901.3736451
-37587.3169685 -37204.919099 -36969.3548363
-37481.8626488 -37091.3198726 -36532.8703062
