0.37736 0.396756 0.4264
0.38004 0.390352 0.41504
0.36848 0.394224 0.4208
0.39248 0.40434 0.4206
0.38752 0.402272 0.4262
0.39088 0.415964 0.43948
0.39644 0.41598 0.43592
0.39096 0.407396 0.41824
0.38372 0.406916 0.45808
0.40456 0.430624 0.46176
0.39684 0.424404 0.49188
0.4024 0.42706 0.48488
0.41088 0.429624 0.47012
0.4104 0.441472 0.47252
0.40936 0.4436 0.46216
0.40676 0.458736 0.51916
0.4358 0.459132 0.4884
0.41216 0.441012 0.47772
0.41316 0.454904 0.52104
0.43464 0.480824 0.52496
0.43952 0.472968 0.51416
0.44632 0.471044 0.50248
0.41044 0.445508 0.49296
0.42452 0.476928 0.54252
0.4362 0.465604 0.51628
0.43764 0.47076 0.4938
0.42252 0.456236 0.50968
0.45464 0.498868 0.53016
0.43112 0.480728 0.52024
0.4428 0.475192 0.51696
0.4478 0.473376 0.54552
0.45296 0.477808 0.51724
0.43668 0.476912 0.50064
0.39152 0.472152 0.50516
0.4274 0.463788 0.50268
0.41724 0.45458 0.51196
0.41492 0.466292 0.51328
0.41912 0.4551 0.49352
0.431 0.47712 0.53968
0.43904 0.4601 0.49692
0.44232 0.478656 0.52304
0.43812 0.479584 0.54064
0.45404 0.49522 0.5432
0.43044 0.469612 0.51356
0.439 0.467464 0.50412
0.42368 0.474524 0.5086
0.4322 0.476888 0.5568
0.41156 0.470404 0.50036
0.4166 0.482408 0.51744
0.4434 0.490688 0.55396
0.45408 0.476552 0.50944
0.42028 0.47114 0.53692
0.43024 0.481736 0.53228
0.42728 0.48804 0.53376
0.45124 0.470916 0.497
0.43044 0.487576 0.58416
0.43476 0.489684 0.54592
0.43488 0.466644 0.51344
0.39828 0.456688 0.50136
0.41728 0.468552 0.5176
0.40952 0.439312 0.4748
0.43236 0.459056 0.4968
0.4334 0.473176 0.51328
0.44316 0.471096 0.49228
0.43112 0.454112 0.49472
0.42536 0.461516 0.5106
0.44716 0.477432 0.5134
0.41712 0.480492 0.504
0.44012 0.478312 0.50768
0.44216 0.47842 0.50648
0.42572 0.474572 0.5258
0.453 0.499852 0.54464
0.42876 0.477108 0.51708
0.41092 0.467784 0.54256
0.429 0.464208 0.51532
0.42464 0.46504 0.49664
0.42356 0.46284 0.4916
0.41304 0.456296 0.50508
0.43976 0.469172 0.50848
0.44588 0.489752 0.5742
0.44224 0.474112 0.50956
0.41784 0.453508 0.50964
0.43908 0.476116 0.52372
0.43388 0.473212 0.51492
0.43128 0.452504 0.48704
0.41508 0.468816 0.51276
0.43664 0.469088 0.53276
0.41264 0.46156 0.49964
0.41844 0.464852 0.52616
0.41364 0.47144 0.50948
0.4368 0.469488 0.53364
0.45168 0.4786 0.50128
0.41076 0.4606 0.4928
0.42964 0.473916 0.53892
0.41684 0.454544 0.49652
0.4346 0.489156 0.552
0.44108 0.459608 0.50172
0.44868 0.4912 0.55176
0.4514 0.481072 0.51524
0.44452 0.471924 0.50616
0.4144 0.466544 0.5202
0.42516 0.455216 0.48996
0.42096 0.471516 0.49584
0.42928 0.474996 0.51416
0.41396 0.453696 0.48736
0.42312 0.481468 0.5088
0.41516 0.451792 0.51456
0.40128 0.451208 0.49176
0.44008 0.4673 0.49768
0.44672 0.472324 0.50004
0.42524 0.473808 0.52116
0.4006 0.46806 0.53724
0.42008 0.475668 0.54368
0.46768 0.499784 0.53484
0.44368 0.470288 0.486
0.44236 0.476852 0.5216
0.42832 0.491276 0.54152
0.41272 0.45452 0.5044
0.41904 0.453476 0.4902
0.43216 0.473472 0.5286
0.4148 0.473176 0.53056
0.45116 0.486396 0.53816
0.43568 0.469612 0.506
0.43544 0.468296 0.5124
0.42248 0.461108 0.51576
0.41344 0.460564 0.52604
0.4352 0.476736 0.5504
0.44104 0.470544 0.5194
0.42252 0.461352 0.50984
0.4368 0.48462 0.5548
0.44508 0.4861 0.51568
0.43536 0.481136 0.52272
0.4044 0.46954 0.51304
0.40656 0.460576 0.50488
0.41944 0.46042 0.51088
0.44096 0.479384 0.54204
0.42368 0.461672 0.52328
0.42048 0.466892 0.50432
0.4248 0.462108 0.49176
0.4174 0.455776 0.49016
0.41144 0.448956 0.48892
0.4292 0.451564 0.49244
0.41648 0.451464 0.50384
0.42364 0.455116 0.48604
0.4048 0.45242 0.50664
0.42992 0.451232 0.48812
0.41076 0.452852 0.54204
