0.25012 0.561644 0.6
0.2234 0.516824 0.6
0.15328 0.5119 0.6
0.10172 0.377152 0.6
0.10164 0.444392 0.6
0.13032 0.427552 0.6
0.09772 0.226516 0.6
0.07356 0.138228 0.22848
0.08752 0.285628 0.6
0.07896 0.16824 0.6
0.07472 0.169752 0.47828
0.07796 0.193576 0.58104
0.0888 0.13338 0.20952
0.0856 0.163536 0.5888
0.08172 0.150112 0.32388
0.07544 0.100504 0.12348
0.08592 0.105324 0.16788
0.07644 0.160676 0.38424
0.07296 0.145372 0.59924
0.07576 0.100308 0.19428
0.08116 0.091264 0.10956
0.07764 0.089192 0.1202
0.07156 0.0816 0.09224
0.07124 0.13066 0.46648
0.07024 0.13818 0.6
0.062 0.08292 0.12672
0.06724 0.08016 0.09848
0.06964 0.081772 0.09152
0.06868 0.079632 0.09668
0.06932 0.084164 0.1
0.06088 0.074152 0.08664
0.06464 0.076344 0.09468
0.06488 0.072452 0.08164
0.06636 0.072444 0.0772
0.06388 0.072208 0.09028
0.06384 0.07084 0.08604
0.06404 0.0713 0.09496
0.06508 0.07114 0.08376
0.06332 0.0687 0.07284
0.0588 0.065312 0.06812
0.05708 0.063888 0.06968
0.0616 0.065316 0.07012
0.06184 0.064828 0.06748
0.05864 0.06498 0.07264
0.05872 0.066768 0.07744
0.05612 0.064636 0.0724
0.06024 0.064616 0.06908
0.06212 0.065328 0.0698
0.06016 0.066184 0.07724
0.0622 0.06554 0.07372
0.06196 0.065768 0.07344
0.0594 0.063708 0.0674
0.06228 0.067492 0.07552
0.06052 0.064316 0.07096
0.05796 0.061004 0.0644
0.05968 0.06208 0.065
0.05928 0.06306 0.06772
0.05688 0.060172 0.06276
0.05776 0.06068 0.06352
0.05552 0.059364 0.06308
0.05708 0.061084 0.06692
0.05704 0.060644 0.06636
0.05716 0.060364 0.06452
0.05724 0.060788 0.06672
0.0588 0.063028 0.07192
0.05832 0.06182 0.06804
0.05532 0.060076 0.06992
0.05568 0.06024 0.06528
0.05424 0.058532 0.06168
0.05164 0.05586 0.06264
0.0536 0.058696 0.06276
0.05416 0.058188 0.0632
0.05388 0.057136 0.05892
0.05292 0.056412 0.06112
0.05216 0.05814 0.06364
0.0538 0.057328 0.06576
0.04908 0.055844 0.05944
0.05524 0.057748 0.06028
0.05456 0.057788 0.06512
0.05304 0.05688 0.05836
0.05548 0.057556 0.06052
0.05224 0.058968 0.0828
0.05056 0.05542 0.06004
0.05388 0.057744 0.06232
0.05528 0.057568 0.06124
0.05284 0.056908 0.059
0.05468 0.057552 0.06308
0.0528 0.056568 0.06012
0.05548 0.057452 0.06008
0.04924 0.056528 0.05948
0.05492 0.056828 0.05876
0.05408 0.057732 0.06052
0.05224 0.056356 0.05848
0.0536 0.05606 0.0586
0.05464 0.056412 0.05788
0.05268 0.055744 0.0588
0.0544 0.056192 0.0578
0.0534 0.055588 0.0574
0.05412 0.055836 0.057
0.05472 0.056076 0.0572
0.054 0.056276 0.0586
0.05392 0.056336 0.05788
0.05316 0.055432 0.05764
0.05116 0.05606 0.05852
0.05328 0.056332 0.05896
0.04992 0.054952 0.05728
0.05316 0.055924 0.05828
0.0506 0.055484 0.05764
0.05428 0.055584 0.05688
0.05472 0.055552 0.05656
0.05252 0.055312 0.0576
0.05276 0.05504 0.05692
0.05188 0.054048 0.05644
0.05008 0.05518 0.0576
0.0496 0.055412 0.05756
0.05192 0.054744 0.0574
0.0526 0.055496 0.05728
0.0526 0.056116 0.0638
0.05352 0.055604 0.05712
0.0528 0.054936 0.05748
0.05384 0.055832 0.05912
0.0522 0.055484 0.05692
0.052 0.05624 0.0588
0.05428 0.056308 0.06324
0.05256 0.05598 0.05908
0.0526 0.055984 0.06484
0.05212 0.060892 0.07968
0.05344 0.057216 0.06408
0.05448 0.056756 0.06108
0.0548 0.056212 0.06124
0.053 0.054632 0.05608
0.05404 0.0551 0.05788
0.05444 0.058672 0.0686
0.0532 0.055788 0.06516
0.05456 0.055544 0.05788
0.0544 0.057384 0.06616
0.04996 0.05722 0.0656
0.05256 0.055588 0.05928
0.05352 0.05626 0.06016
0.052 0.0563 0.05932
0.054 0.056224 0.0606
0.05436 0.057176 0.06096
0.0548 0.0588 0.07184
0.05452 0.061156 0.07916
0.05208 0.056788 0.0712
0.04996 0.060172 0.07644
0.05084 0.057792 0.0704
0.05344 0.054472 0.05552
0.05364 0.056332 0.06308
0.05284 0.057312 0.06404
0.0506 0.05606 0.07236
0.05332 0.055616 0.063
0.04984 0.05362 0.05636
0.0522 0.05618 0.07064
0.05288 0.056304 0.06028
0.05172 0.054104 0.05572
0.05292 0.056436 0.06304
0.05388 0.055416 0.05992
0.0516 0.054224 0.0558
0.05328 0.054744 0.05616
0.05328 0.055244 0.06052
0.05348 0.054956 0.05692
0.05084 0.0549 0.05884
0.05264 0.055064 0.062
0.05036 0.054136 0.05664
0.05316 0.054552 0.05612
0.05244 0.055688 0.06408
0.053 0.055772 0.0656
0.05176 0.053956 0.05476
0.05228 0.055112 0.0626
0.05228 0.054836 0.05632
0.0528 0.055416 0.05996
0.054 0.055032 0.05808
0.05228 0.054564 0.05788
0.05252 0.054268 0.05784
0.05356 0.054528 0.05512
0.05352 0.054796 0.05672
0.05332 0.055912 0.06452
0.054 0.05496 0.05672
0.05016 0.053696 0.05568
0.052 0.054316 0.0574
0.05304 0.05562 0.06332
0.05288 0.055872 0.07008
0.05336 0.05504 0.0578
0.05348 0.054556 0.05612
0.05412 0.056632 0.0632
0.0508 0.053992 0.05512
0.05068 0.054436 0.05632
0.0536 0.054852 0.05696
0.05208 0.05464 0.0592
0.05028 0.05386 0.05592
0.05012 0.054008 0.05648
0.05104 0.05486 0.06068
0.0508 0.054356 0.05684
0.04752 0.054468 0.06544
0.05164 0.054088 0.05652
0.05232 0.054676 0.05744
0.05356 0.054856 0.0578
0.05348 0.054656 0.05604
0.05232 0.054716 0.05728
0.05288 0.056224 0.06524
0.0536 0.0554 0.05768
0.05336 0.05534 0.0594
0.05252 0.055428 0.06476
0.05156 0.05456 0.057
0.05304 0.0543 0.0572
0.05168 0.054272 0.05576
0.05268 0.054684 0.05612
0.05036 0.055752 0.06404
0.04852 0.054184 0.0564
0.05056 0.054476 0.05648
0.05336 0.054948 0.05664
0.05288 0.054952 0.0578
0.04732 0.05308 0.05624
0.04888 0.053872 0.0554
0.0536 0.055872 0.0606
0.05184 0.054296 0.05724
0.05268 0.056836 0.07636
