1868.1660103 2080.04461603 2252.57982873
1954.9767412 2145.32472216 2375.62572013
1858.75866199 2114.54510967 2253.04971693
1752.5822138 2128.71117753 2264.97292718
1989.94919054 2158.7072324 2295.61871551
1997.81763366 2121.44386321 2209.94454291
1863.16198884 2076.54833099 2335.24439775
1933.83384641 2163.45814257 2305.52178214
2005.61869115 2170.99361439 2303.84796958
2025.87458713 2135.60239623 2230.34218247
1914.31202118 2198.07577772 2342.95313589
1785.49273351 2147.81855123 2324.17409506
1983.15426625 2229.62615299 2367.00840393
1993.32766239 2152.80502038 2272.62877362
1865.86896464 2137.89659512 2289.71182341
1993.56234226 2197.13924386 2402.71352063
1982.47580435 2126.47567124 2249.38529593
2006.54008171 2173.36487858 2346.62877426
2047.68286669 2189.83876143 2399.31112858
1979.52771831 2138.44228207 2275.11137413
2018.01359707 2205.67412661 2326.77007359
2109.26732995 2184.3315015 2285.64746191
2010.5824937 2199.41169093 2342.73124229
2003.26628199 2229.1147778 2346.15623406
2046.85245907 2159.28851459 2260.03575044
2100.66213822 2244.51087654 2326.74042204
2004.85368264 2195.55114533 2286.29048568
2061.6752379 2184.93921157 2349.84507252
2034.76729641 2155.5968224 2238.17202224
1970.88994156 2205.98249564 2351.80825273
2041.48580463 2197.03415225 2338.22937893
2033.8871913 2165.92068126 2285.10032539
2073.50416428 2217.29687896 2315.93256104
1933.46575003 2206.17465477 2321.8013968
1968.64584267 2118.25909286 2229.08176253
2014.17428222 2170.09063691 2285.98605733
1994.2113353 2196.11245849 2337.01661608
1902.33509931 2138.80691531 2270.69213337
1936.53610013 2116.82032062 2282.1848423
1987.06390136 2112.93610271 2260.77558742
1894.311141 2130.09182127 2314.53118423
1972.01764987 2189.70652635 2341.14825494
2027.72892255 2207.69145941 2319.21498143
2072.50241904 2206.19437297 2322.56330007
2027.51429457 2164.46702474 2284.85406107
2018.19354358 2156.02445786 2267.47583219
1969.73837627 2168.89625868 2276.61946643
1910.29056046 2173.22777313 2283.43479102
1997.46507877 2215.30117544 2402.1326132
2002.4503213 2179.29098812 2315.88038807
2007.41257486 2192.39161301 2345.63256879
2044.86977866 2162.1080218 2283.53452905
2048.97067769 2207.91340877 2300.33483971
2068.93528065 2215.98919793 2350.8079058
1921.15295153 2160.02096239 2300.22249172
1937.55178748 2138.62508752 2309.27960394
1944.57053996 2205.07140992 2318.90273608
2061.01708132 2189.98648353 2301.12357573
2047.6277173 2207.2065771 2373.55643243
2098.18821398 2174.5415819 2244.65009277
2091.46274824 2173.76369457 2268.75133465
1950.78638842 2174.70776018 2340.62567607
2119.23137642 2232.2357281 2397.5511136
2008.28835889 2132.62042924 2318.19178162
1989.6707823 2121.91909579 2355.11444281
2014.24446046 2199.68578508 2386.01363351
2019.36514854 2146.14882077 2298.75609645
2045.36455263 2184.22727866 2332.56144508
2086.24849009 2213.37782641 2352.4806966
1941.79218345 2219.52143286 2407.74366188
1923.57774076 2115.00998876 2276.88101369
2080.44343924 2174.61360109 2412.83332987
2024.91101681 2165.38201352 2239.67235238
1979.49675621 2106.15980003 2334.34245721
1943.01410433 2129.62634553 2312.7421561
1121.5150561 1341.09881379 1492.51455016
1073.59428401 1312.27227616 1502.96634486
1086.39056334 1332.16330993 1534.2863894
1162.06493551 1378.05775831 1513.64672504
1132.69780044 1383.76855683 1572.13289424
1116.65083606 1367.09523261 1605.77338818
1011.06856167 1394.46565735 1544.88611572
1276.9844586 1397.03669946 1502.02960421
1204.52688148 1382.88236193 1539.24606668
1298.65376407 1428.76938646 1577.49131244
1229.78367461 1364.03792675 1498.88508019
1029.29597603 1392.11418177 1488.45247135
1265.29793176 1437.45588289 1560.96592366
1118.75482389 1349.14566239 1492.80253358
1274.69197637 1382.27813809 1580.97649812
1245.96888511 1392.64117872 1550.09161081
1203.18290657 1382.96602913 1513.44356206
1252.47383061 1419.68643319 1559.5583611
1134.97906677 1368.54638797 1510.02786476
1183.78786093 1398.12806695 1505.20421132
1309.76059085 1387.375041 1465.10209002
1269.46339281 1395.39883982 1498.73341518
1300.25718053 1421.76474525 1535.17815456
1317.05000875 1434.01505733 1561.78587998
1281.66380502 1419.75623211 1489.85236774
1172.1533333 1344.93260634 1508.67897265
1262.96310866 1400.4853073 1526.49178173
1206.94567616 1388.47520136 1472.39857074
1242.22753823 1435.19047893 1602.67651995
1274.68924625 1391.13772121 1514.13459329
1315.99152392 1399.04787517 1522.65394541
1195.20183339 1353.04590043 1551.74936747
1275.47814725 1438.93470703 1600.15324541
1159.87903431 1398.77524747 1533.64459336
1295.66003346 1412.85325057 1578.18306609
1339.5227137 1464.82302153 1567.82229034
1351.23646261 1446.72561251 1571.68487167
1303.00312957 1444.8219988 1555.57281142
1268.23674668 1418.31716596 1496.95240008
1332.40006996 1446.1194372 1564.00702545
1243.18560617 1371.6446895 1492.5959611
1283.19947892 1443.31667066 1579.83663245
1325.60155159 1437.57809408 1591.75597973
1317.847265 1429.96938809 1580.86522312
1318.66239172 1427.80725674 1523.49373486
1223.55631319 1400.73695692 1537.96486125
1293.78298304 1447.52888173 1595.20320792
1276.21872686 1416.95118641 1494.67666151
1298.92937905 1465.01586302 1583.07553078
1363.03207129 1474.76406214 1608.67676684
1203.13125423 1477.84894233 1625.4359069
1322.58409936 1447.1996239 1556.25183538
1147.10973601 1445.22899385 1550.65392201
1213.02226937 1422.86951955 1559.47525905
1248.30916571 1389.87588157 1500.62357832
1170.03182573 1428.02508528 1632.88453329
1194.80115468 1445.9178655 1544.96858505
1306.57334876 1459.81201687 1583.52980974
1236.54293387 1392.0909169 1525.12297827
1290.12202688 1421.25858649 1603.04027123
1335.62242298 1407.0051242 1553.80880998
1192.16982564 1405.66312617 1577.73875901
1380.90621197 1459.6750928 1579.93476188
1276.02749047 1428.00648851 1626.59689113
1193.93554482 1370.59100675 1480.71378697
1306.56829594 1464.16459231 1592.82160752
1362.67656769 1476.30729058 1600.65182898
1379.19962601 1507.52826196 1666.95003258
1366.43335097 1465.96107724 1573.77402829
1411.7460259 1486.90246949 1572.95715174
1365.99333772 1474.18938031 1600.05219638
1357.47042121 1436.32396929 1565.80913297
1088.22258653 1408.36199847 1549.7706883
1305.72143677 1437.98290902 1611.90987002
1315.77020607 1466.2250446 1624.97310546
1311.39557432 1442.78385647 1591.44494872
1349.32550004 1448.52862215 1546.94552169
1211.62477058 1447.84526201 1605.59416323
1202.93709671 1459.66475895 1640.29425017
1360.15537514 1469.17365422 1601.90307059
1172.51694691 1446.81545355 1662.88176648
1338.98766356 1487.46270153 1666.90586168
1370.33651424 1487.39095478 1598.04552413
1310.08755184 1441.52836258 1627.13669206
1345.72618832 1462.24932496 1583.62039064
1238.24670417 1407.41580713 1601.79211031
1341.97057767 1451.74341316 1571.87166807
1218.04659255 1383.66059513 1558.81039917
1307.31525957 1424.81108954 1578.27871101
1414.94763691 1471.22484364 1544.3716211
1316.31859312 1477.64178949 1561.42611576
1186.97371116 1429.04188798 1638.07178756
1338.10686911 1481.72073065 1582.8762994
1301.60955594 1467.76071387 1702.50310287
1167.94459969 1450.92386832 1669.13926362
1318.65075021 1461.61584769 1582.7982367
1301.2137791 1437.43660957 1555.9161508
1268.86935723 1455.44868414 1581.72092266
1228.35962197 1435.49122931 1550.73700261
1409.69555771 1481.02237743 1577.98255344
1346.58396401 1471.34963258 1594.02195046
1308.38116726 1476.15300683 1591.92366822
1335.99966478 1484.68290624 1553.26242325
1386.09064359 1490.72344764 1625.91112203
1369.36628211 1472.58329278 1620.20791409
1188.02492764 1472.31087546 1570.75762201
1347.3036356 1513.19176925 1624.79739814
1266.8549369 1437.48780676 1517.36490256
1191.23025422 1374.93600017 1572.74774904
