0.18316 0.191572 0.20336
0.1894 0.19598 0.20624
0.18928 0.195988 0.20292
0.18232 0.193236 0.2018
0.18936 0.195916 0.20232
0.18948 0.195224 0.2002
0.18428 0.190672 0.19752
0.1936 0.197368 0.20232
0.19048 0.197004 0.2052
0.18836 0.197732 0.20296
0.1904 0.19422 0.19756
0.19096 0.196636 0.2054
0.19232 0.196924 0.19992
0.19092 0.195472 0.2024
0.1872 0.193708 0.20116
0.18364 0.194336 0.19984
0.19164 0.19926 0.20764
0.18684 0.196436 0.20672
0.19176 0.196472 0.20456
0.18712 0.197624 0.20328
0.19004 0.194312 0.19868
0.19092 0.19746 0.20692
0.19076 0.198848 0.2094
0.18488 0.196092 0.2066
0.18644 0.195788 0.20268
0.1884 0.193516 0.20244
0.18912 0.193912 0.19912
0.1908 0.19544 0.19928
0.18808 0.195932 0.203
0.18884 0.195628 0.20224
0.18672 0.195592 0.19988
0.19088 0.194496 0.20188
0.18664 0.194156 0.19936
0.1864 0.19408 0.20144
0.1936 0.197232 0.21104
0.18288 0.191972 0.19888
0.18844 0.193892 0.20332
0.18952 0.193836 0.19972
0.18576 0.19412 0.2024
0.18832 0.19534 0.20168
0.18368 0.195104 0.20296
0.18812 0.195368 0.20248
0.1886 0.196036 0.20196
0.18716 0.1947 0.2018
0.18984 0.197048 0.2024
0.1882 0.19284 0.20384
0.18888 0.195788 0.20216
0.18752 0.195708 0.2028
0.1886 0.19594 0.2
0.19144 0.195464 0.20476
0.18316 0.197776 0.20448
0.18632 0.195884 0.20488
0.19228 0.195444 0.19932
0.19444 0.197772 0.2022
0.191 0.196636 0.2032
0.18892 0.197384 0.21104
0.18896 0.194268 0.20104
0.18588 0.195248 0.2016
0.1866 0.193808 0.19964
0.18932 0.194932 0.20244
0.18732 0.196888 0.20484
0.18612 0.195444 0.20312
0.18908 0.194508 0.19996
0.18632 0.192412 0.1986
0.18684 0.1944 0.20084
0.19032 0.193712 0.19832
0.18388 0.192536 0.19816
0.18936 0.194572 0.20048
0.1878 0.19372 0.19792
0.18984 0.194844 0.2088
0.18928 0.19644 0.2034
0.18888 0.194436 0.20148
0.18776 0.1952 0.2004
0.19288 0.1982 0.2038
0.19208 0.197508 0.20512
