0.13156 0.29186 0.6
0.13544 0.205432 0.6
0.13708 0.27886 0.6
0.12688 0.19062 0.40884
0.12 0.24984 0.6
0.12896 0.268936 0.6
0.12152 0.231868 0.59116
0.12468 0.174864 0.40576
0.12744 0.27116 0.6
0.12136 0.232776 0.6
0.1184 0.195 0.56764
0.12244 0.222868 0.59116
0.11944 0.289084 0.6
0.11664 0.18268 0.6
0.12412 0.252388 0.6
0.12072 0.23094 0.6
0.11936 0.251492 0.6
0.12276 0.224264 0.58368
0.11876 0.22796 0.6
0.1306 0.261764 0.6
0.11976 0.241868 0.6
0.1248 0.349536 0.6
0.11312 0.230972 0.6
0.12344 0.186872 0.47032
0.12328 0.293192 0.6
0.118 0.208016 0.6
0.11656 0.255628 0.6
0.11836 0.265552 0.6
0.11652 0.259752 0.6
0.12216 0.204212 0.54172
0.12176 0.209716 0.6
0.12772 0.221496 0.6
0.11636 0.272996 0.6
0.11172 0.24168 0.6
0.11872 0.324912 0.6
0.1156 0.250756 0.6
0.1248 0.189104 0.47668
0.11996 0.157176 0.33484
0.11732 0.166264 0.401
0.11532 0.204552 0.6
0.11528 0.165024 0.45868
0.11956 0.287648 0.6
0.1276 0.313772 0.6
0.1154 0.27852 0.6
0.11692 0.215228 0.6
0.11572 0.190416 0.6
0.11084 0.180436 0.6
0.11544 0.180176 0.44864
0.12804 0.183772 0.36996
0.13232 0.229132 0.55064
0.1238 0.162372 0.32532
0.12528 0.172452 0.45224
0.12068 0.206924 0.6
0.13188 0.220284 0.49424
0.12148 0.190584 0.6
0.1292 0.26698 0.6
0.1246 0.320404 0.6
0.1262 0.228108 0.6
0.11972 0.147408 0.22468
0.12492 0.26278 0.6
0.11904 0.155248 0.22336
0.12784 0.186064 0.49304
0.1238 0.330228 0.6
0.1278 0.13902 0.15988
0.12824 0.226916 0.6
0.1268 0.157884 0.31328
0.12456 0.13982 0.16688
0.12232 0.168052 0.42536
0.12008 0.153496 0.24024
0.12584 0.150948 0.2156
0.12452 0.177044 0.5428
0.123 0.143572 0.18232
0.12896 0.13768 0.15308
0.12152 0.13048 0.1404
