-8924.89204149 -6928.54854587 -1120.03575508
-9977.84368665 -6445.27900332 -175.295849469
-9688.33536447 -6253.14250076 -863.90081116
-9103.93478817 -4468.44607666 -272.313570232
-9176.25555524 -2438.92832919 205.216737774
-9779.18260907 -3712.56459538 -213.06643884
-9845.35532549 -5333.28145956 -93.1769601294
-8838.87893381 -3160.67227181 -44.1266601236
-8494.75973287 -1964.34098846 536.460791102
-9955.78657679 -3171.90996435 6.04635719114
-943.975627776 -510.189458062 -10.5306007151
-9056.34050128 -2869.08665943 -249.248448106
-8350.49271497 -2851.10148843 193.729920287
-6035.25125542 -930.8134524 -106.818929965
-9754.13393268 -2878.15227399 647.040475368
-6316.40133873 -1888.14141834 -192.024621987
-9809.41592456 -2768.49253416 576.496455398
-9286.48509572 -1982.81220855 167.479634334
-8619.32563043 -2120.54403467 -119.632310696
-9944.66673655 -2436.35047756 322.665232063
-9913.60014589 -3884.08269897 -254.893838306
-9556.37116066 -1372.43381863 -133.014717017
-961.89529697 -387.151301532 648.220864385
-9034.45492867 -1206.85638133 922.704618632
-2565.56434986 -382.563620242 388.608230537
-9141.86168158 -2824.39022548 118.171729992
-606.721882635 -7.57434506014 1125.25245609
-3882.43326107 -894.070378123 324.453325445
-2218.11387406 -255.120946868 1272.94829158
-4722.64524462 -590.826344697 768.90786219
-10056.5171126 -4496.52048521 383.279086136
-9915.69420423 -1641.74096175 281.705155677
-9694.52747464 -3670.90483541 617.145588105
-8489.84310701 -2317.2201931 650.297820675
-2269.88867017 -692.7788086 147.413573565
-9212.28949187 -3548.21921599 1057.9944409
-6853.64043312 -1226.77002003 1179.70972849
-3473.72324644 -450.58489747 777.641834914
-6473.07026337 -626.357481918 678.078886131
-10020.238126 -3060.23373924 74.4993280587
-8345.82433849 -955.367741752 935.937406621
-8366.23185114 -3097.44628418 1006.26548803
-10073.4083187 -2718.18004676 1108.30975465
-5390.18027696 -671.430109006 1452.8956755
-8620.4191178 -1843.18259828 1142.0410459
-9984.94088297 -1331.63578375 637.981887787
-9519.78235937 -1653.83834671 824.865644023
-10044.4299176 -2774.3468071 1114.68828992
-8747.70685931 -1547.6378356 328.296042435
-10034.124474 -1901.49901321 1205.98281768
-9298.15713674 -2487.31562309 1193.76737824
-9843.22467614 -1780.50332797 1162.1287243
-9979.05299895 -1236.42171169 683.994564856
-9916.40215434 -895.426713598 1262.56907245
-9933.77010399 -2372.28538779 994.559217147
-8408.70641638 -2335.56977137 1136.03257386
-7290.38523511 -1666.90319555 1061.50153249
-10005.3018966 -987.156468866 1264.3290483
-6336.0866923 -900.545739624 771.307342205
-9340.13517706 -1626.59332199 1331.81630139
-1427.41219758 223.713457307 1235.55458829
-9558.97666814 -2816.17966624 982.970607465
-10064.027695 -3809.86238446 771.376083075
-7889.1437897 -1352.86778483 1194.7660516
-543.922628306 -40.1973420128 409.53228741
-8400.90637066 -945.229210788 1172.40168128
-7009.59700013 -1782.19979658 1045.66838715
-8212.33166108 -2016.9846587 870.498818185
-1917.91618422 -89.9516449434 1007.3118877
-8350.39029115 -3662.80229692 80.0338821036
-851.694196063 -36.5920512278 1534.5724162
-1600.69783865 16.7819881442 851.079741209
771.109908971 972.34350507 1408.1184054
347.871501027 702.950189542 1017.36781083
22.9494196401 584.536226592 1029.74196722
79.1478753792 636.914996223 962.231346835
142.988330505 602.597670819 926.018153893
124.614204137 598.802773127 904.731753412
268.125979607 583.340438699 916.077731549
436.859323084 581.891008444 860.401561075
227.212856783 587.904133186 918.562839191
268.25098736 566.559664113 912.833289606
386.042077751 579.925688109 709.44928267
-204.229602016 479.196284655 920.078603671
278.939337922 671.470707489 1045.17622692
341.974748232 618.516462434 925.705483002
34.7776016039 480.712979716 808.182004726
-249.518550869 391.314986072 779.369419153
334.234622495 652.683858538 897.89294008
28.4369018845 694.43089554 1108.44399919
379.71376976 629.03868356 837.068820286
126.160420064 519.546016756 825.895291323
445.008581557 704.019171048 1023.02731335
178.996170808 766.753565443 1006.87765192
285.016325531 712.979216816 1031.52621448
22.9802756896 589.342877476 878.17897706
220.361548547 524.320140397 694.235288354
261.016223527 687.959765447 931.282266296
444.056357828 664.787527445 871.792993425
378.418786024 714.119835144 971.865243799
299.079487586 683.743109414 1070.62426343
271.655641685 681.384813829 1043.16586465
28.9315979852 519.238339643 781.359043998
397.350810813 702.572316548 1056.59456118
235.450926921 545.378924098 822.874116039
-146.472632343 647.215315056 919.514472484
641.367335563 817.835291971 1075.11562439
389.451986027 704.086290361 1008.5159816
355.70557897 607.834665184 762.116759606
82.5772290923 654.719805246 1109.81618478
390.920321615 740.30692124 1216.11039402
222.032037227 720.357681989 932.619489039
177.986190491 619.270966724 1049.50297301
76.7294936621 571.20587804 830.055463239
315.254235311 579.895543126 784.542422019
367.541540947 613.115393924 786.757127652
329.050613187 633.50628525 831.758792727
270.983787182 655.86843032 879.360672282
511.710764636 746.966208252 1015.56667873
315.240950682 594.907312507 1058.05762007
414.374937608 637.06009613 1016.42529856
164.309146442 528.464614881 785.429236154
435.024952425 682.320859475 871.325641445
507.116036734 676.95558433 1153.99460943
394.283433386 667.04576774 832.997443289
261.23716746 624.926699559 784.081609054
-13.1335445135 589.962832449 880.90931275
484.478443771 733.355803952 971.253799807
75.0125669209 644.998908832 1004.87646641
363.588760209 710.773078135 974.818219905
223.440719806 725.259087471 1108.95122846
273.010537876 650.592565975 967.57861381
488.413720878 736.601478628 1067.89687946
379.605364888 620.333697922 874.903549662
376.83770224 635.74949488 1019.19187895
376.226654174 680.053893255 916.90630902
465.695417646 643.921941332 927.450702546
176.442513608 636.214376027 1023.39876629
340.823384538 665.874465761 1020.91449123
575.84473145 808.220063312 975.512972752
280.694386321 712.423961964 1126.60941148
321.746208789 765.675874113 935.22458554
360.397502091 680.782714143 933.112261686
475.111185472 719.035677473 983.188600117
508.030256396 732.606563636 1016.78667844
365.989467528 689.608994306 1063.97764317
371.176230499 751.417750938 1068.28760566
228.416040133 690.860271825 967.097081192
556.316995664 809.521349615 1021.92282059
218.093483854 750.128351915 1109.6270792
551.967573387 783.662513665 1120.040941
392.564187271 632.347520157 870.834125331
322.808737384 669.613472988 1110.95073582
515.349173141 751.417280668 980.692439228
181.835683604 635.997868781 1022.59353947
402.067529036 737.782973341 1013.48023329
124.468032874 679.656422966 1018.2272525
277.17731957 747.472534668 1015.74955518
398.200068447 750.343691547 979.447413696
380.871640408 707.139565568 1024.91067013
27.2263806481 632.276972343 967.926939886
597.491600056 795.78158398 1158.76683976
437.450693214 681.359460852 1056.01574431
462.099321256 684.253442926 1062.72892399
134.918253231 662.120903384 1064.77434874
263.595745868 686.537202465 1215.5432595
281.302782647 729.974964297 1119.1572627
568.877492195 793.836420167 1068.81702753
339.520628581 649.468677639 834.304112283
269.324696548 704.433417035 1072.24448811
68.7314074861 587.475149026 1122.58675597
72.7951346595 692.2381316 1218.93204011
-10.3743016932 542.536930095 927.576161176
520.8797692 693.451330439 836.762450168
490.01687446 760.965173095 1035.09235826
315.970893868 667.612806408 1077.88608826
467.306127119 781.652141659 1086.167554
34.8037949801 559.755643449 885.615597228
463.112717974 773.113545581 990.44889201
377.209266538 751.000116324 1132.41702095
446.165259177 752.525162622 1034.25123801
511.306408883 851.61769846 1066.08543952
384.865571927 599.483569375 887.747721164
228.052202889 642.624440468 987.564902881
520.06999118 681.923177642 1063.85370002
368.051013216 718.305376565 1173.05031261
78.4772454714 677.85156824 938.316454324
516.282487413 768.948653864 975.22046631
130.234783263 720.426467887 1029.93122071
93.6532932282 707.977734547 1035.87226506
30.7907139665 676.713038321 917.156427906
556.92745041 821.759143169 1012.51506344
533.56552174 761.811520635 1027.19929528
330.17520001 753.078719149 1202.389269
417.351619323 757.773770905 1068.88297441
592.560689299 835.765009586 1209.61420771
417.351164951 761.585034303 1160.50609057
435.642679308 783.848527905 1120.70722086
335.817299222 701.623227393 938.70201405
494.143740422 796.458544241 1113.09630309
645.156875848 821.799690779 1122.98687598
490.129798134 785.180814207 1264.04332144
555.914069628 701.669587959 832.626659115
430.857484333 730.369569639 1019.61432847
274.294624083 781.784880424 1127.67024905
385.607523988 707.426419688 1025.60959335
41.0791538486 647.909723685 961.833298666
416.66166466 709.173893597 1025.81734424
90.7855229198 703.207830451 1029.45112121
473.520894046 744.780352639 1122.1750095
395.530453504 724.230353041 880.658071843
224.559795413 794.887979494 1029.83944213
435.53284671 805.547617713 1208.57218031
394.278685694 802.006203553 1262.39751012
325.014596377 764.355591827 972.952977646
413.243405328 719.553606133 1061.63625316
249.658711636 702.955398734 1021.12074904
507.114116387 749.967448792 1060.91817347
461.672414277 719.273619556 1124.112276
482.614607274 781.040706838 1017.34072173
506.677486522 779.40701869 1022.88246659
181.247134732 687.751663894 976.888769452
232.240165492 758.261845316 1014.94915452
379.337647091 827.931215675 1029.21177879
481.6723293 789.192816493 1172.25127311
323.87526682 695.552134218 1211.47568985
161.623654845 625.3909609 1028.70942342
462.989365596 793.222382309 981.57969333
539.561201049 776.173248127 1027.56775714
275.83907459 769.110279102 1085.05927246
