0.31468 0.348168 0.39756
0.30316 0.33552 0.38916
0.27116 0.341824 0.38804
0.2884 0.36234 0.46296
0.3 0.338228 0.37196
0.28524 0.336172 0.38488
0.29044 0.35734 0.46808
0.28484 0.340356 0.40752
0.2714 0.344824 0.40928
0.307 0.3452 0.38968
0.28288 0.354116 0.3952
0.26792 0.337208 0.38688
0.30628 0.363292 0.41412
0.3166 0.359064 0.43596
0.30128 0.344072 0.37376
0.30468 0.356572 0.42732
0.23924 0.335504 0.38404
0.29136 0.345736 0.39904
0.32696 0.3543 0.4058
0.3042 0.341068 0.4028
0.2754 0.351648 0.409
0.29596 0.348852 0.43628
0.32584 0.360252 0.43512
0.30032 0.335096 0.38836
0.319 0.368392 0.42952
0.30292 0.35726 0.3982
0.27656 0.335852 0.385
0.33556 0.36904 0.40116
0.28872 0.346712 0.39888
0.33952 0.377756 0.4182
0.31876 0.363692 0.43984
0.32432 0.363232 0.422
0.29148 0.345832 0.36336
0.30816 0.347492 0.3702
0.27296 0.344328 0.39364
0.3084 0.344652 0.37736
0.33504 0.351264 0.37016
0.29156 0.35682 0.3992
0.33764 0.373516 0.42048
0.31024 0.373104 0.428
0.32508 0.378596 0.46704
