-8563.22321078 -6006.72596213 -3871.33041379
-8444.51538891 -6561.38443698 -4173.93296091
-7808.39132117 -5500.42693581 -3241.90047669
-5369.64299267 -3850.32048479 -2218.80324648
-7128.00486954 -4027.79393413 -1426.19285651
-7317.95930468 -5480.94243345 -3718.12516544
-5482.21916986 -3082.05488031 -1347.84809859
-3505.70173873 -1910.28023949 -995.381698951
-3944.65750264 -2698.08897328 -1035.09670636
-5326.7649083 -2224.82440661 -425.482189023
-3364.88671316 -1621.66707504 107.81142396
-3854.74829855 -1719.5849021 -73.6599724199
-1696.16771315 -664.055107822 80.6118271684
-1955.04338955 -1092.50055488 -2.94048963857
-2355.32946636 -445.865154696 527.700075238
-463.830945231 111.382339026 513.507227359
-474.217712999 -7.03667577518 504.318764426
-489.399185396 83.32488795 638.734739981
-1028.28592137 46.3635197054 560.500730957
-810.501779212 -4.63916828501 460.079305991
-417.199339024 166.500051742 698.328411244
-408.635157063 129.76324289 443.647152891
-949.472492593 211.481988735 644.561247687
-943.213301824 116.564632552 558.881097856
-120.626197111 311.081080559 462.462242495
144.054971873 367.584843714 550.330527073
-130.586088634 307.937747522 711.415351102
-132.46038666 272.020416814 597.18221381
119.187456075 408.356671103 593.104532246
-25.1496947476 223.656858619 461.360046366
-142.008682496 258.122480485 500.841380707
-1444.24720413 50.196186077 747.013185921
-265.340303704 181.369192177 594.938972678
-540.285039885 267.288859238 715.907575973
-89.598211849 248.069015511 484.889846706
-182.625221968 259.420810225 943.959090599
62.9655587024 458.992016998 729.516546267
-419.782809162 302.780134895 708.053574222
216.208692164 400.083005885 560.218671988
-246.180073118 402.607870273 875.312239311
-48.3813839579 370.066107951 682.433150212
-166.890939666 361.121973684 757.423559652
-65.6152038123 361.322003855 626.570121493
167.64603408 458.386273681 716.532638606
108.78815887 426.941916365 686.138937127
250.06505636 458.091665844 758.061234841
157.676030399 440.769203705 692.378802426
-6.50801441946 373.27761398 524.721129965
57.5541654803 453.758049389 688.849387403
46.2216763432 525.1882135 936.740271976
95.9204204064 348.538316141 544.304747627
-754.194465915 340.775078909 740.142147114
-410.508867579 379.643203604 915.712558926
392.471020523 559.022823955 792.889681448
