-8890.04818586 -8848.43155363 -8828.83323253
-8855.34574551 -8840.71142959 -8818.62325549
-8880.58651724 -8853.51088298 -8807.0926954
-8870.59352501 -8841.24708738 -8827.32640917
-8863.62234108 -8832.33355914 -8820.32573512
-8863.12292139 -8846.2290934 -8818.54096243
-8853.39488947 -8826.75018581 -8794.0247368
-8834.96738449 -8819.59836734 -8802.07374603
-8851.24842698 -8833.58256753 -8811.62871775
-8852.23563998 -8818.81634102 -8793.56795724
-8833.84361881 -8815.54042175 -8792.64502846
-8842.6992471 -8814.22606854 -8795.56553089
-8838.88425089 -8806.68281655 -8782.91709537
-8824.86371296 -8813.21659676 -8796.96599851
-8816.98113487 -8800.56795986 -8767.39591059
-8816.68401624 -8805.50509954 -8792.18153041
-8810.82988127 -8796.75038476 -8776.26096838
-8815.06355423 -8792.56215366 -8771.84097263
-8809.31706776 -8787.19405777 -8764.40014004
-8809.48236884 -8792.46929392 -8785.89103675
-8836.49122844 -8794.96537755 -8768.13977118
-8801.77905382 -8782.63181693 -8762.29480602
-8796.83327548 -8780.44954878 -8752.45881958
-8791.65946465 -8777.77636842 -8772.19519256
-8787.49372187 -8770.87632915 -8747.00834737
-8799.60905027 -8780.06582757 -8770.79620499
-8795.89095956 -8772.77138829 -8746.58213356
-8797.46925426 -8772.5225258 -8749.4801425
-8797.39625709 -8770.37794756 -8756.42509671
-8782.1004763 -8766.6976467 -8748.57864982
-8781.51488497 -8765.88343492 -8749.81291193
-8781.5583226 -8764.87125657 -8751.28530161
-8783.48545088 -8763.44765643 -8740.49588026
-8771.69430836 -8756.27299298 -8733.94980033
-8767.0369391 -8760.46554344 -8754.6904428
-8771.19765538 -8753.47021763 -8740.71692564
-8764.3799814 -8741.5125694 -8718.60556986
-8762.45827541 -8749.51925562 -8737.8397604
-8768.84896796 -8752.39490469 -8738.7381527
