-1291.59735304 -1242.39957527 -1211.48866778
-1272.41601652 -1231.73843358 -1195.95665379
-1259.6646244 -1226.87942902 -1193.24397354
-1257.77157376 -1225.75507084 -1190.10602621
-1261.29872151 -1216.31427488 -1161.28834205
-1250.24726944 -1218.39390328 -1178.50088463
-1245.25231325 -1229.52014152 -1202.30078686
-1248.63563461 -1219.39892447 -1185.20687865
-1268.91567628 -1232.26543133 -1193.11675732
-1277.40906519 -1224.80857623 -1199.85498384
-1302.02502027 -1232.86342017 -1175.68379834
-1282.35459693 -1232.5004274 -1212.27442788
-1264.3783752 -1228.10590622 -1204.44171571
-1239.16248645 -1214.51863135 -1185.09522206
-1250.17586746 -1227.26063127 -1192.82019783
-1239.19312019 -1217.76266636 -1195.84708269
-1243.42808841 -1227.95716904 -1176.35891022
-1259.80087844 -1221.48530157 -1188.16943272
-1250.01212474 -1219.1823192 -1176.12786575
-1277.58529968 -1239.01201425 -1192.11874261
-1265.84639151 -1231.06556588 -1201.29384526
-1248.11942456 -1214.16631513 -1180.3501917
-1250.51213392 -1226.40995944 -1203.32269067
-1307.45442868 -1231.32969843 -1199.09854027
-1293.75297094 -1240.57852469 -1191.41510158
-1251.11355808 -1218.62172183 -1177.82908652
-1245.28657763 -1224.82899293 -1184.14404162
-1263.3304329 -1228.53712827 -1197.47460999
-1238.60551554 -1205.55877234 -1177.78697635
-1306.37714537 -1232.70860244 -1188.90905701
-1231.56287852 -1209.74976748 -1191.98725703
-1240.48184127 -1224.73136054 -1209.41033904
-1262.20768574 -1221.17478272 -1188.1115232
-1255.92700309 -1198.07807612 -1163.64734143
-1264.13845417 -1216.86562315 -1176.0823727
-1248.6755316 -1208.47510819 -1179.27590719
-1251.33657279 -1217.88854246 -1181.21063803
-1231.50203558 -1212.62857648 -1185.66163239
-1246.46513415 -1217.77549459 -1163.18247368
-1237.80688014 -1211.54111745 -1178.21557539
-1304.88747602 -1231.84826489 -1156.31712476
-1242.16923753 -1214.47139452 -1168.05621776
-1236.2942178 -1207.75949984 -1154.02861516
-1303.23111711 -1218.43991427 -1174.83663917
-1245.8081606 -1211.26618591 -1184.6769775
-1283.21180169 -1234.55787176 -1201.57865918
-1249.88639042 -1208.8800467 -1170.42218707
-1245.38632735 -1211.42244908 -1166.89546068
-1278.60917646 -1231.86620725 -1198.96461068
-1247.47831692 -1206.16884948 -1168.39421876
-1250.93537661 -1223.27206558 -1169.17046214
-1260.94070658 -1209.47397711 -1159.9310552
-1244.25174474 -1219.15520521 -1176.92674447
-1212.54170807 -1198.7736371 -1161.08149937
-1248.20221626 -1208.20302119 -1160.50299479
-1234.37116096 -1204.64303897 -1182.25910726
-1275.70286113 -1219.28317775 -1191.67104183
-1237.80493217 -1193.71581627 -1171.10226555
-1241.28372165 -1214.3282153 -1168.63012443
-1261.91914967 -1220.47575353 -1181.10374463
-1246.56680028 -1213.45466034 -1185.44199776
-1239.20295271 -1204.05951492 -1184.58317229
-1252.49914096 -1212.78839105 -1169.89317297
-1259.64576703 -1216.0392266 -1196.15899752
-1261.28159862 -1209.55303615 -1183.61086056
-1252.06106497 -1223.40763705 -1178.73229858
-1263.39754597 -1221.85618619 -1185.29160559
-1259.71009838 -1209.73675184 -1161.58131029
-1252.32814835 -1218.97864471 -1184.55509895
-1282.54625679 -1217.78649827 -1175.87829111
-1237.59251899 -1210.98562173 -1160.83736342
-1265.12467634 -1230.23689989 -1186.02124342
-1270.8352184 -1211.19270973 -1161.82081076
-1254.28118534 -1209.31651216 -1167.72871417
-1238.18400658 -1209.10688601 -1187.40660899
-1242.12415352 -1215.62896933 -1185.5619521
-1243.00227067 -1210.48863181 -1190.54576356
-1256.86341015 -1221.14203604 -1177.90735288
-1264.01405958 -1217.43608532 -1164.1937268
-1237.34386983 -1198.54285279 -1161.18227786
-1245.64467081 -1214.12454765 -1181.65339496
-1306.33210043 -1235.56765655 -1187.9948955
-1262.74936373 -1215.50190034 -1168.29107217
-1242.33034986 -1214.34087383 -1152.37745273
-1258.57000432 -1219.84185424 -1187.47867313
-1237.86963743 -1213.98020055 -1182.95843292
-1272.89788758 -1220.13808104 -1169.82690126
-1277.88394558 -1229.95464846 -1197.47448138
-1274.10109412 -1226.01644815 -1200.26119912
-1267.88328349 -1223.16479726 -1201.47285054
-1247.55446277 -1211.17115245 -1170.06932838
-1251.85247247 -1210.14135226 -1169.41535638
-1253.70901383 -1217.38298998 -1184.44112748
-1264.57475721 -1222.57344867 -1195.03344862
-1278.78045695 -1213.38062266 -1173.6520148
-1256.34066843 -1233.62141137 -1211.12800403
-1267.88949109 -1217.37007373 -1182.50671093
-1278.96833454 -1231.82486165 -1204.4455135
-1261.49779086 -1212.42902117 -1165.39339478
-1237.31831568 -1213.20829832 -1191.14167409
-1272.78048552 -1218.60707344 -1172.27572586
-1319.39970848 -1234.61311676 -1188.11337444
-1250.83214429 -1210.0593345 -1172.14400369
-1261.56179527 -1222.79583005 -1178.65475544
-1224.46498488 -1200.17532478 -1174.25193444
-1275.95566105 -1209.440092 -1165.51605495
-1256.1006961 -1228.49399749 -1181.90856095
-1257.88067505 -1217.6733416 -1185.40076586
-1273.96048596 -1225.98802426 -1182.00694411
-1263.43514213 -1221.38651605 -1174.48180171
-1270.6946405 -1228.31485768 -1191.40811205
-1236.80626108 -1208.51598254 -1175.70451288
-1252.13048906 -1208.08786367 -1171.04872303
-1239.19666812 -1219.44782688 -1179.75355671
-1274.90657664 -1223.27040895 -1185.3573956
-1282.80142307 -1222.78215903 -1186.02108853
-1235.10149125 -1210.91700577 -1184.65738781
-1241.55912211 -1208.91449087 -1173.13409177
-1255.04174413 -1217.44727778 -1184.56141325
-1264.03862205 -1202.84164677 -1162.41553956
-1248.67926523 -1208.8550374 -1173.47902389
-1251.58869679 -1204.15079203 -1147.13871612
-1248.92647446 -1206.07196687 -1181.51566119
-1259.15654606 -1209.82986808 -1183.1854266
-1247.43758947 -1221.61092727 -1194.43169108
-1258.84458213 -1227.69764779 -1188.5771979
-1236.69513849 -1212.29903986 -1192.08518068
-1248.97296574 -1219.38958977 -1199.78557967
-1250.96101309 -1222.08580622 -1172.78376288
-1255.34063088 -1204.41347845 -1165.26117218
-1269.00869928 -1220.30358581 -1186.50189257
-1222.25220767 -1198.121529 -1172.72920072
-1252.80555595 -1210.03457819 -1177.65408642
-1241.17722142 -1223.19848114 -1199.0147083
-1232.51049982 -1200.87816811 -1159.91707433
-1251.95786316 -1222.85387959 -1195.40927203
-1253.8871275 -1228.19311601 -1194.09299813
-1237.17492118 -1205.88657464 -1167.69328969
-1244.78871168 -1200.92199036 -1173.65989609
-1265.57110712 -1219.35137974 -1161.31539928
-1228.64382144 -1196.48472261 -1148.85255653
-1251.91297617 -1215.41820427 -1181.11877392
-1248.57518043 -1218.04110831 -1196.49198829
-1209.35570848 -1193.24635348 -1171.01249927
-1252.68354384 -1218.56703618 -1172.43956206
-1253.82341087 -1215.23716374 -1175.66652158
-1249.03180839 -1198.52842658 -1163.86867921
-1258.97076251 -1208.52449206 -1171.15462163
-1254.45734852 -1207.90110283 -1183.01555782
-1236.29363761 -1201.42109448 -1168.00089914
-1235.15605407 -1193.35354981 -1172.41335209
-1252.00002008 -1218.73945901 -1193.36615647
-1241.92270247 -1208.49479708 -1146.94008945
-1271.70184317 -1198.99366955 -1159.04008318
-1241.69902889 -1212.28561574 -1176.36874448
-1285.29592372 -1222.70116388 -1176.86655302
-1237.37053593 -1205.64450616 -1163.95185799
-1237.75410703 -1207.8154981 -1176.65594753
-1252.9408965 -1208.68836372 -1175.46484912
-1245.10979253 -1219.68384568 -1180.30313064
-1219.66789282 -1194.54975253 -1145.76414622
-1239.81196283 -1208.81920223 -1182.67702999
-1238.85994383 -1202.14643457 -1167.15727099
-1253.40771833 -1214.38600163 -1181.22564215
-1247.1070652 -1200.05348955 -1144.98297245
-1266.41151435 -1222.4283614 -1178.11803779
-1247.49919254 -1203.04653455 -1167.92113581
-1247.68944427 -1204.66443144 -1166.42578404
-1271.05778771 -1227.05076734 -1185.00299085
-1263.1643415 -1230.75071342 -1214.57639441
-1245.51174547 -1206.18718507 -1167.47535154
-1242.09150184 -1210.50475157 -1161.1832925
-1253.91216925 -1221.06090943 -1195.89828691
-1224.89900163 -1201.05123329 -1186.32178191
-1268.59564912 -1227.60540097 -1184.1443621
-1223.39726443 -1202.51604023 -1172.51154158
-1275.07399186 -1218.86109598 -1182.9801857
-1243.35759686 -1197.25768614 -1162.54880144
