-8348.54781992 -8290.98084675 -8246.32394193
-8379.83404946 -8317.98063305 -8244.88483863
-8370.11011535 -8275.30147049 -8213.55007292
-8318.86469338 -8241.50204074 -8096.36795716
-8329.95529702 -8206.30025901 -8076.08503764
-8309.02399642 -8207.04634078 -8081.66862867
-8198.42306767 -8147.39013059 -8085.81061271
-8192.87973206 -8119.3691854 -8056.45208523
-8485.0963799 -8166.67371406 -8065.03045033
-8365.65922443 -8151.34898877 -8069.71442705
-8573.19244639 -8232.23673759 -8076.87998546
-8393.623689 -8148.40825737 -8071.47136415
-8202.69120532 -8121.86927575 -8069.95131696
-8384.37481349 -8154.68246465 -8070.82381561
-8501.14144115 -8144.5833438 -8066.17028447
-8211.8548125 -8091.36743285 -8047.65737992
-8886.22275578 -8228.14918534 -8058.8248136
-8550.7105885 -8184.19801464 -8057.91370096
-8212.48481097 -8105.38261542 -8061.69016066
-8491.84134999 -8163.81843063 -8062.64502664
-8614.64596003 -8181.65888837 -8047.76792551
-8445.57552575 -8153.87107164 -8065.29149567
-8660.31581259 -8194.48017687 -8060.06022616
-8521.10850624 -8203.51295711 -8060.35514324
-8215.08216578 -8113.90311339 -8058.86212089
-8687.02864057 -8187.90896763 -8063.47432818
-8699.48093648 -8149.07392756 -8059.05819636
