-7493.43964783 -2157.17829505 -325.945287063
-7065.2066379 -1846.06526788 -313.194747105
-1759.21086472 -1593.79099326 -1048.04833245
-1731.94768755 -855.729197205 -370.129189871
-1759.63096035 -972.262699246 -253.395533704
-10078.7329217 -1578.89557536 -2.10917185581
-2553.34050255 -994.619317661 4.71238566411
-5671.46679715 -1411.01470014 -91.3983128561
-6005.25339749 -1434.85456436 -194.206757148
-4102.24517586 -1178.50502947 -45.4500222617
-7081.81722942 -1276.51325705 91.1986712732
-8625.95554093 -2576.55817264 -33.4702778581
-8706.05013144 -1493.38225102 -23.3266951493
-641.607760651 -328.472549473 -22.0343239095
-2280.6904242 -491.227538153 -66.4191008042
-8741.28524529 -1647.55746699 -43.3623487429
-3179.70852011 -719.608849405 -21.4767717272
-8731.63810209 -1679.25607932 70.5429731614
-5825.4382363 -1077.59524377 -35.2538719906
-8626.80952673 -2247.86085151 -100.678600799
-7740.51360039 -2384.77150065 11.4079631291
-2572.81328027 -575.057191701 -31.3898853258
-9902.42855768 -2866.11481968 -1.67830548415
-3152.74030807 -514.912610958 -48.9896178648
-8722.9093589 -1614.62176572 -25.4654828446
-7103.40882516 -1446.83571241 -44.5499023252
-8756.8554912 -1647.97323547 -52.9818040335
-8990.21679361 -1935.99886134 12.4542151041
-8771.69083093 -1077.53407031 -41.7249151432
-7436.5680059 -1529.94086956 -11.6888989565
-8795.19589554 -2100.22140548 -86.0950905226
-9905.62684564 -1947.92312042 21.429985596
-3257.40007888 -537.750417506 33.3480701764
-8660.49471691 -2024.24489743 77.2789881073
-8649.54186677 -1052.60256469 31.0082457703
-478.616895496 -238.945767323 -46.9793611637
-8542.90157813 -1383.17108268 -26.5711267806
-1587.49627445 -447.249416709 -7.49983922397
-6722.31025826 -1011.11958349 13.5944543077
-334.288115803 -115.164343199 36.6836989475
-331.496259199 -133.659057051 84.2694132794
-551.484454056 -221.089908395 17.8125830759
-8860.49400922 -1504.6727764 11.8651702775
-272.663460748 -133.283381049 46.0416924666
-8705.99279048 -2044.62801623 44.6727170078
-6241.78848661 -1391.90978202 9.21378092424
-601.003620128 -146.081699123 105.28908636
-8662.43010623 -1319.2282753 -77.6177356892
-682.317432885 -218.483897441 3.98201387922
-475.260525985 -152.190466059 16.1055638295
-3133.95371034 -503.129202451 86.0356815903
-361.190086982 -101.527510242 21.2373625646
-1268.79970481 -176.79922236 142.980325391
-1687.48079819 -344.591792098 73.5625129578
-2010.21770567 -432.313331038 131.87400806
-1520.86872151 -210.741423329 29.2605246417
-1686.05207271 -344.483867783 -59.0413355538
-6812.07724124 -1294.96278547 60.4562364311
-2346.0595408 -281.916480367 53.1185279041
-1849.87084969 -468.567722396 164.190501535
-331.237213117 -93.7768425944 -18.4105944196
-3787.55269813 -436.785686181 9.18284243679
-7802.02936502 -1038.64556253 119.448481071
-8951.60097775 -1520.08224639 106.8385704
-1392.40571655 -294.674467175 -46.4029362805
-512.83286944 -166.773583284 1.98284429772
-6486.60829352 -963.943895384 -34.8274256062
-7921.85260673 -1823.65820708 78.6874962748
-4827.17424772 -945.601744876 75.7559112438
-7757.18479701 -1882.12803907 -73.6234653706
-8576.76508671 -979.203647697 94.2649542357
-6899.94939353 -863.50856529 53.8637471921
-3404.66892261 -539.642543116 31.0663267686
-1957.722023 -287.264810647 85.5712144061
-259.968026827 -117.584903069 28.1301578341
-1028.80588708 -147.115641297 79.5038299084
-395.029926827 -116.032182033 23.5789861621
-5032.39300292 -672.110663256 -0.154342552272
-1090.27177103 -265.567198638 79.1519953944
-1727.32220059 -321.139756995 127.382125469
-7519.54186585 -850.015695845 14.844676637
-8982.5389182 -1298.06758096 38.8494267693
-3790.7718373 -579.327478948 57.9247895754
-2274.09091653 -364.088832549 72.4037337005
-1743.34641927 -473.1215139 126.128010005
-866.192286547 -259.127241703 0.197326011258
-4932.18136028 -826.527721248 90.5042851083
-7143.25140977 -1151.74473421 8.39743404657
-8707.83608448 -1112.611868 67.2025118544
-1426.67389143 -179.783348247 73.5681888315
-1200.55589971 -197.360489349 172.28123414
-7911.01427924 -1011.91918407 7.92048574713
-5057.96784417 -777.987608368 -23.7879923644
-1015.43544373 -192.621715081 187.439998011
-8011.87447134 -943.030267792 204.747744413
-841.992584867 -261.20797251 7.03706317994
-6994.79314831 -1209.87464512 121.777129158
-7105.25805111 -803.12401259 65.7527824797
-196.533359549 -108.421184813 36.2481129625
-8856.33480637 -1363.62802225 -163.025043693
-9169.05519991 -1830.12058184 129.879938753
-8859.47111377 -1387.43739306 -32.5149767849
-1469.13365021 -303.736863278 -65.2371579689
-505.485761614 -187.315320016 76.5079816276
-8891.26620134 -973.522766198 85.9751865542
-8984.61897654 -966.052256584 93.6811183179
-7558.68815064 -1236.99130106 -42.4242208428
-6529.00453741 -1333.19028899 -90.7433744012
-8725.70509798 -1851.12157339 38.2464707021
-554.977090547 -134.173535207 100.983073186
-3216.74523819 -596.303469991 6.30804359874
-9154.84388848 -1153.48474191 9.62637459869
-8925.20865718 -1015.50901757 129.198140913
-9239.34821971 -1990.37011935 61.669386444
-1024.01904014 -226.641799546 61.445349316
-211.690591338 -52.3200771366 122.663070377
-939.49788959 -377.084635595 -75.7853789024
-6752.40778807 -954.507087672 127.177499273
-1713.65404643 -276.894802818 81.9945247381
-6250.37504935 -794.398854107 10.7751898651
-1172.49057585 -253.064113465 13.6405752379
-760.026089773 -263.676151613 10.5265718573
-481.352433501 -139.049315099 42.807102145
-1828.93460231 -544.101123495 67.9181386028
-8279.69452999 -986.394887498 21.6384990983
-1191.85638552 -177.996126156 105.527391218
-807.816112935 -182.082252709 155.817957081
-6317.16987955 -836.375629355 103.689316052
-589.759422044 -127.509262922 86.2903144561
-1309.46409631 -311.997532654 -76.7646981959
-8175.8615654 -957.277516962 33.5178683437
-7584.38824093 -1297.35143701 84.6452916659
-518.130370999 -164.903099121 21.3792184796
-8394.35544496 -1147.16510563 -22.6438360274
-4717.70578801 -548.506942944 9.26847692528
-8792.11432231 -1799.71705844 86.353881719
-280.085140565 -68.5532843155 168.766628521
-5349.73840885 -828.612394081 128.487457738
-212.60498227 -46.1478740201 55.1923239069
-8833.26924716 -1341.21484055 128.493414705
-636.827675542 -143.618898538 32.8785532992
-273.945740312 -57.5081141821 93.4359622849
-898.494312109 -190.165670272 -3.18731023433
-352.46633924 -134.413886097 5.57023145867
-111.496028082 -26.4880691772 133.07242954
-155.444115823 -64.6257659412 44.7100775984
-240.195677597 -44.2351614709 47.3639755037
-217.429905262 -16.913216277 165.167568738
-195.73254485 -72.1192693146 38.2721432525
-116.097117557 -51.2588104397 -3.62318312984
-135.876792301 -13.5808112785 105.807490864
-81.7991340147 -34.8253936954 9.29613597445
-159.112449675 -52.5216047131 35.2853924337
-109.271904451 11.2870995582 278.525193883
-113.693494608 -13.0040697316 118.539926022
-83.831303737 -53.3053449666 -6.50631242612
-86.4484574579 -45.1845987172 124.827592221
-92.7287591018 -52.3437773471 19.3800720574
-77.0604218523 -7.90089439867 73.4781426379
-91.4178306551 -16.3426959914 95.841500283
-105.343656218 -8.6841327349 92.2001001048
-132.922666473 -35.5822018784 132.6670823
-88.5916699327 11.2937768221 95.5145870881
-77.2132140217 -24.2566004997 46.2679811803
-149.99556974 22.956128138 172.981555194
-56.0825273499 3.97824523411 157.95035366
-106.355450769 -35.322536956 33.7749053593
-89.7553132434 -22.4358664734 61.9526290186
-94.7533181801 -30.7350283459 58.7352337855
-150.262339744 -47.7554607049 16.8349502335
-87.698832637 2.72809423957 120.663506662
-109.123166415 -14.0782716778 92.386117172
-123.78459703 3.04884075449 144.452634718
-201.70803299 -10.8428643787 196.017268809
-133.738617141 -59.4863944739 -17.5060634272
-115.369128294 -19.5089665473 164.767382126
-109.593522755 -5.87577579985 158.572228678
-131.237046267 -26.3920116976 48.368115728
-102.373018278 5.5246051243 161.560291492
-90.1795809324 27.0607731011 240.98142502
-64.8726128545 23.0203729677 206.035635479
-49.4499033398 0.674684980596 115.155625993
-162.345674951 -11.8208564162 134.577561356
-111.073032366 -29.4098098554 79.6346332545
-127.636295427 -27.4130254448 101.726442919
-136.685946708 -19.4798655087 86.8897587435
-96.0763619298 -10.6668825988 91.4457651409
-46.8929078374 10.8245768268 69.4658649497
-85.3729566295 -22.3429151762 60.0141791146
-108.81284436 -16.2504759932 84.3514980549
-93.1117000013 12.4814571035 177.227577952
-98.6997094746 -17.0625165792 107.421187164
-70.3534149236 -25.5974777789 58.9933622284
-87.5670945355 -18.3887979256 102.585319291
-120.665939113 -47.9334062441 0.881719285169
-170.529300212 -18.2337727155 154.339342995
-102.006243785 -19.955554578 74.4692283125
-57.5785933127 49.1736245885 201.837645012
-162.937770906 -25.821542483 180.445368192
-113.943007973 -5.73780210213 232.118751558
-183.320395432 -7.05842878359 136.002880895
-201.35463434 -41.2712740439 135.298384754
-80.2139175504 14.172342962 95.41392453
-59.0141725311 6.02641699534 140.119460671
-161.288967279 -36.5500926643 47.9865571865
-83.8398993903 9.57195904561 119.337648516
-93.1636750063 -21.7953284278 129.850909022
-136.337724958 12.5476128893 186.131709969
-128.717199204 16.7459485883 81.3489058188
-147.87475529 5.95279603483 134.5429051
-148.830038395 -33.4213455973 73.7270515133
-176.382224269 -6.38682724572 80.0780740416
-68.9325343163 1.99627749379 105.639619352
-116.485541505 -24.0727068732 42.2133662153
-242.048370273 -61.9696376103 5.24189792583
-96.4205364001 7.07574530348 129.340174228
-215.786940147 -18.9846326506 77.7000335287
-187.33499255 -18.7866208173 108.234199341
-153.535394673 6.99884170803 91.2643373216
-81.16556073 -3.35602813538 78.9114956193
-162.533874034 -26.3037081137 62.8611261753
-163.544866446 -17.281391638 98.2248015075
-120.888335396 1.80779411184 78.454479139
-31.747300305 21.9650993855 215.304473132
-40.8281151433 33.5972812687 179.562932157
-45.5097114078 25.1496764217 120.226962589
-60.7070344469 6.39119561941 72.847817949
-211.558660148 -21.05349617 77.3923932892
-290.233430903 -94.0624968818 7.45801470522
-40.2098112376 25.3335794735 115.21220349
-70.8432538884 5.58154148252 160.251440907
-152.508641255 -1.08107991841 113.96346116
-35.1568427648 36.7442826771 137.915477361
-130.477355403 -27.2551874013 104.383032321
-93.8747564501 3.96912152074 72.9788411475
-53.6069756605 9.79837896087 94.2059025704
-89.4191195355 6.09230932842 229.448318567
-123.929116752 -3.41904808738 79.5720467775
-77.1764508485 45.2347421451 153.65664083
-1.31286010749 58.1171458559 166.810832819
-73.1056186455 -0.241932143528 92.9932205973
-79.9841760507 17.3466315857 113.345519725
-96.9475680638 -16.0282594416 144.666065264
-75.8370468061 28.2419331301 163.922623167
-52.7036232598 65.423231411 215.061416786
-25.0544171654 70.6535244645 180.196800834
-340.857831739 28.7008230851 265.00195808
-130.784957757 28.3125481998 229.407563477
-153.6644269 25.4402729925 159.224178498
2.76474092324 72.7928893398 205.182908713
-58.2919092834 55.7128682599 276.423717576
-104.015764441 32.7687786473 224.974495622
-73.0846534748 18.7129013154 78.1123946835
-46.5036357414 37.8020545993 154.386005016
-72.3809734884 43.2336702077 219.613129753
-6.60575561849 103.892652564 219.767322904
-25.5085630407 57.6188173874 185.164304307
-406.686919479 6.71454167629 147.718229889
7.16802053083 64.7433144435 165.152668171
-82.8000392236 56.1968957552 166.023645909
-218.048434439 43.9483004518 193.251126743
-35.9021151436 69.8218499314 171.883706227
-31.1882909514 84.5235612743 328.68760182
-456.931568429 -27.9845554615 113.539398847
-8.82642459652 65.5338758447 177.67317747
-68.8249435333 32.7723336407 150.699385797
-8.99278630716 54.356098481 192.60791192
-63.4346470907 48.4264678576 239.53860957
1.87428269336 89.569031149 229.53215712
-47.3694088888 54.4606740263 157.036941971
-29.6014312382 86.093683064 349.33846555
-33.9816942394 91.0809070384 170.533451288
-58.2410992872 65.2282741611 142.943746792
-224.078694521 64.644875824 193.675300529
4.5070790092 65.1220800611 203.400678986
-60.2507949352 44.4699509001 153.464154857
-40.1982356775 58.719905809 124.573338715
-135.937368938 66.4439035422 158.177594549
-58.3241820994 43.8090697039 159.825491781
-6.56718533766 58.0916883548 174.580656092
-129.538131237 40.7835379877 140.74981341
-25.4000045753 63.7534919147 164.939666193
16.2015191895 84.9686812226 164.667225525
6.73442050471 100.755109762 287.610889105
-1.42078106336 99.2120234022 185.19545688
-297.177108883 43.8355490429 210.583208206
-30.2830309914 91.4300108164 182.333671533
-112.329686401 50.3754652314 123.094641253
