-9923.99101891 -9843.78257171 -9794.15467019
-9938.72310306 -9873.55048454 -9802.6322634
-9905.82625221 -9861.90028278 -9820.72075772
-9896.09213456 -9828.16412774 -9772.89787631
-9841.64851405 -9800.82964765 -9755.51412967
-9858.67655648 -9820.05361341 -9772.93110348
-9837.09685603 -9780.25717699 -9732.77356881
-9815.78629203 -9770.11754753 -9731.91293962
-9869.69483339 -9793.74523283 -9750.1063016
-9787.92044216 -9726.46270771 -9698.57136174
-9807.50712004 -9735.09738716 -9647.47200393
-9810.54603549 -9739.86059363 -9671.22915482
-9740.5616499 -9693.71771518 -9658.73732944
-9703.41936833 -9674.40352836 -9643.12380507
-9706.97430336 -9662.08622187 -9615.06264955
-9697.53498129 -9632.02169983 -9572.79772585
-9705.054933 -9656.06212256 -9589.15892335
-9735.29292694 -9644.17403996 -9557.34303811
-9625.70180885 -9600.048289 -9569.07895304
-9647.98905617 -9589.34422841 -9538.97433514
-9643.44457858 -9607.63575739 -9553.69773323
-9624.72412927 -9575.90701621 -9518.52864692
-9638.47054506 -9561.0041033 -9520.32214581
-9650.49081576 -9574.34264037 -9526.05679598
-9601.79325264 -9544.84891643 -9486.29582946
-9647.99732922 -9548.5364435 -9503.4524687
-9613.47053352 -9535.10923744 -9499.41217303
-9564.59548363 -9509.53642688 -9488.91149739
-9521.44861191 -9494.57208627 -9484.6319439
-9564.56918328 -9513.53841816 -9484.03666022
-9519.31963962 -9496.34042945 -9485.98555024
-9502.91523725 -9490.10875606 -9484.41128195
-9494.4191852 -9490.17480417 -9484.47718758
-9494.25251458 -9488.40895129 -9484.74067488
-9508.79776183 -9494.22759964 -9484.33753319
-9511.80982432 -9491.57801237 -9483.80311974
-9511.92717201 -9491.88458778 -9484.5885901
-9510.84002958 -9491.34041441 -9484.44950899
-9513.64618225 -9490.73840284 -9483.70195074
-9539.17063637 -9498.22536688 -9484.13416908
-9517.98898299 -9495.21712449 -9484.58439742
-9530.47281976 -9499.97779328 -9483.97752953
-9496.82499604 -9488.13049397 -9484.34948712
-9517.90915254 -9495.33063901 -9484.38801238
-9510.72360991 -9491.3953809 -9485.14137143
-9528.54643379 -9494.63301445 -9485.44572499
-9517.29554294 -9491.52526288 -9484.70954249
-9550.30444267 -9503.38245716 -9483.26172342
-9524.89634595 -9497.51758097 -9483.28224782
-9579.67550617 -9505.7458274 -9483.73038187
-9554.55233302 -9496.45965527 -9484.16390596
-9531.36695583 -9492.3413599 -9482.60083892
-9583.44974796 -9505.75508392 -9484.40614718
-9544.80294012 -9508.24040066 -9483.29744285
-9494.49255252 -9487.71513191 -9482.68951167
-9510.26652292 -9492.99145858 -9486.13630653
-9509.13808542 -9490.96386063 -9482.85396627
-9504.8145216 -9488.43590996 -9482.59794218
-9502.37509952 -9491.43681826 -9483.418194
-9581.02988584 -9498.36464072 -9483.57447536
-9549.50400709 -9511.37195244 -9483.13141282
-9512.33315482 -9493.95208009 -9483.16153827
-9508.71803797 -9489.21320324 -9483.51800738
-9543.41067484 -9497.6017904 -9483.75989694
-9525.51328761 -9491.32999483 -9483.75986065
-9534.0939493 -9501.01352429 -9483.25750773
-9521.09557599 -9492.41210369 -9483.03275013
-9506.65448682 -9488.76387126 -9482.41754456
-9505.83916004 -9489.82741666 -9482.96274826
-9524.82836163 -9502.81778588 -9482.93870365
-9519.27732945 -9491.65736618 -9482.46020052
-9507.64731316 -9488.47907667 -9482.64098696
-9504.2366247 -9491.18861871 -9483.66280639
-9564.61315968 -9511.00394038 -9483.59377995
-9522.58156082 -9496.62303575 -9482.9657993
-9504.69690643 -9491.00974094 -9482.72893173
-9528.36049754 -9493.467138 -9482.79164275
-9509.37743489 -9490.06243228 -9483.20555642
-9524.48492239 -9494.24342508 -9481.88115582
-9510.5148782 -9492.79390925 -9482.81299878
-9514.10520673 -9494.75852676 -9482.36088381
-9530.94082352 -9495.85755585 -9482.89200512
-9525.76935291 -9495.3014598 -9482.94303159
-9500.5117629 -9486.899414 -9482.0582452
-9498.94985382 -9487.06671228 -9482.51433535
-9523.1250884 -9493.84504241 -9481.84460161
-9510.0778425 -9490.36303466 -9482.76918165
-9504.06641245 -9487.74556548 -9482.55453756
-9505.10059035 -9491.31662516 -9481.87712546
-9553.00803327 -9497.14909929 -9481.70446546
-9507.73585073 -9488.93399462 -9482.23080374
-9504.01507503 -9489.76076195 -9481.97967367
-9513.79687495 -9493.41831109 -9481.85456248
-9502.62141025 -9491.52175008 -9482.09178935
-9542.83605148 -9492.52209349 -9481.77688007
-9530.70247259 -9495.44285296 -9482.35843533
-9521.06630013 -9491.25845716 -9481.2579929
-9517.42478877 -9489.45123471 -9482.44967828
-9544.83504168 -9494.82639656 -9482.09526569
-9506.27273162 -9489.95577231 -9481.3087761
-9544.71076137 -9495.24428306 -9481.7991086
-9519.62653786 -9491.31808191 -9481.75884442
-9520.45937328 -9493.90954006 -9482.40260509
-9512.8298899 -9489.49616184 -9481.24459235
-9512.0906524 -9487.66965776 -9481.42281612
-9510.42553385 -9490.80889186 -9481.7735329
-9520.29569417 -9491.95026366 -9481.11217176
-9508.60416407 -9492.15106726 -9480.94031546
-9510.8587101 -9488.72539811 -9480.84573138
-9492.97846205 -9485.69861235 -9481.53683444
-9498.47587303 -9486.54486064 -9480.54740499
-9497.72407254 -9484.94444815 -9480.37408525
-9507.25289332 -9488.00309632 -9480.44158137
-9498.04120454 -9486.44747219 -9481.1407402
-9492.68871198 -9483.3771145 -9480.77609152
-9519.23222816 -9486.15092062 -9480.82495445
-9504.04465795 -9485.56828014 -9480.34723618
-9515.5055729 -9488.62754811 -9480.30822453
-9508.44399898 -9490.01637762 -9480.76646308
-9535.78884882 -9490.7342431 -9481.3343275
-9499.31787779 -9486.98330461 -9480.58322157
-9514.86685112 -9490.01334869 -9479.97467436
-9497.24960655 -9485.45082211 -9480.29529061
-9530.55786267 -9487.91242183 -9477.55592837
-9496.91690376 -9483.38479858 -9451.48952422
-9491.4057762 -9482.74877686 -9465.30248812
-9482.36177925 -9459.03980222 -9406.08402813
-9490.06518694 -9477.91148641 -9437.55688682
-9491.23704156 -9476.2358525 -9415.18720936
-9476.3080302 -9414.51521472 -9346.74773151
-9485.33588589 -9439.78402602 -9372.15182701
-9480.20522261 -9424.01991153 -9361.05818928
-9452.18649796 -9387.3532241 -9324.97226922
-9458.56083859 -9405.3692515 -9375.12646701
-9486.0626416 -9391.24171947 -9323.90772025
-9473.85283265 -9368.26094646 -9239.28785393
-9494.92390318 -9416.35080871 -9287.21908574
-9430.71044284 -9361.43099572 -9259.68562045
-9520.61848202 -9372.03531106 -9278.82383432
-9445.29840667 -9342.84287165 -9176.42401154
-9518.44987032 -9387.8292555 -9273.69808417
-9431.46875862 -9340.9038808 -9242.80494727
-9479.22801738 -9302.58851048 -8982.4375
-9477.53139835 -9331.74716785 -9153.18260637
-9441.43130971 -9101.38340079 -8982.4375
-9444.99099742 -9274.31309126 -8982.4375
-9874.35606411 -9207.48149916 -8982.4375
-9862.7296997 -9250.20837626 -8982.4375
-9870.94824373 -9271.63469083 -8982.4375
-9861.18459087 -9286.74160182 -8982.4375
-9851.79590088 -9258.05551312 -8982.4375
-9866.14914427 -9211.12340062 -8982.4375
-9853.72837872 -9161.73635282 -8982.4375
-9441.28792593 -9028.32254259 -8982.4375
-9444.17357703 -9083.40082325 -8982.4375
-9859.42562229 -9203.80119286 -8982.4375
-8982.4375 -8982.4375 -8982.4375
-9443.69748658 -9028.56349866 -8982.4375
-9443.66250498 -9028.5600005 -8982.4375
-9444.91335274 -9159.78645869 -8982.4375
-9443.93443995 -9028.587194 -8982.4375
-9858.26363009 -9155.9788152 -8982.4375
-8982.4375 -8982.4375 -8982.4375
-9862.86693816 -9070.48044382 -8982.4375
-9854.91013918 -9069.68476392 -8982.4375
-9871.21999123 -9160.02091551 -8982.4375
-9862.0896829 -9070.40271829 -8982.4375
-9873.72967268 -9189.70261676 -8982.4375
-9868.31650774 -9071.02540077 -8982.4375
-9862.86634333 -9110.00144687 -8982.4375
-9867.70734828 -9070.96448483 -8982.4375
-9890.68485606 -9161.8135308 -8982.4375
-9853.77618308 -9069.57136831 -8982.4375
-9856.11248147 -9156.44417652 -8982.4375
-9891.35880992 -9247.91743767 -8982.4375
-9865.83394023 -9070.77714402 -8982.4375
-9877.73864748 -9248.65428146 -8982.4375
-9853.43924765 -9069.53767476 -8982.4375
-8982.4375 -8982.4375 -8982.4375
-9860.4383447 -9157.80086248 -8982.4375
-8982.4375 -8982.4375 -8982.4375
-9872.38547587 -9158.2744739 -8982.4375
-8982.4375 -8982.4375 -8982.4375
-9852.18227618 -9069.41197762 -8982.4375
-9873.00404402 -9117.71189584 -8982.4375
-8982.4375 -8982.4375 -8982.4375
-9864.16353759 -9158.03152681 -8982.4375
-8982.4375 -8982.4375 -8982.4375
-9871.856172 -9158.62381714 -8982.4375
-8982.4375 -8982.4375 -8982.4375
-9861.27304038 -9157.1858686 -8982.4375
-8982.4375 -8982.4375 -8982.4375
-9445.25387922 -9074.94161092 -8982.4375
-8982.4375 -8982.4375 -8982.4375
-8982.4375 -8982.4375 -8982.4375
-8982.4375 -8982.4375 -8982.4375
-8982.4375 -8982.4375 -8982.4375
-9443.563951 -9028.5501451 -8982.4375
-8982.4375 -8982.4375 -8982.4375
-9438.38423911 -9028.03217391 -8982.4375
-9442.68253995 -9028.462004 -8982.4375
-9858.86486353 -9156.56519598 -8982.4375
-9856.89895676 -9069.88364568 -8982.4375
-8982.4375 -8982.4375 -8982.4375
-8982.4375 -8982.4375 -8982.4375
-9854.43052752 -9069.63680275 -8982.4375
-8982.4375 -8982.4375 -8982.4375
-8982.4375 -8982.4375 -8982.4375
-8982.4375 -8982.4375 -8982.4375
-9860.79994344 -9157.25970996 -8982.4375
-8982.4375 -8982.4375 -8982.4375
-8982.4375 -8982.4375 -8982.4375
-8982.4375 -8982.4375 -8982.4375
-8982.4375 -8982.4375 -8982.4375
-8982.4375 -8982.4375 -8982.4375
-8982.4375 -8982.4375 -8982.4375
-9856.6240313 -9069.85615313 -8982.4375
-9852.4845526 -9069.44220526 -8982.4375
-8982.4375 -8982.4375 -8982.4375
-8982.4375 -8982.4375 -8982.4375
-8982.4375 -8982.4375 -8982.4375
-8982.4375 -8982.4375 -8982.4375
-8982.4375 -8982.4375 -8982.4375
-8982.4375 -8982.4375 -8982.4375
-8982.4375 -8982.4375 -8982.4375
-9857.67194125 -9069.96094412 -8982.4375
-9858.17083933 -9070.01083393 -8982.4375
-9853.90740233 -9069.58449023 -8982.4375
-8982.4375 -8982.4375 -8982.4375
-8982.4375 -8982.4375 -8982.4375
-8982.4375 -8982.4375 -8982.4375
-8982.4375 -8982.4375 -8982.4375
-8982.4375 -8982.4375 -8982.4375
-9854.93571511 -9069.68732151 -8982.4375
-8982.4375 -8982.4375 -8982.4375
-8982.4375 -8982.4375 -8982.4375
-8982.4375 -8982.4375 -8982.4375
-8982.4375 -8982.4375 -8982.4375
-8982.4375 -8982.4375 -8982.4375
-8982.4375 -8982.4375 -8982.4375
-8982.4375 -8982.4375 -8982.4375
-8982.4375 -8982.4375 -8982.4375
-8982.4375 -8982.4375 -8982.4375
-8982.4375 -8982.4375 -8982.4375
-8982.4375 -8982.4375 -8982.4375
-8982.4375 -8982.4375 -8982.4375
-8982.4375 -8982.4375 -8982.4375
-8982.4375 -8982.4375 -8982.4375
-8982.4375 -8982.4375 -8982.4375
-9876.05940617 -9071.79969062 -8982.4375
-8982.4375 -8982.4375 -8982.4375
-9858.23796737 -9070.01754674 -8982.4375
-9855.75588576 -9069.76933858 -8982.4375
-8982.4375 -8982.4375 -8982.4375
-9852.00349501 -9156.09477056 -8982.4375
-8982.4375 -8982.4375 -8982.4375
-9864.37418138 -9070.63116814 -8982.4375
-8982.4375 -8982.4375 -8982.4375
-9858.72879612 -9070.06662961 -8982.4375
-9873.88023292 -9159.03402217 -8982.4375
-8982.4375 -8982.4375 -8982.4375
-8982.4375 -8982.4375 -8982.4375
-8982.4375 -8982.4375 -8982.4375
-8982.4375 -8982.4375 -8982.4375
-8982.4375 -8982.4375 -8982.4375
-9851.12680497 -9069.3064305 -8982.4375
-8982.4375 -8982.4375 -8982.4375
-9851.82851131 -9069.37660113 -8982.4375
-9214.3118174 -9005.62493174 -8982.4375
-8982.4375 -8982.4375 -8982.4375
-8982.4375 -8982.4375 -8982.4375
-8982.4375 -8982.4375 -8982.4375
-9846.48805301 -9068.8425553 -8982.4375
-9851.66374135 -9069.36012413 -8982.4375
-8982.4375 -8982.4375 -8982.4375
-8982.4375 -8982.4375 -8982.4375
-8982.4375 -8982.4375 -8982.4375
-8982.4375 -8982.4375 -8982.4375
-8982.4375 -8982.4375 -8982.4375
-8982.4375 -8982.4375 -8982.4375
-8982.4375 -8982.4375 -8982.4375
-8982.4375 -8982.4375 -8982.4375
-8982.4375 -8982.4375 -8982.4375
-8982.4375 -8982.4375 -8982.4375
-8982.4375 -8982.4375 -8982.4375
-8982.4375 -8982.4375 -8982.4375
-8982.4375 -8982.4375 -8982.4375
-8982.4375 -8982.4375 -8982.4375
-9854.77548195 -9069.6712982 -8982.4375
-8982.4375 -8982.4375 -8982.4375
-8982.4375 -8982.4375 -8982.4375
-8982.4375 -8982.4375 -8982.4375
-8982.4375 -8982.4375 -8982.4375
-8982.4375 -8982.4375 -8982.4375
-8982.4375 -8982.4375 -8982.4375
-8982.4375 -8982.4375 -8982.4375
-8982.4375 -8982.4375 -8982.4375
-9849.27545285 -9155.78081213 -8982.4375
-9848.90281799 -9069.0840318 -8982.4375
-9846.99064303 -9068.8928143 -8982.4375
-9851.54074579 -9069.34782458 -8982.4375
-8982.4375 -8982.4375 -8982.4375
-8982.4375 -8982.4375 -8982.4375
-9850.83357175 -9069.27710717 -8982.4375
-9851.79189621 -9069.37293962 -8982.4375
-9444.30295235 -9028.62404524 -8982.4375
-9881.32674966 -9072.32642497 -8982.4375
-9852.12096468 -9115.66101534 -8982.4375
-9849.23606636 -9069.11735664 -8982.4375
-8982.4375 -8982.4375 -8982.4375
-9870.44476765 -9071.23822676 -8982.4375
-8982.4375 -8982.4375 -8982.4375
-8982.4375 -8982.4375 -8982.4375
-9875.17994041 -9071.71174404 -8982.4375
-8982.4375 -8982.4375 -8982.4375
-9847.66474573 -9068.96022457 -8982.4375
-8982.4375 -8982.4375 -8982.4375
-8982.4375 -8982.4375 -8982.4375
-8982.4375 -8982.4375 -8982.4375
-8982.4375 -8982.4375 -8982.4375
-8982.4375 -8982.4375 -8982.4375
-8982.4375 -8982.4375 -8982.4375
-8982.4375 -8982.4375 -8982.4375
-8982.4375 -8982.4375 -8982.4375
-8982.4375 -8982.4375 -8982.4375
-8982.4375 -8982.4375 -8982.4375
-8982.4375 -8982.4375 -8982.4375
-8982.4375 -8982.4375 -8982.4375
-8982.4375 -8982.4375 -8982.4375
-8982.4375 -8982.4375 -8982.4375
-8982.4375 -8982.4375 -8982.4375
-8982.4375 -8982.4375 -8982.4375
-8982.4375 -8982.4375 -8982.4375
-8982.4375 -8982.4375 -8982.4375
-8982.4375 -8982.4375 -8982.4375
-8982.4375 -8982.4375 -8982.4375
-8982.4375 -8982.4375 -8982.4375
-8982.4375 -8982.4375 -8982.4375
-8982.4375 -8982.4375 -8982.4375
-8982.4375 -8982.4375 -8982.4375
-8982.4375 -8982.4375 -8982.4375
-8982.4375 -8982.4375 -8982.4375
-8982.4375 -8982.4375 -8982.4375
-8982.4375 -8982.4375 -8982.4375
-8982.4375 -8982.4375 -8982.4375
-8982.4375 -8982.4375 -8982.4375
-8982.4375 -8982.4375 -8982.4375
-8982.4375 -8982.4375 -8982.4375
-8982.4375 -8982.4375 -8982.4375
-8982.4375 -8982.4375 -8982.4375
-8982.4375 -8982.4375 -8982.4375
-8982.4375 -8982.4375 -8982.4375
-8982.4375 -8982.4375 -8982.4375
-8982.4375 -8982.4375 -8982.4375
-8982.4375 -8982.4375 -8982.4375
-8982.4375 -8982.4375 -8982.4375
-8982.4375 -8982.4375 -8982.4375
-8982.4375 -8982.4375 -8982.4375
-8982.4375 -8982.4375 -8982.4375
-8982.4375 -8982.4375 -8982.4375
-8982.4375 -8982.4375 -8982.4375
-8982.4375 -8982.4375 -8982.4375
-8982.4375 -8982.4375 -8982.4375
-8982.4375 -8982.4375 -8982.4375
-8982.4375 -8982.4375 -8982.4375
-8982.4375 -8982.4375 -8982.4375
-8982.4375 -8982.4375 -8982.4375
-8982.4375 -8982.4375 -8982.4375
-8982.4375 -8982.4375 -8982.4375
-8982.4375 -8982.4375 -8982.4375
-8982.4375 -8982.4375 -8982.4375
-8982.4375 -8982.4375 -8982.4375
-8982.4375 -8982.4375 -8982.4375
-8982.4375 -8982.4375 -8982.4375
-8982.4375 -8982.4375 -8982.4375
-8982.4375 -8982.4375 -8982.4375
-8982.4375 -8982.4375 -8982.4375
-8982.4375 -8982.4375 -8982.4375
-8982.4375 -8982.4375 -8982.4375
-8982.4375 -8982.4375 -8982.4375
-8982.4375 -8982.4375 -8982.4375
-8982.4375 -8982.4375 -8982.4375
-8982.4375 -8982.4375 -8982.4375
-8982.4375 -8982.4375 -8982.4375
-8982.4375 -8982.4375 -8982.4375
-8982.4375 -8982.4375 -8982.4375
-8982.4375 -8982.4375 -8982.4375
-8982.4375 -8982.4375 -8982.4375
-8982.4375 -8982.4375 -8982.4375
-8982.4375 -8982.4375 -8982.4375
-8982.4375 -8982.4375 -8982.4375
-8982.4375 -8982.4375 -8982.4375
-8982.4375 -8982.4375 -8982.4375
-8982.4375 -8982.4375 -8982.4375
-8982.4375 -8982.4375 -8982.4375
-8982.4375 -8982.4375 -8982.4375
-8982.4375 -8982.4375 -8982.4375
-8982.4375 -8982.4375 -8982.4375
-8982.4375 -8982.4375 -8982.4375
-8982.4375 -8982.4375 -8982.4375
-8982.4375 -8982.4375 -8982.4375
-8982.4375 -8982.4375 -8982.4375
-8982.4375 -8982.4375 -8982.4375
-8982.4375 -8982.4375 -8982.4375
-8982.4375 -8982.4375 -8982.4375
-8982.4375 -8982.4375 -8982.4375
-8982.4375 -8982.4375 -8982.4375
-8982.4375 -8982.4375 -8982.4375
-8982.4375 -8982.4375 -8982.4375
-8982.4375 -8982.4375 -8982.4375
-8982.4375 -8982.4375 -8982.4375
-8982.4375 -8982.4375 -8982.4375
-8982.4375 -8982.4375 -8982.4375
-9845.07361756 -9068.70111176 -8982.4375
-8982.4375 -8982.4375 -8982.4375
-8982.4375 -8982.4375 -8982.4375
-8982.4375 -8982.4375 -8982.4375
-8982.4375 -8982.4375 -8982.4375
-8982.4375 -8982.4375 -8982.4375
-8982.4375 -8982.4375 -8982.4375
-8982.4375 -8982.4375 -8982.4375
-8982.4375 -8982.4375 -8982.4375
-8982.4375 -8982.4375 -8982.4375
-8982.4375 -8982.4375 -8982.4375
-8982.4375 -8982.4375 -8982.4375
-8982.4375 -8982.4375 -8982.4375
-8982.4375 -8982.4375 -8982.4375
-8982.4375 -8982.4375 -8982.4375
-8982.4375 -8982.4375 -8982.4375
-8982.4375 -8982.4375 -8982.4375
-8982.4375 -8982.4375 -8982.4375
-8982.4375 -8982.4375 -8982.4375
-8982.4375 -8982.4375 -8982.4375
-8982.4375 -8982.4375 -8982.4375
-8982.4375 -8982.4375 -8982.4375
-8982.4375 -8982.4375 -8982.4375
-8982.4375 -8982.4375 -8982.4375
-8982.4375 -8982.4375 -8982.4375
-8982.4375 -8982.4375 -8982.4375
-8982.4375 -8982.4375 -8982.4375
-8982.4375 -8982.4375 -8982.4375
-8982.4375 -8982.4375 -8982.4375
-8982.4375 -8982.4375 -8982.4375
-8982.4375 -8982.4375 -8982.4375
-8982.4375 -8982.4375 -8982.4375
-9858.60572326 -9070.05432233 -8982.4375
-8982.4375 -8982.4375 -8982.4375
-8982.4375 -8982.4375 -8982.4375
-8982.4375 -8982.4375 -8982.4375
-8982.4375 -8982.4375 -8982.4375
-8982.4375 -8982.4375 -8982.4375
-8982.4375 -8982.4375 -8982.4375
-8982.4375 -8982.4375 -8982.4375
-8982.4375 -8982.4375 -8982.4375
-8982.4375 -8982.4375 -8982.4375
-8982.4375 -8982.4375 -8982.4375
-8982.4375 -8982.4375 -8982.4375
-8982.4375 -8982.4375 -8982.4375
-8982.4375 -8982.4375 -8982.4375
-8982.4375 -8982.4375 -8982.4375
-8982.4375 -8982.4375 -8982.4375
-8982.4375 -8982.4375 -8982.4375
-8982.4375 -8982.4375 -8982.4375
-8982.4375 -8982.4375 -8982.4375
-8982.4375 -8982.4375 -8982.4375
-8982.4375 -8982.4375 -8982.4375
-8982.4375 -8982.4375 -8982.4375
-8982.4375 -8982.4375 -8982.4375
-8982.4375 -8982.4375 -8982.4375
-8982.4375 -8982.4375 -8982.4375
-8982.4375 -8982.4375 -8982.4375
-8982.4375 -8982.4375 -8982.4375
-8982.4375 -8982.4375 -8982.4375
-8982.4375 -8982.4375 -8982.4375
-8982.4375 -8982.4375 -8982.4375
-8982.4375 -8982.4375 -8982.4375
-8982.4375 -8982.4375 -8982.4375
-8982.4375 -8982.4375 -8982.4375
-8982.4375 -8982.4375 -8982.4375
-8982.4375 -8982.4375 -8982.4375
-8982.4375 -8982.4375 -8982.4375
-8982.4375 -8982.4375 -8982.4375
-8982.4375 -8982.4375 -8982.4375
-8982.4375 -8982.4375 -8982.4375
-8982.4375 -8982.4375 -8982.4375
-8982.4375 -8982.4375 -8982.4375
-8982.4375 -8982.4375 -8982.4375
-8982.4375 -8982.4375 -8982.4375
-8982.4375 -8982.4375 -8982.4375
-8982.4375 -8982.4375 -8982.4375
-8982.4375 -8982.4375 -8982.4375
-8982.4375 -8982.4375 -8982.4375
-8982.4375 -8982.4375 -8982.4375
-8982.4375 -8982.4375 -8982.4375
-8982.4375 -8982.4375 -8982.4375
-8982.4375 -8982.4375 -8982.4375
-8982.4375 -8982.4375 -8982.4375
-8982.4375 -8982.4375 -8982.4375
-8982.4375 -8982.4375 -8982.4375
-8982.4375 -8982.4375 -8982.4375
-8982.4375 -8982.4375 -8982.4375
-8982.4375 -8982.4375 -8982.4375
-8982.4375 -8982.4375 -8982.4375
-8982.4375 -8982.4375 -8982.4375
-8982.4375 -8982.4375 -8982.4375
-8982.4375 -8982.4375 -8982.4375
-8982.4375 -8982.4375 -8982.4375
-8982.4375 -8982.4375 -8982.4375
-8982.4375 -8982.4375 -8982.4375
-8982.4375 -8982.4375 -8982.4375
-8982.4375 -8982.4375 -8982.4375
-8982.4375 -8982.4375 -8982.4375
-8982.4375 -8982.4375 -8982.4375
-8982.4375 -8982.4375 -8982.4375
-8982.4375 -8982.4375 -8982.4375
-8982.4375 -8982.4375 -8982.4375
-8982.4375 -8982.4375 -8982.4375
-8982.4375 -8982.4375 -8982.4375
-8982.4375 -8982.4375 -8982.4375
