-2536.86882761 -2305.75814746 -2094.36546787
-2823.14784952 -2406.21633957 -1734.46655429
-2870.00095706 -2518.91790175 -2214.17806757
-2385.76540635 -1968.38674681 -1415.55765351
-2515.85965842 -2030.09896979 -1565.39063283
-2525.89278698 -1955.49700205 -1143.8910359
-1832.55543742 -1541.8368188 -921.094746825
-2286.20297658 -1792.54986127 -1164.83514065
-1908.6991547 -1437.73603562 -807.409118759
-1514.71388104 -986.235536055 -611.5483737
-1847.63004583 -1251.10740623 -826.657125587
-1637.7513691 -1300.14448522 -870.428723838
-1323.53298458 -857.662411368 -638.027509096
-1368.07332757 -887.872836148 -593.261028065
-1339.2802493 -871.766433311 -594.401600086
-1062.96200129 -754.771392327 -617.575213001
-1443.04610768 -827.581259622 -638.063676029
-1733.27938864 -809.118826457 -548.503598285
-794.066065582 -681.145976746 -557.500415931
-742.697305827 -625.354016537 -478.051190463
-2173.88482015 -882.412108085 -579.726249188
-1301.42429319 -781.947315011 -483.202219389
-874.215158645 -665.670493532 -504.845524042
-1023.07004655 -785.44368664 -538.492701771
-916.675278959 -748.992591137 -583.278911031
-972.196654273 -742.530836023 -583.131985713
-1173.94289654 -709.111340559 -498.740299599
-1097.57683593 -627.267418794 -421.292406491
-908.313658408 -744.070148442 -559.507443086
-1371.7378831 -753.108727248 -462.719897046
-2659.93390111 -2280.11099305 -1902.94260604
-2991.76108697 -2496.57919245 -2006.7482268
-2748.13111981 -2511.46098092 -1971.06400784
-2639.45369262 -2117.42694988 -1479.86332105
-2333.52935717 -1896.67182733 -1417.00068344
-2576.13730876 -2104.28262521 -1200.43767653
-2478.86039258 -1586.92252245 -1097.94266588
-1941.40971274 -1518.63838097 -921.310208619
-2103.75204944 -1427.41818536 -1138.59044072
-2189.63964187 -1378.92750397 -838.039102671
-1696.04888454 -1150.44671477 -981.976723462
-2411.20741463 -1422.91064611 -676.988935958
-1291.78498151 -846.849292204 -513.150997415
-1296.93389717 -979.47340004 -641.504800133
-1771.5177675 -886.910803128 -603.115082852
-1052.0705695 -754.654790879 -491.610481871
-826.362197272 -585.651632042 -389.694316284
-814.996896131 -626.551415248 -348.562657554
-1449.28725451 -808.533600677 -417.414042529
-1181.24689196 -800.078925916 -574.829778321
-985.809072904 -732.642770962 -589.893175483
-831.590127659 -679.955993506 -505.659485168
-1210.00511167 -733.043399013 -477.492701335
-1110.62178528 -685.756205472 -559.590498021
-962.869984601 -650.86298182 -339.103108849
-1115.81656894 -616.177073868 -268.159243704
-1003.7475184 -659.658251472 -425.72827845
-1903.86650068 -733.237468002 -401.679954924
-813.845056988 -632.830200594 -322.153160322
-1327.9706731 -830.360144284 -605.461282667
-1020.69329165 -675.828098985 -483.622547468
-1731.00862468 -773.10907914 -421.108807782
-780.406653968 -584.75061271 -345.547904874
-1772.17017059 -848.086284795 -408.907929613
-3289.06519009 -903.84234995 -366.296140761
-995.748354646 -664.3733857 -433.69224438
-789.501296189 -632.281927246 -467.04106333
-944.11664435 -652.088603735 -359.093467522
-691.169898036 -591.054472627 -464.280096106
-863.354467013 -600.177589503 -308.145171717
-1664.23702968 -649.880882407 -386.575203501
-2717.31636704 -2418.47598418 -1844.80198062
-2626.06771008 -2250.01421776 -1339.72338966
-2918.30924014 -2244.36237479 -1407.05722345
-2737.64701621 -2540.28995232 -1832.05929
-2958.61015085 -2562.96919953 -2290.69814473
-2318.26716854 -1811.70381472 -1267.12645065
-2940.57530001 -2477.34300035 -1828.85040413
-2780.44619548 -2527.94106831 -2151.39294324
-2586.20840045 -1951.85447663 -1327.28413191
-2792.88456116 -2487.03586064 -1822.36990701
-2850.02913628 -2490.25520606 -1830.00850822
-2356.17821235 -2030.64156479 -1460.33380103
-2626.64615449 -2049.50304307 -1366.95141235
-2496.59468789 -2113.22118788 -1428.46909241
-1946.98021794 -1491.15839166 -1099.64070992
-2612.02637119 -2138.68274599 -1401.14939897
-2620.9332771 -2339.13005761 -1559.98285804
-2302.13552728 -1847.89893601 -1434.07422479
-2124.08934146 -1444.84642476 -930.654444782
-2533.11702276 -1936.92498147 -1236.21369659
-2442.71610263 -1567.47800303 -1007.45835459
-2138.14122793 -1633.64947503 -1244.39888576
-2245.65585804 -1469.86966924 -1042.40970558
-1900.99837404 -1510.38367574 -975.228672334
-2021.10632714 -1488.09439884 -1146.00312092
-2213.11010649 -1457.12054557 -856.407379371
-1770.48636711 -1432.68090046 -1081.70902604
-2170.63036679 -1543.13181871 -955.280039045
-1807.87727833 -1264.02128161 -688.380241633
-1718.90561382 -1227.70074103 -753.393254801
-1998.21305134 -1254.58271832 -708.291900943
-1939.24330942 -1257.11960244 -768.016700709
-1528.47251492 -1173.65336082 -778.610755264
-1579.05674552 -1139.98893667 -726.756970517
-1508.96617537 -1140.64437965 -857.782471258
-1798.05069126 -880.289849849 -486.231123939
-1166.29380578 -740.741971249 -376.797589272
-1762.22934073 -1123.39717127 -622.612744452
-1126.95167987 -817.013905184 -544.791212671
-1515.98388173 -938.307437672 -633.353776779
-1263.25485854 -868.098587151 -486.784955142
-1731.1772683 -1107.06763432 -715.133705177
-1393.33968462 -960.068187927 -559.032732941
-1079.60501622 -795.68077745 -604.240204285
-858.344741229 -702.675462041 -550.441678561
-1082.70033576 -781.192664976 -395.856637338
-914.599015665 -774.725608616 -624.175055565
-1385.3013521 -866.424025588 -614.126768186
-1884.49939695 -915.605583801 -516.48913914
-2172.5803106 -1079.51852906 -442.920781027
-1742.55876234 -946.368281381 -613.051733476
-1040.10014046 -696.783181088 -405.554043685
-953.884860522 -792.296375227 -561.014870221
-2325.62661766 -917.946042687 -483.770343596
-1274.54107408 -940.245959938 -564.538856693
-846.834592295 -650.964478713 -510.642807238
-1063.89844757 -658.840282501 -407.964797225
-1051.87798951 -749.077105756 -577.214531211
-1755.7862543 -854.595053682 -670.778814421
-1458.35919127 -891.000628224 -598.954795103
-1330.12083425 -807.510773461 -535.507142148
-1142.81869959 -812.704278511 -583.52004971
-1094.44378506 -798.45979873 -608.937561217
-1236.14398048 -730.492680397 -437.547486354
-1148.95130895 -888.663026026 -688.877302567
-1258.92154502 -828.727732508 -517.597186129
-993.669373615 -677.474530193 -335.824636392
-1481.49004859 -826.523753676 -494.854554071
-2050.18437523 -830.389226078 -367.109955864
-2675.38217357 -1075.38470256 -528.2844975
-894.980151323 -710.05986982 -432.306615714
-935.582413759 -681.742096085 -427.290935728
-1784.16327213 -871.726478365 -472.587779052
-833.521383211 -640.687085164 -440.43147062
-1374.71232354 -814.150615387 -455.388433849
-811.206700574 -643.603643443 -398.935975542
-1514.13638233 -683.167886304 -388.757421398
-2410.34107532 -778.670477204 -433.651993161
-975.520139426 -753.1526646 -565.99326687
-1361.107541 -737.056357641 -461.565513516
-903.312867246 -630.402240129 -342.92785723
-927.104409254 -646.452554317 -398.615245441
-1321.07681726 -679.383376869 -257.803397382
-1983.61642095 -877.894027615 -423.624460506
-1370.83714092 -805.396924288 -558.512575643
-834.641145161 -690.955715946 -451.392321136
-1842.19643965 -777.14037745 -438.840384781
-4814.48416802 -1279.70686527 -514.314327133
-879.24762538 -716.555460999 -450.156432393
-1000.49877082 -739.100007985 -543.947604624
-2835.28991381 -928.928233731 -506.996032533
-1777.47289401 -816.445931983 -457.435050766
-994.156872588 -746.750323204 -469.663043717
-768.70813892 -664.367786043 -582.164144863
-1002.66631731 -699.696239244 -524.109219445
-1208.84443569 -784.743825079 -536.185914893
-1362.89037262 -805.22908732 -488.74532245
-1114.2156753 -769.805162827 -521.933490715
-995.121306949 -689.486391536 -546.240531792
-1381.42063678 -882.99422459 -575.802597966
-954.11474315 -644.798002517 -345.022806805
-2651.50740063 -870.997915192 -471.671905341
-1049.54761128 -712.755045066 -464.761335075
-1867.32225783 -1087.06179864 -677.125922738
-1654.83735127 -1012.62370312 -490.0569373
-1273.4218143 -719.477802824 -246.770874716
-1221.95568025 -829.630958459 -492.972262859
-1254.51024563 -862.497517809 -416.756617362
-942.939273278 -602.675806727 -419.602872053
-1300.63356264 -727.197137248 -448.101720755
-811.498514965 -609.208239185 -344.14303493
-1085.16784835 -677.690378468 -477.229508394
-1366.71099939 -748.330230193 -392.629418775
-1080.86862966 -721.321130848 -481.457307488
-945.787539146 -825.488987549 -684.370928639
-1003.52312157 -698.220823556 -547.102790696
-774.908803347 -610.435206293 -418.93290078
-1078.74139406 -683.449658372 -503.777800331
-1947.33471349 -904.996676359 -620.709361781
-2583.32442923 -861.642937301 -522.818661918
-1160.04754622 -649.364397401 -241.925074333
-2068.84400711 -1058.99152418 -543.556856083
-922.630958223 -677.252987089 -459.757272753
-1339.99114294 -880.016286856 -541.306346161
-911.846871746 -731.870481837 -569.8304143
-2909.47396669 -1015.319502 -417.601029187
-1512.33230572 -705.692913001 -219.200158492
-1115.42172659 -841.413083168 -681.993488262
-1180.35651665 -810.366314377 -557.91905736
-988.796256514 -577.028305006 -303.852855125
-2087.5489776 -1044.09627683 -563.611235061
-1197.95060135 -695.812605912 -372.929225464
-886.433658444 -740.107108241 -558.969922408
-2303.75076859 -986.120283152 -535.144011493
-1012.7900869 -612.820603918 -334.342829128
-1078.21949129 -637.366846396 -279.582228585
-2396.52752375 -1199.93473846 -681.254746612
-1098.56970964 -630.064818991 -365.457407283
-991.005872506 -655.065741025 -353.682806137
-2030.33685068 -866.210436282 -526.555940163
-904.06260993 -614.767667902 -181.414374792
-2024.12996861 -736.136559451 -163.848208023
-854.241695625 -681.173367127 -482.613870276
-1090.51862683 -753.880430589 -352.012505759
-1150.89603416 -684.66436204 -472.95134305
-918.144617863 -739.056573723 -597.520622576
-928.836526153 -627.903406125 -436.552551741
-998.486955069 -733.627429904 -439.733141048
-968.763385319 -684.38302891 -377.129356765
-1065.59526292 -679.893932089 -416.862065116
-1233.49818045 -663.636394182 -369.491447701
-851.844984499 -618.025793379 -185.001172589
-1036.39523256 -787.935430307 -442.446968354
-1134.95487552 -694.670579085 -483.852793263
-840.759273947 -573.417247859 -383.718083397
-1192.90603104 -709.42817436 -508.103297064
-1482.90042457 -783.413385564 -273.643259895
-851.863741874 -632.201526116 -367.571672328
-1377.0245687 -709.449331188 -413.236775635
-1825.30501752 -770.264499185 -311.92541677
-893.18681754 -604.644711139 -357.669437319
-2463.85162418 -861.531043351 -415.644286862
-821.240956691 -646.876083389 -516.415361161
-1407.44151925 -871.675455959 -641.472198266
-847.776537525 -641.782000818 -500.837357894
-1138.39062838 -797.262741514 -440.094241388
-828.997670531 -684.655167765 -543.675138708
-1305.75754796 -694.126024935 -392.078927707
-1183.86531171 -799.319576611 -575.857074717
-1343.97211646 -664.439021295 -277.075481421
-1442.45074908 -685.091856075 -423.234884227
-909.913944139 -696.097241768 -517.663107047
-1510.91766496 -708.491866807 -353.430176829
-1233.8446839 -737.454763808 -295.527900697
-1779.87185661 -746.010806183 -404.848992982
-1465.59667634 -665.163580343 -362.112281877
-793.332891276 -622.159494157 -379.216932987
-996.165919257 -693.470251929 -512.15738658
-798.60582624 -575.184872498 -260.99798206
-1407.30108395 -779.196615961 -425.965569366
-864.127355653 -632.642336449 -399.824546584
-1304.40740697 -798.863641062 -428.204807619
-766.391443835 -614.753543045 -346.459794414
-1137.96985187 -835.895000064 -548.932315298
-1298.46641765 -748.270542913 -434.563935322
-1190.11966733 -716.486399437 -250.979600143
-2456.38180554 -1180.20879163 -549.225452463
-1076.4594847 -821.978538907 -559.403284156
-1021.09843208 -671.988046616 -329.394085427
-1354.48495672 -894.507109283 -570.462620245
-2455.50911846 -1084.54620026 -758.041090395
-1236.53680682 -756.911630697 -397.258247215
-1239.77575413 -762.479542183 -398.51506298
-1267.68955724 -851.54520113 -495.196335147
-1423.86003973 -784.196410165 -504.913925545
-2097.64887808 -900.579223337 -597.988139601
-1042.04765947 -688.925801628 -480.621830697
-1172.70008711 -835.653809742 -610.366215774
-802.041133953 -627.065066592 -445.955911306
-2426.20980115 -1064.8330188 -416.602489044
-1453.31304543 -825.68449811 -567.295020414
-880.663784284 -636.148878744 -415.607092231
-1055.91027246 -767.262213299 -557.705028957
-1689.71975376 -1024.40260881 -551.181178658
-694.911367077 -588.209693371 -489.464918006
-1920.37702998 -1185.38570736 -726.085631048
-1067.18206374 -751.389297351 -542.309227825
-706.410742706 -533.471855363 -427.492019598
-1603.96726638 -839.579992282 -426.142139331
-1015.48626861 -652.428033165 -406.815990242
-916.527294231 -535.074973697 -208.926156894
-2777.9678075 -968.769450218 -550.19177805
-855.748459982 -667.292403005 -474.52066266
-790.144881442 -699.089007404 -532.437259305
-1799.65258098 -1093.75949808 -552.636819583
-1034.25105682 -794.038857037 -559.504133278
-2116.76191798 -822.123313314 -338.085990822
-1199.73321934 -664.785554666 -377.896580021
-1491.66976482 -794.892112807 -478.241399336
-1337.48785422 -836.671624016 -593.130924383
-1739.91981756 -846.175226203 -554.286366847
-2336.50496607 -942.28790473 -601.00954421
-884.04726078 -691.415936191 -532.13997177
-968.608524646 -651.33528038 -118.045453
-1156.33362276 -777.662020947 -482.985911838
-1231.08196429 -662.349548685 -479.210682737
-893.121191448 -523.053590937 -285.178514083
-1174.76621837 -742.646377792 -373.475868112
-1317.50095379 -717.715605935 -451.172660382
-1280.07401643 -624.81833143 -236.175454272
-921.353917955 -659.081412831 -359.620077405
-1738.63028446 -789.296140665 -329.493171086
-1507.86003441 -850.157499132 -330.127285401
-2145.63001027 -1003.56257756 -566.977818232
-2216.89752627 -782.557716282 -160.211619869
-2075.6551404 -932.181194733 -478.149801308
-806.996376327 -553.439430361 -381.000825427
-2147.87125353 -1044.3802499 -504.773926807
-1169.15739019 -790.644657527 -366.480225848
-954.911894369 -569.95445872 -135.45622776
-1842.5379754 -944.837377372 -574.120565373
-1034.7039725 -584.543202907 -143.329568113
-1641.2961013 -761.768513303 -411.245691683
-1249.24600013 -772.697356185 -454.081665585
-1011.10137394 -696.936663256 -339.73612276
-2354.42750346 -871.993014333 -491.641518285
-1579.02956265 -1052.29145872 -646.854619136
-1103.71968977 -682.05316642 -478.391150373
-2285.11286918 -806.484819668 -454.013667002
-1096.39217461 -734.816283763 -513.645296668
-1612.8066157 -832.188040903 -576.081894559
-805.330373881 -583.019847654 -182.647812128
-783.964850847 -648.685504459 -532.42034751
-1539.01327747 -842.794057869 -482.328534589
-685.400049373 -542.330062805 -402.348569938
-1884.77967023 -747.335706546 -444.451989377
-951.309524952 -784.520546955 -559.214990746
-741.524307253 -596.642222586 -386.638458187
-809.106745843 -642.43791014 -463.170410312
-1353.58266843 -739.33310563 -552.729053735
-1150.74041324 -716.46933841 -513.792160921
-748.684399479 -528.808213561 -176.096232382
-1767.80757801 -825.294314137 -168.817551667
-1383.24341395 -792.153416465 -522.168870107
-2442.18621176 -689.567038164 -271.019855934
-2259.71817763 -961.356987346 -395.831312378
-1167.95246377 -675.100082934 -443.411069542
-2009.11441961 -739.09213593 -354.178634829
-1319.79653901 -715.710389391 -457.652520587
-1003.98205727 -764.73413784 -549.996646132
-545.21591697 -437.437918306 -351.263471529
-1375.38241575 -685.980417755 -389.806189954
-937.025518118 -802.286399392 -625.932805759
-1259.7898074 -698.709363918 -377.613416892
-1301.98857311 -681.217105106 -459.828969073
-2294.73009807 -1160.36068778 -528.637201964
-767.868620167 -563.911754085 -248.693172317
-1281.68471708 -746.689554806 -492.833390832
-1872.269454 -662.989920307 -360.556046501
-928.648838411 -699.22006912 -522.137678944
-1170.99619022 -829.279921458 -492.820714052
-1333.25373962 -660.334214316 -389.301527562
-978.230301436 -681.261758369 -340.538904981
-777.747939971 -594.783388239 -353.554404278
-2762.23083479 -887.14749572 -330.649110056
-1152.72920719 -609.120421021 -284.033590788
-812.367854053 -606.695110356 -280.878309164
-845.084533135 -676.328854294 -351.952651493
-1829.09827934 -931.059767472 -406.950703321
-974.063351183 -676.935907417 -454.206424709
-1044.30545655 -697.517607038 -371.116106406
-1347.18720776 -952.475413553 -527.576786103
-1026.85179804 -695.943512735 -488.326564272
-1092.53090809 -709.383516957 -510.802198948
-1223.43012473 -805.100956414 -488.602778146
-1682.3346962 -725.496108338 -507.211653679
-2295.39040535 -912.873748702 -487.044101278
-948.271786466 -568.227886107 -428.015215665
-1848.87445458 -905.793639747 -691.756543067
-2551.01055628 -957.370003644 -553.96123013
-1252.40605091 -653.966069055 -378.229585611
-766.381446917 -559.618194683 -368.138170762
-748.993130135 -547.588305265 -405.058099995
-815.140516712 -622.687619254 -440.522823375
-4435.71700175 -1006.34161263 -475.185916844
-887.745940482 -699.464377449 -463.995786464
-1001.77006436 -633.289641368 -320.494217704
-1072.10864775 -637.49252878 -387.996661342
-1520.82754765 -980.68348499 -664.523276585
-1028.94314592 -687.252952036 -416.785132281
-1626.13455053 -773.341694307 -472.488653166
-1396.79861442 -932.413673363 -681.091734112
-978.791405001 -682.18753186 -508.40110539
-823.555830432 -726.581284226 -605.322045587
-2231.24398151 -771.789753965 -436.976295015
-838.537571352 -688.308776621 -424.210371852
-1109.59605033 -786.315861456 -599.201878634
-1200.70572814 -768.607013064 -519.257433386
-1296.98078007 -711.078986984 -383.293497801
-1115.24587876 -733.781603463 -429.662742104
-814.895765607 -639.692688024 -539.584267826
-2361.56702728 -821.538266119 -526.200897502
-770.610555186 -542.309204705 -201.793162516
-976.167539375 -681.802277871 -480.800435505
-1317.53828328 -741.36183395 -230.745073747
-708.424091008 -553.716061589 -381.199934736
-974.373775268 -705.669532563 -552.95182429
-837.495855106 -536.561200594 -285.765071046
-1047.90006548 -581.396496593 -339.765579023
-905.484922767 -586.784768402 -387.215435635
-1644.02612866 -763.196343408 -446.51298591
-814.716508861 -677.758915037 -538.363362533
-861.843102279 -556.325297079 -433.934406215
-851.404634235 -676.413233071 -517.007851435
-1321.48588798 -939.241241324 -590.79776071
-2423.47878033 -868.800623525 -470.572522275
-780.674955273 -618.736859948 -472.120309943
-1310.74101045 -885.283654584 -722.959386902
-2289.89460871 -764.741193865 -391.905838214
-646.721228566 -460.470986591 -294.437714423
-1448.71275293 -637.014846051 -291.674628817
-3101.11988184 -1094.61603944 -568.024215837
-802.38420878 -597.485643155 -393.467230375
-2720.6500434 -783.081028096 -350.133058683
-3594.48542465 -1027.36888168 -442.505206093
-832.871906293 -604.081281031 -389.82082801
-961.948426954 -605.030952109 -426.372951043
-1598.72195036 -926.460379521 -429.083456225
-1245.35719322 -547.237604054 -166.910718623
-916.654131789 -627.928379354 -465.817970867
-676.211207494 -509.949629 -324.172915665
-2768.04441835 -975.92349878 -406.904640258
-1211.51580428 -824.464694956 -488.33323793
-1213.09176103 -748.282372597 -474.222213667
-814.027862762 -549.133259145 -241.853082347
-1740.57232808 -795.100617334 -493.762634067
-1241.80964371 -796.894177107 -472.522469536
-1584.55537362 -675.754444873 -380.945039736
-1420.5725244 -776.795763475 -485.860631976
-1242.64537191 -656.133983017 -366.246465626
-1148.77718681 -735.055618275 -425.43521318
-1034.51685667 -627.179094303 -321.496856409
-1682.03586599 -919.857235077 -433.691258862
-1142.4059357 -699.188012452 -312.406650229
-710.879565796 -562.840870378 -371.797679325
-1068.80047458 -644.449996214 -275.875909165
-1737.20987742 -900.44288376 -561.181600289
-899.900397635 -602.602898342 -478.120435634
-897.563594073 -598.086986224 -328.47253928
-1433.20180446 -661.171530747 -296.443547275
-731.120280893 -559.843516495 -357.725091188
-1670.5114053 -770.137372083 -471.80439407
-1235.86529949 -685.608118097 -368.767805129
-1260.3700744 -780.27483393 -473.406156553
-905.918678352 -719.45224183 -547.60828144
-1476.58359774 -826.307990499 -438.336898378
-719.693345586 -572.82465104 -312.598155089
-2244.22229474 -850.955245905 -459.635500971
-676.384814358 -596.730145538 -511.418482034
-975.588994828 -588.117305783 -294.08593421
-852.923869057 -519.861533494 -244.765652659
-1839.21391757 -812.725888456 -470.581305955
-1625.14380717 -654.37436313 -178.709716757
-686.987577713 -501.571814047 -116.611808475
-1489.26960946 -827.33895771 -408.705864479
-831.402558889 -581.00450016 -393.80546974
-1021.39235307 -721.863627684 -274.094482104
-1203.97481793 -720.193029576 -410.83623329
-1408.09786338 -808.147011897 -556.113148575
-1399.63885739 -764.659549922 -564.8629386
-1015.91400726 -676.646683812 -387.667222518
-948.464979476 -664.726587264 -482.028717317
-1076.94543652 -714.634479313 -471.168602364
-854.12560643 -573.912188625 -296.934462505
-980.027861729 -670.624927723 -455.510300697
-865.283434485 -638.154713801 -330.325281221
-1612.41515071 -738.731410315 -321.241132555
-735.783940119 -525.076335699 -342.844148495
-702.648300946 -610.364818527 -485.227963609
-1110.22782889 -639.12468666 -379.050384781
-853.921133726 -668.780844259 -356.773417751
-1738.61377555 -892.87421901 -450.99134307
-800.877432738 -579.20258757 -382.146792617
-2397.34897239 -827.562064432 -380.697416171
-2620.95130201 -1231.64039778 -411.673376728
-885.74767057 -652.741419277 -404.111404428
-2635.92636491 -1118.58802572 -415.148095221
-979.078736139 -699.023428263 -335.260625985
-1226.89274849 -609.588695399 -303.394357631
-1038.23253856 -683.445769605 -421.280903408
-1216.79890095 -904.780978753 -749.438818905
-1760.46140158 -819.366535519 -463.836440249
-1180.28198829 -791.050347652 -576.34843251
-1083.0901732 -658.255090918 -415.349137008
-3474.88384621 -1056.84232441 -265.897638138
-1255.35114377 -718.480816002 -548.422196504
-901.390471452 -592.566841384 -288.470371843
-778.511579542 -559.640496594 -421.888148798
-731.209245613 -623.771425732 -394.896720127
-1538.75652783 -780.145547342 -250.680110698
-804.867037939 -593.331569164 -247.66625405
-935.335917634 -561.117390773 -354.734506392
-1797.63553552 -932.880583468 -483.27865977
-1363.59331507 -570.76709611 -50.8052344781
-998.430975946 -497.013263557 -233.556501938
-1012.65531041 -692.388155286 -453.983467406
-2901.62190536 -1171.38001408 -513.0700419
-1253.92887119 -689.94039529 -391.09486492
-815.742677585 -637.094067692 -336.556278895
-1557.96991676 -810.970243075 -591.543923723
-951.695546209 -608.496455689 -408.499440228
-1032.8601293 -748.47424627 -547.817245093
-674.905820726 -534.604600524 -344.803725616
-739.202069198 -528.607316187 -240.221992988
-790.14664321 -610.584580903 -366.555352486
-1221.97476605 -577.584517364 -143.475045559
-855.445531635 -679.036389389 -377.192713942
-995.188689216 -682.744712423 -545.068341647
-910.482654914 -662.115654789 -552.451499914
-1357.42056051 -699.788085 -470.758627605
-1581.42217074 -636.073392209 -299.204634619
-2328.88716997 -1136.17705348 -253.632898785
-1487.27472593 -645.870713929 -299.806672461
-687.391047702 -596.024831937 -428.231557695
-2286.47588824 -928.090385109 -430.43725997
-3817.13887988 -925.989755879 -224.014006401
-1098.00053674 -532.630190608 -168.448101789
-831.635829408 -552.563147636 -330.084031438
-911.960137699 -612.897245093 -459.431343532
-3636.67918879 -919.171887568 -142.996101394
-738.679941729 -486.552721776 -98.5031115368
-810.786209301 -610.406382661 -402.148573629
-1807.63770386 -873.641846385 -435.7063227
-1138.64597428 -639.352869034 -486.662185334
-705.395003079 -537.749969973 -406.520666168
-1502.73293184 -863.706529084 -519.963761565
-754.5411154 -550.001062952 -332.773811169
-616.757988137 -489.765202967 -264.811449441
-1454.38323951 -832.062969712 -373.194095496
-772.039599657 -600.092783885 -323.731885572
-827.530617386 -582.521156279 -344.654234927
-1518.51281644 -896.452966513 -496.31373892
-1295.84263918 -563.637205593 -155.300237116
-821.098821529 -619.452548516 -409.322444136
-710.95468885 -537.575212976 -373.241796846
-1173.01350801 -640.114365598 -418.105689879
-959.022386768 -612.795029151 -195.569387614
-1471.14534201 -684.527371119 -475.733918946
-1892.04533032 -766.656568135 -290.41586085
-954.887491657 -615.244018396 -192.114845006
-2850.61499359 -1369.84347894 -511.807633413
-770.665584208 -570.318820356 -299.059607445
-1159.25583817 -772.138252055 -617.771279998
-1565.74695195 -776.817516248 -398.874769836
-722.995656846 -552.860195273 -260.405486541
-951.909095756 -604.757171994 -143.990095306
-795.644698696 -513.638577468 -329.880833435
-848.236837326 -574.747821306 -341.906415814
-726.328733868 -541.489277708 -274.302533497
-832.966365062 -603.284570573 -484.863650432
-777.305085763 -597.725110232 -476.878000921
-843.829033168 -597.893157023 -163.237974475
-750.543364073 -579.278721316 -409.39899157
-1716.35000899 -803.317815277 -282.461299297
-1333.70004455 -590.268969197 -183.598334778
-1333.56070432 -678.774417402 -176.107075273
-1101.93298908 -637.270424245 -294.371002218
-920.318603937 -667.480808421 -280.600202147
-1366.72019224 -691.288025463 -489.585573296
-1132.25690778 -721.123794369 -352.276871639
-1079.75462003 -634.875102326 -380.266612643
-1078.33594319 -677.055429982 -286.437375582
-1460.11658796 -660.258696487 -374.221801711
-2311.80991139 -821.261572835 -312.742950831
-765.296713999 -597.956964598 -382.173818226
-776.594682641 -613.566156765 -443.424317744
-1764.03300577 -927.319210717 -626.879044215
-809.484383337 -692.979155303 -559.400649227
-1238.89554882 -836.671436024 -584.380360413
-1040.60955936 -727.495851026 -388.95034315
-1106.43555893 -684.80274755 -396.788008852
-666.429684939 -512.216853874 -385.793204541
-1169.14483328 -672.491896398 -391.681311254
-1932.27101279 -722.689563329 -265.668811375
-990.081192225 -631.886538601 -415.693119257
-669.836153025 -595.843616432 -417.851959494
-3727.39028486 -1232.80077969 -402.977208844
-831.848737221 -645.750870013 -403.599341947
-893.55000874 -618.432969675 -274.058877454
-990.459744392 -757.117536746 -556.302388632
-2401.3421869 -826.226293894 -417.687971707
-2469.32504882 -932.460346742 -493.509062221
-547.255755204 -416.149384901 -259.254452539
-1071.67335333 -683.655220008 -348.083651245
-685.532834742 -488.076041992 -311.66000174
-1855.52870626 -742.476330745 -474.336254062
-1988.44472326 -669.636365412 -234.031439017
-802.067301879 -567.234399486 -390.310040824
-1328.98995126 -543.361519434 -270.454823625
-944.52806575 -675.062358557 -345.186201948
-1351.93898274 -647.622588376 -367.892158641
-1959.94063907 -910.884911231 -415.177076724
-2062.34148029 -873.756800036 -369.928511562
-768.554295551 -606.384105999 -397.202635399
-1451.74791669 -924.985940183 -582.116877913
-810.736717961 -579.717363301 -340.84940514
-816.069271391 -628.009031442 -433.273413787
-902.861982004 -630.104308069 -415.742117155
-2569.62799721 -1443.94032768 -665.793437604
-754.649316764 -571.667471776 -416.3739385
-2059.16609796 -939.892986966 -255.00625492
-1023.13261116 -551.0105107 -272.169944743
-1893.31589766 -799.836452688 -268.075980907
-995.926487568 -553.058657636 -289.057565465
-1040.67741159 -750.941285949 -531.728884899
-728.231742623 -554.017884077 -183.802408886
-928.801720856 -582.370816519 -281.183295885
-1312.84179169 -796.763946798 -485.664155888
-912.932464555 -667.521783734 -492.543208331
-1843.94295754 -1151.82365561 -537.957791037
-811.221010555 -627.782121168 -446.8339387
-3339.92424025 -1425.02691596 -493.017078385
-707.432353819 -573.664179657 -359.898824601
-3145.51283604 -961.625250407 -420.50304476
-1177.67176333 -635.230095262 -236.169421449
-1432.19183956 -632.258890144 -428.45793152
-1044.68382586 -575.381848143 -187.44625866
-665.350498719 -517.237065472 -302.3730343
-792.368063969 -491.524896917 -257.863713361
-643.007506939 -482.268563022 -251.830024112
-2384.57858668 -890.391307652 -425.58753448
-974.216819716 -563.317493747 -311.498786635
-2459.16162649 -1134.88599865 -394.885986657
-648.065326784 -505.329912895 -274.339786173
-1107.66721436 -690.553885504 -509.054217537
-840.313960523 -611.886037317 -494.633449726
-1862.02163691 -743.664436708 -380.510425067
-687.44738035 -516.939202056 -354.871703675
-1570.68748547 -673.621924052 -339.118362258
-601.323133363 -461.248496064 -315.532397026
-575.926415912 -437.928672 -201.98670869
-1404.3580183 -688.57824716 -399.079498436
-688.716575935 -496.442527274 -211.654088995
-811.310757059 -585.930763756 -437.075526824
-1015.54845853 -548.590569841 -237.431565602
-847.529110343 -618.191046923 -331.47029492
-730.101619851 -545.223210936 -407.908248718
-818.855837556 -586.065482417 -389.552467791
-1754.81963173 -670.306926526 -279.853520762
-2994.54724912 -1127.87286327 -94.8152267094
-1616.76814011 -571.879008943 -310.33473689
-1581.20609967 -647.303364067 -276.209142331
-1045.34129794 -688.226063566 -455.144122845
-700.106264837 -487.166196145 -183.850381842
-4692.09815339 -1106.89173079 -340.301463796
-792.088796007 -448.362860552 -163.748192985
-994.823680158 -657.659712988 -460.035781521
-767.096702387 -567.259699377 -374.422394485
-946.111947996 -617.914584137 -306.730073744
-765.912603834 -492.193056177 -207.906683133
-830.752507499 -547.201537724 -405.017061417
-1944.0351921 -867.027122036 -545.111219923
-674.796591565 -541.8677141 -294.579610009
-799.41313201 -679.75923568 -333.329104217
-698.839569282 -594.517316358 -490.424825026
-831.876117857 -680.487809791 -511.739555489
-886.060601224 -523.418400904 -210.677293074
-1990.10402665 -799.314656725 -420.484950795
-1234.46216415 -659.965968645 -247.08195046
-1212.7798939 -762.985776473 -472.296824637
-696.496718056 -482.810245373 -244.824353187
-5282.25468246 -1322.17484306 -513.55730271
-781.535159991 -599.793250764 -464.512958256
-3203.83171373 -1050.10136165 -509.220927235
-614.420670091 -529.290606637 -333.590577911
-4400.28195676 -1122.64313683 -477.462557178
-1444.94431916 -578.640146456 -234.792097081
-1325.32048226 -767.376711102 -437.229800835
-694.197446675 -412.213887885 -266.703250023
-1606.39131513 -708.348378762 -396.5283046
-639.570154823 -491.938759849 -149.739872971
-1564.37436142 -768.667974842 -420.41104529
-946.728280269 -604.507578021 -357.761944991
-831.583411906 -662.696976163 -519.703156746
-1647.22689313 -767.829462488 -383.367098595
-1474.19360443 -723.44371329 -452.982870352
-1350.72842024 -578.403795544 -354.043014729
-2138.03092479 -832.690688679 -600.10994442
-728.957645791 -551.464954947 -373.5022734
-1029.36138808 -675.447178316 -390.195540406
-1039.997691 -566.286170903 -301.365218833
-1392.63461442 -805.948780154 -350.090216636
-481.578756764 -353.022582483 -90.1670331207
-1934.09084195 -732.343744377 -278.553671289
-950.105023422 -564.406731642 -333.468011675
-695.274077413 -529.404763044 -297.519432987
-1613.93178595 -743.869514224 -411.618664317
-948.255755836 -535.187447096 -240.901487887
-1089.09083482 -623.468441677 -368.461390489
-2596.19972674 -928.77762778 -351.065903974
-708.924033964 -589.799446681 -412.896350078
-1356.76826834 -941.858048998 -273.671784453
-783.744928098 -483.015858688 -300.636007648
-1252.66324107 -752.479501097 -338.436898463
-789.788039069 -478.228174083 -230.283258196
-2476.80016202 -797.561588181 -297.814373956
-613.014986421 -487.946027326 -121.895713385
-743.801889493 -536.963493815 -333.218735012
-1354.69625614 -685.176229831 -310.517453435
-1268.56588665 -536.423755079 -115.559929696
-831.552882924 -587.650791156 -413.376005522
-810.670404023 -569.632510488 -344.549773261
-1366.12831301 -573.263304256 -186.260337549
-981.929628427 -530.577436654 -241.249529613
-685.009875899 -539.653999758 -389.846601026
-2179.00476008 -835.342372037 -305.614859376
-1445.9223733 -655.917888499 -401.367499886
-1024.5696456 -687.814328036 -409.718023035
-893.837234642 -532.172810491 -337.112441251
-1813.95176221 -857.924056799 -379.153239868
-783.387880836 -561.929130804 -389.2187183
-1590.44925898 -812.012806688 -548.583164503
-655.990672089 -504.06442783 -375.263706738
-813.122515151 -534.125120366 -392.989751314
-716.320492715 -481.058736193 -231.520615472
-1082.97083889 -702.280154366 -451.846996978
-1541.93752643 -632.888580034 -431.600044032
-1677.10927582 -755.70510714 -421.431371117
-701.225364823 -548.965794076 -369.691120166
-5071.56428634 -1069.35836932 -279.568844883
-1044.81930312 -628.114452802 -160.569955817
-716.743961069 -536.487161891 -269.455288974
-832.054358141 -608.011194812 -449.411722485
-679.419095838 -588.561912193 -477.85314479
-1217.17083032 -716.099736068 -431.370259726
-3440.09030693 -965.26599683 -487.73138531
-1778.3343802 -740.754515543 -346.375944894
-1689.77811716 -777.35258169 -258.068697822
-1709.86085697 -738.607576106 -466.960932841
-1435.80192256 -726.169779248 -320.859431996
-1092.87535786 -621.662490564 -205.272091262
-2007.10142133 -803.208457732 -228.112649324
-1623.2877322 -625.010038207 -283.437751275
-689.969086104 -516.921618173 -408.835957358
-706.570388207 -498.796135084 -16.9521438551
-877.436984803 -478.417074691 -47.039114332
-767.337306945 -446.798239971 14.2143489028
-712.174599858 -480.529487679 -271.187926535
-2272.62017414 -814.607879552 -401.71404668
-2105.14120177 -821.581832197 -346.651658294
-1354.8653846 -791.126690808 -195.556895185
-1255.90529485 -570.245448806 -355.21345261
-1685.83825217 -597.074161829 -167.107595749
-1535.38113808 -824.119190053 -280.235460396
-693.881807463 -511.047601554 -311.541933269
-812.934050359 -569.999773884 -319.308920527
-656.37481927 -496.740066074 -205.607955818
-579.554977495 -478.866755275 -241.941740441
-842.288189189 -498.259735831 -200.134863363
-804.808195953 -503.202903468 -166.643308154
-702.126666177 -468.700957039 -289.25385023
-630.50761011 -449.003771318 -257.582140351
-1080.10095114 -776.404017103 -427.97195518
-1265.76629391 -683.767677154 -364.266070272
-1467.55281949 -792.711762303 -322.249476429
-664.668193779 -546.749217831 -358.43078706
-1208.8586091 -713.314344361 -180.787562336
-717.923641071 -461.819491151 -260.348374949
-1199.82171749 -697.129427866 -284.126971605
-682.558198199 -447.29069648 -187.572342029
-888.908872941 -533.076527977 -355.983392396
-817.851636723 -454.287257034 -191.956926108
-1150.07969062 -545.712697191 -111.960211637
-1344.54390462 -535.365624807 -102.514022939
-1059.86108145 -543.895258134 -396.677910941
-719.301752784 -449.557884797 -188.718771286
