0.2956 0.41304 0.5824
0.342 0.41664 0.5712
0.2848 0.41772 0.5816
0.3548 0.44688 0.592
0.3184 0.42112 0.524
0.3692 0.43172 0.5684
0.2908 0.40028 0.5272
0.3132 0.41176 0.4916
0.3056 0.42248 0.5896
0.3776 0.4234 0.5124
0.342 0.40588 0.4928
0.2776 0.37512 0.4896
0.306 0.38336 0.4296
0.3456 0.419 0.5168
0.3056 0.4404 0.6
0.3428 0.433 0.6
0.3772 0.4552 0.6
0.3824 0.457 0.5552
0.3424 0.433 0.6
0.3428 0.3922 0.4708
0.3728 0.44436 0.5408
0.326 0.41388 0.5868
0.3016 0.37844 0.4584
0.3404 0.41112 0.554
0.3496 0.40476 0.474
0.3244 0.41428 0.6
0.2772 0.40516 0.504
0.3532 0.40052 0.4804
0.3384 0.40544 0.4448
0.3028 0.36584 0.4648
0.2972 0.4158 0.5996
0.3452 0.3804 0.4348
0.3444 0.39624 0.4764
0.3288 0.4018 0.5124
0.2748 0.39152 0.5276
0.3508 0.41708 0.5328
0.3404 0.40856 0.5256
0.3608 0.42496 0.5144
0.3368 0.44452 0.5456
0.388 0.45004 0.6
0.3996 0.4536 0.5036
0.3796 0.46764 0.5232
0.3632 0.45252 0.6
0.3652 0.4524 0.5648
0.4092 0.44584 0.536
0.3964 0.43684 0.5004
0.3336 0.44328 0.5332
0.2792 0.46748 0.5832
0.3032 0.40112 0.4968
0.3788 0.41312 0.4876
0.3516 0.4244 0.5712
0.3656 0.43936 0.6
0.31 0.4468 0.59
0.3264 0.45884 0.5484
0.3156 0.3898 0.4328
0.3188 0.43712 0.5604
0.3256 0.41468 0.4688
0.3188 0.35732 0.4208
0.334 0.39988 0.4896
0.3016 0.35244 0.4028
0.3108 0.34996 0.4068
0.276 0.3336 0.4032
0.2496 0.36748 0.5208
0.2928 0.3468 0.4204
0.2584 0.33088 0.4232
0.2664 0.32816 0.4068
0.2804 0.33384 0.3876
0.2688 0.30648 0.3668
0.2092 0.30452 0.3924
0.2896 0.34152 0.4176
0.2776 0.35164 0.4284
0.2512 0.32588 0.3888
0.244 0.32028 0.3908
0.2864 0.32968 0.4344
0.3232 0.37044 0.4168
0.3072 0.36608 0.4216
0.2988 0.40192 0.5104
0.2424 0.3718 0.4148
0.3028 0.41392 0.5152
0.2712 0.37896 0.4812
0.27 0.37396 0.4384
0.324 0.40556 0.4768
0.3576 0.43628 0.6
0.3552 0.42228 0.582
0.3076 0.3656 0.4116
0.3504 0.3834 0.4372
0.3176 0.38512 0.6
0.3028 0.38496 0.6
0.2816 0.35164 0.4424
0.2984 0.36684 0.4252
0.2872 0.37788 0.442
0.3364 0.38264 0.4372
0.3176 0.3984 0.4584
0.3136 0.40648 0.6
0.2856 0.38196 0.4364
0.3184 0.36008 0.4416
0.37 0.409 0.4632
0.332 0.36584 0.416
0.3336 0.3976 0.4572
0.3384 0.389 0.4788
0.3324 0.41248 0.5764
0.286 0.39216 0.5248
0.3032 0.36184 0.4228
0.294 0.36936 0.428
0.3004 0.37316 0.464
0.2916 0.37468 0.4652
0.3148 0.38284 0.4576
0.2844 0.34844 0.3908
0.3076 0.3686 0.4416
0.3332 0.36652 0.4176
0.3312 0.39008 0.4304
0.296 0.38036 0.466
0.3056 0.39144 0.4488
0.3512 0.39004 0.4792
0.3452 0.38148 0.4264
0.31 0.39348 0.4972
0.3008 0.39444 0.4648
0.3148 0.3886 0.4672
0.3188 0.39488 0.4688
0.3372 0.39748 0.4708
0.3244 0.37224 0.4324
0.3228 0.37028 0.4272
0.3008 0.34504 0.4012
0.2968 0.36516 0.454
0.3468 0.36832 0.4328
0.2876 0.37048 0.49
0.2868 0.38012 0.4992
0.3036 0.39696 0.4976
0.3436 0.40596 0.4676
0.3564 0.39752 0.4192
0.338 0.40684 0.5156
0.3332 0.38396 0.4536
0.3284 0.39044 0.434
0.35 0.38644 0.434
0.3568 0.41524 0.4784
0.308 0.36012 0.4104
0.3492 0.40068 0.4576
0.3348 0.38148 0.476
0.3372 0.39596 0.5324
0.3324 0.39724 0.4496
0.3348 0.38924 0.5724
0.3032 0.37632 0.4964
0.3204 0.4084 0.4952
0.2824 0.3746 0.4632
0.282 0.3536 0.3844
0.2744 0.32468 0.3804
0.2928 0.33976 0.3768
0.3012 0.33752 0.3812
0.2876 0.33736 0.3788
0.3052 0.36936 0.4596
0.2764 0.33496 0.4076
0.2876 0.3406 0.4176
0.2996 0.34176 0.4216
0.28 0.32584 0.3844
0.2984 0.34568 0.4148
0.3096 0.35584 0.4296
0.3116 0.358 0.4024
0.316 0.356 0.4396
0.284 0.3266 0.3812
0.2728 0.34128 0.4224
0.278 0.328 0.4124
0.2584 0.32628 0.356
0.2464 0.28716 0.3476
0.2756 0.3268 0.3896
0.2944 0.32212 0.3656
0.2368 0.306 0.352
0.2492 0.32596 0.3892
0.2596 0.30432 0.3316
0.2568 0.28596 0.3316
0.2532 0.28644 0.3084
0.2432 0.2878 0.3208
0.2332 0.27136 0.316
0.244 0.28164 0.318
0.2272 0.27448 0.312
0.2296 0.27668 0.342
0.216 0.25644 0.2996
0.22 0.2658 0.3072
0.2464 0.27572 0.2984
0.2468 0.2844 0.3628
0.23 0.28212 0.3296
0.2184 0.287 0.3308
0.244 0.28932 0.3292
0.2516 0.28144 0.3368
0.226 0.2828 0.3336
0.2528 0.30192 0.356
0.2364 0.27236 0.332
0.25 0.29172 0.346
0.2624 0.30084 0.334
0.256 0.30336 0.3324
0.2432 0.2838 0.3224
0.2764 0.30208 0.3408
0.2496 0.30376 0.332
0.2516 0.28624 0.3568
0.2372 0.2766 0.3492
0.238 0.28924 0.3848
0.2652 0.28504 0.3284
0.2344 0.2912 0.3504
0.232 0.30076 0.3412
0.2692 0.29876 0.3384
0.2664 0.30712 0.3576
0.2768 0.31812 0.3488
0.2624 0.29952 0.3348
0.2608 0.30672 0.34
0.2748 0.30932 0.3804
0.2732 0.30508 0.344
0.254 0.3116 0.3756
0.2632 0.31444 0.38
0.2616 0.31424 0.3656
0.2676 0.30632 0.3484
0.268 0.3424 0.4184
0.2948 0.35652 0.416
0.2756 0.337 0.4
0.248 0.318 0.3572
0.2856 0.34604 0.4296
0.2716 0.3256 0.3768
0.272 0.33724 0.4084
0.2824 0.3374 0.3892
0.2704 0.32592 0.3944
0.304 0.34272 0.4
0.2784 0.34036 0.4152
0.2584 0.32624 0.392
0.2812 0.3414 0.4004
0.2788 0.3342 0.406
0.2732 0.332 0.3764
0.2848 0.30896 0.3404
0.2888 0.31992 0.3556
0.25 0.30468 0.3748
0.25 0.30576 0.3696
0.2524 0.31092 0.374
0.2212 0.31384 0.3864
0.286 0.3302 0.3812
0.2748 0.33576 0.4108
0.252 0.32076 0.3628
0.2756 0.33012 0.3836
0.24 0.32476 0.4248
0.2896 0.33496 0.3852
0.278 0.31852 0.3692
0.2336 0.32076 0.3916
0.2424 0.31832 0.3672
0.2784 0.34092 0.3876
0.2884 0.3408 0.3888
0.2956 0.33796 0.3992
0.2636 0.34216 0.3944
0.2544 0.34648 0.3932
0.2768 0.34464 0.3844
0.3044 0.34892 0.456
0.2776 0.35856 0.4408
0.3352 0.37812 0.4796
0.2732 0.34472 0.4064
0.2708 0.37416 0.4648
0.2952 0.35532 0.4436
0.3332 0.3738 0.3996
0.274 0.32672 0.4112
0.31 0.36492 0.4024
0.2896 0.33544 0.3792
0.274 0.33588 0.3952
0.2956 0.34888 0.3908
0.2572 0.3308 0.436
0.31 0.33276 0.3584
0.2636 0.31444 0.3568
0.2504 0.31744 0.37
0.2624 0.29952 0.3656
0.2492 0.29276 0.3556
0.2444 0.289 0.3556
0.2588 0.30764 0.3512
0.2576 0.2822 0.3084
0.2716 0.29184 0.3088
0.2604 0.29756 0.3532
0.262 0.30748 0.3492
0.2572 0.3142 0.3588
0.2328 0.33028 0.3928
0.2696 0.30772 0.3524
0.2492 0.29596 0.3484
0.2732 0.30196 0.3296
0.2692 0.29608 0.3184
0.2532 0.3068 0.3604
0.246 0.26924 0.306
0.2708 0.29728 0.3376
0.2672 0.31364 0.3616
0.23 0.2966 0.3632
0.238 0.28236 0.336
0.2452 0.29448 0.3468
0.2764 0.31028 0.3516
0.2472 0.28412 0.3108
0.2484 0.28688 0.3404
0.2612 0.2936 0.3256
0.236 0.32412 0.3928
0.2472 0.2842 0.3556
0.278 0.31836 0.38
0.2536 0.29116 0.3632
0.2592 0.30656 0.3544
0.2788 0.30988 0.3596
0.2772 0.30352 0.3336
0.2728 0.32432 0.3936
0.2856 0.33712 0.4344
0.258 0.31392 0.3852
0.2868 0.33432 0.3916
0.2792 0.30808 0.3452
0.2596 0.31884 0.3664
0.2912 0.32404 0.3624
0.282 0.32304 0.3548
0.2568 0.29212 0.3388
0.2108 0.30324 0.3928
0.282 0.3176 0.3592
0.304 0.32168 0.344
0.2644 0.30984 0.3432
0.302 0.33008 0.3832
0.2984 0.33352 0.4092
0.302 0.33876 0.4272
0.2948 0.31508 0.3452
0.2692 0.3254 0.3976
0.2844 0.33472 0.412
0.314 0.34568 0.3772
0.2676 0.366 0.5036
0.2904 0.346 0.432
0.2948 0.35548 0.396
0.3192 0.3472 0.3732
0.2824 0.35032 0.4152
