-10064.5793023 -10050.9190249 -10031.9841088
-10054.2944165 -10040.1197369 -10008.1642897
-10067.5943082 -10053.2909245 -10036.1490873
-10048.2223207 -10016.8536035 -9993.6403101
-10039.8374068 -10017.7509628 -9940.42707656
-10052.512302 -10024.2161957 -9978.66468076
-10038.4108358 -10003.4564961 -9974.45911305
-10024.825733 -9992.52728612 -9943.67961126
-10029.2669076 -9999.52693375 -9956.54847251
-10051.4399042 -9992.89526945 -9953.45263817
-10015.1003192 -9982.2754213 -9936.63963992
-10000.7433423 -9970.75737491 -9940.63160481
-9989.86938186 -9955.306774 -9929.01475864
-9991.20001271 -9960.48993837 -9918.06644932
-9971.37852179 -9945.80625143 -9911.40013065
-9961.87616383 -9928.03678192 -9909.53710667
-9985.99202821 -9935.62391627 -9897.23442355
-9975.19339688 -9941.38135714 -9900.04655098
-9934.60775112 -9915.5439145 -9882.97288801
-9952.86738879 -9921.48130736 -9889.34026966
-9975.55310532 -9928.80890373 -9902.98394778
-9979.0796197 -9922.01429046 -9895.47047958
-9988.07293035 -9939.08649152 -9883.93728091
-9959.30401948 -9932.12783416 -9903.90977776
-14735.1139808 -14033.7026816 -12592.6502684
-14558.5195611 -14135.455009 -13522.7634914
-15054.1188009 -13933.4075426 -13291.9963956
-13805.4462687 -13090.1330854 -12289.5386664
-14402.3893185 -13687.4809522 -13098.6191831
-13906.5357184 -13430.4754534 -12793.653109
-13496.0158963 -12640.9743386 -11877.0691665
-13917.2932839 -12835.3477296 -12315.2824494
-13206.2483286 -12632.6508649 -11755.3100266
-12703.1178532 -12076.1808841 -11780.5037246
-13122.6010812 -12213.6810135 -11796.8590141
-12364.2361535 -12093.3244507 -11850.7967707
-12041.5575335 -11845.5205026 -11696.2522065
-12417.9944328 -11929.5382293 -11677.5689675
-12557.1246806 -11903.7071788 -11608.8413406
-11925.8303953 -11745.4282914 -11607.4888484
-11894.3626598 -11745.8204329 -11631.3076452
-11773.350956 -11683.4952571 -11553.714683
-11758.0540819 -11618.2207593 -11474.644272
-11668.2203003 -11567.1763347 -11450.7594865
-11692.3218523 -11580.4399639 -11449.6001732
-11602.2409379 -11499.825452 -11410.0545236
-11585.0081597 -11520.1093945 -11414.8277515
-11566.6126385 -11477.5347087 -11368.4507553
-11629.5792249 -11395.2408477 -11262.125489
-11578.4751874 -11421.5096301 -11304.503664
-11457.5102514 -11389.4096018 -11246.9718132
-11497.1453558 -11322.373152 -11166.4547175
-11467.7715714 -11325.2528274 -11133.6848763
-11413.9558666 -11321.3710101 -11221.6847718
-11419.7356218 -11240.7299775 -11020.0205691
-11423.3854792 -11202.3202089 -11017.959309
-11427.0267311 -11243.3856921 -11004.1393027
-11126.5278172 -11039.1132746 -10890.9822365
-11331.6599043 -11144.3801684 -11014.9460054
