0.6 0.6 0.6
0.6 0.6 0.6
0.6 0.6 0.6
0.6 0.6 0.6
0.6 0.6 0.6
0.6 0.6 0.6
0.6 0.6 0.6
0.6 0.6 0.6
0.6 0.6 0.6
0.6 0.6 0.6
0.6 0.6 0.6
0.6 0.6 0.6
0.6 0.6 0.6
0.6 0.6 0.6
0.6 0.6 0.6
0.6 0.6 0.6
0.6 0.6 0.6
0.6 0.6 0.6
0.6 0.6 0.6
0.6 0.6 0.6
0.6 0.6 0.6
0.6 0.6 0.6
0.6 0.6 0.6
0.6 0.6 0.6
0.6 0.6 0.6
0.6 0.6 0.6
0.6 0.6 0.6
0.6 0.6 0.6
0.6 0.6 0.6
0.6 0.6 0.6
0.6 0.6 0.6
0.6 0.6 0.6
0.6 0.6 0.6
0.6 0.6 0.6
0.6 0.6 0.6
0.6 0.6 0.6
0.6 0.6 0.6
0.6 0.6 0.6
0.6 0.6 0.6
0.6 0.6 0.6
0.6 0.6 0.6
0.6 0.6 0.6
0.6 0.6 0.6
0.6 0.6 0.6
0.6 0.6 0.6
0.6 0.6 0.6
0.6 0.6 0.6
0.6 0.6 0.6
0.6 0.6 0.6
0.6 0.6 0.6
0.6 0.6 0.6
0.6 0.6 0.6
0.6 0.6 0.6
0.6 0.6 0.6
0.6 0.6 0.6
0.6 0.6 0.6
0.6 0.6 0.6
0.6 0.6 0.6
0.6 0.6 0.6
0.6 0.6 0.6
0.6 0.6 0.6
0.6 0.6 0.6
0.6 0.6 0.6
0.6 0.6 0.6
0.6 0.6 0.6
0.6 0.6 0.6
0.6 0.6 0.6
0.6 0.6 0.6
0.6 0.6 0.6
0.6 0.6 0.6
0.6 0.6 0.6
0.6 0.6 0.6
0.6 0.6 0.6
0.6 0.6 0.6
0.6 0.6 0.6
0.6 0.6 0.6
0.6 0.6 0.6
0.6 0.6 0.6
0.6 0.6 0.6
0.6 0.6 0.6
0.6 0.6 0.6
0.6 0.6 0.6
0.6 0.6 0.6
0.6 0.6 0.6
0.6 0.6 0.6
0.6 0.6 0.6
0.6 0.6 0.6
0.6 0.6 0.6
0.6 0.6 0.6
0.6 0.6 0.6
0.6 0.6 0.6
0.6 0.6 0.6
0.6 0.6 0.6
0.6 0.6 0.6
0.6 0.6 0.6
0.6 0.6 0.6
0.6 0.6 0.6
0.6 0.6 0.6
0.6 0.6 0.6
0.6 0.6 0.6
0.6 0.6 0.6
0.6 0.6 0.6
0.6 0.6 0.6
0.6 0.6 0.6
0.6 0.6 0.6
0.6 0.6 0.6
0.6 0.6 0.6
0.6 0.6 0.6
0.6 0.6 0.6
0.6 0.6 0.6
0.6 0.6 0.6
0.6 0.6 0.6
0.6 0.6 0.6
0.6 0.6 0.6
0.6 0.6 0.6
0.6 0.6 0.6
0.6 0.6 0.6
0.6 0.6 0.6
0.6 0.6 0.6
0.6 0.6 0.6
0.6 0.6 0.6
0.6 0.6 0.6
0.6 0.6 0.6
0.6 0.6 0.6
0.6 0.6 0.6
0.6 0.6 0.6
0.6 0.6 0.6
0.6 0.6 0.6
0.6 0.6 0.6
0.6 0.6 0.6
0.6 0.6 0.6
0.6 0.6 0.6
0.6 0.6 0.6
0.6 0.6 0.6
0.6 0.6 0.6
0.6 0.6 0.6
0.6 0.6 0.6
0.6 0.6 0.6
0.6 0.6 0.6
0.6 0.6 0.6
0.6 0.6 0.6
0.6 0.6 0.6
0.6 0.6 0.6
0.6 0.6 0.6
0.6 0.6 0.6
0.6 0.6 0.6
0.6 0.6 0.6
0.6 0.6 0.6
0.6 0.6 0.6
0.6 0.6 0.6
0.6 0.6 0.6
0.6 0.6 0.6
0.6 0.6 0.6
0.6 0.6 0.6
0.6 0.6 0.6
0.6 0.6 0.6
0.6 0.6 0.6
0.6 0.6 0.6
0.6 0.6 0.6
0.6 0.6 0.6
0.6 0.6 0.6
0.6 0.6 0.6
0.6 0.6 0.6
0.6 0.6 0.6
0.6 0.6 0.6
0.6 0.6 0.6
0.6 0.6 0.6
0.6 0.6 0.6
0.6 0.6 0.6
0.6 0.6 0.6
0.6 0.6 0.6
0.6 0.6 0.6
0.6 0.6 0.6
0.6 0.6 0.6
0.6 0.6 0.6
0.6 0.6 0.6
0.6 0.6 0.6
0.6 0.6 0.6
0.6 0.6 0.6
0.6 0.6 0.6
0.6 0.6 0.6
0.6 0.6 0.6
0.6 0.6 0.6
0.6 0.6 0.6
0.6 0.6 0.6
0.6 0.6 0.6
0.6 0.6 0.6
0.6 0.6 0.6
0.6 0.6 0.6
0.6 0.6 0.6
0.6 0.6 0.6
0.6 0.6 0.6
0.6 0.6 0.6
0.6 0.6 0.6
0.6 0.6 0.6
0.6 0.6 0.6
0.6 0.6 0.6
0.6 0.6 0.6
0.6 0.6 0.6
0.6 0.6 0.6
0.6 0.6 0.6
0.6 0.6 0.6
0.6 0.6 0.6
0.6 0.6 0.6
0.6 0.6 0.6
0.6 0.6 0.6
0.6 0.6 0.6
0.6 0.6 0.6
0.6 0.6 0.6
0.6 0.6 0.6
0.6 0.6 0.6
0.6 0.6 0.6
0.6 0.6 0.6
0.6 0.6 0.6
0.6 0.6 0.6
0.6 0.6 0.6
0.6 0.6 0.6
0.6 0.6 0.6
0.6 0.6 0.6
0.6 0.6 0.6
0.6 0.6 0.6
0.6 0.6 0.6
0.6 0.6 0.6
0.6 0.6 0.6
0.6 0.6 0.6
0.6 0.6 0.6
0.6 0.6 0.6
0.6 0.6 0.6
0.6 0.6 0.6
0.6 0.6 0.6
0.6 0.6 0.6
0.6 0.6 0.6
0.6 0.6 0.6
0.6 0.6 0.6
0.6 0.6 0.6
0.6 0.6 0.6
0.6 0.6 0.6
0.6 0.6 0.6
0.6 0.6 0.6
0.6 0.6 0.6
0.6 0.6 0.6
0.6 0.6 0.6
0.6 0.6 0.6
0.6 0.6 0.6
0.6 0.6 0.6
0.6 0.6 0.6
0.6 0.6 0.6
0.6 0.6 0.6
0.6 0.6 0.6
0.6 0.6 0.6
0.6 0.6 0.6
0.6 0.6 0.6
0.6 0.6 0.6
0.6 0.6 0.6
0.6 0.6 0.6
0.6 0.6 0.6
0.6 0.6 0.6
0.6 0.6 0.6
0.6 0.6 0.6
0.6 0.6 0.6
0.6 0.6 0.6
0.6 0.6 0.6
0.6 0.6 0.6
0.6 0.6 0.6
0.6 0.6 0.6
0.6 0.6 0.6
0.6 0.6 0.6
0.6 0.6 0.6
0.6 0.6 0.6
0.6 0.6 0.6
0.6 0.6 0.6
0.6 0.6 0.6
0.6 0.6 0.6
0.6 0.6 0.6
0.6 0.6 0.6
0.6 0.6 0.6
0.6 0.6 0.6
0.6 0.6 0.6
0.6 0.6 0.6
0.6 0.6 0.6
0.6 0.6 0.6
0.6 0.6 0.6
0.6 0.6 0.6
0.6 0.6 0.6
0.6 0.6 0.6
0.6 0.6 0.6
0.6 0.6 0.6
0.6 0.6 0.6
0.6 0.6 0.6
0.6 0.6 0.6
0.6 0.6 0.6
0.6 0.6 0.6
0.6 0.6 0.6
0.6 0.6 0.6
0.6 0.6 0.6
0.6 0.6 0.6
0.6 0.6 0.6
0.6 0.6 0.6
0.6 0.6 0.6
0.6 0.6 0.6
0.6 0.6 0.6
0.6 0.6 0.6
0.6 0.6 0.6
0.6 0.6 0.6
0.6 0.6 0.6
0.6 0.6 0.6
0.6 0.6 0.6
0.6 0.6 0.6
0.6 0.6 0.6
0.6 0.6 0.6
0.6 0.6 0.6
0.6 0.6 0.6
0.6 0.6 0.6
0.6 0.6 0.6
0.6 0.6 0.6
0.6 0.6 0.6
0.6 0.6 0.6
0.6 0.6 0.6
0.6 0.6 0.6
0.6 0.6 0.6
0.6 0.6 0.6
0.6 0.6 0.6
0.6 0.6 0.6
0.6 0.6 0.6
0.6 0.6 0.6
0.6 0.6 0.6
0.6 0.6 0.6
0.6 0.6 0.6
0.6 0.6 0.6
0.6 0.6 0.6
0.6 0.6 0.6
0.6 0.6 0.6
0.6 0.6 0.6
0.6 0.6 0.6
0.6 0.6 0.6
0.6 0.6 0.6
0.6 0.6 0.6
0.6 0.6 0.6
0.6 0.6 0.6
0.6 0.6 0.6
0.6 0.6 0.6
0.6 0.6 0.6
0.6 0.6 0.6
0.6 0.6 0.6
0.6 0.6 0.6
0.6 0.6 0.6
0.6 0.6 0.6
0.6 0.6 0.6
0.6 0.6 0.6
0.6 0.6 0.6
0.6 0.6 0.6
0.6 0.6 0.6
0.6 0.6 0.6
0.6 0.6 0.6
0.6 0.6 0.6
0.6 0.6 0.6
0.6 0.6 0.6
0.6 0.6 0.6
0.6 0.6 0.6
0.6 0.6 0.6
0.6 0.6 0.6
0.6 0.6 0.6
0.6 0.6 0.6
0.6 0.6 0.6
0.6 0.6 0.6
0.6 0.6 0.6
0.6 0.6 0.6
0.6 0.6 0.6
0.6 0.6 0.6
0.6 0.6 0.6
0.6 0.6 0.6
0.6 0.6 0.6
0.6 0.6 0.6
0.6 0.6 0.6
0.6 0.6 0.6
0.6 0.6 0.6
0.6 0.6 0.6
0.6 0.6 0.6
0.6 0.6 0.6
0.6 0.6 0.6
0.6 0.6 0.6
0.6 0.6 0.6
0.6 0.6 0.6
0.6 0.6 0.6
0.6 0.6 0.6
0.6 0.6 0.6
0.6 0.6 0.6
0.6 0.6 0.6
0.6 0.6 0.6
0.6 0.6 0.6
0.6 0.6 0.6
0.6 0.6 0.6
0.6 0.6 0.6
0.6 0.6 0.6
0.6 0.6 0.6
0.6 0.6 0.6
0.6 0.6 0.6
0.6 0.6 0.6
0.6 0.6 0.6
0.6 0.6 0.6
0.6 0.6 0.6
0.6 0.6 0.6
0.6 0.6 0.6
0.6 0.6 0.6
0.6 0.6 0.6
0.6 0.6 0.6
0.6 0.6 0.6
0.6 0.6 0.6
0.6 0.6 0.6
0.6 0.6 0.6
0.6 0.6 0.6
0.6 0.6 0.6
0.6 0.6 0.6
0.6 0.6 0.6
0.6 0.6 0.6
0.6 0.6 0.6
0.6 0.6 0.6
0.6 0.6 0.6
0.6 0.6 0.6
0.6 0.6 0.6
0.6 0.6 0.6
0.6 0.6 0.6
0.6 0.6 0.6
0.6 0.6 0.6
0.6 0.6 0.6
0.6 0.6 0.6
0.6 0.6 0.6
0.6 0.6 0.6
0.6 0.6 0.6
0.6 0.6 0.6
0.6 0.6 0.6
0.6 0.6 0.6
0.6 0.6 0.6
0.6 0.6 0.6
0.6 0.6 0.6
0.6 0.6 0.6
0.6 0.6 0.6
0.6 0.6 0.6
0.6 0.6 0.6
0.6 0.6 0.6
0.6 0.6 0.6
0.6 0.6 0.6
0.6 0.6 0.6
0.58992 0.598944 0.6
0.6 0.6 0.6
0.6 0.6 0.6
0.59408 0.598208 0.6
0.6 0.6 0.6
0.6 0.6 0.6
0.58144 0.597092 0.6
0.6 0.6 0.6
0.583 0.594748 0.6
0.6 0.6 0.6
0.6 0.6 0.6
0.5806 0.595824 0.6
0.6 0.6 0.6
0.6 0.6 0.6
0.5904 0.596224 0.6
0.6 0.6 0.6
0.6 0.6 0.6
0.53572 0.583256 0.6
0.6 0.6 0.6
0.52596 0.574392 0.6
0.6 0.6 0.6
0.6 0.6 0.6
0.52992 0.57434 0.6
0.47736 0.509876 0.56156
0.6 0.6 0.6
0.6 0.6 0.6
0.446 0.538304 0.59472
0.6 0.6 0.6
0.6 0.6 0.6
0.42892 0.527228 0.59088
0.6 0.6 0.6
0.4382 0.481048 0.53392
0.6 0.6 0.6
0.4576 0.52474 0.58072
0.6 0.6 0.6
0.6 0.6 0.6
0.43352 0.515408 0.57156
0.6 0.6 0.6
0.41956 0.461472 0.51476
0.6 0.6 0.6
0.6 0.6 0.6
0.38564 0.444016 0.52876
0.6 0.6 0.6
0.38964 0.435868 0.4926
0.6 0.6 0.6
0.3996 0.429396 0.49332
0.6 0.6 0.6
0.6 0.6 0.6
0.40364 0.440632 0.4904
0.6 0.6 0.6
0.40672 0.461984 0.52208
0.6 0.6 0.6
0.6 0.6 0.6
0.4086 0.45056 0.48392
0.6 0.6 0.6
0.41888 0.469948 0.53316
0.6 0.6 0.6
0.37952 0.427888 0.46428
0.6 0.6 0.6
0.6 0.6 0.6
0.43804 0.468164 0.5288
0.6 0.6 0.6
0.43148 0.46866 0.5426
0.6 0.6 0.6
0.6 0.6 0.6
0.43568 0.463812 0.49484
0.4412 0.467416 0.54576
0.6 0.6 0.6
0.6 0.6 0.6
0.43632 0.477488 0.54036
0.6 0.6 0.6
0.44636 0.475644 0.5264
0.6 0.6 0.6
0.6 0.6 0.6
0.426 0.450896 0.47376
0.6 0.6 0.6
0.6 0.6 0.6
0.4266 0.449512 0.46596
0.43064 0.44944 0.48348
0.6 0.6 0.6
0.6 0.6 0.6
0.3926 0.425808 0.4466
0.6 0.6 0.6
0.4192 0.437236 0.47828
0.6 0.6 0.6
0.6 0.6 0.6
0.41824 0.4236 0.4354
0.40024 0.438316 0.4912
0.6 0.6 0.6
0.6 0.6 0.6
0.42756 0.455356 0.48664
0.6 0.6 0.6
0.6 0.6 0.6
0.42912 0.461396 0.50552
0.6 0.6 0.6
0.41768 0.456072 0.48988
0.6 0.6 0.6
0.6 0.6 0.6
0.40932 0.442816 0.48944
0.4324 0.448924 0.49616
0.6 0.6 0.6
0.6 0.6 0.6
0.40616 0.456064 0.5364
0.6 0.6 0.6
0.43416 0.454964 0.51744
0.6 0.6 0.6
0.6 0.6 0.6
0.42632 0.444476 0.47388
0.6 0.6 0.6
0.6 0.6 0.6
0.41452 0.427892 0.45488
0.6 0.6 0.6
0.41068 0.437488 0.53432
0.6 0.6 0.6
0.4258 0.441332 0.49644
0.6 0.6 0.6
0.6 0.6 0.6
0.41112 0.429984 0.4888
0.6 0.6 0.6
0.38464 0.399036 0.43836
0.6 0.6 0.6
0.38468 0.406172 0.49724
0.6 0.6 0.6
0.6 0.6 0.6
0.38792 0.418688 0.46728
0.6 0.6 0.6
0.38732 0.419564 0.43872
0.6 0.6 0.6
0.6 0.6 0.6
0.38768 0.442024 0.525
0.6 0.6 0.6
0.40856 0.431804 0.4758
0.6 0.6 0.6
0.6 0.6 0.6
0.40728 0.433668 0.45392
0.6 0.6 0.6
0.42816 0.450204 0.48128
0.6 0.6 0.6
0.6 0.6 0.6
0.41172 0.432964 0.49104
0.6 0.6 0.6
0.38396 0.427016 0.48796
0.6 0.6 0.6
0.38096 0.420412 0.45276
0.6 0.6 0.6
0.39168 0.426584 0.51204
0.6 0.6 0.6
0.40492 0.437956 0.52132
0.39688 0.425176 0.48096
0.6 0.6 0.6
0.40584 0.438784 0.51916
0.6 0.6 0.6
0.39028 0.418568 0.44048
0.6 0.6 0.6
0.40064 0.425492 0.4564
0.39616 0.437912 0.47868
0.6 0.6 0.6
0.3968 0.4572 0.557
0.6 0.6 0.6
0.39676 0.412448 0.42124
0.37484 0.427328 0.47404
0.6 0.6 0.6
0.37268 0.45002 0.55516
0.6 0.6 0.6
0.37944 0.427556 0.496
0.37652 0.409328 0.48488
0.6 0.6 0.6
0.37644 0.405268 0.43324
0.36204 0.410692 0.465
0.6 0.6 0.6
0.35484 0.409128 0.48056
0.6 0.6 0.6
0.34888 0.401244 0.4436
0.38852 0.406496 0.4472
0.6 0.6 0.6
0.38976 0.42262 0.46188
0.40444 0.442192 0.49716
0.6 0.6 0.6
0.3846 0.432368 0.49896
0.6 0.6 0.6
0.37296 0.440636 0.52816
0.36072 0.4101 0.4616
0.6 0.6 0.6
0.37332 0.41852 0.49788
0.6 0.6 0.6
0.3602 0.418396 0.47504
0.36772 0.406188 0.46404
0.6 0.6 0.6
0.38808 0.443284 0.4898
0.37448 0.43084 0.55304
0.6 0.6 0.6
0.4006 0.447524 0.58176
0.6 0.6 0.6
0.39136 0.43968 0.52264
0.37392 0.399976 0.42516
0.6 0.6 0.6
0.37612 0.437216 0.5608
0.6 0.6 0.6
0.37752 0.42448 0.53648
0.39752 0.42842 0.47396
0.6 0.6 0.6
0.38724 0.4133 0.46324
0.6 0.6 0.6
0.40884 0.43996 0.54276
0.6 0.6 0.6
0.39524 0.420556 0.44652
0.36072 0.409168 0.43572
0.6 0.6 0.6
0.37924 0.414628 0.43416
0.6 0.6 0.6
0.35484 0.40098 0.47888
0.37784 0.425544 0.57072
0.6 0.6 0.6
0.3722 0.388172 0.42496
0.6 0.6 0.6
0.35364 0.401224 0.44088
0.31612 0.405312 0.45252
0.6 0.6 0.6
0.34884 0.409132 0.46756
0.3756 0.402836 0.46864
0.6 0.6 0.6
0.36188 0.380628 0.4228
0.35912 0.388652 0.41472
0.6 0.6 0.6
0.347 0.378256 0.4354
0.6 0.6 0.6
0.34684 0.385536 0.40908
0.34904 0.383272 0.41128
0.6 0.6 0.6
0.36028 0.402012 0.4694
0.38024 0.41592 0.48956
0.6 0.6 0.6
0.3676 0.426596 0.5814
0.6 0.6 0.6
0.41336 0.442196 0.50508
0.39952 0.437948 0.55732
0.6 0.6 0.6
0.38208 0.42496 0.46184
0.6 0.6 0.6
0.39444 0.428664 0.495
0.6 0.6 0.6
0.35348 0.416492 0.48988
0.3748 0.394688 0.4046
0.6 0.6 0.6
0.35136 0.415516 0.47016
0.6 0.6 0.6
0.37356 0.401588 0.41948
0.36452 0.414136 0.5568
0.6 0.6 0.6
0.35768 0.393556 0.41332
0.6 0.6 0.6
0.35092 0.375704 0.39608
0.35416 0.383868 0.43776
0.6 0.6 0.6
0.3588 0.40286 0.46512
0.6 0.6 0.6
0.35232 0.395848 0.43132
0.38572 0.406024 0.47996
0.6 0.6 0.6
0.37368 0.399952 0.4282
0.6 0.6 0.6
0.3618 0.391524 0.42508
0.36176 0.390636 0.42816
0.6 0.6 0.6
0.3512 0.386236 0.40408
0.6 0.6 0.6
0.37576 0.391916 0.41932
0.35776 0.391428 0.4296
0.6 0.6 0.6
0.35964 0.3919 0.42308
0.6 0.6 0.6
0.35636 0.393752 0.45104
0.35604 0.387172 0.43672
0.6 0.6 0.6
0.35512 0.393456 0.44648
0.6 0.6 0.6
0.35648 0.379288 0.41316
0.6 0.6 0.6
0.36016 0.399196 0.53712
0.34128 0.36038 0.37836
0.6 0.6 0.6
0.34504 0.365296 0.38452
0.35376 0.368512 0.38636
0.6 0.6 0.6
0.35672 0.390024 0.40784
0.6 0.6 0.6
0.35596 0.387652 0.43716
0.36596 0.388468 0.425
0.6 0.6 0.6
0.3716 0.385236 0.41368
0.6 0.6 0.6
0.40236 0.414224 0.45548
0.378 0.392176 0.42692
0.6 0.6 0.6
0.37384 0.402008 0.42748
0.6 0.6 0.6
0.36996 0.380352 0.39396
0.34796 0.371668 0.39524
0.6 0.6 0.6
0.3578 0.376 0.41756
0.6 0.6 0.6
0.35908 0.38888 0.42292
0.35036 0.384672 0.43328
0.6 0.6 0.6
0.35804 0.37768 0.40316
0.6 0.6 0.6
0.34328 0.372244 0.44664
0.34816 0.383488 0.4202
0.6 0.6 0.6
0.35812 0.392244 0.42348
0.6 0.6 0.6
0.36912 0.388684 0.43448
0.36756 0.394276 0.42724
0.6 0.6 0.6
0.34748 0.37836 0.39916
0.6 0.6 0.6
0.33356 0.38858 0.42948
0.35688 0.387928 0.44492
0.6 0.6 0.6
0.37024 0.408144 0.46368
0.6 0.6 0.6
0.36504 0.42558 0.46532
0.6 0.6 0.6
0.37388 0.410416 0.42412
0.39224 0.40564 0.42936
0.6 0.6 0.6
0.39584 0.424008 0.45648
0.6 0.6 0.6
0.3874 0.407384 0.43116
0.6 0.6 0.6
0.35752 0.389924 0.41244
0.3574 0.386516 0.4016
0.6 0.6 0.6
0.34964 0.382212 0.4202
0.6 0.6 0.6
0.39296 0.403576 0.41852
0.35448 0.393464 0.434
0.6 0.6 0.6
0.3828 0.409188 0.46224
0.6 0.6 0.6
0.35692 0.383428 0.41944
0.3492 0.3806 0.4112
0.6 0.6 0.6
0.38444 0.405768 0.43972
0.6 0.6 0.6
0.34732 0.378308 0.40488
0.36872 0.383192 0.43428
0.6 0.6 0.6
0.36448 0.387816 0.42356
0.6 0.6 0.6
0.35416 0.379836 0.42076
0.6 0.6 0.6
0.35468 0.397092 0.55632
0.34364 0.381572 0.4394
0.6 0.6 0.6
0.35196 0.380276 0.40292
0.6 0.6 0.6
0.36828 0.38208 0.40952
0.34872 0.370288 0.39812
0.6 0.6 0.6
0.33064 0.364172 0.39572
0.6 0.6 0.6
0.34656 0.364684 0.38128
0.33488 0.364096 0.41236
0.6 0.6 0.6
0.342 0.367944 0.39732
0.6 0.6 0.6
0.34252 0.363288 0.378
0.3638 0.384024 0.41716
0.6 0.6 0.6
0.35256 0.38518 0.43636
0.6 0.6 0.6
0.3522 0.376792 0.39704
0.35876 0.379028 0.41076
0.6 0.6 0.6
0.336 0.389448 0.4312
0.6 0.6 0.6
0.38236 0.394108 0.41692
0.36804 0.39848 0.453
0.6 0.6 0.6
0.37028 0.396492 0.41724
0.6 0.6 0.6
0.39948 0.4152 0.46128
0.36536 0.396432 0.41964
0.6 0.6 0.6
0.36148 0.396916 0.42988
0.6 0.6 0.6
0.36384 0.391916 0.4164
0.6 0.6 0.6
0.35564 0.388092 0.44072
0.33556 0.371996 0.38516
0.6 0.6 0.6
0.33252 0.365108 0.39528
0.35012 0.368012 0.3874
0.6 0.6 0.6
0.35096 0.378992 0.40284
0.6 0.6 0.6
0.33308 0.370884 0.3966
0.34104 0.365616 0.38748
0.6 0.6 0.6
0.34736 0.379572 0.46436
0.6 0.6 0.6
0.3456 0.367376 0.38048
0.6 0.6 0.6
0.36116 0.368836 0.37664
0.35084 0.382512 0.40716
0.6 0.6 0.6
0.35036 0.386512 0.41492
0.6 0.6 0.6
0.3534 0.369076 0.40332
0.35084 0.384528 0.43028
0.6 0.6 0.6
0.35944 0.376236 0.38832
0.6 0.6 0.6
0.35272 0.378032 0.3952
0.33704 0.369352 0.3972
0.6 0.6 0.6
0.3248 0.362044 0.39308
0.6 0.6 0.6
0.33688 0.363432 0.41648
0.34232 0.37056 0.4112
0.6 0.6 0.6
0.3408 0.376844 0.39464
0.6 0.6 0.6
0.361 0.382416 0.40756
0.35996 0.38168 0.4124
0.6 0.6 0.6
0.35808 0.39286 0.43012
0.6 0.6 0.6
0.36332 0.392224 0.44504
0.36272 0.3922 0.41768
0.6 0.6 0.6
0.3716 0.388976 0.42468
0.6 0.6 0.6
0.367 0.386252 0.40432
0.3378 0.376784 0.42916
0.6 0.6 0.6
0.3294 0.368216 0.4264
0.6 0.6 0.6
0.35672 0.382832 0.4236
0.35564 0.383748 0.45076
0.6 0.6 0.6
0.34088 0.377404 0.42292
0.6 0.6 0.6
0.35236 0.381548 0.40716
0.38988 0.405984 0.42744
0.6 0.6 0.6
0.37928 0.402876 0.44864
0.6 0.6 0.6
0.38012 0.408804 0.42916
0.6 0.6 0.6
0.40496 0.424436 0.45756
0.39732 0.409808 0.43296
0.6 0.6 0.6
0.3968 0.416688 0.44996
0.6 0.6 0.6
0.3938 0.415744 0.45776
0.402 0.432156 0.47492
0.6 0.6 0.6
0.4128 0.427944 0.44728
0.6 0.6 0.6
0.38024 0.424208 0.46464
0.6 0.6 0.6
0.3916 0.41304 0.44596
0.39188 0.421848 0.45352
0.6 0.6 0.6
0.38192 0.413948 0.4572
0.6 0.6 0.6
0.34048 0.373552 0.39732
0.36176 0.38748 0.40404
0.6 0.6 0.6
0.36292 0.393464 0.44152
0.6 0.6 0.6
0.34356 0.391444 0.45172
0.36436 0.396068 0.42632
0.6 0.6 0.6
0.36944 0.39772 0.44672
0.6 0.6 0.6
0.37016 0.403648 0.44436
0.6 0.6 0.6
0.37828 0.40424 0.42924
0.36568 0.404092 0.48116
0.6 0.6 0.6
0.3566 0.39356 0.4546
0.6 0.6 0.6
0.353 0.39242 0.43468
0.37736 0.401632 0.43664
0.6 0.6 0.6
0.35072 0.389032 0.47136
0.6 0.6 0.6
0.34768 0.403408 0.47412
0.3484 0.38836 0.4232
0.6 0.6 0.6
0.36508 0.389032 0.4152
0.6 0.6 0.6
0.3616 0.390316 0.44136
0.6 0.6 0.6
0.35392 0.388448 0.42036
0.34596 0.387832 0.45276
0.6 0.6 0.6
0.35008 0.398408 0.5042
0.6 0.6 0.6
0.35132 0.377596 0.40616
0.35364 0.378836 0.42016
0.6 0.6 0.6
0.35344 0.37986 0.42664
0.6 0.6 0.6
0.3458 0.378052 0.40288
0.35572 0.390856 0.47852
0.6 0.6 0.6
0.34896 0.387652 0.43388
0.6 0.6 0.6
0.3826 0.404536 0.50296
0.6 0.6 0.6
0.34312 0.39976 0.46624
0.36852 0.3978 0.43784
0.6 0.6 0.6
0.36024 0.415964 0.45284
0.6 0.6 0.6
0.39748 0.423892 0.45632
0.6 0.6 0.6
0.38908 0.415396 0.45508
0.38612 0.420316 0.447
0.6 0.6 0.6
0.37472 0.403116 0.46576
0.6 0.6 0.6
0.37364 0.41318 0.4406
0.6 0.6 0.6
0.37896 0.412392 0.44908
0.3786 0.40704 0.464
0.6 0.6 0.6
0.38336 0.408084 0.45352
0.6 0.6 0.6
0.37476 0.393772 0.41612
0.6 0.6 0.6
0.369 0.391672 0.4418
0.37172 0.389968 0.40588
0.6 0.6 0.6
0.36724 0.39676 0.42988
0.6 0.6 0.6
0.35848 0.390148 0.44316
0.6 0.6 0.6
0.35028 0.407184 0.45072
0.36684 0.397968 0.46908
0.6 0.6 0.6
0.36144 0.383516 0.41216
0.6 0.6 0.6
0.38108 0.412784 0.44592
0.6 0.6 0.6
0.38372 0.41112 0.44164
0.38536 0.4186 0.51116
0.6 0.6 0.6
0.37932 0.398252 0.42624
0.6 0.6 0.6
0.34424 0.37644 0.40224
0.35524 0.380916 0.41376
0.6 0.6 0.6
0.35664 0.377452 0.40384
0.6 0.6 0.6
0.37684 0.393648 0.408
0.6 0.6 0.6
0.38292 0.402816 0.43552
0.36936 0.40428 0.43196
0.6 0.6 0.6
0.36116 0.38016 0.42392
0.6 0.6 0.6
0.3606 0.383264 0.4188
0.6 0.6 0.6
0.36104 0.3847 0.41596
0.36568 0.388856 0.43056
0.6 0.6 0.6
0.35836 0.383464 0.41108
0.6 0.6 0.6
0.35364 0.39172 0.43708
0.6 0.6 0.6
0.345 0.377764 0.4066
0.35684 0.38156 0.41244
0.6 0.6 0.6
0.35692 0.376508 0.39
0.6 0.6 0.6
0.364 0.384852 0.3962
0.6 0.6 0.6
0.37656 0.395432 0.42544
0.36012 0.395156 0.41488
0.6 0.6 0.6
0.3532 0.375888 0.42956
0.6 0.6 0.6
0.36148 0.384976 0.40592
0.369 0.385848 0.40248
0.6 0.6 0.6
0.35104 0.382964 0.41272
0.6 0.6 0.6
0.35992 0.374648 0.40716
0.6 0.6 0.6
0.35772 0.381104 0.42144
0.35724 0.37474 0.40056
0.6 0.6 0.6
0.3516 0.379076 0.40696
0.6 0.6 0.6
0.34332 0.36108 0.38208
0.6 0.6 0.6
0.35284 0.379932 0.39476
0.34356 0.358512 0.38248
0.6 0.6 0.6
0.3556 0.369092 0.39352
0.6 0.6 0.6
0.36388 0.387296 0.41328
0.36716 0.389068 0.42296
0.6 0.6 0.6
0.36388 0.387004 0.437
0.6 0.6 0.6
0.36772 0.398552 0.42492
0.6 0.6 0.6
0.36104 0.394988 0.41468
0.36804 0.394952 0.43232
0.6 0.6 0.6
0.37768 0.392268 0.4098
0.6 0.6 0.6
0.37008 0.3949 0.40944
0.6 0.6 0.6
0.37428 0.394272 0.4398
0.3588 0.385688 0.40716
0.6 0.6 0.6
0.36008 0.39462 0.4244
0.6 0.6 0.6
0.38 0.395316 0.41656
0.6 0.6 0.6
0.35008 0.372796 0.39476
0.34304 0.387056 0.42808
0.6 0.6 0.6
0.35684 0.392232 0.41032
0.6 0.6 0.6
0.37848 0.38998 0.40228
0.6 0.6 0.6
0.36884 0.397224 0.42208
0.35516 0.385008 0.40968
0.6 0.6 0.6
0.35396 0.39068 0.42724
0.6 0.6 0.6
0.38036 0.392404 0.39992
0.6 0.6 0.6
0.36648 0.392152 0.3996
0.38368 0.393396 0.4086
0.6 0.6 0.6
0.3394 0.386436 0.40204
0.6 0.6 0.6
0.36744 0.393016 0.44516
0.6 0.6 0.6
0.37676 0.418816 0.53552
0.6 0.6 0.6
0.37628 0.39968 0.42172
0.3738 0.40018 0.41532
0.6 0.6 0.6
0.37348 0.386888 0.42096
0.6 0.6 0.6
0.36612 0.389536 0.41112
0.6 0.6 0.6
0.36212 0.38258 0.4218
0.35836 0.388256 0.43248
0.6 0.6 0.6
0.37868 0.402812 0.44368
0.6 0.6 0.6
0.3746 0.394116 0.432
0.38296 0.392976 0.4054
0.6 0.6 0.6
0.362 0.374416 0.39024
0.6 0.6 0.6
0.3612 0.382724 0.41208
0.3634 0.378108 0.40208
0.6 0.6 0.6
0.35124 0.374732 0.3884
0.3632 0.389872 0.46888
0.6 0.6 0.6
0.36296 0.376972 0.39508
0.6 0.6 0.6
0.34948 0.381484 0.42292
0.36312 0.386316 0.43076
0.6 0.6 0.6
0.37408 0.404272 0.44312
0.3656 0.393588 0.4344
0.6 0.6 0.6
0.36084 0.386704 0.40788
0.6 0.6 0.6
0.34996 0.383372 0.4174
0.36552 0.389808 0.41884
0.6 0.6 0.6
0.34648 0.383784 0.41628
0.6 0.6 0.6
0.36372 0.386264 0.42596
0.35412 0.383208 0.39588
0.6 0.6 0.6
0.365 0.386172 0.3972
0.34856 0.381664 0.3956
0.6 0.6 0.6
0.36424 0.383828 0.39932
0.6 0.6 0.6
0.37512 0.391148 0.41744
0.37888 0.395216 0.422
0.6 0.6 0.6
0.37088 0.39462 0.4192
0.6 0.6 0.6
0.37728 0.391972 0.42
0.38028 0.40542 0.45576
0.6 0.6 0.6
0.3978 0.419096 0.44172
0.37196 0.401508 0.45152
0.6 0.6 0.6
0.37176 0.400644 0.42432
0.6 0.6 0.6
0.37632 0.411792 0.42936
0.40444 0.41676 0.42832
0.6 0.6 0.6
0.36924 0.411244 0.43556
0.6 0.6 0.6
0.35608 0.38938 0.43148
0.37076 0.385904 0.39668
0.6 0.6 0.6
0.38764 0.397688 0.42004
0.6 0.6 0.6
0.39136 0.407668 0.4264
0.37956 0.40192 0.41424
0.6 0.6 0.6
0.37768 0.414068 0.4438
0.6 0.6 0.6
0.3786 0.419356 0.46984
0.40516 0.427996 0.44848
0.6 0.6 0.6
0.3762 0.407616 0.46068
0.6 0.6 0.6
0.38456 0.429764 0.473
0.39156 0.406124 0.41928
0.6 0.6 0.6
0.37304 0.413036 0.42952
0.3652 0.397924 0.4172
0.6 0.6 0.6
0.35812 0.404048 0.42224
0.6 0.6 0.6
0.36164 0.38046 0.40984
0.36024 0.379284 0.39572
0.6 0.6 0.6
0.36156 0.397292 0.43572
0.38428 0.396224 0.40508
0.39528 0.400752 0.43016
0.38072 0.398848 0.43296
0.3768 0.405996 0.45432
0.3872 0.41006 0.45728
0.40152 0.406796 0.41472
0.37668 0.401672 0.43328
0.35124 0.395288 0.47232
0.38288 0.409404 0.4414
0.36988 0.41092 0.4806
0.37836 0.412004 0.44628
0.37908 0.395996 0.42328
0.37672 0.398672 0.43332
0.37088 0.391648 0.42208
0.37616 0.401044 0.42828
0.3696 0.411672 0.42296
0.37852 0.406736 0.42692
0.37436 0.403584 0.42528
0.39412 0.411856 0.42976
0.38216 0.421148 0.44884
0.41096 0.428684 0.50312
0.37052 0.394704 0.43352
0.36884 0.39776 0.42048
0.37636 0.41048 0.43084
0.38608 0.415416 0.4408
0.38608 0.413012 0.46036
0.40152 0.419164 0.44712
0.38212 0.41682 0.49376
0.36588 0.409092 0.43928
0.36756 0.409828 0.43144
0.36776 0.393092 0.41144
0.40044 0.420548 0.45764
0.3764 0.412736 0.43064
0.39432 0.419604 0.43292
0.37372 0.416548 0.47188
0.38624 0.417472 0.44056
0.3834 0.415856 0.4414
0.38272 0.414648 0.45196
0.38216 0.412824 0.456
0.39048 0.412288 0.4462
0.39072 0.416428 0.47368
0.38256 0.407944 0.45084
0.36984 0.410776 0.44364
0.38952 0.409792 0.46316
0.37544 0.407092 0.45756
0.35332 0.377644 0.40444
0.35032 0.38236 0.44664
0.37532 0.389396 0.43896
0.37168 0.388788 0.45168
0.35408 0.38444 0.43172
0.364 0.392236 0.44412
0.37516 0.399396 0.4236
0.37164 0.418428 0.44692
0.38776 0.411064 0.43252
0.38068 0.405048 0.43596
0.3622 0.40474 0.46808
0.3924 0.417392 0.4478
0.40008 0.416 0.4404
0.39536 0.417576 0.43996
0.39324 0.405384 0.42064
0.38256 0.41048 0.48968
0.39176 0.409484 0.42732
0.36924 0.396016 0.42524
0.35964 0.379396 0.40144
0.36704 0.387564 0.39988
0.36168 0.389076 0.47824
0.35436 0.3756 0.40636
0.36468 0.380916 0.43816
0.35108 0.376496 0.3994
0.37392 0.396904 0.44552
0.36872 0.400088 0.43828
0.35768 0.3972 0.42052
0.38724 0.401072 0.4328
0.3876 0.408 0.41964
0.37324 0.406668 0.41724
0.3824 0.401256 0.42432
0.3826 0.40002 0.43416
0.38224 0.396256 0.42952
0.38596 0.423368 0.4406
0.385 0.4157 0.44796
0.38648 0.413112 0.45504
0.37856 0.402464 0.4346
0.37888 0.402036 0.42456
0.38676 0.415436 0.45368
0.3644 0.389008 0.41272
0.37928 0.395944 0.41276
0.37396 0.400112 0.45796
0.37136 0.39808 0.46544
0.36828 0.389756 0.42544
0.37456 0.389644 0.42944
0.359 0.374648 0.4198
0.35536 0.369764 0.42388
0.35328 0.388664 0.43104
0.35856 0.38116 0.40976
0.37708 0.39442 0.40776
0.3824 0.403268 0.42516
0.37948 0.418192 0.44928
0.37108 0.399544 0.43504
0.36044 0.3912 0.4606
0.3702 0.3862 0.43328
0.35268 0.381968 0.41924
0.3622 0.389548 0.41588
0.3462 0.36778 0.40104
0.34792 0.37128 0.4136
0.3508 0.376608 0.4088
0.3666 0.397252 0.49612
0.36404 0.39128 0.48132
0.36116 0.400472 0.49776
0.37056 0.421444 0.50364
0.36964 0.392384 0.419
0.3626 0.401136 0.448
0.36028 0.39588 0.41488
0.34516 0.4101 0.51524
0.38036 0.390384 0.40792
0.35816 0.386772 0.40596
0.37328 0.40532 0.47456
0.36216 0.397892 0.42492
0.3678 0.390936 0.41968
0.38332 0.400372 0.42284
0.36536 0.407484 0.45784
0.345 0.382572 0.4376
0.36576 0.391112 0.42852
0.35952 0.366644 0.37184
0.35612 0.379732 0.41012
0.34732 0.374176 0.39784
0.35312 0.370008 0.37848
0.37212 0.396468 0.50412
0.37416 0.406692 0.50372
0.37164 0.401216 0.51124
0.35628 0.380232 0.41572
0.3664 0.406116 0.49884
0.35576 0.381672 0.39724
0.34772 0.378688 0.40484
0.34456 0.371664 0.39856
0.3558 0.379968 0.42028
0.35188 0.376152 0.44948
0.36372 0.38112 0.40788
0.36236 0.384272 0.40868
0.36588 0.393396 0.42004
0.38628 0.403448 0.4334
0.37436 0.40004 0.43176
0.38852 0.415124 0.46308
0.37912 0.413772 0.45896
0.38484 0.411508 0.45656
0.35936 0.393152 0.4744
0.36816 0.388664 0.4068
0.3804 0.402292 0.45524
0.36532 0.389084 0.41288
0.36608 0.391504 0.41696
0.36516 0.378336 0.40248
0.37816 0.401828 0.42632
0.38352 0.398164 0.42636
0.37592 0.393824 0.42332
0.37556 0.396688 0.42548
0.36948 0.3903 0.42988
0.37444 0.386132 0.39452
0.35248 0.381832 0.38804
0.35732 0.387676 0.41088
0.35904 0.384544 0.39872
0.3472 0.377276 0.41112
0.3612 0.385292 0.4408
0.35604 0.37934 0.39556
0.34888 0.367776 0.40916
0.33928 0.370188 0.41016
0.3496 0.366268 0.39128
0.34924 0.370452 0.39024
0.35176 0.369848 0.41548
0.34424 0.370972 0.4
0.37968 0.401284 0.45528
0.36208 0.410924 0.46912
0.37932 0.409228 0.46208
0.36548 0.393876 0.43144
0.36788 0.388556 0.39464
0.37604 0.391448 0.399
0.37824 0.393056 0.40224
0.36408 0.385928 0.4056
0.37496 0.3909 0.40032
0.35736 0.373552 0.3954
0.3558 0.377864 0.4022
0.3572 0.37222 0.39376
0.3576 0.389068 0.42804
0.35436 0.39414 0.4298
0.35996 0.382528 0.4224
0.37272 0.381728 0.39956
0.37284 0.38898 0.41128
0.37532 0.38962 0.4336
0.36084 0.3856 0.43656
0.36176 0.392296 0.47492
0.35612 0.39284 0.42584
0.35708 0.403616 0.53292
0.37664 0.40678 0.4862
0.34652 0.391752 0.4314
0.38324 0.405488 0.4702
0.36448 0.38918 0.41676
0.36932 0.392212 0.46984
0.33648 0.366196 0.38704
0.34984 0.383364 0.43684
0.34884 0.378252 0.40292
0.35936 0.383464 0.43784
0.34808 0.383992 0.39948
0.35108 0.377748 0.38988
0.35004 0.379492 0.39196
0.35516 0.383304 0.40212
0.35376 0.380884 0.39132
0.35424 0.382008 0.41352
0.3444 0.378996 0.41128
0.3598 0.390988 0.41956
0.35184 0.371968 0.40432
0.35196 0.366184 0.39676
0.36048 0.37342 0.43392
0.3476 0.36126 0.37452
0.3506 0.36896 0.42064
0.3412 0.361984 0.381
0.36316 0.390284 0.43764
0.36568 0.388588 0.42872
0.37996 0.392676 0.429
0.35948 0.399524 0.4486
0.3686 0.397168 0.46152
0.34908 0.378652 0.42004
0.33532 0.379592 0.39552
0.35904 0.388688 0.51908
0.36144 0.375844 0.38488
0.35532 0.373576 0.38852
0.3596 0.391648 0.41764
0.36384 0.381016 0.4152
0.35296 0.386244 0.42424
0.3832 0.394668 0.43056
0.35676 0.3882 0.44552
0.38268 0.393528 0.40232
0.38268 0.39388 0.40328
0.38132 0.413228 0.4694
0.38932 0.413832 0.46496
0.37716 0.408936 0.45748
0.38672 0.409396 0.42424
0.38632 0.409836 0.44716
0.37724 0.404944 0.4388
0.38476 0.392524 0.41348
0.37444 0.40766 0.46232
0.36884 0.406368 0.43944
0.3846 0.404044 0.441
0.37488 0.402268 0.43392
0.369 0.405396 0.44224
0.38948 0.403592 0.43196
0.37596 0.402556 0.42932
0.37564 0.392196 0.41028
0.37144 0.391252 0.412
0.3722 0.398596 0.43592
0.38128 0.395904 0.4218
0.36612 0.402416 0.43152
0.38148 0.40406 0.425
0.36968 0.394668 0.42464
0.35076 0.38046 0.39868
0.36728 0.387208 0.42068
0.37892 0.393928 0.42372
0.37176 0.39428 0.424
0.35844 0.392052 0.41324
0.34948 0.386488 0.41272
0.34308 0.392492 0.42132
0.36616 0.402512 0.43504
0.3742 0.398244 0.43432
0.35132 0.379056 0.4076
0.37464 0.387636 0.40384
0.37432 0.404156 0.42588
0.35892 0.383836 0.399
0.36796 0.400156 0.42576
0.37812 0.395056 0.40516
0.37188 0.392736 0.40384
0.3738 0.394116 0.41208
0.37916 0.39748 0.41044
0.37492 0.394104 0.40848
0.3748 0.39994 0.41984
0.39436 0.407312 0.41804
0.3688 0.396884 0.43476
0.37504 0.393388 0.42244
0.37696 0.398312 0.41804
0.38124 0.40316 0.4258
0.37144 0.389756 0.41724
0.36148 0.379816 0.40924
0.36108 0.371408 0.38012
0.36572 0.372536 0.37972
0.37048 0.384664 0.42068
0.35584 0.370052 0.39236
0.36228 0.388428 0.41588
0.36332 0.385124 0.40976
0.36596 0.388564 0.40968
0.35248 0.394412 0.44188
0.36016 0.392356 0.42368
0.35712 0.38574 0.41884
0.37404 0.396256 0.42536
0.37804 0.397936 0.41448
0.38016 0.399136 0.41872
0.3636 0.392244 0.4044
0.3648 0.388836 0.40424
0.37872 0.39614 0.40808
0.36936 0.408408 0.45292
0.40244 0.411708 0.4222
0.39704 0.41288 0.42116
0.38224 0.399148 0.4226
0.38804 0.413624 0.43956
0.37212 0.403004 0.45644
0.39772 0.421592 0.44448
0.389 0.412048 0.43564
0.38752 0.408312 0.4144
0.37416 0.402068 0.42224
0.374 0.395476 0.42304
0.3784 0.390576 0.41624
0.34828 0.382488 0.39676
0.38816 0.39252 0.40244
0.35932 0.390588 0.40128
0.37228 0.398228 0.41264
0.37684 0.399892 0.41264
0.36044 0.405288 0.41692
0.3794 0.403712 0.42688
0.38068 0.402116 0.42668
0.38656 0.399076 0.42476
0.3748 0.40606 0.44484
0.38404 0.406116 0.43724
0.39768 0.415016 0.48608
0.39548 0.40782 0.4152
0.37716 0.407268 0.42056
0.37628 0.407064 0.42016
0.37804 0.4122 0.44108
0.39384 0.42418 0.45292
0.37916 0.401228 0.434
0.39376 0.404456 0.41828
0.39164 0.410892 0.43676
0.3932 0.405464 0.44216
0.40024 0.414008 0.42368
0.3844 0.406676 0.41652
0.3906 0.406888 0.41956
0.373 0.398532 0.45312
0.37324 0.396476 0.41268
0.37236 0.382836 0.4042
0.3698 0.397968 0.42412
0.3698 0.404924 0.42304
0.36228 0.387116 0.41168
0.3734 0.384208 0.40224
0.37904 0.394152 0.43004
0.3592 0.384992 0.3962
0.3902 0.3958 0.40228
0.38812 0.397724 0.40416
0.38784 0.395628 0.40308
0.38512 0.396516 0.4348
0.38904 0.398084 0.41952
0.38556 0.396372 0.41748
0.38736 0.397768 0.40832
0.38232 0.397784 0.40632
0.39484 0.404604 0.42492
0.375 0.400316 0.41364
0.38944 0.406 0.417
0.39288 0.411868 0.47768
0.37076 0.393412 0.41928
0.37796 0.408748 0.44976
0.36972 0.395248 0.41348
0.37332 0.40144 0.41732
0.3686 0.38064 0.39464
0.37272 0.393468 0.42656
0.3672 0.396372 0.41844
0.36912 0.39746 0.43856
0.36304 0.387596 0.40652
0.37388 0.391892 0.40336
0.37152 0.395372 0.45212
0.37996 0.40454 0.42352
0.38856 0.414028 0.43288
0.3818 0.402552 0.42844
0.38648 0.408804 0.42316
0.36864 0.387116 0.4054
0.36604 0.388436 0.40792
0.36912 0.38418 0.40576
0.36408 0.392156 0.43588
0.37012 0.385768 0.40716
0.3634 0.393752 0.41064
0.38816 0.411864 0.44624
0.37716 0.398712 0.425
0.3762 0.403156 0.45768
0.375 0.404616 0.43384
0.36532 0.408288 0.44444
0.38056 0.416152 0.44776
0.3782 0.402556 0.42304
0.38216 0.41212 0.4392
0.37972 0.413596 0.44072
0.36692 0.404064 0.42028
0.37408 0.40414 0.4372
0.36636 0.397 0.42408
0.38728 0.407812 0.43632
0.36656 0.39186 0.42444
0.3602 0.388724 0.43512
0.37696 0.395504 0.41876
0.38436 0.416864 0.44708
0.37548 0.40532 0.44676
0.40028 0.4333 0.46552
0.41576 0.445304 0.507
0.40928 0.437732 0.50916
0.42552 0.442844 0.46448
0.40056 0.443736 0.48592
0.41124 0.444228 0.49508
0.39704 0.433792 0.51544
0.41136 0.436204 0.5218
0.40424 0.420004 0.45592
0.38976 0.431764 0.45788
0.3868 0.417416 0.44496
0.37392 0.409996 0.45284
0.3912 0.419604 0.50444
0.40724 0.421616 0.44672
0.40708 0.420556 0.45008
0.38816 0.423724 0.46156
0.39368 0.428296 0.47984
0.39404 0.430156 0.5098
0.39928 0.430376 0.44972
0.40368 0.437664 0.49424
0.40356 0.434632 0.49812
0.39484 0.429468 0.45776
