0.3724 0.49176 0.5936
0.3888 0.4724 0.6
0.2988 0.50184 0.6
0.3692 0.47896 0.5792
0.3328 0.50256 0.598
0.4088 0.4844 0.6
0.3028 0.42032 0.4988
0.3512 0.44156 0.5776
0.29 0.435 0.5472
0.3144 0.39204 0.468
0.316 0.42912 0.6
0.3588 0.44384 0.5184
0.3972 0.443 0.536
0.3616 0.43832 0.4976
0.3624 0.4526 0.578
0.3528 0.42988 0.5708
0.3808 0.43528 0.4944
0.3084 0.42044 0.5208
0.3044 0.40424 0.508
0.3804 0.4322 0.4776
0.3272 0.40296 0.5016
0.298 0.3866 0.4616
0.3084 0.38724 0.48
0.31 0.389 0.486
0.3172 0.3822 0.4992
0.3212 0.39368 0.4592
0.328 0.41504 0.484
0.3596 0.43344 0.5152
0.37 0.4414 0.5388
0.3016 0.448 0.562
0.33 0.41396 0.5188
0.3812 0.44004 0.5044
0.38 0.4418 0.516
0.4044 0.462 0.5264
0.3244 0.43684 0.5632
0.3508 0.44928 0.5204
0.3556 0.45552 0.5556
0.402 0.46552 0.5372
0.3596 0.45772 0.6
0.3724 0.49316 0.5748
0.4048 0.47412 0.5468
0.416 0.48348 0.5872
0.402 0.48416 0.598
0.4172 0.49808 0.5756
0.4084 0.50924 0.6
0.2964 0.4372 0.5336
0.394 0.45564 0.5148
0.4076 0.45816 0.532
0.4164 0.49356 0.5668
0.3796 0.47992 0.598
0.4184 0.47312 0.526
0.3852 0.49608 0.598
0.3592 0.4502 0.5532
0.4008 0.48244 0.5848
0.3364 0.44792 0.522
0.3628 0.47584 0.5972
0.3672 0.4538 0.5808
0.4392 0.49016 0.5744
0.3816 0.45032 0.4908
0.3192 0.48504 0.5836
0.328 0.42784 0.4824
0.3396 0.445 0.5776
0.4092 0.45556 0.5496
0.3108 0.44948 0.5216
0.3732 0.44952 0.5072
0.3632 0.43036 0.59
0.4056 0.4546 0.5484
0.4092 0.45008 0.5804
0.3448 0.43992 0.5296
0.3392 0.43168 0.5288
0.3716 0.45024 0.5652
0.4144 0.44996 0.484
0.3708 0.47764 0.5692
0.3884 0.45436 0.5376
0.3512 0.44352 0.5444
0.4052 0.48052 0.55
0.3808 0.46712 0.5616
0.398 0.4728 0.5224
0.4308 0.47532 0.5352
0.4252 0.48508 0.5724
0.4084 0.4922 0.5948
0.346 0.50988 0.5964
0.3684 0.46624 0.5496
0.4156 0.4726 0.5556
0.4344 0.5182 0.5828
0.3376 0.46052 0.5296
0.3972 0.47296 0.5228
0.3948 0.48948 0.5924
0.4036 0.49316 0.5556
0.4036 0.49 0.5796
0.3936 0.45736 0.5232
0.4032 0.49612 0.5648
0.4484 0.49668 0.5396
0.4204 0.49244 0.5652
0.3888 0.47288 0.5916
0.384 0.47988 0.5696
0.4592 0.51724 0.5844
0.3432 0.48824 0.5772
0.3828 0.50252 0.592
0.3684 0.485 0.6
0.4224 0.47488 0.5432
0.438 0.49116 0.5548
0.4372 0.49528 0.6
0.3548 0.46344 0.534
0.3712 0.48424 0.5516
0.426 0.48868 0.5848
0.4108 0.47308 0.5608
0.3948 0.4834 0.5892
0.3992 0.47004 0.5652
0.3632 0.43456 0.5064
0.3452 0.44972 0.5864
0.354 0.44496 0.4992
0.3548 0.4282 0.4752
0.3868 0.45028 0.562
0.3916 0.43732 0.504
0.308 0.43464 0.5332
0.3904 0.453 0.5308
0.4056 0.47072 0.5696
0.4048 0.46728 0.5152
0.366 0.48184 0.5392
0.42 0.47488 0.5416
0.3548 0.4274 0.4844
0.4008 0.47572 0.5412
0.3956 0.45412 0.5444
0.424 0.48936 0.5796
0.364 0.49164 0.5988
0.3948 0.45988 0.5144
0.3864 0.45272 0.5144
0.4292 0.4744 0.5424
0.4012 0.4768 0.5512
0.3868 0.44416 0.4932
0.426 0.4678 0.5912
0.3444 0.4252 0.4992
0.4036 0.4592 0.536
0.4016 0.47236 0.5076
0.3948 0.4408 0.5024
0.3788 0.43784 0.4968
0.3936 0.43348 0.486
0.3348 0.41808 0.5144
0.3504 0.40356 0.47
0.3368 0.43596 0.49
0.3304 0.44684 0.5376
0.374 0.40944 0.4776
0.3776 0.45792 0.5392
0.3108 0.43192 0.516
0.3756 0.44624 0.484
0.3896 0.43884 0.4992
0.4124 0.448 0.512
0.37 0.444 0.5084
0.3888 0.43492 0.48
0.3864 0.44576 0.5264
0.3704 0.41544 0.4424
0.3048 0.40272 0.4464
0.3264 0.39144 0.4292
0.34 0.39404 0.4844
0.3848 0.42428 0.5296
0.348 0.37924 0.4268
0.322 0.40256 0.4596
0.3632 0.40944 0.4624
0.3664 0.40772 0.478
0.36 0.41612 0.4512
0.3192 0.39488 0.4564
0.3596 0.39144 0.4448
0.3424 0.39744 0.4808
0.3472 0.40884 0.4724
0.354 0.38996 0.4288
0.3308 0.41116 0.4736
0.3652 0.39684 0.432
0.33 0.38072 0.4676
0.3472 0.37364 0.4072
0.3632 0.40764 0.456
0.3576 0.3878 0.458
0.3348 0.382 0.4496
0.332 0.38852 0.4364
0.326 0.37772 0.4236
0.358 0.40096 0.4632
0.3424 0.39492 0.45
0.3284 0.39944 0.4764
0.33 0.41024 0.4768
0.3356 0.38576 0.4384
0.3256 0.3778 0.4692
0.346 0.40296 0.4376
0.3648 0.41904 0.4864
0.2984 0.40552 0.5016
0.3904 0.41904 0.4572
0.354 0.426 0.4688
0.3504 0.39928 0.4592
0.3636 0.4286 0.4932
0.3468 0.41592 0.4808
0.3036 0.37932 0.4552
0.3668 0.38872 0.424
0.3172 0.38544 0.462
0.3156 0.37404 0.4248
0.3028 0.37484 0.4304
0.3296 0.37556 0.4152
0.324 0.37332 0.4072
0.3364 0.38036 0.4568
0.3492 0.38832 0.426
0.3276 0.3714 0.4092
0.3252 0.37552 0.4172
0.3148 0.36716 0.4416
0.3068 0.37772 0.4288
0.3272 0.39396 0.4896
0.3408 0.37216 0.4284
0.316 0.36536 0.408
0.3312 0.37412 0.4408
0.3468 0.37712 0.426
0.3216 0.37756 0.462
0.3416 0.38968 0.454
0.3228 0.36036 0.3948
0.3212 0.3724 0.432
0.322 0.34424 0.3932
0.3236 0.37556 0.4244
0.3112 0.35036 0.4112
0.3096 0.37012 0.4256
0.3168 0.35972 0.3872
0.334 0.37704 0.4316
0.3336 0.38764 0.466
0.3156 0.36128 0.4212
0.3288 0.36772 0.4396
0.3284 0.3654 0.4488
0.3408 0.37748 0.4104
0.3328 0.36736 0.4264
0.3228 0.36524 0.4116
0.3188 0.37268 0.4092
0.3236 0.38124 0.4268
0.33 0.37824 0.4284
0.3244 0.37524 0.4452
0.32 0.36964 0.4368
0.3276 0.3892 0.4572
0.3016 0.377 0.4192
0.3356 0.37192 0.4316
0.322 0.37292 0.4164
0.3132 0.36288 0.4232
0.3016 0.35288 0.3952
0.2996 0.35496 0.3924
0.3032 0.40072 0.4636
0.3012 0.36636 0.4256
0.3344 0.3674 0.4028
0.3232 0.35692 0.4084
0.3388 0.38396 0.4456
0.342 0.39184 0.4516
0.3272 0.36692 0.422
0.3448 0.382 0.4372
0.3228 0.3596 0.4412
0.3244 0.3852 0.468
0.3132 0.36568 0.4048
0.2912 0.36068 0.4004
0.3092 0.3358 0.372
0.3412 0.36356 0.4128
0.3296 0.35284 0.3892
0.3268 0.3574 0.3868
0.326 0.35424 0.418
0.3216 0.36652 0.41
0.2832 0.35848 0.4524
0.3084 0.37556 0.4204
0.3044 0.363 0.44
0.3196 0.35436 0.3896
0.3336 0.36752 0.4188
0.3072 0.3542 0.3848
0.3124 0.34236 0.3824
0.3264 0.37856 0.4092
0.2972 0.35616 0.3932
0.3408 0.3828 0.4236
0.3364 0.3812 0.396
0.3476 0.39704 0.4356
0.3312 0.37956 0.4208
0.3308 0.36988 0.3976
0.318 0.36992 0.4176
0.3108 0.38336 0.4716
0.3216 0.36516 0.3856
0.304 0.37004 0.4368
0.344 0.373 0.4152
0.3496 0.37748 0.4172
0.3232 0.36492 0.4188
0.2952 0.36816 0.4232
0.3128 0.3694 0.4412
0.2916 0.3576 0.402
0.3084 0.34972 0.3968
0.3168 0.35652 0.41
0.2892 0.33832 0.392
0.3024 0.3446 0.3724
0.284 0.34912 0.4192
0.2904 0.33784 0.3744
0.2724 0.34284 0.3848
0.3084 0.33768 0.3856
0.2808 0.35616 0.392
0.2992 0.34124 0.388
0.284 0.33644 0.3776
0.3188 0.34364 0.3796
0.3256 0.34792 0.372
0.3016 0.34468 0.4012
0.3036 0.34796 0.4116
0.2836 0.34396 0.3848
0.2956 0.33088 0.3756
0.316 0.33988 0.3792
0.2808 0.33256 0.3668
0.2788 0.33584 0.39
0.3152 0.35336 0.3736
0.3236 0.35292 0.4024
0.3176 0.34636 0.3884
0.2884 0.34396 0.4172
0.2772 0.34548 0.3792
0.3216 0.35384 0.402
0.3048 0.35404 0.4168
0.3164 0.35392 0.41
0.2852 0.349 0.3944
0.2964 0.34444 0.3984
0.3108 0.34884 0.4124
0.3304 0.37316 0.424
0.3092 0.36964 0.4276
0.3024 0.37072 0.4036
0.3388 0.37516 0.4204
0.3216 0.40916 0.4712
0.3528 0.38088 0.4124
0.3724 0.39956 0.4336
0.3288 0.38904 0.466
0.366 0.39784 0.4436
0.3396 0.38808 0.5172
0.3236 0.3834 0.4148
0.3484 0.38232 0.4344
0.362 0.40224 0.4448
0.3352 0.38648 0.448
0.3544 0.39884 0.4484
0.3848 0.41384 0.4508
0.358 0.41084 0.514
0.3464 0.4178 0.4668
0.3388 0.39092 0.452
0.3756 0.43204 0.4844
0.3356 0.40832 0.464
0.3388 0.40768 0.4408
0.324 0.40616 0.4868
0.3448 0.40392 0.4748
0.362 0.40608 0.4516
0.3688 0.41848 0.484
0.3384 0.38988 0.4524
0.3332 0.38252 0.4396
0.3144 0.40812 0.4944
0.3 0.39472 0.448
0.328 0.42376 0.4832
0.3128 0.39248 0.4288
0.3864 0.4326 0.4708
0.3752 0.4302 0.52
0.3708 0.41636 0.4588
0.38 0.41272 0.4508
0.3612 0.40736 0.4724
0.3488 0.39776 0.436
0.3464 0.4014 0.452
0.3436 0.3918 0.4484
0.348 0.40248 0.4376
0.33 0.38092 0.452
0.3452 0.38152 0.4116
0.2944 0.3718 0.4224
0.3312 0.3848 0.4328
0.3032 0.35808 0.418
0.3056 0.375 0.4408
0.3212 0.38664 0.4596
0.3064 0.34144 0.382
0.3072 0.35612 0.4
0.2884 0.34752 0.412
0.2836 0.33172 0.362
0.2964 0.34312 0.4
0.2824 0.33168 0.3748
0.3032 0.33808 0.3968
0.3084 0.3496 0.388
0.2928 0.36488 0.4296
0.3172 0.36568 0.4504
0.304 0.3598 0.4332
0.2836 0.32016 0.3704
0.2804 0.3354 0.38
0.2948 0.32424 0.3644
0.2944 0.3298 0.3784
0.3012 0.33204 0.3708
0.2704 0.31424 0.3432
0.2696 0.3328 0.3604
0.278 0.35632 0.412
0.2612 0.32752 0.3872
0.282 0.32776 0.3684
0.3104 0.34108 0.378
0.3168 0.34772 0.3856
0.2556 0.33344 0.388
0.2876 0.32684 0.3844
0.2872 0.34068 0.3988
0.3092 0.3504 0.4068
0.2844 0.34188 0.3992
0.2944 0.33796 0.3964
0.2856 0.33368 0.372
0.3204 0.34888 0.3984
0.286 0.3446 0.4096
0.2936 0.33792 0.402
0.2924 0.34784 0.4132
0.2976 0.3298 0.384
0.28 0.32304 0.3884
0.2924 0.32292 0.3736
0.29 0.32728 0.3696
0.3036 0.3298 0.36
0.2836 0.32812 0.3668
0.2808 0.33884 0.3852
0.2936 0.31976 0.3472
0.2624 0.31984 0.3792
0.2876 0.3342 0.3772
0.288 0.32808 0.364
0.2936 0.33584 0.3948
