-13803.7695995 -12301.0030584 -11205.5477189
-13185.7394353 -12096.6063087 -10607.5552088
-14212.0237147 -13037.2505427 -11968.0145906
-12630.1734892 -11824.6563938 -10879.7372509
-12743.4631953 -11778.4286276 -10844.8093842
-13412.5867078 -12123.4670595 -11146.3607266
-12131.8496381 -11191.8813173 -10540.7600306
-11749.3182697 -11222.1003479 -10585.4075824
-11613.4885995 -11090.8895839 -10537.3465466
-11852.9569453 -10969.619071 -10431.2899801
-10998.9396682 -10562.4904928 -10119.2705333
-11619.2372717 -10921.5915895 -10399.7360567
-10831.4156732 -10443.6139031 -9674.83338795
-11659.9538857 -10510.1217787 -10038.8850209
-10985.4086062 -10434.5016566 -10137.0195614
-10343.9626138 -10121.1376829 -9890.88994585
-11834.0329931 -10385.1297324 -9799.44086385
-10779.886963 -10191.2416803 -9925.96121994
-10952.289948 -10083.5505797 -9638.19669653
-10228.1539915 -10023.3736153 -9653.15638116
-10489.9187688 -10098.0648963 -9673.82501659
-10187.3534614 -9717.34259819 -8935.38804454
-10153.844874 -9702.39223158 -9185.10282739
-9933.72364388 -9807.93486904 -9639.51866001
-9985.55590515 -9413.59870538 -8860.04021075
-10075.3274212 -9593.64757759 -9286.02345265
-10213.5735386 -9596.46958136 -8399.82083713
-9849.64241093 -9228.95016399 -8293.56745106
-9967.11988195 -9413.11388178 -8849.84558408
-9983.72264862 -9560.66236651 -8858.39796871
-9853.61954828 -8996.31270201 -8447.44410693
-9539.89248347 -9041.68835743 -8426.77575174
-9925.04648766 -9104.1963977 -8480.09296294
-9264.74767035 -8370.67449892 -6443.72123855
-22299.952518 -18594.6030534 -14725.3033573
-18776.1235945 -16734.7048625 -13637.0671781
-21548.2805918 -17139.1243645 -11847.4801498
-19369.1796941 -14360.934756 -10909.8651291
-19361.1666507 -14355.5288606 -11460.6539231
-18676.3261531 -14972.4338002 -11005.0515462
-13513.2799414 -11608.1268119 -9553.72961736
-12296.174514 -10862.837259 -9188.85440083
-13513.5086991 -11154.6965713 -9561.02391964
-11972.0108268 -9979.70572208 -9177.11378968
-10808.8939803 -9610.82796935 -9128.72816912
-10454.2024362 -9890.74181536 -9286.74307589
-9977.8448552 -9436.81551182 -9017.2492286
-10069.4166365 -9586.64850606 -9205.64174199
-10698.8869082 -9681.32574332 -9124.75441176
-10071.1007834 -9317.41903699 -8796.50779321
-11043.6763816 -9551.54024326 -9106.18478903
-9573.42796388 -9274.39308925 -8930.09913063
-9535.43208483 -9234.04282664 -8891.04273317
-9306.00633682 -9114.34708553 -8792.99615638
-9921.37787637 -9385.43773152 -9134.60097438
-9229.40578288 -9045.64616639 -8880.73762209
-9376.20949582 -9230.71961868 -9040.72435627
-9533.80124258 -9165.98780261 -8797.4145806
-9522.2642149 -9029.70752582 -8714.84343396
-9357.89978625 -9065.68249668 -8906.36646701
-9085.14726718 -8935.32626198 -8737.70710793
-9844.01998597 -8971.63450277 -8456.03812623
-9283.71499805 -8757.92718682 -8230.54856825
-9536.501006 -9010.08312323 -8447.37641971
-10194.2972421 -9050.57145244 -8590.83835091
-9213.29253714 -8734.9998522 -8355.90309169
-9373.60886029 -8742.23537631 -8306.07692505
-9278.09975238 -8587.72013411 -8221.51614908
-9021.51553279 -8680.56022769 -8312.72984845
-9377.68200309 -8699.64661894 -7944.70374518
-9475.66230352 -8723.23961724 -8221.91512325
-9234.26682352 -8698.22855514 -8136.18471896
-8875.19357767 -8470.25724064 -8222.47199901
-9188.24614214 -8587.87838927 -8211.17632198
-9144.11227588 -8660.33773444 -7898.76913931
-9039.63711472 -8652.46519914 -7810.35907329
-9359.4739439 -8640.82047319 -8197.12383833
-9743.75334048 -8956.90978041 -8355.96182528
-8730.70552062 -8319.31828384 -7856.57284977
-21875.8958296 -17504.9429007 -14921.3530353
-21799.4567816 -18435.9671217 -15048.8837914
-21841.2960432 -18280.887518 -12914.6893668
