0.17784 0.188476 0.19304
0.17564 0.186108 0.18972
0.18012 0.18596 0.19028
0.18444 0.1909 0.195
0.1784 0.186656 0.1936
0.18232 0.187048 0.19036
0.17916 0.1876 0.19604
0.18152 0.187272 0.1908
0.18296 0.18786 0.19652
0.18464 0.189332 0.1974
0.17952 0.1866 0.1962
0.184 0.18806 0.19428
0.18532 0.190176 0.19392
0.18248 0.189756 0.19508
0.18156 0.190216 0.19648
0.18608 0.1916 0.19764
0.18476 0.190308 0.1996
0.18276 0.190792 0.20348
0.18496 0.192752 0.19972
0.18356 0.189008 0.20048
0.18216 0.187024 0.1954
0.1816 0.188468 0.19448
0.18244 0.190616 0.19688
0.18524 0.190028 0.19476
0.18016 0.187236 0.19104
0.18544 0.191564 0.201
0.18532 0.189544 0.1956
0.18036 0.187616 0.19308
0.18392 0.18878 0.19864
0.1832 0.186264 0.19016
0.17428 0.187772 0.19276
0.18364 0.190944 0.19816
0.18636 0.191276 0.19584
0.18632 0.191484 0.2018
0.18524 0.19008 0.19436
0.18472 0.190344 0.19636
0.18112 0.191176 0.20128
0.18508 0.190684 0.19616
0.18512 0.188268 0.19164
0.1854 0.189856 0.19684
0.1864 0.191608 0.19852
0.18 0.190708 0.1974
0.18204 0.187704 0.19392
0.18588 0.18932 0.1974
0.1846 0.188976 0.19368
0.18428 0.189364 0.1942
0.18492 0.190932 0.19932
0.18492 0.19144 0.20116
0.18524 0.18838 0.19268
0.1852 0.192236 0.19976
0.1834 0.191288 0.19612
0.18604 0.1901 0.19628
0.18192 0.190572 0.20016
0.18208 0.191228 0.19568
0.18616 0.19054 0.19524
0.183 0.19016 0.19676
0.1844 0.189964 0.19732
0.18484 0.190236 0.1938
0.18496 0.191532 0.1942
0.18472 0.19216 0.19936
0.18324 0.19162 0.19788
0.18832 0.191424 0.19904
0.18308 0.189348 0.19576
0.18688 0.192876 0.20172
0.17972 0.190352 0.19652
0.18424 0.19174 0.1982
0.1822 0.192836 0.19916
0.18372 0.1928 0.2006
0.18196 0.192512 0.19968
0.18444 0.191392 0.19736
0.18472 0.191188 0.198
0.18356 0.189352 0.19544
0.18424 0.192432 0.20008
0.18828 0.193132 0.19808
0.18344 0.191108 0.2
0.18632 0.192916 0.2012
0.18448 0.195832 0.20728
0.18924 0.193428 0.20572
0.18824 0.1939 0.20484
0.18576 0.194612 0.20088
0.18576 0.19196 0.19716
0.18704 0.194624 0.19968
0.18792 0.195224 0.20156
0.18584 0.194788 0.20188
0.18832 0.194372 0.20192
0.18904 0.195816 0.20244
0.18984 0.193544 0.19852
0.18828 0.192836 0.20272
0.18816 0.195204 0.20212
0.19072 0.19798 0.20576
0.18704 0.195076 0.20068
0.18204 0.19276 0.1996
0.18836 0.195016 0.20272
0.19144 0.19756 0.20544
0.19048 0.195724 0.20096
0.18804 0.195992 0.1992
0.18964 0.196888 0.20576
0.1882 0.194436 0.20028
0.18684 0.196996 0.20456
0.1834 0.195332 0.20288
0.18836 0.19872 0.20884
0.18632 0.194832 0.20144
0.19132 0.19698 0.20536
0.188 0.19294 0.1978
0.19092 0.1962 0.2042
0.1856 0.19724 0.2046
0.18936 0.195888 0.20636
0.1892 0.196912 0.20488
0.18888 0.196296 0.2018
0.1836 0.194736 0.20892
0.18628 0.197452 0.20568
0.18208 0.194632 0.20904
0.19076 0.195756 0.20352
0.18768 0.192632 0.19764
0.18604 0.193992 0.20468
0.18144 0.190592 0.20116
0.18052 0.192288 0.19628
0.1848 0.194528 0.20404
0.19056 0.1934 0.19624
0.18672 0.193988 0.2064
0.18264 0.192008 0.2028
0.18608 0.193704 0.20304
0.1888 0.196496 0.20548
0.1888 0.198936 0.2062
0.19652 0.2009 0.21464
0.19048 0.195972 0.20312
0.19576 0.201336 0.20904
0.18904 0.196456 0.20608
0.19128 0.195356 0.20308
0.18996 0.195988 0.20212
0.189 0.196188 0.20436
0.18824 0.199556 0.207
0.19128 0.196376 0.20228
0.18936 0.199228 0.2102
0.1892 0.197756 0.20636
0.19208 0.2002 0.20908
0.18956 0.199028 0.2054
0.18708 0.199344 0.21032
0.19748 0.203384 0.21028
0.1888 0.195652 0.1998
0.1868 0.200764 0.21236
0.1866 0.197892 0.20852
0.19516 0.200016 0.20752
0.18988 0.19712 0.2066
0.18772 0.195776 0.20392
0.185 0.197188 0.21012
0.19372 0.200168 0.20892
0.18976 0.199668 0.205
0.19236 0.199976 0.21052
0.19028 0.19896 0.21012
0.18688 0.198592 0.20836
0.18712 0.197216 0.2064
0.19116 0.198896 0.2078
0.1902 0.198296 0.2056
0.18868 0.19506 0.20296
0.18244 0.193428 0.20116
0.18804 0.198812 0.20644
0.18616 0.196932 0.20556
0.18892 0.19562 0.2042
0.19356 0.198096 0.20828
0.1886 0.197016 0.20692
0.18964 0.19774 0.20452
0.19636 0.198968 0.2052
0.18768 0.195704 0.20996
0.191 0.19646 0.20928
0.19064 0.197532 0.20928
0.1932 0.201032 0.20664
0.18816 0.195936 0.2028
0.19304 0.200428 0.20504
0.19008 0.197276 0.20368
