-1228.10910777 651.763660401 2334.42916388
-3064.92566453 -195.103248016 2259.21259707
-912.808107359 839.141726382 2296.66623385
-4564.23101517 1027.52157088 2402.56160424
-643.776722265 1512.71308177 2397.49322724
-1187.31803711 1354.92516867 2377.78231967
-917.344857036 568.444737529 2350.83252616
-5.34060750713 1745.54866723 2401.80417956
-1564.60979526 1223.67913501 2386.25685484
54.8551748732 1492.55624247 2407.52199989
-62.430343863 1527.31761839 2350.09521673
-1587.90721211 1225.83035907 2360.08012537
-698.762484907 1422.46664606 2376.09763538
-1031.92343703 897.936677354 2452.90734364
-554.331503223 1891.28834021 2415.4837835
-1503.15137224 1239.92061784 2432.01007228
-886.553298333 1471.87800401 2414.20066113
-747.443729649 1616.57153354 2420.76555916
187.86699011 1791.99581181 2468.33977613
-1170.88759916 1450.85353599 2456.95335584
377.075392484 2096.10371146 2446.14328818
-2111.73509231 410.841469886 2325.72204654
-598.270661225 1179.35394472 2407.5421828
-1849.16591597 958.811307766 2447.14922502
-1229.00083089 1665.40936713 2449.21102423
-185.088513743 1552.95415019 2427.36726164
361.519650447 2135.50132748 2489.55542764
-919.783814128 1272.17848118 2475.98621039
1000.40281585 2144.89446729 2473.98690905
-605.133407805 1751.13684352 2475.6962045
-537.108976572 1574.03900592 2510.2632238
-783.235378758 1082.22651781 2459.67154684
-711.889182194 1680.7047777 2516.10252664
-464.400203692 1346.89156981 2537.68238534
-821.367828804 1437.45768569 2522.53993103
-1189.99052766 1703.55731786 2472.35798439
-378.634750347 1658.34578798 2504.65732092
-934.316955524 1681.0418941 2530.25905731
231.503383481 1930.67070831 2499.59120792
-744.321473448 1840.68691555 2519.30705064
-266.232257967 1586.5157679 2506.72379489
-762.355990095 1416.61097834 2530.02940608
-515.257648379 1832.14857349 2494.57068275
-964.126352918 1473.34420563 2579.28084924
-1460.93844459 1137.76150647 2548.53124641
-601.534911684 2116.99874557 2535.96283509
-1584.37687061 1417.81208189 2551.32550932
-444.293247327 1216.02868473 2466.09199336
-682.663493397 1616.21933855 2556.30873063
-855.055843125 1804.5684943 2612.83851887
-161.199330126 1774.31342474 2539.54576231
-677.071668202 1330.31424161 2559.94099645
-701.772884891 1856.27723637 2599.17121914
417.632606247 1952.61543289 2546.57958201
-668.375893551 1602.0569966 2575.29867549
118.865690824 1668.11995003 2565.00141239
-841.973222717 1636.08696953 2579.328144
-2086.49604307 1874.034339 2591.96558934
-1052.02646813 1305.95397184 2612.19910431
-1385.99353113 1108.58033484 2604.80585648
-1070.98968441 1835.9094912 2628.37808272
-412.138536082 1726.86864941 2605.25050865
-849.054139345 2018.73740168 2574.59940006
-781.566620738 1606.53403886 2606.63714208
-2481.99932202 1569.4888269 2642.05864624
-1903.04955614 1289.90786347 2584.6865993
-637.23594715 1376.61979564 2610.36172786
-1322.14052033 1127.2736404 2657.6910103
-1321.77254154 1359.17643742 2602.18198723
-512.060162271 1124.63222239 2623.94229512
-172.034902983 1803.3308233 2615.67294066
-1054.40746967 1369.50797477 2641.74589812
-668.275059509 1428.85704446 2635.75988885
-354.642732951 1569.4607896 2648.88201039
1408.499099 2228.9119515 2646.42125142
-2466.9821667 911.632881763 2655.55283577
-820.810433504 1561.10556057 2607.1317235
-287.65567793 1259.15259984 2585.99925646
-741.427014925 1174.55303727 2599.26282276
-2019.63176739 930.848624492 2584.50147112
-586.589303549 1965.15328069 2639.8337366
-955.268315852 933.688333923 2331.21327983
784.02924701 1896.41126911 2598.19232294
-439.632997969 1492.53047666 2650.62344161
-1010.29117925 1498.30320286 2620.8461892
-715.426209343 1230.67246329 2618.57021075
182.768361933 1755.12949089 2654.22784148
451.071996298 2088.42150469 2632.56624177
-548.796803909 1082.0421446 2673.9172446
1001.00695846 1990.78985004 2615.78107339
-230.537276899 1463.51432885 2637.8179655
-771.70723603 781.829781672 2653.92522979
-382.39543038 1804.31794622 2613.56593193
-209.999752651 1455.82783996 2643.08675297
-29.6130091662 1694.00285053 2681.10380528
-1380.87299413 1365.09435546 2617.38310946
-1541.97302591 980.903451789 2638.63619711
-1312.4530514 1665.82477913 2629.90975946
227.165299585 1649.80225484 2664.15911941
-1463.25353816 1599.87065398 2644.24191582
-691.020532476 1501.01118331 2631.06036028
1411.41734871 2271.32786682 2661.82702418
56.0974121925 1379.83733399 2304.70703611
-900.039306971 1692.64517367 2637.10368217
185.777778328 1973.68842227 2658.09876133
340.0407878 2097.31351093 2670.20858219
405.975423304 2071.04065734 2652.79253071
109.192340655 1815.14050454 2646.00521042
378.794311123 2159.31865708 2628.42802362
-326.763849611 1742.9529753 2652.35120853
-1160.19787204 1435.6010657 2662.7039593
-648.946980802 1606.81575819 2632.80008933
-1115.94660966 1942.25807675 2639.36448905
87.6314065129 1879.37822565 2652.43709101
-1027.7153389 1489.29373893 2638.67578064
28.1344496856 1550.83475689 2642.14689643
-152.821785909 1483.43084504 2614.15754543
-458.391240496 2137.43339401 2643.27330338
-1222.39334046 1796.14132279 2655.26431984
55.2523249662 1613.20177914 2610.754673
69.5335293843 1985.16686307 2605.8605053
432.468151756 1673.2194415 2634.59226281
-67.4138869893 1606.03096741 2648.84530602
1278.10925272 2274.9227799 2648.49851533
-1079.40501273 1707.52742605 2608.29210464
-615.224848939 1341.3937206 2621.18238476
-1603.48004759 1543.56469558 2641.64273596
354.145411128 1585.60974423 2636.77972592
1456.77888539 2222.91701083 2609.98082693
-334.913879266 1694.52459558 2615.45937221
-779.428919766 1551.7760257 2614.59675725
-1260.69652456 1704.87112658 2660.19385078
1089.84078071 2146.47478517 2649.63231668
-551.623823665 1044.68238939 2598.47683336
-753.94220266 1713.10229205 2611.74866866
-1201.62941689 1911.03086596 2659.37920682
-304.607043585 1969.70107192 2657.7434919
1970.68356891 2339.48932017 2624.38350475
-408.638371911 1732.23712449 2654.72716626
-668.275441328 1381.44953111 2649.97054499
-317.28173172 1408.91573755 2643.55999801
678.914417375 1912.34288398 2652.89652632
1371.03950314 2327.28435208 2660.2773955
1263.77326328 2219.3884778 2652.09668814
674.858949677 1947.27801276 2671.87226894
-737.710933875 1904.06779146 2657.36026535
-10.1638492951 1886.16422514 2638.51625112
1153.37842935 2194.67068866 2655.65293934
725.688570525 2385.40708722 2657.36784176
-47.8997354043 1539.92035256 2367.39912059
691.887840656 1956.0670823 2660.98556178
-1582.83743294 1741.30885633 2609.01836208
448.061972012 1802.99042432 2651.30306246
-167.145410906 1863.47381757 2668.69520018
798.965555561 2052.20551975 2646.481069
-319.243227283 1738.09902058 2670.5603391
135.976132069 1619.12944168 2638.44435427
-1512.27402172 1370.63277526 2673.27120252
566.717723051 2105.11138833 2679.12284402
136.05279042 1654.45459339 2678.02145867
1395.22123193 2284.11716536 2710.08416598
810.022951678 2127.73411685 2659.46405991
420.549882347 1954.29138545 2679.84177573
296.149305725 2069.48418569 2643.68583561
312.0011936 1881.94285038 2656.81421812
905.736581685 1751.16398938 2652.12427664
77.4802861577 2036.71679708 2662.06425215
489.774823642 2192.52893332 2674.37801681
-404.814062096 1800.01902384 2693.21967406
431.480361197 1890.84043663 2660.79451938
42.928778517 1901.79415504 2680.78272781
705.136351775 1915.32501844 2690.36243455
-3.30978921257 1644.58428493 2610.57099526
-26.8800459032 1641.32742266 2668.13363776
-340.231826284 1671.05804716 2692.77120262
2038.31194497 2328.83092672 2728.21173048
-122.013991563 1619.70994251 2705.1261285
1698.49533669 2153.84540097 2728.93625593
861.484163506 1944.17377365 2681.88280423
-241.383586358 2202.40194666 2697.47885748
985.886314537 1954.59317394 2391.9097771
1106.13812867 2275.95486509 2712.30574416
-62.7729345854 1812.78674722 2671.91483282
1416.10850914 2178.91761194 2684.45134002
1387.33446284 2088.18157606 2687.84510659
-4.61480798123 1779.5071089 2704.04310099
785.62119347 2056.77947728 2662.28562554
7.99061349457 1714.86683934 2699.21153647
1720.67577011 2330.02002007 2693.02313832
1779.5171027 2320.13104467 2723.13141331
1118.72878248 2165.85934258 2706.17092226
-178.983466698 1663.88464517 2725.24957482
-25.1829537009 1789.09966009 2704.22390841
-618.22727786 1414.05431064 2377.3624429
-945.181045493 1579.70339015 2691.86348298
-1033.06260475 1422.46266441 2700.7758789
1259.3854881 2155.51284902 2699.07140227
1333.46426606 2152.52454185 2718.27200068
851.53345851 1895.39631004 2687.05860953
1147.55287012 2102.64971176 2698.68579716
-25.727722903 1616.28549474 2387.1625578
780.750813836 1937.10184921 2712.95177514
70.2124244288 1651.41866293 2688.40712936
719.960405157 1910.70524546 2678.91997755
1104.30675794 1819.7059553 2683.5742796
339.10149239 1816.07178731 2694.58173689
179.682203823 1605.98468496 2700.32325104
343.105817861 2033.73375174 2676.64246029
372.870398859 2019.51931902 2720.12046323
428.080151486 1578.57225776 2670.01863819
785.135553449 2057.83943758 2700.1948746
1099.50571676 2191.33744046 2717.07029273
-775.233370708 1671.02190096 2628.13241873
-339.263109404 1533.32131872 2713.45129552
-282.227316622 1924.40987052 2723.71553081
1007.04211219 2048.10488156 2704.30841792
1143.37060858 1789.66820881 2381.93487012
38.5131166906 1830.96222629 2707.40534592
425.497348493 1921.91363564 2584.28738143
712.662751861 1751.5177733 2395.5647754
456.209332368 1847.13880473 2662.30251174
802.471125598 2052.48534734 2696.43492245
1070.7034948 2279.22897668 2731.22206751
145.92636165 1359.18933368 2418.17643938
1064.55371663 1965.00573689 2700.65743363
-447.722799449 1940.3883521 2686.81603654
702.170827693 1839.95658751 2714.50041567
33.8100002547 1833.75175132 2407.54275345
1161.05973122 2069.57974509 2660.36371135
-388.993756664 1603.84991847 2409.04536629
-1157.57530934 1471.56029379 2697.43046412
131.41281392 1706.68933107 2701.25105247
1128.23810792 1936.68108635 2680.50341656
1139.84045235 2061.58156046 2693.97157754
1452.11896192 2121.87580462 2711.40845351
-120.806030385 1856.78236121 2702.96688877
1.17988720681 1639.94510002 2401.15804226
536.786254958 1835.8262375 2685.27205154
440.578761572 1935.96449655 2645.27150585
1155.12049176 2215.65110729 2705.69907568
769.398643029 2141.52252877 2688.94712551
122.061149408 2017.31073669 2666.7303677
427.641037873 1601.13769375 2608.37820019
1144.48266474 2111.57402893 2692.6626466
-298.971662132 1829.8986699 2665.7277469
340.713996631 1781.12878889 2675.09601481
-239.158610119 2011.34720081 2625.62504151
763.645519928 2064.45710798 2717.37478797
1692.59492781 2327.52608093 2713.7348356
50.6332345291 1545.83699061 2714.16862482
990.367705873 1977.38663836 2720.69656219
743.451158364 1838.60213532 2680.85088179
48.9137921624 1635.18559866 2417.59815338
979.027127637 1854.80050254 2363.67483663
-411.187417701 1751.78104633 2364.41728043
-3.19752201377 1671.98385267 2689.38404937
984.39380342 2123.88593372 2417.50037853
1156.94786779 2101.95753899 2702.48469093
1425.57682389 2135.41585087 2721.9269062
340.236841834 1789.37396666 2704.60566924
451.946158226 1855.90755676 2721.53905544
1084.8848019 1906.12176281 2699.00217358
1456.87819849 2148.29767888 2687.24387471
779.766977018 2061.48577317 2706.2507731
491.699354894 1711.87836003 2704.77898726
1679.32193694 2058.25348529 2669.04710605
341.67518766 1751.04059908 2621.59075896
479.759519326 1802.84976423 2682.71440177
706.635927591 1818.00020425 2668.63257439
222.287632374 2028.93165182 2682.81582341
1393.08943989 2181.56635533 2688.56031139
1092.40948495 2073.91089022 2661.69752063
576.325047137 1925.4218186 2686.01181256
1387.37278603 2140.05111427 2689.17805827
-237.381303989 1940.7100534 2694.40948591
816.546844866 2212.37234296 2669.27193885
184.323476784 1833.49439596 2691.62079334
462.669912939 1842.65386005 2657.56180602
13.2136746296 1834.67265872 2693.34586795
1721.05335151 2184.94785586 2687.14628696
787.446429066 1973.87119662 2637.38935216
379.878380137 2069.95712685 2697.46287162
386.211650063 1957.95902946 2688.97493783
-1320.31793129 1577.70530991 2656.27094534
110.515473748 1772.92699342 2698.08742996
809.11545754 1861.81559869 2697.62847188
540.33795705 1690.18726347 2666.55161038
-345.804691871 1768.63380191 2659.12718434
153.754359881 1753.69009446 2690.38506184
453.958045888 1801.95424898 2676.45634816
649.498487053 1933.42053011 2650.94207067
1413.58499965 2182.05078016 2701.12887424
1421.11874083 2107.51667218 2706.33421001
53.2575360007 1929.50116724 2387.27294474
1437.31968273 2167.31590958 2702.66409781
-525.74514917 1202.47371272 2675.8177404
52.3301096182 1599.78392179 2675.11970358
-187.402824568 1859.35622523 2660.90853801
653.66012318 1569.92261567 2686.20197577
-1011.00655236 1813.54297025 2716.21794134
119.585289138 1530.15147342 2371.15307403
-174.5531751 1545.49056974 2704.65632957
1243.36203945 2008.27031223 2648.72620614
375.72496841 1653.81705499 2664.63748724
1091.45103175 1947.91146575 2690.77351807
2010.14034401 2304.44756434 2691.67877887
-1274.79467405 1008.70158764 2699.65039067
877.811607379 2025.3062822 2684.22799066
-175.48698092 1481.37847669 2691.68785661
1439.69584507 2213.80840642 2682.93916571
696.351594632 2075.36529609 2701.27092961
589.567588753 2089.8571952 2707.48626502
737.175151675 1702.4235829 2673.10815598
-363.395526661 1378.46030247 2426.09952497
-630.571498721 1492.23143464 2665.80145312
828.140258073 2134.47322966 2709.13884447
1375.05348123 2086.67606596 2637.72184826
6.53694127772 1754.00832149 2680.7700889
855.698121163 2065.87413075 2690.37263643
-0.674384362978 1681.41589615 2700.41805533
1105.90755154 2126.82844804 2699.74316987
783.227058089 1890.48087448 2694.25820818
470.334371854 1890.77950883 2682.67127693
271.135203373 1825.01006204 2684.22412382
1744.08523238 2217.68112116 2686.96753411
1410.45556036 2119.97150613 2639.89683253
451.822713579 1991.54573757 2680.53686766
1741.7823853 2318.89956197 2665.78862171
1777.30826429 2455.82894952 2697.40840762
131.664587405 2082.0530036 2706.20522768
1086.23255773 2279.09031646 2715.05300019
-293.114035286 1817.02800759 2683.26869799
246.409315326 1967.6367927 2654.23067495
1132.86760077 2050.90119439 2706.3979915
59.1904884867 1852.32022093 2678.52347332
497.101982685 1972.18990037 2704.27306847
-784.545316845 1630.5859675 2701.59223691
-556.81363286 1339.59115119 2673.25426331
1773.23841628 2221.03435978 2685.68104295
-113.391486542 1932.92954909 2662.01672039
-1020.66448771 1535.91979497 2668.44386828
139.513509331 2008.80916539 2696.19311027
671.685564304 1887.79250077 2675.0644186
-598.197351169 1758.03637526 2689.61829727
-478.462245385 1980.46501022 2708.40554813
1095.16935434 2211.88878696 2696.55056771
1035.12653329 1877.91233562 2691.24571102
439.852847334 1740.41828609 2078.02606453
-701.748168462 1734.56289527 2707.36165177
763.049812027 2053.27245868 2718.60203734
-146.820267925 1084.29099965 2380.33802581
-854.016885211 1496.05907859 2680.20772977
321.368265636 1674.84206811 2679.16463296
750.568628691 2119.27802648 2717.47349535
828.770516385 2060.87184592 2684.36729988
611.598863952 1937.44648234 2408.07608222
123.081921988 1650.71468395 2685.0974816
774.551224289 1949.23018405 2676.02340073
-7.86398343815 1700.27590299 2711.26272844
67.2108726278 1950.07319042 2685.60233319
1644.71479354 2161.36885166 2683.37248874
-224.081301768 1698.6250433 2686.69376013
446.351801579 2105.28430733 2697.23826056
-188.28358556 2114.80344766 2696.37795516
785.29088096 1962.21503029 2653.84866048
-686.143790153 1794.19565027 2714.69958035
-536.974245663 1328.85116929 2694.69256591
-39.1382413351 2049.30081039 2674.41389005
467.988832246 1827.57155229 2680.57461053
-149.766236509 1761.19219793 2707.85327725
1734.5310748 2337.61698532 2694.28982019
12.5753132676 2281.22245838 2697.56155631
617.210827831 2227.12488911 2683.47779248
1474.33242839 2231.95137455 2697.8015913
15.0743823439 1638.47338236 2637.96457997
227.166074372 1847.92723335 2716.91432368
1147.21168257 2223.55862025 2703.15732569
-230.657026125 1936.34020622 2705.95968232
909.631542852 1807.65992834 2687.65456268
-798.32523558 1776.68401382 2721.61005199
463.702972903 1698.01888286 2662.70535552
1086.28172317 2112.77460249 2723.85632303
383.992448109 1577.19201698 2414.1649152
-221.497021489 1460.22400572 2723.01566111
352.354618411 1804.46608614 2683.64664626
263.398565804 1649.53334956 2712.77675069
591.513024022 1745.45729707 2682.21009096
-169.157532447 1665.71908468 2672.41449001
-1058.85010095 1783.72349917 2713.3979418
372.10390164 1612.31577415 2687.29872885
-570.183879476 1394.31971006 2663.1432224
119.58397752 1624.07874607 2694.21062231
974.496524185 1667.94728227 2421.2701803
-140.988426859 1832.69741544 2688.31427209
-246.593836852 1678.98231752 2416.54771028
1339.44073514 1992.10134508 2706.00557836
448.352190622 2117.15670131 2730.47526194
-1115.11549569 1994.04668844 2693.50863769
477.227483532 1989.99650988 2710.28493874
-238.143671164 1448.34868099 2726.54999427
56.2975136078 1883.25512845 2719.65137
-99.5319676558 1801.30680518 2722.5060461
1490.13319142 2171.34643223 2701.48112919
-1088.70463261 1515.62730651 2731.81032674
-192.292042819 1133.82947273 2112.46573523
-742.302927228 1471.6833637 2711.33849043
1149.86241313 2124.80686323 2697.75571248
99.8209868589 1659.6045323 2733.18641757
781.027426098 2136.6631077 2726.7162133
469.161148505 1911.75436326 2748.63535325
378.03379565 1691.53979544 2720.25634713
1174.77649088 1946.40681375 2710.02917931
659.599546756 1891.30088236 2726.87457776
-622.196772591 1638.86493199 2431.09861685
1393.73217551 2019.86007198 2721.25874704
-957.887836927 1825.03145591 2740.42086798
994.875870598 1836.5822277 2701.45808863
1128.2452239 2242.99925152 2723.76192819
1746.32963588 2211.65562904 2719.69670337
1434.52687625 1994.24785383 2698.37243661
1355.20041236 2047.80306619 2731.47289915
1394.15073609 2325.95543628 2720.79809889
-622.637379405 1777.39243705 2725.5543353
108.069679079 1459.11008987 2409.57668287
702.484822223 1811.29025089 2424.338112
-968.205801019 1676.53384479 2668.11312574
-287.24202225 2017.49119337 2720.57028756
650.126482247 1853.31648896 2400.12282517
346.436165948 1899.42732209 2679.2467106
1120.01991588 1957.6575126 2738.20778617
1079.06004105 1911.8484835 2700.17802904
-768.693376719 1179.86886962 2684.28535988
-1317.84703084 1308.0630032 2704.85494078
705.17774169 1896.94315979 2723.04351655
44.4608054838 1931.50414584 2699.77176104
707.108830454 1878.10981427 2740.69661983
649.69586691 1696.02576378 2420.61255237
745.511050145 1967.15647364 2698.57709733
2106.18619177 2522.16529233 2726.81714091
-872.060750053 1455.89345357 2712.38482564
-797.111582134 1403.83773058 2680.47310368
346.364635207 1712.8013506 2696.50861191
-32.1666274854 1405.4533841 2422.2226107
1457.10330329 2172.53873554 2731.20303651
-23.6450677359 1935.24097995 2413.59026856
156.286867013 1382.25658861 2356.00680091
-216.988981385 1309.22167802 2703.46777198
-624.493987198 1718.38396389 2707.82639288
-61.8001046101 1651.92711891 2668.2858926
66.3692181688 1847.09057582 2671.01440172
724.498109345 1922.51373257 2671.00907748
366.133796677 1783.02074612 2680.30466671
313.35093977 2086.32914837 2722.15759026
144.228962254 1758.8882489 2709.22915632
567.503810133 1516.10899334 2686.29203602
1130.41624941 1993.26476644 2358.49833485
-500.355594585 1323.18904185 2410.82468889
2037.69631779 2270.29594148 2698.43366505
1107.55560109 1934.87375743 2674.62934751
-1330.33427454 1698.95085163 2682.1347188
746.060954517 1606.84948074 2687.73947739
386.828308812 1740.37238271 2393.85415697
958.942251944 1702.57321405 2699.06611603
448.658991547 1949.22102042 2659.67946255
-391.37325852 1399.95629458 2366.18121606
-51.8027175057 1493.29040285 2621.42752281
709.447259749 1783.22318141 2402.5643763
739.214553658 1985.38123292 2679.38089041
-1508.73316168 1240.39135761 2601.84561333
2037.64368293 2382.98381387 2685.49565402
-871.550661835 1711.5915022 2628.68965243
-809.495142323 1033.55403882 2672.38648914
-120.462944219 1745.48893994 2657.21782527
384.395238883 1721.31581438 2699.38597222
129.351224137 1724.58192381 2660.59186739
-40.4953844952 1793.25317447 2399.4893343
-794.301043206 1942.93038135 2695.33810866
-373.588939035 1629.55793415 2678.63021373
15.5397868055 1859.91310558 2675.72729711
732.941516114 1661.1779373 2677.97336053
683.683259117 2101.10865654 2650.6187045
362.193215274 1699.45741583 2688.35155653
468.896001058 1824.6873403 2714.52110305
798.682274185 2213.46278437 2678.96513308
423.705438916 1988.68177955 2689.69859259
1722.26371108 2386.07988291 2679.28850748
-371.587711965 1786.86192877 2683.27893614
-888.69041941 2027.96355454 2690.20535492
1404.88228192 2344.16013116 2706.32098444
787.459754722 1935.76004662 2677.84816549
338.353594985 2108.76189197 2704.75407114
1125.55112237 2174.82416964 2714.01468195
365.672071324 2050.27945903 2705.32013572
14.7847015741 1931.23187742 2671.09252024
79.926545022 1714.8653125 2675.84786731
1065.41477073 2026.57503873 2674.87835476
-1427.63085518 1470.00215183 2694.92766982
-997.725005694 1651.81813897 2686.25166692
422.394977917 1633.74225157 2701.18711238
-805.913907756 1138.31779325 2078.53332224
4.01207679174 1163.79609927 2386.22771498
-1055.05566732 1536.87109967 2738.40480432
-603.621992198 1829.72917358 2734.55963272
-1500.43649669 1540.99414334 2700.23380229
692.061179568 1870.54194007 2695.3920692
54.7229881953 1732.46142594 2727.18362772
-575.301529029 1607.8923771 2397.87352
48.9649063188 1783.38261425 2686.26889701
433.477880908 1811.73683316 2701.9749622
167.646714795 1590.6976955 2428.28880699
403.00523704 1454.37929902 2373.6712202
-612.095518854 1473.77201339 2700.58263382
-556.591444232 1435.1830189 2722.84463485
742.555048342 1574.3071262 2389.417411
31.7799691769 1459.86174458 2673.2107923
1301.6988607 2038.61533474 2423.9528716
721.349209609 2121.27439371 2727.07414534
195.244576719 1680.67492511 2696.26332773
384.533712527 1612.11694144 2386.55459907
-1376.07642571 1695.60728154 2692.45313878
-453.131592885 1108.55506777 2383.42987397
429.643142511 1750.90655963 2714.12843623
15.7529103602 2096.32654602 2723.59571257
278.976297005 1850.7097086 2717.89128866
1353.78322663 2113.44214297 2698.68099233
850.897492097 1938.30133495 2687.754689
164.199615146 1718.90246445 2713.36319271
-930.858788735 1415.70582838 2697.07660812
215.592318334 1770.69832037 2404.60246155
1360.13488349 1987.82938315 2690.66345303
-640.596565682 1506.46634308 2406.67834114
-30.6760526866 1469.00839249 2616.26270276
186.018906941 1679.53223753 2692.54367842
-183.801735726 1533.84315839 2726.45408691
-900.073150871 1615.55355944 2716.90644753
-7.50257154401 1809.44933568 2665.69153192
75.3807570359 1566.6867596 2714.90303759
822.610902001 1591.1769645 2376.86076102
290.39653174 1730.79077047 2720.91416079
1133.69041808 1971.29421822 2636.34451206
532.855221303 2055.33731741 2704.46583994
-395.704030254 1273.52917591 2684.3129211
-1449.68455748 1440.92100276 2667.02609424
453.5718557 1720.4285522 2405.51642684
-45.8473162363 1802.10251194 2667.04137843
356.309355067 1652.77461031 2659.97223965
1315.50653032 2078.95151137 2633.58412594
-902.258024465 1223.52724089 2662.6640785
-77.6315645921 1813.87368402 2677.25503105
506.00614378 2163.94884523 2719.36312797
-30.6003063455 1891.98980148 2676.32472345
-1216.81403208 1454.66334958 2661.23363303
-948.739918191 1384.50466698 2675.42593759
-681.607826617 1722.55907853 2673.8642119
325.539981088 1786.76559178 2652.22577788
1654.15558287 2326.46682269 2702.48760522
10.6482780877 1805.69172954 2624.68670072
228.436198271 1872.85999062 2659.92546125
-299.546952225 1875.78872388 2670.90096315
-930.787994424 1764.97393658 2719.85853643
193.82050231 1705.31587645 2656.77465003
696.043040248 1934.81422292 2705.12235092
531.53435796 2192.48370702 2693.77646522
252.72711491 1976.74815967 2688.97505941
-623.717209996 1887.18408133 2683.77863278
56.7236241196 2024.16316363 2699.63986423
1060.70204963 2264.90639377 2666.06746505
72.1758968983 1638.07141674 2691.65982222
874.964409503 1999.5376806 2552.01308821
62.4009560387 1576.74015807 2699.42378472
393.777859458 1422.06844038 2707.10651491
-851.98365909 1422.12382913 2678.49406511
179.966114429 1863.69722531 2684.62229107
-436.684775993 1510.27087524 2722.65740667
-6.2973275408 1915.14375133 2699.7325755
-843.190555488 2134.10369451 2721.46752331
456.547525306 1686.93034723 2697.13113873
-269.116017602 1412.09875081 2703.20448027
-187.377787768 1860.19471961 2707.52564028
752.945136069 1894.15790268 2707.77460548
-55.4245060682 1885.46161206 2684.26155365
-189.191609541 1666.30733866 2711.80401405
347.53376966 1819.11000205 2711.9664361
-34.045927947 1579.05380008 2652.02992899
-88.7613025113 1793.56283575 2714.66289729
374.019591951 1511.56398965 2695.79824653
-310.745552773 1872.06188798 2710.03077119
-1138.91162603 1382.16353333 2672.76598976
-92.4418818115 1717.65204244 2679.87374716
846.965311125 2330.6344553 2682.91964952
1100.52661905 2019.2280843 2682.24915023
-176.206295979 2179.91615367 2703.31708949
837.76549604 2152.10292123 2678.20028348
-912.64597115 1904.10391995 2689.08938963
1152.3232284 2102.66505861 2698.12562271
-187.132110745 1889.7731952 2710.55347553
-445.802166421 1960.2293964 2705.09462539
114.107131385 2098.85591219 2709.51976154
336.071183156 2110.28547121 2719.91916738
847.615000236 2295.53201191 2707.49490275
713.721308665 2019.69765912 2708.38881914
1401.31382002 2265.08184058 2691.02640085
34.9482188532 1934.20408056 2717.22970939
412.821570739 1917.99786282 2675.99134325
-564.746352735 1809.81553082 2717.33544553
447.466131037 1944.41679376 2694.37799993
712.302109465 2065.3246831 2705.11303685
-4851.81521602 -1172.35185437 1611.97306394
-4721.64636934 21.7123601067 1956.91590553
-6657.84566922 -2182.19976515 1928.26388041
-11788.574727 -1061.50192277 2064.49036334
-13987.3837402 -1547.59869837 2232.24365856
-6228.06863547 -417.8733175 2076.23552951
-3933.55662578 -1319.10809369 1909.53472104
-3644.255366 -362.40908185 2188.7268886
-8090.15968078 -914.011717848 2049.32263073
-4060.13467827 426.334996029 2239.93951038
-2142.30018866 446.414196884 1568.11817857
-4905.45221474 -319.689550502 2078.37231231
-3851.38890573 477.112839663 2627.40885767
-1805.21163456 571.780341728 2069.15930504
-5025.40284901 -416.034463975 2406.5806603
-2933.65641496 170.827160802 2275.65783472
-2926.51666748 -474.263241165 1971.66392017
-5319.34216215 -750.266981887 2498.95789204
-4569.90180182 -795.92249148 2380.43120407
-3300.69445229 -411.490355494 1686.85004749
-2941.61153453 160.958683276 2425.38281617
-9340.10549366 -511.52641197 2463.18710401
-3386.78220922 441.977720627 2365.43411994
-5371.36415364 347.442176071 2228.29221982
-770.36948003 484.0043381 2251.73775688
-5532.70525233 -709.07782371 2371.50902591
-1945.47575303 154.604645434 2368.4950135
-5684.22499658 -69.3643405046 2485.25987716
-1989.60653653 391.830725519 2439.93789405
-3987.84723136 -517.210280915 2467.00559411
-2547.99905324 -159.95125446 2497.32608187
-3872.44081571 -851.112694745 2434.11880367
-2378.9958221 402.651829282 2234.26721724
-1556.11462068 1090.97089273 2601.42898021
-2633.01883587 -23.4474618964 2263.43121512
-1756.79279729 -314.969165223 2587.72609857
-2175.39672889 -68.360564949 2436.64402236
-2666.12176327 69.5325252855 2555.71365475
-2666.81492251 286.579707033 2216.84492252
-1977.43287096 360.128127694 2174.39047686
-1630.5003054 1580.19085532 2466.28341438
-2136.19650913 503.547443641 2198.66666222
-974.440919692 1004.96827802 2600.73995173
-936.580117578 1413.75723713 2325.84482105
-5166.55451409 -391.149525903 2329.32674595
-4054.23358578 -71.4376099158 2503.37489897
-1779.1334212 1026.83894922 2585.26019671
-1377.37818199 378.386983833 2361.22802442
-1320.28375017 983.820537461 2579.16766911
-3404.12253776 483.717268179 2555.52725707
-2478.33936844 285.231860073 2438.4246731
-1531.65017835 242.948523445 2331.13155817
-1029.56743844 1123.41309757 2497.43156438
-2880.82595164 303.316906602 2401.41341102
-3619.74005152 -256.928609546 2321.24142969
-2227.37254538 1054.32998401 2598.00345948
-2660.12006867 154.38456717 2099.19520831
-1309.46330982 908.284417484 2517.80866116
-973.485521524 1497.44041183 2625.88907279
-2197.17665395 650.454557589 2631.05914662
-3693.86519824 572.585806255 2627.21408516
-2845.13370743 515.303138226 2470.36411554
-2251.35388099 788.551905591 2595.66740467
-2222.47560294 555.17490154 2598.77623483
-2175.82335895 308.563715438 2473.84005059
