0.5226 0.549772 0.5764
0.53512 0.55076 0.57264
0.53668 0.561496 0.58244
0.50056 0.542616 0.57464
0.48488 0.536304 0.59228
0.50472 0.539544 0.57188
0.469 0.521644 0.5436
0.48664 0.528924 0.56428
0.47232 0.5169 0.55364
0.45116 0.4962 0.52528
0.44472 0.490608 0.55712
0.42568 0.4837 0.52652
0.38044 0.450984 0.50792
0.43796 0.464084 0.49324
0.44624 0.46408 0.50484
0.38956 0.435868 0.48664
0.38708 0.43472 0.4634
0.3658 0.4418 0.48496
0.37404 0.422192 0.46532
0.37608 0.407548 0.44968
0.3762 0.421872 0.45372
0.35792 0.404692 0.44876
0.36036 0.4182 0.45652
0.36864 0.405136 0.47436
0.34672 0.397448 0.43548
0.35616 0.40188 0.43132
0.35604 0.392192 0.45108
0.36 0.406008 0.44656
0.36024 0.39454 0.44912
0.35784 0.383428 0.4098
0.36796 0.39376 0.41764
0.325 0.373244 0.40412
0.3582 0.382504 0.3996
0.35268 0.381956 0.42544
0.34416 0.382456 0.40388
0.3286 0.378368 0.41548
0.35484 0.37596 0.39256
0.35084 0.373876 0.42472
0.34884 0.38816 0.4266
0.34144 0.374252 0.41544
0.33 0.366644 0.39676
0.33544 0.375244 0.40564
0.35608 0.386604 0.43872
0.3356 0.369328 0.41296
0.34868 0.367444 0.38692
0.36268 0.385784 0.40604
0.33596 0.364848 0.41468
0.352 0.369604 0.40292
0.36908 0.389288 0.4096
0.3576 0.378636 0.41724
