-6590.95785321 -5172.08523093 -3460.82366837
-7054.12352374 -5550.43519593 -4383.0631835
-7154.03923902 -6096.05967806 -4805.10315866
-6962.89578444 -4815.68379023 -2079.47341864
-7998.039013 -4667.84361916 -2257.4481426
-7105.17319587 -4549.77872787 -2993.60726733
-5274.33478636 -3577.43650292 -1725.1786768
-5905.77025371 -3735.11341923 -2279.40391563
-5169.98247912 -3549.32159924 -1315.91096353
-4072.08659315 -2498.87955498 -153.129615872
-5276.37686599 -2278.07081977 -416.868973698
-3562.95755003 -2032.4306082 -303.800000572
-2301.90079413 -883.716468046 388.176400846
-1966.88583339 -1083.10495553 -265.306363501
-2337.31257257 -1196.16125486 -341.269969863
-1943.22044339 -495.264284719 306.050495441
-1075.5256456 -355.991156032 271.589507922
-2316.33548325 -612.101785916 127.891295106
-1665.34721803 -160.748158638 373.86846789
-816.549970806 27.838358375 372.305090486
-618.798191196 -210.931185898 258.463315844
-314.727625709 154.53725595 608.749731566
-731.630180176 -126.095943099 425.479745621
-1612.97003717 -89.8356199298 452.191766351
-545.14987605 87.5752545118 551.934979713
-172.95933756 159.87827366 454.60727644
-174.385719186 191.615647012 510.728995168
-1036.22878897 2.12045361992 418.358309065
-202.641227266 216.062640108 488.416671219
-277.910254009 221.568807922 444.36083581
-300.779506461 293.939532066 506.572104505
-421.576153196 296.573266247 639.452024003
-18.9056797415 356.796516727 534.479161511
-373.191382682 365.0875866 589.514636068
298.6512776 432.019228858 590.178081074
-224.692237134 287.449149776 563.523692538
217.027614651 483.103056314 647.089357298
-272.441806448 476.55874955 738.873995995
51.1171097054 381.78064329 669.557734754
-340.709735862 380.826581969 593.099850374
297.450341357 513.451305311 772.462071255
99.2319548402 322.939691562 554.782593047
-498.998160938 295.119168904 706.734270616
-105.387772683 411.490802131 628.118273883
303.719177591 573.944763743 804.133348928
-98.9429462922 344.804690482 597.850574423
48.6378912923 485.255862895 673.035854023
441.694355071 568.663422892 676.693725305
181.514318277 487.788411072 725.68169024
-16.6110895123 424.095104296 707.783257244
