205.950181183 659.162570717 1104.82318834
303.475853411 780.351592486 1213.75019811
264.281119444 727.494205594 1108.75821268
733.536960351 969.46986508 1338.08373566
251.46324221 882.534620721 1187.56449268
743.208964298 1054.89243875 1212.092954
858.087882803 1015.33086487 1149.95861092
775.186961355 973.993609882 1257.5226147
798.004938032 1016.1730555 1217.17211096
565.99399512 905.997161021 1173.08109204
629.094938192 953.535462844 1202.22273158
683.156171174 935.680318707 1133.69490624
827.608708303 1011.61942181 1157.88335384
474.091806942 839.332721271 1128.29910606
732.437956963 913.013659012 1259.36147882
617.6617409 866.763124487 1247.23533106
623.703370699 935.037222743 1265.98445196
629.55282399 928.239908394 1162.28453125
707.115765291 930.460432172 1102.28124918
612.983326494 1024.41632865 1351.77923398
798.299541837 961.121655891 1192.94765421
636.541636022 951.551423704 1305.66464225
650.55231103 1002.09668263 1328.07200259
558.87611827 869.830377069 1175.29357857
757.424631347 998.530560132 1130.61272726
668.409437844 952.236123892 1111.14756736
858.125460878 1066.93192524 1276.44046382
815.581293458 1022.3576745 1256.72833791
735.039181214 981.483846198 1214.8475868
837.734295995 969.999836774 1208.45325032
492.813666922 945.79318949 1106.17254587
527.047753983 880.20005029 1271.52518086
567.917769455 991.302547674 1338.78562155
680.873837803 1075.38783539 1370.06661189
580.43162889 960.321778564 1193.73637226
728.902116237 926.064690505 1186.90124398
691.767258625 1071.59073633 1400.84673515
849.453685761 1002.18216872 1258.95351057
802.619353547 972.278445486 1179.13500972
760.04531374 987.119950784 1173.49842149
489.90953587 1001.82814895 1212.2689114
316.809300598 910.250126326 1140.03529476
756.956611773 931.326849509 1113.26676113
789.392436376 984.590054015 1174.84254189
575.274173825 968.210790602 1187.67317733
674.380699246 932.141804006 1099.1903949
623.102143176 959.711082948 1144.59172287
577.493940968 1000.01826331 1271.76963358
817.027555887 970.197235009 1108.37289888
707.096161368 970.590732525 1184.17031634
770.723695829 975.395768596 1346.23307303
759.079269301 998.110897479 1295.6341367
681.45974409 997.797126464 1264.32479195
781.842921105 1012.02028489 1303.32638502
652.012998832 984.903442969 1183.99957157
854.424808849 1049.10731974 1320.85563427
563.883188926 957.801363953 1087.74431568
536.24292123 939.097447121 1274.4197172
830.380858335 1006.77658688 1203.63407692
819.657275598 1065.28150426 1199.69018341
740.346988148 1031.75946857 1284.18535475
848.266049785 1067.24174347 1265.42107833
589.166615487 946.837945472 1268.47583721
800.315310065 970.888955404 1210.3547913
731.676249009 1070.87267941 1341.46448429
746.175936449 1065.97158733 1203.71232304
534.215362555 948.725288888 1198.0661754
762.704016314 1040.58052379 1232.76776328
568.86328729 888.888969889 1045.75313439
461.866056976 989.008157485 1238.4793462
787.179983596 1002.45869399 1238.08834592
591.266179127 1033.57583256 1345.15159159
867.184855602 1041.20303409 1130.17178577
752.467568165 969.340426304 1287.29917711
647.918190717 1044.67832051 1381.64555324
748.694866431 1038.66789531 1321.28510984
864.341854647 1025.4968606 1085.10356216
817.366432343 1021.12436362 1424.41633088
576.117811447 895.507016866 1194.7648501
