-1076.59359821 -259.273973201 1487.18860696
-422.424862851 435.064899379 2135.80364737
-1078.25392211 129.714239659 1175.16098724
-883.991134003 -122.28648989 1058.96808791
-4746.51606972 -374.226617509 1152.97849764
-1662.36233282 -340.372482947 1969.80632233
-1030.36085233 97.0124760809 1247.39560009
-1137.40039113 -68.911127888 1193.26212435
-5089.54129779 -388.371758519 1701.5013844
-3443.14172932 -105.996706681 2036.32818422
-983.953245037 -280.145451769 1083.54526702
-1893.89108797 116.852277476 1483.49747903
-1244.34791274 94.9656412053 1952.72020052
-2816.98352086 -462.971724923 1805.57882378
-6760.05824524 -1394.81594055 1998.74224991
-8228.40329786 -613.510253451 1864.6099576
-8321.05957341 -1165.01397255 1272.39459183
-411.320797235 756.554450492 2111.94913746
-2308.00141226 235.936085884 2155.89766342
-3486.78144757 109.934058184 2040.08701333
-7935.78061608 -557.768538846 2001.99274968
-973.634328084 84.3530525017 1952.59310619
-660.838375434 270.96105321 1404.6488525
-6378.52822065 -503.235829902 772.895663513
-6319.10650803 -445.833163927 1616.94365794
-610.129034237 138.416615291 1159.50049179
-433.920227269 275.056132004 1920.59525575
-4374.98145326 -293.051881341 1608.74472508
-300.549055947 464.131442186 1698.85058562
-1038.5395676 362.885910539 2082.84315238
-5264.19352218 -400.030409862 1675.93251728
-867.363035704 178.534935403 2076.35861623
-1436.64146537 479.698570036 2037.39261212
-742.475928675 -155.063402659 337.475707449
-943.09563439 -100.624893681 1275.26861702
-836.868027345 -109.207293944 718.354124105
-784.965650786 -125.378683688 1990.35841645
-416.090856504 157.937339293 1757.13004845
-975.534251882 -32.6444954329 773.564781501
-474.158807445 362.97298302 2050.76585334
-585.510943185 248.295896201 1173.97517214
-349.03523364 -18.6719074695 1207.44240823
-552.088189765 166.372100583 1711.32717437
-267.297371335 625.686145886 1949.24922873
-308.156261705 274.073152274 1657.39575241
-323.779748347 606.019721837 1618.43923331
-383.797445792 391.213214087 1912.49145959
-886.961051381 508.230495784 1829.98615053
-813.193639393 128.797147966 1210.32895644
-505.773650217 737.030789234 1605.37311854
-1221.34614916 -293.651755313 311.674912929
-5735.90291072 -433.592238457 2096.08907903
-940.216868988 -59.1764713101 1587.58518862
-369.02521735 387.835335866 2023.70451178
-1769.36116182 391.150545383 2109.30940005
-606.80510182 429.093772534 1743.22981135
-613.27320594 167.642593384 1959.70719682
-194.714443982 790.089024154 1931.59211775
-1480.15542677 286.041433409 1970.0536281
-453.008443142 739.438560902 1847.50506759
-409.020460965 468.753679608 1876.76597995
-459.728809886 368.794487224 1978.6064823
-676.195775256 598.536950075 1968.89816529
-3633.61267371 40.486455848 1961.4115547
-253.01474173 649.612094887 1876.21957203
-6701.24266512 -383.541874025 1636.85179898
-405.369399955 143.345075547 1849.04099392
-455.236529708 597.119472534 1960.66618059
-7478.41361443 -527.525680844 1890.99755202
-548.859070686 509.686586294 1967.75227527
-717.339283758 71.2536974157 1482.53002496
-302.939861976 482.163221455 2002.49348179
-6882.5028285 -1033.66086791 764.30286463
-7984.2261655 -289.275720141 1905.4376437
-264.216732926 305.730637931 1450.60339843
-2451.1404793 126.639596555 1756.90073936
-2497.44214552 372.112923609 2120.7835717
-100.154360901 1114.7396563 1997.48275155
-484.020361084 239.855143864 1256.2640364
-385.390067421 532.280819719 1773.68205265
-429.07208879 228.331661823 1979.98018387
-818.425348002 419.966408967 1526.72621688
-854.166311527 -91.9942475753 1735.43618294
-1630.36447273 357.712750865 1998.67686608
-4837.15768796 25.6146394629 2025.02381874
-1481.53298396 164.578396693 1910.00410556
-212.719497132 657.113154246 1906.40447242
-273.770513616 405.171002835 1599.78594923
-6825.720435 -362.572903554 1910.03805588
-823.951894207 381.749184833 1466.88102606
-1353.39433602 534.874960021 1968.9529243
-316.954122517 946.283798217 1990.94768247
-534.674615412 427.253359413 1999.07214293
-114.14831408 1074.87774357 1931.931582
-596.334766068 835.220498042 1913.49632114
-653.581876525 163.274210429 1976.3792614
-471.039906411 520.113002873 1866.62206301
-2088.94219615 1.36738125552 1933.04940702
-6197.85493051 218.381513561 1853.33342769
-622.889177989 233.669203173 1822.55788001
-376.030320306 815.397703513 2030.77670343
-277.076455511 502.708309406 1964.70778247
-207.444646359 162.744369061 1739.27396342
-484.974635867 399.197608515 1787.41264246
-323.223896537 625.350463614 1925.57910474
-330.054274542 908.702321881 1958.95147852
-311.45552668 86.5175027617 1929.89121553
-1410.00914102 490.782988967 1874.15876356
-174.979766823 934.440827079 1911.95581001
-224.114187 767.021458684 1933.35791469
-179.702772599 1048.89302918 1985.31964716
-340.367075684 287.392375113 1928.05752369
-1435.61635463 -240.388871605 334.103123148
-1226.96168157 521.321369071 2114.28460622
-402.271298335 562.765842677 1965.47392292
-284.62332223 284.939997543 1948.2064426
-217.531934528 787.042139829 1907.29567118
-323.054323039 261.989598387 1481.0594146
-232.324808303 569.880910234 1662.12018814
-185.287535785 788.707642829 1890.02372313
-107.306924587 616.10253931 2128.90639743
-310.483972978 644.483239545 1969.93639744
-2144.92608435 153.442084925 2007.53365453
-272.285355842 713.358122088 2045.40018569
-284.664889124 733.991877413 2042.1092896
-266.415574968 597.663558483 2012.419976
-540.692435149 405.726696262 2074.37662565
-299.737731011 405.525957659 1727.67261976
-699.683619525 809.081337092 2090.39986724
-557.530265236 652.601864953 1961.37979657
-1078.24990972 512.720534736 2045.33452677
-364.924125956 38.6206666247 784.1201144
-216.283722759 639.686826408 1609.72490424
-777.270020616 474.602565401 2059.92843731
-244.868746682 164.244402986 1534.74972672
-1032.92913918 610.483682704 1725.549059
-509.043155607 343.241982845 1929.72592457
-323.197281494 375.523455623 2043.33560364
-138.327324681 639.378704862 2195.21717488
-562.277821613 899.293612475 2142.61474596
-341.25286866 128.475983135 1175.44971706
-287.753212647 250.445772628 1716.3105181
-246.450943176 620.94167528 1956.65654427
-554.141401818 602.815741389 2006.71790807
-199.94491396 724.888704997 2147.16392473
-201.782807747 815.234696025 2023.52764601
-144.172308653 559.325886987 1583.90627812
-197.037346694 733.592774556 1716.59410441
-107.176725868 509.978918808 2084.11110799
-159.820959086 672.79229586 2012.67166394
-537.357820496 55.0161532224 1251.1490687
-288.037993088 1013.41279301 2110.38951408
-534.36749856 -35.9274680257 781.801723211
-205.505266675 525.616053616 2014.02498025
-232.926869823 876.883222266 2035.60160414
-206.585879199 673.189723065 1704.97274358
-544.824943133 515.64566977 2105.61834556
-557.927850862 556.567341857 2113.09354191
-153.474151985 699.773254105 2107.82287591
-279.379420998 227.111189298 1250.96010065
-449.65568493 474.988953646 1732.80678641
-287.044022481 652.184797853 2117.914387
-171.368788903 814.308992555 1978.33957408
-218.449403736 603.402401445 1703.19450224
-215.634197616 489.005943264 1713.50681691
-298.659756889 723.961530081 2153.55230951
-497.46488235 -25.1055008957 1303.36354192
-330.094275966 272.39320284 1281.89632717
-129.499579132 885.399937175 2103.95758769
-406.199995769 597.772434954 1663.38789514
-191.232866149 736.851732392 2074.60606725
-293.490053294 376.316938829 1257.50235107
-279.39343605 756.066790638 1862.14316737
-360.215895235 367.928848864 1259.79895711
-250.659354029 817.155196069 2022.19742436
-325.085396572 904.647454611 1725.62034436
-166.212565199 754.422157385 1961.38665369
-208.884829222 523.691923749 2109.67796105
-167.574537113 379.366453267 1736.60074358
-382.963727469 681.774027602 2114.32591831
-308.704840009 472.466146251 2096.54399034
-309.317314195 383.122620488 1677.04310915
-119.885769517 924.501344166 1754.33163666
-381.615307312 624.23052241 1281.04223913
-124.83452755 878.848358985 2055.94905405
-444.948415558 130.307920494 1533.23481799
-128.039910702 500.173040292 1251.0745438
-193.759000207 600.579642233 1702.12499129
-322.358891512 725.160878907 2248.23167634
-222.912511806 778.567369508 2136.77888678
-189.649149672 555.000258558 1745.27950968
-593.881430687 404.052971556 1727.53948594
-349.69400656 671.758321036 1698.12092099
-318.699074297 569.494045619 2285.3744061
-134.072894375 639.50957522 1245.85618623
-206.510849116 1051.69808253 2096.60321989
-223.250961278 698.985800817 1757.61507621
-564.241009998 706.424745373 2235.99455961
-205.537144693 939.273763319 2255.7413707
-282.973427996 201.528747491 1259.95823622
-235.585225258 762.419611452 1702.30355368
-146.167740516 618.244138456 1767.80647157
-194.298910733 514.739007537 1778.15064266
-304.921952567 392.04771 1695.35445226
-207.736923101 427.238383391 2250.15005637
-392.314745154 577.663243439 1738.10539226
-473.051513933 577.768902048 1768.2678694
-229.183379976 998.211791888 2160.39721769
-201.854230216 934.205502713 2235.37674797
-269.679334907 643.009876085 2320.41693966
-291.251036899 348.42352029 1264.67144352
-358.958094758 536.852793419 1368.03376406
-423.958768536 892.449102298 2191.63152401
-812.852945085 547.908214274 1742.65147736
-587.352017901 423.197736199 1285.06979013
-298.190875324 665.139365608 1803.87948976
-331.99355298 365.360544789 1786.22141177
-640.47619782 998.250708089 2310.03552791
-370.600460127 100.213458411 1747.0059522
-512.267759668 354.510897522 1829.78278932
-286.800192314 697.263438034 1818.52498988
-355.456969955 565.134418695 1857.43967951
-232.476422111 707.6819297 1734.83926653
-171.438885161 630.904860341 1767.54516949
-268.524320484 358.818799567 1312.61191104
-513.347270171 208.398528003 1271.3245632
-264.587227339 298.234470251 880.135049815
-713.749572345 489.124144259 2052.43891535
-329.553624659 474.580398486 2120.00195384
-299.603679402 217.440707643 2055.31134489
-539.60439788 261.080826119 1726.62635565
-241.092790864 900.987190322 2175.34264376
-537.10963838 318.027371493 2124.78147557
-572.645066142 504.728103142 2191.6984171
-168.327903545 1114.80696971 2090.26137491
-151.925475354 310.657122367 833.204720248
-301.833469993 408.177568169 1805.89339418
-400.243606555 117.096652279 1117.98982931
-245.694408765 830.22898817 2195.30012403
-685.494698911 -25.7750792484 1868.68271726
-699.698881192 179.597321077 1923.92450251
-499.220440224 54.1828424783 1638.707049
-206.84835448 781.315743313 1603.84289072
-434.829542682 240.628738369 1668.30410633
-1497.81247798 340.368178218 1690.71098489
-365.45000027 666.179822904 2062.59882121
-373.703106212 572.983372868 2098.29985558
-207.391456868 580.312380756 1771.48465597
-274.020277908 789.688557069 2108.22604642
-504.470459127 550.251857138 2100.77549485
-261.149955811 938.762567973 1712.8525998
-388.169546442 644.017129952 2226.59064871
-257.388776135 179.45242616 1782.27432654
-300.564383936 75.2805711604 1153.06786822
-436.943064291 375.858860482 2045.87489916
-372.746980322 592.630397959 1716.9819153
-371.163533428 805.227902929 2101.21848844
-299.827634017 188.676313431 1782.99900167
-409.807465767 533.840725873 1721.48446443
-1152.95970523 -40.5757387874 1234.16854528
-554.969888109 897.207637212 2131.91537069
-382.920094254 64.1702109711 2242.59773468
-381.648814956 725.331353118 1803.61044198
-550.061017345 549.283699077 2027.89994563
-357.751186926 300.482419288 1661.48937762
-241.486050946 526.027685904 1557.20198765
-480.36224676 344.589126413 1282.21274288
-516.03570039 320.812482697 2197.43627258
-463.928517451 783.072760243 1808.20181533
-297.746234077 178.035078244 911.624794091
-306.116427924 502.850701755 2223.94236175
-283.130513782 661.216356074 2178.05966043
-381.577945922 191.868587009 1346.15167203
-323.056779895 411.109517917 2132.44796706
-698.283267786 234.35152533 1342.33679518
-239.1340094 658.95712565 1768.3956612
-438.251556745 484.590658706 1303.77113122
-269.203273132 347.124142323 1708.45461796
-318.121024839 436.616495044 1829.25926653
-323.636484161 369.964061459 1597.92569994
-279.672359826 727.566333605 1756.73002791
-437.933214702 250.049661237 1703.90885808
-301.561862442 571.287667375 2061.94394531
-625.587127465 666.500886857 1710.66437881
-310.580705126 960.708554468 2234.43983367
-193.785762156 1064.23155357 2127.3574693
-375.197324233 209.430032696 1336.5445866
-328.714248762 377.05802693 2273.04927048
-323.289318222 205.283142613 856.580885366
-364.972096986 65.8224952712 1258.76780178
