0.44784 0.584784 0.6
0.6 0.6 0.6
0.6 0.6 0.6
0.4638 0.58638 0.6
0.5816 0.59816 0.6
0.37416 0.556776 0.6
0.24036 0.531008 0.6
0.497 0.571396 0.6
0.21496 0.561068 0.6
0.1966 0.469792 0.6
0.16872 0.442164 0.6
0.28256 0.49244 0.6
0.16384 0.341264 0.6
0.15244 0.327408 0.6
0.15076 0.323008 0.6
0.17772 0.27654 0.57464
0.14556 0.205384 0.38332
0.1188 0.18162 0.40176
0.14148 0.249316 0.58804
0.1442 0.214592 0.6
0.12044 0.306648 0.6
0.12364 0.204684 0.6
0.14276 0.226404 0.58624
0.13192 0.168888 0.2166
0.1082 0.250336 0.6
0.124 0.20914 0.30416
0.11132 0.194352 0.6
0.11556 0.18436 0.6
0.1078 0.128216 0.16756
0.10992 0.132968 0.17516
0.10696 0.133404 0.15472
0.10488 0.13372 0.17384
0.10976 0.135292 0.20172
0.10616 0.128244 0.22664
0.11204 0.17762 0.6
0.11832 0.138164 0.16468
0.10768 0.120764 0.15884
0.10228 0.116044 0.12916
0.10684 0.126236 0.206
0.10476 0.120052 0.15364
0.10404 0.120984 0.13872
0.09924 0.113912 0.12172
0.10496 0.128696 0.25428
0.10568 0.116312 0.1274
0.1022 0.119492 0.15016
0.10644 0.120252 0.1368
0.10876 0.127944 0.15312
0.1098 0.162148 0.57408
0.101 0.113596 0.12388
0.10384 0.114068 0.12832
0.1034 0.129612 0.20348
0.10224 0.112072 0.134
0.10096 0.112108 0.12016
0.1062 0.116148 0.13864
0.10188 0.115624 0.1446
0.10416 0.112232 0.1336
0.10152 0.111932 0.12864
0.1018 0.116292 0.12388
0.10244 0.112632 0.1404
0.10256 0.124444 0.25716
0.10284 0.116528 0.14008
0.10456 0.125568 0.14216
0.10256 0.117488 0.14148
0.10032 0.11474 0.13624
0.1056 0.115544 0.1402
0.09704 0.113184 0.1288
0.10212 0.117564 0.1482
0.0988 0.113328 0.14072
0.1036 0.112312 0.12272
0.1008 0.113076 0.13444
0.1054 0.115792 0.13268
0.09992 0.111988 0.12748
0.1046 0.121168 0.13712
0.09964 0.11476 0.15448
0.09972 0.115688 0.13496
0.09984 0.110788 0.11972
0.09864 0.103996 0.11184
0.10268 0.10696 0.11512
0.09868 0.104544 0.11464
0.10084 0.106116 0.11152
0.10016 0.107844 0.12052
0.09832 0.103648 0.11688
0.09928 0.103924 0.1108
0.09584 0.10466 0.11784
0.09772 0.103548 0.10952
0.09456 0.104116 0.1132
0.0974 0.10408 0.11504
0.0944 0.100712 0.10632
0.09848 0.10492 0.1176
0.0976 0.106264 0.11284
0.09496 0.105892 0.1314
0.0952 0.101276 0.11244
0.0948 0.100336 0.10904
0.09564 0.102688 0.11044
0.09556 0.099404 0.1074
0.09576 0.103652 0.11172
0.0946 0.09752 0.10164
0.09464 0.097796 0.10036
0.0964 0.100184 0.10744
0.09468 0.098876 0.10132
0.09296 0.097476 0.10304
0.0938 0.097144 0.099
0.09416 0.100064 0.10376
0.09576 0.098964 0.1056
0.09508 0.100836 0.11016
0.09456 0.09952 0.10692
0.09644 0.100064 0.10572
0.09532 0.098792 0.10248
0.09512 0.098304 0.101
0.09352 0.096492 0.1006
0.095 0.101628 0.10776
0.09196 0.097816 0.10368
0.09584 0.100832 0.11088
0.09104 0.097268 0.10212
0.09276 0.096048 0.1004
0.09144 0.096988 0.1088
0.09308 0.096828 0.10184
0.09124 0.093852 0.09868
0.0918 0.095064 0.10228
0.09036 0.095752 0.10572
0.08948 0.09414 0.10008
0.09068 0.094284 0.09924
0.09132 0.095072 0.10028
0.089 0.093048 0.09728
0.0908 0.094348 0.10064
0.08952 0.09258 0.09572
0.0912 0.093896 0.09792
0.09016 0.096336 0.10328
0.08976 0.095388 0.10152
0.08992 0.094848 0.0988
0.09096 0.094124 0.09792
0.0928 0.095372 0.09748
0.09228 0.095092 0.10132
0.0904 0.094416 0.10148
0.09092 0.09508 0.1014
0.09072 0.093256 0.09828
0.08952 0.093568 0.10168
0.09064 0.094912 0.10004
0.08936 0.093272 0.09632
0.09068 0.093252 0.09744
0.091 0.094044 0.1014
0.09104 0.094228 0.0974
0.09088 0.093044 0.09592
0.08956 0.092996 0.0992
0.09012 0.093564 0.09628
0.09064 0.093912 0.09992
0.09172 0.094356 0.09948
0.09104 0.093804 0.0978
0.09008 0.093108 0.09796
0.09132 0.093312 0.10032
0.09052 0.092356 0.09476
0.0902 0.092624 0.09536
0.09032 0.092512 0.095
0.08972 0.092864 0.10044
0.08892 0.092776 0.09772
0.08988 0.093008 0.0986
0.08964 0.093264 0.103
0.08976 0.094044 0.10256
0.09132 0.0934 0.09736
0.08888 0.0928 0.09956
0.09048 0.092608 0.09828
0.08948 0.09158 0.09368
0.08876 0.091832 0.09464
0.08956 0.09174 0.0954
0.08844 0.090604 0.09236
