0.378 0.463 0.5548
0.3904 0.48964 0.6
0.394 0.485 0.6
0.388 0.47672 0.586
0.2836 0.4586 0.6
0.4028 0.46488 0.6
0.394 0.44848 0.5672
0.3208 0.45316 0.6
0.39 0.45436 0.544
0.3344 0.43176 0.5536
0.332 0.44828 0.5616
0.4172 0.454 0.5184
0.3184 0.45868 0.6
0.3296 0.45268 0.58
0.3976 0.48472 0.5732
0.4032 0.47104 0.5816
0.3688 0.48844 0.6
0.384 0.47824 0.6
0.4216 0.47796 0.5656
0.4304 0.51596 0.6
0.3812 0.49108 0.6
0.416 0.49516 0.5624
0.3604 0.48564 0.6
0.4092 0.488 0.5584
0.4124 0.48152 0.6
0.3996 0.47768 0.5996
0.4336 0.47496 0.5196
0.4012 0.4772 0.6
0.3676 0.46944 0.6
0.3928 0.45916 0.4896
0.3884 0.48492 0.6
0.38 0.49344 0.5932
0.4396 0.54088 0.6
0.3668 0.47444 0.594
0.3936 0.49564 0.5888
0.3828 0.46836 0.592
0.3676 0.45872 0.4944
0.4172 0.47836 0.5948
0.3644 0.43484 0.522
0.3768 0.44356 0.5108
0.4008 0.4798 0.6
0.386 0.46996 0.5996
0.3452 0.45292 0.5952
0.3836 0.50308 0.6
0.4272 0.51584 0.6
0.3948 0.47132 0.6
0.3608 0.42932 0.516
0.372 0.44092 0.5252
0.3104 0.42284 0.5468
0.354 0.45728 0.6
0.2964 0.43372 0.5916
0.3652 0.45016 0.522
0.2696 0.39196 0.4372
0.2788 0.40432 0.5148
0.3436 0.42424 0.498
0.3172 0.44488 0.5396
0.3364 0.44736 0.5416
0.4088 0.46888 0.5256
0.41 0.47412 0.6
0.402 0.48344 0.6
0.3128 0.43372 0.496
0.3756 0.46872 0.6
0.3844 0.4532 0.5228
0.336 0.41556 0.4992
0.3652 0.4418 0.5232
0.392 0.48224 0.5988
0.3652 0.46104 0.5852
0.3448 0.42056 0.5136
0.3852 0.41692 0.5244
0.3728 0.433 0.4948
0.3432 0.41044 0.5568
0.3476 0.41896 0.4968
0.3536 0.4096 0.4672
0.4156 0.45456 0.5492
0.392 0.43344 0.4788
0.3292 0.40168 0.452
0.376 0.42124 0.4656
0.3684 0.41796 0.512
0.3656 0.40908 0.472
0.3228 0.39996 0.4484
0.3348 0.4052 0.4856
0.3288 0.40284 0.5124
0.3584 0.39776 0.4756
0.3552 0.42656 0.4732
0.354 0.44044 0.4952
0.3568 0.4338 0.5172
0.3664 0.44688 0.524
0.3608 0.44812 0.5536
0.3616 0.43084 0.4956
0.3804 0.41628 0.488
0.3428 0.43156 0.5936
0.3428 0.40732 0.4816
0.3416 0.3916 0.4268
0.3028 0.36916 0.4376
0.3612 0.40692 0.4864
0.3088 0.3638 0.4696
0.3404 0.3968 0.4448
0.3372 0.39504 0.4916
0.35 0.40144 0.4728
0.3548 0.39956 0.4712
0.3604 0.424 0.5492
0.3468 0.39276 0.4404
0.3372 0.37676 0.418
0.348 0.39188 0.47
0.3064 0.3848 0.44
0.3396 0.39592 0.4552
0.3464 0.41716 0.4808
0.3124 0.40916 0.516
0.3232 0.37524 0.4868
0.3256 0.4104 0.4716
0.3644 0.39672 0.4456
0.3592 0.40292 0.454
0.3152 0.403 0.4444
0.3268 0.38816 0.4412
0.3248 0.3846 0.4336
0.338 0.37572 0.4168
0.2888 0.38556 0.4648
0.35 0.38308 0.4108
0.3144 0.39672 0.4432
0.3256 0.3908 0.412
0.3176 0.37416 0.4304
0.3216 0.38328 0.4356
0.3276 0.38348 0.4424
0.3324 0.38504 0.5016
0.3312 0.3688 0.4664
0.342 0.3622 0.3972
0.3432 0.38132 0.4688
0.3244 0.375 0.4188
0.3784 0.41284 0.4528
0.3296 0.37908 0.458
0.3284 0.36424 0.384
0.3408 0.37984 0.4004
0.3104 0.36912 0.4264
0.332 0.37144 0.428
0.3552 0.38988 0.4644
0.3052 0.38504 0.4112
0.3528 0.39196 0.4796
0.3352 0.36332 0.3988
0.318 0.38276 0.4332
0.3516 0.39264 0.4604
0.3192 0.39924 0.4748
0.342 0.41616 0.4716
0.35 0.40604 0.4476
0.3512 0.38816 0.4236
0.3644 0.4222 0.4984
0.3424 0.4018 0.4608
0.3328 0.39752 0.4596
0.354 0.39208 0.486
0.368 0.42632 0.5052
0.3244 0.36944 0.4424
0.3296 0.3956 0.4584
0.342 0.38548 0.42
0.342 0.40796 0.4512
0.3528 0.4216 0.4732
0.3256 0.39096 0.4428
0.3648 0.3918 0.438
0.3488 0.38036 0.4396
0.3528 0.39748 0.44
0.3552 0.40536 0.4848
0.3348 0.39556 0.4572
0.3224 0.38204 0.4216
0.3288 0.37304 0.438
0.3044 0.38436 0.4316
0.3188 0.37004 0.4164
0.2904 0.36256 0.446
0.3404 0.39172 0.4708
0.3568 0.3824 0.4264
0.3444 0.37476 0.4252
0.3836 0.41896 0.4784
0.3472 0.38936 0.4536
0.3748 0.40964 0.4416
0.318 0.40904 0.4968
0.3124 0.37052 0.4088
0.2928 0.39972 0.48
0.3656 0.44224 0.5236
0.3548 0.4092 0.5308
0.3628 0.42996 0.5128
0.3416 0.3852 0.44
0.366 0.38856 0.4092
0.3212 0.40424 0.4548
0.3172 0.38208 0.4212
0.3336 0.38824 0.4732
0.3308 0.39356 0.4556
0.346 0.39276 0.432
0.3164 0.38048 0.4652
0.3456 0.38904 0.424
0.304 0.35392 0.4072
0.3488 0.38484 0.4084
0.3352 0.37744 0.4324
0.3216 0.38464 0.4604
0.3272 0.3744 0.418
0.3304 0.37036 0.4372
0.3276 0.36812 0.476
0.3056 0.37064 0.452
0.3188 0.36388 0.4632
0.3248 0.38532 0.452
0.3244 0.38128 0.4304
0.296 0.36308 0.386
0.3064 0.36908 0.4044
0.356 0.39024 0.4404
0.2816 0.35028 0.4184
0.312 0.36148 0.43
0.294 0.34364 0.3988
0.302 0.35596 0.4352
0.2948 0.34728 0.3852
0.2932 0.32776 0.3924
0.3304 0.35136 0.4108
0.2836 0.34136 0.4224
0.3072 0.35728 0.4108
0.2888 0.31856 0.3564
0.3112 0.36668 0.4252
0.2988 0.3424 0.4064
0.3192 0.37172 0.4068
0.3348 0.36744 0.4448
0.3024 0.3324 0.3656
0.2768 0.3228 0.3704
0.2968 0.33736 0.39
0.2812 0.3256 0.3796
0.3072 0.33744 0.3564
0.3228 0.35164 0.3896
0.32 0.34196 0.3788
0.306 0.3602 0.4076
0.3136 0.353 0.3952
0.3152 0.34328 0.368
0.3048 0.35228 0.4104
0.2992 0.34296 0.3736
0.3016 0.35552 0.4244
0.318 0.36552 0.4344
0.3028 0.35152 0.396
0.2868 0.3602 0.4112
0.3188 0.35432 0.392
0.3032 0.35728 0.4236
0.3152 0.3692 0.4076
0.3252 0.35992 0.3892
0.288 0.3514 0.412
0.2724 0.34792 0.4088
0.318 0.36648 0.4408
0.3004 0.34916 0.4264
0.282 0.32248 0.3716
0.3036 0.3482 0.422
0.3084 0.32828 0.3876
0.2988 0.3278 0.3668
0.3008 0.3418 0.4004
0.2772 0.31788 0.3436
0.3004 0.3298 0.3728
0.2876 0.33368 0.374
0.2768 0.3128 0.362
0.2568 0.29848 0.3312
0.2556 0.31556 0.3632
0.276 0.30624 0.3624
0.2648 0.32736 0.364
0.296 0.32828 0.394
0.3 0.33328 0.4032
0.292 0.33324 0.3664
0.3024 0.33692 0.3868
0.276 0.32556 0.3656
0.3076 0.33908 0.3648
0.2912 0.32648 0.362
0.2828 0.33392 0.3752
0.2884 0.31936 0.3412
0.2924 0.31052 0.3288
0.2696 0.32264 0.4072
0.2804 0.3224 0.3664
0.2832 0.3174 0.36
0.2908 0.31364 0.3572
0.2848 0.3118 0.3412
0.2716 0.30936 0.336
0.2988 0.32232 0.3548
0.2716 0.3016 0.3392
0.2724 0.31156 0.3516
0.2624 0.30256 0.3268
0.2884 0.31464 0.348
0.2704 0.30904 0.3396
0.2808 0.31444 0.3384
0.304 0.33492 0.3652
0.2748 0.31356 0.3612
0.2656 0.30604 0.35
0.288 0.32524 0.4016
0.2844 0.3262 0.3436
0.2608 0.30052 0.3264
0.2616 0.3042 0.3248
0.2724 0.31948 0.3988
0.2908 0.31068 0.3472
0.2624 0.29976 0.3336
0.2768 0.30784 0.3568
0.2888 0.3036 0.3176
0.2868 0.31356 0.3516
0.2408 0.27064 0.3128
0.2532 0.29588 0.3516
0.2512 0.30192 0.3516
0.2572 0.29592 0.3992
0.2592 0.289 0.3332
0.2632 0.311 0.3744
0.26 0.30188 0.3708
0.258 0.30792 0.3552
0.2476 0.30288 0.3432
0.2716 0.3082 0.3424
0.2536 0.31452 0.3472
0.2612 0.30528 0.3464
0.2712 0.32344 0.3892
0.2808 0.30344 0.3336
0.2688 0.29832 0.3252
0.2536 0.31676 0.4044
0.2612 0.3216 0.3792
0.2632 0.3086 0.3556
0.2512 0.30836 0.3644
0.2752 0.31308 0.374
0.26 0.31456 0.3684
0.2968 0.32668 0.3644
0.2876 0.32608 0.3712
0.2968 0.33608 0.37
0.2908 0.3344 0.3872
0.2652 0.31544 0.3812
0.2692 0.32336 0.374
0.2636 0.31408 0.372
0.258 0.30484 0.3708
0.2432 0.307 0.366
0.2844 0.32352 0.3576
0.2632 0.32892 0.3796
0.2692 0.30524 0.3484
0.2596 0.30632 0.3536
0.2744 0.3124 0.3448
0.2876 0.31544 0.3504
0.2724 0.31004 0.3392
0.2816 0.3208 0.3736
0.282 0.3168 0.3464
0.2672 0.30952 0.3616
0.2752 0.32556 0.3948
0.2824 0.32056 0.3464
0.3016 0.3296 0.354
0.2912 0.33392 0.3548
0.3056 0.34752 0.3996
0.2976 0.35856 0.392
0.292 0.33044 0.3716
0.2916 0.31956 0.376
0.282 0.33192 0.4092
0.2988 0.33884 0.3668
0.3064 0.34116 0.3912
0.2712 0.32884 0.3772
0.2904 0.33156 0.3756
0.2852 0.34032 0.4
0.3048 0.34436 0.3692
0.2928 0.32716 0.3852
0.266 0.3272 0.3976
0.2636 0.322 0.3928
0.302 0.323 0.35
0.2824 0.32476 0.364
0.2692 0.30912 0.3448
0.2656 0.31656 0.3792
0.2876 0.30192 0.3244
0.2872 0.31232 0.3372
0.262 0.30992 0.334
0.2676 0.30984 0.3568
0.2608 0.29964 0.3652
0.2692 0.32084 0.3712
0.2764 0.32396 0.3972
0.3144 0.3374 0.366
0.2892 0.3172 0.3464
0.2616 0.31468 0.3672
0.2876 0.33032 0.37
0.2892 0.33576 0.3676
0.29 0.32956 0.3636
0.2936 0.32872 0.38
0.2948 0.33412 0.3788
0.2988 0.32792 0.3868
0.28 0.3222 0.3724
0.2944 0.3362 0.3744
0.2664 0.32116 0.3868
0.2816 0.3418 0.3952
0.2996 0.32996 0.3564
0.3068 0.33892 0.408
0.3104 0.33928 0.3728
0.3052 0.33184 0.3692
0.3076 0.34028 0.3988
0.306 0.32744 0.3672
0.2972 0.33932 0.4024
0.304 0.33724 0.396
0.3024 0.33992 0.3664
0.2912 0.33716 0.3608
0.3196 0.34316 0.412
0.3044 0.33236 0.3788
0.3048 0.34072 0.3952
0.2936 0.33884 0.3636
0.3028 0.3352 0.3648
0.3232 0.34596 0.3572
0.2972 0.33272 0.3512
0.3076 0.33416 0.3572
0.3208 0.34864 0.3936
0.2892 0.33476 0.368
0.3164 0.3374 0.3856
0.3124 0.34356 0.4072
0.3276 0.35012 0.3792
0.2968 0.33812 0.3708
0.3072 0.34528 0.3796
0.3076 0.3588 0.4084
0.2924 0.34024 0.4156
0.3004 0.35052 0.4256
0.3156 0.34448 0.3724
0.3164 0.3316 0.36
0.3084 0.32212 0.3556
0.3 0.33384 0.3656
0.3088 0.34308 0.386
0.3048 0.33844 0.372
0.2856 0.32016 0.3696
0.2836 0.31768 0.36
0.2832 0.32124 0.372
0.2924 0.31892 0.3556
0.3096 0.33056 0.3556
0.3048 0.32204 0.3416
0.2612 0.31084 0.3484
0.2732 0.3006 0.348
0.288 0.31544 0.3564
0.2888 0.31328 0.3468
0.2864 0.31656 0.3616
0.2608 0.30348 0.3292
0.2728 0.30104 0.32
0.2944 0.30856 0.3268
0.2744 0.31264 0.3332
0.2636 0.30996 0.3484
0.2704 0.30692 0.3336
0.2732 0.31156 0.342
0.2824 0.306 0.3344
0.258 0.30912 0.3352
0.2784 0.31908 0.3636
0.2688 0.31616 0.3436
0.2748 0.3088 0.3572
0.2792 0.30264 0.3364
0.284 0.31056 0.3672
0.2828 0.30716 0.3564
0.2644 0.31324 0.3508
0.2612 0.29176 0.3164
0.2472 0.2842 0.3276
0.2624 0.30768 0.3708
0.2732 0.31128 0.3408
0.2672 0.29468 0.3336
0.2624 0.29636 0.3228
0.2484 0.28496 0.3244
0.2416 0.27256 0.316
0.2456 0.286 0.3148
0.2432 0.28656 0.316
0.2468 0.2856 0.3368
0.2692 0.29168 0.3504
0.234 0.27548 0.3008
0.2512 0.29212 0.3216
0.26 0.27524 0.2992
0.2396 0.27112 0.2996
0.264 0.28608 0.3128
0.2548 0.28344 0.3108
0.2488 0.27248 0.3056
0.26 0.27876 0.3032
0.256 0.28652 0.3216
0.2544 0.29384 0.3568
0.252 0.28124 0.3228
0.258 0.28364 0.3368
0.24 0.2756 0.3236
0.2488 0.28596 0.3272
0.246 0.26468 0.2932
0.2388 0.26812 0.2956
0.2472 0.26768 0.2912
0.2176 0.26844 0.2924
0.2532 0.27388 0.3112
0.2568 0.27956 0.296
0.2448 0.27796 0.302
0.2404 0.2698 0.2904
0.268 0.28712 0.3092
0.2432 0.27284 0.3128
0.2292 0.2674 0.3084
0.2352 0.26836 0.3048
0.2456 0.274 0.3064
0.2612 0.2806 0.314
0.2508 0.2712 0.2928
0.2412 0.27684 0.314
0.2552 0.27336 0.2948
0.2496 0.2678 0.2908
0.2576 0.28068 0.306
0.258 0.28084 0.3004
0.2484 0.28364 0.3148
0.2684 0.29056 0.3144
0.2604 0.28636 0.3196
0.2504 0.28196 0.3164
0.2324 0.28672 0.3316
0.2484 0.27372 0.296
0.252 0.27952 0.3096
0.2544 0.28588 0.3336
0.264 0.28304 0.332
0.2316 0.282 0.3176
0.2756 0.29312 0.316
0.2528 0.28116 0.3132
0.2624 0.29432 0.3304
0.2476 0.27476 0.312
0.2612 0.28692 0.3096
0.258 0.28352 0.3308
0.2612 0.2872 0.3096
0.2344 0.27328 0.3004
0.2408 0.27388 0.3092
0.22 0.26452 0.2868
0.2628 0.27952 0.2948
0.2372 0.2806 0.3144
0.2472 0.28164 0.3108
0.2488 0.26664 0.2992
0.2412 0.27184 0.3096
0.2308 0.27004 0.2972
0.2484 0.2808 0.3152
0.268 0.28756 0.3512
0.2488 0.27288 0.2896
0.2344 0.26764 0.3048
0.2508 0.28284 0.3228
0.2596 0.2868 0.3316
0.2408 0.26912 0.2984
0.258 0.2814 0.3
0.2492 0.27408 0.306
0.2444 0.27532 0.3088
0.2552 0.281 0.3008
0.2568 0.27868 0.3032
0.2624 0.28252 0.2972
0.2628 0.27824 0.3016
0.2472 0.28008 0.3004
0.264 0.28528 0.3148
0.2476 0.28292 0.3224
0.2576 0.27312 0.2988
0.2608 0.28904 0.3252
0.2356 0.26932 0.2876
0.2572 0.28076 0.3144
0.2648 0.28172 0.3032
0.2436 0.27288 0.3024
0.2496 0.26956 0.3
0.2424 0.274 0.3072
0.2476 0.27504 0.3152
0.2392 0.26368 0.29
0.236 0.26624 0.3004
0.2484 0.27296 0.3036
0.2712 0.28572 0.308
0.2376 0.27512 0.298
0.2436 0.2756 0.296
0.2248 0.27 0.2992
0.254 0.2786 0.3036
0.2352 0.26836 0.2952
0.248 0.2668 0.2872
0.2428 0.26952 0.3188
0.2424 0.26796 0.2948
0.2364 0.2592 0.2884
0.2184 0.25652 0.2984
0.216 0.251 0.2848
0.2328 0.25604 0.284
0.2208 0.24912 0.2668
0.234 0.25336 0.2952
0.234 0.24488 0.2536
0.234 0.25628 0.2872
0.2344 0.26104 0.2844
0.2392 0.26152 0.2844
0.2072 0.2402 0.2664
0.2256 0.2478 0.2728
0.2324 0.25068 0.27
0.234 0.25476 0.2844
0.24 0.25192 0.2652
0.2316 0.2528 0.2764
0.2308 0.25064 0.2892
0.232 0.2502 0.2904
0.2292 0.2486 0.2728
0.2328 0.24356 0.2572
0.2288 0.24592 0.2628
0.2132 0.24984 0.2772
0.2312 0.24688 0.272
0.2412 0.25508 0.2776
0.228 0.2454 0.268
0.2336 0.24844 0.2656
0.2396 0.24984 0.2696
0.2312 0.24484 0.262
0.2232 0.2452 0.2724
0.2324 0.25128 0.2672
0.2376 0.25524 0.276
0.2368 0.24952 0.2748
0.242 0.25908 0.2844
0.238 0.2576 0.2904
0.2396 0.25568 0.282
0.2356 0.25344 0.2672
0.2356 0.2604 0.2896
0.2388 0.24728 0.2568
0.2504 0.26512 0.2936
0.2412 0.25872 0.2908
0.2416 0.25476 0.2656
0.2412 0.26 0.2804
0.2508 0.2666 0.2836
0.2468 0.26624 0.2976
0.2436 0.2618 0.2856
0.242 0.2614 0.2784
0.2468 0.26324 0.2908
0.2512 0.26464 0.2876
0.2448 0.27608 0.3052
0.2444 0.2626 0.2832
0.2356 0.26512 0.2916
0.2396 0.26156 0.28
0.2388 0.27088 0.2988
0.2428 0.27436 0.2964
0.2544 0.2704 0.284
0.2496 0.2702 0.3008
0.2568 0.27112 0.2832
0.2444 0.26832 0.2872
0.2536 0.27776 0.3036
0.2428 0.26048 0.2904
0.2484 0.26356 0.2936
0.2496 0.26744 0.2992
0.2552 0.26756 0.2896
0.2524 0.2632 0.2752
0.246 0.26212 0.2804
0.254 0.26896 0.2888
0.2448 0.27 0.2944
0.2584 0.26676 0.2788
0.2408 0.26536 0.2852
0.244 0.27492 0.29
0.26 0.2802 0.304
0.25 0.27576 0.304
0.26 0.27816 0.2972
0.256 0.27384 0.29
0.2604 0.27628 0.2936
0.2516 0.26808 0.2872
0.2468 0.27212 0.2972
0.2416 0.2608 0.2688
0.2508 0.26836 0.288
0.2652 0.27756 0.2912
0.2272 0.26548 0.2972
0.25 0.26268 0.2804
0.2296 0.26128 0.2932
0.2384 0.26188 0.2784
0.24 0.26436 0.2932
0.2396 0.26496 0.2936
0.246 0.27024 0.2936
0.2512 0.26872 0.2956
0.2448 0.269 0.2904
0.254 0.2692 0.2808
0.2396 0.27208 0.3044
0.2448 0.2782 0.306
0.2428 0.26428 0.2964
0.2312 0.27112 0.2964
0.23 0.26436 0.2924
0.2428 0.26664 0.2896
0.2448 0.26324 0.2924
0.266 0.27588 0.2916
0.2488 0.27184 0.2904
0.2508 0.26668 0.284
0.228 0.26508 0.282
0.25 0.27028 0.2916
0.2524 0.26328 0.2784
0.2316 0.259 0.2868
0.2464 0.26144 0.276
0.2448 0.26112 0.282
0.2372 0.26036 0.286
0.242 0.25884 0.2788
0.23 0.25392 0.2724
0.2444 0.26 0.2748
0.228 0.24908 0.264
0.232 0.24792 0.2756
0.2156 0.2512 0.2772
0.2316 0.2442 0.2608
0.2372 0.2522 0.2684
0.2308 0.25076 0.2768
0.2312 0.24564 0.2648
0.2316 0.24424 0.2548
0.2216 0.24528 0.26
0.2304 0.24684 0.2572
0.2288 0.2468 0.2716
0.2332 0.25092 0.2608
0.2212 0.25124 0.2664
0.2352 0.25312 0.2832
0.2412 0.25212 0.2776
0.2208 0.24788 0.2832
0.2276 0.24792 0.2732
0.2172 0.24664 0.27
0.2332 0.24988 0.2652
0.2252 0.23964 0.2568
0.216 0.243 0.276
0.2264 0.25208 0.2796
0.2296 0.24484 0.2564
0.2312 0.2476 0.26
0.2324 0.24864 0.2696
0.2332 0.25344 0.2844
0.2224 0.24096 0.2792
0.2296 0.25288 0.2708
0.2216 0.24156 0.2548
0.2212 0.25164 0.2756
0.2304 0.24872 0.2684
0.2288 0.25012 0.2632
0.222 0.2546 0.2768
0.23 0.23896 0.2556
0.2268 0.2458 0.2628
0.222 0.2392 0.2744
0.2208 0.23936 0.258
0.2136 0.23856 0.2528
0.224 0.245 0.272
0.2352 0.24912 0.272
0.2364 0.24796 0.2592
0.2324 0.24508 0.2756
0.2328 0.24776 0.2632
0.2296 0.2524 0.2708
0.2324 0.24668 0.27
0.2376 0.25276 0.2784
0.2336 0.24256 0.2628
0.2272 0.23816 0.2592
0.23 0.24832 0.2596
0.2292 0.24512 0.2632
0.2356 0.24924 0.2652
0.2372 0.25152 0.2684
0.222 0.24464 0.2636
0.2264 0.25184 0.262
0.23 0.25024 0.2668
0.2284 0.2432 0.2624
0.24 0.25064 0.2608
0.248 0.2578 0.2712
0.2384 0.25568 0.2788
0.2272 0.24904 0.2612
0.2268 0.24536 0.2584
0.2276 0.23932 0.262
0.218 0.24016 0.2524
0.2264 0.24184 0.2544
0.2348 0.24472 0.2792
0.2284 0.24608 0.2608
0.2312 0.24292 0.2592
0.2264 0.24292 0.2664
0.23 0.24268 0.2544
0.2304 0.24328 0.2536
0.2324 0.24744 0.2548
0.2192 0.23644 0.2484
0.2224 0.23652 0.2556
0.234 0.24264 0.2624
0.2256 0.23744 0.2588
0.2236 0.23956 0.254
0.2252 0.23944 0.254
0.218 0.23748 0.2448
0.23 0.24188 0.2592
0.2236 0.23984 0.2516
0.2176 0.23604 0.2648
0.2236 0.23792 0.2512
0.2304 0.24108 0.2552
0.2192 0.2322 0.244
0.222 0.24016 0.2624
0.2088 0.231 0.2488
0.2256 0.23672 0.246
0.2156 0.23296 0.2484
0.22 0.23548 0.2588
0.218 0.23192 0.2452
0.2192 0.2354 0.2468
0.226 0.23596 0.2516
0.2228 0.23388 0.244
0.2188 0.23556 0.2568
0.2276 0.23916 0.2556
0.2256 0.241 0.2624
0.2204 0.24656 0.2772
0.2208 0.23468 0.2476
0.2236 0.24288 0.2568
0.2144 0.2414 0.2676
0.2308 0.23816 0.2488
0.2152 0.24004 0.2624
0.2344 0.24484 0.2596
0.2272 0.2368 0.252
0.232 0.24424 0.2604
0.2288 0.24008 0.25
0.2348 0.24216 0.2584
0.226 0.23528 0.2448
0.218 0.24364 0.268
0.2172 0.24288 0.26
0.228 0.24124 0.2532
0.2248 0.24296 0.2664
0.234 0.24328 0.2532
0.2304 0.2422 0.2504
0.22 0.24236 0.2652
0.2308 0.24276 0.256
0.2376 0.24532 0.2716
0.2376 0.2474 0.2664
0.23 0.24524 0.266
0.2336 0.25048 0.262
0.2284 0.24372 0.2656
0.2384 0.24956 0.2644
0.236 0.24552 0.262
0.232 0.2516 0.2652
0.2388 0.25104 0.2776
0.232 0.24832 0.2564
0.2332 0.24524 0.2612
0.2352 0.24896 0.2608
0.2264 0.25068 0.264
0.2304 0.24888 0.2648
0.2364 0.25272 0.2744
0.2344 0.25184 0.2776
0.2164 0.243 0.2676
0.24 0.25084 0.2608
0.2356 0.24956 0.274
0.2372 0.2466 0.2588
0.2304 0.24148 0.2648
0.2352 0.24524 0.2828
0.2268 0.245 0.2612
0.2268 0.24224 0.266
0.2252 0.24088 0.2584
0.2164 0.23908 0.2592
0.2336 0.24172 0.2556
0.2232 0.23884 0.2672
0.2284 0.23824 0.2524
0.2196 0.23592 0.2472
0.2308 0.23828 0.2544
0.2216 0.241 0.2572
0.2324 0.23552 0.24
0.2224 0.23672 0.2456
0.2288 0.23976 0.2528
0.2304 0.24024 0.2488
0.222 0.24244 0.2556
0.2284 0.23856 0.254
0.2236 0.23744 0.2508
0.2208 0.23984 0.2504
0.2248 0.23716 0.2552
0.2188 0.23756 0.2488
0.2248 0.23924 0.2648
0.2232 0.23704 0.2532
0.2152 0.23988 0.2684
0.2248 0.23476 0.246
0.2164 0.229 0.2468
0.2148 0.23028 0.2464
0.222 0.2388 0.2472
0.2228 0.23136 0.246
0.2208 0.23064 0.2504
0.224 0.23272 0.2428
0.22 0.23196 0.2424
0.2172 0.23228 0.2404
0.2188 0.23224 0.2504
0.2112 0.23 0.2404
0.222 0.2324 0.2432
0.2192 0.23016 0.2456
0.216 0.22836 0.2424
0.2124 0.23024 0.248
0.2192 0.23116 0.2496
0.22 0.2268 0.2364
0.21 0.22652 0.244
0.2168 0.22824 0.24
0.2192 0.2296 0.2416
0.2188 0.23116 0.2492
0.2176 0.23088 0.2392
0.2104 0.23144 0.2464
0.212 0.22368 0.236
0.218 0.2276 0.2368
0.224 0.2356 0.2472
0.2164 0.23208 0.254
0.2196 0.23384 0.2464
0.2056 0.22448 0.2472
0.2212 0.22964 0.2356
0.2128 0.23068 0.2416
0.2132 0.22344 0.2328
0.2208 0.23028 0.242
0.2188 0.22636 0.2456
0.2224 0.23044 0.2432
0.2216 0.22856 0.2428
0.2108 0.22684 0.2364
0.2156 0.22844 0.2364
0.2144 0.23376 0.2456
0.2148 0.2284 0.2492
0.2088 0.22712 0.238
0.21 0.22344 0.2336
0.2188 0.22752 0.2436
0.2172 0.23016 0.2436
