-3877.58515041 -1132.75657789 1680.53533303
-3043.93318076 -704.931319462 2161.0384903
-2422.53481294 -913.611603814 102.976211962
-3005.52753036 -762.104651764 700.689930184
-2355.17632926 -509.078189292 698.613306118
-2936.65369432 -479.756194456 1949.63519721
-1245.0305067 -89.4215409039 1299.84773605
-1030.37914238 -114.010934718 1524.38824397
-2752.28365504 -505.686670751 362.307608541
-1841.20143446 -69.9058563054 2221.4162992
-1037.28395622 77.1420193434 1825.56832747
-2821.13139265 -737.688587414 1167.41918607
-1707.17658607 -195.455581909 1604.78703058
-3052.90116652 -784.907782582 221.732884078
-2320.75498426 396.90622115 2098.7103833
-1781.4581269 36.9560975524 1574.36433784
-7765.19458407 -661.266768464 1747.54223911
-2527.61624649 -481.586878963 1094.62964501
-1826.172479 -382.651889951 786.364952092
-1292.57945213 -165.455933785 2250.65114309
-1902.98320381 -14.6395288327 2254.67630563
-2567.17956107 53.4850910286 2081.4658414
-1108.91767632 -34.9513960467 1201.13380343
-2482.07262683 153.491110861 1820.21141467
-1068.26214098 -167.122736176 881.538786632
-1083.40033841 -78.7375095632 461.654131701
