-9902.71610266 -9495.38968327 -8549.52435155
-9914.55265674 -8956.32615589 -8599.20986448
-10073.151009 -9531.6088714 -8588.54618101
-10065.8872922 -9098.75859161 -8524.37742404
-8981.87784276 -8701.13475262 -8492.46832951
-10016.1478535 -8930.4914616 -8515.96207465
-9210.71799289 -8768.83689443 -8496.03609943
-9891.64493226 -8823.52274073 -8500.05187071
-9987.47835449 -8889.62501722 -8520.2335165
-10007.6131605 -8790.95946127 -8508.91547578
-9675.47860443 -8665.90499901 -7655.60593261
-10028.171823 -8902.75564603 -8480.47070081
-9412.78878443 -8717.35160985 -8330.14740465
-9753.73937587 -8012.76665886 -5142.36016513
-10005.990454 -8647.97777943 -8284.29519294
-10012.5076492 -8016.60659173 -839.267355762
-10018.981509 -5555.7797396 -1810.02314226
-10019.2522653 -8176.7895317 -3440.43448118
-9482.6327471 -5753.46123696 -600.308727388
-8847.1113515 -4883.7084181 -877.060617609
-9934.90706351 -7313.93235726 -4164.05678084
-8479.33093123 -2504.26853784 -426.062198513
-9822.84538857 -5126.98253615 -675.639824676
-8383.62881997 -4674.19394448 -460.151760797
-9739.91197247 -3474.97865611 -186.244064159
-8552.97588291 -1511.5324215 -231.065091505
-6032.70917083 -1992.49329631 -343.653190324
-2689.03775114 -1403.81757132 -444.92515168
409.106240357 624.301278232 874.443162089
-72.5384124769 198.000872292 540.949753583
-32.9427115771 161.273615548 492.426401653
-11.3115508994 184.55537291 337.322502418
77.6655462565 266.988548152 553.404921039
106.552792297 278.928528201 592.745008173
3.1569855828 178.3787738 346.751828038
-106.560355826 157.488386617 392.641803197
72.6208278242 183.795978207 400.871414998
84.7561060859 290.210566205 550.876490785
-11.8264103228 180.815240417 442.629893193
-173.873632223 151.773623979 390.851410383
-12.5877333593 194.305485846 397.838651651
-204.714646699 179.880059442 394.179635906
-63.4575302568 245.521136932 391.742665229
-185.932904395 191.951608091 505.711415152
-157.640781783 104.386518175 298.228076497
-119.407502708 193.489689544 550.361840515
-63.7340691674 108.144339475 338.036526591
-160.042753492 163.425120062 394.269504032
-65.0465334084 148.825283066 382.073098463
78.4504939455 262.251091338 546.606431106
70.6558282815 248.66725338 499.905512809
30.0041581146 287.626019193 548.539723013
-71.3937680908 179.26840694 494.669271414
-64.3827623449 185.277987156 446.155968507
30.1861606782 278.711331674 481.447970808
-3.85105900452 265.627003507 491.947958292
66.2314415254 270.093167085 498.171250715
0.878163270093 290.015990495 499.774705057
-129.899831277 227.409768252 496.382061628
-85.3017425097 184.053758951 689.015787935
-11.9057849797 214.193970286 600.302035021
-63.671223113 242.681241359 401.763661017
-66.8227554306 212.489701213 494.352629033
98.2149491369 238.724529018 445.781783263
-55.0406279275 224.652560838 599.942757977
19.5730068085 190.7690115 424.380994507
-62.725310682 258.097125845 343.501383935
-134.207718578 136.142522301 548.612386888
-35.4234705225 193.622701504 583.107910297
-73.4040232018 179.357380708 591.952024804
130.084684652 276.183255805 592.840764004
33.3902807632 182.75682847 336.169021859
-131.015567576 190.355589793 485.818881442
38.3160873714 212.0150947 346.846217604
170.749155072 328.689588424 488.636924978
31.0750390129 275.891640473 484.268620239
-111.623205338 125.150095169 494.118325837
23.2394311303 196.687207288 486.438657577
-210.827245859 126.082993839 440.88664166
15.7836708012 321.283914774 683.413389578
-24.9688968501 235.001035785 542.568027078
-119.766531261 223.311829768 499.481127436
-275.395195735 200.14038627 489.308876367
-116.404072087 261.135642013 749.740706576
125.912875444 284.46151366 491.066576043
80.1597197303 302.275764173 490.90582026
-27.3372178624 240.915167402 546.131023884
-71.014622635 185.709523534 484.125062586
80.802741632 276.671080273 447.716614687
26.0301870969 237.747358562 393.067666245
-35.8932684985 286.467677051 649.896787496
176.807397468 347.233294126 439.692270934
27.5788321572 186.920688894 445.018037309
-25.9796743484 190.074417116 290.435357703
35.1882920966 291.727793637 544.183954938
-33.9359530261 210.591850569 481.905777787
-182.455511715 218.626617079 551.032670633
-27.7225877992 257.860815867 436.122349441
-35.2105484038 242.156880358 441.365383617
111.82772373 244.202752032 392.000611771
114.925020724 329.571694348 594.180471872
-91.9063833448 206.002110826 395.132845462
-85.510678236 195.365133294 481.414031571
-31.8302339908 193.841180245 486.969434808
29.6825970839 312.898644983 697.937202863
-393.065963058 259.300656169 595.756414323
-89.7066037423 184.427120772 588.997250285
-13.1142844093 312.563110988 608.423293772
-105.996772435 282.124847347 593.846603043
133.175948409 261.425181921 546.958663271
-26.0167178344 251.777402011 487.723681461
-21.5366420687 258.02188338 493.294807547
45.7912640312 232.221960407 479.270550809
-64.1858433841 180.172671568 332.049705301
-116.73262583 181.674813978 384.169584873
-62.1944389455 272.834719894 491.407932686
-171.982388455 239.385852454 441.915293768
35.5089194864 176.467576449 344.612414038
175.692734695 350.851891737 637.862366569
19.1027845653 211.856486776 342.216153009
-18.6759487999 277.762173951 582.445301696
-11.0394525023 263.520999025 739.07036705
-41.9125241284 228.351625305 547.079566054
-133.408651094 191.905893928 441.101752588
68.0251772592 208.161024129 540.531940528
-12.7959527137 319.589388451 846.551235703
83.5887569381 267.536191631 527.050429838
23.1139374268 243.075311615 437.118497894
18.4252641913 207.108737378 420.22594962
-152.751779078 240.392123796 387.103431504
-180.832629088 239.513311138 483.167110809
-112.025055622 155.160549952 443.444011188
-57.3358010854 190.752754418 339.048545392
32.2922033815 233.086408817 589.398945546
31.3339446354 238.780088871 391.613145888
31.8257969467 313.024921003 491.723074387
29.4712755047 283.660550133 839.559876316
86.0419605551 288.931061081 473.261714163
26.7348202293 376.160997036 700.356030067
135.817859759 327.545221264 596.824086945
-61.1261860823 220.327432389 387.014404515
-22.4969248206 254.778484255 552.193970109
78.4594721896 344.155605647 597.437567319
-162.567662366 299.551660526 545.460901812
-119.210382485 255.028763727 592.104910469
-108.234119033 237.584257705 443.358172568
-28.333250275 221.986583926 546.262329717
29.4143895311 251.655684854 437.921362007
-171.832735058 233.853581863 399.766110149
-97.7498739428 322.073233269 640.070990502
-10.4530838783 261.759663108 491.296597291
22.4515146919 201.906901369 399.102488483
25.0756896176 189.250802129 446.684758644
90.7935698962 362.772031312 501.650486203
97.2913104717 277.407439774 442.646896758
243.292576796 365.787567802 594.721537005
-20.5235819341 200.902841832 843.586571628
-160.52215967 188.021611854 648.129429522
-265.434455641 172.010402644 436.781664249
-126.899872468 192.909523014 492.022926516
-72.1945860383 166.292706549 494.755009178
38.1182367757 367.406898302 646.618577803
87.2768879449 338.751464489 594.848791321
138.434219779 317.431594909 493.888232696
35.7558394629 246.009803562 445.455361949
25.7093502551 285.500949186 688.989641711
70.1714628457 297.641329914 585.908625388
42.7558683878 238.688967854 594.362222561
-74.4344419219 246.094682655 546.526377793
-23.3138874316 256.573407043 392.910980465
-21.4754152674 210.414828176 747.451281942
73.870192063 196.474959416 291.655445253
75.9544017658 291.205481611 544.869564418
40.076581931 268.729152826 583.269569715
21.7883246134 349.578161467 646.237466386
146.850350263 372.757616991 694.800003544
-25.5884364588 255.223458476 594.163560506
77.5690423581 261.26219905 486.704557683
88.0311204379 301.733595091 539.686489428
44.3870147813 256.303642554 498.510084774
87.1262243947 257.918577101 392.624714604
94.2254608212 255.484420816 441.862637255
-58.3364422816 251.201329939 547.64020435
34.2972197948 245.989423783 486.085845977
141.148933115 333.923563552 499.671175909
92.0316826694 325.59940845 597.523702295
-173.47500565 249.304058666 439.439826303
-179.225487895 320.807584991 590.214237282
-174.953450079 312.304165252 695.252120685
-64.2087548532 240.711037559 533.732286587
136.67162357 254.57993802 442.00329097
-19.9400149675 205.845606297 436.484206887
-4.83731073889 232.266483715 532.659930748
118.742863745 328.384649563 488.767189211
-130.077903035 188.632715289 440.479317112
-79.930605422 224.728613562 440.207780258
-36.3738227877 194.424908124 339.994858135
-27.4707043029 268.31478491 436.601913378
-95.1228048463 233.260266091 535.303760953
122.833807328 267.570120804 490.607706807
-73.7067678701 309.79417998 596.419902785
88.8924357151 295.114498374 590.089542133
38.7079587696 340.883981214 646.327398214
74.3199728558 336.42632986 546.370987164
126.860153144 314.12337359 535.032623271
133.954519442 358.102234794 584.550501941
84.2878683665 281.891196848 636.134513363
24.7867173882 239.261609007 435.16473735
79.1136457837 401.074760523 748.612594069
70.0026464776 252.907666783 748.324288016
72.6313204487 206.559978527 335.357332618
-178.200469532 272.151972564 690.33388869
38.0841290908 315.259903609 445.80836141
144.540478775 325.065433773 647.043072452
-263.21766018 263.506453736 594.407426668
-66.3221009811 272.473531667 490.733949896
-10.9651096987 242.233695709 691.97329829
77.4752102334 266.521270499 393.620837721
22.5578427391 276.824677715 537.538733454
78.19873724 215.966923365 439.470811387
32.4216512756 219.043635077 337.037632499
83.7050049223 179.596174679 437.528067905
30.2868266539 215.046368262 487.776003727
38.7240808953 267.836754263 540.510315341
-12.6574381345 196.372288227 486.595379002
94.2774985052 316.498337664 545.792786027
-11.0590078107 250.83387248 537.128936711
129.648331859 286.896889157 392.479424043
-60.7148430282 210.195065844 392.812442329
36.5514930814 293.474988514 595.170174369
92.748858428 298.698852761 745.682169469
21.3189754701 251.240570427 692.339130429
-13.0603917219 296.038986832 592.506729826
35.9933458973 343.028995272 745.774309557
86.6748244212 338.724896478 697.019262335
-108.888381931 175.133091753 445.620426622
86.4522374301 320.130872968 596.742512102
86.9427728199 200.420013246 393.968425586
127.849338199 331.640072075 531.526433088
-39.8429552236 241.634733487 597.40659263
92.313488897 250.006521856 442.455872526
-114.058061494 203.372452962 596.624726826
84.7368688985 338.803196668 689.607589225
-54.7286662317 255.178440064 545.072568746
-60.880917339 239.637757639 498.681199649
-56.7341150645 243.3391696 594.961524304
-61.7359149923 220.280988683 490.073847879
-13.9030838424 289.209758465 546.226362704
