-1299.47177935 -1245.76171667 -1212.08097104
-1250.60360932 -1222.28122858 -1190.15518465
-1270.25893798 -1231.32049206 -1192.91738028
-1305.57800605 -1237.52536874 -1182.19773378
-1282.30473731 -1232.96505561 -1201.84673949
-1274.67675314 -1233.11381258 -1183.63316189
-1272.86819063 -1219.98847221 -1192.4733241
-1281.37241743 -1237.05899182 -1201.89343182
-1256.15894596 -1217.44959185 -1174.91301568
-1290.50188941 -1228.30019519 -1187.43740364
-1275.29954964 -1216.56307761 -1183.7100108
-1246.8962348 -1217.06648322 -1177.28233566
-1236.64127698 -1221.78431333 -1190.69468031
-1334.00008516 -1230.19003915 -1170.27704382
-1266.09227187 -1234.61110676 -1212.09939558
-1258.35907803 -1233.19563585 -1203.26972255
-1244.36920319 -1217.06932106 -1193.50135257
-1264.68069442 -1227.74455309 -1206.89250125
-1272.8146355 -1227.17271899 -1181.44946933
-1302.65394992 -1240.44349744 -1196.19615908
-1229.53310552 -1214.79487217 -1185.25193776
-1332.62488729 -1242.10383678 -1199.29669048
