0.13384 0.135932 0.13888
0.13412 0.136224 0.13904
0.13572 0.136664 0.13736
0.13484 0.137088 0.14192
0.135 0.136436 0.14032
0.136 0.137128 0.1392
0.1354 0.137056 0.13904
0.13484 0.137408 0.1402
0.13388 0.13728 0.14028
0.13564 0.137112 0.13936
0.13492 0.136432 0.13764
0.13548 0.136804 0.13808
0.13536 0.136768 0.138
0.13508 0.13698 0.1402
0.13524 0.136472 0.1384
0.13496 0.136696 0.13952
0.13612 0.137032 0.1388
0.13592 0.137136 0.13932
0.13496 0.13632 0.13736
0.13404 0.136468 0.1378
0.13608 0.137012 0.138
0.13656 0.137696 0.13872
