0.6 0.6 0.6
0.59636 0.599636 0.6
0.5962 0.59962 0.6
0.59648 0.5994 0.6
0.6 0.6 0.6
0.6 0.6 0.6
0.59512 0.599512 0.6
0.5886 0.598152 0.6
0.6 0.6 0.6
0.6 0.6 0.6
0.59116 0.598668 0.6
0.59708 0.599096 0.6
0.59336 0.598888 0.6
0.59408 0.597508 0.6
0.5836 0.597304 0.6
0.58728 0.595084 0.6
0.58528 0.594696 0.6
0.58932 0.595124 0.6
0.5632 0.589324 0.6
0.58444 0.593036 0.59972
0.56996 0.59122 0.6
0.54 0.575944 0.59952
0.54796 0.575168 0.59788
0.5714 0.585616 0.5996
0.53984 0.5592 0.59024
0.54488 0.561384 0.57876
0.52112 0.555296 0.57836
0.44748 0.529732 0.58192
0.49328 0.538016 0.5902
0.5276 0.546844 0.57568
0.42708 0.494328 0.54388
0.46764 0.502884 0.5368
0.42816 0.499956 0.55732
0.37668 0.445968 0.54652
0.43084 0.476696 0.5362
0.42044 0.465544 0.50856
0.37984 0.436316 0.50408
0.37672 0.440892 0.50844
0.3832 0.429204 0.48324
