0.18512 0.49042 0.6
0.13008 0.461068 0.6
0.1446 0.345988 0.6
0.12676 0.36564 0.6
0.11348 0.321516 0.6
0.1312 0.302184 0.57368
0.09668 0.139608 0.21652
0.11184 0.248004 0.6
0.12572 0.286664 0.6
0.0898 0.175052 0.43136
0.11028 0.267368 0.6
0.09968 0.30626 0.6
0.10092 0.201144 0.51352
0.09832 0.160204 0.44184
0.10432 0.168272 0.44872
0.09172 0.208004 0.54928
0.10416 0.264764 0.6
0.096 0.109096 0.13392
0.09012 0.136932 0.2528
0.10332 0.132376 0.24008
0.08836 0.145944 0.48764
0.08956 0.122436 0.3084
0.08508 0.117516 0.21408
0.09648 0.111672 0.12744
0.08908 0.112736 0.1614
0.09116 0.10826 0.14104
0.08564 0.118968 0.22208
0.09204 0.10938 0.16272
0.08864 0.11834 0.16248
0.09136 0.118168 0.1866
0.09604 0.111236 0.13716
0.08508 0.109456 0.17144
0.08876 0.18422 0.6
0.08868 0.103836 0.11952
0.08096 0.115324 0.23776
0.09876 0.1125 0.16396
0.09068 0.1385 0.37352
0.09096 0.10754 0.139
0.08228 0.103468 0.11748
0.09304 0.10206 0.11292
0.092 0.150596 0.51112
0.09336 0.186492 0.58128
0.08596 0.102308 0.13676
0.09368 0.108284 0.12828
0.0828 0.168444 0.53196
0.0932 0.114924 0.15372
0.09528 0.112172 0.159
0.09144 0.101088 0.11164
0.08436 0.1065 0.16212
0.08708 0.106628 0.17428
0.08512 0.101504 0.12524
0.08472 0.094788 0.10572
0.08676 0.101336 0.12076
0.08148 0.089684 0.10132
0.08224 0.097984 0.1146
0.08788 0.10244 0.11924
0.08244 0.092928 0.10888
0.08816 0.111352 0.19516
0.08288 0.095856 0.1054
0.07928 0.096088 0.11368
0.0774 0.09806 0.12924
0.0932 0.10894 0.19364
0.08332 0.096284 0.11384
0.08064 0.093112 0.12568
0.08544 0.094848 0.11908
0.08568 0.104504 0.15672
0.08716 0.091204 0.10156
0.07996 0.092452 0.10228
0.07952 0.093524 0.10868
0.08196 0.092448 0.11428
0.0812 0.106492 0.21244
0.083 0.093776 0.10896
0.08284 0.088884 0.09708
0.07292 0.083512 0.0948
0.07932 0.088512 0.10216
0.08116 0.088052 0.0968
0.07284 0.08574 0.09964
0.07532 0.083888 0.09592
0.07964 0.087624 0.09816
0.07852 0.090032 0.11724
0.07544 0.085016 0.09628
0.07816 0.086352 0.09632
0.07556 0.088612 0.10392
0.07772 0.086088 0.10648
0.07708 0.09704 0.18048
0.07748 0.08956 0.10592
0.0764 0.085944 0.09848
0.07656 0.086576 0.09672
0.07704 0.084372 0.09776
0.0798 0.093236 0.11584
0.07812 0.086508 0.1002
0.0774 0.083436 0.09388
0.0772 0.085264 0.09772
0.07592 0.084044 0.09624
0.0806 0.08738 0.0922
0.07624 0.085104 0.09592
0.07612 0.085224 0.09476
0.0764 0.08418 0.09584
0.0782 0.087492 0.0954
0.07488 0.086392 0.09592
0.07288 0.082708 0.09864
0.08008 0.10126 0.24412
0.07584 0.084436 0.0944
0.07492 0.086064 0.09716
0.07484 0.0844 0.0952
0.07628 0.087972 0.09336
0.07808 0.085452 0.09088
0.08164 0.086064 0.09036
0.0764 0.087816 0.0976
0.07572 0.082008 0.09356
0.0826 0.08844 0.09676
0.07832 0.08614 0.09596
0.07468 0.086376 0.0968
0.07992 0.085984 0.09428
0.0792 0.083416 0.08956
0.07816 0.084216 0.09568
0.07216 0.08376 0.1006
0.07468 0.0838 0.09664
0.07956 0.083388 0.09204
0.07684 0.087476 0.1018
0.07256 0.082248 0.08804
0.07528 0.082516 0.0938
0.07684 0.084784 0.09008
0.07496 0.082664 0.09468
0.07368 0.088828 0.14216
0.07624 0.08244 0.09424
0.0772 0.087104 0.10772
0.07156 0.081848 0.0934
0.07452 0.080112 0.08544
0.0734 0.080552 0.08612
0.07748 0.083292 0.09312
0.07452 0.083424 0.09688
0.07616 0.084 0.09308
0.07412 0.084612 0.09724
0.0766 0.083868 0.1
0.07388 0.08334 0.09816
0.07648 0.082256 0.091
0.07152 0.07926 0.08428
0.0714 0.08244 0.09244
0.07488 0.083788 0.09308
0.07632 0.081948 0.091
0.07472 0.084344 0.09392
0.0756 0.085128 0.09108
0.07456 0.084268 0.13124
0.07712 0.083328 0.09772
0.072 0.092828 0.17088
0.07516 0.083916 0.09584
0.07348 0.0823 0.09264
0.0778 0.08382 0.08984
0.07456 0.085372 0.09616
0.07944 0.088464 0.09976
0.07876 0.08838 0.09468
0.0814 0.092384 0.10152
0.07808 0.085884 0.0958
0.07696 0.0893 0.10848
0.07684 0.08918 0.1056
0.076 0.085448 0.09704
0.0762 0.085356 0.09424
0.08012 0.089104 0.09908
0.07888 0.094344 0.1018
0.08596 0.094012 0.1026
0.08096 0.093336 0.1038
0.08848 0.094116 0.09936
0.08232 0.095908 0.11964
0.0882 0.145344 0.59032
0.08464 0.096004 0.11176
0.09156 0.098828 0.10948
0.08028 0.096016 0.1082
0.08956 0.095404 0.0996
0.085 0.099144 0.10884
0.09168 0.099432 0.10504
0.08808 0.098 0.106
0.0878 0.100716 0.11424
0.0824 0.097812 0.11584
0.0868 0.09972 0.14092
0.09032 0.098684 0.10992
0.08644 0.097792 0.11268
0.08864 0.0963 0.10904
0.09268 0.100188 0.11168
0.08908 0.098316 0.10688
0.07852 0.098672 0.12196
0.0854 0.10166 0.11576
0.09096 0.10036 0.10868
0.08344 0.093436 0.10508
0.08324 0.095244 0.10232
0.08396 0.100076 0.11604
0.082 0.09506 0.10644
0.084 0.091704 0.10244
0.08448 0.096812 0.10736
0.0846 0.092484 0.10044
0.0872 0.098176 0.1076
0.08632 0.097404 0.10288
0.08924 0.097652 0.10876
0.08776 0.100664 0.11128
0.08948 0.097124 0.10472
0.08928 0.0946 0.10348
0.08744 0.09418 0.10132
0.08008 0.09408 0.1038
0.0798 0.09072 0.10268
0.08784 0.096672 0.10532
0.08716 0.09702 0.10456
0.08364 0.096996 0.10532
0.08436 0.098776 0.1046
0.09128 0.098452 0.11172
0.09372 0.100208 0.1078
0.08932 0.098228 0.1058
0.09032 0.098944 0.10252
0.08864 0.100796 0.11344
0.09128 0.10096 0.11304
