-10006.4747842 -5897.64712943 69.1448128176
-9234.83846171 -5984.65344664 55.1512375311
-9781.60145237 -3471.05287404 314.109837696
-9983.84748045 -4092.87139865 236.869693681
-9039.65197582 -3703.00871111 -70.8516249179
-8900.52597257 -2482.07040191 336.048947674
-768.280361391 -186.962300387 164.326957992
-9101.42824122 -2040.40183483 432.949065153
-8514.8883126 -2677.31583473 129.802130978
-5449.13601682 -562.279436533 301.226162228
-8380.18691492 -2630.43895681 332.575819377
-9445.05746619 -3486.42276129 322.003781876
-8020.61018205 -1654.11434716 198.275666889
-6159.34320967 -775.164709614 498.234563142
-5640.59643302 -834.920121123 132.265395599
-7810.08714879 -1419.18105086 434.402687335
-8471.10526751 -2581.9012133 433.843210902
-324.063037526 15.952758077 377.867061932
-2166.86656634 -430.108840596 369.605439282
-1245.7536066 -118.026516694 391.160180464
-6717.48835177 -526.394239493 498.686588118
-3513.95523536 -269.269044115 441.114916591
-1960.86219588 -149.398924112 388.088429945
-246.469926014 161.089829638 659.076485089
-708.595127645 18.6598069086 721.297680206
-209.454568075 122.484341161 506.655180082
-2045.27706543 -102.120748435 600.524896538
-931.520750738 0.603247565539 596.981228302
-794.231476464 17.4071480763 385.581739163
-1018.50652065 -17.5984571256 606.84112577
-283.195842859 16.8599352398 392.32181084
-601.91058094 -16.3343097854 340.988489631
-8405.32505929 -1098.85323566 504.050988018
-51.3534119665 241.341245374 504.539428276
-2360.82464952 -128.767218438 388.306516026
-977.701429676 -86.5177131859 320.903203245
-4788.73771401 -537.553763515 713.877993203
-191.380815511 25.6097435569 599.905327023
-137.508801992 65.18807134 453.751390928
-145.948521655 213.728078638 874.365243994
-6818.92103304 -687.390161958 600.777064593
-8361.09170037 -1238.12194322 440.471718934
-303.296970855 76.3760825171 446.26690418
-108.206478483 57.1446879426 442.351185088
-7093.42728165 -888.532954322 701.832265295
-286.456017083 28.9459667356 341.562089126
-382.852725502 81.4134364163 826.709226428
-136.473797843 305.526034265 873.999328642
-1006.12176811 96.288018123 696.835934776
-460.075477337 195.61951208 765.772790487
-72.8449128125 323.084242603 943.284740205
-123.755195601 48.4152443038 452.780250486
-137.052591767 138.492466579 882.48642185
-75.0770902563 115.251418791 614.648646604
-76.0809071364 193.858460453 613.491854925
-336.219394617 -17.1675519901 491.857649197
-203.275275272 117.06743419 667.220292942
-197.039072848 -2.75856159015 230.882236477
-214.394044197 74.157769117 395.091130568
-164.893133458 105.958186226 882.200965336
-103.271961794 51.7575795399 454.371946081
-1620.34997618 -19.6559478366 449.410687704
-155.315071783 240.838964301 617.859362633
-193.005727306 -42.9559753218 118.206992259
-149.096969692 50.9342892704 385.517422692
-960.823518871 -123.600309766 285.081857134
-143.809332518 63.2985630876 452.260016313
-167.583702708 109.603429607 561.857360945
-88.5066807674 117.764138594 702.571993968
-202.485186323 160.276271622 719.895862541
-2226.5962479 -169.39898885 715.489228809
-119.223299512 172.166924694 505.355970107
-164.25212902 75.6325617519 619.797166281
-92.2696066466 -0.792398531517 451.085376149
-72.5577775826 227.001064073 567.564666798
-173.008406181 170.724546834 617.973512325
-186.010009669 165.871572885 510.149938322
-162.760217913 121.744863101 449.533784707
-47.1580263905 296.150933858 674.861286679
-116.658058294 185.200918165 665.381035066
-188.325380055 283.033421373 1116.70550149
-144.430225075 338.30340558 946.109489365
-126.672929137 293.297155489 840.050925214
-158.233105643 176.158369534 836.266086938
-1479.2474354 0.592925459748 508.780314069
-202.177033871 386.896412719 726.438493898
-57.664548006 264.088811818 617.957074384
-65.2013106864 381.123603251 894.920960299
-104.881511328 316.073794151 996.497176166
-97.7519398273 97.8735047731 671.473435405
-118.828565698 267.092676737 893.51936657
-68.9935528336 123.287622503 446.093352622
-59.0510317068 335.456963395 1004.38044074
-126.660173866 115.356556717 561.871816427
-58.8245243198 143.363271669 566.881710669
-48.6168014432 366.993201718 781.987415746
-107.066475255 169.406030419 456.678942293
-70.4005860805 358.986106938 778.951493508
-90.01375958 166.046365258 618.607806672
-130.139070773 234.949180172 948.289671991
-113.015233186 211.041844021 672.979708457
-2715.66144157 -89.5174604791 674.453264241
-136.655936184 206.133830492 727.800169991
-80.5669542657 272.029602573 777.096083873
-159.613534994 301.938973051 889.70298603
-86.6845648987 337.909047438 892.402238891
-50.5031757188 384.206955142 727.548474436
-126.318199204 208.16916966 727.573316826
-56.6897505781 158.61334246 441.284888566
-61.2135383678 192.318229459 720.151002366
-131.499946085 192.87447847 838.413526691
-232.605852842 413.01021082 893.748170807
-95.6430445979 62.6830642831 558.006785778
-118.839561186 142.792796061 677.081072955
-135.925992756 110.16994141 563.990986928
-117.9630907 202.247491405 999.608983027
-171.904086678 225.867467471 1052.36337062
-229.368741659 243.612844423 838.627080451
31.7641456447 387.69050911 728.670386181
-126.981791791 303.995092698 509.556301969
-92.1773864024 266.692467268 782.858179095
-58.1219291815 296.99601557 774.287038769
-68.971573916 142.528227027 395.888894436
-70.1123930861 305.996485618 662.896209926
-987.296716935 73.9323621197 559.440720363
-57.762471756 205.13707192 724.365943904
-163.433845948 210.271190329 618.920033163
-71.8275036175 359.737877792 724.585873155
-53.0928238961 264.744812965 721.735776798
1.68524748802 366.690625401 999.216328105
-93.1730170804 288.355433469 773.473164448
-135.210341776 128.897855805 390.477735968
-49.8220491343 410.722292855 713.480784989
-129.897039375 93.3586204222 390.612364869
-138.828642507 242.032625188 613.50071879
-114.217703895 127.115138593 721.730623817
-77.1811431142 221.814893842 503.276495549
-70.3774272869 239.918101889 498.918825543
-125.503756048 181.447413046 595.624288088
15.3914673774 377.719908049 943.64961291
-55.2402715915 381.332667849 946.47004577
-79.6309936021 298.747504814 660.157879966
-107.959291769 65.7628921522 546.548855666
-760.86438698 -39.316367627 398.825807
-151.434514777 261.902701457 836.194063887
-1519.68131101 85.5669686419 505.884039761
-160.425764635 443.396093627 1110.97039236
-57.1423203467 392.210229459 882.12620472
1.47916720564 284.377683081 667.477805753
-229.750026953 281.874972315 999.565177644
-6.6549219016 417.520995755 881.550629154
-157.273248241 326.611924737 724.586696553
-185.258565906 286.652745177 832.664502374
-1.12664927176 331.586460682 781.49695744
-66.6766500367 361.560812184 768.583950201
-113.62651793 199.960007938 667.322166404
-109.623813924 153.630376064 1046.87062643
-58.5255300067 259.149050537 883.835159615
-74.0522486337 224.267841052 554.592699634
-105.49466308 179.010810197 780.394305839
-101.507817719 213.553742201 936.247974855
-180.281990257 466.108050072 1146.20476365
-74.9708843718 125.118270439 506.22493008
-461.02898902 250.397811496 1038.07863839
-8361.72587857 -555.545450274 828.867306309
-52.3253322911 291.923264872 975.11529066
-142.067559186 236.191481099 1147.96387641
-210.910282308 142.366123199 997.968170926
-1.42136663122 377.054697169 991.127640727
-103.087295849 201.402570316 946.72806966
-41.6945654707 310.532195666 935.196464186
-36.4769907027 540.248146928 1262.69076958
-126.513182488 137.223510051 722.498824913
-155.334826537 325.318679566 990.552174569
-945.714660083 173.608903607 719.374531197
-71.7161695086 476.884876859 994.746540054
-112.628704066 287.112037835 776.69035879
3.80108569628 273.784100617 1105.02518348
-111.29430961 535.073243532 934.315576661
-179.788122869 441.743575661 942.354211297
-382.745327569 141.204479982 774.122626768
-159.027444025 283.506953442 729.354663533
-98.9683228031 255.653514864 990.00638916
-187.567149369 72.7429885324 1103.11662016
-53.0952457819 439.30475716 1054.16437741
-89.9221550274 395.847749517 940.962072391
-87.7901460074 212.548610005 884.94198263
-68.1486240941 401.725695399 1256.63560628
-44.1829987609 202.291018568 671.012368307
-51.272686494 328.671308197 1038.9999115
59.2821297472 537.745611836 1205.86949751
-76.8003206726 471.827170523 936.719410876
-48.0531172307 454.025388349 1430.26801233
-84.4724657568 185.468600869 830.241505192
-50.1357940273 492.35534106 1038.52520345
-50.3981061062 400.883607226 888.419287231
-58.0619788139 319.750304221 1214.67280349
-46.4711216918 534.126700088 1311.28559603
-59.4847318222 272.8721694 1046.90200486
-80.2550750102 198.647921521 991.025387082
-76.1636784113 347.831253733 1207.76879225
-42.3250114686 354.891219032 883.025838932
-50.7041954824 483.682629446 987.48804478
16.83382059 682.112736179 1098.06883183
9.29546576403 706.469022713 1415.81990863
-41.6343921957 568.992459811 778.336600039
74.4021863636 567.532689997 1478.13464192
234.784608902 670.642094829 991.993903145
-47.3362749073 463.715147627 1212.22618038
614.889293453 933.092229443 1156.52298758
778.90090698 1142.86177369 1425.19905448
111.416748289 633.045479287 964.967381542
361.598032555 728.262687459 1009.9431431
528.250149522 785.738020385 1018.44038786
586.347861408 791.398923452 1072.0363586
483.450715761 721.461502478 914.340554028
301.284506233 801.509573719 1071.38426739
360.395501381 714.590732239 1070.56353353
481.042262899 784.71721237 1019.50403957
467.543513624 793.055897477 1113.5636071
423.090178931 799.705665594 1067.89634716
419.355549624 784.663051653 1070.42452768
533.64871431 698.967171693 909.176215727
529.474128495 655.697859434 906.193429869
375.615038907 693.677741113 901.991208085
426.013791397 639.789467261 858.624773142
478.759299058 664.855107072 961.604470085
374.275143909 787.996184517 1119.17638051
538.987279827 702.967681222 798.259895316
322.159746792 694.009446867 1071.40455963
363.277389293 746.551026468 1120.20963169
640.408562524 842.020830973 1014.2130052
361.923834591 781.426290078 1070.78881976
308.555224613 719.807519573 1020.50725687
194.186010597 760.072928715 1069.64976346
195.583114215 638.318965954 964.177865259
425.730216582 655.765601527 856.434563973
364.419090791 785.110339375 1066.80445414
326.544862754 767.145972471 1021.5827473
423.417820848 719.476345161 1122.31562855
261.998006876 735.934691486 1123.50886728
271.446379011 622.092539792 805.598965686
585.38456308 796.165021357 1235.54042466
378.012397592 727.479756881 961.073225913
278.4566718 682.418245761 1125.06104497
639.767210397 879.169739937 1289.65343636
540.281919073 814.307243228 1121.17253744
536.986013527 787.094534537 1125.1387112
327.24026312 631.22039576 967.050742095
376.259381396 774.68470537 1070.1020211
433.581136782 804.503127743 1336.08066475
520.67950121 693.559992827 1124.19699401
262.585243958 663.935874081 1183.8673463
539.868416663 819.351153824 1127.81936794
528.905304973 779.894464327 1398.38812712
431.270922401 765.857523599 1020.52773341
200.826430243 622.695134553 905.263269128
273.209935418 552.949982199 809.506621629
215.184632571 806.511795433 1227.26826511
424.894662917 701.328758871 916.012660036
529.857137832 667.257933689 964.499523051
642.453547113 796.184294935 964.717692159
321.435371865 695.037593804 907.486259703
533.527396747 763.27147787 1339.98346743
326.591893543 698.619645058 1075.29212772
590.017480358 935.3309773 1280.07856834
305.31154073 707.96276959 1180.60874907
687.232304578 887.976101723 1229.37920377
215.540266374 699.617330087 1068.30081099
691.664639754 863.106666221 1069.44374644
538.551840754 808.781401529 1175.98354718
592.853508907 780.52929165 1020.26453528
424.362271709 721.724545337 968.028455442
110.357302751 684.922867777 1022.66253309
480.706820343 828.277540029 1127.00086703
324.020477832 680.732188821 961.326334628
484.478447171 775.835824446 1292.00823118
380.082440198 803.083218387 1504.19668585
375.158164 703.338201341 1014.49097511
378.332907792 785.603358516 965.553606251
376.872180473 720.952070813 1285.19012549
534.290305021 747.879505756 1015.06239158
536.661286377 819.435950906 1073.407901
422.520503528 761.994305711 1337.26577051
327.092786151 727.960614247 1122.92328544
532.808036226 731.322457744 962.065790786
254.264152998 750.572913306 1124.27466934
632.65544864 787.073527029 913.089327768
637.646619096 750.531142724 1068.14118374
526.006791179 853.635921068 1072.87792008
637.866140331 952.418677573 1343.01136137
142.580737521 771.419844246 1175.64435618
540.781674216 770.796414492 1130.22784074
643.532320145 796.93029005 1011.65239331
428.725542328 780.215890561 1068.65807199
476.876853548 812.664512239 1282.19468534
539.160741402 768.540713368 1014.34641746
421.699418856 779.132752601 1074.44365725
306.594259153 692.129587397 1231.45598798
412.185733567 770.981385739 1014.9255721
376.635726731 844.160879737 1233.11578712
647.54780189 829.280138058 1075.05101247
799.842418834 914.818466758 1068.83624399
631.227245622 784.166490434 1125.77598306
528.528282257 801.827453955 1017.87029029
639.011283599 848.737051121 1069.48995177
376.458733707 765.223779088 1072.95726609
427.99321456 715.318935335 857.696990752
217.311196502 707.059915818 1124.95540508
308.456173599 773.468049968 1016.53075604
165.964431404 725.429115226 1173.814619
376.900813959 781.282010933 1067.0694364
216.958201142 850.22982776 1292.05982363
361.401213525 637.06235068 1120.86437568
199.421228379 750.546029234 1121.17678949
417.864622332 740.615155578 1014.16958723
307.300981375 706.575656533 960.613767727
305.408187482 657.983695507 1012.30850575
479.827971422 859.744991194 1339.92770053
377.808044615 743.8835001 1022.01821701
432.768774424 785.679453564 1388.63950374
376.37451111 757.205437508 1072.81110359
427.317918722 838.559489976 1276.92351298
323.040255893 725.675815408 1285.14543928
265.470561298 606.497395063 1064.61237172
467.783924851 762.371175871 1075.30339949
586.311541378 858.541618287 1170.71567291
421.951945277 654.120601859 804.184312203
482.592366113 897.579895873 1335.53758535
417.053974764 763.864613714 1229.03061052
538.968238637 777.548178566 1129.59947033
628.281149395 847.74504996 1066.80294615
581.55427924 798.093791313 1336.83990378
639.267223727 826.716340896 1010.582924
467.056248934 728.15746342 1127.67967701
590.384405144 881.974832345 1074.44721597
534.857248524 742.278267019 958.314954449
684.298767971 821.018463873 1021.98378931
325.989995134 776.34867866 1180.51257957
637.633219234 818.952230335 1021.07362346
585.901369068 921.862530566 1230.38752297
534.820381841 766.089338234 1019.34811568
588.794105462 849.618755717 1122.74782123
473.066149113 750.938399633 1284.6680201
428.23140565 742.305053086 1064.10562946
427.182846218 891.315183298 1449.94816102
324.377694039 774.658357122 1275.78946412
324.537171112 771.075013996 1074.71343873
273.408523592 736.899958932 1067.4339954
536.899923979 791.269028577 1067.42388044
579.334516436 830.718436552 1223.56749093
165.088371677 679.50193941 962.307441271
589.41989155 838.286482138 1066.92099612
264.248587866 613.502444093 901.670096565
472.922168347 771.512554025 1011.22002308
527.838465917 832.953050914 1127.05461442
474.694748796 791.547023756 1062.96971212
270.668021475 896.246318392 1229.08330198
419.943234516 772.423672449 1230.2692692
419.102589209 810.004889271 1182.09179195
316.793560414 738.255753947 1067.59361374
309.107975856 777.090092109 1125.22664801
637.930432382 801.916370375 1063.37596017
378.172044643 690.593399567 1075.27707421
480.554608262 929.99451928 1390.47321576
375.142803703 710.015185857 967.031791443
59.5295453255 737.350373673 1336.66086543
524.674270727 793.297350608 957.516160484
430.25088207 805.769007193 1174.41399907
256.541315162 765.283526099 1070.74752681
531.183456754 810.581864713 1121.38898255
633.050911582 921.4229414 1442.60692001
378.959164758 830.57183853 1444.41430275
432.907899469 763.080214888 1119.95651921
526.093245521 796.318867498 1065.09295343
483.949484688 718.772249437 1008.41493137
309.328511187 747.508703708 1174.829623
414.881931132 843.372112713 1279.41045768
535.723836888 749.263698675 1014.04063637
375.154677487 740.73869562 1071.96515462
472.651611043 760.078118712 1121.971517
112.890900113 653.865590111 1067.52468839
378.444422015 747.945237741 1114.39390562
378.956070733 747.162516674 1016.78335914
589.368834064 903.160411898 1179.50755968
592.116662078 887.434747618 1226.69566299
691.162075522 908.266760793 1066.62679726
679.887597982 890.618141341 1120.87542963
481.98613429 939.130672916 1273.8575312
687.464563195 823.533816565 1012.44899982
743.50179848 971.788497086 1123.83879508
427.390178233 757.242157128 962.678313071
647.007532647 844.339318801 1014.59062248
520.85160546 729.842114084 1009.31300192
522.805883999 820.469159563 1174.55252515
484.095688464 786.487451033 1006.34830815
577.082093735 831.689298784 1281.34427298
371.084270481 793.296997611 1072.24333122
583.249776862 869.330369449 1067.53237729
377.221152255 767.306446142 1065.72976041
526.309512476 847.621088362 1065.59878887
684.281456137 944.475814383 1282.53902496
526.016256838 821.571454429 1012.90578724
375.878234054 812.956888985 1125.07123509
485.822417268 838.401588392 1072.00420092
587.826089532 763.046942226 1068.59034721
590.076025784 850.97593174 1339.72872492
197.051878922 741.486477352 1121.22429337
275.400624941 864.727737985 1282.76218778
323.972237157 801.808602825 1177.30994028
429.221580718 740.751722732 959.894289583
328.016952911 798.219051898 1125.17419264
277.248202993 717.08102416 1067.85753239
585.403765673 780.314897218 1018.64783436
589.215585894 749.419667966 967.512832382
379.806082828 844.714232294 1066.74766799
305.607854279 820.783253618 1066.47304098
469.065817561 804.795342604 1228.34815843
529.102866394 797.523976989 1019.8227213
432.209100851 780.138319108 1072.74276832
488.337749846 865.513157768 1068.48976381
430.637231775 795.56299264 1172.09368664
266.74316163 901.648951125 1277.35784773
473.697533896 784.936671649 1013.14604276
643.911360966 902.097665804 1386.33397666
634.423813327 858.11357584 1121.28209061
537.193608777 858.980815238 1117.11645948
162.925754799 839.021160116 1338.81328769
586.742674433 808.786563652 1280.58041887
416.313838703 763.995663818 1172.7706499
527.006007245 889.492972477 1225.96204032
524.154724012 845.328873043 1176.54950353
309.040072477 829.50064081 1179.56213406
310.27662983 769.739513306 1171.93763439
419.99707345 776.401779198 1063.56365206
474.714923308 782.608671753 1068.14420541
578.448561284 871.01292489 1123.43867223
376.465994569 774.495066222 1062.41221421
212.675530273 818.466965643 1120.04228515
692.722998327 842.178823445 958.188914388
422.497912514 909.163417192 1448.44368398
640.222988613 917.861655326 1228.59641133
577.532542636 834.381874957 964.959353107
635.3800659 857.890022379 1229.72459611
580.73498025 825.401509724 1074.35893267
688.260296588 924.510061462 1237.10202618
593.320504006 933.439232577 1277.99000548
630.876486931 853.247075991 1177.3336789
436.244635434 925.418150045 1396.07428098
471.046283081 820.322333914 1230.24279847
523.805381494 803.492633803 1073.46297332
484.363310626 832.831568493 1230.89623108
319.966540609 847.666801409 1391.27930108
589.682516375 759.849013802 1018.65665005
644.255709656 843.564659301 1173.62974688
468.049390995 886.736773755 1130.35265432
539.350436859 885.886967448 1230.6655406
684.080673213 929.064570534 1122.60722783
579.146317802 879.154838544 1124.01092148
639.496649026 795.261168901 961.317307945
540.708680656 807.908175544 1065.82436513
419.108459087 761.057182804 956.333457222
481.836218428 806.722913193 1230.7235786
429.774621632 888.603119832 1288.5711998
631.779906769 790.301380895 1021.96694919
592.87587198 945.487907234 1447.53521661
528.546027031 925.438371595 1340.42922784
417.89287321 859.122850753 1122.90731223
745.610682428 925.516067416 1237.50242885
487.592648345 760.660335794 958.73440802
478.504058343 856.168888559 1232.96125512
535.389274733 856.419535734 1124.84806767
311.73691857 774.24448337 1076.62611271
756.282066523 960.842617778 1183.0879485
646.591063885 886.363412777 1284.78538393
537.096220619 732.86816093 961.352312521
637.122798529 839.262075911 1017.16159616
327.745141143 846.565048674 1504.62211175
530.671498645 888.271071881 1278.66385601
475.003904395 699.40570142 1183.9084002
695.401902943 917.022708177 1287.71682432
581.142804161 817.024189122 1019.63506018
747.280962199 991.258728533 1389.5093881
647.784203961 866.329145067 1016.92883915
381.224723333 813.15094211 1124.73926442
114.624675386 808.460068644 1129.16652274
579.785289249 924.362909692 1177.777168
534.025838121 808.336584725 1182.10314427
488.158552606 927.441632613 1234.76464779
584.45760477 846.373348447 1076.64028559
486.318425456 866.377867898 1232.18625495
585.512205238 887.741933732 1231.20805725
745.428333872 914.634500938 1123.6360449
532.995906718 850.102860945 1125.12155204
436.069780048 733.715274354 1172.43749954
583.624925525 860.148249652 1177.8010864
412.927764962 976.682426742 1447.71812732
576.251580459 774.274009925 1176.67983618
196.813748304 834.604588789 1229.39474192
631.761854701 898.840850407 1235.67824935
535.423280132 958.455051053 1231.11682829
269.151654126 742.417602743 1287.16941383
589.720916864 922.319218482 1233.88340024
217.492983433 738.841517868 1173.04266898
223.524894659 868.905637924 1179.69577237
