-14377.3609051 -14129.2766218 -13407.3178857
-15056.7473014 -14362.4619482 -13105.0040738
-14649.4692294 -14022.4182354 -13009.2802459
-13970.0924856 -13160.1834352 -12475.5857909
-14555.6118937 -13618.9730174 -12622.1784381
-14349.374682 -13727.0108817 -12884.1203338
-14017.7667878 -13126.7069126 -12265.3143374
-14074.3057504 -12942.3093295 -12097.1488823
-13354.102995 -12818.617159 -12069.5823374
-12591.2847121 -12169.8255058 -11784.2398608
-12816.1800491 -12301.6682578 -11916.6217432
-12962.2356678 -12376.0226465 -12032.8540491
-12067.5096154 -11905.5806226 -11719.0756094
-12081.2555087 -11942.4085391 -11796.2880777
-12651.1239244 -12033.8690284 -11749.0539499
-12321.0062719 -11867.5391588 -11639.029516
-12174.0842985 -11942.2629796 -11787.9812231
-12471.2150868 -11961.9180736 -11735.6147472
-12048.0066259 -11807.7417555 -11574.0149388
-12192.27792 -11863.7998261 -11582.7193291
-12110.9142892 -11775.3130413 -11574.9867299
-11781.7495675 -11621.1122992 -11486.4150275
-11725.1509188 -11578.25778 -11441.7502935
-11786.9543356 -11623.9835974 -11434.0495845
-11772.9893569 -11448.9893754 -11296.2028105
-11701.5103345 -11580.9104436 -11476.9325381
-11670.6596073 -11583.4360131 -11506.1779039
-11713.6859166 -11456.7103805 -11237.6738579
-11703.4429969 -11504.96046 -11434.3509623
-11556.0471535 -11442.7820784 -11286.3544144
-11431.4257216 -11299.1052219 -11181.2641352
-11529.3972896 -11352.8990647 -11202.1936084
-11617.3031376 -11441.2345591 -11190.8736363
-11441.4086508 -11255.7094821 -11162.5556065
-11486.3243016 -11290.9537909 -11124.3887824
-11539.3798749 -11247.3184121 -11063.394305
-11375.8718923 -11213.8598484 -11023.4168424
-11484.1732789 -11265.7091168 -11050.6667298
-11296.2318084 -11171.6732665 -11030.3962404
-11312.7842692 -11143.078233 -10867.1265774
-11307.9300259 -11087.1984955 -10909.465845
-11167.2067825 -11008.7233037 -10859.4098461
-11205.1898291 -10936.1921261 -10626.9812168
-11062.7410694 -10934.1236766 -10764.4157145
-11260.7999595 -10945.3014362 -10799.3591383
-11066.8214912 -10866.7514728 -10700.7125246
-11169.3454899 -10816.9692123 -10696.4255719
-10995.1792065 -10783.8861453 -10637.1872328
-10799.6974915 -10647.7110482 -10449.9802058
-10962.0704885 -10771.0719362 -10491.2390275
-10851.0829912 -10697.1113469 -10399.0542567
-10816.1640999 -10665.1907931 -10555.0301963
-10815.6548491 -10646.4639885 -10441.139172
-10875.7585295 -10690.3488953 -10566.2911298
-10827.9269848 -10658.6032193 -10428.1774229
-10817.4179126 -10647.5891026 -10443.7799176
-10752.4554883 -10639.5486466 -10419.1619949
-10616.6984669 -10417.3049627 -10206.4905389
-10667.7009679 -10463.5405635 -10262.0864614
-10633.35789 -10443.8821635 -10268.904555
-10441.1768879 -10297.2093771 -10218.7689027
-10502.1639329 -10336.1663642 -10216.8450304
-10468.64751 -10328.4735286 -10154.6593378
-10424.506673 -10280.7955166 -10158.311714
-10564.6685542 -10343.7344378 -10232.5411465
-10392.2364333 -10263.0069145 -10120.8751653
-10306.1501007 -10207.7758759 -10102.4947676
-10328.753964 -10196.0806933 -10099.7845787
-10406.0263759 -10310.0203258 -10148.4552832
-10327.7052781 -10239.3447187 -10128.0177386
-10298.0459251 -10175.5161657 -10086.6652834
-10384.3945778 -10231.7449195 -10114.8683585
-10296.1004893 -10196.7835236 -10090.8269176
-10360.0615156 -10221.0559859 -10057.9498465
-10360.4295373 -10220.5229311 -10106.5058067
-10295.0377101 -10170.9518798 -10036.2623895
-10262.5646548 -10218.8094654 -10149.0358032
-10416.1496 -10236.6052149 -10122.4806605
-10311.8880317 -10164.9503963 -9792.60743019
-10293.3881751 -10191.3845159 -10108.5363343
-10292.0691602 -10208.4789087 -10059.2470458
-10317.7192057 -10161.9487331 -9955.30895901
-10338.1779752 -10175.8652901 -10033.6815754
-10277.5515355 -10137.7168361 -10012.5363498
-10243.5486681 -10135.909006 -9954.20996899
-10278.1550798 -10064.5961539 -9400.60327739
-10354.8532896 -10168.2869239 -9995.29856147
-10222.6320456 -9745.75954874 -8807.51908584
-10151.8596383 -10069.8141358 -9907.72515733
-10130.5572858 -9873.98551459 -9621.53963355
-10110.7341826 -9570.25121795 -8239.4674145
-10120.102362 -9315.89058784 -5055.16973029
-10188.6661514 -9623.61625248 -7783.4125811
-10050.9968486 -9305.5875286 -7322.13529413
-10039.914874 -8584.18958549 -6201.04560586
-9803.43261021 -8449.16045819 -4459.32055553
-8843.44228445 -6173.93978284 -2613.54138965
-8987.77380387 -6672.46149252 -3514.98175358
-8956.9870321 -5916.72043029 -1700.81890347
-6273.12641929 -3655.33257876 -1429.15744723
-6670.39182109 -4217.40661565 -1078.66580119
-8540.64010806 -3404.97064781 -1131.51773489
-6493.95976339 -2139.60568252 -301.338167148
-4738.10397935 -2572.47461694 -1004.83007351
-2292.15230695 -1567.17333945 -1105.66263077
-3710.2541369 -1451.15861941 -305.891501646
-1420.57092084 -782.243104039 -444.648620751
-3684.27795599 -1731.56811739 -1033.1384824
-1164.18806489 -698.384222481 -370.676461291
-1366.0138421 -900.994249717 -567.361654982
-1905.12267596 -1205.28265646 -595.80497533
-1649.05412291 -847.721679398 -435.343601509
-897.554842302 -526.747854548 -317.785179522
-1490.22310524 -722.500728751 -343.552277928
-2778.23029506 -1150.62059624 -244.122471934
-1315.02118776 -647.95523544 -201.822946468
-977.073105591 -643.714532347 -398.205690739
-881.049643345 -558.246635027 -162.077249828
-1585.0224402 -669.679878468 -248.862453927
-1652.96405615 -752.681960432 -475.75544792
-995.547035427 -565.452900003 -295.732940884
-1037.0737192 -554.40497388 -105.300901837
-1923.17009156 -653.012431212 -147.239850415
-1048.16858687 -548.911832331 -219.039076831
-1627.38392124 -810.666127782 -365.303344697
-898.441124551 -459.863615232 -195.30729888
-905.278126829 -585.804866567 -407.551111696
-2213.35177655 -819.390061007 -131.645717984
