0.3144 0.4232 0.5984
0.3064 0.41824 0.592
0.3032 0.37484 0.464
0.3448 0.43548 0.6
0.2412 0.37376 0.4796
0.3316 0.3744 0.4492
0.324 0.4426 0.6
0.2908 0.3822 0.6
0.3088 0.39332 0.4876
0.3432 0.42532 0.6
0.348 0.41644 0.4964
0.2976 0.40928 0.6
0.2792 0.4506 0.6
0.3176 0.37052 0.4988
0.3292 0.43496 0.6
0.3616 0.4138 0.5184
0.3188 0.42324 0.5292
0.3108 0.38348 0.4492
0.3572 0.41164 0.4924
0.3088 0.41792 0.5732
0.3424 0.38716 0.4704
0.3356 0.4206 0.5928
0.3388 0.42228 0.5764
0.3568 0.44152 0.5856
0.3032 0.38688 0.4512
0.3108 0.41904 0.6
0.3052 0.367 0.4284
0.3584 0.41532 0.5072
0.3088 0.4062 0.474
0.354 0.4076 0.4748
0.3052 0.37504 0.4656
0.3552 0.43492 0.5448
0.3604 0.44472 0.5848
0.3484 0.38828 0.4392
0.3004 0.38416 0.4692
0.3068 0.42688 0.5552
0.3124 0.4136 0.5336
0.31 0.39116 0.5252
0.3204 0.37864 0.5392
0.2764 0.35496 0.4556
0.3192 0.3822 0.478
0.2872 0.34396 0.4432
0.2728 0.3584 0.4796
0.2976 0.34092 0.3844
0.2592 0.37424 0.4792
0.2808 0.36372 0.4992
0.2704 0.355 0.454
0.2848 0.34016 0.416
0.26 0.33472 0.4172
0.2892 0.35392 0.4244
0.2912 0.37096 0.4868
0.3028 0.34544 0.4544
0.2536 0.3708 0.4504
0.2756 0.34436 0.42
0.2872 0.36324 0.4648
0.2816 0.32204 0.3656
0.3288 0.36324 0.3904
0.306 0.33864 0.3828
0.2808 0.34 0.4
0.2864 0.34304 0.416
0.2912 0.3416 0.3992
0.2916 0.32356 0.38
0.2884 0.31536 0.3604
0.3056 0.3418 0.4268
0.2824 0.33132 0.42
0.2844 0.32704 0.4092
0.2748 0.31196 0.364
0.2696 0.31132 0.374
0.2788 0.34224 0.4636
0.294 0.33596 0.3908
0.3076 0.34752 0.3812
0.2952 0.34452 0.4152
0.2708 0.32844 0.3948
0.324 0.36072 0.408
0.2892 0.33708 0.3884
0.3268 0.36236 0.4576
0.3084 0.36112 0.4084
0.3236 0.36648 0.4084
0.2996 0.34388 0.4252
0.3136 0.3622 0.422
0.3004 0.36464 0.4668
0.288 0.33192 0.3872
0.2932 0.32028 0.3752
0.2916 0.34216 0.4304
0.284 0.3322 0.3864
0.3048 0.34044 0.3744
0.2996 0.34136 0.3888
0.2972 0.3186 0.3856
0.2584 0.33824 0.4192
0.2632 0.31424 0.346
0.2472 0.31208 0.3592
0.2812 0.3144 0.3888
0.2672 0.33024 0.406
0.262 0.31968 0.428
0.2772 0.32428 0.3732
0.2648 0.33752 0.3828
0.2892 0.35368 0.4136
0.3028 0.34616 0.4092
0.282 0.33948 0.3904
0.3096 0.35108 0.3932
0.2828 0.35296 0.4372
0.2844 0.34356 0.3948
0.3124 0.36224 0.4024
0.2924 0.35552 0.4336
0.2968 0.34924 0.3848
0.3048 0.38136 0.4244
0.3308 0.36504 0.438
0.324 0.36036 0.4096
0.2756 0.32872 0.4216
0.3164 0.3646 0.418
0.3132 0.37 0.4332
0.2888 0.35068 0.4508
0.3 0.3576 0.4108
0.314 0.35156 0.3924
0.306 0.36556 0.4468
0.3428 0.3758 0.4292
0.3188 0.38472 0.462
0.356 0.38912 0.4108
0.3484 0.39028 0.4216
0.2956 0.37928 0.4316
0.3392 0.38872 0.4296
0.3716 0.40848 0.4432
0.3256 0.38788 0.4536
0.3508 0.41112 0.4604
0.3492 0.42164 0.4804
0.3408 0.40488 0.5084
0.3372 0.40584 0.4532
0.3608 0.40504 0.4948
0.3408 0.38664 0.4388
0.3712 0.41144 0.4736
0.316 0.40112 0.4768
0.344 0.41352 0.4668
0.3624 0.4152 0.5052
0.3324 0.37864 0.4232
0.3356 0.41196 0.4524
0.3316 0.41988 0.4712
0.358 0.39836 0.4452
0.358 0.41148 0.4788
0.3664 0.4164 0.4888
0.3644 0.4044 0.476
0.3344 0.39684 0.4476
0.352 0.41332 0.4732
0.378 0.40876 0.4528
0.3516 0.40948 0.4624
0.3544 0.40984 0.4744
0.3228 0.3854 0.4676
0.3372 0.41388 0.4984
0.3364 0.38484 0.4272
0.3256 0.38136 0.4464
0.3548 0.40432 0.4408
0.3168 0.3728 0.4104
0.338 0.37608 0.4336
0.3348 0.38716 0.4572
0.3212 0.36516 0.4248
0.3368 0.37692 0.3948
0.3268 0.38184 0.4416
0.3268 0.36028 0.3936
0.3088 0.3672 0.4068
0.3124 0.3606 0.41
0.3076 0.34188 0.3792
0.3308 0.36524 0.4132
0.3404 0.37076 0.4108
0.32 0.36996 0.4024
0.3116 0.3554 0.4088
0.268 0.36164 0.406
0.3524 0.39252 0.4384
0.32 0.39548 0.4488
0.3324 0.37676 0.4232
0.334 0.386 0.4376
0.3272 0.39196 0.4728
0.3344 0.38736 0.4652
0.3244 0.37736 0.43
0.3308 0.40028 0.452
0.3008 0.38088 0.472
0.2948 0.38684 0.4608
0.3368 0.39412 0.4728
0.3532 0.38584 0.4356
0.34 0.40488 0.4308
0.3348 0.39064 0.516
0.308 0.36952 0.4392
0.3212 0.37344 0.4408
0.3324 0.3796 0.4188
0.3212 0.35592 0.3956
0.3244 0.35088 0.3864
0.3208 0.34928 0.372
0.322 0.3554 0.3812
0.3208 0.35604 0.4124
0.3144 0.36996 0.404
0.3252 0.36428 0.4484
0.332 0.35236 0.3996
0.3028 0.34116 0.4232
0.3068 0.35568 0.4028
0.3188 0.35104 0.3932
0.308 0.36144 0.4172
0.31 0.3486 0.4064
0.3076 0.35808 0.3984
0.308 0.33364 0.3652
0.2952 0.33156 0.3784
0.2948 0.34816 0.394
0.2816 0.32352 0.3672
0.3008 0.3472 0.4008
0.3076 0.34248 0.384
0.2912 0.32992 0.3992
0.3016 0.34492 0.3912
0.3116 0.34628 0.3916
0.3196 0.3456 0.3948
0.3096 0.3416 0.3772
0.3184 0.35772 0.382
0.302 0.36468 0.4184
0.3092 0.34148 0.3888
0.3156 0.35568 0.3868
0.3112 0.34048 0.3624
0.3192 0.34468 0.372
0.3236 0.34416 0.3808
0.2796 0.33352 0.3692
0.2864 0.3298 0.4028
0.3084 0.34868 0.4192
0.3004 0.34216 0.372
0.296 0.343 0.4528
0.294 0.32736 0.3748
0.2916 0.32016 0.3556
0.2908 0.33876 0.3916
0.2916 0.32568 0.3508
0.256 0.31108 0.3496
0.3064 0.3386 0.374
0.3172 0.33504 0.362
0.2864 0.31588 0.3468
0.2936 0.32384 0.3456
0.2824 0.3096 0.3336
0.2796 0.32764 0.3736
0.2836 0.30468 0.3376
0.3108 0.32808 0.3456
0.2924 0.32464 0.3544
0.2912 0.32132 0.3576
0.304 0.32728 0.3536
0.2916 0.33228 0.3852
0.2872 0.33092 0.3584
0.3064 0.33244 0.3856
0.27 0.33588 0.38
0.2876 0.34324 0.3776
0.3052 0.3502 0.3832
0.3212 0.3532 0.4068
0.3216 0.343 0.3732
0.3308 0.35576 0.3796
0.324 0.34884 0.3772
0.3024 0.34476 0.4044
0.3084 0.34816 0.384
0.2932 0.35432 0.404
0.3136 0.3392 0.3708
0.3256 0.35096 0.3692
0.3176 0.35152 0.4104
0.3148 0.34592 0.3824
0.3044 0.34708 0.3672
0.3088 0.3422 0.3688
0.3288 0.36692 0.4152
0.3052 0.34848 0.3752
0.3176 0.3664 0.3896
0.3252 0.36044 0.4132
0.3128 0.35268 0.3776
0.3152 0.34008 0.3764
0.318 0.3342 0.36
0.2924 0.35476 0.3848
0.3084 0.35264 0.3776
0.3116 0.35744 0.3836
0.3056 0.33968 0.3736
0.3016 0.33316 0.3744
0.2892 0.33904 0.416
0.306 0.32716 0.3524
0.3052 0.33256 0.3644
0.2876 0.31788 0.3336
0.282 0.31132 0.3372
0.2888 0.30924 0.3488
0.2576 0.32044 0.3496
0.2756 0.3222 0.3592
0.2876 0.32636 0.3688
0.2776 0.31564 0.3648
0.2748 0.2998 0.3316
0.2824 0.30412 0.3264
0.2564 0.30068 0.3336
0.2864 0.31336 0.3448
0.2772 0.30052 0.3264
0.2724 0.30516 0.3308
0.2644 0.2856 0.3044
0.2764 0.29588 0.3328
0.2888 0.30904 0.336
0.2624 0.29676 0.3568
0.2664 0.29348 0.328
0.2744 0.30072 0.3564
0.254 0.2794 0.3004
0.2572 0.28828 0.324
0.2544 0.28392 0.3084
0.2532 0.28772 0.3148
0.2564 0.29264 0.3236
0.268 0.28504 0.302
0.2568 0.3048 0.3652
0.2728 0.30404 0.334
0.2732 0.30204 0.3484
0.2812 0.30268 0.3312
0.2704 0.30824 0.3424
0.27 0.3052 0.364
0.2676 0.29504 0.338
0.2512 0.30188 0.3492
0.274 0.29968 0.3244
0.2624 0.29036 0.316
0.2604 0.29144 0.3096
0.2776 0.30172 0.3296
0.2472 0.29868 0.3464
0.2544 0.29424 0.3384
0.2724 0.294 0.3112
0.2624 0.29116 0.3116
0.2772 0.30224 0.3288
0.2548 0.29036 0.354
0.2468 0.28652 0.3408
0.2544 0.29404 0.3236
0.2456 0.29224 0.3232
0.2684 0.2978 0.332
0.2804 0.30492 0.3424
0.2672 0.2918 0.332
0.2628 0.2928 0.3316
0.2844 0.317 0.3476
