-4906.61776893 -393.247695275 2190.83077593
-4366.32021255 -425.745166593 1553.96272449
-665.57415917 168.85141621 2133.68239822
-6236.03769077 -624.722131161 581.673922311
-501.858070274 13.9082430567 1621.7965863
-600.179255516 643.653889893 2023.58437383
-8352.14065048 -741.400776857 1931.06937303
-6495.98224179 -561.005079117 1568.99737069
-513.220794758 227.331650508 1535.1632435
-6329.48885168 -420.11098586 2092.10849143
-2138.27575407 -87.8846595112 1601.33522495
-6203.93358251 -443.354441492 1415.97112302
-6444.79908107 -932.644142739 614.906531623
-874.819620295 15.4229403371 2061.87388728
-6141.84105541 -593.111566674 2050.98627251
-474.072435215 138.764973776 1543.96214639
-440.144768392 -4.87908310934 2042.71659049
-1671.99719388 -470.539221285 383.348546761
-451.432247797 -265.190619616 -170.879066568
-330.447238757 190.212873556 1812.43048736
-2543.14477542 49.9392909815 2081.85728328
-2989.35154747 908.371078696 2180.76304674
-2518.82141151 -69.3795807706 1317.61431938
-5239.96928318 -266.658131266 1644.75974944
-677.717378758 -64.8330343475 1617.94710404
-6685.16583093 -263.172289909 2034.46869486
-433.174358496 279.917641587 1820.12685858
-608.535181484 109.611983411 1628.5969322
-578.43760757 256.930499711 1740.68954873
-208.819656376 589.731181015 1852.18460713
-195.283249395 314.094563213 1748.33658019
-1565.6375689 -125.257259555 1873.61883776
-388.231644558 387.424838966 1660.39140255
-521.00394291 836.074574396 2054.37649056
-778.223965479 611.826441051 2092.41268326
-352.286677216 380.170141785 2012.16302329
-1082.22431256 447.949873034 2154.39712846
-575.352410842 255.011727015 1638.42983104
-364.764366073 468.277373222 2062.69444042
-349.023378456 357.213675456 1729.52166674
-631.908128914 -97.3802088374 1597.17745163
-791.998164949 12.4333611871 2073.17397832
-453.331569965 788.080224437 2168.44997475
-1409.54587597 202.980470509 2270.85473182
-800.158069715 390.894850557 1967.84456622
-590.718643382 136.752654532 1696.27517252
-464.594446519 262.119641188 1622.5314483
-817.587595202 -59.2290687232 1273.92411593
-199.54237029 451.858141371 1787.54686542
-872.90909979 188.405348577 2247.3310457
-537.779839551 109.376397502 2083.00575612
-525.763240021 528.513067924 2242.80985551
-982.431029246 276.550057378 1657.31041558
-443.014725559 184.198840268 1684.40219461
-332.856613513 361.581899261 2196.4038452
-381.972192805 942.156993892 2144.47241958
-359.287020448 872.655206914 2165.39255277
-579.341701026 168.455526275 1668.54499905
-1287.64110155 310.998708304 2232.99023544
-1198.0219612 50.648906887 2153.42931653
-471.112415544 441.836669394 1997.43435095
-910.431889848 421.001576492 1664.50097892
-1404.5044192 67.750080882 1721.68804868
-447.124065626 289.072316004 2180.16918231
-916.036280719 99.3079334145 2075.95367313
-365.481666111 337.031506094 1719.85705037
-728.544521789 216.027280576 2163.4970894
-360.124822871 370.280098868 1706.0073795
-1123.20390567 619.969665668 1789.00542395
-553.506825897 361.161123401 2169.38705165
-721.809296111 190.714584322 1710.76778516
-740.852952866 366.689837834 2128.60473895
-443.729935889 221.8944177 2100.2303371
-572.186685446 795.937700787 2175.89421964
-393.306942609 273.366377414 2029.00393042
-300.198255172 182.211973378 2042.46412455
-445.284897982 174.466906032 1751.12796968
-895.015768867 47.2817100557 1626.85018621
-220.649144888 811.306382591 2125.52496565
-971.579687382 343.398488289 2013.78455944
-363.439149885 897.727239199 2169.46487791
-705.01574466 -146.171350314 1165.39860676
-498.337339325 974.525524857 2194.05081148
-497.966585926 500.76165595 2075.06210639
-390.285430462 385.976697175 2130.19635423
-537.084509601 333.739248025 1717.2944752
-326.591680497 563.91989343 1727.93279283
-536.421874895 -93.0147918414 1125.7833683
-513.491576196 189.376073396 1675.23411751
-324.902092991 565.810411916 2079.11504822
-722.712361132 311.607769673 1694.91623161
-792.816211925 11.5695905465 771.625558463
-189.993154571 685.248709049 2202.5092819
-419.257334655 462.462519815 2101.41842257
-1419.53343257 -180.455575305 1694.57233812
-584.562983248 546.84526532 2241.40691444
-630.956603243 553.806299886 2134.88072577
-638.18697356 600.278039355 2207.95873772
-473.977916596 521.176227617 1698.42402793
-273.783345906 706.165963335 2040.73574517
-490.834165297 390.676307315 2068.93971395
-525.156454994 253.020988494 1630.76747561
-332.407218502 552.473123284 2027.04359319
-552.613973378 647.88015872 2166.55608854
-368.30415462 269.356818537 2059.17509369
-436.630579404 532.505913832 1697.60443244
-138.057661832 1242.49451525 2161.51595743
-365.179962344 369.634674493 1638.56458567
-385.702183831 534.055397199 2164.8160765
-151.550855338 891.716182315 2096.88972353
-232.219957925 218.980426632 1320.50406927
-438.958137961 359.147148023 2008.09643526
-186.448844391 1017.34308996 2188.69400122
-302.256388884 445.359861295 2080.55605578
-334.555822949 594.259648478 2124.76400015
-290.11834173 589.34575332 2059.69558877
-285.688909371 762.273096372 2029.38430045
-145.115427909 768.102217446 2006.13590388
-395.326772274 988.03835856 1977.98904943
-541.829476596 215.582318079 1948.71419992
-669.021129836 363.39667969 1909.31868328
-395.065044249 -11.8805611876 1110.36705848
-205.670050395 725.524584824 2070.01224282
-195.613201947 855.910890122 2064.27001261
-174.282017811 1156.66684473 1903.8219894
-323.528141973 328.184976472 2069.40534052
-211.264997565 347.820257891 2084.10579679
-186.875157095 1034.88353143 2033.27803125
-291.80880925 679.826755825 2100.11712909
-117.324106152 1235.4137815 2064.42987037
-74.7034624659 1341.82573165 2052.03579497
-286.285954993 169.791215138 2102.34044326
-243.141744524 658.559113548 2091.78042624
-162.611070244 752.958621361 2068.96630497
-161.8431379 487.522989879 2009.60809994
-130.147612846 453.846544097 1852.83837787
-372.094627072 130.840098718 1979.8789929
-223.18426816 998.668294253 2037.31676656
-423.176040298 437.730112637 2025.31548593
-129.327065324 983.240515841 2004.39173829
-189.288180948 798.523858961 2188.94120675
-188.089171222 889.31154697 2026.17420155
-231.506136453 1321.60276097 2066.95878365
-127.534923171 813.447056005 1975.88275786
-179.83691368 608.255719073 2073.91734102
-352.824328253 837.931080208 2059.73900731
-274.288313479 621.504584156 2074.97686621
-231.720034325 801.255530328 2164.89801461
-184.676526915 339.685534767 1649.62807532
-371.676956969 855.049926362 2068.93671426
-202.986704558 972.576745229 2173.66851822
-71.9418953678 1217.52756879 2139.11144325
-541.820343841 768.951239348 2109.12500035
-264.146451725 257.767401411 1702.5403842
-150.533471334 1287.05991966 2189.88029302
-356.913940352 389.049572177 1692.89000294
-358.645983886 1092.41731452 2137.25305414
-163.739954541 1075.44276195 2146.99339123
-227.224602694 200.494053301 1711.94961224
-290.404342962 293.557833317 2055.42652446
-167.719800129 528.306752349 2106.69548323
-154.945082919 959.006188058 2155.58217773
-209.362543922 782.048504556 2068.98088019
-261.524741192 456.177915685 1587.87731061
-219.159440061 605.793280788 2078.50131561
-199.153949611 449.452088338 1651.98872013
-157.836902431 980.599264362 2160.92154117
-172.318578399 603.385782486 2100.010063
-212.00573825 565.68292791 2037.28444644
-116.811092958 584.660355139 1921.35089387
-110.425871703 1146.12925715 2112.89313497
-515.672136316 462.549548523 2111.60977569
-203.798318453 541.870867548 1993.4873298
-146.192766388 330.666148578 1635.77479427
-337.339279661 1228.23593468 2049.84929845
-346.55761725 474.720518534 2104.53351037
-214.946690689 414.114343367 2134.93184179
-313.038094507 887.092978681 2179.92727941
-255.583285607 978.761651759 2102.21942482
-312.067892565 273.586413465 2025.03449234
-258.207426323 1059.35147868 2236.50679164
-229.410587845 244.59259856 1560.90515056
-185.683378662 1319.11601262 2185.70687131
-104.586402493 1313.57106788 2174.73084842
-307.773091812 404.721884509 1712.69345533
-239.739248765 327.53314453 1648.79108316
-368.388783308 652.914471805 2205.14149065
-166.97653204 689.149017684 2219.11021882
-359.088973553 373.310272086 2035.58396566
-183.528022188 1324.85283012 2152.96667028
-388.11934906 579.416648897 2198.53550004
-306.198497066 539.936836984 2111.66435414
-237.661473793 775.609614086 2235.5690911
-139.518064513 428.646289485 2166.35762003
-122.391935497 947.254200823 2123.69996429
-95.5497385239 723.775362315 2238.40570195
-261.488590405 840.465798995 2175.21464632
-227.209146292 738.976727758 2210.09322871
-434.284257048 859.283094678 2158.59580698
-307.540629073 420.897816521 2226.18113426
-221.880802224 710.655850604 2139.18007884
-160.67826319 1084.63425234 2192.93801081
-212.602374386 1111.9277534 1967.74848835
-331.835675134 400.663256553 1746.76590056
-173.578221536 1088.4361263 2102.84144784
-186.676629154 753.607350836 2188.79228538
-200.277738852 903.757177122 2096.27136415
-527.00981144 654.991732972 2133.52980153
-209.420379011 835.971353826 2051.31798028
-204.941286887 453.525855738 2220.41271989
-254.433377074 1055.17583389 2207.53540016
-361.969494622 555.785107201 2195.76833444
-527.237211153 396.136526202 2228.38206342
-348.460465938 328.939621597 2152.43546914
-281.861597643 899.021444303 2203.69420727
-162.514925974 656.175154881 2196.5550828
-218.024023416 1139.06657619 2223.14635172
-378.276762963 1146.20950028 2219.12969308
-201.691750782 705.423168361 2282.52961885
-244.435715875 356.099542505 2289.16377961
-294.28905927 883.850159417 2210.99476993
-261.530769169 1036.51345076 2245.74261478
-305.353938213 630.575744302 2172.15835361
-301.29459423 567.654854898 2245.49009349
-209.621246731 448.46451464 2209.22732873
-317.016741989 533.311713701 2202.88567536
-177.136908505 1097.16924529 2273.4138146
-99.7662835615 1056.72395035 2215.98643081
-158.765708091 330.54358435 1803.75782682
-320.335020279 827.985428905 2221.84565656
-323.399266792 890.980203462 2322.78812784
-190.385191605 444.951859993 2165.50539463
-143.711250568 861.580650049 2212.35556528
-285.639742834 629.101831398 1792.74585125
-506.712581109 -72.3451979854 841.441171518
-310.895147122 517.237215144 2059.37301452
-160.901225498 650.520449472 2227.3649956
-183.377222741 807.053378743 1761.01943206
-206.404747958 877.448094625 2152.18394917
-101.337718128 917.960712927 2200.69674089
-166.195078195 1062.64355426 2168.88988438
-150.038497014 1050.65045363 2180.5357625
-141.548624881 320.841360879 1291.77235151
-249.949880444 515.085882571 2082.46419504
-236.864052778 279.912311221 2172.1062171
-148.810306188 1078.97964637 2131.31024418
-297.613294368 356.134484049 2093.64691656
-235.21996548 838.170141391 2182.15180634
-431.57570224 1082.54344886 2193.40218685
-91.778131572 1037.36225667 2200.02488322
-338.202366403 426.809410433 2238.14967121
-124.293051201 1144.7437061 2167.419046
-290.043419202 725.061418977 1678.03399236
-206.774370949 838.71146256 2244.19397299
-239.989397985 476.918070468 2072.03234552
-155.675080842 794.225716906 2142.2747406
-344.075922966 162.923045991 2051.27264872
-121.641091362 1246.34573938 2183.29382504
-391.222347245 402.476745496 2086.86441306
-216.4904558 1285.28401322 2223.36760943
-192.468857036 350.184419099 2183.48651042
-146.450071966 936.681753652 2319.31781871
-187.186172888 616.00243188 2174.88912247
-102.800384262 845.083477169 2121.28720317
-218.606772123 553.853036705 2265.35142878
-279.136578529 356.494979633 1309.42741548
-319.813441534 627.833826694 1808.58359323
-390.448853269 918.773098166 2182.59666393
-308.179895945 487.892504547 2240.13978308
-105.233214258 754.571007004 2319.5886461
-533.174922139 831.310204021 2285.80943768
-201.615900966 834.609963703 2265.16101487
-255.944068325 658.676402372 2217.95481195
-194.157368814 552.589656449 2239.76847406
-211.967508116 399.803855085 2248.97537971
-169.219264748 1109.8998251 2365.99765102
-417.550680901 1057.86867705 1864.89330942
-137.439018406 799.650000718 2241.60783033
-243.122727165 394.745936852 2183.11873103
-218.89018858 691.797557061 2178.45989535
-232.402126955 447.388998308 2278.19052479
-650.015626438 877.045253174 2369.99757481
-519.42164262 551.398079374 2301.28217877
-275.841671057 793.063128912 2182.55253109
-144.408200631 669.318904802 2325.0535779
-63.9244372062 910.229473289 1856.20979436
-636.157787995 298.455766531 1902.58520676
-185.626491467 652.976711786 1835.8047063
-98.4972682412 1111.85581098 1839.414405
-149.126808913 669.123274883 2281.74706985
-397.06532993 608.472785518 2308.87981728
-162.081078236 676.758405174 1814.79661965
-252.134971098 971.203872512 2286.44605894
-137.446068886 763.401910728 2267.14660944
-265.660665705 470.789428933 1749.39242767
-226.539920358 326.797038151 1780.69200333
-198.307499117 642.479798241 2283.85965151
-164.075815952 748.780089355 2313.54391304
-352.835033777 993.601987185 2261.99854764
-208.232616344 602.220661135 2329.8991983
-296.276118806 386.191974064 1835.57654441
-264.94797291 579.705098521 2279.09727211
-188.67856246 1040.81562672 2320.37449383
-259.339211475 1134.11990368 2305.56160087
-206.632967491 466.718074857 2281.37281499
-503.15612343 434.120664834 1865.62605948
-199.993966357 840.099965393 2308.38787554
-257.93946912 841.769681792 2177.01323032
-114.647360093 591.83847172 1864.46567415
-327.673176511 1011.80609801 2285.0581087
-156.200726252 852.323776115 2291.43251334
-58.5486072134 1416.31316897 2389.59361833
-174.232301973 1442.70392495 2374.53244879
-284.346400048 813.370968063 2258.44386128
-192.806344346 325.506950462 1330.20390899
-204.468451097 840.946829344 2259.38486938
-486.378621494 735.970068509 2360.32110521
-456.022641596 560.183307895 2317.56111667
-169.104250883 982.03799971 1902.57870867
-212.196391487 856.735730708 2265.96384854
