0.2768 0.32008 0.4768
0.2568 0.37396 0.6
0.21 0.3728 0.5648
0.2216 0.36604 0.4996
0.2384 0.3432 0.4344
0.2708 0.36404 0.5012
0.25 0.41512 0.6
0.1956 0.42156 0.6
0.2344 0.33372 0.3968
0.2784 0.37024 0.4684
0.24 0.32172 0.4732
0.3256 0.37956 0.4732
0.2524 0.31556 0.3884
0.2436 0.30448 0.4004
0.2104 0.29888 0.3568
0.2256 0.31528 0.4136
0.248 0.31136 0.364
0.2076 0.27188 0.3324
0.2448 0.32228 0.3832
0.232 0.31472 0.3888
0.1928 0.2824 0.3732
0.212 0.27772 0.3396
0.236 0.32864 0.3772
0.2104 0.30568 0.3828
0.2388 0.27796 0.3448
0.186 0.28924 0.4316
0.2268 0.29612 0.362
0.2584 0.31272 0.412
0.2172 0.30852 0.4408
0.2488 0.29588 0.3988
0.2132 0.28364 0.3612
0.2376 0.30284 0.3696
0.2184 0.29196 0.3476
0.258 0.31724 0.3992
0.2304 0.31416 0.4056
0.2588 0.31584 0.4456
0.2132 0.2924 0.4056
0.2292 0.3012 0.3612
0.2392 0.3154 0.3824
0.252 0.31704 0.5032
0.2564 0.3126 0.3728
0.2408 0.28912 0.3456
0.2048 0.31428 0.4332
0.2168 0.30644 0.3936
0.2628 0.32484 0.482
0.254 0.31304 0.3784
0.2504 0.32356 0.5772
0.25 0.30716 0.388
0.2456 0.32672 0.4052
0.2436 0.30812 0.3628
0.26 0.33724 0.4888
0.2628 0.32644 0.4148
0.2492 0.3076 0.3816
0.216 0.31208 0.4572
0.2552 0.30344 0.356
0.2392 0.30368 0.4808
0.2348 0.3428 0.5544
0.2904 0.34156 0.4348
0.2636 0.30604 0.4396
0.254 0.32804 0.4072
0.2052 0.30428 0.3956
0.266 0.34284 0.4852
0.2472 0.31496 0.3728
0.2728 0.34792 0.5808
0.2888 0.37376 0.5188
0.2724 0.36144 0.6
0.3004 0.35688 0.4372
0.2872 0.32792 0.4136
0.296 0.38552 0.5372
0.2688 0.32336 0.424
0.2636 0.33664 0.4108
0.2528 0.31152 0.376
0.2592 0.28796 0.3256
0.2372 0.26936 0.2984
0.2792 0.3194 0.4196
0.22 0.27684 0.366
0.228 0.2862 0.3276
0.24 0.29484 0.4144
0.2552 0.30488 0.362
0.2192 0.2814 0.3496
0.2252 0.288 0.3244
0.2372 0.29592 0.3588
0.258 0.31364 0.3536
0.2196 0.27964 0.3252
0.2104 0.29424 0.3636
0.2672 0.30704 0.3748
0.2788 0.33996 0.4636
0.234 0.29668 0.4032
0.2552 0.29904 0.3712
0.25 0.30812 0.3824
0.2472 0.30432 0.386
0.25 0.28864 0.3268
0.2516 0.3202 0.3844
0.228 0.26816 0.3348
0.2224 0.25968 0.3208
0.236 0.26876 0.2988
0.2036 0.25628 0.3076
0.2136 0.26372 0.3228
0.2136 0.2614 0.316
0.2276 0.2576 0.296
0.2288 0.25628 0.3028
0.1884 0.25868 0.2892
0.2052 0.2558 0.352
0.2116 0.25944 0.322
0.204 0.24412 0.2812
0.2108 0.25504 0.3208
0.1848 0.2304 0.256
0.2136 0.2478 0.316
0.2176 0.26556 0.3252
0.1736 0.25352 0.2996
0.2204 0.25752 0.2924
0.2376 0.27152 0.3448
0.2208 0.25716 0.2788
0.2492 0.27856 0.3208
0.2404 0.27272 0.3368
0.2144 0.27748 0.3712
0.2548 0.2808 0.3196
0.184 0.25192 0.2932
0.2416 0.26304 0.2944
0.22 0.28012 0.346
0.218 0.25308 0.2996
0.2404 0.28016 0.3224
0.2212 0.27772 0.3208
0.2492 0.27276 0.3048
0.2392 0.27324 0.322
0.2376 0.2642 0.286
0.2436 0.2728 0.3104
0.2248 0.27492 0.3096
0.2344 0.27004 0.3016
0.2308 0.27584 0.3228
0.2268 0.26412 0.3236
0.226 0.27748 0.3652
0.2304 0.25636 0.3036
0.2476 0.2666 0.2984
0.224 0.2582 0.3056
0.2108 0.26248 0.296
0.2212 0.25264 0.2904
0.2356 0.25636 0.3164
0.1952 0.24016 0.346
0.2108 0.2354 0.2528
0.2092 0.24768 0.3096
0.2156 0.23852 0.2928
0.212 0.23944 0.266
0.2136 0.24836 0.3208
0.2092 0.23456 0.2704
0.2112 0.244 0.278
0.1968 0.2394 0.2832
0.1892 0.2314 0.2756
0.1992 0.23792 0.266
0.2124 0.23204 0.2532
0.2164 0.24652 0.284
0.2156 0.2506 0.3012
0.2148 0.24476 0.2784
0.2036 0.25436 0.2972
0.2052 0.24512 0.2928
0.1996 0.25124 0.3128
0.2132 0.23844 0.2592
0.1928 0.234 0.2612
0.1972 0.22444 0.284
0.2048 0.23812 0.2664
0.21 0.23772 0.272
0.1968 0.23324 0.2972
0.2 0.23096 0.3092
0.196 0.22964 0.2624
0.214 0.2352 0.264
0.194 0.2336 0.2736
0.1984 0.22672 0.2612
0.2048 0.2274 0.2476
0.2132 0.23564 0.2592
0.2008 0.23244 0.2904
0.2092 0.2388 0.2988
0.2148 0.24516 0.2888
0.2028 0.24592 0.2848
0.22 0.24676 0.2864
0.1988 0.23388 0.264
0.2092 0.24804 0.3016
0.1916 0.23232 0.2892
0.208 0.2464 0.2936
0.2092 0.22604 0.2524
0.1984 0.23928 0.268
0.2012 0.2308 0.2876
0.1892 0.227 0.2944
0.2176 0.25232 0.2944
0.2112 0.24004 0.314
0.208 0.24868 0.3104
0.2112 0.24244 0.2932
0.2188 0.25052 0.2948
0.2032 0.23232 0.2552
0.2164 0.24916 0.2744
0.2104 0.25012 0.2784
0.2036 0.23428 0.2896
0.1972 0.2374 0.2924
0.2192 0.25152 0.2912
0.2032 0.24164 0.2724
0.2044 0.24648 0.2768
0.2236 0.24552 0.286
0.1884 0.23192 0.2756
0.1944 0.23764 0.3044
0.206 0.2408 0.284
0.206 0.23244 0.2588
0.1952 0.23148 0.2748
0.2268 0.26172 0.3048
0.2208 0.24604 0.2768
0.2244 0.25684 0.3068
0.2252 0.24808 0.2804
0.2172 0.24188 0.282
0.2192 0.24028 0.252
0.2112 0.24152 0.292
0.2008 0.23448 0.2672
0.2236 0.24728 0.2928
0.2012 0.24576 0.272
0.2068 0.22908 0.258
0.2188 0.23636 0.2592
0.2424 0.26744 0.2832
0.2248 0.2534 0.2912
0.2176 0.25704 0.3216
0.2268 0.26236 0.3104
0.2228 0.24548 0.2832
0.2284 0.26264 0.2896
0.21 0.26064 0.2916
0.23 0.253 0.2904
0.2356 0.2638 0.2824
0.2052 0.25072 0.2712
0.2276 0.27232 0.3268
0.2204 0.24144 0.274
0.2296 0.24864 0.2724
0.2284 0.25264 0.274
0.2264 0.2472 0.266
0.2272 0.24764 0.2684
0.2212 0.25424 0.2944
0.216 0.24476 0.2756
0.2296 0.26008 0.3044
0.216 0.241 0.2584
0.2176 0.24728 0.2824
0.2068 0.24444 0.2912
0.202 0.2482 0.2768
0.2256 0.24576 0.264
0.2404 0.26012 0.2852
0.2016 0.25276 0.2836
0.2072 0.23768 0.2624
0.2192 0.24556 0.304
0.2256 0.24884 0.2844
0.2116 0.23788 0.26
0.214 0.2512 0.2968
0.2184 0.24888 0.2904
0.2032 0.2418 0.2732
0.2272 0.25144 0.2724
0.2132 0.242 0.282
0.2264 0.24496 0.264
0.2356 0.266 0.3216
0.2268 0.2612 0.2812
0.2264 0.2604 0.2864
0.2208 0.25144 0.2736
0.2264 0.26368 0.3072
0.226 0.26276 0.326
0.2192 0.25804 0.31
0.2188 0.2482 0.2816
0.23 0.25656 0.304
0.234 0.26928 0.2964
0.218 0.24948 0.27
0.2208 0.25336 0.2904
0.1976 0.25512 0.2944
0.2076 0.25168 0.2892
0.2012 0.25228 0.3104
0.2264 0.2476 0.2644
0.1876 0.2388 0.2768
0.2236 0.24812 0.2828
0.216 0.2368 0.2556
0.2012 0.2368 0.2656
0.2304 0.24848 0.2724
0.196 0.22676 0.272
0.206 0.22656 0.242
0.1996 0.22464 0.2572
0.186 0.22192 0.2488
0.22 0.23112 0.2544
0.2016 0.23488 0.2588
0.212 0.23628 0.2712
0.2004 0.25088 0.294
0.2108 0.23672 0.2552
0.214 0.2442 0.2868
0.2012 0.23944 0.2708
0.1952 0.23288 0.2588
0.1956 0.23368 0.298
0.2272 0.24076 0.26
0.2072 0.23916 0.256
0.2124 0.23248 0.2584
0.2032 0.23832 0.2572
0.2176 0.2368 0.2772
0.2048 0.23436 0.26
0.2048 0.23328 0.2604
0.2152 0.23032 0.266
0.206 0.23096 0.2628
0.2032 0.23352 0.2664
0.2092 0.22684 0.2736
0.206 0.2224 0.2372
0.1888 0.22512 0.2596
0.2072 0.22896 0.2572
0.2072 0.22716 0.2476
0.2028 0.21888 0.2364
0.2224 0.24056 0.2556
0.1992 0.22052 0.2564
0.2092 0.23704 0.2696
0.1956 0.2272 0.2692
0.1996 0.22192 0.2756
0.2112 0.22728 0.2492
0.22 0.23988 0.2628
0.196 0.22052 0.246
0.2044 0.22384 0.258
0.1964 0.22652 0.2772
0.194 0.22616 0.2584
0.2024 0.23804 0.2912
0.1932 0.21744 0.266
0.2068 0.22792 0.2584
0.2352 0.24528 0.2648
0.2148 0.2384 0.2844
0.2052 0.22788 0.2484
0.2052 0.22696 0.264
0.2172 0.23884 0.2808
0.2164 0.2402 0.2708
0.2 0.2286 0.2584
0.1972 0.22384 0.2556
0.21 0.22988 0.2556
0.1856 0.22944 0.2568
0.2048 0.23904 0.2812
0.1984 0.23396 0.2552
0.2076 0.24708 0.2792
0.208 0.2398 0.2632
0.2104 0.24976 0.2936
0.2084 0.24164 0.2684
0.2156 0.24308 0.286
0.2264 0.25108 0.2856
0.2228 0.24616 0.2772
0.2304 0.24708 0.2648
0.224 0.25096 0.272
0.21 0.25096 0.2876
0.2268 0.25824 0.3008
0.2388 0.2664 0.3212
0.2416 0.261 0.284
0.2168 0.2476 0.2716
0.2136 0.25024 0.2964
0.2336 0.25348 0.2896
0.2084 0.261 0.3108
0.238 0.25468 0.3032
0.2336 0.2594 0.2756
0.234 0.25868 0.2916
0.2268 0.268 0.3268
0.2248 0.2618 0.3232
0.234 0.27024 0.3292
0.2216 0.25532 0.28
0.2232 0.26184 0.3036
0.2184 0.26416 0.3352
0.2024 0.25124 0.2852
0.2344 0.26248 0.3084
0.2144 0.25916 0.306
0.2248 0.2478 0.2896
0.2108 0.24084 0.266
0.2292 0.24952 0.2776
0.204 0.24384 0.2636
0.224 0.24876 0.2952
0.2 0.23764 0.2992
0.2152 0.24236 0.2812
0.2144 0.24448 0.2884
0.2184 0.24572 0.2988
0.1892 0.2414 0.2728
0.2044 0.24348 0.2728
0.2284 0.24432 0.2728
0.2176 0.2436 0.2684
0.2144 0.23184 0.2516
0.2184 0.24068 0.2632
0.204 0.24736 0.2912
0.2056 0.23788 0.2688
0.2248 0.25496 0.3076
0.1936 0.23248 0.2616
0.2176 0.23856 0.262
0.2056 0.23512 0.2724
0.2108 0.23124 0.2508
0.1956 0.22412 0.2464
0.2092 0.23676 0.2664
0.1868 0.21448 0.2336
0.206 0.22324 0.2396
0.2064 0.22144 0.2396
0.1976 0.2362 0.2884
0.1956 0.22136 0.268
0.1936 0.21212 0.2284
0.21 0.23312 0.268
0.192 0.22592 0.2912
0.1996 0.22404 0.244
0.19 0.21896 0.2412
0.204 0.22244 0.25
0.2088 0.2298 0.264
0.198 0.226 0.254
0.1928 0.22032 0.2584
0.192 0.21884 0.2464
0.1932 0.23224 0.2636
0.2032 0.2302 0.27
0.1944 0.21952 0.2296
0.2012 0.2204 0.254
0.2068 0.22448 0.2564
0.1924 0.2254 0.2576
0.2128 0.2314 0.2572
0.2036 0.21572 0.2356
0.2116 0.22988 0.2568
0.1892 0.23056 0.2596
0.2064 0.23532 0.2564
0.206 0.2286 0.2528
0.218 0.23572 0.2756
0.2036 0.2242 0.2668
0.2036 0.23548 0.2688
0.23 0.2536 0.2828
0.2028 0.2368 0.2564
0.2228 0.24228 0.2628
0.2184 0.238 0.2588
0.2168 0.23572 0.2604
0.2196 0.23868 0.2544
0.2168 0.2382 0.2628
0.2096 0.238 0.2748
0.2132 0.2362 0.268
0.2252 0.23852 0.2508
0.228 0.25332 0.284
0.2024 0.23336 0.262
0.2192 0.23556 0.264
0.2076 0.23508 0.2692
0.2012 0.23796 0.2856
0.2004 0.22272 0.2384
0.2104 0.23116 0.2456
0.2064 0.23384 0.2804
0.2048 0.22548 0.2464
0.2168 0.23304 0.2452
0.2164 0.23724 0.264
0.2156 0.23312 0.2548
0.202 0.23468 0.286
0.2128 0.22672 0.2496
0.196 0.23528 0.2736
0.2028 0.2268 0.2576
0.2068 0.2298 0.2584
0.204 0.23216 0.2664
0.2088 0.24812 0.28
0.216 0.24556 0.2616
0.2296 0.25688 0.2812
0.2204 0.24748 0.272
0.2276 0.25396 0.2796
0.2088 0.23972 0.2736
0.2156 0.24076 0.2712
0.2236 0.24024 0.2592
0.2168 0.23568 0.2764
0.2288 0.2458 0.2852
0.2364 0.25396 0.2744
0.2124 0.24072 0.268
0.2056 0.24168 0.2636
0.2176 0.23696 0.266
0.2096 0.22748 0.2512
0.206 0.23332 0.2768
0.2116 0.23156 0.2632
0.21 0.23824 0.28
0.2116 0.2266 0.24
0.202 0.23632 0.2632
0.2044 0.229 0.2564
0.1952 0.22868 0.2588
0.2 0.23252 0.26
0.204 0.22716 0.2468
0.1936 0.23116 0.27
0.2 0.23568 0.2864
0.2152 0.23444 0.2588
0.2016 0.23224 0.2544
0.2064 0.22412 0.2372
0.1936 0.22172 0.2468
0.2064 0.22604 0.2584
0.1936 0.22768 0.272
0.2112 0.22668 0.2456
0.2048 0.23076 0.2616
0.2096 0.2252 0.256
0.2096 0.22448 0.246
0.2076 0.22988 0.2556
0.204 0.21848 0.2344
0.2 0.22736 0.246
0.2008 0.21432 0.2364
0.2032 0.22004 0.2392
0.1972 0.21856 0.238
0.1996 0.22224 0.2572
0.1888 0.21588 0.246
0.1964 0.2218 0.2448
0.2092 0.23844 0.2624
0.1916 0.21024 0.2284
0.212 0.22976 0.2516
0.2048 0.22056 0.2432
0.2108 0.23536 0.2508
0.2116 0.23112 0.244
0.2056 0.23112 0.2576
0.2064 0.22648 0.25
0.2056 0.22404 0.2464
0.2052 0.22688 0.2388
0.2088 0.22704 0.254
0.1916 0.22148 0.2548
0.1904 0.22248 0.2456
0.22 0.23264 0.2616
0.2144 0.23008 0.2468
0.2032 0.2274 0.252
0.2048 0.22628 0.2468
0.214 0.23488 0.264
0.212 0.23496 0.2548
0.19 0.22932 0.2444
0.2192 0.24144 0.268
0.2076 0.2378 0.28
0.2096 0.23592 0.2704
0.2084 0.23088 0.2536
0.2112 0.2378 0.2532
0.2104 0.2314 0.2512
0.2164 0.23492 0.256
0.2088 0.229 0.2436
0.2064 0.22864 0.2612
0.2144 0.22864 0.2504
0.2076 0.23808 0.284
0.1972 0.22016 0.2564
0.196 0.21708 0.2388
0.1916 0.22448 0.2652
0.206 0.23304 0.2568
0.1928 0.2064 0.226
0.1872 0.2174 0.252
0.188 0.224 0.2676
0.19 0.21684 0.2372
0.1816 0.21844 0.262
0.1964 0.20936 0.2224
0.1872 0.21016 0.2416
0.1872 0.2136 0.25
0.1968 0.21112 0.2336
0.2 0.21168 0.2312
0.2008 0.21212 0.2404
0.186 0.21068 0.24
0.1964 0.21176 0.2336
0.1832 0.2132 0.2448
0.2052 0.21792 0.2288
0.1952 0.224 0.2504
0.1992 0.2156 0.2368
0.198 0.22056 0.234
0.2008 0.21152 0.2212
0.1944 0.21424 0.228
0.2008 0.22024 0.2624
0.1996 0.21752 0.2492
0.1964 0.218 0.2528
0.1896 0.21032 0.2288
0.2008 0.21544 0.2364
0.1856 0.21188 0.2336
0.1956 0.21556 0.2332
0.1944 0.20784 0.2272
0.1836 0.21692 0.2532
0.1968 0.2158 0.2308
0.1996 0.21344 0.2232
0.2104 0.22652 0.2564
0.186 0.21356 0.2428
0.196 0.21816 0.2388
0.1928 0.20716 0.2232
0.202 0.22248 0.2496
0.1868 0.21476 0.2512
0.1804 0.21612 0.2416
0.1828 0.20892 0.2312
0.1836 0.20128 0.2232
0.1912 0.20788 0.248
0.1824 0.20272 0.2152
0.1828 0.2056 0.2292
0.1784 0.20208 0.2324
0.1828 0.2062 0.2328
0.1924 0.211 0.23
0.1888 0.21416 0.2656
0.1872 0.20728 0.2228
0.186 0.212 0.2376
0.1896 0.21004 0.2404
0.1836 0.2094 0.2452
0.19 0.20564 0.2188
0.18 0.21248 0.2284
0.1812 0.20784 0.2296
0.1992 0.21204 0.2364
0.1884 0.2082 0.2236
0.1856 0.20408 0.2292
0.1908 0.2184 0.2424
0.1964 0.21308 0.228
0.186 0.2048 0.2196
0.1912 0.20196 0.2216
0.184 0.2022 0.24
0.1876 0.2114 0.2356
0.1872 0.21272 0.2328
0.1876 0.20268 0.2188
0.1912 0.20616 0.2284
0.1852 0.20628 0.2304
0.1716 0.20264 0.2228
0.1828 0.19948 0.2084
0.19 0.2048 0.2168
0.184 0.20188 0.216
0.196 0.20716 0.222
0.1812 0.2022 0.2204
0.19 0.20468 0.2144
0.1816 0.19968 0.2184
0.1916 0.20564 0.2208
0.1868 0.20048 0.2248
0.19 0.20156 0.2184
0.1824 0.19932 0.212
0.1812 0.19868 0.2064
0.174 0.19568 0.2076
0.19 0.20132 0.2164
0.1816 0.19928 0.2248
0.1892 0.20052 0.2204
0.1828 0.19568 0.2144
0.1692 0.19316 0.2184
0.1884 0.2028 0.224
0.1752 0.18892 0.2136
0.17 0.19088 0.2264
0.1708 0.19144 0.2132
0.17 0.18436 0.2092
0.1628 0.18324 0.204
0.1744 0.18804 0.1968
0.1796 0.19408 0.2048
0.1776 0.18588 0.2016
0.1644 0.18448 0.1988
0.1732 0.18692 0.202
0.166 0.1858 0.1996
0.1756 0.19088 0.2088
0.172 0.19516 0.2128
0.176 0.19032 0.2064
0.1668 0.18736 0.1976
0.1764 0.1904 0.2016
0.1788 0.19676 0.212
0.1756 0.20232 0.2228
0.1728 0.18732 0.2028
0.1728 0.18652 0.2036
0.1784 0.19312 0.208
0.1752 0.189 0.2116
0.1808 0.18668 0.202
0.1836 0.19068 0.202
0.1728 0.18704 0.2028
0.17 0.18504 0.198
0.168 0.1834 0.2012
0.168 0.18684 0.2
0.1708 0.18488 0.1944
0.1668 0.18104 0.1976
0.1672 0.18228 0.202
0.1752 0.18496 0.1968
0.1684 0.18144 0.196
0.1688 0.18768 0.2048
0.1764 0.1926 0.2112
0.1752 0.18768 0.2048
0.1796 0.19384 0.2108
0.1764 0.18656 0.2012
0.1772 0.18716 0.1956
0.1792 0.1926 0.204
0.1684 0.18672 0.1992
0.1692 0.19124 0.2076
0.1648 0.18704 0.1972
0.1748 0.1938 0.2148
0.1796 0.19144 0.2152
0.1684 0.1918 0.2124
0.1748 0.18944 0.2088
0.1716 0.18928 0.2008
0.1732 0.1902 0.2076
0.18 0.19184 0.2052
0.1712 0.18148 0.1964
0.174 0.18732 0.2056
0.1724 0.18696 0.206
0.1732 0.19188 0.2076
0.172 0.18508 0.2052
0.1696 0.18676 0.2012
0.1756 0.18468 0.198
0.166 0.1804 0.2032
0.174 0.1868 0.2044
0.1632 0.18376 0.1944
0.174 0.18404 0.196
0.1644 0.18296 0.2012
0.1696 0.18464 0.192
0.1628 0.178 0.1904
0.1692 0.182 0.188
0.1636 0.18124 0.2028
0.1632 0.18172 0.198
0.1676 0.1778 0.1884
0.1728 0.18024 0.1964
0.1712 0.18104 0.1948
0.168 0.18432 0.1996
0.1684 0.18264 0.194
0.1708 0.18068 0.1964
0.1652 0.1822 0.2008
0.166 0.17944 0.1992
0.166 0.17632 0.1856
0.1644 0.1782 0.2
0.1644 0.17316 0.1832
0.1604 0.1784 0.2048
0.1652 0.17304 0.1812
