-8219.76754013 -8167.25939629 -8128.70935308
-8220.24056872 -8158.83410803 -8071.27757865
-8253.54318172 -8176.75875706 -8030.58334103
-8293.27934038 -8180.25950948 -8035.01116359
-8290.82604172 -8182.61211513 -8148.32333686
-8166.05474767 -8145.74764134 -8125.72875772
-8250.05152356 -8168.24652554 -8133.77686519
-8207.53380889 -8160.03546339 -8132.16386562
-8340.87891335 -8176.60890668 -8133.47614624
-8175.72844555 -8159.02356904 -8127.86643955
-8181.46207248 -8148.46679186 -8120.83323384
-8209.54073001 -8159.79668931 -8143.31452362
-8220.57300175 -8163.65452149 -8135.61191326
-8216.14591301 -8158.23834909 -8134.52067515
-8192.45412626 -8151.10234835 -8121.5939313
-8172.28237177 -8147.79152935 -8114.44572892
-8184.6404658 -8148.07359937 -8125.58224762
-8175.93499895 -8154.28515859 -8130.69295015
-8261.36534615 -8172.58204323 -8117.83948202
-8231.91815272 -8158.104391 -8119.05396409
-8246.91139692 -8150.61743931 -8107.91714311
-8187.43937341 -8143.10983405 -8118.51248557
-8187.96619551 -8139.70997183 -8114.05750109
-8159.99943602 -8142.22879146 -8123.08371295
-8170.24855801 -8141.08868902 -8109.16361831
-8165.7124822 -8138.25388324 -8116.71592067
-8266.96648108 -8152.03146662 -8121.38885145
-8180.34029293 -8131.61556 -8107.33092089
-8184.03500979 -8132.23214346 -8101.74604971
-8179.3384996 -8137.38399036 -8114.54407494
-8208.82860134 -8140.54410598 -8097.56349979
-8169.42206808 -8131.7595748 -8114.72025683
