0.06384 0.064872 0.06592
0.06392 0.064908 0.06608
0.06356 0.064916 0.0658
0.06504 0.06564 0.06636
0.064 0.065252 0.06656
0.0648 0.065272 0.0662
0.0644 0.065556 0.0666
0.06504 0.065696 0.06656
0.06424 0.065664 0.0672
0.06492 0.066152 0.0666
0.0654 0.066456 0.06732
0.065 0.066176 0.06724
0.06532 0.0663 0.06748
0.06596 0.066628 0.06764
0.066 0.066852 0.06752
0.06652 0.067092 0.06804
0.06596 0.066828 0.0682
0.06604 0.067164 0.06856
0.06632 0.0675 0.06904
0.06688 0.067772 0.06868
0.06724 0.067896 0.06872
0.06708 0.067808 0.06904
0.06644 0.068104 0.06884
0.06668 0.068168 0.0696
0.06772 0.068744 0.06996
0.06752 0.068144 0.0688
0.06772 0.068952 0.07012
0.068 0.069388 0.07164
0.0674 0.068672 0.06964
0.06828 0.069192 0.07036
0.06852 0.069508 0.07076
0.06824 0.069392 0.07076
0.06788 0.06942 0.07084
0.0676 0.069236 0.07064
0.06812 0.06934 0.0706
0.06836 0.069592 0.07068
0.06944 0.069848 0.07112
0.06872 0.069512 0.07072
0.06836 0.069752 0.071
0.06904 0.069792 0.07076
0.0688 0.06954 0.07092
0.06884 0.070164 0.07172
0.06916 0.0706 0.07164
0.06868 0.069616 0.07116
0.06796 0.06974 0.07096
0.06816 0.069264 0.0702
0.0688 0.069696 0.07092
0.06828 0.069752 0.0712
0.06924 0.070192 0.07096
0.06788 0.069736 0.07112
0.06772 0.069944 0.07196
0.0684 0.069272 0.07044
0.06792 0.069332 0.07068
0.06852 0.06948 0.07024
0.0686 0.07016 0.07136
0.069 0.07018 0.07136
0.06824 0.06944 0.07048
0.06756 0.069932 0.07104
0.06852 0.0698 0.07164
0.06756 0.069344 0.0708
0.06864 0.069632 0.07112
0.06848 0.06954 0.07096
0.06784 0.069964 0.07148
0.06856 0.069648 0.07148
0.069 0.070532 0.07232
0.06852 0.070408 0.07156
0.06912 0.0702 0.07136
0.06872 0.069408 0.07032
0.0686 0.069568 0.07084
0.06832 0.06952 0.07032
0.06844 0.069532 0.0706
0.06924 0.07016 0.07108
0.06896 0.070176 0.07164
0.06932 0.07008 0.071
0.0686 0.069636 0.0704
0.06828 0.07002 0.0712
0.06804 0.069564 0.0712
0.06864 0.07016 0.07176
0.0678 0.068956 0.07024
0.06856 0.069428 0.07004
0.06792 0.069436 0.07104
0.06768 0.069708 0.071
0.06816 0.069192 0.07024
0.06868 0.06972 0.07152
0.06772 0.069036 0.07044
0.06832 0.069604 0.07092
0.06828 0.069712 0.07076
0.0684 0.069776 0.072
0.06764 0.069628 0.07108
0.0694 0.070048 0.07088
0.06924 0.070316 0.0724
0.06928 0.070312 0.07148
0.0688 0.070088 0.07124
0.06824 0.069996 0.07152
0.06804 0.069976 0.072
0.06924 0.069968 0.07072
0.06868 0.07 0.07128
0.06848 0.069468 0.07116
0.06824 0.069804 0.07136
0.06824 0.069516 0.071
0.06836 0.069452 0.0706
0.0682 0.06938 0.07076
0.06888 0.06998 0.0708
0.06892 0.069636 0.07072
0.06856 0.069464 0.07088
0.06904 0.06994 0.07076
0.0688 0.069796 0.07076
0.06816 0.069228 0.06968
0.0688 0.070032 0.07128
0.06768 0.069204 0.06976
0.06844 0.06966 0.07112
0.06828 0.069324 0.0702
0.06772 0.069484 0.07088
0.069 0.069932 0.07116
0.0682 0.069836 0.07104
0.06724 0.069244 0.07056
0.06864 0.069388 0.07048
0.06848 0.069592 0.07052
0.06784 0.069288 0.0714
0.06888 0.06966 0.0706
0.068 0.069364 0.0702
0.06764 0.069188 0.07084
0.06836 0.069436 0.07204
0.0686 0.069204 0.07052
0.06788 0.069072 0.06992
0.06836 0.069432 0.07044
0.069 0.069868 0.07164
0.06716 0.06892 0.07032
0.06668 0.068984 0.07012
0.06788 0.069464 0.0704
0.06852 0.069688 0.07076
0.06876 0.069564 0.07092
0.0676 0.069108 0.07048
0.06784 0.06892 0.07004
0.068 0.069084 0.07024
0.06868 0.069608 0.07088
0.06824 0.069372 0.0706
0.06812 0.069548 0.07092
0.06788 0.069656 0.07192
0.0676 0.069592 0.07048
0.06936 0.07012 0.07092
0.06828 0.070024 0.07104
0.06848 0.069736 0.07108
0.06784 0.069356 0.07068
0.06804 0.069336 0.07056
0.0684 0.069972 0.07124
0.06876 0.069952 0.0706
0.06868 0.06954 0.07124
0.06844 0.069416 0.07048
0.06868 0.06964 0.07124
0.06892 0.069952 0.071
0.06812 0.06944 0.07164
0.06868 0.069944 0.07088
0.06844 0.069668 0.0714
0.06844 0.06984 0.0708
0.06824 0.069576 0.07064
0.06792 0.069188 0.07036
0.06832 0.069372 0.0708
0.06836 0.069676 0.07056
0.06832 0.06962 0.07096
0.06788 0.069428 0.0708
0.06836 0.069256 0.07016
0.0682 0.069408 0.07056
0.06872 0.070068 0.07148
0.06836 0.069436 0.07132
0.06816 0.0697 0.07164
0.0682 0.06936 0.07072
0.06916 0.069856 0.07048
0.06848 0.06942 0.06992
0.06796 0.069588 0.07132
0.06828 0.069648 0.07116
0.06812 0.069644 0.07136
0.06872 0.069588 0.07084
0.06716 0.069696 0.07124
0.06852 0.070036 0.07108
0.069 0.069944 0.07212
0.06824 0.069744 0.071
0.06912 0.070088 0.07164
0.06804 0.069968 0.0718
0.06788 0.06942 0.07032
0.06792 0.069312 0.07052
0.06844 0.069604 0.0706
0.06832 0.069768 0.0708
0.06868 0.069548 0.07028
0.06792 0.06914 0.0704
0.06732 0.068832 0.06988
0.06812 0.069432 0.07024
0.0684 0.06984 0.07084
0.06788 0.069308 0.07056
0.06804 0.06928 0.071
0.0682 0.06942 0.07128
0.06916 0.069912 0.07064
0.06832 0.069644 0.071
0.0682 0.06938 0.07072
0.06932 0.069888 0.07116
0.0676 0.0691 0.07048
0.06816 0.0696 0.07072
0.06804 0.069348 0.07044
0.06844 0.069504 0.07152
0.06796 0.06938 0.07044
0.06836 0.069176 0.07048
0.06824 0.069208 0.0702
0.06812 0.069448 0.07124
0.0682 0.069424 0.07176
0.06836 0.069464 0.07048
0.06836 0.069416 0.07096
0.06848 0.069628 0.07156
0.0684 0.069536 0.07068
0.06796 0.0696 0.07056
0.06808 0.069648 0.07156
0.06932 0.069908 0.07064
0.068 0.069308 0.07084
0.06808 0.069724 0.07156
0.06828 0.069252 0.07036
0.06888 0.069676 0.07056
0.06804 0.069644 0.07076
0.06868 0.06958 0.07056
0.06768 0.069724 0.07148
0.06824 0.069852 0.0716
0.069 0.069596 0.07108
0.06804 0.069512 0.07052
0.06856 0.069436 0.07012
0.06848 0.069964 0.07124
0.06836 0.06966 0.07084
0.068 0.069584 0.07068
0.0692 0.069816 0.07084
0.06844 0.06986 0.07108
0.06828 0.069876 0.07276
0.06908 0.070196 0.07128
0.068 0.06918 0.0704
0.06828 0.069536 0.0712
0.06812 0.06952 0.07032
0.06876 0.06982 0.07128
0.06768 0.069636 0.07116
0.06888 0.069784 0.07124
0.0678 0.069764 0.07128
0.068 0.069944 0.07184
0.06792 0.070276 0.0712
0.06804 0.069864 0.07128
0.06892 0.069908 0.0714
0.06836 0.070124 0.0718
0.06816 0.069748 0.07116
0.06856 0.069624 0.07116
0.06876 0.069964 0.07144
0.0678 0.06918 0.07048
0.06856 0.069612 0.0714
0.06828 0.069936 0.07128
0.06864 0.069612 0.071
0.06844 0.069396 0.07096
0.06832 0.069336 0.07016
0.06752 0.069604 0.07164
0.06836 0.069644 0.07128
0.06696 0.069212 0.07084
0.06812 0.069016 0.07
0.06784 0.068708 0.07004
0.06844 0.069636 0.0704
0.06816 0.069796 0.072
0.06768 0.068988 0.0704
0.06872 0.069852 0.071
0.068 0.069396 0.07068
0.06804 0.069584 0.0712
0.06892 0.070048 0.0716
0.06764 0.069456 0.07136
0.06736 0.06932 0.07136
0.06832 0.0692 0.07016
0.06836 0.069684 0.0716
0.06828 0.068944 0.06976
0.06808 0.069412 0.07108
0.06868 0.069396 0.0706
0.06904 0.070116 0.07152
0.06796 0.06912 0.07012
0.06812 0.069424 0.07032
0.06676 0.06924 0.07088
0.06772 0.068836 0.0702
0.068 0.06926 0.07032
0.06768 0.068712 0.07
0.0688 0.06974 0.07076
0.06768 0.069 0.07016
0.0688 0.069524 0.07064
0.06772 0.069312 0.07068
0.0682 0.069144 0.07084
0.06864 0.069468 0.07092
0.0686 0.06948 0.07028
0.06816 0.069688 0.0716
0.06784 0.069432 0.07088
0.0684 0.069628 0.07092
0.06872 0.069708 0.07144
0.06804 0.069232 0.07008
0.06772 0.069276 0.0704
0.06744 0.0691 0.07012
0.06784 0.0696 0.07156
0.0692 0.069844 0.0708
0.06884 0.069796 0.071
0.06836 0.069388 0.0702
0.0688 0.069912 0.07112
0.06852 0.069672 0.07092
0.06916 0.069672 0.06996
0.068 0.069552 0.07076
0.06816 0.069716 0.07056
0.0686 0.06964 0.07068
0.06788 0.069924 0.0714
0.06864 0.07004 0.07108
0.06784 0.069492 0.07096
0.06872 0.06924 0.07124
0.06856 0.069816 0.07152
0.06832 0.06978 0.07116
0.06824 0.06974 0.07084
0.06824 0.069372 0.07092
0.06824 0.069316 0.07016
0.06896 0.069724 0.0706
0.06788 0.069052 0.06988
0.06876 0.069468 0.07048
0.06848 0.069412 0.07112
0.06808 0.069284 0.07044
0.0684 0.069336 0.07004
0.0682 0.069272 0.07012
0.06868 0.06954 0.07028
0.06836 0.069416 0.07064
0.06804 0.069456 0.07128
0.06864 0.069532 0.0706
0.06836 0.069564 0.07028
0.06896 0.069912 0.07148
0.06812 0.069824 0.07132
0.06868 0.06986 0.07052
0.0684 0.069156 0.07052
0.0682 0.069308 0.07044
0.0682 0.06968 0.07064
0.06808 0.069724 0.07072
0.06776 0.06922 0.07052
0.0688 0.0694 0.07036
0.06812 0.06932 0.0702
0.06824 0.069732 0.07096
0.06852 0.069768 0.07088
0.06824 0.069252 0.07048
0.068 0.069116 0.07064
0.06696 0.069236 0.07044
0.06796 0.069432 0.0712
0.06824 0.069656 0.07092
0.06836 0.069356 0.07064
0.06764 0.069388 0.07068
0.06884 0.069776 0.0708
0.06796 0.069568 0.0708
0.06784 0.069488 0.07044
0.06868 0.069956 0.0712
0.0694 0.070568 0.07236
0.06812 0.069356 0.07076
0.06848 0.069464 0.07108
0.06832 0.069264 0.07084
0.06768 0.069384 0.07084
0.06892 0.06986 0.07112
0.06796 0.069164 0.07036
0.0688 0.069728 0.07052
0.06756 0.06916 0.07104
0.06904 0.069896 0.07136
0.06884 0.069696 0.07132
0.0684 0.069508 0.07176
0.06856 0.069284 0.07004
0.06824 0.06946 0.07064
0.06836 0.069408 0.0706
0.06876 0.069392 0.07104
0.06884 0.069336 0.07076
0.06828 0.069568 0.07064
0.06888 0.069604 0.07088
0.06868 0.069872 0.07148
0.06896 0.069548 0.0706
0.06844 0.069276 0.07008
0.0676 0.068716 0.07068
0.06844 0.069192 0.06992
0.06804 0.068936 0.0696
0.0682 0.069348 0.0704
0.06824 0.069664 0.07032
0.06784 0.069272 0.07084
0.06848 0.069808 0.07136
0.0684 0.069516 0.07044
0.0682 0.06932 0.07052
0.06832 0.069296 0.07016
0.06768 0.069288 0.07056
0.06836 0.069476 0.07056
0.0684 0.069464 0.07068
0.06856 0.069636 0.0708
0.06888 0.069592 0.07028
0.06928 0.069724 0.07048
0.06836 0.069704 0.07064
0.06836 0.06962 0.0706
0.06848 0.0693 0.07032
0.06868 0.06908 0.07008
0.06864 0.06946 0.07072
0.0688 0.069764 0.07148
0.06812 0.069612 0.07096
0.06876 0.06972 0.07056
0.06896 0.069752 0.07052
0.06784 0.069436 0.0704
0.06824 0.069576 0.07044
0.0682 0.069096 0.0698
0.06784 0.068792 0.06984
0.06828 0.069376 0.0706
0.06772 0.068976 0.0706
0.06772 0.069088 0.07048
0.06804 0.068928 0.06976
0.06804 0.0693 0.07076
0.06844 0.069252 0.0698
0.06824 0.069332 0.07036
0.06748 0.069452 0.0706
0.06776 0.069148 0.07004
0.06868 0.06936 0.07016
0.06868 0.06966 0.07144
0.06772 0.069372 0.07052
0.06804 0.069364 0.07084
0.06792 0.069588 0.07044
0.06808 0.0689 0.07024
0.0684 0.069564 0.07036
0.0682 0.069636 0.0708
0.06756 0.069424 0.07044
0.06752 0.068988 0.07068
0.0684 0.069368 0.07012
0.06792 0.069284 0.07052
0.06768 0.06922 0.07028
0.06764 0.069208 0.07104
0.06844 0.069216 0.07
0.06792 0.06904 0.07092
0.06856 0.06936 0.07008
0.06832 0.069572 0.07052
0.06884 0.07 0.0712
0.06864 0.069324 0.07032
0.06812 0.069248 0.0704
0.06848 0.06924 0.0702
0.06804 0.06932 0.07052
0.06896 0.069808 0.07044
0.06812 0.069216 0.07048
0.06852 0.069516 0.0714
0.06808 0.06946 0.07104
0.06832 0.069592 0.07056
0.0686 0.069544 0.07084
0.06868 0.069608 0.0704
0.06872 0.069372 0.07036
0.06784 0.069388 0.07072
0.0682 0.06924 0.07012
0.06836 0.069344 0.07036
0.06868 0.069512 0.07036
0.06848 0.069392 0.07012
0.06816 0.069016 0.07
0.068 0.068972 0.07092
0.06776 0.068928 0.07012
0.06776 0.068856 0.07008
0.06812 0.068792 0.06976
0.0682 0.069168 0.07
0.06832 0.069232 0.07028
0.06776 0.06932 0.07028
0.06744 0.06876 0.0698
0.06828 0.069044 0.06968
0.06744 0.068728 0.07092
0.0686 0.06942 0.07016
0.06804 0.069896 0.071
0.06708 0.06946 0.07064
0.06772 0.069736 0.071
0.06848 0.069572 0.07104
0.06964 0.070364 0.07112
0.06864 0.06936 0.0706
0.069 0.070068 0.0714
0.069 0.069772 0.07104
0.06804 0.069688 0.07092
0.06904 0.069624 0.07032
0.06916 0.069856 0.07092
0.06888 0.069684 0.07136
0.06832 0.069932 0.07196
0.0688 0.06982 0.07112
0.0688 0.06982 0.071
0.06892 0.069788 0.07076
0.06792 0.069684 0.07188
0.06832 0.069804 0.0714
0.06892 0.06998 0.07104
0.0684 0.0696 0.07144
0.06772 0.069472 0.07112
0.06852 0.06928 0.07072
0.06752 0.069348 0.0706
0.06832 0.069408 0.07016
0.0688 0.069904 0.0708
0.06808 0.069308 0.07032
0.06832 0.069424 0.07084
0.06892 0.069824 0.07128
0.06832 0.069296 0.0702
0.06792 0.06914 0.0702
0.06832 0.06926 0.071
0.06884 0.069572 0.07048
0.06872 0.069596 0.07064
0.06896 0.069868 0.07204
0.06744 0.069072 0.07028
0.06844 0.069768 0.0716
0.06824 0.069584 0.07084
0.06792 0.069472 0.07036
0.06888 0.06932 0.07012
0.06816 0.069316 0.07132
0.06812 0.069256 0.07044
0.06676 0.069032 0.07
0.0684 0.069048 0.07028
0.06808 0.06916 0.07084
0.06832 0.069764 0.07108
0.06884 0.069888 0.07084
0.06792 0.069088 0.07048
0.06816 0.068916 0.07028
0.06764 0.069004 0.0698
0.06668 0.069052 0.0704
0.06704 0.068408 0.07008
0.06748 0.06884 0.0712
0.0686 0.069512 0.07092
0.06812 0.069616 0.071
0.06812 0.069324 0.07032
0.06828 0.068912 0.07008
0.06828 0.069284 0.07088
0.06792 0.069352 0.07028
0.06868 0.069368 0.07052
0.06732 0.068948 0.07024
0.06856 0.069856 0.07116
0.068 0.069072 0.0702
0.06796 0.069072 0.07036
0.06832 0.06934 0.07052
0.0678 0.069552 0.0712
0.06792 0.069324 0.07092
0.06768 0.069028 0.07016
