-39616.2458222 -39122.038441 -38603.9928064
-39842.291201 -39286.0053457 -38698.8904197
-40014.9495741 -39372.1531895 -38774.464373
-39216.7066097 -38762.6024897 -37855.7455298
-40147.1516181 -38909.3652763 -38144.2245679
-39880.01763 -39145.7356986 -38644.9917946
-38977.4082305 -38233.7730495 -37609.7255047
-39056.5162301 -38598.3627339 -37936.2874014
-38982.6371965 -38542.9427424 -37922.2634684
-38245.9793439 -37749.9373656 -37088.2354346
-38442.9344572 -37790.4983159 -37251.182039
-39328.6981339 -37920.6004241 -37212.2537763
-37896.2135284 -37285.103542 -36686.3356475
-37712.8457279 -37150.9923884 -36477.6969368
-38033.4230579 -37430.1221426 -36692.3247573
-37514.7987154 -36966.8957425 -36481.6557481
-37209.2116742 -36996.873476 -36771.7942362
-37892.7465387 -37177.3127321 -36837.0474195
-37935.7693772 -37293.9004791 -36774.1967736
-37959.9369197 -37385.859089 -36866.465789
-37277.456333 -37007.5000651 -36551.441197
-37173.4936973 -36845.0643278 -36520.2784058
-37366.6610003 -36496.4371246 -35967.5576433
-37553.6218958 -36980.066565 -36172.0853297
-37254.4923725 -36615.9496989 -35945.1957166
-37411.3697945 -36865.9585868 -36145.6271189
-37231.1400765 -36956.1492922 -36587.7329573
-36661.8698569 -36192.9311669 -35709.9814987
-37180.8676567 -36701.5074648 -36386.8604509
-36766.8862948 -36541.3832457 -36267.9194167
-36644.8698325 -36258.5554882 -35719.1582299
-36667.9523133 -36228.5868153 -35735.9218149
-36636.4831137 -36280.4931566 -35965.8817438
-36401.8073126 -36063.9572811 -35797.8754595
-36331.8638485 -35853.8917059 -35406.9535459
-36654.0948207 -36193.942248 -35717.0513968
-36306.5441271 -35996.5282269 -35563.4699045
-36260.7342468 -36002.8136976 -35798.1306713
-36864.6736519 -36466.7876022 -36025.8401575
-36522.2333485 -35803.4980033 -35117.4985673
-36880.9866609 -35974.5139033 -35184.7512327
-36565.5561588 -36233.8687645 -35685.2045296
-36810.2423897 -36131.6732419 -35484.5989607
-36377.2121862 -35955.7525023 -35586.7899773
-36324.1857874 -35856.9051173 -35594.4018913
-36237.1401208 -35842.0427164 -35225.8479496
-36390.1183327 -35688.4154367 -35190.953085
-36343.0846078 -35964.6852315 -35599.4827098
-36134.1645894 -35402.063831 -34896.2745561
-36726.619088 -35972.4481939 -35435.5063888
-36241.3214067 -35734.878042 -35370.228167
-35475.5512164 -35078.9533006 -34690.4633167
-36451.1291346 -35502.404934 -35096.4356267
-36198.4597524 -35639.6331533 -35370.2593057
-35882.4653411 -35392.1746782 -35180.1952463
-35761.3812045 -35254.6457495 -34684.1529874
-36040.6505452 -35507.9370504 -35038.9156499
-35658.6749853 -35069.3151038 -34575.0250543
-35218.7459374 -34971.4014043 -34666.2694706
-35691.3361021 -35132.3781346 -34644.9132607
-35609.3433638 -35256.983116 -35010.3569828
-35593.3579151 -35112.6932475 -34455.5212754
-35515.7762788 -35061.9733662 -34826.6934131
-35659.6124895 -35240.6832201 -34887.4895728
-35279.4687148 -34763.6680583 -34364.1323733
-35191.0796109 -34817.4905089 -34454.701332
-34978.665433 -34708.7921098 -34298.236261
-35026.8482452 -34695.3852538 -34185.9028987
-35392.9222564 -34864.6933819 -34134.8945359
-35198.4875973 -34586.1519499 -33563.6317085
-34839.5949239 -34306.4714336 -34084.3862141
-35167.9484837 -34376.6763584 -33776.476251
-34527.6635639 -34096.3110154 -33478.1917103
-34706.5231313 -34226.1237142 -33717.6936861
-34383.2940529 -33969.9418787 -33285.2343626
-34337.8785831 -33706.159222 -33453.7854587
-34490.9920864 -33787.0619389 -33195.9832848
-34161.3476394 -33823.4895038 -32997.024019
-33627.5397879 -33355.2899869 -32840.5516063
-34404.7205862 -33798.7772694 -33266.4782576
-34631.6039457 -33688.1186857 -33217.200625
-33862.6003251 -33527.1682571 -33228.8755479
-34402.3751166 -33965.0747845 -33646.6251591
-34592.078488 -33798.4579216 -33138.8970094
-33830.9323758 -33632.3863314 -33422.8571716
-34124.5385464 -33659.6393722 -33150.1360267
-33966.5292371 -33515.4293659 -33018.0996145
-34305.2741544 -33812.0973025 -33420.5169607
-33628.5516027 -33264.4026224 -32657.3724506
-33829.0112304 -33417.5662474 -33018.3936297
-34212.663372 -33627.3035926 -33075.649328
-33676.8251211 -32933.4510588 -32405.8865157
-33882.689003 -33293.8760391 -32492.3594702
-34396.3131066 -33510.5901021 -32843.1193053
-33712.7459815 -33212.9049204 -32860.5000643
-33620.0662846 -33191.3354503 -32791.3484294
-33310.8945307 -33003.5343113 -32564.972555
-33432.7462857 -32936.9603016 -32432.5440424
-33425.2054295 -33053.6428683 -32629.3272106
-33372.131665 -32505.4984414 -31644.0631389
-32868.9982878 -32501.2819018 -32142.639358
-33756.488698 -32649.7561243 -31929.4324803
-33554.2638456 -32505.7452538 -31827.0389384
-32742.6371784 -32402.2277366 -32001.7888566
-32735.4954119 -32245.2559832 -31496.4119616
-31900.3668649 -31452.8204823 -30261.7589049
-32281.6077677 -31521.738227 -29984.7997122
-32791.5667898 -32052.3676377 -31098.8572975
-31615.8052321 -31192.4485975 -30843.0877824
-31613.9262871 -30986.0788129 -30170.2067058
-31553.8810798 -30692.7026162 -30283.3453456
-31410.0755457 -30618.6529021 -29898.1301267
-31203.8180556 -30578.2318098 -29962.5690965
-31446.4048103 -30296.7462979 -29174.0660491
-31004.0059716 -30011.271072 -28865.4348251
-30486.7715454 -29273.9118828 -28410.2092553
-30837.84037 -29907.9678404 -28539.0916
-29533.8092518 -29066.8384202 -28160.5760276
-29903.788173 -28906.8488108 -27500.389555
