-10110.6425571 -9796.54447518 -9516.90351835
-10036.889214 -9791.63899932 -9698.86027997
-10447.4726462 -9762.82548859 -9513.85980114
-10504.8133849 -9752.2976756 -9510.99208259
-9877.53624072 -9718.10682313 -9552.24268471
-9932.03684342 -9733.56414407 -9528.85708316
-10306.5535334 -9832.03117309 -9511.98520672
-10430.828288 -9713.73297533 -9519.92512705
-10396.2184644 -9751.15686847 -9509.67837239
-10159.3737684 -9766.28540171 -9509.81964609
-9937.85462879 -9670.29597563 -9508.04686985
-9966.49058373 -9728.42018275 -9518.87268372
-10296.3519969 -9754.1539018 -9530.00903512
-10334.7162198 -9690.22519563 -9518.41642591
-10389.2130534 -9827.24328887 -9513.51526015
-10483.707196 -9811.70194056 -9508.87884952
-10221.6217115 -9748.01634991 -9513.81335684
-10150.3279626 -9813.48687129 -9521.46486971
-10196.0082744 -9713.98684414 -9513.81658207
-9963.19079921 -9682.41541446 -9514.99748807
-10320.9732685 -9714.30513651 -9539.82547063
-9925.74315118 -9645.58478847 -9513.83476989
-9970.8318504 -9632.58858405 -9511.46854406
-10084.1992587 -9655.32639319 -9510.40278197
-10189.8719368 -9770.87899581 -9511.63054045
-9817.49422615 -9637.51068757 -9513.34276081
-10036.3808305 -9669.27491615 -9504.15994031
-10085.385828 -9624.81278665 -9511.84288756
-10310.1595195 -9706.44660624 -9514.35652259
-10489.0357026 -9802.56501517 -9507.61998925
-10019.100278 -9689.83982138 -9566.2161783
-10193.4576397 -9643.69433328 -9508.29746295
-10258.1018343 -9731.83227415 -9508.75652487
-9854.85011465 -9633.28521436 -9508.17710394
-9761.46333706 -9554.02882398 -9507.33395903
-10155.9709754 -9628.55986494 -9508.83840223
-10439.7358996 -9765.75272473 -9536.07716594
-9850.76873636 -9642.55149088 -9516.12853537
-10195.8288385 -9733.14322924 -9514.26568646
-10199.3943794 -9786.75766763 -9517.68423531
-10348.9111449 -9741.90640719 -9529.15640946
-9835.28210761 -9591.45312425 -9505.23063625
-10276.9695908 -9868.0667386 -9504.57012494
-9868.92634111 -9625.11359823 -9503.56393004
-9886.80668715 -9616.83849731 -9504.29525404
-9774.19360289 -9588.65371999 -9511.49267989
-10196.91747 -9763.07462061 -9507.38495508
-10378.5896974 -9733.98068554 -9503.53116922
-9685.25449202 -9550.44157933 -9504.92997517
-10071.0715664 -9624.32279013 -9502.25590242
-10195.1680811 -9664.34892292 -9504.89778839
-10027.5996289 -9702.46024157 -9509.05481661
-10152.8226594 -9765.38039286 -9512.23971744
-9954.30473818 -9703.30027781 -9514.06348915
-10005.4952955 -9693.10507817 -9519.73065006
-10042.4838332 -9647.33200831 -9504.72089991
-9979.00424876 -9656.94306642 -9505.20412702
-9884.69997652 -9593.70184947 -9504.88161967
-10044.1633302 -9654.22406597 -9509.41454686
-9964.45043362 -9624.39671369 -9509.0509096
-9912.13591724 -9657.70585671 -9503.14773851
-10480.3534308 -9783.05743524 -9527.35869937
-9775.13882494 -9620.67548196 -9509.71492369
-10237.1513539 -9679.53482428 -9511.35859587
-10441.8405963 -9745.94139816 -9507.84995888
-10217.0072882 -9751.67104681 -9509.22570027
-10221.3954688 -9747.46476903 -9501.59990639
-9987.00946447 -9648.82473712 -9504.28115813
-9759.18027632 -9594.03478126 -9506.61606884
-9648.90970054 -9561.15231453 -9501.40349547
-9832.39916052 -9576.02281463 -9506.80884972
-10138.9077145 -9677.26306555 -9501.42349898
-9700.01458704 -9567.62764843 -9501.09835275
-9874.29264853 -9677.3893643 -9502.95519389
-10268.6583576 -9680.81354016 -9500.78544764
-9746.0953619 -9554.24073281 -9500.86066045
-9886.53748419 -9622.34515099 -9501.99928012
-9927.24829022 -9633.3618436 -9501.55613697
-9972.41146505 -9616.28349375 -9500.80682341
-9852.22852224 -9625.18315849 -9503.39085173
-9884.76187967 -9606.05811657 -9504.71338685
-10390.781993 -9715.56845983 -9500.77501672
-9976.25781631 -9614.81387434 -9501.63667265
-9925.83456717 -9633.05411823 -9498.96134643
-10315.7215122 -9785.08328391 -9516.54207525
-9918.03691889 -9646.7911086 -9505.56081381
-9914.37136456 -9618.654839 -9501.82568227
-10161.9344679 -9589.99572744 -9497.2954654
-9692.51405943 -9583.3968749 -9499.62460768
-9838.56976754 -9557.60280331 -9498.15202301
-9971.58340368 -9586.90624684 -9496.38870501
-9920.38951401 -9575.30028421 -9500.97236358
-9760.98754857 -9561.50201563 -9497.79839178
-10302.4436742 -9642.28087697 -9499.8625334
-9702.94919591 -9565.24557808 -9496.42412597
-9949.17474847 -9651.46078741 -9497.60467165
-9669.0934686 -9551.87315302 -9497.77225454
-9922.54347085 -9607.13946761 -9496.24747021
-9772.80536567 -9582.13077864 -9513.04992555
-10395.9629333 -9695.15584129 -9496.50018139
-9800.30692476 -9606.41928085 -9516.29305604
-10001.9428503 -9602.33947594 -9499.57007197
-9989.42626561 -9664.646578 -9507.2489729
-9878.23636025 -9563.39357375 -9504.08824867
-9782.12278017 -9595.86711746 -9496.78163942
-9676.68219537 -9542.09758519 -9495.06494741
-10107.7268798 -9736.40890807 -9498.31184235
-10091.539746 -9645.29590214 -9496.77802383
-10163.6564061 -9654.89609295 -9514.09269261
-10092.4480721 -9616.99310999 -9520.35164809
-9791.98194434 -9594.36024601 -9498.34432405
-10043.1935506 -9650.36580782 -9497.26646468
-9677.96362673 -9553.1255388 -9496.20741751
-9897.49675617 -9646.41882293 -9496.29664326
-9828.58267276 -9610.44309097 -9500.14995634
-9921.06278273 -9636.22698649 -9498.89226519
-10053.4212233 -9621.23816207 -9498.60418077
-9709.77332745 -9582.67263828 -9498.16756783
-9908.56936992 -9616.65643491 -9499.54400155
-9972.24589644 -9638.19401567 -9496.3419785
-9842.05171292 -9593.82567132 -9494.40834634
-9653.02707612 -9536.75965418 -9493.4344937
-9864.78879634 -9583.20097565 -9496.49114712
-9924.70697268 -9594.51976876 -9494.6374598
-10180.9138528 -9598.045723 -9496.93178908
-9684.29668584 -9560.08332148 -9495.65981802
-9678.92877047 -9577.15290775 -9494.93430272
-9726.54157261 -9569.08052344 -9494.98192802
-9614.91629081 -9526.29164732 -9496.46947685
-9726.9334378 -9547.13571851 -9494.90272185
-9911.87259233 -9628.85776362 -9495.44047717
-9822.84816277 -9587.63379311 -9525.89437538
-9759.79342735 -9583.47713807 -9496.14070229
-10230.6704404 -9669.67626823 -9496.54643464
-9923.63317695 -9573.14712679 -9495.05519171
-9920.42342701 -9650.34048874 -9494.35915845
-9727.07802709 -9563.89389594 -9493.47623411
-9851.58931547 -9628.0826018 -9492.21999036
-9646.42551946 -9557.83781202 -9495.22653114
-9876.648217 -9571.5421536 -9497.33461718
-9888.70694681 -9595.66513512 -9495.45913913
-9737.92690962 -9562.10717453 -9492.8724242
-10035.0543912 -9630.67968211 -9492.64228771
-10040.4660293 -9606.68660897 -9493.65193749
-9756.04462042 -9557.21900724 -9492.50864529
-9635.63625643 -9543.16202928 -9494.18477933
-9840.75967127 -9601.20666936 -9492.69613546
-9767.93023343 -9583.63518106 -9502.82443669
-9691.90952725 -9531.35136235 -9491.61681865
-9654.46596243 -9538.3913852 -9491.08678296
-9646.01252414 -9535.80984214 -9491.35243654
-9681.79964237 -9551.8429928 -9493.30548114
-9887.67275886 -9592.73313905 -9492.79876786
-9810.19213655 -9552.59732566 -9494.41565102
-9613.79630534 -9525.1052697 -9492.58377863
-9675.37308964 -9548.3992607 -9492.13857888
-9692.50589105 -9551.94700014 -9492.55761541
-9565.454782 -9508.14358058 -9491.05702144
-9821.22474713 -9563.70699237 -9496.82547601
-9666.75629487 -9520.65542335 -9492.61716723
-9668.42371405 -9541.73356455 -9492.2683999
-9875.11098628 -9648.32040109 -9526.5862598
-9740.55257452 -9553.43811394 -9497.11893455
-9646.51387755 -9535.33740417 -9501.21678416
-9820.19161505 -9572.08391342 -9490.85713781
-9617.12744192 -9531.71551036 -9496.90047564
-9695.33828424 -9541.45266935 -9495.0159031
-9812.34793399 -9582.07914133 -9499.60828362
-9618.86074822 -9534.80871444 -9492.85897352
-9561.74281841 -9521.62181421 -9490.72199436
-9583.09329552 -9511.8219981 -9490.8981
-9582.99713959 -9515.51910867 -9489.60269453
-9592.51347399 -9532.45887488 -9492.06203517
-9691.79683688 -9564.3170395 -9489.97287794
-9725.07547471 -9609.19156301 -9493.49435784
-9722.96320159 -9557.05073284 -9496.65252564
-9874.25013948 -9566.51882965 -9492.51354198
-9619.03787952 -9520.97767951 -9490.53666816
-9790.78031249 -9568.84150151 -9491.8999443
-9932.12611843 -9565.33284471 -9492.59288304
-9714.76207293 -9538.35186193 -9492.2675241
-9914.00973327 -9592.9580735 -9490.10525917
-9601.35013267 -9521.98502443 -9490.67466938
-9696.40900062 -9563.67402744 -9488.58983801
-9879.94526648 -9590.02440271 -9493.85028068
-9591.66007351 -9526.84840297 -9489.46538481
-9640.46192089 -9537.76080918 -9490.21512851
-9658.33518806 -9554.68123765 -9489.56384017
-9547.86651416 -9504.34741551 -9489.82216629
-9583.05461518 -9519.65344575 -9488.52498141
-9632.65917412 -9549.97444759 -9490.8917242
-9627.1470283 -9541.10797231 -9488.60371386
-9598.80979675 -9515.76060667 -9488.67101628
-9606.05816575 -9532.96965061 -9491.59398813
-9596.25355336 -9532.56607248 -9490.11901316
-9845.48763128 -9582.60369895 -9487.7896564
-9771.88083253 -9557.14541467 -9489.54595807
-9796.93609646 -9559.0622196 -9488.75879033
-9655.01020658 -9551.94697855 -9489.76091238
-9690.27039756 -9538.91815526 -9487.93206101
-9646.96677822 -9532.53748107 -9493.3919301
-9980.5857986 -9583.07029682 -9488.61776304
-9560.73549905 -9521.97497254 -9488.77717949
-9649.89024608 -9529.02200777 -9488.00906271
-9552.00023124 -9506.55184306 -9487.98070362
-9536.56584104 -9500.91739427 -9488.64067653
-9568.55190553 -9523.79519469 -9494.09442884
-9676.89867943 -9521.59121317 -9488.83364072
-9666.60923068 -9521.75297489 -9487.54800517
-9687.59138484 -9557.55783505 -9488.2855034
-9571.94864427 -9510.08482893 -9488.65770673
-9574.02876681 -9522.45163354 -9487.72529486
-9638.67502849 -9526.0507728 -9487.94748527
-9566.67428228 -9511.23776658 -9487.29551221
-9642.42944645 -9532.72584947 -9488.75303389
-9744.42960496 -9547.79869857 -9487.76028263
-9628.23749532 -9549.26721837 -9490.52205834
-9519.60797608 -9504.35311144 -9495.34502106
-9765.76706078 -9541.86792279 -9489.18762846
-9719.14479728 -9564.66607371 -9496.82818937
-9583.14872187 -9524.79542227 -9494.18467436
-9947.52189784 -9581.07989676 -9487.55950388
-9691.45091167 -9546.41396063 -9488.94604858
-9626.93969439 -9518.16260539 -9487.31121623
-9565.06305808 -9518.15052125 -9488.97993883
-9620.24119247 -9523.47810519 -9488.21634166
-9747.71008985 -9533.19284308 -9487.8035412
-9556.05299762 -9517.58587859 -9489.10030839
-9577.82904866 -9517.63204634 -9487.53699483
-9742.21866008 -9543.37596764 -9488.17851297
-9712.98169982 -9542.89938134 -9488.45568818
-9723.80723324 -9529.50795514 -9487.41930396
-9568.01413325 -9501.7046838 -9487.46617287
-9559.75200741 -9512.86118057 -9488.86880525
-9727.00884837 -9562.09442933 -9487.23155293
-9626.95415425 -9522.49850019 -9488.60671756
-9601.53635075 -9517.99558291 -9486.90364212
-9634.10749999 -9509.65950008 -9487.01053269
-9558.26297992 -9503.93688057 -9486.88259956
-9581.26752921 -9510.04374182 -9487.61451365
-9696.6402694 -9532.83703549 -9487.89594135
-9540.48592583 -9503.9910783 -9485.47155188
-9601.49143083 -9536.04111654 -9487.16911702
-9540.4645041 -9499.40337919 -9486.74795183
-9608.93585935 -9536.25303786 -9487.06221077
-9548.05033352 -9509.80522873 -9486.44869581
-9665.31687474 -9520.46167785 -9487.34145535
-9733.72421382 -9532.17964981 -9487.16143978
-9581.30887674 -9520.64614626 -9486.93204381
-9631.12400472 -9532.06873664 -9486.13132631
-9561.48458999 -9506.40777585 -9486.59025493
-9538.05301193 -9501.53147086 -9486.4867762
-9569.35365344 -9511.98053811 -9487.22703676
-9535.14715393 -9500.29664899 -9485.39920668
-9546.54397932 -9497.98689752 -9485.77934504
-9552.2462963 -9502.0321999 -9487.15707556
-9540.18383532 -9508.98086141 -9487.10141102
-9561.87696932 -9521.58287796 -9490.77285745
-9559.29043801 -9502.15834831 -9485.93106369
-9569.18937803 -9510.88783751 -9488.8754235
-9585.05178329 -9505.11348251 -9485.89477814
-9612.11484594 -9533.03281218 -9486.3736995
-9574.54535673 -9519.28293673 -9491.70473617
-9646.19563479 -9521.90781927 -9485.08080909
-9571.2338675 -9510.77885688 -9485.4058243
-9639.72990395 -9529.909046 -9485.24046485
-9545.83327452 -9502.02894638 -9485.59633017
-9716.58641764 -9517.73529241 -9486.37362496
-9554.39301285 -9504.37632015 -9486.05677667
-9548.98920517 -9510.93146375 -9485.63597271
-9570.22562756 -9506.19055003 -9485.81907153
-9664.68377676 -9521.64842081 -9485.54222031
-9594.69413641 -9540.33037705 -9486.17340585
-9573.48104308 -9510.31796714 -9486.23589715
-9644.70372083 -9516.14433226 -9485.83680816
-9557.98320632 -9512.02016107 -9486.28439289
-9533.46523691 -9501.07734317 -9485.62692041
-9535.6845057 -9504.66185798 -9486.76894643
-9527.32226023 -9495.48009892 -9485.7258951
-9547.12767462 -9508.51946027 -9485.75300319
-9557.70248497 -9512.36963018 -9485.54139478
-9676.79577008 -9532.06198436 -9485.53815442
-9634.74391952 -9525.93176423 -9484.66497651
-9649.28237956 -9512.85754542 -9485.53876009
-9693.55417695 -9518.99503179 -9485.76651698
-9522.16535385 -9491.76334013 -9484.72576141
-9666.66617641 -9521.63843976 -9488.78632226
-9531.75421284 -9497.44334809 -9485.63089992
-9567.1960355 -9504.83484431 -9485.70030128
-9629.78488407 -9515.53909518 -9485.41100748
-9550.78491953 -9503.64578141 -9484.83346776
-9560.81307563 -9500.47092082 -9484.88133755
-9768.75848896 -9526.59246398 -9485.89919812
-9557.52966086 -9505.10422352 -9484.75209156
-9533.08682586 -9499.06064317 -9485.0305117
-9616.93101486 -9512.5626296 -9485.33996328
-9546.029995 -9506.94710855 -9484.94170498
-9541.62144242 -9498.96341142 -9486.09270849
-9583.9842402 -9510.1948463 -9484.53171407
-9595.48362505 -9506.3967632 -9485.83846958
-9558.97888017 -9504.36712499 -9484.56534035
-9520.03198846 -9496.98817498 -9485.85374575
-9549.67206358 -9505.74719089 -9483.85200342
-9538.54328382 -9498.34694771 -9484.11399629
-9518.53907586 -9493.36772303 -9483.83372424
-9660.99560145 -9507.28870633 -9483.63088066
-9526.50037536 -9497.58821104 -9483.83983147
-9544.06942538 -9495.53922678 -9484.20964229
-9543.00915323 -9497.7893997 -9484.38533976
-9584.24281672 -9504.21217411 -9483.08135886
-9522.73780353 -9493.59376616 -9484.53079686
-9527.1603031 -9497.54257054 -9483.56450611
-9498.76106524 -9489.54176894 -9482.46762684
-9521.23411095 -9491.64930371 -9483.85348969
-9513.24776412 -9489.751125 -9483.28177188
-9506.10194778 -9492.35537637 -9483.47813321
-9509.66010922 -9492.34337062 -9483.43575475
-9513.52865775 -9491.06244008 -9483.88572667
-9539.59533567 -9501.20051262 -9483.8020321
-9542.77167247 -9493.07121126 -9483.97762966
-9536.41390489 -9496.84186639 -9483.76334028
-9519.37010417 -9490.39161555 -9483.44061621
-9521.02262687 -9493.10560252 -9483.9889496
-9516.36616379 -9491.99617097 -9483.66802849
-9644.57277962 -9511.56066974 -9483.21352694
-9541.8273004 -9499.57657125 -9482.3333803
-9527.1099856 -9495.94724955 -9483.61662564
-9527.01961918 -9492.65566436 -9483.5477982
-9509.80423466 -9489.83336247 -9483.16663845
-9486.66115123 -9484.63732342 -9482.97753926
-9599.03135659 -9501.34929834 -9483.65698805
-9506.32295159 -9491.51460185 -9482.15770018
-9499.8054214 -9489.50175159 -9483.03648365
-9510.7042487 -9487.38206464 -9482.73987354
-9491.89772887 -9485.06838711 -9481.89347967
-9489.35820596 -9484.45266609 -9482.65262886
-9505.28178856 -9488.06123099 -9482.42382897
-9496.4226515 -9483.69144477 -9448.59846777
-9508.30283442 -9491.51180955 -9481.88512465
-9496.47872301 -9486.31132059 -9481.99975434
-9499.8219927 -9473.81594717 -9383.96789168
-9494.77139804 -9465.47995809 -9305.79024871
-9496.75109961 -9392.83972048 -9268.87384604
-9484.53633077 -9288.97036883 -8589.14519879
-9499.58190282 -9368.35196038 -8395.96130816
-9486.13549041 -8914.55811836 -8183.65739351
-9366.31888473 -8997.33145909 -8611.54153727
-9446.17865313 -9096.31744467 -8477.44291891
-9035.50531902 -8489.25683891 -8158.02011616
-9085.39709253 -8748.03315793 -8296.04929334
-8949.36099102 -8529.59094589 -8219.20995903
-8702.1226441 -8300.49642791 -8076.28592275
-8829.33389258 -8405.49218534 -7948.12812072
-8685.07292874 -8334.47015303 -8091.25908992
-8552.39091489 -8219.40807281 -8035.91954663
-9336.60119025 -8274.05133614 -7941.04292657
-8958.45199582 -8416.16244755 -8073.95817094
-8611.15463163 -8099.12391091 -7732.36421566
-8824.71846012 -8146.32280336 -7680.62326427
-9507.83387503 -8372.79115595 -7864.99718382
-8337.78073384 -7900.28446255 -7480.52883302
-8998.93322577 -8184.97530248 -7778.54305237
-8176.88617556 -7881.2623804 -7339.52837772
-8445.95057926 -7931.77282695 -7149.22105218
-8870.87025224 -7932.17484601 -7445.64130971
-9105.31250805 -7909.67909468 -7290.65159777
-8974.06019121 -8000.22733952 -7409.86349564
-8765.3002071 -7807.0525354 -6796.0
-9600.5731984 -7804.63716713 -7265.66736944
-7832.33495052 -7368.19941817 -6796.0
-7863.8884875 -7290.09973543 -6796.0
-8244.95021916 -7580.33572923 -6796.0
-7759.85410422 -7100.71774396 -6796.0
-7862.35690506 -7165.77723105 -6796.0
-7822.59963826 -7301.86182945 -6796.0
-7523.69871536 -7004.67512953 -6796.0
-7621.9407728 -7072.93681329 -6796.0
-6796.0 -6796.0 -6796.0
-7447.65727377 -6921.31934779 -6796.0
-7570.23281596 -6938.76607924 -6796.0
-7534.76516112 -6869.87651611 -6796.0
-9547.71464749 -7071.17146475 -6796.0
-7512.51314441 -6935.34416249 -6796.0
-7615.09100281 -6943.99957509 -6796.0
-7654.63139101 -6881.8631391 -6796.0
-6796.0 -6796.0 -6796.0
-8457.26626472 -7054.19580699 -6796.0
-7435.45479508 -6859.94547951 -6796.0
-8030.85422739 -7041.04062941 -6796.0
-8854.00956432 -7001.80095643 -6796.0
-6796.0 -6796.0 -6796.0
-6796.0 -6796.0 -6796.0
-7434.90865559 -6859.89086556 -6796.0
-6796.0 -6796.0 -6796.0
-7558.27070819 -6872.22707082 -6796.0
-6796.0 -6796.0 -6796.0
-7475.09847911 -6863.90984791 -6796.0
-9303.90757211 -7120.60716117 -6796.0
-7446.05597543 -6861.00559754 -6796.0
-8160.31652268 -7004.53591744 -6796.0
-6796.0 -6796.0 -6796.0
-9390.22712604 -7418.47198296 -6796.0
-7822.96008554 -6898.69600855 -6796.0
-6796.0 -6796.0 -6796.0
-7379.73127329 -6854.37312733 -6796.0
-7671.07126623 -6926.47980862 -6796.0
-7526.21055803 -6869.0210558 -6796.0
-8168.03945714 -7028.08414097 -6796.0
-7785.00144222 -6894.90014422 -6796.0
-6796.0 -6796.0 -6796.0
-8638.89218854 -7231.0531346 -6796.0
-6796.0 -6796.0 -6796.0
-8396.22698988 -7090.9296088 -6796.0
-8906.38370571 -7007.03837057 -6796.0
-9202.55134254 -7366.1185111 -6796.0
-6796.0 -6796.0 -6796.0
-8517.31992814 -7304.96672108 -6796.0
-8707.58945395 -6987.15894539 -6796.0
-8705.67772674 -7027.83740715 -6796.0
-6796.0 -6796.0 -6796.0
-6796.0 -6796.0 -6796.0
-6796.0 -6796.0 -6796.0
-7683.69494366 -6928.41068611 -6796.0
-6796.0 -6796.0 -6796.0
-7449.76433443 -6861.37643344 -6796.0
-7589.24128529 -6923.58697944 -6796.0
-6796.0 -6796.0 -6796.0
-6796.0 -6796.0 -6796.0
-8285.32578783 -6944.93257878 -6796.0
-7495.10935019 -6865.91093502 -6796.0
-7587.74032056 -6875.17403206 -6796.0
-6796.0 -6796.0 -6796.0
-7476.98244528 -6864.09824453 -6796.0
-7575.16223081 -6873.91622308 -6796.0
-6796.0 -6796.0 -6796.0
-6796.0 -6796.0 -6796.0
-7463.39176938 -6862.73917694 -6796.0
-6796.0 -6796.0 -6796.0
-6796.0 -6796.0 -6796.0
-7532.68131414 -6869.66813141 -6796.0
-6796.0 -6796.0 -6796.0
-6796.0 -6796.0 -6796.0
-6796.0 -6796.0 -6796.0
-6796.0 -6796.0 -6796.0
-7634.98629298 -6879.8986293 -6796.0
-6796.0 -6796.0 -6796.0
-6796.0 -6796.0 -6796.0
-7606.75842463 -6877.07584246 -6796.0
-6796.0 -6796.0 -6796.0
-7407.95091415 -6857.19509142 -6796.0
-8853.12790267 -7001.71279027 -6796.0
-7398.35120494 -6856.23512049 -6796.0
-7709.3335336 -6887.33335336 -6796.0
-7716.18044336 -7036.11718965 -6796.0
-6796.0 -6796.0 -6796.0
-7760.1370416 -6958.15721293 -6796.0
-7831.23595251 -6966.32259564 -6796.0
-7538.58098036 -6942.01848059 -6796.0
-7567.42918477 -6936.91883035 -6796.0
-7703.35828768 -6976.24118069 -6796.0
-6796.0 -6796.0 -6796.0
-8425.03887877 -7199.26360568 -6796.0
-7553.07883293 -6871.70788329 -6796.0
-7566.92444243 -6939.22727212 -6796.0
-7666.99308382 -6883.09930838 -6796.0
-6796.0 -6796.0 -6796.0
-7438.52470377 -6860.25247038 -6796.0
-6796.0 -6796.0 -6796.0
-7492.27962905 -6865.6279629 -6796.0
-6796.0 -6796.0 -6796.0
-6796.0 -6796.0 -6796.0
-6796.0 -6796.0 -6796.0
-6796.0 -6796.0 -6796.0
-6796.0 -6796.0 -6796.0
-6796.0 -6796.0 -6796.0
-6796.0 -6796.0 -6796.0
-6796.0 -6796.0 -6796.0
-6796.0 -6796.0 -6796.0
-6796.0 -6796.0 -6796.0
-6796.0 -6796.0 -6796.0
-6796.0 -6796.0 -6796.0
-6796.0 -6796.0 -6796.0
-6796.0 -6796.0 -6796.0
-6796.0 -6796.0 -6796.0
-6796.0 -6796.0 -6796.0
-6796.0 -6796.0 -6796.0
-7446.49212723 -6861.04921272 -6796.0
-6796.0 -6796.0 -6796.0
-6796.0 -6796.0 -6796.0
-6796.0 -6796.0 -6796.0
-6796.0 -6796.0 -6796.0
-6796.0 -6796.0 -6796.0
-6796.0 -6796.0 -6796.0
-6796.0 -6796.0 -6796.0
-7652.20221805 -6881.62022181 -6796.0
-6796.0 -6796.0 -6796.0
-6796.0 -6796.0 -6796.0
-6796.0 -6796.0 -6796.0
-6796.0 -6796.0 -6796.0
-6796.0 -6796.0 -6796.0
-6796.0 -6796.0 -6796.0
-7366.81119462 -6853.08111946 -6796.0
-7515.05078278 -6867.90507828 -6796.0
-7573.24695202 -6873.7246952 -6796.0
-6796.0 -6796.0 -6796.0
-6796.0 -6796.0 -6796.0
-7455.17437225 -6861.91743722 -6796.0
-6796.0 -6796.0 -6796.0
-7398.27331004 -6856.227331 -6796.0
-6796.0 -6796.0 -6796.0
-6796.0 -6796.0 -6796.0
-6796.0 -6796.0 -6796.0
-6796.0 -6796.0 -6796.0
-7559.63775781 -6872.36377578 -6796.0
-6796.0 -6796.0 -6796.0
-6796.0 -6796.0 -6796.0
-6796.0 -6796.0 -6796.0
-6796.0 -6796.0 -6796.0
-6796.0 -6796.0 -6796.0
-6796.0 -6796.0 -6796.0
-6796.0 -6796.0 -6796.0
-6796.0 -6796.0 -6796.0
-6796.0 -6796.0 -6796.0
-6796.0 -6796.0 -6796.0
-6796.0 -6796.0 -6796.0
-6796.0 -6796.0 -6796.0
-7530.08970153 -6869.40897015 -6796.0
-6796.0 -6796.0 -6796.0
-6796.0 -6796.0 -6796.0
-6796.0 -6796.0 -6796.0
-6796.0 -6796.0 -6796.0
-6796.0 -6796.0 -6796.0
-6796.0 -6796.0 -6796.0
-6796.0 -6796.0 -6796.0
-6796.0 -6796.0 -6796.0
-6796.0 -6796.0 -6796.0
-6796.0 -6796.0 -6796.0
-6796.0 -6796.0 -6796.0
-6796.0 -6796.0 -6796.0
-6796.0 -6796.0 -6796.0
-6796.0 -6796.0 -6796.0
-6796.0 -6796.0 -6796.0
-6796.0 -6796.0 -6796.0
-6796.0 -6796.0 -6796.0
-6796.0 -6796.0 -6796.0
-6796.0 -6796.0 -6796.0
-6796.0 -6796.0 -6796.0
-6796.0 -6796.0 -6796.0
-6796.0 -6796.0 -6796.0
-6796.0 -6796.0 -6796.0
-6796.0 -6796.0 -6796.0
-6796.0 -6796.0 -6796.0
-6796.0 -6796.0 -6796.0
-6796.0 -6796.0 -6796.0
-6796.0 -6796.0 -6796.0
-7325.29403669 -6848.92940367 -6796.0
-7787.1146452 -6895.11146452 -6796.0
-6796.0 -6796.0 -6796.0
-7454.08878651 -6984.94448914 -6796.0
-7421.2458471 -6858.52458471 -6796.0
-6796.0 -6796.0 -6796.0
-6796.0 -6796.0 -6796.0
-7391.84458821 -6855.58445882 -6796.0
-6796.0 -6796.0 -6796.0
-6796.0 -6796.0 -6796.0
-6796.0 -6796.0 -6796.0
-7850.70368629 -6901.47036863 -6796.0
-6796.0 -6796.0 -6796.0
-6796.0 -6796.0 -6796.0
-6796.0 -6796.0 -6796.0
-6796.0 -6796.0 -6796.0
-6796.0 -6796.0 -6796.0
-6796.0 -6796.0 -6796.0
-6796.0 -6796.0 -6796.0
-6796.0 -6796.0 -6796.0
-6796.0 -6796.0 -6796.0
-6796.0 -6796.0 -6796.0
-6796.0 -6796.0 -6796.0
-6796.0 -6796.0 -6796.0
-6796.0 -6796.0 -6796.0
-6796.0 -6796.0 -6796.0
-6796.0 -6796.0 -6796.0
-6796.0 -6796.0 -6796.0
-6796.0 -6796.0 -6796.0
-6796.0 -6796.0 -6796.0
-6796.0 -6796.0 -6796.0
-7476.6068225 -6864.06068225 -6796.0
-6796.0 -6796.0 -6796.0
-6796.0 -6796.0 -6796.0
-6796.0 -6796.0 -6796.0
-6796.0 -6796.0 -6796.0
-6796.0 -6796.0 -6796.0
-6796.0 -6796.0 -6796.0
-6796.0 -6796.0 -6796.0
-6796.0 -6796.0 -6796.0
-6796.0 -6796.0 -6796.0
-6796.0 -6796.0 -6796.0
-6796.0 -6796.0 -6796.0
-6796.0 -6796.0 -6796.0
-6796.0 -6796.0 -6796.0
-6796.0 -6796.0 -6796.0
-6796.0 -6796.0 -6796.0
-6796.0 -6796.0 -6796.0
-6796.0 -6796.0 -6796.0
-6796.0 -6796.0 -6796.0
-6796.0 -6796.0 -6796.0
-6796.0 -6796.0 -6796.0
-6796.0 -6796.0 -6796.0
-6796.0 -6796.0 -6796.0
-8876.37846887 -7147.43775523 -6796.0
-8042.54402192 -6920.65440219 -6796.0
-6796.0 -6796.0 -6796.0
-6796.0 -6796.0 -6796.0
-6796.0 -6796.0 -6796.0
-6796.0 -6796.0 -6796.0
-6796.0 -6796.0 -6796.0
-9100.57973244 -7026.45797324 -6796.0
-6796.0 -6796.0 -6796.0
-7356.33415537 -6852.03341554 -6796.0
-6796.0 -6796.0 -6796.0
-6796.0 -6796.0 -6796.0
-6796.0 -6796.0 -6796.0
-6796.0 -6796.0 -6796.0
-6796.0 -6796.0 -6796.0
-6796.0 -6796.0 -6796.0
-6796.0 -6796.0 -6796.0
-6796.0 -6796.0 -6796.0
-6796.0 -6796.0 -6796.0
-6796.0 -6796.0 -6796.0
-6796.0 -6796.0 -6796.0
-6796.0 -6796.0 -6796.0
-6796.0 -6796.0 -6796.0
-6796.0 -6796.0 -6796.0
-6796.0 -6796.0 -6796.0
-6796.0 -6796.0 -6796.0
-6796.0 -6796.0 -6796.0
-6796.0 -6796.0 -6796.0
-6796.0 -6796.0 -6796.0
-6796.0 -6796.0 -6796.0
-6796.0 -6796.0 -6796.0
-6796.0 -6796.0 -6796.0
-6796.0 -6796.0 -6796.0
-6796.0 -6796.0 -6796.0
-6796.0 -6796.0 -6796.0
-6796.0 -6796.0 -6796.0
-6796.0 -6796.0 -6796.0
-6796.0 -6796.0 -6796.0
-6796.0 -6796.0 -6796.0
-6796.0 -6796.0 -6796.0
-6796.0 -6796.0 -6796.0
-6796.0 -6796.0 -6796.0
-8440.50183738 -6960.45018374 -6796.0
-6796.0 -6796.0 -6796.0
-6796.0 -6796.0 -6796.0
-6796.0 -6796.0 -6796.0
-6796.0 -6796.0 -6796.0
-6796.0 -6796.0 -6796.0
-6796.0 -6796.0 -6796.0
-6796.0 -6796.0 -6796.0
-6796.0 -6796.0 -6796.0
-6796.0 -6796.0 -6796.0
-6796.0 -6796.0 -6796.0
-6796.0 -6796.0 -6796.0
-6796.0 -6796.0 -6796.0
-6796.0 -6796.0 -6796.0
-6796.0 -6796.0 -6796.0
-6796.0 -6796.0 -6796.0
-6796.0 -6796.0 -6796.0
-6796.0 -6796.0 -6796.0
-6796.0 -6796.0 -6796.0
-6796.0 -6796.0 -6796.0
-6796.0 -6796.0 -6796.0
-6796.0 -6796.0 -6796.0
-6796.0 -6796.0 -6796.0
-6796.0 -6796.0 -6796.0
-6796.0 -6796.0 -6796.0
-6796.0 -6796.0 -6796.0
-8550.62956286 -6971.46295629 -6796.0
-6796.0 -6796.0 -6796.0
-6796.0 -6796.0 -6796.0
-6796.0 -6796.0 -6796.0
-6796.0 -6796.0 -6796.0
-6796.0 -6796.0 -6796.0
-6796.0 -6796.0 -6796.0
-6796.0 -6796.0 -6796.0
-6796.0 -6796.0 -6796.0
-6796.0 -6796.0 -6796.0
-6796.0 -6796.0 -6796.0
-6796.0 -6796.0 -6796.0
-6796.0 -6796.0 -6796.0
-6796.0 -6796.0 -6796.0
-6796.0 -6796.0 -6796.0
-6796.0 -6796.0 -6796.0
-6796.0 -6796.0 -6796.0
-6796.0 -6796.0 -6796.0
-6796.0 -6796.0 -6796.0
-6796.0 -6796.0 -6796.0
-6796.0 -6796.0 -6796.0
-6796.0 -6796.0 -6796.0
-6796.0 -6796.0 -6796.0
-6796.0 -6796.0 -6796.0
-6796.0 -6796.0 -6796.0
-6796.0 -6796.0 -6796.0
-6796.0 -6796.0 -6796.0
-6796.0 -6796.0 -6796.0
-6796.0 -6796.0 -6796.0
-6796.0 -6796.0 -6796.0
-6796.0 -6796.0 -6796.0
-6796.0 -6796.0 -6796.0
-6796.0 -6796.0 -6796.0
-6796.0 -6796.0 -6796.0
-6796.0 -6796.0 -6796.0
-6796.0 -6796.0 -6796.0
-6796.0 -6796.0 -6796.0
-6796.0 -6796.0 -6796.0
-7234.85898487 -6839.88589849 -6796.0
-6796.0 -6796.0 -6796.0
-6796.0 -6796.0 -6796.0
-6796.0 -6796.0 -6796.0
-6796.0 -6796.0 -6796.0
-7285.40272411 -6844.94027241 -6796.0
-6796.0 -6796.0 -6796.0
-6796.0 -6796.0 -6796.0
-7331.1939978 -6849.51939978 -6796.0
-6796.0 -6796.0 -6796.0
-6796.0 -6796.0 -6796.0
-6796.0 -6796.0 -6796.0
-7479.0198732 -6864.30198732 -6796.0
-7226.09221961 -6839.00922196 -6796.0
-6796.0 -6796.0 -6796.0
-7705.62941919 -6886.96294192 -6796.0
-7346.96471219 -6851.09647122 -6796.0
-6796.0 -6796.0 -6796.0
-6796.0 -6796.0 -6796.0
-7305.03616852 -6846.90361685 -6796.0
-6796.0 -6796.0 -6796.0
-6796.0 -6796.0 -6796.0
-6796.0 -6796.0 -6796.0
-6796.0 -6796.0 -6796.0
-6796.0 -6796.0 -6796.0
-6796.0 -6796.0 -6796.0
-6796.0 -6796.0 -6796.0
-6796.0 -6796.0 -6796.0
-7221.81780398 -6838.5817804 -6796.0
