0.222 0.31508 0.6
0.1776 0.24856 0.3804
0.1992 0.29172 0.3868
0.1756 0.29876 0.4124
0.2092 0.37632 0.6
0.2052 0.28036 0.3504
0.2348 0.3024 0.3528
0.2048 0.27724 0.3908
0.2256 0.30916 0.502
0.1856 0.27316 0.3956
0.2284 0.28096 0.336
0.1972 0.32108 0.6
0.1724 0.245 0.3876
0.212 0.26012 0.3188
0.1696 0.2378 0.2848
0.1856 0.2562 0.412
0.2024 0.25464 0.3196
0.1804 0.24972 0.3624
0.1996 0.2446 0.28
0.1944 0.25348 0.3912
0.1776 0.25876 0.3692
0.1892 0.22692 0.284
0.196 0.23316 0.2988
0.19 0.23544 0.2928
0.1876 0.22892 0.2796
0.2032 0.26272 0.3996
0.1928 0.2186 0.2616
0.1872 0.25312 0.3448
0.1812 0.22708 0.2904
0.1884 0.232 0.316
0.1888 0.2418 0.3564
0.2044 0.24372 0.3228
0.2 0.24444 0.274
0.202 0.23604 0.2844
0.2032 0.2516 0.3396
0.1944 0.23912 0.294
0.1924 0.23792 0.2868
0.2056 0.25776 0.3668
0.2108 0.24628 0.2884
0.2008 0.25208 0.3024
0.19 0.23864 0.2924
0.19 0.22316 0.2688
0.218 0.25208 0.2948
0.1936 0.23588 0.2676
0.2068 0.24856 0.3
0.2012 0.26016 0.3196
0.1984 0.2662 0.3308
0.1952 0.29272 0.4596
0.216 0.27904 0.392
0.2228 0.27668 0.3512
0.2176 0.33812 0.6
0.2148 0.26816 0.3268
0.1852 0.25644 0.306
0.236 0.3322 0.4992
0.202 0.26732 0.3356
0.2164 0.3144 0.5416
0.2028 0.24672 0.3016
0.224 0.28876 0.6
0.2052 0.25848 0.3772
0.2296 0.28124 0.3724
0.198 0.23364 0.2772
0.1916 0.25792 0.3088
0.1976 0.24172 0.3
0.1876 0.25208 0.2912
0.2036 0.23288 0.288
0.1732 0.22532 0.3176
0.188 0.2228 0.3232
0.1788 0.2358 0.3376
0.1672 0.19972 0.2412
0.1632 0.21456 0.296
0.1728 0.22648 0.346
0.1832 0.22032 0.2764
0.1696 0.20144 0.2404
0.1932 0.21528 0.2356
0.154 0.19172 0.2192
0.172 0.19952 0.2284
0.1776 0.21088 0.2644
0.1764 0.211 0.2372
0.1596 0.20116 0.2572
0.1628 0.20376 0.2368
0.1612 0.19864 0.2604
0.1576 0.19252 0.2136
0.1784 0.20184 0.2248
0.1536 0.18208 0.2216
0.172 0.19956 0.2228
0.1776 0.20432 0.2676
0.154 0.19096 0.2672
0.1676 0.19976 0.2424
0.1764 0.20412 0.2556
0.1684 0.20232 0.2224
0.168 0.20788 0.234
0.1692 0.19468 0.2224
0.1824 0.21576 0.2776
0.1664 0.19364 0.2228
0.1572 0.19188 0.2216
0.1572 0.19392 0.2212
0.1768 0.19304 0.2372
0.1836 0.19468 0.212
0.1792 0.19172 0.2072
0.154 0.19964 0.222
0.1692 0.20684 0.2416
0.1744 0.19812 0.2396
0.1764 0.20108 0.2164
0.1724 0.19648 0.2164
0.16 0.18988 0.248
0.1676 0.20204 0.2148
0.176 0.20856 0.252
0.1648 0.20452 0.2444
0.182 0.21608 0.2748
0.1816 0.21272 0.2732
0.1532 0.19752 0.2144
0.1836 0.21152 0.2252
0.1656 0.20692 0.256
0.184 0.20688 0.236
0.1768 0.19484 0.216
0.172 0.19632 0.2152
0.1652 0.19956 0.2396
0.1712 0.19684 0.2156
0.1956 0.216 0.2588
0.1744 0.214 0.2624
0.1732 0.20896 0.244
0.1824 0.20708 0.2492
0.1772 0.2032 0.228
0.1716 0.20476 0.2232
0.1784 0.20544 0.2296
0.1656 0.20592 0.258
0.1808 0.2112 0.2468
0.17 0.19908 0.2372
0.182 0.21392 0.2416
0.1696 0.19324 0.2516
0.1788 0.21096 0.2588
0.1648 0.1914 0.2628
0.1504 0.19404 0.2252
0.168 0.1902 0.2204
0.1752 0.19452 0.212
0.1736 0.18376 0.1996
0.1688 0.18472 0.2204
0.162 0.1854 0.2244
0.1504 0.17456 0.1924
0.1628 0.1886 0.2348
0.1736 0.189 0.2148
0.1724 0.19152 0.214
0.1476 0.17752 0.2356
0.164 0.19428 0.2216
0.1624 0.18392 0.2156
0.1688 0.185 0.2028
0.1684 0.18608 0.2096
0.1652 0.18736 0.1988
0.1712 0.19368 0.2172
0.1704 0.1964 0.2256
0.1788 0.19928 0.2156
0.1612 0.18692 0.2116
0.16 0.1832 0.2048
0.168 0.18656 0.2104
0.1628 0.18604 0.2044
0.174 0.19344 0.2476
0.1696 0.19132 0.2164
0.1752 0.19536 0.22
0.1772 0.1984 0.2292
0.1852 0.20128 0.2332
0.1676 0.203 0.26
0.1608 0.18836 0.2056
0.1684 0.18884 0.22
0.1736 0.19228 0.2412
0.1584 0.1834 0.222
0.1564 0.1932 0.2684
0.1644 0.1894 0.2192
0.1492 0.1944 0.2268
0.1704 0.19164 0.2244
0.1652 0.20208 0.2412
0.1652 0.18532 0.2092
0.1852 0.20996 0.2528
0.1632 0.19896 0.2516
0.1572 0.18584 0.2268
0.172 0.18528 0.2088
0.1844 0.1976 0.2176
0.1784 0.18788 0.2068
0.1548 0.17352 0.1944
0.1652 0.1934 0.2212
0.1708 0.19112 0.2128
0.1696 0.18292 0.2108
0.16 0.18924 0.2128
0.1432 0.1818 0.2144
0.1652 0.19044 0.2164
0.1608 0.19344 0.2232
0.178 0.19252 0.21
0.1668 0.18832 0.2276
0.1684 0.19768 0.216
0.1836 0.20804 0.238
0.1656 0.19172 0.2196
0.1656 0.19444 0.2152
0.1572 0.18344 0.1948
0.1812 0.19736 0.228
0.158 0.18792 0.2312
0.1664 0.18944 0.2092
0.172 0.19468 0.2136
0.1664 0.1808 0.1908
0.1624 0.19488 0.224
0.1516 0.1868 0.2116
0.1764 0.1868 0.1976
0.1712 0.18756 0.2112
0.1652 0.18472 0.2112
0.168 0.19364 0.214
0.1636 0.1942 0.2576
0.158 0.18092 0.1932
0.1692 0.19116 0.214
0.1664 0.186 0.2036
0.1624 0.1932 0.2116
0.164 0.1918 0.2212
0.1588 0.18304 0.1936
0.16 0.18368 0.2176
0.168 0.19764 0.2224
0.1736 0.19216 0.2104
0.1492 0.187 0.202
0.1556 0.18912 0.2336
0.16 0.18316 0.2052
0.1704 0.18836 0.2016
0.1856 0.2022 0.2408
0.1584 0.19844 0.2216
0.178 0.19728 0.2324
0.1768 0.20092 0.2208
0.1732 0.19008 0.2132
0.1536 0.19744 0.236
0.1808 0.197 0.236
0.1556 0.18972 0.2112
0.1764 0.19492 0.2072
0.1572 0.18164 0.2064
0.1524 0.19208 0.22
0.1772 0.19804 0.2252
0.1728 0.20656 0.262
0.182 0.20704 0.2456
0.1796 0.2058 0.2352
0.1824 0.2012 0.2264
0.18 0.19692 0.242
0.1708 0.20232 0.2196
0.1788 0.19832 0.226
0.1812 0.20144 0.2256
0.1748 0.19516 0.2168
0.1792 0.19936 0.2328
0.1716 0.20748 0.2432
0.1736 0.19384 0.2384
0.1876 0.20208 0.2432
0.1724 0.20104 0.2224
0.1816 0.2052 0.2352
0.168 0.18772 0.2212
0.1752 0.19124 0.2236
0.1648 0.20168 0.248
0.1692 0.1926 0.2208
0.1768 0.20764 0.2284
0.1832 0.19584 0.232
0.1656 0.1922 0.2412
0.1732 0.19964 0.2292
0.1652 0.19268 0.2196
0.1708 0.19788 0.2248
0.1816 0.1976 0.2228
0.1744 0.2 0.2236
0.1716 0.19152 0.2088
0.156 0.18772 0.2216
0.1676 0.19932 0.2232
0.1784 0.19476 0.2088
0.1824 0.205 0.2376
0.1736 0.20056 0.2284
0.1772 0.19796 0.2244
0.1856 0.20532 0.2224
0.1924 0.21124 0.2864
0.164 0.2046 0.2388
0.1764 0.21724 0.2552
0.1752 0.20412 0.2436
0.1816 0.20444 0.2264
0.1768 0.20156 0.2488
0.1704 0.19956 0.2332
0.1732 0.19416 0.2104
0.1748 0.19768 0.24
0.1744 0.19756 0.2232
0.168 0.19308 0.2176
0.1884 0.2022 0.2176
0.178 0.19848 0.2208
0.1768 0.20036 0.2344
0.1668 0.19 0.2556
0.1608 0.18556 0.2088
0.1672 0.18764 0.2124
0.1612 0.19732 0.2404
0.156 0.19792 0.23
0.1824 0.19872 0.22
0.1828 0.19076 0.2044
0.174 0.19296 0.214
0.1516 0.1926 0.2296
0.1784 0.19348 0.2336
0.1724 0.18584 0.2064
0.1592 0.17908 0.1988
0.1528 0.1848 0.2072
0.1564 0.18472 0.2132
0.1652 0.1952 0.2232
0.1768 0.19688 0.2268
0.1576 0.18988 0.2252
0.1592 0.19092 0.2108
0.1756 0.18912 0.2076
0.1548 0.18116 0.212
0.1604 0.18384 0.21
0.1508 0.18668 0.2308
0.1524 0.17968 0.2124
0.1696 0.18812 0.208
0.166 0.18656 0.2344
0.1564 0.17932 0.204
0.1592 0.176 0.1868
0.1664 0.18176 0.2
0.1596 0.1718 0.1932
0.1608 0.17892 0.2068
0.1536 0.17824 0.2008
0.1584 0.18604 0.208
0.1672 0.18708 0.218
0.1616 0.1754 0.1884
0.162 0.17492 0.1908
0.1688 0.18668 0.2112
0.1672 0.18368 0.2384
0.1664 0.17948 0.2104
0.16 0.17984 0.2188
0.1556 0.17124 0.1868
0.1604 0.175 0.1956
0.1676 0.18632 0.2196
0.1456 0.1694 0.1816
0.1564 0.1698 0.1944
0.1468 0.17032 0.1932
0.1604 0.1742 0.1932
0.1396 0.16144 0.1748
0.1456 0.17284 0.1956
0.1524 0.1706 0.1916
0.1516 0.16424 0.186
0.146 0.15896 0.1728
0.1576 0.17276 0.1908
0.1556 0.16792 0.1808
0.1404 0.16844 0.2108
0.1616 0.17116 0.1864
0.1548 0.169 0.1932
0.148 0.168 0.2016
0.1496 0.16356 0.1764
0.1524 0.17512 0.1892
0.1568 0.17332 0.2008
0.1552 0.1744 0.1884
0.1708 0.19164 0.2112
0.1648 0.17248 0.196
0.1512 0.17244 0.2024
0.1668 0.18352 0.1948
0.1516 0.17292 0.198
0.16 0.1694 0.1892
0.1472 0.17064 0.1928
0.1536 0.1736 0.2048
0.154 0.17012 0.184
0.1632 0.17836 0.2044
0.1536 0.16372 0.1736
0.1532 0.16876 0.1776
0.1484 0.16436 0.1816
0.1496 0.1642 0.186
0.1424 0.1602 0.1756
0.1432 0.1654 0.1884
0.148 0.17096 0.1876
0.1468 0.16568 0.1832
0.1544 0.17912 0.2108
0.1396 0.16152 0.1796
0.1516 0.16784 0.182
0.1644 0.17536 0.2024
0.1628 0.17564 0.1936
0.1568 0.17044 0.1844
0.1432 0.16432 0.1892
0.1556 0.17336 0.1864
0.1648 0.17884 0.2008
0.1596 0.1738 0.1884
0.1488 0.16888 0.1968
0.1576 0.17676 0.1976
0.1604 0.172 0.1904
0.1584 0.17688 0.2032
0.1616 0.16836 0.1848
0.1492 0.17532 0.2112
0.1536 0.16912 0.1808
0.1516 0.1674 0.1784
0.1548 0.16908 0.1984
0.1516 0.17256 0.1936
0.1496 0.1652 0.1988
0.15 0.16956 0.1932
0.1516 0.16636 0.1768
0.1524 0.17224 0.1904
0.1476 0.16856 0.1796
0.1532 0.16752 0.1864
0.156 0.17124 0.1888
0.15 0.173 0.1932
0.1544 0.17168 0.2044
0.1504 0.16276 0.1776
0.1576 0.1714 0.1872
0.1568 0.17456 0.1904
0.1568 0.16908 0.1868
0.1508 0.16852 0.1976
0.1532 0.17508 0.2016
0.1648 0.17444 0.1924
0.1484 0.17212 0.1972
0.1552 0.17124 0.1836
0.1432 0.17252 0.1828
0.1532 0.16796 0.1792
0.1388 0.17036 0.1932
0.152 0.1678 0.1884
0.1528 0.17204 0.1908
0.1576 0.17104 0.1928
0.1592 0.16996 0.1828
0.154 0.16592 0.1768
0.1512 0.1682 0.1892
0.1536 0.17044 0.1892
0.1492 0.1654 0.1844
0.148 0.16668 0.1788
0.1516 0.16556 0.1772
0.1508 0.1664 0.1808
0.1536 0.1698 0.1844
0.1504 0.16632 0.1832
0.1396 0.17108 0.2096
0.1488 0.16616 0.1828
0.1528 0.17264 0.1864
0.1552 0.1698 0.196
0.1536 0.17416 0.1956
0.1584 0.166 0.1784
0.1468 0.17152 0.1912
0.1488 0.16336 0.1756
0.1412 0.15676 0.1708
0.1436 0.15912 0.194
0.1484 0.16308 0.1896
0.1368 0.16216 0.1884
0.1576 0.16784 0.1852
0.152 0.16332 0.1816
0.1564 0.16536 0.1936
0.144 0.1604 0.1796
0.1356 0.16628 0.1908
0.1496 0.16408 0.1904
0.1432 0.16184 0.1764
0.1504 0.16664 0.194
0.1528 0.1662 0.1844
0.1376 0.15972 0.1836
0.1416 0.15748 0.1772
0.1456 0.16408 0.196
0.1412 0.16252 0.1856
0.14 0.15912 0.1736
0.1488 0.16392 0.1884
0.1528 0.17088 0.186
0.1436 0.15796 0.1752
0.1496 0.16416 0.1832
0.1528 0.16428 0.1808
0.1468 0.16068 0.1868
0.1476 0.163 0.1844
0.1468 0.15468 0.1676
0.1304 0.15432 0.1708
0.1396 0.1612 0.1788
0.1344 0.15216 0.1744
0.1304 0.14548 0.1572
0.1352 0.15328 0.1644
0.1416 0.15628 0.1732
0.144 0.16524 0.1904
0.1356 0.16112 0.1876
0.1388 0.16 0.1872
0.1472 0.16116 0.1764
0.148 0.15844 0.1904
0.1456 0.1568 0.1696
0.1548 0.16732 0.1908
0.15 0.1652 0.18
0.1452 0.165 0.1976
0.1364 0.15716 0.1768
0.15 0.16484 0.1872
0.1368 0.16096 0.1836
0.146 0.16416 0.1768
0.1508 0.1674 0.1836
0.1492 0.16292 0.1832
0.1416 0.15948 0.1816
0.1416 0.16128 0.1844
0.158 0.16892 0.19
0.154 0.16448 0.1864
0.144 0.15924 0.1744
0.1364 0.15684 0.1804
0.1464 0.15716 0.1732
0.144 0.16584 0.1752
0.1464 0.15636 0.1712
0.1528 0.16796 0.1892
0.142 0.1578 0.1816
0.1384 0.16072 0.174
0.1468 0.1568 0.1696
0.1352 0.16232 0.1876
0.1512 0.1658 0.1888
0.154 0.17232 0.1892
0.1472 0.16456 0.1864
0.1552 0.17116 0.1836
0.1604 0.18208 0.2052
0.1556 0.17292 0.1968
0.1632 0.18572 0.2132
0.1544 0.17544 0.2096
0.1596 0.18004 0.2184
0.1484 0.17088 0.1972
0.1476 0.17228 0.198
0.1524 0.17148 0.188
0.152 0.17784 0.2012
0.1576 0.1792 0.1936
0.1564 0.17316 0.1912
0.1588 0.17548 0.2096
0.1412 0.16736 0.1876
0.148 0.16624 0.1804
0.1508 0.16232 0.1756
0.1448 0.16472 0.1872
0.156 0.16748 0.1804
0.1508 0.16468 0.1872
0.1552 0.16852 0.186
0.1448 0.15904 0.176
0.1328 0.16188 0.1824
0.1352 0.16148 0.1884
0.1468 0.16256 0.1912
0.1444 0.15952 0.18
0.1504 0.16636 0.1808
0.1504 0.16408 0.1816
0.1404 0.15732 0.1768
0.134 0.15708 0.1824
0.1356 0.15504 0.1748
0.1336 0.15192 0.1704
0.1388 0.15376 0.1696
0.1412 0.15784 0.1764
0.138 0.14972 0.1732
0.1364 0.15616 0.1788
0.144 0.15812 0.1864
0.142 0.1568 0.1748
0.1424 0.16196 0.186
0.1496 0.16584 0.1896
0.1364 0.16144 0.1908
0.1496 0.16936 0.1952
0.1412 0.17152 0.21
0.1416 0.16212 0.174
0.1484 0.15944 0.1764
0.1468 0.15808 0.1732
0.1428 0.1606 0.184
0.1464 0.15932 0.1732
0.1444 0.16272 0.1848
0.1424 0.16764 0.194
0.1404 0.1602 0.1696
0.1412 0.15588 0.1912
0.1444 0.16964 0.2108
0.1432 0.16556 0.184
0.156 0.17016 0.1912
0.146 0.17092 0.1964
0.1456 0.1628 0.1732
0.1448 0.15764 0.1748
0.1428 0.1596 0.1856
0.1484 0.16136 0.1744
0.14 0.1578 0.1816
0.1268 0.1502 0.1652
0.1388 0.15772 0.1792
0.15 0.15692 0.1692
0.1388 0.16196 0.178
0.1492 0.16048 0.1796
0.1468 0.15716 0.1732
0.1212 0.15356 0.1676
0.1396 0.15444 0.1704
0.1492 0.16428 0.1996
0.1476 0.16032 0.1796
0.1336 0.15596 0.1776
0.1508 0.16076 0.1756
0.1412 0.15948 0.1764
0.1524 0.16424 0.1832
0.152 0.16352 0.1724
0.1384 0.16248 0.188
0.1504 0.17116 0.1892
0.1484 0.16532 0.1836
0.1372 0.15648 0.1648
0.1428 0.15188 0.1688
0.1404 0.16124 0.19
0.1436 0.16532 0.1892
0.1448 0.1626 0.1776
0.146 0.1714 0.2008
0.1404 0.16152 0.1792
0.1456 0.1668 0.1888
0.1416 0.16288 0.194
0.1456 0.16316 0.18
0.142 0.1632 0.1872
0.1348 0.15612 0.1768
0.144 0.16152 0.1784
0.1468 0.16188 0.1744
0.144 0.16276 0.1796
0.1476 0.16484 0.192
0.1472 0.15928 0.174
0.1452 0.1634 0.1812
0.1432 0.15716 0.1696
0.1436 0.16216 0.1888
0.1428 0.15536 0.1688
0.1336 0.159 0.188
0.1404 0.15636 0.1756
0.1416 0.1542 0.1836
0.1448 0.159 0.176
0.146 0.15824 0.1772
0.1396 0.15948 0.1768
0.1364 0.15968 0.1804
0.152 0.16668 0.1872
0.1444 0.15968 0.1724
0.1508 0.16616 0.1848
0.1484 0.16444 0.1888
0.1256 0.15556 0.1688
0.1464 0.161 0.1748
0.1484 0.1634 0.178
0.1444 0.16524 0.1868
0.1468 0.15792 0.164
0.146 0.156 0.1656
0.146 0.16132 0.18
0.144 0.15648 0.1872
0.142 0.1654 0.1792
0.1472 0.16136 0.1828
0.1472 0.1586 0.1728
0.1384 0.1548 0.1684
0.1428 0.15796 0.1672
0.146 0.15468 0.166
0.1532 0.16208 0.1776
0.1448 0.1618 0.1756
0.14 0.15968 0.1808
0.1456 0.16008 0.178
0.142 0.15836 0.178
0.1404 0.15768 0.1756
0.1376 0.15248 0.1788
0.1432 0.15456 0.166
0.1412 0.16136 0.1836
0.144 0.1614 0.1796
0.1388 0.16008 0.1816
0.1348 0.15012 0.1608
0.138 0.15268 0.168
0.142 0.15632 0.1944
0.136 0.15496 0.1768
0.1328 0.1574 0.176
0.1364 0.15336 0.1696
0.138 0.15372 0.1716
0.1488 0.16496 0.1896
0.1508 0.16056 0.184
0.142 0.15996 0.1764
0.1424 0.15956 0.1796
0.1432 0.15568 0.1716
0.134 0.15392 0.1952
0.1336 0.15032 0.1672
0.1364 0.15268 0.1756
0.1392 0.15412 0.1812
0.1444 0.15864 0.1804
0.1416 0.16096 0.1864
0.1384 0.15072 0.1696
0.1444 0.15408 0.1632
0.1424 0.15024 0.158
0.1308 0.14808 0.162
0.138 0.15296 0.1628
0.14 0.15528 0.1648
0.1412 0.1546 0.1708
0.1392 0.15404 0.1708
0.1464 0.15752 0.1676
0.1388 0.15468 0.1684
0.1336 0.1506 0.16
0.1416 0.15752 0.17
0.1404 0.15136 0.172
0.1384 0.15164 0.1592
0.1432 0.1522 0.1652
0.1388 0.15552 0.1672
0.1468 0.15712 0.1792
0.1372 0.1482 0.1736
0.1416 0.15428 0.1624
0.1448 0.15708 0.1692
0.1444 0.15328 0.1608
0.1396 0.15564 0.1704
0.1484 0.15628 0.1684
0.1388 0.15604 0.168
0.1424 0.15428 0.1716
0.1476 0.15944 0.1784
0.144 0.15348 0.1672
0.1476 0.15896 0.1712
0.1488 0.15444 0.1624
0.144 0.15488 0.1644
0.1372 0.15112 0.1604
0.1396 0.14976 0.1616
0.1324 0.15944 0.1796
0.132 0.14644 0.1676
0.1416 0.15448 0.1704
0.1384 0.14956 0.162
0.1456 0.1524 0.166
0.1296 0.14628 0.1624
0.136 0.1434 0.1528
0.1432 0.15148 0.1664
0.1396 0.15404 0.162
0.132 0.15272 0.166
0.1436 0.15172 0.162
0.1404 0.15228 0.1612
0.1324 0.14684 0.1616
0.1416 0.15148 0.168
0.1376 0.15088 0.16
0.1328 0.14784 0.1564
0.1408 0.15268 0.1624
0.1328 0.147 0.1548
0.138 0.1506 0.1684
0.1396 0.1526 0.164
0.1368 0.14972 0.164
0.1388 0.15356 0.1948
0.1368 0.15176 0.1776
0.1364 0.15088 0.1636
0.1328 0.14876 0.1676
0.1372 0.1482 0.1592
0.1348 0.14792 0.1564
0.1408 0.14836 0.1544
0.1404 0.14696 0.1588
0.136 0.1456 0.1588
0.1344 0.1506 0.1628
0.1368 0.14856 0.1536
0.1404 0.14944 0.1664
0.136 0.14904 0.162
0.1396 0.15188 0.1632
0.146 0.1548 0.17
0.1436 0.15196 0.1652
0.1332 0.14512 0.1556
0.128 0.14588 0.158
0.1424 0.14964 0.1568
0.1352 0.1502 0.162
0.1268 0.15096 0.166
0.1404 0.15008 0.1724
0.1344 0.15488 0.1688
0.1468 0.15476 0.1708
0.1404 0.15364 0.1644
0.1412 0.1586 0.1684
0.134 0.1528 0.1684
0.1372 0.15036 0.1672
0.1452 0.15608 0.1724
0.142 0.1522 0.172
0.1556 0.16376 0.1748
0.1464 0.15624 0.1652
0.1484 0.15524 0.1656
0.1468 0.16096 0.1792
0.1432 0.15384 0.1724
0.1524 0.15764 0.1668
0.1452 0.15524 0.1796
0.1396 0.15204 0.164
0.1384 0.15592 0.1716
0.1456 0.157 0.1752
0.1396 0.15104 0.1652
0.1404 0.15808 0.168
0.1428 0.15892 0.1792
0.1472 0.15744 0.1756
0.1468 0.15348 0.1632
0.136 0.15404 0.1708
0.134 0.1524 0.1664
0.1432 0.15556 0.1768
0.1432 0.15848 0.1684
0.1428 0.15416 0.176
0.1428 0.15676 0.1704
0.1412 0.15352 0.168
0.1468 0.15484 0.1712
0.1424 0.15664 0.18
0.146 0.15444 0.1652
0.146 0.1578 0.1684
0.1456 0.15524 0.162
0.1396 0.15416 0.1624
0.1304 0.15208 0.1636
0.1456 0.15428 0.1636
0.1256 0.15252 0.1628
0.148 0.15672 0.1712
0.1404 0.15092 0.1688
0.1356 0.1554 0.1812
0.14 0.15236 0.1608
0.144 0.15156 0.1628
0.1356 0.15032 0.1656
0.1392 0.147 0.1552
0.136 0.14828 0.1592
0.132 0.14764 0.1592
0.1408 0.15016 0.1624
0.142 0.15432 0.1688
0.1376 0.15048 0.1648
0.136 0.14632 0.1676
0.1348 0.15044 0.1712
0.1388 0.14828 0.166
0.1324 0.14852 0.1596
0.13 0.142 0.1572
0.1396 0.14808 0.1568
0.13 0.14272 0.1596
0.1208 0.14196 0.1664
0.1368 0.14396 0.1528
0.1276 0.13932 0.154
0.128 0.13788 0.15
0.1268 0.1398 0.1572
0.1328 0.14712 0.1684
0.1352 0.14252 0.1528
0.1288 0.13972 0.154
0.1388 0.14668 0.1524
0.1368 0.1448 0.164
0.13 0.14236 0.1572
0.1332 0.14428 0.1516
0.1248 0.14424 0.1548
0.1432 0.14936 0.1668
0.1376 0.14748 0.1644
0.1456 0.15052 0.1592
0.1344 0.14496 0.156
0.1356 0.14492 0.1532
0.1316 0.14604 0.1636
0.1372 0.14488 0.1564
0.1272 0.14164 0.1592
0.1376 0.1476 0.1536
0.1312 0.1464 0.1588
0.136 0.14776 0.1652
0.1364 0.1482 0.1544
0.1348 0.14984 0.162
0.136 0.14736 0.1576
0.1456 0.15384 0.166
0.138 0.15032 0.1628
0.134 0.14976 0.1664
0.14 0.15104 0.1644
0.14 0.14676 0.1596
0.1428 0.153 0.1616
0.1404 0.15008 0.1644
0.1484 0.15568 0.1636
0.1448 0.15736 0.1676
0.1464 0.15824 0.1732
0.142 0.153 0.1628
0.1528 0.16152 0.1688
0.1308 0.15668 0.1808
0.1516 0.15968 0.1732
0.1412 0.15256 0.17
0.1464 0.1616 0.1812
0.1392 0.15348 0.1636
0.14 0.15432 0.1724
0.1324 0.14572 0.168
0.1368 0.15108 0.1676
0.1368 0.1466 0.156
0.1344 0.15104 0.1572
0.1376 0.14452 0.1556
0.1384 0.1452 0.1524
0.1336 0.14384 0.1544
0.1344 0.14292 0.1532
0.1312 0.14336 0.1532
0.1332 0.14336 0.1624
0.1376 0.14392 0.1576
0.1312 0.14056 0.152
0.1324 0.1414 0.1476
0.1288 0.142 0.158
0.124 0.14016 0.1556
0.13 0.13944 0.1528
0.1356 0.14048 0.1484
0.1324 0.14012 0.1472
0.1332 0.14228 0.1516
0.1348 0.14364 0.1504
0.1316 0.14308 0.1544
0.1344 0.1446 0.1624
0.1332 0.14352 0.1636
0.1296 0.14108 0.1504
0.1336 0.14 0.1472
0.1288 0.1398 0.1476
0.1328 0.13756 0.1456
0.1296 0.1412 0.148
0.13 0.142 0.1636
0.1256 0.13576 0.1548
0.1336 0.14176 0.1524
0.1352 0.1386 0.1448
0.1308 0.14124 0.1532
0.1232 0.13852 0.1552
0.126 0.13848 0.1488
0.1324 0.14028 0.1496
0.1288 0.14008 0.1508
0.1248 0.13684 0.1444
0.134 0.14184 0.152
0.132 0.14 0.15
0.1324 0.1388 0.1472
0.1336 0.13912 0.1444
0.1336 0.14176 0.1484
0.1304 0.14244 0.1544
0.1396 0.1456 0.164
0.136 0.14372 0.1568
0.1356 0.14492 0.152
0.1352 0.14564 0.1588
0.134 0.14584 0.1564
0.1264 0.14432 0.1652
0.14 0.15156 0.168
0.1356 0.14956 0.1544
0.1352 0.14488 0.1532
0.1372 0.14908 0.1608
0.1348 0.1456 0.1592
0.1388 0.14996 0.1624
0.1412 0.15028 0.1592
0.14 0.15172 0.17
0.1368 0.15348 0.1768
0.1376 0.15192 0.1668
0.14 0.15032 0.1656
0.1396 0.15064 0.1584
0.134 0.14444 0.1564
0.1328 0.14424 0.1576
0.1392 0.14516 0.1512
0.1336 0.1454 0.1588
0.1352 0.14344 0.1516
0.1356 0.14212 0.1472
0.1332 0.14204 0.1572
0.13 0.13844 0.152
0.1284 0.13916 0.152
0.1344 0.14176 0.1488
0.1364 0.1456 0.1584
0.1276 0.14272 0.1548
0.13 0.14052 0.1512
0.1296 0.1408 0.1496
0.136 0.14452 0.1528
0.1324 0.14232 0.148
0.1332 0.1454 0.1552
0.1328 0.14272 0.1516
0.1408 0.14536 0.1572
0.1324 0.14452 0.158
0.1388 0.1454 0.1516
0.136 0.14796 0.1656
0.1368 0.1438 0.15
0.1404 0.14432 0.1496
0.1296 0.14468 0.1548
0.14 0.14648 0.1572
0.1324 0.14328 0.1572
0.1372 0.14644 0.16
0.13 0.143 0.154
0.1356 0.14516 0.1548
0.1312 0.1396 0.1488
0.1332 0.13948 0.146
0.1304 0.1414 0.156
0.136 0.14288 0.152
0.1308 0.14236 0.1488
0.138 0.14196 0.1492
0.1328 0.13984 0.1484
0.1368 0.1432 0.1504
0.1344 0.14256 0.1484
0.1368 0.14412 0.1504
0.1336 0.14184 0.1468
0.1392 0.14352 0.1508
0.14 0.14752 0.1584
0.1316 0.14276 0.1488
0.1376 0.14344 0.1508
0.1372 0.14436 0.1552
0.1368 0.1488 0.1596
0.1356 0.14688 0.1636
0.1412 0.1484 0.1556
0.1368 0.14708 0.1624
0.1348 0.14732 0.156
0.1384 0.14564 0.154
0.1396 0.14868 0.168
0.1416 0.14788 0.1532
0.1384 0.14464 0.156
0.1436 0.1502 0.1604
0.1376 0.14684 0.1504
0.136 0.15472 0.1648
0.1388 0.1496 0.16
0.138 0.14924 0.16
0.14 0.14748 0.1532
0.142 0.1486 0.1576
0.1436 0.15164 0.1604
0.1476 0.15316 0.162
0.1388 0.14808 0.1556
0.1388 0.14804 0.1556
0.1428 0.15248 0.1704
0.1412 0.15028 0.164
0.138 0.15152 0.1648
0.14 0.15056 0.1592
0.14 0.15132 0.1636
0.1424 0.15076 0.1628
0.1432 0.14808 0.1576
0.1452 0.14976 0.1588
0.1412 0.15356 0.1668
0.1408 0.15004 0.1624
0.1372 0.15052 0.16
0.14 0.14876 0.1548
0.1456 0.15112 0.1572
0.1424 0.15436 0.1716
0.138 0.14876 0.1648
0.14 0.14512 0.1548
0.1344 0.14536 0.1532
0.1376 0.14544 0.1572
0.1416 0.14852 0.1556
0.138 0.1468 0.1552
0.1332 0.14316 0.1536
0.1396 0.14588 0.1588
0.134 0.14412 0.1532
0.1384 0.14572 0.1512
