-9783.30717203 -4789.69056759 -1735.82047565
-10075.7642938 -5494.2794068 -1763.41518933
-7907.42739513 -4871.78754859 -1771.81313433
-6312.2138249 -2233.5075847 -1744.40997799
-1786.39609756 -1763.69571706 -1743.08286265
-8960.99450051 -3666.79785006 -1686.05329481
-1821.05443581 -1650.94659336 -616.708661881
-9417.55228382 -3055.89633256 -1683.66861704
-9427.9538214 -2998.8965141 -1748.04847655
-1816.28024023 -1745.37881477 -1622.96410152
-1839.02428753 -1748.61672239 -1604.92734807
-1898.96478108 -1643.98861622 -1044.93516727
-8433.69899437 -2351.79726827 -1423.16958125
-10051.1621207 -3226.44214421 -1017.91231992
-5686.50674347 -2260.19044781 -1333.41623622
-1782.50751212 -1179.68581068 70.138984248
-3552.51224679 -1649.57572967 -486.570117467
-9622.31842853 -2505.61519224 -406.831312324
-8654.59007363 -1985.62435156 -403.763519752
-9568.05169471 -2432.27987173 -30.2721977118
-9108.2681719 -2290.28379301 -0.40003490924
-9442.54916107 -3855.88280657 -1060.92676752
-4766.23712018 -1733.35720191 -104.897177357
-8980.20581026 -4255.83301043 -416.997312991
-8943.14453614 -3788.92885637 -1091.15145656
-5695.68407945 -1951.3784577 -757.043958301
-9490.15538149 -2074.7409265 -250.152233054
-9199.06079167 -3011.95912885 -249.45481357
-7787.12196463 -3175.8378382 -90.3311571979
-9167.47707162 -1854.23088117 -32.3295013065
-1729.55951556 -677.753539669 213.541965183
-9252.92041235 -3106.48318212 -83.7968253928
-8908.58726168 -2778.74707539 225.118991808
-8540.03511887 -2072.31561966 -37.5050412476
-8617.67003186 -1635.12889782 28.4024066742
-9275.194684 -3102.35243773 86.8394279288
-1071.11663495 -472.673486583 231.76102165
-1715.47436554 -711.994026429 121.767458592
-6236.7336919 -1033.27219938 289.218024895
-1969.6893853 -831.267775601 93.2731294859
-9891.25762158 -3408.10564467 274.123886856
-9279.81124443 -2185.29530053 205.269177739
-9136.52783001 -3977.40021639 240.395469769
-8737.01705469 -2111.89163092 180.706456594
-9434.43047961 -2312.57935016 184.575069633
-8132.50688979 -1297.19338599 147.939864064
-1872.33282313 -532.659237699 294.76648706
-1301.28797867 -462.329585142 304.561065433
-231.17796018 4.05586552038 235.010493097
-2621.5429712 -542.049440757 298.54819075
-1788.20478094 -215.587489609 258.822080999
-9030.00188584 -1371.92712134 101.90188559
-3836.37884446 -401.56029712 175.38904147
-8362.35524812 -1116.81234667 226.330261999
-1247.0799612 -140.623420748 342.792230872
-1645.02744403 -521.955449141 91.231731268
-7440.58424766 -1297.02611144 457.282347951
-7490.41428424 -2027.30204811 281.064924345
-1344.40533063 -267.360846659 499.131543087
-9590.67429243 -1423.78212096 193.501719789
-801.974526239 -34.6958282316 214.079690018
-7197.38772645 -714.326412492 344.437117907
-7007.34171383 -905.914582263 153.891247721
-1723.64344348 -401.745511144 189.860845597
-951.548651956 -93.8364331714 361.073920481
-865.057437915 -165.100191704 243.658977431
-7419.61814487 -944.269644719 260.796768379
-2080.40731536 -823.100972497 77.991645236
-857.122566294 -217.079704004 285.674598494
-799.74701333 -125.521076062 349.72156097
-1248.40452027 -345.634507913 143.952817936
-1298.71731233 -241.487013983 275.773848418
-1297.8852195 -305.965023239 257.439469471
-7374.94323287 -1019.06057417 166.13440822
-1589.86492067 -394.403653709 268.579187354
-5315.98493745 -1126.19342502 194.210540339
-2578.80262938 -327.573256245 381.213007355
-4135.44880608 -630.134868952 183.570745627
-9193.62197263 -1300.5971952 157.582268512
-7666.66401121 -952.14538957 303.580111379
-9089.27029978 -1977.61190383 168.149611832
-988.211562925 -98.7378240974 227.130193873
-9149.07497697 -4445.8261832 249.042039303
-5327.85841904 -937.20399866 154.802445688
-2426.82406042 -882.431644234 153.665946798
-1149.72282763 -242.372049706 179.856020287
-776.809069712 -289.002666256 360.25652874
-1580.78312105 -383.658817669 192.261244555
-919.62000412 -69.8105101788 122.766099194
-560.476302463 -7.33317582205 465.6633314
-8103.39201037 -1327.51183954 175.866953033
-1263.60747291 -131.954136937 348.315289173
-439.169631425 -7.49088481896 195.598379926
-634.555485253 -77.7370980232 234.049969728
-1716.47979816 -289.698017038 286.331918762
-598.631857205 46.2848510719 308.935913623
-553.267445434 -1.84661525768 391.002862174
