0.2612 0.44478 0.6
0.28376 0.463652 0.6
0.267 0.481204 0.6
0.23188 0.317868 0.56696
0.21956 0.28638 0.33988
0.25888 0.394212 0.6
0.23312 0.290476 0.34724
0.2516 0.353504 0.6
0.25496 0.378996 0.6
0.23024 0.320284 0.43328
0.2076 0.28948 0.4068
0.21508 0.29654 0.44856
0.2088 0.278728 0.5948
0.23716 0.392604 0.6
0.19624 0.31808 0.47352
0.15084 0.224848 0.29628
0.2032 0.27552 0.44612
0.19504 0.283108 0.6
0.17364 0.26956 0.6
0.16208 0.290824 0.6
0.18076 0.283316 0.6
0.19584 0.360344 0.6
0.187 0.23398 0.40144
0.17624 0.36708 0.59196
0.19088 0.386864 0.6
0.17208 0.258344 0.41916
0.17396 0.269512 0.6
0.19188 0.338912 0.6
0.15488 0.337988 0.55488
0.15364 0.275848 0.6
0.14816 0.202236 0.31712
0.1504 0.309832 0.6
0.16448 0.31034 0.6
0.148 0.252 0.5582
0.14812 0.229932 0.6
0.14784 0.3069 0.6
0.14736 0.162824 0.18172
0.14072 0.167796 0.22884
0.1462 0.193912 0.44676
0.14836 0.173104 0.24736
0.1368 0.31864 0.6
0.13636 0.242132 0.6
0.1308 0.345412 0.6
0.12828 0.23824 0.6
0.13468 0.256548 0.6
0.1328 0.19106 0.54028
0.13656 0.157112 0.19496
0.12664 0.14972 0.16512
0.13368 0.142004 0.15252
0.13 0.163084 0.2402
0.12592 0.145232 0.20584
0.13044 0.193304 0.58224
0.1262 0.15492 0.32728
0.13356 0.19444 0.56004
0.12696 0.134976 0.16444
0.13052 0.144184 0.1806
0.1288 0.199448 0.51168
0.12984 0.23502 0.49248
0.12468 0.137836 0.17048
0.1236 0.1935 0.59192
0.1242 0.137344 0.16776
0.12552 0.1711 0.49432
0.12672 0.174096 0.4886
0.12324 0.145592 0.18908
0.127 0.138772 0.16772
0.1252 0.140284 0.156
0.13488 0.180444 0.49976
0.13308 0.161444 0.21244
0.12796 0.136436 0.14724
0.1284 0.138272 0.15124
0.12968 0.140636 0.16256
0.12864 0.140136 0.14944
0.12632 0.141748 0.16956
0.13376 0.179772 0.50236
0.13376 0.147152 0.1706
0.12636 0.1763 0.41424
0.12788 0.148648 0.26372
0.12768 0.160972 0.32416
0.13224 0.195936 0.6
0.13192 0.185872 0.53224
0.13408 0.234496 0.6
0.12668 0.139036 0.17992
0.12872 0.36432 0.6
0.1234 0.163336 0.39152
0.12928 0.166564 0.2248
0.12488 0.137628 0.1632
0.129 0.141208 0.16912
0.12868 0.141308 0.17756
0.126 0.13666 0.16064
0.1258 0.130988 0.13688
0.12412 0.188732 0.539
0.126 0.134324 0.14776
0.12092 0.1313 0.14472
0.11952 0.128456 0.14244
0.12264 0.133216 0.1546
0.12308 0.131092 0.15244
0.12404 0.132516 0.15104
0.12388 0.125484 0.12776
0.12312 0.125284 0.1266
0.12328 0.125384 0.12736
0.12304 0.124836 0.12696
0.12312 0.1242 0.12492
0.12216 0.124328 0.1256
0.123 0.124836 0.12696
0.1228 0.12476 0.12696
0.12272 0.124452 0.12652
0.12416 0.125296 0.12588
0.12312 0.124704 0.12592
0.12276 0.124552 0.12636
0.1234 0.125428 0.12672
0.12484 0.125916 0.12728
0.12344 0.125264 0.12688
0.124 0.125252 0.12616
0.12428 0.125068 0.12696
0.12392 0.124812 0.12576
0.1238 0.125512 0.12664
0.12412 0.125344 0.12708
0.12344 0.125516 0.1272
0.12444 0.126164 0.12768
0.124 0.125612 0.12724
0.12436 0.125652 0.12788
0.12476 0.126636 0.12864
0.12444 0.126016 0.12744
0.12496 0.126672 0.12848
0.12448 0.125884 0.1278
0.12412 0.126056 0.12808
0.12424 0.126432 0.128
0.1242 0.12578 0.12824
0.12404 0.12522 0.12688
0.12212 0.125864 0.13056
0.12572 0.126488 0.12768
0.12476 0.126368 0.12848
0.12364 0.126152 0.12808
0.12372 0.126704 0.12932
0.12444 0.126304 0.12936
0.12484 0.12664 0.13
0.12496 0.12682 0.1292
0.12464 0.126048 0.12792
0.12524 0.126316 0.12768
0.12396 0.125984 0.12936
0.12324 0.125924 0.12728
0.12444 0.126696 0.12824
0.12256 0.125096 0.12672
0.1248 0.1264 0.12816
0.1244 0.126004 0.1274
0.12416 0.125852 0.12708
0.12412 0.12558 0.12748
0.1248 0.125924 0.12752
0.12336 0.125596 0.12788
0.1242 0.125736 0.12788
0.12484 0.125872 0.12724
0.12512 0.126764 0.12856
0.12412 0.125916 0.12796
0.12408 0.126348 0.128
0.12532 0.126764 0.12908
0.1244 0.12656 0.12768
0.1244 0.126272 0.12824
0.1246 0.126304 0.12748
0.12544 0.126376 0.12744
0.12492 0.126656 0.13032
0.12516 0.126668 0.12792
0.12504 0.126396 0.12828
0.12584 0.126804 0.12772
0.12556 0.12678 0.12908
0.12572 0.126896 0.1288
0.12612 0.126756 0.12804
0.1252 0.12694 0.12968
0.12524 0.127012 0.12936
0.12524 0.126536 0.12804
0.1256 0.126812 0.13012
0.12564 0.127952 0.12936
0.12428 0.126968 0.12828
0.12532 0.126896 0.12836
0.12492 0.126632 0.12884
0.12524 0.127448 0.13032
0.125 0.126572 0.12888
0.12536 0.126704 0.1282
0.12492 0.126848 0.129
0.12468 0.126756 0.12904
0.12516 0.1267 0.1284
0.12492 0.12596 0.12792
0.12492 0.12672 0.12976
0.12492 0.126848 0.1288
0.12504 0.127116 0.1288
0.1236 0.126156 0.12784
0.12452 0.125804 0.12772
0.1252 0.126972 0.12936
0.12528 0.126524 0.12804
0.12472 0.126796 0.12856
0.12592 0.12726 0.12884
0.12456 0.126844 0.12868
0.12496 0.126332 0.12816
0.12312 0.125676 0.12808
0.124 0.12604 0.12868
0.12472 0.12654 0.1284
0.12348 0.125916 0.12812
0.12508 0.126772 0.12868
0.12504 0.127084 0.12908
0.12448 0.126864 0.129
0.12476 0.12612 0.12728
0.1264 0.12718 0.12804
0.12444 0.127308 0.12912
0.12328 0.126344 0.12864
0.12508 0.126616 0.12916
0.12552 0.126672 0.1282
0.1234 0.125764 0.12792
0.12488 0.126132 0.12804
0.12316 0.125996 0.12792
0.12484 0.12626 0.12724
0.12448 0.126176 0.12824
0.12492 0.126124 0.12752
0.12344 0.126144 0.12788
0.12444 0.125592 0.1268
0.12388 0.12626 0.12872
0.1242 0.126668 0.12972
0.125 0.126528 0.129
0.12452 0.126508 0.12752
0.12512 0.12684 0.12932
0.12472 0.127036 0.12888
0.12584 0.127616 0.12924
0.1254 0.12672 0.12828
0.12512 0.127672 0.12936
0.12476 0.127528 0.12984
0.12484 0.126904 0.13012
0.12608 0.12698 0.1282
0.12584 0.12728 0.12848
0.12624 0.127308 0.12944
0.12472 0.126808 0.12928
0.1258 0.126752 0.12904
0.1254 0.126928 0.12828
0.12488 0.126712 0.1286
0.12596 0.126984 0.12852
0.12456 0.126348 0.12796
0.1238 0.126436 0.12872
0.12464 0.1262 0.12764
0.12504 0.126284 0.12744
0.12444 0.1262 0.1272
0.12492 0.1264 0.12808
0.1248 0.12664 0.12964
0.12452 0.126528 0.13056
0.125 0.126476 0.12916
0.12432 0.126232 0.1288
0.12476 0.126708 0.12852
0.12452 0.1262 0.12852
0.12368 0.126044 0.12932
0.12536 0.126236 0.12756
0.12492 0.126604 0.1284
0.12472 0.126556 0.12868
0.1246 0.126512 0.12796
0.12312 0.125956 0.12724
0.12488 0.12646 0.12848
0.12512 0.12668 0.12916
0.125 0.126172 0.1272
0.12432 0.125912 0.12708
0.12468 0.125968 0.127
0.12436 0.126072 0.12852
0.12464 0.126272 0.12756
0.125 0.126036 0.12724
0.12452 0.125968 0.1274
0.12484 0.12644 0.12836
0.12336 0.125612 0.12852
0.124 0.126356 0.12932
0.12548 0.126464 0.12796
0.1254 0.126332 0.12736
0.12488 0.126108 0.12824
0.12508 0.126524 0.12808
0.12348 0.126044 0.12884
0.12512 0.1262 0.12756
0.12528 0.12638 0.1276
0.12388 0.125952 0.12772
0.12552 0.12652 0.12852
0.12464 0.126604 0.12844
0.12476 0.126436 0.1286
0.12444 0.126088 0.1288
0.12484 0.126788 0.12796
0.12492 0.126204 0.12728
0.1256 0.126692 0.12828
0.12496 0.126652 0.1284
0.12484 0.12578 0.1284
0.12568 0.126612 0.12772
0.12492 0.126324 0.1282
0.12576 0.126768 0.12868
0.12564 0.126988 0.12964
0.126 0.127332 0.13004
0.12512 0.127632 0.1298
0.12452 0.12684 0.12828
0.125 0.127088 0.1294
0.12536 0.127092 0.12844
0.12556 0.127452 0.13036
0.1256 0.128236 0.13
0.12516 0.127044 0.12916
0.12488 0.127336 0.12928
0.12384 0.126676 0.1294
0.12532 0.127064 0.1292
0.12536 0.127104 0.13052
0.12484 0.126372 0.12828
0.12464 0.125992 0.12788
0.1244 0.126108 0.128
0.1244 0.126664 0.1284
0.12552 0.126564 0.12792
0.12392 0.125936 0.12716
0.12428 0.126372 0.12792
0.12496 0.1265 0.12772
0.12456 0.126372 0.12796
0.12504 0.126332 0.128
0.12492 0.126824 0.12992
0.12452 0.126192 0.1288
0.12452 0.125964 0.12708
0.12464 0.12584 0.12864
0.12308 0.126172 0.12788
0.12424 0.125708 0.12804
0.1242 0.125852 0.1278
0.12356 0.126288 0.12888
0.12316 0.125812 0.1276
0.12316 0.1255 0.1276
0.12324 0.125228 0.12632
0.12416 0.12536 0.127
0.1242 0.125604 0.12808
0.12324 0.125376 0.12704
0.12512 0.126212 0.12676
0.12456 0.126036 0.12828
0.12444 0.125696 0.12692
0.12408 0.125508 0.12704
0.12424 0.125648 0.12692
0.12424 0.125504 0.12684
0.12336 0.125244 0.12648
0.12416 0.125432 0.12736
0.12484 0.125668 0.12748
0.12388 0.125528 0.12688
0.12396 0.125408 0.12676
0.124 0.12516 0.12608
0.12348 0.125188 0.12688
0.12424 0.125404 0.12704
0.12276 0.124948 0.1266
