0.13584 0.13754 0.1406
0.136 0.137404 0.1388
0.13524 0.137084 0.13908
0.136 0.137056 0.13868
0.1358 0.13702 0.13892
0.13476 0.136448 0.13864
0.13484 0.135868 0.13776
0.13516 0.136448 0.13732
0.1346 0.13634 0.13756
0.13524 0.136416 0.13856
0.1338 0.135532 0.13692
0.13576 0.136716 0.13824
0.13584 0.137324 0.13864
0.13496 0.137056 0.13892
0.1362 0.13718 0.13864
0.1362 0.13786 0.14032
0.13704 0.138276 0.13976
0.13648 0.138164 0.13984
0.1372 0.139588 0.14176
0.13648 0.139372 0.14272
0.13644 0.139696 0.14136
0.13916 0.140736 0.14196
0.13872 0.140084 0.14148
0.13796 0.1398 0.14104
0.13856 0.140752 0.14244
0.13812 0.140024 0.1438
0.13836 0.140268 0.14184
0.14004 0.141548 0.14304
0.13784 0.14106 0.14304
0.13948 0.141332 0.14392
0.14016 0.142028 0.14388
0.13952 0.141236 0.1428
0.13936 0.141284 0.14264
0.14032 0.142876 0.14604
0.1396 0.141292 0.143
0.14072 0.142392 0.14544
0.14128 0.143496 0.14468
0.14116 0.14474 0.14696
0.1402 0.142896 0.14544
0.139 0.142532 0.14552
0.1402 0.14386 0.15004
0.14092 0.143944 0.14672
0.14216 0.144252 0.1474
0.1424 0.144408 0.14656
0.14252 0.145188 0.1516
0.14232 0.144556 0.15
0.14252 0.144876 0.14832
0.14112 0.144664 0.14688
0.14156 0.1455 0.14896
0.1424 0.14434 0.14724
0.14252 0.144996 0.14776
0.1416 0.14474 0.14772
0.1418 0.1444 0.14764
0.14272 0.14454 0.14792
0.14408 0.146868 0.1488
0.14232 0.144172 0.14624
0.14208 0.145816 0.14796
0.14252 0.145932 0.14868
0.14436 0.145936 0.14872
0.14236 0.145312 0.14876
0.14192 0.144984 0.14688
0.14364 0.145712 0.1484
0.143 0.144424 0.14584
0.1426 0.14478 0.14764
0.14264 0.145216 0.14892
0.14292 0.144536 0.14728
0.14304 0.144792 0.14624
0.14288 0.145012 0.1476
0.14312 0.145648 0.14884
0.13988 0.144488 0.14724
0.14132 0.145492 0.14872
0.14288 0.14558 0.1486
0.14224 0.145484 0.1486
0.14092 0.144336 0.14696
0.14204 0.144948 0.14672
0.1436 0.145624 0.14836
0.14408 0.145592 0.14852
0.14348 0.145592 0.14724
0.14396 0.145996 0.14884
0.14308 0.14534 0.14784
0.14236 0.145952 0.15012
0.1426 0.146276 0.149
0.1444 0.146428 0.14888
0.14356 0.145852 0.1474
0.14472 0.146648 0.15052
0.14208 0.145168 0.14724
0.14356 0.146544 0.15328
0.14348 0.14614 0.14824
0.1426 0.146852 0.14964
0.14276 0.14554 0.1488
0.145 0.146128 0.14836
0.14508 0.146904 0.14912
0.14324 0.145948 0.14964
0.14412 0.146332 0.14844
0.14412 0.146216 0.14788
0.14332 0.145824 0.14744
0.14356 0.14616 0.14856
0.14428 0.14594 0.14876
0.14416 0.145984 0.14784
0.1438 0.145752 0.14992
0.14536 0.147368 0.1496
0.14332 0.145524 0.14784
0.14332 0.14634 0.14964
0.14436 0.14586 0.14784
0.14412 0.146312 0.14916
0.143 0.145692 0.1496
0.14392 0.146708 0.15128
0.14268 0.14536 0.1482
0.14272 0.145992 0.15008
0.14348 0.147084 0.15076
0.1448 0.146356 0.14832
0.14288 0.146808 0.15096
0.14252 0.145732 0.14868
0.14312 0.14738 0.1522
0.14292 0.145016 0.14684
0.14056 0.145096 0.14668
0.1428 0.144864 0.14632
0.14272 0.145076 0.14852
0.1446 0.146508 0.14812
0.14312 0.145968 0.14748
0.1446 0.145928 0.14824
0.144 0.146564 0.14876
0.14196 0.145284 0.14764
0.14424 0.146536 0.14868
0.14472 0.14628 0.14992
0.1436 0.145292 0.14712
0.14392 0.146644 0.14996
0.14396 0.145792 0.14688
0.14428 0.14666 0.14968
0.14328 0.146704 0.14952
0.14392 0.14598 0.14848
0.14372 0.146296 0.15104
0.14392 0.145576 0.14748
0.14396 0.145632 0.147
0.1432 0.145628 0.14864
0.14472 0.146384 0.1484
0.14548 0.14712 0.15
0.14444 0.146496 0.14812
0.14436 0.145596 0.14796
0.14524 0.146712 0.1492
0.14244 0.145808 0.14752
0.14384 0.145896 0.14928
0.14444 0.14626 0.14776
0.14432 0.1459 0.149
0.1434 0.145128 0.14628
0.14252 0.145448 0.1486
0.14292 0.145356 0.14708
0.14436 0.146292 0.14896
0.14364 0.144916 0.14632
0.14404 0.14518 0.14676
0.14248 0.145824 0.149
0.144 0.145956 0.14812
0.14376 0.145088 0.14732
0.14396 0.145572 0.14732
0.14456 0.145652 0.14636
0.14388 0.146016 0.14952
0.14512 0.146076 0.14776
0.14356 0.1464 0.1498
0.14504 0.147444 0.15244
0.14468 0.147336 0.14936
0.1448 0.147204 0.15024
0.144 0.146592 0.14924
0.14544 0.14716 0.14976
0.14476 0.14752 0.15016
0.1448 0.146532 0.14944
0.1454 0.146872 0.14956
0.14464 0.146188 0.14888
0.14548 0.146792 0.14836
0.14436 0.146856 0.14976
0.1446 0.146792 0.14856
