0.34388 0.367156 0.40364
0.36552 0.40764 0.47676
0.34064 0.4048 0.51476
0.31016 0.352748 0.37712
0.32392 0.360392 0.43924
0.341 0.364532 0.41836
0.31656 0.3527 0.39068
0.30612 0.338828 0.36552
0.31336 0.325504 0.33568
0.3068 0.330228 0.37076
0.3038 0.34088 0.36276
0.30428 0.336084 0.40556
0.29408 0.319432 0.34844
0.28764 0.341516 0.38356
0.29964 0.326228 0.3628
0.29492 0.314916 0.35408
0.27472 0.32276 0.36276
0.29956 0.318108 0.35908
0.2894 0.313824 0.33976
0.29884 0.313472 0.32728
0.3014 0.321064 0.3512
0.29192 0.311312 0.32824
0.28996 0.307268 0.32744
0.28632 0.306392 0.32696
0.26968 0.308648 0.33488
0.30232 0.320432 0.34628
0.28316 0.304772 0.32104
0.29724 0.3268 0.35284
0.3116 0.324832 0.35768
0.2914 0.317864 0.34192
0.30108 0.323976 0.35128
0.30072 0.325076 0.36052
0.30892 0.326 0.35036
0.29576 0.314156 0.35624
0.30168 0.31886 0.33732
0.28428 0.310824 0.34544
0.28184 0.305756 0.33284
0.29376 0.316256 0.35204
0.2788 0.297076 0.31944
0.2846 0.310516 0.33044
0.29144 0.309408 0.33892
0.28656 0.323332 0.3538
0.28488 0.306532 0.35568
0.27912 0.309416 0.36132
0.294 0.3077 0.33008
0.28008 0.306968 0.34908
0.27804 0.300072 0.33012
0.26944 0.309844 0.34136
0.29576 0.315892 0.34188
0.29372 0.308232 0.33544
0.28744 0.314552 0.35072
0.29224 0.30226 0.3186
0.27928 0.31682 0.3694
0.28636 0.307884 0.32236
0.28992 0.315008 0.39312
0.28844 0.309756 0.33032
0.2792 0.299012 0.32604
0.28524 0.318812 0.38112
0.27932 0.305004 0.33792
0.28612 0.31242 0.33128
0.29376 0.321376 0.35892
0.282 0.309808 0.335
0.27228 0.294692 0.31536
0.25864 0.29114 0.31816
0.28484 0.308388 0.38372
0.28032 0.302444 0.3134
0.26564 0.305588 0.33516
0.25532 0.294424 0.31976
0.28368 0.299028 0.32852
0.26844 0.307036 0.32924
0.2694 0.292396 0.31664
0.26184 0.296824 0.34328
0.25972 0.300472 0.34992
0.2728 0.304672 0.32172
0.26132 0.298292 0.32388
0.2726 0.292644 0.32488
0.2596 0.302704 0.42756
0.2612 0.291972 0.321
0.26544 0.28596 0.30744
0.25512 0.28722 0.29876
0.27252 0.288804 0.30184
0.26692 0.29894 0.33292
0.24828 0.292204 0.33932
0.26032 0.304132 0.37504
0.25584 0.283324 0.3078
0.25276 0.27786 0.3202
0.24188 0.272164 0.30452
0.25432 0.287108 0.3202
0.24224 0.277892 0.31616
0.2644 0.29592 0.33608
0.28568 0.33236 0.4228
0.24736 0.301636 0.34608
0.25832 0.30592 0.39192
0.24716 0.27232 0.29668
0.25044 0.292816 0.3328
0.24864 0.278364 0.32508
0.23864 0.280436 0.31652
0.24988 0.309836 0.37548
0.26672 0.303752 0.3242
0.2684 0.290608 0.31688
0.2596 0.3098 0.38752
0.25268 0.298904 0.36936
0.23224 0.266336 0.29012
0.24516 0.286436 0.34364
0.2646 0.283272 0.32556
0.24016 0.272544 0.29988
0.252 0.274124 0.29236
0.24508 0.28364 0.35856
0.24752 0.278884 0.31616
0.25456 0.28134 0.307
0.22848 0.274984 0.3182
0.2684 0.288256 0.31912
0.27148 0.304808 0.35804
0.23896 0.277844 0.30788
0.24496 0.295024 0.36364
0.27508 0.305884 0.35568
0.26516 0.29834 0.36548
0.26292 0.311388 0.35316
0.25828 0.294976 0.33788
0.24404 0.31124 0.3574
0.27548 0.322 0.38236
0.3064 0.342484 0.39004
0.29128 0.311492 0.35888
0.30496 0.34718 0.4008
0.27228 0.316536 0.36288
0.28564 0.363624 0.45244
0.2524 0.33148 0.38864
0.29328 0.347732 0.41404
0.29256 0.347888 0.42308
0.2856 0.375432 0.575
0.2914 0.381284 0.55484
0.29996 0.359296 0.48828
0.30836 0.348748 0.42236
0.33156 0.396156 0.49844
0.30448 0.36108 0.47128
0.32288 0.42086 0.57044
0.29808 0.365624 0.485
0.32692 0.391872 0.498
0.2784 0.408268 0.51292
0.306 0.389164 0.5576
0.31096 0.356112 0.39888
0.29912 0.348972 0.3998
0.31892 0.357224 0.45964
0.30208 0.395012 0.54224
0.31756 0.386352 0.42828
0.30108 0.364856 0.53012
0.35568 0.41962 0.56056
0.31948 0.400492 0.53948
0.31928 0.370696 0.4636
0.30104 0.345392 0.38484
0.30428 0.381036 0.48992
0.30432 0.386236 0.46116
0.32632 0.371348 0.44116
0.30488 0.369404 0.4388
0.29376 0.370252 0.4782
0.298 0.350108 0.40364
0.241 0.347524 0.40596
0.26644 0.355428 0.41344
0.30608 0.375372 0.51984
0.34444 0.39328 0.49796
0.2752 0.365508 0.47132
0.32076 0.36556 0.44588
0.30944 0.43628 0.55728
0.3134 0.41738 0.47856
0.30356 0.349408 0.38316
0.33032 0.400052 0.54608
0.30992 0.35768 0.41472
0.32372 0.41096 0.6
0.29968 0.4024 0.4972
0.35984 0.394592 0.48588
0.29512 0.430588 0.5984
0.27616 0.371344 0.4256
0.3292 0.38304 0.47468
0.315 0.398012 0.54036
0.3006 0.36766 0.4692
0.30532 0.35662 0.40972
0.31224 0.371832 0.4618
0.32116 0.418664 0.55768
0.3288 0.392012 0.44184
0.34084 0.409888 0.52596
0.32552 0.402848 0.58776
0.299 0.373728 0.4274
0.3404 0.416644 0.521
0.29952 0.380728 0.51408
0.31068 0.334884 0.38504
0.2868 0.371652 0.5468
0.30308 0.403896 0.52244
0.31816 0.380384 0.51256
0.289 0.382176 0.49096
0.2908 0.357476 0.40044
0.28784 0.362928 0.42868
0.23768 0.3386 0.42884
0.30908 0.379432 0.49784
0.30988 0.370408 0.43128
0.31816 0.408028 0.58604
0.2836 0.375216 0.4608
0.3242 0.414244 0.55892
0.28704 0.3631 0.48404
0.29888 0.402392 0.58612
0.2696 0.356892 0.43504
0.2582 0.360672 0.44652
0.27392 0.347764 0.43532
0.26052 0.349904 0.51004
0.327 0.374572 0.46828
0.26804 0.326532 0.42224
0.265 0.328404 0.40748
0.25968 0.331516 0.38556
