0.2414 0.248932 0.26244
0.24124 0.249 0.256
0.23324 0.249152 0.2596
0.238 0.252584 0.26152
0.24208 0.25262 0.26328
0.24632 0.252404 0.26208
0.24448 0.2553 0.26904
0.24412 0.250244 0.25688
0.24712 0.25464 0.26936
0.24048 0.254392 0.26572
0.24996 0.256364 0.26268
0.24316 0.255052 0.2668
0.24876 0.259488 0.28168
0.24708 0.260384 0.2694
0.24152 0.254112 0.27524
0.2494 0.269108 0.28348
0.24704 0.265028 0.27824
0.2546 0.26494 0.28284
0.25388 0.272348 0.28448
0.2562 0.270472 0.28964
0.2542 0.27294 0.28444
0.26676 0.273524 0.29116
0.26196 0.277852 0.2886
0.27412 0.280376 0.29112
0.26604 0.277512 0.29296
0.2752 0.283748 0.29844
0.25828 0.274928 0.28548
0.26104 0.28112 0.29808
0.2604 0.277588 0.29712
0.27132 0.281464 0.3134
0.272 0.289156 0.29752
0.26828 0.280728 0.29052
0.27436 0.285332 0.30788
0.26476 0.286248 0.3026
0.26284 0.284136 0.29592
0.27036 0.27978 0.28816
0.2786 0.290416 0.31592
0.26808 0.288548 0.30784
0.2688 0.283828 0.2956
0.26612 0.282572 0.298
0.27552 0.285596 0.29608
0.26708 0.281028 0.30464
0.27864 0.288372 0.30096
0.26472 0.282204 0.30072
0.27608 0.289512 0.30368
0.27084 0.279292 0.28884
0.27572 0.29058 0.30592
0.28328 0.292724 0.30612
0.26104 0.290584 0.30636
0.27228 0.286492 0.30068
0.26688 0.287784 0.31156
0.27596 0.291108 0.31068
0.27104 0.292208 0.317
0.26556 0.291292 0.315
0.28196 0.300196 0.33108
0.28024 0.296828 0.32236
0.2802 0.301148 0.31592
0.28776 0.299412 0.3134
0.28416 0.303468 0.31756
0.276 0.30048 0.32228
0.28744 0.302472 0.31904
0.2806 0.300972 0.31676
0.2828 0.302004 0.31424
0.28712 0.301604 0.32468
0.27596 0.30358 0.32452
0.27692 0.293644 0.31008
0.29448 0.310544 0.32608
0.28696 0.31134 0.33236
0.298 0.313528 0.33296
0.3026 0.317916 0.33024
0.28216 0.319604 0.3446
0.2948 0.323364 0.34592
0.29968 0.323244 0.3436
0.30592 0.32064 0.3404
0.24056 0.248504 0.25776
0.23652 0.2486 0.25916
0.23408 0.246388 0.26104
0.24612 0.256072 0.26088
0.23516 0.249252 0.26044
0.24636 0.251692 0.26092
0.24148 0.245192 0.25572
0.23192 0.241628 0.25348
0.24164 0.24974 0.26832
0.24096 0.25246 0.2626
0.23504 0.24668 0.2604
0.25088 0.256832 0.26556
0.23788 0.251712 0.26244
0.24288 0.256196 0.26548
0.23956 0.2472 0.2548
0.22976 0.249664 0.26664
0.23844 0.24614 0.25732
0.248 0.254596 0.26864
0.24596 0.258956 0.26836
0.24064 0.249292 0.2616
0.24348 0.25822 0.27308
0.23912 0.24866 0.25892
0.2514 0.256844 0.26624
0.23684 0.248216 0.2572
0.248 0.257748 0.26348
0.2324 0.248272 0.26096
0.2492 0.257036 0.26744
0.24672 0.256296 0.273
0.24444 0.256136 0.27148
0.24596 0.256496 0.2676
0.25 0.256988 0.267
0.24604 0.261324 0.28816
0.23684 0.256324 0.26988
0.24176 0.251776 0.25884
0.24804 0.258304 0.2684
0.25012 0.257008 0.2638
0.23928 0.256984 0.26912
0.25016 0.257364 0.27348
0.25072 0.262876 0.27452
0.24008 0.251708 0.27132
0.24664 0.25944 0.27164
0.23712 0.249556 0.26428
0.24492 0.25182 0.2604
0.2466 0.262164 0.27764
0.23932 0.252912 0.26888
0.25108 0.264272 0.27184
0.2398 0.252444 0.26008
0.24556 0.257208 0.26544
0.24348 0.251252 0.2598
0.25532 0.265576 0.27524
0.2516 0.258552 0.2672
0.24736 0.265496 0.28388
0.2564 0.2644 0.27212
0.25124 0.266424 0.2766
0.24612 0.262004 0.28148
0.2478 0.261464 0.2752
0.24572 0.25622 0.27516
0.25756 0.263364 0.2748
0.2532 0.26064 0.26744
0.25524 0.26482 0.2806
0.24592 0.25686 0.27444
0.25608 0.263812 0.27164
0.25304 0.263836 0.27496
0.24728 0.254552 0.26452
0.24984 0.266516 0.28412
0.25432 0.26014 0.26588
0.25748 0.267552 0.28332
0.24696 0.257208 0.27468
0.24732 0.255148 0.26476
0.25624 0.272404 0.28064
0.25132 0.262224 0.26816
0.25868 0.268864 0.28116
0.25028 0.266504 0.275
0.25644 0.26708 0.27996
0.25964 0.265028 0.27292
0.2484 0.267004 0.28028
0.2582 0.265904 0.2742
0.2568 0.268232 0.2748
0.25512 0.27132 0.27916
0.2566 0.266116 0.28132
0.26304 0.271992 0.28432
0.254 0.269256 0.29832
0.25508 0.266268 0.2758
0.25808 0.273488 0.28636
0.26092 0.269936 0.28128
0.25736 0.269348 0.2816
0.26136 0.272208 0.28032
0.25768 0.26746 0.2786
0.25 0.267776 0.28616
0.25268 0.260916 0.26852
0.25748 0.267956 0.28212
0.25164 0.257512 0.26284
0.25864 0.27458 0.28728
0.25536 0.260756 0.27212
0.25256 0.261672 0.27696
0.26204 0.272532 0.28404
0.26104 0.267804 0.2788
0.2608 0.267924 0.27336
0.256 0.269704 0.28084
0.2542 0.268476 0.29276
0.26332 0.272484 0.2852
0.2622 0.271148 0.28388
0.24724 0.26452 0.27612
0.2678 0.276892 0.29428
0.2556 0.263304 0.27508
0.24716 0.260492 0.27288
0.25672 0.265192 0.28096
0.2466 0.262552 0.27844
0.2588 0.265228 0.27776
0.25708 0.269512 0.28664
0.24856 0.266972 0.27736
0.2478 0.268664 0.28188
0.25932 0.271024 0.27976
0.25592 0.269516 0.28752
0.2572 0.26652 0.27716
0.25864 0.270496 0.28904
0.26124 0.268484 0.281
0.2518 0.263792 0.2814
0.26952 0.279188 0.28956
0.2584 0.26652 0.27724
0.2682 0.275172 0.28772
0.25456 0.267832 0.29656
0.25164 0.270084 0.28892
0.2598 0.270868 0.28312
0.26132 0.267772 0.27712
0.25376 0.26312 0.278
0.2612 0.270444 0.28476
0.26188 0.275364 0.29772
0.25688 0.268956 0.28612
0.24512 0.270672 0.30196
0.25344 0.268932 0.29476
0.25672 0.2682 0.28484
0.26396 0.269364 0.27604
0.259 0.27208 0.2848
0.25904 0.269652 0.28448
0.26352 0.270848 0.27556
0.25744 0.265904 0.26992
0.25932 0.267212 0.2868
0.25584 0.268124 0.2874
0.25664 0.265716 0.28364
0.26332 0.2723 0.28212
0.26048 0.27216 0.29232
0.25864 0.2663 0.27332
0.26496 0.279064 0.30048
0.25952 0.270576 0.28204
0.2512 0.265248 0.29012
0.25744 0.266916 0.27408
0.25784 0.274096 0.28496
0.25456 0.267172 0.27596
0.2534 0.2739 0.28332
0.26684 0.27624 0.28584
0.26716 0.280632 0.30116
0.2704 0.282988 0.31128
0.26364 0.276008 0.2848
0.26744 0.282176 0.30436
0.26884 0.280572 0.2948
0.26032 0.273396 0.28244
0.25992 0.27296 0.28988
0.2592 0.275172 0.29396
0.26316 0.280272 0.29184
0.26156 0.276428 0.29536
0.25952 0.273116 0.28896
0.26792 0.280328 0.29312
0.26072 0.280392 0.3002
0.256 0.2758 0.29188
0.26684 0.280332 0.297
0.27168 0.285664 0.30692
0.26176 0.275388 0.29624
0.25304 0.275044 0.28888
0.26796 0.278448 0.28756
0.26412 0.278076 0.29508
0.26912 0.283576 0.29796
0.26304 0.280408 0.30596
0.26628 0.284672 0.29384
0.26568 0.276132 0.28864
0.26064 0.276052 0.28856
0.26664 0.27744 0.29424
0.26632 0.277104 0.29048
0.26312 0.274316 0.29396
0.2614 0.273612 0.29228
0.27192 0.282548 0.29344
0.27412 0.281476 0.30252
0.26728 0.279848 0.2974
0.27016 0.28196 0.29948
0.2614 0.276864 0.29008
0.26748 0.277632 0.29488
0.26548 0.284052 0.29888
0.26804 0.28556 0.2938
0.27092 0.284824 0.30148
0.27056 0.288044 0.30636
0.27368 0.285828 0.30572
0.26984 0.286576 0.31284
0.27492 0.28584 0.30192
0.277 0.288888 0.30016
0.27088 0.28486 0.3102
0.27252 0.288164 0.31048
0.26692 0.282544 0.29928
0.26732 0.282296 0.2988
0.26984 0.292664 0.32424
0.27196 0.283456 0.29456
0.28084 0.291564 0.30556
0.26812 0.279404 0.29012
0.28168 0.298648 0.316
0.28564 0.292256 0.30092
0.27092 0.288772 0.30784
0.28244 0.298956 0.30848
0.27796 0.293904 0.3106
0.27948 0.28554 0.29404
0.28172 0.29636 0.32164
0.278 0.29042 0.30492
0.27984 0.300568 0.31932
0.28108 0.29468 0.32724
0.27788 0.295196 0.3162
0.2912 0.300592 0.31472
0.28216 0.306916 0.32848
0.28008 0.293652 0.31272
0.28624 0.30312 0.31432
0.28824 0.304516 0.32664
0.27184 0.29156 0.31308
0.2904 0.305476 0.32192
0.274 0.2938 0.30552
0.2884 0.30156 0.31264
0.29088 0.314224 0.33084
0.28088 0.299928 0.32056
0.29096 0.320344 0.35264
0.28668 0.304332 0.32288
0.27792 0.296716 0.31024
0.28588 0.310272 0.34092
0.29808 0.325132 0.3464
0.27776 0.29552 0.32684
0.29768 0.31912 0.34568
0.27032 0.291176 0.31088
0.31232 0.32642 0.35516
0.30668 0.321744 0.33876
0.27884 0.296384 0.31728
0.3022 0.32074 0.36168
0.29688 0.317424 0.33852
0.2864 0.302708 0.32404
0.28172 0.329372 0.368
0.29704 0.308568 0.3316
0.30292 0.327164 0.34808
0.29764 0.3168 0.35592
0.28768 0.307484 0.31952
0.30116 0.314264 0.33248
0.304 0.317808 0.3348
0.29092 0.31898 0.34676
0.29896 0.319744 0.35112
0.29088 0.315104 0.34248
0.30176 0.320756 0.3612
0.29188 0.319956 0.34132
0.29864 0.308968 0.32424
0.31428 0.328532 0.35368
0.28952 0.311584 0.34768
0.29116 0.31718 0.33136
0.31444 0.330392 0.37864
0.30796 0.317064 0.3268
0.29524 0.314564 0.33316
0.2966 0.315048 0.3364
0.29668 0.312836 0.32736
0.29356 0.32342 0.34628
0.30008 0.322496 0.34904
0.2936 0.317632 0.34668
0.29264 0.31648 0.34656
0.29048 0.313916 0.3342
0.28668 0.327024 0.35976
0.29372 0.307424 0.32088
0.30472 0.316088 0.3292
0.2856 0.31746 0.35036
0.30756 0.318168 0.33048
0.30404 0.32388 0.35916
0.2864 0.30766 0.32252
0.3042 0.322396 0.35684
0.29368 0.314632 0.33588
0.31288 0.32606 0.35104
0.30028 0.327112 0.36468
0.28336 0.315716 0.35432
0.3044 0.330904 0.35524
0.2928 0.307844 0.31972
0.3048 0.3202 0.34104
0.2958 0.323916 0.3406
0.28552 0.32654 0.34996
0.30336 0.325612 0.35528
0.28968 0.310604 0.3278
0.31896 0.3327 0.34112
0.28616 0.314156 0.34052
0.31128 0.33268 0.3604
0.30868 0.32874 0.36452
0.31068 0.326896 0.33604
0.31836 0.33482 0.35392
0.30372 0.325524 0.34108
0.31032 0.32624 0.3474
0.3158 0.33648 0.36204
0.29296 0.32222 0.35664
0.30852 0.324324 0.35412
0.31128 0.323412 0.34212
0.30908 0.33768 0.37344
0.31004 0.321124 0.3394
0.30632 0.320928 0.34
0.29852 0.324068 0.34532
0.29692 0.318384 0.34172
0.29616 0.325524 0.36116
0.29252 0.322208 0.34668
0.29584 0.32104 0.34384
0.29816 0.324996 0.35464
0.30524 0.322064 0.34564
0.31024 0.325188 0.3466
0.30252 0.326928 0.35004
0.30644 0.3263 0.35552
0.30152 0.344472 0.38932
0.30904 0.326708 0.35836
0.317 0.337524 0.40576
0.3012 0.329488 0.361
0.31056 0.322852 0.33504
0.30572 0.321388 0.36028
0.3098 0.3226 0.33772
0.30052 0.326976 0.35072
0.29796 0.330456 0.3766
0.30536 0.3203 0.33788
0.31344 0.33472 0.36248
0.29196 0.3253 0.349
0.3146 0.331392 0.3602
0.30404 0.33006 0.35288
0.27916 0.3167 0.34588
0.30032 0.326328 0.35908
0.30608 0.31876 0.34972
0.29696 0.325436 0.33916
0.30488 0.327456 0.35192
0.31476 0.338332 0.37284
0.28992 0.327544 0.348
0.30008 0.321624 0.3384
0.2968 0.322072 0.34436
0.30084 0.33374 0.37696
0.32088 0.336476 0.34976
0.3162 0.33368 0.35276
0.3186 0.332796 0.3526
0.3144 0.3329 0.35124
0.30392 0.335084 0.40004
0.2946 0.327032 0.3402
0.31308 0.338788 0.36976
0.31564 0.340096 0.36624
0.30544 0.336424 0.36044
0.30316 0.333548 0.36908
0.31948 0.343092 0.37244
0.31376 0.3263 0.33724
0.29936 0.324436 0.358
0.31396 0.326256 0.3374
0.3132 0.332916 0.35288
0.31504 0.340512 0.39832
0.31212 0.32592 0.34688
0.33424 0.346048 0.37352
0.30308 0.321588 0.33708
0.33404 0.3486 0.37004
0.33264 0.355584 0.3942
0.2968 0.319408 0.34356
0.31172 0.349116 0.38964
0.3184 0.335508 0.3508
0.30492 0.350976 0.3866
0.32324 0.367664 0.39808
0.3204 0.343068 0.36224
0.30932 0.351392 0.39604
0.31196 0.331612 0.36728
0.3264 0.35048 0.40764
0.30844 0.34448 0.37648
0.30832 0.34448 0.38288
0.30988 0.337008 0.38004
0.3172 0.353052 0.38468
0.30088 0.339796 0.36476
0.30944 0.334 0.40244
0.31496 0.328868 0.35752
0.29768 0.342588 0.40308
0.3068 0.343488 0.38704
0.315 0.343528 0.37552
0.31308 0.342144 0.37292
0.29896 0.337732 0.3996
0.3276 0.352156 0.40528
0.30224 0.328124 0.35828
0.32436 0.34592 0.40208
0.31484 0.356712 0.40212
0.32752 0.347408 0.37136
0.3228 0.355464 0.40632
0.32088 0.339 0.36548
0.30996 0.340256 0.401
0.33596 0.360744 0.38412
0.31864 0.334156 0.36964
0.31288 0.337928 0.37836
0.32692 0.346548 0.36148
0.3064 0.329848 0.3468
0.29284 0.321648 0.34724
0.32596 0.35322 0.3938
0.30092 0.334508 0.38416
0.31476 0.348596 0.39492
0.2822 0.322028 0.35736
0.30092 0.319328 0.3524
0.29928 0.358652 0.41308
0.30452 0.32544 0.34128
0.3022 0.321308 0.34344
0.30964 0.347452 0.37648
0.30664 0.331324 0.3462
0.29764 0.326664 0.34816
0.32172 0.34528 0.3764
0.30552 0.32024 0.34192
0.3044 0.322784 0.37792
0.32416 0.360492 0.4046
0.2826 0.31586 0.334
0.32376 0.340236 0.36048
0.29844 0.31868 0.36056
0.3038 0.32516 0.36028
0.33624 0.358748 0.40088
0.29692 0.314852 0.34916
0.31252 0.324872 0.35884
0.32544 0.351388 0.3672
0.30016 0.32198 0.34128
0.2988 0.316152 0.35816
0.32788 0.35208 0.38604
0.29056 0.318408 0.37676
0.294 0.322708 0.36268
0.31956 0.352464 0.3908
0.29056 0.312008 0.33088
0.2966 0.324064 0.41836
0.3512 0.363152 0.39096
0.30216 0.314076 0.33968
0.28704 0.31112 0.34468
0.32848 0.354372 0.37396
0.29488 0.313916 0.32656
0.33488 0.365092 0.40596
0.29776 0.314392 0.34832
0.29776 0.317792 0.34468
0.34532 0.365844 0.41432
0.29296 0.321532 0.3766
0.28928 0.31734 0.34044
0.33812 0.364196 0.38888
0.30148 0.312764 0.33476
0.27832 0.307112 0.348
0.3532 0.37438 0.4058
0.3006 0.320984 0.33904
0.30152 0.323628 0.36092
0.35124 0.369148 0.421
0.29624 0.318352 0.35336
0.3248 0.353096 0.39116
0.31628 0.332668 0.35656
0.30888 0.332044 0.35808
0.34364 0.369148 0.38776
0.30764 0.324632 0.34384
0.30844 0.321272 0.3424
0.34084 0.372132 0.40776
0.29976 0.32144 0.34788
0.32328 0.358592 0.41312
0.29992 0.32474 0.35028
0.30252 0.321828 0.35528
0.33508 0.37178 0.39948
0.30824 0.331004 0.35752
0.29088 0.319396 0.35484
0.35168 0.368196 0.39636
0.29536 0.326672 0.37172
0.36344 0.381088 0.40416
0.30308 0.324684 0.34316
0.29976 0.327524 0.34996
0.35016 0.383624 0.40684
0.30908 0.32406 0.34644
0.30516 0.326016 0.36512
0.34468 0.37926 0.43584
0.30132 0.321144 0.35092
0.30364 0.329184 0.36328
0.34768 0.370608 0.40412
0.29476 0.320204 0.3494
0.33148 0.385268 0.4258
0.28984 0.319932 0.36392
0.2934 0.312756 0.347
0.3622 0.386464 0.4282
0.29728 0.3218 0.34744
0.28804 0.316384 0.35128
0.36148 0.387748 0.42
0.30568 0.321632 0.37372
0.2786 0.310468 0.33044
0.34116 0.383528 0.4136
0.29004 0.310896 0.33232
0.29292 0.31654 0.36316
0.3376 0.367712 0.40132
0.29824 0.320816 0.35704
0.3612 0.38552 0.4348
0.30424 0.318684 0.33648
0.31172 0.329668 0.34236
0.3264 0.376076 0.4256
0.30028 0.322612 0.3532
0.30328 0.327468 0.35108
0.33952 0.37232 0.40476
0.311 0.320816 0.36496
0.35084 0.374504 0.40984
0.31372 0.329916 0.3504
0.31256 0.337684 0.37296
0.34932 0.373572 0.41204
0.30524 0.32996 0.36936
0.3388 0.384668 0.40832
0.30348 0.340428 0.40076
0.31428 0.328496 0.34848
0.32752 0.368852 0.4046
0.31484 0.3309 0.34976
0.304 0.337868 0.3568
0.33628 0.387728 0.4666
0.31036 0.333448 0.36092
0.35188 0.397192 0.45952
0.31816 0.350388 0.38228
0.31956 0.3463 0.3738
0.3316 0.3786 0.45348
0.304 0.351468 0.42544
0.31496 0.330724 0.37008
0.34464 0.38384 0.42364
0.3112 0.342924 0.37024
0.35376 0.376124 0.44016
0.30192 0.344996 0.38704
0.30244 0.339936 0.387
0.33796 0.376556 0.4298
0.31304 0.340488 0.37212
0.33944 0.384252 0.45552
0.29412 0.336644 0.38588
0.28312 0.337376 0.3616
0.32608 0.371532 0.43444
0.29956 0.338804 0.37128
0.31052 0.339488 0.37276
0.33788 0.374928 0.41864
0.30968 0.330848 0.34644
0.34536 0.371236 0.4072
0.29472 0.326296 0.35312
0.31344 0.344064 0.39224
0.36196 0.38966 0.46228
0.34152 0.375636 0.41264
0.3518 0.393168 0.43972
0.35224 0.399304 0.46364
0.36156 0.393452 0.47712
0.35904 0.386716 0.42392
0.34184 0.383864 0.42552
0.34672 0.378144 0.41732
0.35264 0.386952 0.4136
0.33756 0.383144 0.43908
0.35576 0.380976 0.42788
0.32928 0.383004 0.43312
0.38544 0.397796 0.42296
0.35624 0.39152 0.42896
0.36396 0.39464 0.4402
0.33044 0.380572 0.41848
0.34212 0.387276 0.4312
0.36584 0.402292 0.48088
0.36164 0.39844 0.44192
0.34336 0.386892 0.44092
0.35488 0.42774 0.53392
0.36196 0.408956 0.49236
0.39 0.409868 0.50356
0.36892 0.416268 0.45488
0.35836 0.393996 0.47272
0.35096 0.400028 0.47524
0.34152 0.409264 0.45384
0.37628 0.4218 0.49492
0.37492 0.415824 0.5036
0.37164 0.398444 0.43332
0.36924 0.397444 0.44572
0.3458 0.391632 0.42592
0.39608 0.428268 0.52164
0.36524 0.431568 0.49764
0.35884 0.397808 0.44516
0.37456 0.418708 0.5422
0.39048 0.423092 0.47772
0.39424 0.425416 0.47508
0.35888 0.418152 0.47616
0.36152 0.414284 0.51108
0.36984 0.433948 0.51456
0.37528 0.425432 0.49096
0.40068 0.464048 0.51876
0.38744 0.437064 0.52564
0.363 0.423044 0.4728
0.36936 0.406456 0.43804
0.39088 0.42598 0.48668
0.37364 0.430548 0.5418
0.40548 0.434484 0.5072
0.39324 0.431072 0.49236
0.38684 0.409752 0.47236
0.35872 0.435308 0.49416
0.36496 0.413356 0.48328
0.38116 0.448536 0.5456
0.39184 0.445128 0.59936
0.39192 0.441336 0.481
0.37448 0.409492 0.45972
0.35076 0.40108 0.46036
0.3664 0.411948 0.49144
0.35972 0.413128 0.47292
0.36472 0.407384 0.44636
0.38312 0.416676 0.447
0.36536 0.418104 0.50108
0.34304 0.403156 0.46852
0.3764 0.41598 0.46824
0.36136 0.419428 0.45292
0.36368 0.39954 0.44696
0.35672 0.412924 0.4662
0.37808 0.411932 0.44032
0.36372 0.402924 0.4722
0.35964 0.407468 0.45932
0.37776 0.406788 0.42828
0.36212 0.431056 0.4958
0.35308 0.39732 0.43136
0.35732 0.401576 0.47276
0.3628 0.394444 0.41664
0.3578 0.420436 0.47108
0.37884 0.447464 0.55192
0.39016 0.426512 0.47552
0.36564 0.425184 0.55604
0.38348 0.429768 0.5088
0.36656 0.402652 0.4228
0.37448 0.418724 0.48728
0.36704 0.431092 0.47432
0.36552 0.403544 0.53176
0.36552 0.446824 0.51508
0.40432 0.429296 0.47748
0.37072 0.419072 0.47884
0.3602 0.41638 0.46736
0.35628 0.437268 0.5492
0.35668 0.411548 0.4628
0.35528 0.389184 0.4818
0.39476 0.428056 0.47452
0.3706 0.419368 0.52244
0.38388 0.423416 0.4868
0.36436 0.4085 0.45392
0.36776 0.41878 0.46304
0.41396 0.453712 0.52964
0.39172 0.461276 0.51632
0.38544 0.470924 0.56688
0.39904 0.46772 0.53568
0.41732 0.483948 0.6
0.41168 0.464684 0.51252
0.39932 0.46434 0.58508
0.41772 0.500012 0.564
0.40516 0.45394 0.5254
0.38712 0.4422 0.50596
0.40288 0.451912 0.51316
0.41016 0.476044 0.54948
0.40036 0.464608 0.53908
0.41912 0.472792 0.57108
0.40368 0.456576 0.55948
0.3964 0.47576 0.554
0.39592 0.454896 0.5454
0.36628 0.450304 0.51876
0.39196 0.448908 0.5464
0.36 0.420116 0.49392
0.42312 0.459104 0.58752
0.41348 0.43894 0.47312
0.38108 0.435148 0.56244
0.3992 0.461744 0.52864
0.39192 0.427908 0.4654
0.36284 0.412948 0.46864
0.36968 0.420576 0.47792
0.3922 0.446796 0.54356
0.36524 0.417708 0.46368
0.3654 0.41246 0.43
0.38812 0.422128 0.45712
0.35712 0.444732 0.58164
0.34464 0.419996 0.47876
0.38596 0.40718 0.43076
0.37668 0.430488 0.48476
0.41484 0.440956 0.4922
0.37132 0.4124 0.44744
0.37904 0.423452 0.48812
0.33996 0.424648 0.48836
0.38276 0.443912 0.4936
0.37716 0.423444 0.46996
0.37436 0.423776 0.57516
0.35828 0.404264 0.43908
0.36292 0.437716 0.54024
0.39016 0.458164 0.54364
0.37248 0.421604 0.47392
0.4076 0.462404 0.52636
0.37832 0.426092 0.45476
0.3854 0.461088 0.58844
0.39004 0.457048 0.56104
0.3952 0.46292 0.52836
0.37716 0.466512 0.59936
0.39112 0.461912 0.59856
0.41592 0.484292 0.55404
0.38924 0.478928 0.6
0.38048 0.445156 0.54304
0.38476 0.456656 0.52548
0.41084 0.45002 0.51284
0.39752 0.439292 0.46136
0.38028 0.419564 0.51216
0.36436 0.421268 0.56156
0.3752 0.420428 0.47628
0.35636 0.404128 0.44936
0.35568 0.427488 0.48984
0.379 0.427592 0.47476
0.37128 0.457988 0.49852
0.39848 0.443068 0.54792
0.36836 0.412728 0.4568
0.385 0.446644 0.57304
0.36196 0.443328 0.52808
0.38716 0.442176 0.52324
0.36388 0.431064 0.5828
0.3706 0.409472 0.468
0.36372 0.430828 0.50972
0.36956 0.418236 0.46244
0.38664 0.442088 0.51472
0.37316 0.414928 0.48032
0.38124 0.418688 0.51296
0.36796 0.44752 0.51632
0.37912 0.434944 0.47244
0.33672 0.417644 0.47588
0.367 0.429016 0.49068
0.38544 0.442396 0.49844
0.3698 0.447092 0.49172
0.39252 0.428176 0.46432
0.36936 0.442776 0.58608
0.37516 0.448008 0.58624
0.40436 0.456792 0.52544
0.4018 0.46674 0.52212
0.41272 0.470008 0.51844
0.40464 0.442448 0.48344
0.39956 0.45232 0.57552
0.37764 0.457448 0.53348
0.42104 0.46768 0.54072
0.4216 0.472876 0.55328
0.36876 0.441392 0.565
0.43308 0.46628 0.48756
0.4246 0.481004 0.56144
0.37984 0.444548 0.50728
0.37488 0.493684 0.58544
0.37592 0.420212 0.4926
0.40152 0.450264 0.53804
0.37292 0.452856 0.5516
0.36316 0.423428 0.48336
0.35384 0.432948 0.49632
0.39136 0.467808 0.57892
0.38496 0.436844 0.51472
0.41284 0.480756 0.58988
0.37448 0.463332 0.52472
0.38748 0.441676 0.48116
0.3962 0.438336 0.4642
0.37988 0.428028 0.48
0.38304 0.475732 0.59904
0.3924 0.452992 0.5454
0.4172 0.46102 0.5894
0.4196 0.496132 0.59472
0.4206 0.479064 0.54292
0.37644 0.452324 0.53752
0.41604 0.477272 0.6
0.40084 0.447564 0.54076
0.39988 0.460556 0.6
0.3898 0.448588 0.54744
0.41236 0.492088 0.5632
0.36176 0.476868 0.6
0.40828 0.47254 0.59776
0.43652 0.484196 0.59712
0.39616 0.462208 0.544
0.41648 0.451336 0.54132
0.37856 0.44636 0.5118
0.40464 0.46482 0.54796
0.42576 0.49734 0.57772
0.4046 0.474896 0.55736
0.42876 0.475772 0.56576
0.38592 0.428312 0.46876
0.3992 0.441472 0.566
0.39424 0.438496 0.47348
0.36356 0.430684 0.59436
0.39252 0.42444 0.48408
0.36856 0.427376 0.50456
0.3866 0.421236 0.47268
0.37564 0.409324 0.50804
0.39144 0.426224 0.5068
0.39552 0.437988 0.52084
0.36368 0.408704 0.47696
0.37756 0.409116 0.45964
0.37436 0.433404 0.49936
0.35748 0.420704 0.53508
0.35412 0.418532 0.48104
0.3714 0.425992 0.52712
0.38248 0.437664 0.5296
0.40196 0.46352 0.54156
0.40676 0.45906 0.56672
0.38728 0.435108 0.57328
0.3918 0.427212 0.51768
0.39964 0.4385 0.48328
0.39928 0.440184 0.4944
0.41288 0.447476 0.50472
0.36984 0.454128 0.52624
0.39632 0.463444 0.57848
0.39084 0.453528 0.55152
0.39556 0.441044 0.5078
0.39492 0.44214 0.51596
0.38876 0.44508 0.52536
0.42828 0.506004 0.57428
0.44464 0.504296 0.58976
0.39836 0.468736 0.55836
0.43452 0.489104 0.527
0.4096 0.473328 0.52088
0.40924 0.46764 0.53572
0.40288 0.459968 0.4964
0.4338 0.482168 0.59504
0.44304 0.512856 0.5984
0.38404 0.467324 0.59248
0.39044 0.446948 0.54364
0.39932 0.447808 0.52288
0.39748 0.445768 0.50736
0.38716 0.431836 0.49788
0.41084 0.460964 0.51604
0.4178 0.464272 0.52384
0.41204 0.444536 0.52172
0.41208 0.459436 0.51688
0.40972 0.47506 0.5774
0.41736 0.468252 0.56524
0.39096 0.479644 0.56664
0.38332 0.458724 0.5002
0.39916 0.451192 0.53724
0.4302 0.462412 0.4998
0.37636 0.418608 0.4472
0.39016 0.42744 0.55008
0.3584 0.417108 0.46444
0.37072 0.39966 0.42904
0.37004 0.404616 0.45988
0.37312 0.408748 0.45936
0.38792 0.431964 0.49152
0.39448 0.432252 0.47108
0.36884 0.421604 0.47112
0.38456 0.431108 0.47644
0.40088 0.440936 0.53212
0.3736 0.414268 0.47788
0.38264 0.426796 0.4538
0.38592 0.452904 0.53532
0.3858 0.43582 0.51016
0.41472 0.445844 0.49684
0.4004 0.448096 0.51952
0.36576 0.43278 0.4968
0.38948 0.451216 0.54228
0.4228 0.467208 0.56408
0.41524 0.457264 0.52824
0.41596 0.44568 0.507
0.40892 0.440552 0.48756
0.40424 0.460236 0.51428
0.40212 0.441132 0.46848
0.39656 0.454508 0.49828
0.41288 0.467228 0.57124
0.39076 0.494756 0.59824
0.42308 0.4781 0.56864
0.41688 0.465504 0.55104
0.39436 0.45564 0.51696
0.3992 0.445384 0.48544
0.43192 0.467344 0.57832
0.40868 0.449112 0.4828
0.41056 0.453004 0.52924
0.38452 0.448356 0.5576
0.41832 0.44494 0.49224
0.41744 0.449956 0.50612
0.40724 0.47326 0.575
0.43132 0.465392 0.51892
0.3868 0.454436 0.5212
0.41724 0.468288 0.4976
0.41628 0.473628 0.51192
0.4126 0.48014 0.52456
0.42012 0.489136 0.5782
0.40864 0.4703 0.57536
0.3968 0.461416 0.50724
0.40636 0.457168 0.53344
0.39364 0.466908 0.5614
0.42324 0.477404 0.51564
0.42156 0.459648 0.505
0.44956 0.492668 0.53804
0.43768 0.502928 0.5824
0.44068 0.498708 0.58656
0.44496 0.529096 0.59744
0.42332 0.486808 0.54588
0.44388 0.505704 0.59552
0.44988 0.482532 0.57556
0.42008 0.487456 0.5888
0.47252 0.509932 0.5702
0.42384 0.47138 0.51516
0.42972 0.482228 0.5314
0.4382 0.481212 0.51808
0.43572 0.480412 0.56872
0.43892 0.483536 0.5482
0.4368 0.499876 0.58544
0.41236 0.481156 0.5464
0.42016 0.488636 0.57648
0.435 0.517608 0.57648
0.41568 0.489356 0.58856
0.42912 0.472576 0.54704
0.41008 0.486596 0.59136
0.44452 0.491492 0.5358
0.41788 0.481892 0.52824
0.41708 0.488376 0.57428
0.39324 0.473968 0.57164
0.43084 0.489092 0.58336
0.44424 0.5186 0.59808
0.41752 0.51328 0.59656
0.4186 0.492564 0.55788
0.42356 0.499116 0.5832
0.4256 0.480496 0.53628
0.4352 0.493024 0.58512
0.43964 0.510848 0.57396
0.4572 0.525356 0.59536
0.43148 0.473464 0.527
0.44468 0.492768 0.5622
0.42084 0.497916 0.55936
0.40212 0.47776 0.57564
0.4226 0.480304 0.55368
0.4332 0.4973 0.572
0.44508 0.494912 0.59904
0.43532 0.515388 0.59584
0.41672 0.479444 0.56304
0.41212 0.488284 0.58452
0.42928 0.480604 0.556
0.40312 0.476708 0.55136
0.37028 0.458072 0.51168
0.4006 0.4575 0.56492
0.39364 0.454456 0.50048
0.39448 0.447004 0.54008
0.3974 0.442448 0.50516
0.40448 0.468424 0.59904
0.40348 0.456568 0.51208
0.41264 0.45528 0.5412
0.40836 0.43414 0.45732
0.39 0.44448 0.5062
0.40536 0.439884 0.46904
0.41212 0.446008 0.50448
0.4112 0.438276 0.50148
0.40472 0.431796 0.48028
0.37844 0.437368 0.48108
0.4032 0.45524 0.5042
0.4372 0.454612 0.48596
0.4118 0.493644 0.5984
0.41184 0.462936 0.51528
0.40216 0.486448 0.561
0.4028 0.440024 0.50296
0.37356 0.446836 0.50224
0.39828 0.433872 0.45848
0.38696 0.440748 0.48524
0.39992 0.457544 0.57688
0.40828 0.452708 0.49364
0.4034 0.438944 0.4656
0.39148 0.444356 0.555
0.402 0.427816 0.46444
0.40952 0.453176 0.48388
0.40696 0.457 0.492
0.40312 0.459808 0.48824
0.40464 0.448568 0.51072
0.422 0.443188 0.46908
0.39696 0.460908 0.521
0.41064 0.439176 0.49024
0.41132 0.451156 0.5162
0.38116 0.460652 0.51376
0.42136 0.456332 0.54124
0.40008 0.438324 0.46448
0.40576 0.436168 0.45992
0.4042 0.428072 0.47172
0.39388 0.423568 0.474
0.40676 0.459236 0.55424
0.39168 0.438412 0.50252
0.39564 0.462576 0.55744
0.40612 0.458568 0.58928
0.39616 0.448644 0.48792
0.3818 0.421252 0.4882
0.39436 0.416312 0.44316
0.39896 0.446852 0.516
0.40232 0.438684 0.5156
0.38648 0.426744 0.46196
0.40916 0.437456 0.48348
0.3742 0.414644 0.46948
0.39524 0.446852 0.51596
0.40796 0.428944 0.47584
0.41356 0.444224 0.47588
0.37672 0.440904 0.49712
0.42388 0.436964 0.47296
0.41732 0.444388 0.51644
0.38504 0.439076 0.47096
0.37996 0.424844 0.46328
0.39284 0.445724 0.54676
0.40756 0.442828 0.48096
0.39264 0.441084 0.52036
0.39236 0.425904 0.47164
0.39228 0.431684 0.47956
0.41272 0.45366 0.5194
0.37444 0.440452 0.51248
0.38696 0.440028 0.50576
0.4044 0.449576 0.51796
0.37932 0.437092 0.51748
0.39664 0.451108 0.49316
0.40276 0.467164 0.51612
0.37132 0.444604 0.52976
0.4074 0.476292 0.56944
0.3686 0.416496 0.48916
0.38952 0.452744 0.54304
0.37396 0.445564 0.55336
0.36872 0.413348 0.47356
0.3686 0.419124 0.47268
0.38824 0.42372 0.44624
0.39076 0.428468 0.45768
0.37468 0.435632 0.45948
0.38232 0.451224 0.56452
0.4054 0.443328 0.50896
0.39312 0.439876 0.503
0.39852 0.464712 0.57836
0.4024 0.44148 0.49344
0.36908 0.439916 0.50168
0.36516 0.450812 0.5394
0.37792 0.42086 0.49364
0.36588 0.391924 0.42152
0.3944 0.409112 0.4614
0.37372 0.42696 0.50876
0.37508 0.410916 0.44508
0.36828 0.404168 0.44472
0.40812 0.4287 0.45688
0.38512 0.41192 0.45808
0.38144 0.42358 0.4606
0.39212 0.437588 0.49332
0.37852 0.425572 0.45648
0.39396 0.420572 0.49264
0.38356 0.457144 0.50712
0.41692 0.46038 0.50924
0.4062 0.464136 0.51844
0.39348 0.469444 0.52936
0.39984 0.472596 0.59168
0.39168 0.452172 0.52928
0.42792 0.476328 0.50328
0.40968 0.485232 0.56168
0.42564 0.468744 0.529
0.4496 0.503168 0.6
0.43844 0.521964 0.58244
0.43936 0.493404 0.55268
0.40832 0.469976 0.52896
0.4104 0.455808 0.53216
0.40492 0.45622 0.50896
0.3926 0.423564 0.46244
0.38204 0.416896 0.45416
0.37964 0.428848 0.48048
0.39332 0.435324 0.50632
0.39316 0.432316 0.47524
0.37992 0.439228 0.51336
0.36572 0.438856 0.50432
0.37864 0.424036 0.4692
0.38116 0.429212 0.47516
0.36664 0.431592 0.52348
0.36556 0.415952 0.46408
0.37068 0.414584 0.50064
0.38248 0.424216 0.53368
0.38736 0.432144 0.5102
0.37328 0.421276 0.44732
0.36772 0.433476 0.46824
0.40552 0.46802 0.53468
0.40472 0.436364 0.48896
0.42216 0.454884 0.50112
0.39816 0.435372 0.47492
0.38172 0.4467 0.5102
0.39548 0.439176 0.51168
0.43996 0.48892 0.56664
0.42292 0.465324 0.51496
0.41516 0.478128 0.58816
0.39516 0.447852 0.503
0.4004 0.458496 0.50868
0.39288 0.437308 0.49924
0.4352 0.469352 0.53612
0.4192 0.45984 0.5172
0.41204 0.482728 0.58096
0.42044 0.478536 0.55208
0.40704 0.47544 0.53756
0.36848 0.439 0.51332
0.37292 0.441304 0.48304
0.39376 0.471852 0.54128
0.37596 0.446772 0.53152
0.41316 0.460744 0.529
0.41884 0.472428 0.5952
0.4176 0.446156 0.5246
0.41764 0.457388 0.51776
0.43216 0.474316 0.58208
0.39992 0.451368 0.54432
0.37444 0.452392 0.50548
0.4236 0.451012 0.57308
0.38896 0.445624 0.52596
0.37056 0.414548 0.46836
0.37144 0.423464 0.52424
0.37712 0.427472 0.46752
0.38824 0.43752 0.48512
0.38528 0.434348 0.50716
0.37156 0.449416 0.49308
0.39988 0.431468 0.4706
0.40176 0.461404 0.54208
0.40608 0.473776 0.56868
0.406 0.46646 0.57404
0.44892 0.49796 0.5426
0.39656 0.486612 0.55384
0.42192 0.486972 0.52552
0.43556 0.513688 0.6
0.41912 0.472792 0.52008
0.44172 0.481492 0.53688
0.3842 0.462656 0.53624
0.41484 0.455672 0.49644
0.38624 0.453324 0.56012
0.40936 0.485448 0.55456
0.39044 0.457684 0.57072
0.40184 0.431544 0.50108
0.38924 0.434756 0.50128
0.38308 0.416232 0.4676
0.37268 0.413608 0.4666
0.36776 0.416744 0.47256
0.37536 0.415172 0.50736
0.35904 0.421592 0.49468
0.3632 0.40392 0.44928
0.3604 0.453748 0.52176
0.36084 0.445832 0.47384
0.41004 0.480968 0.57344
0.37632 0.45226 0.53708
0.38612 0.451724 0.52248
0.4308 0.48246 0.59696
0.4244 0.486292 0.58912
0.42012 0.505748 0.59936
0.41948 0.480864 0.54756
0.41408 0.487944 0.54796
0.40744 0.479376 0.59328
0.39928 0.444184 0.53972
0.40636 0.448316 0.51796
0.44488 0.476736 0.5612
0.42072 0.46896 0.58496
0.4134 0.470172 0.54328
0.41088 0.473956 0.53832
0.41324 0.473796 0.578
0.4198 0.461296 0.49128
0.42124 0.482664 0.54112
0.41304 0.46292 0.55496
0.3978 0.4542 0.48712
0.39384 0.472572 0.58412
0.41272 0.481572 0.58684
0.39156 0.455208 0.58612
0.3754 0.435864 0.48612
0.3978 0.465936 0.5526
0.40928 0.471196 0.52984
0.40884 0.479632 0.58864
0.44092 0.490564 0.57896
0.42236 0.497152 0.59376
0.41 0.465904 0.5726
0.40024 0.480916 0.59984
0.42488 0.461944 0.50656
0.4184 0.471852 0.56268
0.40236 0.46198 0.58256
0.40552 0.453784 0.49352
0.38744 0.46934 0.58128
0.42148 0.475248 0.53912
0.44724 0.497644 0.57752
0.45496 0.503408 0.59196
0.44772 0.494708 0.5312
0.42584 0.47664 0.55196
0.41448 0.4874 0.52504
0.45728 0.48044 0.51248
0.42104 0.466164 0.54668
0.40276 0.473032 0.55188
0.43748 0.503608 0.56312
0.43512 0.48648 0.53504
0.40096 0.477832 0.53332
0.42368 0.474112 0.508
0.43548 0.471356 0.50932
0.44004 0.511436 0.58796
0.43988 0.497952 0.55932
0.44928 0.483796 0.5434
0.44632 0.470884 0.52528
0.45772 0.500752 0.55128
0.42496 0.491928 0.50848
0.40692 0.48662 0.5808
0.43492 0.4882 0.59504
0.44336 0.493036 0.51208
0.46016 0.510792 0.5946
0.43832 0.489668 0.56164
0.43468 0.51394 0.59536
0.44336 0.503156 0.59376
0.46696 0.507668 0.5728
0.43108 0.474396 0.55584
0.39908 0.477876 0.5928
0.43404 0.476248 0.50388
0.41964 0.48054 0.5606
0.39664 0.470152 0.54448
0.41444 0.476164 0.54256
0.42764 0.47886 0.53304
0.42316 0.493564 0.53604
0.40084 0.502356 0.59612
0.41608 0.496372 0.5744
0.44096 0.49554 0.5776
0.4388 0.474444 0.51912
0.45644 0.516504 0.5744
0.4464 0.491988 0.54576
0.4498 0.512548 0.59256
0.46176 0.518228 0.58976
0.43172 0.508188 0.57752
0.42108 0.476552 0.54348
0.44164 0.508184 0.532
0.43508 0.47102 0.52268
0.43848 0.506156 0.58892
0.44328 0.509732 0.58256
0.453 0.508804 0.576
0.45068 0.506688 0.56636
0.44408 0.50552 0.5656
0.47264 0.527148 0.59328
0.46992 0.519844 0.57784
0.45908 0.490392 0.56608
0.40204 0.49422 0.5524
0.45056 0.48964 0.55744
0.42364 0.487148 0.56508
0.43764 0.498324 0.55728
0.43556 0.484268 0.52152
0.4268 0.476268 0.53528
0.39332 0.469092 0.51828
0.4328 0.457232 0.51048
0.44252 0.49082 0.51996
0.39916 0.474932 0.52564
0.39276 0.465352 0.51812
0.46092 0.487408 0.58144
0.481 0.514604 0.58008
0.43716 0.495948 0.54212
0.41996 0.490204 0.56428
0.44668 0.513156 0.58832
0.4388 0.495788 0.56888
0.45344 0.489468 0.52548
0.44952 0.490632 0.52988
0.45028 0.506236 0.56832
0.43728 0.502516 0.5658
0.47116 0.510792 0.59872
0.45808 0.518968 0.57556
0.41992 0.502164 0.57936
0.4488 0.51556 0.56576
0.48696 0.527364 0.5712
0.46608 0.520768 0.57804
0.48256 0.512704 0.55416
0.46356 0.498324 0.55332
0.45472 0.498976 0.54384
0.46012 0.509252 0.54356
0.46124 0.5089 0.55392
0.47416 0.515428 0.57776
0.47656 0.503936 0.56732
0.42408 0.484928 0.53072
0.43944 0.495584 0.55104
0.46584 0.504468 0.559
0.47288 0.495952 0.52448
0.44308 0.489468 0.5062
0.44764 0.509488 0.54168
0.44752 0.504884 0.58928
0.44128 0.50668 0.567
0.44852 0.48556 0.52564
0.4476 0.506948 0.59296
0.46356 0.5078 0.5912
0.46776 0.504484 0.52908
0.46316 0.512996 0.57916
0.44564 0.492692 0.51316
0.44908 0.510284 0.55032
0.453 0.499796 0.5554
0.46036 0.497668 0.56372
0.4722 0.508572 0.57816
0.43928 0.492892 0.59776
0.43224 0.47442 0.52956
0.44132 0.486604 0.54816
0.40444 0.46916 0.56028
0.42936 0.496216 0.53612
0.43172 0.461288 0.5088
0.42972 0.46974 0.54864
0.44468 0.493628 0.57592
0.40832 0.476248 0.52264
0.43204 0.493196 0.5354
0.43368 0.469804 0.52284
0.4502 0.470764 0.49188
0.44636 0.471288 0.51128
0.45172 0.487572 0.53644
0.41948 0.469296 0.50216
0.42664 0.480456 0.54572
0.45448 0.48668 0.5206
0.41064 0.488464 0.57376
0.46632 0.498164 0.54056
0.44336 0.528352 0.56828
0.45848 0.502428 0.55812
0.44332 0.515188 0.58296
0.45224 0.50632 0.57556
0.44064 0.505832 0.55792
0.4402 0.487464 0.54452
0.467 0.522856 0.56716
0.43944 0.511804 0.578
0.45704 0.499288 0.56756
0.45288 0.492588 0.515
0.42736 0.490148 0.56932
0.4438 0.509312 0.59952
0.43724 0.499744 0.57952
0.4384 0.504952 0.58144
0.44168 0.484184 0.51616
0.46152 0.521848 0.56364
0.44588 0.513096 0.596
0.43008 0.491928 0.55416
0.47104 0.510132 0.55832
0.50836 0.530848 0.5656
0.447 0.51866 0.59696
0.46216 0.52578 0.57184
0.45972 0.536152 0.5978
0.46196 0.521676 0.6
0.46964 0.511112 0.5722
0.44428 0.522468 0.58992
0.45208 0.517356 0.59264
0.47416 0.512732 0.57728
0.46584 0.502356 0.5566
0.4728 0.533224 0.57228
0.46492 0.52016 0.58852
0.48096 0.512408 0.55036
0.4422 0.492868 0.56692
0.43516 0.4953 0.55464
0.47276 0.515564 0.55324
0.45992 0.52 0.58968
0.47452 0.515644 0.56976
0.42716 0.505408 0.5582
0.47304 0.508488 0.5684
0.46308 0.517636 0.59376
0.47244 0.514324 0.55812
0.48652 0.515936 0.5542
0.47932 0.514096 0.58872
0.44992 0.493912 0.5562
0.48576 0.5165 0.5632
0.40132 0.480788 0.512
0.41828 0.46292 0.54392
0.42972 0.49358 0.5478
0.46716 0.502028 0.57568
0.4342 0.481556 0.55448
0.44224 0.492156 0.5426
0.4558 0.494468 0.5538
0.46224 0.496632 0.52148
0.46584 0.498672 0.56012
0.45704 0.51352 0.5886
0.46644 0.50108 0.56424
0.4682 0.505132 0.5508
0.45236 0.5066 0.58096
0.46068 0.498672 0.58032
0.47544 0.5088 0.56212
0.43088 0.4763 0.5388
0.4296 0.479776 0.53912
0.44204 0.471436 0.50708
0.45744 0.492544 0.52416
0.44668 0.485488 0.53608
0.41552 0.477292 0.52584
0.44136 0.488668 0.54488
0.43812 0.473788 0.51264
0.4402 0.471936 0.52628
0.45896 0.509572 0.57804
0.44808 0.483124 0.54252
0.4472 0.480876 0.52808
0.4632 0.495024 0.5546
0.44812 0.49626 0.55556
0.47072 0.509496 0.58404
0.43228 0.52536 0.58608
0.4928 0.5161 0.5446
0.46688 0.505072 0.542
0.46604 0.552284 0.58964
0.4686 0.52582 0.57348
0.497 0.549928 0.6
0.46228 0.502716 0.53536
0.45816 0.501432 0.5332
0.4618 0.501284 0.56924
0.43588 0.488604 0.5196
0.47576 0.510084 0.57244
0.45568 0.490536 0.51756
0.469 0.515132 0.5632
0.479 0.517732 0.56264
0.4762 0.50804 0.52764
0.42396 0.533708 0.6
0.48576 0.529116 0.57572
0.48624 0.530848 0.55728
0.47192 0.522148 0.58864
0.483 0.517544 0.58768
0.48824 0.517648 0.54812
0.4646 0.52698 0.58452
0.50116 0.525944 0.55724
0.48928 0.54184 0.58504
0.47228 0.50264 0.54772
0.46668 0.51384 0.56156
0.50524 0.54644 0.59532
0.44804 0.489604 0.53804
0.46188 0.518456 0.58764
0.48492 0.508232 0.55548
0.47992 0.502892 0.5428
0.46848 0.518744 0.5978
0.46028 0.509836 0.56104
0.43984 0.525084 0.59728
0.45852 0.527276 0.59324
0.4762 0.506328 0.543
0.45972 0.513816 0.59344
0.48244 0.5187 0.55628
0.44924 0.515416 0.57008
0.43512 0.493304 0.56
0.46812 0.498336 0.56368
0.44768 0.518244 0.58464
0.45024 0.473156 0.50164
0.43792 0.498764 0.58784
0.44344 0.47548 0.51816
0.46868 0.48784 0.5214
0.44964 0.490032 0.54868
0.44664 0.48458 0.52632
0.43964 0.483312 0.53188
0.38876 0.461008 0.53552
0.42552 0.486184 0.5334
0.45068 0.498272 0.5592
0.45636 0.482524 0.5262
0.47156 0.505384 0.54648
0.44472 0.482044 0.54416
0.42112 0.492752 0.52884
0.47652 0.51776 0.55716
0.46548 0.504228 0.55804
0.45588 0.491112 0.53932
0.48024 0.511648 0.56912
0.44312 0.496256 0.5418
0.44244 0.500844 0.54432
0.45692 0.5072 0.53476
0.488 0.508596 0.54132
0.45344 0.491188 0.55756
0.4512 0.51774 0.59776
0.46404 0.505116 0.54984
0.46396 0.522448 0.59664
0.44432 0.505324 0.58064
0.47248 0.517768 0.59564
0.4702 0.512324 0.55112
0.45056 0.489452 0.5416
0.48592 0.511436 0.53804
0.49008 0.514348 0.53992
0.4458 0.483896 0.53312
0.47024 0.517164 0.55872
0.481 0.50722 0.53892
0.48272 0.505496 0.5378
0.48864 0.538832 0.57628
0.47876 0.534908 0.58452
0.52336 0.55966 0.59744
0.49196 0.52888 0.5978
0.49248 0.542416 0.59568
0.48996 0.532956 0.57168
0.47888 0.51934 0.5572
0.50856 0.526856 0.55332
0.479 0.517076 0.55956
0.4592 0.51246 0.55616
0.48744 0.506572 0.53476
0.47736 0.508588 0.5544
0.48156 0.48962 0.50068
0.47216 0.504184 0.53536
0.47232 0.51044 0.56968
0.4668 0.497588 0.53488
0.44524 0.50296 0.55196
0.43652 0.494148 0.53448
0.49516 0.513464 0.531
0.4878 0.520472 0.57008
0.45172 0.533756 0.5952
0.46584 0.52076 0.56764
0.48768 0.510744 0.54204
0.47096 0.524264 0.59964
0.45648 0.505976 0.549
0.46404 0.517976 0.56284
0.44832 0.498932 0.52228
0.46988 0.49224 0.53568
0.46532 0.494744 0.5332
0.46312 0.497608 0.55276
0.47668 0.502008 0.52364
0.47056 0.501244 0.54324
0.45624 0.490608 0.52364
0.46932 0.503404 0.55484
0.45852 0.500408 0.53172
0.46932 0.501876 0.5414
0.47328 0.510632 0.55144
0.46852 0.509384 0.55696
0.46412 0.509384 0.55796
0.466 0.5336 0.57588
0.47128 0.490316 0.5162
0.4594 0.505068 0.53604
0.4676 0.503624 0.55512
0.481 0.517396 0.56596
0.42752 0.495972 0.55452
0.48304 0.50878 0.5642
0.48264 0.515208 0.56488
0.47256 0.497488 0.55724
0.46264 0.494328 0.5384
0.45768 0.503992 0.565
0.46128 0.487408 0.52564
0.46136 0.50348 0.57084
0.49 0.52452 0.59876
0.46464 0.503236 0.56804
0.4824 0.524892 0.57988
0.46604 0.496028 0.5188
0.45712 0.489792 0.56812
0.48844 0.517624 0.55956
0.4764 0.502632 0.54504
0.46828 0.513716 0.55492
0.47056 0.521272 0.57836
0.47152 0.514132 0.55308
0.45408 0.51456 0.56872
0.46212 0.485184 0.52248
0.45536 0.49138 0.53512
0.46428 0.486356 0.52328
0.47176 0.498748 0.54084
0.46568 0.502068 0.55896
0.46816 0.501496 0.54224
0.45024 0.486168 0.51352
0.4536 0.488064 0.51924
0.435 0.474824 0.5024
0.41836 0.482992 0.52548
0.4536 0.49016 0.56788
0.45664 0.487016 0.51928
0.44452 0.481372 0.532
0.4652 0.497256 0.52396
0.44232 0.493916 0.53832
0.46316 0.501032 0.55184
0.49124 0.510816 0.58136
0.45204 0.487532 0.54232
0.43764 0.501896 0.53312
0.462 0.4889 0.51816
0.47132 0.507204 0.5376
0.46764 0.503248 0.54388
0.47624 0.512596 0.566
0.4598 0.477444 0.50348
0.4688 0.505544 0.5756
0.44392 0.498368 0.52928
0.45944 0.514476 0.5532
0.4974 0.533976 0.58648
0.4884 0.5269 0.553
0.47608 0.506528 0.53596
0.44428 0.498984 0.54056
0.471 0.50934 0.54756
0.47072 0.505448 0.54552
0.49304 0.530624 0.58092
0.49644 0.541788 0.5844
0.47088 0.52642 0.58588
0.50768 0.54148 0.57056
0.51736 0.549176 0.58524
0.43832 0.514116 0.54324
0.47044 0.520784 0.56356
0.507 0.530808 0.57624
0.50972 0.547992 0.58372
0.48612 0.540116 0.58476
0.48556 0.510784 0.5244
0.47052 0.511192 0.5342
0.46328 0.5271 0.57272
0.4788 0.539356 0.57976
0.50348 0.533004 0.56668
0.4888 0.532688 0.59516
0.47404 0.525312 0.55796
0.4748 0.526904 0.56484
0.5 0.519056 0.55228
0.46444 0.510712 0.54996
0.4384 0.516076 0.55704
0.45104 0.503044 0.57756
0.44176 0.499936 0.5422
0.44392 0.505176 0.56224
0.46348 0.513672 0.57012
0.47368 0.52448 0.57924
0.4634 0.512328 0.5342
0.47448 0.494152 0.51924
0.47372 0.50594 0.55196
0.47032 0.51006 0.56516
0.47068 0.510564 0.53784
0.4886 0.51962 0.55456
0.46548 0.509304 0.55364
0.47756 0.508108 0.54552
0.48332 0.524088 0.58992
0.50992 0.524288 0.54148
0.45364 0.513676 0.57084
0.4672 0.503328 0.53648
0.4644 0.50912 0.5574
0.4946 0.524064 0.56052
0.49668 0.523316 0.55104
0.506 0.530692 0.56052
0.48252 0.536448 0.56472
0.45848 0.514432 0.55096
0.4774 0.512284 0.54148
0.48816 0.527996 0.57832
0.47912 0.518392 0.5618
0.48924 0.52418 0.54216
0.48812 0.51612 0.54176
0.49368 0.513924 0.53728
0.46852 0.511028 0.55256
0.47704 0.510672 0.55012
0.48356 0.50756 0.54912
0.4816 0.521536 0.554
0.48804 0.522416 0.56192
0.47116 0.515872 0.53932
0.50552 0.523456 0.56424
0.49372 0.525448 0.55588
0.49156 0.529468 0.56432
0.5214 0.533736 0.5644
0.48308 0.52382 0.5706
0.4918 0.531868 0.56072
0.50388 0.531156 0.59024
0.4978 0.543 0.5746
0.49208 0.538276 0.57636
0.49856 0.532984 0.57068
0.50648 0.519144 0.55596
0.5016 0.528124 0.5558
0.4844 0.517332 0.5416
0.45548 0.512996 0.53668
0.4952 0.52394 0.57412
0.46832 0.49842 0.53956
0.47872 0.518788 0.56144
0.47704 0.50586 0.54032
0.48188 0.509384 0.54088
0.45312 0.496428 0.52424
0.46208 0.514668 0.55776
0.45488 0.498572 0.52552
0.47088 0.508084 0.55884
0.4542 0.496852 0.5106
0.4762 0.508212 0.55224
0.4858 0.514328 0.5482
0.4638 0.51024 0.564
0.47896 0.510356 0.5618
0.47276 0.506988 0.51744
0.47384 0.501528 0.51972
0.48776 0.507224 0.53236
0.4742 0.504148 0.54664
0.50032 0.518792 0.55824
0.47364 0.510756 0.54944
0.4792 0.521672 0.57032
0.49432 0.514508 0.5406
0.47404 0.523056 0.5766
0.4736 0.498876 0.52816
0.4772 0.51158 0.54688
0.4798 0.498272 0.51672
0.48568 0.512456 0.55112
0.50316 0.536352 0.56792
0.48208 0.524996 0.56652
0.497 0.536124 0.55816
0.50548 0.539984 0.56396
0.5124 0.541516 0.56952
0.47564 0.535964 0.56604
0.52108 0.547228 0.57048
0.50784 0.545836 0.572
0.49224 0.527816 0.5562
0.52764 0.547256 0.57972
0.52952 0.5509 0.584
0.50628 0.520604 0.53408
0.49008 0.517896 0.53524
0.5142 0.52498 0.54496
0.51272 0.532404 0.56
0.50408 0.527264 0.56228
0.49696 0.517608 0.5424
0.48696 0.522644 0.55916
0.48444 0.526692 0.5654
0.48708 0.538312 0.5692
0.48384 0.51888 0.55436
0.5102 0.54112 0.57564
0.49328 0.530628 0.5698
0.4594 0.514764 0.56624
0.4982 0.525668 0.56136
0.50464 0.528956 0.55876
0.4984 0.529508 0.5776
0.49488 0.531224 0.5718
0.48548 0.530036 0.56368
0.52956 0.539144 0.55692
0.4988 0.536096 0.58708
0.48432 0.532536 0.56328
0.49784 0.543628 0.57392
0.51956 0.548808 0.57636
0.49972 0.548728 0.59152
0.495 0.535448 0.58552
0.5046 0.533968 0.56556
0.51936 0.544672 0.57288
0.50796 0.541128 0.58144
0.50444 0.539068 0.56264
0.50668 0.547556 0.59096
0.4872 0.529864 0.588
0.50268 0.531528 0.56272
0.50188 0.536036 0.5848
0.502 0.533968 0.5648
0.47844 0.52518 0.55196
0.49972 0.537316 0.56
0.51616 0.543852 0.57884
0.51372 0.531784 0.55668
0.481 0.525712 0.56452
0.46528 0.499612 0.529
0.4916 0.515664 0.53268
0.48548 0.508992 0.53076
0.4768 0.505728 0.54344
0.48212 0.51644 0.55276
0.50568 0.516712 0.54256
0.49552 0.528876 0.55604
0.4914 0.532108 0.56224
0.51072 0.533068 0.55584
0.47824 0.510312 0.5408
0.4796 0.517456 0.5356
0.47644 0.515408 0.55672
0.50664 0.526032 0.55556
0.4776 0.50834 0.54588
0.47336 0.518452 0.5828
0.48412 0.515564 0.55164
0.48744 0.508296 0.53824
0.475 0.509452 0.56072
0.48792 0.5099 0.53344
0.4962 0.520232 0.53624
0.47648 0.510564 0.53464
0.49936 0.541352 0.57428
0.50864 0.523716 0.53264
0.50204 0.528824 0.58464
0.46416 0.513152 0.55864
0.49788 0.523904 0.57084
0.49224 0.513916 0.55204
0.49712 0.533188 0.56788
0.48028 0.537032 0.58928
0.49924 0.526356 0.55216
0.515 0.537924 0.58048
0.52824 0.551148 0.57868
0.51516 0.550036 0.59312
0.5102 0.529652 0.56632
0.49776 0.5473 0.56736
0.50892 0.533832 0.557
0.49616 0.5381 0.5798
0.48164 0.531672 0.55364
0.50008 0.538196 0.57932
0.50776 0.540924 0.58832
0.48684 0.54512 0.579
0.46924 0.5408 0.57012
0.47372 0.516344 0.54372
0.47992 0.520968 0.56808
0.5104 0.526868 0.5446
0.47108 0.523048 0.56384
0.5002 0.531392 0.57716
0.50052 0.52604 0.56512
0.47816 0.521132 0.55556
0.498 0.534652 0.5586
0.46824 0.515276 0.56236
0.493 0.542428 0.58448
0.4744 0.537164 0.59036
0.51592 0.561196 0.5948
0.53196 0.542872 0.56584
0.49928 0.53412 0.57752
0.49844 0.533136 0.54832
0.48776 0.543504 0.58024
0.51548 0.543012 0.59168
0.50868 0.544084 0.59136
0.5128 0.54182 0.57588
0.50964 0.542964 0.59136
0.51332 0.54032 0.56612
0.49908 0.532192 0.59632
0.503 0.538852 0.57676
0.50384 0.548336 0.58992
0.50848 0.550924 0.592
0.49288 0.529116 0.55156
0.52252 0.55548 0.58616
0.49132 0.52344 0.57364
0.50628 0.53604 0.59012
0.50736 0.536252 0.57308
0.48548 0.526888 0.569
0.49804 0.53406 0.57604
0.50368 0.535144 0.57132
0.49128 0.515356 0.54148
0.48392 0.523804 0.57008
0.5062 0.52774 0.56304
0.5014 0.528808 0.57672
0.49012 0.521264 0.54328
0.48052 0.533904 0.57844
0.46264 0.517716 0.55956
0.46232 0.5119 0.55884
0.50804 0.525796 0.58272
0.49112 0.521236 0.54204
0.47852 0.519168 0.56272
0.50616 0.519916 0.55824
0.47032 0.504308 0.5468
0.4722 0.509356 0.55548
0.46336 0.510276 0.54704
0.43628 0.490576 0.53336
0.47032 0.496996 0.53372
0.47424 0.498096 0.54608
0.46424 0.506864 0.541
0.4878 0.523292 0.53704
0.51004 0.52762 0.5626
0.48508 0.520148 0.5576
0.47304 0.512308 0.57044
0.48124 0.506932 0.53432
0.48556 0.50144 0.5206
0.46568 0.502352 0.54212
0.47836 0.507324 0.53996
0.48496 0.524368 0.56456
0.4908 0.523348 0.56316
0.49056 0.521552 0.56276
0.5066 0.537628 0.57788
0.49768 0.532156 0.56344
0.50664 0.5318 0.56204
0.48016 0.52354 0.56
0.47936 0.529164 0.5592
0.4856 0.535224 0.59104
0.48936 0.518856 0.55296
0.484 0.516536 0.54048
0.48524 0.518308 0.5542
0.48844 0.51112 0.5356
0.50148 0.522988 0.56532
0.49152 0.5209 0.5522
0.50892 0.525456 0.55304
0.46908 0.513128 0.53216
0.46884 0.526168 0.56036
0.5064 0.521504 0.55876
0.48648 0.511764 0.53644
0.4928 0.515068 0.53872
0.46884 0.499348 0.5294
0.48772 0.516052 0.54036
0.47736 0.502564 0.53308
0.498 0.519604 0.54176
0.46708 0.504936 0.52052
0.46208 0.502284 0.54348
0.45744 0.502076 0.55808
0.4828 0.507176 0.54468
0.48136 0.503196 0.535
0.46396 0.489736 0.54244
0.48348 0.501908 0.5138
0.45428 0.492632 0.53968
0.45384 0.504272 0.54292
0.47416 0.504784 0.53332
0.4844 0.500172 0.52772
0.47876 0.520088 0.55452
0.4632 0.516792 0.54764
0.49912 0.520976 0.55332
0.45804 0.498416 0.52676
0.47684 0.502272 0.52852
0.47764 0.514644 0.55148
0.49656 0.51896 0.532
0.46192 0.503696 0.55572
0.48936 0.50798 0.54732
0.50024 0.528804 0.5596
0.47436 0.5321 0.57244
0.50024 0.538164 0.5624
0.494 0.536392 0.5654
0.50316 0.53498 0.57844
0.49168 0.540424 0.57016
0.49324 0.521428 0.53928
0.51584 0.539352 0.5672
0.51388 0.532988 0.54904
0.47596 0.527308 0.54768
0.50304 0.536748 0.56956
0.52132 0.54482 0.583
0.48532 0.51784 0.55832
0.48764 0.515136 0.55948
0.4722 0.516472 0.53948
0.49632 0.522568 0.56796
0.50892 0.530104 0.57116
0.4872 0.535064 0.57608
0.50768 0.518096 0.5302
0.48592 0.521452 0.5468
0.49948 0.520028 0.53468
0.46888 0.52388 0.55856
0.47028 0.52418 0.58756
0.47032 0.522948 0.55872
0.4996 0.523532 0.55436
0.4978 0.518808 0.54468
0.49996 0.532204 0.55548
0.49952 0.542512 0.58512
0.52272 0.548472 0.59596
0.53316 0.537596 0.54564
0.51952 0.542384 0.57424
0.52568 0.540356 0.574
0.50588 0.5328 0.56848
0.51496 0.547316 0.5708
0.5184 0.545996 0.58188
0.49052 0.53962 0.56736
0.50332 0.536172 0.57184
0.49968 0.546456 0.59504
0.52852 0.546956 0.56676
0.5088 0.538416 0.569
0.51208 0.544352 0.58172
0.50256 0.529204 0.57872
0.4938 0.52786 0.53808
0.5042 0.532296 0.56016
0.49848 0.53452 0.58796
0.50712 0.530592 0.55296
0.4936 0.538476 0.58952
0.51108 0.532428 0.56052
0.51736 0.542756 0.57212
0.52364 0.539188 0.56928
0.514 0.539288 0.5696
0.51008 0.54304 0.57508
0.50196 0.536164 0.57856
0.4884 0.529704 0.55976
0.49244 0.5267 0.54688
0.50044 0.5319 0.58816
0.47024 0.522656 0.58032
0.4846 0.512832 0.53536
0.50244 0.521508 0.53984
0.4922 0.516172 0.53592
0.47624 0.507996 0.5298
0.48432 0.511016 0.54764
0.47228 0.514068 0.55016
0.4614 0.50002 0.53868
0.48788 0.52402 0.5538
0.469 0.514032 0.55336
0.48564 0.521468 0.53372
0.4746 0.5131 0.53092
0.49 0.5166 0.5332
0.48528 0.510208 0.52988
0.50268 0.51428 0.52632
0.4938 0.517428 0.54596
0.49336 0.522376 0.55688
0.47528 0.511924 0.56948
0.49472 0.524744 0.54816
0.4854 0.527104 0.56768
0.50628 0.541324 0.5598
0.509 0.54376 0.58288
0.52348 0.539612 0.56188
0.52296 0.543536 0.57588
0.51712 0.547812 0.5944
0.51708 0.536388 0.55468
0.48916 0.52674 0.57476
0.50584 0.526472 0.5382
0.49152 0.52406 0.55528
0.4884 0.527396 0.56592
0.4916 0.53944 0.58024
0.4844 0.515872 0.5552
0.48472 0.5138 0.54748
0.48232 0.519572 0.56428
0.50356 0.522828 0.56856
0.48748 0.534896 0.55316
0.4994 0.536532 0.56732
0.49384 0.51278 0.53328
0.49696 0.524096 0.56668
0.49708 0.527992 0.5666
0.52048 0.528372 0.54468
0.48472 0.517756 0.5594
0.48432 0.524356 0.5636
0.4926 0.526696 0.57468
0.49244 0.527264 0.56976
0.49148 0.519236 0.56108
0.47456 0.50672 0.54536
0.5032 0.530768 0.57344
0.50376 0.521076 0.55684
0.48512 0.51538 0.56228
0.49084 0.507384 0.5308
0.49668 0.515444 0.561
0.46432 0.514484 0.5666
0.47528 0.509748 0.54772
0.48892 0.517788 0.54764
0.47996 0.511232 0.55324
0.48108 0.520872 0.54864
0.50136 0.5245 0.54648
0.5004 0.517476 0.5592
0.48388 0.509304 0.54568
0.4658 0.50438 0.53352
0.47624 0.510532 0.53232
0.47488 0.512408 0.54448
0.47596 0.509656 0.52364
0.4918 0.522064 0.54308
0.47856 0.520944 0.54488
0.49144 0.517968 0.55768
0.48608 0.512128 0.54916
0.4816 0.511148 0.5332
0.48136 0.508256 0.53288
0.47704 0.514244 0.54916
0.49204 0.532732 0.57744
0.48556 0.522364 0.56448
0.46688 0.512064 0.54928
0.47728 0.512332 0.53232
0.49676 0.516308 0.54096
0.485 0.5106 0.53804
0.4854 0.516096 0.53848
0.47896 0.512924 0.52448
0.46796 0.505152 0.52536
0.48596 0.512316 0.53088
0.48396 0.515368 0.52512
0.47248 0.508864 0.53372
0.50192 0.527412 0.5658
0.48488 0.528332 0.54896
0.47132 0.501224 0.53048
0.47024 0.513612 0.54168
0.49368 0.512236 0.535
0.46952 0.496356 0.51904
0.47464 0.502432 0.53328
0.46852 0.495032 0.53256
0.48252 0.497324 0.51944
0.48448 0.511608 0.55824
0.46448 0.497668 0.5262
0.46748 0.506716 0.53164
0.47148 0.510728 0.5506
0.4844 0.502028 0.52768
0.50056 0.526476 0.54572
0.5102 0.53516 0.55168
0.49624 0.525112 0.58168
0.49248 0.511612 0.54956
0.48776 0.519628 0.55068
0.49428 0.519748 0.5636
0.4996 0.52026 0.55448
0.47396 0.513192 0.5304
0.4784 0.507728 0.52584
0.484 0.518548 0.58768
0.46228 0.53182 0.5822
0.4944 0.543588 0.56724
0.45192 0.509912 0.5616
0.47636 0.522808 0.55908
0.48764 0.532644 0.57432
0.47996 0.52036 0.5896
0.47104 0.503828 0.5302
0.471 0.503556 0.53984
0.46028 0.497788 0.51996
0.50084 0.521668 0.55104
0.4616 0.502476 0.53588
0.48068 0.523684 0.57488
0.49372 0.533484 0.55792
0.52136 0.546388 0.58384
0.49604 0.520392 0.54472
0.48556 0.518092 0.54344
0.48516 0.508404 0.55344
0.4488 0.514948 0.557
0.47984 0.513816 0.55704
0.46832 0.505636 0.55708
0.484 0.499756 0.53416
0.474 0.51606 0.5638
0.4628 0.501232 0.54824
0.45468 0.506856 0.53652
0.46472 0.503836 0.5364
0.4792 0.498224 0.53584
0.4748 0.50602 0.53068
0.45848 0.496312 0.55932
0.4692 0.507984 0.52828
0.50756 0.531816 0.57008
0.483 0.522636 0.58048
0.4908 0.516824 0.5444
0.47088 0.50352 0.54704
0.4864 0.524116 0.57556
0.49096 0.521124 0.5692
0.47404 0.514148 0.55016
0.46348 0.502836 0.56136
0.50172 0.526604 0.55124
0.49748 0.538136 0.573
0.51192 0.530268 0.5492
0.4864 0.532592 0.59164
0.46968 0.526552 0.57152
0.48892 0.523692 0.55344
0.50552 0.539356 0.5648
0.52148 0.549268 0.59012
0.4978 0.528516 0.54868
0.51904 0.546256 0.5726
0.48668 0.532724 0.57568
0.47412 0.524452 0.54508
0.47492 0.52326 0.56836
0.4814 0.51788 0.57676
0.50732 0.528988 0.58308
0.48592 0.516572 0.55416
0.49824 0.530788 0.57936
0.52236 0.54748 0.584
0.48316 0.538128 0.58912
0.51528 0.553228 0.59036
0.50852 0.544644 0.59016
0.50916 0.55642 0.5938
0.52184 0.555168 0.59856
0.49152 0.5374 0.5976
0.5364 0.555408 0.5878
0.51888 0.553792 0.5818
0.47148 0.532668 0.56556
0.52044 0.556504 0.58524
0.51988 0.555844 0.59048
0.512 0.5524 0.59844
0.52424 0.550668 0.59304
0.52348 0.548364 0.57848
0.5288 0.55 0.58012
0.53988 0.563436 0.5992
0.51004 0.539948 0.584
0.4898 0.531148 0.55336
0.50556 0.536464 0.59684
0.49172 0.539536 0.57752
0.47748 0.533776 0.59412
0.50692 0.541604 0.59616
0.5036 0.53144 0.58056
0.47652 0.530876 0.58676
0.53012 0.555816 0.5804
0.49288 0.53412 0.56472
0.4918 0.53598 0.581
0.49312 0.535556 0.57948
0.4916 0.529212 0.557
0.47972 0.51636 0.55184
0.49892 0.526084 0.5534
0.47644 0.51656 0.5644
0.47332 0.509792 0.559
0.48032 0.521252 0.58288
0.46376 0.506524 0.55632
0.4694 0.500372 0.55516
0.49 0.516096 0.5412
0.50164 0.519724 0.54792
0.50252 0.52074 0.56076
0.49888 0.523884 0.5418
0.5036 0.516012 0.55912
0.47204 0.517696 0.55944
0.4834 0.5288 0.57992
0.50224 0.539212 0.58092
0.51028 0.545524 0.57308
0.51572 0.541368 0.56188
0.51032 0.558072 0.59968
0.53692 0.551568 0.58256
0.5318 0.54676 0.5828
0.50256 0.528884 0.54664
0.5242 0.539628 0.58112
0.49788 0.55216 0.59124
0.49316 0.538176 0.59376
0.49412 0.534896 0.55736
0.50544 0.546636 0.58284
0.52188 0.545932 0.58972
0.48644 0.539752 0.58032
0.49712 0.528228 0.5648
0.50456 0.523796 0.5674
0.49856 0.52702 0.57808
0.49976 0.531012 0.57788
0.49724 0.538456 0.5864
0.52272 0.538516 0.57932
0.49768 0.529576 0.56444
0.49972 0.522872 0.58004
0.47988 0.536908 0.58336
0.5004 0.526324 0.55588
0.489 0.52302 0.57244
0.49952 0.522872 0.54872
0.49752 0.528696 0.56572
0.47892 0.514536 0.54296
0.47828 0.517152 0.5876
0.50164 0.526332 0.5496
0.4806 0.51812 0.56156
0.48496 0.531952 0.59228
0.4828 0.517692 0.55212
0.48236 0.520744 0.58812
0.49256 0.525384 0.55264
0.48328 0.515028 0.54644
0.4998 0.523428 0.56244
0.4938 0.52294 0.55136
0.47888 0.512172 0.54204
0.50076 0.530824 0.55604
0.48484 0.521836 0.54944
0.45672 0.51266 0.5576
0.50556 0.538568 0.55896
0.51284 0.54364 0.55672
0.503 0.539016 0.56744
0.5136 0.551572 0.57308
0.52196 0.555096 0.57224
0.51648 0.561284 0.59996
0.54148 0.570916 0.59872
0.53276 0.55526 0.59472
0.51996 0.555764 0.59696
0.51876 0.552888 0.57328
0.51536 0.555968 0.5798
0.51892 0.548836 0.59056
0.51272 0.549008 0.59216
0.50432 0.545244 0.59232
0.51196 0.555744 0.59216
0.51532 0.550308 0.58604
0.49988 0.55142 0.58564
0.53644 0.548556 0.5832
0.53296 0.549512 0.58244
0.50416 0.55124 0.58632
0.50404 0.554132 0.58784
0.51704 0.54254 0.58196
0.52512 0.556924 0.58432
0.52596 0.555336 0.58708
0.50808 0.540712 0.58084
0.51136 0.546248 0.57896
0.51056 0.544644 0.5898
0.50732 0.538728 0.57216
0.53272 0.555532 0.57984
0.49852 0.553072 0.59088
0.51012 0.546324 0.56572
0.5104 0.540144 0.5944
0.51468 0.539144 0.566
0.49432 0.538256 0.5806
0.49796 0.520464 0.53544
0.50976 0.534648 0.56144
0.51064 0.53426 0.56876
0.48372 0.5267 0.58564
0.4926 0.529568 0.56244
0.50916 0.534092 0.549
0.5112 0.538536 0.56536
0.4716 0.530236 0.57
0.5072 0.54108 0.58112
0.51432 0.537564 0.56916
0.49308 0.53216 0.58552
0.49904 0.54298 0.5802
0.52872 0.550632 0.59584
0.50636 0.537504 0.5756
0.50532 0.533924 0.5728
0.52216 0.548884 0.58052
0.48604 0.539676 0.58808
0.51988 0.53364 0.55172
0.49552 0.534988 0.57088
0.49476 0.536744 0.563
0.50208 0.53424 0.56408
0.52368 0.54826 0.5858
0.50408 0.540552 0.58656
0.504 0.545236 0.59728
0.51796 0.553396 0.57608
0.51768 0.54712 0.57748
0.52288 0.553692 0.5798
0.52528 0.55468 0.59004
0.52456 0.548796 0.57508
0.53536 0.564844 0.6
0.52324 0.54776 0.56948
0.53536 0.566536 0.59436
0.51408 0.553976 0.57128
0.52936 0.55636 0.59024
0.52924 0.552192 0.59024
0.51996 0.564968 0.595
0.49512 0.540036 0.58272
0.5146 0.54092 0.5774
0.24184 0.249832 0.25968
0.22992 0.242484 0.25484
0.23844 0.248888 0.25832
0.23236 0.246768 0.26796
0.2348 0.247092 0.26324
