-2744.47996882 -2412.67709605 -2209.76723853
-2646.73822893 -2404.16652616 -2224.68425308
-2538.93521051 -2351.01041093 -2199.18395534
-2336.23599958 -2251.61181487 -2151.94684697
-2450.60310606 -2301.64382141 -2177.48275268
-2399.64510891 -2271.31509464 -2212.93876492
-2454.77729227 -2284.02116459 -2197.55443784
-2412.76367357 -2281.85493883 -2170.33787168
-2478.58036007 -2259.10588187 -2167.76008145
-2356.84045295 -2260.16090705 -2188.00045285
-2334.49125228 -2276.6936184 -2235.17425631
-2272.69431544 -2207.14140607 -2167.87760251
-2487.08008568 -2235.95873569 -2120.19968765
-2592.03479658 -2293.51426755 -2178.81671437
-2334.26942887 -2247.3410503 -2093.62181296
-2321.95177418 -2211.19508108 -2144.82570767
-2241.58146018 -2181.98454507 -2116.54004726
-2416.89919571 -2246.27500262 -2166.77098306
-2481.92974587 -2258.81586847 -2098.53653636
-2338.97483799 -2211.37500775 -2117.06910883
-2596.69838605 -2270.9475853 -2152.89731345
-2354.61129314 -2237.26773715 -2131.46579089
-2338.63348137 -2220.6680048 -2114.85624959
-2363.27167654 -2225.46748164 -2140.52272477
-2265.92901206 -2204.20950607 -2142.79818521
-2389.27414049 -2232.80009922 -2119.5534474
-2460.13230389 -2201.58729917 -2132.58483692
-2367.69590131 -2196.77132665 -2136.35387811
-2274.27261889 -2172.27239948 -2085.76506825
-2412.08204811 -2226.76032997 -2120.1335272
-2273.59361153 -2191.2481013 -2130.30761324
-2192.33767988 -2153.6084967 -2111.23382879
-2272.34981068 -2201.90718662 -2136.82586478
-2502.81714065 -2225.93747532 -2115.08729949
-2374.89739807 -2170.15833839 -2101.27325912
-2356.78740252 -2189.36328557 -2124.4707331
-2347.89951873 -2221.65598547 -2128.65039502
-2317.98294139 -2177.83393249 -2112.13168538
-2266.61178112 -2192.91214967 -2073.06252864
-2340.45887561 -2197.28489195 -2126.86416219
-2295.46708984 -2170.2702099 -2112.67790882
-2283.40507308 -2175.94175446 -2116.48293566
-2241.18199679 -2162.91673427 -2112.40964763
-2235.31057549 -2162.34719984 -2101.49847101
-2310.50196632 -2181.19657023 -2059.16303163
-2309.40091123 -2181.07188939 -2116.90584462
-2353.00212508 -2212.03993992 -2139.73351339
-2312.44936401 -2195.86319577 -2093.38373738
-2372.98024637 -2176.31086313 -2084.66795502
-2386.84605103 -2200.83958264 -2111.30947154
-2204.26243299 -2150.84741948 -2063.45727629
-2257.57934774 -2186.0041082 -2065.80021928
-2303.77847466 -2183.46492634 -2091.51132541
-2270.07335802 -2174.17498244 -2088.67466531
-2404.89257482 -2170.30742675 -2114.6677727
-2392.77940113 -2181.59848655 -2118.47354292
-2278.77745632 -2163.68063452 -2107.50902714
-2217.32823846 -2151.54566236 -2091.47877864
-2274.60727932 -2179.8135611 -2063.86238473
-2345.33251357 -2172.11417681 -2070.35436736
-2303.8896789 -2176.15162206 -2113.28171328
-2342.10892336 -2215.60299751 -2103.33708023
-2356.07958266 -2181.65277025 -2043.44594877
-2348.67458 -2163.23845451 -2085.33551448
-2210.06094942 -2128.82663085 -2054.20988274
-2423.96970351 -2188.89906857 -2117.96278951
-2238.90219048 -2172.30277577 -2087.29334592
-2440.23176047 -2161.6788874 -2048.97326698
-2452.4763438 -2202.71043671 -2056.30524004
-2453.09266877 -2148.62259134 -2058.65425763
-2523.80863211 -2201.4495007 -2017.19180411
-2461.1525116 -2244.38462321 -2103.61772131
-2407.80819781 -2164.58796562 -2050.62953956
-2338.08127787 -2175.0575433 -2073.82077401
