-1794.15648296 -1588.63993118 -1315.48618928
-1752.88177546 -1641.01706939 -1346.90344328
-1713.75145202 -1598.19110769 -1479.61352424
-1684.53263818 -1540.65496307 -1426.16819259
-1607.80768621 -1370.57923512 -761.881899598
-1620.18682841 -1551.52913018 -1467.35894583
-1508.12072858 -1295.35435224 -982.545889812
-1582.81689642 -1376.65321984 -956.378975815
-1509.91520255 -1174.35790915 -865.912838749
-1541.71046754 -919.104403482 -271.718528971
-1522.50328898 -1221.79229321 -454.562794009
-1590.54592597 -1169.3226935 -739.408910252
-1015.98730049 -488.180801762 101.163141025
-1088.04347552 -573.73715383 -94.6689135539
-1240.971093 -551.38892582 -92.9537401583
-843.522529265 -355.513426733 33.2965608689
-653.19268946 -266.95001398 243.227675021
-2679.12892052 -384.717237802 25.2002615015
-612.755676576 -135.492643107 155.972373066
-490.453758165 -46.1310507902 254.939788261
-521.098504226 -93.8248914832 251.411035278
-1820.00454757 -275.170798895 145.159857285
-1276.81784448 -127.712427961 270.922066955
-319.257268439 -124.073617841 51.8396573362
-340.415141239 18.1302218899 165.731839983
-128.855048278 109.663922229 246.565458989
-577.514805899 -150.937167756 206.157256606
-1339.29316702 -178.011250755 286.436633377
-1366.05097545 -69.5197288299 386.342099824
-61.0959833169 93.5617636836 299.88341747
-2.63141573054 178.732977933 305.802689186
-2055.97079154 -317.424862029 433.613343733
-2023.39980215 -175.18080242 295.923823781
-1596.42671221 6.45120357818 387.618685552
-148.556680184 121.448619275 280.784162174
-506.178481972 -2.42000985128 343.284605854
-1147.09677442 -27.7230564335 325.722836858
-94.933159686 209.160264173 456.258689657
-77.4588550767 180.407398933 360.39878718
-692.004456753 55.8873625694 321.12261966
-232.645658459 159.219910241 306.263694653
-488.589545842 118.918849929 400.70678326
-121.200417858 141.176843593 329.102763788
-161.854470808 208.578158317 390.24020747
178.023709103 294.843950961 453.879872891
78.5066446405 310.667314979 456.023705785
-498.061687662 196.835618871 522.910933343
-325.734262839 176.30698183 320.240202108
185.404349221 322.065587671 519.081876531
