0.40132 0.42516 0.44924
0.37972 0.420624 0.44464
0.36828 0.421876 0.45184
0.4132 0.438812 0.46344
0.4142 0.43606 0.45292
0.40684 0.43576 0.46608
0.4234 0.443744 0.46424
0.432 0.441288 0.46836
0.41572 0.439408 0.46884
0.42616 0.450764 0.47096
0.4086 0.449024 0.52208
0.42588 0.449612 0.47232
0.45084 0.469936 0.52904
0.42616 0.47942 0.5326
0.45428 0.478684 0.5328
0.45128 0.482384 0.52936
0.45272 0.502156 0.538
0.45072 0.50098 0.57476
0.44408 0.477984 0.52048
0.44436 0.489372 0.5356
0.42416 0.481436 0.52948
0.45844 0.498612 0.5672
0.44908 0.488404 0.55324
0.45336 0.487556 0.526
0.46136 0.491984 0.5282
0.45232 0.487476 0.51864
0.44756 0.489892 0.53376
0.44208 0.496372 0.55908
0.45072 0.49106 0.55256
0.45444 0.48518 0.508
0.45704 0.480136 0.50824
0.46308 0.510924 0.56064
0.47948 0.507644 0.55584
0.43656 0.475476 0.5534
0.44104 0.479864 0.50284
0.4504 0.49112 0.53568
0.43076 0.463556 0.5396
0.43872 0.46778 0.50716
0.43864 0.477008 0.51544
0.43528 0.477776 0.5288
0.43592 0.468448 0.5078
0.4268 0.474444 0.53928
0.4124 0.456532 0.49588
0.4534 0.48216 0.51192
0.44628 0.471224 0.48924
0.43684 0.463496 0.48476
0.43068 0.470508 0.51628
0.4486 0.476228 0.52188
0.43272 0.464092 0.49184
