-8110.43837778 -8092.53208053 -8075.53105623
-8104.68812034 -8087.80554661 -8063.92182989
-8121.3435287 -8089.57895697 -8070.58575032
-8090.11264938 -8076.86098213 -8063.47615236
-8109.924828 -8083.5063228 -8065.66738434
-8087.28551424 -8071.83208581 -8050.06344496
-8089.69490236 -8064.47627213 -8047.68114625
-8094.40755331 -8071.82608991 -8052.34090814
-8083.48999884 -8071.62867753 -8052.22902076
-8068.47986607 -8053.67200095 -8040.24701541
-8095.87049643 -8066.45311215 -8046.4391133
-8065.72119263 -8052.58887984 -8042.34498195
-8063.02777393 -8052.61122936 -8037.74613477
-8069.43523603 -8053.75114367 -8039.37030471
-8066.52784418 -8054.61893384 -8038.0383371
-8072.7310149 -8053.65793361 -8037.02503581
-8069.1313516 -8054.11430386 -8040.30221323
-8059.9807279 -8046.73833353 -8035.0072087
-8059.3177382 -8045.69766121 -8029.35429861
-8054.66611574 -8044.4099679 -8033.46164657
-8060.64048099 -8047.18881423 -8037.71260853
-8061.81290099 -8046.34455899 -8030.13799317
-8053.9092792 -8041.59132369 -8032.97073055
-8081.08517152 -8051.64401383 -8031.61997418
-8057.41161422 -8043.14792479 -8030.92960882
-8058.05897149 -8045.96601274 -8036.33293119
-8101.16050195 -8056.30459911 -8036.52030682
-8063.35855558 -8043.63487479 -8028.78617683
-8053.25026471 -8042.23487243 -8030.09114912
-8075.91149826 -8044.47454623 -8030.77041973
-8042.08434697 -8032.73373909 -8022.20392324
-8049.18324719 -8034.54812216 -8021.90158188
-8047.61351961 -8038.30451616 -8021.15188818
-8052.33933336 -8032.40056409 -8020.77690142
-8052.8713104 -8027.52720857 -8016.80004888
