-2636.65491111 -2461.62181474 -2235.19193958
-2570.95255498 -2396.35427372 -2269.98253129
-2733.60360859 -2491.23326981 -2368.71727377
-2446.92682694 -2241.69319988 -2099.70040885
-2414.63183558 -2300.68540221 -2199.37670689
-2454.13529046 -2317.76942109 -2194.64842703
-2335.45003274 -2229.96759075 -2109.64632578
-2327.43639784 -2208.03180249 -2100.90403449
-2396.46433125 -2236.92817232 -2142.94277851
-2235.22638242 -2160.00298787 -2097.59245634
-2326.93774346 -2141.43858643 -2032.06992221
-2310.40640668 -2180.38180067 -2059.71007088
-2235.29460408 -2114.31530663 -1989.20458773
-2223.80282246 -2072.89030322 -1899.58294608
-2318.09455203 -2098.93603365 -1980.63747338
-2133.88774463 -2021.88607982 -1897.59507398
-2062.18099803 -1985.20303769 -1849.42582858
-2111.93815035 -1995.70540175 -1851.62050334
-2114.88043518 -1967.0473809 -1879.89589057
-2079.75027363 -1960.25634373 -1850.73869115
-2054.02251183 -1912.44101449 -1738.51566383
-2039.40731368 -1868.81854048 -1712.88120151
-2062.55923651 -1939.37348516 -1693.53079223
-2057.47303186 -1880.19118442 -1734.2369116
-1987.78444211 -1761.8136006 -1486.25598129
-1943.09649437 -1837.67350157 -1593.66651619
-1945.48106901 -1798.24096487 -1533.20183474
-1850.48482361 -1717.5783737 -1608.35967371
-1823.4066424 -1667.82685131 -1373.22504775
-1910.12487691 -1730.42331098 -1497.77986002
-1868.90732069 -1655.74957125 -1399.11216583
-1814.3889246 -1652.81458002 -1450.41019214
-1867.97536844 -1724.78268355 -1567.03910183
-1780.29575694 -1585.88536861 -1437.64500952
-1775.82557405 -1632.75766335 -1455.64532812
-1756.65575049 -1577.02783239 -1421.46995262
-1779.37362447 -1597.82259363 -1448.78916117
-1715.99016286 -1524.62763024 -1353.05749024
-1757.13551754 -1573.17695819 -1286.32997375
-1716.84272341 -1519.27380418 -1336.33010689
-1813.18606021 -1560.71633694 -1400.00867452
-1925.6776554 -1560.98325267 -1361.66949571
-1701.39332126 -1411.36532531 -1185.73391815
-1693.95622394 -1530.07565533 -1377.46253318
-1650.10839019 -1463.93516331 -1181.50052935
-1624.97023689 -1476.15855939 -1324.07754384
-1538.6178757 -1372.1802332 -1156.67153527
-1650.02280289 -1450.28079987 -1292.30628945
-1564.50679744 -1283.4501083 -1125.43152438
-1542.82068677 -1335.20513221 -1215.84158397
-1439.28032299 -1303.70838058 -1025.64071594
-1504.34433265 -1315.64165315 -1174.78192566
-1529.27796132 -1316.25769492 -1109.6041767
-1313.68489173 -1211.06552448 -1032.77253189
-1440.40160825 -1309.97043868 -997.893969815
-1422.78210708 -1234.92002269 -894.394771094
-1630.37963661 -1321.31484115 -1117.89899681
-1454.00473352 -1169.25329144 -962.386800866
-1477.15342515 -1223.34677731 -947.090118709
-1488.46719185 -1214.99674069 -868.308326231
-1427.60470476 -1187.0766227 -875.798590928
-1372.04817091 -1185.15779612 -1059.0247825
-1687.48135013 -1183.22270848 -878.875895121
-1235.5072696 -1059.12520532 -935.636040341
-1193.84723256 -1062.76206109 -874.611601762
-1445.24880711 -1244.15992421 -861.435792383
-1226.19365736 -1045.78618935 -857.022770751
-1726.26552149 -1156.70683483 -872.073792027
-1389.03302191 -1032.45045436 -842.189602196
-1694.58614833 -1071.17447923 -755.092670068
-1442.40019889 -1018.81678262 -721.628915722
-1666.83836409 -1109.63218952 -838.74020558
-1073.06551823 -921.139747212 -628.147060162
-1328.98322548 -1075.36043611 -912.089025236
-1585.8639577 -999.909512995 -623.491066918
-1401.16079132 -814.244430719 -471.747927761
