-1831.47939273 -588.074317188 1717.54786289
-3498.93831879 -299.226695749 2371.47673418
-7563.36050715 -967.169347947 2301.41182177
-6432.76650858 -1448.56672164 2152.0198958
-3409.41431855 -682.847780442 794.626719875
-6258.23606715 -1269.23561314 2523.19515666
-3115.4849823 93.2052943851 1915.57569428
-4196.48454592 -866.638670811 2089.42534607
-3698.33610594 -1291.14994914 1002.02877685
-5003.13606906 -1182.15917109 -192.757252722
-2091.34711892 -509.954629626 1822.06101427
-5013.94054466 -721.010139266 1395.34350756
-3245.25067196 189.266347419 2428.43130348
-3659.31920063 -969.336896286 1050.28407638
-4811.53781303 -1526.65370287 1962.52132212
-3522.19717427 -510.477106937 1927.595393
-2777.10795324 -221.701846266 2460.59907775
-4146.66354868 -262.876679323 2552.68515123
-2345.58149126 -565.688436954 1723.02048115
-1498.90600215 -700.478264242 355.864571354
-7096.9794711 -577.345236323 2377.1873599
-2781.51404866 161.124471395 1895.45098866
-2283.32457704 41.7615984553 2506.13283252
-1936.73778406 -57.5508982473 2303.79118125
-1749.51548927 -154.082823249 2392.64439375
-3251.1374483 -1034.21115117 2531.17666691
-5358.4272133 -1554.19518583 1240.25700888
-5057.00898048 -606.364273272 2341.33405799
-3444.44371888 -342.505190205 2423.90136269
-1646.2019335 292.84121322 2454.50986434
-3059.20239672 235.345704749 2067.32468423
-2278.46990541 255.275984059 2260.59671161
-5949.72598062 -1417.81458323 1185.2585871
-1723.79324817 246.179521534 2348.11034221
-3449.27802719 237.697503348 2392.07994672
-2965.25179243 -188.848366279 2367.04478706
-1911.63563694 -137.130601954 1818.43405838
-785.179635733 827.19190576 2338.96356215
-2593.71633322 -230.86498312 2424.3341071
-808.769006292 62.5121186688 1981.46260648
-4934.56000815 -534.139975178 1982.00297504
-1528.90671374 -152.14536366 1993.47923332
-1175.6763053 381.927005669 2328.96536774
-953.644657763 672.226936046 2559.29822143
-2341.32159041 -646.70146589 1797.20611597
-1476.5025777 -85.8865067825 1838.45809968
