0.159 0.16734 0.177
0.161 0.16558 0.171
0.1598 0.16658 0.176
0.1606 0.16844 0.1768
0.1552 0.16664 0.1712
0.1582 0.16614 0.1718
0.1598 0.16662 0.1734
0.1606 0.16592 0.1734
0.1598 0.16796 0.1758
0.1582 0.16306 0.1694
0.1574 0.16552 0.1748
0.1606 0.16636 0.1768
0.158 0.1652 0.171
0.1534 0.16258 0.1736
0.159 0.16602 0.1728
0.156 0.16258 0.1686
0.1588 0.1645 0.1712
0.1568 0.16424 0.1714
0.1566 0.16332 0.168
0.1586 0.16448 0.1752
0.1602 0.16816 0.1744
0.1576 0.1655 0.171
0.1556 0.16192 0.167
0.1568 0.16468 0.1722
0.1622 0.16634 0.1754
0.1618 0.16648 0.1694
0.1556 0.1629 0.172
0.1626 0.16752 0.1736
0.16 0.16658 0.1698
0.1582 0.1678 0.1778
0.1562 0.16508 0.1776
0.1624 0.1702 0.1768
0.1586 0.1662 0.1768
0.159 0.16784 0.1772
0.1654 0.16902 0.177
0.1588 0.16584 0.1712
0.1628 0.1678 0.172
0.1628 0.16836 0.1726
0.1612 0.16846 0.1752
0.1646 0.17106 0.1768
0.162 0.16706 0.1722
0.1594 0.16522 0.1732
0.158 0.17018 0.1762
0.161 0.16872 0.1788
0.1654 0.1694 0.173
0.161 0.16812 0.1744
0.1638 0.1689 0.178
0.1654 0.16802 0.1742
0.1642 0.16984 0.1756
0.1584 0.1679 0.174
0.1584 0.16692 0.1744
0.1666 0.17176 0.1774
0.164 0.16748 0.1698
0.161 0.16754 0.1744
0.1598 0.16832 0.1746
0.1614 0.16684 0.1726
0.1626 0.16816 0.1748
0.1626 0.1674 0.1746
0.1596 0.16806 0.1758
0.1622 0.16812 0.1762
0.1592 0.1666 0.1742
0.1624 0.16778 0.1722
0.162 0.16844 0.1768
0.1634 0.17062 0.1758
0.1586 0.16804 0.1752
0.1614 0.16546 0.1696
0.1574 0.16272 0.1694
0.1598 0.16828 0.1802
0.1612 0.16652 0.1746
0.1632 0.1686 0.1776
0.1564 0.16698 0.1792
0.1604 0.17154 0.1806
0.1606 0.16638 0.177
0.1614 0.16758 0.173
0.1592 0.16696 0.1758
0.1638 0.16844 0.176
0.1658 0.16972 0.1768
0.1638 0.16866 0.1716
0.1586 0.168 0.1764
0.161 0.1693 0.177
0.1666 0.17042 0.1756
0.1622 0.16688 0.1736
0.1622 0.16916 0.1742
0.1646 0.17004 0.1742
0.163 0.16974 0.1748
0.1642 0.16892 0.1752
0.1628 0.16902 0.1828
0.1656 0.1694 0.174
0.1664 0.17078 0.1768
0.1622 0.16856 0.174
0.1598 0.16708 0.1744
0.1612 0.16786 0.1762
0.1646 0.16884 0.1762
0.1572 0.16612 0.172
0.1586 0.16872 0.173
0.1608 0.16742 0.1726
0.1614 0.16776 0.1722
0.16 0.16916 0.1744
0.1642 0.1697 0.1738
0.1598 0.16716 0.178
0.1654 0.16956 0.1776
0.1608 0.16552 0.1696
0.162 0.16806 0.172
0.1564 0.16798 0.1738
0.16 0.1661 0.1702
0.1624 0.16806 0.176
0.164 0.16832 0.173
0.1586 0.1662 0.1732
0.1588 0.16468 0.1724
0.1638 0.16798 0.1754
0.1604 0.1653 0.1738
0.1654 0.16926 0.1764
0.1572 0.16494 0.1714
0.1608 0.16778 0.1722
0.1586 0.16454 0.171
0.1588 0.16758 0.1724
0.1612 0.16674 0.1718
0.161 0.1675 0.1728
0.1646 0.16728 0.171
0.1644 0.16772 0.1708
0.16 0.16768 0.174
0.1618 0.1682 0.1744
0.1618 0.16944 0.179
0.1596 0.16628 0.1708
0.1634 0.16746 0.1734
0.1644 0.16796 0.1736
0.165 0.16884 0.1734
0.163 0.16764 0.1714
0.1608 0.16846 0.1768
0.1646 0.16982 0.1746
0.1612 0.16798 0.1748
0.1638 0.16932 0.1718
0.1578 0.16916 0.178
0.1616 0.16888 0.1742
0.1628 0.1685 0.1768
0.1652 0.16876 0.1734
0.1644 0.1698 0.1744
0.1628 0.1694 0.1768
0.161 0.1685 0.1756
0.1604 0.17016 0.1818
0.1632 0.16974 0.1742
0.1642 0.17054 0.178
0.1644 0.16882 0.1718
0.1646 0.1693 0.1744
0.1612 0.16806 0.177
0.1638 0.1697 0.1758
0.163 0.1685 0.172
0.1676 0.17234 0.175
0.1658 0.16994 0.1758
0.1628 0.17104 0.1802
0.163 0.1687 0.1784
0.1598 0.16876 0.1734
0.163 0.16796 0.1736
0.163 0.16802 0.1728
0.1614 0.16926 0.175
0.165 0.17034 0.1752
0.1628 0.16904 0.1758
0.164 0.16998 0.1748
0.1624 0.1693 0.1736
0.1616 0.16668 0.1714
0.1592 0.1668 0.1702
0.1612 0.16776 0.177
0.1602 0.16764 0.173
0.162 0.167 0.1706
0.1642 0.1683 0.1752
0.1648 0.1686 0.1758
0.1614 0.16928 0.1742
0.164 0.1682 0.1738
0.1644 0.16936 0.1746
0.1632 0.16958 0.1738
0.1588 0.16516 0.1714
0.1644 0.16864 0.1732
0.1642 0.16958 0.175
0.1646 0.16948 0.1746
0.1602 0.17038 0.1764
0.1664 0.16956 0.1736
0.1624 0.1695 0.1746
0.1648 0.16902 0.1726
0.1614 0.16788 0.1748
0.1632 0.1692 0.1752
0.166 0.16968 0.172
0.165 0.17092 0.1766
0.168 0.17218 0.181
0.1674 0.17098 0.177
0.168 0.17242 0.1784
0.1616 0.17094 0.1804
0.1632 0.1685 0.1726
0.1646 0.17004 0.1784
0.1626 0.16952 0.176
0.1632 0.17136 0.1786
0.1648 0.16998 0.1748
0.1676 0.1707 0.174
0.1622 0.17072 0.1796
0.1662 0.17164 0.1776
0.1626 0.16856 0.1738
0.1648 0.17314 0.1778
0.1658 0.1728 0.1788
0.1676 0.17138 0.1746
0.166 0.17172 0.176
0.168 0.17166 0.1766
0.1644 0.17308 0.1844
0.1682 0.1718 0.1804
0.1668 0.17512 0.185
0.1676 0.17312 0.177
0.168 0.17526 0.1834
0.1698 0.17492 0.1812
0.168 0.1735 0.1834
0.165 0.1722 0.1804
0.1704 0.1724 0.1782
0.1702 0.17418 0.178
0.1714 0.17522 0.1836
0.169 0.17382 0.1776
0.1716 0.1748 0.1806
0.1702 0.17402 0.1786
0.1684 0.17416 0.177
0.1676 0.17318 0.1784
0.1712 0.17516 0.1794
0.1658 0.1722 0.1806
0.169 0.17492 0.1812
0.167 0.17336 0.1794
0.1698 0.1746 0.1802
0.1672 0.17452 0.1798
0.1702 0.17458 0.181
0.1674 0.17218 0.1802
0.1672 0.17284 0.1776
0.1708 0.17446 0.1804
0.1704 0.17496 0.1804
0.1676 0.17144 0.181
0.1668 0.17192 0.1802
0.1692 0.17296 0.178
0.168 0.1718 0.1762
0.169 0.17326 0.1784
0.166 0.17286 0.1766
0.1654 0.17388 0.1798
0.169 0.17164 0.1748
0.1652 0.17058 0.1756
0.169 0.17422 0.1786
0.1696 0.17216 0.1766
0.1682 0.17254 0.1774
0.1722 0.17438 0.1774
0.1686 0.17344 0.179
0.1652 0.17216 0.1802
0.1696 0.17266 0.1794
0.164 0.17012 0.175
0.1674 0.17208 0.176
0.1654 0.17266 0.1874
0.1672 0.17314 0.1822
0.1678 0.17264 0.1774
0.1658 0.1724 0.1786
0.162 0.17292 0.1822
0.1674 0.17166 0.176
0.1668 0.17232 0.1794
0.1674 0.17262 0.1784
0.1688 0.17578 0.1794
0.1696 0.17388 0.1786
0.1716 0.17564 0.1812
0.168 0.17254 0.18
0.1666 0.1743 0.1814
0.1698 0.17466 0.181
0.1698 0.17264 0.1746
0.1708 0.1752 0.181
0.1644 0.17188 0.1796
0.1686 0.17558 0.184
0.1692 0.17422 0.1782
0.168 0.17428 0.1834
0.1688 0.17298 0.1808
0.169 0.17212 0.1746
0.169 0.1745 0.1786
0.1702 0.17426 0.181
0.167 0.173 0.1792
0.169 0.173 0.1768
0.1686 0.17334 0.1774
0.166 0.17262 0.176
0.166 0.17212 0.1758
0.1696 0.17306 0.1762
0.1664 0.17132 0.1776
0.1698 0.17382 0.1784
0.1656 0.1719 0.1778
0.1654 0.17098 0.1772
0.167 0.17134 0.179
0.1672 0.17118 0.1754
0.168 0.17196 0.177
0.1668 0.17202 0.1774
0.1658 0.17134 0.1766
0.168 0.17146 0.175
0.1648 0.17164 0.1776
0.1662 0.17218 0.1792
0.1666 0.17074 0.1736
0.1682 0.17108 0.1766
0.1652 0.16912 0.1746
0.1662 0.17134 0.177
0.1654 0.17092 0.1744
0.1654 0.17154 0.1778
0.1672 0.17102 0.1754
0.1658 0.17218 0.1808
0.167 0.1723 0.1794
0.1656 0.17124 0.177
0.164 0.17096 0.1784
0.1628 0.17004 0.1764
0.1652 0.1704 0.176
0.1636 0.17058 0.1744
0.1642 0.17072 0.1772
0.1652 0.1704 0.1772
0.1634 0.1701 0.1734
0.168 0.17004 0.1756
0.1664 0.17124 0.174
0.1648 0.16844 0.1716
0.1678 0.17126 0.1784
0.1638 0.1702 0.174
0.1664 0.168 0.1718
0.165 0.16998 0.173
0.165 0.1698 0.174
0.1652 0.16942 0.1724
0.1644 0.16822 0.1714
0.1644 0.16986 0.1754
0.1688 0.1717 0.1764
0.1622 0.16792 0.1742
0.1644 0.16752 0.1728
0.1656 0.17038 0.176
0.1642 0.16822 0.1726
0.163 0.16976 0.177
0.165 0.16866 0.1722
0.1626 0.1675 0.174
0.1666 0.16936 0.1726
0.1626 0.16734 0.1758
0.161 0.16802 0.1726
0.1636 0.16838 0.1754
0.164 0.16816 0.1708
0.1622 0.1682 0.1742
0.1636 0.16718 0.172
0.1618 0.16564 0.169
0.1602 0.1657 0.1704
0.1588 0.16784 0.172
0.161 0.16712 0.174
0.1638 0.1674 0.176
0.163 0.16614 0.1732
0.164 0.16834 0.173
0.1644 0.16808 0.1712
0.1616 0.16612 0.1726
0.1632 0.16734 0.174
0.1648 0.16674 0.169
0.159 0.1659 0.1716
0.1626 0.166 0.169
0.1632 0.16896 0.1732
0.1658 0.1685 0.171
0.1598 0.16694 0.1746
0.1632 0.169 0.176
0.1596 0.1656 0.17
0.1644 0.1674 0.1736
0.1646 0.1678 0.1716
0.1648 0.16768 0.1734
0.1616 0.16868 0.1746
0.163 0.1686 0.1732
0.1648 0.16914 0.1764
0.1614 0.16616 0.1718
0.164 0.16718 0.1726
0.1616 0.16652 0.1688
0.1646 0.16796 0.1732
0.164 0.16662 0.171
0.1636 0.16688 0.175
0.1656 0.17054 0.1758
0.1656 0.16894 0.1752
0.1636 0.16882 0.1738
0.1666 0.1708 0.1758
0.1648 0.16938 0.1754
0.1634 0.16786 0.1718
0.1648 0.16948 0.1732
0.1652 0.17116 0.1762
0.1664 0.1709 0.174
0.166 0.17032 0.176
0.1646 0.1703 0.1754
0.1676 0.17212 0.1788
0.1646 0.17014 0.1752
0.1682 0.17142 0.1764
0.1638 0.17142 0.1784
0.166 0.17108 0.1754
0.166 0.16948 0.1734
0.161 0.1692 0.1754
0.1656 0.17006 0.1764
0.1644 0.17032 0.1764
0.1644 0.17038 0.1748
0.1656 0.16906 0.1742
0.1664 0.17224 0.176
0.1638 0.17008 0.1742
0.1684 0.17088 0.1768
0.1644 0.16938 0.1756
0.1652 0.16868 0.171
0.1644 0.16976 0.1778
0.1648 0.16892 0.1742
0.1642 0.16872 0.1732
0.1648 0.16906 0.1748
0.1608 0.16846 0.174
0.1638 0.1685 0.1746
0.1618 0.1669 0.1732
0.1598 0.16764 0.1752
0.1638 0.16808 0.173
0.1628 0.16624 0.1708
0.1622 0.1667 0.1708
0.1624 0.16654 0.1728
0.162 0.16648 0.1698
0.162 0.1662 0.1714
0.1616 0.16564 0.1712
0.1626 0.16538 0.1674
0.1628 0.16628 0.1694
0.162 0.1662 0.174
0.162 0.16704 0.1712
0.1604 0.16426 0.168
0.1618 0.1663 0.172
0.1584 0.16406 0.1684
0.1586 0.16426 0.1666
0.1634 0.16682 0.1686
0.1614 0.16544 0.1688
0.1612 0.16514 0.1712
0.1576 0.16508 0.1692
0.1638 0.1675 0.1738
0.1576 0.1648 0.1678
0.1614 0.16586 0.1704
0.1624 0.1656 0.168
0.1618 0.1649 0.1696
0.1612 0.16534 0.1714
0.1614 0.16642 0.1694
0.1618 0.16532 0.1694
0.161 0.16514 0.1712
0.1586 0.16396 0.169
0.1566 0.16232 0.1678
0.16 0.16492 0.1688
0.1584 0.16226 0.167
0.1612 0.16422 0.168
0.1586 0.1636 0.1694
0.1636 0.16732 0.1706
0.155 0.16504 0.1712
0.1588 0.16362 0.1696
0.1624 0.16632 0.17
0.1576 0.16526 0.172
0.1628 0.16796 0.177
0.1618 0.1658 0.171
0.16 0.16514 0.169
0.1622 0.1666 0.1718
0.1588 0.16518 0.1704
0.159 0.1645 0.1712
0.1594 0.16566 0.17
0.163 0.16574 0.1698
0.1616 0.16596 0.1692
0.159 0.16444 0.1704
0.1614 0.16584 0.1704
0.1614 0.16726 0.173
0.1576 0.16484 0.1724
0.1618 0.16472 0.169
0.1652 0.16912 0.1718
0.1632 0.16746 0.171
0.1644 0.1682 0.1746
0.1628 0.16762 0.1738
0.1636 0.16698 0.1696
0.1636 0.1686 0.1742
0.1654 0.16866 0.1744
0.1602 0.16814 0.175
0.161 0.16576 0.171
0.1596 0.16522 0.17
0.1638 0.16746 0.1728
0.1608 0.16708 0.1734
