0.4076 0.51848 0.6
0.4444 0.50792 0.6
0.4372 0.5446 0.6
0.3796 0.49788 0.6
0.374 0.4638 0.5412
0.3184 0.45888 0.6
0.4196 0.491 0.556
0.2656 0.48416 0.6
0.3968 0.49396 0.5712
0.3648 0.43112 0.5348
0.3684 0.47316 0.56
0.3656 0.475 0.6
0.3956 0.4866 0.5872
0.3616 0.45668 0.5664
0.3772 0.45672 0.5152
0.4048 0.4724 0.5304
0.4028 0.49816 0.576
0.3716 0.45472 0.5576
0.4208 0.46424 0.5228
0.3548 0.47836 0.5632
0.4428 0.4816 0.5672
0.3632 0.47916 0.5916
0.4328 0.50068 0.574
0.3924 0.45764 0.53
0.4376 0.47944 0.5784
0.36 0.45232 0.5424
0.3872 0.45796 0.5808
0.384 0.46324 0.5516
0.3564 0.4488 0.5948
0.3764 0.42676 0.4756
0.3664 0.43948 0.5156
0.4268 0.46184 0.4992
0.3748 0.43288 0.4864
0.4052 0.4448 0.5352
0.4064 0.44664 0.516
0.3644 0.4238 0.4744
0.3008 0.4322 0.4984
0.386 0.43688 0.5248
0.3792 0.44588 0.5212
0.4028 0.46476 0.5948
0.3876 0.48416 0.5572
0.4268 0.50848 0.5836
0.3852 0.4916 0.5992
0.4036 0.49724 0.5916
0.3884 0.44476 0.5072
0.45 0.51672 0.6
0.402 0.4796 0.5364
0.3608 0.51572 0.5968
0.4008 0.48808 0.5736
0.4192 0.50872 0.5848
0.4204 0.48848 0.5984
0.3812 0.48768 0.6
0.3912 0.47188 0.5468
0.3848 0.48824 0.5276
0.3876 0.48356 0.6
0.4052 0.51056 0.6
0.41 0.49452 0.5864
0.382 0.44668 0.5116
0.3944 0.46708 0.5728
0.3528 0.4326 0.5076
0.328 0.4338 0.5544
0.3828 0.41296 0.4776
0.388 0.43396 0.5076
0.3944 0.43352 0.4904
0.3708 0.44264 0.502
0.3816 0.4256 0.484
0.3712 0.4342 0.5868
0.3968 0.4504 0.5088
0.3972 0.45712 0.5172
0.3812 0.46292 0.5624
0.3516 0.45716 0.5556
0.38 0.43856 0.4976
0.386 0.437 0.4952
0.3932 0.45952 0.5292
0.3528 0.41952 0.4932
0.3892 0.44296 0.5164
0.354 0.43128 0.536
0.3808 0.43948 0.5316
0.362 0.44616 0.4984
0.3748 0.42944 0.5352
0.3184 0.4166 0.504
0.35 0.40668 0.4728
0.3484 0.37844 0.4132
0.3396 0.43432 0.5
0.3388 0.41064 0.5552
0.3368 0.39948 0.4672
0.2984 0.43432 0.5584
0.3668 0.4138 0.4664
0.33 0.40244 0.5048
0.3728 0.4158 0.4636
0.3756 0.435 0.5276
0.3536 0.40952 0.496
0.3372 0.39808 0.4728
0.336 0.39924 0.454
0.3628 0.40776 0.494
0.3704 0.42904 0.5576
0.3332 0.40204 0.5008
0.3332 0.40876 0.4552
0.3904 0.43716 0.5004
0.336 0.432 0.5668
0.344 0.42004 0.5244
0.3476 0.40788 0.4992
0.3628 0.42876 0.4644
0.3548 0.39584 0.4704
0.2996 0.39684 0.47
0.336 0.40676 0.546
0.3544 0.4148 0.4812
0.3568 0.41152 0.4764
0.3636 0.40584 0.4936
0.3612 0.41328 0.4968
0.3156 0.38024 0.4472
0.314 0.416 0.5652
0.3208 0.4126 0.4652
0.332 0.40748 0.4764
0.374 0.40844 0.464
0.3356 0.39896 0.4404
0.3676 0.43 0.4784
0.3844 0.44252 0.522
0.3592 0.39508 0.4456
0.3468 0.42424 0.5168
0.3664 0.4214 0.5004
0.3384 0.42144 0.478
0.3616 0.44244 0.5796
0.3728 0.41428 0.4628
0.366 0.43872 0.5224
0.4164 0.46796 0.5348
0.3132 0.43388 0.52
0.3728 0.4256 0.476
0.4064 0.45444 0.5212
0.364 0.43344 0.48
0.3896 0.44944 0.5684
0.3428 0.42264 0.5188
0.3956 0.45596 0.5792
0.3864 0.45484 0.5404
0.3464 0.43608 0.5128
0.364 0.47468 0.5976
0.4236 0.49356 0.5812
0.3752 0.49204 0.5624
0.3684 0.48288 0.5708
0.3988 0.46284 0.5784
0.4352 0.47004 0.5172
0.42 0.4718 0.5372
0.3844 0.43544 0.504
0.4084 0.47772 0.5816
0.3896 0.43328 0.5328
0.366 0.42852 0.4912
0.3848 0.44296 0.488
0.346 0.433 0.5192
0.352 0.43592 0.528
0.3472 0.43856 0.508
0.348 0.42816 0.4924
0.392 0.45128 0.524
0.3936 0.45036 0.5244
0.4164 0.46836 0.536
0.3684 0.42872 0.4868
0.3916 0.44096 0.5208
0.3928 0.45004 0.5356
0.3956 0.45404 0.5684
0.3672 0.4334 0.4756
0.348 0.435 0.4952
0.372 0.44908 0.5892
0.3304 0.41952 0.4908
0.3712 0.45592 0.5264
0.3464 0.41856 0.5192
0.3876 0.43524 0.486
0.4084 0.46472 0.5308
0.4048 0.44148 0.492
0.3756 0.4352 0.5344
0.3996 0.43824 0.5004
0.3664 0.41752 0.4748
0.3468 0.43092 0.5132
0.3548 0.4352 0.5532
0.3456 0.42988 0.4708
0.3536 0.428 0.5348
0.3688 0.44524 0.572
0.3308 0.42696 0.5324
0.3664 0.43864 0.56
0.3872 0.44404 0.5648
0.3268 0.43904 0.5468
0.3856 0.43384 0.4856
0.3792 0.43564 0.5536
0.3688 0.44076 0.5012
0.3252 0.42012 0.4756
0.3336 0.43072 0.5496
0.3584 0.42028 0.5104
0.364 0.41484 0.4776
0.3764 0.42668 0.5112
0.3356 0.41296 0.4676
0.3288 0.42628 0.4872
0.36 0.41304 0.4916
0.3608 0.43008 0.566
0.3312 0.42612 0.5396
0.3488 0.38716 0.4588
0.308 0.39796 0.4468
0.3432 0.39332 0.4336
0.3172 0.38824 0.4456
0.3472 0.41016 0.4672
0.308 0.41372 0.536
0.27 0.36748 0.4356
0.3564 0.4092 0.4676
0.3076 0.38668 0.4836
0.2896 0.36216 0.4648
0.3276 0.36724 0.4188
0.2852 0.35188 0.3972
0.286 0.35776 0.408
0.3372 0.37292 0.4188
0.314 0.36244 0.4036
0.3068 0.37772 0.4408
0.3528 0.39412 0.4664
0.3336 0.37284 0.4356
0.3664 0.40356 0.4324
0.2968 0.38344 0.4396
0.308 0.38696 0.5012
0.34 0.39108 0.4532
0.3012 0.35268 0.4356
0.3324 0.38936 0.4828
0.3532 0.39284 0.4768
0.3372 0.39688 0.4744
0.3228 0.38712 0.4752
0.3296 0.41216 0.48
0.3336 0.37944 0.4412
0.34 0.41256 0.472
0.3176 0.37952 0.4272
0.3392 0.41196 0.4756
0.3484 0.40612 0.4744
0.3376 0.40072 0.46
0.3392 0.3928 0.4716
0.3304 0.40424 0.4668
0.338 0.40868 0.4864
0.324 0.3866 0.432
0.3472 0.39148 0.4268
0.294 0.37396 0.4332
0.296 0.37972 0.4676
0.346 0.41252 0.5512
0.344 0.39488 0.4596
0.3456 0.4042 0.4924
0.3496 0.41616 0.536
0.3548 0.42968 0.5168
0.3504 0.44608 0.5068
0.3832 0.4244 0.5376
0.3728 0.42412 0.4744
0.3468 0.418 0.5136
0.3584 0.43544 0.5088
0.3588 0.42588 0.4796
0.3424 0.4048 0.4796
0.3724 0.43212 0.4852
0.3332 0.4078 0.4652
0.3456 0.39636 0.4536
0.3096 0.42932 0.5408
0.3204 0.423 0.5016
0.35 0.41924 0.5036
0.3688 0.44256 0.534
0.3652 0.42752 0.4796
0.3632 0.43024 0.5688
0.356 0.43216 0.4792
0.3556 0.43648 0.5004
0.3804 0.4412 0.5188
0.368 0.42784 0.5084
0.3348 0.39004 0.4344
0.344 0.42368 0.5596
0.3884 0.42556 0.4968
0.362 0.42792 0.4956
0.3548 0.412 0.4628
0.346 0.43728 0.5364
0.3824 0.4536 0.5676
0.3736 0.44852 0.5508
0.378 0.43952 0.5836
