-6188.47434598 -1347.19675594 1311.13686937
-6094.65515543 -477.786645635 1825.75386545
-6373.12870039 -1455.87819606 1810.92098457
-5950.0394901 -369.506990375 1663.01562156
-2263.56045899 16.876012861 1695.28734239
-5953.48475705 -1028.53459869 204.185551894
-463.119390751 308.114287439 1427.34138445
-6040.57837541 -973.384323811 1885.41715585
-569.442941259 3.67335034804 980.897821829
-1279.82524225 -329.429249412 1036.03421105
-287.864154007 123.432499377 1646.33115352
-6012.45213272 -200.57355048 1690.27457552
-527.508023026 419.069202764 1948.19336404
-330.531720191 164.268319309 1840.80917194
-615.185563241 11.9259779466 1885.23151708
-285.112898484 256.475566669 1362.6484306
-527.060344905 315.376841616 1412.47981406
-667.052728725 189.860305528 1399.74463386
-682.655546559 38.8976694731 1392.29981863
-610.388239084 515.308680972 1742.33241268
-799.630538858 396.53287847 1687.77424844
-3171.00133784 -60.0985824502 1832.11518304
-927.978065792 118.476753092 1808.43977565
-560.089513636 633.559622266 1936.01331226
-1256.55929076 352.659638836 1813.31699999
-421.473918121 -118.426370416 485.527192893
-1330.28302357 129.137639754 1944.19916538
-238.592548697 746.737829885 1863.34131868
-1367.26703987 -76.009156929 1555.4237633
-511.394617496 404.144256366 1894.96832204
-988.352676471 135.787783893 1436.96439563
-919.133623658 182.51939352 1779.23120406
-755.606386027 110.351333861 1429.0114978
-285.405458547 651.143912984 1948.7254166
-800.465969976 111.955080313 1899.41676669
-478.345669029 270.59613838 1919.0165739
-582.005482912 547.240041109 1810.99680307
-1192.24586536 355.012994809 1802.18067659
-925.151913767 302.939615878 1721.39054931
-2459.34894943 533.10083897 1939.32097422
-476.693597718 294.750882758 1754.91646216
-2385.55606949 58.2903700202 1866.40542533
-3529.98924667 -280.591386263 1753.21801106
-2375.20525895 387.121676938 1797.19978
-608.140317291 59.2477686666 1403.68421647
-5885.43717019 -68.3679077936 1845.16494619
-323.796307552 -40.9351885325 283.111619963
-3617.29098321 -590.076119848 1760.48782912
-314.167505666 308.539942519 1699.75631367
-2576.37136789 138.6483376 1636.43446798
-4348.88719722 -350.156830895 1434.28641378
-6088.22770082 -575.225845575 1795.39772161
-843.631828462 505.576058963 1758.94800157
-381.575980191 104.626386374 1785.96698875
-4815.49435454 -482.255684678 1539.91035686
-6056.55300679 -771.372505927 663.426808769
-1394.17585516 -268.030383326 709.798431203
-634.641116165 239.735293729 1777.86554862
-1239.28136621 -241.854805153 292.54418678
-1336.86526454 189.529651896 2093.3900343
-765.14957257 19.6672343155 1415.06170434
-2627.31387429 140.937674954 1816.51021407
-1694.60268487 -8.59482867806 1577.63345336
-309.276582118 547.232646169 1873.89585247
-1420.63456295 279.208525775 1765.03504337
-916.533264843 55.5441791376 1515.38697624
-1581.60717629 59.471876946 1776.53826592
-895.463226434 65.4376033102 1905.51945429
-365.707048885 237.637433112 1915.53049354
-345.236627208 267.480034144 1564.77153915
-1145.58285379 -9.03720191816 1411.74309436
-471.715441469 150.484454165 1116.12638781
-696.450715377 292.93005453 2010.28330662
-521.831782857 488.805824801 1926.71736565
-460.574043562 207.450631625 1517.25822644
-791.344118647 -126.26827253 1110.38397162
-862.577880023 74.101128728 1575.15156193
-429.780978972 -34.2660527813 1863.06991632
-325.330850244 69.4541571551 764.211619697
-360.938811087 172.029554879 1840.9408734
-672.400441171 149.561408461 1011.69433737
-770.934156002 328.041838904 2012.28439713
-1168.26115939 -81.9704274404 1532.44034015
-819.322505732 426.506274921 2036.88352835
-519.155164183 31.5623807731 1871.97746395
-1723.76434776 211.247355835 1831.01863088
-287.554705141 478.979544856 1620.84230149
-853.98428996 205.695005343 1538.4057305
-311.344769911 342.316011939 2092.34258393
-676.23765935 52.9234571574 1900.52994851
-488.213538663 360.135018884 2005.97937026
-382.912506077 -9.36595824905 1861.63621679
-1185.72140758 7.54003838647 1518.41089949
-1318.85628152 51.5032172956 2087.60674109
-637.209547006 479.651320265 1830.04978272
-562.962311899 50.8230247785 1448.15432444
-1493.89547197 -94.5480380939 1522.04075889
-546.899423005 277.748321811 1531.1337641
-522.763000377 10.9284340862 1058.49340674
-495.879564095 260.002887244 2009.13530018
-239.362234019 410.294531498 1470.31704565
-565.012390159 336.455520665 1416.8359295
-714.111322504 302.599002368 1929.69614857
-903.474600713 309.883604581 1919.49003493
-943.336951948 294.069745715 1829.65598083
-785.593320831 356.012131579 1572.93629167
-822.467453595 21.2235584084 1045.42230378
-838.493012559 -150.803952772 1062.50025626
-935.535823877 158.649854061 1638.40249773
-270.246009776 191.624006509 1536.17591521
-1310.76824555 141.327294814 1975.28840961
-1343.93667843 126.811006022 2009.50776279
-257.730763451 363.540763789 1521.87472563
-601.005204731 225.818208875 1235.13271992
-550.790802908 146.178812069 1491.4628238
-1476.64858943 -98.8304641208 1589.91819516
-518.88296809 517.784083457 1881.38533507
-1016.7858273 -39.2055920978 1412.68306189
-1218.9775585 245.585680398 1595.69257917
-861.916738354 377.753711764 1901.21085394
-1022.00875428 359.859476861 1920.75720278
-298.010690419 -22.8221884551 1436.39879392
-2397.91570117 -379.389306011 672.703420555
-630.923521474 220.696737957 739.540593646
-347.916285442 492.807831505 1400.71958564
-660.206699601 219.989125102 1156.69312207
-299.515430177 293.433955907 1559.36414677
-1038.48008346 -71.7614472995 970.023269782
-365.770605703 127.257609251 1111.2595136
-173.273588864 640.557094789 1545.33549346
-1432.95010993 -50.6399756893 1778.62067309
-372.084272851 35.1863114808 730.63927599
-2397.54675817 -218.579627259 690.36422988
-1036.09570157 43.0216520704 1582.80893226
-273.006270931 281.76106785 1824.95296499
-4879.21211946 -206.730270441 1660.16210823
-591.622641861 -64.9568319637 1088.75316211
-246.686677208 371.765571334 1659.23328203
-1450.54396075 94.2344223966 1661.01199089
-1727.89189577 24.7865861185 1859.24183673
-505.577469326 195.898092491 1096.16198011
-438.339424592 312.24431198 1448.85755818
-399.030469593 274.158292719 1858.61318039
-1820.9007848 -19.0868453409 1520.7427394
-188.237324401 660.15265411 1518.76937781
-619.127433736 215.260095065 1446.46172266
-781.000249251 135.612087437 1823.17615932
-321.407784772 433.830361504 1953.95238515
-426.770900703 286.830845051 1811.4941174
-951.646560917 281.252446737 1801.7664038
-208.183628166 527.252532125 1761.0944472
-915.304218178 533.561138135 1567.752104
-696.807054441 -69.4175742358 1331.10639492
-373.08297153 450.424937428 1773.26633894
-426.28411568 174.416095744 1545.39448518
-484.085061083 359.847995935 1871.56559108
-551.132844474 33.8317458888 1560.26371768
-1179.84846312 317.027158882 1516.46162331
-449.945636563 204.172391883 1872.37167965
-332.448292259 384.145737931 1881.06459361
-1371.6692972 458.756065992 1823.54611974
-420.116362311 31.9483170944 617.315725177
-480.29834133 226.905356651 1312.66327294
-816.413184636 54.0925905635 1589.18040773
-377.524558893 63.61288194 1006.51477798
-626.327092908 470.290156604 1488.41573958
-478.477539021 398.293342069 1919.82653769
-376.676978664 168.250577183 1148.57649129
-326.795584928 648.492509474 1499.77603797
-412.503063921 -2.43120368707 1869.25402002
-605.821268756 368.763275759 1522.55542398
-518.124479997 488.724311721 1565.33478698
-445.619088922 75.5946737885 1425.46258938
-573.255634091 -65.6146281755 593.464172569
-415.051561737 851.163422496 1836.84860189
-1122.29892662 545.428531436 1806.0030216
-960.877638429 48.2419841303 1314.63427316
-512.394598459 313.909402936 1618.11893576
-337.280721354 695.291124583 2007.5326997
-779.87490332 203.211587041 1467.04627138
-457.664973828 552.655125812 2021.48722969
-436.595426288 72.9361195409 962.076716904
-293.339367429 108.095584536 1280.90777467
-231.122294324 493.543918942 1898.99187868
-804.652302803 210.39661712 1432.92836185
-471.687631651 137.505823161 1997.75243023
-377.439812305 243.617072582 1602.63347777
-580.34841837 203.584742968 2049.30059679
-181.440787345 792.236154194 1786.22112425
-262.887390657 610.547130904 2098.18201741
-1357.48478233 -26.6284247743 1526.48651486
-455.631653832 557.263561121 1939.41363599
-580.65548531 200.286279118 1971.70312618
-620.317299908 162.507245557 1170.23336465
-865.983111489 44.7085508381 2038.95961469
-715.096197306 473.985890667 2044.81505879
-350.031623187 -50.4673045553 1537.86356239
-626.89110823 -188.665198603 236.617581856
-660.29896574 67.4392927613 1632.65500343
-207.301397291 259.786510595 1625.84146272
-790.146588709 320.909883435 2101.40810646
-1188.17069317 413.746323862 1953.05619791
-584.346424848 539.702512261 1921.97854773
-1027.45053862 254.470260582 2090.19052796
-439.330499105 315.81049284 1597.54052001
-1110.11335499 177.993156642 2083.18026205
-792.14278225 311.600151312 2006.00823038
-745.818359748 -146.047353427 736.264981591
-578.389877934 693.909938872 1912.56474365
-429.87232759 461.916964371 1663.14405458
-1397.93171451 344.734444045 2030.96816593
-3110.45651217 332.743258141 2089.95267026
-738.09308873 146.800018725 1976.09182198
-237.238397456 472.656592744 1569.39299803
-911.93248311 -218.01321455 771.393837166
-768.047309122 163.185379401 1489.4488893
-351.282953765 396.479148775 1980.9609574
-734.047333451 39.9422312461 1213.91269429
-340.235600669 813.265118619 1597.88611735
-354.440680076 380.652136052 1902.55759599
-299.249839394 792.958111609 1998.29943452
-384.492312914 422.80010351 1805.11529569
-526.904776346 159.471468791 1577.64166251
-196.757044317 555.615993317 1532.51194729
-893.889405064 -2.68543359618 707.510276603
-963.934476278 318.029440739 1535.30668485
-391.966523415 540.538389866 2006.45580392
-517.759442444 -62.4903975109 689.481947265
-494.411290479 366.368435138 1949.55535466
-531.098382301 380.849913798 1839.01775036
-579.714286811 391.220243076 2025.26646957
-776.541633485 308.80214769 1618.35716704
-1156.93530358 294.159034564 2041.30559462
-306.940791991 545.468399906 1936.87714836
-468.275297117 342.706615727 1407.45310254
-850.803915145 -2.41669009271 1580.3342501
-535.668647652 630.717880275 1608.9993966
-548.541164651 532.106425682 1842.90407694
-291.65687396 534.806527374 1875.31638585
-440.587583601 594.017144961 1931.96759688
-460.786308619 114.26642974 2064.77473693
-403.449051264 52.939493176 749.462714043
-430.990614107 234.038104236 1868.69009936
-304.170284034 960.033705596 1977.58883197
-641.735127995 117.942699171 1608.8395352
-604.764597495 169.092422823 1886.40800932
-360.294640871 398.827887927 1862.93038504
-1316.16095271 170.782967522 1675.77785749
-782.330093345 579.277087693 1633.64585502
-568.852591648 180.455922495 1576.3320182
-290.205328273 653.922476632 1742.49818763
-621.426653734 186.002643992 1465.88681668
-491.01337934 159.110223165 1503.26588886
-453.619107008 346.14263882 1405.29758096
-144.758789308 677.767259444 1782.33435259
-411.976555582 332.342173993 2035.59423456
-361.695345242 670.96489602 1858.65013748
-212.379658411 678.929870555 1704.73222105
-452.881030785 382.094093435 1541.45906069
-224.479397189 831.963281913 2005.77482982
-643.586664111 398.619507998 1543.46451389
-984.356520789 184.506716431 1809.65737477
-404.594989951 238.817429832 1888.79317527
-689.989640296 83.1316304975 1818.74790244
-933.341807646 447.739592874 1937.47266571
-279.735659062 167.511324155 1518.24327125
-945.448884342 280.691500478 1960.86729028
