0.22672 0.238492 0.24412
0.22948 0.244824 0.25064
0.23152 0.244224 0.25472
0.2272 0.236948 0.2484
0.22108 0.234464 0.24988
0.2256 0.236664 0.24788
0.22036 0.228336 0.24116
0.22364 0.23272 0.2458
0.21592 0.228848 0.23808
0.2188 0.229092 0.235
0.21584 0.233012 0.24664
0.22372 0.23408 0.245
0.2172 0.225412 0.2324
0.218 0.223632 0.22764
0.216 0.227432 0.23828
0.2222 0.229388 0.24772
0.2174 0.221944 0.22932
0.21348 0.221392 0.22868
0.21456 0.22106 0.23112
0.20532 0.21598 0.23068
0.206 0.216396 0.2282
0.20384 0.211028 0.22044
0.20492 0.214028 0.22196
0.20372 0.210068 0.21816
0.19584 0.206912 0.21564
0.19536 0.207796 0.21688
0.20328 0.209492 0.2184
0.1866 0.20134 0.21
0.19392 0.201064 0.21412
0.18936 0.199888 0.21068
0.19004 0.19858 0.21156
0.19092 0.195828 0.20136
0.18924 0.198528 0.21196
0.18608 0.193072 0.20192
0.18412 0.192024 0.19732
0.183 0.193608 0.20008
0.17964 0.191952 0.20508
0.18068 0.190436 0.20132
0.18496 0.189 0.19828
0.18248 0.189528 0.19352
0.18292 0.187416 0.19404
0.17876 0.185588 0.19256
0.17636 0.18218 0.18716
0.16888 0.182904 0.20052
0.17792 0.1829 0.18964
0.17492 0.179324 0.18648
0.17532 0.178556 0.18336
0.169 0.17932 0.18876
0.16604 0.174804 0.1838
0.16916 0.17416 0.18092
0.17008 0.179568 0.19012
0.16104 0.168376 0.17348
0.16392 0.168516 0.18028
0.16344 0.17216 0.17884
0.165 0.17004 0.17576
0.1584 0.166544 0.17312
0.15976 0.165428 0.172
0.15664 0.162864 0.1718
0.1624 0.16826 0.18036
0.15684 0.163004 0.17188
0.15692 0.162852 0.1706
0.16192 0.168024 0.1728
0.15176 0.16188 0.1698
0.15076 0.163716 0.17176
0.15584 0.162972 0.17204
0.15856 0.166316 0.17584
0.1584 0.164352 0.1668
0.15528 0.162016 0.16624
0.1524 0.161072 0.1738
0.15252 0.163296 0.17292
0.15284 0.159568 0.17132
0.15272 0.162108 0.17836
0.15204 0.16194 0.17148
0.15264 0.15852 0.16328
0.1542 0.162308 0.17028
0.15136 0.159756 0.17044
0.15428 0.159736 0.16524
0.15276 0.160524 0.17072
0.1552 0.1623 0.17188
0.15492 0.161364 0.17372
0.15288 0.160216 0.16908
0.1496 0.159576 0.165
0.1504 0.159764 0.1696
0.14512 0.161412 0.1706
0.14768 0.158284 0.16696
0.15156 0.159384 0.1716
0.15524 0.161992 0.17356
0.14896 0.158972 0.17084
0.15124 0.158552 0.165
0.1456 0.159932 0.17096
0.15844 0.162344 0.17236
0.15372 0.162272 0.17288
0.15304 0.16528 0.1764
0.15164 0.160912 0.17132
0.15212 0.162868 0.17272
0.15656 0.162436 0.16808
0.15048 0.157684 0.16792
0.15188 0.164228 0.17272
0.15088 0.162092 0.1746
0.1522 0.160168 0.1662
0.15004 0.161408 0.16828
0.15468 0.1618 0.1756
0.15304 0.163272 0.17492
0.149 0.164252 0.17472
0.1514 0.16064 0.17316
0.1488 0.160416 0.16892
0.15484 0.160472 0.1714
0.15364 0.16212 0.174
0.14944 0.159836 0.16768
0.15308 0.160008 0.16944
0.14736 0.162832 0.17724
0.15044 0.159748 0.1712
0.1472 0.162608 0.17504
0.15064 0.158608 0.16692
0.14552 0.161412 0.17632
0.15824 0.163852 0.17224
0.14996 0.16048 0.16768
0.15384 0.16256 0.17088
0.15048 0.165588 0.17476
0.14532 0.16128 0.17132
0.1502 0.164728 0.17484
0.15232 0.158628 0.16896
