-748.458384255 179.130762766 1967.34381563
-750.530661007 528.071080172 1544.20128605
-1183.85001571 -175.69087176 1128.79095578
-588.60100507 149.077131428 1846.76816116
-257.169281908 304.970417695 1372.58969583
-917.536769363 -449.817237157 -70.383249331
-200.843033357 340.273420589 1678.70399577
-707.109525928 183.615624444 1218.6332496
-552.314117387 -89.8811937726 1646.18211249
-307.845843752 -44.5837361041 1139.76036196
-911.268161 131.649733587 1230.98396214
-307.807535337 214.740504329 1506.25868097
-494.111017371 289.193021054 1564.43218352
-565.727345063 209.40681095 1458.03838855
-243.019511723 82.431131428 1744.41419731
-357.498570813 262.395205922 1283.31988505
-722.339696369 7.77311266167 1022.06369156
-271.994690658 357.778680445 1661.89459905
-241.09444903 140.773267736 1457.75998355
-732.91439697 -199.355915144 1334.8189511
-594.360158808 -11.1215855614 1824.35301657
-645.466177031 38.0003024077 1163.9621284
-719.12618692 334.989526102 1411.73140873
-409.653561839 365.438270889 1608.89313923
-513.355850203 473.715046007 1685.77099587
-599.799706806 64.2414605911 1258.98570204
-588.868356462 235.977096545 1544.16453548
-597.276918959 16.2115223258 1421.08357692
-564.065701088 154.42678239 1668.51333262
-932.992248794 -58.2171308658 1261.32371805
-429.092637177 189.792954391 1496.27321647
-647.514950194 230.963552674 1843.85818248
-235.178388143 75.1276074587 1219.13271694
-372.100567543 131.003320271 1473.39008373
-637.269441976 -19.6752020328 1169.54375325
-859.650885149 -32.4353599978 1349.78616746
-550.289353997 41.1650390312 1277.37491309
-891.771807251 181.405425018 1643.0029525
-397.622049516 118.905600094 1299.34771638
-280.016735606 192.221247612 1414.50140653
-204.217368426 47.7716611223 1225.78402014
-499.952997712 198.940636973 1299.01375343
-249.425662519 67.122928081 1448.31575738
-225.173988654 64.5742525782 743.664396843
-220.158873403 511.028286392 1665.00706722
-491.669510849 -93.1584891445 338.872752668
-213.771453725 65.5246706631 553.851037174
-366.594548039 205.73407974 1390.77367576
-212.535044011 104.264704884 1336.35466848
-487.613068532 -141.05270362 146.866357379
-318.434159068 48.842351562 1440.43418511
-408.705728575 482.282922971 1558.76409444
