0.31688 0.367356 0.41524
0.32884 0.36552 0.4158
0.33312 0.376264 0.4464
0.32872 0.400896 0.51052
0.33312 0.375732 0.4402
0.34496 0.376052 0.4436
0.33768 0.390452 0.444
0.31976 0.398156 0.46292
0.30996 0.408984 0.51128
0.35608 0.411564 0.46764
0.34932 0.41654 0.49884
0.3328 0.392132 0.45684
0.3306 0.39606 0.48728
0.35316 0.397088 0.4434
0.35472 0.398444 0.45064
0.3754 0.409364 0.44636
0.3528 0.385172 0.4206
0.3762 0.415924 0.47792
0.3612 0.420332 0.4856
0.34516 0.408864 0.49
0.36012 0.426712 0.56956
0.36752 0.402088 0.43704
0.37092 0.404252 0.50088
0.35628 0.403852 0.45048
0.33684 0.407148 0.49792
0.332 0.380916 0.442
0.32276 0.402856 0.498
0.31376 0.395828 0.42508
0.33664 0.37762 0.43016
0.33968 0.407244 0.45752
0.32968 0.387284 0.43572
0.32864 0.394568 0.43848
0.35868 0.391292 0.43496
0.33228 0.390264 0.42244
0.36596 0.395444 0.44416
0.35016 0.392996 0.47408
0.33912 0.375608 0.43348
0.36692 0.402724 0.4694
0.35572 0.391612 0.43308
0.34912 0.388856 0.42372
0.34816 0.38638 0.44776
0.33672 0.381192 0.4558
0.33536 0.38848 0.4192
0.34636 0.385872 0.4542
0.34948 0.384296 0.40916
0.31772 0.375336 0.43472
0.35896 0.389436 0.42796
0.32936 0.380784 0.42028
0.3322 0.376856 0.42096
0.34596 0.374236 0.40396
0.30352 0.36306 0.42216
0.32688 0.376812 0.41388
