0.10288 0.104324 0.10596
0.10248 0.104048 0.10796
0.10276 0.103788 0.10624
0.10396 0.10618 0.10908
0.10368 0.105396 0.10704
0.10556 0.10702 0.10888
0.1062 0.108604 0.11076
0.10408 0.106952 0.10968
0.10588 0.10806 0.11108
0.10504 0.108128 0.1112
0.10684 0.10834 0.111
0.10716 0.10918 0.11172
0.10836 0.110104 0.11168
0.10476 0.10926 0.11144
0.10804 0.110268 0.11176
0.10316 0.10444 0.10692
0.10156 0.103848 0.10592
0.10212 0.10442 0.1062
0.10364 0.104976 0.10704
0.104 0.105708 0.10892
0.10328 0.10556 0.10932
0.10368 0.107148 0.10948
0.10516 0.107136 0.1108
0.10468 0.106892 0.1088
0.10556 0.10706 0.1098
0.10448 0.106444 0.10828
0.10588 0.107468 0.10908
0.10324 0.106792 0.11064
0.10592 0.107204 0.10908
0.10404 0.107052 0.10884
0.10368 0.10804 0.11052
0.106 0.107608 0.10944
0.10612 0.107108 0.10948
0.10616 0.108488 0.1116
0.104 0.106904 0.11
0.1056 0.107328 0.10996
0.10544 0.107556 0.11128
0.10492 0.107868 0.11016
0.10604 0.107144 0.10844
0.10588 0.108204 0.1114
0.10536 0.107152 0.10944
0.1048 0.107744 0.11008
0.10604 0.10756 0.11036
0.10504 0.106728 0.10816
0.10452 0.10706 0.10956
0.10508 0.107816 0.10936
0.10516 0.108008 0.11136
0.10584 0.108844 0.11044
0.10612 0.109068 0.11044
0.10672 0.108356 0.11024
0.10556 0.108648 0.11144
0.106 0.108128 0.11352
0.10572 0.107364 0.10976
0.10564 0.10834 0.11116
0.10656 0.108136 0.10944
0.10488 0.107644 0.1108
0.10636 0.108004 0.10972
0.10668 0.109212 0.11224
0.10588 0.108628 0.10996
0.10672 0.10874 0.11056
0.10588 0.107964 0.11092
0.10644 0.108664 0.11288
0.10664 0.108272 0.1114
0.10604 0.108076 0.10972
0.10696 0.108476 0.11168
0.10496 0.107716 0.11016
0.10496 0.107344 0.10996
0.10608 0.1092 0.11212
0.10572 0.10926 0.11144
0.10528 0.10788 0.11148
0.1068 0.108016 0.10964
0.10452 0.1074 0.10916
0.10764 0.109036 0.11032
0.10644 0.108728 0.11272
0.10672 0.108576 0.11184
0.10656 0.108144 0.10996
0.10656 0.108468 0.10992
0.107 0.10846 0.11232
