0.6 0.6 0.6
0.6 0.6 0.6
0.6 0.6 0.6
0.6 0.6 0.6
0.6 0.6 0.6
0.6 0.6 0.6
0.6 0.6 0.6
0.6 0.6 0.6
0.6 0.6 0.6
0.6 0.6 0.6
0.6 0.6 0.6
0.6 0.6 0.6
0.58996 0.598996 0.6
0.6 0.6 0.6
0.6 0.6 0.6
0.56424 0.596424 0.6
0.32016 0.571564 0.6
0.59892 0.599892 0.6
0.31604 0.525288 0.6
0.23212 0.541108 0.6
0.38184 0.54224 0.6
0.20652 0.43318 0.6
0.19172 0.456996 0.6
0.274 0.518784 0.6
0.14724 0.22752 0.347
0.20184 0.282388 0.51524
0.19392 0.365736 0.6
0.15356 0.289736 0.6
0.14248 0.273192 0.6
0.16644 0.298276 0.46212
0.14704 0.303392 0.6
0.17864 0.27328 0.5644
0.16012 0.27676 0.56276
0.12816 0.208836 0.42932
0.13632 0.257556 0.6
0.12916 0.29704 0.6
0.12772 0.23546 0.42504
0.12916 0.210184 0.2826
0.13536 0.236924 0.56936
0.12796 0.171792 0.2056
0.13904 0.257728 0.4294
0.13388 0.184272 0.34228
0.12696 0.23988 0.52748
0.12648 0.176188 0.2854
0.13188 0.26828 0.6
0.13096 0.182736 0.24592
0.13512 0.188104 0.36996
0.13024 0.213204 0.34564
0.127 0.182844 0.3128
0.121 0.151508 0.21244
0.12712 0.15032 0.19344
0.1416 0.178884 0.27628
0.13076 0.199356 0.27404
0.10876 0.163456 0.2966
0.12196 0.151632 0.18996
0.14 0.172508 0.27964
0.136 0.212244 0.59828
0.11784 0.152412 0.20056
0.1156 0.170972 0.24104
0.11944 0.149768 0.21816
0.10836 0.157832 0.25432
0.11572 0.168696 0.23916
0.116 0.147396 0.20184
0.11424 0.12974 0.14772
0.10428 0.130296 0.16816
0.11316 0.138392 0.24012
0.10556 0.11316 0.1264
0.10976 0.116992 0.12676
0.10764 0.120876 0.15136
0.10072 0.112424 0.12788
0.10336 0.11664 0.142
0.1052 0.113236 0.1228
0.09908 0.108012 0.11644
0.101 0.10608 0.1112
0.10804 0.11392 0.13676
0.10196 0.111316 0.11624
0.10216 0.110044 0.11952
0.09968 0.106608 0.113
0.1014 0.109884 0.12132
0.09992 0.112032 0.12148
0.10156 0.114084 0.13172
0.1048 0.112712 0.1264
0.10564 0.108632 0.11112
0.10452 0.107528 0.11004
0.10616 0.10894 0.11288
0.1062 0.108924 0.1106
0.10388 0.10868 0.11024
0.10432 0.108364 0.11024
0.10656 0.108884 0.11104
0.1038 0.10814 0.11068
0.10568 0.107892 0.1108
0.10588 0.109172 0.1126
0.10508 0.107692 0.11092
0.10716 0.10894 0.1102
0.10768 0.109864 0.11176
0.10612 0.109136 0.1106
0.10584 0.108804 0.1126
0.10616 0.10832 0.11136
0.10644 0.108296 0.10992
0.10676 0.107828 0.10852
0.10608 0.108948 0.1126
0.10648 0.108156 0.11044
0.10624 0.109084 0.11064
0.10512 0.108164 0.11028
0.10636 0.108084 0.1102
0.10596 0.1084 0.11036
0.10684 0.108136 0.1102
0.10768 0.109208 0.11116
0.10672 0.1078 0.1098
0.1058 0.108468 0.11044
0.10524 0.10778 0.11016
0.10616 0.107776 0.10932
0.10544 0.108012 0.10932
0.10588 0.107828 0.11076
0.10716 0.10844 0.11032
0.1056 0.108088 0.1114
0.10544 0.10822 0.10984
0.106 0.107876 0.11032
0.10584 0.10812 0.10984
0.10692 0.108072 0.10904
0.10604 0.107968 0.10992
0.106 0.107576 0.111
0.10428 0.107324 0.10956
0.10584 0.107392 0.10872
0.1062 0.107416 0.109
0.10436 0.10734 0.11012
0.10576 0.107396 0.11024
0.10544 0.107536 0.11
0.10592 0.107672 0.10976
0.1052 0.107528 0.10972
0.105 0.107652 0.1096
0.10644 0.107944 0.11096
0.10576 0.10782 0.10932
0.10552 0.107652 0.10916
0.10632 0.107788 0.11052
0.10712 0.108592 0.11052
0.1062 0.107952 0.10972
0.10556 0.107728 0.11016
0.10464 0.107216 0.10956
0.1058 0.107916 0.11096
0.10572 0.108052 0.10984
0.10576 0.107684 0.10936
0.10636 0.108408 0.10968
0.10556 0.107612 0.1116
0.10656 0.107972 0.10976
0.10596 0.10788 0.11016
0.10756 0.108932 0.1106
0.10664 0.108664 0.11028
0.1062 0.108064 0.1092
0.10612 0.108736 0.11204
0.1066 0.108584 0.11064
0.10624 0.108492 0.1112
0.10676 0.10888 0.11056
0.10676 0.108256 0.11092
0.10548 0.108048 0.11036
0.10608 0.10862 0.10976
0.10624 0.109232 0.11236
0.10608 0.107796 0.1096
0.10724 0.10848 0.1096
0.10716 0.108724 0.11092
0.10548 0.107752 0.11016
0.10656 0.10844 0.10972
0.10684 0.109168 0.11116
0.10508 0.108532 0.10972
0.10572 0.1081 0.1108
0.10504 0.108072 0.10964
0.1072 0.108668 0.11012
0.10616 0.108136 0.1098
0.10724 0.108552 0.10972
0.10764 0.109724 0.11372
0.10732 0.1087 0.11196
0.10768 0.109044 0.11084
0.10604 0.108636 0.11192
0.10756 0.1091 0.1102
0.1062 0.108168 0.11376
0.10692 0.108568 0.11068
0.10504 0.107728 0.10936
0.10664 0.108792 0.1108
0.10632 0.107996 0.11096
0.10572 0.107792 0.10896
0.10744 0.10886 0.1116
0.10676 0.10838 0.1102
0.10672 0.108212 0.11056
0.1058 0.108292 0.11084
0.10656 0.108088 0.10928
0.10644 0.10866 0.11204
0.1064 0.10768 0.10936
0.1064 0.10824 0.1096
0.10656 0.108204 0.1112
0.10672 0.108872 0.11116
0.10732 0.108316 0.10944
0.10616 0.108256 0.11064
0.10644 0.108204 0.11032
0.10624 0.107924 0.10948
0.10616 0.107696 0.10952
0.10652 0.108328 0.1096
0.10716 0.108196 0.1102
0.10684 0.108392 0.11052
0.10588 0.107148 0.10812
0.10564 0.107368 0.10844
0.10608 0.107984 0.1096
0.105 0.10764 0.11076
0.10636 0.108208 0.11024
0.10668 0.108404 0.11124
0.10572 0.108172 0.11084
0.10572 0.107892 0.11008
0.10624 0.10812 0.11116
0.10444 0.10752 0.10988
0.1054 0.107032 0.109
0.10616 0.107688 0.10912
0.106 0.107128 0.10788
0.10616 0.107708 0.1116
0.106 0.107428 0.10904
0.10432 0.107148 0.11024
0.10572 0.107816 0.10964
0.10556 0.106792 0.10828
0.10584 0.107196 0.10868
0.1062 0.108048 0.11088
0.10612 0.107752 0.1094
0.10524 0.107168 0.10844
0.10516 0.108248 0.11068
0.10608 0.107124 0.10848
0.1054 0.1072 0.10868
0.10464 0.10722 0.10988
0.10468 0.107308 0.1112
0.10536 0.107764 0.10892
0.10508 0.106776 0.10784
0.10608 0.107676 0.1096
0.105 0.107052 0.10968
0.10656 0.107804 0.1092
0.10656 0.107576 0.10876
0.1064 0.10782 0.1096
0.10576 0.107744 0.10952
0.10588 0.108076 0.111
0.10692 0.108012 0.10996
0.1058 0.107832 0.10972
0.10612 0.107568 0.10936
0.10644 0.10782 0.10916
0.10604 0.107644 0.11
0.10568 0.108088 0.11012
0.10636 0.107584 0.10868
0.10636 0.108324 0.10956
0.10672 0.10858 0.10996
0.10616 0.108164 0.11024
0.10636 0.108168 0.11076
0.1062 0.108124 0.11064
0.10716 0.108272 0.10876
0.1072 0.108296 0.11016
0.10568 0.108128 0.1104
0.1064 0.108536 0.11064
0.10688 0.108096 0.10952
0.10768 0.10852 0.10968
0.10684 0.108248 0.10952
0.10484 0.107368 0.1104
0.106 0.107424 0.10944
0.10596 0.10808 0.11008
0.10612 0.107704 0.10912
0.10496 0.107788 0.10968
0.10544 0.106992 0.10884
0.10612 0.10732 0.10992
0.106 0.107368 0.1096
0.10536 0.10738 0.10948
0.1068 0.10844 0.10944
0.1054 0.10674 0.10872
0.10724 0.108516 0.10944
0.1062 0.107932 0.1094
0.10628 0.107432 0.1088
0.1062 0.10742 0.10932
0.106 0.10858 0.11084
0.10504 0.107172 0.10828
0.10632 0.107932 0.11096
0.10596 0.107804 0.11012
0.10608 0.107616 0.1088
0.10672 0.107776 0.1088
0.1056 0.106748 0.10872
0.10568 0.107608 0.11024
0.10584 0.1075 0.10952
0.10612 0.107636 0.10924
0.10592 0.10764 0.10976
0.10472 0.10716 0.10924
0.10452 0.107232 0.10984
0.1058 0.10692 0.1096
0.10556 0.106704 0.10808
0.10516 0.10658 0.10828
0.10568 0.107288 0.109
0.10524 0.107032 0.10904
0.10608 0.107392 0.10968
0.10548 0.107224 0.10848
0.1052 0.106664 0.10868
0.10612 0.107684 0.10908
0.10652 0.108084 0.10932
0.10588 0.107772 0.10952
0.10668 0.108024 0.10944
0.1054 0.107124 0.1086
0.1052 0.107308 0.10948
0.10572 0.106876 0.10896
0.10544 0.107304 0.10864
0.10548 0.107584 0.11072
0.10628 0.107492 0.10884
0.1044 0.106296 0.10784
0.1038 0.10654 0.10872
0.1046 0.106836 0.10872
0.106 0.106928 0.10872
0.10504 0.106508 0.10772
0.10504 0.106864 0.11024
0.10544 0.106948 0.10824
0.10512 0.10662 0.10772
0.10524 0.106732 0.10824
0.10572 0.10762 0.10948
0.10532 0.107144 0.10844
0.10524 0.106592 0.10852
0.1054 0.106836 0.10904
0.10512 0.10668 0.10788
0.10572 0.106924 0.1102
0.10568 0.107204 0.1086
0.10628 0.107096 0.10808
0.10564 0.106988 0.108
0.10356 0.106 0.1082
0.10536 0.106516 0.10744
0.10488 0.106288 0.10844
0.10512 0.106688 0.10884
0.10552 0.106772 0.10816
0.10456 0.106832 0.10904
0.1044 0.106036 0.10772
0.10444 0.106284 0.1078
0.1042 0.106512 0.10864
0.10292 0.106512 0.10944
0.1054 0.106548 0.10784
0.10556 0.106936 0.1092
0.10628 0.107336 0.10872
0.10552 0.106792 0.1092
0.10568 0.107412 0.10884
0.10616 0.107636 0.10932
0.10524 0.106948 0.10908
0.10668 0.107404 0.1086
0.106 0.107652 0.11092
0.10556 0.107172 0.10912
0.1064 0.107988 0.10908
0.10476 0.107792 0.10956
0.10696 0.108168 0.10976
0.10584 0.108128 0.1096
0.1068 0.108308 0.10968
0.10664 0.108204 0.10924
0.10588 0.10792 0.10932
0.1058 0.1081 0.10996
0.10596 0.10818 0.11004
0.10608 0.108224 0.11172
0.10628 0.108212 0.11112
0.1058 0.108656 0.11136
0.10664 0.10856 0.11128
0.107 0.109064 0.11112
0.10592 0.108808 0.1138
