-9975.11388028 -9797.2393926 -9376.24763854
-9985.61991645 -9814.5036914 -9443.64002495
-10008.6656213 -9580.73156277 -8486.70629158
-10009.2737233 -9660.56914034 -8712.8775019
-10026.1923164 -9821.6625339 -9132.32965406
-9971.61289382 -9709.07783059 -8967.85758586
-9930.2886235 -9630.92243865 -8247.35655009
-9932.96956018 -9646.45709203 -8410.32328563
-9964.77075192 -9598.75679946 -8578.81784858
-9985.3854071 -9454.72586527 -8290.4760109
-9944.03712329 -9393.36319175 -8152.52597159
-9988.63739856 -9463.00851574 -8023.94224122
-9570.5569372 -8371.62653817 -4982.18729376
-9991.90240883 -9084.89878641 -6673.70977356
-9922.57653483 -9050.88615265 -8354.40942342
-9952.43714822 -7700.85282663 -6062.182895
-9445.22538583 -7255.80027363 -173.040196814
-9514.17661275 -8550.53058962 -6376.00347288
-8873.82827541 -4815.63729897 95.1239204167
-9631.81465389 -6323.53404061 22.2983780285
-7507.48219337 -4239.28914639 -322.468109188
-7864.25552481 -2906.67977868 -147.016205124
-9030.23941882 -3473.52386321 186.56211398
-9409.68590384 -5202.85832004 -133.689931693
-1106.0492043 -341.1028283 33.4657033907
-3764.72844881 -581.049717387 101.132014858
-7962.70872395 -1348.47530835 -92.7700476592
-7020.14771339 -1174.22276023 171.52461603
-9237.59924393 -1165.29488194 442.024920189
-6055.6403504 -1083.24530791 206.62057237
-8735.04814678 -1916.97502325 449.312192753
-7829.07902946 -1030.69880442 140.256126023
-7874.16841802 -1588.07023432 -77.9060066944
-477.160459239 -64.6496808795 489.123284936
-6708.44501276 -876.32008668 486.984233564
-8024.87675524 -1859.50813456 -107.509691979
-4309.08859376 -458.395255463 655.385669826
-361.77578817 21.2758959222 511.739397
-3674.08948009 -588.599179888 649.009466768
-1353.58992117 -145.164165829 597.750889062
-3504.1146921 -765.366205746 -21.7328595659
-3566.39340788 -407.826824552 160.936419947
-4714.71230764 -839.099153301 165.401388705
-901.95583174 -23.9188413885 793.442176669
-7501.24905932 -1473.50882363 266.885732447
-319.923284996 55.5535604117 787.017083872
-667.71993063 -0.0533442600453 432.603207875
-1701.42096909 -281.630057775 55.042277393
-399.768595814 4.31015121583 820.188204763
-240.05795757 36.3542888072 275.682099382
-385.271815975 138.420706462 558.873987093
-400.12606382 -94.748545431 246.769837436
-190.520910379 53.7221240065 437.627376492
-528.846683586 -26.8468418407 338.296526776
-427.815266264 21.5587612564 476.126412508
-239.203598622 -35.1959238979 165.69872752
-8644.05128157 -875.66310047 430.61865958
-325.857917313 -65.6341593074 289.529247547
-160.033371245 78.2356972123 726.571581719
-309.092322358 106.110155045 547.80561931
-262.879727006 29.1451669395 617.591236487
-456.684622057 -17.668329511 596.195726171
-206.697309407 111.778387177 629.507027575
-460.005097475 29.5506816986 607.207145554
-338.626462791 128.838723346 666.025279823
-304.53949159 172.041264077 601.320192589
-321.282970465 68.9713942183 448.273069823
-539.29292046 100.508788784 604.555017096
-55.3785309955 317.106413537 567.488133715
-181.16679099 270.634974739 858.778530724
-369.531979754 -4.83061243984 430.342327584
-113.156463586 203.566179065 659.057317549
-341.255255175 88.9029290015 577.975110767
-209.044019606 171.114685761 774.234422564
-110.832313366 220.602830251 695.540924808
-227.89304641 156.422338306 792.262165621
-250.813712883 74.4067337442 427.231959108
-140.724734218 218.335700449 605.899060854
-62.5348096924 317.470052616 624.104819858
-274.084128802 11.6120434137 709.368837193
-313.815552276 44.7932920308 590.021636021
-321.831127544 40.9641016007 415.293068105
