-8123.51508359 -7071.63175128 -4991.02308504
-8303.94188221 -7207.89958593 -6306.87242787
-8098.18758493 -7219.60096689 -5013.16275978
-7887.87604777 -6419.87492379 -4356.9493287
-8225.41397824 -6431.70422512 -4237.64418022
-7974.09512255 -6033.91049686 -2944.03131758
-7028.10300497 -4898.60932455 -1887.559698
-7761.13081598 -4574.4798961 -2562.50896048
-7275.13249995 -5520.52182212 -3582.81731846
-4714.65506166 -3203.48194607 -1445.4248712
-6334.19365818 -3032.84500351 -1554.01726584
-5372.50903287 -2951.52569281 -1449.84229902
-3018.97857283 -1991.76304935 -1361.68482148
-2804.86294063 -1715.32770499 -1193.67867835
-2306.92839995 -1728.38029536 -1414.56288845
-2112.07974215 -1473.74413115 -965.805651548
-1873.44815374 -1450.05537475 -1125.58752697
-2047.27756341 -1459.64105508 -1056.19025458
-1232.66124813 -1094.29620761 -910.781505201
-1436.31160624 -1175.41984189 -1031.38158497
-1300.48375423 -1135.02092951 -917.947566342
-1079.50373559 -980.62501069 -909.347234318
-1089.95999247 -984.159191102 -844.158219285
-1213.27695222 -1036.74118694 -925.4297025
-1060.37658706 -908.584331327 -837.441791204
-985.800060577 -888.741335274 -803.353249819
-961.922075508 -876.325893937 -801.088002922
-921.008925717 -831.163324145 -761.79516102
-910.188061424 -857.848215655 -796.202538656
-948.688892106 -829.653286463 -764.694499023
-851.114584196 -819.977382867 -790.630819029
-889.324591867 -789.166221931 -702.228586517
-882.148995552 -803.700569833 -701.666184042
-820.664035568 -752.381433365 -699.067762209
-781.854930859 -733.004673843 -703.104390464
-851.805165779 -756.251167636 -671.319725917
-781.177246236 -703.269840836 -673.047789346
-775.409115416 -720.224631347 -670.563231926
-800.183564775 -702.744980336 -658.435936739
-741.168241176 -688.737676197 -634.962593042
-760.997333007 -679.668475229 -623.827335685
-753.724126432 -683.880331118 -609.297581535
-702.29250136 -645.835137392 -585.452899691
-709.550309718 -662.949267207 -623.261157344
-690.70791822 -649.401614154 -594.136656421
-660.236674211 -618.147897 -581.625508385
-646.994879745 -607.803351332 -578.667234822
-659.545663283 -629.745120862 -594.866093552
-672.823758776 -594.657678878 -568.842163066
-661.012671367 -600.273310202 -554.959221156
-641.905778937 -602.9870168 -587.790706832
-623.720121211 -592.593963277 -551.46607363
-608.485963024 -589.177509965 -559.174901796
-643.14378435 -588.107366231 -554.761036692
-594.115554428 -562.726595894 -536.16847963
-573.371874276 -558.15971995 -541.265151939
-602.503873408 -571.368099304 -557.099246848
-575.164888591 -552.668616538 -532.077841152
-571.699552217 -548.339825299 -510.693202903
-568.253826109 -536.61424715 -515.538439154
-544.396410706 -526.027380352 -501.72605402
-546.385611128 -524.650766655 -507.551750781
-539.118637916 -522.739683476 -501.734336789
-527.774638545 -513.93832684 -503.666292125
-547.359580941 -519.383610938 -498.237226569
-517.875355977 -508.960535424 -494.51224773
-546.111750317 -498.402387025 -473.265311979
-528.705011466 -508.51833571 -491.547237936
-516.062798235 -504.609865277 -493.89013066
-514.694392336 -489.558945821 -473.257026503
-528.539905982 -495.546932496 -474.468885597
-501.896098805 -492.906272557 -481.366994941
-495.450630244 -483.069369545 -474.862308033
-505.696449634 -484.726658136 -464.593120554
-491.227991731 -481.137185324 -470.104608085
-509.370520787 -473.850152513 -454.756802269
-489.69298979 -475.050370854 -464.008383845
-491.006541787 -475.798950115 -460.304884628
-493.131789021 -473.952212827 -454.591284488
-475.681974963 -463.069282311 -451.364052259
-485.102693488 -467.496562863 -445.947181733
-469.770464618 -456.85767951 -442.05598368
-479.124737118 -457.878995074 -443.885287799
-463.485989657 -451.956828535 -438.621256191
-461.939703376 -446.641379124 -433.302918685
-459.0223773 -444.566588133 -422.566651336
-458.930553551 -445.303272846 -426.834822281
-445.317344755 -436.105210785 -427.175152345
-456.592526023 -436.164923696 -419.727533727
-452.458118951 -429.622113624 -410.818927958
-450.961167298 -427.016096031 -411.271291789
-438.967913985 -419.985317595 -411.610576685
-446.960998908 -422.078527805 -402.870746919
-443.192879308 -419.536122232 -405.024816075
-423.568988265 -409.718223446 -392.68230896
-428.714488905 -411.809999169 -390.886070216
-409.05811272 -398.931309126 -387.997787917
-421.194911758 -401.509857857 -381.905813972
-410.876734006 -399.755714888 -382.737486398
-406.20815341 -389.786460086 -355.487199047
-407.125007364 -390.108957458 -364.206880752
-600.799088959 -414.548263791 -376.727282124
-393.277949515 -374.199778076 -348.645837128
-388.777191969 -372.455464217 -354.184329746
-394.88381026 -374.012767047 -350.443121352
-382.393590301 -362.446704607 -340.712129551
-488.394301897 -382.821099786 -344.566121947
-377.307511468 -361.886125229 -348.718736917
-374.123514544 -361.317290609 -349.931673879
-840.412114044 -430.562054283 -344.748191855
-6517.6436207 -995.635119942 -345.329019969
