0.11996 0.425548 0.6
0.16892 0.474388 0.6
0.13284 0.37152 0.6
0.11004 0.328588 0.6
0.10988 0.25742 0.58528
0.1236 0.1817 0.24232
0.09808 0.283496 0.6
0.11176 0.18792 0.33632
0.09732 0.246652 0.41244
0.0952 0.20504 0.43752
0.09168 0.198892 0.4416
0.1082 0.217968 0.52476
0.09444 0.224196 0.6
0.09308 0.191944 0.56328
0.08844 0.139112 0.19688
0.08456 0.117224 0.19892
0.08016 0.130536 0.2524
0.0838 0.125 0.2692
0.07352 0.113256 0.18612
0.07656 0.101624 0.13468
0.07436 0.100964 0.14684
0.07848 0.11442 0.17156
0.07744 0.09534 0.11948
0.07708 0.103876 0.19664
0.07036 0.083764 0.09536
0.0782 0.09104 0.10928
0.07868 0.090152 0.11208
0.07428 0.11772 0.30052
0.06808 0.092656 0.14412
0.07468 0.093124 0.12736
0.06484 0.086252 0.16236
0.07048 0.088744 0.1388
0.06792 0.082184 0.09812
0.06864 0.08534 0.13808
0.06568 0.077944 0.09044
0.06892 0.079104 0.10436
0.0688 0.081992 0.14376
0.06492 0.077576 0.11668
0.073 0.11868 0.472
0.0624 0.073036 0.08544
0.06468 0.076012 0.08772
0.06536 0.071112 0.07964
0.07008 0.075952 0.0836
0.06392 0.094068 0.29344
0.061 0.074876 0.09352
0.06244 0.07232 0.08692
0.0628 0.07706 0.09916
0.06236 0.071948 0.09008
0.05932 0.06984 0.0844
0.06136 0.073112 0.096
0.05872 0.069872 0.08588
0.0658 0.071796 0.08144
0.06908 0.078344 0.095
0.06596 0.070176 0.08276
0.06344 0.073072 0.086
0.06216 0.078932 0.11244
0.06176 0.071664 0.08088
0.066 0.080172 0.13844
0.06356 0.078068 0.09732
0.0604 0.069968 0.086
0.06408 0.074292 0.08964
0.0608 0.077444 0.10108
0.05964 0.07282 0.08488
0.0674 0.078828 0.10008
0.05948 0.071808 0.08576
0.0636 0.06986 0.08056
0.05932 0.06908 0.0754
0.0612 0.071672 0.08084
0.06532 0.069304 0.0768
0.06332 0.073764 0.08128
0.06308 0.069048 0.08368
0.06308 0.068508 0.07312
0.06204 0.07488 0.08484
0.06228 0.066888 0.076
0.06604 0.071804 0.08796
0.06224 0.067596 0.0864
0.06228 0.070676 0.08064
0.06136 0.067744 0.08192
0.06088 0.063964 0.072
0.05964 0.067312 0.09116
0.06348 0.074624 0.1018
0.06108 0.070464 0.10348
0.06224 0.066228 0.07268
0.0624 0.069644 0.0802
0.06092 0.064504 0.072
0.06004 0.06538 0.07356
0.06312 0.068332 0.09148
0.06024 0.067472 0.07724
0.06224 0.066604 0.07468
0.05988 0.065028 0.07784
0.059 0.067892 0.0836
0.0636 0.067008 0.07276
0.06188 0.069332 0.07844
0.0578 0.064468 0.06912
0.06012 0.063864 0.06888
0.05736 0.0661 0.07324
0.0606 0.064808 0.0778
0.059 0.0671 0.0788
0.05936 0.068716 0.08472
0.05988 0.067428 0.0804
0.059 0.065732 0.08524
0.05944 0.064344 0.07124
0.05976 0.066788 0.07672
0.05716 0.064188 0.07492
0.06068 0.065968 0.0776
0.05956 0.0683 0.07992
0.0614 0.066496 0.07256
0.05212 0.065108 0.07728
0.06212 0.07044 0.09196
0.06044 0.065632 0.07444
0.06396 0.06958 0.07908
0.05996 0.06368 0.06864
0.05808 0.065528 0.071
0.05928 0.066268 0.08272
0.0618 0.076136 0.1156
0.05804 0.065304 0.08012
0.0594 0.066556 0.07572
0.05864 0.066804 0.0726
0.06032 0.065168 0.06936
0.06056 0.068132 0.08556
0.05624 0.066548 0.08568
0.0572 0.071944 0.0946
0.0606 0.064112 0.06808
0.05728 0.066792 0.07272
0.06096 0.06924 0.08436
0.06024 0.06872 0.07784
0.06188 0.069672 0.08384
0.06608 0.072496 0.0924
0.06068 0.071792 0.10724
0.05952 0.066444 0.08484
0.0648 0.070836 0.1042
0.05792 0.066096 0.07652
0.05576 0.064908 0.0726
0.0624 0.067212 0.07556
0.06128 0.066724 0.0726
0.06196 0.072124 0.11488
0.06088 0.065728 0.07492
0.06012 0.06654 0.07824
0.05896 0.066184 0.08
0.05964 0.068152 0.0974
0.05852 0.063356 0.07328
0.06036 0.065576 0.07344
0.06068 0.065288 0.07348
0.05828 0.062508 0.06924
0.05828 0.064604 0.07888
0.05916 0.06406 0.0694
0.05776 0.062364 0.06508
0.05924 0.066412 0.07164
0.05612 0.062952 0.07356
0.06096 0.065164 0.06996
0.05448 0.06514 0.07564
0.06216 0.066112 0.07388
0.06396 0.070372 0.07584
0.06788 0.071768 0.07508
0.06068 0.07208 0.09844
0.05948 0.067024 0.0732
0.06492 0.072948 0.0804
0.06304 0.072748 0.08684
0.06148 0.070424 0.0836
0.06252 0.069404 0.08336
0.06552 0.072172 0.08728
0.06292 0.07084 0.07772
0.06224 0.076284 0.09576
0.05704 0.07238 0.10412
0.06016 0.070644 0.0888
0.062 0.074028 0.11432
0.05988 0.068152 0.08608
0.06136 0.070776 0.0834
0.05884 0.06874 0.08264
0.06068 0.067264 0.08628
0.05676 0.071944 0.0886
0.06548 0.071112 0.0762
0.0588 0.069444 0.09196
0.0602 0.073216 0.0978
0.06232 0.070424 0.08432
0.0612 0.07236 0.10148
0.05828 0.0658 0.07824
0.06152 0.067536 0.08044
0.05664 0.067348 0.08932
0.06192 0.069424 0.07536
0.06088 0.06656 0.07368
0.06136 0.075312 0.09304
0.05608 0.064488 0.07188
0.05772 0.068236 0.0778
0.06428 0.0706 0.08308
0.05968 0.070332 0.09168
0.05836 0.072052 0.0916
0.06292 0.074116 0.09024
0.0634 0.069084 0.08044
0.065 0.076188 0.0992
0.06732 0.077152 0.10456
0.06464 0.0784 0.13072
0.06264 0.074716 0.0932
0.06832 0.080428 0.10956
0.06196 0.071588 0.0844
0.06368 0.072396 0.09076
0.0616 0.075672 0.1112
0.06428 0.071656 0.08276
0.0614 0.076364 0.095
0.06148 0.0731 0.08868
0.06452 0.089264 0.14744
0.0624 0.071676 0.10192
0.06084 0.067436 0.07432
0.06104 0.066608 0.07452
0.05804 0.065684 0.07348
0.06164 0.067576 0.08616
0.06236 0.069024 0.07248
0.059 0.06636 0.0846
0.05936 0.070092 0.096
0.05892 0.065928 0.07184
0.05856 0.068136 0.08888
0.05776 0.064376 0.07464
0.05884 0.065812 0.0816
0.0602 0.068808 0.09236
0.05952 0.063288 0.069
0.06116 0.065712 0.07108
0.0628 0.066872 0.07356
0.06128 0.069392 0.08204
0.05696 0.06796 0.07852
0.06332 0.070052 0.0766
0.05976 0.063604 0.06924
0.06044 0.06586 0.08308
0.06424 0.072816 0.087
0.05632 0.067808 0.08412
0.06144 0.069076 0.08012
0.06224 0.072004 0.08776
0.05988 0.070392 0.10012
0.05764 0.065144 0.07168
0.06004 0.069084 0.08448
0.05964 0.068508 0.09768
0.06024 0.06802 0.07696
0.05728 0.067096 0.09024
0.0608 0.065192 0.0756
0.05808 0.06752 0.08552
0.06092 0.065256 0.07044
0.06016 0.064332 0.06888
0.06124 0.069728 0.08992
0.06008 0.064972 0.07876
0.06436 0.069344 0.07476
0.06236 0.067604 0.077
0.0594 0.063816 0.07268
0.06056 0.064444 0.07244
0.05876 0.065264 0.07832
0.0574 0.063276 0.07088
0.05852 0.063664 0.06668
0.05864 0.063244 0.06944
0.06232 0.065952 0.06916
0.05684 0.063136 0.07176
0.05916 0.064776 0.07204
0.06052 0.068824 0.09772
0.063 0.068428 0.07916
0.0622 0.065164 0.07012
0.05984 0.065788 0.0718
0.06132 0.067248 0.07556
0.06208 0.06692 0.07304
0.0618 0.06466 0.0686
0.06124 0.066128 0.07096
0.06012 0.06702 0.07396
0.05936 0.063284 0.06712
0.05944 0.063624 0.06716
0.05928 0.064008 0.07204
0.06024 0.065868 0.08488
0.06156 0.065908 0.07304
0.06024 0.066648 0.07552
0.05944 0.066992 0.075
0.06176 0.067516 0.07608
0.05844 0.06842 0.09208
0.05996 0.063848 0.07456
0.05772 0.066488 0.09276
0.05788 0.0672 0.07596
0.06044 0.06534 0.07396
0.05836 0.066544 0.07512
0.0608 0.065412 0.0706
0.06136 0.067748 0.084
0.06092 0.064304 0.0704
0.05916 0.06512 0.07932
0.06112 0.069472 0.087
0.06 0.069056 0.08332
0.05732 0.066472 0.07528
0.05744 0.07004 0.08392
0.06024 0.067072 0.07684
0.0594 0.064696 0.07284
0.0588 0.068948 0.08516
0.05968 0.068056 0.08236
0.05968 0.066232 0.07572
0.05996 0.070044 0.08728
0.05832 0.0639 0.07236
0.05856 0.067796 0.0796
0.0554 0.062764 0.07692
0.0634 0.067908 0.07576
0.05872 0.065524 0.0812
0.059 0.065244 0.08088
0.05948 0.064176 0.0754
0.0588 0.065204 0.07896
0.0594 0.065488 0.07672
0.06116 0.066352 0.07696
0.06116 0.065432 0.07216
0.05924 0.066988 0.0802
0.05944 0.064312 0.0714
0.05972 0.071004 0.08732
0.05964 0.068232 0.08804
0.0582 0.069928 0.08072
0.06068 0.071596 0.09512
0.06188 0.07038 0.0938
0.0616 0.073732 0.11416
0.06036 0.067596 0.09132
0.06152 0.076192 0.13892
0.0608 0.071964 0.11192
0.05924 0.072616 0.1046
0.0618 0.07064 0.0792
0.06068 0.070488 0.08276
0.06536 0.075216 0.08852
0.05836 0.069144 0.07592
0.06364 0.072112 0.08804
0.06164 0.070648 0.08316
0.0626 0.069724 0.07908
0.06192 0.069144 0.07868
0.063 0.070768 0.08276
0.06544 0.077552 0.10264
0.0612 0.07042 0.07592
0.05516 0.0704 0.0832
0.06428 0.077716 0.11604
0.06516 0.06688 0.06964
0.06496 0.066376 0.06836
0.0648 0.066528 0.06864
0.06392 0.066068 0.0682
0.0636 0.065688 0.06716
0.06532 0.066712 0.0688
0.06496 0.065956 0.06712
0.0634 0.066108 0.06744
0.064 0.066048 0.06708
0.06432 0.06568 0.0668
0.0656 0.066368 0.06728
0.06368 0.06618 0.0686
0.06436 0.066148 0.068
0.06452 0.06564 0.06736
0.06432 0.066404 0.06768
0.06536 0.066572 0.06796
0.065 0.066744 0.06868
0.06528 0.066284 0.0676
0.06504 0.0668 0.0698
0.06548 0.066768 0.06792
0.06496 0.066752 0.06844
0.06488 0.067192 0.06836
0.065 0.066548 0.06936
0.06524 0.0667 0.068
0.06504 0.066544 0.06796
0.06432 0.066116 0.06748
0.06512 0.066632 0.06768
0.06524 0.066696 0.06752
0.06408 0.066868 0.0692
0.0662 0.066868 0.06812
0.06536 0.06692 0.06808
0.06532 0.067272 0.06816
0.06588 0.066932 0.06792
0.0654 0.06688 0.06796
0.06576 0.067216 0.06984
0.06472 0.067096 0.06832
0.06572 0.066968 0.06804
0.06556 0.067164 0.06804
0.0654 0.066968 0.06816
0.06548 0.0668 0.06796
0.06552 0.067252 0.06864
0.06556 0.066876 0.06816
0.06652 0.067848 0.06976
0.06668 0.067644 0.06872
0.06592 0.066944 0.06832
0.06516 0.066736 0.06744
0.06596 0.067056 0.06816
0.06468 0.066352 0.06732
0.06564 0.067248 0.06916
0.06532 0.066504 0.0676
0.06536 0.067128 0.06916
0.06568 0.067064 0.06868
0.06664 0.067472 0.0688
0.0652 0.066236 0.06748
0.06556 0.066488 0.06732
0.06612 0.067204 0.06832
0.06592 0.066956 0.06856
0.06532 0.066848 0.06804
0.06536 0.06704 0.0684
0.06388 0.066688 0.06896
0.06588 0.067028 0.06968
0.06408 0.066484 0.06812
0.06524 0.066372 0.0678
0.0652 0.06642 0.06808
0.06572 0.066904 0.0686
0.06508 0.06698 0.06932
0.06408 0.06674 0.06812
0.06576 0.067412 0.06928
0.0654 0.067448 0.06904
0.06596 0.067368 0.069
0.06612 0.0669 0.06896
0.06624 0.067728 0.06944
0.06528 0.067284 0.06912
0.06596 0.067536 0.06888
0.06572 0.067388 0.06948
0.06628 0.067156 0.06844
0.0664 0.068024 0.06952
0.06612 0.06762 0.06988
0.06588 0.067584 0.06952
0.06596 0.067556 0.07004
0.06556 0.067496 0.0684
0.066 0.06764 0.06892
0.06616 0.068076 0.06976
0.06568 0.068284 0.07204
0.06564 0.067188 0.06836
0.06512 0.067328 0.06904
0.06612 0.06738 0.06944
0.0666 0.068232 0.06992
0.06492 0.067224 0.06888
0.06608 0.06732 0.069
0.06592 0.067552 0.06972
0.06584 0.067328 0.06872
0.06608 0.067488 0.06884
0.06608 0.067984 0.0696
0.06616 0.067876 0.06932
0.0658 0.067572 0.06904
0.06612 0.067228 0.0686
0.06528 0.067088 0.06944
0.06636 0.06748 0.06896
0.06588 0.067632 0.06892
0.0654 0.066304 0.0698
0.06508 0.066948 0.0678
0.06576 0.0675 0.06868
0.06572 0.067068 0.06916
0.06516 0.067064 0.06924
0.0656 0.06718 0.06856
0.06624 0.067888 0.0696
0.06444 0.067292 0.0694
0.06624 0.067784 0.0704
0.06552 0.067672 0.06996
0.06656 0.067696 0.06892
0.06552 0.067152 0.06832
0.06576 0.06802 0.06956
0.06648 0.067656 0.06968
0.06664 0.067572 0.0694
0.0668 0.068488 0.07064
0.06616 0.067904 0.06996
0.065 0.067684 0.07064
0.06604 0.067344 0.07008
0.06584 0.067708 0.06932
0.06592 0.067048 0.0682
0.06516 0.06728 0.06928
0.06592 0.06756 0.06912
0.06484 0.067316 0.06852
0.06524 0.066924 0.0684
0.06608 0.067824 0.07032
0.06572 0.066852 0.06836
0.06616 0.067224 0.06896
0.06556 0.06694 0.0684
0.0652 0.066556 0.06796
0.0644 0.066348 0.06704
0.06484 0.06696 0.06948
0.06468 0.066644 0.06952
0.06544 0.066616 0.06844
0.06436 0.067088 0.06936
0.06576 0.066496 0.06808
0.06496 0.066888 0.06912
0.0656 0.0669 0.06776
0.06552 0.066676 0.06836
0.06512 0.06666 0.06844
0.06544 0.066436 0.06752
0.06608 0.067296 0.06884
0.06612 0.067396 0.0688
0.0654 0.067152 0.068
0.06604 0.067604 0.06936
0.06612 0.0678 0.0696
0.06524 0.06716 0.06972
0.0666 0.068124 0.07028
0.06528 0.068104 0.06972
0.0654 0.067512 0.06956
0.06636 0.067648 0.06888
0.0668 0.068492 0.06968
0.06628 0.067936 0.06948
0.06664 0.06834 0.06944
0.06736 0.068416 0.0702
0.0654 0.068156 0.0704
0.06728 0.068528 0.0694
0.067 0.068096 0.06948
0.06768 0.069108 0.07112
0.0654 0.068548 0.07068
0.06644 0.068756 0.07128
0.06804 0.069508 0.07168
0.0662 0.068192 0.06976
0.06636 0.0692 0.07208
0.067 0.067948 0.06968
0.0668 0.068432 0.07012
0.06748 0.06852 0.06944
0.06688 0.068868 0.07188
0.06712 0.068716 0.07008
0.0662 0.067692 0.06936
0.06692 0.068644 0.0696
0.06756 0.068976 0.07064
0.06628 0.068868 0.07136
0.06744 0.068412 0.06948
0.06712 0.06878 0.07012
0.06728 0.068724 0.06956
0.067 0.068204 0.06968
0.06696 0.068044 0.0692
0.06652 0.06928 0.07104
0.067 0.068104 0.06992
0.06672 0.068388 0.06988
0.06664 0.068236 0.07152
0.0676 0.068744 0.0706
0.06632 0.069044 0.07152
0.06736 0.06884 0.07092
0.0676 0.068752 0.07004
0.06788 0.069312 0.07052
0.06764 0.069176 0.0716
0.06684 0.068972 0.06988
0.06676 0.069724 0.07216
0.06716 0.069932 0.07244
0.06812 0.06958 0.07116
0.06704 0.06928 0.07072
0.06876 0.070192 0.07136
0.06788 0.069556 0.072
0.068 0.069428 0.07144
0.06848 0.070308 0.0718
0.0668 0.069684 0.0726
0.06748 0.069068 0.0718
0.0678 0.069316 0.0712
0.06744 0.069232 0.07064
0.06728 0.069352 0.07204
0.06744 0.068972 0.07016
0.06696 0.068592 0.0708
0.06824 0.06954 0.07056
0.067 0.068656 0.07124
0.06728 0.0694 0.071
0.06716 0.069544 0.07216
0.0668 0.069196 0.0734
0.06792 0.068968 0.07048
0.06644 0.068632 0.07012
0.06588 0.06944 0.07244
0.06732 0.069004 0.07244
0.0684 0.06964 0.0712
0.06716 0.069552 0.0714
0.06728 0.069868 0.07244
0.06844 0.0698 0.07144
0.06708 0.069452 0.07136
0.06824 0.069424 0.07192
0.06724 0.069448 0.07124
0.06656 0.06904 0.07084
0.06828 0.069756 0.07232
0.06788 0.069748 0.07164
0.06876 0.069748 0.07192
0.0674 0.06918 0.0706
0.06824 0.06984 0.07128
0.06872 0.069872 0.0714
0.06764 0.06968 0.07236
0.0674 0.070008 0.07172
0.0688 0.070324 0.07296
0.06748 0.0697 0.07384
0.06784 0.069816 0.07256
0.06752 0.06926 0.07052
0.0672 0.069792 0.07224
0.06828 0.071144 0.0754
0.06912 0.07074 0.07244
0.06804 0.07018 0.07196
0.0666 0.068996 0.0712
0.06712 0.068828 0.0708
0.06764 0.069364 0.0716
0.0684 0.069836 0.07132
0.0674 0.069596 0.07224
0.06772 0.069512 0.07068
0.06732 0.069204 0.07056
0.06684 0.069444 0.07204
0.0676 0.069708 0.07264
0.06588 0.069696 0.07184
0.06776 0.069192 0.072
0.06884 0.07024 0.07296
0.0686 0.069772 0.07128
0.06696 0.069232 0.07156
0.06748 0.070268 0.07164
0.06716 0.069484 0.0716
0.06664 0.068368 0.07048
0.06712 0.069732 0.07348
0.06868 0.06998 0.07164
0.06812 0.069648 0.07104
0.06824 0.07024 0.0728
0.06816 0.06968 0.07136
0.06908 0.070676 0.07444
0.06784 0.07024 0.07196
0.06812 0.069456 0.0708
0.06788 0.069328 0.07088
0.06792 0.07012 0.07212
0.06736 0.069808 0.07204
0.06804 0.070224 0.07264
0.06796 0.070592 0.07344
0.0672 0.068984 0.07112
0.0682 0.06968 0.07124
0.06828 0.070404 0.0714
0.06876 0.070188 0.07248
0.06756 0.069916 0.07228
0.067 0.069852 0.0724
0.06676 0.069156 0.07144
0.0688 0.069644 0.071
0.06792 0.069656 0.071
0.06824 0.0699 0.07164
0.06804 0.069856 0.07136
0.0672 0.069424 0.0718
0.067 0.06968 0.07076
0.06736 0.069632 0.07196
0.06788 0.069936 0.07448
0.06744 0.06956 0.0724
0.06804 0.070436 0.0728
0.06816 0.069332 0.07072
0.0664 0.068736 0.07048
