-6403.35412451 -2404.75414754 -120.063235165
-6475.99783909 -1350.83236071 1054.03796747
-6247.14827134 -1277.57419948 1783.59976821
-2461.16366523 -577.964302871 -59.3908523698
-6164.07912992 -1169.38741918 1766.15304406
-4808.51624753 -882.544310777 288.426869831
-1288.54139127 71.0202172575 1904.83011528
-5944.62035557 -410.242988935 1323.7010199
-2346.05897916 -248.966364306 1300.12445087
-2497.09524968 -477.69372505 264.919167573
-507.077369429 79.5513286427 1548.48661375
-188.443880359 567.658763972 1839.90541555
-675.327231277 -193.766750621 1060.26560144
-2610.28628228 -177.794674678 1076.64711609
-657.261756317 -40.194421874 808.703270969
-796.952321735 65.7904221067 1450.96083698
-406.705053335 146.359639998 1068.13400784
-282.350661384 66.0354380157 759.719833771
-327.801219167 -60.3438002958 694.03491242
-1113.04575669 -255.906774848 1087.62760208
-559.196480553 -72.8990366644 374.96451337
-575.463426364 181.5573032 1715.35573971
-583.329427518 -86.7618933304 683.433517729
-934.498789929 14.2324643572 1784.64421141
-404.212230387 -131.039659071 712.719876777
-1313.86938645 -103.061271579 779.499243978
-477.95198365 -174.93094555 268.884014867
-343.024330948 -49.445822468 778.095519514
-407.088578338 -156.109509078 303.164702004
-470.867253566 225.48137317 1887.56206055
-436.485524042 -57.4640532391 652.411298548
-3587.48509099 -218.667960947 1350.93666409
-2097.06767837 -419.761029752 -56.3346362196
-6004.01356701 -684.996430764 1022.41577445
-621.660696532 41.2475201232 1083.2071067
-5922.37711673 -382.016291193 1072.12089375
-408.152803011 44.2000189579 1035.28215052
-1321.40777602 -258.750292537 667.009738729
-360.714280457 -135.218594654 -67.1521681482
-481.390066817 -74.2604329088 1317.01109526
-445.399393823 -64.1100373089 747.675769015
-519.638625479 73.8067491394 1567.71709332
-528.812939432 66.9917808195 673.494787061
-1748.28195547 -252.459430383 705.447518671
-744.813414607 -64.4096601018 1340.44102877
-456.222692449 159.240404926 1739.49215828
-473.506825584 180.200636825 1736.39165679
-5847.85044878 -607.022943523 682.487696599
-3527.97231761 -421.161260045 1520.08574328
-1222.15381331 -246.403808359 663.541390802
-4280.9806501 -680.348837056 236.392830401
-551.258865254 16.2527795243 1098.37296012
-521.144386624 253.451297883 1697.42221944
-1269.34093485 -259.485146039 266.798954754
-726.651384009 59.5251548876 752.200329216
-1476.28071201 -309.42430766 1209.50852958
-1577.54940338 -518.85458917 696.393164584
-451.604223846 -91.2259704115 684.416828996
-1199.54665528 -121.111861622 836.399341305
-2069.49671385 -673.335941926 573.576259256
-381.254872175 -54.3591299679 780.072635222
-1033.26629598 -255.357578989 377.540622946
-1175.60247076 -382.557339029 -64.0419926951
-295.043920767 -112.003033836 355.373611998
-798.313708276 -18.5162837043 1177.74331408
-2076.90513723 -661.736329548 745.86189292
-378.557837033 -104.093808273 668.713241715
-1047.21494215 -27.8494694162 1622.53612717
-244.786359099 -41.0962323943 868.040200684
-444.725351004 33.0535866182 1108.13050039
-1487.12977273 -304.076712063 -54.4953083845
-621.623147647 -3.95842950235 1134.80426148
-639.399044715 -219.418941024 -48.8199067533
-574.176241676 -236.539244266 214.824584884
-1981.2585784 -376.729289609 683.31124311
-275.023831482 10.1703015668 667.703376255
-5831.11465096 -736.326805815 176.36983449
-227.391133542 240.421988688 1563.35042407
-634.355925195 -20.3071947377 1664.21057844
-652.032085637 123.877651965 1743.37398152
-1501.71277464 -374.011950929 245.020491883
-1162.95972624 -42.6513710396 680.763202696
-398.089638434 90.7408739318 722.253017584
-745.77217543 -188.972099343 1167.55615688
-449.015808201 -22.52188891 710.946777564
-602.675497304 52.6663137119 1157.95688558
-1099.24135253 175.979760257 1814.23254359
-4720.24026755 -710.919180305 -56.6018786164
-583.283528005 -32.798941555 1509.49232574
-695.788691512 -174.638513817 366.037691812
-799.229197002 -251.612216518 -54.8107144579
-488.331141175 -8.92194246027 1480.26384251
-5788.01856089 -651.317160137 349.596793048
-406.368479898 -57.2798233707 1134.3121353
-220.145275967 333.655403801 1764.62673803
-344.068533324 326.108906398 1472.11011616
-875.866772235 -17.3545898327 1098.4624052
-5931.48392595 -1068.65483278 1132.16445765
-725.798340296 -270.612445672 292.542634896
-1003.77788776 -227.777754507 295.643269351
-546.389899457 170.052755782 1395.2476693
-1201.62456009 -120.358155342 743.902337145
-765.661275104 -183.768813096 273.888566844
-663.707110824 398.755623488 1768.75441167
-694.47528985 101.286571886 1793.60341594
-3533.64747462 -560.476125219 953.335355202
-6173.09997629 -761.099665721 1118.75300639
-3537.5276485 -503.477039269 331.280601164
-215.273048013 386.644122723 1550.23749059
-389.034411209 25.9313682415 745.224056147
-2339.36637863 493.302243232 1785.01588349
-5816.52658501 -501.028772938 1312.66223964
-3549.11420001 -607.653032191 -47.3376976889
-244.527800554 139.602000206 1378.76186234
-1701.64048097 -186.159571283 681.683473769
-4667.44135177 -616.889270427 599.615370138
-5949.0734382 -359.030305114 1203.83804502
-1350.41560403 -219.311587578 1077.78416802
-817.027295972 -234.899528006 352.45998695
-1003.95042642 33.1697086912 1759.23492117
-750.641797679 -55.1880044168 1555.67702152
-458.151178174 128.347026901 1868.28756518
-196.16528662 222.023154245 1639.32927325
-687.031305137 -164.526885158 597.066641768
-344.381305228 73.5234698558 1770.34325638
-1183.09185939 -156.793278889 315.858722627
-5951.94353327 -1955.41663013 593.090568659
-2420.98463149 -164.753076179 1452.70944299
-1265.8182961 -12.9489772938 1879.29722201
-923.2221446 -98.1258833394 653.687661984
-1271.75385334 -265.850871158 685.934732215
-366.220206172 -60.9367082031 1068.92087105
-1453.1259657 -208.794008232 603.831027969
-5960.8208121 -442.916117505 976.865419108
-3516.1890704 -89.7340008573 1847.49792725
-5942.12279693 -1005.42837964 1630.70906411
-1251.6148889 -190.1724293 663.890191412
-269.062437463 -134.113600223 -45.2712529841
-616.574786693 -45.9451419818 1551.71803169
-759.312094869 -52.4726759316 664.057257579
-271.754211667 -132.306428368 -58.6877975793
-2409.03861144 -21.0644687124 1545.24777292
-294.921855783 204.016964255 1382.49729357
-1133.63867876 219.987323357 1730.18121192
-630.791844515 34.9459709105 1437.05222944
-741.394309511 83.9629531549 1035.40174898
-6102.91273058 -1766.53822039 1016.41943689
-608.064462001 -116.838548098 877.84235812
-381.115968757 81.9848931825 651.807967341
-3235.32112034 -543.875885896 608.863593154
-6196.11821548 -1060.23196568 -90.1968742227
-1255.6937933 -170.603134784 1347.75665754
-4792.920099 -484.555537721 1152.48565294
-1394.37351764 -140.411673166 1093.49351301
-472.18686495 99.8823967207 1141.11994147
-3664.63551918 -516.419566851 308.080077736
-514.969157946 -201.869197671 -45.1926580494
-5946.13448199 -1213.29372024 1011.92247084
-2519.49101906 -404.717643915 -54.0995437854
-910.498769775 -308.812433584 -72.0407270773
-5819.41040569 -343.312193643 1327.5936973
-492.103602216 13.694851813 1229.86845682
-233.931802665 270.619903653 1855.96350529
-6016.28628096 -734.306523645 628.970760602
-4436.90390306 -363.125512385 1494.22350667
-304.984343667 236.418115479 1714.35355395
-504.373116307 28.1091405072 1368.29679165
-4862.84809787 -519.263046885 1440.63550044
-2383.3073502 -205.066267432 1957.6503558
-370.622530631 -69.8623677826 736.753103412
-4800.68674625 -317.724956479 1665.94274911
-4388.08238033 -194.851535931 1101.97921041
-267.072556326 216.099500711 1131.01437346
-931.447000476 -116.345271301 998.109295957
-564.979148522 -22.8011114364 1117.96995222
-5928.12536572 -546.870449087 1165.99310535
-572.718018064 253.204564631 1627.58402541
-565.439563224 -163.530946217 -51.651207477
-989.89238852 -148.303468808 358.651945223
-847.311550962 12.849587674 1136.93503125
-578.921732163 78.3054469355 1135.07097961
-263.159422534 161.458326713 1925.49739341
-174.915325244 342.221709355 1580.96533412
-444.951827931 135.372816718 2055.10469987
-247.953197375 47.5911180705 652.206777753
-1123.60434837 -25.8583595997 1803.0258145
-317.679812325 62.3487765924 1548.01652732
-275.619155849 54.0932169479 830.41768954
-507.513970617 341.547103113 1595.11503244
-662.596700886 -160.272246434 339.501743177
-433.367949006 27.582956056 1008.81623797
-1160.58847599 171.296035578 1924.44067373
-491.259100636 239.750897198 1406.19265911
-615.141454296 -20.0674321964 1463.68937872
-164.343212558 98.910270523 1599.8275302
-506.996482191 -274.621072487 -68.5547903382
-370.12724965 374.314663984 1759.29803573
-216.271961001 49.8719317458 1093.7019885
-2428.13981323 212.716887735 1435.43741737
-5908.33794096 -346.282254771 1531.35045666
-5915.13798019 -488.72145672 1358.82402096
-567.297528055 334.798651403 1897.5538373
-654.906064475 357.684947913 1863.2358992
-6361.62726949 -650.23767569 743.311397862
-711.701366113 -217.142512855 -50.9033133414
-493.828506127 -15.4196611247 1063.41378639
-388.133308108 97.8332128931 2029.5045818
-319.027359598 52.6838333419 1260.9525752
-1194.2310234 -160.144803068 1349.61168345
-398.484050534 92.8153780986 1534.84904643
-3587.66300843 17.2082167732 1753.90305632
-143.570958767 344.634199254 1106.46464638
-973.244881745 -111.908755836 1515.59400258
-293.780823591 194.070703782 1445.18128449
-1513.27674949 -166.013800871 763.36030869
-445.927737538 22.3892018016 1634.11531781
-399.97087903 107.774237992 1181.97887714
-480.852923627 110.914214845 1222.37949406
-3519.07622465 -509.661287409 402.131090007
-571.255455791 116.322540771 1269.86930513
-1093.22934972 -5.97407569452 1674.50908732
-794.139791691 -275.355985236 -67.4721828593
-698.121607404 282.729368083 1763.57762526
-1550.47077047 -293.808872132 364.491969202
-464.904831651 47.8723337551 1155.44221497
-425.396836249 196.791779813 1551.68756784
-318.394434769 315.329211434 1581.94549744
-625.076819837 -65.2817911641 836.285741387
-1593.12587555 -212.641063032 1208.06249695
-619.627137775 -46.3830078912 1192.29501186
-1249.94843017 68.2108652861 1185.65077552
-305.83810305 165.133224564 1546.4243172
-177.086833165 214.948866525 1350.79766519
-658.007314863 62.4474445841 1090.83284495
-454.239491302 253.353302203 1932.28841665
-321.253741097 -79.7070804094 363.66692693
-1157.55174054 -210.070024139 1473.37067423
-5762.25082539 -224.976684576 1987.69725307
-513.910862631 -85.6737548955 1083.57733954
-351.449902239 -13.2510625059 693.11164674
-415.567600722 -157.920191281 337.359018426
-756.429192414 -271.112539545 -55.6419137155
-579.133574865 -66.6056497253 798.54848659
-394.877002988 178.523034615 1877.99417141
-413.82012423 -109.132777831 367.850149871
-1178.38611149 -160.546306031 1487.01271118
-1205.81555812 -78.5555702022 1182.48379038
-380.002910118 98.6414750451 1504.2857744
-583.957812063 -1.10778920818 1588.25294386
-430.489601225 80.5574405376 1891.60259737
-889.785949268 -138.347331107 716.237710556
-546.247478377 -22.7064498504 718.580557429
-306.037422082 99.3326616086 1828.13084276
-262.900022236 294.454429265 1944.19410884
-622.473194847 98.0505883298 1124.46004567
-470.532685395 69.112693241 1904.56100247
-238.007044539 55.9142038041 1684.19356661
-244.977992131 401.17296699 1589.63431475
-543.584027083 39.0135323312 1203.92006747
-433.575315573 234.389567255 1247.38209452
-413.31305386 18.1828598301 1114.00234574
-263.434142824 464.134845862 1897.12992889
-825.239969877 0.337905009537 1234.60877514
-2057.90512998 -334.681094442 768.043871814
-653.32237698 328.107059324 2032.39024107
-530.290668007 205.170105755 1429.16538854
-342.365030625 -16.29336124 772.511967196
-927.512980151 3.56176380074 397.627758844
-810.475123351 191.591039443 2130.31388387
-333.620618489 205.890529921 1313.33743836
-2680.94188409 -240.510277838 1331.68101198
-2518.05706001 -357.125577612 351.337343333
-386.882892676 339.834003214 1660.11857412
-526.718642002 313.778726379 2044.23041094
-822.495587962 167.163432072 2008.81008289
-312.325989657 72.9880872232 1708.44905636
-413.18922801 -180.01355783 -56.9985631862
-457.227906593 133.209705688 1791.42577448
-388.284438712 -115.169981912 763.258845159
-534.27005686 -94.1981280806 1141.30251652
-233.472885545 198.131085107 1687.33816877
-899.638443828 8.58340449156 1210.69373577
-1389.48536353 112.040984077 2031.06929054
-2793.3328391 -32.3026496235 1945.92335238
-383.034928357 316.15553106 2059.9514561
-519.664595037 123.084052718 2010.76136613
-1027.50525555 -99.534447542 1654.4612168
-650.075245837 -109.393216882 1328.55028287
-284.646911788 -0.42975901633 804.901651801
-817.859037525 101.289212065 1587.69846922
-387.228963302 1.53028699303 369.366860119
-657.909522906 72.4840175502 1226.73989324
-170.424496461 347.745801092 1269.93833507
-1466.85724569 -13.7412356455 1227.80524306
-1958.22778086 -408.621555964 346.448288111
-1239.53928399 32.9998828902 1241.47514262
-894.684038642 -27.8014757043 720.95175344
-340.334747526 255.036050289 1147.62293051
-808.82349956 90.637197658 1261.37345726
-859.363490561 -128.525456127 1276.62112781
-794.481802634 -44.0900691604 805.181507242
-642.04473188 46.3618512515 1655.02327014
-994.883943555 61.5119631141 1276.55422609
-1321.31752601 0.804566126204 1540.72585517
-352.876266269 -47.4144885982 745.717822132
-960.735524176 30.3687631883 1175.58084498
-1117.59263162 76.6078303689 1638.24951372
-685.496432453 -31.6629395557 1156.45294989
-429.426761222 -72.8341417035 1237.18630598
-384.346517637 335.905569674 2079.23200943
-203.331755093 262.978615671 1628.19115872
-290.978564519 472.106848205 1723.69870218
-1003.67848851 249.962684992 2283.95118857
-727.274841368 177.17241441 1665.47814314
-617.40145344 -153.162718678 392.784056761
-264.394935222 258.453634141 806.348875233
-718.866909394 143.36064774 1699.67243911
-324.756409106 49.1456820119 747.548304897
-603.801540125 205.788344945 1299.69169771
-644.611811437 103.081818387 1296.26836032
-287.007153965 192.226070473 1205.48763471
-533.836655021 147.540120533 1329.09707975
-792.191382903 453.000450023 1732.83443808
-1039.79509793 -159.22470317 1203.22587722
-836.983900719 74.2208108317 838.089728681
-543.273978696 413.978102853 2047.80052129
-457.596165467 471.24462547 2119.40506251
-467.33936191 -100.622578826 331.532526911
-428.3467625 252.263485834 1145.53317125
-273.902060789 236.076414379 1378.9701023
-500.617059341 259.138287878 1793.5395334
-691.185622916 8.60790482892 1538.32460219
-1085.92702716 222.275170277 2046.17786835
-280.211602283 74.4887039023 1518.00906623
-1014.91799243 -292.066311312 323.588064013
-247.263091673 42.2171341743 1660.79100886
-294.418952967 124.202256735 2072.41465339
-1107.35860559 -187.693249684 393.669352187
-419.257576152 -16.8993295573 1195.52358697
-138.74665976 308.843285485 1689.75850269
-880.735930969 -155.821130979 1663.13375441
-269.707193579 -16.6846235703 668.036515548
-558.627324148 -80.9957674701 794.468785155
-285.803612324 -58.7996803345 374.338924761
-313.159748566 -1.16434414195 811.850547038
-413.011779766 159.902575032 1272.9335231
-538.831506302 173.393745773 1463.13078576
-461.717091437 138.167755756 1117.65963311
-486.14967426 305.289668988 1968.37093057
-372.423221343 369.38656657 1884.37665342
-387.034611559 -122.190959749 373.583605495
-448.374257189 92.4752320182 776.454830184
-475.953438381 155.561774923 1593.19970094
-414.671554615 89.9767182785 1317.19376252
-315.355566599 60.5592001755 1628.12566821
-290.949376608 46.2108708836 1151.14263026
-1100.32153003 73.8926542205 1257.12965696
-169.376535779 327.258173046 1538.30117928
-346.953299603 50.7259767971 1193.72657666
-457.168143506 286.084869679 1752.52981535
-375.739066801 -64.5895131471 399.390448299
-398.990522291 135.514400835 1286.29889491
-765.365835616 163.201272286 870.632862294
-518.707900878 99.1158825415 1283.24986497
-415.808428443 -122.585630276 385.076381264
-315.786403031 -134.830899108 422.362085766
-380.874517887 52.2884111662 1259.20602077
-1438.33132964 215.250335293 1589.49999521
-296.493907606 147.608241373 856.396549271
-1051.28776356 347.656874735 1702.80078
-479.473307362 42.854988809 1088.60690131
-426.217840379 156.454210217 1573.64498939
-590.993447625 376.632549059 1752.05283329
-451.093987792 10.1452708547 852.324971151
-322.652358907 -111.715754793 383.51058355
-895.646620873 -276.139667317 -103.385790557
-494.731425615 -175.699985196 408.293711654
-712.888378064 -186.635301265 755.065628158
-508.051001268 70.2080268702 1249.07962825
-715.605296309 622.354645156 2102.5541718
-294.809916777 -141.512664544 -49.3907350982
-536.490533862 -129.137948647 396.493780165
-917.03465816 -111.033798589 1306.38829421
-423.503411751 -133.66174735 379.455706642
-708.249462445 -86.6679232846 1122.44220105
-1497.98941838 -449.374235435 -47.8255838211
