-470.839615449 304.921670087 1935.53284526
-6932.18162976 -446.577719126 1835.71095651
-5899.06582241 -333.53762618 1866.42270479
-1645.34385526 -165.58100358 1816.19894943
-6548.22368457 -1244.96431743 1060.86839518
-5960.0949157 -370.792789765 1895.69768109
-1394.99050342 108.378029974 1969.28178849
-6231.81522947 -844.240218158 -105.388476045
-348.938562324 154.889682578 1803.74019051
-489.89778286 -33.8198396825 808.615722635
-1163.07653078 -237.901523539 665.923547638
-558.421410486 520.785243908 1934.24071927
-6088.75080747 -545.800984537 1827.5862098
-2363.77140603 -130.77022045 1566.7112433
-332.619101845 545.270366131 1918.49705083
-2500.73321468 176.396423068 1812.14752895
-6042.33404342 -603.884571118 303.266268825
-6368.19728386 -685.259868718 980.44560607
-844.335031809 134.873813696 1562.68698901
-6383.67862737 -747.291488616 996.186040964
-6404.71505012 -968.549477115 317.028127323
-1371.53582996 435.846942134 1789.97844051
-5880.25593615 -739.780448599 1833.8996343
-261.792615639 714.42853962 1783.18214092
-6569.49721628 -228.917202855 1781.14783464
-4724.80592912 -441.190365148 1467.44174856
-246.055234981 578.858534303 1787.03234792
-5990.28387209 -363.226167665 1782.61030681
-6265.47566354 -375.388524026 1816.19043617
-361.311925377 119.23685987 1801.08498655
-5993.61177511 -66.9989530747 1721.64959936
-4770.4000223 -408.346390158 1112.30605304
-6500.88528603 -1723.77983427 1899.82865271
-3422.42019262 -55.4014603584 1526.36263493
-608.148379332 480.553421279 1897.57862725
-2620.42169274 -64.7697548013 1890.65032837
-310.650107832 506.421389006 1827.46316026
-3646.56260282 435.547037539 1853.01282251
-334.37172694 566.268827212 1970.24212789
-1573.06288921 468.143840274 1900.92327829
-6897.94050435 -412.634639302 1803.99642138
-4688.75716775 56.474998038 1915.52542408
-3555.91306784 -12.2593025242 1924.93364077
-7243.39925322 -831.943793128 1884.62709866
-6651.62264994 -474.825557222 1914.6648106
-6269.4620784 -580.08137128 1007.23866879
-294.106230001 77.0392962991 1439.06168309
-236.569537776 398.713987575 1925.6697711
-772.504344444 269.93161126 1984.35737912
-6020.08766942 -515.84486583 1845.50335202
-762.930634972 189.817190996 1872.20991347
-502.565690622 710.306473541 1895.09520133
-735.289929347 5.46149186175 1406.15025465
-678.723023449 837.918425405 1925.58427012
-639.83180324 302.957924931 1957.33979511
-526.24566482 97.5758630607 1729.45983943
-648.836438219 291.707001883 1814.95308092
-275.139949185 406.906939892 1750.47522461
-5943.1213274 -18.9525779711 1951.3911601
-6297.11205798 -453.349614351 1793.95366232
-917.488804305 262.053502162 1947.87148418
-5890.73698781 -387.09629543 1796.19640907
-242.064087093 893.386139667 2013.8532791
-591.002876854 112.556966736 1833.03346052
-236.032625988 575.694326678 1812.42112574
-4666.47830504 442.580848146 1969.47014513
-2814.18141757 141.723796102 1879.95821456
-196.278474128 758.938413724 1905.86637296
-1012.81447368 431.671503427 1961.19712212
-270.886054833 10.0172414971 1527.04433851
-452.541325656 275.862199766 1652.0763158
-392.939101627 629.500081002 1956.22658074
-673.157072383 405.027288401 1906.49206812
-305.922810575 754.889641918 1838.69705555
-782.979275243 911.286142462 1981.25039664
-351.488572491 470.569190359 1989.20299933
-368.779437075 950.122490045 1965.939005
-225.017270782 978.179167354 1941.8294966
-452.940141433 554.216213567 1913.25681437
-436.558002652 551.477808298 1960.0592347
-358.90105815 97.3064864075 1931.16725709
-539.144326895 57.0681081352 1201.7907234
-959.292702611 -86.0256418598 1457.40090141
-223.677590755 395.171733898 1880.7734415
-729.721281729 242.416923791 1953.67320808
-516.266823378 34.8280061842 1953.41696973
-297.685534708 446.765021088 1909.31204332
-514.047425669 604.587185531 2099.89862447
-564.944843249 679.336230628 1927.55348993
-869.173428319 556.274071194 2072.64872852
-2618.9112625 125.178567677 1978.30228987
-386.692244686 614.288546688 1947.97063938
-199.906542978 618.663065361 2050.46754696
-671.435238889 192.488463452 2059.33745053
-611.810425378 71.1388333603 1919.70418111
-467.656193704 606.168681797 2058.87864593
-435.906348408 197.553187194 2082.53498835
-475.632129994 199.900451248 1557.9182961
-391.239822032 441.698439462 1923.64991335
-168.462834383 638.939942229 2073.78984384
-648.849540457 198.125926465 1960.52009172
-320.680951833 924.54079687 2024.92312933
-386.266435715 271.154054693 1997.75705773
-220.797602822 245.42434124 1912.18421655
-663.663029744 148.396559402 1976.62123646
-359.895212544 856.164682831 2024.61946734
-316.119644355 1017.72477191 2118.46420879
-365.361689461 831.535053413 2048.68565398
-289.819596849 474.539787992 1613.36874754
-391.385226523 747.159833868 2098.49510134
-365.406679818 212.298627463 1993.94109065
-389.70800948 499.780105596 2065.20345658
-1448.15806345 613.991085533 1968.65469149
-432.902641809 -18.228332581 1170.57275948
-492.963551407 621.743074357 2041.90875699
-454.111957239 -242.522227728 320.186258804
-471.24979655 292.37269753 2029.66953181
-369.083460268 671.050594917 2079.94198648
-266.15306657 166.876568047 1566.57322298
-192.097852519 597.664542024 2057.55392299
-659.901153042 266.213870144 2120.75664079
-283.284515287 449.960182709 2034.94487822
-889.676594864 -64.9990624633 2023.11040367
-691.300621356 440.665031883 1933.70678936
-378.455642359 -185.521233326 -49.3588155209
-596.12345763 321.615085218 2072.59183752
-990.070975408 489.730049089 2155.53164761
-207.66037796 180.591564677 2093.39554998
-423.932006109 617.257033434 1992.8474738
-284.097036145 89.9084850578 1633.61332991
-614.170944989 557.264094668 2080.11921621
-766.919804161 330.857377352 2099.82986255
-333.438742583 222.035317334 2045.31867623
-269.893934891 680.576501368 2051.80111422
-303.742763991 -5.91867236299 1146.6237267
-266.367135394 702.303275195 2006.60942144
-416.927050342 282.060994646 1896.62345006
-334.662138178 467.388389389 2077.81956016
-232.602995789 542.74802964 1944.20570742
-1054.63167273 145.958123439 1971.29549347
-333.573592244 203.699150338 2002.77159353
-227.424384442 1015.36893856 2087.49245589
-135.261952031 643.896270261 1979.01954734
-271.605761657 609.652520092 2053.61672757
-264.781312782 473.144945101 1992.80269723
-403.295098416 828.531250279 2029.06524272
-197.071784061 1148.61428088 2105.90296589
-395.412324705 897.843390566 2059.58226601
-311.968012688 280.854530812 1988.10073731
-230.616133478 490.672666445 2054.56372969
-547.495914498 59.2140792326 2163.29928755
-226.669725958 167.579784559 1558.25756417
-435.676062884 383.761164646 1980.62435521
-252.330209915 341.962430887 2043.70999729
-449.482002752 689.230182358 2133.20073809
-381.03574191 712.348365439 2069.70239556
-335.378052065 612.400501975 2114.89337263
-223.545017021 447.933690772 2136.89567122
-392.527673741 357.035318533 1968.0022726
-560.064757469 -13.6426343542 2080.63453962
-395.184644199 82.7051412107 1974.1897256
-189.60869832 585.084039919 2111.72258711
-295.588852262 733.771678797 2006.32540443
-562.815208872 436.204726732 1993.27865658
-449.431092591 271.61895319 2014.33303702
-386.041687574 292.594375911 2016.638044
-334.944335271 288.40558793 2013.76515741
-852.15332739 7.83990907437 2026.99870117
-289.889312636 510.809773511 2039.42620372
-148.658775918 374.130149805 2158.67326005
-396.744244751 559.433500114 2027.21507082
-483.216525453 767.572775478 1977.62989971
-401.870425006 300.760421207 2045.46167154
-653.423900482 -246.259087385 341.738150345
-195.590081536 136.002345047 2054.7559337
-198.392065345 665.807517196 2085.53646727
-493.334196096 808.527014439 2011.99858879
-610.489438007 184.743142609 1931.52973257
-392.389761053 213.907224735 2066.96057936
-122.161492223 588.518249938 2140.64678007
-327.749657573 92.8855467871 1180.52248485
-518.353680278 529.137735075 2060.35067267
-415.689990248 331.38217438 1983.11591466
-801.739933031 -122.832113683 375.925960198
-669.384436306 595.42479646 2124.20998716
-447.670564785 607.258903173 2084.73778879
-537.198978618 151.272260889 2017.72788388
-377.610708013 152.51308576 1614.3548379
-166.195028401 747.493903141 2069.77224473
-205.129346963 665.145898282 2130.35292177
-307.243739931 316.762441469 1680.270563
-185.977073491 643.832468239 2148.5286553
-436.911479043 94.0599051045 1681.09535843
-296.686969409 407.866944918 1871.00332694
-460.793435496 168.751901637 1683.12298463
-331.91575985 866.277305878 2151.248774
-497.49444305 378.799458542 2016.24922034
-525.516286993 191.270271154 2118.30363937
-132.16132402 313.201074072 1773.39718035
-784.558016614 368.388824844 2074.30420867
-365.287769613 266.609735136 2054.74842404
-998.815973316 -95.065775328 393.162977782
-142.698840719 617.920078895 2178.8633559
-893.69212315 56.8282743555 2158.73410126
-449.479799517 699.261674947 2188.74338675
-392.273420554 991.543914203 2133.66250747
-341.933115888 984.276597886 2125.71701527
-799.401975897 -22.0666986512 1256.64152781
-622.265124829 240.139381902 1694.54453845
-358.475453205 291.639317073 2176.15208756
-286.783059 858.259215393 2160.76733609
-294.356232775 984.759087941 2219.14318812
-213.776453017 -35.0048354487 361.51904923
-660.78099699 438.643992304 2175.36864346
-343.387585729 935.799977517 2209.71668206
-320.798659016 256.339428266 1791.59017154
-488.884887383 452.59871026 2201.0988947
-398.922352994 325.841335418 2164.72918646
-410.881405851 174.65299566 1742.72393115
-270.362596717 212.937358699 2208.37896323
-431.348930151 330.282366829 2138.57883262
-285.645305625 222.951108992 2035.74054691
-259.130995469 364.632551093 1974.63376295
-303.446995921 635.465193226 2174.85911956
-176.681413289 937.63083347 2134.15775719
-530.48987458 431.82769298 1702.71181486
-231.840514078 957.926487233 2160.15688143
-417.052387112 300.608321472 2132.79117519
-239.690787097 576.970534989 2090.84199917
-201.254443283 432.778248774 1290.87023207
-604.905307114 450.439327865 2208.96850438
-394.338421816 722.367914619 2105.8741824
-134.024700111 1043.66505591 2092.09705187
-145.553711584 1164.77663748 2161.40318001
-487.623132514 383.481901444 2120.14348544
-586.511050449 280.423202228 2220.71481696
-336.268341976 168.619049742 2122.56049997
-349.627660867 356.135481041 2134.88151605
-565.446728353 686.279416771 2135.1361809
-335.642712136 509.424404617 1785.72888769
-564.447793171 831.595337035 2233.06901728
-301.300492874 357.38543298 2071.74992989
-178.01855933 438.555909633 1268.02105465
-545.777531573 298.063898594 1712.69442301
-402.259358317 457.43188395 2202.53935636
-602.982988397 344.627754225 2234.64724627
-794.148904399 565.804174846 2043.00390656
-1132.96078249 323.704949083 1707.93441899
-611.896393573 242.651818083 2230.45006855
-500.416332154 629.246684271 2173.89460748
-357.435874213 -131.294804731 336.301588874
-766.103405988 269.684092467 1985.46909656
-376.831649159 190.031607991 2227.81313674
-569.792576606 253.721696335 1685.78613176
-341.926323051 758.87230662 2243.10726591
-547.798882474 144.414162652 2155.71650157
-425.537545418 839.308117875 2220.61156363
-347.21334594 385.995105562 2223.09895074
-171.028383388 372.709773972 2097.02941968
-384.512950784 251.421916392 2141.77699528
-365.447555197 310.892360532 1305.69320353
-465.193494756 418.399598541 2189.81055879
-260.112084293 841.526013739 2271.74838474
-392.122385337 740.211494942 2143.1814572
-354.063211665 491.715822536 2197.55677045
-1542.51628963 306.560066818 1748.75589215
-306.093791075 652.78268543 2221.74835487
-549.917767468 65.0431555889 1249.302452
-405.637840784 452.754685445 2203.41173226
-385.229239933 377.425975854 2172.58276608
-760.216668235 81.7926856717 2197.49985585
-467.480138788 36.3087709213 2197.49447834
-358.589970677 179.901117189 1771.20285447
-310.418760847 12.3545836885 1308.68835382
-375.649980409 792.918810482 2148.7849653
-334.69937268 510.823399736 2282.98957122
-260.469445326 892.384315315 2228.47678262
-243.290772552 1079.71762123 2147.89534958
-364.441562362 853.876144625 2200.99275391
-1052.82284382 6.80862812343 2196.09302484
-268.233784934 737.078983495 2221.84109402
-437.63326408 694.097134672 2193.56125984
-356.30451732 993.372249115 2180.09716166
-330.534785964 815.927397781 2222.58165311
-314.28650375 995.739437624 2319.41363353
-325.755491817 623.830850127 1787.56798374
-496.497157127 580.076887825 2280.77200769
