-884.140495457 1870.70452001 2470.74127598
-1473.24229268 1198.45497999 2436.896848
-988.516489757 841.454259443 2432.25258484
-693.848132697 1672.72351852 2473.44856785
-677.7105666 1366.43631983 2489.88448988
1025.04549485 2062.45794569 2463.34221063
-458.819236561 1541.78738229 2462.02766311
-1600.43084563 1207.3282252 2473.27124416
-868.481241387 1846.16626422 2495.61236608
-597.219648339 1517.32814152 2468.14953504
-500.22996129 1643.20086182 2448.16836942
1066.08899878 2222.29032716 2460.3118762
-793.246399872 1647.78385177 2477.84891761
447.376084075 1955.97127161 2491.95647091
-380.193190152 1737.02493876 2471.09246291
-859.075293047 1205.03466587 2472.83155409
1685.59815133 2303.1968488 2475.93264292
-898.150713964 1470.58832446 2498.06481012
-191.443130401 1877.65622561 2504.11944343
58.8072083285 1934.2715084 2491.87157329
-904.787647238 1692.81919312 2486.21833648
-565.045491041 1876.46425518 2482.74259467
57.6363807764 1913.93862944 2500.65125853
-537.389721364 2080.48346506 2487.70201702
-747.24900706 1757.45103947 2502.32969352
-698.227255737 1852.72478842 2504.64206372
231.10616886 1945.70695154 2468.17926069
99.2846716095 2061.11601602 2516.77282269
-1251.96706583 1926.44909608 2546.44693137
-507.729080645 2121.9280248 2493.45722576
-694.028583988 1872.50982621 2524.66187932
-866.869936867 1637.68552823 2505.39591138
-549.497864786 1985.41985249 2491.05501749
-967.414337257 1829.81878022 2500.81885119
-1297.52171556 1678.1828953 2520.87052343
-780.272297278 1556.89536452 2488.25834944
-720.661973944 1096.06783657 2512.7495604
500.41899826 1817.16427072 2502.38471194
-961.678697999 1964.72653102 2497.73707718
-608.421416642 1954.38290508 2534.5804444
-1512.01533161 1759.53029859 2552.00585604
-234.888654819 1569.45786674 2538.02959113
-866.367335684 1021.06431301 2538.13651316
-523.18430803 1071.79021366 2457.4650108
-1059.20811744 1505.12612242 2535.49290726
-836.134481989 1824.98181297 2562.66310276
-752.626232939 1511.12008258 2541.15523985
1888.48763409 2344.65183999 2524.89241032
-914.03240705 1635.02471182 2548.87247295
-453.890250465 1524.16670544 2531.02249296
-542.617693611 1645.90593919 2550.59613797
-913.847730895 1310.75746702 2564.27699873
788.810582647 2107.09585192 2591.16372763
491.221940512 2128.71160784 2544.813029
-413.482958453 1789.52839718 2582.02972066
-896.17664615 1645.11011929 2528.73793705
-668.598665857 1365.86011044 2498.60395904
232.756429338 1645.55814478 2532.86032354
1432.55847577 2280.10842502 2553.28263548
181.169854903 2151.85684264 2563.48715084
-715.343137878 1468.52020365 2575.05860918
-217.904564393 1972.80900416 2568.69689356
114.80425663 1817.66244028 2523.80504898
-472.508415026 1831.88562769 2560.24301869
740.81624659 2097.18754299 2582.72869294
-170.957559999 2182.04149541 2594.94494196
527.311941031 1996.87598729 2560.49478478
-712.174299384 1637.42858408 2573.05101446
-671.376767533 1963.26286913 2601.74342405
163.415131316 2207.89453973 2554.32065251
-242.545814446 1447.70085821 2596.37999581
-521.369118892 1927.97995034 2563.51062917
-801.405717292 1278.12446221 2566.53008413
-1734.4177861 1321.37534162 2575.01090002
-559.311703098 1876.27515055 2581.27602602
-152.791868967 1763.43605376 2579.1021716
-680.771081783 1607.19238111 2575.40471043
401.737079294 2166.59006015 2557.94981786
1803.80152576 2385.36715872 2591.72730017
-175.007128516 2006.51686143 2591.52934727
-699.417060803 1989.82732199 2597.23849345
346.062441219 2108.25399122 2600.3314211
783.618626984 2137.17668993 2612.44537408
2292.98826819 2522.85993697 2608.45042149
-863.951139209 1388.27192662 2534.15383708
105.813356048 1844.65064957 2598.48999456
-528.996742338 2042.0503032 2590.21933295
-808.729510565 1248.72105517 2571.24254739
1283.54045494 2182.60956054 2605.88790848
-472.333877934 1924.18470249 2596.21418004
-652.623935034 1547.24413975 2574.16444462
-370.263092068 1272.64410531 2550.18432644
-742.201726757 1928.99748422 2568.41076839
-804.883354061 1778.09473123 2608.66112532
899.707138327 1942.39157168 2620.38993326
1624.25356072 2418.9275321 2623.20895123
-1290.29227612 1195.61394629 2592.67490792
-912.201252658 1846.44820385 2583.6393826
-731.435809879 1525.97986182 2590.07510472
-690.476001645 1939.29266077 2592.8943967
-814.364009066 1163.60765717 2593.41905704
-1789.68337402 1409.20822468 2555.13040134
-1928.83593241 1117.7475246 2596.68027672
-612.295315442 1748.29064869 2591.31564441
212.795136873 1957.74055937 2623.69058976
-1380.87109513 1210.71170164 2552.38822705
724.31086289 2169.00093865 2559.72400437
83.495114489 2277.9408351 2575.43138937
-2020.03925072 1141.6606643 2588.4915522
1656.15772619 2283.80849857 2572.54781319
-337.676940126 1532.30081919 2525.40477105
-786.043283281 2047.92281309 2590.45103285
-779.79908641 1932.0800984 2613.32220908
1401.82208724 2265.06527106 2576.07542748
-682.714691799 2053.42921851 2619.84785364
-630.395950121 1615.64161236 2550.51979509
795.652532476 2321.00493441 2580.38275379
-811.401776822 1603.13656932 2557.68608308
-616.208944752 1487.43094878 2616.47126661
-682.002133609 1847.14340829 2588.29639363
-856.886007886 1408.61643907 2638.54257615
207.690775816 1921.97167241 2594.26898539
-1005.15089887 1573.73862858 2626.91894445
-1062.38796483 1854.60528889 2602.12627084
498.177205158 2097.98785597 2623.03497651
-762.302582508 1412.58653401 2597.17049276
995.136869041 2284.09164784 2611.70077096
-835.826168749 1143.76955106 2577.19479443
-1232.930755 1140.65553328 2559.08665228
62.9490261614 2238.58808966 2615.00044555
-1194.03540239 1389.4565552 2560.00842708
-524.443191212 1664.85946061 2592.70389548
-774.31130842 1802.81474064 2611.66336438
1696.60038723 2385.47375915 2593.20838153
726.634535082 2239.4608219 2590.6711863
-1200.70236192 1067.9027261 2637.90091878
-950.437715478 1558.04777525 2599.42108444
-228.502565631 2197.83065143 2619.70857843
164.754388647 1792.78675053 2614.70536231
976.619344091 2062.99195797 2606.63332764
-39.7400854997 1961.10484029 2623.2390786
-844.837498796 1393.00446357 2617.90366106
-480.373518542 1516.74069708 2608.76001716
-1239.61168207 1635.72681736 2654.40105038
1140.94324183 2194.1869765 2591.25131957
678.194578734 2027.03299129 2599.41212507
284.487582723 1532.08013696 2640.82307491
-977.860971225 1817.99381299 2613.82606422
-303.376638743 1453.06526133 2631.95999085
1072.87883203 2314.48255487 2627.92590655
-489.699018842 1630.86936996 2617.74495975
-615.733556435 2173.42323705 2613.64005524
-627.378051786 1268.32774123 2609.43767411
-782.596521854 2127.05899725 2612.5002501
-689.643678391 1927.39100504 2658.77337818
-965.909362732 685.528289791 2586.58772191
-799.965898956 1728.00318461 2627.04770039
34.1286407095 2004.49393687 2616.94199828
147.085078445 2113.5164973 2606.06852384
2351.53665462 2557.15759382 2658.08114404
356.341644175 1880.42697814 2602.50060668
987.274509986 2127.91761939 2589.80573495
-2673.50560074 1593.01791559 2622.49497161
1058.38280889 2331.73646878 2619.52073993
410.314168468 2041.0725158 2622.55521813
-748.491946034 1394.74038025 2622.68292997
-1810.68432582 1592.08666613 2683.05658134
-586.649495911 1461.40641967 2581.61561163
-330.750615063 2044.30805592 2626.80222374
-978.42353541 1477.29496575 2631.89045232
-1185.57107628 1685.08126753 2626.80492483
-197.82276739 2135.35433249 2643.3112158
-839.744072869 1609.94744347 2669.72243085
-179.617831208 1854.5117692 2643.25607722
305.567782074 1935.31456129 2666.1359376
1576.59508357 2302.05987483 2646.98124117
-660.534346855 1919.69317633 2601.77121621
87.9061839662 1807.70645232 2664.84458498
-1161.941762 2082.18759515 2660.43409982
-742.224047482 1703.99492495 2641.39913246
1121.13924015 2228.68812237 2670.42360315
-2034.43363331 1815.24580448 2634.89177192
-311.392269015 1561.78276383 2624.78868869
-649.122994672 1814.39930551 2663.32820433
1388.63477115 2362.42856446 2628.9474961
-531.982502565 1724.28799949 2628.97955225
-1114.04269013 1582.75941759 2624.20535694
-772.20261966 1752.38521153 2626.27599872
-549.707418067 1731.63210188 2648.09953044
-644.748073279 2057.40117766 2636.12758541
-25.276825002 1984.22997627 2667.84602223
22.2670750203 2003.75763886 2637.23576337
301.089626224 1957.04592604 2651.07272435
-849.286753201 1748.43118206 2650.03362185
-457.908269988 1771.66222395 2662.30829052
790.77918876 1944.06413748 2624.13069618
86.4791636065 1878.27984393 2638.42786934
-13.4718771966 1724.04698107 2653.13241567
-935.614536876 1775.23293465 2677.15095938
-800.824690321 1684.95537009 2647.91138929
1979.00421757 2424.30518796 2663.77616977
1611.36938411 2239.38286636 2656.25379107
-984.995093204 1323.38901222 2616.38227342
-500.767884033 1656.57701406 2644.0416893
-673.203610049 2030.75603746 2675.29180245
806.352595756 2136.75504487 2670.34218107
-304.100777418 2169.81925961 2660.36999682
-664.436351284 1510.951736 2621.2962416
-624.361125185 1582.38137369 2660.9851434
147.143949089 1676.63061494 2650.43065253
-149.8992572 1628.36910479 2643.29532579
391.563965645 1960.57211771 2674.19933171
-325.371153359 1519.43707194 2611.42707301
844.123258046 2168.67016491 2637.88370629
-530.180690565 2075.15913654 2642.71516495
390.201360379 1591.5420988 2655.93063957
-1005.51955856 1448.6836057 2644.14806045
65.7880954974 1627.06233964 2642.5049539
-664.392719876 1846.88956059 2593.23264306
-586.007772696 1760.06067802 2624.08103448
149.495055499 1663.60805946 2601.72051092
2167.72241259 2440.5108896 2635.20101553
-723.587734733 1806.50026014 2586.10732922
1385.11188343 2277.27998014 2635.41567136
-298.565287113 1868.27030584 2674.21611232
-724.364117319 1767.29938382 2656.68194658
-768.717887683 1971.8306418 2676.38351113
491.197292447 1876.43116796 2632.89493587
405.766138245 2062.74683681 2630.95251173
-663.098568485 2035.88791556 2632.27326155
41.2880240637 1798.84016372 2669.35196595
1423.85140118 2357.93541266 2648.20929336
-270.029091589 1835.51696038 2631.59352494
2247.42279275 2563.35144202 2677.47858349
2291.06012871 2532.49856512 2657.0882068
517.232818057 1757.06101516 2639.02473669
-478.253846362 1558.36207428 2613.9799568
1711.2634715 2367.60266043 2634.86134541
300.773297146 2060.25562125 2665.50271847
1659.39680598 2412.88563226 2664.14124579
-863.535492454 1694.50689557 2641.48176322
-850.844218983 1604.20994947 2649.12564406
1762.74955389 2417.8529775 2650.89741591
168.136936782 2187.11248631 2678.66264872
-221.270673914 2016.85159258 2655.51814071
-231.576739445 2243.80680312 2646.09917993
-631.697606552 1604.33269641 2680.95097322
-693.202387375 2078.38374972 2646.6584925
-403.980416902 1415.34419626 2659.83543108
-978.415089201 1345.52975613 2667.56186158
-267.430820177 1696.69257635 2654.67210466
-609.917578109 1796.27171887 2629.4448183
-450.808734866 2029.1908084 2678.86107148
-153.864948107 1958.30438762 2625.09762258
1344.58181516 2279.05164217 2648.43386691
-777.942762528 1640.39036122 2661.26940277
-554.532565231 1925.1059119 2642.54761649
1053.63292278 2049.01196379 2651.96553065
1166.70592706 2133.78474342 2703.33959635
-702.815249273 1874.42710117 2608.76601897
382.509394879 2234.02744513 2653.70569547
745.922857258 2082.62219278 2627.27159401
-614.038157942 2142.03230665 2663.91156985
1259.78451481 2106.73350601 2645.7636819
-380.506999241 2073.36818035 2657.87412767
-587.661761818 1855.32788197 2668.73993822
-1022.44506038 1505.96963385 2630.88063706
507.482849287 1863.19306853 2633.99340832
2341.05132639 2564.119588 2673.75290097
161.758178836 2088.2297984 2683.75843426
-121.743737873 1959.80215417 2654.76318587
348.799363927 2327.14328691 2677.92186842
229.907865745 2204.8391511 2674.04581906
1714.14004768 2370.79779245 2611.03443101
490.858354878 1897.4045968 2646.11270653
873.195870669 2276.00610403 2693.61646854
997.034191032 2007.99442423 2610.00622578
707.433043995 2197.17984515 2646.84230108
1290.17073096 2071.6676822 2671.77021724
-309.125437347 1508.31815141 2691.63245652
-871.217989872 1890.37622462 2673.98241519
-125.715512265 1682.29676772 2630.62064393
92.1262978976 1842.32653284 2663.39950336
-253.203746323 1837.18033596 2671.11813985
73.0888025438 1601.52607005 2679.74270313
1360.71277954 2260.17737146 2660.57167688
375.554729149 2202.34272551 2671.29081845
-1073.39458846 1552.74371908 2650.25950058
-964.222490574 2216.038694 2684.93520819
-707.520473265 1873.96075598 2639.95530902
-395.052091502 2254.76686781 2712.11312197
-505.183421648 1997.39892093 2677.42658443
837.047937915 2161.34916634 2649.80453382
672.999188622 1733.09259293 2645.97824806
-147.089090366 1871.86376398 2695.81835889
-958.381363853 1586.45054701 2619.53948329
250.888735023 1551.52978807 2657.04806058
1100.12927324 2190.80918327 2677.54132521
1006.43232366 2116.99434635 2697.93436381
16.7102857741 2200.70745664 2647.22904083
480.013126964 2011.64233134 2664.79750373
511.841993967 2074.71719076 2665.7018608
1662.64920223 2264.31549466 2605.62799966
-230.417198257 2218.44732878 2686.99560338
1117.55171866 2193.56496879 2667.37661028
525.494417176 2041.02328742 2653.12270926
-656.087112581 2275.27996748 2667.93833041
153.051060515 2262.3344755 2675.09734273
1068.728219 2180.31496439 2662.45330159
480.110077039 1832.96213039 2638.40635353
-179.072908674 2071.9353241 2691.08588866
785.420137685 2317.58142568 2715.30526265
1783.53797866 2303.17205745 2629.22032868
492.141664444 2200.40472396 2664.9935424
-217.469135037 2114.74129331 2702.76733684
28.9957052817 2169.12012059 2700.71408973
321.867200202 2044.95555935 2688.5121922
1327.17931123 2271.08979805 2663.9427403
-269.060944932 2048.0614124 2670.70253162
1047.50872889 2429.70271697 2686.70722536
-369.704227239 1625.60933362 2686.63964816
1699.95859083 2329.80770894 2666.62875434
603.168554505 2302.33985831 2678.81789276
-726.365327144 1853.42000538 2696.58850188
524.040777811 2027.56266571 2636.29801883
1036.11809152 2216.98046256 2651.95179434
610.898012321 2354.06223985 2689.98405939
1704.09695959 2465.97781596 2719.36803262
1728.60111669 2410.85577583 2702.62206438
1145.92686703 2240.62839203 2656.08796105
321.561029728 1933.28670167 2683.88698388
189.476349667 1926.14815006 2660.3364303
-700.749425397 2209.81724884 2693.01467917
1408.4690503 2206.12703944 2700.77549086
-705.528702955 2023.20278809 2691.57719323
-26.7145743187 1796.86051439 2662.55366073
449.370211987 2201.57610895 2660.15322296
703.245177513 1759.96067716 2630.90200606
-894.565642021 2006.80836125 2672.84953217
-788.098467352 1837.79660999 2670.50777162
685.294274614 2101.5482391 2662.80905379
669.905766853 2116.67246804 2615.83488527
1425.7404331 2304.91136343 2658.56490948
-319.530136591 1636.42446126 2656.18727511
631.424096661 2088.05795585 2697.92485267
-814.996732845 2095.08096852 2703.57251398
692.173359026 2104.55200606 2684.49695277
-479.980530014 1906.20614258 2664.97961649
325.146578984 2161.88531712 2702.56903001
-1355.97833382 1469.71346638 2675.22881518
-1284.43320036 1853.45726634 2680.83765844
959.349211324 1926.42543326 2655.81221545
-134.381576521 1661.75997068 2706.58964689
-1609.33887683 1265.47371605 2647.99679868
-830.493541653 1884.82719988 2678.85053184
365.87839349 1810.76995222 2683.68994915
1906.33297616 2349.67690796 2691.07645203
1411.7387081 2125.45128208 2685.33537836
1066.96429757 2062.44085522 2715.23377071
245.775808775 1987.73779989 2674.26395821
-791.068054671 1606.39312175 2706.07368918
89.6283957796 1448.60401935 2719.50721271
1410.1179756 2461.29423098 2684.72363468
-404.366961455 2038.32523627 2682.72350712
253.631349483 1853.35628565 2681.85783919
1074.65514889 2121.7329673 2689.13401522
-514.080485409 2025.74982785 2675.97231486
-355.306615589 1894.71433547 2682.14908123
384.489324078 2178.26984115 2680.84036292
-302.275061653 1535.32204303 2685.03646674
-629.350243832 1637.37254087 2647.08662153
977.953543371 2127.46859235 2684.28753671
137.905865766 1648.26497706 2686.86429312
742.294828223 2205.61065492 2709.28044671
338.805031813 2006.79060249 2737.85561352
-243.172683893 1850.99686078 2703.22035825
1078.35860157 2085.08490499 2701.11747626
-871.462032322 1758.68356977 2705.67140817
-241.959010616 1989.62741124 2714.99468892
276.003067944 2085.10073402 2714.24418242
-38.4977903304 1995.61098771 2679.56246765
217.819397055 1660.87506813 2382.5229108
580.778939095 1985.94796172 2707.68187436
-890.069655794 1597.65550721 2701.63191438
-806.858764508 1790.81279628 2701.49568529
-26.9693041678 2125.253597 2694.54993722
-259.757031356 1879.46922888 2664.97041138
1011.19565582 2267.54214933 2691.3766552
1346.19546335 2165.65939981 2653.05186514
1938.9072623 2355.59078939 2710.49224607
276.97181555 2258.96136016 2726.14653986
1982.46797596 2397.7242974 2681.66587179
-499.375812687 1850.21340397 2630.2270132
1230.72227402 2430.10692069 2740.19620158
-141.221816586 1740.01456938 2691.62410849
-506.212497423 1704.73752987 2715.64770581
830.796506085 2142.74205854 2692.19964958
123.05434794 2177.13471526 2672.57647983
710.810934049 2044.78323114 2685.87988429
-101.338375235 1968.88341267 2677.96398616
1334.57962297 2194.73577577 2692.64728203
1130.44622896 2112.36130865 2693.49156744
426.544596739 2077.02748424 2723.31636232
1420.9527389 2186.84991834 2714.26374967
70.1913649374 1582.99469308 2525.91071113
746.096403768 2197.68264792 2698.81218229
1034.88414368 1865.24418846 2679.28203613
1792.66562014 2449.98208931 2696.07700468
183.785116116 2095.8964459 2662.20138648
-20.635862405 2060.65316152 2679.52390634
852.615415985 1976.1876185 2725.90555363
963.719337536 2224.1133692 2685.01191701
1083.87400018 2265.82637521 2695.97591059
-682.920308688 2052.95145012 2705.39701832
1044.45221053 2351.67913406 2741.66175164
1667.37841846 2420.10296793 2704.39929705
861.100783907 2053.92391451 2691.45686037
2065.96244925 2493.10254906 2715.32251064
279.622208538 2096.6653919 2690.53809848
1411.53133047 2100.45866645 2703.49025104
1100.06308013 2313.95134396 2715.17252462
1312.50772788 2185.75257722 2686.64704812
417.380154981 2232.2455283 2726.52130737
-342.734234849 2041.53811584 2697.23515455
-604.473646468 2048.50357755 2730.45549644
-48.1631918721 1763.33081151 2677.30471748
780.097714833 2173.46352949 2701.68510272
1330.03769707 1965.52332047 2693.60052474
729.028022425 2193.31501567 2698.83614136
677.599568711 2002.05117755 2704.00698498
2332.87795118 2483.03428692 2710.84196841
1015.26438544 2034.41542816 2715.77603034
1438.86267382 2360.39750609 2735.92394419
407.48919461 2020.91173236 2667.61081635
-28.4451869432 2100.51087245 2654.23032896
1716.67148715 2470.17273923 2718.82941301
2008.76687569 2485.86913234 2731.07581475
1403.13467095 2226.36496106 2707.85898351
1701.9169125 2381.67330172 2730.93824784
781.910940623 2294.47086643 2714.90487681
351.047651667 2270.84408182 2699.21391913
1539.58898967 2185.14826987 2671.6463391
753.065732256 1979.13200478 2725.24887544
689.695242674 2111.69200958 2686.85892165
43.0276142121 2254.93109802 2722.21769684
-16.1142053746 1829.08770874 2725.70295028
1766.53640742 2414.44921488 2698.55954803
1702.67150886 2447.4731295 2701.12717939
813.326116028 2239.93165662 2685.38743992
1396.706636 2377.91108404 2681.58971224
648.984857839 1970.19325526 2739.66803485
1610.79310983 2395.70651848 2664.00487647
1696.81913418 2357.40156727 2713.62053569
598.652910898 2332.59217653 2725.93288009
755.694855294 2197.63640423 2667.32932063
1651.30616545 2446.31765439 2709.39128514
-793.406192476 1770.59901452 2691.41874589
302.354872711 2222.0360006 2749.19604608
2021.24270586 2547.26820832 2707.70428943
-241.851413256 1991.12039683 2729.65147617
2039.58619346 2468.13283209 2720.44168762
-711.79305946 1809.37450619 2686.28156945
1411.25096359 2332.59627686 2711.02234148
761.195992094 2167.23776111 2712.71343278
1145.99521083 2058.84707081 2699.4855909
407.352643575 1899.98471993 2688.19378264
-287.629513894 2057.41163593 2702.02423161
1359.56235408 2301.87719375 2727.75692241
1678.29572166 2329.5926378 2723.19408828
833.116691483 2434.56133141 2715.5630268
698.946870611 2362.71732285 2707.62379306
1433.9374035 2339.38581076 2710.04893225
284.061276721 2073.79001875 2721.66909305
1995.99267597 2461.31083191 2721.8359902
435.193728816 1972.60046099 2689.94998365
1441.06668733 2121.19052988 2751.82120877
975.40994194 2368.95694919 2706.02907161
1067.7832275 2384.11611953 2717.97502082
1170.60040526 2402.56147695 2722.05771737
-76.7350790461 1790.82278611 2702.89642719
1075.71055909 2355.09798632 2687.60024031
1080.09920972 2341.1355464 2713.78470436
1495.36620992 2287.01430398 2699.56712244
1125.93574555 2362.35803636 2739.29928382
897.728993837 2012.36528081 2711.48887445
1745.81125039 2244.56919719 2732.67268579
1489.86445672 2402.37876952 2714.37750526
1166.33569431 2473.78103031 2736.73210084
2316.02254692 2519.87003163 2708.13383323
1667.93874324 2239.59954666 2686.54654651
1171.5280207 2232.21645518 2729.5765995
1690.82365905 2358.09681614 2707.84566713
797.080390461 2137.70773537 2722.83544834
2293.12959603 2540.42089799 2684.35180888
1151.48117402 2482.19390731 2726.92008308
1807.08216977 2367.93840778 2715.14743975
771.275529922 2185.90693792 2722.01797989
1780.24353239 2411.40593551 2695.13692131
1474.69170464 2261.56993115 2664.14892311
1771.90040335 2443.1737808 2727.73203852
1129.84460411 2429.89869004 2733.88466165
1419.12647205 2490.94463684 2755.34124146
350.821849737 2129.7160639 2731.45541907
477.607947076 2311.19019686 2724.76429914
1044.58790096 2193.98241008 2685.81385587
1117.14670457 2416.16382618 2725.10016289
1379.50915253 2341.7640711 2738.441757
2085.48920108 2510.34081639 2725.59083815
2059.72502051 2573.26151721 2719.93689277
2328.09366404 2602.07904942 2729.31885894
1798.85038476 2426.31871905 2706.40923226
1104.73486391 2258.14784363 2706.18504886
499.084723344 1859.72109697 2694.38828015
1788.02147861 2471.09747827 2709.74063604
1743.72896933 2367.33536121 2692.03159507
766.102351822 2470.20634235 2740.70431189
1750.01190375 2292.33805333 2720.22839615
1505.82419553 2381.85147848 2718.86314527
1463.84776421 2476.35061742 2715.09280814
2042.08624911 2491.34667191 2731.13717068
2292.41001304 2565.01618269 2730.80455155
2014.2170106 2519.56113308 2711.6299039
2267.2746031 2531.19759928 2747.24862706
772.488701068 2260.4018783 2725.0704934
2023.81551242 2534.70697846 2747.23548308
1764.19435459 2400.90778882 2712.97917449
829.715718604 2193.30385114 2698.79250764
2039.29423338 2473.95985251 2712.57425567
1680.88667111 2423.33118032 2744.09255704
1996.74453916 2424.75351083 2725.14758301
2045.82095785 2496.95022828 2704.67929878
2026.26615703 2530.01369611 2740.66932351
1452.40538981 2501.99975042 2709.82503386
1778.97544247 2533.77991838 2730.4503205
2111.68090945 2546.09584973 2725.76286974
-417.296226459 1989.36914651 2706.50133402
1960.47849802 2536.77338321 2741.25165989
1983.60903159 2622.12066019 2735.35204259
1376.11524188 2199.58321362 2691.83519801
2037.3754839 2491.06396841 2726.25691262
2383.59461447 2634.11408221 2723.45106093
1981.28960934 2386.65814224 2704.1802545
2024.42529154 2526.49163974 2741.55409414
817.178404947 2384.73487757 2706.3341639
1150.64773068 2194.92830202 2734.33826526
1388.31308444 2270.87290954 2712.86826478
2015.22029136 2343.4262878 2723.77553975
1462.95740676 2358.7891181 2708.35265684
1955.40304049 2464.96833762 2693.15159522
785.118616344 2322.82203675 2735.35951253
1455.0309845 2437.79149356 2721.09095909
1723.03950309 2427.34259463 2745.30449871
2317.05707324 2597.46908813 2710.05074619
1808.002766 2514.74236581 2724.35739794
2065.8114964 2528.40130727 2744.07317373
1817.7375941 2461.82864047 2703.83251177
77.3693615644 2236.08083772 2747.16200107
113.94971482 2124.11245625 2738.23796736
839.215549834 2230.77788967 2707.04390007
923.035679928 2233.41278962 2712.26638703
1810.23517956 2421.28161187 2729.3801361
2096.4892637 2442.8474425 2696.9176649
2250.9537072 2516.27723463 2697.02245211
1691.89064634 2293.44579332 2698.32379434
2345.31657476 2562.50334279 2749.73376286
1440.98366719 2314.61838551 2715.12049256
1988.64075336 2432.73143062 2736.91756614
846.515201956 2234.41108865 2708.66905057
482.170137967 2149.75392044 2706.5416488
1744.77846235 2210.08695969 2702.25797505
1777.99080206 2311.66642902 2650.31782263
2075.85693807 2554.14051283 2732.91527702
2022.27663337 2570.80699659 2735.25236872
2094.81889846 2413.72714032 2707.57522949
2060.92824759 2441.12270079 2712.34187329
1605.93198221 2338.67183595 2706.94318161
2073.24870104 2423.37471397 2735.52411272
2061.90833995 2590.46606226 2703.06471641
2080.29720302 2531.38852905 2735.86125205
1732.8380745 2474.6545673 2745.44546936
1083.04731182 2242.22493578 2648.41440522
2088.66871463 2636.83014477 2734.48619285
1117.85309406 2206.55390247 2700.88850846
1685.08447864 2399.56351891 2725.90174129
2046.99307175 2489.80330478 2697.98991045
1365.00302209 2246.23531847 2740.09163003
1476.16119281 2313.37179066 2726.99502388
1764.65005957 2605.52257816 2734.45321902
721.514672662 2436.17852313 2739.02043403
1670.0190463 2528.82367496 2722.26344873
1740.05985428 2406.91149844 2727.35203095
2019.14520786 2457.62838261 2740.05640028
1454.32464316 2385.58617306 2709.73824738
2108.59566716 2516.71541702 2716.40097341
1178.87288537 2270.65445443 2724.7776039
2101.89842368 2543.74688254 2747.89537899
2280.46768913 2428.76542639 2742.53956079
2017.7346066 2455.87959653 2735.65266181
2075.99369189 2512.64743129 2709.45743271
1701.94472679 2404.55416906 2706.65273586
785.284752455 2068.00356483 2724.47554356
1736.46572571 2434.87532978 2732.35922008
1374.77439472 2235.64601639 2743.3186975
1104.51927386 2241.32298033 2723.30833842
1383.1969515 2102.09450301 2642.75563803
2081.96638025 2469.92764736 2733.19240034
364.496706616 2147.41017917 2686.23329048
1794.65890054 2553.57051167 2755.23487596
732.222928053 1817.54668165 2741.41377051
941.305521248 2311.34369465 2696.83467963
2064.34166023 2444.31264637 2718.54167988
1780.8001806 2320.68279202 2735.69996872
1172.01816479 2213.380996 2690.48661841
2004.5769935 2403.23782064 2729.10354213
2198.58269923 2532.32828947 2722.26072628
1397.52857379 2311.33649111 2711.81556733
1162.4077005 2269.30707568 2737.54006251
1675.70143584 2426.3244577 2731.08123452
1771.10333495 2468.73093622 2738.35820627
2027.05726587 2367.25059029 2701.95939978
873.747100307 2090.50824901 2713.41548979
2068.22865596 2561.58982215 2729.14101065
1883.15617395 2599.61689472 2733.66494435
1788.55378664 2287.12681737 2690.89330165
1990.00994453 2468.54523746 2733.34519027
2104.1830878 2537.89325388 2728.42619092
1968.90763229 2501.57814405 2735.11891745
2382.78711707 2537.88760113 2711.28074562
2376.1103879 2538.81235269 2741.66389066
1456.67614932 2254.75783855 2711.88464169
1715.92877886 2345.48908161 2726.16096956
1734.37816863 2371.02597547 2723.90205099
1719.55028806 2295.50775169 2711.44051617
1502.16524818 2326.82129871 2694.07178923
1752.63946955 2445.27822555 2734.94111603
779.520646107 2205.72284392 2681.30712807
1707.47195407 2360.73272821 2760.21107481
1677.30358547 2456.97233994 2748.09242892
1647.33894553 2370.79994177 2724.25690789
1540.43430304 2312.93650104 2702.36968893
1137.40857463 1918.57340429 2687.44597252
1427.86299561 2246.5694923 2723.69920653
1025.84716755 2447.31444591 2722.35318109
1048.48738238 2354.1950824 2729.22934613
694.163117878 2156.68029969 2743.79050895
1087.59869284 2328.18860185 2689.75805056
117.311799407 2239.1786874 2738.77728512
1121.1649893 2138.50060867 2639.48738877
1662.06194102 2142.93090076 2727.00878528
1680.44898777 2413.01056633 2738.06626137
1310.57312278 2385.74125195 2746.06474807
109.884115348 2058.64015787 2737.31941791
879.788070502 2282.26488707 2713.03285072
1054.53455839 2269.40667133 2718.38142589
