0.11448 0.123812 0.144
0.1114 0.123932 0.13636
0.1148 0.120644 0.13352
0.11604 0.130168 0.15944
0.10404 0.125412 0.14152
0.10332 0.116972 0.14324
0.11408 0.128788 0.15292
0.11716 0.132464 0.14668
0.1138 0.1295 0.14616
0.10756 0.125992 0.13384
0.10432 0.121448 0.13056
0.11592 0.124652 0.13556
0.11956 0.132044 0.15072
0.10976 0.125864 0.15084
0.11284 0.125152 0.13496
0.11128 0.122852 0.13332
0.10688 0.120064 0.14244
0.11196 0.12274 0.13516
0.11492 0.122276 0.13076
0.11588 0.123568 0.1466
0.11456 0.129824 0.14268
0.11216 0.126652 0.14484
0.11156 0.125412 0.14048
0.11536 0.121852 0.13432
0.1152 0.125176 0.13348
0.11804 0.128024 0.13852
0.11844 0.128164 0.13632
0.12164 0.136024 0.15548
0.11908 0.13324 0.14632
0.12528 0.13674 0.14964
0.12012 0.13534 0.1512
0.11716 0.136132 0.15564
0.11992 0.137328 0.15956
0.11876 0.138816 0.155
0.1178 0.13688 0.15348
0.11976 0.134376 0.14264
0.12728 0.139116 0.15252
0.1188 0.141388 0.1602
0.12244 0.140552 0.15876
0.11912 0.140784 0.15428
0.12776 0.140456 0.1518
0.12276 0.13312 0.142
0.11488 0.138816 0.1594
0.11956 0.138188 0.15968
0.12068 0.135836 0.14728
