-8126.99463161 -127.515844281 2632.751812
-10076.3357771 -308.47977999 2855.14903308
-7034.22783181 -824.323112316 2686.41409714
-8206.04199063 -176.853007957 2790.06680024
-440.080035559 1478.98372253 2844.26270891
-1711.89787881 563.358854347 2835.60784224
-877.797912051 1397.20286696 2851.05117642
-9424.98963287 -231.764859139 2849.20700577
-1170.84419882 568.930354547 2743.46792519
-621.715285544 1462.49265902 2781.80841513
-10129.9534507 32.525891497 2759.92937071
-7661.7423291 343.237035082 2748.81854499
-423.159155594 944.789979288 2791.62226742
-1229.05428333 321.589331539 2776.96458089
-605.828811628 726.039022652 2828.45540968
-10177.9161981 -790.96550472 2915.8026614
-1419.72089603 736.750844678 2930.38934434
-844.798073045 549.248592306 2874.53882581
-1149.56427922 946.343946691 2834.65499674
-515.230226829 753.271705846 2938.70020453
-418.864716167 898.317675681 2828.29909491
-1870.21874758 1325.40975873 2940.10918046
-497.042777932 701.607622406 2290.66297271
-436.791833972 1267.45358051 2944.48589038
-791.94648964 811.484544763 2912.98749561
-745.855122498 598.290089532 2947.7239921
-2990.02679697 608.086154339 2895.91227809
-380.993533024 564.410495356 2297.99528551
-378.377551073 1064.44050449 2958.03751986
-638.554115564 1338.73408824 2932.51183105
-913.442871076 1233.16513738 2978.47442762
-442.581041716 1800.75384198 2981.59555401
-464.179208798 1534.04254429 2967.70240016
-733.061907079 1314.95983471 2904.31092948
-658.738436736 1242.44843286 2359.77699663
-1750.47003875 964.420757307 2976.85545115
-471.187947798 1711.54034326 3012.77068337
-1003.1518201 980.192322324 2955.03542903
-1157.34036241 867.500232503 2244.78784842
-1075.63196838 499.600482136 2365.29925134
-1222.20319428 750.293223156 2984.72299815
-514.249882774 1499.4495736 3015.35017065
-673.341915936 1825.37283708 3006.5095653
-479.629974533 818.704833426 2953.32680384
-1089.97298348 786.525587884 2999.15019895
-593.317060835 1022.61063968 2989.40850392
-353.304760817 851.760350821 2965.75350497
-133.160076337 1301.35088223 2957.64360094
-408.884519849 882.161217123 3023.60082817
-190.627013816 1750.25484145 3014.26304526
-534.159855096 1121.53579306 2938.44320248
-645.500246981 1315.30026627 2991.40131269
-673.035391835 419.585681574 2884.14333213
-495.93129268 471.587971504 2407.46318421
-562.323979157 1592.1196911 3050.96826878
-1243.72693591 1220.20445631 3016.01640931
-1606.03993834 1102.43620561 2987.72246253
-435.253136494 1609.67034984 3019.26295605
-1407.16396813 1461.74403458 2983.39566721
-785.867527894 1623.10937617 2986.38692813
-878.798530383 1675.44822638 2942.88143848
-836.433740863 1130.68817145 2399.43551652
-460.821242593 1858.12537778 3009.286694
-615.502111446 1367.11673264 2994.15965062
-700.604342233 1315.29824124 2966.21155347
-438.407951496 1047.27212468 2389.82399888
-238.109340739 1993.87255071 3000.34402816
-185.019227084 1891.51683169 3022.55415556
371.131171968 1633.43606645 2987.80171518
-189.964523302 2011.90047853 3032.18051443
-366.053263483 1333.33641632 3015.38758141
-303.396778809 1505.80116861 2980.44671478
-374.674022434 782.343282557 2392.03086557
-577.567977075 1677.67574721 2988.23134301
-763.427097165 1682.40942285 3014.04810911
-703.263090231 1424.79743633 3011.21882694
-553.578161478 1350.51894286 3030.58161026
496.758564518 1992.71060741 3072.42689896
-498.207549246 720.446683225 2390.86070781
-503.677574804 1949.93666468 3048.86662591
-537.845652145 1619.50601456 3037.02340191
274.105852508 1532.20215686 3003.14944784
-278.905569714 1867.93019508 3030.41980366
-497.134104843 1499.3212786 3062.88928796
-612.892391353 1483.0644601 3012.92595604
469.579563908 1904.14861224 3064.9418387
-192.794811869 1347.31630818 3015.54892949
-1081.97287068 1857.44902455 3066.06177534
-528.167742494 2002.69009424 3021.35991642
-194.95289765 1957.41929381 3011.77448515
-602.240437368 1520.12480682 3058.06300274
1611.65121353 2350.94275598 3070.16686408
-689.168050085 1542.06331513 2960.27546814
355.025547983 2049.79527191 3025.5542645
-960.71916154 1606.50315446 3011.52238925
-797.008546267 1487.24379366 3068.69951598
-677.775354921 1735.64552348 3082.64584109
216.100400514 2293.03191777 3044.46512176
-990.066518037 1145.92109508 3037.27428042
-687.508048708 697.979277518 2412.99589034
-468.690270377 1649.58769572 2410.40003186
-637.844870775 1056.06989463 3044.34859225
-1094.39208029 944.826843444 3028.94236832
-400.23710594 1223.48551177 3045.97779414
-654.099919928 1222.15308081 2903.09128785
-878.197685134 1276.84898626 3067.98021965
-998.994685295 458.89745208 3058.12233762
1737.59255808 2561.0532013 3031.86266323
-575.026953615 1099.1863858 3034.6797127
-425.314483499 2033.01206122 3031.17515627
-395.816803413 1552.52294268 3040.32810469
-673.212020185 1528.55232935 3048.15847343
-431.703262872 1477.54242817 3022.4422647
-213.044094635 1816.17527506 3031.59944214
-301.076926774 2164.25006031 3066.44216073
-291.567766778 1280.26850039 3029.13210785
-399.426909576 1255.65096943 2391.13113459
-363.496839858 1799.62612377 3030.48670196
-250.251034431 1533.24080535 3038.1825326
-925.501033975 1432.33160242 3020.23392576
-344.935295067 1650.07444344 3064.04717332
-528.986338371 1443.47179077 3036.48880858
-146.938726575 947.595752807 2406.16094593
215.153217081 1760.57959781 3050.1522963
336.988984682 1725.77563217 3048.79463009
-439.764805288 1700.57153411 2963.42850196
-633.123446586 1443.07112898 3031.87020667
344.49120394 1353.08320318 2995.01872093
-671.924587652 1559.23543999 3069.57175764
-582.320786546 1522.33555379 3016.19676498
-500.406557072 1903.53083052 3052.50923168
-1452.40079978 1066.76743173 3084.3075732
-382.99271598 1658.45942322 3038.40038744
-574.508872467 1903.33671153 3066.48522706
-197.329457646 1806.13745424 3047.08375646
55.5393184844 1895.10817015 3055.54937665
-1409.84578434 1644.44251474 3070.7441683
-910.13231617 1722.08153004 3039.64147139
-469.9966771 1570.93538712 3057.66947516
321.428471355 1969.95213841 3039.4423855
332.900161522 1851.76665774 3077.82437032
15.2192129949 1044.7478792 2446.83956783
-320.507110162 1853.30679943 3077.5531643
-307.740112128 1147.08968267 3046.38916366
-836.800494005 737.170648086 2420.11004881
1114.82928084 2085.59939835 3064.17094505
-273.913912616 1667.16298684 3058.19532369
-521.735200398 1146.85312914 2997.37391785
-462.560690008 1372.71981439 3048.44738034
-722.604350988 1845.65575138 3061.61005356
-372.530531324 1792.59425071 3043.66272395
-574.082614691 1345.00408014 3032.81154767
-680.000900574 1953.64720311 3053.81036509
-212.398457641 1816.93889072 3022.73143751
384.933104415 2065.70901253 3075.3989559
1095.08031964 2263.55471152 3076.65009135
374.581060364 1849.26724958 3066.12795842
369.88909518 1921.46918904 3049.86634411
1098.65043359 2269.31058806 3088.99552594
423.888015152 2397.25994414 3063.66770157
-438.643391773 1973.58782232 3094.49516116
-297.502524284 1948.30139718 3043.33510719
387.1623223 1929.40213295 3084.65004329
266.289192909 1921.73023352 3057.56008786
-362.768806817 1861.7315986 3059.66660146
1085.97972037 2266.97813516 3095.54812897
1630.13350663 2458.15337135 3074.27203101
446.297342018 2354.15296961 3086.62345217
-304.153953716 1994.8580093 3086.86409836
433.705281643 2411.28357638 3093.99999614
-625.24455213 1768.81624038 3057.26545441
-441.396088671 1702.04866933 3099.55033156
313.211939987 2061.15739962 3064.71229459
-624.943874532 901.004681568 2423.32463212
-354.396895715 1999.04338905 3103.59505884
-258.965429547 2024.43011443 3084.76206343
-577.72635448 1863.70009114 3098.38609956
1098.483823 2017.66411827 3037.72196967
-544.471561351 1547.95019713 3056.26938041
22.6230790581 1578.13681085 3091.35731939
-674.10173359 1682.07618731 3058.94187833
329.283170434 1658.30746963 3075.75690287
-700.271422533 1719.96690516 3101.37138575
1061.55281534 1996.62772699 3092.62261299
-792.534923253 825.382105345 2433.06890955
468.654078514 1612.50699769 3079.10085442
-386.78094606 1809.46433265 2462.26388617
437.550702152 1502.77885949 3055.11163952
-833.192560578 1174.31721196 3057.14490692
-342.478532919 1860.24312559 3067.6437947
492.978018373 1819.58353223 3042.72984498
1156.08021624 2545.14388101 3078.32787771
360.069140268 2266.57859717 3071.24908099
500.439916079 1817.56704491 3013.26136113
-295.98480013 1749.07097974 3047.4093669
1768.62829194 2357.0256038 3056.67754228
1024.64599638 2330.46848631 3075.10915785
-310.925518246 2275.84676765 3098.47741816
304.119212918 2121.53520993 3091.08297688
378.967860499 1936.96116139 3080.40916472
-447.984196116 2259.16193921 3088.33198109
425.175129191 2019.15756853 3116.7469349
-438.901650353 1994.07911379 3071.18459698
-433.946070271 2007.85082145 3110.43976443
-135.0860938 1907.18423873 3073.71268263
-257.190371563 2096.9939087 3087.70951669
-294.954292652 2026.1626507 3085.48950763
-347.928458907 2065.31255754 3075.35244404
-221.792945441 2100.10670262 3111.57870502
-148.245977713 2105.31928563 3069.3644286
-450.148184221 1263.22108168 3085.90213282
-331.167714711 2158.08092401 3085.94207689
-949.744399074 1135.3685882 2429.15900873
-1316.7938172 1520.72576743 3074.56739185
428.240471962 2201.16323887 3106.32883688
-507.444198265 1666.63123265 3088.21778894
-865.224304773 2275.33729035 3106.17569875
360.171790245 2354.08243119 3089.33672072
488.870126076 2697.11262565 3099.51649053
-735.421522783 1219.18535664 3088.6814506
-666.295432843 1720.82982066 3100.53452783
-567.684051869 1497.95564181 3099.03954328
-193.854998792 2017.50809417 3082.97929833
-556.223047299 2039.72336365 3101.15749261
-683.095047867 1318.24974631 3084.84347069
1710.61023348 2723.82320746 3090.7362431
388.522767425 2076.79419195 3098.66401868
466.54063496 2293.63373403 3084.59512177
-297.5971768 1681.977457 3081.76224328
900.336919999 2462.99576853 3109.38038184
-260.011085874 2406.75214901 3080.62503005
-327.559298149 1896.33340116 3086.92777716
352.806031292 2093.76360802 3109.67619166
-353.471413941 1934.18852382 3080.8662389
384.563670293 2182.02677936 3085.25269229
-343.318152381 1150.99449931 2459.23164193
-359.908561291 1796.02829981 3084.33088564
478.725623216 2552.64336367 3092.71059008
1179.31923778 2439.15119724 3075.68985645
1106.33859269 2484.52412936 3091.15389566
-566.337871944 1699.35535504 3103.34488371
-309.820769396 1483.14464702 3066.73321906
-529.81459164 1168.02371451 3076.80248907
465.159706387 2205.33721856 3083.31868641
155.849729934 1992.23266689 3072.99568113
-278.017448059 1879.96224264 3110.36715872
1781.62956771 2672.13240869 3071.59325204
499.414076425 2407.7647267 3084.04843698
974.367489484 2279.78021644 3092.11331332
421.443012288 1962.22572977 3066.15150171
-359.475583947 2311.67610483 3104.86656877
-770.476452003 1568.19062863 3087.72164803
-144.588815952 2171.70135878 3088.10468311
429.811635389 2216.60171721 3064.35244625
-377.74420963 2149.00009136 3098.42491361
-219.20767305 1226.03012209 3076.74796386
-558.94163342 1983.28380266 3078.33295359
-544.999047051 1320.02460435 3102.78421185
465.15024383 2680.10257179 3113.62914147
-181.875384304 1539.26880252 3073.29499034
166.467047267 1789.6942224 3078.81178902
-540.326091842 2095.2407393 3078.74819567
387.528355974 2028.61027972 3106.85997418
-546.22477325 2102.33069487 3095.92864135
297.172945873 2467.85218956 3098.69391259
-700.422037842 1339.32811249 3067.89487527
-397.886544859 2218.30242076 3096.39604581
-194.712091094 1990.92895234 3093.48190748
-193.861361996 2489.11421487 3106.07107679
-447.551729484 1644.43306361 3080.69004169
1680.33822929 2604.31626223 3088.03061717
-138.528529731 1512.29430472 3077.59818128
1786.47391077 2670.6842022 3119.07463551
-491.794772951 1993.13153457 3083.9536157
-453.666797678 1703.01428113 3067.76391116
-388.836393703 2071.63042834 3102.0405672
-239.274188043 2355.8021448 3101.65237497
-722.601641709 2096.6652635 3103.29992405
-653.057238699 1128.00837893 3074.94770881
-184.279876067 1957.40745427 3091.89822336
291.955291609 2122.78128405 3095.88136925
-523.521952956 2525.14586559 3096.34117872
-572.715558007 1430.6069318 3109.96367428
213.196192096 1806.88939221 3085.70878916
-426.792995635 1178.22316857 3025.71688504
463.790511764 1515.26355115 3098.50778456
295.858243465 2347.80587803 3109.51250736
415.27370892 2209.23243585 3099.19471211
-497.757082267 1771.15701739 3121.93245506
-888.600939113 1743.95591131 3111.28925265
-177.192852326 2023.11813452 3115.75796408
-590.983131381 1767.63308083 3108.62206974
309.502861949 2283.68767413 3114.46414113
-516.720023879 2325.29333587 3094.03991511
1075.77365685 2298.33644701 3083.91449015
-436.146409917 2273.67665463 3099.53053672
-34.8185745903 2096.5076782 3116.21117534
-133.753047662 2029.01024135 3092.11905065
-493.491041186 1494.75148619 3115.58660496
-504.472619569 1390.47725746 3100.96127298
-194.172978722 2434.75696434 3108.51619674
446.985871014 2425.34489693 3101.4629924
293.286550425 1945.50539388 3104.78710405
1093.41094468 2241.89142137 3109.90018835
-415.938976667 1396.144229 3074.07240914
-174.924445602 2089.71895179 3098.08114419
1764.53820733 2566.40909834 3093.14352775
234.064746124 1831.45227144 3082.69436461
1063.04998868 2228.1435682 3099.24639299
1139.39036348 2568.80872 3086.8272045
486.801883422 1980.85514709 3092.02289627
530.419956517 2186.75462042 3091.71002051
403.383039684 1769.38706887 3086.85289102
-234.971117851 1937.80053121 3096.19345076
1123.02728133 2308.38058782 3096.18749148
-365.712158843 1951.89105659 3107.33551207
-90.1566888329 2296.48622331 3086.73320301
-280.438652457 1894.02299395 3111.28574408
-340.923146493 2295.31861999 3096.69657287
1151.59510425 2703.33572371 3096.57172465
-245.035427652 2684.78838024 3119.95929645
215.964888932 2053.4909891 3072.67414729
434.786334855 2108.37839484 3104.09094941
1127.35270698 2546.03094743 3093.66907262
383.00140594 2562.57904723 3102.27411219
505.236780627 2292.79193494 3115.6401239
491.467151695 2240.13118013 3103.84597026
459.183862871 2371.46497767 3118.04667848
1072.32336795 2758.47787565 3104.2726743
453.11972161 2429.39859067 3114.40333361
-394.363299674 2296.16591238 3125.00278206
-324.518386339 1995.30828122 3081.03698115
1682.12879859 2676.88539182 3103.67184007
1188.5484799 2585.09194932 3114.38134262
-209.094901312 2236.44902148 3111.51262769
-240.163508268 2238.41430784 3102.40269693
1174.26781137 2428.19635169 3110.54122531
-165.927376236 1591.16201603 3116.11344959
490.574157647 2406.56199496 3093.76596826
-185.617553206 1892.21063417 3119.98365891
474.326846457 2428.5149355 3099.81963931
197.383955589 2538.46040872 3118.49900423
-352.631773406 1951.89689026 3109.63619666
1147.54064942 2313.26880345 3105.42998296
1793.35155161 2483.59741806 3107.67269276
1762.92373559 2444.86551063 3123.63550713
-229.287938278 2360.17121379 3117.45539636
-231.788057358 1846.96323919 3122.35603308
406.820456882 1838.39239465 3109.13621535
-250.691931497 2181.74145329 3116.13182247
1074.7406929 2294.98322785 3120.32113081
-418.836029611 1908.1974321 3086.37639138
-313.051999111 1679.49011903 3107.05354874
392.166730405 1620.09477803 3117.2498184
1095.1064243 2427.07226165 3104.86360521
468.273938241 2109.98372874 3110.54440805
-339.283678935 2149.02428808 3121.94621573
-149.4681937 2103.77326215 3094.88876554
-292.730207774 2105.61836517 3107.87493424
384.699675185 1897.9701814 3101.55463167
-230.476934263 2613.24057221 3107.86618455
1810.09322675 2829.45124422 3114.83863985
420.579928559 2372.99104349 3107.33076534
-231.837267798 2097.2683179 3092.24100337
-509.388431491 2083.4350078 3109.8073201
1123.29692908 2435.29532733 3105.58652804
495.352852148 2379.64768055 3102.37465348
1730.67336411 2498.0050407 3100.30888147
-833.955214576 2178.07526678 3114.11086251
1744.26044965 2628.61787417 3113.74928277
1155.8194728 2771.15507532 3120.75848606
1038.20978416 2233.36852118 3115.84420641
331.236340855 2555.16800937 3104.06915665
-863.140156142 1905.75424135 3115.05206366
412.082410154 2174.65711779 3099.65188377
-328.912668255 1558.84093284 3109.65193445
-217.199141693 1977.17329681 3123.81645179
983.879984442 2427.16978497 3096.69656655
1765.17229212 2459.30522325 3116.16524189
495.873013676 2110.10439177 3099.47485093
-295.323815258 1828.26224516 3105.78551899
1155.85512045 2499.69082466 3100.9611604
334.72297316 2017.77389295 3110.74258557
405.775965567 2002.91327573 3107.13802526
1159.44413158 2438.56886092 3117.32746201
493.720451695 2438.65677213 3097.44688509
-431.582256696 1874.41670551 3102.35365973
1191.39570712 2390.44721784 3109.77799907
1164.12886352 2638.33973496 3101.47948137
243.612664424 2230.33680394 3108.80535982
476.9004889 2239.1772635 3107.43968663
1763.97782353 2757.25025707 3104.45701204
1161.33193764 2520.51688469 3116.79405626
-207.524950857 2045.69882959 3127.76211795
1776.16147818 2763.36440704 3110.38453793
-213.883173913 2098.71901756 3112.11246719
353.581872791 2238.51412256 3114.91121593
379.658037069 2367.73984013 3114.81072969
-283.226033464 2307.78762427 3115.19211451
420.847494392 2051.85596258 3086.62668976
430.518139693 2162.93480107 3096.01911117
1744.02197176 2327.97096136 3117.97988921
1070.98332291 2098.7542495 3107.7555318
1812.43707499 2577.56795323 3107.6243348
-195.159087757 2091.53028517 3105.1240261
-407.545897103 1871.09054731 3105.07119942
-298.882650928 1924.57485685 3123.0946245
1776.57483621 2495.92085834 3108.21225837
449.929237471 2378.86520791 3108.42948134
1793.34583333 2445.04159242 3096.83025217
1781.30507052 2628.86543655 3108.40562896
1060.15267307 2514.08266688 3115.90639121
1051.78754004 2568.39246283 3114.41878139
1131.54226667 2253.42816265 3113.42383788
324.120976475 2297.02387337 3114.47739951
1758.60308714 2760.27610529 3115.45326587
1174.83486266 2442.44807541 3099.35898673
1122.56791801 2517.2497776 3120.13291134
-203.595003422 2111.42977485 3109.12631385
1144.49649275 2444.1029196 3123.49339104
392.991885412 2376.67142594 3111.76148392
454.548507013 1931.62686846 3117.58153586
-163.312169206 1968.15191557 3105.2859594
-340.5104351 2235.74010047 3134.9514128
376.955143605 1987.41006103 3115.97043021
1122.16733086 2311.24328833 3119.99762782
370.774802286 2310.8819252 3128.24966401
1098.03430498 1989.04941551 3102.35594089
1796.93788264 2715.16829627 3120.92450247
-344.028005414 2029.84864362 3118.55544309
270.038489525 1945.50403432 3097.11898327
-342.790160304 2302.77787044 3123.76464365
-330.52385849 1905.4659471 3117.34308515
2453.55870932 2976.1669281 3121.03261013
1122.19889045 2390.97179698 3112.99563086
1810.77065487 2769.79840159 3127.84051118
-422.281900737 2291.96406405 3111.53858068
-158.218992454 2567.17214443 3119.7249786
1087.42416177 2302.20827499 3115.43664637
1165.51300275 2255.034928 3111.29272198
327.23789523 2221.55340224 3112.32996599
1090.82079304 2639.90446945 3108.57339429
1793.32494233 2527.18950763 3118.19234003
407.143587401 2187.78064898 3112.26658514
990.933239406 2165.32004335 3101.46085257
1794.88332435 2777.04387102 3108.46041693
-479.255221275 2006.79826777 3107.68158981
1111.88485348 2370.96071674 3109.47469251
1153.28619003 2244.77647389 3108.1568534
1156.34829291 2591.07689741 3126.80081445
486.898787605 2713.57326818 3118.28360155
1823.76733033 2774.28154726 3118.05590323
499.695334641 2648.57115768 3115.61896647
1757.61134292 2381.64729267 3115.87585266
355.59297228 2312.40854738 3117.90951298
1787.31368594 2584.32399956 3125.51200643
2441.83881106 2710.83324254 3092.02714228
2425.77536509 2841.71813527 3119.00310894
1141.17876413 2647.19803057 3121.86816626
299.022982528 2049.63356261 3097.95154877
1163.35375172 2456.19857466 3115.51729375
-282.905186005 2293.62990603 3121.56019266
1171.36111057 2389.52018619 3106.98955846
1104.04278835 2579.33904586 3114.87342047
488.606453915 2190.91316106 3114.43582859
1686.22217732 2176.14773998 3108.35650936
1800.61158284 2655.70878357 3121.07407007
544.887029055 2588.43787213 3122.33951211
1769.64811624 2710.43063382 3107.01992014
1105.56106523 2512.2773818 3108.69658881
-256.673602035 2438.70563485 3119.98482787
1709.09125711 2506.57220617 3113.82612994
1815.97002477 2702.17387913 3112.32034848
1190.83096047 2593.59719763 3118.36533402
-131.499399335 2197.06875192 3113.07669757
1108.05417136 2446.17040456 3132.63477284
1791.09296569 2707.17240288 3124.7666369
1819.71114256 2787.15367825 3127.7197641
1157.42920765 2402.32639526 3123.06151368
1821.89995086 2716.06660766 3123.47641261
449.054605257 2317.31830665 3118.61814233
1105.99907576 2446.57496707 3115.87529923
1758.25151608 2456.13806373 3119.36565834
-194.602721481 2131.57128293 3114.65127108
2429.33847886 2848.88830988 3119.46262512
392.837370919 2237.44068219 3118.98659668
1790.11795569 2391.85321634 3111.06146559
386.728684182 2118.95235775 3120.62992737
1140.04197241 2451.01548025 3119.71606483
1180.58936015 2389.67701103 3126.61383944
1820.30614741 2527.75390922 3118.69178877
410.145275617 2508.80817577 3117.62500676
349.605117589 1954.2022818 3107.00766744
430.778379337 2250.34266152 3108.18756232
-309.134070434 2167.9578496 3116.80501656
1116.60070403 2528.9408644 3119.40700985
1800.31561513 2520.04950747 3117.57954274
1789.60902541 2447.47548129 3111.11034029
1780.17435799 2385.53056087 3118.54998756
2456.68405148 2778.54017651 3100.36390794
1798.56965478 2443.31245574 3101.32222553
1808.67687483 2780.9510781 3129.48957631
415.093878091 2184.77447511 3113.95709018
1118.45947582 2526.33291912 3129.0844823
1125.90157043 2785.49806652 3125.75331134
1766.11176203 2839.62054594 3124.76949595
1768.97068127 2585.67474156 3120.63601027
1093.17281928 2506.41958408 3122.42355496
1706.54413289 2574.89690234 3109.81088141
-262.36866055 2310.45779416 3122.06955261
2453.03876163 2846.78327398 3114.49993076
455.226624197 2315.59288375 3123.19174894
1085.16774387 2582.13520911 3130.28401512
1148.14039495 2530.87706272 3127.20546229
1041.20388382 2439.73983166 3132.16115926
1086.42030877 2454.43231372 3126.00142696
1807.87519322 2522.14272789 3123.12376913
863.817672925 2421.07249814 3121.97184437
1168.67243527 2206.18884108 3117.57355616
1148.57400789 2196.96250687 3108.877085
1784.38277287 2769.38067531 3119.25552087
1183.24096119 2380.01408828 3113.10122244
485.486203215 2432.84454288 3117.28775688
421.565738949 2240.04128579 3101.44349477
-191.865733589 1912.64163864 3115.12821764
-264.466264083 2436.10822722 3125.99171113
516.218637105 2260.4206292 3120.21742795
1107.80596712 2642.84552976 3118.06519724
1088.37988005 2328.13184866 3123.72014903
1132.8702616 2581.85108508 3117.87610217
1169.78153977 2652.04404264 3115.60445239
1074.58551619 2449.79971441 3123.78929837
1161.87638837 2711.50555342 3115.63810905
1745.67863286 2449.30189946 3124.42332349
1772.05323465 2458.72276928 3119.91199583
1161.32886738 2193.27785498 3126.0566441
1775.46584503 2847.86290799 3124.89530137
1169.69397466 2912.49897262 3121.86863834
464.44327902 2433.40028733 3109.62518966
-157.582663082 2302.30916359 3117.1906356
1782.83362519 2573.87794404 3110.52770977
1073.71818465 2517.56793268 3116.06655289
1044.21449752 2510.83635148 3121.23138928
1116.05152678 2634.90166907 3107.26033669
258.450995409 2369.22464887 3115.26683262
2454.73033708 3041.70608675 3117.76894966
530.412921233 2587.03060491 3111.53912455
1135.85389648 2644.87864498 3116.91427902
1814.70642718 2701.28968877 3122.36243561
1727.1605283 2508.33846693 3108.66425502
1080.74913338 2063.09640471 3103.43468874
1799.2610792 2655.25631661 3114.58855002
2471.31329883 2914.89780337 3130.50046512
3085.55202064 3104.50179419 3119.57966201
-194.842555158 2244.28451894 3116.40907196
1739.51867386 2581.72221151 3116.55859633
1077.47001476 2564.93890121 3121.32948344
1782.86351805 2584.88503526 3126.47892562
2435.15486249 2909.00688321 3127.52452267
2475.56943512 3041.39272464 3121.39510642
1173.69551671 2661.6806241 3119.09595876
2408.93835011 2970.22326104 3115.97600262
1770.15421062 2908.77556666 3132.49733756
2449.5143893 2786.94276903 3118.92820233
515.91852613 2192.00620672 3100.83795222
1123.55437245 2581.96505773 3128.35228749
1776.05478444 2785.41989536 3127.37382107
-178.9438688 2325.18395093 3117.59075246
1161.34788623 2653.37898786 3122.21839746
1162.9139667 2791.25589058 3128.22052534
1813.51521277 2588.89655561 3118.45682093
1821.2280836 2772.53159785 3124.27096495
1059.46577549 2444.15714855 3137.15991793
1793.28316623 2715.05831055 3122.29614489
425.099362079 2775.855073 3120.93933411
1787.36819298 2712.98722989 3125.94460225
1151.6181812 2390.64259367 3129.67516009
1783.77194237 2580.92969097 3122.32701224
1125.52002527 2590.60948103 3127.10018079
1773.65725742 2590.42081915 3122.78824599
2471.00292083 2918.70637307 3124.25829023
1149.56705922 2832.68816271 3119.75638224
505.413155794 2518.74484345 3116.26349832
2445.65101644 3045.57270414 3127.8137507
1158.31360694 2315.09006206 3127.78710544
2389.68787687 2776.91856001 3121.14432043
1146.69520761 2396.42088657 3125.12638061
2455.19572144 2785.63763485 3122.78094951
161.810336847 2218.36973999 3125.98799705
1692.58784731 2708.37011788 3118.21545485
1805.71018727 2787.16043344 3126.11666455
493.293868471 2311.58953649 3126.06331973
2439.72989249 3040.03896297 3141.2383384
1143.75624265 2845.42971878 3122.27102975
1145.57119584 2198.99719477 3123.33986853
2467.20848299 2795.0845536 3122.68540027
1161.8917788 2516.30593057 3123.58697569
404.866009898 2641.6927977 3129.3517315
1773.69005391 2775.75975321 3119.20949474
498.123611796 2711.58056004 3128.34598732
1773.88908446 2515.14168541 3108.50988682
377.630272951 2445.27681745 3129.52710835
1130.66585219 2525.83260294 3128.43704177
1159.57558595 2727.92782404 3128.41191253
2459.61845953 2861.76485054 3131.10367085
1744.62816128 2712.42394644 3138.51882717
1800.03718366 2725.59210446 3133.59817248
496.813488816 2591.44898873 3136.97588031
371.183235732 2050.80093563 3134.30548119
542.985226529 2183.31864042 3121.88939911
1801.52286421 2657.56858082 3122.0779676
1133.95876887 2387.0259923 3115.09500191
1820.14433636 2534.72947163 3123.22788125
1789.55142147 2526.63151357 3128.94009623
1799.69889354 2587.27882207 3120.39219217
427.524450576 2326.70159653 3124.71592909
1160.93507473 2332.53303283 3132.53840528
501.367123971 2442.9754387 3122.3535547
1817.60204985 2723.15927724 3129.97696312
1128.33218203 2328.12681865 3126.17745453
495.922358695 2261.60018664 3128.32187554
1104.38538849 2270.32306513 3128.82862024
1160.50755648 2399.47139643 3128.71983365
1072.13979708 2646.00482483 3123.89260139
2433.30817771 2787.90552791 3135.63673777
2446.39676412 2838.51457927 3107.12585326
545.67297716 2786.84265592 3130.29405706
1147.88676142 2526.92428727 3125.53177314
1781.99064345 2720.33390713 3125.5348777
1130.07323339 2912.27058352 3128.93849779
1070.39009321 2714.9092937 3133.94526182
2451.03130248 2849.87634602 3121.43084897
1822.12513446 2855.05209121 3125.08186245
2452.59008002 2850.61588879 3130.3206409
1777.97696279 2913.19248585 3121.58111833
2450.89758772 2977.5723158 3117.03928364
2457.54173819 2990.81324175 3135.15626359
1140.52499186 2590.106017 3126.46719923
1157.02239872 2529.54125239 3130.78286551
1773.21436211 2787.64085596 3135.11775907
1138.50313638 2657.90906373 3130.18392261
1142.81844615 2326.69577574 3119.01027832
2438.12663598 2727.34214303 3126.43939496
1088.90038097 2524.48198351 3122.13232717
1816.54355654 2853.0604107 3130.65802541
2404.18408959 2848.60160791 3132.38788461
513.336904817 2595.71556236 3136.62579595
1172.02865278 2657.97826525 3121.99894358
1736.69332849 2719.35617411 3115.94565001
1801.37891078 2858.3802332 3138.40650216
1842.52814565 2859.91083641 3126.02224942
1820.11301973 2528.30554424 3125.51816751
1801.86783355 2599.01333075 3135.14033851
1132.59504242 2464.56379761 3123.55754798
2442.11441119 2924.58002997 3130.70366051
1154.67610251 2402.04125104 3124.08877785
1135.89097267 2658.25298569 3129.86167419
446.924850032 2133.6797561 3126.20415249
2452.67717799 2921.78385923 3125.27993145
1762.02958217 2390.67972864 3137.57899615
2465.13749856 2857.54143539 3122.86362832
1155.81613168 2794.62356379 3141.10230541
2467.93546189 2992.00633165 3127.16215458
1131.45369299 2731.47976969 3131.28558552
1148.00760854 2587.32018495 3140.74828127
1808.78352558 2861.82094775 3133.93998636
2456.00735226 2793.33613954 3135.38656866
2448.35144618 2986.14098814 3136.5823562
1150.88565104 2652.49979872 3122.08379396
1841.54482407 2726.47544692 3132.33388373
1829.543235 2402.69222476 3097.06939581
1839.31035613 2733.03934015 3135.85743617
1797.3755464 2657.38636897 3143.06468286
1154.23105252 2653.26291501 3134.0216754
1179.58787684 2864.50775629 3142.44044153
1808.896556 2787.75620763 3127.01775898
1787.2958139 2596.56281903 3135.89109113
526.840280636 2266.89776104 3126.75749618
1797.94515769 2659.47205526 3134.1975847
2423.62891516 2853.85575233 3133.84703704
1826.8134373 2528.82014416 3131.41282991
1816.47599163 2657.47882659 3122.90057465
1812.89525452 2733.69384477 3146.1838012
1818.58623114 2791.7418046 3129.35774045
1071.48680375 2060.6568752 3135.48496381
478.252381942 2008.39927249 3125.50523908
1190.10438765 2406.9064805 3132.36194174
1162.9974291 2470.37880762 3127.2201211
1137.46088921 2201.37867954 3129.33087033
-221.639252194 2445.44029319 3122.21179046
2445.80110868 2723.76040377 3128.99442464
1802.97738718 2855.06666231 3136.32613727
1810.31642933 2793.06742589 3133.89265161
527.315742901 1937.83719288 3118.99980987
1816.96668009 2795.79948946 3134.66600544
487.954570583 2459.55860434 3132.25313108
1781.99485483 2665.2588796 3134.56671359
455.656569219 2460.25514715 3135.87426954
1182.89458734 2600.91801128 3133.25708401
501.391624512 2328.90068328 3123.83122094
500.290308567 2136.67840825 3128.27671921
1771.18272223 2594.94630419 3127.48893857
471.674426261 2250.85849107 3117.56973028
1162.62347908 2469.80411591 3136.78271706
483.296506635 2266.15944588 3125.30082574
1752.69932348 2398.6932327 3132.88875282
1791.32749462 2594.07683924 3111.66950089
1779.4235901 2664.01869178 3131.78985469
2445.17487028 2918.85557109 3134.30078149
1134.50361826 2328.79340183 3134.08108248
1174.68131262 2594.39939531 3130.8044043
1816.12926728 2409.94488049 3132.81479171
451.205016996 2319.54358788 3128.83248474
1109.30187418 2134.88896443 3133.07870949
552.782062836 2085.47688412 3128.1475695
397.969395147 1607.29812311 2464.07187637
-192.530872591 2123.54039903 3134.6487072
1810.14619991 2662.37228964 3127.1373746
1137.42643017 2407.08634803 3128.3279444
1161.5580183 2526.87615121 3124.83632931
1810.47264641 2922.38247968 3138.01281429
2426.43374537 2785.78300634 3132.29960981
2453.12124274 2924.77422187 3141.52528591
464.063615047 2202.24057557 3130.58747454
2445.7131803 2722.98088694 3123.60248809
1152.86148951 2522.70941533 3136.19418703
1810.91983967 2715.40698444 3131.75287913
2406.9570787 2783.47167661 3129.55535343
2460.22173285 2860.93940223 3129.50973601
1171.48733459 2859.41678487 3128.95434454
1791.92476699 2654.97097611 3133.04192342
1163.85854538 2724.30906345 3137.26097679
1150.94771121 2400.10143019 3142.13963881
1782.14395008 2460.98192385 3128.7770437
500.125681022 2190.9693207 3132.75388015
1158.69418872 2664.0465469 3130.57806334
1088.0552657 2329.53303745 3132.58459849
1825.6296295 2337.75413945 3128.17139787
1791.52286733 2919.83450088 3133.1620403
1173.08536271 2793.56541665 3131.93867578
1814.69348229 2921.17390262 3135.73775225
1156.25066122 2522.35333611 3124.89102251
1161.58219364 2602.82507295 3141.6599558
1813.96038837 2726.08486429 3131.39123629
1776.37203568 2779.98898968 3126.74269519
1173.27363852 2729.39416582 3132.48256164
1802.75312587 2731.76468817 3133.62642183
1172.53890595 2665.7836561 3128.17893304
1782.78688047 2710.48416047 3120.47895543
1153.5626608 2658.24794055 3132.03302899
1122.68565847 2525.91620112 3135.29820642
443.030700787 2453.05508336 3137.15899065
1816.47491486 2661.89384254 3137.45610115
1141.54381169 2656.64548767 3130.09645076
1191.64648452 2663.57511451 3136.65114203
1784.92140301 2722.09550102 3133.717489
1800.8209347 2665.78971619 3130.39680163
2457.46535808 2980.39390374 3131.24969817
1834.87978531 2662.67692295 3127.62000516
1806.47233178 2725.66124093 3131.83669166
2462.89360602 2922.24270342 3138.35832874
1789.0842543 2724.86776676 3127.67239969
1706.89867751 2717.22777819 3137.74760463
1791.24283087 2785.73304645 3130.62904185
1797.40648879 2785.04726789 3126.03570084
456.45020321 2326.06503789 3125.63021674
1158.62131002 2664.87319057 3131.33412954
1843.29225747 2729.30321673 3122.09806126
1809.41693746 2538.9163901 3133.31346235
2448.14729251 2858.07831063 3131.87897075
1139.77045007 2852.5886043 3132.48860602
1126.13371971 2722.07659272 3127.54952717
2453.71884927 2793.00825013 3132.15268902
1819.52224826 2788.78011699 3130.83629861
1817.18610945 2720.47732766 3120.11155951
1783.89682593 2722.12373041 3129.08077322
1827.62257756 2733.98052563 3131.44281407
1821.50513783 2601.52133661 3129.85150681
2443.76475345 2915.92329234 3122.70599714
1827.88869636 2720.44529908 3125.04619848
2426.24968383 2921.0081716 3127.41493893
521.111663041 2600.99452095 3132.75184392
1165.47347921 2597.75561082 3128.54548912
1818.9617594 2601.18256141 3130.38122171
1831.23503627 2603.64410753 3128.00735314
1813.54845521 2853.81162229 3126.14951268
1777.20497746 2784.04135993 3136.10752828
2442.26773423 2922.27742285 3137.94098943
1830.24817968 2664.58132163 3120.15427217
2452.60194096 2860.91549833 3128.15647236
492.045853235 2600.55133366 3130.34465109
2429.12775321 2725.06916152 3134.2970499
1808.25450168 2800.21785384 3139.34761715
2456.193558 2787.83630712 3136.53450096
1839.78779742 2858.50928455 3132.26513004
1198.88056693 2538.97512079 3129.35471548
2449.52216678 2728.38607814 3137.46603043
1821.96128574 2732.09905679 3132.25082504
1831.90799599 2987.02231353 3137.56529726
1819.24575618 2530.17554857 3124.9508015
1129.6458106 2402.90942968 3127.10919522
1816.81509813 2727.45574684 3129.68857764
514.419840084 2662.48685141 3128.3708854
2466.81409445 2857.10732633 3126.10400032
1152.59330046 2265.5920932 3111.14529533
1161.30527809 2404.7684795 3132.76026747
1790.70770366 2535.77052009 3132.20154662
1842.89068379 2668.38328232 3130.53315787
1172.28068011 2662.99872927 3135.93573991
1152.33028375 2720.76359939 3137.43625822
1828.06531738 2723.52186322 3121.73956035
1813.40136194 2657.09497335 3136.14401331
506.849760788 2852.68906972 3131.55799734
1842.11733958 2729.73757317 3126.65495466
1174.17022945 2665.33929976 3132.51448963
1176.72359393 2731.44572002 3129.47231206
2446.461349 2789.86000849 3121.55749477
1825.04036839 2984.22597401 3129.2360599
2463.24056711 2985.71701983 3133.16225436
2457.25460276 2859.42113557 3136.57502638
1817.0435805 2785.01228563 3125.80514112
2438.73166061 2855.20661065 3129.86294327
2453.51711453 2792.08989591 3126.13543683
1836.19884357 2788.42020795 3124.3312635
519.868898149 2469.77002016 3124.64925607
1823.85489287 2790.89855239 3126.093914
2444.29922891 2916.16380481 3125.28659076
2473.06358121 3051.9026402 3127.6458333
1831.75490856 2608.12538263 3128.31639602
1834.60226202 2927.89228908 3137.75001411
1194.74906074 2796.00892941 3129.91075375
1149.05445388 2341.23920485 3131.76069615
1824.84116374 2597.06074239 3124.03397638
1817.17124509 2861.61901861 3138.63946421
1813.59755215 2797.31236226 3131.77860343
2443.39850344 2985.87660046 3129.09722098
1839.23511767 2863.96385894 3136.72411501
1142.14153651 2593.59231726 3131.25288148
1811.85680997 2409.70911793 3136.89571365
1773.01771882 2856.28020375 3135.18842939
1835.99943761 2791.17686588 3127.13472503
1812.67389039 2656.78817533 3130.01931824
503.607095903 2722.92720477 3135.91524752
1824.38781919 2859.40256799 3127.60824921
1825.62707117 2733.99165747 3136.90650197
2472.54265467 2738.71547245 3146.36340659
1154.41396519 2729.16933776 3130.14168381
1814.83658473 2601.67839983 3125.02809253
2446.03201267 2733.80377864 3136.73366117
1840.01322644 2668.20425847 3127.30760824
1170.69382747 2603.73958351 3132.18843871
1832.84087094 2732.69325587 3127.81244355
1127.57421502 2658.85852263 3133.11071878
1177.44484152 2472.28504115 3129.17056051
1171.92728313 2278.88299413 3130.43130896
1811.89437982 2796.2349134 3136.19589936
2449.15294617 2847.59072303 3119.71816873
2469.69018439 2921.69538001 3130.1993181
1837.68818399 2659.82356075 3127.83540386
1808.70448617 2604.17342452 3132.7075493
504.36806404 2467.71025445 3121.05601203
1834.80366558 2855.73056197 3129.80518981
1843.08135993 2723.16441005 3139.21248583
1816.1324525 2789.53990099 3127.33441805
1175.04897591 2603.91535467 3131.05542738
1820.31026563 2863.26611994 3137.06299514
508.779589437 2597.5644364 3126.39791176
1815.59981642 2793.9611044 3141.61307023
1814.32650097 2605.15748451 3136.9096763
1141.98630024 2731.44334741 3139.1521783
1811.44486704 2664.5908162 3141.0630201
1093.16199891 2445.68557924 3132.06601628
1089.40634184 2340.57988479 3143.74747522
497.194989054 2140.6527203 3135.51201217
1809.76299506 2602.92807632 3138.55988488
1813.41010823 2669.68334856 3127.49363047
1846.23337228 2730.86118289 3139.32639517
1814.8446333 2732.00766695 3132.03240001
1823.72645575 2664.94969622 3124.62209876
2457.52670322 2793.44909908 3128.32744803
1825.77517592 2605.12812817 3137.65606583
1800.40367086 2927.08545212 3138.50563207
1165.75084253 2530.18225712 3130.4576168
1190.18037276 2727.6926986 3135.93012355
1824.30752797 2725.64946866 3118.64256292
1750.95074625 2527.22037068 3122.26631781
1192.77638292 2733.57938905 3138.63554047
490.138040452 2602.76782105 3127.36054434
1173.32634619 2535.06122666 3130.6101166
1806.75234432 2792.55637264 3127.77074054
1152.41042069 2463.83771461 3121.72590609
1818.21506427 2469.35676114 3127.81736939
1821.13513423 2801.10565072 3135.21835808
1794.94940539 2605.96588727 3133.73427786
416.448939437 2396.52697831 3138.52981937
1817.82837494 2728.98120118 3139.21574947
363.955596914 2382.3969291 3130.12439777
1822.28302697 2726.28435191 3142.59732377
1820.49453724 2601.189667 3124.05972844
1838.37767255 2715.07624607 3124.45956741
429.710824239 2655.61326732 3142.96886677
1125.47706848 2269.98529593 3129.65464422
1774.71770162 2465.79454149 3131.46044455
1800.66741312 2601.42960869 3138.0818473
1815.08118937 2663.05803015 3130.14794691
508.350442532 2408.82664692 3132.1983254
1177.50307669 2201.12600301 3124.08004566
1826.77096475 2726.0579572 3130.16459431
1832.58850955 2787.83444588 3132.76246641
2380.93745381 2589.37774382 3133.28448693
2439.13483153 2716.86159473 3130.10977218
1803.62530473 2661.97889859 3138.93994473
-133.550800775 2072.8011142 3128.74289615
1740.88579463 2525.07002394 3128.32335095
1842.03956293 2862.2410472 3133.36925945
1077.60052151 2585.80962447 3122.19489484
1825.58866606 2796.67746986 3129.74326604
1813.0912782 2733.69473138 3125.91470797
1191.68826628 2538.85453262 3140.70349933
2456.75039123 2731.08549144 3130.94153836
1803.16603788 2726.02935006 3140.26807071
1790.41469717 2847.78126974 3138.70928498
1802.19592722 2854.56534964 3133.85003148
2464.58079965 2855.59607583 3125.29061342
2461.71381452 2921.19896108 3136.72005715
2452.83327237 2731.93684302 3133.4032492
1823.62428654 2738.97810434 3136.24686076
1034.43577975 2450.68515257 3122.23630454
1076.31333141 2460.30798382 3121.76960902
1166.09350791 2664.05259301 3137.80246718
1795.65847438 2600.14172273 3132.96551175
-220.852746187 2398.8433938 3142.5047794
1796.00572535 2795.22979527 3127.99549756
1769.63727247 2533.40110281 3130.25914848
475.952920067 2521.33833298 3117.95389401
2400.11088807 2595.51853505 3137.81717044
1793.00845317 2469.267982 3133.21525045
2447.01159654 2667.81970104 3132.05824435
1748.15345935 2783.06956064 3133.09376544
1839.98563658 2738.21186332 3133.93258141
1809.33024384 2793.86313374 3133.02359034
1759.34911857 2403.32188498 3129.79360093
1142.42021252 2407.92872995 3128.92359227
1154.42938982 2669.88922943 3130.86630959
2458.71613344 2922.78721614 3130.49033739
1842.88698954 2737.49182421 3135.32013734
2470.20633811 2864.8809664 3131.87074701
1815.75157634 2797.37321869 3132.21428986
2452.48620673 2730.63146867 3133.86867718
1800.12779263 2537.57042664 3131.90969499
1801.31168606 2338.62565784 3127.26537383
2445.41785498 2795.07135926 3122.82080405
1763.51818222 2722.97738528 3132.02293484
1156.79075323 2407.16302022 3138.87348721
2477.48847958 2992.30982189 3135.0380108
1837.24919657 2859.27834191 3130.84542011
1133.56748207 2526.31134214 3124.66381626
1780.53935046 2725.44615132 3132.05159582
2446.03157185 2664.27452062 3128.30070591
1835.55038526 2674.62006511 3134.4830295
1792.97254798 2787.46081848 3127.20937726
1780.01418428 2725.47380414 3132.99438711
1175.96753145 2594.35680726 3134.44543335
2446.31775513 2859.65008311 3132.13640768
2463.53529398 2860.00258428 3132.85197923
1816.74134702 2348.39597206 3125.03052477
2466.58717516 2861.90948514 3130.3121269
1823.50990812 2922.04094494 3143.36547464
1833.05272463 2859.82527654 3124.12332783
-173.338018662 2129.14598545 3112.52793792
1815.41809246 2859.30898998 3143.38892427
1156.49540623 2397.56732973 3120.5446879
1137.38772253 2855.96339671 3126.98450634
2429.45355319 2925.20628753 3137.35770069
1800.6039638 2658.78312979 3136.65750025
1194.82023347 2801.7318966 3129.76196971
1150.7944262 2726.32573528 3128.57944168
1797.7242581 2728.29673612 3137.03600105
1140.54099914 2598.52967679 3133.45387451
1847.5109254 2802.86589672 3138.28037927
2466.80993345 2990.632756 3136.42476219
1782.30867493 2793.75527258 3134.5474918
1790.02622494 2661.38109035 3132.50966979
2378.31858961 2652.11893664 3127.52156339
1847.47421229 2795.71526507 3133.31817552
1173.20292268 2857.20311936 3124.56018965
1805.39783651 2859.12685702 3136.17927604
1177.19800151 2350.58626835 3151.35009314
1796.97310134 2659.38945936 3136.7363773
1098.29195425 2394.76373806 3129.24993816
1173.84797834 2736.88543584 3136.50388327
1167.80624998 2666.56657141 3126.69659993
1811.69119106 2664.69585141 3126.04939634
1801.86059495 2532.82403306 3133.08135103
1164.05017794 2207.90348397 3131.67436329
1740.55476902 2637.97988225 3129.38103331
1799.87667577 2596.08937086 3133.28878504
1805.86395523 2662.47731253 3132.72550627
1175.95378644 2605.04316783 3127.93717556
1797.02830369 2472.60598598 3127.3074056
1178.10677874 2462.17944034 3126.36790296
1779.30317858 2597.11568938 3140.95291393
2428.51169527 2659.46305153 3132.33041871
1802.60062244 2595.90379569 3133.03282408
1114.50097627 2660.23011873 3130.37355043
1804.8403049 2721.23064526 3134.44430342
1770.87663006 2722.24607194 3129.47678681
1723.1535472 2656.48366876 3139.10984479
2413.83620937 2855.51764938 3133.1341635
1781.12298852 2663.88823336 3142.4852999
1125.71179609 2661.80154667 3133.76719462
1806.89460641 2530.87818603 3128.64472649
1145.79285846 2583.27651344 3117.37290811
2436.79592713 2667.02168779 3140.99145675
1808.83044434 2790.09383572 3128.87628628
1179.74026944 2477.63245995 3132.58616258
1750.70444381 2654.5676265 3123.2248446
2446.3425256 3054.17642587 3136.22826296
1814.97466785 2664.44183369 3141.29579167
1817.24039604 2847.4007822 3135.87393681
1787.81787876 2343.70868747 3136.03397599
2463.31185356 2865.84620334 3146.10297897
1810.49270107 2661.63519219 3124.61017198
1147.68697605 2668.53680515 3134.69699671
1121.14489407 2600.62356657 3134.60642326
1806.95631601 2667.22843259 3131.43210819
1134.5587163 2534.59267671 3134.52621742
2434.15374185 2926.13211353 3138.99803732
1805.28764669 2724.11569297 3136.09303904
2388.75869196 2849.4621206 3139.0972825
1772.65925212 2778.52351348 3133.33142152
1820.87069713 2532.94851852 3120.13937032
2470.40132398 2926.67468834 3134.79376962
1821.86892995 2599.22209383 3133.22009424
1814.37869097 2728.39708736 3129.83758743
1804.24693629 2660.36528523 3137.56600543
1840.75935866 2469.33238445 3125.22397828
-133.023167725 2212.09350283 3114.39029528
1101.46647179 2528.75903715 3133.84588248
1768.51607328 2597.08715382 3135.23433912
1759.33398368 2459.81742866 3121.74167639
1746.07362427 2647.65259953 3126.12077919
1191.33045368 2732.78397065 3140.48295098
2473.62871495 2803.58792674 3132.09721921
469.700503205 2140.29578167 3140.28425225
420.717347111 2584.91411311 3138.81329695
1838.71292921 2669.06927057 3134.17105982
2448.43626916 2596.89304863 3111.22341725
1814.51352552 2344.59332783 3114.2795435
1834.75825914 2602.17343161 3130.35405062
1198.95035264 2928.15033149 3134.85970844
2444.86824807 2984.84132141 3124.6665859
480.894657689 2205.60899029 3129.22223851
1162.60428601 2136.59300815 3123.09626675
1767.38590884 2658.74827917 3127.99461157
1815.77764191 2600.53828713 3118.10460496
1825.08128737 2728.35140128 3134.50829247
1810.91934576 2723.23441853 3128.35061565
2470.29224953 2926.09345727 3130.6395987
1178.31111954 2662.67576518 3140.74533317
2464.36687604 2729.00120875 3125.56851338
1789.7042793 2853.97129255 3142.11037017
2459.81371137 2734.77528786 3132.33197403
1822.34440064 2669.08239026 3138.42881933
1790.55928176 2525.67222934 3131.94617124
483.392476738 2600.92018891 3136.13016133
1826.89379854 2663.78402318 3132.43369813
1154.4339096 2408.41207289 3135.19029983
2423.50717088 2920.71926831 3142.52470478
1162.75310307 2793.06028752 3129.39119212
2468.44470787 2928.82971271 3134.04070954
1179.24252066 2664.97778019 3128.97667956
1797.73304662 2669.90407639 3133.14168504
1823.5783282 2472.46094781 3129.09454916
1157.87852092 2669.94478639 3138.70685469
2454.73513092 2796.65683805 3138.89313136
1174.9921277 2599.56882404 3127.81872685
461.465712465 2127.72983254 3122.71210415
1173.70671683 2798.42179818 3132.96570238
1809.81531704 2532.16193692 3129.99795492
2465.08591634 2995.59203647 3134.24977965
1816.1733501 2727.34645816 3132.55574365
1158.30034213 2599.74984627 3133.37228156
1798.30989707 2656.84655738 3120.27948961
2453.14472694 2604.31530045 3136.98587684
1180.52292213 2537.28620776 3125.5779578
1127.61880935 2596.09025635 3122.6653738
1821.83401259 2535.53901117 3134.80318124
1189.15473164 2608.80858193 3134.88736423
1793.95640076 2539.34342523 3139.19350763
1800.60868669 2465.40824369 3132.01813482
1150.21012422 2344.49711497 3136.73561661
1772.8982122 2336.74035723 3131.35244146
1788.7802264 2591.66025069 3141.22490816
1793.39750165 2535.77063372 3130.02101054
1814.1781598 2603.35625863 3130.34145397
1760.26591524 2521.72915144 3134.96213209
1772.08803536 2464.43936366 3133.38547128
1800.96508192 2790.58962565 3137.65994294
1133.71938435 2392.9235852 3115.75768815
2461.3364939 2920.34811548 3135.79333266
2466.8218061 2796.79004344 3126.19433866
1733.84061649 2194.1997354 3125.4299269
2445.26448978 2862.34669403 3133.17489258
1834.79722724 2672.26159457 3133.56812942
1814.30562874 2664.15803391 3133.26932302
1830.26924633 2926.58529044 3129.03402527
2454.17082958 2868.41859783 3139.38824898
1096.05675819 2587.64764136 3136.52671082
1171.1318209 2733.03301413 3131.96432796
1052.13896192 2593.2811151 3129.08900387
1136.74863366 2402.01467819 3122.72108509
460.766012486 2335.1438656 3123.58599294
2440.45487669 2994.24566451 3142.72746909
2427.27851119 2921.6818181 3132.43291238
2463.16770715 2798.8953626 3134.32903347
1826.11321401 2736.57634862 3134.12191585
1801.29388929 2605.59694573 3140.6767848
1823.26013209 2666.94653267 3137.38393822
1791.84346094 2792.96611996 3131.8030678
1815.20639835 2591.09172933 3134.45270829
2451.46570367 2926.74364229 3128.82161803
1185.26877924 2864.31774221 3145.65614227
1795.97489714 2667.08905922 3136.33104608
1797.4143706 2603.68167936 3132.83638779
1820.69286263 2538.30071894 3130.90207349
1797.42033306 2730.90716211 3135.26025503
1816.73527127 2604.90903631 3134.40752087
2437.61128053 2918.95699685 3137.02894994
1846.64223882 2795.85620304 3131.0251886
1165.12712287 2603.94716965 3130.01639893
1132.92813502 2666.08509213 3130.51835462
1803.95746631 2795.95771832 3133.31767357
1159.18082499 2723.32488621 3122.0255869
1832.26048 2733.52994509 3142.03112552
1818.26201628 2658.97575123 3125.83119573
1153.76507679 2666.76882288 3135.08231864
1824.27804806 2670.74691362 3135.76505583
1128.20618534 2338.91157812 3134.3543858
1107.47458268 2723.30814747 3126.3822193
1172.8918992 2669.05285686 3132.47413639
1834.37771966 2800.6002782 3134.44242813
2391.63226911 2849.79242044 3129.49250236
1826.97018445 2862.64419118 3134.5167169
1823.34602017 2798.65910386 3140.50731825
1192.23767631 2668.65662781 3135.93791391
1181.75983533 2604.43897114 3132.93885439
2462.38358101 2793.69512911 3136.29587444
2456.19345506 2924.4374407 3125.1265172
1825.11319843 2795.43742386 3122.77605922
1817.93316037 2668.44911458 3129.61031513
1814.95632625 2794.86727775 3133.31997517
1829.70058127 2799.11060698 3136.63462511
2459.45654808 2861.02403804 3126.54919747
2452.35780354 2859.88163575 3135.10726201
1750.15810015 2599.77691098 3129.64086425
1810.37809504 2926.9311043 3134.81435296
1821.68252777 2791.63776251 3139.2294107
2468.25605753 2861.62925265 3131.92032362
1811.84788198 2796.2721485 3132.04731586
1151.92601673 2404.93691608 3120.49635298
2480.11542165 2996.71076206 3136.71253105
1806.29741869 2860.92640929 3137.37383183
1806.52966762 2536.78789368 3133.86325528
1786.286195 2857.04154645 3131.22348695
1834.14176528 2667.92364089 3123.79197924
2435.55439782 2862.19070936 3133.54193373
2466.92858547 2864.77169835 3145.15217726
2462.21134705 2925.37603002 3130.19417255
2461.13571772 2992.24050212 3141.71917798
1783.92396786 2925.80277756 3140.80294227
2460.98610606 2860.96175445 3134.57053967
1827.70843149 2867.31622746 3137.33940943
1829.24038454 2736.20575967 3136.85701802
1122.12640832 2401.65632326 3137.37260147
1771.88740379 2529.29403866 3129.06895587
2463.72114981 2864.01733406 3137.46455758
1807.34093778 2599.43397417 3131.8114522
2454.71079339 2989.90045539 3135.26517835
1138.21801468 2864.02589732 3142.29172777
1781.4001379 2731.92166316 3136.04116315
1184.95513127 2734.18688182 3129.26821254
1827.51338977 2668.34177672 3134.62857092
1803.18218219 2665.85757791 3143.40294757
2475.06291311 2993.2814594 3131.81614921
1821.85677099 2597.71281272 3127.7166351
1757.30391624 2591.65070317 3125.87935976
2430.39409153 2788.42974429 3121.68974769
2469.20483452 2798.59325882 3132.63952194
1183.74974172 2734.94932549 3138.64294197
2437.82284711 2734.36138746 3135.56356403
1814.41417991 2798.87667139 3142.74576414
1825.85357342 2732.70861518 3132.05464332
1826.11728232 2669.93423314 3134.90599836
1120.75115836 2536.90288196 3136.56617396
1141.6329239 2526.15870064 3129.78123359
2440.66577155 2857.49806702 3141.01212961
1158.86703911 2926.81567551 3145.12348338
2439.23305141 2728.03466054 3132.33804308
1165.53871125 2534.70181837 3130.16338173
1795.70228702 2722.30028396 3134.0437721
1826.69289364 2933.80985353 3140.05758191
2457.9781979 2866.99246673 3139.68907447
1805.71460736 2859.73562745 3145.1801515
1821.4874546 2673.17130163 3132.38654741
1164.32802111 2530.23081747 3137.47424079
1812.16554403 2862.44502265 3136.77506015
1797.9772397 2671.00279737 3132.90583362
1796.22091836 2985.86360709 3129.72611532
1815.22272361 2865.6681812 3140.13922407
1791.3651176 2531.35461944 3123.49752627
1825.69785559 2738.25954964 3140.24973516
2446.12804517 2863.56046641 3145.2681593
1767.49834251 2787.68719328 3127.94700599
1771.09726863 2859.45379678 3142.00195203
1834.51492333 2866.80376442 3135.03647669
1819.95402562 2669.43506291 3144.17479385
2469.81936671 3058.3947523 3132.37738008
1167.44480654 2736.51349266 3137.64951808
1762.1523294 2793.34393364 3132.23561122
1840.56413185 2668.63759714 3130.96606448
1813.05351433 2468.31105955 3131.36814262
2466.19029492 2735.913521 3131.89823842
2469.38801957 2865.62796412 3138.44447763
1799.42708487 2534.44886302 3130.7784934
1812.69741971 2735.668416 3139.6391223
1826.79892737 2797.318486 3126.70737278
2427.29008922 2861.31131565 3134.17216897
1141.53327565 2606.62246628 3132.22177031
1789.75813182 2470.26785793 3127.63517791
2467.24969746 2799.58908947 3134.70844523
1793.49290618 2727.69561223 3124.02221865
1172.66661988 2861.66211903 3137.93823843
2483.78112539 3057.68558048 3134.66507678
1822.1856419 2802.71892094 3135.94375478
2458.48851503 2733.36261461 3133.4664534
1815.25017981 2669.71653665 3140.98292357
1814.34066181 2674.11860604 3136.4150357
1834.64483092 2867.99871952 3143.12967972
1767.71883586 2728.22572669 3136.40927018
1819.97213243 2729.85566751 3129.69349458
1787.97424984 2277.1148541 3107.26345972
2473.34611084 2995.34971333 3138.01167026
2471.99777499 2798.66134347 3137.1019114
1836.23494219 2734.79443174 3132.55424286
1814.68539561 2804.96954799 3136.37570889
1809.97442221 2601.67262516 3134.55494317
1825.7857783 2665.10065929 3124.42289207
1777.15059942 2600.79107935 3128.39086501
1164.02226141 2864.94076241 3139.27571819
1844.89311195 2736.14335188 3131.05138208
1804.94611453 2738.16092237 3142.78636016
1829.90064674 2738.08366051 3141.92261663
1820.09744338 2799.4855094 3129.34841916
1835.90254318 2932.98064128 3148.29321221
1803.75558688 2794.44680546 3134.68600228
2407.74461815 2862.522464 3135.91447869
2472.58765345 2870.08117272 3140.91477633
2471.84869168 2996.66910675 3133.03580469
1828.15238255 2736.64079872 3138.01088701
2462.52767802 2927.25998712 3129.84314231
1116.50044314 2730.11044579 3136.99113365
2437.75362876 2861.28046497 3136.2241467
3117.54044597 3127.51364856 3140.62177174
2453.38857736 2731.54414805 3131.84867551
1821.97048584 2731.80646941 3128.85668014
2463.58444095 2864.58698638 3135.18859619
2480.03050409 2932.02026752 3129.60765998
2463.86174778 2993.02613036 3140.57987711
2470.43877093 2931.33068335 3136.53059616
1830.26895413 2606.91039246 3129.75463312
1754.20470079 2723.93854333 3136.77925819
2454.68304113 2800.03510897 3138.28071904
2473.55133672 2799.76310146 3125.9111929
1166.6150326 2803.16515249 3142.21889407
2459.63067382 2735.7831093 3130.02406159
1809.71754778 2866.21392302 3143.76863314
2463.55078339 2927.03613902 3135.99031762
1831.88529421 2540.50603886 3126.24128892
1835.86858722 2737.76842637 3134.09023452
1824.96704891 2609.79247103 3135.10113781
1808.52993881 2925.40442978 3133.50431958
2472.62818086 3001.49926757 3142.03545508
1820.0177681 2799.00473444 3132.27808046
1191.51379612 2474.09979449 3141.68848771
1830.2198037 2801.47609187 3137.16981632
1805.22404394 2471.11774558 3138.30174435
2465.50448399 2931.46373582 3139.83025999
1839.20205512 2807.08662635 3142.03766911
1806.42709729 2796.01052082 3129.47042727
2451.61028134 2739.23477871 3138.82476769
1828.86192821 2732.30652066 3136.04309662
2472.15541974 2931.91465401 3135.06542073
2462.98281915 2993.12922903 3134.27047992
1802.80016437 2603.63439079 3140.2839518
2454.92181001 2864.09852223 3137.38219015
1817.32810806 2731.69552907 3138.73174925
1822.55776881 2552.08413464 3148.18354895
1156.19036726 2668.71976699 3144.45911738
2465.82802893 2867.14698019 3137.78637051
1837.02760897 2800.55065475 3126.99213731
2458.02905741 2800.54537443 3146.28765375
1831.89377849 2928.61793021 3136.10679005
2456.13442913 2863.02794065 3130.94737592
2464.53061555 2866.01063419 3132.25051597
2468.78434075 2739.33931348 3146.94048056
2462.41381913 2802.84812056 3136.16066501
1192.53901778 2606.34873426 3134.54212824
2451.58833042 2865.26829477 3130.57016925
1179.05966854 2540.56195803 3126.93690151
2478.45984834 2998.75976783 3137.98486746
1833.8583947 2670.57865624 3134.8260994
1841.57410808 2735.0934536 3135.1349919
1846.19731755 2934.89641767 3136.77285305
2465.24519698 2804.0453393 3140.7050833
2477.99357502 2935.46208895 3134.5950253
2471.79320732 2933.84025585 3138.84119773
2466.48396531 2733.12858755 3120.32521589
1808.48388491 2672.24277962 3137.14169438
1800.71929558 2538.77986877 3127.30339936
1828.62797239 2413.29752508 3125.65019654
1845.32269425 2930.35373555 3140.8874736
1800.86741244 2603.34757119 3133.41879631
1816.38336154 2732.57652106 3143.60115502
2475.7305835 2994.73764134 3134.36581568
1815.94943599 2669.73781516 3138.89225476
1835.19360563 2737.24676614 3139.80408908
1817.44528328 2862.85329483 3133.8376631
2468.29053175 2931.12096142 3135.20101727
1843.25440494 2802.35780465 3144.40073154
1826.5543169 2929.18528279 3134.31475029
2480.87273811 2932.55362719 3132.23178051
2458.52033474 2863.61128809 3135.4049927
2482.03542729 2997.60243169 3140.15742532
1827.32355023 2674.95952238 3139.01883135
1841.65215461 2935.63442186 3152.676413
1817.29901307 2801.29220142 3128.67136127
1832.31116968 2930.08272458 3134.66059963
2472.0125688 2739.51412016 3138.04302974
1836.46684833 2736.16203359 3135.02784951
1834.97806269 2806.20068184 3145.37270404
1820.95716889 2737.31336545 3131.63520958
2466.61883286 2868.31914265 3139.68582682
1828.91291605 2739.99327443 3134.35586584
2465.01715106 2997.47550546 3139.71690455
2449.31136332 2864.99778942 3140.18536112
2460.5626154 2932.0448777 3134.77406911
2477.10617524 2933.33298241 3138.05557959
2468.59488043 2869.54846171 3136.6622499
2477.19442653 2997.10252001 3133.63138831
1174.83817713 2667.63787823 3137.58318339
1820.49752079 2800.90735938 3144.47872976
2478.70210856 2804.78367108 3138.09341873
1821.08755939 2605.69846474 3128.70124552
2451.47077827 2737.51759667 3139.79464147
1807.08851744 2669.56047897 3135.5083733
1842.52161672 2796.25486294 3130.15707236
1827.83718806 2742.69920126 3140.28382636
1163.82137861 2600.78850675 3128.70275716
2483.27998736 2934.85806159 3142.41429893
1177.04345507 2739.1114767 3136.75884752
2461.58468843 2931.69141357 3142.10600324
1814.83602692 2801.89947629 3142.6797955
2476.51404574 2999.63733635 3138.61310486
1814.6803871 2608.73214375 3130.50971455
1824.12058028 2741.31426431 3144.96673489
1129.25592363 2543.90836112 3144.78371132
1834.76995437 2669.20904995 3138.22697731
1813.36567022 2933.69932283 3139.31797559
1845.94030018 2813.25203694 3142.85847258
2477.99837616 2932.92239852 3138.75953209
1819.07446798 2605.634502 3141.56064458
1834.4933943 2604.90369273 3133.26227418
1793.85763702 2672.29753855 3142.26499813
2480.88424958 2929.81432221 3130.50025739
2479.79154381 2999.21116901 3144.00840262
1766.79746274 2731.65480069 3139.25208599
2421.19839254 2921.19290165 3127.79398278
1827.18664785 2929.52621747 3137.39267783
1163.30276156 2734.1526978 3134.7806745
1838.64307308 2868.26743218 3146.78370034
1820.96199408 2801.00721251 3131.89765854
1172.58199699 2546.87437213 3139.65448059
1836.67308621 2796.9883782 3133.73211624
1176.12382265 2539.7952983 3140.57163091
2467.90623316 2930.95858296 3132.19173732
1187.13218927 2737.77699087 3133.86720076
2475.66361673 2993.75125444 3136.99596961
1831.3336831 2669.9804287 3135.09512212
1189.5683741 2602.96509191 3136.09365124
1841.46127902 2872.7558052 3139.44301475
1819.20697548 2865.85450166 3137.81320489
2459.89193162 2799.40606841 3138.69081618
1826.84856603 2602.61589876 3126.36195344
2453.74608821 2670.01491795 3132.65110753
1824.25501091 2798.03054405 3134.95098032
1190.93326106 2738.31143139 3136.29108657
1836.53465501 2867.07490927 3140.08003705
1188.78503397 2734.92719993 3135.46794844
2470.48791002 2798.75534851 3137.69558757
1811.47752761 2663.25684222 3128.48977035
2467.53369914 2873.19127013 3151.84544359
2467.72831634 2867.78269077 3142.24792343
1139.87281633 2605.08693923 3142.8676732
1152.7500395 2533.10272322 3134.66709742
1828.65580761 2346.4111726 3114.67800208
1184.92203868 2598.82752076 3142.1371939
1190.1941774 2671.97244664 3127.83621784
1793.3999502 2482.28755264 3138.58673792
2478.89892359 3002.62892558 3141.57716104
1853.58149448 2876.04932722 3136.59725204
2479.10597679 2929.66299928 3139.59516956
1170.49372666 2864.97667331 3147.21206972
496.814185422 2535.08882131 3138.22967377
1840.23775501 2804.12103649 3135.2289978
1825.89797541 2935.45142908 3143.87896198
2450.38776556 3062.52210267 3142.72162922
1163.87842245 2799.46191876 3135.1011302
1820.33127362 2928.52215467 3140.37674979
1832.95865887 2611.34860012 3142.27605207
1792.1618916 2604.57694529 3145.91498312
1180.30122936 2606.3851507 3137.43114403
1194.96830271 2669.12333922 3141.65696542
1148.01315106 2600.82919638 3133.69359153
1189.6766982 2548.12509509 3145.49386983
1814.37103816 2475.58273622 3129.74767789
1191.08036578 2541.57242681 3141.60067861
1827.1484325 2809.03713128 3140.07596942
1840.51502708 2800.17501705 3131.76904036
2463.89985572 2869.94419472 3138.48379599
2457.99079555 2864.58931763 3147.09270364
1829.76572381 2739.03618394 3136.85513113
1802.40496431 2733.11917009 3137.39298166
2448.83186739 2929.34653978 3131.34802859
1819.12011058 2872.38939278 3142.17524446
2456.39188194 2923.11466654 3132.98820235
1160.96500738 2602.68046791 3139.880249
1844.77323772 2924.27581834 3137.09449087
2461.03427168 2926.00237007 3135.94580808
2442.2145179 2865.5073907 3136.42372066
1186.49564485 2349.13338384 3132.0614902
1790.77766616 2798.46201931 3133.14628917
1829.99742214 2851.80994507 3136.9977991
1845.44352858 2874.65437188 3154.49343601
1792.30022132 2407.74406245 3130.70417648
2454.38734445 2927.04113696 3132.26179174
1800.55189769 2605.16590787 3137.02664388
2472.98114346 2932.66851131 3131.99879039
1197.74918852 2667.24574 3139.08287499
2451.89104482 2857.56861162 3134.35165794
2476.84041781 3000.12965196 3141.33265127
1821.20741529 2804.03980107 3142.77661969
1834.96531356 2802.56014042 3143.11158623
2461.97678912 2993.66371633 3134.1508908
1845.76404033 2674.6204399 3132.68120157
1844.46148622 2675.23854919 3142.00516604
2460.23795949 2802.16990209 3140.93630632
1171.99191425 2602.7003766 3130.91903444
1790.37116032 2602.23851709 3134.81563709
1158.60960366 2540.04751217 3134.36719115
2471.37318335 2739.83673651 3139.83756269
1816.69516577 2864.04132312 3134.15462934
1829.79975649 2736.50194967 3133.54174819
2460.15092582 2930.5426468 3133.92276336
1818.83454523 2798.98554652 3142.69944993
1156.98915204 2671.844268 3134.8582811
2459.12828492 2799.67218118 3137.18830116
1838.07599133 2807.69254827 3139.86791898
1834.27649074 2735.85437995 3132.78073196
1811.52982333 2473.48714906 3125.58966966
1172.05674529 2675.63749583 3134.46249135
1819.91948143 2610.34863885 3138.04828872
2451.55174485 2860.98299187 3129.20487879
1175.51738122 2349.2059533 3128.31607539
1826.56448934 2803.20192837 3131.58776758
1736.85182024 2597.88233573 3132.53536179
1838.23675972 2607.01287214 3133.08018906
1833.90029365 2866.3586342 3134.93671769
1817.46904338 2668.75790328 3123.97622685
-111.132936426 2545.87963942 3136.51665987
1807.02903195 2673.17656136 3141.86089268
2450.83627179 2795.3839576 3140.6000179
1816.34449447 2799.28255335 3135.18342368
2476.58574383 3060.4834788 3145.26292428
1824.95692395 2416.45439799 3127.83583669
1838.36793954 2741.61604824 3143.84391808
1830.22982729 2735.40781913 3131.13753335
1835.82334675 2735.67524204 3128.14799851
1790.53594778 2727.93062374 3133.34871223
1835.5083641 2673.73022301 3135.55414548
1780.77020771 2601.95783952 3140.99209405
1815.08662136 2738.55366548 3137.18404794
2454.72262357 2988.47226333 3133.6923171
2465.94762542 2874.75923232 3146.49513031
1190.35734195 2678.60905377 3146.33721236
1828.989831 2603.57118339 3137.06816474
1805.47615101 2601.3044201 3148.81591468
1844.7276334 2803.67910995 3135.24250414
1833.52086703 2796.8612389 3133.68183893
1786.15326409 2538.66950066 3139.36516997
2472.80128957 2804.92861363 3137.77068985
2462.16413083 2926.4168568 3125.51115011
1831.33871274 2934.46141901 3139.34591613
2474.21547561 2867.20877304 3131.60780305
1118.78150445 2736.11423163 3136.33379153
1840.29284589 2610.15722698 3133.26691507
2471.77788503 2931.1019325 3134.20179999
1825.56691162 2866.8452241 3140.77324299
1824.65546411 2545.10286368 3127.27372467
2452.93091506 2798.48394471 3133.32180255
1807.90873341 2542.77909333 3133.66721942
1166.32118268 2608.6060214 3138.43752029
1830.18604717 2871.62952166 3137.23531797
2465.15222829 2928.69527647 3133.88391726
1811.53378603 2737.3442908 3137.73462384
1822.65924109 2803.58914645 3142.00649311
1190.95303058 2474.04001635 3127.85814398
1836.65393148 2796.57368487 3128.07505979
1802.97314953 2668.54223527 3139.28377411
2466.81629977 2862.46946588 3135.83689182
2456.4220242 2671.10865555 3136.6698574
2478.73356036 2930.56635795 3144.21411773
2470.75349623 2866.24564619 3132.06621172
1826.10672003 2928.1989074 3144.15499761
1205.33959945 2611.67524412 3144.22722615
2469.13249536 2797.41581192 3125.06552873
1837.54804415 2543.12069152 3124.40003637
1832.98522758 2856.86356925 3129.93604582
1154.78825763 2536.41200766 3130.24755265
1817.6939129 2862.96151437 3131.47752309
1812.41015657 2537.28476186 3128.46997529
2469.7489095 2803.47603357 3134.15252968
2470.24859911 3063.98380564 3140.12385199
1843.7013606 2800.47013383 3127.28216203
1831.69645187 2867.24146317 3132.55863381
2466.66067525 2740.13689479 3141.8922734
2469.97658341 2932.87442903 3137.16654057
2463.04706373 2994.92704494 3136.09276189
1831.03008466 2866.8485788 3142.71810269
2451.48995256 2928.32058436 3138.86856674
1809.77119177 2801.05544837 3133.78007875
1820.37599507 2733.69396113 3135.05409494
2480.4787693 2807.94984062 3140.04150866
1807.28016389 2792.30487059 3130.11759176
2456.71677939 2741.3209812 3135.09700965
1805.07430685 2671.41160827 3135.9370647
2475.83419814 2804.42417436 3127.88153245
2470.96964439 2869.48765796 3144.45464903
1825.02172492 2800.55691437 3125.77163182
-130.875111585 2341.89261173 3140.83724883
1842.38931971 2799.11975443 3130.88482624
2472.37560428 2933.70544532 3142.21827638
2478.48138787 2932.80171381 3141.08589527
2472.92480784 2739.71569465 3138.74640875
2483.93012472 2996.33036068 3136.84773355
2470.34413225 2800.96866371 3126.00138669
2475.67691145 2931.52358489 3130.88723973
2471.08045467 2670.64448738 3124.11167833
1843.653106 2930.97898919 3137.91238986
2466.27106211 3054.70416581 3133.98915928
2481.31206463 2996.2698776 3133.45681077
1838.16308981 2799.95787625 3131.06738179
2470.72482178 3058.85350549 3134.10922235
1819.96130712 2802.98637953 3133.15370065
1837.70882645 2799.69553261 3134.97075721
2451.19003431 2925.78448305 3134.99458183
1848.66207225 2799.36740197 3123.36795678
1820.98679614 2667.30005136 3133.14780065
1850.0335259 2798.99398233 3126.67089562
2456.03748103 2992.48545572 3134.93452181
2470.00146815 3051.26979497 3130.39387277
1829.11083537 2799.25932079 3136.23759722
1827.31723682 2795.06455411 3127.24394564
2492.66601162 3057.25331803 3132.08469458
2458.48576178 2993.53315136 3136.49239585
2469.40942534 3060.98123447 3132.40529618
2466.58362972 2992.23760245 3132.91355705
1784.46023194 2861.00468475 3143.55146581
2483.17712924 2996.81289456 3138.49623291
1830.43264408 2800.05664994 3137.8709359
2467.10270379 2931.44989508 3135.41847154
1828.35110502 2801.8468116 3139.91601437
2460.05072299 2989.77345932 3133.87425989
2465.26978759 2863.59699892 3130.71275912
2478.33038541 3002.30782298 3142.45879415
1843.88154914 2862.13227428 3137.35045971
2454.82853872 2931.85626184 3133.16666853
1185.7132044 2800.97922316 3133.93569609
2480.44955933 3061.93938276 3134.05820644
2469.57006175 2865.30819433 3136.16068502
2473.1975857 2866.12240143 3134.86777605
2456.8862711 2865.28399857 3134.66249223
1176.71631243 2932.98750008 3146.09332308
2468.56364543 2734.37528966 3129.98131513
1825.39586614 2741.0075207 3143.2430539
1837.21009311 2611.47456856 3137.2190224
2454.14312027 2866.30557676 3139.03984648
1198.51215713 2802.5747018 3142.95292004
1177.84101448 2413.06156481 3131.42630577
1837.88139463 2802.50382314 3138.10363341
1831.02796106 2735.84011326 3139.2846656
2447.21139315 2867.25212395 3143.43208198
1826.37268782 2742.50388209 3137.50473076
1835.53603515 2739.51123303 3136.06385704
2476.05566988 2931.37408669 3137.68879538
1792.03429685 2799.25296225 3136.37659932
1832.88242167 2866.59282082 3147.67486243
2462.41986215 2868.20927059 3137.92286933
2460.49425377 2802.42105873 3143.49476336
1184.98552269 2735.81347127 3130.00002505
2490.69245829 2936.58544293 3136.68080588
1829.04582044 2731.20128694 3129.24035233
1829.56116124 2789.1746589 3125.64072394
2431.8259405 2799.05181592 3134.98471583
1811.49904002 2739.64390995 3143.14046572
2466.15959416 2932.99375574 3139.56769002
2476.09858068 2931.97320012 3135.85936294
1821.33354646 2807.39770644 3147.62446059
1836.89606366 2866.38709907 3135.2405827
1175.09133685 2740.45937749 3138.90743573
2486.78925482 2869.96847064 3133.55842578
1824.34402313 2805.04376707 3138.77904871
1843.76531445 2805.49254102 3133.28620429
1823.89612488 2673.41422667 3141.4826873
2480.78209918 3062.61657184 3143.43871875
1840.17090188 2934.66847464 3141.6824421
1839.29012577 2935.19731166 3143.31208402
1821.59389446 2931.4596702 3140.7890837
1839.81375266 2744.0409446 3136.48837878
2464.23239299 2860.94176436 3142.37782897
2461.21512697 2931.56060226 3139.60393801
1812.07427457 2929.59557865 3138.53238522
1846.75664437 2542.22365705 3132.23938702
1167.85857946 2606.4622387 3127.6509827
1824.32735521 2864.19502647 3141.63136169
1186.73201144 2677.54152661 3153.57236916
2476.60474255 2995.42102249 3137.0164023
1814.42420079 2932.01367379 3138.96149482
1833.19681006 2801.5411492 3136.67339144
1822.63646876 2798.81511627 3130.68435109
1157.16156346 2475.58582992 3134.23951247
1825.7660186 2806.57804959 3135.94043584
2486.47001486 3060.19849087 3140.55266665
1818.488012 2934.79066034 3142.64088878
1821.67371665 2740.09127181 3139.85393092
1829.76788215 2741.62532112 3135.00557033
2465.80204327 2867.88163585 3138.64090069
1839.38808867 2803.65008037 3136.10636452
1176.64847988 2736.74913129 3136.36079631
2461.01600416 2866.58895936 3142.00889175
2473.90598019 2738.1575381 3136.84068823
1841.21210598 2800.53045516 3141.2640072
2465.94700392 2801.04797016 3131.61577644
1842.82843579 2673.1087691 3139.63953396
2479.28884197 3062.23010748 3135.62731288
1842.29968975 2869.13575368 3137.98480186
1836.23494943 2677.01573209 3141.30913282
1176.15506378 2412.93629094 3133.66718255
2482.63424529 2934.49613927 3136.17523639
1841.9762977 2870.93902626 3130.06014552
1832.21722509 2738.77556158 3131.21938648
2471.37676344 2738.64966955 3132.79666623
1184.90963354 2731.81082369 3126.07699191
2447.73594504 2995.61464677 3134.75282465
2456.46469512 2928.1759032 3136.14064505
2483.30039338 2995.13480212 3135.74345384
2470.81423439 2930.77207153 3134.26114058
1829.98395324 2929.98313994 3141.38657089
1836.73590822 2742.80967141 3140.78926873
1819.03205518 2670.6970597 3132.75750591
1798.34577879 2543.36096219 3141.36456217
1179.83292109 2610.76749699 3136.13275605
1189.98568927 2342.11463173 3130.59300135
1811.65183156 2858.16499494 3133.66839119
2459.25392527 2865.38385557 3130.02770558
1839.86036646 2936.51015413 3141.92667035
1812.1394844 2670.7438037 3134.47458763
1833.32730091 2676.5233777 3135.46522127
1827.1381649 2803.5558768 3137.43935147
2465.24282594 2931.81477314 3132.08994823
1809.2209422 2734.80973806 3140.29013437
1843.6961257 2865.34490281 3130.23322185
537.696263975 2541.18925415 3130.35316156
1817.88709581 2540.93809564 3131.66570455
2464.15317301 2934.07464639 3137.4209974
1826.60703716 2798.6429153 3130.48715329
1837.96187566 2737.81515104 3136.69155651
1836.4261274 2874.87533109 3142.29782832
2463.31810282 2801.08710134 3129.46388417
2473.54588333 2930.75193598 3132.85188322
2471.20208545 2930.88787175 3141.24902492
1139.10454004 2736.25288284 3138.94950626
2457.68197358 2798.36316663 3136.62175977
1825.28536195 2869.39460626 3140.54354915
2472.7175365 2933.44503385 3146.21052325
2449.85338533 2670.12028007 3132.58576278
1837.15275108 2805.8082294 3141.21224895
2437.74442345 2994.23688396 3147.43955643
1829.65322051 2800.5324795 3141.24164351
2481.27265396 2872.99273374 3143.18049862
1815.93131361 2474.14717429 3141.13725321
1803.93017453 2801.64901437 3135.86930755
1832.58053085 2801.61551484 3138.18053656
2488.37455885 2937.6199196 3137.13289171
1833.87946991 2869.93484031 3140.74862669
1804.62544162 2604.63818779 3131.12313368
2474.36405525 2995.98967323 3136.86895964
2474.91036555 2995.09608797 3139.3599344
1167.7167049 2863.092431 3135.20332349
2481.56297847 2999.50483669 3144.16888358
1180.96466181 2671.25413543 3137.20811024
2469.40341782 2933.88027115 3144.44562938
2471.05797614 2997.12237419 3137.29000242
1200.02626359 2672.08570147 3134.94510875
1819.77799063 2865.78113558 3140.14719307
1824.64143944 2869.06247624 3142.22983035
1815.52892799 2805.50772739 3154.43200061
1832.80796691 2804.04754974 3138.19926182
1843.77454336 2936.0239309 3136.9632989
1841.72086601 2932.72808198 3142.73272809
2478.97026128 2871.3380346 3139.3727064
2464.93884045 2934.16964933 3139.16173331
1819.98599381 2610.34612244 3135.95074717
1823.33297789 2737.00369661 3133.17214782
2479.66664331 3001.20489933 3136.28928677
1833.33054208 2742.83779474 3142.51551208
2473.70622455 2936.61095722 3142.88282247
2473.44033164 2932.2436555 3140.34391673
2492.04746191 3059.7764433 3138.84007277
2476.79057398 2999.24772662 3132.50601251
1829.08124795 2932.13885717 3145.4944207
1824.34776144 2613.41271545 3132.4305524
1828.87435913 2801.52432126 3135.59760601
2463.73170726 2995.92759883 3132.59950028
1841.23288866 2808.81605412 3134.47955614
1829.77045762 2867.30068063 3144.27627806
1853.85252552 2803.93600274 3135.40122765
2472.60624896 3001.87160752 3145.87888455
1829.78138672 2936.46330618 3143.34468183
2474.36762522 2935.95881295 3142.49002335
2482.77076862 2807.62245821 3136.64063337
2431.98957511 2858.89602073 3134.05354772
2472.18774615 2933.76770414 3142.21154584
1834.69776702 2674.14442518 3140.27292477
2477.44222165 2999.8821982 3147.4954047
1176.94602159 2613.09591858 3148.71829447
2475.8347187 2871.36697953 3135.7912757
2472.27349419 2869.21029102 3142.04530658
1837.37592683 2673.4350153 3137.45982814
1806.44032185 2741.37984317 3148.56413562
2471.55405773 2871.42705689 3142.3927144
1835.83788342 2870.93266691 3141.78006221
1818.65060391 2802.43127402 3136.78927489
1806.50301006 2542.33174157 3144.18933987
1830.59772736 2611.89753735 3140.90994832
2461.81694697 2804.72174051 3138.1837034
1185.16660207 2808.21209831 3137.24414219
528.660131558 2413.42837416 3134.72323785
2470.1269144 2743.06201565 3143.88895712
1826.30791007 2873.78181568 3140.25881208
1823.36809593 2545.53181604 3134.97000057
1827.38159611 2612.15857526 3139.23163299
1183.52465416 2550.20963453 3146.43148248
1191.84330592 2353.85896237 3132.44034458
1811.9772269 2543.28685855 3133.65012098
1813.45610784 2804.67269497 3144.49170885
2475.05239826 2935.08276382 3135.0673452
2455.38867559 2806.37206527 3138.85242947
1839.67916354 2805.38363883 3146.18522488
480.362461859 2538.24673528 3135.94576307
1832.44551304 2737.90069829 3134.66772893
1825.06235481 2807.41964134 3142.78335446
1143.66228606 2536.81802216 3132.96977756
1801.87892634 2743.03850342 3147.76312992
2469.25876782 3000.83061168 3142.57061327
1781.31030825 2417.33077593 3148.91744835
1833.06940309 2808.68999337 3145.08905242
2456.31208773 2930.59052074 3138.17302433
1847.9991728 2743.83182689 3147.06409113
1806.3411775 2743.24004316 3142.86306261
1167.28746276 2676.58116636 3137.1689584
1828.063458 2678.42560466 3134.81824474
1844.7969388 2679.00198138 3144.9314171
1822.08602193 2671.78925872 3136.67460464
1805.98445659 2414.27239615 3136.30933341
1827.67610447 2549.71224344 3130.19018269
2464.16052325 2677.42816147 3142.82202922
1803.37357191 2738.17217553 3139.94409585
1171.1427698 2285.23270064 3142.16592272
2484.97952897 2934.75263867 3135.37582793
1176.49419231 2544.85313178 3132.71898842
1156.32680481 2410.62985241 3140.166761
1817.96431019 2483.67619601 3140.07719174
1841.29002621 2868.96643508 3140.31973077
1834.39190555 2866.78405025 3135.12083948
1845.77989363 2939.50046787 3140.0259429
1838.67884461 2806.50864968 3141.90487357
1829.62619512 2614.78670059 3135.18850714
1810.90296983 2607.74120704 3143.84417151
2459.96699163 2733.54863945 3137.13348814
491.362533376 2142.14182432 3131.90632824
1792.13935586 2612.6487989 3144.11418395
1170.60456732 2418.3194284 3133.01024526
1168.93671252 2353.68324506 3145.28791861
1182.80922301 2221.29377899 3118.80992849
1819.49030022 2744.29234057 3140.01473032
1824.41941874 2670.20013507 3142.29285691
1813.4830887 2673.49187063 3133.07488892
1182.73942696 2412.99716982 3136.89793535
1784.66720956 2410.68486098 3143.05604193
1811.1671199 2805.11643301 3142.65079496
1828.6230422 2613.78951027 3141.88697032
1798.29655232 2741.74344002 3140.98490649
1146.66052383 2600.92149808 3142.09024626
2463.17088151 2934.36468937 3138.22072861
1818.10808227 2672.41762375 3136.30782969
1812.68913418 2611.59188626 3139.42152923
2467.74098478 2869.91119447 3139.65441135
1811.21474253 2474.26115451 3131.64890946
1193.99049345 2550.06447204 3140.03774369
2436.23432635 2802.71679973 3135.89257536
1793.63119191 2673.39921088 3139.99245432
1169.78417799 2607.84056209 3142.99718963
2388.10358463 2664.30388559 3137.36393973
1775.51892643 2479.41160009 3144.38501274
1827.29160188 2676.3586646 3147.33897327
1829.75909273 2728.6763701 3138.67768604
1827.60560005 2674.81622902 3139.01292895
1786.40903367 2667.17235124 3138.93886408
1837.46704549 2741.49304351 3146.9093545
1832.48893241 2740.59249241 3143.62686734
1800.10326131 2673.05238208 3149.27153467
1810.17700611 2676.84085399 3146.84287665
1802.2083446 2473.11074241 3139.83431812
1837.39392765 2803.33223848 3146.87113217
1162.03415073 2418.23578592 3142.98432237
1173.75611022 2146.35131627 3142.4770578
1804.39607925 2419.13644188 3139.80053775
2475.7710196 2808.36731614 3142.66606852
1809.55512224 2670.89929733 3146.9839596
1807.54319491 2483.6199063 3144.23628089
1803.62662671 2673.38647151 3141.15122061
1815.81466982 2874.1740203 3146.73951738
2475.11572077 2934.48668569 3140.81359064
482.765612612 2608.08638334 3139.3981334
2472.54361203 2735.84243837 3135.4779061
2482.83388953 2937.05418121 3137.71162475
2474.06706604 2808.69037704 3142.22884075
2478.54329056 2876.47008422 3144.59492112
1806.48995605 2874.80249146 3147.28882701
1822.20599216 2732.70246214 3133.74612398
1164.99492409 2407.64461857 3138.66197239
1809.18184284 2279.60847685 3131.69165419
1812.79992756 2412.82863256 3145.3515342
1826.41095203 2739.60880471 3141.44122996
1129.74259531 2537.58625523 3139.35315963
1836.68068192 2741.95080522 3143.50118323
1825.26377439 2677.84395904 3140.39916625
1816.69522319 2803.60436859 3138.83699614
2464.86887346 2805.18281218 3135.47350819
1830.56411175 2609.80126455 3138.72991095
1807.99581485 2609.677204 3141.55838558
2461.7098222 2804.77459265 3141.68660755
2457.41618334 2867.31953168 3147.10438257
1816.2216916 2544.233178 3136.75845033
2471.59821678 2870.15175585 3137.65244726
2473.30212131 2677.52518344 3136.94614404
1841.58806428 2674.96757158 3131.60837143
1819.35407139 2540.60504683 3139.66711206
1129.16097802 2671.42299127 3138.67222133
1786.31265774 2665.70905507 3135.41428043
1810.69676953 2743.68036716 3145.01372456
1809.45170703 2800.71115358 3133.63494862
1197.18468751 2482.54756868 3134.14388457
1842.6126679 2871.52052973 3136.84274996
2465.23490858 2867.24959673 3135.1469691
1146.88144724 2735.91585712 3135.28649557
2482.66768301 2747.48456424 3141.56727443
2474.11688741 2870.62579024 3138.61217209
1797.19784914 2671.91130851 3134.78923526
1801.55328362 2735.07906492 3146.25094925
1175.95886927 2607.52341011 3144.41210014
1830.78125719 2612.87900031 3143.64841702
1826.79038629 2936.72968568 3143.99170178
1838.99889591 2740.94102544 3137.88881769
1812.672039 2410.27462964 3134.42329781
2455.40491096 2672.67869723 3130.81437673
1176.50325783 2741.22822315 3142.68376224
1185.57990486 2675.71018956 3138.2896757
1830.37841083 2934.3707624 3142.10040906
2460.51290451 3003.57268149 3149.6476313
1819.93444508 2743.12180337 3136.60444077
1164.68789565 2673.03353204 3136.66203999
1814.83245529 2806.22085594 3144.26743777
2477.30155433 2938.60671017 3144.69783631
1827.08292973 2805.8206751 3139.17537315
1829.73785382 2869.08474313 3143.8847539
1839.41513123 2807.06613961 3141.57018679
1167.86530252 2353.94073449 3135.0839758
1815.74541188 2867.90539186 3141.79862893
2462.7880632 3000.66015732 3144.23390285
2488.96352214 3065.1055267 3135.92259421
2463.38920296 2868.49720174 3141.70212614
2475.40630791 2933.34634981 3139.83008281
2485.20419053 2940.42434979 3146.13209781
1837.06597782 2934.3923275 3137.11375522
1820.75476161 2864.96529403 3137.60349353
2492.21808356 3064.14330901 3137.36202513
1170.04443213 2480.09392227 3140.2420433
1190.91052463 2675.16616717 3133.1354551
1812.57753421 2801.7021776 3137.56477082
1847.41007126 2872.32417266 3151.41501459
2478.81932481 2933.50670409 3135.04659871
1177.0671312 2804.14689569 3135.63231552
1839.4141904 2742.29318823 3140.99380455
2472.58574072 2871.79903022 3140.04154436
1833.91409332 2741.32497309 3140.16527708
1826.02186786 2807.66787934 3144.60941732
1193.43154653 2808.78224523 3133.75218325
1841.16600164 2869.7392727 3140.5052101
2471.59000185 2872.96944356 3139.41973835
2492.83724715 3065.86075629 3139.72059616
1820.61848292 2611.92935438 3138.04932788
1828.43797121 2809.88081058 3146.41448215
1831.08713935 2805.97551223 3144.93196524
2469.67612012 2873.03360905 3151.78981381
1173.79863638 2671.08675588 3141.47400003
1834.30188472 2935.58432105 3143.52732256
2482.12114235 2936.31672027 3138.2281392
2453.0224508 2931.93741497 3146.79860069
1825.57678695 2932.56318211 3141.35582332
2480.23833096 2866.62293266 3137.85852252
2468.07755126 2935.64291547 3140.72522779
1837.55953817 2868.27943948 3140.93785273
2473.60301537 2873.56270847 3137.43673872
2479.69196598 2996.70166671 3135.44885304
1814.8849761 2544.93608391 3142.94891943
2485.26074314 3002.08742793 3146.4135347
2484.4154629 3065.92051243 3140.87600827
1835.2323642 2739.69503654 3139.4198733
1821.79918396 2866.07875524 3143.34379356
1833.50122365 2808.92354857 3136.65341505
2504.71727239 3069.35213186 3144.21082778
2463.70754198 3063.88719926 3139.66808223
1177.56947079 2607.72994233 3137.99085256
2468.79033771 2870.14549671 3141.89344023
1834.23348001 2740.87929311 3133.44989885
2487.19986369 2936.20564845 3133.13194244
1836.32982515 2811.64940174 3147.78926923
1843.29867672 2808.00556351 3136.9421289
2488.09804691 3065.86008462 3142.51723794
2471.32041114 2932.37440172 3133.29521881
1834.34004138 2931.25213659 3137.12454027
1843.77258546 2679.05270014 3135.49656603
1834.86350013 2805.13927508 3138.28480485
1840.50589136 2870.00516606 3135.43004605
1829.38974229 2744.15667422 3146.00494664
2487.90295175 3002.07435721 3145.04912087
2472.69507103 3003.36505046 3144.37566175
1822.12195132 2609.98236117 3139.38906507
2446.37955355 2669.86809882 3124.21893212
2467.44378727 2868.17572374 3137.02346358
2473.82041534 2932.32816185 3142.88221256
1803.40770695 2546.76456774 3143.20318037
1835.25832191 2873.81836511 3136.40878567
2469.25847912 2864.94470727 3140.57534482
1171.55477347 2481.27434127 3139.40913209
2453.26571404 2927.92504001 3144.13909993
1850.15720156 2807.14392541 3140.66902464
2473.30473899 2680.53981757 3146.13734094
1836.87624611 2672.49919185 3138.92015283
1161.90107409 2541.93999362 3140.94128534
1839.90992444 2674.98213066 3138.48469716
1829.07960666 2735.68704175 3139.06013769
1808.16874312 2801.70084508 3137.76660811
1810.76176007 2807.2338017 3141.62708746
1192.14581448 2680.76670714 3139.6269815
1823.99701758 2613.60645853 3151.27834991
1772.38154956 2537.60556477 3145.61875188
1143.45523884 2345.18679681 3138.4295781
1769.92415822 2598.12366152 3132.04981712
1834.42974209 2486.93549793 3131.43476629
1823.81973834 2545.33209493 3138.00314249
1794.85152934 2412.51331214 3128.92074805
1830.92168796 2674.14584755 3131.864381
1836.66064374 2745.07055779 3141.61064064
1837.46832055 2941.53930998 3141.05038952
1806.33860571 2739.9392217 3141.69072409
1836.26220995 2670.83371125 3143.07269069
1822.40042936 2936.46488416 3148.82806918
1800.95038748 2538.61367247 3126.99150911
1824.10665923 2679.64940733 3142.2885947
1192.28883947 2546.06729626 3142.31565001
1825.92196544 2668.75402787 3138.72393259
1839.03231495 2739.5721443 3145.53311193
2457.18371942 2867.94163678 3144.82688914
2480.19491082 3001.80106046 3139.10633192
2460.67748628 2869.6911408 3135.17098781
2475.96923455 2812.07053785 3142.68146962
1820.48989155 2802.23744401 3138.27043241
1834.37055289 2675.66586461 3142.64881171
1842.51604117 2676.78456275 3134.25869439
2478.79461288 2935.84966845 3133.7100911
1842.04838558 2611.45365219 3140.33245106
1804.68849007 2472.11433126 3141.50231717
1846.02026758 2546.42063274 3125.11913863
2458.51462929 2800.09110986 3131.60852378
2459.17261305 2994.89470988 3141.44293319
2393.30193015 2987.47418072 3135.66092892
2437.51565143 2669.70400124 3138.00770643
1833.08506137 2680.68213057 3144.34032042
1170.56062493 2610.00515734 3140.21036374
2498.07744416 3067.8427797 3145.10100649
1824.42215292 2804.96200213 3137.74459106
494.60167532 2347.93501339 3138.44746511
1821.25206354 2800.02775134 3141.59498996
2472.16381745 2934.92675738 3139.85342324
1815.44941529 2738.71978353 3138.75757206
2463.50488835 2870.70914397 3135.83718474
1830.346657 2540.42357187 3131.36608375
2483.64406692 3001.85502411 3141.18361692
2463.97857247 2680.61067844 3148.1712604
1181.80971814 2410.26381251 3135.303006
1780.77126014 2545.16443968 3140.01758007
1150.59592315 2603.63108563 3137.30783208
1832.74860909 2676.35548937 3131.27470333
1794.41489013 2804.43860157 3141.77896784
1165.83862521 2610.86990284 3136.48095842
1188.93540179 2612.03354566 3140.76338354
1818.87790979 2740.13992169 3145.42227888
2474.00646304 2937.88328827 3145.76612657
1805.42678151 2864.29221889 3141.89581635
2469.58991163 2740.08050999 3141.03670619
2447.04634735 2737.90726199 3133.85990601
1820.30629368 2742.76496424 3139.61244644
1194.50311616 2546.23278561 3138.77050626
2504.44467646 3067.05977153 3141.16077237
2475.50225582 2810.42094146 3142.4935444
1831.66262069 2740.91965817 3133.6739797
2466.19180127 2676.83751997 3136.03999135
1168.54619142 2481.9319098 3131.15738708
1825.60794134 2545.67146594 3135.00084538
1192.42576664 2609.55387416 3139.31803734
1808.2003216 2669.01533682 3133.74168272
2467.5905363 2673.82118427 3131.07046175
2459.8595616 2737.79201295 3138.34052124
1775.2449957 2736.42428816 3139.40020543
1166.64054283 2613.28404752 3139.22171768
1817.08044055 2607.10634537 3138.751991
1203.61407934 2676.69680311 3138.65637027
2469.74626652 2930.69721793 3145.98541626
2473.43655565 2742.72780414 3133.13995864
1818.15846646 2742.62979536 3142.71565214
2443.53920461 2870.71613014 3147.58067369
1826.24668851 2542.94817198 3136.56634527
1821.26806562 2870.04302738 3139.95142424
1835.92698109 2682.05203868 3144.18443798
1827.52425652 2672.61684289 3148.2848954
1840.65382425 2807.57556336 3142.52877112
2436.78065699 2928.74086676 3139.58121172
1773.81597771 2669.5612774 3135.31219734
1835.399001 2613.10142267 3138.52647083
2456.60514289 3002.60587655 3139.67584551
2481.69127822 2871.18632844 3137.12813279
2457.81139772 2930.11983889 3133.00830166
1824.12101455 2550.50551085 3136.95363001
1849.29582935 2809.2486992 3140.17139382
1166.19166894 2613.36730734 3135.17597141
1828.03384635 2739.43243699 3135.43734007
1193.36433134 2550.29575089 3143.4810071
2450.20126889 2868.38681134 3150.91238288
1847.37754966 2877.56995381 3139.90326015
1828.18208665 2869.78392873 3134.98467825
1833.40178253 2806.3679551 3144.69290158
1826.40762813 2677.12631492 3138.05359163
1182.65453016 2806.5365381 3140.44135687
2471.4913126 2804.74503059 3137.44873296
1830.06243222 2874.21745822 3142.46927527
2469.615393 3064.61813488 3145.31366493
2470.54603409 2801.44290888 3143.86826795
1827.36594727 2608.45829518 3140.28639761
1835.84765968 2812.83614143 3142.13777241
1819.41477085 2671.50097807 3141.24544397
1190.52094489 2620.82506349 3148.64527409
1840.51948104 2603.86580863 3135.56197729
2455.4592896 2866.16933638 3139.94688324
1820.37489944 2674.52556442 3137.10024201
2473.36164912 2804.35727204 3133.99975956
1829.25666344 2673.65590404 3136.01825185
2472.09066029 2741.53384695 3129.59378619
2471.94448226 2872.84188224 3147.86340478
2482.26272531 2872.92245447 3134.99804409
1834.02206766 2871.79821487 3140.45699489
2473.75427529 2875.66590557 3138.57593843
2452.30351041 2865.6008561 3136.82986412
1824.68034779 2545.1124436 3124.34354808
1826.36209012 2870.86564095 3139.69996609
1828.98691677 2868.61475867 3137.49068273
1822.0529002 2613.47786165 3136.01191426
1799.07682794 2681.31566243 3147.31203263
2467.2210533 2930.16462928 3139.5404769
1846.17064997 2677.46178784 3139.5225606
1829.96135871 2809.1858087 3152.75515572
1824.85750816 2867.4848922 3140.97554524
2472.96735921 2932.44000764 3140.20033723
1838.48299795 2742.64298149 3138.33197739
1847.63627036 2677.70213141 3142.38174985
2480.57835923 2808.4868965 3140.959569
1832.25455782 2673.77227782 3149.18405591
1844.79706313 2679.47107642 3156.30411406
2464.72468693 2996.59991006 3144.37926408
2469.78219729 2806.98477749 3140.28065706
1796.88415807 2545.93242177 3146.66858168
1828.97207111 2547.33357038 3138.01364109
1833.41999283 2871.37274681 3144.95902938
1186.68803786 2740.18067235 3137.33848632
2475.91347124 3067.3571893 3141.49177824
1811.8164553 2740.98256228 3136.86324272
1829.43544361 2357.53570682 3144.49837106
1804.21991436 2995.58543985 3137.31123795
1200.55082728 2740.49417007 3137.50475046
1157.91398744 2612.79380448 3141.33521922
1186.83158392 2741.34113533 3136.68758342
1784.93734756 2604.26075661 3148.05529848
1797.13446603 2477.10555961 3131.79891448
1826.03145812 2674.93628585 3142.34461561
1831.54755598 2743.89542482 3148.49347268
1796.034379 2608.38010971 3142.75498444
1823.31720508 2735.65776395 3136.31353888
1810.28266319 2675.74207985 3145.51194568
1835.94023039 2741.9649341 3135.22328659
1820.33355977 2742.57025468 3142.46328018
2475.69665043 2743.4563732 3142.55352426
2458.0028009 2931.98637428 3134.15169773
1195.14979635 2681.79772842 3140.51556272
1820.55671514 2476.38828104 3129.23573162
2466.35660917 2679.54587681 3137.35712399
2476.13888268 2806.55326743 3137.96885223
1813.04613955 2741.12251958 3146.11787176
1823.6639353 2675.63413494 3137.00031768
2453.23031938 2797.42911392 3134.49443529
2470.80816036 2869.22392105 3135.30141579
2438.19987441 2670.4926298 3133.65944064
1850.17743063 2745.81688939 3141.03433625
2458.88502108 2928.19750412 3137.62740191
3121.34724772 3130.39144375 3142.53585336
1822.83761583 2676.31890675 3134.74279484
1826.10378054 2545.94616847 3146.09296444
1836.95756828 2802.58909842 3132.49106836
1829.4141434 2804.52119613 3138.02486013
1849.51148854 2868.65002506 3141.59337094
2485.5861497 2875.76603732 3145.81961033
2477.95160323 2869.97989944 3130.06721341
2466.82849654 2936.90501104 3146.75146663
2408.95697019 2730.63632805 3131.68226443
1165.88372016 2928.50549777 3136.02842218
2471.01303045 2998.58428132 3141.61435042
1834.92937607 2733.90752326 3142.96579568
1178.56619917 2608.74448825 3132.62064543
1840.75648002 2739.49901884 3138.87862504
1836.43767868 3003.65299331 3142.92818985
2479.91911775 2940.06637188 3138.94152508
2468.0130218 3003.00784981 3154.39194082
2461.78279646 2931.97281927 3136.27472289
2461.68698877 2867.88008605 3132.67388245
2483.00803745 2938.69814812 3139.03268182
1797.59841638 2282.20672559 2497.53261405
1187.59928078 2610.0197755 3136.19974877
1811.14413608 2730.45485018 3138.23794047
2470.38397502 2867.65750692 3142.28139148
1185.29384462 2538.55105251 3136.2365017
1172.0902921 2735.09701149 3130.76397454
2437.77644117 2929.62600754 3144.15889595
1802.02499809 2736.58638047 3137.78323303
1840.74011969 2744.32845686 3144.02591843
1829.73488887 2740.54094186 3140.42548544
1824.26046313 2733.47982735 3133.29295758
1836.91869923 2669.94535079 3134.63632609
2467.53291576 2934.94403916 3140.83614495
2461.66675147 2739.55948028 3139.55982247
1832.33868173 2803.83009481 3136.81404834
1833.12291908 2796.41053271 3145.3462674
1815.71927882 2608.04946621 3139.73031776
1839.51336385 2737.65219341 3135.37329378
1195.02114156 2419.73701506 3134.35189835
1821.36905635 3000.58948464 3147.60165699
2468.71421725 2868.15843036 3137.60414971
1842.43451388 2801.75855876 3143.90300418
1827.0010289 2612.32982473 3135.89991199
2470.55651199 2869.31224335 3137.73221245
2465.58920321 2866.5237594 3131.56912861
2485.59677632 3061.7619658 3139.91188836
1811.86218788 2737.06253337 3140.26445466
1830.55508145 2871.0420463 3141.62102937
1829.36507806 2933.32097581 3140.12228223
2477.59403187 3064.71636613 3141.71449093
1843.69234362 2674.72138333 3137.22295866
2466.81932873 2674.00125333 3128.08842036
2471.17171649 2871.48219038 3137.54679057
2448.14910076 2997.1156646 3141.18271311
1821.20991234 2667.23163895 3130.92956047
1832.4743746 2670.12633839 3131.17181056
1191.84859721 2612.45353912 3135.6081157
2492.5505938 3065.64172903 3140.45115811
1836.8024417 2999.1335677 3135.46644543
1825.71141417 2610.54773377 3137.00390465
1156.66915035 2671.4921032 3136.89061912
2467.33324071 3061.6025568 3138.89577139
1833.01317118 2800.562676 3135.76377719
1192.41526419 2613.40131571 3137.98957843
1808.07633754 2667.70172416 3135.14139479
1185.13321281 2740.14859733 3144.44573326
1820.26701909 2996.08848413 3145.41332344
2468.19174997 2866.2027346 3129.23627425
1840.32470101 2741.65709366 3146.30248886
1840.3605645 2739.89284925 3137.30020334
1821.69909744 2740.78718566 3143.61184721
1191.69184266 2610.78382696 3135.45368359
2464.15979138 2937.70152731 3150.36671504
2484.42248019 2938.25537446 3136.67480468
1825.67903477 2672.77943992 3138.96473529
1174.498988 2476.47454643 3140.81240756
1830.2513457 2804.95144654 3140.06825138
1161.23295254 2668.22649274 3135.66940449
2485.16509168 2936.30831446 3139.71005517
