0.24132 0.247744 0.2508
0.23196 0.242648 0.26144
0.21004 0.22764 0.26172
0.23384 0.249328 0.2618
0.226 0.24152 0.2544
0.24008 0.246436 0.25516
0.21732 0.228004 0.2408
0.22316 0.230244 0.23932
0.2108 0.223244 0.23296
0.20896 0.229868 0.25008
0.21616 0.227032 0.23784
0.2184 0.233288 0.24608
0.20756 0.220216 0.2322
0.21824 0.228712 0.23308
0.21432 0.225216 0.23848
0.21032 0.223796 0.24156
0.20988 0.222348 0.23364
0.22108 0.227156 0.24528
0.21804 0.225256 0.23736
0.20972 0.217848 0.23316
0.21532 0.224308 0.23516
0.20864 0.217972 0.22924
0.1986 0.216724 0.23424
0.2006 0.208928 0.21528
0.20004 0.214968 0.23388
0.20296 0.210636 0.21676
0.19248 0.21676 0.24264
0.20116 0.211468 0.2218
0.19864 0.209344 0.21736
0.20608 0.213352 0.22228
0.19912 0.212596 0.22084
0.19324 0.202412 0.2248
0.18536 0.210324 0.23664
0.19032 0.199756 0.21664
0.18696 0.197108 0.20784
0.19148 0.206068 0.21236
0.19672 0.199896 0.20544
0.19924 0.205868 0.21296
0.19288 0.199628 0.21156
0.18812 0.19718 0.20964
0.19012 0.206 0.2212
0.18652 0.199956 0.22392
0.19572 0.203124 0.213
0.20044 0.204792 0.2158
0.19912 0.203616 0.21828
0.1844 0.194612 0.20824
0.1872 0.201976 0.21056
0.19044 0.1959 0.20888
0.18144 0.193316 0.21592
0.17664 0.189364 0.19912
0.18132 0.191784 0.19664
0.18548 0.198824 0.20536
0.17648 0.188812 0.20316
0.18176 0.192964 0.20396
0.17968 0.187264 0.19448
0.17684 0.183672 0.19292
0.17548 0.18598 0.1944
0.17716 0.179828 0.18916
0.177 0.184076 0.19028
0.1736 0.182944 0.19368
0.16956 0.179468 0.19024
0.1704 0.180156 0.18852
0.17412 0.180412 0.18484
0.1744 0.184004 0.19436
0.17156 0.179224 0.18948
0.16228 0.174264 0.18904
0.16388 0.169684 0.17896
0.146 0.159524 0.17692
0.17016 0.175472 0.17992
