1190.55127923 1374.84078987 1672.37064709
1138.03466982 1366.60809226 1611.50859596
1089.45706836 1405.856278 1718.63636769
1022.47085802 1331.58514187 1618.88516013
949.621086566 1343.18977545 1723.44511813
1105.52458723 1251.4630669 1514.13445868
1244.94231339 1434.44430848 1715.72323391
1077.22461048 1300.5759323 1510.98727347
1027.96204895 1365.85962425 1614.08926239
1245.68826511 1427.23377287 1725.542105
1139.56330133 1373.12748408 1621.64495459
1036.39150604 1354.4256218 1564.08357488
1133.71371602 1339.30616684 1620.56764537
1076.46327738 1419.15057484 1675.93008949
1080.94704056 1401.25818681 1667.47459925
1180.67985009 1446.03208571 1725.58542847
1091.95114807 1339.517409 1514.58407518
1123.08724037 1407.9370664 1572.30020066
1076.3729533 1264.96634898 1397.70457727
1131.20692623 1410.33441482 1631.58684666
978.622302737 1369.40418997 1730.86108655
1184.40322322 1352.40413129 1514.44165597
1081.08035913 1372.41385851 1626.52828987
1028.46011402 1274.91528937 1517.07480672
974.717468141 1331.87180672 1781.71949666
1094.33350142 1327.97712751 1614.29258687
877.07340747 1316.40722796 1675.65039601
1040.69733392 1306.1875118 1621.69985141
1200.24651615 1410.48402737 1628.28637499
903.262992228 1288.34652626 1570.90635998
1096.56192962 1373.2508474 1840.86245324
1194.07937573 1435.10698222 1575.17732218
1035.15252665 1333.20355737 1723.09111964
1088.30248391 1407.52408361 1886.61761238
1132.10290214 1373.01177253 1572.22199882
1130.27885087 1417.37380217 1733.72335938
1076.77054129 1304.49757005 1571.14244841
1082.94606549 1377.96286003 1623.34553564
1143.11234324 1346.06073375 1626.9575236
1189.28745904 1352.80048461 1563.90285263
1146.42051288 1407.2054084 1729.45276616
1133.54527886 1378.29045583 1624.53824339
721.270534664 1369.36473713 1671.34564905
1092.4270964 1379.63285378 1624.16444763
1082.85100346 1281.40609428 1514.95752214
1128.93997702 1357.18821578 1607.20314995
933.455591006 1366.29552682 1628.03067837
1191.21324292 1366.43622707 1571.27032123
1191.73100203 1407.45956808 1667.64439688
1201.10610755 1358.56218232 1557.40052456
907.842395588 1358.05855899 1556.18155019
1070.03562717 1333.65862234 1667.10117756
1132.46390527 1329.77544423 1674.82359124
983.663457888 1364.57667867 1670.82005666
1131.13089593 1322.58101926 1677.39382502
1140.94039689 1371.57442342 1670.55215357
1138.82401347 1271.54699086 1404.84908592
1028.01353671 1377.26831163 1622.88435741
1171.59249793 1408.85024127 1730.36547816
1119.72153176 1351.20569229 1572.16299655
1181.95055247 1410.06515484 1613.59115102
1189.36815422 1381.40295058 1555.26021692
1136.72434722 1429.67768219 1718.55254003
1068.05263638 1383.32558474 1559.20789819
1244.14783125 1434.7168566 1723.79052232
1137.19688322 1393.77280815 1610.63698247
1132.62626852 1346.72088256 1614.27279685
1085.17122636 1472.01149288 1670.08763091
1014.43486224 1366.43679099 1672.57281631
1069.6758565 1411.1397099 1618.83396077
1185.56155769 1395.75771475 1614.77610856
1273.26145786 1396.62347777 1512.17399582
1083.77556975 1374.57371743 1568.8836064
1181.64039586 1405.67628431 1626.84844606
977.471851564 1302.57190372 1508.66501383
1189.6045681 1463.59114024 1775.47464241
1073.38178828 1317.22709789 1620.32664536
1025.95268676 1342.26014701 1626.95520531
1295.93982517 1421.3510457 1625.73462973
1082.2635476 1378.8383715 1725.44337024
990.408044471 1417.63275341 1728.44630148
1044.55659056 1408.25309705 1622.39712311
1232.99124458 1466.66352548 1675.26891661
1135.59277564 1370.27711656 1502.90543658
1297.28904512 1429.81483822 1625.74247866
1027.08191673 1401.46532755 1733.35418608
1136.54472501 1295.68382139 1503.39169968
1192.70327517 1467.50702026 1728.68864967
1131.20958509 1365.2920381 1523.87382782
1089.73465046 1421.03322697 1676.6315724
1176.82534939 1329.50756955 1680.30179652
1023.77015805 1395.74786854 1889.93319422
1290.88092617 1416.8559715 1560.65967356
1095.74581708 1385.97575034 1672.24963397
1180.23681923 1431.70426337 1674.84320815
1136.22409317 1412.0674802 1725.75033616
935.806082899 1292.69279533 1674.56052511
1036.56208972 1439.50857524 1783.12842677
1076.67229857 1356.4726449 1562.56083192
982.195667926 1486.36141623 1770.27512188
913.188233822 1356.03940891 1729.05937862
1139.82152206 1384.19538638 1467.79092317
1205.26455592 1409.13381075 1677.09328899
1178.45087769 1368.25104067 1618.83363399
1029.49910098 1349.43770326 1560.65895405
1084.60178417 1428.79795152 1829.56475245
1020.6148726 1472.45383776 1674.60371565
1073.21169265 1299.69712698 1655.90474077
1352.10722542 1470.22748049 1783.02033632
1076.09627727 1332.97984201 1615.65905927
1298.63934727 1405.91216242 1509.89974102
1076.82419454 1399.81812252 1769.26065906
1079.04956242 1317.96774359 1565.78037841
1245.10083972 1440.93830031 1727.68521451
1023.01386749 1349.33468929 1675.25700735
1181.80472846 1500.32225628 1778.07940376
1394.51170794 1495.93978453 1613.93919238
1118.8758643 1399.35469783 1551.31728635
1012.78479064 1379.28609508 1622.5395938
1084.75643579 1378.64851803 1567.15133872
1289.68604354 1481.06660353 1733.53205716
1226.38376382 1407.67752923 1562.37504297
1291.06818427 1483.48139723 1726.64348358
1236.48384894 1453.70193583 1775.62489819
1350.01471778 1556.15347496 1727.68552499
1240.54514024 1405.07246814 1726.23744289
1180.59385586 1384.69287306 1620.21956053
1035.21381677 1322.3308552 1562.15198927
1248.05353501 1417.03893426 1616.67692317
1077.08272686 1308.49121803 1563.29750854
1307.71108588 1439.25662089 1621.13696317
1075.06007616 1398.27685051 1627.28302961
1183.55349261 1359.40820684 1512.12706618
1306.421361 1442.40810999 1670.61033025
1130.52985104 1321.09434766 1505.85706371
877.489884671 1293.5348415 1555.48990168
1013.32862056 1388.64916476 1615.59150622
1230.09082489 1387.29299784 1624.93691533
1137.82561679 1392.01633799 1678.98558825
1190.88810258 1511.97830973 1781.30460861
1130.85929414 1355.86818455 1673.83389378
1133.71659671 1470.98443258 1731.39575234
1087.45354577 1404.79509804 1615.33268573
1090.66928165 1437.57392783 1618.74492513
1196.02692053 1434.02544672 1668.69601888
987.990313762 1330.3581118 1624.83001552
1233.94344221 1428.65019461 1786.81041811
984.071137977 1345.0467277 1568.49616632
1094.47408456 1349.28617588 1568.85326865
1145.32050142 1422.06661383 1724.60567457
1189.13134995 1414.44546921 1513.52313682
1145.94436559 1391.83729324 1723.9899913
1302.20063136 1524.4888885 1891.32771247
970.579125213 1316.45443334 1618.16412199
1206.64320287 1476.88186779 1729.19391072
1194.6657997 1441.65470344 1623.23447917
1237.80566015 1484.44804207 1784.58476106
1298.2952782 1442.96439514 1624.05194259
1120.19916913 1417.92102841 1678.17245327
1083.68743065 1423.28662742 1626.90435308
929.090686561 1388.71251615 1721.42013555
1283.81314662 1419.65743409 1566.07356511
1124.33441838 1401.24522351 1676.30286213
1284.65002548 1371.11998964 1459.00110558
1186.15602377 1466.8143142 1619.43307589
1139.17585648 1394.62663782 1781.50276338
1344.63872464 1542.82526065 1675.3609023
790.750175178 1323.37662244 1563.17915093
1139.82281756 1446.24426465 1832.53991806
1083.12731324 1367.39666223 1725.32418627
1165.53549736 1369.43872446 1569.01297452
1138.97875286 1397.18094467 1618.05215095
1018.55111872 1441.31648356 1719.52987461
1086.38263638 1402.98089936 1825.51177995
1298.00909255 1495.05350887 1731.10041089
1244.10692687 1518.15292431 1676.61776585
1286.07216265 1412.12052724 1569.30716982
1191.89055414 1526.13508317 1733.71093165
1243.06204658 1425.17520231 1890.77177837
1195.75377558 1432.60366735 1673.32228515
1138.62782983 1379.12226256 1729.81016428
1184.39681555 1516.23471143 1834.64847008
1131.05600496 1432.42698919 1680.70799292
1148.19377343 1346.8628021 1669.96701231
1225.61519988 1451.4547215 1681.25648932
1139.7251281 1490.6865777 1834.59548242
1132.25534251 1370.23234631 1724.69805644
1133.40204565 1415.06853135 1675.42226853
1184.71024989 1362.43559564 1554.00142992
1118.78129746 1294.50751252 1507.15151326
1226.10066926 1451.42299733 1776.83907442
1019.50186725 1332.40472922 1520.81807418
1180.74930718 1346.88715241 1617.51389811
1178.79701122 1372.83168576 1625.66959353
1078.77167648 1385.91495177 1713.66093715
924.147154743 1326.56404193 1679.31905838
1138.4773254 1456.7010615 1726.90275616
1174.53154293 1419.81270622 1717.68432089
1296.40601584 1479.36141883 1673.27647338
1066.58562929 1338.46468054 1620.90206072
1178.99524468 1458.85787197 1670.5621119
1030.36794229 1444.2119632 1725.57618597
1191.72235451 1418.38836376 1619.3433021
954.668023831 1415.65190659 1784.94432272
1201.59454937 1397.34444836 1572.41041695
1090.16497231 1386.21992034 1779.96005258
1134.86647014 1409.4496906 1678.03008977
1248.3651047 1418.92347931 1674.08800448
1178.66598268 1506.06491242 1782.5252758
956.268228698 1424.28664041 1730.51708925
1252.6386848 1507.19523422 1889.71976986
1224.93193569 1374.03058213 1611.0075359
1020.73674759 1355.62958594 1626.87729295
1253.80245001 1419.15599684 1624.8975841
1208.34580723 1494.12913603 1888.84284243
1362.09725335 1471.462388 1624.80143384
1035.59106944 1398.80486947 1669.70394174
1175.21595527 1509.49077431 1678.18524665
1136.13754192 1325.11796264 1573.37715837
1191.14420982 1445.70590812 1782.97450382
1295.6192136 1493.97634749 1733.41606358
1251.03454347 1455.0633301 1780.4344996
1139.44194806 1435.20995853 1623.82617838
1150.8364059 1457.71047478 1671.29667441
1076.25344763 1318.06691116 1417.32127262
1205.24469588 1346.82833451 1616.78792887
1237.03706287 1467.16617337 1789.87171591
1200.09783872 1462.19501584 1944.41872002
1128.53999882 1440.21504075 1894.40471903
1296.93877369 1471.37494826 1673.27604637
1294.09765761 1528.2861006 1776.27437208
1312.88827475 1463.46356545 1629.34782519
1040.39314599 1493.58358964 1883.27234242
1291.97881932 1474.84168549 1782.01314453
1127.91272734 1432.87379383 1569.75403625
1346.54548064 1562.70457509 1889.55924547
1100.86129566 1465.55621584 1729.83556493
1290.53825836 1473.4690255 1667.74766774
1295.43227027 1476.12595835 1675.02170367
1239.83418615 1469.19281872 1779.12984742
1190.06885641 1477.66020819 1672.92186213
955.900294548 1248.07109896 1510.68592528
1034.89384135 1371.85394295 1561.44892007
1182.96449388 1393.82643666 1575.07033487
1145.45137587 1450.78230429 1726.72385211
1188.78493665 1386.09113951 1515.7799015
1019.48128583 1462.46124412 1736.59666577
1248.96803329 1512.77190224 1672.01139764
1134.4462365 1421.63127687 1520.02203214
1291.39064747 1488.85001566 1671.28988477
1132.95726539 1388.04644254 1672.57961955
1193.08547253 1428.79256499 1560.74883145
1057.63398187 1472.57001897 1779.80196222
1197.22837823 1460.29747868 1625.4114408
952.427981125 1389.0466962 1887.73840922
1295.01917427 1454.17008141 1781.53059675
1184.74113405 1480.91207224 1630.16281486
1182.14832957 1433.05186995 1728.72471328
1145.58881238 1505.10062147 1780.68266752
1068.66167669 1416.55539676 1777.91334027
718.012140292 1402.90817829 1623.32073588
1197.1634865 1482.76571852 1729.36772669
1075.77152839 1433.76976583 1733.50684543
1176.80276982 1409.57508281 1676.65317014
1245.2434016 1377.29990843 1619.49056893
1235.27016075 1463.22795093 1632.31962437
1147.38577059 1483.54085715 1782.21850984
1131.67661254 1346.8499123 1519.98652645
1084.58144143 1340.52294935 1571.41030733
1151.69721048 1467.05076135 1734.55482635
1299.17054848 1530.85622783 1779.72068984
1131.24203956 1519.01379522 1679.45157692
1231.06159899 1458.88314339 1683.80532239
1200.78496933 1434.4833677 1675.49178613
1342.03775398 1497.33380636 1782.53253844
1298.51996818 1445.03882214 1628.00473992
1132.30451404 1513.55567218 1786.00000049
1195.33567306 1425.97750303 1677.62530901
1258.99428833 1474.01416197 1776.20491367
1086.59289052 1343.45581045 1777.93188007
1207.12303251 1469.24281687 1677.805164
975.027289266 1395.60291272 1721.56114536
1137.97610371 1432.78434035 1783.24372039
1351.84491386 1552.76211772 1723.49951959
1248.20525205 1472.96855755 1734.70545662
1248.441963 1526.27264859 1726.93653764
1294.83601852 1471.38686439 1839.34411009
1305.54914883 1488.30507926 1781.90801024
1308.28515959 1477.32737497 1684.02815025
1020.22178095 1405.23690018 1565.72365048
967.243928028 1407.25502899 1735.98949653
1142.13226902 1371.59378815 1618.50536787
1356.780729 1475.77778704 1683.69207045
1193.81664382 1495.18730868 1742.02546976
1150.43123785 1446.58764015 1677.49975928
1141.67464678 1517.46763296 1722.6598202
987.914011883 1379.76814388 1679.11232064
1255.01514393 1515.3753185 1677.20011222
1066.95414634 1414.06106913 1574.48441252
1199.31487861 1492.42146649 1726.93848533
1188.58426625 1499.18883654 1844.40393626
1017.89739154 1443.3045196 1836.09393656
1043.70597503 1433.27487129 1732.97252173
1249.33951091 1453.45444489 1618.52043579
1354.18737033 1579.0610735 1842.70953212
1249.04745842 1476.97026396 1727.45408751
