-80.3060692433 183.064134563 398.852994426
-145.784805629 207.629750044 414.551094382
-23.3513886871 194.676842609 391.525238617
56.4334251 245.971278393 381.242591285
217.521763041 307.102194202 389.622320322
227.670965278 321.580351573 373.669690595
141.653259427 288.055845888 432.833108388
130.674723814 307.816871455 459.264220516
-131.822820369 324.521093934 454.98144715
206.147285988 353.175204454 514.980753489
127.094965508 351.963067991 506.534090854
252.730690339 316.834927734 378.635920497
226.866154485 313.238353611 444.176167134
226.138937382 349.049020452 472.908082247
273.085656636 355.193657011 442.283262085
191.580688855 341.142916714 434.532000214
217.225325795 334.125453779 452.961070045
246.260620076 320.969108568 444.585084246
254.098141166 380.988500227 540.960072111
218.541373946 345.117484049 418.745672654
-5.21825629111 300.282885967 467.202280727
221.284061323 323.004490276 484.009796763
239.233092699 351.349583882 458.529321244
274.159691114 331.041215957 426.343333058
189.199435937 333.258297994 461.49283355
233.831418488 316.854155031 378.777442628
304.632905343 376.25861554 432.808382318
201.854768865 324.169210061 451.67791728
197.171582865 322.583152895 422.868045938
273.737372587 369.502085109 484.041960576
192.526003603 342.255817927 489.516311777
141.090106189 343.03985681 443.333462905
151.858474866 324.194125035 422.899518569
312.264011728 403.20355088 485.913963495
