0.21624 0.231192 0.24356
0.21412 0.226012 0.2376
0.21404 0.228 0.23948
0.22252 0.230392 0.2406
0.22148 0.22998 0.23632
0.22724 0.231104 0.23852
0.2218 0.230112 0.24104
0.21912 0.231664 0.24216
0.2216 0.22934 0.23588
0.22212 0.22754 0.23276
0.22188 0.228352 0.23584
0.22264 0.227976 0.23528
0.22508 0.2299 0.23836
0.21556 0.22952 0.24116
0.22464 0.228012 0.23452
0.2192 0.227548 0.23604
0.21916 0.225912 0.22984
0.22208 0.227852 0.23516
0.21556 0.22564 0.23376
0.21924 0.225916 0.23588
0.2184 0.226324 0.23232
0.22048 0.224408 0.22948
0.21624 0.223032 0.22884
0.21516 0.221432 0.23084
0.21572 0.223232 0.22964
0.22072 0.224384 0.22792
0.21636 0.223964 0.22996
0.21808 0.2232 0.2268
0.21816 0.220984 0.227
0.2158 0.223152 0.22696
0.2154 0.222412 0.2294
0.21268 0.221616 0.23012
0.21148 0.219912 0.23016
0.2164 0.220648 0.2232
0.21468 0.220808 0.22684
0.21596 0.222064 0.22724
0.21376 0.222104 0.2264
0.21976 0.223236 0.22716
0.21464 0.22258 0.22956
0.21548 0.220592 0.23048
0.21408 0.222084 0.2296
0.21592 0.219432 0.2274
0.21552 0.21858 0.2218
0.21204 0.216592 0.2208
0.21056 0.216984 0.22312
0.2114 0.215136 0.2222
0.2104 0.216348 0.22184
0.21356 0.218884 0.22484
0.21244 0.219072 0.22552
0.21036 0.217304 0.23024
0.2102 0.21786 0.22568
0.21136 0.215568 0.2208
0.208 0.21414 0.223
0.20584 0.213984 0.2204
0.21216 0.217572 0.22588
0.2112 0.217868 0.22404
0.2096 0.21364 0.21956
0.20844 0.215228 0.22012
0.2078 0.213212 0.2202
0.2102 0.2143 0.218
0.20168 0.213376 0.219
0.2066 0.214532 0.22028
0.207 0.213608 0.22428
0.2064 0.21326 0.22224
0.20908 0.212448 0.2188
0.20604 0.211472 0.22136
0.20812 0.215316 0.22416
0.20692 0.212696 0.22288
0.20488 0.21318 0.2224
0.20436 0.213136 0.21968
0.20864 0.215928 0.2262
0.2104 0.215196 0.2216
0.2112 0.216448 0.222
0.21092 0.214532 0.21724
0.2038 0.214524 0.22064
0.20592 0.214716 0.2184
0.2104 0.214268 0.21808
0.20656 0.2117 0.22068
0.20928 0.217024 0.22468
0.20724 0.213696 0.21868
0.20772 0.212992 0.22024
0.20976 0.21484 0.2196
0.20824 0.21332 0.22068
0.20916 0.214984 0.22156
0.20956 0.215088 0.22072
0.20528 0.211976 0.21592
0.20616 0.21394 0.21952
0.2028 0.213584 0.2214
0.20916 0.213528 0.21812
0.2074 0.21232 0.21656
0.20884 0.21382 0.21776
0.20164 0.211964 0.223
0.20572 0.21176 0.21716
0.20272 0.20978 0.21792
0.2078 0.21212 0.21792
0.20924 0.214256 0.22308
0.2082 0.21348 0.22088
0.21132 0.215416 0.21916
0.20484 0.214048 0.22108
0.20924 0.214076 0.22008
0.20488 0.212652 0.2246
0.21012 0.215612 0.22108
0.209 0.215796 0.2294
0.20768 0.21646 0.22196
0.21044 0.215736 0.22156
0.21276 0.215812 0.21924
0.21152 0.216628 0.224
0.20916 0.21442 0.22528
0.20736 0.214544 0.22012
0.20712 0.215128 0.21944
0.20544 0.21664 0.22508
0.20588 0.214476 0.21968
0.20836 0.216612 0.224
0.20872 0.2137 0.22088
0.20644 0.213908 0.22044
0.21056 0.215112 0.21824
0.2118 0.21586 0.21992
0.20964 0.216076 0.22236
0.2108 0.215716 0.22024
0.20968 0.214468 0.2186
0.20816 0.216184 0.22856
0.2098 0.214768 0.22072
0.20776 0.214112 0.21852
0.20612 0.213636 0.22068
0.20612 0.212256 0.21616
0.20952 0.21592 0.22132
0.2114 0.21828 0.22448
0.20868 0.21614 0.22232
0.20816 0.21482 0.2208
0.21064 0.215788 0.22144
0.20744 0.213584 0.22296
0.20932 0.214556 0.21964
0.20864 0.214112 0.22084
0.20696 0.214728 0.22108
0.20864 0.214084 0.2212
0.2074 0.214408 0.21868
0.20612 0.212736 0.21728
0.21004 0.216092 0.22216
0.20816 0.215068 0.22336
0.20716 0.215096 0.22604
0.20376 0.214664 0.22056
0.2084 0.213704 0.21724
0.20976 0.214868 0.22008
0.20456 0.212816 0.21904
0.209 0.21374 0.22152
0.2106 0.215268 0.21828
0.21024 0.214972 0.22276
0.201 0.2131 0.2236
0.20588 0.211208 0.22512
0.20988 0.213916 0.21792
0.20624 0.21262 0.21988
0.20572 0.212848 0.22068
0.20472 0.210556 0.21976
0.20576 0.210044 0.2132
0.20828 0.213688 0.22184
0.20708 0.209524 0.213
