0.6 0.6 0.6
0.6 0.6 0.6
0.6 0.6 0.6
0.6 0.6 0.6
0.6 0.6 0.6
0.6 0.6 0.6
0.6 0.6 0.6
0.6 0.6 0.6
0.6 0.6 0.6
0.6 0.6 0.6
0.6 0.6 0.6
0.6 0.6 0.6
0.6 0.6 0.6
0.6 0.6 0.6
0.6 0.6 0.6
0.6 0.6 0.6
0.6 0.6 0.6
0.6 0.6 0.6
0.6 0.6 0.6
0.6 0.6 0.6
0.6 0.6 0.6
0.6 0.6 0.6
0.6 0.6 0.6
0.6 0.6 0.6
0.6 0.6 0.6
0.6 0.6 0.6
0.6 0.6 0.6
0.6 0.6 0.6
0.6 0.6 0.6
0.6 0.6 0.6
0.6 0.6 0.6
0.6 0.6 0.6
0.6 0.6 0.6
0.6 0.6 0.6
0.6 0.6 0.6
0.6 0.6 0.6
0.6 0.6 0.6
0.6 0.6 0.6
0.6 0.6 0.6
0.6 0.6 0.6
0.6 0.6 0.6
0.6 0.6 0.6
0.6 0.6 0.6
0.6 0.6 0.6
0.6 0.6 0.6
0.6 0.6 0.6
0.6 0.6 0.6
0.6 0.6 0.6
0.6 0.6 0.6
0.6 0.6 0.6
0.6 0.6 0.6
0.6 0.6 0.6
0.6 0.6 0.6
0.6 0.6 0.6
0.6 0.6 0.6
0.6 0.6 0.6
0.6 0.6 0.6
0.6 0.6 0.6
0.6 0.6 0.6
0.6 0.6 0.6
0.6 0.6 0.6
0.6 0.6 0.6
0.6 0.6 0.6
0.6 0.6 0.6
0.6 0.6 0.6
0.6 0.6 0.6
0.6 0.6 0.6
0.6 0.6 0.6
0.6 0.6 0.6
0.6 0.6 0.6
0.6 0.6 0.6
0.6 0.6 0.6
0.6 0.6 0.6
0.6 0.6 0.6
0.6 0.6 0.6
0.6 0.6 0.6
0.6 0.6 0.6
0.6 0.6 0.6
0.6 0.6 0.6
0.6 0.6 0.6
0.6 0.6 0.6
0.6 0.6 0.6
0.6 0.6 0.6
0.6 0.6 0.6
0.6 0.6 0.6
0.6 0.6 0.6
0.6 0.6 0.6
0.6 0.6 0.6
0.6 0.6 0.6
0.6 0.6 0.6
0.6 0.6 0.6
0.6 0.6 0.6
0.6 0.6 0.6
0.6 0.6 0.6
0.6 0.6 0.6
0.6 0.6 0.6
0.6 0.6 0.6
0.6 0.6 0.6
0.6 0.6 0.6
0.6 0.6 0.6
0.6 0.6 0.6
0.6 0.6 0.6
0.6 0.6 0.6
0.6 0.6 0.6
0.6 0.6 0.6
0.6 0.6 0.6
0.6 0.6 0.6
0.6 0.6 0.6
0.6 0.6 0.6
0.6 0.6 0.6
0.6 0.6 0.6
0.6 0.6 0.6
0.6 0.6 0.6
0.6 0.6 0.6
0.6 0.6 0.6
0.6 0.6 0.6
0.6 0.6 0.6
0.6 0.6 0.6
0.6 0.6 0.6
0.6 0.6 0.6
0.6 0.6 0.6
0.6 0.6 0.6
0.6 0.6 0.6
0.6 0.6 0.6
0.6 0.6 0.6
0.6 0.6 0.6
0.6 0.6 0.6
0.6 0.6 0.6
0.6 0.6 0.6
0.6 0.6 0.6
0.6 0.6 0.6
0.6 0.6 0.6
0.6 0.6 0.6
0.6 0.6 0.6
0.6 0.6 0.6
0.6 0.6 0.6
0.6 0.6 0.6
0.6 0.6 0.6
0.6 0.6 0.6
0.6 0.6 0.6
0.6 0.6 0.6
0.6 0.6 0.6
0.6 0.6 0.6
0.6 0.6 0.6
0.6 0.6 0.6
0.6 0.6 0.6
0.6 0.6 0.6
0.6 0.6 0.6
0.6 0.6 0.6
0.6 0.6 0.6
0.6 0.6 0.6
0.6 0.6 0.6
0.6 0.6 0.6
0.6 0.6 0.6
0.6 0.6 0.6
0.6 0.6 0.6
0.6 0.6 0.6
0.6 0.6 0.6
0.6 0.6 0.6
0.6 0.6 0.6
0.6 0.6 0.6
0.6 0.6 0.6
0.6 0.6 0.6
0.6 0.6 0.6
0.6 0.6 0.6
0.6 0.6 0.6
0.6 0.6 0.6
0.6 0.6 0.6
0.6 0.6 0.6
0.6 0.6 0.6
0.6 0.6 0.6
0.6 0.6 0.6
0.6 0.6 0.6
0.6 0.6 0.6
0.6 0.6 0.6
0.6 0.6 0.6
0.6 0.6 0.6
0.6 0.6 0.6
0.6 0.6 0.6
0.6 0.6 0.6
0.6 0.6 0.6
0.6 0.6 0.6
0.6 0.6 0.6
0.6 0.6 0.6
0.6 0.6 0.6
0.6 0.6 0.6
0.6 0.6 0.6
0.6 0.6 0.6
0.6 0.6 0.6
0.6 0.6 0.6
0.6 0.6 0.6
0.6 0.6 0.6
0.6 0.6 0.6
0.6 0.6 0.6
0.6 0.6 0.6
0.6 0.6 0.6
0.6 0.6 0.6
0.6 0.6 0.6
0.6 0.6 0.6
0.6 0.6 0.6
0.6 0.6 0.6
0.6 0.6 0.6
0.6 0.6 0.6
0.6 0.6 0.6
0.6 0.6 0.6
0.6 0.6 0.6
0.6 0.6 0.6
0.6 0.6 0.6
0.6 0.6 0.6
0.6 0.6 0.6
0.6 0.6 0.6
0.6 0.6 0.6
0.6 0.6 0.6
0.6 0.6 0.6
0.6 0.6 0.6
0.6 0.6 0.6
0.6 0.6 0.6
0.6 0.6 0.6
0.6 0.6 0.6
0.6 0.6 0.6
0.6 0.6 0.6
0.6 0.6 0.6
0.6 0.6 0.6
0.6 0.6 0.6
0.6 0.6 0.6
0.6 0.6 0.6
0.6 0.6 0.6
0.6 0.6 0.6
0.6 0.6 0.6
0.6 0.6 0.6
0.6 0.6 0.6
0.6 0.6 0.6
0.6 0.6 0.6
0.6 0.6 0.6
0.6 0.6 0.6
0.6 0.6 0.6
0.6 0.6 0.6
0.6 0.6 0.6
0.6 0.6 0.6
0.6 0.6 0.6
0.6 0.6 0.6
0.6 0.6 0.6
0.6 0.6 0.6
0.6 0.6 0.6
0.6 0.6 0.6
0.6 0.6 0.6
0.6 0.6 0.6
0.6 0.6 0.6
0.6 0.6 0.6
0.6 0.6 0.6
0.6 0.6 0.6
0.6 0.6 0.6
0.6 0.6 0.6
0.6 0.6 0.6
0.6 0.6 0.6
0.6 0.6 0.6
0.6 0.6 0.6
0.6 0.6 0.6
0.6 0.6 0.6
0.6 0.6 0.6
0.6 0.6 0.6
0.6 0.6 0.6
0.6 0.6 0.6
0.6 0.6 0.6
0.6 0.6 0.6
0.6 0.6 0.6
0.6 0.6 0.6
0.6 0.6 0.6
0.6 0.6 0.6
0.6 0.6 0.6
0.6 0.6 0.6
0.6 0.6 0.6
0.6 0.6 0.6
0.6 0.6 0.6
0.6 0.6 0.6
0.6 0.6 0.6
0.6 0.6 0.6
0.6 0.6 0.6
0.6 0.6 0.6
0.6 0.6 0.6
0.6 0.6 0.6
0.6 0.6 0.6
0.6 0.6 0.6
0.6 0.6 0.6
0.6 0.6 0.6
0.6 0.6 0.6
0.6 0.6 0.6
0.6 0.6 0.6
0.6 0.6 0.6
0.6 0.6 0.6
0.6 0.6 0.6
0.6 0.6 0.6
0.6 0.6 0.6
0.6 0.6 0.6
0.6 0.6 0.6
0.6 0.6 0.6
0.6 0.6 0.6
0.6 0.6 0.6
0.6 0.6 0.6
0.6 0.6 0.6
0.6 0.6 0.6
0.6 0.6 0.6
0.6 0.6 0.6
0.6 0.6 0.6
0.6 0.6 0.6
0.6 0.6 0.6
0.6 0.6 0.6
0.6 0.6 0.6
0.6 0.6 0.6
0.6 0.6 0.6
0.6 0.6 0.6
0.6 0.6 0.6
0.6 0.6 0.6
0.6 0.6 0.6
0.6 0.6 0.6
0.6 0.6 0.6
0.6 0.6 0.6
0.6 0.6 0.6
0.6 0.6 0.6
0.6 0.6 0.6
0.6 0.6 0.6
0.6 0.6 0.6
0.6 0.6 0.6
0.6 0.6 0.6
0.6 0.6 0.6
0.6 0.6 0.6
0.6 0.6 0.6
0.6 0.6 0.6
0.6 0.6 0.6
0.6 0.6 0.6
0.6 0.6 0.6
0.6 0.6 0.6
0.6 0.6 0.6
0.6 0.6 0.6
0.6 0.6 0.6
0.6 0.6 0.6
0.6 0.6 0.6
0.6 0.6 0.6
0.6 0.6 0.6
0.6 0.6 0.6
0.6 0.6 0.6
0.6 0.6 0.6
0.6 0.6 0.6
0.6 0.6 0.6
0.6 0.6 0.6
0.6 0.6 0.6
0.6 0.6 0.6
0.6 0.6 0.6
0.6 0.6 0.6
0.6 0.6 0.6
0.6 0.6 0.6
0.6 0.6 0.6
0.6 0.6 0.6
0.6 0.6 0.6
0.6 0.6 0.6
0.6 0.6 0.6
0.6 0.6 0.6
0.6 0.6 0.6
0.6 0.6 0.6
0.6 0.6 0.6
0.6 0.6 0.6
0.6 0.6 0.6
0.6 0.6 0.6
0.6 0.6 0.6
0.6 0.6 0.6
0.6 0.6 0.6
0.6 0.6 0.6
0.6 0.6 0.6
0.6 0.6 0.6
0.6 0.6 0.6
0.6 0.6 0.6
0.6 0.6 0.6
0.6 0.6 0.6
0.6 0.6 0.6
0.6 0.6 0.6
0.6 0.6 0.6
0.6 0.6 0.6
0.6 0.6 0.6
0.6 0.6 0.6
0.6 0.6 0.6
0.6 0.6 0.6
0.6 0.6 0.6
0.6 0.6 0.6
0.6 0.6 0.6
0.6 0.6 0.6
0.6 0.6 0.6
0.6 0.6 0.6
0.6 0.6 0.6
0.6 0.6 0.6
0.6 0.6 0.6
0.6 0.6 0.6
0.6 0.6 0.6
0.6 0.6 0.6
0.6 0.6 0.6
0.6 0.6 0.6
0.6 0.6 0.6
0.6 0.6 0.6
0.6 0.6 0.6
0.6 0.6 0.6
0.6 0.6 0.6
0.6 0.6 0.6
0.6 0.6 0.6
0.6 0.6 0.6
0.6 0.6 0.6
0.6 0.6 0.6
0.6 0.6 0.6
0.6 0.6 0.6
0.6 0.6 0.6
0.6 0.6 0.6
0.6 0.6 0.6
0.6 0.6 0.6
0.6 0.6 0.6
0.6 0.6 0.6
0.6 0.6 0.6
0.6 0.6 0.6
0.6 0.6 0.6
0.6 0.6 0.6
0.6 0.6 0.6
0.6 0.6 0.6
0.6 0.6 0.6
0.6 0.6 0.6
0.6 0.6 0.6
0.6 0.6 0.6
0.6 0.6 0.6
0.6 0.6 0.6
0.6 0.6 0.6
0.6 0.6 0.6
0.6 0.6 0.6
0.6 0.6 0.6
0.6 0.6 0.6
0.6 0.6 0.6
0.6 0.6 0.6
0.6 0.6 0.6
0.6 0.6 0.6
0.6 0.6 0.6
0.6 0.6 0.6
0.6 0.6 0.6
0.6 0.6 0.6
0.6 0.6 0.6
0.6 0.6 0.6
0.6 0.6 0.6
0.6 0.6 0.6
0.6 0.6 0.6
0.6 0.6 0.6
0.6 0.6 0.6
0.6 0.6 0.6
0.6 0.6 0.6
0.6 0.6 0.6
0.6 0.6 0.6
0.6 0.6 0.6
0.6 0.6 0.6
0.6 0.6 0.6
0.6 0.6 0.6
0.6 0.6 0.6
0.6 0.6 0.6
0.6 0.6 0.6
0.6 0.6 0.6
0.6 0.6 0.6
0.6 0.6 0.6
0.6 0.6 0.6
0.6 0.6 0.6
0.6 0.6 0.6
0.6 0.6 0.6
0.6 0.6 0.6
0.6 0.6 0.6
0.6 0.6 0.6
0.6 0.6 0.6
0.6 0.6 0.6
0.6 0.6 0.6
0.6 0.6 0.6
0.6 0.6 0.6
0.6 0.6 0.6
0.6 0.6 0.6
0.6 0.6 0.6
0.6 0.6 0.6
0.6 0.6 0.6
0.6 0.6 0.6
0.6 0.6 0.6
0.6 0.6 0.6
0.6 0.6 0.6
0.6 0.6 0.6
0.59504 0.599264 0.6
0.6 0.6 0.6
0.58944 0.598944 0.6
0.6 0.6 0.6
0.6 0.6 0.6
0.59088 0.598928 0.6
0.59776 0.599776 0.6
0.59152 0.596688 0.6
0.57196 0.590016 0.6
0.56656 0.592768 0.6
0.5664 0.5876 0.6
0.51744 0.568804 0.6
0.57408 0.592864 0.6
0.54712 0.584364 0.596
0.5072 0.570372 0.59408
0.54584 0.57298 0.59472
0.5114 0.564328 0.59232
0.46368 0.529652 0.6
0.51104 0.54348 0.59476
0.4588 0.53592 0.6
0.42724 0.483968 0.5548
0.4248 0.463768 0.5106
0.42664 0.497452 0.545
0.39248 0.443252 0.49212
0.37436 0.435512 0.49884
0.38692 0.446248 0.50808
0.436 0.465788 0.5208
0.37188 0.4572 0.52332
0.39104 0.45424 0.58464
0.37532 0.448108 0.55288
0.39252 0.44362 0.50176
0.34788 0.450276 0.55272
0.34392 0.448872 0.5738
0.38592 0.472348 0.5554
0.42416 0.462256 0.53368
0.36976 0.44656 0.48792
0.3978 0.473432 0.57744
0.33824 0.444316 0.536
0.40752 0.450064 0.56604
0.40976 0.444996 0.5312
0.41336 0.4721 0.52416
0.39888 0.453312 0.51752
0.39968 0.481856 0.52352
0.40068 0.482632 0.56064
0.43044 0.490624 0.5832
0.42952 0.478348 0.5494
0.4338 0.494916 0.56012
0.42984 0.472548 0.52292
0.36916 0.457796 0.5174
0.3906 0.465592 0.54008
0.356 0.419924 0.4916
0.37232 0.441256 0.4852
0.3246 0.41124 0.46804
0.35988 0.441108 0.50592
0.40052 0.445816 0.49532
0.33432 0.426548 0.51228
0.35108 0.444368 0.5542
0.35612 0.457356 0.55452
0.44544 0.473276 0.50268
0.422 0.498704 0.5768
0.36928 0.459844 0.56264
0.3762 0.48484 0.56272
0.37348 0.44662 0.51756
0.33916 0.420148 0.46304
0.32952 0.431344 0.547
0.37652 0.42436 0.4852
0.36208 0.432916 0.48264
0.3474 0.427508 0.48004
0.3642 0.422908 0.50976
0.35024 0.406984 0.46656
0.32888 0.413444 0.498
0.34136 0.402212 0.44276
0.37204 0.418112 0.49736
0.35512 0.399528 0.46796
0.35412 0.416412 0.47364
0.32168 0.381076 0.43204
0.34972 0.388588 0.4406
0.33912 0.398372 0.44728
0.33944 0.381964 0.43148
0.33568 0.395424 0.48072
0.29636 0.413648 0.51024
0.32768 0.420604 0.52136
0.3322 0.429436 0.51352
0.35896 0.433132 0.53956
0.39104 0.4358 0.58744
0.31148 0.409492 0.49936
0.3598 0.419024 0.49136
0.3294 0.412992 0.50528
0.28168 0.445716 0.5656
0.32848 0.4142 0.50324
0.36724 0.420364 0.5466
0.32092 0.4138 0.55392
0.2986 0.401584 0.53152
0.3494 0.405816 0.48904
0.39464 0.47 0.51832
0.36912 0.405264 0.44576
0.31972 0.4109 0.4888
0.32704 0.407624 0.50768
0.32904 0.397504 0.48532
0.30632 0.43088 0.54164
0.36232 0.390752 0.43096
0.33992 0.405216 0.46928
0.33672 0.405784 0.532
0.33752 0.425508 0.545
0.3016 0.41766 0.54064
0.313 0.4088 0.51544
0.33668 0.420752 0.51644
0.35968 0.450736 0.503
0.34696 0.407308 0.52816
0.34968 0.44622 0.52788
0.39144 0.44998 0.513
0.38848 0.446032 0.52052
0.37904 0.460912 0.53296
0.39284 0.44432 0.5196
0.35884 0.435476 0.5384
0.3578 0.432236 0.52352
0.29596 0.427976 0.54752
0.3238 0.453264 0.58208
0.36456 0.434392 0.49296
0.33796 0.423736 0.5042
0.37616 0.453688 0.53488
0.3596 0.441496 0.5136
0.38984 0.45852 0.51744
0.3898 0.455736 0.5458
0.35168 0.414416 0.4788
0.36608 0.443652 0.48868
0.38288 0.47034 0.5352
0.33584 0.451384 0.56864
0.3574 0.441652 0.48492
0.3568 0.408824 0.46516
0.35212 0.410732 0.48892
0.37476 0.456536 0.5144
0.30932 0.405896 0.49396
0.33968 0.430684 0.55788
0.40064 0.440124 0.51564
0.34688 0.417832 0.4876
0.36784 0.429172 0.4856
0.33616 0.458284 0.59364
0.30696 0.444012 0.5222
0.35252 0.437852 0.50824
0.40416 0.450912 0.51312
0.39552 0.457548 0.51416
0.37168 0.441752 0.51524
0.36056 0.444632 0.55376
0.36944 0.436656 0.48976
0.32624 0.4617 0.53616
0.35168 0.41006 0.4956
0.32916 0.41536 0.533
0.38564 0.446584 0.52392
0.34312 0.434104 0.51796
0.35588 0.425404 0.52396
0.35788 0.430248 0.55044
0.3088 0.414076 0.5126
0.31624 0.398864 0.49904
0.29044 0.426468 0.52748
0.38944 0.456204 0.51912
0.38996 0.469232 0.52688
0.3738 0.443192 0.53472
0.36756 0.439496 0.57456
0.33956 0.419832 0.48904
0.38612 0.431176 0.50092
0.35484 0.45202 0.56796
0.31616 0.390212 0.45176
0.35604 0.429848 0.52616
0.36208 0.435124 0.51104
0.30624 0.409172 0.48632
0.35964 0.417752 0.53032
0.37692 0.469576 0.54372
0.37424 0.465588 0.58076
0.38896 0.47908 0.5296
0.38536 0.456236 0.52164
0.34928 0.445016 0.52936
0.40668 0.459832 0.53448
0.33648 0.46274 0.54724
0.36768 0.45212 0.51688
0.3722 0.453192 0.56176
0.44844 0.480856 0.52612
0.3952 0.4615 0.55224
0.3688 0.454676 0.55388
0.35948 0.423604 0.5322
0.37872 0.41874 0.52552
0.38124 0.42982 0.48316
0.37424 0.42954 0.47712
0.40032 0.445204 0.54052
0.36372 0.435484 0.5238
0.37144 0.423476 0.46916
0.374 0.430364 0.4956
0.37032 0.406688 0.46016
0.39596 0.444352 0.49744
0.40304 0.4671 0.52688
0.3846 0.452856 0.52004
0.34336 0.45176 0.5404
0.3962 0.442356 0.50072
0.38116 0.419524 0.46912
0.39296 0.464464 0.56936
0.33372 0.45318 0.52036
0.39748 0.454048 0.50952
0.36148 0.427052 0.5196
0.37544 0.449976 0.51536
0.36272 0.465032 0.56848
0.38748 0.431 0.48376
0.38244 0.434132 0.48768
0.32528 0.460824 0.55352
0.32548 0.426948 0.484
0.31608 0.435972 0.51536
0.34856 0.441904 0.59424
0.3598 0.441524 0.52848
0.35736 0.424504 0.4992
0.32732 0.423804 0.52868
0.35072 0.461548 0.56776
0.35172 0.45694 0.55576
0.34276 0.468024 0.5678
0.41416 0.466492 0.57624
0.37208 0.469196 0.55568
0.38512 0.449756 0.50776
0.41636 0.482756 0.56
0.3642 0.447292 0.51856
0.36128 0.424076 0.5152
0.40468 0.497336 0.54652
0.40368 0.474428 0.55356
0.40904 0.447148 0.50796
0.3114 0.436676 0.54176
0.35616 0.46496 0.5744
0.33276 0.468648 0.53732
0.27208 0.40872 0.54496
0.37128 0.39604 0.44788
0.37792 0.42862 0.55104
0.342 0.422816 0.55612
0.31844 0.409148 0.4558
0.33704 0.452052 0.53888
0.38852 0.436764 0.57584
0.337 0.428456 0.51548
0.39536 0.446292 0.56836
0.34856 0.446944 0.52336
0.28952 0.405992 0.48348
0.32648 0.422356 0.51956
0.33872 0.37688 0.41516
0.35956 0.423096 0.47336
0.33864 0.40686 0.58352
0.37572 0.40822 0.44576
0.337 0.378912 0.4366
0.33656 0.404948 0.4458
0.28664 0.426976 0.58848
0.31768 0.433964 0.50576
0.32028 0.38404 0.5018
0.29736 0.377424 0.45476
0.29264 0.381284 0.41296
0.40096 0.476832 0.55792
0.33052 0.413644 0.4458
0.34164 0.434268 0.5182
0.3094 0.415576 0.5408
0.33888 0.44796 0.5392
0.38924 0.454248 0.55964
0.32356 0.424352 0.5602
0.3184 0.420296 0.53668
0.39584 0.459192 0.57184
0.32512 0.4179 0.4802
0.3326 0.437204 0.50768
0.3612 0.423792 0.48112
0.3396 0.409796 0.55072
0.39696 0.443272 0.5554
0.34428 0.415636 0.53704
0.3664 0.440108 0.55464
0.34188 0.453016 0.52008
0.33152 0.418448 0.55844
0.42132 0.44752 0.49168
0.3344 0.411872 0.55012
0.3664 0.457716 0.54168
0.4228 0.453572 0.52216
0.35336 0.424204 0.49064
0.33272 0.450952 0.53016
0.35196 0.441064 0.55376
0.34592 0.43248 0.49188
0.3464 0.394336 0.52224
0.38512 0.448884 0.53628
0.36048 0.448492 0.5638
0.35232 0.438684 0.5368
0.31564 0.43092 0.50156
0.3958 0.452268 0.55068
0.35732 0.414304 0.515
0.33104 0.40812 0.45356
0.34276 0.41832 0.48688
0.34464 0.42316 0.50524
0.34336 0.441756 0.57888
0.29436 0.40328 0.48648
0.35464 0.424812 0.53752
0.35108 0.439796 0.59768
0.3912 0.459748 0.59296
0.37352 0.450652 0.55652
0.3698 0.433332 0.54656
0.34704 0.412668 0.48336
0.36588 0.441176 0.5438
0.37608 0.453996 0.56488
0.33636 0.456568 0.53884
0.35692 0.458064 0.54108
0.41716 0.45628 0.52288
0.38428 0.441092 0.50128
0.41608 0.474964 0.58216
0.37912 0.446716 0.52316
0.37548 0.433312 0.51792
0.34288 0.442716 0.47468
0.35696 0.4368 0.50908
0.37456 0.44958 0.54064
0.34472 0.442352 0.5292
0.35864 0.449884 0.49964
0.36348 0.432644 0.4718
0.38312 0.449048 0.51744
0.37112 0.430796 0.47984
0.3488 0.432212 0.53604
0.39616 0.484832 0.59296
0.3826 0.452624 0.49516
0.37244 0.438112 0.52472
0.4056 0.460532 0.50916
0.40672 0.445564 0.48856
0.37168 0.449176 0.56304
0.33712 0.41466 0.49832
0.37268 0.411892 0.49596
0.36736 0.444528 0.55536
0.33848 0.423816 0.51216
0.36284 0.424944 0.50156
0.32068 0.434712 0.54048
0.32316 0.41702 0.48564
0.32324 0.429136 0.53132
0.29928 0.396352 0.46256
0.33528 0.419668 0.46324
0.35356 0.430356 0.53032
0.3896 0.426492 0.48064
0.35852 0.444956 0.50796
0.36112 0.415524 0.47836
0.39016 0.451184 0.53992
0.37564 0.445684 0.51364
0.40036 0.436244 0.50276
0.39144 0.440072 0.5092
0.324 0.448936 0.5496
0.38416 0.473676 0.52028
0.40616 0.4382 0.51692
0.372 0.446784 0.48088
0.3768 0.441532 0.50488
0.37224 0.429532 0.50608
0.3642 0.462676 0.55584
0.36724 0.42872 0.5334
0.39468 0.452032 0.51032
0.37064 0.461716 0.55344
0.34584 0.42186 0.4996
0.38336 0.447692 0.52464
0.36748 0.479456 0.5408
0.36052 0.420932 0.49548
0.385 0.435632 0.51288
0.43344 0.466856 0.5188
0.41556 0.465336 0.52988
0.35548 0.440904 0.53816
0.38156 0.444708 0.55064
0.36028 0.440856 0.51948
0.33968 0.418772 0.5098
0.36652 0.424936 0.47056
0.367 0.439484 0.52444
0.35616 0.430988 0.50112
0.33244 0.415284 0.50016
0.38748 0.424576 0.48388
0.3524 0.42624 0.50356
0.35668 0.410116 0.50176
0.3742 0.425744 0.49952
0.36424 0.42502 0.49944
0.37748 0.432628 0.50044
0.36228 0.400368 0.44672
0.3764 0.452496 0.5248
0.34248 0.433264 0.51604
0.3376 0.401508 0.5012
0.31872 0.381764 0.431
0.33744 0.39912 0.43848
0.3362 0.40142 0.46744
0.31724 0.437024 0.56704
0.36276 0.445588 0.5016
0.3568 0.428544 0.50568
0.3376 0.430716 0.51344
0.32788 0.417932 0.49884
0.37772 0.463972 0.55968
0.36816 0.446748 0.5472
0.38532 0.43078 0.53264
0.39536 0.437964 0.49028
0.38324 0.442616 0.53212
0.3802 0.448424 0.5442
0.38172 0.460212 0.50304
0.38984 0.4409 0.50472
0.34092 0.447892 0.52672
0.39028 0.450452 0.52372
0.3862 0.456248 0.57312
0.34648 0.462524 0.53928
0.37504 0.462216 0.58576
0.38376 0.436932 0.5456
0.33464 0.407924 0.45468
0.3784 0.415328 0.44736
0.3282 0.440808 0.54168
0.367 0.448544 0.53396
0.334 0.445712 0.52636
0.42656 0.485736 0.56528
0.4124 0.483284 0.55416
0.37396 0.457932 0.51996
0.39772 0.464868 0.53652
0.41716 0.48514 0.56172
0.36452 0.446988 0.53844
0.36036 0.420284 0.4872
0.36244 0.423836 0.55664
0.38976 0.44116 0.5194
0.38344 0.428104 0.52448
0.37972 0.44094 0.4954
0.3412 0.42034 0.5394
0.3324 0.388796 0.4892
0.34448 0.419104 0.46516
0.37048 0.405128 0.44796
0.37988 0.443232 0.51804
0.35752 0.395544 0.44228
0.32488 0.39092 0.45852
0.31948 0.417292 0.52716
0.33824 0.381652 0.44008
0.34448 0.392692 0.44212
0.34112 0.415744 0.45976
0.32868 0.41694 0.492
0.34292 0.390596 0.4992
0.4056 0.495452 0.544
0.36756 0.449672 0.55828
0.371 0.429128 0.49992
0.41044 0.45422 0.53448
0.36016 0.443052 0.47792
0.42664 0.469888 0.59712
0.34424 0.436976 0.52488
0.40304 0.447812 0.53096
0.358 0.460864 0.57696
0.33004 0.467056 0.5168
0.4036 0.451976 0.5192
0.34692 0.453928 0.58
0.408 0.4677 0.55876
0.36588 0.441228 0.54152
0.35664 0.435824 0.52544
0.34412 0.427752 0.47164
0.33416 0.40622 0.43904
0.35524 0.408036 0.48524
0.37964 0.430212 0.53512
0.39556 0.440384 0.51648
0.3262 0.411604 0.4948
0.34808 0.458164 0.57372
0.36208 0.45834 0.55508
0.36404 0.413032 0.52452
0.36124 0.42886 0.529
0.35376 0.444936 0.5206
0.35312 0.4187 0.4956
0.34868 0.446788 0.50932
0.35128 0.40966 0.51748
0.37264 0.41278 0.50376
0.31596 0.38762 0.46296
0.33128 0.375012 0.43244
0.3106 0.384748 0.4378
0.35084 0.40888 0.5194
0.34048 0.386684 0.4374
0.3586 0.397996 0.46496
0.34296 0.418596 0.5536
0.33304 0.385684 0.45408
0.32424 0.369632 0.41712
0.32972 0.386476 0.47388
0.36048 0.399192 0.51236
0.326 0.375132 0.4098
0.3338 0.393488 0.46928
0.3526 0.420428 0.55924
0.34832 0.393308 0.46576
0.391 0.423964 0.4668
0.33668 0.414696 0.45212
0.31184 0.408288 0.48564
0.36052 0.428188 0.47628
0.3886 0.443608 0.50596
0.38292 0.465612 0.57056
0.38016 0.434452 0.53992
0.3474 0.439972 0.49344
0.38212 0.466304 0.5506
0.36996 0.409976 0.45852
0.37496 0.425468 0.48648
0.33584 0.393464 0.46464
0.3726 0.39312 0.44808
0.376 0.44618 0.55204
0.37864 0.430608 0.52156
0.357 0.407544 0.46508
0.37648 0.42626 0.50376
0.33912 0.399552 0.47948
0.36624 0.457116 0.516
0.36652 0.42706 0.4926
0.32948 0.405404 0.4734
0.34536 0.429412 0.54472
0.356 0.412884 0.51484
0.36672 0.441652 0.4764
0.345 0.414648 0.50768
0.35928 0.408644 0.49424
0.32176 0.402044 0.48708
0.36124 0.408544 0.49776
0.324 0.373072 0.4428
0.29584 0.370616 0.41624
0.32724 0.377232 0.42252
0.33256 0.37964 0.45812
0.32884 0.387408 0.46236
0.3124 0.393 0.47584
0.31496 0.370652 0.47976
0.34496 0.390424 0.44056
0.30232 0.360504 0.41556
0.34008 0.40132 0.47288
0.33836 0.376012 0.44988
0.3688 0.39418 0.42296
0.31008 0.385148 0.4484
0.33232 0.395228 0.4766
0.34728 0.411828 0.52224
0.33392 0.395444 0.447
0.33304 0.42318 0.52472
0.35648 0.447788 0.52196
0.37188 0.432652 0.50556
0.34268 0.421444 0.50836
0.362 0.434348 0.5136
0.39352 0.442584 0.49176
0.39732 0.437948 0.49936
0.37788 0.444872 0.536
0.3766 0.431984 0.52024
0.39292 0.42594 0.48924
0.38572 0.427088 0.51584
0.36664 0.431676 0.50636
0.37108 0.430824 0.48256
0.39752 0.44722 0.51112
0.39964 0.477344 0.55328
0.39812 0.480296 0.55608
0.4112 0.47878 0.59232
0.44212 0.489324 0.52688
0.4434 0.477752 0.55184
0.41388 0.484392 0.5662
0.42364 0.501696 0.564
0.4102 0.452304 0.53564
0.38072 0.449212 0.52692
0.42532 0.460756 0.50924
0.3578 0.463532 0.5636
0.40952 0.461428 0.51088
0.38132 0.439112 0.48664
0.38364 0.464052 0.51724
0.39916 0.458644 0.54332
0.39248 0.478132 0.55684
0.42336 0.485628 0.54464
0.3956 0.454856 0.50472
0.384 0.440168 0.49864
0.38904 0.43098 0.51892
0.4086 0.459136 0.569
0.34732 0.419024 0.45072
0.35768 0.452588 0.5466
0.33908 0.42794 0.53324
0.39864 0.45078 0.53712
0.36292 0.437016 0.52164
0.38628 0.43876 0.52472
0.38216 0.423572 0.50468
0.38212 0.419696 0.515
0.36688 0.432408 0.48472
0.389 0.443796 0.51072
0.38832 0.454272 0.50448
0.35016 0.438 0.5356
0.41624 0.463264 0.50884
0.42384 0.46526 0.56556
0.43236 0.448268 0.4722
0.40716 0.461056 0.54724
0.40224 0.460916 0.51764
0.46 0.48536 0.52756
0.3788 0.452256 0.53736
0.37364 0.4554 0.50736
0.42108 0.491448 0.562
0.44316 0.49836 0.561
0.4138 0.465256 0.51064
0.41472 0.476256 0.53372
0.3864 0.452732 0.49604
0.416 0.446768 0.52068
0.39044 0.446424 0.4996
0.38184 0.440316 0.51096
0.3766 0.455812 0.49812
0.36372 0.415812 0.49912
0.36328 0.423892 0.497
0.38576 0.426008 0.474
0.3556 0.417676 0.49584
0.36228 0.403628 0.52276
0.3648 0.41702 0.54864
0.357 0.395452 0.43576
0.30168 0.3726 0.42532
0.34892 0.399812 0.43676
0.35172 0.412732 0.47276
0.39736 0.430872 0.47272
0.3168 0.402368 0.45004
0.38544 0.428188 0.47572
0.37472 0.421696 0.506
0.37488 0.438876 0.51076
0.3812 0.433728 0.4984
0.37444 0.427264 0.46932
0.35856 0.426476 0.49664
0.36616 0.415184 0.53384
0.36592 0.427928 0.48116
0.3742 0.407948 0.50384
0.36056 0.407872 0.52412
0.36288 0.415752 0.50568
0.35076 0.41196 0.49052
0.3608 0.428364 0.54308
0.38088 0.445248 0.52352
0.3804 0.4476 0.53888
0.38964 0.44872 0.5272
0.38 0.4174 0.4648
0.38352 0.446548 0.49908
0.3932 0.45946 0.51796
0.394 0.459644 0.51116
0.39776 0.45148 0.51488
0.45564 0.515752 0.5672
0.4076 0.485356 0.55768
0.4412 0.499308 0.5598
0.47832 0.52144 0.57936
0.42924 0.504824 0.55492
0.40636 0.4923 0.56796
0.40148 0.471764 0.552
0.44432 0.488068 0.53904
0.45976 0.49706 0.5504
0.4148 0.479868 0.56248
0.40776 0.479284 0.55136
0.42892 0.479368 0.55144
0.412 0.4514 0.57676
0.39848 0.4769 0.55836
0.4294 0.48972 0.5716
0.39584 0.471296 0.58096
0.4238 0.498104 0.55056
0.385 0.470312 0.554
0.34392 0.4499 0.50732
0.38208 0.459156 0.5104
0.378 0.462316 0.55088
0.37372 0.412424 0.51192
0.37684 0.409932 0.43908
0.36288 0.41538 0.45084
0.32304 0.395788 0.45308
0.32384 0.376024 0.44252
0.343 0.398096 0.45988
0.34476 0.398028 0.4792
0.33164 0.385624 0.48612
0.3666 0.393536 0.42852
0.3442 0.399888 0.45812
0.33264 0.39754 0.44372
0.37112 0.407408 0.45788
0.36716 0.399608 0.4362
0.36208 0.40394 0.492
0.36552 0.397992 0.42912
0.34496 0.39154 0.4572
0.36796 0.409968 0.46148
0.34804 0.426576 0.5116
0.35752 0.399268 0.45664
0.33516 0.37658 0.44188
0.33148 0.38136 0.44476
0.36108 0.426276 0.46624
0.41884 0.442036 0.4826
0.31264 0.402888 0.4414
0.419 0.458692 0.51632
0.37828 0.436836 0.50412
0.38764 0.44056 0.48332
0.37712 0.453964 0.50512
0.38788 0.44126 0.53512
0.3814 0.455624 0.49328
0.40032 0.461128 0.50948
0.38644 0.454764 0.51528
0.38312 0.43834 0.53348
0.38676 0.438284 0.50444
0.41328 0.440376 0.4666
0.36744 0.441992 0.49464
0.39484 0.443504 0.52716
0.43716 0.469752 0.53464
0.43788 0.45546 0.48288
0.36872 0.421908 0.48908
0.37776 0.43294 0.48128
0.37224 0.43476 0.52988
0.381 0.42618 0.5014
0.41492 0.485744 0.53772
0.3938 0.456488 0.5084
0.39012 0.455568 0.49932
0.39024 0.449076 0.49468
0.38168 0.449624 0.49004
0.40652 0.459528 0.506
0.40768 0.473024 0.5472
0.41668 0.469812 0.50484
0.41604 0.473764 0.5232
0.40192 0.484736 0.53316
0.40856 0.458524 0.52484
0.41692 0.447832 0.50232
0.37628 0.463848 0.51236
0.417 0.449024 0.50584
0.3898 0.455568 0.51376
0.40088 0.451904 0.51336
0.41592 0.457112 0.51232
0.3892 0.435688 0.54852
0.3734 0.45704 0.50332
0.36032 0.42928 0.48396
0.37924 0.429928 0.48632
0.37016 0.427344 0.49316
0.37384 0.420968 0.48532
0.37588 0.444548 0.49148
0.36948 0.421868 0.46984
0.36808 0.431076 0.50756
0.36592 0.440612 0.49652
0.37044 0.438356 0.49292
0.42588 0.457384 0.49852
0.36336 0.42708 0.4854
0.36612 0.426596 0.48508
0.42412 0.449908 0.47732
0.43152 0.461964 0.56192
0.4028 0.482976 0.57264
0.42296 0.466476 0.53828
0.401 0.481976 0.52208
0.38256 0.45404 0.54476
0.39508 0.467456 0.57216
0.4016 0.444772 0.49988
0.39012 0.454436 0.54312
0.42244 0.463912 0.50836
0.43652 0.461544 0.54004
0.39472 0.45616 0.52048
0.41972 0.454008 0.52784
0.39168 0.46704 0.505
0.42908 0.472192 0.50432
0.42568 0.467572 0.53864
0.38512 0.465208 0.51516
0.42628 0.483828 0.54276
0.41568 0.470816 0.5144
0.4354 0.488564 0.55292
0.4496 0.481628 0.50364
0.40824 0.489748 0.54364
0.43736 0.462152 0.4842
0.4524 0.475644 0.53252
0.4272 0.486168 0.57164
0.41396 0.49268 0.53424
0.47352 0.499812 0.54952
0.4506 0.502712 0.54344
0.42176 0.450884 0.49644
0.413 0.447844 0.49856
0.415 0.472548 0.52592
0.35024 0.436388 0.50128
0.39392 0.441444 0.50216
0.38264 0.454208 0.50668
0.38912 0.438484 0.47808
0.4128 0.442232 0.48064
0.37908 0.444916 0.56868
0.37368 0.407492 0.45512
0.40504 0.438484 0.52744
0.36856 0.418032 0.4844
0.37316 0.435316 0.5044
0.3858 0.437404 0.48516
0.39312 0.445656 0.5248
0.36932 0.424664 0.47512
0.37268 0.410288 0.44772
0.396 0.440324 0.4974
0.37928 0.436668 0.51456
0.3828 0.445884 0.57088
0.35336 0.41386 0.49748
0.37048 0.437296 0.4964
0.41284 0.450276 0.49192
0.40196 0.434384 0.4572
0.35812 0.43428 0.50384
0.38672 0.4282 0.48
0.34324 0.411996 0.48092
0.38468 0.435916 0.50756
0.35152 0.426816 0.4922
0.39304 0.435628 0.50708
0.39696 0.43924 0.51072
0.39596 0.448808 0.551
0.39692 0.442332 0.499
0.39968 0.43848 0.52132
0.39796 0.434668 0.48972
0.40756 0.442624 0.47916
0.3922 0.42004 0.45056
0.39944 0.443044 0.48536
0.39716 0.458888 0.53576
0.38976 0.4322 0.456
0.3866 0.439832 0.50408
0.3676 0.4231 0.4776
0.37528 0.434996 0.52684
0.37328 0.43754 0.5138
0.38636 0.43124 0.4774
0.4262 0.479128 0.56656
0.41804 0.464464 0.5026
0.40732 0.434188 0.47144
0.44428 0.470544 0.54628
0.41908 0.473524 0.55028
0.40684 0.459256 0.57204
0.40392 0.455656 0.54912
0.41528 0.4674 0.5408
0.43472 0.477196 0.5572
0.40244 0.452896 0.48976
0.43324 0.476636 0.5824
0.40572 0.483356 0.59824
0.40756 0.451432 0.48876
0.39776 0.461452 0.57576
0.42388 0.446456 0.47668
0.37308 0.439348 0.46472
0.37328 0.436832 0.47508
0.41236 0.45624 0.51664
0.43904 0.461576 0.51768
0.37144 0.444796 0.51164
0.42236 0.454404 0.49612
0.41244 0.443972 0.48076
0.41464 0.460116 0.54776
0.44128 0.47552 0.5202
0.41624 0.439172 0.47644
0.38328 0.436404 0.47576
0.39484 0.4511 0.52432
0.40756 0.438372 0.50632
0.39808 0.455996 0.519
0.40644 0.461616 0.51504
0.386 0.434656 0.51104
0.40832 0.434268 0.49168
0.37936 0.430932 0.5642
0.3712 0.436328 0.47912
0.423 0.43344 0.44628
0.38364 0.425904 0.49192
0.42436 0.443876 0.46124
0.3846 0.449968 0.49416
0.40928 0.447704 0.4772
0.4044 0.45376 0.49028
0.40652 0.460944 0.53348
0.4104 0.47402 0.52892
0.39144 0.433132 0.47488
0.39048 0.415592 0.462
0.40716 0.45008 0.4782
0.403 0.436592 0.4962
0.39048 0.418172 0.45392
0.39092 0.430816 0.4686
0.40132 0.431028 0.47152
0.40728 0.442568 0.49112
0.39972 0.434936 0.47368
0.41084 0.429072 0.4626
0.40204 0.43738 0.51232
0.40208 0.42246 0.44756
0.3974 0.438408 0.51592
0.36776 0.432964 0.49144
0.39528 0.42804 0.47916
0.3694 0.418288 0.4496
0.40512 0.45734 0.52196
0.3632 0.438648 0.48376
0.41956 0.438336 0.49708
0.38632 0.436996 0.47264
0.38576 0.440216 0.49356
0.41408 0.443552 0.47884
0.4164 0.452836 0.49336
0.43564 0.454188 0.48856
0.43864 0.45186 0.46344
0.43552 0.485988 0.53848
0.4184 0.464176 0.51348
0.4202 0.454412 0.49884
0.3864 0.438776 0.4748
0.41464 0.460272 0.50564
0.39868 0.44074 0.5032
0.40764 0.436608 0.46008
0.39864 0.445956 0.50588
0.39472 0.440516 0.4964
0.39116 0.442464 0.47932
0.40568 0.433092 0.46444
0.41348 0.4522 0.52384
0.38508 0.435652 0.505
0.3946 0.439992 0.51532
0.43004 0.461956 0.51632
0.41768 0.465364 0.5184
0.40168 0.457252 0.52976
0.42124 0.471444 0.53572
0.39324 0.450768 0.48776
0.42808 0.454272 0.4834
0.42884 0.468972 0.52536
0.44292 0.478836 0.52564
0.45824 0.476888 0.51916
0.43728 0.469088 0.50984
0.43536 0.462972 0.51176
0.44328 0.478544 0.5216
0.43024 0.469064 0.51164
0.43884 0.464908 0.519
0.407 0.455768 0.51084
0.40764 0.457136 0.5058
0.39924 0.451124 0.5036
0.43056 0.46582 0.55008
0.43008 0.455016 0.50228
0.40884 0.4404 0.53528
0.39908 0.433796 0.44732
0.4052 0.441564 0.47768
0.40064 0.45152 0.50232
0.39848 0.424224 0.4868
0.4148 0.45268 0.54284
0.37224 0.448848 0.54196
0.41444 0.451444 0.49424
0.40956 0.463684 0.53412
0.42756 0.464668 0.50516
0.41916 0.458136 0.51164
0.41204 0.460848 0.48708
0.41356 0.474832 0.5294
0.43316 0.48016 0.52684
0.46028 0.495192 0.5382
0.42788 0.492572 0.54144
0.43188 0.485244 0.53032
0.44236 0.502128 0.59312
0.484 0.4987 0.5364
0.45644 0.496636 0.52832
0.46316 0.492988 0.51452
0.46004 0.480668 0.5282
0.4502 0.482384 0.52152
0.43664 0.4808 0.54952
0.40724 0.485996 0.55936
0.47116 0.497172 0.513
0.43868 0.497536 0.57072
0.45152 0.485392 0.541
0.4522 0.495516 0.55228
0.40968 0.4602 0.5594
0.41356 0.468632 0.57412
0.42816 0.484912 0.56952
0.43488 0.464648 0.49604
0.43708 0.478836 0.52076
0.43088 0.460856 0.48988
0.4322 0.468436 0.50468
0.41492 0.469556 0.5036
0.39636 0.464852 0.51304
0.41784 0.460176 0.49792
0.40776 0.459816 0.49696
0.43792 0.472024 0.53856
0.43328 0.478896 0.5346
0.4294 0.483036 0.52332
0.41152 0.466704 0.52504
0.38776 0.457364 0.49676
0.40012 0.458248 0.51828
0.41208 0.443536 0.51036
0.34848 0.413592 0.44892
0.38028 0.424804 0.46036
0.37456 0.422912 0.47376
0.3764 0.421044 0.45168
0.38896 0.427956 0.47424
0.38548 0.422908 0.47948
0.39896 0.420376 0.44312
0.4008 0.435144 0.48652
0.35964 0.41744 0.4538
0.39368 0.435208 0.48452
0.39628 0.439876 0.49124
0.38572 0.436328 0.47424
0.41624 0.453232 0.49696
0.42504 0.447216 0.46576
0.40232 0.442608 0.5224
0.42284 0.458404 0.4922
0.40652 0.457048 0.50632
0.42176 0.452984 0.49016
0.40724 0.436532 0.47164
0.38452 0.451852 0.48524
0.3844 0.44724 0.47848
0.37512 0.446908 0.52176
0.40208 0.453368 0.5408
0.40864 0.440936 0.48796
0.41308 0.443424 0.49288
0.42112 0.458564 0.50724
0.41032 0.443952 0.49612
0.41564 0.448464 0.48136
0.39212 0.4333 0.47824
0.42256 0.449872 0.51876
0.4072 0.436676 0.46764
0.42828 0.446352 0.4894
0.3942 0.431732 0.49308
0.42464 0.452936 0.50368
0.37924 0.439396 0.4778
0.42156 0.43954 0.48112
0.41152 0.43302 0.46168
0.41268 0.446724 0.46252
0.41236 0.440588 0.4632
0.42828 0.43952 0.46392
0.41976 0.448644 0.47544
0.43 0.448988 0.48068
0.42752 0.451976 0.49188
0.43928 0.45126 0.47376
0.43 0.457216 0.50876
0.42776 0.481496 0.55904
0.46588 0.4801 0.50216
0.42544 0.460732 0.52516
0.44632 0.455668 0.48752
0.4482 0.46922 0.51652
0.43512 0.4631 0.52184
0.45244 0.467412 0.5112
0.45532 0.477296 0.5194
0.4136 0.45746 0.47184
0.40708 0.468316 0.49784
0.43936 0.475384 0.508
0.42696 0.462868 0.486
0.4032 0.442316 0.4726
0.39848 0.438956 0.47496
0.39596 0.450436 0.49992
0.39716 0.44224 0.49492
0.40204 0.429488 0.4948
0.36728 0.425024 0.46144
0.4018 0.427668 0.47304
0.36616 0.425196 0.4766
0.40828 0.440844 0.47192
0.40288 0.426752 0.45424
0.39572 0.427684 0.47644
0.38272 0.419564 0.50456
0.39812 0.423632 0.48288
0.3906 0.412336 0.47924
0.385 0.406948 0.45368
0.38736 0.414268 0.46824
0.34972 0.42066 0.49032
0.38576 0.413188 0.43324
0.3762 0.418692 0.46236
0.3942 0.436072 0.46468
0.37164 0.424412 0.4606
0.38228 0.440196 0.46828
0.41552 0.441776 0.49404
0.41112 0.441768 0.47908
0.40944 0.433744 0.476
0.41904 0.44036 0.48328
0.42156 0.44924 0.51696
0.4268 0.446944 0.464
0.41216 0.432312 0.4608
0.41972 0.454252 0.49336
0.41964 0.454872 0.49
0.39808 0.437764 0.47456
0.40028 0.441636 0.47448
0.38708 0.409824 0.43596
0.39012 0.421484 0.45092
0.4 0.422824 0.48572
0.36956 0.398144 0.417
0.36336 0.39214 0.41688
0.37564 0.409532 0.45592
0.36804 0.385872 0.41728
0.35052 0.407444 0.44252
0.37516 0.403768 0.43864
0.31588 0.387072 0.4312
0.37256 0.391108 0.41264
0.37436 0.403116 0.43548
0.36572 0.38996 0.44364
0.33704 0.368864 0.40744
0.32888 0.36386 0.40736
0.36784 0.403484 0.4204
0.36104 0.386564 0.41932
0.36936 0.398388 0.42064
0.40276 0.426748 0.43428
0.36356 0.408412 0.44348
0.35924 0.408684 0.44256
0.388 0.410572 0.45596
0.36792 0.39976 0.45608
0.35752 0.396608 0.40788
0.35752 0.405588 0.41812
0.4092 0.41446 0.42468
0.36572 0.41148 0.44056
0.38268 0.435752 0.52684
0.41988 0.438316 0.4938
0.42172 0.437224 0.4812
0.38972 0.43574 0.473
0.37856 0.428756 0.4726
0.39128 0.423872 0.47272
0.39104 0.422904 0.49644
0.3672 0.423436 0.4618
0.3912 0.40968 0.43812
0.37696 0.4325 0.47636
0.43356 0.46684 0.4842
0.3928 0.455124 0.49296
0.407 0.42532 0.44004
0.39992 0.427304 0.46492
0.37076 0.430064 0.48808
0.3956 0.421068 0.46208
0.39716 0.425052 0.44988
0.39772 0.41866 0.48512
0.37836 0.417132 0.4708
0.39212 0.420268 0.4962
0.38392 0.413428 0.45948
0.35952 0.408932 0.4498
0.36712 0.413048 0.44788
0.37892 0.413756 0.45956
0.38388 0.418392 0.45048
0.35524 0.390872 0.44072
0.38296 0.41522 0.45036
0.39652 0.423536 0.46472
0.3664 0.426332 0.4722
0.38332 0.422432 0.48088
0.401 0.436164 0.45692
0.40964 0.444964 0.49832
0.39216 0.433852 0.46092
0.41448 0.45206 0.48728
0.4142 0.450572 0.4928
0.39684 0.443084 0.50128
0.43684 0.466688 0.52788
0.4344 0.45182 0.48948
0.42744 0.460704 0.53052
0.39804 0.47668 0.52248
0.42248 0.47336 0.51372
0.42732 0.464788 0.49924
0.41896 0.478692 0.51744
0.45012 0.480036 0.5058
0.45656 0.500504 0.556
0.42348 0.504388 0.56272
0.39844 0.475592 0.54868
0.43644 0.471464 0.50456
0.42736 0.457376 0.49352
0.43068 0.46726 0.50432
0.42576 0.451128 0.47428
0.40168 0.461628 0.4994
0.43724 0.471124 0.53252
0.43432 0.465952 0.54072
0.41164 0.457408 0.50748
0.40848 0.472824 0.54448
0.40876 0.469484 0.53156
0.43528 0.447612 0.49508
0.42736 0.457896 0.53184
0.37024 0.418448 0.45264
0.41736 0.460748 0.4974
0.433 0.45666 0.5138
0.41668 0.459984 0.51712
0.42336 0.444684 0.47584
0.38664 0.441584 0.48368
0.4216 0.451352 0.50416
0.39944 0.433604 0.47952
0.40028 0.429832 0.44604
0.4024 0.441256 0.48216
0.40736 0.461228 0.5274
0.40068 0.445352 0.52448
0.417 0.457776 0.51496
0.39676 0.45398 0.49944
0.39488 0.436004 0.49376
0.3996 0.4382 0.49348
0.39768 0.42976 0.45952
0.39644 0.438628 0.48404
0.38984 0.425348 0.46248
0.37856 0.436156 0.52992
0.36608 0.413312 0.47928
0.38272 0.410456 0.4498
0.41428 0.440496 0.4788
0.37576 0.436436 0.52208
0.38884 0.428552 0.48372
0.42228 0.453072 0.50252
0.38088 0.432372 0.49156
0.3776 0.42632 0.46036
0.36848 0.414316 0.4408
0.37184 0.425552 0.4574
0.36976 0.43672 0.49168
0.37804 0.413244 0.44836
0.39804 0.428936 0.45704
0.36584 0.414808 0.45616
0.392 0.413392 0.48676
0.364 0.418576 0.4936
0.3934 0.430088 0.56456
0.38252 0.416524 0.46296
0.34552 0.392856 0.47044
0.37528 0.413388 0.47264
0.32428 0.389832 0.46012
0.34304 0.388428 0.42872
0.345 0.386692 0.4652
0.37524 0.404452 0.45696
0.3778 0.41796 0.479
0.37868 0.443416 0.51084
0.39032 0.426816 0.51244
0.38864 0.441308 0.50584
0.39072 0.430268 0.54572
0.39136 0.437424 0.497
0.3644 0.423324 0.50532
0.38952 0.417488 0.4808
0.39332 0.436332 0.4768
0.39372 0.43732 0.51908
0.39616 0.437132 0.4818
0.39184 0.426416 0.46672
0.35548 0.417924 0.45624
0.3868 0.413344 0.48852
0.38668 0.43584 0.48372
0.4014 0.441408 0.47276
0.38452 0.413232 0.45136
0.38116 0.421224 0.46324
0.3888 0.436092 0.53552
0.38216 0.43604 0.57552
0.39776 0.428148 0.46028
0.38772 0.421832 0.47156
0.38188 0.422324 0.48108
0.3908 0.412388 0.44064
0.38744 0.42386 0.46572
0.3866 0.411332 0.45084
0.39912 0.42736 0.46064
0.3712 0.425276 0.48136
0.37352 0.422784 0.47972
0.42464 0.456856 0.49012
0.41592 0.438444 0.4638
0.41052 0.455092 0.5346
0.41288 0.443064 0.48008
0.41076 0.446712 0.4942
0.4108 0.442016 0.47964
0.42076 0.448568 0.45952
0.41444 0.439236 0.5056
0.38116 0.437368 0.50448
0.39484 0.447796 0.4906
0.39256 0.450868 0.48212
0.37836 0.461776 0.54228
0.396 0.449508 0.47392
0.4232 0.46014 0.48496
0.40516 0.460348 0.47624
0.39772 0.437796 0.4952
0.41128 0.456452 0.54628
0.38868 0.428296 0.4904
0.40248 0.438444 0.46008
0.37084 0.409868 0.4442
0.42436 0.451908 0.4776
0.42272 0.441628 0.47188
0.40444 0.4504 0.53884
0.37688 0.43454 0.46368
0.40196 0.454164 0.49072
0.404 0.466124 0.5318
0.4094 0.457404 0.5114
0.43012 0.4757 0.54732
0.4518 0.47948 0.54284
0.44644 0.4775 0.51296
0.42032 0.466172 0.53996
0.42308 0.47894 0.53572
0.40584 0.480024 0.5356
0.42284 0.455556 0.48568
0.42904 0.4489 0.47688
0.43072 0.469536 0.52132
0.4476 0.463876 0.5098
0.41504 0.45266 0.5118
0.4108 0.465996 0.5156
0.45012 0.482908 0.52288
0.43332 0.468832 0.54876
0.41856 0.470404 0.49844
0.41576 0.45488 0.48608
0.41724 0.446244 0.46448
0.41712 0.45846 0.54688
0.421 0.471368 0.49412
0.38592 0.45108 0.49408
0.42904 0.466736 0.49468
0.38936 0.454588 0.52824
0.39056 0.456624 0.50172
0.4322 0.458008 0.47968
0.39932 0.445444 0.50696
0.39624 0.449476 0.50576
0.41524 0.450328 0.49188
0.37632 0.446644 0.48628
0.3994 0.46312 0.51052
0.42592 0.459996 0.51368
0.436 0.458736 0.4918
0.44792 0.472688 0.53404
0.4178 0.452216 0.48968
0.41828 0.467112 0.51928
0.41936 0.462792 0.52024
0.44324 0.472532 0.51856
0.42964 0.463368 0.51248
0.42192 0.469584 0.52272
0.46052 0.481388 0.51344
0.41912 0.4514 0.49624
0.41936 0.4665 0.54116
0.42868 0.458844 0.4976
0.4466 0.46946 0.53236
0.41276 0.4472 0.4762
0.45172 0.4639 0.482
0.40016 0.443692 0.49296
0.41572 0.461656 0.54168
0.40788 0.444132 0.46896
0.42884 0.448512 0.48036
0.3924 0.455408 0.5108
0.39768 0.447916 0.50568
0.36496 0.42104 0.45956
0.3912 0.418112 0.4966
0.3962 0.426372 0.47428
0.3664 0.427208 0.53572
0.3974 0.433596 0.47024
0.41348 0.456944 0.49832
0.36148 0.443512 0.51484
0.37604 0.435964 0.489
0.38064 0.450992 0.4986
0.39516 0.438164 0.47404
0.39128 0.429024 0.46252
0.36004 0.42506 0.4646
0.37752 0.429784 0.49812
0.40876 0.42902 0.48356
0.37956 0.411632 0.45804
0.38776 0.408872 0.42756
0.3486 0.420432 0.47488
0.39256 0.42118 0.44092
0.37964 0.424992 0.45
0.3616 0.41534 0.4572
0.38668 0.418564 0.44448
0.3468 0.379252 0.42692
0.35596 0.389988 0.47228
0.35348 0.388016 0.4218
0.34904 0.385372 0.40628
0.35628 0.391292 0.448
0.34336 0.386732 0.4308
0.3908 0.42766 0.47256
0.37204 0.408716 0.46056
0.38252 0.416132 0.4704
0.41656 0.4499 0.55244
0.42444 0.446508 0.5202
0.42072 0.447708 0.50148
0.44272 0.465412 0.48916
0.41636 0.459124 0.47844
0.3982 0.465144 0.51652
0.43816 0.466932 0.48876
0.42816 0.464012 0.519
0.40836 0.465 0.49228
0.40524 0.465332 0.55744
0.41608 0.455888 0.52452
0.44164 0.457364 0.47968
0.40268 0.474372 0.5336
0.39796 0.448888 0.5092
0.40052 0.452908 0.48804
0.44916 0.464172 0.511
0.39796 0.44652 0.51164
0.40172 0.4332 0.47264
0.39504 0.434768 0.50128
0.37824 0.424692 0.45696
0.39284 0.439712 0.52644
0.37956 0.4409 0.47528
0.383 0.447956 0.50744
0.38524 0.435272 0.46392
0.41664 0.442844 0.48616
0.40944 0.459044 0.50708
0.39916 0.4509 0.50608
0.381 0.430124 0.46244
0.40596 0.434624 0.48528
0.40304 0.436192 0.49012
0.36492 0.403284 0.46124
0.39004 0.417356 0.44128
0.36796 0.4274 0.52332
0.3864 0.41368 0.43756
0.36596 0.420444 0.47412
0.39504 0.409628 0.4376
0.37108 0.429272 0.49288
0.39384 0.4379 0.50124
0.37728 0.42302 0.45128
0.40484 0.433388 0.49808
0.40324 0.435748 0.46288
0.38676 0.421464 0.454
0.38288 0.443144 0.52388
0.41932 0.449452 0.49004
0.36884 0.429436 0.47648
0.36388 0.416424 0.45676
0.36164 0.417536 0.48256
0.37564 0.4344 0.50036
0.40252 0.442124 0.49572
0.40624 0.431104 0.47244
0.39244 0.433936 0.49088
0.38824 0.431576 0.48332
0.41052 0.44922 0.4926
0.40044 0.434476 0.52064
0.3696 0.416992 0.51188
0.39728 0.43158 0.50016
0.36548 0.414764 0.4622
0.35348 0.413368 0.47232
0.3648 0.42374 0.48228
0.38676 0.42258 0.4442
0.38308 0.416604 0.46748
0.37952 0.422932 0.47568
0.3796 0.409888 0.4668
0.34328 0.384348 0.42492
0.34336 0.381696 0.44104
0.352 0.384652 0.4064
0.35276 0.402608 0.52416
0.3654 0.389492 0.41744
0.36388 0.407164 0.42968
0.37304 0.413796 0.44192
0.3746 0.421172 0.4562
0.38356 0.436016 0.47312
0.4278 0.448388 0.45592
0.37884 0.430872 0.47308
0.3792 0.441292 0.50552
0.43196 0.47294 0.5558
0.373 0.456912 0.4934
0.4216 0.462576 0.48844
0.39152 0.445952 0.48476
0.43584 0.457864 0.489
0.4294 0.463036 0.52608
0.43876 0.463696 0.50428
0.43732 0.463576 0.51504
0.3968 0.472932 0.53868
0.4102 0.463976 0.51028
0.4004 0.439472 0.47268
0.41892 0.4591 0.51228
0.3806 0.429424 0.4538
0.35368 0.411272 0.46228
0.40292 0.437376 0.48876
0.37664 0.412652 0.44932
0.37732 0.401204 0.41512
0.37732 0.405732 0.45076
0.36716 0.395564 0.42508
0.36856 0.399328 0.42508
0.37004 0.392804 0.4142
0.364 0.373044 0.38672
0.37292 0.378836 0.40568
0.35612 0.388752 0.44584
0.3352 0.365568 0.38416
0.3636 0.376616 0.40992
0.33804 0.373304 0.40132
0.34528 0.376224 0.4192
0.33 0.383128 0.4326
0.33024 0.370908 0.41552
0.34812 0.395532 0.44184
0.34868 0.390656 0.44268
0.37956 0.401056 0.4344
0.3886 0.41632 0.4802
0.36216 0.399324 0.43964
0.33816 0.388156 0.42064
0.36468 0.401968 0.4542
0.37904 0.405256 0.45328
0.366 0.394888 0.44556
0.36604 0.406724 0.45604
0.35248 0.407632 0.4458
0.3828 0.403756 0.42268
0.38056 0.421628 0.45844
0.38176 0.423268 0.46048
0.35444 0.42184 0.49536
0.37476 0.432128 0.52076
0.39764 0.43734 0.4786
0.37516 0.410712 0.501
0.37736 0.4285 0.45952
0.38484 0.42568 0.45996
0.39276 0.422932 0.47268
0.39172 0.419444 0.46808
0.36504 0.403608 0.44012
0.38712 0.40976 0.4306
0.36136 0.3882 0.41224
0.35172 0.390632 0.44152
0.35864 0.396896 0.43108
0.378 0.386124 0.3998
0.38104 0.399224 0.43392
0.38232 0.389944 0.4338
0.37232 0.402128 0.43972
0.37512 0.400252 0.44496
0.37144 0.407336 0.44484
0.35932 0.397216 0.42996
0.36304 0.400692 0.44956
0.3762 0.401748 0.4422
0.37372 0.394724 0.45484
0.36956 0.4077 0.43312
0.3574 0.40464 0.42876
0.36728 0.405736 0.43064
0.36144 0.410264 0.53052
0.37092 0.405008 0.49896
0.3664 0.408504 0.45884
0.36836 0.391176 0.44016
0.35988 0.381552 0.42656
0.36332 0.377444 0.41676
0.335 0.375572 0.4082
0.33792 0.380084 0.4236
0.36128 0.382848 0.40492
0.35856 0.392472 0.42028
0.36028 0.380224 0.39752
0.34736 0.387272 0.4276
0.34536 0.387448 0.45616
0.34964 0.378048 0.40696
0.36408 0.395004 0.44672
0.36324 0.39456 0.44904
0.38604 0.417724 0.46432
0.35356 0.392356 0.41872
0.37524 0.389084 0.4282
0.37864 0.409416 0.44004
0.33156 0.391892 0.44116
0.34888 0.379388 0.39116
0.34456 0.403196 0.45872
0.3686 0.38862 0.41272
0.37936 0.399384 0.44524
0.3712 0.392388 0.4328
0.32712 0.404112 0.45204
0.37048 0.392688 0.43004
0.38492 0.401588 0.45484
0.36328 0.399876 0.43668
0.37964 0.412456 0.44132
0.3656 0.40266 0.4296
0.39 0.406684 0.43888
0.38968 0.409144 0.45392
0.37984 0.41258 0.44584
0.36288 0.405152 0.44672
0.37096 0.407192 0.43728
0.39164 0.420016 0.45096
0.37964 0.397124 0.4206
0.37964 0.401192 0.41204
0.38004 0.407352 0.42732
0.36564 0.407304 0.47152
0.37592 0.409004 0.42976
0.36604 0.404268 0.42716
0.3896 0.4184 0.45196
0.38152 0.403572 0.44044
0.35336 0.409348 0.45068
0.38596 0.40492 0.4276
0.35936 0.414004 0.48828
0.36696 0.411576 0.48712
0.40412 0.423196 0.44616
0.39364 0.426428 0.44496
0.39368 0.420724 0.45452
0.4008 0.428084 0.45404
0.38756 0.410404 0.43792
0.39572 0.4285 0.47952
0.37976 0.418808 0.44056
0.37992 0.415788 0.44212
0.4004 0.4235 0.44812
0.40548 0.425784 0.44828
0.38592 0.424944 0.46396
0.4054 0.428064 0.47232
0.37144 0.3984 0.42492
0.3718 0.404068 0.43716
0.376 0.399896 0.4564
0.37732 0.412932 0.43744
0.38188 0.399784 0.4384
0.37924 0.417868 0.43908
0.38396 0.406372 0.43
0.39188 0.41158 0.43712
0.38588 0.407776 0.44536
0.37908 0.410016 0.4354
0.36596 0.400584 0.44496
0.37792 0.401004 0.42376
0.3706 0.404652 0.43796
0.37072 0.39682 0.42256
0.37208 0.395432 0.42136
0.36796 0.39536 0.42904
0.37584 0.395332 0.41432
0.37576 0.390704 0.44492
0.34428 0.389492 0.42196
0.35104 0.39174 0.42356
0.37948 0.398172 0.44668
0.343 0.379944 0.40268
0.35108 0.38388 0.4216
0.3748 0.38474 0.42352
0.37852 0.388316 0.42248
0.37568 0.38234 0.406
0.37428 0.38932 0.40888
0.37444 0.382824 0.39364
0.37308 0.39062 0.44016
0.36996 0.3819 0.39804
0.35568 0.386884 0.42864
0.374 0.392392 0.4312
0.37376 0.38962 0.4284
0.33716 0.394672 0.42976
0.35472 0.396988 0.44344
0.3622 0.395296 0.4404
0.3918 0.40894 0.45604
0.36712 0.4087 0.45688
0.36612 0.396888 0.41684
0.39708 0.421176 0.439
0.37648 0.425868 0.4474
0.37208 0.409028 0.4382
0.41572 0.435644 0.47148
0.41156 0.437816 0.4604
0.38056 0.429632 0.45892
0.42948 0.436876 0.47444
0.42568 0.437244 0.47588
0.41548 0.440388 0.48472
0.408 0.441152 0.47124
0.42808 0.455812 0.51488
0.428 0.4456 0.47208
0.42784 0.46554 0.49116
0.42468 0.45294 0.48104
0.37096 0.439468 0.48688
0.40968 0.442064 0.48436
0.40616 0.448308 0.49024
0.40312 0.449048 0.48652
0.41964 0.460332 0.51264
0.43368 0.4731 0.51456
0.41892 0.461412 0.49
0.4294 0.463612 0.47416
0.43292 0.45966 0.47256
0.43244 0.461496 0.50024
0.40404 0.45428 0.5178
0.43288 0.453256 0.5016
0.4314 0.472084 0.4932
0.431 0.463956 0.51328
0.40204 0.446812 0.48636
0.4058 0.46908 0.5126
0.43264 0.47126 0.50204
0.39636 0.4403 0.49712
0.3942 0.434952 0.49696
0.42124 0.460232 0.50568
0.41852 0.442068 0.48864
0.39792 0.449164 0.48592
0.41308 0.43666 0.47844
0.4128 0.442012 0.48128
0.40844 0.447048 0.51288
0.43572 0.458032 0.49152
0.41636 0.454128 0.49304
0.43736 0.471712 0.50264
0.42996 0.45536 0.48036
0.42064 0.450216 0.47968
0.43076 0.46498 0.49716
0.41628 0.449508 0.46344
0.44964 0.469452 0.51996
0.44236 0.459052 0.50628
0.44392 0.471924 0.49572
0.39828 0.469412 0.49228
0.44388 0.462676 0.48356
0.38196 0.440472 0.46804
0.41788 0.44378 0.46984
0.3928 0.442612 0.47144
0.42436 0.434248 0.47472
0.40652 0.449268 0.49152
0.42424 0.443928 0.49868
0.3992 0.433196 0.4568
0.3988 0.427708 0.46848
0.4052 0.4359 0.45636
0.42216 0.434808 0.46076
0.40584 0.424636 0.46888
0.41832 0.428224 0.43544
0.4076 0.422132 0.42644
0.40704 0.422124 0.42976
0.42128 0.428564 0.43812
0.3712 0.400776 0.43152
0.3794 0.400436 0.4404
0.37024 0.400868 0.4264
0.3748 0.398296 0.42004
0.37488 0.40134 0.42508
0.3704 0.38684 0.3984
0.36472 0.389156 0.404
0.38604 0.399136 0.43572
0.36572 0.394056 0.40964
0.36396 0.392124 0.44696
0.37056 0.390528 0.41004
0.37384 0.399444 0.41264
0.37652 0.39784 0.41376
0.37712 0.406684 0.42844
0.3752 0.399216 0.41484
0.37232 0.406528 0.43952
0.37112 0.38758 0.4136
0.37264 0.40246 0.42904
0.37472 0.399872 0.42164
0.36972 0.401956 0.43068
0.37112 0.395404 0.42708
0.37516 0.389276 0.40964
0.37016 0.39144 0.45132
0.36164 0.377264 0.39708
0.375 0.395536 0.44308
0.37336 0.41168 0.46888
0.37604 0.401484 0.43252
0.38348 0.407164 0.43704
0.38652 0.412132 0.44864
0.38564 0.405624 0.43712
0.38048 0.408648 0.44424
0.37928 0.401864 0.42512
0.38768 0.413408 0.437
0.39368 0.426228 0.44328
0.36808 0.408936 0.48016
0.39904 0.412928 0.44248
0.40144 0.417476 0.45724
0.40048 0.420736 0.45576
0.40244 0.42838 0.45644
0.37396 0.392868 0.43
0.37408 0.395996 0.4292
0.37416 0.398828 0.42952
0.376 0.409024 0.44932
0.35712 0.394656 0.45256
0.37292 0.419224 0.45772
0.35884 0.402112 0.44844
0.36764 0.391416 0.41624
0.36312 0.391824 0.422
0.36048 0.38492 0.41476
0.34932 0.364036 0.3932
0.35144 0.373788 0.3956
0.33872 0.370852 0.39388
0.36984 0.386268 0.40224
0.36816 0.376936 0.40332
0.36508 0.380932 0.41384
0.3716 0.384656 0.41632
0.37196 0.383284 0.4072
0.3598 0.376428 0.4306
0.36284 0.375656 0.40864
0.35852 0.375824 0.4232
0.3768 0.401096 0.4288
0.35192 0.379932 0.39056
0.37632 0.388896 0.4228
0.36912 0.392272 0.42668
0.3348 0.38854 0.41524
0.35384 0.384044 0.40168
0.38372 0.388676 0.399
0.374 0.389288 0.4172
0.37472 0.393164 0.41428
0.37712 0.386512 0.39408
0.37208 0.396492 0.42684
0.37228 0.389092 0.39412
0.36324 0.397896 0.4286
0.36132 0.390608 0.42832
0.34528 0.389268 0.42968
0.3562 0.414904 0.4592
0.35764 0.4017 0.45176
0.3584 0.401044 0.45172
0.36004 0.387972 0.4248
0.36016 0.385868 0.42284
0.35904 0.395248 0.42336
0.35108 0.367468 0.39144
0.35248 0.398532 0.40984
0.35568 0.385132 0.40628
0.37444 0.401916 0.43068
0.39512 0.407584 0.42464
0.38548 0.420348 0.4654
0.36612 0.397252 0.41148
0.37304 0.391428 0.41964
0.37288 0.39258 0.44292
0.3542 0.380824 0.41892
0.351 0.386104 0.42224
0.35256 0.383536 0.4266
0.34848 0.379028 0.39272
0.32364 0.364928 0.3836
0.37 0.378556 0.38396
0.343 0.388552 0.4454
0.37356 0.392992 0.41944
0.37884 0.396572 0.4662
0.3896 0.416864 0.44996
0.3812 0.407348 0.44248
0.3848 0.403604 0.41844
0.38756 0.43002 0.46496
0.38836 0.438132 0.49736
0.37656 0.431124 0.49648
0.39356 0.433512 0.45696
0.38572 0.4265 0.45016
0.40312 0.440936 0.49308
0.39828 0.432312 0.4826
0.38984 0.4299 0.44308
0.38848 0.426704 0.443
0.36744 0.405604 0.4454
0.36484 0.417464 0.4484
0.36456 0.407544 0.4462
0.39432 0.42002 0.44816
0.39904 0.431512 0.4926
0.4074 0.421472 0.45672
0.41192 0.433284 0.52932
0.36712 0.4261 0.47468
0.37928 0.431012 0.50432
0.37076 0.4242 0.465
0.37128 0.439752 0.4846
0.39568 0.43704 0.51936
0.412 0.438508 0.47652
0.37024 0.431148 0.49312
0.39212 0.427148 0.48636
0.38324 0.415316 0.47264
0.38364 0.439664 0.51364
0.38464 0.430844 0.44868
0.37032 0.404704 0.44136
0.37008 0.41104 0.44396
0.38768 0.426748 0.46552
0.36248 0.413484 0.46168
0.36964 0.410236 0.4546
0.36992 0.41006 0.45016
0.35012 0.378372 0.43568
0.35844 0.397224 0.42348
0.35768 0.396968 0.43712
0.38312 0.413784 0.4564
0.36008 0.386144 0.43244
0.34488 0.399052 0.43964
0.34776 0.388552 0.4326
0.3648 0.398196 0.4384
0.34332 0.378536 0.40516
0.3676 0.396068 0.43428
0.36696 0.402092 0.40968
0.36572 0.3936 0.44248
0.3582 0.388856 0.42256
0.3262 0.3891 0.41188
0.35464 0.389836 0.40816
0.37288 0.382988 0.41652
0.34232 0.374516 0.40772
0.33832 0.390784 0.42968
0.34144 0.363052 0.3852
0.34184 0.358344 0.38188
0.34388 0.368232 0.38584
0.3654 0.370188 0.37524
0.33764 0.379236 0.4238
0.36808 0.373556 0.38164
0.35776 0.387312 0.41812
0.35916 0.392176 0.42088
0.36972 0.392328 0.41848
0.37676 0.394044 0.41836
0.348 0.379892 0.41476
0.37452 0.39132 0.4092
0.33756 0.354548 0.378
0.33788 0.358936 0.37488
0.33904 0.376588 0.40592
0.36892 0.381488 0.4144
0.37048 0.396252 0.43884
0.3648 0.38606 0.45048
0.37704 0.406436 0.46152
0.37924 0.403292 0.429
0.38088 0.40778 0.42824
0.41 0.427716 0.44188
0.4278 0.43672 0.45212
0.40572 0.430596 0.44912
0.40372 0.433964 0.47136
0.4268 0.43992 0.46952
0.39856 0.42706 0.43788
0.3634 0.394452 0.4198
0.35936 0.401796 0.48584
0.36308 0.399584 0.44044
0.39804 0.434684 0.48544
0.3992 0.415348 0.4878
0.39948 0.406724 0.43372
0.41084 0.42452 0.46712
0.3616 0.411496 0.42572
0.40984 0.429704 0.47092
0.43624 0.443548 0.45652
0.38876 0.439164 0.461
0.4342 0.440044 0.45016
0.44136 0.460024 0.50028
0.41572 0.461176 0.48276
0.44932 0.465168 0.49232
0.42704 0.454132 0.5058
0.4176 0.450112 0.4924
0.41504 0.433372 0.46148
0.41504 0.443544 0.50996
0.41504 0.443988 0.48584
0.41436 0.444392 0.48788
0.40988 0.44242 0.477
0.4136 0.436608 0.47644
0.41384 0.446592 0.46776
0.37848 0.417776 0.45128
0.42632 0.450076 0.48144
0.37996 0.428068 0.47752
0.37956 0.404872 0.43188
0.38208 0.405268 0.41996
0.37452 0.394504 0.41344
0.40904 0.429708 0.46272
0.3748 0.407368 0.44384
0.42108 0.43222 0.47088
0.40956 0.4349 0.45684
0.41048 0.447284 0.48736
0.42424 0.44654 0.45728
0.43676 0.469784 0.50776
0.44068 0.462828 0.48376
0.42824 0.452472 0.48352
0.39028 0.427252 0.48392
0.39512 0.429304 0.46036
0.40624 0.445776 0.51056
0.40912 0.427424 0.4596
0.40708 0.430628 0.49212
0.39628 0.435424 0.468
0.3926 0.420992 0.43608
0.40864 0.432416 0.47796
0.40696 0.428452 0.43904
0.393 0.415556 0.44372
0.40972 0.415844 0.4368
0.36816 0.40994 0.4348
0.37472 0.407032 0.44296
0.37324 0.39928 0.4178
0.37384 0.406356 0.43264
0.37384 0.392956 0.4148
0.36248 0.403044 0.43436
0.3758 0.402136 0.4252
0.37016 0.397552 0.42164
0.36524 0.393328 0.42324
0.36508 0.4033 0.42408
0.3704 0.410492 0.44316
0.37876 0.393728 0.41412
0.39256 0.41548 0.44984
0.40048 0.427448 0.4358
0.41988 0.434096 0.4544
0.4002 0.423412 0.43512
0.41692 0.438552 0.45532
0.4196 0.43456 0.45236
0.39648 0.431816 0.45732
0.39216 0.423032 0.46736
0.41788 0.425824 0.44032
0.3924 0.437564 0.47012
0.37456 0.413412 0.4528
0.38044 0.416812 0.45556
0.37384 0.413932 0.447
0.34824 0.378948 0.40424
0.3766 0.390228 0.41616
0.34972 0.3895 0.4182
0.36916 0.3844 0.40116
0.3746 0.394436 0.42732
0.38416 0.405256 0.43916
0.40348 0.410544 0.44356
0.37412 0.41376 0.5062
0.37652 0.402568 0.44936
0.36636 0.404476 0.42004
0.37476 0.41476 0.45628
0.3668 0.406156 0.42036
0.41632 0.42624 0.44356
0.41036 0.429364 0.44548
0.3996 0.424716 0.44096
0.412 0.437548 0.4512
0.41136 0.429032 0.44668
0.41528 0.427236 0.43832
0.37624 0.416108 0.44608
0.3756 0.403452 0.44356
0.39876 0.4124 0.44424
0.37232 0.397116 0.41568
0.37256 0.385736 0.4342
0.37212 0.389836 0.44512
0.3762 0.380692 0.38912
0.37376 0.381288 0.38968
0.3754 0.380996 0.39952
0.38572 0.402048 0.4148
0.38476 0.405328 0.43584
0.37976 0.396024 0.40556
0.37796 0.401164 0.4274
0.37656 0.40558 0.4536
0.37348 0.393276 0.42212
0.37272 0.402256 0.44776
0.37776 0.411308 0.44404
0.3742 0.40434 0.44428
0.38204 0.430668 0.46812
0.3774 0.443204 0.4728
0.40856 0.43234 0.4696
0.42468 0.441772 0.4542
0.3896 0.438224 0.46596
0.42252 0.43914 0.45464
0.41476 0.447792 0.5026
0.43 0.45372 0.50008
0.4188 0.443952 0.5152
0.41836 0.447592 0.4832
0.41804 0.456616 0.48108
0.4038 0.438956 0.48128
0.40232 0.41948 0.45848
0.394 0.427604 0.46672
0.39544 0.426148 0.4572
0.38288 0.414564 0.43924
0.39312 0.419264 0.43448
0.39204 0.41704 0.44488
0.39124 0.403908 0.4182
0.39604 0.422112 0.44844
0.37116 0.396984 0.4192
0.41172 0.42396 0.43452
0.37804 0.41272 0.43732
0.41416 0.423652 0.43308
0.41336 0.436336 0.45168
0.38 0.427644 0.45204
0.41508 0.43876 0.45128
0.38644 0.420052 0.4656
0.40976 0.42124 0.43716
0.38052 0.4178 0.46584
0.38396 0.433536 0.45304
0.37556 0.41578 0.45796
0.3838 0.43262 0.45128
0.3892 0.41996 0.4592
0.391 0.421528 0.46348
0.39144 0.423904 0.46348
0.38856 0.405044 0.44204
0.36704 0.398852 0.44192
0.38244 0.413968 0.44272
0.38968 0.404124 0.47896
0.38092 0.394272 0.40924
0.36696 0.393712 0.43012
0.36504 0.398492 0.41808
0.38144 0.402724 0.41976
0.39004 0.401548 0.41748
0.39928 0.411544 0.43544
0.36736 0.399452 0.4284
0.36064 0.39866 0.40832
0.39752 0.413696 0.44432
0.39692 0.413368 0.4494
0.36536 0.4087 0.4494
0.39964 0.424536 0.46216
0.41908 0.422692 0.42484
0.39728 0.43388 0.4682
0.4404 0.447148 0.466
0.43628 0.441428 0.44768
0.40692 0.442892 0.47348
0.43876 0.45578 0.47696
0.40332 0.446456 0.47692
0.40352 0.448544 0.47212
0.4084 0.433272 0.47668
0.4094 0.43848 0.48396
0.41112 0.445488 0.49796
0.41508 0.438148 0.47324
0.42148 0.436304 0.472
0.42196 0.439596 0.47444
0.42976 0.44124 0.46432
0.41484 0.443836 0.46652
0.41116 0.440424 0.45676
0.40592 0.437208 0.46436
0.41788 0.450604 0.49544
0.41864 0.445412 0.4754
0.43244 0.459404 0.48788
0.43 0.468756 0.50596
0.438 0.45758 0.47648
0.44212 0.465944 0.4786
0.42408 0.460608 0.4766
0.43068 0.461752 0.49164
0.42004 0.46516 0.50872
0.42096 0.471496 0.51216
0.42076 0.468752 0.51728
0.4142 0.462084 0.48736
0.42868 0.466916 0.50612
0.43232 0.457688 0.47436
0.40716 0.459084 0.47808
0.4318 0.457512 0.4878
0.44984 0.482436 0.51748
0.42504 0.459992 0.48084
0.42728 0.470988 0.5088
0.42272 0.446112 0.46608
0.42804 0.46574 0.50276
0.43196 0.464816 0.50044
0.43808 0.480492 0.50776
0.45636 0.478168 0.49188
0.43992 0.4715 0.51352
0.43432 0.468884 0.4976
0.44672 0.466696 0.49104
0.4486 0.469932 0.49376
0.45084 0.477588 0.52628
0.4186 0.463156 0.51116
0.41296 0.457516 0.50824
0.4182 0.454248 0.47716
0.44036 0.454036 0.48576
0.42872 0.455528 0.47652
0.41648 0.4467 0.4844
0.41704 0.445196 0.47856
0.43496 0.455776 0.47416
0.41332 0.439556 0.46396
0.42732 0.451712 0.50608
0.43676 0.452252 0.46832
0.41016 0.439936 0.46416
0.413 0.442832 0.47984
0.44584 0.459164 0.4966
0.4148 0.4442 0.45624
0.42132 0.452768 0.47364
0.41704 0.450404 0.47324
0.41836 0.442124 0.4788
0.38408 0.442768 0.48256
0.38544 0.43964 0.4598
0.38188 0.437636 0.45688
0.42524 0.455872 0.46748
0.38912 0.436908 0.49276
0.42256 0.453944 0.48492
0.3986 0.433864 0.48396
0.39404 0.430852 0.47252
0.39324 0.43878 0.46172
0.402 0.42788 0.45404
0.39036 0.419848 0.44784
0.38928 0.436044 0.51356
0.38692 0.423616 0.47648
0.40912 0.421004 0.42448
0.38736 0.415428 0.454
0.39484 0.4099 0.44376
0.39936 0.418104 0.45804
0.39008 0.420076 0.44152
0.38512 0.410884 0.43688
0.40236 0.41786 0.45828
0.3766 0.409108 0.42236
0.41484 0.429652 0.44448
0.39672 0.435292 0.45356
0.40728 0.427892 0.45352
0.39932 0.43522 0.46372
0.39136 0.428736 0.47092
0.39888 0.437924 0.46916
0.4112 0.44344 0.45372
0.40784 0.435408 0.45156
0.41684 0.44688 0.45428
0.41828 0.44784 0.48068
0.39816 0.434812 0.46612
0.41688 0.447184 0.473
0.41808 0.444348 0.48292
0.4152 0.448024 0.4954
0.38288 0.433932 0.48388
0.42752 0.457436 0.46796
0.42564 0.457312 0.4802
0.42024 0.446688 0.4674
0.40188 0.442468 0.46604
0.4306 0.442304 0.479
0.42708 0.443284 0.47952
0.41116 0.437852 0.45768
0.4008 0.432252 0.45716
0.40116 0.438348 0.45696
0.41456 0.431508 0.46404
0.40996 0.424196 0.4322
0.41536 0.430684 0.45212
0.40128 0.440396 0.47684
0.4008 0.43074 0.46056
0.42604 0.436512 0.45264
0.41196 0.441752 0.46284
0.40684 0.426228 0.46308
0.39232 0.424048 0.4694
0.41836 0.435872 0.4582
0.39984 0.427916 0.45992
0.41852 0.435644 0.45444
0.42812 0.4422 0.46004
0.42884 0.438072 0.44252
0.39252 0.435276 0.45152
0.40076 0.426256 0.44904
0.39676 0.432696 0.4664
0.39892 0.423028 0.4622
0.4038 0.426996 0.47904
0.4018 0.425428 0.47652
0.40332 0.425008 0.44292
0.405 0.440704 0.47488
0.40496 0.428288 0.4562
0.40608 0.447176 0.46
0.41196 0.423112 0.46764
0.40312 0.414216 0.42452
0.40408 0.417716 0.43896
0.39876 0.421916 0.4478
0.41016 0.42298 0.44792
0.38248 0.421252 0.45172
0.403 0.441984 0.46868
0.382 0.413488 0.44068
0.387 0.43484 0.46912
0.39112 0.442988 0.51028
0.39208 0.441212 0.4956
0.43272 0.446588 0.47108
0.4262 0.447596 0.4812
0.43668 0.45256 0.47956
0.4382 0.460244 0.4822
0.41408 0.449904 0.5
0.41264 0.468968 0.5066
0.40956 0.448104 0.46328
0.42472 0.45304 0.47988
0.42528 0.445492 0.48144
0.42736 0.4564 0.4842
0.4036 0.433972 0.45208
0.42844 0.43882 0.45464
0.42744 0.43592 0.44976
0.39292 0.421236 0.44276
0.39704 0.429948 0.45612
0.39524 0.4309 0.44408
0.40644 0.41628 0.43928
0.40536 0.416772 0.4394
0.37084 0.4095 0.44928
0.38168 0.424344 0.47396
0.37696 0.421052 0.44192
0.3792 0.411164 0.44196
0.38392 0.431376 0.46776
0.382 0.429828 0.46716
0.37964 0.430968 0.49484
0.43172 0.45802 0.4942
0.42156 0.467296 0.49712
0.43296 0.447548 0.48472
0.44436 0.466748 0.51104
0.44012 0.454196 0.48148
0.44016 0.4649 0.4892
0.41124 0.451112 0.49092
0.4128 0.455992 0.51
0.41712 0.461432 0.53188
0.4098 0.447896 0.47176
0.41708 0.455316 0.49736
0.4076 0.460384 0.49856
0.41524 0.43388 0.446
0.42856 0.4444 0.46776
0.42736 0.444496 0.46224
0.41908 0.446376 0.47432
0.41924 0.442888 0.4878
0.42052 0.448904 0.457
0.42348 0.429464 0.45004
0.42212 0.4274 0.4484
0.4226 0.424436 0.42524
0.3898 0.421808 0.44992
0.43352 0.436972 0.4406
0.38332 0.408564 0.441
0.36856 0.427684 0.4766
0.40288 0.435428 0.4538
0.40048 0.438304 0.45716
0.42328 0.439584 0.47416
0.4038 0.42144 0.44024
0.41372 0.426908 0.44664
0.42272 0.453364 0.47308
0.43864 0.452704 0.47312
0.42656 0.45358 0.47144
0.4486 0.474004 0.50968
0.46444 0.485444 0.5216
0.44552 0.478 0.50168
0.45976 0.470668 0.48364
0.46196 0.475124 0.48916
0.45648 0.470948 0.48676
0.43524 0.477692 0.49632
0.4696 0.489384 0.53
0.45792 0.482084 0.51408
0.44076 0.461112 0.483
0.44616 0.461276 0.52088
0.44168 0.456328 0.46688
0.42596 0.46532 0.49804
0.42428 0.450028 0.49952
0.42912 0.446472 0.46616
0.43792 0.449336 0.47964
0.44528 0.47214 0.546
0.42684 0.444348 0.47328
0.41328 0.4419 0.4986
0.4106 0.452392 0.50084
0.40732 0.442332 0.47544
0.41972 0.435308 0.4724
0.41292 0.431344 0.46736
0.41316 0.430372 0.47152
0.40148 0.43976 0.47436
0.40068 0.431668 0.46396
0.42196 0.440268 0.48264
0.3946 0.430884 0.4696
0.3936 0.444508 0.473
0.41556 0.440252 0.4662
0.41048 0.438992 0.47984
0.40672 0.42012 0.45188
0.40584 0.43206 0.44884
0.4382 0.4692 0.49808
0.4318 0.465636 0.48944
0.44696 0.4788 0.50968
0.43688 0.460072 0.48724
0.44684 0.465792 0.504
0.44964 0.468184 0.5074
0.44728 0.468928 0.49008
0.44056 0.476764 0.48688
0.44528 0.471396 0.4926
0.45784 0.469708 0.49732
0.45816 0.4666 0.48736
0.45848 0.475916 0.50288
0.4034 0.436488 0.51896
0.436 0.463636 0.47864
0.42672 0.4533 0.47996
0.44208 0.456444 0.4726
0.41972 0.447556 0.46364
0.44408 0.45096 0.46112
0.4018 0.436932 0.46272
0.42092 0.440556 0.49064
0.41808 0.446936 0.48508
0.4368 0.458688 0.486
0.40632 0.454304 0.48396
0.4354 0.452184 0.47632
0.43768 0.450668 0.4732
0.4408 0.460672 0.48488
0.4392 0.4554 0.48652
0.44348 0.472204 0.50588
0.43984 0.464704 0.51336
0.44124 0.463204 0.50292
0.44128 0.463472 0.48736
0.43228 0.467712 0.49416
0.44076 0.462004 0.48956
0.4114 0.4581 0.4832
0.44232 0.455044 0.46744
0.43956 0.459096 0.48192
0.41028 0.438284 0.47748
0.40896 0.434732 0.46876
0.42536 0.442948 0.4592
0.41776 0.430936 0.4526
0.42592 0.449304 0.49304
0.42776 0.44296 0.46548
0.43208 0.450388 0.4852
0.42904 0.449564 0.47056
0.40028 0.43038 0.45036
0.42068 0.452188 0.4704
0.42124 0.440064 0.47584
0.41348 0.44446 0.46496
0.43276 0.450456 0.48568
0.43124 0.44656 0.45724
0.42164 0.443748 0.47924
0.4436 0.458764 0.48456
0.44024 0.45716 0.48384
0.4224 0.449636 0.4706
0.43032 0.458008 0.5014
0.42908 0.4634 0.49568
0.4114 0.463948 0.47904
0.42068 0.447808 0.46508
0.40192 0.446908 0.47872
0.39956 0.451404 0.4884
0.41836 0.454784 0.52816
0.42012 0.442972 0.48468
0.41748 0.449468 0.48008
0.44516 0.469712 0.52396
0.44316 0.467228 0.51864
0.41216 0.452708 0.47204
0.46036 0.481916 0.51644
0.4436 0.483268 0.55472
0.46132 0.487244 0.49828
0.4284 0.457896 0.49784
0.45056 0.470164 0.51296
0.44636 0.479588 0.53156
0.46416 0.486216 0.52212
0.45624 0.476492 0.48452
0.4352 0.47066 0.49136
0.44856 0.47134 0.49668
0.45088 0.464384 0.5044
0.44808 0.465356 0.51312
0.41688 0.452228 0.4808
0.41248 0.44546 0.47236
0.41208 0.45 0.47896
0.40712 0.441764 0.47164
0.41864 0.442316 0.46996
0.40612 0.431164 0.46808
0.41744 0.441724 0.46992
0.42648 0.449488 0.47148
0.41776 0.429812 0.45184
0.42 0.429044 0.46404
0.4256 0.453748 0.47704
0.42116 0.431852 0.46196
0.43744 0.456272 0.488
0.43608 0.451332 0.48776
0.4198 0.451024 0.48596
0.45412 0.466436 0.49104
0.42924 0.459112 0.4858
0.45992 0.480232 0.50272
0.41516 0.475124 0.5278
0.46272 0.486204 0.50312
0.43856 0.479152 0.4988
0.43748 0.465968 0.47724
0.44084 0.476336 0.522
0.458 0.467936 0.4802
0.43744 0.472632 0.50752
0.45712 0.488124 0.5224
0.45028 0.495132 0.5202
0.43976 0.45314 0.47048
0.43012 0.463536 0.49708
0.43056 0.462356 0.48212
0.43956 0.450544 0.46012
0.437 0.44862 0.46132
0.43716 0.454752 0.48608
0.41852 0.445856 0.4718
0.42828 0.458044 0.49972
0.4264 0.443468 0.4724
0.427 0.450348 0.48476
0.43484 0.448224 0.45532
0.44212 0.449684 0.4678
0.4186 0.433624 0.46728
0.42732 0.453624 0.48512
0.39568 0.431724 0.45584
0.40312 0.443644 0.46628
0.4 0.44022 0.4662
0.42724 0.44766 0.47348
0.41132 0.452444 0.48756
0.42388 0.454848 0.48312
0.41168 0.45104 0.48696
0.42552 0.45724 0.49096
0.4422 0.462888 0.48232
0.44108 0.461608 0.48248
0.44168 0.46034 0.489
0.43756 0.460216 0.49712
0.44268 0.47102 0.50504
0.44124 0.46928 0.50936
0.46448 0.47594 0.51132
0.46268 0.471964 0.51076
0.44316 0.472592 0.49624
0.44152 0.475492 0.49988
0.44156 0.480028 0.50108
0.43948 0.452284 0.47436
0.43668 0.452008 0.47632
0.41492 0.448236 0.478
0.41236 0.439416 0.44836
0.41524 0.438456 0.4462
0.44028 0.445244 0.4472
0.419 0.425092 0.46684
0.41864 0.424952 0.45884
0.41876 0.437324 0.47884
0.40856 0.440036 0.4958
0.42956 0.43764 0.45784
0.41544 0.431756 0.4476
0.40088 0.411192 0.43916
0.40172 0.41104 0.4354
0.39928 0.417612 0.4338
0.40604 0.437568 0.46552
0.40444 0.437656 0.4584
0.40776 0.438132 0.46488
0.40744 0.43362 0.4624
0.41012 0.4343 0.4986
0.40616 0.427192 0.46196
0.4164 0.435308 0.461
0.41692 0.43754 0.46172
0.4112 0.428464 0.45168
0.431 0.438556 0.44464
0.43088 0.439684 0.47448
0.4186 0.44258 0.51528
0.42864 0.43722 0.44692
0.43428 0.446964 0.49088
0.40436 0.441892 0.46368
0.4044 0.437452 0.4704
0.40104 0.429556 0.47384
0.4006 0.43262 0.4702
0.40864 0.42364 0.446
0.40188 0.426168 0.45576
0.4002 0.412332 0.4428
0.4018 0.4265 0.45152
0.4068 0.430952 0.4574
0.4106 0.426776 0.44072
0.4176 0.429124 0.4636
0.41224 0.429288 0.46548
0.40636 0.434772 0.45416
0.39344 0.439796 0.47924
0.38688 0.435328 0.45584
0.41408 0.433908 0.45416
0.39624 0.430972 0.4962
0.40156 0.425828 0.45908
0.4184 0.445672 0.46368
0.4274 0.449388 0.47236
0.40492 0.442444 0.49708
0.40772 0.442476 0.51852
0.41188 0.44012 0.48836
0.42012 0.439736 0.48436
0.4122 0.446276 0.49484
0.42076 0.446016 0.47908
0.41496 0.446704 0.47556
0.41824 0.451856 0.47472
0.43804 0.456924 0.48996
0.4396 0.448508 0.47572
0.43372 0.44754 0.4878
0.4186 0.442292 0.47072
0.41816 0.452236 0.51776
0.42124 0.4353 0.44832
0.43832 0.443768 0.46064
0.39056 0.434988 0.45952
0.4196 0.448716 0.48844
0.46 0.470392 0.49912
0.42244 0.46074 0.469
0.46016 0.4694 0.49976
0.43036 0.43978 0.47348
0.40388 0.443028 0.47644
0.4306 0.443568 0.48456
0.44 0.44696 0.4646
0.43836 0.450152 0.48788
0.4362 0.442968 0.46624
0.44456 0.447468 0.4492
0.44512 0.45936 0.48
0.44584 0.454476 0.4708
0.42168 0.435628 0.46308
0.42204 0.435792 0.45552
0.4212 0.440928 0.4638
0.41612 0.4292 0.45008
0.39836 0.436072 0.45916
0.41668 0.432148 0.44376
0.40868 0.439076 0.45696
0.39648 0.442204 0.4608
0.39492 0.43252 0.45852
0.41312 0.438872 0.47488
0.41016 0.445824 0.47608
0.40708 0.430472 0.47372
0.43808 0.46454 0.49908
0.43124 0.457204 0.48696
0.43724 0.454672 0.48276
0.43952 0.452992 0.46376
0.44692 0.457904 0.47596
0.41748 0.452184 0.47236
0.41308 0.4475 0.49452
0.41208 0.44708 0.46948
0.40648 0.449708 0.49272
0.41256 0.43372 0.4766
0.403 0.42988 0.44116
0.41104 0.430524 0.44168
0.4274 0.448548 0.46668
0.4314 0.445468 0.46076
0.40688 0.442844 0.46664
0.3916 0.43502 0.49148
0.40716 0.4274 0.4578
0.40844 0.43824 0.47204
0.41796 0.45726 0.47392
0.4264 0.45808 0.47908
0.41532 0.445452 0.46008
0.43172 0.444684 0.46428
0.43068 0.448332 0.4672
0.4324 0.448764 0.46848
0.40368 0.452804 0.49604
0.43684 0.461976 0.49652
0.43748 0.453156 0.4696
0.41376 0.467936 0.49096
0.43832 0.47184 0.494
0.45064 0.471 0.49308
0.43172 0.465696 0.47412
0.42 0.46406 0.4716
0.41952 0.445212 0.47116
0.4428 0.453228 0.50856
0.44036 0.458896 0.49816
0.4384 0.452628 0.47952
0.4624 0.472436 0.50164
0.45956 0.46742 0.48036
0.45428 0.4669 0.47556
0.43804 0.471372 0.49636
0.44152 0.464288 0.50212
0.438 0.46584 0.49712
0.46304 0.473324 0.48316
0.46756 0.48996 0.51004
0.4656 0.47812 0.51092
0.43744 0.471636 0.50092
0.44788 0.478728 0.50388
0.44552 0.476424 0.5076
0.44416 0.454028 0.48116
0.44876 0.45984 0.4784
0.43096 0.454608 0.47252
0.41524 0.449524 0.47764
0.42488 0.450484 0.47692
0.42 0.445112 0.49392
0.3862 0.431764 0.46964
0.417 0.427356 0.45956
0.4202 0.442012 0.47264
0.39724 0.426892 0.46068
0.407 0.429304 0.44696
0.4144 0.424064 0.44648
0.3924 0.435456 0.46604
0.42192 0.443112 0.46764
0.41104 0.441952 0.48552
0.4424 0.44802 0.46892
0.43528 0.44852 0.48364
0.4372 0.450136 0.48444
0.4484 0.46876 0.4742
0.44868 0.467904 0.48812
0.45892 0.472756 0.4878
0.41824 0.429864 0.46916
0.41728 0.432952 0.4564
0.42156 0.444712 0.46608
0.4254 0.446292 0.46252
0.42092 0.438624 0.4642
0.4266 0.445496 0.45948
0.4084 0.442412 0.47556
0.39768 0.427228 0.46584
0.39848 0.429668 0.43948
0.44156 0.450868 0.47956
0.41144 0.440472 0.45304
0.43192 0.44964 0.49124
0.42184 0.437244 0.46152
0.42208 0.430036 0.46112
0.42252 0.430576 0.44664
0.44012 0.447008 0.46184
0.43692 0.443128 0.45964
0.44136 0.445596 0.46148
0.4372 0.461088 0.47176
0.4488 0.468436 0.48424
0.45956 0.468908 0.47296
0.4358 0.463248 0.49308
0.43984 0.462056 0.48456
0.4414 0.478572 0.51608
0.45332 0.459384 0.47396
0.4556 0.468208 0.50484
0.45568 0.464992 0.49128
0.45344 0.465968 0.49364
0.46316 0.48726 0.50452
0.46144 0.484528 0.50004
0.42756 0.45342 0.47888
0.436 0.4473 0.4896
0.44072 0.458744 0.4794
0.4068 0.431996 0.45752
0.40884 0.43326 0.4506
0.39956 0.433924 0.45576
0.43536 0.450564 0.46316
0.41592 0.438252 0.46228
0.4188 0.440792 0.46696
0.40352 0.426412 0.44536
0.39284 0.421664 0.45096
0.40528 0.425784 0.44496
0.41368 0.421944 0.4268
0.38484 0.418804 0.43064
0.40924 0.41952 0.42548
0.38744 0.424132 0.44136
0.41508 0.430472 0.43848
0.4028 0.430152 0.44
0.4196 0.43738 0.46252
0.42076 0.438076 0.46276
0.42208 0.440932 0.45328
0.3938 0.430516 0.46508
0.41568 0.435016 0.44928
0.41008 0.435692 0.44852
0.42064 0.444116 0.4686
0.4262 0.44316 0.45628
0.41876 0.438432 0.45872
0.42256 0.436712 0.46764
0.42252 0.4359 0.45496
0.4238 0.434312 0.45648
0.42948 0.43838 0.45508
0.4282 0.438312 0.44692
0.42848 0.436248 0.46176
0.44016 0.442564 0.44412
0.44084 0.442936 0.44548
0.44268 0.446732 0.45156
0.4196 0.441548 0.46736
0.42744 0.447964 0.4684
0.42192 0.436288 0.4734
0.43324 0.44428 0.46272
0.42756 0.438236 0.44204
0.4112 0.437448 0.44704
0.4454 0.46192 0.46852
0.44988 0.465752 0.48712
0.42524 0.462448 0.49292
0.43624 0.445444 0.47068
0.43684 0.450548 0.48116
0.43592 0.44278 0.47728
0.43432 0.447836 0.47892
0.434 0.447052 0.47408
0.43736 0.451468 0.49664
0.41092 0.43846 0.4524
0.4216 0.435432 0.4574
0.41096 0.438316 0.4554
0.40764 0.413712 0.42464
0.39912 0.41528 0.4342
0.39832 0.415356 0.43884
0.39816 0.405748 0.41224
0.39952 0.408548 0.4194
0.39724 0.409828 0.41928
0.39168 0.40898 0.42108
0.38984 0.406304 0.4224
0.3848 0.4093 0.42072
0.405 0.419072 0.43884
0.40136 0.413736 0.44504
0.40204 0.416212 0.44144
0.41028 0.416808 0.42216
0.41192 0.418332 0.42204
0.4084 0.419108 0.4372
0.4112 0.432812 0.4386
0.42876 0.436148 0.44984
0.43028 0.43532 0.44048
0.44848 0.45084 0.46724
0.44064 0.452916 0.46712
0.44816 0.451712 0.46648
0.42664 0.445864 0.46432
0.43752 0.449032 0.46584
0.42244 0.444372 0.47172
0.42892 0.439952 0.45324
0.42496 0.43726 0.44688
0.42992 0.437656 0.44956
0.4204 0.437028 0.44992
0.42388 0.435156 0.44096
0.42388 0.43602 0.45684
0.4058 0.428104 0.44068
0.408 0.430332 0.4418
0.4254 0.434516 0.4378
0.41416 0.425696 0.4552
0.41368 0.418544 0.44884
0.41452 0.424608 0.45232
0.41324 0.426636 0.4402
0.41484 0.426812 0.45692
0.41732 0.426464 0.43156
0.43284 0.438304 0.4508
0.433 0.439828 0.44532
0.43312 0.439612 0.44512
