-10101.5085356 -9852.49939898 -8606.20291585
-10100.5628353 -9912.64610562 -9244.92176586
-10258.6891077 -9748.35429442 -8187.12986632
-10011.2162969 -9468.56890882 -8415.00279999
-10122.6674907 -9815.46776533 -9138.25323926
-10039.0633912 -9675.97037491 -8331.16832855
-10069.9209159 -8733.06629178 -1806.67018095
-10037.8663816 -9124.61177108 -8290.75125648
-10060.7246959 -9696.13610831 -8360.6039594
-9999.96917767 -8979.99937297 -8219.67215534
-10008.8645703 -9219.37613331 -8280.94189223
-10019.77691 -8922.63933883 -8277.57273833
-9811.96009427 -8266.06651623 -1710.80840549
-10008.4190618 -9192.63880571 -8260.6706829
-9984.4751867 -9010.58484928 -8275.941293
-9783.83425931 -8666.53840165 -8290.79627891
-10151.8469471 -8342.96797619 -1948.58135212
-9130.90996295 -8411.26176893 -8274.81957828
-9806.12243537 -8585.35797697 -8291.16090476
-9822.34664378 -8779.25102961 -8312.03574319
-9992.77889273 -9000.82702261 -8300.77064109
-9612.65903206 -8490.70442224 -8288.24784678
-9970.99936271 -8596.81697365 -8258.38481118
-9859.26932805 -7948.74960927 -1817.640353
-9966.60950547 -8826.07443303 -8251.51456376
-9638.12460274 -8590.08157444 -8283.09785248
-9765.84910154 -7717.76240532 -1803.24948688
-9926.07696965 -8267.10281137 -1794.55778887
-9828.70178077 -6782.66360495 -1764.27393544
-9579.57745443 -7810.52824612 -1800.49950462
-9881.3975877 -5677.20558128 -1771.03198156
-9774.87862243 -4174.757628 -1730.85122281
-10054.5467199 -4861.52515317 -1741.12438766
-9996.49421646 -4707.94673486 -1714.2833004
-9782.99486924 -3901.57350484 -1743.18217957
-9959.37463529 -4796.21621505 -1766.94642204
-2408.89995475 -1874.39695669 -1702.10034282
-10022.8057366 -3477.71860466 -1732.56104842
-1801.35555396 -1763.52097773 -1682.18818845
-8634.32034619 -2421.74469212 -1654.17903355
-1785.84422714 -1740.07119905 -1640.38939218
-1781.00299826 -1736.08109002 -1690.18205478
-187.075226404 4.99314501603 110.293786201
414.44820563 533.462276018 640.598657696
332.179156917 476.499976531 586.006536988
354.090814743 494.352498722 566.678725787
381.65574438 549.153965004 783.618855081
334.064108083 488.037794547 619.614606863
410.423970442 531.056739199 672.466362379
370.621476379 491.275462529 628.091904352
352.51570927 531.925199017 753.665574652
339.332828619 469.087175201 540.20550882
275.610748808 492.41525099 659.009585904
348.01855169 494.702529415 583.016099897
394.111627967 515.143718883 741.988967528
401.117925699 505.177046033 650.25246467
305.265961579 465.706083039 675.209324352
349.846023171 523.941366943 683.606505884
386.162278475 509.212063364 656.750105053
377.548587681 482.493434716 619.228567767
403.113462316 554.128832289 835.687529823
425.43893599 504.244638294 611.515080712
475.175496145 534.777245125 649.748520075
376.406984973 516.32253753 650.73452216
389.031307967 505.370115114 613.346286479
361.679154409 526.392422683 717.753854259
393.079464346 506.547167621 731.560156131
402.090483404 502.634371946 642.719894465
437.887896721 533.986533689 614.445720187
461.77119739 564.557988751 695.580568339
424.236801713 532.713855447 642.451481578
458.809694473 562.321022935 732.849072236
401.537021882 559.095310599 653.386500255
304.366097603 492.516423747 683.859583898
496.459769406 589.04761061 667.204897627
379.822145579 520.448843296 807.758046399
350.285812069 483.823590185 631.697527769
397.995140375 496.988409204 647.160614628
390.219191839 521.169847247 613.316588587
317.87844184 523.673135112 708.172501202
414.169979316 537.369354044 630.609517456
435.539685915 516.630986308 598.353806901
413.171479853 562.592640425 673.625542095
403.06376387 510.072384896 571.898341325
393.932093598 514.403335216 689.966889429
433.041992826 563.855938269 635.841447154
261.563781226 514.417914672 675.28387631
383.745556737 476.353375872 593.289687561
441.61917621 549.281965809 683.894381629
384.167663723 499.031965585 673.790619344
400.503129887 517.84882073 641.130402916
366.44828395 484.303664223 611.027779305
362.192710601 520.032027357 647.458395515
442.875803829 585.298705475 711.208162524
398.674455241 517.967686664 628.702985357
385.135966607 491.662320806 635.938849981
302.605901098 447.105515912 542.003264023
399.540151075 563.651473298 749.36997541
355.299458282 483.873196844 599.080421629
458.017547809 539.249865282 635.633467439
383.33928714 503.608092979 671.242054609
454.156012801 527.964678407 648.31969624
395.73860346 523.770018812 647.183465655
445.122315987 521.560731102 621.680181568
339.072625114 466.477258302 645.327186353
417.628651978 501.469526999 624.352551385
376.010300739 554.887385949 736.906916425
368.728601697 498.061652568 581.989333983
431.632013303 521.274190951 626.131906225
344.797401814 507.728851804 665.311510187
371.128268975 524.348862006 640.215918427
432.018953775 524.517923911 590.659576355
331.56016386 534.168689161 786.771479393
423.217845618 522.905720205 653.477393515
445.979246665 508.55704778 568.809884711
395.443175877 528.583179688 704.909067105
330.482624617 501.914423797 787.782873998
408.3619496 526.615936075 678.141580998
441.680779419 537.651600252 728.59901201
342.968981628 471.979411667 540.329323052
313.901566147 550.654265471 692.340960241
355.668475518 505.252570976 647.376776788
442.105882397 537.835630034 647.353472322
442.83080283 523.658593764 747.27440948
462.246166059 524.812625516 625.071346117
441.099164761 505.208386724 588.339592001
393.512227211 519.719431739 593.503998318
412.82376624 557.115887817 713.369200283
423.239294846 533.954165905 747.890935852
439.164205921 550.467357147 652.471893863
433.26047548 552.989983287 690.677841553
442.376717681 555.904031837 691.59401753
432.047299151 534.31752359 675.535930944
430.133959659 523.306506998 653.604085364
431.595381875 503.270964388 629.617125579
414.894009622 526.811527986 651.237506583
407.4141842 532.588461611 644.937487079
433.697088973 537.927633844 648.851956017
443.806147981 555.865124311 738.525323722
427.403985042 532.817115094 666.170601596
449.142077453 541.595953307 643.761273866
382.550604491 539.08181695 732.739304634
445.578212235 587.851109271 693.584671061
389.828675096 528.085698982 718.681034829
408.531174585 515.721053881 556.556228054
373.141990792 509.396156294 657.724196131
409.088171751 550.043149186 732.186196599
459.516870194 568.265799664 728.607352018
488.507862995 540.974169361 630.252343385
410.653988987 569.91625737 793.367418673
433.576713724 556.799696028 669.1298914
478.709517151 538.197672126 598.313318972
360.215952899 530.29965482 725.258594728
449.333126743 565.233176014 634.68949837
430.887071837 520.989145854 637.19283728
439.074875781 520.208761797 586.20871629
459.693399927 563.27189563 700.874741116
434.729876219 529.735214233 687.243745197
