0.6 0.6 0.6
0.6 0.6 0.6
0.6 0.6 0.6
0.6 0.6 0.6
0.6 0.6 0.6
0.6 0.6 0.6
0.36716 0.576716 0.6
0.6 0.6 0.6
0.6 0.6 0.6
0.6 0.6 0.6
0.59388 0.599388 0.6
0.6 0.6 0.6
0.33616 0.573616 0.6
0.6 0.6 0.6
0.59872 0.599872 0.6
0.6 0.6 0.6
0.4378 0.58378 0.6
0.6 0.6 0.6
0.6 0.6 0.6
0.6 0.6 0.6
0.6 0.6 0.6
0.6 0.6 0.6
0.6 0.6 0.6
0.37548 0.577548 0.6
0.6 0.6 0.6
0.6 0.6 0.6
0.5468 0.593676 0.6
0.38312 0.578312 0.6
0.3338 0.531456 0.6
0.37164 0.576928 0.6
0.27 0.482736 0.6
0.30068 0.46942 0.6
0.30156 0.461828 0.6
0.273 0.437584 0.6
0.24564 0.415492 0.6
0.29028 0.457976 0.6
0.22064 0.340724 0.52892
0.23392 0.395208 0.6
0.24824 0.32724 0.45616
0.22336 0.315412 0.6
0.20488 0.298864 0.46368
0.203 0.273276 0.39248
0.2408 0.249628 0.2556
0.245 0.249572 0.25516
0.24144 0.255288 0.2646
0.24172 0.246996 0.25176
0.243 0.247892 0.26036
0.24476 0.252776 0.26444
0.23832 0.248504 0.25504
0.24008 0.245348 0.25192
0.23864 0.24722 0.25628
0.23692 0.244316 0.2548
0.23852 0.242764 0.25012
0.23916 0.24344 0.25048
0.2356 0.243672 0.24948
0.23424 0.241924 0.2482
0.23212 0.239396 0.24904
0.23348 0.238732 0.24672
0.2326 0.240404 0.24568
0.23728 0.241836 0.2526
0.23484 0.24032 0.25104
0.23672 0.243812 0.2518
0.23364 0.239756 0.24804
0.2352 0.241408 0.24864
0.23388 0.24032 0.24504
0.23772 0.241044 0.24732
0.23608 0.243368 0.25592
0.23684 0.242116 0.25108
0.23472 0.24074 0.24672
0.2354 0.240516 0.24712
0.2378 0.241308 0.247
0.23972 0.244108 0.24824
0.24024 0.245684 0.25252
0.236 0.243 0.25016
0.23632 0.242224 0.25116
0.23528 0.24144 0.2502
0.23636 0.242016 0.24928
0.23536 0.24094 0.24568
0.23556 0.239604 0.2456
0.23704 0.240436 0.24416
0.236 0.243288 0.24632
0.23596 0.240876 0.24704
0.23504 0.241716 0.24764
0.23672 0.243508 0.25028
0.23908 0.245456 0.25268
0.23568 0.2451 0.25172
0.23908 0.245032 0.25684
0.23936 0.2434 0.2468
0.23952 0.244004 0.25072
0.23816 0.244424 0.25048
0.24184 0.24624 0.25344
0.23856 0.245148 0.25632
0.2384 0.24576 0.25772
0.23788 0.244216 0.25168
0.23776 0.240856 0.24596
0.23592 0.244204 0.25244
0.23644 0.241316 0.24976
0.23408 0.241012 0.24828
0.23592 0.242408 0.24668
0.23584 0.24032 0.24348
0.23476 0.240648 0.25076
0.23712 0.241472 0.24776
0.23392 0.240256 0.24816
0.23544 0.24256 0.2492
0.23504 0.240952 0.246
0.23148 0.239088 0.24568
0.23416 0.240812 0.2462
0.23024 0.239764 0.24592
0.23432 0.241004 0.24692
0.2352 0.240912 0.25072
0.23324 0.23934 0.2452
0.23548 0.240468 0.24436
0.23444 0.24034 0.2444
0.23476 0.241036 0.24664
0.23372 0.238088 0.24424
0.23404 0.241044 0.25052
0.23608 0.24298 0.24756
0.23444 0.239596 0.24564
0.23488 0.24224 0.246
0.23628 0.241972 0.24684
0.23796 0.240192 0.24592
0.23488 0.241272 0.24664
0.2344 0.240428 0.24472
0.24076 0.244284 0.249
0.23704 0.242768 0.24836
0.23848 0.243528 0.24972
0.236 0.241892 0.24628
0.23872 0.24382 0.248
0.2386 0.243112 0.2516
0.23476 0.242148 0.24976
0.23112 0.239616 0.24456
0.23256 0.240284 0.24876
0.23628 0.241152 0.24812
0.23104 0.239548 0.25224
0.2336 0.240448 0.25188
0.2306 0.237852 0.2464
0.23248 0.240252 0.2452
0.22744 0.23802 0.24824
0.2294 0.23588 0.24012
0.23148 0.238372 0.24704
0.232 0.239508 0.24752
0.23308 0.23976 0.24836
0.23088 0.241444 0.24988
0.23544 0.240152 0.24632
0.23352 0.238828 0.24524
0.23212 0.241068 0.25044
0.23336 0.241972 0.25556
0.23348 0.241324 0.24748
0.23796 0.243 0.25108
0.23372 0.240372 0.24664
0.23072 0.239912 0.24876
0.23468 0.241248 0.24684
0.23252 0.241632 0.24792
0.2374 0.242836 0.25368
0.23884 0.24374 0.25192
0.23732 0.243828 0.25
0.24092 0.245332 0.24996
0.24236 0.247648 0.2568
