0.32124 0.356124 0.40052
0.32884 0.362764 0.39492
0.33936 0.357788 0.38604
0.35156 0.379264 0.40604
0.33984 0.371304 0.39508
0.35216 0.36822 0.38744
0.36132 0.37904 0.39756
0.35504 0.385624 0.44868
0.3342 0.387164 0.4194
0.34512 0.375604 0.4098
0.35496 0.38342 0.41244
0.34788 0.370524 0.38832
0.35256 0.388616 0.421
0.35408 0.37744 0.41368
0.3782 0.389892 0.41244
0.35632 0.37736 0.4166
0.3724 0.389844 0.40712
0.36 0.385408 0.41012
0.38804 0.404852 0.45024
0.36176 0.389096 0.41712
0.37336 0.390096 0.40692
0.37088 0.406868 0.44248
0.37604 0.403652 0.43608
0.37532 0.397152 0.45792
0.34724 0.380892 0.40832
0.36388 0.388328 0.40308
0.35928 0.389412 0.4098
0.37368 0.393424 0.42236
0.35164 0.386436 0.43528
0.35252 0.388588 0.44
0.34936 0.387748 0.43612
0.35256 0.379156 0.40416
0.37632 0.395212 0.42708
0.3704 0.396812 0.42308
0.35984 0.388448 0.43064
0.35552 0.388412 0.4294
0.3204 0.358996 0.38708
0.32536 0.362232 0.38688
0.33916 0.356616 0.38852
0.33784 0.357724 0.38428
0.33688 0.354876 0.38592
0.34084 0.376828 0.40648
0.33556 0.371584 0.4042
0.359 0.373828 0.393
0.34392 0.36828 0.3976
0.3488 0.375444 0.41184
0.34588 0.382932 0.40376
0.36544 0.385712 0.4064
0.33924 0.371084 0.38808
0.34852 0.377188 0.39036
0.36052 0.384136 0.40892
0.3678 0.39314 0.4194
0.34888 0.372988 0.40416
0.3496 0.37154 0.39028
0.35516 0.383288 0.39752
0.35856 0.375488 0.39396
0.36512 0.385132 0.40848
0.37092 0.392708 0.43624
0.36624 0.386156 0.40848
0.36924 0.3924 0.42472
0.32756 0.361952 0.39356
0.3326 0.362088 0.37896
0.32728 0.351288 0.36216
0.33936 0.365184 0.39
0.33508 0.372036 0.40248
0.32972 0.357968 0.39344
0.3322 0.370812 0.39092
0.35916 0.375888 0.38912
0.34124 0.363216 0.38656
0.33824 0.375628 0.41692
0.35168 0.3764 0.40336
0.36656 0.394588 0.43232
0.34728 0.383016 0.40636
0.37412 0.39566 0.43428
0.35772 0.383864 0.40552
0.34544 0.375912 0.39936
0.34816 0.3741 0.39068
0.3418 0.36572 0.40324
0.34384 0.368444 0.40084
0.35464 0.376564 0.40728
0.34112 0.364416 0.38856
0.367 0.38458 0.41192
0.34224 0.365204 0.38836
0.36488 0.375096 0.39048
0.35192 0.368544 0.38452
0.32744 0.3569 0.38664
0.3348 0.3603 0.3742
0.3542 0.371172 0.40776
0.35192 0.383564 0.42428
0.36724 0.394124 0.43332
0.33368 0.35248 0.37668
0.32716 0.345304 0.37388
