0.52556 0.560704 0.59244
0.54008 0.569456 0.5904
0.5054 0.550648 0.5814
0.48316 0.524552 0.54908
0.466 0.518176 0.57336
0.52096 0.554104 0.58324
0.48152 0.513708 0.5622
0.45616 0.479604 0.50948
0.44472 0.500256 0.52964
0.42312 0.484504 0.55408
0.39052 0.462296 0.49924
0.39056 0.467436 0.51392
0.41292 0.43914 0.46848
0.39652 0.44376 0.477
0.38124 0.42464 0.48148
0.35824 0.395848 0.43044
0.354 0.40942 0.44356
0.38944 0.420796 0.45948
0.36524 0.400856 0.45584
0.35744 0.402504 0.44444
0.3612 0.399628 0.43368
0.35728 0.388524 0.43476
0.36232 0.400468 0.46124
0.35248 0.395652 0.4534
0.35408 0.389008 0.41616
0.3374 0.368944 0.3986
0.34604 0.380676 0.40544
0.34884 0.377236 0.39728
0.34764 0.372656 0.41156
0.36116 0.395852 0.43092
0.34564 0.381228 0.40748
0.35156 0.39668 0.46332
0.5416 0.56424 0.58716
0.46584 0.5462 0.58876
0.52636 0.55456 0.57272
0.48016 0.510108 0.5552
0.48552 0.529196 0.56236
0.47976 0.524632 0.55384
0.456 0.489708 0.53452
0.4316 0.495052 0.54396
0.44788 0.501956 0.54364
0.39436 0.457008 0.49856
0.44396 0.471756 0.48808
0.44024 0.471668 0.55536
0.36988 0.437456 0.4888
0.38516 0.430084 0.51004
0.38312 0.433268 0.50876
0.38936 0.416468 0.44296
0.36676 0.409684 0.45188
0.3718 0.404092 0.4462
0.35256 0.390948 0.42352
0.3398 0.390672 0.4356
0.36016 0.380548 0.4102
0.35252 0.386652 0.42868
0.33896 0.37794 0.40784
0.32428 0.368988 0.4042
0.33224 0.361496 0.41144
0.34272 0.372604 0.39332
0.32904 0.360156 0.39084
0.33688 0.360488 0.37604
0.32696 0.364072 0.41528
0.34148 0.375452 0.41688
0.33036 0.356064 0.38492
0.32492 0.360956 0.41836
0.32556 0.369648 0.41148
0.31488 0.353748 0.40084
0.3178 0.362808 0.41428
0.33464 0.361112 0.40828
0.31524 0.353944 0.40512
0.34476 0.361344 0.39652
0.31832 0.344768 0.36768
0.3448 0.368484 0.40036
0.33016 0.35722 0.37628
0.33856 0.367036 0.39336
0.33856 0.375264 0.42132
0.33796 0.35676 0.3728
0.33528 0.372124 0.39756
0.33256 0.382768 0.41432
0.3246 0.376232 0.4082
0.3628 0.3866 0.39904
0.36012 0.397064 0.43516
0.31868 0.369968 0.41112
0.33892 0.37776 0.42244
