-8111.71732837 -8088.43925974 -8063.95955052
-8117.42809932 -8089.11993654 -8064.88920095
-8152.47598838 -8095.88791706 -8076.25994617
-8109.1772674 -8082.12801051 -8059.55256644
-8112.56489197 -8086.80881247 -8064.43672457
-8109.26136646 -8095.18506975 -8068.43366572
-8094.90261716 -8072.30845668 -8049.46952705
-8096.91544048 -8075.39272897 -8061.54831579
-8094.82549024 -8081.79098115 -8064.06001234
-8090.88297101 -8065.48035399 -8043.63738968
-8098.2298925 -8069.11599904 -8052.10725951
-8101.77003305 -8065.57159134 -8050.23799981
-8075.16656726 -8059.81549583 -8044.16639258
-8074.74559697 -8062.25933519 -8042.47327453
-8077.85276633 -8057.70598959 -8045.68712521
-8066.83482074 -8051.13234204 -8037.17094079
-8074.82795635 -8059.98850873 -8048.60339764
-8072.60620769 -8054.01937949 -8043.67081777
-8076.1903588 -8056.13451564 -8039.25760032
-8065.68352743 -8050.70327249 -8036.96599906
-8059.08820985 -8046.47311671 -8036.249374
-8060.36076658 -8048.84172048 -8037.49308208
-8063.29022536 -8050.9109193 -8041.69886094
-8071.15637648 -8049.01163905 -8035.06231108
-8064.60610717 -8047.75418903 -8034.29488422
-8056.65115596 -8042.89312629 -8031.64885515
-8081.59590476 -8049.67597244 -8031.16970315
-8056.89125553 -8046.24275354 -8035.59442074
-8065.5388874 -8047.44992226 -8036.28648769
-8059.46924201 -8041.87436116 -8025.19097566
-8052.31817443 -8041.68643893 -8034.02511667
-8048.7760975 -8039.12350467 -8023.51234125
-8055.91543344 -8040.22723516 -8027.80633863
-8052.33704085 -8039.04598814 -8023.45673079
-8056.36605768 -8041.92559014 -8030.06256377
-8063.94157805 -8041.41611299 -8033.09060524
-8041.22414702 -8031.88414168 -8018.3608902
