-1642.85620987 -1478.73178714 -1324.53373693
-1573.6434895 -1500.69965485 -1422.10158664
-1521.98511352 -1426.50052793 -1265.55570744
-1434.73004427 -1338.04010493 -1282.52993805
-1471.11544072 -1390.08747604 -1301.70053337
-1516.74419296 -1370.70178286 -1302.17637672
-1474.9526633 -1356.26083741 -1276.64174078
-1383.55362117 -1324.69280256 -1255.0560011
-1429.0146841 -1332.04426977 -1286.77969825
-1405.79878154 -1322.34744845 -1275.33267383
-1449.71487804 -1329.20627294 -1261.10585179
-1395.17361719 -1329.22045644 -1264.39910088
-1412.14767374 -1320.02931077 -1267.64590986
-1378.86747371 -1321.4619908 -1288.98565634
-1360.63312312 -1310.94602566 -1263.19199365
-1340.06310354 -1300.82460276 -1260.35361577
-1462.24512292 -1328.47321003 -1269.00939039
-1340.84661886 -1302.13125667 -1246.45451
-1361.18713552 -1306.53731166 -1272.41788378
-1333.94846815 -1291.58142158 -1264.79704493
-1377.27316532 -1288.7768678 -1248.60651141
-1379.20917389 -1288.08486659 -1238.37817829
-1338.41874136 -1287.01198375 -1225.53600283
-1346.38299259 -1290.98099278 -1253.22821494
-1311.24209729 -1281.82566921 -1229.00668916
-1314.83204841 -1282.21254289 -1249.89288142
-1413.83236925 -1280.87685615 -1239.23103596
-1311.4380113 -1278.30033178 -1233.60894565
-1324.42487248 -1280.70934548 -1246.71927252
-1340.63511103 -1269.1578668 -1240.88470435
-1341.53158753 -1269.35472928 -1229.0185729
-1290.77614965 -1270.32127283 -1243.90300692
-1339.12401724 -1284.61489531 -1251.71280055
-1312.5146126 -1276.21387307 -1241.47130572
-1321.36922246 -1263.84904509 -1222.26389323
-1294.2743078 -1271.36814277 -1243.66732022
-1286.42797047 -1262.66271291 -1224.80769289
-1334.60529217 -1278.47487049 -1213.36991933
-1388.05812234 -1273.57997471 -1215.10804409
-1293.02140138 -1260.46336246 -1220.93907508
-1369.85687131 -1264.97749783 -1229.80972577
-1305.7044586 -1257.02208315 -1221.16002953
-1295.1186262 -1263.06212499 -1230.22941736
-1304.55104127 -1273.4578308 -1245.95050251
-1322.48598943 -1262.9830372 -1224.9588999
-1288.20106103 -1256.93769433 -1223.74670363
-1309.47684514 -1274.45448775 -1241.51633873
-1294.21247178 -1264.0682215 -1240.79402941
-1310.20806311 -1270.7545274 -1227.9939141
-1302.03122921 -1264.89259667 -1224.39876836
-1296.42899321 -1254.03311074 -1213.94019786
-1317.12679035 -1266.42925505 -1229.55149384
-1276.94122543 -1259.88870139 -1240.1316828
-1299.10793131 -1256.86250323 -1225.67425088
-1273.55352382 -1257.05472779 -1230.96581461
-1279.36443282 -1261.12907065 -1219.27221105
-1302.23758371 -1244.99786806 -1203.15310218
-1281.50705256 -1242.48389641 -1210.08434276
-1314.09117841 -1251.53294874 -1188.16566854
-1270.50401509 -1244.29352037 -1223.25296503
-1266.24040086 -1235.79628949 -1207.98383316
-1279.21186158 -1241.2741762 -1194.80832792
-1270.59155023 -1245.37941391 -1226.02205112
-1286.73412221 -1248.89452314 -1215.14279377
-1288.24986769 -1240.48771262 -1217.51814454
-1283.79471968 -1249.40125836 -1221.66576654
-1286.25240175 -1253.47657012 -1221.85676894
-1273.52219136 -1241.64405044 -1214.93829407
-1267.22036888 -1231.3205889 -1188.11565346
