-845.741550012 -27.1495455332 750.744134615
-1851.86885993 -348.323744709 1105.43208487
-708.920718651 251.941415956 996.111596993
-1476.88119063 -243.938482007 882.625533041
-251.860351798 272.981710348 1082.97185569
-524.234931835 163.741888175 1029.90050146
-981.059609452 -7.35876229943 887.42270051
-593.827732601 79.0048595894 1193.13264766
-658.588945488 351.510205139 1206.41746106
-620.938102724 77.7143694699 1296.37680726
-877.103884498 -243.26248524 321.735166017
-341.138384755 9.86777141165 825.715817562
-814.393011443 -67.4826206445 1157.46588857
-406.197699256 263.395068109 1544.90095264
-453.528075084 177.408910919 1277.49178816
-1180.16392214 135.897155602 1226.20182332
-370.938612809 327.05235233 1473.92541203
-647.065302006 177.534029347 862.83257058
-338.700661033 223.896797976 1274.73322008
-525.210663918 215.401064912 1231.73165127
-580.042726704 351.813000563 1011.2784544
-245.829172314 130.859959844 681.276894119
-916.861979465 245.0046027 1242.62956977
-169.760158796 402.139661702 1120.75138847
-264.794020883 445.208343451 1099.53887769
-532.713536871 379.389096174 1402.68313289
-181.992542604 703.892570382 1496.73977842
-537.516625855 102.086761837 846.100477545
-480.74148174 53.2758168628 917.906055899
-149.262817786 446.511631165 1027.45880443
-381.293635018 409.223629531 823.234262147
-290.56423976 226.440712483 814.085354855
-441.34339412 499.242804092 1280.2407663
-788.574234124 -21.6184595009 1047.86221549
-199.593464176 40.6324790173 590.796785753
-1061.58746144 48.875559126 1134.04597586
-611.309433303 63.2379573291 1112.4594884
-432.66720768 176.573242002 797.865785301
-347.603082028 474.143281745 1181.51269638
-744.954649857 267.865184102 1150.15580502
-140.503971108 486.500990567 1222.99578392
-775.059680731 60.1890155445 763.952993924
-774.693445479 -72.7224596807 769.036359513
-471.420136974 228.02704693 1202.37107994
-338.287136828 -30.3613641629 905.750647358
-301.65944765 132.025298223 852.363124594
-719.669927573 143.64132625 1199.49981124
-409.139860399 115.656426967 1049.10193364
-271.710027341 351.976085787 1156.13204631
-241.186410108 305.736762555 1255.26954854
-320.6015463 269.278293063 1214.94978656
-578.172677385 -164.998164748 156.856874666
-346.12152551 208.609641621 833.501545816
-445.16145845 323.344624092 1179.69715791
-203.138798735 206.297898218 988.233553408
-292.120453006 289.722391468 1107.80661109
-166.898532749 627.304434405 1323.68601049
-167.205041969 260.734281265 932.613601769
-1077.53445466 -220.943165669 220.667841401
-290.72250378 301.718963333 1059.80219482
-313.40787973 329.697596959 1286.9173692
-351.747464243 152.634294869 1252.93333416
-228.053056313 294.016897 1055.7568466
-548.842192733 267.576768692 1124.11392908
-565.267945126 140.648700918 1320.01734029
-249.103894552 208.031946851 1042.79635395
-434.966837656 137.612810544 823.567616003
-371.175987531 334.513750685 1203.77624173
-199.695030259 540.627689198 1275.73345947
-199.825512515 639.411466358 1406.20974314
-400.854260899 446.542032199 1242.19488093
-483.025440672 460.411465646 872.607488341
-286.298608315 100.040583354 1113.37194702
-426.043571577 275.59940242 1223.63610925
-786.885973299 15.430669818 886.271975087
-536.190551111 365.823076236 1156.01659075
-327.271368334 56.8161863537 571.510108252
-253.188770076 545.663609609 1220.88416349
-928.104471933 -134.853681576 336.267278914
-596.231722259 4.52454246423 484.995375155
-465.233865153 44.1858302635 1115.17078786
-326.580202477 620.895615372 1193.10129424
-344.622582596 227.720596505 1276.92128075
-276.660328927 437.856552681 985.328323945
-129.402791178 591.586851548 1323.39692589
-216.275722864 508.274275654 1256.68105782
-275.188707609 265.879899759 966.855263803
-226.242161096 368.914526259 1109.37308354
-348.262451587 527.46319773 1101.80051486
-594.573730825 192.221759497 806.742781216
-576.786347649 443.824220521 1078.89897666
-286.007585237 -76.0101712626 279.681454643
-298.124276158 453.555601774 1261.31563145
-360.838574556 288.524222165 835.702202228
-302.594570655 137.635315326 1048.43871702
-220.256689042 133.653339345 854.81738381
-450.251110076 527.962159416 1013.6783496
-374.614815799 76.9986041536 977.14442062
-272.432199906 373.80777758 1036.7199811
-209.460012479 371.524086532 1465.39242383
-704.185717482 437.269006953 1344.37865259
-276.263270927 440.176134123 1177.34232861
-283.576852045 441.172682128 1416.03497027
-481.358311838 24.2966374249 776.69990222
326.434664314 784.129778887 983.833127654
-253.728903182 656.325978811 1486.00852493
-598.050258332 303.714494723 1204.27558017
-536.445075796 169.055812354 1126.16747077
-301.110643556 152.555321542 1435.93541934
-304.76059443 252.611703389 1145.50852335
-418.132214885 280.506379502 1533.17978104
-171.947083659 502.453688722 1206.02103944
-226.103299915 334.851126836 1611.16584197
-429.045702688 75.4526744583 1097.77948925
-273.97318898 296.531941693 1272.69526067
-432.099623129 417.235692532 1242.49065436
-244.707951602 566.480919693 1415.07945164
-157.386951026 545.217066621 1560.82306357
-216.430022528 380.121390655 1588.49292989
-1381.89135827 -275.322721093 416.268430906
-8300.62387647 -3233.89812958 108.943903702
-7504.06751387 -1271.14618136 582.27820656
-8595.96327432 -1076.72014075 1126.98464684
-1991.92482587 -213.793118918 569.876260355
-7316.48114714 -880.366107912 343.792215854
-2068.78835051 -295.74161263 379.206510781
-1072.30253078 -107.875130964 850.029536088
-2076.6339672 -211.661234175 614.942843855
-8000.86607943 -1091.23038088 414.707016488
-7452.62691553 -1044.41862911 437.35842878
-1453.46699371 -299.001420548 371.215687755
-8184.93527785 -874.422750055 682.658474335
-6665.37683436 -1030.20672607 863.638841594
-1582.27318384 -175.223941352 392.30302702
-3224.31155064 -238.232052766 671.716743727
-6818.75756508 -716.951054316 380.763876953
-2286.77760152 -475.47224465 204.987550083
-2128.17562371 -369.888400288 272.06180989
-561.401387759 84.7647412027 467.879735715
-7345.41260065 -598.228868562 982.606857144
-2345.6075211 -451.250795782 1050.86578899
-6017.15787834 -811.077981577 379.216799867
-18.5727656404 226.57034367 437.364881502
-971.562006002 -25.8251405892 1261.81146682
-564.337242265 256.496709605 1080.82981644
-693.527468159 73.2902651131 508.487554034
-6827.01210506 -504.9469411 471.202283203
-8939.73166992 -828.068139193 375.419068555
-453.00254189 116.786225638 1272.79640749
-8024.74017473 -883.061319623 471.634966139
-6554.54609047 -614.556115005 506.18663299
-3857.10398048 -450.530102794 383.125016113
-777.51380384 93.5470172162 486.943129983
-776.290693607 85.3766897544 1430.90873673
-6326.29638298 -475.785213233 580.720433957
-5783.88060867 -757.733960928 582.922165558
-1805.89822145 -285.635112165 789.241663773
-1939.8769517 56.417318871 1393.11972543
-1305.8694066 145.290771363 1121.0746419
-2101.28205717 20.5238101193 376.208825625
-219.759558804 354.151416573 845.335844213
-0.918157828539 349.244742215 701.597889522
-2344.25437887 -155.227314209 389.759667339
-4092.05761229 -371.949166036 693.219136544
-6242.44037859 -546.026007141 451.65721296
-679.821540401 173.983815555 934.761903001
-503.300204962 279.04845051 1007.03866493
-3352.98288435 -135.631346256 795.264864111
-315.766362909 178.600059096 420.948686966
-446.776649467 43.7958504386 581.34487639
-1132.12418073 -72.2839146438 386.507622545
-324.034243393 194.923046657 894.363825876
-922.282950833 -42.1324683715 307.127640395
-225.086804919 323.257883386 1040.13542452
-2364.1415852 -16.0423304925 467.296093422
-610.812959105 69.1875273136 542.854223883
-298.231298493 274.915451453 761.295824679
-470.309150146 113.541579984 538.888842303
-69.8105357135 317.527868676 750.284593658
95.5495823967 322.647335406 644.817246834
-137.116329457 180.757678205 436.402718657
-604.907189732 238.458587376 1107.23564759
-407.563557812 286.050094655 1224.01699208
-3986.18373126 -574.084104803 395.145936128
-131.815485114 318.207619024 746.382808401
-3484.22629186 31.4637478689 747.793074941
120.577698288 271.738573774 367.923560516
-237.962274571 240.671534825 503.3497055
-192.060027036 296.230838589 1051.05090408
30.5336868732 435.486921404 1015.58133056
-2832.10618229 -213.082454369 737.642558993
-738.335983719 249.756874765 1011.61257165
1.5373940625 381.591400441 1171.42369927
-768.389701879 224.448396635 505.888609343
-6562.51583352 -1448.76841174 1247.95225198
-688.379338278 146.936511252 551.031540351
-231.992352689 172.356978719 458.549420803
-122.605400775 283.332160582 500.816809746
-501.78763953 204.92885973 803.597496819
-445.965628396 148.850182162 610.909110933
-891.841928111 346.124945896 1086.93104137
-147.547995456 373.584900894 991.869540589
17.3469664119 375.700081212 1017.80183817
-50.951944915 298.355970674 645.856603973
-746.88497207 194.482736299 550.15981498
-484.76122601 217.133361311 763.944594821
-238.281408785 268.920493346 602.105412899
-541.411683826 166.494920499 459.001285043
-1485.35040558 297.010001647 1194.00501154
-2359.66719332 -8.43952714121 807.862505925
-402.207258103 219.621354668 720.364171285
-264.202650747 243.867329469 844.300614434
197.403476113 529.574621395 927.135459968
-1016.03011062 140.061124537 866.279396421
-4536.23310478 -442.927794469 1068.31409629
95.5353982041 422.202027502 949.112452768
-442.855332721 248.032125374 788.673989989
90.9840203557 469.676768576 1041.43775023
-328.213569492 372.630754932 1094.50056237
-38.1989123683 202.061228193 446.200249023
-187.892322651 355.945052549 736.177771413
-1018.3727612 260.080374576 1115.3467403
-439.70754469 134.040267879 521.009754221
-511.417518985 152.857992639 654.822301072
72.1056745809 284.273900979 734.859400423
-1316.24334353 55.632684323 897.953647634
-249.757349022 353.700847785 954.711607258
-307.346131496 455.909282821 1202.48883881
-503.557687658 444.699049811 855.626301913
-829.934056913 42.7088832503 832.58146149
-348.3302989 318.511509172 809.551576521
-54.7705268867 238.662080131 425.878410829
292.158453938 482.739957022 832.941528458
-167.777037291 190.104032552 468.835271563
-205.400473004 295.234453431 660.576398221
-231.522545372 211.783707656 782.565114656
29.3336953415 379.690669858 897.521793792
-136.915221248 327.165587819 664.367435273
159.511264134 637.702357368 1249.46797489
-354.272287114 331.743943353 768.23621253
-3838.34429391 -34.4297182308 592.68609907
-60.7885645562 369.979825963 659.501930372
-126.894223483 285.071123741 595.395064893
-507.033936801 224.115965664 819.293653475
-326.880823104 358.913982876 920.83348529
-1592.28880204 157.030986218 1071.94325055
189.546158069 507.914719198 933.502462054
-374.965362872 555.378911601 989.126492827
-237.710986682 170.25260208 745.828420965
180.900209144 366.717143606 694.050320548
106.186623949 323.343137553 984.786161776
67.5110142327 371.438903175 855.581713865
-67.7899310399 243.51439808 516.431400165
-3052.4411467 103.969195359 1016.95072662
217.390437935 329.534825472 706.581465702
115.220502462 469.515753669 819.448098451
-3488.36435849 -200.977530212 575.124661211
-352.769480923 272.270524162 567.142255029
-106.33344695 320.572104112 773.457417267
-81.554876965 497.369115763 1120.73378116
-71.2222818493 289.443964516 669.235510432
-188.171669057 302.496913478 641.844337401
-1208.19326472 235.185475168 949.782844528
166.652551555 510.078080212 1207.98342033
-417.220258676 301.451991565 650.032110576
111.33082279 431.647151393 1133.51356295
-549.449026135 187.203122344 594.306601267
-61.560545373 337.306416943 582.669747748
-334.380782048 287.256166447 1125.26557169
-375.808360606 335.081418105 911.636330146
-4355.45205209 -42.0361267046 941.759948452
-587.56949464 210.323192471 1017.35071107
246.048889593 411.134675081 900.797131006
30.5252338316 473.15883019 829.697270472
-7051.75094601 -437.392332879 694.622999694
61.0369608838 513.514055375 851.127092505
-1578.20650242 46.4923929701 660.039484551
-6699.73845883 -310.684033791 697.07553504
-156.014208584 336.585410965 742.233971149
41.6890488597 383.47529971 646.428401233
-95.7439882779 366.718808749 1016.94397294
-395.506670601 351.724546043 867.772369531
-105.306824572 426.586401587 1031.19920979
76.2908064058 376.230716634 671.258882921
68.5870513369 320.429002849 607.592864448
35.3992575658 455.222253162 897.644234072
-427.031927354 192.942447363 694.175990397
-44.7974695696 283.146898516 636.520592417
-83.975743908 215.237355727 458.201716843
-31.012166903 369.047400013 985.936488105
-107.747096854 261.727230236 548.844531606
45.72509071 421.712432072 834.588387781
-219.812194023 367.52778362 1056.04182787
231.541455263 482.734040724 1194.66654422
-3984.25775716 -65.5455574986 782.493083753
-390.381319192 357.593469147 1132.52323223
163.152932728 405.367316252 1002.83688748
-1371.34826558 50.1747922672 722.842596415
-333.228937267 145.073649962 893.518371093
-127.508180124 332.494987724 699.958611699
-913.893037128 301.986388324 952.64217865
-1312.62393975 150.337837305 865.169466591
-441.40623553 237.481898164 546.30722106
-122.721260041 247.113776341 822.554732954
-144.313153649 355.371082428 841.617129418
-22.7167868542 468.337737372 1047.20122979
-362.597492484 359.630090013 841.206957918
-691.549786869 228.415825919 1072.23111357
-1342.69229231 192.644986443 1053.78535328
235.20957407 458.404087439 768.688086935
-363.350722113 415.982830276 792.674506489
-350.104983537 353.266767838 761.640931946
-163.802381353 328.742488246 838.713023076
-643.69575278 234.29733469 1045.10632765
-2716.37128752 -85.7506252833 809.810038625
-6721.47187307 -271.192773857 947.777226206
204.216086983 497.05804222 773.045063452
-301.320088759 336.890052358 690.753412914
-2452.59610776 10.9088780761 848.45826877
-607.121547767 68.7506074738 461.061687514
-783.340982767 274.88611917 796.276873569
-3301.82591812 -168.25677835 1011.25106366
-598.733032225 238.768964291 725.764209141
-4064.84019304 -498.240123185 819.695468596
-256.678710736 443.360480116 850.553896829
-567.110694345 330.743159083 911.742487115
-93.7969232428 273.263528355 669.195282466
-138.573672135 271.154588402 873.508667897
-564.08287464 186.82007617 839.199410062
20.8838072629 378.085068583 1088.17439018
-64.2767357867 413.902319181 899.183029007
-5123.30541564 -315.768890808 600.941767451
194.447186354 462.560230456 768.467129662
57.8760893819 458.723384832 972.107348603
185.734224331 500.068644589 1061.30255908
-1466.23930921 74.8948255805 714.542012303
-1707.21442106 153.096432383 433.211280821
5.27856925436 467.502900907 943.776858118
-125.425451426 478.636215842 967.982144315
150.064458896 611.563438662 971.09494498
-320.96112387 320.430894431 857.495118001
-1396.15253373 -24.3499368686 484.934965445
-47.7789215586 353.464708649 774.915794518
-397.735715186 427.546938164 1203.62940799
139.428017916 318.283978079 818.706827576
-225.70586967 373.977747176 941.423296905
-568.701752783 126.485796421 460.953858652
-672.076958043 335.981077377 1038.72329534
170.434867926 576.869083182 964.590166479
-152.1261494 511.244091644 997.195096731
-4219.095813 -452.203781054 870.430361741
81.8334751602 366.908671188 555.060153352
-446.431426852 392.807655052 901.004870285
-218.166958777 343.349310393 580.566559199
-308.807290308 238.083508415 698.939275881
-471.2020881 302.058579991 753.734539958
-425.00540242 324.239119195 885.300041473
-321.775755009 346.441335188 1016.48800002
-324.941311443 281.979858308 657.647070167
-16.8930763278 459.71189287 1009.53602014
-104.445772449 381.629397882 912.618238938
2.51056415515 571.736205859 992.814861468
-296.086637657 143.491062737 487.497366348
-669.770538245 352.335263515 647.861771464
-169.949732896 358.539618783 681.417936801
-171.293368387 469.432600112 1106.0064058
-81.320358348 364.690553732 839.830258885
23.7640705282 387.76574481 958.716743546
75.0929858613 375.86488689 657.238006849
-119.046427128 380.740932642 857.694191178
157.060676681 509.366561567 945.29673414
-96.072711022 374.280459821 728.528261424
165.945920455 419.422263213 719.485066264
-240.343330474 393.961217131 688.633963525
-148.402181461 398.563088378 927.010736256
-343.309929486 190.859807611 1079.50346491
93.2538924821 575.045347317 943.910365835
-195.84056239 475.508758587 1005.50301824
105.282012278 444.285250625 806.20163737
49.49485525 450.204137919 829.405706697
-608.131955677 325.944689025 711.995357542
55.2857225165 490.911647737 877.379096121
-539.345220341 383.196141839 872.064658411
-375.37690867 251.61871872 735.418270798
16.6895232123 371.242301715 802.743244282
-43.8635287833 238.091379041 610.962365462
250.799478063 432.880766634 1026.21798089
166.580303798 403.159174202 735.154718756
-1384.74962855 149.031207422 1026.10684972
166.26801398 365.565726014 748.48746685
206.867412845 435.095137418 804.966696158
-398.81681046 310.601933016 693.275327475
-1594.31115235 405.966056956 971.316567505
-468.152884975 286.920538823 802.315317052
347.551915775 448.785393374 603.440883019
115.233227927 361.035002945 741.00406373
-710.658159404 333.276605938 756.225537051
-390.33868379 308.821430057 986.726597595
-1707.28714932 309.674482171 1192.52723747
-448.79270645 246.806361728 1106.08871114
-882.083437831 128.812435103 626.301222164
-8036.43842474 -441.712275807 981.381735154
192.191769154 428.799374742 1012.07897109
-1275.85374639 256.890542856 936.34806789
28.7779383765 427.285688233 690.122910883
196.999609207 514.313361358 967.26180661
-395.545902949 306.726575403 772.877992785
-370.710592591 399.98732841 821.214397758
-133.244053925 481.86656637 877.617696735
-174.067914301 438.038851951 953.174685325
123.335888058 510.847559235 1198.38574277
-318.211823717 351.244004591 757.659493788
15.9989514122 339.479114464 818.075398123
29.6476551674 470.866185087 929.460038867
-359.78248972 251.423910366 855.66034444
-732.095986996 240.703074582 739.448399147
16.5622763974 359.763987272 552.8137094
-27.4070123823 431.965745394 1019.10320842
-6496.39710007 -207.588101894 840.034491651
-20.9488546262 272.837373622 486.548710508
-314.299692663 328.379108604 786.426512291
190.348261618 413.099042991 622.685677956
44.4307095686 369.281692172 895.820468353
-3474.6912564 -182.551501974 1127.43437668
-573.357269672 291.527809727 834.002157293
296.010701588 543.925847219 909.163834179
-851.656207877 372.27855457 829.515888424
114.016894557 342.678259927 632.5997989
22.9579343743 320.361461137 574.621810341
-4600.0107445 -47.4679669461 1112.05553847
-3806.84290796 14.031212129 957.84304962
-679.430006364 295.222892001 695.360524578
33.8456854314 396.709186052 600.093381003
224.240629591 488.735616064 928.691102702
18.9932991089 476.25867901 730.609543978
-248.492450549 342.950885775 665.399830023
-112.250481295 402.857014102 931.874398034
209.589894758 566.623766746 910.760184373
59.6540455399 421.701674904 942.888951158
52.1230915399 583.971698896 973.370590318
127.540060077 426.325914914 903.068970242
98.13143572 356.48025033 601.954138544
343.859367522 597.653870541 1004.49706715
-26.7265653514 462.32418726 858.016136129
66.7223551442 396.95917964 711.696900831
181.593329774 622.853733159 1200.60280778
86.9284901727 447.781927835 848.27553064
185.604966467 514.983107351 807.972837815
-312.120760419 404.064173832 777.961846379
-1319.87514388 314.501717167 812.326697743
160.96679286 456.777748815 717.880853192
-227.160365262 419.857053008 774.976413864
-241.071354873 343.536433399 812.057922359
-164.099651838 293.984988073 615.197049761
-196.313121696 407.19091357 847.556279409
54.7943400335 453.763100365 879.187947451
-2377.42647287 224.702809692 843.978314998
-52.7406994546 435.149182475 852.861899729
-85.0727051351 497.218672706 819.268843748
198.038095411 527.468852624 914.126639983
-145.630351432 297.781257643 809.157425394
381.949238368 552.944522167 785.180030698
48.6992853949 388.131379225 842.902556674
142.872085543 449.85589942 1029.20096077
318.457077608 509.846298691 783.535636859
-496.694813122 392.355596494 826.738819955
168.892356524 579.343507751 1024.53884223
84.5359722289 383.848591284 699.184121794
-115.544658242 464.416783811 904.676249426
-3.12269206382 419.417588054 1038.72853628
152.5731875 561.159034724 1040.61303311
182.756959587 418.03816873 701.123706294
91.7509087439 472.958716516 1090.40663233
285.745588862 427.87603962 615.818280027
74.1337092194 368.566199713 587.105010184
-280.115872721 227.643074985 561.237273263
-146.321453818 527.640407281 855.109302652
106.101008156 517.917863058 900.75327388
159.580292728 429.624071541 688.277258352
203.953610525 561.882676882 1080.26337717
46.3394448117 360.499920664 574.473703947
-78.2001313741 420.167449979 863.65231935
155.411486822 509.932911049 890.160859113
168.97618593 520.199714292 1148.53927116
7.68068922722 457.985578769 1058.12025823
170.190027088 461.910319734 806.107583161
262.50195715 408.751349325 620.694132838
42.0061842313 542.767559675 1016.32367461
208.461975024 485.792332926 972.590847687
68.0709114878 434.460617254 782.214564598
166.510340978 507.300109771 856.597365783
-152.624087586 517.420453675 1050.00546437
156.841899815 533.776146079 1091.17867643
186.805294199 458.439748832 851.645914733
163.009590939 666.991008123 1028.56199396
81.8498792302 432.199474175 743.314689445
-96.5821554621 406.493470763 821.390842641
-148.788094697 443.969547463 1305.48104061
-100.925998498 571.837224253 1127.88155723
89.776916501 480.197890475 904.90660181
153.397322001 578.368388006 1078.92374827
-869.267602043 220.558917684 1014.97238588
-361.282021626 369.252806341 1004.24379266
270.360566589 519.633976075 1000.96444416
233.131172656 493.896212214 748.303401874
285.451143284 442.137704461 820.352083944
223.026483105 618.783126947 1053.50054827
288.338369858 449.953029476 1034.36893151
160.567489011 541.361645884 870.444632899
-7.73117735629 630.241979674 1209.36809401
165.103506662 522.330151975 906.662902094
149.170525264 551.957349686 1063.60218374
100.452978278 531.969966463 1225.33022992
-68.6172242766 469.766394808 1176.67482754
77.9411584578 484.766357957 748.015973395
217.894547187 645.104396972 1029.88992134
204.537045993 510.779295629 998.40081137
151.220224271 498.143187777 772.778397618
204.205653847 569.937174464 1305.91988167
296.653061382 553.234733859 920.558481521
-90.9596713945 509.864389507 899.415509478
257.925661257 563.148096887 853.318360437
179.473809999 645.249541386 973.388359637
-261.56041109 564.172623248 1056.62020795
254.224757079 656.76365589 1111.27378358
401.289631041 541.807524804 729.573018974
-59.8761703189 545.564991111 1107.67370512
247.277162372 658.609531322 1235.98315454
-247.446436656 290.203705853 501.972057213
445.966995427 602.145606422 787.817478531
-76.3122403051 630.95242894 1043.87426411
339.188123132 596.092667269 1004.66589854
190.870009548 572.387798403 1022.29823082
295.341780181 553.765011202 919.958015983
-319.314046086 473.870370058 922.832376252
-253.971413794 472.810081717 849.803061641
-102.990755225 397.717368111 687.005447509
91.0146468814 591.589442564 1189.37722632
69.2427751042 341.011489459 600.388674366
353.679398353 611.324089917 1036.22714676
283.174112012 682.129315487 1106.84095839
149.999394041 479.362846183 933.706772219
169.525495929 686.794817817 1144.23776233
-77.9953433883 428.774746802 974.245982503
112.058978986 590.571370685 1051.03806547
-1267.57436498 333.231121428 921.116705734
347.019648342 517.878902953 921.338942404
307.629588226 814.011121849 1368.84913945
210.205522552 462.990428359 996.686966344
395.861455587 788.990693454 1268.68531964
-54.5792987205 489.368340201 1558.62155654
274.054783999 628.118582546 1133.72675981
201.190997206 467.055704836 1047.89838192
22.7130139383 591.563109612 1201.19872424
-154.688753364 400.916598311 754.144347318
-19.9345359773 482.544245207 899.688559998
-61.1450218981 528.93724256 1286.9382516
300.91761386 464.831836495 1068.17417196
113.553873229 542.197040107 1266.59311089
198.343085613 461.5569152 1229.13488481
1.63406252134 438.26742348 1088.24370019
136.272380327 544.641783571 1139.7807818
268.169959472 511.396703023 798.898842906
137.764431211 470.907937824 883.229438884
205.471651041 464.010399635 911.71046927
359.145973136 665.916508262 1132.68152002
254.5070757 697.833818245 1423.6776459
239.435509731 445.150582974 755.54625941
91.1407833775 397.737957247 922.627311651
174.086736235 491.566760939 1112.84464125
-104.115706331 384.951044944 1111.74485924
-67.0143173613 395.110340366 905.520506631
-92.7959294979 458.936187086 1216.8910947
-476.657523106 495.784535522 1055.77008454
-99.3751343339 604.941756399 1223.46882686
8.2377595446 642.065105967 1119.66075097
158.653318975 628.932583579 1304.17771536
18.6076516933 485.52560355 1057.490013
291.454639573 590.248167689 1094.89827133
150.459034618 681.442954689 1044.35666751
81.406871604 517.882614785 1007.68907736
187.850788012 572.411997492 1261.1378338
-163.335129416 533.11335401 1160.4105445
256.09675391 560.711067785 1059.04447682
-241.939844211 346.864600711 881.344124585
179.390005749 514.306398659 1142.58005468
115.19510301 519.732114806 821.662318588
310.417835004 636.812826972 1240.8447141
366.500963746 585.131567256 1278.40100081
280.995875951 578.158813238 1080.29355648
252.387088476 455.815039313 698.718488889
286.151280009 617.437860477 1332.2370708
396.306111615 625.6020347 960.529538482
-564.628639716 410.163504934 997.53287861
-470.018584632 305.123925274 587.203664853
290.899304485 554.315882653 1203.2655648
247.215265852 573.1277621 998.137403228
238.775710061 586.683164618 1135.83187072
377.47035844 728.957905645 1109.61212567
134.276521772 585.911192965 1099.51658537
205.306380839 667.001700849 1060.71408499
295.301849579 642.453368658 1173.19820808
-890.382299712 447.048140442 1073.4820006
351.939164337 555.268022503 992.942510506
217.001316669 621.163873041 1213.75413539
38.3071882437 434.726516409 785.278068674
335.181736211 470.112872222 978.302345815
82.2059176041 511.908058348 1511.78130734
385.228627702 659.966213943 1076.37108508
259.115481827 484.968006477 876.737185686
-105.754600938 453.89367716 1027.23774148
258.278759523 548.408403825 998.419908501
333.236651309 785.757365493 1028.84083947
200.647676201 624.793413651 1200.30170858
354.979966939 677.38953658 1176.35259
165.480518809 657.993038411 1119.41079733
149.013375721 569.756823756 1021.96568584
342.732680439 530.476372377 864.379211761
222.689926923 578.99302581 855.836797061
422.226234754 695.05041543 1082.05195757
142.843790921 523.947671877 1054.67540309
362.160563226 619.8754121 1174.86535285
375.383154116 659.894369797 1006.0577292
420.385992932 710.440983777 1180.77154616
319.821028252 604.074365353 1168.98053309
-466.699335687 398.664536604 1099.80495595
191.189399756 560.261371545 1076.87341762
140.139188693 630.09950015 1091.45427591
257.220940534 520.059750687 1077.93822821
-26.3770980288 482.001087375 1152.92590834
307.507121724 602.913824155 1141.06755393
250.0227743 570.716638152 1218.42722619
104.568442342 438.97123003 816.40574557
51.5684243683 608.421437924 1021.09818482
212.919740019 570.450908243 1140.88241115
8.93460587449 688.085779431 1202.66076446
366.329014765 586.179780101 837.629883759
269.685387012 624.519520916 1133.73629543
359.547352046 601.69033579 1118.26773507
133.68048283 546.234271362 1109.64986449
249.03933678 723.629377747 1169.22388729
278.752204856 606.546497186 945.260522285
56.7755132049 525.128146799 955.469475789
206.210201889 488.002783498 921.93192026
101.992916092 386.9361426 807.520247841
231.155977774 476.881360855 733.120891979
281.857649712 513.584943527 1042.54124948
169.863856878 590.156281205 887.803808101
85.5057283853 492.726603644 875.952139161
16.9629486243 635.524967773 1471.68265032
98.4002756379 462.77721168 830.575039083
351.350188834 595.486859845 1025.35925574
399.448240291 539.27050176 889.801304537
366.043201814 570.480857323 819.637211131
-131.670791623 561.244425899 1270.04667073
218.753046792 733.959093225 946.203145852
361.039034043 555.402606155 820.734492487
349.228644082 738.862109004 1015.00177395
235.046525235 562.333799173 1040.75325404
317.347587886 555.53861364 1105.95663025
271.973755265 635.537397971 1141.65047607
250.321723397 528.050264085 727.217141758
235.556738988 494.492858729 700.660951917
228.035962714 741.697226594 1279.46280996
159.43361802 523.866456419 854.049861644
126.385189759 543.620704957 976.842695092
155.268812809 541.758164317 1083.70941193
247.652663521 704.635730524 1318.69108478
0.338365187173 493.82691194 942.785196811
243.761002424 607.049238849 974.933409839
205.724311635 508.629038104 1051.14792179
34.336063442 386.196527991 836.050836014
-46.4665541568 500.454788036 960.244147658
176.125659262 496.732413144 802.90446812
222.794936337 493.312503592 819.375985636
-86.0688546201 489.375512785 1142.16834437
217.062750083 571.868317038 1515.64303928
17.4652910573 433.601671762 790.147951464
-145.287444004 640.941235788 1149.47833867
42.8178982729 728.506358835 1235.42253052
334.755120141 579.868051812 1105.79428653
400.974694464 754.302552091 1102.09209172
222.379106862 641.608460806 1272.93694723
91.9666975338 417.072576725 1071.91632002
263.975967945 691.108567801 1236.96981581
340.107768303 652.380678098 1297.62818586
179.359841763 503.131644019 1090.26577922
329.242185041 597.579197418 1006.70313471
31.9523646555 494.171682615 793.863239806
-137.373666416 541.805451009 1548.65811378
236.623769513 455.763915737 957.286608757
246.815127727 617.196074328 1011.07551702
167.090256524 473.675220087 718.36994094
247.665020544 528.851604198 1029.01281566
109.498307398 507.685163776 902.151027812
-9.64148396411 476.265121316 1038.96467271
320.506730536 626.960310871 1029.86531378
304.403774512 666.624995829 1149.26535818
270.922011493 517.360364906 1077.3542097
86.6819355663 546.256005484 1005.43708657
21.3099739462 539.610797699 1019.81266229
288.482160368 567.489323856 1277.21575156
338.433400409 574.134119749 1136.10528703
118.081542881 593.41511096 1300.81491962
185.165672197 640.757559331 1410.96904231
147.811823462 607.032514337 1425.45112176
233.799901952 563.178866544 1043.45615947
267.756546759 550.546754033 844.031341003
177.302558134 555.279511543 1102.80289898
353.34268944 536.181228483 1109.54241844
123.24679496 677.62973822 1412.09454166
337.049852328 720.86549366 921.475986122
265.506272806 575.081520002 1111.86751124
407.456168722 680.068797453 1215.10350126
177.464743316 502.780964396 950.822991528
60.2611017513 590.553983948 1126.85191785
290.585145687 476.171739709 792.91075404
68.6396645855 499.216776285 1053.67167503
-125.238790563 340.435043759 704.323979455
365.481513793 683.347768804 1086.08856273
283.363306588 520.049705181 916.955700028
315.660701361 667.693851888 1230.17940386
379.776530545 575.31392079 1106.04954946
-234.352299778 466.62966806 877.983311351
157.690462782 600.630245151 1115.12369187
299.634460309 636.531897753 1149.59512673
135.678276644 460.143995298 905.256094987
226.277292269 589.981656804 995.119364835
312.117543063 709.09227534 1110.24870179
56.5769914411 559.593600218 985.165945038
62.49415097 627.200063121 1121.51121762
192.319430253 479.296258019 653.296964356
193.77336515 441.184073566 879.559601405
262.467719671 563.686089375 855.296522445
164.213708143 585.103116634 1001.244766
153.305939377 487.117891268 1072.50149851
14.9758818352 460.669708596 978.932306058
85.7260767116 554.585155853 1091.01972103
33.5446859012 607.774002478 1189.11201574
165.030338815 636.632806156 1248.45632548
295.765226032 587.900423502 998.060872527
413.026363302 700.190826705 1241.22923549
184.317605954 529.928877446 834.814201655
278.371676227 580.741251051 1047.21577486
427.338919536 596.341589368 1126.49943906
73.0721541725 639.915169044 1019.08305708
175.912862213 521.666302273 974.8112513
-444.796566294 592.177916467 1016.36709074
267.775354903 608.147078045 932.809153959
181.391248787 387.162684836 660.925910514
153.020039526 588.302401092 1091.43817831
248.572770028 487.442694202 891.124772113
198.673656232 502.982426792 1219.86316227
151.953485051 553.000577951 1095.63032008
143.640980221 471.888188755 945.190431397
242.300164226 616.36870745 1073.58057729
-27.901031331 627.530188445 1177.74055034
116.609868162 534.584984671 1029.27687458
316.406483325 609.923889087 1066.52556821
-74.7203344559 466.068781638 1282.87375278
395.300242761 515.34248707 734.761075452
276.762632432 461.78487377 544.072158998
376.464932282 731.199752959 1048.80781392
-1.52641065025 593.289630144 961.153549443
112.604264644 511.36731107 968.326573562
233.542065281 594.482918741 1025.97568393
-50.6329716223 454.17282342 896.680310898
272.891601574 488.720912395 1168.97926943
371.419075591 685.635947946 1291.48701877
211.294858809 401.438301718 626.193389953
300.194281562 635.862219524 1080.0639656
237.428812272 512.082650858 886.198008796
366.63972478 541.578673864 880.246585149
249.720912257 536.742083051 873.297257894
314.549540091 582.741011482 942.863157482
324.700459173 669.820167496 1321.4589245
189.220260412 619.336317627 1177.77671324
408.891872752 653.943288162 1145.38539878
362.626608487 633.967876045 1087.2277115
362.909969846 571.898644579 931.465303017
311.799500416 521.405813894 886.291958183
94.1697048201 417.371324381 626.745482995
86.7125525849 504.235613137 849.376604187
110.822041776 510.736438779 1145.2212813
219.419661269 659.829844805 1376.92036579
364.596315758 613.025922574 1045.8762779
370.13611832 540.30549283 1300.0876668
280.695845719 614.156308559 1088.61607739
402.513384728 564.862025067 875.118920555
-533.812256669 474.426672566 1243.90219007
362.244623253 665.775035933 993.339562742
146.525891639 604.320022418 912.050545448
-396.028641643 411.19203178 754.574566815
362.07582423 560.564727219 929.38723736
451.188190477 708.87864247 1131.18157323
295.303688334 614.401016579 1226.5331886
311.933837514 619.112558647 1082.11751206
256.765210469 592.644720794 926.972464347
392.173748332 647.708838834 1057.04069074
382.875764448 609.906096868 998.99292523
404.867631044 600.832979983 1197.76785353
389.605361195 732.79855573 1234.80916412
231.216694839 441.666406028 1069.14489032
202.643083915 728.296104732 1218.55092236
289.823329756 569.279636346 1198.42472884
-34.6331190878 485.804631081 875.209024407
219.469564657 555.799701044 848.515287839
262.37410177 549.478157143 941.941950752
-556.984025433 632.265081553 1342.61141836
199.645827801 496.209744287 962.560205897
305.649791552 628.214284795 1351.02677498
-32.0163066924 423.160240913 1020.6305644
404.560351748 726.248008316 1079.56357478
422.469982802 677.408727913 934.815307875
417.965578117 671.98808313 1089.71946067
293.098945716 738.01067908 1309.3943117
383.919441794 602.84209232 812.697086404
358.019782202 646.581472193 1155.28192945
375.139912422 580.981306446 960.404872874
215.103473704 515.443206297 1003.36027564
273.614126574 603.824690527 976.326823894
166.627680792 618.643718789 1068.10800219
280.046198975 631.307898065 1327.50417264
195.651490752 627.817168613 995.912217745
388.856953252 900.756654818 1234.42485982
125.752285518 612.256407034 1004.77030238
329.122690475 588.703838252 805.704224116
460.656637933 648.784975941 882.661518003
245.718909991 614.277720731 1244.06854398
-92.7570224894 611.442010583 1339.04740959
422.430941863 579.019123807 894.650286384
359.639889117 731.100605074 1139.72434941
375.367949166 575.152285071 1089.09075738
403.517108585 659.791937445 1016.84184325
201.397872086 566.377876501 1113.99364036
264.759418275 600.664469401 1098.15756498
187.586498833 542.396459842 961.033246375
333.729763449 680.61060611 1193.98654283
338.557308775 718.931238598 1273.75694604
380.270340338 680.801408569 1028.66191729
326.513075407 590.994627605 830.739679137
435.480740125 659.525024689 1063.03902611
437.149740303 630.883441365 1054.79143655
390.130326379 656.074905719 1175.49460882
397.481874145 680.321639255 1006.92432673
389.536992655 675.030190572 966.622906024
247.564826081 582.138056656 1009.04867454
379.13255974 544.431853465 906.140604889
389.984740377 699.659740934 1140.53398024
382.001399327 563.099681193 881.638091553
293.902244137 651.192240873 1035.83404826
-548.557852672 515.896440746 1191.16127841
320.148658584 485.436573149 618.507109123
-367.189937163 405.842471515 916.445029432
-594.023719515 528.62369673 1087.91576973
363.185133652 630.827997412 1033.52116263
385.457397887 722.090796673 1177.91709741
300.14086853 602.193836096 1084.45489133
313.850540788 679.959949404 1018.98208024
239.253604077 751.811324247 1111.81109497
235.431733851 564.438411597 1053.47285439
258.512537487 608.022417977 1100.30856884
38.2454078431 563.790431146 1058.08918214
