-503.494062677 1462.5788223 2479.41054068
-716.457392862 1701.46335601 2469.20558168
-894.519660046 699.370814615 2482.45826652
-1398.75845504 1385.19788215 2459.66571215
-1850.95349148 917.704717246 2449.76300918
-1701.42258245 1646.40205686 2472.11888636
-783.005101894 816.480694693 2480.41131826
-2132.14071689 1259.90886898 2504.7750236
-1122.77006926 552.492920849 2492.11088531
-825.420939622 762.848070565 2455.26451778
-909.607355179 1310.6953378 2497.62322647
-2505.92075176 1267.37977835 2497.62732065
-525.796021149 1623.52768488 2508.64271263
-1441.71786998 675.08280921 2475.29831421
-776.013249351 1577.95740037 2522.7175521
201.83028318 1929.19046721 2513.64961329
-263.159275564 1945.61781789 2496.76344135
1874.45697148 2333.4652078 2513.19392891
-607.200977878 1782.07207769 2496.58639316
-711.264997556 1907.13762607 2511.64691103
-1230.48160998 1180.00876892 2502.50909828
-730.922894052 1583.30022505 2524.54269844
-800.932620916 1399.49231758 2526.65975697
-387.550364872 1658.49741338 2519.00903432
-854.685474677 1030.68811791 2504.80290722
-700.890952698 1870.53287646 2530.0319191
-711.324350006 1313.53386858 2527.97149502
-804.548142171 1819.01058559 2506.78166876
-597.634561356 1872.95069284 2538.40879282
-798.154277584 1496.14164617 2533.61259469
-1088.26700746 1777.20785953 2526.21269676
-569.545966772 1642.63789392 2524.00411987
-416.194143598 1647.70998221 2539.93185003
-723.4796355 942.199552573 2560.56514798
-751.854509999 1561.31697458 2549.11220724
-338.617331956 1555.15557433 2559.84601718
-311.708023093 1851.28370616 2591.6636078
-404.633137484 1550.08004982 2577.14301311
-1420.46156014 1781.56744839 2541.44076206
-666.353059545 1476.08326096 2616.67104907
-19.8758489153 1618.33872764 2579.98895048
-932.182636613 1661.62025425 2598.6047801
473.281476733 2040.14815199 2602.23750882
-1270.70762268 553.193153934 2309.73209152
-804.575667505 785.270167182 2562.80534122
-66.5266352368 1988.01407474 2642.06383505
1402.19867448 2361.80529651 2600.48180623
-1118.73926893 1379.8552297 2584.75416561
-405.413235446 1714.30013628 2613.81878531
-852.745288777 1973.83396527 2624.74776059
-267.379928125 1791.2499283 2608.80233429
2025.26031695 2422.19728052 2639.71196273
220.844757693 1764.35976336 2627.54480165
-1009.34157974 1224.25165434 2631.72684383
-1660.27160707 1451.97818595 2637.86109729
-895.139864914 1759.46540223 2630.16871856
-460.407515784 1503.00400596 2332.59888894
-1213.50529173 706.416535343 2590.5683865
-703.512519757 1320.32343688 2633.88170365
-639.878359417 1247.17742254 2616.7716533
352.011146293 2055.50773177 2637.98977873
-820.67453844 1780.80583909 2652.40866832
-233.020035153 1361.00561546 2323.29089366
-390.066219453 1722.31771729 2646.82780073
1122.72155893 1867.54844471 2641.99011195
-1161.99236621 1345.70226582 2621.43179452
-1581.44216584 1331.83209531 2615.80985
614.377134853 1755.84073179 2576.19931869
820.309128234 1947.96158609 2644.33994324
334.232872907 1800.7734509 2645.90827788
-936.811809589 1241.50648904 2645.46557943
-1330.09593504 1212.83362425 2665.39680959
-1039.7942792 1548.82732777 2681.49907171
-355.288086506 1626.64270246 2653.66350269
-1325.19942579 1354.89794092 2640.50153259
-10.6657709449 1943.2492049 2662.32648453
1402.28794803 2106.14311348 2656.37343
-329.397786173 1038.29836016 2613.44923015
-138.749559201 1341.90429941 2613.9880499
-655.981868767 1582.84549341 2641.04925348
-953.960893347 1255.57716206 2660.73154996
-572.266315538 1542.36023248 2673.24901347
-578.693688415 1756.44542535 2361.74796896
-909.867807608 1324.78668209 2668.02342285
-233.077983419 1521.55955336 2628.05493839
755.034944799 1612.51337233 2638.20346181
-612.716039375 1342.42426904 2642.81477341
-644.467412938 1723.26155964 2564.17927812
-447.846954281 1272.98731245 2672.47507604
-437.23424157 1114.65609408 2618.21067646
-903.787441641 1538.82943243 2679.29001234
471.801888146 1796.46074082 2646.97937241
-881.221504977 1387.09980389 2603.68823275
-1962.01656373 1239.19264034 2627.5050012
-117.950534355 1476.52526597 2663.77679484
-529.227437575 1720.8413284 2680.42935215
-1538.52360446 1314.80900281 2367.98581622
-55.5090381552 1368.12607603 2571.77330674
-795.014733469 1677.46924959 2644.50104879
-851.455589288 1466.34634829 2374.80507443
767.727990909 1689.54768137 2651.89724552
-33.3040414495 1639.2738722 2650.79637282
10.2977400477 2061.51332867 2661.22990648
443.25929902 1759.26451668 2666.29402176
252.254981001 2023.04217529 2687.48670481
-777.0470576 1700.41319326 2381.09829679
-1192.2320431 1325.14577504 2655.51999923
-1154.44243601 1199.50916867 2657.0693564
-1378.5394712 1146.58685338 2351.03777248
69.7400964665 1548.34215985 2693.74509887
-1345.12971222 1055.35998002 2371.96195984
273.558938207 1950.29654607 2662.32396653
-1273.26799379 1090.05036069 2627.11316983
-1333.96497264 1184.58153094 2671.86476934
-138.909356649 1738.14152859 2371.5831954
-1467.89570211 1841.75305959 2674.47737197
1272.44852505 2095.21228857 2680.73472056
-536.450629379 1196.67174627 2689.97514137
636.304446043 1754.35251427 2686.89645682
-1086.11248234 847.870722788 2671.90728494
683.19470712 1782.63546663 2665.67144719
-819.959636418 1562.9719424 2651.96617302
-461.348381339 1356.73440694 2662.01730303
-1444.13968379 1378.8958795 2634.45387652
-49.5676738281 1495.88874113 2686.45003251
-1421.68581368 1439.95294741 2683.32194118
709.115402425 1736.10623834 2690.42231511
-828.338118851 1884.04588758 2676.18936854
-809.997673863 1487.54958914 2654.04252691
477.232031643 1844.8297685 2658.41264436
-740.491351964 1319.68530616 2380.27973891
124.596842408 1915.78173355 2684.02897593
387.17200405 1667.89643635 2638.5727449
106.133308924 1533.66273664 2662.52800226
-248.420670589 1607.0421551 2651.0005468
-242.446027623 2045.79814893 2678.97601782
1642.65251431 2146.51028443 2701.84408004
1071.21145295 2073.02073309 2682.96269836
-977.357266368 1434.07790922 2693.14687841
-14.7638966648 1868.33247673 2654.57465543
-1489.42903518 1391.90859695 2673.21387425
-99.4361614329 1708.6383557 2673.97724937
-498.855141272 1505.61304293 2666.48792546
-1145.28388466 1209.97641287 2677.93645914
-368.489289416 1131.5235796 2651.43958966
-959.898270457 1995.89022149 2672.50664396
-834.176676048 1864.29933463 2679.89557606
965.694444521 1767.01422533 2637.8188789
372.118848907 1354.12029298 2638.84419117
-1165.72721559 1171.40638361 2672.89935312
-58.9203840541 1632.6976837 2662.76009836
1305.84274241 2147.91137187 2672.4989037
750.872921485 2226.08614554 2696.26613516
616.594886296 1850.37827073 2672.16118289
-907.562877535 1688.22672048 2685.75813986
766.004846714 2250.11612266 2672.50798038
97.1106089562 1459.08363128 2361.50613182
573.115563441 1992.00503821 2697.86677715
745.282421607 1869.27621831 2637.25949551
-305.63083032 1370.61043739 2682.34684237
-849.271274851 1151.54571899 2321.8303341
368.372861067 1768.98472732 2706.58211433
655.915736349 1688.56344847 2692.5657333
107.657905178 1512.99153028 2688.74301473
-90.4905755681 1638.40493089 2694.03175647
315.49219148 1450.19919821 2340.98562531
-1282.19896585 1860.4915576 2671.80723379
-1096.43185915 1083.32276192 2045.2644555
399.764462516 1658.99399286 2673.98551393
396.173694649 1671.42556028 2622.83769542
-58.8865877427 1413.69254773 2711.99477289
-907.117790683 901.011197897 2682.9309444
685.717731207 1878.50470893 2675.48637099
-1231.69785228 1005.41441573 2673.03840507
-524.068605205 1757.31035072 2684.72663481
-786.967308379 1440.31841451 2694.26275208
47.9231933825 1379.88697545 2685.96619707
400.718528033 1766.00839996 2659.1042411
124.145466188 1855.26732352 2693.84536183
-732.795365903 1520.66138531 2366.67554372
-763.644636825 1314.07148577 2383.15054049
-361.317377476 1775.49411651 2687.79455397
-880.175942355 1879.40243424 2679.1031996
-203.681785885 1739.0320378 2675.53907402
189.770462475 1787.25911626 2390.70837076
477.841529258 2085.83756389 2680.86553715
-266.235021776 1495.90235537 2375.06874737
-246.256143955 1811.74300279 2659.82101638
356.537819887 2073.4407662 2685.70457446
-582.078276324 1227.663194 2628.16700836
94.7851627574 1662.68626488 2649.15832791
707.85899084 1906.48246418 2654.02986701
75.1979665165 1378.21531567 2662.97898754
-397.652858569 1886.01459441 2692.86477147
707.317940456 2066.88812923 2663.25300662
-1458.21248999 1286.5277365 2673.69068043
-1137.14601388 1280.6862361 2658.43543486
1127.60323916 2185.69284475 2683.89948534
521.164323792 1930.10216463 2648.12372154
-1283.94416352 1580.53716093 2698.89729983
446.634449102 1852.70282079 2671.07695088
824.208988034 1642.04416501 2672.90339598
1173.63445994 1989.2950068 2643.96906126
-855.285543641 1429.97502414 2642.85926722
740.527082627 1884.86440007 2373.63390721
836.439438528 1870.53972094 2665.54576273
-437.994761517 1122.61001629 2630.41703896
1433.22127096 2033.02797292 2371.34050625
803.527914744 2072.28763038 2678.53195781
41.4106077997 1947.3942994 2684.00474645
2086.7886818 2473.25639073 2687.6110871
-320.669160517 1600.82335377 2677.44748641
481.776931988 1939.28916485 2663.82995725
-374.045996965 1449.42707453 2683.2222506
91.9115805774 1899.91745118 2713.17111531
1087.55041464 1963.87198716 2701.79407864
-1307.53703654 1566.20124526 2691.46588323
994.796649632 1919.97509543 2385.52081799
-1575.15709157 1453.71299503 2693.76941373
-168.350936274 1249.21808509 2693.32861903
1379.41785661 2028.76118038 2695.08699586
-831.611782629 1383.47553071 2718.15014798
352.692779233 1848.4471567 2707.739279
52.6574017549 1379.70232123 2660.85660734
-431.175075066 1357.82299269 2379.75839963
-876.714555576 1959.07036056 2704.86771705
-150.602065518 1850.47343543 2693.86070372
-788.445273412 1278.39596615 2691.62573471
-1525.0288216 1331.25724848 2687.15083628
232.509832265 2171.78985546 2709.78688624
-67.2335733843 1893.40397714 2686.81730983
-556.830606653 1260.37746952 2341.92904213
-1292.33803168 1503.87744331 2698.30090509
-486.33973083 1741.18165443 2666.98072901
499.409849757 1672.33943285 2404.53443405
-376.302765802 1643.16870643 2399.68966821
429.923009007 1533.43897656 2083.52228391
-1142.00362745 1497.01385484 2395.47552558
1409.97120975 2099.27480609 2697.40499992
-1313.41948894 1632.3213342 2706.28051328
-729.043953082 1137.24363687 2702.25286686
-705.453551542 1324.05968583 2681.38136271
-1295.61509555 1230.36857586 2674.13474678
794.48611622 1904.5429609 2667.58891905
-808.068491968 1543.02552038 2704.0805403
618.141774591 1854.80609592 2697.16999181
-314.829817842 1385.57621188 2686.4977081
-45.9701486914 1726.2710475 2702.77842823
474.180657773 1897.1581703 2704.16707317
968.242461223 2245.56194571 2705.79589971
-743.936984031 1626.63061062 2713.68225848
-365.842308363 1689.01504176 2695.85797029
846.232713533 1730.06792011 2683.77910191
1464.90954006 2181.46537558 2721.60427399
-353.619304992 1370.95518037 2680.29796635
885.868298633 2110.69116224 2722.92084731
569.384703239 1727.57342548 2708.17459381
1413.89057254 2270.08110183 2707.53735036
276.431595362 1744.3606334 2747.67029744
-820.424273542 1422.82522661 2713.14679629
351.938719396 1638.58806623 2715.2788229
-233.293025522 1414.29535658 2723.18538021
-14.9714845361 1567.67793893 2722.86337179
168.359135671 1653.14352332 2693.08450985
1120.8722187 2194.23229601 2708.61390224
1421.91598737 2170.90574454 2696.64193595
1385.75120538 2038.31842408 2401.62066463
498.808157645 1779.0301172 2706.1866203
-1382.04017707 1365.46101809 2405.58082706
-395.68069731 1776.74027273 2670.9904155
696.986046827 1980.0218118 2723.87226561
644.451033475 1859.23336851 2703.31623312
216.566882598 1671.88106735 2417.36044608
-179.8622043 1712.1019559 2722.58796647
-170.294553617 1463.21070404 2709.21860023
1045.79238523 1734.939939 2404.64069472
-627.633393345 1233.37035195 2701.5275095
-390.081631756 1567.75937179 2395.02651363
656.531860963 1869.20715058 2691.4048854
-3.08444200353 2036.4663065 2716.8305413
955.663734304 1799.97134716 2678.31042575
21.1761900775 2056.83555348 2417.70199823
88.1504977904 1613.67135979 2722.08825394
1140.03942827 2148.96589611 2693.78852204
-76.1443658505 1739.03769535 2380.40548284
-289.075357957 1110.80707451 2098.05605201
1461.53185128 2220.92675091 2706.85679269
210.783269702 1920.98639879 2412.64047671
-87.5045532522 1674.86868543 2699.51538286
-517.221338738 1714.18734353 2709.0092899
743.88731528 1733.70454357 2699.50420711
793.5433836 1896.1694839 2386.0512339
450.093061212 1639.2129746 2708.19489785
-5.28166384441 1846.54517694 2691.74115469
-915.823184041 1664.49731606 2707.58385702
-226.446701965 1556.8778154 2399.07469981
-1957.69255814 1278.02449479 2659.01456473
1090.56031005 1838.21241768 2720.83530792
338.690651081 1765.87925236 2694.18619168
203.900948472 1942.82400928 2699.12953122
-865.603133009 1617.05894365 2703.25601189
309.261034011 1748.05997893 2723.09826494
-487.084572605 1271.78308464 2675.31609917
719.078988747 1802.72936919 2718.9626462
-976.630564295 1123.28722374 2429.36616644
417.113722963 1994.91537889 2688.13432528
-944.683277192 1389.36550651 2392.11020428
-314.472745035 1905.19365089 2564.42775776
-510.213216644 2058.46196937 2693.39339693
-398.769301357 1534.36975928 2689.06052356
-211.526910056 1806.18108842 2628.88528123
309.688688598 1945.39923788 2709.79346879
-522.352968888 1658.52533743 2679.51051332
765.323402401 1655.39229824 2669.80648116
-335.091601115 1623.32663822 2705.74188827
1123.80717295 1951.2053431 2688.9170588
-88.0356960913 1901.33422597 2729.45586772
-301.649796856 1725.77722723 2678.55432138
1061.41194999 1902.30420696 2699.29443317
-341.14594681 1571.46935021 2673.88404265
124.192747957 1598.21105892 2702.36427729
415.77734324 2034.43631057 2715.88420181
186.434206993 1814.95522698 2683.4303925
427.389504566 2153.5792783 2690.75708601
161.057291886 1888.39150061 2715.44303028
1058.22704019 2019.93317677 2710.95847065
103.337545939 1605.48993782 2709.2142881
258.882672963 1773.47149386 2730.6385652
642.344531264 1909.19394099 2703.29924464
400.436524308 1351.5959035 2698.95838848
-281.693418817 1383.83308725 2711.96767233
-593.081228384 1585.81455541 2704.590899
115.207570814 1909.98279587 2702.7321791
1484.60648664 2058.28261828 2415.40231097
560.979513338 1766.94019288 2686.71417218
-684.743563726 1390.03296741 2709.97968434
710.34018929 1985.5818818 2709.96024468
-540.881034982 1247.66364413 2389.36220109
-591.843549891 1646.6469516 2696.56706751
-943.865510856 1437.85627271 2416.32922318
6.89220287453 1478.2168312 2386.54003775
364.117653635 1691.23767981 2696.91507643
701.036791092 2229.95379648 2717.28670088
925.392177209 2060.03633364 2686.76265581
496.299663408 1371.40406363 2385.14987009
-38.0140805531 1722.38002831 2707.63705587
-217.560154036 1405.76147862 2690.73246823
511.985504474 1630.72006972 2427.00937003
691.823141206 2094.98008223 2631.854367
-681.219525218 1923.75678139 2705.59973114
1047.46963661 1814.44733839 2706.81449859
1177.49655128 2080.44858194 2713.42209353
-133.249111455 1525.93862333 2659.25592115
1450.75024863 2137.99372387 2703.70099532
64.5567967799 1544.33296341 2700.61649998
-135.154254311 1695.75007564 2424.64487863
448.946349332 1769.28975031 2704.72648347
483.312384022 1762.0969504 2669.09549581
-16.5066904455 1498.12177873 2710.15275596
-126.425454834 1765.62423698 2399.88951242
671.942211859 2076.27991749 2686.14617097
-583.053469128 1787.3129837 2699.62621402
-85.2019317839 1562.63779458 2705.29199646
602.348852923 1780.54249829 2694.20602638
-210.40796055 1555.55404586 2698.84773234
64.9204708857 1651.75879168 2665.01961546
-221.146508296 1254.72464072 2368.36577455
1682.85175977 2466.67164062 2720.82002005
-886.544133151 1067.80300099 2701.71996379
738.600056758 1966.34100778 2711.34541146
663.708035128 1644.79612093 2311.08905659
-809.351260128 1746.83073868 2400.27237904
795.852274402 1724.70268087 2606.80357211
-389.737603222 1707.29285193 2708.31944783
441.151819117 2062.86766835 2700.23669591
-252.476289492 1564.84578247 2720.58203342
398.046439545 1694.52466471 2686.41262516
-251.764304104 1632.38514578 2671.93235041
1405.823623 2111.24057351 2679.23202263
358.041860209 1665.7858514 2680.68225257
1355.22521372 1915.92499183 2409.76953385
-818.23532147 1447.17776702 2701.09204933
169.030539689 1564.98596847 2679.1319954
897.697328809 1746.48988633 2421.39677868
-795.051759503 1900.32027078 2715.68354278
-190.39623302 1419.00749785 2707.62049755
-158.350217566 1792.61540542 2407.60011024
720.562679389 1834.85251325 2691.4380823
1202.88771156 2100.00319007 2700.91090694
327.504598205 2052.2467454 2705.43104306
1254.27545156 2194.79035546 2669.46535442
1055.83895709 1969.52990017 2693.98045832
675.17096031 1801.48497409 2682.5936987
-438.871708754 1727.17461429 2683.44367687
1065.63453002 1994.80225001 2674.62625933
-1085.15581325 1450.82907678 2658.2023563
-206.727755763 1525.95551451 2676.97568481
303.961365973 1642.14834569 2646.64471689
226.084242018 1880.50081918 2674.34138374
245.924040145 1556.95241172 2702.33305553
1100.65614131 2203.41830655 2696.90085389
-312.079493121 1609.35995245 2659.27019919
-462.079541621 1909.74846308 2712.04607989
1075.70465489 2063.29421722 2659.20066721
153.103784015 1725.36411603 2689.70395457
-1350.6199705 1598.90506205 2705.17409794
454.692080289 1786.37807774 2683.96112508
1025.01464303 1897.41325721 2726.9864698
-419.828704175 1843.65967337 2689.47787822
-1236.25744116 1052.10636175 2398.51584737
-1167.57643665 1300.60356139 2708.99257775
486.012533943 1645.41758808 2693.83493115
729.586704515 1901.92220834 2727.91129058
428.105489729 1948.99988862 2712.99782266
394.5985816 1845.96177612 2718.68406935
1048.82615445 1870.0003968 2709.4735037
-1003.2759887 1261.01674385 2415.28899666
689.285554566 1715.80575475 2396.05740573
-1042.07619174 1706.25573661 2685.2324885
44.1089604696 1575.92623589 2736.96835926
1438.66359607 2221.97506893 2716.9546359
-307.589352595 1648.66867972 2719.61574833
-969.029896766 1244.32269312 2714.86046431
1115.28618437 1978.62366753 2702.9294861
-104.235129894 1559.81088103 2702.77470928
1379.42606679 1974.71754534 2388.12766934
-924.519687269 1582.00956028 2734.40109075
-565.618898603 1674.13205336 2707.01316281
163.530212431 1985.29495583 2703.81817736
-848.260786383 1879.5108966 2703.18441425
1412.47266246 2215.32343526 2727.41855592
363.491825026 1670.56935271 2722.77459781
39.3124764817 1718.10041396 2711.97783973
917.709055612 2098.24692122 2716.90272171
1511.54964633 2138.08497799 2704.74294606
141.050876295 1838.40396644 2694.83227557
-240.869834867 1539.93804235 2401.31145581
-169.064134638 1658.98450993 2709.99973247
-411.122606454 1762.60325409 2690.03020024
-1110.57444532 1708.90528054 2708.27286671
1377.58530172 2036.03151806 2709.82298916
-571.176662757 1485.97556605 2684.00983077
-547.919813891 1629.82605243 2713.60161514
1729.06849657 2279.87875292 2694.80844496
-693.981937892 1962.94829472 2709.90657853
726.378985637 2067.09062687 2703.31038248
798.613139474 1794.33921325 2425.9795668
142.430158271 1844.81971931 2703.98342115
778.287604815 1710.19234446 2398.6063421
650.851895064 2121.63001581 2725.8256675
1081.84039156 2133.0485921 2712.86225387
735.732989614 1929.44011535 2715.58565749
804.839598372 2170.38789987 2712.9375341
433.845979078 1595.62177495 2406.66725467
514.876787703 1757.38714681 2712.67065604
431.156833046 1856.90950909 2709.07398357
1482.90664884 2015.51419881 2717.03766925
729.203411734 1982.62407098 2719.60851861
1002.90741101 1760.09587217 2378.06524078
-1000.20788807 1842.03633008 2732.08272011
768.691633868 2203.14116991 2717.60599978
-144.056634928 1337.40854155 2709.54301458
295.175973251 1801.33884702 2704.51852672
145.564954598 1716.99408395 2703.65546075
1028.36930301 2189.35198192 2687.77768508
782.021478736 1919.84077575 2704.0282822
-456.044099616 1612.22588042 2409.34328993
790.872815999 2201.72402099 2695.85190062
498.688841532 2185.00467165 2719.37976996
113.270177688 1801.38573854 2700.35587878
-260.124847096 1962.56459956 2684.87405146
-368.096410514 2011.11399572 2704.23718769
501.747915693 1883.05637833 2411.98542464
425.684974582 1644.59460985 2720.5435786
-692.422715878 1254.00129353 2679.40918218
413.158875298 1701.87193038 2694.87213742
-89.2500421448 1979.37550014 2686.63325044
-577.196305508 1586.10836262 2704.06631465
-191.191490128 2017.79029204 2708.54710045
344.283546717 1984.93428061 2700.20576684
-403.622061865 1545.22527125 2702.35121296
497.702295725 1714.41525442 2417.32741983
672.421593952 2056.65276516 2723.87434552
-96.4273384256 1553.41827865 2688.95641448
742.273894425 1906.56038959 2692.0711778
767.33586263 1759.08018942 2703.89698621
-885.227052049 1677.59422333 2720.89198999
1450.54080282 2230.11312982 2704.30542681
0.87756686963 1747.54163458 2693.43603558
1042.26104139 1966.52388295 2723.51366934
472.604488389 1933.69674033 2695.23406172
37.8073713229 1591.95858905 2699.26074771
-1826.21034385 1277.18765748 2707.39624547
1048.11285194 1842.73641145 2675.1216965
97.1942303838 1945.20184398 2704.55375351
-728.361595301 1515.28725294 2718.04610824
1294.15150421 2166.28586064 2729.382594
-509.608634077 1576.42164602 2690.13774605
825.228186559 1981.93170305 2725.80917294
1154.19588613 2274.8605794 2730.33770666
-387.717148925 1479.16609863 2709.91417812
545.024621251 1610.21291325 2732.42069732
271.078936943 1671.39792914 2742.67755336
761.383523867 2046.94187297 2717.01812008
807.998173885 1919.00314133 2426.60726688
1140.22493901 1898.65906631 2426.67937526
-189.7526958 1544.15480185 2429.56532793
-7.56591591082 1456.73002631 2437.84911935
765.472624319 1732.84712055 2723.52591511
1423.81148685 2430.28008911 2748.75414564
-1245.43383175 1346.31220399 2680.155078
409.982185701 1988.01542023 2729.00688666
28.9619333752 1883.54847711 2747.44044227
815.207255036 1868.55493676 2724.8514289
413.162685233 1852.6365494 2736.0531966
-321.640817478 1404.63495786 2421.6509749
743.067084695 1829.96573096 2697.65493041
-617.255215116 1810.35900589 2726.51526963
596.143164994 2001.24223509 2728.15808666
-226.874482469 1463.79112646 2707.77722516
527.058541454 1698.95024632 2717.5182992
747.573238846 2101.81826646 2690.02048808
-147.470288092 1981.29510531 2718.26110302
58.4678009722 2053.29699291 2714.93047082
-698.016954479 1711.60814212 2696.37407862
-625.014685919 1622.28287182 2716.32468497
1439.06260592 2131.06349976 2679.61671035
1737.87906381 2295.10637826 2717.25629335
-436.103527435 1908.43503176 2722.82036486
797.241737246 1993.66830228 2699.69769038
-598.505155122 1438.27680778 2716.90201032
848.55502419 1926.58265397 2729.68862998
702.280716802 1977.33152341 2721.32765928
676.276238882 2030.2440907 2698.32007168
477.582083498 1921.55065292 2728.88002265
861.167332398 2010.04511259 2739.87550058
433.4108284 1619.19803776 2719.95319707
1131.0852994 2076.12138444 2726.44708826
1450.43800867 2167.67828757 2738.59266838
467.140571635 1842.67748508 2690.82259061
366.482769694 1754.53860771 2420.18746097
1141.43806003 1996.1425116 2708.55190607
-335.419350906 1607.30480538 2716.1314456
658.403185679 1948.25751954 2697.96610446
679.292553711 2055.44786562 2688.89480159
-291.778515707 1689.09897823 2429.08433395
710.962865873 1978.26408456 2706.27826038
1147.65278845 2087.44447494 2729.29102907
780.786203869 2013.92027352 2729.26580378
36.840599072 2059.43114436 2727.9909117
479.980876616 1658.14314013 2716.79470134
1473.06827897 2168.10323892 2701.45851691
81.4143761044 1889.45090809 2736.51856786
1163.9291511 1992.24369917 2689.95873496
1110.83696006 1820.37926877 2683.47653997
408.023386882 1973.49309591 2723.55098454
-812.302382804 1649.06413859 2736.00803199
805.774925365 2043.94004725 2708.78887511
-428.173373962 1721.75544131 2717.03102767
-70.751075641 1741.83030825 2756.31560644
1125.90963449 2140.67067789 2718.88294816
1431.04807604 2272.99958107 2730.66821946
-101.348885424 1699.7148738 2715.37751858
699.754383718 2033.22548497 2731.79320714
731.686042641 1884.23038442 2710.98337024
-609.92922655 1729.49249462 2724.62674333
-929.564664135 1706.11185139 2720.71422843
728.369974232 2015.88775986 2699.71585969
1166.54541139 2206.47103778 2712.8927076
503.036335042 1996.20824111 2735.6779987
1462.44370515 2122.32620435 2719.6809113
719.387463428 1983.11818989 2731.93740153
-133.017071148 1732.06833169 2663.33318878
796.581015609 1878.2376938 2408.98353756
-392.837830278 1838.20130722 2709.35770372
50.4747614246 2051.78642414 2727.97800371
753.978328686 1964.74500074 2686.84472309
-862.048999921 1494.96804046 2699.6768598
748.35670366 1901.47074092 2420.28185689
1704.5111147 2165.68896947 2715.78768046
825.146349544 2047.32876047 2712.30264562
784.368322113 1829.42896572 2659.49246175
-549.130333072 1784.59920106 2711.27508019
257.637770664 2120.2512432 2718.13932831
831.580571136 2049.06903837 2731.44161187
149.794047623 1729.5006868 2738.12129869
-335.96850116 1993.46312226 2714.21823333
1144.32246517 2253.7427493 2731.38099567
206.37874621 1750.81069304 2705.52244548
-470.851896548 1963.08299827 2720.71793113
759.988397262 2210.68018322 2728.2329862
411.198946884 1882.13166488 2443.73194392
424.823174324 2141.61664802 2714.47800298
-340.706184668 1626.19814394 2739.89675452
148.90025433 1739.59743009 2717.27318045
-661.379745515 1587.3690257 2709.37860416
163.202661223 1758.36678422 2436.02117092
1065.71593215 2199.88958302 2726.49917093
-583.879307154 1967.31716056 2702.7506221
595.935206191 1863.01758024 2417.6898588
-6.32118752806 1505.6479045 2707.75766574
1038.31920895 2028.9252723 2701.89031632
1504.15207724 2017.52269729 2725.60750076
440.341287617 1937.72775287 2451.76697622
629.100836508 2043.75292596 2730.48613969
1409.76256802 2082.0171213 2706.9976031
-1064.49777277 1300.95241436 2429.62702604
378.922297421 1645.36617199 2427.92385823
143.582214854 1809.26274321 2689.92535458
-104.449185143 1847.7876106 2657.71622856
1127.67715036 2093.58820756 2726.63041301
1357.79240701 2099.49607162 2738.78942214
445.580891659 1786.44428912 2721.69739316
1492.40717984 2280.384701 2728.90113583
12.5840286455 1629.74820471 2410.33941558
713.486736886 2164.85127743 2733.09170395
-203.908929402 1764.36018452 2738.22002001
1416.26014157 2017.4697021 2721.60560172
-321.164823679 1664.22845595 2697.63848916
-871.229577009 1691.46418982 2730.15373316
966.413934659 2052.59600114 2700.18826121
233.107713748 1834.49080667 2740.52215628
1154.83534204 2134.95854678 2751.10114632
735.9133161 1828.09838425 2735.37914076
-447.198165523 2041.54967444 2747.84361061
1477.21863191 2127.624619 2753.07409894
1400.69987774 2240.90711356 2723.33061786
1468.87593979 2066.83727788 2737.48222578
1057.47933261 1845.75940431 2737.03592391
-185.087766786 1844.13678166 2741.49583182
-318.582129125 1833.93327592 2732.15931529
1117.84111764 1839.59944361 2746.78487142
1186.61214424 2142.06640623 2739.17580757
362.817544162 1727.58209938 2425.73949147
1161.3583597 1871.31481494 2734.93231545
551.003823182 1601.68399692 2752.82509115
441.397205891 1540.76903804 2733.13573079
665.197871577 1713.06957271 2735.74446104
755.833863974 1798.02707685 2721.01095517
438.063566135 2023.39136432 2749.00263881
